<?xml version="1.0" encoding="UTF-8"?>
<testsuite name="ParallelWeb" tests="16" skipped="0" failures="2" errors="0" timestamp="2017-09-26T10:02:25" hostname="nb-lironav-macosx.local" time="290.869">
  <properties/>
  <testcase name="searchGoogle" classname="ParallelWeb" time="8.375"/>
  <testcase name="searchGoogle" classname="ParallelWeb" time="6.327"/>
  <testcase name="searchGoogle" classname="ParallelWeb" time="5.861"/>
  <testcase name="searchGoogle" classname="ParallelWeb" time="4.272"/>
  <testcase name="searchGoogle" classname="ParallelWeb" time="8.328"/>
  <testcase name="way2automation" classname="ParallelWeb" time="125.861"/>
  <testcase name="way2automation" classname="ParallelWeb" time="106.47"/>
  <testcase name="way2automation" classname="ParallelWeb" time="127.507">
    <failure message="org.openqa.selenium.NoSuchElementException: no such element: Unable to locate element: {&quot;method&quot;:&quot;xpath&quot;,&quot;selector&quot;:&quot;//*[@id=&quot;register_form&quot;]/fieldset[1]/p[1]/input&quot;}&#10;  (Session info: chrome=60.0.3112.113)&#10;  (Driver info: chromedriver=2.29.461591 (62ebf098771772160f391d75e589dc567915b233),platform=Windows NT 6.3.9600 x86_64) (WARNING: The server did not provide any stacktrace information)&#10;Command duration or timeout: 30.16 seconds&#10;For documentation on this error, please visit: http://seleniumhq.org/exceptions/no_such_element.html&#10;Build info: version: '3.0.1', revision: '1969d75', time: '2016-10-18 09:48:19 -0700'&#10;System info: host: 'WIN-IC756491859', ip: '100.123.173.5', os.name: 'Windows Server 2012 R2', os.arch: 'amd64', os.version: '6.3', java.version: '1.8.0_66'&#10;Driver info: org.openqa.selenium.chrome.ChromeDriver&#10;Capabilities [{applicationCacheEnabled=false, rotatable=false, mobileEmulationEnabled=false, networkConnectionEnabled=false, chrome={chromedriverVersion=2.29.461591 (62ebf098771772160f391d75e589dc567915b233), userDataDir=C:\Users\Perfecto\AppData\Local\Temp\1\scoped_dir2384_1049}, takesHeapSnapshot=true, pageLoadStrategy=normal, databaseEnabled=false, handlesAlerts=true, hasTouchScreen=false, version=60.0.3112.113, platform=WIN8_1, browserConnectionEnabled=false, nativeEvents=true, acceptSslCerts=true, locationContextEnabled=true, webStorageEnabled=true, browserName=chrome, takesScreenshot=true, javascriptEnabled=true, cssSelectorsEnabled=true, unexpectedAlertBehaviour=}]&#10;Session ID: 2aa532c91bdbd9cf84b2dad0e42826b4&#10;*** Element info: {Using=xpath, value=//*[@id=&quot;register_form&quot;]/fieldset[1]/p[1]/input}&#10;For documentation on this error, please visit: http://seleniumhq.org/exceptions/no_such_element.html&#10;Build info: version: '3.4.0', revision: 'unknown', time: 'unknown'&#10;System info: host: 'd76ceeb50c34', ip: '172.18.0.4', os.name: 'Linux', os.arch: 'amd64', os.version: '4.4.0-47-generic', java.version: '1.8.0_102'&#10;Driver info: driver.version: EventFiringWebDriver&#10;Command duration or timeout: 32.58 seconds&#10;For documentation on this error, please visit: http://seleniumhq.org/exceptions/no_such_element.html&#10;Build info: version: '2.53.0', revision: '35ae25b1534ae328c771e0856c93e187490ca824', time: '2016-03-15 10:43:46'&#10;System info: host: 'nb-lironav-macosx.local', ip: '172.30.200.82', os.name: 'Mac OS X', os.arch: 'x86_64', os.version: '10.12.5', java.version: '1.8.0_121'&#10;Driver info: org.openqa.selenium.remote.RemoteWebDriver&#10;Capabilities [{reportPdfUrl=https://branchtest.reporting.perfectomobile.com/export/api/v1/test-executions/pdf?externalId[0]=lirona@perfectomobile.com_ParallelWeb_17-09-26_10_01_49_150&amp;_timestamp[0]=1506420109353, deviceName=1_3F93FB71-8A3F-40FD-9550-CEAC8B74E258, platform=ANY, password=, platformVersion=8.1, browserVersion=latest, host=branchtest.perfectomobile.com, singleTestReportUrl=https://branchtest.reporting.perfectomobile.com?externalId[0]=lirona@perfectomobile.com_ParallelWeb_17-09-26_10_01_49_150&amp;_timestamp[0]=1506420109353, browserName=Chrome, takesScreenshot=true, javascriptEnabled=true, platformName=Windows, rotatable=true, testGridReportUrl=https://branchtest.reporting.perfectomobile.com?externalId[0]=lirona@perfectomobile.com_ParallelWeb_17-09-26_10_01_49_150&amp;_timestamp[0]=1506420109353, entityType=remote_web_driver, serverConnector=, securityToken=, executionId=lirona@perfectomobile.com_ParallelWeb_17-09-26_10_01_49_150, webdriver.remote.sessionid=bd4c83dd-b9d3-4ad2-9259-43a8e935cecf, locationContextEnabled=true, scriptName=ParallelWeb, location=null, reportKey=lirona@perfectomobile.com_ParallelWeb_17-09-26_10_01_49_150, windTunnelReportUrl=https://branchtest.reporting.perfectomobile.com?externalId[0]=lirona@perfectomobile.com_ParallelWeb_17-09-26_10_01_49_150&amp;_timestamp[0]=1506420109353, user=, cssSelectorsEnabled=true}]&#10;Session ID: bd4c83dd-b9d3-4ad2-9259-43a8e935cecf&#10;*** Element info: {Using=xpath, value=//*[@id=&quot;register_form&quot;]/fieldset[1]/p[1]/input}" type="org.openqa.selenium.NoSuchElementException">org.openqa.selenium.NoSuchElementException: no such element: Unable to locate element: {&quot;method&quot;:&quot;xpath&quot;,&quot;selector&quot;:&quot;//*[@id=&quot;register_form&quot;]/fieldset[1]/p[1]/input&quot;}
  (Session info: chrome=60.0.3112.113)
  (Driver info: chromedriver=2.29.461591 (62ebf098771772160f391d75e589dc567915b233),platform=Windows NT 6.3.9600 x86_64) (WARNING: The server did not provide any stacktrace information)
Command duration or timeout: 30.16 seconds
For documentation on this error, please visit: http://seleniumhq.org/exceptions/no_such_element.html
Build info: version: '3.0.1', revision: '1969d75', time: '2016-10-18 09:48:19 -0700'
System info: host: 'WIN-IC756491859', ip: '100.123.173.5', os.name: 'Windows Server 2012 R2', os.arch: 'amd64', os.version: '6.3', java.version: '1.8.0_66'
Driver info: org.openqa.selenium.chrome.ChromeDriver
Capabilities [{applicationCacheEnabled=false, rotatable=false, mobileEmulationEnabled=false, networkConnectionEnabled=false, chrome={chromedriverVersion=2.29.461591 (62ebf098771772160f391d75e589dc567915b233), userDataDir=C:\Users\Perfecto\AppData\Local\Temp\1\scoped_dir2384_1049}, takesHeapSnapshot=true, pageLoadStrategy=normal, databaseEnabled=false, handlesAlerts=true, hasTouchScreen=false, version=60.0.3112.113, platform=WIN8_1, browserConnectionEnabled=false, nativeEvents=true, acceptSslCerts=true, locationContextEnabled=true, webStorageEnabled=true, browserName=chrome, takesScreenshot=true, javascriptEnabled=true, cssSelectorsEnabled=true, unexpectedAlertBehaviour=}]
Session ID: 2aa532c91bdbd9cf84b2dad0e42826b4
*** Element info: {Using=xpath, value=//*[@id=&quot;register_form&quot;]/fieldset[1]/p[1]/input}
For documentation on this error, please visit: http://seleniumhq.org/exceptions/no_such_element.html
Build info: version: '3.4.0', revision: 'unknown', time: 'unknown'
System info: host: 'd76ceeb50c34', ip: '172.18.0.4', os.name: 'Linux', os.arch: 'amd64', os.version: '4.4.0-47-generic', java.version: '1.8.0_102'
Driver info: driver.version: EventFiringWebDriver
Command duration or timeout: 32.58 seconds
For documentation on this error, please visit: http://seleniumhq.org/exceptions/no_such_element.html
Build info: version: '2.53.0', revision: '35ae25b1534ae328c771e0856c93e187490ca824', time: '2016-03-15 10:43:46'
System info: host: 'nb-lironav-macosx.local', ip: '172.30.200.82', os.name: 'Mac OS X', os.arch: 'x86_64', os.version: '10.12.5', java.version: '1.8.0_121'
Driver info: org.openqa.selenium.remote.RemoteWebDriver
Capabilities [{reportPdfUrl=https://branchtest.reporting.perfectomobile.com/export/api/v1/test-executions/pdf?externalId[0]=lirona@perfectomobile.com_ParallelWeb_17-09-26_10_01_49_150&amp;_timestamp[0]=1506420109353, deviceName=1_3F93FB71-8A3F-40FD-9550-CEAC8B74E258, platform=ANY, password=, platformVersion=8.1, browserVersion=latest, host=branchtest.perfectomobile.com, singleTestReportUrl=https://branchtest.reporting.perfectomobile.com?externalId[0]=lirona@perfectomobile.com_ParallelWeb_17-09-26_10_01_49_150&amp;_timestamp[0]=1506420109353, browserName=Chrome, takesScreenshot=true, javascriptEnabled=true, platformName=Windows, rotatable=true, testGridReportUrl=https://branchtest.reporting.perfectomobile.com?externalId[0]=lirona@perfectomobile.com_ParallelWeb_17-09-26_10_01_49_150&amp;_timestamp[0]=1506420109353, entityType=remote_web_driver, serverConnector=, securityToken=, executionId=lirona@perfectomobile.com_ParallelWeb_17-09-26_10_01_49_150, webdriver.remote.sessionid=bd4c83dd-b9d3-4ad2-9259-43a8e935cecf, locationContextEnabled=true, scriptName=ParallelWeb, location=null, reportKey=lirona@perfectomobile.com_ParallelWeb_17-09-26_10_01_49_150, windTunnelReportUrl=https://branchtest.reporting.perfectomobile.com?externalId[0]=lirona@perfectomobile.com_ParallelWeb_17-09-26_10_01_49_150&amp;_timestamp[0]=1506420109353, user=, cssSelectorsEnabled=true}]
Session ID: bd4c83dd-b9d3-4ad2-9259-43a8e935cecf
*** Element info: {Using=xpath, value=//*[@id=&quot;register_form&quot;]/fieldset[1]/p[1]/input}
	at sun.reflect.NativeConstructorAccessorImpl.newInstance0(Native Method)
	at sun.reflect.NativeConstructorAccessorImpl.newInstance(NativeConstructorAccessorImpl.java:62)
	at sun.reflect.DelegatingConstructorAccessorImpl.newInstance(DelegatingConstructorAccessorImpl.java:45)
	at java.lang.reflect.Constructor.newInstance(Constructor.java:423)
	at org.openqa.selenium.remote.ErrorHandler.createThrowable(ErrorHandler.java:206)
	at org.openqa.selenium.remote.ErrorHandler.throwIfResponseFailed(ErrorHandler.java:158)
	at org.openqa.selenium.remote.RemoteWebDriver.execute(RemoteWebDriver.java:678)
	at org.openqa.selenium.remote.RemoteWebDriver.findElement(RemoteWebDriver.java:363)
	at org.openqa.selenium.remote.RemoteWebDriver.findElementByXPath(RemoteWebDriver.java:500)
	at ParallelWeb.way2automation(ParallelWeb.java:96)
	at sun.reflect.NativeMethodAccessorImpl.invoke0(Native Method)
	at sun.reflect.NativeMethodAccessorImpl.invoke(NativeMethodAccessorImpl.java:62)
	at sun.reflect.DelegatingMethodAccessorImpl.invoke(DelegatingMethodAccessorImpl.java:43)
	at java.lang.reflect.Method.invoke(Method.java:498)
	at org.testng.internal.MethodInvocationHelper.invokeMethod(MethodInvocationHelper.java:86)
	at org.testng.internal.Invoker.invokeMethod(Invoker.java:643)
	at org.testng.internal.Invoker.invokeTestMethod(Invoker.java:820)
	at org.testng.internal.Invoker.invokeTestMethods(Invoker.java:1128)
	at org.testng.internal.TestMethodWorker.invokeTestMethods(TestMethodWorker.java:129)
	at org.testng.internal.TestMethodWorker.run(TestMethodWorker.java:112)
	at org.testng.TestRunner.privateRun(TestRunner.java:782)
	at org.testng.TestRunner.run(TestRunner.java:632)
	at org.testng.SuiteRunner.runTest(SuiteRunner.java:366)
	at org.testng.SuiteRunner.access$000(SuiteRunner.java:39)
	at org.testng.SuiteRunner$SuiteWorker.run(SuiteRunner.java:400)
	at org.testng.internal.thread.ThreadUtil$2.call(ThreadUtil.java:64)
	at java.util.concurrent.FutureTask.run(FutureTask.java:266)
	at java.util.concurrent.ThreadPoolExecutor.runWorker(ThreadPoolExecutor.java:1142)
	at java.util.concurrent.ThreadPoolExecutor$Worker.run(ThreadPoolExecutor.java:617)
	at java.lang.Thread.run(Thread.java:745)
Caused by: org.openqa.selenium.NoSuchElementException: no such element: Unable to locate element: {&quot;method&quot;:&quot;xpath&quot;,&quot;selector&quot;:&quot;//*[@id=&quot;register_form&quot;]/fieldset[1]/p[1]/input&quot;}
  (Session info: chrome=60.0.3112.113)
  (Driver info: chromedriver=2.29.461591 (62ebf098771772160f391d75e589dc567915b233),platform=Windows NT 6.3.9600 x86_64) (WARNING: The server did not provide any stacktrace information)
Command duration or timeout: 30.16 seconds
For documentation on this error, please visit: http://seleniumhq.org/exceptions/no_such_element.html
Build info: version: '3.0.1', revision: '1969d75', time: '2016-10-18 09:48:19 -0700'
System info: host: 'WIN-IC756491859', ip: '100.123.173.5', os.name: 'Windows Server 2012 R2', os.arch: 'amd64', os.version: '6.3', java.version: '1.8.0_66'
Driver info: org.openqa.selenium.chrome.ChromeDriver
Capabilities [{applicationCacheEnabled=false, rotatable=false, mobileEmulationEnabled=false, networkConnectionEnabled=false, chrome={chromedriverVersion=2.29.461591 (62ebf098771772160f391d75e589dc567915b233), userDataDir=C:\Users\Perfecto\AppData\Local\Temp\1\scoped_dir2384_1049}, takesHeapSnapshot=true, pageLoadStrategy=normal, databaseEnabled=false, handlesAlerts=true, hasTouchScreen=false, version=60.0.3112.113, platform=WIN8_1, browserConnectionEnabled=false, nativeEvents=true, acceptSslCerts=true, locationContextEnabled=true, webStorageEnabled=true, browserName=chrome, takesScreenshot=true, javascriptEnabled=true, cssSelectorsEnabled=true, unexpectedAlertBehaviour=}]
Session ID: 2aa532c91bdbd9cf84b2dad0e42826b4
*** Element info: {Using=xpath, value=//*[@id=&quot;register_form&quot;]/fieldset[1]/p[1]/input}
For documentation on this error, please visit: http://seleniumhq.org/exceptions/no_such_element.html
Build info: version: '3.4.0', revision: 'unknown', time: 'unknown'
System info: host: 'd76ceeb50c34', ip: '172.18.0.4', os.name: 'Linux', os.arch: 'amd64', os.version: '4.4.0-47-generic', java.version: '1.8.0_102'
Driver info: driver.version: EventFiringWebDriver
For documentation on this error, please visit: http://seleniumhq.org/exceptions/no_such_element.html
Build info: version: '2.53.0', revision: '35ae25b1534ae328c771e0856c93e187490ca824', time: '2016-03-15 10:43:46'
System info: host: 'nb-lironav-macosx.local', ip: '172.30.200.82', os.name: 'Mac OS X', os.arch: 'x86_64', os.version: '10.12.5', java.version: '1.8.0_121'
Driver info: driver.version: EventFiringWebDriver
	at sun.reflect.NativeConstructorAccessorImpl.newInstance0(Native Method)
	at sun.reflect.NativeConstructorAccessorImpl.newInstance(Unknown Source)
	at sun.reflect.DelegatingConstructorAccessorImpl.newInstance(Unknown Source)
	at java.lang.reflect.Constructor.newInstance(Unknown Source)
	at org.openqa.selenium.remote.ErrorHandler.createThrowable(ErrorHandler.java:216)
	at org.openqa.selenium.remote.ErrorHandler.throwIfResponseFailed(ErrorHandler.java:168)
	at org.openqa.selenium.remote.RemoteWebDriver.execute(RemoteWebDriver.java:635)
	at org.openqa.selenium.remote.RemoteWebDriver.findElement(RemoteWebDriver.java:368)
	at org.openqa.selenium.remote.RemoteWebDriver.findElementByXPath(RemoteWebDriver.java:473)
	at org.openqa.selenium.By$ByXPath.findElement(By.java:361)
	at org.openqa.selenium.remote.RemoteWebDriver.findElement(RemoteWebDriver.java:360)
	at sun.reflect.NativeMethodAccessorImpl.invoke0(Native Method)
	at sun.reflect.NativeMethodAccessorImpl.invoke(Unknown Source)
	at sun.reflect.DelegatingMethodAccessorImpl.invoke(Unknown Source)
	at java.lang.reflect.Method.invoke(Unknown Source)
	at org.openqa.selenium.support.events.EventFiringWebDriver$2.invoke(EventFiringWebDriver.java:103)
	at com.sun.proxy.$Proxy4.findElement(Unknown Source)
	at org.openqa.selenium.support.events.EventFiringWebDriver.findElement(EventFiringWebDriver.java:187)
	at org.openqa.selenium.remote.server.handler.FindElement.call(FindElement.java:48)
	at org.openqa.selenium.remote.server.handler.FindElement.call(FindElement.java:33)
	at java.util.concurrent.FutureTask.run(Unknown Source)
	at org.openqa.selenium.remote.server.DefaultSession$1.run(DefaultSession.java:176)
	at java.util.concurrent.ThreadPoolExecutor.runWorker(Unknown Source)
	at java.util.concurrent.ThreadPoolExecutor$Worker.run(Unknown Source)
	at java.lang.Thread.run(Unknown Source)
</failure>
  </testcase>
  <testcase name="way2automation" classname="ParallelWeb" time="145.627">
    <failure message="org.openqa.selenium.NoSuchElementException: no such element: Unable to locate element: {&quot;method&quot;:&quot;xpath&quot;,&quot;selector&quot;:&quot;//*[@id=&quot;register_form&quot;]/fieldset[1]/p[1]/input&quot;}&#10;  (Session info: chrome=60.0.3112.113)&#10;  (Driver info: chromedriver=2.29.461591 (62ebf098771772160f391d75e589dc567915b233),platform=Windows NT 10.0.14393 x86_64) (WARNING: The server did not provide any stacktrace information)&#10;Command duration or timeout: 30.06 seconds&#10;For documentation on this error, please visit: http://seleniumhq.org/exceptions/no_such_element.html&#10;Build info: version: '3.0.1', revision: '1969d75', time: '2016-10-18 09:48:19 -0700'&#10;System info: host: 'EC2AMAZ-B32CD9M', ip: '100.123.156.74', os.name: 'Windows NT (unknown)', os.arch: 'amd64', os.version: '10.0', java.version: '1.8.0_66'&#10;Driver info: org.openqa.selenium.chrome.ChromeDriver&#10;Capabilities [{applicationCacheEnabled=false, rotatable=false, mobileEmulationEnabled=false, networkConnectionEnabled=false, chrome={chromedriverVersion=2.29.461591 (62ebf098771772160f391d75e589dc567915b233), userDataDir=C:\Users\Perfecto\AppData\Local\Temp\1\scoped_dir4556_5151}, takesHeapSnapshot=true, pageLoadStrategy=normal, databaseEnabled=false, handlesAlerts=true, hasTouchScreen=false, version=60.0.3112.113, platform=XP, browserConnectionEnabled=false, nativeEvents=true, acceptSslCerts=true, locationContextEnabled=true, webStorageEnabled=true, browserName=chrome, takesScreenshot=true, javascriptEnabled=true, cssSelectorsEnabled=true, unexpectedAlertBehaviour=}]&#10;Session ID: ffa02529d4368c9f8c50713893a30e81&#10;*** Element info: {Using=xpath, value=//*[@id=&quot;register_form&quot;]/fieldset[1]/p[1]/input}&#10;For documentation on this error, please visit: http://seleniumhq.org/exceptions/no_such_element.html&#10;Build info: version: '3.4.0', revision: 'unknown', time: 'unknown'&#10;System info: host: 'd76ceeb50c34', ip: '172.18.0.4', os.name: 'Linux', os.arch: 'amd64', os.version: '4.4.0-47-generic', java.version: '1.8.0_102'&#10;Driver info: driver.version: EventFiringWebDriver&#10;Command duration or timeout: 32.18 seconds&#10;For documentation on this error, please visit: http://seleniumhq.org/exceptions/no_such_element.html&#10;Build info: version: '2.53.0', revision: '35ae25b1534ae328c771e0856c93e187490ca824', time: '2016-03-15 10:43:46'&#10;System info: host: 'nb-lironav-macosx.local', ip: '172.30.200.82', os.name: 'Mac OS X', os.arch: 'x86_64', os.version: '10.12.5', java.version: '1.8.0_121'&#10;Driver info: org.openqa.selenium.remote.RemoteWebDriver&#10;Capabilities [{reportPdfUrl=https://branchtest.reporting.perfectomobile.com/export/api/v1/test-executions/pdf?externalId[0]=lirona@perfectomobile.com_ParallelWeb_17-09-26_10_01_49_148&amp;_timestamp[0]=1506420109338, deviceName=1_9E804A49-964D-4B95-AC3E-A724815CEFA1, platform=ANY, password=, platformVersion=10, browserVersion=latest, host=branchtest.perfectomobile.com, singleTestReportUrl=https://branchtest.reporting.perfectomobile.com?externalId[0]=lirona@perfectomobile.com_ParallelWeb_17-09-26_10_01_49_148&amp;_timestamp[0]=1506420109338, browserName=Chrome, takesScreenshot=true, javascriptEnabled=true, platformName=Windows, rotatable=true, testGridReportUrl=https://branchtest.reporting.perfectomobile.com?externalId[0]=lirona@perfectomobile.com_ParallelWeb_17-09-26_10_01_49_148&amp;_timestamp[0]=1506420109338, entityType=remote_web_driver, serverConnector=, securityToken=, executionId=lirona@perfectomobile.com_ParallelWeb_17-09-26_10_01_49_148, webdriver.remote.sessionid=9653146c-9d83-4061-80ff-76b8ef1fd249, locationContextEnabled=true, scriptName=ParallelWeb, location=null, reportKey=lirona@perfectomobile.com_ParallelWeb_17-09-26_10_01_49_148, windTunnelReportUrl=https://branchtest.reporting.perfectomobile.com?externalId[0]=lirona@perfectomobile.com_ParallelWeb_17-09-26_10_01_49_148&amp;_timestamp[0]=1506420109338, user=, cssSelectorsEnabled=true}]&#10;Session ID: 9653146c-9d83-4061-80ff-76b8ef1fd249&#10;*** Element info: {Using=xpath, value=//*[@id=&quot;register_form&quot;]/fieldset[1]/p[1]/input}" type="org.openqa.selenium.NoSuchElementException">org.openqa.selenium.NoSuchElementException: no such element: Unable to locate element: {&quot;method&quot;:&quot;xpath&quot;,&quot;selector&quot;:&quot;//*[@id=&quot;register_form&quot;]/fieldset[1]/p[1]/input&quot;}
  (Session info: chrome=60.0.3112.113)
  (Driver info: chromedriver=2.29.461591 (62ebf098771772160f391d75e589dc567915b233),platform=Windows NT 10.0.14393 x86_64) (WARNING: The server did not provide any stacktrace information)
Command duration or timeout: 30.06 seconds
For documentation on this error, please visit: http://seleniumhq.org/exceptions/no_such_element.html
Build info: version: '3.0.1', revision: '1969d75', time: '2016-10-18 09:48:19 -0700'
System info: host: 'EC2AMAZ-B32CD9M', ip: '100.123.156.74', os.name: 'Windows NT (unknown)', os.arch: 'amd64', os.version: '10.0', java.version: '1.8.0_66'
Driver info: org.openqa.selenium.chrome.ChromeDriver
Capabilities [{applicationCacheEnabled=false, rotatable=false, mobileEmulationEnabled=false, networkConnectionEnabled=false, chrome={chromedriverVersion=2.29.461591 (62ebf098771772160f391d75e589dc567915b233), userDataDir=C:\Users\Perfecto\AppData\Local\Temp\1\scoped_dir4556_5151}, takesHeapSnapshot=true, pageLoadStrategy=normal, databaseEnabled=false, handlesAlerts=true, hasTouchScreen=false, version=60.0.3112.113, platform=XP, browserConnectionEnabled=false, nativeEvents=true, acceptSslCerts=true, locationContextEnabled=true, webStorageEnabled=true, browserName=chrome, takesScreenshot=true, javascriptEnabled=true, cssSelectorsEnabled=true, unexpectedAlertBehaviour=}]
Session ID: ffa02529d4368c9f8c50713893a30e81
*** Element info: {Using=xpath, value=//*[@id=&quot;register_form&quot;]/fieldset[1]/p[1]/input}
For documentation on this error, please visit: http://seleniumhq.org/exceptions/no_such_element.html
Build info: version: '3.4.0', revision: 'unknown', time: 'unknown'
System info: host: 'd76ceeb50c34', ip: '172.18.0.4', os.name: 'Linux', os.arch: 'amd64', os.version: '4.4.0-47-generic', java.version: '1.8.0_102'
Driver info: driver.version: EventFiringWebDriver
Command duration or timeout: 32.18 seconds
For documentation on this error, please visit: http://seleniumhq.org/exceptions/no_such_element.html
Build info: version: '2.53.0', revision: '35ae25b1534ae328c771e0856c93e187490ca824', time: '2016-03-15 10:43:46'
System info: host: 'nb-lironav-macosx.local', ip: '172.30.200.82', os.name: 'Mac OS X', os.arch: 'x86_64', os.version: '10.12.5', java.version: '1.8.0_121'
Driver info: org.openqa.selenium.remote.RemoteWebDriver
Capabilities [{reportPdfUrl=https://branchtest.reporting.perfectomobile.com/export/api/v1/test-executions/pdf?externalId[0]=lirona@perfectomobile.com_ParallelWeb_17-09-26_10_01_49_148&amp;_timestamp[0]=1506420109338, deviceName=1_9E804A49-964D-4B95-AC3E-A724815CEFA1, platform=ANY, password=, platformVersion=10, browserVersion=latest, host=branchtest.perfectomobile.com, singleTestReportUrl=https://branchtest.reporting.perfectomobile.com?externalId[0]=lirona@perfectomobile.com_ParallelWeb_17-09-26_10_01_49_148&amp;_timestamp[0]=1506420109338, browserName=Chrome, takesScreenshot=true, javascriptEnabled=true, platformName=Windows, rotatable=true, testGridReportUrl=https://branchtest.reporting.perfectomobile.com?externalId[0]=lirona@perfectomobile.com_ParallelWeb_17-09-26_10_01_49_148&amp;_timestamp[0]=1506420109338, entityType=remote_web_driver, serverConnector=, securityToken=, executionId=lirona@perfectomobile.com_ParallelWeb_17-09-26_10_01_49_148, webdriver.remote.sessionid=9653146c-9d83-4061-80ff-76b8ef1fd249, locationContextEnabled=true, scriptName=ParallelWeb, location=null, reportKey=lirona@perfectomobile.com_ParallelWeb_17-09-26_10_01_49_148, windTunnelReportUrl=https://branchtest.reporting.perfectomobile.com?externalId[0]=lirona@perfectomobile.com_ParallelWeb_17-09-26_10_01_49_148&amp;_timestamp[0]=1506420109338, user=, cssSelectorsEnabled=true}]
Session ID: 9653146c-9d83-4061-80ff-76b8ef1fd249
*** Element info: {Using=xpath, value=//*[@id=&quot;register_form&quot;]/fieldset[1]/p[1]/input}
	at sun.reflect.NativeConstructorAccessorImpl.newInstance0(Native Method)
	at sun.reflect.NativeConstructorAccessorImpl.newInstance(NativeConstructorAccessorImpl.java:62)
	at sun.reflect.DelegatingConstructorAccessorImpl.newInstance(DelegatingConstructorAccessorImpl.java:45)
	at java.lang.reflect.Constructor.newInstance(Constructor.java:423)
	at org.openqa.selenium.remote.ErrorHandler.createThrowable(ErrorHandler.java:206)
	at org.openqa.selenium.remote.ErrorHandler.throwIfResponseFailed(ErrorHandler.java:158)
	at org.openqa.selenium.remote.RemoteWebDriver.execute(RemoteWebDriver.java:678)
	at org.openqa.selenium.remote.RemoteWebDriver.findElement(RemoteWebDriver.java:363)
	at org.openqa.selenium.remote.RemoteWebDriver.findElementByXPath(RemoteWebDriver.java:500)
	at ParallelWeb.way2automation(ParallelWeb.java:96)
	at sun.reflect.NativeMethodAccessorImpl.invoke0(Native Method)
	at sun.reflect.NativeMethodAccessorImpl.invoke(NativeMethodAccessorImpl.java:62)
	at sun.reflect.DelegatingMethodAccessorImpl.invoke(DelegatingMethodAccessorImpl.java:43)
	at java.lang.reflect.Method.invoke(Method.java:498)
	at org.testng.internal.MethodInvocationHelper.invokeMethod(MethodInvocationHelper.java:86)
	at org.testng.internal.Invoker.invokeMethod(Invoker.java:643)
	at org.testng.internal.Invoker.invokeTestMethod(Invoker.java:820)
	at org.testng.internal.Invoker.invokeTestMethods(Invoker.java:1128)
	at org.testng.internal.TestMethodWorker.invokeTestMethods(TestMethodWorker.java:129)
	at org.testng.internal.TestMethodWorker.run(TestMethodWorker.java:112)
	at org.testng.TestRunner.privateRun(TestRunner.java:782)
	at org.testng.TestRunner.run(TestRunner.java:632)
	at org.testng.SuiteRunner.runTest(SuiteRunner.java:366)
	at org.testng.SuiteRunner.access$000(SuiteRunner.java:39)
	at org.testng.SuiteRunner$SuiteWorker.run(SuiteRunner.java:400)
	at org.testng.internal.thread.ThreadUtil$2.call(ThreadUtil.java:64)
	at java.util.concurrent.FutureTask.run(FutureTask.java:266)
	at java.util.concurrent.ThreadPoolExecutor.runWorker(ThreadPoolExecutor.java:1142)
	at java.util.concurrent.ThreadPoolExecutor$Worker.run(ThreadPoolExecutor.java:617)
	at java.lang.Thread.run(Thread.java:745)
Caused by: org.openqa.selenium.NoSuchElementException: no such element: Unable to locate element: {&quot;method&quot;:&quot;xpath&quot;,&quot;selector&quot;:&quot;//*[@id=&quot;register_form&quot;]/fieldset[1]/p[1]/input&quot;}
  (Session info: chrome=60.0.3112.113)
  (Driver info: chromedriver=2.29.461591 (62ebf098771772160f391d75e589dc567915b233),platform=Windows NT 10.0.14393 x86_64) (WARNING: The server did not provide any stacktrace information)
Command duration or timeout: 30.06 seconds
For documentation on this error, please visit: http://seleniumhq.org/exceptions/no_such_element.html
Build info: version: '3.0.1', revision: '1969d75', time: '2016-10-18 09:48:19 -0700'
System info: host: 'EC2AMAZ-B32CD9M', ip: '100.123.156.74', os.name: 'Windows NT (unknown)', os.arch: 'amd64', os.version: '10.0', java.version: '1.8.0_66'
Driver info: org.openqa.selenium.chrome.ChromeDriver
Capabilities [{applicationCacheEnabled=false, rotatable=false, mobileEmulationEnabled=false, networkConnectionEnabled=false, chrome={chromedriverVersion=2.29.461591 (62ebf098771772160f391d75e589dc567915b233), userDataDir=C:\Users\Perfecto\AppData\Local\Temp\1\scoped_dir4556_5151}, takesHeapSnapshot=true, pageLoadStrategy=normal, databaseEnabled=false, handlesAlerts=true, hasTouchScreen=false, version=60.0.3112.113, platform=XP, browserConnectionEnabled=false, nativeEvents=true, acceptSslCerts=true, locationContextEnabled=true, webStorageEnabled=true, browserName=chrome, takesScreenshot=true, javascriptEnabled=true, cssSelectorsEnabled=true, unexpectedAlertBehaviour=}]
Session ID: ffa02529d4368c9f8c50713893a30e81
*** Element info: {Using=xpath, value=//*[@id=&quot;register_form&quot;]/fieldset[1]/p[1]/input}
For documentation on this error, please visit: http://seleniumhq.org/exceptions/no_such_element.html
Build info: version: '3.4.0', revision: 'unknown', time: 'unknown'
System info: host: 'd76ceeb50c34', ip: '172.18.0.4', os.name: 'Linux', os.arch: 'amd64', os.version: '4.4.0-47-generic', java.version: '1.8.0_102'
Driver info: driver.version: EventFiringWebDriver
For documentation on this error, please visit: http://seleniumhq.org/exceptions/no_such_element.html
Build info: version: '2.53.0', revision: '35ae25b1534ae328c771e0856c93e187490ca824', time: '2016-03-15 10:43:46'
System info: host: 'nb-lironav-macosx.local', ip: '172.30.200.82', os.name: 'Mac OS X', os.arch: 'x86_64', os.version: '10.12.5', java.version: '1.8.0_121'
Driver info: driver.version: EventFiringWebDriver
	at sun.reflect.NativeConstructorAccessorImpl.newInstance0(Native Method)
	at sun.reflect.NativeConstructorAccessorImpl.newInstance(Unknown Source)
	at sun.reflect.DelegatingConstructorAccessorImpl.newInstance(Unknown Source)
	at java.lang.reflect.Constructor.newInstance(Unknown Source)
	at org.openqa.selenium.remote.ErrorHandler.createThrowable(ErrorHandler.java:216)
	at org.openqa.selenium.remote.ErrorHandler.throwIfResponseFailed(ErrorHandler.java:168)
	at org.openqa.selenium.remote.RemoteWebDriver.execute(RemoteWebDriver.java:635)
	at org.openqa.selenium.remote.RemoteWebDriver.findElement(RemoteWebDriver.java:368)
	at org.openqa.selenium.remote.RemoteWebDriver.findElementByXPath(RemoteWebDriver.java:473)
	at org.openqa.selenium.By$ByXPath.findElement(By.java:361)
	at org.openqa.selenium.remote.RemoteWebDriver.findElement(RemoteWebDriver.java:360)
	at sun.reflect.NativeMethodAccessorImpl.invoke0(Native Method)
	at sun.reflect.NativeMethodAccessorImpl.invoke(Unknown Source)
	at sun.reflect.DelegatingMethodAccessorImpl.invoke(Unknown Source)
	at java.lang.reflect.Method.invoke(Unknown Source)
	at org.openqa.selenium.support.events.EventFiringWebDriver$2.invoke(EventFiringWebDriver.java:103)
	at com.sun.proxy.$Proxy4.findElement(Unknown Source)
	at org.openqa.selenium.support.events.EventFiringWebDriver.findElement(EventFiringWebDriver.java:187)
	at org.openqa.selenium.remote.server.handler.FindElement.call(FindElement.java:48)
	at org.openqa.selenium.remote.server.handler.FindElement.call(FindElement.java:33)
	at java.util.concurrent.FutureTask.run(Unknown Source)
	at org.openqa.selenium.remote.server.DefaultSession$1.run(DefaultSession.java:176)
	at java.util.concurrent.ThreadPoolExecutor.runWorker(Unknown Source)
	at java.util.concurrent.ThreadPoolExecutor$Worker.run(Unknown Source)
	at java.lang.Thread.run(Unknown Source)
</failure>
  </testcase>
  <testcase name="way2automation" classname="ParallelWeb" time="133.052"/>
  <testcase name="searchGoogle" classname="ParallelWeb" time="1.953"/>
  <testcase name="searchGoogle" classname="ParallelWeb" time="4.041"/>
  <testcase name="searchGoogle" classname="ParallelWeb" time="9.103"/>
  <testcase name="way2automation" classname="ParallelWeb" time="109.985"/>
  <testcase name="way2automation" classname="ParallelWeb" time="90.768"/>
  <testcase name="way2automation" classname="ParallelWeb" time="97.903"/>
  <system-out><![CDATA[<2017-09-26 13:02:25> DEBUG [o.a.h.c.p.RequestAddCookies] CookieSpec selected: default
<2017-09-26 13:02:25> DEBUG [o.a.h.c.p.RequestAddCookies] Cookie [version: 0][name: JSESSIONID][value: 27EB45499251C70336AF3FC9E711F534][domain: branchtest.perfectomobile.com][path: /nexperience/][expiry: null] match [(secure)branchtest.perfectomobile.com:443/nexperience/perfectomobile/wd/hub/session/0f3f5f1e-acfb-4373-a011-faaf2224e779/url]
<2017-09-26 13:02:25> DEBUG [o.a.h.c.p.RequestAddCookies] Cookie [version: 0][name: fast_failed][value: true][domain: branchtest.perfectomobile.com][path: /nexperience/perfectomobile/wd/hub][expiry: null] match [(secure)branchtest.perfectomobile.com:443/nexperience/perfectomobile/wd/hub/session/0f3f5f1e-acfb-4373-a011-faaf2224e779/url]
<2017-09-26 13:02:25> DEBUG [o.a.h.c.p.RequestAddCookies] Cookie [version: 0][name: fast_failed][value: true][domain: branchtest.perfectomobile.com][path: /nexperience/perfectomobile/wd/hub/session/0f3f5f1e-acfb-4373-a011-faaf2224e779][expiry: null] match [(secure)branchtest.perfectomobile.com:443/nexperience/perfectomobile/wd/hub/session/0f3f5f1e-acfb-4373-a011-faaf2224e779/url]
<2017-09-26 13:02:25> DEBUG [o.a.h.c.p.RequestAuthCache] Auth cache not set in the context
<2017-09-26 13:02:25> DEBUG [o.a.h.i.c.PoolingHttpClientConnectionManager] Connection request: [route: {s}->https://branchtest.perfectomobile.com:443][total kept alive: 1; route allocated: 5 of 2000; total allocated: 5 of 2000]
<2017-09-26 13:02:25> DEBUG [o.a.h.i.c.PoolingHttpClientConnectionManager] Connection leased: [id: 2][route: {s}->https://branchtest.perfectomobile.com:443][total kept alive: 0; route allocated: 5 of 2000; total allocated: 5 of 2000]
<2017-09-26 13:02:25> DEBUG [o.a.h.i.execchain.MainClientExec] Stale connection check
<2017-09-26 13:02:25> DEBUG [org.apache.http.wire] http-outgoing-2 << "[read] I/O error: Read timed out"
<2017-09-26 13:02:25> DEBUG [o.a.h.i.c.DefaultManagedHttpClientConnection] http-outgoing-2: set socket timeout to 10800000
<2017-09-26 13:02:25> DEBUG [o.a.h.i.execchain.MainClientExec] Executing request POST /nexperience/perfectomobile/wd/hub/session/0f3f5f1e-acfb-4373-a011-faaf2224e779/url HTTP/1.1
<2017-09-26 13:02:25> DEBUG [o.a.h.i.execchain.MainClientExec] Target auth state: UNCHALLENGED
<2017-09-26 13:02:25> DEBUG [o.a.h.i.execchain.MainClientExec] Proxy auth state: UNCHALLENGED
<2017-09-26 13:02:25> DEBUG [org.apache.http.headers] http-outgoing-2 >> POST /nexperience/perfectomobile/wd/hub/session/0f3f5f1e-acfb-4373-a011-faaf2224e779/url HTTP/1.1
<2017-09-26 13:02:25> DEBUG [org.apache.http.headers] http-outgoing-2 >> Content-Type: application/json; charset=utf-8
<2017-09-26 13:02:25> DEBUG [org.apache.http.headers] http-outgoing-2 >> Content-Length: 31
<2017-09-26 13:02:25> DEBUG [org.apache.http.headers] http-outgoing-2 >> Host: branchtest.perfectomobile.com
<2017-09-26 13:02:25> DEBUG [org.apache.http.headers] http-outgoing-2 >> Connection: Keep-Alive
<2017-09-26 13:02:25> DEBUG [org.apache.http.headers] http-outgoing-2 >> User-Agent: Apache-HttpClient/4.5.2 (Java/1.8.0_121)
<2017-09-26 13:02:25> DEBUG [org.apache.http.headers] http-outgoing-2 >> Cookie: JSESSIONID=27EB45499251C70336AF3FC9E711F534; fast_failed=true; fast_failed=true
<2017-09-26 13:02:25> DEBUG [org.apache.http.headers] http-outgoing-2 >> Accept-Encoding: gzip,deflate
<2017-09-26 13:02:25> DEBUG [org.apache.http.wire] http-outgoing-2 >> "POST /nexperience/perfectomobile/wd/hub/session/0f3f5f1e-acfb-4373-a011-faaf2224e779/url HTTP/1.1[\r][\n]"
<2017-09-26 13:02:25> DEBUG [org.apache.http.wire] http-outgoing-2 >> "Content-Type: application/json; charset=utf-8[\r][\n]"
<2017-09-26 13:02:25> DEBUG [org.apache.http.wire] http-outgoing-2 >> "Content-Length: 31[\r][\n]"
<2017-09-26 13:02:25> DEBUG [org.apache.http.wire] http-outgoing-2 >> "Host: branchtest.perfectomobile.com[\r][\n]"
<2017-09-26 13:02:25> DEBUG [org.apache.http.wire] http-outgoing-2 >> "Connection: Keep-Alive[\r][\n]"
<2017-09-26 13:02:25> DEBUG [org.apache.http.wire] http-outgoing-2 >> "User-Agent: Apache-HttpClient/4.5.2 (Java/1.8.0_121)[\r][\n]"
<2017-09-26 13:02:25> DEBUG [org.apache.http.wire] http-outgoing-2 >> "Cookie: JSESSIONID=27EB45499251C70336AF3FC9E711F534; fast_failed=true; fast_failed=true[\r][\n]"
<2017-09-26 13:02:25> DEBUG [org.apache.http.wire] http-outgoing-2 >> "Accept-Encoding: gzip,deflate[\r][\n]"
<2017-09-26 13:02:25> DEBUG [org.apache.http.wire] http-outgoing-2 >> "[\r][\n]"
<2017-09-26 13:02:25> DEBUG [org.apache.http.wire] http-outgoing-2 >> "{"url":"http://www.google.com"}"
<2017-09-26 13:02:29> DEBUG [org.apache.http.wire] http-outgoing-2 << "HTTP/1.1 200 OK[\r][\n]"
<2017-09-26 13:02:29> DEBUG [org.apache.http.wire] http-outgoing-2 << "Server: nginx[\r][\n]"
<2017-09-26 13:02:29> DEBUG [org.apache.http.wire] http-outgoing-2 << "Date: Tue, 26 Sep 2017 10:02:25 GMT[\r][\n]"
<2017-09-26 13:02:29> DEBUG [org.apache.http.wire] http-outgoing-2 << "Content-Type: application/json;charset=utf-8[\r][\n]"
<2017-09-26 13:02:29> DEBUG [org.apache.http.wire] http-outgoing-2 << "Transfer-Encoding: chunked[\r][\n]"
<2017-09-26 13:02:29> DEBUG [org.apache.http.wire] http-outgoing-2 << "Connection: keep-alive[\r][\n]"
<2017-09-26 13:02:29> DEBUG [org.apache.http.wire] http-outgoing-2 << "Set-Cookie: JSESSIONID=27EB45499251C70336AF3FC9E711F534; Path=/nexperience/; HttpOnly[\r][\n]"
<2017-09-26 13:02:29> DEBUG [org.apache.http.wire] http-outgoing-2 << "Expires: Thu, 01 Jan 1970 00:00:00 GMT[\r][\n]"
<2017-09-26 13:02:29> DEBUG [org.apache.http.wire] http-outgoing-2 << "Cache-Control: no-cache[\r][\n]"
<2017-09-26 13:02:29> DEBUG [org.apache.http.wire] http-outgoing-2 << "Cache-Control: no-cache[\r][\n]"
<2017-09-26 13:02:29> DEBUG [org.apache.http.wire] http-outgoing-2 << "Expires: Thu, 01 Jan 1970 00:00:00 GMT[\r][\n]"
<2017-09-26 13:02:29> DEBUG [org.apache.http.wire] http-outgoing-2 << "Set-Cookie: fast_failed=true[\r][\n]"
<2017-09-26 13:02:29> DEBUG [org.apache.http.wire] http-outgoing-2 << "X-XSS-Protection: 2; mode=block[\r][\n]"
<2017-09-26 13:02:29> DEBUG [org.apache.http.wire] http-outgoing-2 << "Content-Encoding: gzip[\r][\n]"
<2017-09-26 13:02:29> DEBUG [org.apache.http.wire] http-outgoing-2 << "[\r][\n]"
<2017-09-26 13:02:29> DEBUG [org.apache.http.wire] http-outgoing-2 << "96[\r][\n]"
<2017-09-26 13:02:29> DEBUG [org.apache.http.wire] http-outgoing-2 << "[0x1f][0x8b][0x8][0x0][0x0][0x0][0x0][0x0][0x0][0x3]-[0xcc];[0xe][0xc2]0[0x10]E[0xd1][0xbd]L[0x1d][[0xfe]$X[0xa4][0xa5][0xa2]e[0x7][0x83]3[0x86]H[0x8e][0x1d]26[\r]b[0xef]LA{u[0xde][0xfb][0x0][0x13][0xf3]Z[0xcb]u[0x81][0x19]L[0xf2]iJ[0x96][0x14][0xc6]tW[0xa3][0xf]^[0xa1][0xb1]V%[0xc4][0xe4][0x9c][0x1b])[0x84]3[0xc][0xc0][\r][0x1b][0x9][0xe7][0x1e][0xa3][0xac][0xa5]</u[0x91]bO[0xc1]Y?yk[0x6]xc[0xee][0x92]J[0xcf]y[0x80][0x98]Q[0xdc][0xc][0xf5]x[0xe8][0xba]Sy[0xa1]f[0xca]T[0xd6][0xbe][0xe9][0x83][0xb6][0xda]H[0xdf][0x88][0xf7]Z[0x98][0xfe][0xff]][0xb8][0xf9][0xfe][0x0][0xef][0x3][0xaf][0xfe][0x9f][0x0][0x0][0x0][\r][\n]"
<2017-09-26 13:02:29> DEBUG [org.apache.http.wire] http-outgoing-2 << "0[\r][\n]"
<2017-09-26 13:02:29> DEBUG [org.apache.http.wire] http-outgoing-2 << "[\r][\n]"
<2017-09-26 13:02:29> DEBUG [org.apache.http.headers] http-outgoing-2 << HTTP/1.1 200 OK
<2017-09-26 13:02:29> DEBUG [org.apache.http.headers] http-outgoing-2 << Server: nginx
<2017-09-26 13:02:29> DEBUG [org.apache.http.headers] http-outgoing-2 << Date: Tue, 26 Sep 2017 10:02:25 GMT
<2017-09-26 13:02:29> DEBUG [org.apache.http.headers] http-outgoing-2 << Content-Type: application/json;charset=utf-8
<2017-09-26 13:02:29> DEBUG [org.apache.http.headers] http-outgoing-2 << Transfer-Encoding: chunked
<2017-09-26 13:02:29> DEBUG [org.apache.http.headers] http-outgoing-2 << Connection: keep-alive
<2017-09-26 13:02:29> DEBUG [org.apache.http.headers] http-outgoing-2 << Set-Cookie: JSESSIONID=27EB45499251C70336AF3FC9E711F534; Path=/nexperience/; HttpOnly
<2017-09-26 13:02:29> DEBUG [org.apache.http.headers] http-outgoing-2 << Expires: Thu, 01 Jan 1970 00:00:00 GMT
<2017-09-26 13:02:29> DEBUG [org.apache.http.headers] http-outgoing-2 << Cache-Control: no-cache
<2017-09-26 13:02:29> DEBUG [org.apache.http.headers] http-outgoing-2 << Cache-Control: no-cache
<2017-09-26 13:02:29> DEBUG [org.apache.http.headers] http-outgoing-2 << Expires: Thu, 01 Jan 1970 00:00:00 GMT
<2017-09-26 13:02:29> DEBUG [org.apache.http.headers] http-outgoing-2 << Set-Cookie: fast_failed=true
<2017-09-26 13:02:29> DEBUG [org.apache.http.headers] http-outgoing-2 << X-XSS-Protection: 2; mode=block
<2017-09-26 13:02:29> DEBUG [org.apache.http.headers] http-outgoing-2 << Content-Encoding: gzip
<2017-09-26 13:02:29> DEBUG [o.a.h.i.execchain.MainClientExec] Connection can be kept alive indefinitely
<2017-09-26 13:02:29> DEBUG [o.a.h.c.p.ResponseProcessCookies] Cookie accepted [JSESSIONID="27EB45499251C70336AF3FC9E711F534", version:0, domain:branchtest.perfectomobile.com, path:/nexperience/, expiry:null]
<2017-09-26 13:02:29> DEBUG [o.a.h.c.p.ResponseProcessCookies] Cookie accepted [fast_failed="true", version:0, domain:branchtest.perfectomobile.com, path:/nexperience/perfectomobile/wd/hub/session/0f3f5f1e-acfb-4373-a011-faaf2224e779, expiry:null]
<2017-09-26 13:02:29> DEBUG [o.a.h.i.c.PoolingHttpClientConnectionManager] Connection [id: 2][route: {s}->https://branchtest.perfectomobile.com:443] can be kept alive indefinitely
<2017-09-26 13:02:29> DEBUG [o.a.h.i.c.PoolingHttpClientConnectionManager] Connection released: [id: 2][route: {s}->https://branchtest.perfectomobile.com:443][total kept alive: 1; route allocated: 5 of 2000; total allocated: 5 of 2000]
<2017-09-26 13:02:29> DEBUG [o.a.h.c.p.RequestAddCookies] CookieSpec selected: default
<2017-09-26 13:02:29> DEBUG [o.a.h.c.p.RequestAddCookies] Cookie [version: 0][name: JSESSIONID][value: 27EB45499251C70336AF3FC9E711F534][domain: branchtest.perfectomobile.com][path: /nexperience/][expiry: null] match [(secure)branchtest.perfectomobile.com:443/nexperience/perfectomobile/wd/hub/session/0f3f5f1e-acfb-4373-a011-faaf2224e779/element]
<2017-09-26 13:02:29> DEBUG [o.a.h.c.p.RequestAddCookies] Cookie [version: 0][name: fast_failed][value: true][domain: branchtest.perfectomobile.com][path: /nexperience/perfectomobile/wd/hub][expiry: null] match [(secure)branchtest.perfectomobile.com:443/nexperience/perfectomobile/wd/hub/session/0f3f5f1e-acfb-4373-a011-faaf2224e779/element]
<2017-09-26 13:02:29> DEBUG [o.a.h.c.p.RequestAddCookies] Cookie [version: 0][name: fast_failed][value: true][domain: branchtest.perfectomobile.com][path: /nexperience/perfectomobile/wd/hub/session/0f3f5f1e-acfb-4373-a011-faaf2224e779][expiry: null] match [(secure)branchtest.perfectomobile.com:443/nexperience/perfectomobile/wd/hub/session/0f3f5f1e-acfb-4373-a011-faaf2224e779/element]
<2017-09-26 13:02:29> DEBUG [o.a.h.c.p.RequestAuthCache] Auth cache not set in the context
<2017-09-26 13:02:29> DEBUG [o.a.h.i.c.PoolingHttpClientConnectionManager] Connection request: [route: {s}->https://branchtest.perfectomobile.com:443][total kept alive: 1; route allocated: 5 of 2000; total allocated: 5 of 2000]
<2017-09-26 13:02:29> DEBUG [o.a.h.i.c.PoolingHttpClientConnectionManager] Connection leased: [id: 2][route: {s}->https://branchtest.perfectomobile.com:443][total kept alive: 0; route allocated: 5 of 2000; total allocated: 5 of 2000]
<2017-09-26 13:02:29> DEBUG [o.a.h.i.execchain.MainClientExec] Stale connection check
<2017-09-26 13:02:29> DEBUG [org.apache.http.wire] http-outgoing-2 << "[read] I/O error: Read timed out"
<2017-09-26 13:02:29> DEBUG [o.a.h.i.c.DefaultManagedHttpClientConnection] http-outgoing-2: set socket timeout to 10800000
<2017-09-26 13:02:29> DEBUG [o.a.h.i.execchain.MainClientExec] Executing request POST /nexperience/perfectomobile/wd/hub/session/0f3f5f1e-acfb-4373-a011-faaf2224e779/element HTTP/1.1
<2017-09-26 13:02:29> DEBUG [o.a.h.i.execchain.MainClientExec] Target auth state: UNCHALLENGED
<2017-09-26 13:02:29> DEBUG [o.a.h.i.execchain.MainClientExec] Proxy auth state: UNCHALLENGED
<2017-09-26 13:02:29> DEBUG [org.apache.http.headers] http-outgoing-2 >> POST /nexperience/perfectomobile/wd/hub/session/0f3f5f1e-acfb-4373-a011-faaf2224e779/element HTTP/1.1
<2017-09-26 13:02:29> DEBUG [org.apache.http.headers] http-outgoing-2 >> Content-Type: application/json; charset=utf-8
<2017-09-26 13:02:29> DEBUG [org.apache.http.headers] http-outgoing-2 >> Content-Length: 28
<2017-09-26 13:02:29> DEBUG [org.apache.http.headers] http-outgoing-2 >> Host: branchtest.perfectomobile.com
<2017-09-26 13:02:29> DEBUG [org.apache.http.headers] http-outgoing-2 >> Connection: Keep-Alive
<2017-09-26 13:02:29> DEBUG [org.apache.http.headers] http-outgoing-2 >> User-Agent: Apache-HttpClient/4.5.2 (Java/1.8.0_121)
<2017-09-26 13:02:29> DEBUG [org.apache.http.headers] http-outgoing-2 >> Cookie: JSESSIONID=27EB45499251C70336AF3FC9E711F534; fast_failed=true; fast_failed=true
<2017-09-26 13:02:29> DEBUG [org.apache.http.headers] http-outgoing-2 >> Accept-Encoding: gzip,deflate
<2017-09-26 13:02:29> DEBUG [org.apache.http.wire] http-outgoing-2 >> "POST /nexperience/perfectomobile/wd/hub/session/0f3f5f1e-acfb-4373-a011-faaf2224e779/element HTTP/1.1[\r][\n]"
<2017-09-26 13:02:29> DEBUG [org.apache.http.wire] http-outgoing-2 >> "Content-Type: application/json; charset=utf-8[\r][\n]"
<2017-09-26 13:02:29> DEBUG [org.apache.http.wire] http-outgoing-2 >> "Content-Length: 28[\r][\n]"
<2017-09-26 13:02:29> DEBUG [org.apache.http.wire] http-outgoing-2 >> "Host: branchtest.perfectomobile.com[\r][\n]"
<2017-09-26 13:02:29> DEBUG [org.apache.http.wire] http-outgoing-2 >> "Connection: Keep-Alive[\r][\n]"
<2017-09-26 13:02:29> DEBUG [org.apache.http.wire] http-outgoing-2 >> "User-Agent: Apache-HttpClient/4.5.2 (Java/1.8.0_121)[\r][\n]"
<2017-09-26 13:02:29> DEBUG [org.apache.http.wire] http-outgoing-2 >> "Cookie: JSESSIONID=27EB45499251C70336AF3FC9E711F534; fast_failed=true; fast_failed=true[\r][\n]"
<2017-09-26 13:02:29> DEBUG [org.apache.http.wire] http-outgoing-2 >> "Accept-Encoding: gzip,deflate[\r][\n]"
<2017-09-26 13:02:29> DEBUG [org.apache.http.wire] http-outgoing-2 >> "[\r][\n]"
<2017-09-26 13:02:29> DEBUG [org.apache.http.wire] http-outgoing-2 >> "{"using":"name","value":"q"}"
<2017-09-26 13:02:30> DEBUG [org.apache.http.wire] http-outgoing-2 << "HTTP/1.1 200 OK[\r][\n]"
<2017-09-26 13:02:30> DEBUG [org.apache.http.wire] http-outgoing-2 << "Server: nginx[\r][\n]"
<2017-09-26 13:02:30> DEBUG [org.apache.http.wire] http-outgoing-2 << "Date: Tue, 26 Sep 2017 10:02:26 GMT[\r][\n]"
<2017-09-26 13:02:30> DEBUG [org.apache.http.wire] http-outgoing-2 << "Content-Type: application/json;charset=utf-8[\r][\n]"
<2017-09-26 13:02:30> DEBUG [org.apache.http.wire] http-outgoing-2 << "Transfer-Encoding: chunked[\r][\n]"
<2017-09-26 13:02:30> DEBUG [org.apache.http.wire] http-outgoing-2 << "Connection: keep-alive[\r][\n]"
<2017-09-26 13:02:30> DEBUG [org.apache.http.wire] http-outgoing-2 << "Set-Cookie: JSESSIONID=27EB45499251C70336AF3FC9E711F534; Path=/nexperience/; HttpOnly[\r][\n]"
<2017-09-26 13:02:30> DEBUG [org.apache.http.wire] http-outgoing-2 << "Expires: Thu, 01 Jan 1970 00:00:00 GMT[\r][\n]"
<2017-09-26 13:02:30> DEBUG [org.apache.http.wire] http-outgoing-2 << "Cache-Control: no-cache[\r][\n]"
<2017-09-26 13:02:30> DEBUG [org.apache.http.wire] http-outgoing-2 << "Cache-Control: no-cache[\r][\n]"
<2017-09-26 13:02:30> DEBUG [org.apache.http.wire] http-outgoing-2 << "Expires: Thu, 01 Jan 1970 00:00:00 GMT[\r][\n]"
<2017-09-26 13:02:30> DEBUG [org.apache.http.wire] http-outgoing-2 << "Set-Cookie: fast_failed=true[\r][\n]"
<2017-09-26 13:02:30> DEBUG [org.apache.http.wire] http-outgoing-2 << "X-XSS-Protection: 2; mode=block[\r][\n]"
<2017-09-26 13:02:30> DEBUG [org.apache.http.wire] http-outgoing-2 << "Content-Encoding: gzip[\r][\n]"
<2017-09-26 13:02:30> DEBUG [org.apache.http.wire] http-outgoing-2 << "[\r][\n]"
<2017-09-26 13:02:30> DEBUG [org.apache.http.wire] http-outgoing-2 << "a2[\r][\n]"
<2017-09-26 13:02:30> DEBUG [org.apache.http.wire] http-outgoing-2 << "[0x1f][0x8b][0x8][0x0][0x0][0x0][0x0][0x0][0x0][0x3]-[0x8d][0xcb][0xe][0x82]0[0x10]E[0xff]e[0xd6][0xb4][0xe9][0x3][0x5][0xd9][0x1a][0x16]&[0xea][0xc2][0xf8][0x3]c[0x99]*[0x9][0xb4][0xc8]P7[0x84]]]>&#x7f;<![CDATA[[0xb7]&nO[0xce][0xb9]w[0x5]&[0xe6]>[0x86]S[0x7][\r](o[0xfd][0xce]k[0x12][0xe8][0xfc]C[0x94][0xb6][0xb2][0x2][0x95][0xd6][0xc2]#zcLIUu[0x80][0x2]x[0xc1][0x85][0xb2][0xce][0xc9][0xb9]\g[0xf2]:[0xc6].[0x13][0xa3]U[0xbd][0xaf]Kkt[0x1][0x1f][0x1c]RF+[0xb4][0xe7][0xf6][0xd2]^[0xef][0xbf]y[0xd8][\n]"
<2017-09-26 13:02:30> DEBUG [org.apache.http.wire] http-outgoing-2 << "p[0x3][0xe6][0xa4][0x81]8?e[0x9c]([0xbc]Q2[\r][0x14][0xfa]4[0xca][0x99][0xc6][0xb8][0x90][0xbc][0x11]O10[0xfd][0xaf]R[0xd6][0xd5][0xf6][0x5][0xf9][0xc2]&[0x87][0xaa][0x0][0x0][0x0][\r][\n]"
<2017-09-26 13:02:30> DEBUG [org.apache.http.wire] http-outgoing-2 << "0[\r][\n]"
<2017-09-26 13:02:30> DEBUG [org.apache.http.wire] http-outgoing-2 << "[\r][\n]"
<2017-09-26 13:02:30> DEBUG [org.apache.http.headers] http-outgoing-2 << HTTP/1.1 200 OK
<2017-09-26 13:02:30> DEBUG [org.apache.http.headers] http-outgoing-2 << Server: nginx
<2017-09-26 13:02:30> DEBUG [org.apache.http.headers] http-outgoing-2 << Date: Tue, 26 Sep 2017 10:02:26 GMT
<2017-09-26 13:02:30> DEBUG [org.apache.http.headers] http-outgoing-2 << Content-Type: application/json;charset=utf-8
<2017-09-26 13:02:30> DEBUG [org.apache.http.headers] http-outgoing-2 << Transfer-Encoding: chunked
<2017-09-26 13:02:30> DEBUG [org.apache.http.headers] http-outgoing-2 << Connection: keep-alive
<2017-09-26 13:02:30> DEBUG [org.apache.http.headers] http-outgoing-2 << Set-Cookie: JSESSIONID=27EB45499251C70336AF3FC9E711F534; Path=/nexperience/; HttpOnly
<2017-09-26 13:02:30> DEBUG [org.apache.http.headers] http-outgoing-2 << Expires: Thu, 01 Jan 1970 00:00:00 GMT
<2017-09-26 13:02:30> DEBUG [org.apache.http.headers] http-outgoing-2 << Cache-Control: no-cache
<2017-09-26 13:02:30> DEBUG [org.apache.http.headers] http-outgoing-2 << Cache-Control: no-cache
<2017-09-26 13:02:30> DEBUG [org.apache.http.headers] http-outgoing-2 << Expires: Thu, 01 Jan 1970 00:00:00 GMT
<2017-09-26 13:02:30> DEBUG [org.apache.http.headers] http-outgoing-2 << Set-Cookie: fast_failed=true
<2017-09-26 13:02:30> DEBUG [org.apache.http.headers] http-outgoing-2 << X-XSS-Protection: 2; mode=block
<2017-09-26 13:02:30> DEBUG [org.apache.http.headers] http-outgoing-2 << Content-Encoding: gzip
<2017-09-26 13:02:30> DEBUG [o.a.h.i.execchain.MainClientExec] Connection can be kept alive indefinitely
<2017-09-26 13:02:30> DEBUG [o.a.h.c.p.ResponseProcessCookies] Cookie accepted [JSESSIONID="27EB45499251C70336AF3FC9E711F534", version:0, domain:branchtest.perfectomobile.com, path:/nexperience/, expiry:null]
<2017-09-26 13:02:30> DEBUG [o.a.h.c.p.ResponseProcessCookies] Cookie accepted [fast_failed="true", version:0, domain:branchtest.perfectomobile.com, path:/nexperience/perfectomobile/wd/hub/session/0f3f5f1e-acfb-4373-a011-faaf2224e779, expiry:null]
<2017-09-26 13:02:30> DEBUG [o.a.h.i.c.PoolingHttpClientConnectionManager] Connection [id: 2][route: {s}->https://branchtest.perfectomobile.com:443] can be kept alive indefinitely
<2017-09-26 13:02:30> DEBUG [o.a.h.i.c.PoolingHttpClientConnectionManager] Connection released: [id: 2][route: {s}->https://branchtest.perfectomobile.com:443][total kept alive: 1; route allocated: 5 of 2000; total allocated: 5 of 2000]
<2017-09-26 13:02:30> DEBUG [o.a.h.c.p.RequestAddCookies] CookieSpec selected: default
<2017-09-26 13:02:30> DEBUG [o.a.h.c.p.RequestAddCookies] Cookie [version: 0][name: JSESSIONID][value: 27EB45499251C70336AF3FC9E711F534][domain: branchtest.perfectomobile.com][path: /nexperience/][expiry: null] match [(secure)branchtest.perfectomobile.com:443/nexperience/perfectomobile/wd/hub/session/0f3f5f1e-acfb-4373-a011-faaf2224e779/element/0/value]
<2017-09-26 13:02:30> DEBUG [o.a.h.c.p.RequestAddCookies] Cookie [version: 0][name: fast_failed][value: true][domain: branchtest.perfectomobile.com][path: /nexperience/perfectomobile/wd/hub][expiry: null] match [(secure)branchtest.perfectomobile.com:443/nexperience/perfectomobile/wd/hub/session/0f3f5f1e-acfb-4373-a011-faaf2224e779/element/0/value]
<2017-09-26 13:02:30> DEBUG [o.a.h.c.p.RequestAddCookies] Cookie [version: 0][name: fast_failed][value: true][domain: branchtest.perfectomobile.com][path: /nexperience/perfectomobile/wd/hub/session/0f3f5f1e-acfb-4373-a011-faaf2224e779][expiry: null] match [(secure)branchtest.perfectomobile.com:443/nexperience/perfectomobile/wd/hub/session/0f3f5f1e-acfb-4373-a011-faaf2224e779/element/0/value]
<2017-09-26 13:02:30> DEBUG [o.a.h.c.p.RequestAuthCache] Auth cache not set in the context
<2017-09-26 13:02:30> DEBUG [o.a.h.i.c.PoolingHttpClientConnectionManager] Connection request: [route: {s}->https://branchtest.perfectomobile.com:443][total kept alive: 1; route allocated: 5 of 2000; total allocated: 5 of 2000]
<2017-09-26 13:02:30> DEBUG [o.a.h.i.c.PoolingHttpClientConnectionManager] Connection leased: [id: 2][route: {s}->https://branchtest.perfectomobile.com:443][total kept alive: 0; route allocated: 5 of 2000; total allocated: 5 of 2000]
<2017-09-26 13:02:30> DEBUG [o.a.h.i.execchain.MainClientExec] Stale connection check
<2017-09-26 13:02:30> DEBUG [org.apache.http.wire] http-outgoing-2 << "[read] I/O error: Read timed out"
<2017-09-26 13:02:30> DEBUG [o.a.h.i.c.DefaultManagedHttpClientConnection] http-outgoing-2: set socket timeout to 10800000
<2017-09-26 13:02:30> DEBUG [o.a.h.i.execchain.MainClientExec] Executing request POST /nexperience/perfectomobile/wd/hub/session/0f3f5f1e-acfb-4373-a011-faaf2224e779/element/0/value HTTP/1.1
<2017-09-26 13:02:30> DEBUG [o.a.h.i.execchain.MainClientExec] Target auth state: UNCHALLENGED
<2017-09-26 13:02:30> DEBUG [o.a.h.i.execchain.MainClientExec] Proxy auth state: UNCHALLENGED
<2017-09-26 13:02:30> DEBUG [org.apache.http.headers] http-outgoing-2 >> POST /nexperience/perfectomobile/wd/hub/session/0f3f5f1e-acfb-4373-a011-faaf2224e779/element/0/value HTTP/1.1
<2017-09-26 13:02:30> DEBUG [org.apache.http.headers] http-outgoing-2 >> Content-Type: application/json; charset=utf-8
<2017-09-26 13:02:30> DEBUG [org.apache.http.headers] http-outgoing-2 >> Content-Length: 38
<2017-09-26 13:02:30> DEBUG [org.apache.http.headers] http-outgoing-2 >> Host: branchtest.perfectomobile.com
<2017-09-26 13:02:30> DEBUG [org.apache.http.headers] http-outgoing-2 >> Connection: Keep-Alive
<2017-09-26 13:02:30> DEBUG [org.apache.http.headers] http-outgoing-2 >> User-Agent: Apache-HttpClient/4.5.2 (Java/1.8.0_121)
<2017-09-26 13:02:30> DEBUG [org.apache.http.headers] http-outgoing-2 >> Cookie: JSESSIONID=27EB45499251C70336AF3FC9E711F534; fast_failed=true; fast_failed=true
<2017-09-26 13:02:30> DEBUG [org.apache.http.headers] http-outgoing-2 >> Accept-Encoding: gzip,deflate
<2017-09-26 13:02:30> DEBUG [org.apache.http.wire] http-outgoing-2 >> "POST /nexperience/perfectomobile/wd/hub/session/0f3f5f1e-acfb-4373-a011-faaf2224e779/element/0/value HTTP/1.1[\r][\n]"
<2017-09-26 13:02:30> DEBUG [org.apache.http.wire] http-outgoing-2 >> "Content-Type: application/json; charset=utf-8[\r][\n]"
<2017-09-26 13:02:30> DEBUG [org.apache.http.wire] http-outgoing-2 >> "Content-Length: 38[\r][\n]"
<2017-09-26 13:02:30> DEBUG [org.apache.http.wire] http-outgoing-2 >> "Host: branchtest.perfectomobile.com[\r][\n]"
<2017-09-26 13:02:30> DEBUG [org.apache.http.wire] http-outgoing-2 >> "Connection: Keep-Alive[\r][\n]"
<2017-09-26 13:02:30> DEBUG [org.apache.http.wire] http-outgoing-2 >> "User-Agent: Apache-HttpClient/4.5.2 (Java/1.8.0_121)[\r][\n]"
<2017-09-26 13:02:30> DEBUG [org.apache.http.wire] http-outgoing-2 >> "Cookie: JSESSIONID=27EB45499251C70336AF3FC9E711F534; fast_failed=true; fast_failed=true[\r][\n]"
<2017-09-26 13:02:30> DEBUG [org.apache.http.wire] http-outgoing-2 >> "Accept-Encoding: gzip,deflate[\r][\n]"
<2017-09-26 13:02:30> DEBUG [org.apache.http.wire] http-outgoing-2 >> "[\r][\n]"
<2017-09-26 13:02:30> DEBUG [org.apache.http.wire] http-outgoing-2 >> "{"id":"0","value":["Perfecto Mobile"]}"
<2017-09-26 13:02:31> DEBUG [org.apache.http.wire] http-outgoing-2 << "HTTP/1.1 200 OK[\r][\n]"
<2017-09-26 13:02:31> DEBUG [org.apache.http.wire] http-outgoing-2 << "Server: nginx[\r][\n]"
<2017-09-26 13:02:31> DEBUG [org.apache.http.wire] http-outgoing-2 << "Date: Tue, 26 Sep 2017 10:02:28 GMT[\r][\n]"
<2017-09-26 13:02:31> DEBUG [org.apache.http.wire] http-outgoing-2 << "Content-Type: application/json;charset=utf-8[\r][\n]"
<2017-09-26 13:02:31> DEBUG [org.apache.http.wire] http-outgoing-2 << "Transfer-Encoding: chunked[\r][\n]"
<2017-09-26 13:02:31> DEBUG [org.apache.http.wire] http-outgoing-2 << "Connection: keep-alive[\r][\n]"
<2017-09-26 13:02:31> DEBUG [org.apache.http.wire] http-outgoing-2 << "Set-Cookie: JSESSIONID=27EB45499251C70336AF3FC9E711F534; Path=/nexperience/; HttpOnly[\r][\n]"
<2017-09-26 13:02:31> DEBUG [org.apache.http.wire] http-outgoing-2 << "Expires: Thu, 01 Jan 1970 00:00:00 GMT[\r][\n]"
<2017-09-26 13:02:31> DEBUG [org.apache.http.wire] http-outgoing-2 << "Cache-Control: no-cache[\r][\n]"
<2017-09-26 13:02:31> DEBUG [org.apache.http.wire] http-outgoing-2 << "Cache-Control: no-cache[\r][\n]"
<2017-09-26 13:02:31> DEBUG [org.apache.http.wire] http-outgoing-2 << "Expires: Thu, 01 Jan 1970 00:00:00 GMT[\r][\n]"
<2017-09-26 13:02:31> DEBUG [org.apache.http.wire] http-outgoing-2 << "Set-Cookie: fast_failed=true[\r][\n]"
<2017-09-26 13:02:31> DEBUG [org.apache.http.wire] http-outgoing-2 << "X-XSS-Protection: 2; mode=block[\r][\n]"
<2017-09-26 13:02:31> DEBUG [org.apache.http.wire] http-outgoing-2 << "Content-Encoding: gzip[\r][\n]"
<2017-09-26 13:02:31> DEBUG [org.apache.http.wire] http-outgoing-2 << "[\r][\n]"
<2017-09-26 13:02:31> DEBUG [org.apache.http.wire] http-outgoing-2 << "96[\r][\n]"
<2017-09-26 13:02:31> DEBUG [org.apache.http.wire] http-outgoing-2 << "[0x1f][0x8b][0x8][0x0][0x0][0x0][0x0][0x0][0x0][0x3]-[0xcc];[0xe][0xc2]0[0x10]E[0xd1][0xbd]Lm[[0xfe][0x4][0x99][0xa4][0xa5][0xa2]e[0x7][0x83]3[0x86]H[0x8e][0x1d]21[\r]b[0xef]LA{u[0xde][0xfb][0x0][0x13][0xf3][0xd2][0xea]u[0x86][0x9]l[0xe][0xf9][0x94][0x1d]iL[0xf9][0xae][0x87][0x10][0x83]F[0xeb][0x9c][0xce][0x88][0xd9]{?P[0x8c]#([0xe0][0x3][0xf][0x12][0xce]=%YKy^[0xda],[0xc5][0xf9][0x18][0xc2]x[0x1e][0xdc][0xa8][0xe0][0x8d][0xa5]K[0xaa][0xbd][0x14][0x5][0xa9][0xa0][0xb8][0x9][0xda][0xfe]0m[0xa3][0xfa]B[0xc3]T[0xa8].}5;[0xad][0xed] s#[0xde]Ze[0xfa][0xff]w[0xe1][0xf6][0xfb][0x3][0x96][0xb5]uv[0x9f][0x0][0x0][0x0][\r][\n]"
<2017-09-26 13:02:31> DEBUG [org.apache.http.wire] http-outgoing-2 << "0[\r][\n]"
<2017-09-26 13:02:31> DEBUG [org.apache.http.wire] http-outgoing-2 << "[\r][\n]"
<2017-09-26 13:02:31> DEBUG [org.apache.http.headers] http-outgoing-2 << HTTP/1.1 200 OK
<2017-09-26 13:02:31> DEBUG [org.apache.http.headers] http-outgoing-2 << Server: nginx
<2017-09-26 13:02:31> DEBUG [org.apache.http.headers] http-outgoing-2 << Date: Tue, 26 Sep 2017 10:02:28 GMT
<2017-09-26 13:02:31> DEBUG [org.apache.http.headers] http-outgoing-2 << Content-Type: application/json;charset=utf-8
<2017-09-26 13:02:31> DEBUG [org.apache.http.headers] http-outgoing-2 << Transfer-Encoding: chunked
<2017-09-26 13:02:31> DEBUG [org.apache.http.headers] http-outgoing-2 << Connection: keep-alive
<2017-09-26 13:02:31> DEBUG [org.apache.http.headers] http-outgoing-2 << Set-Cookie: JSESSIONID=27EB45499251C70336AF3FC9E711F534; Path=/nexperience/; HttpOnly
<2017-09-26 13:02:31> DEBUG [org.apache.http.headers] http-outgoing-2 << Expires: Thu, 01 Jan 1970 00:00:00 GMT
<2017-09-26 13:02:31> DEBUG [org.apache.http.headers] http-outgoing-2 << Cache-Control: no-cache
<2017-09-26 13:02:31> DEBUG [org.apache.http.headers] http-outgoing-2 << Cache-Control: no-cache
<2017-09-26 13:02:31> DEBUG [org.apache.http.headers] http-outgoing-2 << Expires: Thu, 01 Jan 1970 00:00:00 GMT
<2017-09-26 13:02:31> DEBUG [org.apache.http.headers] http-outgoing-2 << Set-Cookie: fast_failed=true
<2017-09-26 13:02:31> DEBUG [org.apache.http.headers] http-outgoing-2 << X-XSS-Protection: 2; mode=block
<2017-09-26 13:02:31> DEBUG [org.apache.http.headers] http-outgoing-2 << Content-Encoding: gzip
<2017-09-26 13:02:31> DEBUG [o.a.h.i.execchain.MainClientExec] Connection can be kept alive indefinitely
<2017-09-26 13:02:31> DEBUG [o.a.h.c.p.ResponseProcessCookies] Cookie accepted [JSESSIONID="27EB45499251C70336AF3FC9E711F534", version:0, domain:branchtest.perfectomobile.com, path:/nexperience/, expiry:null]
<2017-09-26 13:02:31> DEBUG [o.a.h.c.p.ResponseProcessCookies] Cookie accepted [fast_failed="true", version:0, domain:branchtest.perfectomobile.com, path:/nexperience/perfectomobile/wd/hub/session/0f3f5f1e-acfb-4373-a011-faaf2224e779/element/0, expiry:null]
<2017-09-26 13:02:31> DEBUG [o.a.h.i.c.PoolingHttpClientConnectionManager] Connection [id: 2][route: {s}->https://branchtest.perfectomobile.com:443] can be kept alive indefinitely
<2017-09-26 13:02:31> DEBUG [o.a.h.i.c.PoolingHttpClientConnectionManager] Connection released: [id: 2][route: {s}->https://branchtest.perfectomobile.com:443][total kept alive: 1; route allocated: 5 of 2000; total allocated: 5 of 2000]
<2017-09-26 13:02:31> DEBUG [o.a.h.c.p.RequestAddCookies] CookieSpec selected: default
<2017-09-26 13:02:31> DEBUG [o.a.h.c.p.RequestAddCookies] Cookie [version: 0][name: JSESSIONID][value: 27EB45499251C70336AF3FC9E711F534][domain: branchtest.perfectomobile.com][path: /nexperience/][expiry: null] match [(secure)branchtest.perfectomobile.com:443/nexperience/perfectomobile/wd/hub/session/0f3f5f1e-acfb-4373-a011-faaf2224e779/element/0/submit]
<2017-09-26 13:02:31> DEBUG [o.a.h.c.p.RequestAddCookies] Cookie [version: 0][name: fast_failed][value: true][domain: branchtest.perfectomobile.com][path: /nexperience/perfectomobile/wd/hub][expiry: null] match [(secure)branchtest.perfectomobile.com:443/nexperience/perfectomobile/wd/hub/session/0f3f5f1e-acfb-4373-a011-faaf2224e779/element/0/submit]
<2017-09-26 13:02:31> DEBUG [o.a.h.c.p.RequestAddCookies] Cookie [version: 0][name: fast_failed][value: true][domain: branchtest.perfectomobile.com][path: /nexperience/perfectomobile/wd/hub/session/0f3f5f1e-acfb-4373-a011-faaf2224e779][expiry: null] match [(secure)branchtest.perfectomobile.com:443/nexperience/perfectomobile/wd/hub/session/0f3f5f1e-acfb-4373-a011-faaf2224e779/element/0/submit]
<2017-09-26 13:02:31> DEBUG [o.a.h.c.p.RequestAddCookies] Cookie [version: 0][name: fast_failed][value: true][domain: branchtest.perfectomobile.com][path: /nexperience/perfectomobile/wd/hub/session/0f3f5f1e-acfb-4373-a011-faaf2224e779/element/0][expiry: null] match [(secure)branchtest.perfectomobile.com:443/nexperience/perfectomobile/wd/hub/session/0f3f5f1e-acfb-4373-a011-faaf2224e779/element/0/submit]
<2017-09-26 13:02:31> DEBUG [o.a.h.c.p.RequestAuthCache] Auth cache not set in the context
<2017-09-26 13:02:31> DEBUG [o.a.h.i.c.PoolingHttpClientConnectionManager] Connection request: [route: {s}->https://branchtest.perfectomobile.com:443][total kept alive: 1; route allocated: 5 of 2000; total allocated: 5 of 2000]
<2017-09-26 13:02:31> DEBUG [o.a.h.i.c.PoolingHttpClientConnectionManager] Connection leased: [id: 2][route: {s}->https://branchtest.perfectomobile.com:443][total kept alive: 0; route allocated: 5 of 2000; total allocated: 5 of 2000]
<2017-09-26 13:02:31> DEBUG [o.a.h.i.execchain.MainClientExec] Stale connection check
<2017-09-26 13:02:31> DEBUG [org.apache.http.wire] http-outgoing-2 << "[read] I/O error: Read timed out"
<2017-09-26 13:02:31> DEBUG [o.a.h.i.c.DefaultManagedHttpClientConnection] http-outgoing-2: set socket timeout to 10800000
<2017-09-26 13:02:31> DEBUG [o.a.h.i.execchain.MainClientExec] Executing request POST /nexperience/perfectomobile/wd/hub/session/0f3f5f1e-acfb-4373-a011-faaf2224e779/element/0/submit HTTP/1.1
<2017-09-26 13:02:31> DEBUG [o.a.h.i.execchain.MainClientExec] Target auth state: UNCHALLENGED
<2017-09-26 13:02:31> DEBUG [o.a.h.i.execchain.MainClientExec] Proxy auth state: UNCHALLENGED
<2017-09-26 13:02:31> DEBUG [org.apache.http.headers] http-outgoing-2 >> POST /nexperience/perfectomobile/wd/hub/session/0f3f5f1e-acfb-4373-a011-faaf2224e779/element/0/submit HTTP/1.1
<2017-09-26 13:02:31> DEBUG [org.apache.http.headers] http-outgoing-2 >> Content-Type: application/json; charset=utf-8
<2017-09-26 13:02:31> DEBUG [org.apache.http.headers] http-outgoing-2 >> Content-Length: 10
<2017-09-26 13:02:31> DEBUG [org.apache.http.headers] http-outgoing-2 >> Host: branchtest.perfectomobile.com
<2017-09-26 13:02:31> DEBUG [org.apache.http.headers] http-outgoing-2 >> Connection: Keep-Alive
<2017-09-26 13:02:31> DEBUG [org.apache.http.headers] http-outgoing-2 >> User-Agent: Apache-HttpClient/4.5.2 (Java/1.8.0_121)
<2017-09-26 13:02:31> DEBUG [org.apache.http.headers] http-outgoing-2 >> Cookie: JSESSIONID=27EB45499251C70336AF3FC9E711F534; fast_failed=true; fast_failed=true; fast_failed=true
<2017-09-26 13:02:31> DEBUG [org.apache.http.headers] http-outgoing-2 >> Accept-Encoding: gzip,deflate
<2017-09-26 13:02:31> DEBUG [org.apache.http.wire] http-outgoing-2 >> "POST /nexperience/perfectomobile/wd/hub/session/0f3f5f1e-acfb-4373-a011-faaf2224e779/element/0/submit HTTP/1.1[\r][\n]"
<2017-09-26 13:02:31> DEBUG [org.apache.http.wire] http-outgoing-2 >> "Content-Type: application/json; charset=utf-8[\r][\n]"
<2017-09-26 13:02:31> DEBUG [org.apache.http.wire] http-outgoing-2 >> "Content-Length: 10[\r][\n]"
<2017-09-26 13:02:31> DEBUG [org.apache.http.wire] http-outgoing-2 >> "Host: branchtest.perfectomobile.com[\r][\n]"
<2017-09-26 13:02:31> DEBUG [org.apache.http.wire] http-outgoing-2 >> "Connection: Keep-Alive[\r][\n]"
<2017-09-26 13:02:31> DEBUG [org.apache.http.wire] http-outgoing-2 >> "User-Agent: Apache-HttpClient/4.5.2 (Java/1.8.0_121)[\r][\n]"
<2017-09-26 13:02:31> DEBUG [org.apache.http.wire] http-outgoing-2 >> "Cookie: JSESSIONID=27EB45499251C70336AF3FC9E711F534; fast_failed=true; fast_failed=true; fast_failed=true[\r][\n]"
<2017-09-26 13:02:31> DEBUG [org.apache.http.wire] http-outgoing-2 >> "Accept-Encoding: gzip,deflate[\r][\n]"
<2017-09-26 13:02:31> DEBUG [org.apache.http.wire] http-outgoing-2 >> "[\r][\n]"
<2017-09-26 13:02:31> DEBUG [org.apache.http.wire] http-outgoing-2 >> "{"id":"0"}"
<2017-09-26 13:02:32> DEBUG [org.apache.http.wire] http-outgoing-0 << "HTTP/1.1 200 OK[\r][\n]"
<2017-09-26 13:02:32> DEBUG [org.apache.http.wire] http-outgoing-0 << "Server: nginx[\r][\n]"
<2017-09-26 13:02:32> DEBUG [org.apache.http.wire] http-outgoing-0 << "Date: Tue, 26 Sep 2017 10:02:29 GMT[\r][\n]"
<2017-09-26 13:02:32> DEBUG [org.apache.http.wire] http-outgoing-0 << "Content-Type: application/json;charset=utf-8[\r][\n]"
<2017-09-26 13:02:32> DEBUG [org.apache.http.wire] http-outgoing-0 << "Transfer-Encoding: chunked[\r][\n]"
<2017-09-26 13:02:32> DEBUG [org.apache.http.wire] http-outgoing-0 << "Connection: keep-alive[\r][\n]"
<2017-09-26 13:02:32> DEBUG [org.apache.http.wire] http-outgoing-0 << "Expires: Thu, 01 Jan 1970 00:00:00 GMT[\r][\n]"
<2017-09-26 13:02:32> DEBUG [org.apache.http.wire] http-outgoing-0 << "Cache-Control: no-cache[\r][\n]"
<2017-09-26 13:02:32> DEBUG [org.apache.http.wire] http-outgoing-0 << "Set-Cookie: JSESSIONID=041E517C39C6121D9388CBD847465EA0; Path=/nexperience/; HttpOnly[\r][\n]"
<2017-09-26 13:02:32> DEBUG [org.apache.http.wire] http-outgoing-0 << "Cache-Control: no-cache[\r][\n]"
<2017-09-26 13:02:32> DEBUG [org.apache.http.wire] http-outgoing-0 << "Expires: Thu, 01 Jan 1970 00:00:00 GMT[\r][\n]"
<2017-09-26 13:02:32> DEBUG [org.apache.http.wire] http-outgoing-0 << "Set-Cookie: fast_failed=true[\r][\n]"
<2017-09-26 13:02:32> DEBUG [org.apache.http.wire] http-outgoing-0 << "X-XSS-Protection: 2; mode=block[\r][\n]"
<2017-09-26 13:02:32> DEBUG [org.apache.http.wire] http-outgoing-0 << "Content-Encoding: gzip[\r][\n]"
<2017-09-26 13:02:32> DEBUG [org.apache.http.wire] http-outgoing-0 << "[\r][\n]"
<2017-09-26 13:02:32> DEBUG [org.apache.http.wire] http-outgoing-0 << "252[\r][\n]"
<2017-09-26 13:02:32> DEBUG [org.apache.http.wire] http-outgoing-0 << "[0x1f][0x8b][0x8][0x0][0x0][0x0][0x0][0x0][0x0][0x3][0xd5]TMo[0xdb]0[0xc][0xfd]/:[0xec][0x14][0xc7]R[0xe2]8v[0x80]a[0xcb][0xb2]l([0x6][0xc]E[0x9b][0xad][0x87]a0[0x14][0x9b]n[0xb4][0xca][0x92]G[0xc9]i[0x82][0xa2][0xff]}T[0x9c]t[0x1f][0xbd][0xc]+0[0xa0]'[0xdb][0xf2]#E[0xbe][0xc7][0xc7];[0xe6][0xc0]9e[0xcd]Y[0xc5]f,O'c[0x91][0xa4]e[0x94]W[0xd9]8Jx*[0xa2][0x8c][0xd7]u4M[0xd7][0x19][0xd4][0xa2][0xae]FI[0xce][0x6][0xcc]y[0xe9][0x81][0xcd]L[0xa7][0xf5][0x80]m[0x16][0xb6][0xa2][0x8f]|2[0x1d]e\d[0x3][0xb6][0x95][0xba][0xa3][0x83];[0x86][0xd0]Z[0xf4][0xe7]U[0xfd][0x9]5%[0xdf]x[0xdf][0xba]Y[0x1c][0xaf]Q[0x9a]r[0xe3][0xc1][0xf9]a[0x8f]P[0xe6]z[0xd8][0x2][0xd6]Pz[0xdb][0xd8][0xb5][0xd2]0,m[0x13][0xc3].[0x84][0xc7][0xb2]U[0xf1]V[0xc4][0x1][0x1f][0xc1][0xe][0xca][0xce]S[0xb5].n[0xab][0xfa][0x15][0xec]<[0xa0][0x91][0xfa][0xac][0xfa][0xc2][0xbf][0xbe][0xd4][\n]"
<2017-09-26 13:02:32> DEBUG [org.apache.http.wire] http-outgoing-0 << "[0xad][0x91][0xaf][0x1f]g*[0xce]%J[0xad]A_[0xc1][0xba][0x10][0xd3][0x88][0xe7][0xd1](-[0x4]/[0xb8]([0x92][0xbc][0x10]I[0xf6][0xa2][0xf0][0xaa][0xa1][0xb]d[0xd3][0x86]Lb[0xc2][0xd3]d[0xc4][0x5][0xcf][0xc7][0xe3][0x8c][0xfa][0xad]`[0xab]J[0xf8]([0x1b]j[0x8b][0x89]"_f<[0x99]'y[0x94][0xa7][0xc9][0xdb](y[0x93]O[0xa2][0xf9]b[0xbc][0x8c][0xe6][0xd3]Q[0x92][0x89][0xc9]b[0xf9]n.([0xaa][0x95][0xce][0xdd]Z[0xc][0xbc][0x86]/-}m[0xb1][0xf9][0xc][0x18][0xe8][0xe][0x89]8[0x1d][0xaf][0xd1][0xde]:[0xc0][0x9f][0xa7][0x4][0xa3]B[0xe8][0xcf][0xc6][0xd2]cF[0x80][0x7][0xb6][0x1e]wF0G[0xec]iXQ[0xcc][0xc5][0x81][0xee]]]>&#x7f;<![CDATA[[0xe2][0xfa][0xbf]1yl[0xf7]H[0xe5]b[0x83][0x96]8[0x1d]0/o[0xc0]][0x96][0x8]`[0xdc][0xc6]R[0xdb][0x1e];[0x18][0xb0]or+][0x89][0xaa][0xf5]K#[0xd7][0x1a][0x88][0xca][0xfe][0xc7][0x89][0xcc]c[0x9e]+e*[0xa2][0x91][0x12][0xa1][0xa5][0xd1][0xc][0xd0][0x13]2[0x90][0xf9][0x1e]U[0xf5][0x1c][0xc8][0x1][0xe3][0x95][0xdf][0xaf][0xf6]m[0x18]3[0x84][0xc6]z(nid+T[[0xc0][0xa0]5 [0xbd],[0xac]1[0xc1]*[0xd8][0xf][0x96]#K`[0x88][0xb3]7[0x10][0xc6][0x8a]p[0xf]69[0x98][0xfa][0x9][0xbe][0xa0]\T@]]>&#x7f;<![CDATA[?[0x99]5T4<[0xee][0xb][0x15][0xe6][0xfa]/[0xf7][0x85][0xb6][0xa5][0xc][0xae][0xa5][0xca]=y[0xf6][0xf]1{[0x85][0x8f]R[0xfe]bU[0xba][0xfc][0x14]x[0xda]5[0xfd][0xbe][0xf8][0x0]{[0xba][0xfb][0x89]m[0xd1][0xc8][0xac]:"R?[0x87][0xc9][0xe8]H[0xf9]^[0xda][0xd2][0xb9]K[0xd0][0x7][0xf9][0xdd]o<[0xde][0xf]X[0xa9]i[0xe3][0x10][0xcc][0xe2][0xf5][0xd0][0xb6]`[0xbe]K[0x12]K[0x83]Q]s[0x12][0xef][0x2]\K[0xdb]3x.,[0xf1][0x8e][0xe0][0xfc][0xfe][0x7][0xaa]m[0xd6]q[0x4][0x6][0x0][0x0][\r][\n]"
<2017-09-26 13:02:32> DEBUG [org.apache.http.wire] http-outgoing-0 << "0[\r][\n]"
<2017-09-26 13:02:32> DEBUG [org.apache.http.wire] http-outgoing-0 << "[\r][\n]"
<2017-09-26 13:02:32> DEBUG [org.apache.http.headers] http-outgoing-0 << HTTP/1.1 200 OK
<2017-09-26 13:02:32> DEBUG [org.apache.http.headers] http-outgoing-0 << Server: nginx
<2017-09-26 13:02:32> DEBUG [org.apache.http.headers] http-outgoing-0 << Date: Tue, 26 Sep 2017 10:02:29 GMT
<2017-09-26 13:02:32> DEBUG [org.apache.http.headers] http-outgoing-0 << Content-Type: application/json;charset=utf-8
<2017-09-26 13:02:32> DEBUG [org.apache.http.headers] http-outgoing-0 << Transfer-Encoding: chunked
<2017-09-26 13:02:32> DEBUG [org.apache.http.headers] http-outgoing-0 << Connection: keep-alive
<2017-09-26 13:02:32> DEBUG [org.apache.http.headers] http-outgoing-0 << Expires: Thu, 01 Jan 1970 00:00:00 GMT
<2017-09-26 13:02:32> DEBUG [org.apache.http.headers] http-outgoing-0 << Cache-Control: no-cache
<2017-09-26 13:02:32> DEBUG [org.apache.http.headers] http-outgoing-0 << Set-Cookie: JSESSIONID=041E517C39C6121D9388CBD847465EA0; Path=/nexperience/; HttpOnly
<2017-09-26 13:02:32> DEBUG [org.apache.http.headers] http-outgoing-0 << Cache-Control: no-cache
<2017-09-26 13:02:32> DEBUG [org.apache.http.headers] http-outgoing-0 << Expires: Thu, 01 Jan 1970 00:00:00 GMT
<2017-09-26 13:02:32> DEBUG [org.apache.http.headers] http-outgoing-0 << Set-Cookie: fast_failed=true
<2017-09-26 13:02:32> DEBUG [org.apache.http.headers] http-outgoing-0 << X-XSS-Protection: 2; mode=block
<2017-09-26 13:02:32> DEBUG [org.apache.http.headers] http-outgoing-0 << Content-Encoding: gzip
<2017-09-26 13:02:32> DEBUG [o.a.h.i.execchain.MainClientExec] Connection can be kept alive indefinitely
<2017-09-26 13:02:32> DEBUG [o.a.h.c.p.ResponseProcessCookies] Cookie accepted [JSESSIONID="041E517C39C6121D9388CBD847465EA0", version:0, domain:branchtest.perfectomobile.com, path:/nexperience/, expiry:null]
<2017-09-26 13:02:32> DEBUG [o.a.h.c.p.ResponseProcessCookies] Cookie accepted [fast_failed="true", version:0, domain:branchtest.perfectomobile.com, path:/nexperience/perfectomobile/wd/hub, expiry:null]
<2017-09-26 13:02:32> DEBUG [o.a.h.i.c.PoolingHttpClientConnectionManager] Connection [id: 0][route: {s}->https://branchtest.perfectomobile.com:443] can be kept alive indefinitely
<2017-09-26 13:02:32> DEBUG [o.a.h.i.c.PoolingHttpClientConnectionManager] Connection released: [id: 0][route: {s}->https://branchtest.perfectomobile.com:443][total kept alive: 1; route allocated: 5 of 2000; total allocated: 5 of 2000]
<2017-09-26 13:02:32> DEBUG [o.a.h.c.p.RequestAddCookies] CookieSpec selected: default
<2017-09-26 13:02:32> DEBUG [o.a.h.c.p.RequestAddCookies] Cookie [version: 0][name: JSESSIONID][value: 041E517C39C6121D9388CBD847465EA0][domain: branchtest.perfectomobile.com][path: /nexperience/][expiry: null] match [(secure)branchtest.perfectomobile.com:443/nexperience/perfectomobile/wd/hub/session/9653146c-9d83-4061-80ff-76b8ef1fd249/timeouts]
<2017-09-26 13:02:32> DEBUG [o.a.h.c.p.RequestAddCookies] Cookie [version: 0][name: fast_failed][value: true][domain: branchtest.perfectomobile.com][path: /nexperience/perfectomobile/wd/hub][expiry: null] match [(secure)branchtest.perfectomobile.com:443/nexperience/perfectomobile/wd/hub/session/9653146c-9d83-4061-80ff-76b8ef1fd249/timeouts]
<2017-09-26 13:02:32> DEBUG [o.a.h.c.p.RequestAuthCache] Auth cache not set in the context
<2017-09-26 13:02:32> DEBUG [o.a.h.i.c.PoolingHttpClientConnectionManager] Connection request: [route: {s}->https://branchtest.perfectomobile.com:443][total kept alive: 1; route allocated: 5 of 2000; total allocated: 5 of 2000]
<2017-09-26 13:02:32> DEBUG [o.a.h.i.c.PoolingHttpClientConnectionManager] Connection leased: [id: 0][route: {s}->https://branchtest.perfectomobile.com:443][total kept alive: 0; route allocated: 5 of 2000; total allocated: 5 of 2000]
<2017-09-26 13:02:32> DEBUG [o.a.h.i.execchain.MainClientExec] Stale connection check
<2017-09-26 13:02:32> DEBUG [org.apache.http.wire] http-outgoing-0 << "[read] I/O error: Read timed out"
<2017-09-26 13:02:32> DEBUG [o.a.h.i.c.DefaultManagedHttpClientConnection] http-outgoing-0: set socket timeout to 10800000
<2017-09-26 13:02:32> DEBUG [o.a.h.i.execchain.MainClientExec] Executing request POST /nexperience/perfectomobile/wd/hub/session/9653146c-9d83-4061-80ff-76b8ef1fd249/timeouts HTTP/1.1
<2017-09-26 13:02:32> DEBUG [o.a.h.i.execchain.MainClientExec] Target auth state: UNCHALLENGED
<2017-09-26 13:02:32> DEBUG [o.a.h.i.execchain.MainClientExec] Proxy auth state: UNCHALLENGED
<2017-09-26 13:02:32> DEBUG [org.apache.http.headers] http-outgoing-0 >> POST /nexperience/perfectomobile/wd/hub/session/9653146c-9d83-4061-80ff-76b8ef1fd249/timeouts HTTP/1.1
<2017-09-26 13:02:32> DEBUG [org.apache.http.headers] http-outgoing-0 >> Content-Type: application/json; charset=utf-8
<2017-09-26 13:02:32> DEBUG [org.apache.http.headers] http-outgoing-0 >> Content-Length: 30
<2017-09-26 13:02:32> DEBUG [org.apache.http.headers] http-outgoing-0 >> Host: branchtest.perfectomobile.com
<2017-09-26 13:02:32> DEBUG [org.apache.http.headers] http-outgoing-0 >> Connection: Keep-Alive
<2017-09-26 13:02:32> DEBUG [org.apache.http.headers] http-outgoing-0 >> User-Agent: Apache-HttpClient/4.5.2 (Java/1.8.0_121)
<2017-09-26 13:02:32> DEBUG [org.apache.http.headers] http-outgoing-0 >> Cookie: JSESSIONID=041E517C39C6121D9388CBD847465EA0; fast_failed=true
<2017-09-26 13:02:32> DEBUG [org.apache.http.headers] http-outgoing-0 >> Accept-Encoding: gzip,deflate
<2017-09-26 13:02:32> DEBUG [org.apache.http.wire] http-outgoing-0 >> "POST /nexperience/perfectomobile/wd/hub/session/9653146c-9d83-4061-80ff-76b8ef1fd249/timeouts HTTP/1.1[\r][\n]"
<2017-09-26 13:02:32> DEBUG [org.apache.http.wire] http-outgoing-0 >> "Content-Type: application/json; charset=utf-8[\r][\n]"
<2017-09-26 13:02:32> DEBUG [org.apache.http.wire] http-outgoing-0 >> "Content-Length: 30[\r][\n]"
<2017-09-26 13:02:32> DEBUG [org.apache.http.wire] http-outgoing-0 >> "Host: branchtest.perfectomobile.com[\r][\n]"
<2017-09-26 13:02:32> DEBUG [org.apache.http.wire] http-outgoing-0 >> "Connection: Keep-Alive[\r][\n]"
<2017-09-26 13:02:32> DEBUG [org.apache.http.wire] http-outgoing-0 >> "User-Agent: Apache-HttpClient/4.5.2 (Java/1.8.0_121)[\r][\n]"
<2017-09-26 13:02:32> DEBUG [org.apache.http.wire] http-outgoing-0 >> "Cookie: JSESSIONID=041E517C39C6121D9388CBD847465EA0; fast_failed=true[\r][\n]"
<2017-09-26 13:02:32> DEBUG [org.apache.http.wire] http-outgoing-0 >> "Accept-Encoding: gzip,deflate[\r][\n]"
<2017-09-26 13:02:32> DEBUG [org.apache.http.wire] http-outgoing-0 >> "[\r][\n]"
<2017-09-26 13:02:32> DEBUG [org.apache.http.wire] http-outgoing-0 >> "{"type":"implicit","ms":30000}"
<2017-09-26 13:02:33> DEBUG [org.apache.http.wire] http-outgoing-0 << "HTTP/1.1 200 OK[\r][\n]"
<2017-09-26 13:02:33> DEBUG [org.apache.http.wire] http-outgoing-0 << "Server: nginx[\r][\n]"
<2017-09-26 13:02:33> DEBUG [org.apache.http.wire] http-outgoing-0 << "Date: Tue, 26 Sep 2017 10:02:29 GMT[\r][\n]"
<2017-09-26 13:02:33> DEBUG [org.apache.http.wire] http-outgoing-0 << "Content-Type: application/json;charset=utf-8[\r][\n]"
<2017-09-26 13:02:33> DEBUG [org.apache.http.wire] http-outgoing-0 << "Transfer-Encoding: chunked[\r][\n]"
<2017-09-26 13:02:33> DEBUG [org.apache.http.wire] http-outgoing-0 << "Connection: keep-alive[\r][\n]"
<2017-09-26 13:02:33> DEBUG [org.apache.http.wire] http-outgoing-0 << "Set-Cookie: JSESSIONID=041E517C39C6121D9388CBD847465EA0; Path=/nexperience/; HttpOnly[\r][\n]"
<2017-09-26 13:02:33> DEBUG [org.apache.http.wire] http-outgoing-0 << "Expires: Thu, 01 Jan 1970 00:00:00 GMT[\r][\n]"
<2017-09-26 13:02:33> DEBUG [org.apache.http.wire] http-outgoing-0 << "Cache-Control: no-cache[\r][\n]"
<2017-09-26 13:02:33> DEBUG [org.apache.http.wire] http-outgoing-0 << "Cache-Control: no-cache[\r][\n]"
<2017-09-26 13:02:33> DEBUG [org.apache.http.wire] http-outgoing-0 << "Expires: Thu, 01 Jan 1970 00:00:00 GMT[\r][\n]"
<2017-09-26 13:02:33> DEBUG [org.apache.http.wire] http-outgoing-0 << "Set-Cookie: fast_failed=true[\r][\n]"
<2017-09-26 13:02:33> DEBUG [org.apache.http.wire] http-outgoing-0 << "X-XSS-Protection: 2; mode=block[\r][\n]"
<2017-09-26 13:02:33> DEBUG [org.apache.http.wire] http-outgoing-0 << "Content-Encoding: gzip[\r][\n]"
<2017-09-26 13:02:33> DEBUG [org.apache.http.wire] http-outgoing-0 << "[\r][\n]"
<2017-09-26 13:02:33> DEBUG [org.apache.http.wire] http-outgoing-0 << "96[\r][\n]"
<2017-09-26 13:02:33> DEBUG [org.apache.http.wire] http-outgoing-0 << "[0x1f][0x8b][0x8][0x0][0x0][0x0][0x0][0x0][0x0][0x3]-[0xcc]1[0x12][0xc2] [0x10][0x85][0xe1][0xbb]l[0x1d][0x18]H[0x8][0x9]i[0xad]l[0xbd][0x1][0xc2][0xa2][0x99]![0x10][0xb3][0xc1][0xc6][0xf1][0xee]na[0xfb][0xcf][0xf7][0xde][0x7][0x8][0x89][0xd6]Z[0xae][0x11][0x16]pv[0x1c][0xb4][0xb1]A[0xb8]8[0xf][0xc2]([0xab][0xc5][0xac]R[0x12][0x93][0xbd][0xcf][0x98]t[0x8a][0xbd]q[0xd0][0x1][0x9d][0xfe]D[0xe6][0xd4]B[0xe0]5[0x97][0xe7][0xa5]F.[0xda]Lj[0x1c]][0xaf]:x[0xfb][0xdc][0xb8][0x94][0x96]s[0x7]!{f[0xb][0xd4][0xe3]![0xeb][0x8e][0xe5][0xe5]%a[0xc6][0xb2][0xb6]M[0x1e][0xb8][0xd5][0x13][0xe5][\r]i[0xaf][0x85][0xf0]]]>&#x7f;<![CDATA[[0xdf][0x98][0xab][0xef][0xf]6[0xff][0x8e][0x7][0x9e][0x0][0x0][0x0][\r][\n]"
<2017-09-26 13:02:33> DEBUG [org.apache.http.wire] http-outgoing-0 << "0[\r][\n]"
<2017-09-26 13:02:33> DEBUG [org.apache.http.wire] http-outgoing-0 << "[\r][\n]"
<2017-09-26 13:02:33> DEBUG [org.apache.http.headers] http-outgoing-0 << HTTP/1.1 200 OK
<2017-09-26 13:02:33> DEBUG [org.apache.http.headers] http-outgoing-0 << Server: nginx
<2017-09-26 13:02:33> DEBUG [org.apache.http.headers] http-outgoing-0 << Date: Tue, 26 Sep 2017 10:02:29 GMT
<2017-09-26 13:02:33> DEBUG [org.apache.http.headers] http-outgoing-0 << Content-Type: application/json;charset=utf-8
<2017-09-26 13:02:33> DEBUG [org.apache.http.headers] http-outgoing-0 << Transfer-Encoding: chunked
<2017-09-26 13:02:33> DEBUG [org.apache.http.headers] http-outgoing-0 << Connection: keep-alive
<2017-09-26 13:02:33> DEBUG [org.apache.http.headers] http-outgoing-0 << Set-Cookie: JSESSIONID=041E517C39C6121D9388CBD847465EA0; Path=/nexperience/; HttpOnly
<2017-09-26 13:02:33> DEBUG [org.apache.http.headers] http-outgoing-0 << Expires: Thu, 01 Jan 1970 00:00:00 GMT
<2017-09-26 13:02:33> DEBUG [org.apache.http.headers] http-outgoing-0 << Cache-Control: no-cache
<2017-09-26 13:02:33> DEBUG [org.apache.http.headers] http-outgoing-0 << Cache-Control: no-cache
<2017-09-26 13:02:33> DEBUG [org.apache.http.headers] http-outgoing-0 << Expires: Thu, 01 Jan 1970 00:00:00 GMT
<2017-09-26 13:02:33> DEBUG [org.apache.http.headers] http-outgoing-0 << Set-Cookie: fast_failed=true
<2017-09-26 13:02:33> DEBUG [org.apache.http.headers] http-outgoing-0 << X-XSS-Protection: 2; mode=block
<2017-09-26 13:02:33> DEBUG [org.apache.http.headers] http-outgoing-0 << Content-Encoding: gzip
<2017-09-26 13:02:33> DEBUG [o.a.h.i.execchain.MainClientExec] Connection can be kept alive indefinitely
<2017-09-26 13:02:33> DEBUG [o.a.h.c.p.ResponseProcessCookies] Cookie accepted [JSESSIONID="041E517C39C6121D9388CBD847465EA0", version:0, domain:branchtest.perfectomobile.com, path:/nexperience/, expiry:null]
<2017-09-26 13:02:33> DEBUG [o.a.h.c.p.ResponseProcessCookies] Cookie accepted [fast_failed="true", version:0, domain:branchtest.perfectomobile.com, path:/nexperience/perfectomobile/wd/hub/session/9653146c-9d83-4061-80ff-76b8ef1fd249, expiry:null]
<2017-09-26 13:02:33> DEBUG [o.a.h.i.c.PoolingHttpClientConnectionManager] Connection [id: 0][route: {s}->https://branchtest.perfectomobile.com:443] can be kept alive indefinitely
<2017-09-26 13:02:33> DEBUG [o.a.h.i.c.PoolingHttpClientConnectionManager] Connection released: [id: 0][route: {s}->https://branchtest.perfectomobile.com:443][total kept alive: 1; route allocated: 5 of 2000; total allocated: 5 of 2000]
<2017-09-26 13:02:33> DEBUG [o.a.h.c.p.RequestAddCookies] CookieSpec selected: default
<2017-09-26 13:02:33> DEBUG [o.a.h.c.p.RequestAddCookies] Cookie [version: 0][name: JSESSIONID][value: 041E517C39C6121D9388CBD847465EA0][domain: branchtest.perfectomobile.com][path: /nexperience/][expiry: null] match [(secure)branchtest.perfectomobile.com:443/nexperience/perfectomobile/wd/hub/session/9653146c-9d83-4061-80ff-76b8ef1fd249/timeouts]
<2017-09-26 13:02:33> DEBUG [o.a.h.c.p.RequestAddCookies] Cookie [version: 0][name: fast_failed][value: true][domain: branchtest.perfectomobile.com][path: /nexperience/perfectomobile/wd/hub][expiry: null] match [(secure)branchtest.perfectomobile.com:443/nexperience/perfectomobile/wd/hub/session/9653146c-9d83-4061-80ff-76b8ef1fd249/timeouts]
<2017-09-26 13:02:33> DEBUG [o.a.h.c.p.RequestAddCookies] Cookie [version: 0][name: fast_failed][value: true][domain: branchtest.perfectomobile.com][path: /nexperience/perfectomobile/wd/hub/session/9653146c-9d83-4061-80ff-76b8ef1fd249][expiry: null] match [(secure)branchtest.perfectomobile.com:443/nexperience/perfectomobile/wd/hub/session/9653146c-9d83-4061-80ff-76b8ef1fd249/timeouts]
<2017-09-26 13:02:33> DEBUG [o.a.h.c.p.RequestAuthCache] Auth cache not set in the context
<2017-09-26 13:02:33> DEBUG [o.a.h.i.c.PoolingHttpClientConnectionManager] Connection request: [route: {s}->https://branchtest.perfectomobile.com:443][total kept alive: 1; route allocated: 5 of 2000; total allocated: 5 of 2000]
<2017-09-26 13:02:33> DEBUG [o.a.h.i.c.PoolingHttpClientConnectionManager] Connection leased: [id: 0][route: {s}->https://branchtest.perfectomobile.com:443][total kept alive: 0; route allocated: 5 of 2000; total allocated: 5 of 2000]
<2017-09-26 13:02:33> DEBUG [o.a.h.i.execchain.MainClientExec] Stale connection check
<2017-09-26 13:02:33> DEBUG [org.apache.http.wire] http-outgoing-0 << "[read] I/O error: Read timed out"
<2017-09-26 13:02:33> DEBUG [o.a.h.i.c.DefaultManagedHttpClientConnection] http-outgoing-0: set socket timeout to 10800000
<2017-09-26 13:02:33> DEBUG [o.a.h.i.execchain.MainClientExec] Executing request POST /nexperience/perfectomobile/wd/hub/session/9653146c-9d83-4061-80ff-76b8ef1fd249/timeouts HTTP/1.1
<2017-09-26 13:02:33> DEBUG [o.a.h.i.execchain.MainClientExec] Target auth state: UNCHALLENGED
<2017-09-26 13:02:33> DEBUG [o.a.h.i.execchain.MainClientExec] Proxy auth state: UNCHALLENGED
<2017-09-26 13:02:33> DEBUG [org.apache.http.headers] http-outgoing-0 >> POST /nexperience/perfectomobile/wd/hub/session/9653146c-9d83-4061-80ff-76b8ef1fd249/timeouts HTTP/1.1
<2017-09-26 13:02:33> DEBUG [org.apache.http.headers] http-outgoing-0 >> Content-Type: application/json; charset=utf-8
<2017-09-26 13:02:33> DEBUG [org.apache.http.headers] http-outgoing-0 >> Content-Length: 31
<2017-09-26 13:02:33> DEBUG [org.apache.http.headers] http-outgoing-0 >> Host: branchtest.perfectomobile.com
<2017-09-26 13:02:33> DEBUG [org.apache.http.headers] http-outgoing-0 >> Connection: Keep-Alive
<2017-09-26 13:02:33> DEBUG [org.apache.http.headers] http-outgoing-0 >> User-Agent: Apache-HttpClient/4.5.2 (Java/1.8.0_121)
<2017-09-26 13:02:33> DEBUG [org.apache.http.headers] http-outgoing-0 >> Cookie: JSESSIONID=041E517C39C6121D9388CBD847465EA0; fast_failed=true; fast_failed=true
<2017-09-26 13:02:33> DEBUG [org.apache.http.headers] http-outgoing-0 >> Accept-Encoding: gzip,deflate
<2017-09-26 13:02:33> DEBUG [org.apache.http.wire] http-outgoing-0 >> "POST /nexperience/perfectomobile/wd/hub/session/9653146c-9d83-4061-80ff-76b8ef1fd249/timeouts HTTP/1.1[\r][\n]"
<2017-09-26 13:02:33> DEBUG [org.apache.http.wire] http-outgoing-0 >> "Content-Type: application/json; charset=utf-8[\r][\n]"
<2017-09-26 13:02:33> DEBUG [org.apache.http.wire] http-outgoing-0 >> "Content-Length: 31[\r][\n]"
<2017-09-26 13:02:33> DEBUG [org.apache.http.wire] http-outgoing-0 >> "Host: branchtest.perfectomobile.com[\r][\n]"
<2017-09-26 13:02:33> DEBUG [org.apache.http.wire] http-outgoing-0 >> "Connection: Keep-Alive[\r][\n]"
<2017-09-26 13:02:33> DEBUG [org.apache.http.wire] http-outgoing-0 >> "User-Agent: Apache-HttpClient/4.5.2 (Java/1.8.0_121)[\r][\n]"
<2017-09-26 13:02:33> DEBUG [org.apache.http.wire] http-outgoing-0 >> "Cookie: JSESSIONID=041E517C39C6121D9388CBD847465EA0; fast_failed=true; fast_failed=true[\r][\n]"
<2017-09-26 13:02:33> DEBUG [org.apache.http.wire] http-outgoing-0 >> "Accept-Encoding: gzip,deflate[\r][\n]"
<2017-09-26 13:02:33> DEBUG [org.apache.http.wire] http-outgoing-0 >> "[\r][\n]"
<2017-09-26 13:02:33> DEBUG [org.apache.http.wire] http-outgoing-0 >> "{"type":"page load","ms":30000}"
<2017-09-26 13:02:33> DEBUG [org.apache.http.wire] http-outgoing-0 << "HTTP/1.1 200 OK[\r][\n]"
<2017-09-26 13:02:33> DEBUG [org.apache.http.wire] http-outgoing-0 << "Server: nginx[\r][\n]"
<2017-09-26 13:02:33> DEBUG [org.apache.http.wire] http-outgoing-0 << "Date: Tue, 26 Sep 2017 10:02:29 GMT[\r][\n]"
<2017-09-26 13:02:33> DEBUG [org.apache.http.wire] http-outgoing-0 << "Content-Type: application/json;charset=utf-8[\r][\n]"
<2017-09-26 13:02:33> DEBUG [org.apache.http.wire] http-outgoing-0 << "Transfer-Encoding: chunked[\r][\n]"
<2017-09-26 13:02:33> DEBUG [org.apache.http.wire] http-outgoing-0 << "Connection: keep-alive[\r][\n]"
<2017-09-26 13:02:33> DEBUG [org.apache.http.wire] http-outgoing-0 << "Set-Cookie: JSESSIONID=041E517C39C6121D9388CBD847465EA0; Path=/nexperience/; HttpOnly[\r][\n]"
<2017-09-26 13:02:33> DEBUG [org.apache.http.wire] http-outgoing-0 << "Expires: Thu, 01 Jan 1970 00:00:00 GMT[\r][\n]"
<2017-09-26 13:02:33> DEBUG [org.apache.http.wire] http-outgoing-0 << "Cache-Control: no-cache[\r][\n]"
<2017-09-26 13:02:33> DEBUG [org.apache.http.wire] http-outgoing-0 << "Cache-Control: no-cache[\r][\n]"
<2017-09-26 13:02:33> DEBUG [org.apache.http.wire] http-outgoing-0 << "Expires: Thu, 01 Jan 1970 00:00:00 GMT[\r][\n]"
<2017-09-26 13:02:33> DEBUG [org.apache.http.wire] http-outgoing-0 << "Set-Cookie: fast_failed=true[\r][\n]"
<2017-09-26 13:02:33> DEBUG [org.apache.http.wire] http-outgoing-0 << "X-XSS-Protection: 2; mode=block[\r][\n]"
<2017-09-26 13:02:33> DEBUG [org.apache.http.wire] http-outgoing-0 << "Content-Encoding: gzip[\r][\n]"
<2017-09-26 13:02:33> DEBUG [org.apache.http.wire] http-outgoing-0 << "[\r][\n]"
<2017-09-26 13:02:33> DEBUG [org.apache.http.wire] http-outgoing-0 << "95[\r][\n]"
<2017-09-26 13:02:33> DEBUG [org.apache.http.wire] http-outgoing-0 << "[0x1f][0x8b][0x8][0x0][0x0][0x0][0x0][0x0][0x0][0x3]-[0xcc]1[0x12][0xc2] [0x10][0x85][0xe1][0xbb]l[0x1d][0x98][0x10][0x10]IZ+[o[0x80][0xb0]hf[0x8][0xc4],[0xd8]8[0xde][0xdd]-l[0xff][0xf9][0xde][0xfb][0x0]![0xd1]Z[0xcb]5[0xc2][0x2][0xb3]=iel[0x10]stZ[0x98][0xd1]*[0xe1][0xc6][0x94][0xc4][0xd9][0xde][0x1d]&[0x95][0xe2]df[0x18][0x80][0x9a]o[0xc8][0x9c]z[0x8][0xbc][0xe6][0xf2][0xbc][0xd4][0xc8][0xc5]X[0xa7]'[0xad]&=[0xc0][0xdb][0xe7][0xce][0xa5][0xf4][0x9c][0x7][0x8][0xd9]3[[0xa0][0x1e][0xf]Yw,//[0x9]3[0x96][0xb5]o[0xf2][0xc0][0xad]6[0x94]7[0xa4][0xbd][0x16][0xc2][0xff]}g>~]]>&#x7f;<![CDATA[:[0xaf][0xe]]]>&#x7f;<![CDATA[[0x9e][0x0][0x0][0x0][\r][\n]"
<2017-09-26 13:02:33> DEBUG [org.apache.http.wire] http-outgoing-0 << "0[\r][\n]"
<2017-09-26 13:02:33> DEBUG [org.apache.http.wire] http-outgoing-0 << "[\r][\n]"
<2017-09-26 13:02:33> DEBUG [org.apache.http.headers] http-outgoing-0 << HTTP/1.1 200 OK
<2017-09-26 13:02:33> DEBUG [org.apache.http.headers] http-outgoing-0 << Server: nginx
<2017-09-26 13:02:33> DEBUG [org.apache.http.headers] http-outgoing-0 << Date: Tue, 26 Sep 2017 10:02:29 GMT
<2017-09-26 13:02:33> DEBUG [org.apache.http.headers] http-outgoing-0 << Content-Type: application/json;charset=utf-8
<2017-09-26 13:02:33> DEBUG [org.apache.http.headers] http-outgoing-0 << Transfer-Encoding: chunked
<2017-09-26 13:02:33> DEBUG [org.apache.http.headers] http-outgoing-0 << Connection: keep-alive
<2017-09-26 13:02:33> DEBUG [org.apache.http.headers] http-outgoing-0 << Set-Cookie: JSESSIONID=041E517C39C6121D9388CBD847465EA0; Path=/nexperience/; HttpOnly
<2017-09-26 13:02:33> DEBUG [org.apache.http.headers] http-outgoing-0 << Expires: Thu, 01 Jan 1970 00:00:00 GMT
<2017-09-26 13:02:33> DEBUG [org.apache.http.headers] http-outgoing-0 << Cache-Control: no-cache
<2017-09-26 13:02:33> DEBUG [org.apache.http.headers] http-outgoing-0 << Cache-Control: no-cache
<2017-09-26 13:02:33> DEBUG [org.apache.http.headers] http-outgoing-0 << Expires: Thu, 01 Jan 1970 00:00:00 GMT
<2017-09-26 13:02:33> DEBUG [org.apache.http.headers] http-outgoing-0 << Set-Cookie: fast_failed=true
<2017-09-26 13:02:33> DEBUG [org.apache.http.headers] http-outgoing-0 << X-XSS-Protection: 2; mode=block
<2017-09-26 13:02:33> DEBUG [org.apache.http.headers] http-outgoing-0 << Content-Encoding: gzip
<2017-09-26 13:02:33> DEBUG [o.a.h.i.execchain.MainClientExec] Connection can be kept alive indefinitely
<2017-09-26 13:02:33> DEBUG [o.a.h.c.p.ResponseProcessCookies] Cookie accepted [JSESSIONID="041E517C39C6121D9388CBD847465EA0", version:0, domain:branchtest.perfectomobile.com, path:/nexperience/, expiry:null]
<2017-09-26 13:02:33> DEBUG [o.a.h.c.p.ResponseProcessCookies] Cookie accepted [fast_failed="true", version:0, domain:branchtest.perfectomobile.com, path:/nexperience/perfectomobile/wd/hub/session/9653146c-9d83-4061-80ff-76b8ef1fd249, expiry:null]
<2017-09-26 13:02:33> DEBUG [o.a.h.i.c.PoolingHttpClientConnectionManager] Connection [id: 0][route: {s}->https://branchtest.perfectomobile.com:443] can be kept alive indefinitely
<2017-09-26 13:02:33> DEBUG [o.a.h.i.c.PoolingHttpClientConnectionManager] Connection released: [id: 0][route: {s}->https://branchtest.perfectomobile.com:443][total kept alive: 1; route allocated: 5 of 2000; total allocated: 5 of 2000]
<2017-09-26 13:02:33> DEBUG [o.a.h.c.p.RequestAddCookies] CookieSpec selected: default
<2017-09-26 13:02:33> DEBUG [o.a.h.c.p.RequestAddCookies] Cookie [version: 0][name: JSESSIONID][value: 041E517C39C6121D9388CBD847465EA0][domain: branchtest.perfectomobile.com][path: /nexperience/][expiry: null] match [(secure)branchtest.perfectomobile.com:443/nexperience/perfectomobile/wd/hub/session/9653146c-9d83-4061-80ff-76b8ef1fd249/url]
<2017-09-26 13:02:33> DEBUG [o.a.h.c.p.RequestAddCookies] Cookie [version: 0][name: fast_failed][value: true][domain: branchtest.perfectomobile.com][path: /nexperience/perfectomobile/wd/hub][expiry: null] match [(secure)branchtest.perfectomobile.com:443/nexperience/perfectomobile/wd/hub/session/9653146c-9d83-4061-80ff-76b8ef1fd249/url]
<2017-09-26 13:02:33> DEBUG [o.a.h.c.p.RequestAddCookies] Cookie [version: 0][name: fast_failed][value: true][domain: branchtest.perfectomobile.com][path: /nexperience/perfectomobile/wd/hub/session/9653146c-9d83-4061-80ff-76b8ef1fd249][expiry: null] match [(secure)branchtest.perfectomobile.com:443/nexperience/perfectomobile/wd/hub/session/9653146c-9d83-4061-80ff-76b8ef1fd249/url]
<2017-09-26 13:02:33> DEBUG [o.a.h.c.p.RequestAuthCache] Auth cache not set in the context
<2017-09-26 13:02:33> DEBUG [o.a.h.i.c.PoolingHttpClientConnectionManager] Connection request: [route: {s}->https://branchtest.perfectomobile.com:443][total kept alive: 1; route allocated: 5 of 2000; total allocated: 5 of 2000]
<2017-09-26 13:02:33> DEBUG [o.a.h.i.c.PoolingHttpClientConnectionManager] Connection leased: [id: 0][route: {s}->https://branchtest.perfectomobile.com:443][total kept alive: 0; route allocated: 5 of 2000; total allocated: 5 of 2000]
<2017-09-26 13:02:33> DEBUG [o.a.h.i.execchain.MainClientExec] Stale connection check
<2017-09-26 13:02:33> DEBUG [org.apache.http.wire] http-outgoing-0 << "[read] I/O error: Read timed out"
<2017-09-26 13:02:33> DEBUG [o.a.h.i.c.DefaultManagedHttpClientConnection] http-outgoing-0: set socket timeout to 10800000
<2017-09-26 13:02:33> DEBUG [o.a.h.i.execchain.MainClientExec] Executing request POST /nexperience/perfectomobile/wd/hub/session/9653146c-9d83-4061-80ff-76b8ef1fd249/url HTTP/1.1
<2017-09-26 13:02:33> DEBUG [o.a.h.i.execchain.MainClientExec] Target auth state: UNCHALLENGED
<2017-09-26 13:02:33> DEBUG [o.a.h.i.execchain.MainClientExec] Proxy auth state: UNCHALLENGED
<2017-09-26 13:02:33> DEBUG [org.apache.http.headers] http-outgoing-0 >> POST /nexperience/perfectomobile/wd/hub/session/9653146c-9d83-4061-80ff-76b8ef1fd249/url HTTP/1.1
<2017-09-26 13:02:33> DEBUG [org.apache.http.headers] http-outgoing-0 >> Content-Type: application/json; charset=utf-8
<2017-09-26 13:02:33> DEBUG [org.apache.http.headers] http-outgoing-0 >> Content-Length: 31
<2017-09-26 13:02:33> DEBUG [org.apache.http.headers] http-outgoing-0 >> Host: branchtest.perfectomobile.com
<2017-09-26 13:02:33> DEBUG [org.apache.http.headers] http-outgoing-0 >> Connection: Keep-Alive
<2017-09-26 13:02:33> DEBUG [org.apache.http.headers] http-outgoing-0 >> User-Agent: Apache-HttpClient/4.5.2 (Java/1.8.0_121)
<2017-09-26 13:02:33> DEBUG [org.apache.http.headers] http-outgoing-0 >> Cookie: JSESSIONID=041E517C39C6121D9388CBD847465EA0; fast_failed=true; fast_failed=true
<2017-09-26 13:02:33> DEBUG [org.apache.http.headers] http-outgoing-0 >> Accept-Encoding: gzip,deflate
<2017-09-26 13:02:33> DEBUG [org.apache.http.wire] http-outgoing-0 >> "POST /nexperience/perfectomobile/wd/hub/session/9653146c-9d83-4061-80ff-76b8ef1fd249/url HTTP/1.1[\r][\n]"
<2017-09-26 13:02:33> DEBUG [org.apache.http.wire] http-outgoing-0 >> "Content-Type: application/json; charset=utf-8[\r][\n]"
<2017-09-26 13:02:33> DEBUG [org.apache.http.wire] http-outgoing-0 >> "Content-Length: 31[\r][\n]"
<2017-09-26 13:02:33> DEBUG [org.apache.http.wire] http-outgoing-0 >> "Host: branchtest.perfectomobile.com[\r][\n]"
<2017-09-26 13:02:33> DEBUG [org.apache.http.wire] http-outgoing-0 >> "Connection: Keep-Alive[\r][\n]"
<2017-09-26 13:02:33> DEBUG [org.apache.http.wire] http-outgoing-0 >> "User-Agent: Apache-HttpClient/4.5.2 (Java/1.8.0_121)[\r][\n]"
<2017-09-26 13:02:33> DEBUG [org.apache.http.wire] http-outgoing-0 >> "Cookie: JSESSIONID=041E517C39C6121D9388CBD847465EA0; fast_failed=true; fast_failed=true[\r][\n]"
<2017-09-26 13:02:33> DEBUG [org.apache.http.wire] http-outgoing-0 >> "Accept-Encoding: gzip,deflate[\r][\n]"
<2017-09-26 13:02:33> DEBUG [org.apache.http.wire] http-outgoing-0 >> "[\r][\n]"
<2017-09-26 13:02:33> DEBUG [org.apache.http.wire] http-outgoing-0 >> "{"url":"http://www.google.com"}"
<2017-09-26 13:02:34> DEBUG [org.apache.http.wire] http-outgoing-2 << "HTTP/1.1 200 OK[\r][\n]"
<2017-09-26 13:02:34> DEBUG [org.apache.http.wire] http-outgoing-2 << "Server: nginx[\r][\n]"
<2017-09-26 13:02:34> DEBUG [org.apache.http.wire] http-outgoing-2 << "Date: Tue, 26 Sep 2017 10:02:30 GMT[\r][\n]"
<2017-09-26 13:02:34> DEBUG [org.apache.http.wire] http-outgoing-2 << "Content-Type: application/json;charset=utf-8[\r][\n]"
<2017-09-26 13:02:34> DEBUG [org.apache.http.wire] http-outgoing-2 << "Transfer-Encoding: chunked[\r][\n]"
<2017-09-26 13:02:34> DEBUG [org.apache.http.wire] http-outgoing-2 << "Connection: keep-alive[\r][\n]"
<2017-09-26 13:02:34> DEBUG [org.apache.http.wire] http-outgoing-2 << "Set-Cookie: JSESSIONID=27EB45499251C70336AF3FC9E711F534; Path=/nexperience/; HttpOnly[\r][\n]"
<2017-09-26 13:02:34> DEBUG [org.apache.http.wire] http-outgoing-2 << "Expires: Thu, 01 Jan 1970 00:00:00 GMT[\r][\n]"
<2017-09-26 13:02:34> DEBUG [org.apache.http.wire] http-outgoing-2 << "Cache-Control: no-cache[\r][\n]"
<2017-09-26 13:02:34> DEBUG [org.apache.http.wire] http-outgoing-2 << "Cache-Control: no-cache[\r][\n]"
<2017-09-26 13:02:34> DEBUG [org.apache.http.wire] http-outgoing-2 << "Expires: Thu, 01 Jan 1970 00:00:00 GMT[\r][\n]"
<2017-09-26 13:02:34> DEBUG [org.apache.http.wire] http-outgoing-2 << "Set-Cookie: fast_failed=true[\r][\n]"
<2017-09-26 13:02:34> DEBUG [org.apache.http.wire] http-outgoing-2 << "X-XSS-Protection: 2; mode=block[\r][\n]"
<2017-09-26 13:02:34> DEBUG [org.apache.http.wire] http-outgoing-2 << "Content-Encoding: gzip[\r][\n]"
<2017-09-26 13:02:34> DEBUG [org.apache.http.wire] http-outgoing-2 << "[\r][\n]"
<2017-09-26 13:02:34> DEBUG [org.apache.http.wire] http-outgoing-2 << "96[\r][\n]"
<2017-09-26 13:02:34> DEBUG [org.apache.http.wire] http-outgoing-2 << "[0x1f][0x8b][0x8][0x0][0x0][0x0][0x0][0x0][0x0][0x3]-[0xcc][0xbb][0x12][0x82]0[0x10][0x85][0xe1]w[0xd9][0x9a]drA[0x18]h[0xad]l}[0x83]5l[0x94][0x99][0x90][0x0][0x9b][0xd8]8[0xbe][0xbb][[0xd8][0xfe][0xf3][0x9d][0xf3][0x1]&[0xe6][0xb5][0xe4][0xdb][0x2]3[0x98][0xe8][0xe3]%ZR[0x18][0xe2]C[0xf5]~[0xf4][\n]"
<2017-09-26 13:02:34> DEBUG [org.apache.http.wire] http-outgoing-2 << "[0x8d][0xb5]*"F[0xe7]\O[0xe3]8A[0x7]\[0xb1][0x92]pn![0xc8]Z[0xca][0xeb]Z[0x16])[0xd6]L[0xde][0xf5][0x83][0x19]\[0x7]oLMRn)u[0x10][0x12][0x8a][0x9b][0xa1][0x9c]O]v[0xca][0x7]j[0xa6]Dym[0x9b]>i+[0x95][0xf4][0x9d]x/[0x99][0xe9][0xff][0xdf][0x84][0x9b][0xef][0xf][0xc5]h.[0x9e][0x9f][0x0][0x0][0x0][\r][\n]"
<2017-09-26 13:02:34> DEBUG [org.apache.http.wire] http-outgoing-2 << "0[\r][\n]"
<2017-09-26 13:02:34> DEBUG [org.apache.http.wire] http-outgoing-2 << "[\r][\n]"
<2017-09-26 13:02:34> DEBUG [org.apache.http.headers] http-outgoing-2 << HTTP/1.1 200 OK
<2017-09-26 13:02:34> DEBUG [org.apache.http.headers] http-outgoing-2 << Server: nginx
<2017-09-26 13:02:34> DEBUG [org.apache.http.headers] http-outgoing-2 << Date: Tue, 26 Sep 2017 10:02:30 GMT
<2017-09-26 13:02:34> DEBUG [org.apache.http.headers] http-outgoing-2 << Content-Type: application/json;charset=utf-8
<2017-09-26 13:02:34> DEBUG [org.apache.http.headers] http-outgoing-2 << Transfer-Encoding: chunked
<2017-09-26 13:02:34> DEBUG [org.apache.http.headers] http-outgoing-2 << Connection: keep-alive
<2017-09-26 13:02:34> DEBUG [org.apache.http.headers] http-outgoing-2 << Set-Cookie: JSESSIONID=27EB45499251C70336AF3FC9E711F534; Path=/nexperience/; HttpOnly
<2017-09-26 13:02:34> DEBUG [org.apache.http.headers] http-outgoing-2 << Expires: Thu, 01 Jan 1970 00:00:00 GMT
<2017-09-26 13:02:34> DEBUG [org.apache.http.headers] http-outgoing-2 << Cache-Control: no-cache
<2017-09-26 13:02:34> DEBUG [org.apache.http.headers] http-outgoing-2 << Cache-Control: no-cache
<2017-09-26 13:02:34> DEBUG [org.apache.http.headers] http-outgoing-2 << Expires: Thu, 01 Jan 1970 00:00:00 GMT
<2017-09-26 13:02:34> DEBUG [org.apache.http.headers] http-outgoing-2 << Set-Cookie: fast_failed=true
<2017-09-26 13:02:34> DEBUG [org.apache.http.headers] http-outgoing-2 << X-XSS-Protection: 2; mode=block
<2017-09-26 13:02:34> DEBUG [org.apache.http.headers] http-outgoing-2 << Content-Encoding: gzip
<2017-09-26 13:02:34> DEBUG [o.a.h.i.execchain.MainClientExec] Connection can be kept alive indefinitely
<2017-09-26 13:02:34> DEBUG [o.a.h.c.p.ResponseProcessCookies] Cookie accepted [JSESSIONID="27EB45499251C70336AF3FC9E711F534", version:0, domain:branchtest.perfectomobile.com, path:/nexperience/, expiry:null]
<2017-09-26 13:02:34> DEBUG [o.a.h.c.p.ResponseProcessCookies] Cookie accepted [fast_failed="true", version:0, domain:branchtest.perfectomobile.com, path:/nexperience/perfectomobile/wd/hub/session/0f3f5f1e-acfb-4373-a011-faaf2224e779/element/0, expiry:null]
<2017-09-26 13:02:34> DEBUG [o.a.h.i.c.PoolingHttpClientConnectionManager] Connection [id: 2][route: {s}->https://branchtest.perfectomobile.com:443] can be kept alive indefinitely
<2017-09-26 13:02:34> DEBUG [o.a.h.i.c.PoolingHttpClientConnectionManager] Connection released: [id: 2][route: {s}->https://branchtest.perfectomobile.com:443][total kept alive: 1; route allocated: 5 of 2000; total allocated: 5 of 2000]
<2017-09-26 13:02:34> DEBUG [o.a.h.c.p.RequestAddCookies] CookieSpec selected: default
<2017-09-26 13:02:34> DEBUG [o.a.h.c.p.RequestAddCookies] Cookie [version: 0][name: JSESSIONID][value: 27EB45499251C70336AF3FC9E711F534][domain: branchtest.perfectomobile.com][path: /nexperience/][expiry: null] match [(secure)branchtest.perfectomobile.com:443/nexperience/perfectomobile/wd/hub/session/0f3f5f1e-acfb-4373-a011-faaf2224e779/title]
<2017-09-26 13:02:34> DEBUG [o.a.h.c.p.RequestAddCookies] Cookie [version: 0][name: fast_failed][value: true][domain: branchtest.perfectomobile.com][path: /nexperience/perfectomobile/wd/hub][expiry: null] match [(secure)branchtest.perfectomobile.com:443/nexperience/perfectomobile/wd/hub/session/0f3f5f1e-acfb-4373-a011-faaf2224e779/title]
<2017-09-26 13:02:34> DEBUG [o.a.h.c.p.RequestAddCookies] Cookie [version: 0][name: fast_failed][value: true][domain: branchtest.perfectomobile.com][path: /nexperience/perfectomobile/wd/hub/session/0f3f5f1e-acfb-4373-a011-faaf2224e779][expiry: null] match [(secure)branchtest.perfectomobile.com:443/nexperience/perfectomobile/wd/hub/session/0f3f5f1e-acfb-4373-a011-faaf2224e779/title]
<2017-09-26 13:02:34> DEBUG [o.a.h.c.p.RequestAuthCache] Auth cache not set in the context
<2017-09-26 13:02:34> DEBUG [o.a.h.i.c.PoolingHttpClientConnectionManager] Connection request: [route: {s}->https://branchtest.perfectomobile.com:443][total kept alive: 1; route allocated: 5 of 2000; total allocated: 5 of 2000]
<2017-09-26 13:02:34> DEBUG [o.a.h.i.c.PoolingHttpClientConnectionManager] Connection leased: [id: 2][route: {s}->https://branchtest.perfectomobile.com:443][total kept alive: 0; route allocated: 5 of 2000; total allocated: 5 of 2000]
<2017-09-26 13:02:34> DEBUG [o.a.h.i.execchain.MainClientExec] Stale connection check
<2017-09-26 13:02:34> DEBUG [org.apache.http.wire] http-outgoing-2 << "[read] I/O error: Read timed out"
<2017-09-26 13:02:34> DEBUG [o.a.h.i.c.DefaultManagedHttpClientConnection] http-outgoing-2: set socket timeout to 10800000
<2017-09-26 13:02:34> DEBUG [o.a.h.i.execchain.MainClientExec] Executing request GET /nexperience/perfectomobile/wd/hub/session/0f3f5f1e-acfb-4373-a011-faaf2224e779/title HTTP/1.1
<2017-09-26 13:02:34> DEBUG [o.a.h.i.execchain.MainClientExec] Target auth state: UNCHALLENGED
<2017-09-26 13:02:34> DEBUG [o.a.h.i.execchain.MainClientExec] Proxy auth state: UNCHALLENGED
<2017-09-26 13:02:34> DEBUG [org.apache.http.headers] http-outgoing-2 >> GET /nexperience/perfectomobile/wd/hub/session/0f3f5f1e-acfb-4373-a011-faaf2224e779/title HTTP/1.1
<2017-09-26 13:02:34> DEBUG [org.apache.http.headers] http-outgoing-2 >> Cache-Control: no-cache
<2017-09-26 13:02:34> DEBUG [org.apache.http.headers] http-outgoing-2 >> Host: branchtest.perfectomobile.com
<2017-09-26 13:02:34> DEBUG [org.apache.http.headers] http-outgoing-2 >> Connection: Keep-Alive
<2017-09-26 13:02:34> DEBUG [org.apache.http.headers] http-outgoing-2 >> User-Agent: Apache-HttpClient/4.5.2 (Java/1.8.0_121)
<2017-09-26 13:02:34> DEBUG [org.apache.http.headers] http-outgoing-2 >> Cookie: JSESSIONID=27EB45499251C70336AF3FC9E711F534; fast_failed=true; fast_failed=true
<2017-09-26 13:02:34> DEBUG [org.apache.http.headers] http-outgoing-2 >> Accept-Encoding: gzip,deflate
<2017-09-26 13:02:34> DEBUG [org.apache.http.wire] http-outgoing-2 >> "GET /nexperience/perfectomobile/wd/hub/session/0f3f5f1e-acfb-4373-a011-faaf2224e779/title HTTP/1.1[\r][\n]"
<2017-09-26 13:02:34> DEBUG [org.apache.http.wire] http-outgoing-2 >> "Cache-Control: no-cache[\r][\n]"
<2017-09-26 13:02:34> DEBUG [org.apache.http.wire] http-outgoing-2 >> "Host: branchtest.perfectomobile.com[\r][\n]"
<2017-09-26 13:02:34> DEBUG [org.apache.http.wire] http-outgoing-2 >> "Connection: Keep-Alive[\r][\n]"
<2017-09-26 13:02:34> DEBUG [org.apache.http.wire] http-outgoing-2 >> "User-Agent: Apache-HttpClient/4.5.2 (Java/1.8.0_121)[\r][\n]"
<2017-09-26 13:02:34> DEBUG [org.apache.http.wire] http-outgoing-2 >> "Cookie: JSESSIONID=27EB45499251C70336AF3FC9E711F534; fast_failed=true; fast_failed=true[\r][\n]"
<2017-09-26 13:02:34> DEBUG [org.apache.http.wire] http-outgoing-2 >> "Accept-Encoding: gzip,deflate[\r][\n]"
<2017-09-26 13:02:34> DEBUG [org.apache.http.wire] http-outgoing-2 >> "[\r][\n]"
<2017-09-26 13:02:34> DEBUG [org.apache.http.wire] http-outgoing-2 << "HTTP/1.1 200 OK[\r][\n]"
<2017-09-26 13:02:34> DEBUG [org.apache.http.wire] http-outgoing-2 << "Server: nginx[\r][\n]"
<2017-09-26 13:02:34> DEBUG [org.apache.http.wire] http-outgoing-2 << "Date: Tue, 26 Sep 2017 10:02:30 GMT[\r][\n]"
<2017-09-26 13:02:34> DEBUG [org.apache.http.wire] http-outgoing-2 << "Content-Type: application/json;charset=utf-8[\r][\n]"
<2017-09-26 13:02:34> DEBUG [org.apache.http.wire] http-outgoing-2 << "Transfer-Encoding: chunked[\r][\n]"
<2017-09-26 13:02:34> DEBUG [org.apache.http.wire] http-outgoing-2 << "Connection: keep-alive[\r][\n]"
<2017-09-26 13:02:34> DEBUG [org.apache.http.wire] http-outgoing-2 << "Set-Cookie: JSESSIONID=27EB45499251C70336AF3FC9E711F534; Path=/nexperience/; HttpOnly[\r][\n]"
<2017-09-26 13:02:34> DEBUG [org.apache.http.wire] http-outgoing-2 << "Expires: Thu, 01 Jan 1970 00:00:00 GMT[\r][\n]"
<2017-09-26 13:02:34> DEBUG [org.apache.http.wire] http-outgoing-2 << "Cache-Control: no-cache[\r][\n]"
<2017-09-26 13:02:34> DEBUG [org.apache.http.wire] http-outgoing-2 << "Cache-Control: no-cache[\r][\n]"
<2017-09-26 13:02:34> DEBUG [org.apache.http.wire] http-outgoing-2 << "Expires: Thu, 01 Jan 1970 00:00:00 GMT[\r][\n]"
<2017-09-26 13:02:34> DEBUG [org.apache.http.wire] http-outgoing-2 << "Set-Cookie: fast_failed=true[\r][\n]"
<2017-09-26 13:02:34> DEBUG [org.apache.http.wire] http-outgoing-2 << "X-XSS-Protection: 2; mode=block[\r][\n]"
<2017-09-26 13:02:34> DEBUG [org.apache.http.wire] http-outgoing-2 << "Content-Encoding: gzip[\r][\n]"
<2017-09-26 13:02:34> DEBUG [org.apache.http.wire] http-outgoing-2 << "[\r][\n]"
<2017-09-26 13:02:34> DEBUG [org.apache.http.wire] http-outgoing-2 << "ad[\r][\n]"
<2017-09-26 13:02:34> DEBUG [org.apache.http.wire] http-outgoing-2 << "[0x1f][0x8b][0x8][0x0][0x0][0x0][0x0][0x0][0x0][0x3]-[0x8d][0xcb][\n]"
<2017-09-26 13:02:34> DEBUG [org.apache.http.wire] http-outgoing-2 << "[0xc2]0[0x14]D]]>&#x7f;<![CDATA[[0xa5]d[0xdd][0x84][0xa4][0xf]B[0xbb]u!.[0x4][0xd1]/[0xb8]Mo[0xda]B[0x9a][[0xf3]p#[0xfe][0xbb][0x11][0xdc][\r][0xc3]93o[0x16]1[0xc6][0x8d][0xfc]ef#[0x93][0xb6][0xb5][0xbd]U[0xc8][0xc1][0xd8][0x89]w[0xad]n9H[0xa5][0xb8][0x5][0xb0]M[0xd3]t[0xa8][0xf5][0xc0]j[0x16][0x13]$,x[0xcc][0xc6][0x14][0xbb]4[0xeb][0x89][0xe6][0xd2][0xa8]^[0xf][0x83][0x92]Z[0xaa][0x9a][0xbd][0xc0][0xe5][0x1f]t[0xc3]`[0xd1]$[0xaa][0xae]4m[0xe]+^[0x9d][0x89][0x96][0x12][0x1e][0x8][0xc1][0xac]E6[0xe][0xca][0xc8][0xc8](,[0x82][0xe][0xf4]O[0x10][0x11][0x1d][0xfa]-[0xef]"[0xe0]N[0x9][0xc5][0x1d][0xe3]A>[0xe2][0xff]<[0x17]\~[0xbe][0xce][0xf3]|z[0xbc][0x0][0x0][0x0][\r][\n]"
<2017-09-26 13:02:34> DEBUG [org.apache.http.wire] http-outgoing-2 << "0[\r][\n]"
<2017-09-26 13:02:34> DEBUG [org.apache.http.wire] http-outgoing-2 << "[\r][\n]"
<2017-09-26 13:02:34> DEBUG [org.apache.http.headers] http-outgoing-2 << HTTP/1.1 200 OK
<2017-09-26 13:02:34> DEBUG [org.apache.http.headers] http-outgoing-2 << Server: nginx
<2017-09-26 13:02:34> DEBUG [org.apache.http.headers] http-outgoing-2 << Date: Tue, 26 Sep 2017 10:02:30 GMT
<2017-09-26 13:02:34> DEBUG [org.apache.http.headers] http-outgoing-2 << Content-Type: application/json;charset=utf-8
<2017-09-26 13:02:34> DEBUG [org.apache.http.headers] http-outgoing-2 << Transfer-Encoding: chunked
<2017-09-26 13:02:34> DEBUG [org.apache.http.headers] http-outgoing-2 << Connection: keep-alive
<2017-09-26 13:02:34> DEBUG [org.apache.http.headers] http-outgoing-2 << Set-Cookie: JSESSIONID=27EB45499251C70336AF3FC9E711F534; Path=/nexperience/; HttpOnly
<2017-09-26 13:02:34> DEBUG [org.apache.http.headers] http-outgoing-2 << Expires: Thu, 01 Jan 1970 00:00:00 GMT
<2017-09-26 13:02:34> DEBUG [org.apache.http.headers] http-outgoing-2 << Cache-Control: no-cache
<2017-09-26 13:02:34> DEBUG [org.apache.http.headers] http-outgoing-2 << Cache-Control: no-cache
<2017-09-26 13:02:34> DEBUG [org.apache.http.headers] http-outgoing-2 << Expires: Thu, 01 Jan 1970 00:00:00 GMT
<2017-09-26 13:02:34> DEBUG [org.apache.http.headers] http-outgoing-2 << Set-Cookie: fast_failed=true
<2017-09-26 13:02:34> DEBUG [org.apache.http.headers] http-outgoing-2 << X-XSS-Protection: 2; mode=block
<2017-09-26 13:02:34> DEBUG [org.apache.http.headers] http-outgoing-2 << Content-Encoding: gzip
<2017-09-26 13:02:34> DEBUG [o.a.h.i.execchain.MainClientExec] Connection can be kept alive indefinitely
<2017-09-26 13:02:34> DEBUG [o.a.h.c.p.ResponseProcessCookies] Cookie accepted [JSESSIONID="27EB45499251C70336AF3FC9E711F534", version:0, domain:branchtest.perfectomobile.com, path:/nexperience/, expiry:null]
<2017-09-26 13:02:34> DEBUG [o.a.h.c.p.ResponseProcessCookies] Cookie accepted [fast_failed="true", version:0, domain:branchtest.perfectomobile.com, path:/nexperience/perfectomobile/wd/hub/session/0f3f5f1e-acfb-4373-a011-faaf2224e779, expiry:null]
<2017-09-26 13:02:34> DEBUG [o.a.h.i.c.PoolingHttpClientConnectionManager] Connection [id: 2][route: {s}->https://branchtest.perfectomobile.com:443] can be kept alive indefinitely
<2017-09-26 13:02:34> DEBUG [o.a.h.i.c.PoolingHttpClientConnectionManager] Connection released: [id: 2][route: {s}->https://branchtest.perfectomobile.com:443][total kept alive: 1; route allocated: 5 of 2000; total allocated: 5 of 2000]
Done: searchGoogle
<2017-09-26 13:02:34> DEBUG [o.a.h.c.p.RequestAddCookies] CookieSpec selected: default
<2017-09-26 13:02:34> DEBUG [o.a.h.c.p.RequestAddCookies] Cookie [version: 0][name: JSESSIONID][value: 27EB45499251C70336AF3FC9E711F534][domain: branchtest.perfectomobile.com][path: /nexperience/][expiry: null] match [(secure)branchtest.perfectomobile.com:443/nexperience/perfectomobile/wd/hub/session/0f3f5f1e-acfb-4373-a011-faaf2224e779/execute]
<2017-09-26 13:02:34> DEBUG [o.a.h.c.p.RequestAddCookies] Cookie [version: 0][name: fast_failed][value: true][domain: branchtest.perfectomobile.com][path: /nexperience/perfectomobile/wd/hub][expiry: null] match [(secure)branchtest.perfectomobile.com:443/nexperience/perfectomobile/wd/hub/session/0f3f5f1e-acfb-4373-a011-faaf2224e779/execute]
<2017-09-26 13:02:34> DEBUG [o.a.h.c.p.RequestAddCookies] Cookie [version: 0][name: fast_failed][value: true][domain: branchtest.perfectomobile.com][path: /nexperience/perfectomobile/wd/hub/session/0f3f5f1e-acfb-4373-a011-faaf2224e779][expiry: null] match [(secure)branchtest.perfectomobile.com:443/nexperience/perfectomobile/wd/hub/session/0f3f5f1e-acfb-4373-a011-faaf2224e779/execute]
<2017-09-26 13:02:34> DEBUG [o.a.h.c.p.RequestAuthCache] Auth cache not set in the context
<2017-09-26 13:02:34> DEBUG [o.a.h.i.c.PoolingHttpClientConnectionManager] Connection request: [route: {s}->https://branchtest.perfectomobile.com:443][total kept alive: 1; route allocated: 5 of 2000; total allocated: 5 of 2000]
<2017-09-26 13:02:34> DEBUG [o.a.h.i.c.PoolingHttpClientConnectionManager] Connection leased: [id: 2][route: {s}->https://branchtest.perfectomobile.com:443][total kept alive: 0; route allocated: 5 of 2000; total allocated: 5 of 2000]
<2017-09-26 13:02:34> DEBUG [o.a.h.i.execchain.MainClientExec] Stale connection check
<2017-09-26 13:02:34> DEBUG [org.apache.http.wire] http-outgoing-2 << "[read] I/O error: Read timed out"
<2017-09-26 13:02:34> DEBUG [o.a.h.i.c.DefaultManagedHttpClientConnection] http-outgoing-2: set socket timeout to 10800000
<2017-09-26 13:02:34> DEBUG [o.a.h.i.execchain.MainClientExec] Executing request POST /nexperience/perfectomobile/wd/hub/session/0f3f5f1e-acfb-4373-a011-faaf2224e779/execute HTTP/1.1
<2017-09-26 13:02:34> DEBUG [o.a.h.i.execchain.MainClientExec] Target auth state: UNCHALLENGED
<2017-09-26 13:02:34> DEBUG [o.a.h.i.execchain.MainClientExec] Proxy auth state: UNCHALLENGED
<2017-09-26 13:02:34> DEBUG [org.apache.http.headers] http-outgoing-2 >> POST /nexperience/perfectomobile/wd/hub/session/0f3f5f1e-acfb-4373-a011-faaf2224e779/execute HTTP/1.1
<2017-09-26 13:02:34> DEBUG [org.apache.http.headers] http-outgoing-2 >> Content-Type: application/json; charset=utf-8
<2017-09-26 13:02:34> DEBUG [org.apache.http.headers] http-outgoing-2 >> Content-Length: 195
<2017-09-26 13:02:34> DEBUG [org.apache.http.headers] http-outgoing-2 >> Host: branchtest.perfectomobile.com
<2017-09-26 13:02:34> DEBUG [org.apache.http.headers] http-outgoing-2 >> Connection: Keep-Alive
<2017-09-26 13:02:34> DEBUG [org.apache.http.headers] http-outgoing-2 >> User-Agent: Apache-HttpClient/4.5.2 (Java/1.8.0_121)
<2017-09-26 13:02:34> DEBUG [org.apache.http.headers] http-outgoing-2 >> Cookie: JSESSIONID=27EB45499251C70336AF3FC9E711F534; fast_failed=true; fast_failed=true
<2017-09-26 13:02:34> DEBUG [org.apache.http.headers] http-outgoing-2 >> Accept-Encoding: gzip,deflate
<2017-09-26 13:02:34> DEBUG [org.apache.http.wire] http-outgoing-2 >> "POST /nexperience/perfectomobile/wd/hub/session/0f3f5f1e-acfb-4373-a011-faaf2224e779/execute HTTP/1.1[\r][\n]"
<2017-09-26 13:02:34> DEBUG [org.apache.http.wire] http-outgoing-2 >> "Content-Type: application/json; charset=utf-8[\r][\n]"
<2017-09-26 13:02:34> DEBUG [org.apache.http.wire] http-outgoing-2 >> "Content-Length: 195[\r][\n]"
<2017-09-26 13:02:34> DEBUG [org.apache.http.wire] http-outgoing-2 >> "Host: branchtest.perfectomobile.com[\r][\n]"
<2017-09-26 13:02:34> DEBUG [org.apache.http.wire] http-outgoing-2 >> "Connection: Keep-Alive[\r][\n]"
<2017-09-26 13:02:34> DEBUG [org.apache.http.wire] http-outgoing-2 >> "User-Agent: Apache-HttpClient/4.5.2 (Java/1.8.0_121)[\r][\n]"
<2017-09-26 13:02:34> DEBUG [org.apache.http.wire] http-outgoing-2 >> "Cookie: JSESSIONID=27EB45499251C70336AF3FC9E711F534; fast_failed=true; fast_failed=true[\r][\n]"
<2017-09-26 13:02:34> DEBUG [org.apache.http.wire] http-outgoing-2 >> "Accept-Encoding: gzip,deflate[\r][\n]"
<2017-09-26 13:02:34> DEBUG [org.apache.http.wire] http-outgoing-2 >> "[\r][\n]"
<2017-09-26 13:02:34> DEBUG [org.apache.http.wire] http-outgoing-2 >> "{"script":"mobile:test:start","args":[{"jobName":"Sample Job","name":"Way2Automation Flow","projectName":"Sample Script","jobNumber":45,"projectVersion":"1.0","tags":["Java","Sample","Native"]}]}"
<2017-09-26 13:02:34> DEBUG [org.apache.http.wire] http-outgoing-2 << "HTTP/1.1 200 OK[\r][\n]"
<2017-09-26 13:02:34> DEBUG [org.apache.http.wire] http-outgoing-2 << "Server: nginx[\r][\n]"
<2017-09-26 13:02:34> DEBUG [org.apache.http.wire] http-outgoing-2 << "Date: Tue, 26 Sep 2017 10:02:30 GMT[\r][\n]"
<2017-09-26 13:02:34> DEBUG [org.apache.http.wire] http-outgoing-2 << "Content-Type: application/json;charset=utf-8[\r][\n]"
<2017-09-26 13:02:34> DEBUG [org.apache.http.wire] http-outgoing-2 << "Transfer-Encoding: chunked[\r][\n]"
<2017-09-26 13:02:34> DEBUG [org.apache.http.wire] http-outgoing-2 << "Connection: keep-alive[\r][\n]"
<2017-09-26 13:02:34> DEBUG [org.apache.http.wire] http-outgoing-2 << "Set-Cookie: JSESSIONID=27EB45499251C70336AF3FC9E711F534; Path=/nexperience/; HttpOnly[\r][\n]"
<2017-09-26 13:02:34> DEBUG [org.apache.http.wire] http-outgoing-2 << "Expires: Thu, 01 Jan 1970 00:00:00 GMT[\r][\n]"
<2017-09-26 13:02:34> DEBUG [org.apache.http.wire] http-outgoing-2 << "Cache-Control: no-cache[\r][\n]"
<2017-09-26 13:02:34> DEBUG [org.apache.http.wire] http-outgoing-2 << "Cache-Control: no-cache[\r][\n]"
<2017-09-26 13:02:34> DEBUG [org.apache.http.wire] http-outgoing-2 << "Expires: Thu, 01 Jan 1970 00:00:00 GMT[\r][\n]"
<2017-09-26 13:02:34> DEBUG [org.apache.http.wire] http-outgoing-2 << "Set-Cookie: fast_failed=true[\r][\n]"
<2017-09-26 13:02:34> DEBUG [org.apache.http.wire] http-outgoing-2 << "X-XSS-Protection: 2; mode=block[\r][\n]"
<2017-09-26 13:02:34> DEBUG [org.apache.http.wire] http-outgoing-2 << "Content-Encoding: gzip[\r][\n]"
<2017-09-26 13:02:34> DEBUG [org.apache.http.wire] http-outgoing-2 << "[\r][\n]"
<2017-09-26 13:02:34> DEBUG [org.apache.http.wire] http-outgoing-2 << "98[\r][\n]"
<2017-09-26 13:02:34> DEBUG [org.apache.http.wire] http-outgoing-2 << "[0x1f][0x8b][0x8][0x0][0x0][0x0][0x0][0x0][0x0][0x3]-[0xcc][0xb1][0xe][0xc2]0[0xc][0x4][0xd0]]]>&#x7f;<![CDATA[[0xf1][0xdc][0x84]$[\r][0x8d][0xe8][0x86][0x98]X[0x18][0xf8][0x3][0x93]:P[0xa9]MJ[0xdd][0xb0] [0xfe][0x1d]#[0xb1][0xde][0xbd][0xbb]701[0x8f]%[0x9f][0x7][0xe8][0xc1][0xa4]6[0xed][0x93]%[0x85]1[0xdd][0x94]oC[0xab][0xd0]X[0xab][0x12]br[0xce]y[\n]"
<2017-09-26 13:02:34> DEBUG [org.apache.http.wire] http-outgoing-2 << "[0xe1][0x0][\r][0xf0][0x86][0x1b][0x9][0xe7][0x1a][0xa3][0xac]%y[0x9c][0xca] I[0xd7][0x85][0x10][0x9c]w[0xbe][0x81][0x17]N[0xf5]g.[0xbb][0xa3][0xf4]qBq=[0x94][0xf5][0xae][0xcb]B[0xf9][0x89][0x9a]i[0xa2]<[0xd6]Y[0xaf]4[0x97][0x8d][0xf4][0x95]x)[0x99][0xe9][0xff]_[0x85][0x9b][0xcf][0x17][0x92][0xa7]F[0x9][0x9f][0x0][0x0][0x0][\r][\n]"
<2017-09-26 13:02:34> DEBUG [org.apache.http.wire] http-outgoing-2 << "0[\r][\n]"
<2017-09-26 13:02:34> DEBUG [org.apache.http.wire] http-outgoing-2 << "[\r][\n]"
<2017-09-26 13:02:34> DEBUG [org.apache.http.headers] http-outgoing-2 << HTTP/1.1 200 OK
<2017-09-26 13:02:34> DEBUG [org.apache.http.headers] http-outgoing-2 << Server: nginx
<2017-09-26 13:02:34> DEBUG [org.apache.http.headers] http-outgoing-2 << Date: Tue, 26 Sep 2017 10:02:30 GMT
<2017-09-26 13:02:34> DEBUG [org.apache.http.headers] http-outgoing-2 << Content-Type: application/json;charset=utf-8
<2017-09-26 13:02:34> DEBUG [org.apache.http.headers] http-outgoing-2 << Transfer-Encoding: chunked
<2017-09-26 13:02:34> DEBUG [org.apache.http.headers] http-outgoing-2 << Connection: keep-alive
<2017-09-26 13:02:34> DEBUG [org.apache.http.headers] http-outgoing-2 << Set-Cookie: JSESSIONID=27EB45499251C70336AF3FC9E711F534; Path=/nexperience/; HttpOnly
<2017-09-26 13:02:34> DEBUG [org.apache.http.headers] http-outgoing-2 << Expires: Thu, 01 Jan 1970 00:00:00 GMT
<2017-09-26 13:02:34> DEBUG [org.apache.http.headers] http-outgoing-2 << Cache-Control: no-cache
<2017-09-26 13:02:34> DEBUG [org.apache.http.headers] http-outgoing-2 << Cache-Control: no-cache
<2017-09-26 13:02:34> DEBUG [org.apache.http.headers] http-outgoing-2 << Expires: Thu, 01 Jan 1970 00:00:00 GMT
<2017-09-26 13:02:34> DEBUG [org.apache.http.headers] http-outgoing-2 << Set-Cookie: fast_failed=true
<2017-09-26 13:02:34> DEBUG [org.apache.http.headers] http-outgoing-2 << X-XSS-Protection: 2; mode=block
<2017-09-26 13:02:34> DEBUG [org.apache.http.headers] http-outgoing-2 << Content-Encoding: gzip
<2017-09-26 13:02:34> DEBUG [o.a.h.i.execchain.MainClientExec] Connection can be kept alive indefinitely
<2017-09-26 13:02:34> DEBUG [o.a.h.c.p.ResponseProcessCookies] Cookie accepted [JSESSIONID="27EB45499251C70336AF3FC9E711F534", version:0, domain:branchtest.perfectomobile.com, path:/nexperience/, expiry:null]
<2017-09-26 13:02:34> DEBUG [o.a.h.c.p.ResponseProcessCookies] Cookie accepted [fast_failed="true", version:0, domain:branchtest.perfectomobile.com, path:/nexperience/perfectomobile/wd/hub/session/0f3f5f1e-acfb-4373-a011-faaf2224e779, expiry:null]
<2017-09-26 13:02:34> DEBUG [o.a.h.i.c.PoolingHttpClientConnectionManager] Connection [id: 2][route: {s}->https://branchtest.perfectomobile.com:443] can be kept alive indefinitely
<2017-09-26 13:02:34> DEBUG [o.a.h.i.c.PoolingHttpClientConnectionManager] Connection released: [id: 2][route: {s}->https://branchtest.perfectomobile.com:443][total kept alive: 1; route allocated: 5 of 2000; total allocated: 5 of 2000]
<2017-09-26 13:02:34> DEBUG [o.a.h.c.p.RequestAddCookies] CookieSpec selected: default
<2017-09-26 13:02:34> DEBUG [o.a.h.c.p.RequestAddCookies] Cookie [version: 0][name: JSESSIONID][value: 27EB45499251C70336AF3FC9E711F534][domain: branchtest.perfectomobile.com][path: /nexperience/][expiry: null] match [(secure)branchtest.perfectomobile.com:443/nexperience/perfectomobile/wd/hub/session/0f3f5f1e-acfb-4373-a011-faaf2224e779/execute]
<2017-09-26 13:02:34> DEBUG [o.a.h.c.p.RequestAddCookies] Cookie [version: 0][name: fast_failed][value: true][domain: branchtest.perfectomobile.com][path: /nexperience/perfectomobile/wd/hub][expiry: null] match [(secure)branchtest.perfectomobile.com:443/nexperience/perfectomobile/wd/hub/session/0f3f5f1e-acfb-4373-a011-faaf2224e779/execute]
<2017-09-26 13:02:34> DEBUG [o.a.h.c.p.RequestAddCookies] Cookie [version: 0][name: fast_failed][value: true][domain: branchtest.perfectomobile.com][path: /nexperience/perfectomobile/wd/hub/session/0f3f5f1e-acfb-4373-a011-faaf2224e779][expiry: null] match [(secure)branchtest.perfectomobile.com:443/nexperience/perfectomobile/wd/hub/session/0f3f5f1e-acfb-4373-a011-faaf2224e779/execute]
<2017-09-26 13:02:34> DEBUG [o.a.h.c.p.RequestAuthCache] Auth cache not set in the context
<2017-09-26 13:02:34> DEBUG [o.a.h.i.c.PoolingHttpClientConnectionManager] Connection request: [route: {s}->https://branchtest.perfectomobile.com:443][total kept alive: 1; route allocated: 5 of 2000; total allocated: 5 of 2000]
<2017-09-26 13:02:34> DEBUG [o.a.h.i.c.PoolingHttpClientConnectionManager] Connection leased: [id: 2][route: {s}->https://branchtest.perfectomobile.com:443][total kept alive: 0; route allocated: 5 of 2000; total allocated: 5 of 2000]
<2017-09-26 13:02:34> DEBUG [o.a.h.i.execchain.MainClientExec] Stale connection check
<2017-09-26 13:02:34> DEBUG [org.apache.http.wire] http-outgoing-2 << "[read] I/O error: Read timed out"
<2017-09-26 13:02:34> DEBUG [o.a.h.i.c.DefaultManagedHttpClientConnection] http-outgoing-2: set socket timeout to 10800000
<2017-09-26 13:02:34> DEBUG [o.a.h.i.execchain.MainClientExec] Executing request POST /nexperience/perfectomobile/wd/hub/session/0f3f5f1e-acfb-4373-a011-faaf2224e779/execute HTTP/1.1
<2017-09-26 13:02:34> DEBUG [o.a.h.i.execchain.MainClientExec] Target auth state: UNCHALLENGED
<2017-09-26 13:02:34> DEBUG [o.a.h.i.execchain.MainClientExec] Proxy auth state: UNCHALLENGED
<2017-09-26 13:02:34> DEBUG [org.apache.http.headers] http-outgoing-2 >> POST /nexperience/perfectomobile/wd/hub/session/0f3f5f1e-acfb-4373-a011-faaf2224e779/execute HTTP/1.1
<2017-09-26 13:02:34> DEBUG [org.apache.http.headers] http-outgoing-2 >> Content-Type: application/json; charset=utf-8
<2017-09-26 13:02:34> DEBUG [org.apache.http.headers] http-outgoing-2 >> Content-Length: 67
<2017-09-26 13:02:34> DEBUG [org.apache.http.headers] http-outgoing-2 >> Host: branchtest.perfectomobile.com
<2017-09-26 13:02:34> DEBUG [org.apache.http.headers] http-outgoing-2 >> Connection: Keep-Alive
<2017-09-26 13:02:34> DEBUG [org.apache.http.headers] http-outgoing-2 >> User-Agent: Apache-HttpClient/4.5.2 (Java/1.8.0_121)
<2017-09-26 13:02:34> DEBUG [org.apache.http.headers] http-outgoing-2 >> Cookie: JSESSIONID=27EB45499251C70336AF3FC9E711F534; fast_failed=true; fast_failed=true
<2017-09-26 13:02:34> DEBUG [org.apache.http.headers] http-outgoing-2 >> Accept-Encoding: gzip,deflate
<2017-09-26 13:02:34> DEBUG [org.apache.http.wire] http-outgoing-2 >> "POST /nexperience/perfectomobile/wd/hub/session/0f3f5f1e-acfb-4373-a011-faaf2224e779/execute HTTP/1.1[\r][\n]"
<2017-09-26 13:02:34> DEBUG [org.apache.http.wire] http-outgoing-2 >> "Content-Type: application/json; charset=utf-8[\r][\n]"
<2017-09-26 13:02:34> DEBUG [org.apache.http.wire] http-outgoing-2 >> "Content-Length: 67[\r][\n]"
<2017-09-26 13:02:34> DEBUG [org.apache.http.wire] http-outgoing-2 >> "Host: branchtest.perfectomobile.com[\r][\n]"
<2017-09-26 13:02:34> DEBUG [org.apache.http.wire] http-outgoing-2 >> "Connection: Keep-Alive[\r][\n]"
<2017-09-26 13:02:34> DEBUG [org.apache.http.wire] http-outgoing-2 >> "User-Agent: Apache-HttpClient/4.5.2 (Java/1.8.0_121)[\r][\n]"
<2017-09-26 13:02:34> DEBUG [org.apache.http.wire] http-outgoing-2 >> "Cookie: JSESSIONID=27EB45499251C70336AF3FC9E711F534; fast_failed=true; fast_failed=true[\r][\n]"
<2017-09-26 13:02:34> DEBUG [org.apache.http.wire] http-outgoing-2 >> "Accept-Encoding: gzip,deflate[\r][\n]"
<2017-09-26 13:02:34> DEBUG [org.apache.http.wire] http-outgoing-2 >> "[\r][\n]"
<2017-09-26 13:02:34> DEBUG [org.apache.http.wire] http-outgoing-2 >> "{"script":"mobile:step:start","args":[{"name":"Navigate to site"}]}"
<2017-09-26 13:02:34> DEBUG [org.apache.http.wire] http-outgoing-2 << "HTTP/1.1 200 OK[\r][\n]"
<2017-09-26 13:02:34> DEBUG [org.apache.http.wire] http-outgoing-2 << "Server: nginx[\r][\n]"
<2017-09-26 13:02:34> DEBUG [org.apache.http.wire] http-outgoing-2 << "Date: Tue, 26 Sep 2017 10:02:31 GMT[\r][\n]"
<2017-09-26 13:02:34> DEBUG [org.apache.http.wire] http-outgoing-2 << "Content-Type: application/json;charset=utf-8[\r][\n]"
<2017-09-26 13:02:34> DEBUG [org.apache.http.wire] http-outgoing-2 << "Transfer-Encoding: chunked[\r][\n]"
<2017-09-26 13:02:34> DEBUG [org.apache.http.wire] http-outgoing-2 << "Connection: keep-alive[\r][\n]"
<2017-09-26 13:02:34> DEBUG [org.apache.http.wire] http-outgoing-2 << "Set-Cookie: JSESSIONID=27EB45499251C70336AF3FC9E711F534; Path=/nexperience/; HttpOnly[\r][\n]"
<2017-09-26 13:02:34> DEBUG [org.apache.http.wire] http-outgoing-2 << "Expires: Thu, 01 Jan 1970 00:00:00 GMT[\r][\n]"
<2017-09-26 13:02:34> DEBUG [org.apache.http.wire] http-outgoing-2 << "Cache-Control: no-cache[\r][\n]"
<2017-09-26 13:02:34> DEBUG [org.apache.http.wire] http-outgoing-2 << "Cache-Control: no-cache[\r][\n]"
<2017-09-26 13:02:34> DEBUG [org.apache.http.wire] http-outgoing-2 << "Expires: Thu, 01 Jan 1970 00:00:00 GMT[\r][\n]"
<2017-09-26 13:02:34> DEBUG [org.apache.http.wire] http-outgoing-2 << "Set-Cookie: fast_failed=true[\r][\n]"
<2017-09-26 13:02:34> DEBUG [org.apache.http.wire] http-outgoing-2 << "X-XSS-Protection: 2; mode=block[\r][\n]"
<2017-09-26 13:02:34> DEBUG [org.apache.http.wire] http-outgoing-2 << "Content-Encoding: gzip[\r][\n]"
<2017-09-26 13:02:34> DEBUG [org.apache.http.wire] http-outgoing-2 << "[\r][\n]"
<2017-09-26 13:02:34> DEBUG [org.apache.http.wire] http-outgoing-2 << "93[\r][\n]"
<2017-09-26 13:02:34> DEBUG [org.apache.http.wire] http-outgoing-2 << "[0x1f][0x8b][0x8][0x0][0x0][0x0][0x0][0x0][0x0][0x3]-[0xcc];[0xe][0xc2]0[0x10][0x4][0xd0][0xbb]l[0x1d][[0xfe][0x5][0x8b][0xb4]T[0xb4][0xdc]`q[0xd6][0x10])[0xb1][0x93]lL[0x83][0xb8];[0x8b]D;[0xf3]f[0xde][0xc0][0xc4]<[0xd5]r[0x1d]a[0x0][0x93]}[0xee][0xb3]%[0x85])[0xdf]U[0xf0][0xd1]+4[0xd6][0xaa][0x8c][0x98][0x9d]s[0x81]b<C[0x7]|[0xe0]A[0xc2][0xb9][0xa5]$kI[0x9e][0x97]:Jr[0x8a]}p6[0x18][0xdb][0xc1][0xb][0xe7][0xf6]3R[0xa6][0x19][0x5][\r]P[0xf7][0x87][0xae]+[0x95][\r]5[0xd3]Lej[0x8b][0xde]i[0xa9][0x7][0xe9][0x1b][0xf1]Z[0xb][0xd3][0xff][0xbc][0x9]7[0x9f]/[0x9f]H[0x96][0xea][0x9c][0x0][0x0][0x0][\r][\n]"
<2017-09-26 13:02:34> DEBUG [org.apache.http.wire] http-outgoing-2 << "0[\r][\n]"
<2017-09-26 13:02:34> DEBUG [org.apache.http.wire] http-outgoing-2 << "[\r][\n]"
<2017-09-26 13:02:34> DEBUG [org.apache.http.headers] http-outgoing-2 << HTTP/1.1 200 OK
<2017-09-26 13:02:34> DEBUG [org.apache.http.headers] http-outgoing-2 << Server: nginx
<2017-09-26 13:02:34> DEBUG [org.apache.http.headers] http-outgoing-2 << Date: Tue, 26 Sep 2017 10:02:31 GMT
<2017-09-26 13:02:34> DEBUG [org.apache.http.headers] http-outgoing-2 << Content-Type: application/json;charset=utf-8
<2017-09-26 13:02:34> DEBUG [org.apache.http.headers] http-outgoing-2 << Transfer-Encoding: chunked
<2017-09-26 13:02:34> DEBUG [org.apache.http.headers] http-outgoing-2 << Connection: keep-alive
<2017-09-26 13:02:34> DEBUG [org.apache.http.headers] http-outgoing-2 << Set-Cookie: JSESSIONID=27EB45499251C70336AF3FC9E711F534; Path=/nexperience/; HttpOnly
<2017-09-26 13:02:34> DEBUG [org.apache.http.headers] http-outgoing-2 << Expires: Thu, 01 Jan 1970 00:00:00 GMT
<2017-09-26 13:02:34> DEBUG [org.apache.http.headers] http-outgoing-2 << Cache-Control: no-cache
<2017-09-26 13:02:34> DEBUG [org.apache.http.headers] http-outgoing-2 << Cache-Control: no-cache
<2017-09-26 13:02:34> DEBUG [org.apache.http.headers] http-outgoing-2 << Expires: Thu, 01 Jan 1970 00:00:00 GMT
<2017-09-26 13:02:34> DEBUG [org.apache.http.headers] http-outgoing-2 << Set-Cookie: fast_failed=true
<2017-09-26 13:02:34> DEBUG [org.apache.http.headers] http-outgoing-2 << X-XSS-Protection: 2; mode=block
<2017-09-26 13:02:34> DEBUG [org.apache.http.headers] http-outgoing-2 << Content-Encoding: gzip
<2017-09-26 13:02:34> DEBUG [o.a.h.i.execchain.MainClientExec] Connection can be kept alive indefinitely
<2017-09-26 13:02:34> DEBUG [o.a.h.c.p.ResponseProcessCookies] Cookie accepted [JSESSIONID="27EB45499251C70336AF3FC9E711F534", version:0, domain:branchtest.perfectomobile.com, path:/nexperience/, expiry:null]
<2017-09-26 13:02:34> DEBUG [o.a.h.c.p.ResponseProcessCookies] Cookie accepted [fast_failed="true", version:0, domain:branchtest.perfectomobile.com, path:/nexperience/perfectomobile/wd/hub/session/0f3f5f1e-acfb-4373-a011-faaf2224e779, expiry:null]
<2017-09-26 13:02:34> DEBUG [o.a.h.i.c.PoolingHttpClientConnectionManager] Connection [id: 2][route: {s}->https://branchtest.perfectomobile.com:443] can be kept alive indefinitely
<2017-09-26 13:02:34> DEBUG [o.a.h.i.c.PoolingHttpClientConnectionManager] Connection released: [id: 2][route: {s}->https://branchtest.perfectomobile.com:443][total kept alive: 1; route allocated: 5 of 2000; total allocated: 5 of 2000]
<2017-09-26 13:02:34> DEBUG [o.a.h.c.p.RequestAddCookies] CookieSpec selected: default
<2017-09-26 13:02:34> DEBUG [o.a.h.c.p.RequestAddCookies] Cookie [version: 0][name: JSESSIONID][value: 27EB45499251C70336AF3FC9E711F534][domain: branchtest.perfectomobile.com][path: /nexperience/][expiry: null] match [(secure)branchtest.perfectomobile.com:443/nexperience/perfectomobile/wd/hub/session/0f3f5f1e-acfb-4373-a011-faaf2224e779/url]
<2017-09-26 13:02:34> DEBUG [o.a.h.c.p.RequestAddCookies] Cookie [version: 0][name: fast_failed][value: true][domain: branchtest.perfectomobile.com][path: /nexperience/perfectomobile/wd/hub][expiry: null] match [(secure)branchtest.perfectomobile.com:443/nexperience/perfectomobile/wd/hub/session/0f3f5f1e-acfb-4373-a011-faaf2224e779/url]
<2017-09-26 13:02:34> DEBUG [o.a.h.c.p.RequestAddCookies] Cookie [version: 0][name: fast_failed][value: true][domain: branchtest.perfectomobile.com][path: /nexperience/perfectomobile/wd/hub/session/0f3f5f1e-acfb-4373-a011-faaf2224e779][expiry: null] match [(secure)branchtest.perfectomobile.com:443/nexperience/perfectomobile/wd/hub/session/0f3f5f1e-acfb-4373-a011-faaf2224e779/url]
<2017-09-26 13:02:34> DEBUG [o.a.h.c.p.RequestAuthCache] Auth cache not set in the context
<2017-09-26 13:02:34> DEBUG [o.a.h.i.c.PoolingHttpClientConnectionManager] Connection request: [route: {s}->https://branchtest.perfectomobile.com:443][total kept alive: 1; route allocated: 5 of 2000; total allocated: 5 of 2000]
<2017-09-26 13:02:34> DEBUG [o.a.h.i.c.PoolingHttpClientConnectionManager] Connection leased: [id: 2][route: {s}->https://branchtest.perfectomobile.com:443][total kept alive: 0; route allocated: 5 of 2000; total allocated: 5 of 2000]
<2017-09-26 13:02:34> DEBUG [o.a.h.i.execchain.MainClientExec] Stale connection check
<2017-09-26 13:02:34> DEBUG [org.apache.http.wire] http-outgoing-2 << "[read] I/O error: Read timed out"
<2017-09-26 13:02:34> DEBUG [o.a.h.i.c.DefaultManagedHttpClientConnection] http-outgoing-2: set socket timeout to 10800000
<2017-09-26 13:02:34> DEBUG [o.a.h.i.execchain.MainClientExec] Executing request POST /nexperience/perfectomobile/wd/hub/session/0f3f5f1e-acfb-4373-a011-faaf2224e779/url HTTP/1.1
<2017-09-26 13:02:34> DEBUG [o.a.h.i.execchain.MainClientExec] Target auth state: UNCHALLENGED
<2017-09-26 13:02:34> DEBUG [o.a.h.i.execchain.MainClientExec] Proxy auth state: UNCHALLENGED
<2017-09-26 13:02:34> DEBUG [org.apache.http.headers] http-outgoing-2 >> POST /nexperience/perfectomobile/wd/hub/session/0f3f5f1e-acfb-4373-a011-faaf2224e779/url HTTP/1.1
<2017-09-26 13:02:34> DEBUG [org.apache.http.headers] http-outgoing-2 >> Content-Type: application/json; charset=utf-8
<2017-09-26 13:02:34> DEBUG [org.apache.http.headers] http-outgoing-2 >> Content-Length: 61
<2017-09-26 13:02:34> DEBUG [org.apache.http.headers] http-outgoing-2 >> Host: branchtest.perfectomobile.com
<2017-09-26 13:02:34> DEBUG [org.apache.http.headers] http-outgoing-2 >> Connection: Keep-Alive
<2017-09-26 13:02:34> DEBUG [org.apache.http.headers] http-outgoing-2 >> User-Agent: Apache-HttpClient/4.5.2 (Java/1.8.0_121)
<2017-09-26 13:02:34> DEBUG [org.apache.http.headers] http-outgoing-2 >> Cookie: JSESSIONID=27EB45499251C70336AF3FC9E711F534; fast_failed=true; fast_failed=true
<2017-09-26 13:02:34> DEBUG [org.apache.http.headers] http-outgoing-2 >> Accept-Encoding: gzip,deflate
<2017-09-26 13:02:34> DEBUG [org.apache.http.wire] http-outgoing-2 >> "POST /nexperience/perfectomobile/wd/hub/session/0f3f5f1e-acfb-4373-a011-faaf2224e779/url HTTP/1.1[\r][\n]"
<2017-09-26 13:02:34> DEBUG [org.apache.http.wire] http-outgoing-2 >> "Content-Type: application/json; charset=utf-8[\r][\n]"
<2017-09-26 13:02:34> DEBUG [org.apache.http.wire] http-outgoing-2 >> "Content-Length: 61[\r][\n]"
<2017-09-26 13:02:34> DEBUG [org.apache.http.wire] http-outgoing-2 >> "Host: branchtest.perfectomobile.com[\r][\n]"
<2017-09-26 13:02:34> DEBUG [org.apache.http.wire] http-outgoing-2 >> "Connection: Keep-Alive[\r][\n]"
<2017-09-26 13:02:34> DEBUG [org.apache.http.wire] http-outgoing-2 >> "User-Agent: Apache-HttpClient/4.5.2 (Java/1.8.0_121)[\r][\n]"
<2017-09-26 13:02:34> DEBUG [org.apache.http.wire] http-outgoing-2 >> "Cookie: JSESSIONID=27EB45499251C70336AF3FC9E711F534; fast_failed=true; fast_failed=true[\r][\n]"
<2017-09-26 13:02:34> DEBUG [org.apache.http.wire] http-outgoing-2 >> "Accept-Encoding: gzip,deflate[\r][\n]"
<2017-09-26 13:02:34> DEBUG [org.apache.http.wire] http-outgoing-2 >> "[\r][\n]"
<2017-09-26 13:02:34> DEBUG [org.apache.http.wire] http-outgoing-2 >> "{"url":"http://way2automation.com/way2auto_jquery/index.php"}"
<2017-09-26 13:02:35> DEBUG [org.apache.http.wire] http-outgoing-0 << "HTTP/1.1 200 OK[\r][\n]"
<2017-09-26 13:02:35> DEBUG [org.apache.http.wire] http-outgoing-0 << "Server: nginx[\r][\n]"
<2017-09-26 13:02:35> DEBUG [org.apache.http.wire] http-outgoing-0 << "Date: Tue, 26 Sep 2017 10:02:31 GMT[\r][\n]"
<2017-09-26 13:02:35> DEBUG [org.apache.http.wire] http-outgoing-0 << "Content-Type: application/json;charset=utf-8[\r][\n]"
<2017-09-26 13:02:35> DEBUG [org.apache.http.wire] http-outgoing-0 << "Transfer-Encoding: chunked[\r][\n]"
<2017-09-26 13:02:35> DEBUG [org.apache.http.wire] http-outgoing-0 << "Connection: keep-alive[\r][\n]"
<2017-09-26 13:02:35> DEBUG [org.apache.http.wire] http-outgoing-0 << "Set-Cookie: JSESSIONID=041E517C39C6121D9388CBD847465EA0; Path=/nexperience/; HttpOnly[\r][\n]"
<2017-09-26 13:02:35> DEBUG [org.apache.http.wire] http-outgoing-0 << "Expires: Thu, 01 Jan 1970 00:00:00 GMT[\r][\n]"
<2017-09-26 13:02:35> DEBUG [org.apache.http.wire] http-outgoing-0 << "Cache-Control: no-cache[\r][\n]"
<2017-09-26 13:02:35> DEBUG [org.apache.http.wire] http-outgoing-0 << "Cache-Control: no-cache[\r][\n]"
<2017-09-26 13:02:35> DEBUG [org.apache.http.wire] http-outgoing-0 << "Expires: Thu, 01 Jan 1970 00:00:00 GMT[\r][\n]"
<2017-09-26 13:02:35> DEBUG [org.apache.http.wire] http-outgoing-0 << "Set-Cookie: fast_failed=true[\r][\n]"
<2017-09-26 13:02:35> DEBUG [org.apache.http.wire] http-outgoing-0 << "X-XSS-Protection: 2; mode=block[\r][\n]"
<2017-09-26 13:02:35> DEBUG [org.apache.http.wire] http-outgoing-0 << "Content-Encoding: gzip[\r][\n]"
<2017-09-26 13:02:35> DEBUG [org.apache.http.wire] http-outgoing-0 << "[\r][\n]"
<2017-09-26 13:02:35> DEBUG [org.apache.http.wire] http-outgoing-0 << "96[\r][\n]"
<2017-09-26 13:02:35> DEBUG [org.apache.http.wire] http-outgoing-0 << "[0x1f][0x8b][0x8][0x0][0x0][0x0][0x0][0x0][0x0][0x3]-[0xcc][0xbb][0x12][0xc2] [0x10][0x85][0xe1]w[0xd9]:0[0xb9][0x10][0x2]i[0xad]l}[0x3][0x84]E3C f[0xc1][0xc6][0xf1][0xdd][0xdd][0xc2][0xf6][0x9f][0xef][0x9c][0xf][0x10][0x12]m%_[0x3][0xac]`[0xf5]<[\r]J{a[0x83][0x99][0x84][0xea][0xf5] L[0x1f][0xa3]X[0xf4][0xdd]`[0x1c]b[0x18][0x95][0x85][0xe][0xa8][0xba][0x8a][0xcc][0xa9]y[0xcf]k.[0xcf]K[0x9]\F[0xb3]h3[0xdb]Yu[0xf0]v[0xa9]q[0xc9]-[0xa5][0xe]|r[0xcc]V([0xe7]C[0x96][0x3][0xf3][0xcb]I[0xc2][0x84]yk[0xbb]<q/[0x15][0xe5][\r][0xe9]([0x99][0xf0]]]>&#x7f;<![CDATA[[0xdf][0x98][0xf7][0xdf][0x1f][0xd1][0xcd]z[0x0][0x9e][0x0][0x0][0x0][\r][\n]"
<2017-09-26 13:02:35> DEBUG [org.apache.http.wire] http-outgoing-0 << "0[\r][\n]"
<2017-09-26 13:02:35> DEBUG [org.apache.http.wire] http-outgoing-0 << "[\r][\n]"
<2017-09-26 13:02:35> DEBUG [org.apache.http.headers] http-outgoing-0 << HTTP/1.1 200 OK
<2017-09-26 13:02:35> DEBUG [org.apache.http.headers] http-outgoing-0 << Server: nginx
<2017-09-26 13:02:35> DEBUG [org.apache.http.headers] http-outgoing-0 << Date: Tue, 26 Sep 2017 10:02:31 GMT
<2017-09-26 13:02:35> DEBUG [org.apache.http.headers] http-outgoing-0 << Content-Type: application/json;charset=utf-8
<2017-09-26 13:02:35> DEBUG [org.apache.http.headers] http-outgoing-0 << Transfer-Encoding: chunked
<2017-09-26 13:02:35> DEBUG [org.apache.http.headers] http-outgoing-0 << Connection: keep-alive
<2017-09-26 13:02:35> DEBUG [org.apache.http.headers] http-outgoing-0 << Set-Cookie: JSESSIONID=041E517C39C6121D9388CBD847465EA0; Path=/nexperience/; HttpOnly
<2017-09-26 13:02:35> DEBUG [org.apache.http.headers] http-outgoing-0 << Expires: Thu, 01 Jan 1970 00:00:00 GMT
<2017-09-26 13:02:35> DEBUG [org.apache.http.headers] http-outgoing-0 << Cache-Control: no-cache
<2017-09-26 13:02:35> DEBUG [org.apache.http.headers] http-outgoing-0 << Cache-Control: no-cache
<2017-09-26 13:02:35> DEBUG [org.apache.http.headers] http-outgoing-0 << Expires: Thu, 01 Jan 1970 00:00:00 GMT
<2017-09-26 13:02:35> DEBUG [org.apache.http.headers] http-outgoing-0 << Set-Cookie: fast_failed=true
<2017-09-26 13:02:35> DEBUG [org.apache.http.headers] http-outgoing-0 << X-XSS-Protection: 2; mode=block
<2017-09-26 13:02:35> DEBUG [org.apache.http.headers] http-outgoing-0 << Content-Encoding: gzip
<2017-09-26 13:02:35> DEBUG [o.a.h.i.execchain.MainClientExec] Connection can be kept alive indefinitely
<2017-09-26 13:02:35> DEBUG [o.a.h.c.p.ResponseProcessCookies] Cookie accepted [JSESSIONID="041E517C39C6121D9388CBD847465EA0", version:0, domain:branchtest.perfectomobile.com, path:/nexperience/, expiry:null]
<2017-09-26 13:02:35> DEBUG [o.a.h.c.p.ResponseProcessCookies] Cookie accepted [fast_failed="true", version:0, domain:branchtest.perfectomobile.com, path:/nexperience/perfectomobile/wd/hub/session/9653146c-9d83-4061-80ff-76b8ef1fd249, expiry:null]
<2017-09-26 13:02:35> DEBUG [o.a.h.i.c.PoolingHttpClientConnectionManager] Connection [id: 0][route: {s}->https://branchtest.perfectomobile.com:443] can be kept alive indefinitely
<2017-09-26 13:02:35> DEBUG [o.a.h.i.c.PoolingHttpClientConnectionManager] Connection released: [id: 0][route: {s}->https://branchtest.perfectomobile.com:443][total kept alive: 1; route allocated: 5 of 2000; total allocated: 5 of 2000]
<2017-09-26 13:02:35> DEBUG [o.a.h.c.p.RequestAddCookies] CookieSpec selected: default
<2017-09-26 13:02:35> DEBUG [o.a.h.c.p.RequestAddCookies] Cookie [version: 0][name: JSESSIONID][value: 041E517C39C6121D9388CBD847465EA0][domain: branchtest.perfectomobile.com][path: /nexperience/][expiry: null] match [(secure)branchtest.perfectomobile.com:443/nexperience/perfectomobile/wd/hub/session/9653146c-9d83-4061-80ff-76b8ef1fd249/element]
<2017-09-26 13:02:35> DEBUG [o.a.h.c.p.RequestAddCookies] Cookie [version: 0][name: fast_failed][value: true][domain: branchtest.perfectomobile.com][path: /nexperience/perfectomobile/wd/hub][expiry: null] match [(secure)branchtest.perfectomobile.com:443/nexperience/perfectomobile/wd/hub/session/9653146c-9d83-4061-80ff-76b8ef1fd249/element]
<2017-09-26 13:02:35> DEBUG [o.a.h.c.p.RequestAddCookies] Cookie [version: 0][name: fast_failed][value: true][domain: branchtest.perfectomobile.com][path: /nexperience/perfectomobile/wd/hub/session/9653146c-9d83-4061-80ff-76b8ef1fd249][expiry: null] match [(secure)branchtest.perfectomobile.com:443/nexperience/perfectomobile/wd/hub/session/9653146c-9d83-4061-80ff-76b8ef1fd249/element]
<2017-09-26 13:02:35> DEBUG [o.a.h.c.p.RequestAuthCache] Auth cache not set in the context
<2017-09-26 13:02:35> DEBUG [o.a.h.i.c.PoolingHttpClientConnectionManager] Connection request: [route: {s}->https://branchtest.perfectomobile.com:443][total kept alive: 1; route allocated: 5 of 2000; total allocated: 5 of 2000]
<2017-09-26 13:02:35> DEBUG [o.a.h.i.c.PoolingHttpClientConnectionManager] Connection leased: [id: 0][route: {s}->https://branchtest.perfectomobile.com:443][total kept alive: 0; route allocated: 5 of 2000; total allocated: 5 of 2000]
<2017-09-26 13:02:35> DEBUG [o.a.h.i.execchain.MainClientExec] Stale connection check
<2017-09-26 13:02:35> DEBUG [org.apache.http.wire] http-outgoing-0 << "[read] I/O error: Read timed out"
<2017-09-26 13:02:35> DEBUG [o.a.h.i.c.DefaultManagedHttpClientConnection] http-outgoing-0: set socket timeout to 10800000
<2017-09-26 13:02:35> DEBUG [o.a.h.i.execchain.MainClientExec] Executing request POST /nexperience/perfectomobile/wd/hub/session/9653146c-9d83-4061-80ff-76b8ef1fd249/element HTTP/1.1
<2017-09-26 13:02:35> DEBUG [o.a.h.i.execchain.MainClientExec] Target auth state: UNCHALLENGED
<2017-09-26 13:02:35> DEBUG [o.a.h.i.execchain.MainClientExec] Proxy auth state: UNCHALLENGED
<2017-09-26 13:02:35> DEBUG [org.apache.http.headers] http-outgoing-0 >> POST /nexperience/perfectomobile/wd/hub/session/9653146c-9d83-4061-80ff-76b8ef1fd249/element HTTP/1.1
<2017-09-26 13:02:35> DEBUG [org.apache.http.headers] http-outgoing-0 >> Content-Type: application/json; charset=utf-8
<2017-09-26 13:02:35> DEBUG [org.apache.http.headers] http-outgoing-0 >> Content-Length: 28
<2017-09-26 13:02:35> DEBUG [org.apache.http.headers] http-outgoing-0 >> Host: branchtest.perfectomobile.com
<2017-09-26 13:02:35> DEBUG [org.apache.http.headers] http-outgoing-0 >> Connection: Keep-Alive
<2017-09-26 13:02:35> DEBUG [org.apache.http.headers] http-outgoing-0 >> User-Agent: Apache-HttpClient/4.5.2 (Java/1.8.0_121)
<2017-09-26 13:02:35> DEBUG [org.apache.http.headers] http-outgoing-0 >> Cookie: JSESSIONID=041E517C39C6121D9388CBD847465EA0; fast_failed=true; fast_failed=true
<2017-09-26 13:02:35> DEBUG [org.apache.http.headers] http-outgoing-0 >> Accept-Encoding: gzip,deflate
<2017-09-26 13:02:35> DEBUG [org.apache.http.wire] http-outgoing-0 >> "POST /nexperience/perfectomobile/wd/hub/session/9653146c-9d83-4061-80ff-76b8ef1fd249/element HTTP/1.1[\r][\n]"
<2017-09-26 13:02:35> DEBUG [org.apache.http.wire] http-outgoing-0 >> "Content-Type: application/json; charset=utf-8[\r][\n]"
<2017-09-26 13:02:35> DEBUG [org.apache.http.wire] http-outgoing-0 >> "Content-Length: 28[\r][\n]"
<2017-09-26 13:02:35> DEBUG [org.apache.http.wire] http-outgoing-0 >> "Host: branchtest.perfectomobile.com[\r][\n]"
<2017-09-26 13:02:35> DEBUG [org.apache.http.wire] http-outgoing-0 >> "Connection: Keep-Alive[\r][\n]"
<2017-09-26 13:02:35> DEBUG [org.apache.http.wire] http-outgoing-0 >> "User-Agent: Apache-HttpClient/4.5.2 (Java/1.8.0_121)[\r][\n]"
<2017-09-26 13:02:35> DEBUG [org.apache.http.wire] http-outgoing-0 >> "Cookie: JSESSIONID=041E517C39C6121D9388CBD847465EA0; fast_failed=true; fast_failed=true[\r][\n]"
<2017-09-26 13:02:35> DEBUG [org.apache.http.wire] http-outgoing-0 >> "Accept-Encoding: gzip,deflate[\r][\n]"
<2017-09-26 13:02:35> DEBUG [org.apache.http.wire] http-outgoing-0 >> "[\r][\n]"
<2017-09-26 13:02:35> DEBUG [org.apache.http.wire] http-outgoing-0 >> "{"using":"name","value":"q"}"
<2017-09-26 13:02:35> DEBUG [org.apache.http.wire] http-outgoing-0 << "HTTP/1.1 200 OK[\r][\n]"
<2017-09-26 13:02:35> DEBUG [org.apache.http.wire] http-outgoing-0 << "Server: nginx[\r][\n]"
<2017-09-26 13:02:35> DEBUG [org.apache.http.wire] http-outgoing-0 << "Date: Tue, 26 Sep 2017 10:02:32 GMT[\r][\n]"
<2017-09-26 13:02:35> DEBUG [org.apache.http.wire] http-outgoing-0 << "Content-Type: application/json;charset=utf-8[\r][\n]"
<2017-09-26 13:02:35> DEBUG [org.apache.http.wire] http-outgoing-0 << "Transfer-Encoding: chunked[\r][\n]"
<2017-09-26 13:02:35> DEBUG [org.apache.http.wire] http-outgoing-0 << "Connection: keep-alive[\r][\n]"
<2017-09-26 13:02:35> DEBUG [org.apache.http.wire] http-outgoing-0 << "Set-Cookie: JSESSIONID=041E517C39C6121D9388CBD847465EA0; Path=/nexperience/; HttpOnly[\r][\n]"
<2017-09-26 13:02:35> DEBUG [org.apache.http.wire] http-outgoing-0 << "Expires: Thu, 01 Jan 1970 00:00:00 GMT[\r][\n]"
<2017-09-26 13:02:35> DEBUG [org.apache.http.wire] http-outgoing-0 << "Cache-Control: no-cache[\r][\n]"
<2017-09-26 13:02:35> DEBUG [org.apache.http.wire] http-outgoing-0 << "Cache-Control: no-cache[\r][\n]"
<2017-09-26 13:02:35> DEBUG [org.apache.http.wire] http-outgoing-0 << "Expires: Thu, 01 Jan 1970 00:00:00 GMT[\r][\n]"
<2017-09-26 13:02:35> DEBUG [org.apache.http.wire] http-outgoing-0 << "Set-Cookie: fast_failed=true[\r][\n]"
<2017-09-26 13:02:35> DEBUG [org.apache.http.wire] http-outgoing-0 << "X-XSS-Protection: 2; mode=block[\r][\n]"
<2017-09-26 13:02:35> DEBUG [org.apache.http.wire] http-outgoing-0 << "Content-Encoding: gzip[\r][\n]"
<2017-09-26 13:02:35> DEBUG [org.apache.http.wire] http-outgoing-0 << "[\r][\n]"
<2017-09-26 13:02:35> DEBUG [org.apache.http.wire] http-outgoing-0 << "a2[\r][\n]"
<2017-09-26 13:02:35> DEBUG [org.apache.http.wire] http-outgoing-0 << "[0x1f][0x8b][0x8][0x0][0x0][0x0][0x0][0x0][0x0][0x3]-[0x8d][0xb1][0xe][0x83] [0x14][0x0][0xff][0xe5][0xcd]J@[0x11][0xc5][0xb5]qh[0xd2]vh[0xfa][0x3][0x14][0x1e][0xad][0x89][0x82][0x15][0xe9]b[0xfc][0xf7][0xbe][0xa1][0xeb][0xe5].[0xb7]C[0xc2][0x94][0xc6][0x18][0xce][0xe]z[0xd0][0xaa][0xa9][0x85]T[0xb6][0xd4][0xae][0xab]K[0xc9][0x95](;[0xee]}[0xd9][0xaa]g[0x87]^xWI[\r][0x5][0xa4][0xcd]lHz[0xca][0xd6]RM[0xe4]}[0x8a][0x8e][0x88][0xd0]m[0xd5][0xc8][0xa6][0xad]d[0x1]_3eB;[0xc][0x97][0xe1]:[0xdc][0x1e][0xe4]s8[\n]"
<2017-09-26 13:02:35> DEBUG [org.apache.http.wire] http-outgoing-0 << "[0xb0][0x93][0xa1][0xa4][0x87][0xb8][0xbe]X\0|[0xc]K8a[0x18][0xf3][0xcc]V[0x9c][0xe3][0x86][0xec][0x8e]i[0x89]![0xe1]]]>&#x7f;<![CDATA[[0x95]I[0xe7][0xc7][0xf][0x12]Y[0xec][0xd1][0xaa][0x0][0x0][0x0][\r][\n]"
<2017-09-26 13:02:35> DEBUG [org.apache.http.wire] http-outgoing-0 << "0[\r][\n]"
<2017-09-26 13:02:35> DEBUG [org.apache.http.wire] http-outgoing-0 << "[\r][\n]"
<2017-09-26 13:02:35> DEBUG [org.apache.http.headers] http-outgoing-0 << HTTP/1.1 200 OK
<2017-09-26 13:02:35> DEBUG [org.apache.http.headers] http-outgoing-0 << Server: nginx
<2017-09-26 13:02:35> DEBUG [org.apache.http.headers] http-outgoing-0 << Date: Tue, 26 Sep 2017 10:02:32 GMT
<2017-09-26 13:02:35> DEBUG [org.apache.http.headers] http-outgoing-0 << Content-Type: application/json;charset=utf-8
<2017-09-26 13:02:35> DEBUG [org.apache.http.headers] http-outgoing-0 << Transfer-Encoding: chunked
<2017-09-26 13:02:35> DEBUG [org.apache.http.headers] http-outgoing-0 << Connection: keep-alive
<2017-09-26 13:02:35> DEBUG [org.apache.http.headers] http-outgoing-0 << Set-Cookie: JSESSIONID=041E517C39C6121D9388CBD847465EA0; Path=/nexperience/; HttpOnly
<2017-09-26 13:02:35> DEBUG [org.apache.http.headers] http-outgoing-0 << Expires: Thu, 01 Jan 1970 00:00:00 GMT
<2017-09-26 13:02:35> DEBUG [org.apache.http.headers] http-outgoing-0 << Cache-Control: no-cache
<2017-09-26 13:02:35> DEBUG [org.apache.http.headers] http-outgoing-0 << Cache-Control: no-cache
<2017-09-26 13:02:35> DEBUG [org.apache.http.headers] http-outgoing-0 << Expires: Thu, 01 Jan 1970 00:00:00 GMT
<2017-09-26 13:02:35> DEBUG [org.apache.http.headers] http-outgoing-0 << Set-Cookie: fast_failed=true
<2017-09-26 13:02:35> DEBUG [org.apache.http.headers] http-outgoing-0 << X-XSS-Protection: 2; mode=block
<2017-09-26 13:02:35> DEBUG [org.apache.http.headers] http-outgoing-0 << Content-Encoding: gzip
<2017-09-26 13:02:35> DEBUG [o.a.h.i.execchain.MainClientExec] Connection can be kept alive indefinitely
<2017-09-26 13:02:35> DEBUG [o.a.h.c.p.ResponseProcessCookies] Cookie accepted [JSESSIONID="041E517C39C6121D9388CBD847465EA0", version:0, domain:branchtest.perfectomobile.com, path:/nexperience/, expiry:null]
<2017-09-26 13:02:35> DEBUG [o.a.h.c.p.ResponseProcessCookies] Cookie accepted [fast_failed="true", version:0, domain:branchtest.perfectomobile.com, path:/nexperience/perfectomobile/wd/hub/session/9653146c-9d83-4061-80ff-76b8ef1fd249, expiry:null]
<2017-09-26 13:02:35> DEBUG [o.a.h.i.c.PoolingHttpClientConnectionManager] Connection [id: 0][route: {s}->https://branchtest.perfectomobile.com:443] can be kept alive indefinitely
<2017-09-26 13:02:35> DEBUG [o.a.h.i.c.PoolingHttpClientConnectionManager] Connection released: [id: 0][route: {s}->https://branchtest.perfectomobile.com:443][total kept alive: 1; route allocated: 5 of 2000; total allocated: 5 of 2000]
<2017-09-26 13:02:35> DEBUG [o.a.h.c.p.RequestAddCookies] CookieSpec selected: default
<2017-09-26 13:02:35> DEBUG [o.a.h.c.p.RequestAddCookies] Cookie [version: 0][name: JSESSIONID][value: 041E517C39C6121D9388CBD847465EA0][domain: branchtest.perfectomobile.com][path: /nexperience/][expiry: null] match [(secure)branchtest.perfectomobile.com:443/nexperience/perfectomobile/wd/hub/session/9653146c-9d83-4061-80ff-76b8ef1fd249/element/0/value]
<2017-09-26 13:02:35> DEBUG [o.a.h.c.p.RequestAddCookies] Cookie [version: 0][name: fast_failed][value: true][domain: branchtest.perfectomobile.com][path: /nexperience/perfectomobile/wd/hub][expiry: null] match [(secure)branchtest.perfectomobile.com:443/nexperience/perfectomobile/wd/hub/session/9653146c-9d83-4061-80ff-76b8ef1fd249/element/0/value]
<2017-09-26 13:02:35> DEBUG [o.a.h.c.p.RequestAddCookies] Cookie [version: 0][name: fast_failed][value: true][domain: branchtest.perfectomobile.com][path: /nexperience/perfectomobile/wd/hub/session/9653146c-9d83-4061-80ff-76b8ef1fd249][expiry: null] match [(secure)branchtest.perfectomobile.com:443/nexperience/perfectomobile/wd/hub/session/9653146c-9d83-4061-80ff-76b8ef1fd249/element/0/value]
<2017-09-26 13:02:35> DEBUG [o.a.h.c.p.RequestAuthCache] Auth cache not set in the context
<2017-09-26 13:02:35> DEBUG [o.a.h.i.c.PoolingHttpClientConnectionManager] Connection request: [route: {s}->https://branchtest.perfectomobile.com:443][total kept alive: 1; route allocated: 5 of 2000; total allocated: 5 of 2000]
<2017-09-26 13:02:35> DEBUG [o.a.h.i.c.PoolingHttpClientConnectionManager] Connection leased: [id: 0][route: {s}->https://branchtest.perfectomobile.com:443][total kept alive: 0; route allocated: 5 of 2000; total allocated: 5 of 2000]
<2017-09-26 13:02:35> DEBUG [o.a.h.i.execchain.MainClientExec] Stale connection check
<2017-09-26 13:02:35> DEBUG [org.apache.http.wire] http-outgoing-0 << "[read] I/O error: Read timed out"
<2017-09-26 13:02:35> DEBUG [o.a.h.i.c.DefaultManagedHttpClientConnection] http-outgoing-0: set socket timeout to 10800000
<2017-09-26 13:02:35> DEBUG [o.a.h.i.execchain.MainClientExec] Executing request POST /nexperience/perfectomobile/wd/hub/session/9653146c-9d83-4061-80ff-76b8ef1fd249/element/0/value HTTP/1.1
<2017-09-26 13:02:35> DEBUG [o.a.h.i.execchain.MainClientExec] Target auth state: UNCHALLENGED
<2017-09-26 13:02:35> DEBUG [o.a.h.i.execchain.MainClientExec] Proxy auth state: UNCHALLENGED
<2017-09-26 13:02:35> DEBUG [org.apache.http.headers] http-outgoing-0 >> POST /nexperience/perfectomobile/wd/hub/session/9653146c-9d83-4061-80ff-76b8ef1fd249/element/0/value HTTP/1.1
<2017-09-26 13:02:35> DEBUG [org.apache.http.headers] http-outgoing-0 >> Content-Type: application/json; charset=utf-8
<2017-09-26 13:02:35> DEBUG [org.apache.http.headers] http-outgoing-0 >> Content-Length: 38
<2017-09-26 13:02:35> DEBUG [org.apache.http.headers] http-outgoing-0 >> Host: branchtest.perfectomobile.com
<2017-09-26 13:02:35> DEBUG [org.apache.http.headers] http-outgoing-0 >> Connection: Keep-Alive
<2017-09-26 13:02:35> DEBUG [org.apache.http.headers] http-outgoing-0 >> User-Agent: Apache-HttpClient/4.5.2 (Java/1.8.0_121)
<2017-09-26 13:02:35> DEBUG [org.apache.http.headers] http-outgoing-0 >> Cookie: JSESSIONID=041E517C39C6121D9388CBD847465EA0; fast_failed=true; fast_failed=true
<2017-09-26 13:02:35> DEBUG [org.apache.http.headers] http-outgoing-0 >> Accept-Encoding: gzip,deflate
<2017-09-26 13:02:35> DEBUG [org.apache.http.wire] http-outgoing-0 >> "POST /nexperience/perfectomobile/wd/hub/session/9653146c-9d83-4061-80ff-76b8ef1fd249/element/0/value HTTP/1.1[\r][\n]"
<2017-09-26 13:02:35> DEBUG [org.apache.http.wire] http-outgoing-0 >> "Content-Type: application/json; charset=utf-8[\r][\n]"
<2017-09-26 13:02:35> DEBUG [org.apache.http.wire] http-outgoing-0 >> "Content-Length: 38[\r][\n]"
<2017-09-26 13:02:35> DEBUG [org.apache.http.wire] http-outgoing-0 >> "Host: branchtest.perfectomobile.com[\r][\n]"
<2017-09-26 13:02:35> DEBUG [org.apache.http.wire] http-outgoing-0 >> "Connection: Keep-Alive[\r][\n]"
<2017-09-26 13:02:35> DEBUG [org.apache.http.wire] http-outgoing-0 >> "User-Agent: Apache-HttpClient/4.5.2 (Java/1.8.0_121)[\r][\n]"
<2017-09-26 13:02:35> DEBUG [org.apache.http.wire] http-outgoing-0 >> "Cookie: JSESSIONID=041E517C39C6121D9388CBD847465EA0; fast_failed=true; fast_failed=true[\r][\n]"
<2017-09-26 13:02:35> DEBUG [org.apache.http.wire] http-outgoing-0 >> "Accept-Encoding: gzip,deflate[\r][\n]"
<2017-09-26 13:02:35> DEBUG [org.apache.http.wire] http-outgoing-0 >> "[\r][\n]"
<2017-09-26 13:02:35> DEBUG [org.apache.http.wire] http-outgoing-0 >> "{"id":"0","value":["Perfecto Mobile"]}"
<2017-09-26 13:02:36> DEBUG [org.apache.http.wire] http-outgoing-3 << "HTTP/1.1 200 OK[\r][\n]"
<2017-09-26 13:02:36> DEBUG [org.apache.http.wire] http-outgoing-3 << "Server: nginx[\r][\n]"
<2017-09-26 13:02:36> DEBUG [org.apache.http.wire] http-outgoing-3 << "Date: Tue, 26 Sep 2017 10:02:32 GMT[\r][\n]"
<2017-09-26 13:02:36> DEBUG [org.apache.http.wire] http-outgoing-3 << "Content-Type: application/json;charset=utf-8[\r][\n]"
<2017-09-26 13:02:36> DEBUG [org.apache.http.wire] http-outgoing-3 << "Transfer-Encoding: chunked[\r][\n]"
<2017-09-26 13:02:36> DEBUG [org.apache.http.wire] http-outgoing-3 << "Connection: keep-alive[\r][\n]"
<2017-09-26 13:02:36> DEBUG [org.apache.http.wire] http-outgoing-3 << "Expires: Thu, 01 Jan 1970 00:00:00 GMT[\r][\n]"
<2017-09-26 13:02:36> DEBUG [org.apache.http.wire] http-outgoing-3 << "Cache-Control: no-cache[\r][\n]"
<2017-09-26 13:02:36> DEBUG [org.apache.http.wire] http-outgoing-3 << "Set-Cookie: JSESSIONID=76F3C18CA8450CBF4E051512495D60C8; Path=/nexperience/; HttpOnly[\r][\n]"
<2017-09-26 13:02:36> DEBUG [org.apache.http.wire] http-outgoing-3 << "Cache-Control: no-cache[\r][\n]"
<2017-09-26 13:02:36> DEBUG [org.apache.http.wire] http-outgoing-3 << "Expires: Thu, 01 Jan 1970 00:00:00 GMT[\r][\n]"
<2017-09-26 13:02:36> DEBUG [org.apache.http.wire] http-outgoing-3 << "Set-Cookie: fast_failed=true[\r][\n]"
<2017-09-26 13:02:36> DEBUG [org.apache.http.wire] http-outgoing-3 << "X-XSS-Protection: 2; mode=block[\r][\n]"
<2017-09-26 13:02:36> DEBUG [org.apache.http.wire] http-outgoing-3 << "Content-Encoding: gzip[\r][\n]"
<2017-09-26 13:02:36> DEBUG [org.apache.http.wire] http-outgoing-3 << "[\r][\n]"
<2017-09-26 13:02:36> DEBUG [org.apache.http.wire] http-outgoing-3 << "251[\r][\n]"
<2017-09-26 13:02:36> DEBUG [org.apache.http.wire] http-outgoing-3 << "[0x1f][0x8b][0x8][0x0][0x0][0x0][0x0][0x0][0x0][0x3][0xd5]TQo[0xd3]0[0x10][0xfe]/~[0xe0][0xa9]i[0x92]&m[0x93]J[0x8][0xb6][0xb2][0xa2][0x9][0x9]M[a[0xf][0x8]E[0x8e]}][0xcc][0x1c];[0x9c][0x9d]n[0xd5][0xb4][0xff][0xce]yi[0x19][0xb0][0x17][0xc4]$[0xa4]=%>[0xdf][0x9d][0xef][0xbe][0xef][0xbe][0xbb]c[0xe][0x9c]S[0xd6][0x9c]J[0xb6]`[0xb5][0xcc]E[0x91]I[0x19][0xd5][0xa5][0xcc][0xa2][0x9c][0xcb]ITN[0xa6]e[0x94]g[0xbc][0x80]2[0x9b][\n]"
<2017-09-26 13:02:36> DEBUG [org.apache.http.wire] http-outgoing-3 << "[0x10][0x1b]6b[0xce]s[0xf]laz[0xad]G[0xac]YZI[0x87]Y9[0x9b][0xe7][0xc5][0xbc][0x18][0xb1]-[0xd7]=[0x19][0xee][0x18]Bg[0xd1][0x9f][0xc9][0xcd]'[0xd4][0x94][0xbc][0xf1][0xbe]s[0x8b]8[0xae][0x91][0x1b][0xd1]xp~<x(s5[0xee][0x0]7 [0xbc]mm[0xad]4[0x8c][0x85]mc[0xb8][\r][0xe1]1[0xef]T[0xbc]M[0xe3][0xe0][0x1f][0xc1]-[0x88][0xde]S[0xb5].[0xee][0xe4][0xe6][\r][0xdc]z@[0xc3][0xf5][0xa9][0xfc][0x92]|}[0xad][0x15]Z[0xc3][0xdf]>[0xcd]T[0x9d]q[0xe4]Z[0x83][0xbe][0x84][0xba]J[0xe7]QRF[0x93]Y[0x95]&U[0x92]VyY[0xa5][0xd3][0xe4]U[0xe5]UK[0xf][0xf0][0xb6][0xb][0x99][0xc8]2[0xcb]'I[0x9a]P[0xcb][0x19][0xf5]+a[0xab][0x4]|[0xe4]-[0xb5][0xc5][0xd2]*[[0x95][0xd9][0xea]x[0x9e]F[0xc5]Q[0xb6][0x8a][0xf2]d[0xf5].*[0xa7][0xd3]$Z[0x9e][0x1c]-[0x8b][0xe3]y~2[0x99][0x16][0x14][0xd5]q[0xe7]n,[0x6]\[0xc3]Is[0xbf][0xb1][0xd8]~[0x6][0xc]p[0x93][0xb1][0x18][0xa7]d[0xaf][0xd1][0xde]8[0xc0]G3[0xf9]Q%t[0xd3]X[0xfa][0x10]'[0x8f]p=m[0x8d][0xdc][0x1c][0xc1][0xa7]aM1[0xe7][0xf]x[0xff][0x13][0xd8][0xff][\r][0xca]}[0xbb]{,[0x97][\r]Z[0x2]u[0xc4]<[0xbf][0x6]w![0x10][0xc0][0xb8][0xc6]R[0xdb][0x1e]{[0x18][0xb1]o|[0xcb][0x9d]@[0xd5][0xf9][0x13][0xc3]k[\r][0x84][0xe5]pq@s[0x9f][0xe7]R[0x19]I0R"[0xb4]4[0x9b][0xc1][0xf5][0xe0][0x19][0xc0]|[0x8f]J[0xbe][0x4]p[0xc0]x[0xe5]w[0xeb]][0x17][0xe6][0xc][0xa1][0xb5][0x1e][0xaa][0x1b][0x9a]Y[0x89]j[0xb][0x18][0xb8][0x6][0xa4][0x9f][0xa5]5&h[0x5][0x87][0xc9]r[0xa4][0x9][0xc]q[0xf6][0x1a][0xc2]\[0x91][0xdf]O[0x9d]<[0xa8][0xfa][0x19][0xc2][0xa0]\T[0xc0][0xf0]>[0xa9]5T4[0xde]/[0xc][0x15][0x6][0xfb]/[0x17][0x86][0xb6][0x82][0x7][0xd9]R[0xe5][0x9e]D[0xfb][0x7][0x99][0x3][0xc3]{*]]>&#x7f;<![CDATA[[0xd1]*=~[0x8]<,[0x9b]aa|[0x80][0x1d][0xbd][0xfd][0xcc][0xb6]hd[0xd6]=[0x1][0xa9]_[0xc2]d[0xf4][0xc4][0xfc]@[0xad]p[0xee][0x2][0xf4][0x3][0xfd][0xee]7[0x1c][0xef]GLhZ9[0xe4]f[0xf1]jl;0[0xdf]9[0x91][0xa5][0xc1][0xa8][0xbe]=[0x90]w[0xe][0xae][0xa3][0xf5][0x19]4[0x17][0xb6]xO[0xee][0xc9][0xfd][0xf][0x5]E[0xe4]<[0x5][0x6][0x0][0x0][\r][\n]"
<2017-09-26 13:02:36> DEBUG [org.apache.http.wire] http-outgoing-3 << "0[\r][\n]"
<2017-09-26 13:02:36> DEBUG [org.apache.http.wire] http-outgoing-3 << "[\r][\n]"
<2017-09-26 13:02:36> DEBUG [org.apache.http.headers] http-outgoing-3 << HTTP/1.1 200 OK
<2017-09-26 13:02:36> DEBUG [org.apache.http.headers] http-outgoing-3 << Server: nginx
<2017-09-26 13:02:36> DEBUG [org.apache.http.headers] http-outgoing-3 << Date: Tue, 26 Sep 2017 10:02:32 GMT
<2017-09-26 13:02:36> DEBUG [org.apache.http.headers] http-outgoing-3 << Content-Type: application/json;charset=utf-8
<2017-09-26 13:02:36> DEBUG [org.apache.http.headers] http-outgoing-3 << Transfer-Encoding: chunked
<2017-09-26 13:02:36> DEBUG [org.apache.http.headers] http-outgoing-3 << Connection: keep-alive
<2017-09-26 13:02:36> DEBUG [org.apache.http.headers] http-outgoing-3 << Expires: Thu, 01 Jan 1970 00:00:00 GMT
<2017-09-26 13:02:36> DEBUG [org.apache.http.headers] http-outgoing-3 << Cache-Control: no-cache
<2017-09-26 13:02:36> DEBUG [org.apache.http.headers] http-outgoing-3 << Set-Cookie: JSESSIONID=76F3C18CA8450CBF4E051512495D60C8; Path=/nexperience/; HttpOnly
<2017-09-26 13:02:36> DEBUG [org.apache.http.headers] http-outgoing-3 << Cache-Control: no-cache
<2017-09-26 13:02:36> DEBUG [org.apache.http.headers] http-outgoing-3 << Expires: Thu, 01 Jan 1970 00:00:00 GMT
<2017-09-26 13:02:36> DEBUG [org.apache.http.headers] http-outgoing-3 << Set-Cookie: fast_failed=true
<2017-09-26 13:02:36> DEBUG [org.apache.http.headers] http-outgoing-3 << X-XSS-Protection: 2; mode=block
<2017-09-26 13:02:36> DEBUG [org.apache.http.headers] http-outgoing-3 << Content-Encoding: gzip
<2017-09-26 13:02:36> DEBUG [o.a.h.i.execchain.MainClientExec] Connection can be kept alive indefinitely
<2017-09-26 13:02:36> DEBUG [o.a.h.c.p.ResponseProcessCookies] Cookie accepted [JSESSIONID="76F3C18CA8450CBF4E051512495D60C8", version:0, domain:branchtest.perfectomobile.com, path:/nexperience/, expiry:null]
<2017-09-26 13:02:36> DEBUG [o.a.h.c.p.ResponseProcessCookies] Cookie accepted [fast_failed="true", version:0, domain:branchtest.perfectomobile.com, path:/nexperience/perfectomobile/wd/hub, expiry:null]
<2017-09-26 13:02:36> DEBUG [o.a.h.i.c.PoolingHttpClientConnectionManager] Connection [id: 3][route: {s}->https://branchtest.perfectomobile.com:443] can be kept alive indefinitely
<2017-09-26 13:02:36> DEBUG [o.a.h.i.c.PoolingHttpClientConnectionManager] Connection released: [id: 3][route: {s}->https://branchtest.perfectomobile.com:443][total kept alive: 1; route allocated: 5 of 2000; total allocated: 5 of 2000]
<2017-09-26 13:02:36> DEBUG [o.a.h.c.p.RequestAddCookies] CookieSpec selected: default
<2017-09-26 13:02:36> DEBUG [o.a.h.c.p.RequestAddCookies] Cookie [version: 0][name: JSESSIONID][value: 76F3C18CA8450CBF4E051512495D60C8][domain: branchtest.perfectomobile.com][path: /nexperience/][expiry: null] match [(secure)branchtest.perfectomobile.com:443/nexperience/perfectomobile/wd/hub/session/bd4c83dd-b9d3-4ad2-9259-43a8e935cecf/timeouts]
<2017-09-26 13:02:36> DEBUG [o.a.h.c.p.RequestAddCookies] Cookie [version: 0][name: fast_failed][value: true][domain: branchtest.perfectomobile.com][path: /nexperience/perfectomobile/wd/hub][expiry: null] match [(secure)branchtest.perfectomobile.com:443/nexperience/perfectomobile/wd/hub/session/bd4c83dd-b9d3-4ad2-9259-43a8e935cecf/timeouts]
<2017-09-26 13:02:36> DEBUG [o.a.h.c.p.RequestAuthCache] Auth cache not set in the context
<2017-09-26 13:02:36> DEBUG [o.a.h.i.c.PoolingHttpClientConnectionManager] Connection request: [route: {s}->https://branchtest.perfectomobile.com:443][total kept alive: 1; route allocated: 5 of 2000; total allocated: 5 of 2000]
<2017-09-26 13:02:36> DEBUG [o.a.h.i.c.PoolingHttpClientConnectionManager] Connection leased: [id: 3][route: {s}->https://branchtest.perfectomobile.com:443][total kept alive: 0; route allocated: 5 of 2000; total allocated: 5 of 2000]
<2017-09-26 13:02:36> DEBUG [o.a.h.i.execchain.MainClientExec] Stale connection check
<2017-09-26 13:02:36> DEBUG [org.apache.http.wire] http-outgoing-3 << "[read] I/O error: Read timed out"
<2017-09-26 13:02:36> DEBUG [o.a.h.i.c.DefaultManagedHttpClientConnection] http-outgoing-3: set socket timeout to 10800000
<2017-09-26 13:02:36> DEBUG [o.a.h.i.execchain.MainClientExec] Executing request POST /nexperience/perfectomobile/wd/hub/session/bd4c83dd-b9d3-4ad2-9259-43a8e935cecf/timeouts HTTP/1.1
<2017-09-26 13:02:36> DEBUG [o.a.h.i.execchain.MainClientExec] Target auth state: UNCHALLENGED
<2017-09-26 13:02:36> DEBUG [o.a.h.i.execchain.MainClientExec] Proxy auth state: UNCHALLENGED
<2017-09-26 13:02:36> DEBUG [org.apache.http.headers] http-outgoing-3 >> POST /nexperience/perfectomobile/wd/hub/session/bd4c83dd-b9d3-4ad2-9259-43a8e935cecf/timeouts HTTP/1.1
<2017-09-26 13:02:36> DEBUG [org.apache.http.headers] http-outgoing-3 >> Content-Type: application/json; charset=utf-8
<2017-09-26 13:02:36> DEBUG [org.apache.http.headers] http-outgoing-3 >> Content-Length: 30
<2017-09-26 13:02:36> DEBUG [org.apache.http.headers] http-outgoing-3 >> Host: branchtest.perfectomobile.com
<2017-09-26 13:02:36> DEBUG [org.apache.http.headers] http-outgoing-3 >> Connection: Keep-Alive
<2017-09-26 13:02:36> DEBUG [org.apache.http.headers] http-outgoing-3 >> User-Agent: Apache-HttpClient/4.5.2 (Java/1.8.0_121)
<2017-09-26 13:02:36> DEBUG [org.apache.http.headers] http-outgoing-3 >> Cookie: JSESSIONID=76F3C18CA8450CBF4E051512495D60C8; fast_failed=true
<2017-09-26 13:02:36> DEBUG [org.apache.http.headers] http-outgoing-3 >> Accept-Encoding: gzip,deflate
<2017-09-26 13:02:36> DEBUG [org.apache.http.wire] http-outgoing-3 >> "POST /nexperience/perfectomobile/wd/hub/session/bd4c83dd-b9d3-4ad2-9259-43a8e935cecf/timeouts HTTP/1.1[\r][\n]"
<2017-09-26 13:02:36> DEBUG [org.apache.http.wire] http-outgoing-3 >> "Content-Type: application/json; charset=utf-8[\r][\n]"
<2017-09-26 13:02:36> DEBUG [org.apache.http.wire] http-outgoing-3 >> "Content-Length: 30[\r][\n]"
<2017-09-26 13:02:36> DEBUG [org.apache.http.wire] http-outgoing-3 >> "Host: branchtest.perfectomobile.com[\r][\n]"
<2017-09-26 13:02:36> DEBUG [org.apache.http.wire] http-outgoing-3 >> "Connection: Keep-Alive[\r][\n]"
<2017-09-26 13:02:36> DEBUG [org.apache.http.wire] http-outgoing-3 >> "User-Agent: Apache-HttpClient/4.5.2 (Java/1.8.0_121)[\r][\n]"
<2017-09-26 13:02:36> DEBUG [org.apache.http.wire] http-outgoing-3 >> "Cookie: JSESSIONID=76F3C18CA8450CBF4E051512495D60C8; fast_failed=true[\r][\n]"
<2017-09-26 13:02:36> DEBUG [org.apache.http.wire] http-outgoing-3 >> "Accept-Encoding: gzip,deflate[\r][\n]"
<2017-09-26 13:02:36> DEBUG [org.apache.http.wire] http-outgoing-3 >> "[\r][\n]"
<2017-09-26 13:02:36> DEBUG [org.apache.http.wire] http-outgoing-3 >> "{"type":"implicit","ms":30000}"
<2017-09-26 13:02:36> DEBUG [org.apache.http.wire] http-outgoing-3 << "HTTP/1.1 200 OK[\r][\n]"
<2017-09-26 13:02:36> DEBUG [org.apache.http.wire] http-outgoing-3 << "Server: nginx[\r][\n]"
<2017-09-26 13:02:36> DEBUG [org.apache.http.wire] http-outgoing-3 << "Date: Tue, 26 Sep 2017 10:02:32 GMT[\r][\n]"
<2017-09-26 13:02:36> DEBUG [org.apache.http.wire] http-outgoing-3 << "Content-Type: application/json;charset=utf-8[\r][\n]"
<2017-09-26 13:02:36> DEBUG [org.apache.http.wire] http-outgoing-3 << "Transfer-Encoding: chunked[\r][\n]"
<2017-09-26 13:02:36> DEBUG [org.apache.http.wire] http-outgoing-3 << "Connection: keep-alive[\r][\n]"
<2017-09-26 13:02:36> DEBUG [org.apache.http.wire] http-outgoing-3 << "Set-Cookie: JSESSIONID=76F3C18CA8450CBF4E051512495D60C8; Path=/nexperience/; HttpOnly[\r][\n]"
<2017-09-26 13:02:36> DEBUG [org.apache.http.wire] http-outgoing-3 << "Expires: Thu, 01 Jan 1970 00:00:00 GMT[\r][\n]"
<2017-09-26 13:02:36> DEBUG [org.apache.http.wire] http-outgoing-3 << "Cache-Control: no-cache[\r][\n]"
<2017-09-26 13:02:36> DEBUG [org.apache.http.wire] http-outgoing-3 << "Cache-Control: no-cache[\r][\n]"
<2017-09-26 13:02:36> DEBUG [org.apache.http.wire] http-outgoing-3 << "Expires: Thu, 01 Jan 1970 00:00:00 GMT[\r][\n]"
<2017-09-26 13:02:36> DEBUG [org.apache.http.wire] http-outgoing-3 << "Set-Cookie: fast_failed=true[\r][\n]"
<2017-09-26 13:02:36> DEBUG [org.apache.http.wire] http-outgoing-3 << "X-XSS-Protection: 2; mode=block[\r][\n]"
<2017-09-26 13:02:36> DEBUG [org.apache.http.wire] http-outgoing-3 << "Content-Encoding: gzip[\r][\n]"
<2017-09-26 13:02:36> DEBUG [org.apache.http.wire] http-outgoing-3 << "[\r][\n]"
<2017-09-26 13:02:36> DEBUG [org.apache.http.wire] http-outgoing-3 << "95[\r][\n]"
<2017-09-26 13:02:36> DEBUG [org.apache.http.wire] http-outgoing-3 << "[0x1f][0x8b][0x8][0x0][0x0][0x0][0x0][0x0][0x0][0x3]-[0xcc]1[0x12][0xc2] [0x10][0x85][0xe1][0xbb]l[0x1d][0x98][0x18][0x88]BZ+[o@[0xd8]U3C [0xc9][0x82][0x8d][0xe3][0xdd][0xdd][0xc2][0xf6][0x9f][0xef][0xbd][0xf]01/%[0xdf][0x10]&[0x98][0xd1]Fg[0x10][0xd5][0xec][0xd1]([0x1b]pP~[0x18][0xbd][0xb2]&8[0xf2]f[0x8c][0x14][0x1f][0xd0][0x1][0xd7]PI8[0xb7][0x18]e-[0xe5]u-([0xc5]9{9[0x9f]z?v[0xf0][0xe][0xa9]I[0xc9]-[0xa5][0xe]b[\n]"
<2017-09-26 13:02:36> DEBUG [org.apache.http.wire] http-outgoing-3 << "[0xc2]&([0xc7]S[0x97][0x8d][0xf2][0x1e]4S[0xa2][0xbc][0xb4]U[0x1f][0xb4][0x96]J[0xfa]N[0xbc][0x95][0xcc][0xf4][0xbf]o[0xc2][0xfb][0xef][0xf][0xf5]zZ[0x87][0x9e][0x0][0x0][0x0][\r][\n]"
<2017-09-26 13:02:36> DEBUG [org.apache.http.wire] http-outgoing-3 << "0[\r][\n]"
<2017-09-26 13:02:36> DEBUG [org.apache.http.wire] http-outgoing-3 << "[\r][\n]"
<2017-09-26 13:02:36> DEBUG [org.apache.http.headers] http-outgoing-3 << HTTP/1.1 200 OK
<2017-09-26 13:02:36> DEBUG [org.apache.http.headers] http-outgoing-3 << Server: nginx
<2017-09-26 13:02:36> DEBUG [org.apache.http.headers] http-outgoing-3 << Date: Tue, 26 Sep 2017 10:02:32 GMT
<2017-09-26 13:02:36> DEBUG [org.apache.http.headers] http-outgoing-3 << Content-Type: application/json;charset=utf-8
<2017-09-26 13:02:36> DEBUG [org.apache.http.headers] http-outgoing-3 << Transfer-Encoding: chunked
<2017-09-26 13:02:36> DEBUG [org.apache.http.headers] http-outgoing-3 << Connection: keep-alive
<2017-09-26 13:02:36> DEBUG [org.apache.http.headers] http-outgoing-3 << Set-Cookie: JSESSIONID=76F3C18CA8450CBF4E051512495D60C8; Path=/nexperience/; HttpOnly
<2017-09-26 13:02:36> DEBUG [org.apache.http.headers] http-outgoing-3 << Expires: Thu, 01 Jan 1970 00:00:00 GMT
<2017-09-26 13:02:36> DEBUG [org.apache.http.headers] http-outgoing-3 << Cache-Control: no-cache
<2017-09-26 13:02:36> DEBUG [org.apache.http.headers] http-outgoing-3 << Cache-Control: no-cache
<2017-09-26 13:02:36> DEBUG [org.apache.http.headers] http-outgoing-3 << Expires: Thu, 01 Jan 1970 00:00:00 GMT
<2017-09-26 13:02:36> DEBUG [org.apache.http.headers] http-outgoing-3 << Set-Cookie: fast_failed=true
<2017-09-26 13:02:36> DEBUG [org.apache.http.headers] http-outgoing-3 << X-XSS-Protection: 2; mode=block
<2017-09-26 13:02:36> DEBUG [org.apache.http.headers] http-outgoing-3 << Content-Encoding: gzip
<2017-09-26 13:02:36> DEBUG [o.a.h.i.execchain.MainClientExec] Connection can be kept alive indefinitely
<2017-09-26 13:02:36> DEBUG [o.a.h.c.p.ResponseProcessCookies] Cookie accepted [JSESSIONID="76F3C18CA8450CBF4E051512495D60C8", version:0, domain:branchtest.perfectomobile.com, path:/nexperience/, expiry:null]
<2017-09-26 13:02:36> DEBUG [o.a.h.c.p.ResponseProcessCookies] Cookie accepted [fast_failed="true", version:0, domain:branchtest.perfectomobile.com, path:/nexperience/perfectomobile/wd/hub/session/bd4c83dd-b9d3-4ad2-9259-43a8e935cecf, expiry:null]
<2017-09-26 13:02:36> DEBUG [o.a.h.i.c.PoolingHttpClientConnectionManager] Connection [id: 3][route: {s}->https://branchtest.perfectomobile.com:443] can be kept alive indefinitely
<2017-09-26 13:02:36> DEBUG [o.a.h.i.c.PoolingHttpClientConnectionManager] Connection released: [id: 3][route: {s}->https://branchtest.perfectomobile.com:443][total kept alive: 1; route allocated: 5 of 2000; total allocated: 5 of 2000]
<2017-09-26 13:02:36> DEBUG [o.a.h.c.p.RequestAddCookies] CookieSpec selected: default
<2017-09-26 13:02:36> DEBUG [o.a.h.c.p.RequestAddCookies] Cookie [version: 0][name: JSESSIONID][value: 76F3C18CA8450CBF4E051512495D60C8][domain: branchtest.perfectomobile.com][path: /nexperience/][expiry: null] match [(secure)branchtest.perfectomobile.com:443/nexperience/perfectomobile/wd/hub/session/bd4c83dd-b9d3-4ad2-9259-43a8e935cecf/timeouts]
<2017-09-26 13:02:36> DEBUG [o.a.h.c.p.RequestAddCookies] Cookie [version: 0][name: fast_failed][value: true][domain: branchtest.perfectomobile.com][path: /nexperience/perfectomobile/wd/hub][expiry: null] match [(secure)branchtest.perfectomobile.com:443/nexperience/perfectomobile/wd/hub/session/bd4c83dd-b9d3-4ad2-9259-43a8e935cecf/timeouts]
<2017-09-26 13:02:36> DEBUG [o.a.h.c.p.RequestAddCookies] Cookie [version: 0][name: fast_failed][value: true][domain: branchtest.perfectomobile.com][path: /nexperience/perfectomobile/wd/hub/session/bd4c83dd-b9d3-4ad2-9259-43a8e935cecf][expiry: null] match [(secure)branchtest.perfectomobile.com:443/nexperience/perfectomobile/wd/hub/session/bd4c83dd-b9d3-4ad2-9259-43a8e935cecf/timeouts]
<2017-09-26 13:02:36> DEBUG [o.a.h.c.p.RequestAuthCache] Auth cache not set in the context
<2017-09-26 13:02:36> DEBUG [o.a.h.i.c.PoolingHttpClientConnectionManager] Connection request: [route: {s}->https://branchtest.perfectomobile.com:443][total kept alive: 1; route allocated: 5 of 2000; total allocated: 5 of 2000]
<2017-09-26 13:02:36> DEBUG [o.a.h.i.c.PoolingHttpClientConnectionManager] Connection leased: [id: 3][route: {s}->https://branchtest.perfectomobile.com:443][total kept alive: 0; route allocated: 5 of 2000; total allocated: 5 of 2000]
<2017-09-26 13:02:36> DEBUG [o.a.h.i.execchain.MainClientExec] Stale connection check
<2017-09-26 13:02:36> DEBUG [org.apache.http.wire] http-outgoing-3 << "[read] I/O error: Read timed out"
<2017-09-26 13:02:36> DEBUG [o.a.h.i.c.DefaultManagedHttpClientConnection] http-outgoing-3: set socket timeout to 10800000
<2017-09-26 13:02:36> DEBUG [o.a.h.i.execchain.MainClientExec] Executing request POST /nexperience/perfectomobile/wd/hub/session/bd4c83dd-b9d3-4ad2-9259-43a8e935cecf/timeouts HTTP/1.1
<2017-09-26 13:02:36> DEBUG [o.a.h.i.execchain.MainClientExec] Target auth state: UNCHALLENGED
<2017-09-26 13:02:36> DEBUG [o.a.h.i.execchain.MainClientExec] Proxy auth state: UNCHALLENGED
<2017-09-26 13:02:36> DEBUG [org.apache.http.headers] http-outgoing-3 >> POST /nexperience/perfectomobile/wd/hub/session/bd4c83dd-b9d3-4ad2-9259-43a8e935cecf/timeouts HTTP/1.1
<2017-09-26 13:02:36> DEBUG [org.apache.http.headers] http-outgoing-3 >> Content-Type: application/json; charset=utf-8
<2017-09-26 13:02:36> DEBUG [org.apache.http.headers] http-outgoing-3 >> Content-Length: 31
<2017-09-26 13:02:36> DEBUG [org.apache.http.headers] http-outgoing-3 >> Host: branchtest.perfectomobile.com
<2017-09-26 13:02:36> DEBUG [org.apache.http.headers] http-outgoing-3 >> Connection: Keep-Alive
<2017-09-26 13:02:36> DEBUG [org.apache.http.headers] http-outgoing-3 >> User-Agent: Apache-HttpClient/4.5.2 (Java/1.8.0_121)
<2017-09-26 13:02:36> DEBUG [org.apache.http.headers] http-outgoing-3 >> Cookie: JSESSIONID=76F3C18CA8450CBF4E051512495D60C8; fast_failed=true; fast_failed=true
<2017-09-26 13:02:36> DEBUG [org.apache.http.headers] http-outgoing-3 >> Accept-Encoding: gzip,deflate
<2017-09-26 13:02:36> DEBUG [org.apache.http.wire] http-outgoing-3 >> "POST /nexperience/perfectomobile/wd/hub/session/bd4c83dd-b9d3-4ad2-9259-43a8e935cecf/timeouts HTTP/1.1[\r][\n]"
<2017-09-26 13:02:36> DEBUG [org.apache.http.wire] http-outgoing-3 >> "Content-Type: application/json; charset=utf-8[\r][\n]"
<2017-09-26 13:02:36> DEBUG [org.apache.http.wire] http-outgoing-3 >> "Content-Length: 31[\r][\n]"
<2017-09-26 13:02:36> DEBUG [org.apache.http.wire] http-outgoing-3 >> "Host: branchtest.perfectomobile.com[\r][\n]"
<2017-09-26 13:02:36> DEBUG [org.apache.http.wire] http-outgoing-3 >> "Connection: Keep-Alive[\r][\n]"
<2017-09-26 13:02:36> DEBUG [org.apache.http.wire] http-outgoing-3 >> "User-Agent: Apache-HttpClient/4.5.2 (Java/1.8.0_121)[\r][\n]"
<2017-09-26 13:02:36> DEBUG [org.apache.http.wire] http-outgoing-3 >> "Cookie: JSESSIONID=76F3C18CA8450CBF4E051512495D60C8; fast_failed=true; fast_failed=true[\r][\n]"
<2017-09-26 13:02:36> DEBUG [org.apache.http.wire] http-outgoing-3 >> "Accept-Encoding: gzip,deflate[\r][\n]"
<2017-09-26 13:02:36> DEBUG [org.apache.http.wire] http-outgoing-3 >> "[\r][\n]"
<2017-09-26 13:02:36> DEBUG [org.apache.http.wire] http-outgoing-3 >> "{"type":"page load","ms":30000}"
<2017-09-26 13:02:36> DEBUG [org.apache.http.wire] http-outgoing-3 << "HTTP/1.1 200 OK[\r][\n]"
<2017-09-26 13:02:36> DEBUG [org.apache.http.wire] http-outgoing-3 << "Server: nginx[\r][\n]"
<2017-09-26 13:02:36> DEBUG [org.apache.http.wire] http-outgoing-3 << "Date: Tue, 26 Sep 2017 10:02:32 GMT[\r][\n]"
<2017-09-26 13:02:36> DEBUG [org.apache.http.wire] http-outgoing-3 << "Content-Type: application/json;charset=utf-8[\r][\n]"
<2017-09-26 13:02:36> DEBUG [org.apache.http.wire] http-outgoing-3 << "Transfer-Encoding: chunked[\r][\n]"
<2017-09-26 13:02:36> DEBUG [org.apache.http.wire] http-outgoing-3 << "Connection: keep-alive[\r][\n]"
<2017-09-26 13:02:36> DEBUG [org.apache.http.wire] http-outgoing-3 << "Set-Cookie: JSESSIONID=76F3C18CA8450CBF4E051512495D60C8; Path=/nexperience/; HttpOnly[\r][\n]"
<2017-09-26 13:02:36> DEBUG [org.apache.http.wire] http-outgoing-3 << "Expires: Thu, 01 Jan 1970 00:00:00 GMT[\r][\n]"
<2017-09-26 13:02:36> DEBUG [org.apache.http.wire] http-outgoing-3 << "Cache-Control: no-cache[\r][\n]"
<2017-09-26 13:02:36> DEBUG [org.apache.http.wire] http-outgoing-3 << "Cache-Control: no-cache[\r][\n]"
<2017-09-26 13:02:36> DEBUG [org.apache.http.wire] http-outgoing-3 << "Expires: Thu, 01 Jan 1970 00:00:00 GMT[\r][\n]"
<2017-09-26 13:02:36> DEBUG [org.apache.http.wire] http-outgoing-3 << "Set-Cookie: fast_failed=true[\r][\n]"
<2017-09-26 13:02:36> DEBUG [org.apache.http.wire] http-outgoing-3 << "X-XSS-Protection: 2; mode=block[\r][\n]"
<2017-09-26 13:02:36> DEBUG [org.apache.http.wire] http-outgoing-3 << "Content-Encoding: gzip[\r][\n]"
<2017-09-26 13:02:36> DEBUG [org.apache.http.wire] http-outgoing-3 << "[\r][\n]"
<2017-09-26 13:02:36> DEBUG [org.apache.http.wire] http-outgoing-3 << "94[\r][\n]"
<2017-09-26 13:02:36> DEBUG [org.apache.http.wire] http-outgoing-3 << "[0x1f][0x8b][0x8][0x0][0x0][0x0][0x0][0x0][0x0][0x3]-[0xcc]1[0x12][0xc2] [0x10][0x85][0xe1][0xbb]l[\r][0x8c][0x2]qBZ+[o@[0xd8]U3C [0xc9][0x82][0x8d][0xe3][0xdd][0xdd][0xc2][0xf6][0x9f][0xef][0xbd][0xf]01/[0xb5][0xdc][0x10]&[0x98][0xd1][0xa7][0xd1]![0xea]9[0xa0][0xd3]>[0xa2][0xd5][0xc1][0xe]A{[0x17]G[\n]"
<2017-09-26 13:02:36> DEBUG [org.apache.http.wire] http-outgoing-3 << "nH[0x94][0x1e][0xa0][0x80][l$[0x9c]{J[0xb2][0x96][0xf2][0xba]V[0x94][0xe2]Go/[0xfe]l[0x83][0x82]w[0xcc]]J[0xe9]9+H9[\n]"
<2017-09-26 13:02:36> DEBUG [org.apache.http.wire] http-outgoing-3 << "[0x9b][0xa0][0x1e]OS7*{4L[0x99][0xca][0xd2]Ws[0xd0]Z[0x1b][0x99];[0xf1]V[0xb][0xd3][0xff][0xbe][0xb]?}]]>&#x7f;<![CDATA[[0x1a][0x11][0xf0][0x8f][0x9e][0x0][0x0][0x0][\r][\n]"
<2017-09-26 13:02:36> DEBUG [org.apache.http.wire] http-outgoing-3 << "0[\r][\n]"
<2017-09-26 13:02:36> DEBUG [org.apache.http.wire] http-outgoing-3 << "[\r][\n]"
<2017-09-26 13:02:36> DEBUG [org.apache.http.headers] http-outgoing-3 << HTTP/1.1 200 OK
<2017-09-26 13:02:36> DEBUG [org.apache.http.headers] http-outgoing-3 << Server: nginx
<2017-09-26 13:02:36> DEBUG [org.apache.http.headers] http-outgoing-3 << Date: Tue, 26 Sep 2017 10:02:32 GMT
<2017-09-26 13:02:36> DEBUG [org.apache.http.headers] http-outgoing-3 << Content-Type: application/json;charset=utf-8
<2017-09-26 13:02:36> DEBUG [org.apache.http.headers] http-outgoing-3 << Transfer-Encoding: chunked
<2017-09-26 13:02:36> DEBUG [org.apache.http.headers] http-outgoing-3 << Connection: keep-alive
<2017-09-26 13:02:36> DEBUG [org.apache.http.headers] http-outgoing-3 << Set-Cookie: JSESSIONID=76F3C18CA8450CBF4E051512495D60C8; Path=/nexperience/; HttpOnly
<2017-09-26 13:02:36> DEBUG [org.apache.http.headers] http-outgoing-3 << Expires: Thu, 01 Jan 1970 00:00:00 GMT
<2017-09-26 13:02:36> DEBUG [org.apache.http.headers] http-outgoing-3 << Cache-Control: no-cache
<2017-09-26 13:02:36> DEBUG [org.apache.http.headers] http-outgoing-3 << Cache-Control: no-cache
<2017-09-26 13:02:36> DEBUG [org.apache.http.headers] http-outgoing-3 << Expires: Thu, 01 Jan 1970 00:00:00 GMT
<2017-09-26 13:02:36> DEBUG [org.apache.http.headers] http-outgoing-3 << Set-Cookie: fast_failed=true
<2017-09-26 13:02:36> DEBUG [org.apache.http.headers] http-outgoing-3 << X-XSS-Protection: 2; mode=block
<2017-09-26 13:02:36> DEBUG [org.apache.http.headers] http-outgoing-3 << Content-Encoding: gzip
<2017-09-26 13:02:36> DEBUG [o.a.h.i.execchain.MainClientExec] Connection can be kept alive indefinitely
<2017-09-26 13:02:36> DEBUG [o.a.h.c.p.ResponseProcessCookies] Cookie accepted [JSESSIONID="76F3C18CA8450CBF4E051512495D60C8", version:0, domain:branchtest.perfectomobile.com, path:/nexperience/, expiry:null]
<2017-09-26 13:02:36> DEBUG [o.a.h.c.p.ResponseProcessCookies] Cookie accepted [fast_failed="true", version:0, domain:branchtest.perfectomobile.com, path:/nexperience/perfectomobile/wd/hub/session/bd4c83dd-b9d3-4ad2-9259-43a8e935cecf, expiry:null]
<2017-09-26 13:02:36> DEBUG [o.a.h.i.c.PoolingHttpClientConnectionManager] Connection [id: 3][route: {s}->https://branchtest.perfectomobile.com:443] can be kept alive indefinitely
<2017-09-26 13:02:36> DEBUG [o.a.h.i.c.PoolingHttpClientConnectionManager] Connection released: [id: 3][route: {s}->https://branchtest.perfectomobile.com:443][total kept alive: 1; route allocated: 5 of 2000; total allocated: 5 of 2000]
<2017-09-26 13:02:36> DEBUG [o.a.h.c.p.RequestAddCookies] CookieSpec selected: default
<2017-09-26 13:02:36> DEBUG [o.a.h.c.p.RequestAddCookies] Cookie [version: 0][name: JSESSIONID][value: 76F3C18CA8450CBF4E051512495D60C8][domain: branchtest.perfectomobile.com][path: /nexperience/][expiry: null] match [(secure)branchtest.perfectomobile.com:443/nexperience/perfectomobile/wd/hub/session/bd4c83dd-b9d3-4ad2-9259-43a8e935cecf/url]
<2017-09-26 13:02:36> DEBUG [o.a.h.c.p.RequestAddCookies] Cookie [version: 0][name: fast_failed][value: true][domain: branchtest.perfectomobile.com][path: /nexperience/perfectomobile/wd/hub][expiry: null] match [(secure)branchtest.perfectomobile.com:443/nexperience/perfectomobile/wd/hub/session/bd4c83dd-b9d3-4ad2-9259-43a8e935cecf/url]
<2017-09-26 13:02:36> DEBUG [o.a.h.c.p.RequestAddCookies] Cookie [version: 0][name: fast_failed][value: true][domain: branchtest.perfectomobile.com][path: /nexperience/perfectomobile/wd/hub/session/bd4c83dd-b9d3-4ad2-9259-43a8e935cecf][expiry: null] match [(secure)branchtest.perfectomobile.com:443/nexperience/perfectomobile/wd/hub/session/bd4c83dd-b9d3-4ad2-9259-43a8e935cecf/url]
<2017-09-26 13:02:36> DEBUG [o.a.h.c.p.RequestAuthCache] Auth cache not set in the context
<2017-09-26 13:02:36> DEBUG [o.a.h.i.c.PoolingHttpClientConnectionManager] Connection request: [route: {s}->https://branchtest.perfectomobile.com:443][total kept alive: 1; route allocated: 5 of 2000; total allocated: 5 of 2000]
<2017-09-26 13:02:36> DEBUG [o.a.h.i.c.PoolingHttpClientConnectionManager] Connection leased: [id: 3][route: {s}->https://branchtest.perfectomobile.com:443][total kept alive: 0; route allocated: 5 of 2000; total allocated: 5 of 2000]
<2017-09-26 13:02:36> DEBUG [o.a.h.i.execchain.MainClientExec] Stale connection check
<2017-09-26 13:02:36> DEBUG [org.apache.http.wire] http-outgoing-3 << "[read] I/O error: Read timed out"
<2017-09-26 13:02:36> DEBUG [o.a.h.i.c.DefaultManagedHttpClientConnection] http-outgoing-3: set socket timeout to 10800000
<2017-09-26 13:02:36> DEBUG [o.a.h.i.execchain.MainClientExec] Executing request POST /nexperience/perfectomobile/wd/hub/session/bd4c83dd-b9d3-4ad2-9259-43a8e935cecf/url HTTP/1.1
<2017-09-26 13:02:36> DEBUG [o.a.h.i.execchain.MainClientExec] Target auth state: UNCHALLENGED
<2017-09-26 13:02:36> DEBUG [o.a.h.i.execchain.MainClientExec] Proxy auth state: UNCHALLENGED
<2017-09-26 13:02:36> DEBUG [org.apache.http.headers] http-outgoing-3 >> POST /nexperience/perfectomobile/wd/hub/session/bd4c83dd-b9d3-4ad2-9259-43a8e935cecf/url HTTP/1.1
<2017-09-26 13:02:36> DEBUG [org.apache.http.headers] http-outgoing-3 >> Content-Type: application/json; charset=utf-8
<2017-09-26 13:02:36> DEBUG [org.apache.http.headers] http-outgoing-3 >> Content-Length: 31
<2017-09-26 13:02:36> DEBUG [org.apache.http.headers] http-outgoing-3 >> Host: branchtest.perfectomobile.com
<2017-09-26 13:02:36> DEBUG [org.apache.http.headers] http-outgoing-3 >> Connection: Keep-Alive
<2017-09-26 13:02:36> DEBUG [org.apache.http.headers] http-outgoing-3 >> User-Agent: Apache-HttpClient/4.5.2 (Java/1.8.0_121)
<2017-09-26 13:02:36> DEBUG [org.apache.http.headers] http-outgoing-3 >> Cookie: JSESSIONID=76F3C18CA8450CBF4E051512495D60C8; fast_failed=true; fast_failed=true
<2017-09-26 13:02:36> DEBUG [org.apache.http.headers] http-outgoing-3 >> Accept-Encoding: gzip,deflate
<2017-09-26 13:02:36> DEBUG [org.apache.http.wire] http-outgoing-3 >> "POST /nexperience/perfectomobile/wd/hub/session/bd4c83dd-b9d3-4ad2-9259-43a8e935cecf/url HTTP/1.1[\r][\n]"
<2017-09-26 13:02:36> DEBUG [org.apache.http.wire] http-outgoing-3 >> "Content-Type: application/json; charset=utf-8[\r][\n]"
<2017-09-26 13:02:36> DEBUG [org.apache.http.wire] http-outgoing-3 >> "Content-Length: 31[\r][\n]"
<2017-09-26 13:02:36> DEBUG [org.apache.http.wire] http-outgoing-3 >> "Host: branchtest.perfectomobile.com[\r][\n]"
<2017-09-26 13:02:36> DEBUG [org.apache.http.wire] http-outgoing-3 >> "Connection: Keep-Alive[\r][\n]"
<2017-09-26 13:02:36> DEBUG [org.apache.http.wire] http-outgoing-3 >> "User-Agent: Apache-HttpClient/4.5.2 (Java/1.8.0_121)[\r][\n]"
<2017-09-26 13:02:36> DEBUG [org.apache.http.wire] http-outgoing-3 >> "Cookie: JSESSIONID=76F3C18CA8450CBF4E051512495D60C8; fast_failed=true; fast_failed=true[\r][\n]"
<2017-09-26 13:02:36> DEBUG [org.apache.http.wire] http-outgoing-3 >> "Accept-Encoding: gzip,deflate[\r][\n]"
<2017-09-26 13:02:36> DEBUG [org.apache.http.wire] http-outgoing-3 >> "[\r][\n]"
<2017-09-26 13:02:36> DEBUG [org.apache.http.wire] http-outgoing-3 >> "{"url":"http://www.google.com"}"
<2017-09-26 13:02:36> DEBUG [org.apache.http.wire] http-outgoing-0 << "HTTP/1.1 200 OK[\r][\n]"
<2017-09-26 13:02:36> DEBUG [org.apache.http.wire] http-outgoing-0 << "Server: nginx[\r][\n]"
<2017-09-26 13:02:36> DEBUG [org.apache.http.wire] http-outgoing-0 << "Date: Tue, 26 Sep 2017 10:02:33 GMT[\r][\n]"
<2017-09-26 13:02:36> DEBUG [org.apache.http.wire] http-outgoing-0 << "Content-Type: application/json;charset=utf-8[\r][\n]"
<2017-09-26 13:02:36> DEBUG [org.apache.http.wire] http-outgoing-0 << "Transfer-Encoding: chunked[\r][\n]"
<2017-09-26 13:02:36> DEBUG [org.apache.http.wire] http-outgoing-0 << "Connection: keep-alive[\r][\n]"
<2017-09-26 13:02:36> DEBUG [org.apache.http.wire] http-outgoing-0 << "Set-Cookie: JSESSIONID=041E517C39C6121D9388CBD847465EA0; Path=/nexperience/; HttpOnly[\r][\n]"
<2017-09-26 13:02:36> DEBUG [org.apache.http.wire] http-outgoing-0 << "Expires: Thu, 01 Jan 1970 00:00:00 GMT[\r][\n]"
<2017-09-26 13:02:36> DEBUG [org.apache.http.wire] http-outgoing-0 << "Cache-Control: no-cache[\r][\n]"
<2017-09-26 13:02:36> DEBUG [org.apache.http.wire] http-outgoing-0 << "Cache-Control: no-cache[\r][\n]"
<2017-09-26 13:02:36> DEBUG [org.apache.http.wire] http-outgoing-0 << "Expires: Thu, 01 Jan 1970 00:00:00 GMT[\r][\n]"
<2017-09-26 13:02:36> DEBUG [org.apache.http.wire] http-outgoing-0 << "Set-Cookie: fast_failed=true[\r][\n]"
<2017-09-26 13:02:36> DEBUG [org.apache.http.wire] http-outgoing-0 << "X-XSS-Protection: 2; mode=block[\r][\n]"
<2017-09-26 13:02:36> DEBUG [org.apache.http.wire] http-outgoing-0 << "Content-Encoding: gzip[\r][\n]"
<2017-09-26 13:02:36> DEBUG [org.apache.http.wire] http-outgoing-0 << "[\r][\n]"
<2017-09-26 13:02:36> DEBUG [org.apache.http.wire] http-outgoing-0 << "96[\r][\n]"
<2017-09-26 13:02:36> DEBUG [org.apache.http.wire] http-outgoing-0 << "[0x1f][0x8b][0x8][0x0][0x0][0x0][0x0][0x0][0x0][0x3]-[0xcc]1[0x12][0xc2] [0x10][0x85][0xe1][0xbb]l[0x1d][0x98]@"[0x81][0xb4]V[0xb6][0xde][0x0]a[0xd1][0xcc][0x10]H[0xb2][0xc1][0xc6][0xf1][0xee]na[0xfb][0xcf][0xf7][0xde][0x7][0x8][0x89][0x96]Zn[0x11]fp[0xe6]2[0xa8][0xd1][0x4][0xe1][0xa2][0x1d][0xc4][0xd8][0x1b]%l[0x9f][0x92][0x98][0xcc][0xc3]bR)[0xea][0xd1]A[0x7]t[0xfa][0x13][0x99]S[0xb][0x81][0xd7]\^[0xd7][0x1a][0xb9]([0xa7][0xb5][0xb6][0x13][0xab][0xe][0xde]>7N[0xa5][0xe5][0xdc]A[0xc8][0x9e][0xdd][0xc][0xf5]x[0xca][0xba]a[0xd9][0xbd]$[0xcc]X[0x96][0xb6][0xca][0x3][0xd7]z[0xa2][0xbc]#m[0xb5][0x10][0xfe][0xff][0x1b][0xf3][0xfe][0xfb][0x3][0xa0]m[0xdb][0xa7][0x9f][0x0][0x0][0x0][\r][\n]"
<2017-09-26 13:02:36> DEBUG [org.apache.http.wire] http-outgoing-0 << "0[\r][\n]"
<2017-09-26 13:02:36> DEBUG [org.apache.http.wire] http-outgoing-0 << "[\r][\n]"
<2017-09-26 13:02:36> DEBUG [org.apache.http.headers] http-outgoing-0 << HTTP/1.1 200 OK
<2017-09-26 13:02:36> DEBUG [org.apache.http.headers] http-outgoing-0 << Server: nginx
<2017-09-26 13:02:36> DEBUG [org.apache.http.headers] http-outgoing-0 << Date: Tue, 26 Sep 2017 10:02:33 GMT
<2017-09-26 13:02:36> DEBUG [org.apache.http.headers] http-outgoing-0 << Content-Type: application/json;charset=utf-8
<2017-09-26 13:02:36> DEBUG [org.apache.http.headers] http-outgoing-0 << Transfer-Encoding: chunked
<2017-09-26 13:02:36> DEBUG [org.apache.http.headers] http-outgoing-0 << Connection: keep-alive
<2017-09-26 13:02:36> DEBUG [org.apache.http.headers] http-outgoing-0 << Set-Cookie: JSESSIONID=041E517C39C6121D9388CBD847465EA0; Path=/nexperience/; HttpOnly
<2017-09-26 13:02:36> DEBUG [org.apache.http.headers] http-outgoing-0 << Expires: Thu, 01 Jan 1970 00:00:00 GMT
<2017-09-26 13:02:36> DEBUG [org.apache.http.headers] http-outgoing-0 << Cache-Control: no-cache
<2017-09-26 13:02:36> DEBUG [org.apache.http.headers] http-outgoing-0 << Cache-Control: no-cache
<2017-09-26 13:02:36> DEBUG [org.apache.http.headers] http-outgoing-0 << Expires: Thu, 01 Jan 1970 00:00:00 GMT
<2017-09-26 13:02:36> DEBUG [org.apache.http.headers] http-outgoing-0 << Set-Cookie: fast_failed=true
<2017-09-26 13:02:36> DEBUG [org.apache.http.headers] http-outgoing-0 << X-XSS-Protection: 2; mode=block
<2017-09-26 13:02:36> DEBUG [org.apache.http.headers] http-outgoing-0 << Content-Encoding: gzip
<2017-09-26 13:02:36> DEBUG [o.a.h.i.execchain.MainClientExec] Connection can be kept alive indefinitely
<2017-09-26 13:02:36> DEBUG [o.a.h.c.p.ResponseProcessCookies] Cookie accepted [JSESSIONID="041E517C39C6121D9388CBD847465EA0", version:0, domain:branchtest.perfectomobile.com, path:/nexperience/, expiry:null]
<2017-09-26 13:02:36> DEBUG [o.a.h.c.p.ResponseProcessCookies] Cookie accepted [fast_failed="true", version:0, domain:branchtest.perfectomobile.com, path:/nexperience/perfectomobile/wd/hub/session/9653146c-9d83-4061-80ff-76b8ef1fd249/element/0, expiry:null]
<2017-09-26 13:02:36> DEBUG [o.a.h.i.c.PoolingHttpClientConnectionManager] Connection [id: 0][route: {s}->https://branchtest.perfectomobile.com:443] can be kept alive indefinitely
<2017-09-26 13:02:36> DEBUG [o.a.h.i.c.PoolingHttpClientConnectionManager] Connection released: [id: 0][route: {s}->https://branchtest.perfectomobile.com:443][total kept alive: 1; route allocated: 5 of 2000; total allocated: 5 of 2000]
<2017-09-26 13:02:36> DEBUG [o.a.h.c.p.RequestAddCookies] CookieSpec selected: default
<2017-09-26 13:02:36> DEBUG [o.a.h.c.p.RequestAddCookies] Cookie [version: 0][name: JSESSIONID][value: 041E517C39C6121D9388CBD847465EA0][domain: branchtest.perfectomobile.com][path: /nexperience/][expiry: null] match [(secure)branchtest.perfectomobile.com:443/nexperience/perfectomobile/wd/hub/session/9653146c-9d83-4061-80ff-76b8ef1fd249/element/0/submit]
<2017-09-26 13:02:36> DEBUG [o.a.h.c.p.RequestAddCookies] Cookie [version: 0][name: fast_failed][value: true][domain: branchtest.perfectomobile.com][path: /nexperience/perfectomobile/wd/hub][expiry: null] match [(secure)branchtest.perfectomobile.com:443/nexperience/perfectomobile/wd/hub/session/9653146c-9d83-4061-80ff-76b8ef1fd249/element/0/submit]
<2017-09-26 13:02:36> DEBUG [o.a.h.c.p.RequestAddCookies] Cookie [version: 0][name: fast_failed][value: true][domain: branchtest.perfectomobile.com][path: /nexperience/perfectomobile/wd/hub/session/9653146c-9d83-4061-80ff-76b8ef1fd249][expiry: null] match [(secure)branchtest.perfectomobile.com:443/nexperience/perfectomobile/wd/hub/session/9653146c-9d83-4061-80ff-76b8ef1fd249/element/0/submit]
<2017-09-26 13:02:36> DEBUG [o.a.h.c.p.RequestAddCookies] Cookie [version: 0][name: fast_failed][value: true][domain: branchtest.perfectomobile.com][path: /nexperience/perfectomobile/wd/hub/session/9653146c-9d83-4061-80ff-76b8ef1fd249/element/0][expiry: null] match [(secure)branchtest.perfectomobile.com:443/nexperience/perfectomobile/wd/hub/session/9653146c-9d83-4061-80ff-76b8ef1fd249/element/0/submit]
<2017-09-26 13:02:36> DEBUG [o.a.h.c.p.RequestAuthCache] Auth cache not set in the context
<2017-09-26 13:02:36> DEBUG [o.a.h.i.c.PoolingHttpClientConnectionManager] Connection request: [route: {s}->https://branchtest.perfectomobile.com:443][total kept alive: 1; route allocated: 5 of 2000; total allocated: 5 of 2000]
<2017-09-26 13:02:36> DEBUG [o.a.h.i.c.PoolingHttpClientConnectionManager] Connection leased: [id: 0][route: {s}->https://branchtest.perfectomobile.com:443][total kept alive: 0; route allocated: 5 of 2000; total allocated: 5 of 2000]
<2017-09-26 13:02:36> DEBUG [o.a.h.i.execchain.MainClientExec] Stale connection check
<2017-09-26 13:02:36> DEBUG [org.apache.http.wire] http-outgoing-0 << "[read] I/O error: Read timed out"
<2017-09-26 13:02:36> DEBUG [o.a.h.i.c.DefaultManagedHttpClientConnection] http-outgoing-0: set socket timeout to 10800000
<2017-09-26 13:02:36> DEBUG [o.a.h.i.execchain.MainClientExec] Executing request POST /nexperience/perfectomobile/wd/hub/session/9653146c-9d83-4061-80ff-76b8ef1fd249/element/0/submit HTTP/1.1
<2017-09-26 13:02:36> DEBUG [o.a.h.i.execchain.MainClientExec] Target auth state: UNCHALLENGED
<2017-09-26 13:02:36> DEBUG [o.a.h.i.execchain.MainClientExec] Proxy auth state: UNCHALLENGED
<2017-09-26 13:02:36> DEBUG [org.apache.http.headers] http-outgoing-0 >> POST /nexperience/perfectomobile/wd/hub/session/9653146c-9d83-4061-80ff-76b8ef1fd249/element/0/submit HTTP/1.1
<2017-09-26 13:02:36> DEBUG [org.apache.http.headers] http-outgoing-0 >> Content-Type: application/json; charset=utf-8
<2017-09-26 13:02:36> DEBUG [org.apache.http.headers] http-outgoing-0 >> Content-Length: 10
<2017-09-26 13:02:36> DEBUG [org.apache.http.headers] http-outgoing-0 >> Host: branchtest.perfectomobile.com
<2017-09-26 13:02:36> DEBUG [org.apache.http.headers] http-outgoing-0 >> Connection: Keep-Alive
<2017-09-26 13:02:36> DEBUG [org.apache.http.headers] http-outgoing-0 >> User-Agent: Apache-HttpClient/4.5.2 (Java/1.8.0_121)
<2017-09-26 13:02:36> DEBUG [org.apache.http.headers] http-outgoing-0 >> Cookie: JSESSIONID=041E517C39C6121D9388CBD847465EA0; fast_failed=true; fast_failed=true; fast_failed=true
<2017-09-26 13:02:36> DEBUG [org.apache.http.headers] http-outgoing-0 >> Accept-Encoding: gzip,deflate
<2017-09-26 13:02:36> DEBUG [org.apache.http.wire] http-outgoing-0 >> "POST /nexperience/perfectomobile/wd/hub/session/9653146c-9d83-4061-80ff-76b8ef1fd249/element/0/submit HTTP/1.1[\r][\n]"
<2017-09-26 13:02:36> DEBUG [org.apache.http.wire] http-outgoing-0 >> "Content-Type: application/json; charset=utf-8[\r][\n]"
<2017-09-26 13:02:36> DEBUG [org.apache.http.wire] http-outgoing-0 >> "Content-Length: 10[\r][\n]"
<2017-09-26 13:02:36> DEBUG [org.apache.http.wire] http-outgoing-0 >> "Host: branchtest.perfectomobile.com[\r][\n]"
<2017-09-26 13:02:36> DEBUG [org.apache.http.wire] http-outgoing-0 >> "Connection: Keep-Alive[\r][\n]"
<2017-09-26 13:02:36> DEBUG [org.apache.http.wire] http-outgoing-0 >> "User-Agent: Apache-HttpClient/4.5.2 (Java/1.8.0_121)[\r][\n]"
<2017-09-26 13:02:36> DEBUG [org.apache.http.wire] http-outgoing-0 >> "Cookie: JSESSIONID=041E517C39C6121D9388CBD847465EA0; fast_failed=true; fast_failed=true; fast_failed=true[\r][\n]"
<2017-09-26 13:02:36> DEBUG [org.apache.http.wire] http-outgoing-0 >> "Accept-Encoding: gzip,deflate[\r][\n]"
<2017-09-26 13:02:36> DEBUG [org.apache.http.wire] http-outgoing-0 >> "[\r][\n]"
<2017-09-26 13:02:36> DEBUG [org.apache.http.wire] http-outgoing-0 >> "{"id":"0"}"
<2017-09-26 13:02:39> DEBUG [org.apache.http.wire] http-outgoing-3 << "HTTP/1.1 200 OK[\r][\n]"
<2017-09-26 13:02:39> DEBUG [org.apache.http.wire] http-outgoing-3 << "Server: nginx[\r][\n]"
<2017-09-26 13:02:39> DEBUG [org.apache.http.wire] http-outgoing-3 << "Date: Tue, 26 Sep 2017 10:02:35 GMT[\r][\n]"
<2017-09-26 13:02:39> DEBUG [org.apache.http.wire] http-outgoing-3 << "Content-Type: application/json;charset=utf-8[\r][\n]"
<2017-09-26 13:02:39> DEBUG [org.apache.http.wire] http-outgoing-3 << "Transfer-Encoding: chunked[\r][\n]"
<2017-09-26 13:02:39> DEBUG [org.apache.http.wire] http-outgoing-3 << "Connection: keep-alive[\r][\n]"
<2017-09-26 13:02:39> DEBUG [org.apache.http.wire] http-outgoing-3 << "Set-Cookie: JSESSIONID=76F3C18CA8450CBF4E051512495D60C8; Path=/nexperience/; HttpOnly[\r][\n]"
<2017-09-26 13:02:39> DEBUG [org.apache.http.wire] http-outgoing-3 << "Expires: Thu, 01 Jan 1970 00:00:00 GMT[\r][\n]"
<2017-09-26 13:02:39> DEBUG [org.apache.http.wire] http-outgoing-3 << "Cache-Control: no-cache[\r][\n]"
<2017-09-26 13:02:39> DEBUG [org.apache.http.wire] http-outgoing-3 << "Cache-Control: no-cache[\r][\n]"
<2017-09-26 13:02:39> DEBUG [org.apache.http.wire] http-outgoing-3 << "Expires: Thu, 01 Jan 1970 00:00:00 GMT[\r][\n]"
<2017-09-26 13:02:39> DEBUG [org.apache.http.wire] http-outgoing-3 << "Set-Cookie: fast_failed=true[\r][\n]"
<2017-09-26 13:02:39> DEBUG [org.apache.http.wire] http-outgoing-3 << "X-XSS-Protection: 2; mode=block[\r][\n]"
<2017-09-26 13:02:39> DEBUG [org.apache.http.wire] http-outgoing-3 << "Content-Encoding: gzip[\r][\n]"
<2017-09-26 13:02:39> DEBUG [org.apache.http.wire] http-outgoing-3 << "[\r][\n]"
<2017-09-26 13:02:39> DEBUG [org.apache.http.wire] http-outgoing-3 << "96[\r][\n]"
<2017-09-26 13:02:39> DEBUG [org.apache.http.wire] http-outgoing-3 << "[0x1f][0x8b][0x8][0x0][0x0][0x0][0x0][0x0][0x0][0x3]-[0xcc]1[0x12][0xc2] [0x10][0x85][0xe1][0xbb]l[0x1d][0x98][0x10][0x88][0x13][0xd2]Z[0xd9]z[0x3][0xc2][0xae][0x9a][0x19][0x2]I[0x16]l[0x1c][0xef][0xee][0x16][0xb6][0xff]|[0xef]}[0x80][0x89]y-[0xf9][0x86]0[0xc3][0x82].N[0x16]Q-[0x1e][0xad]r[0x1][0x7][0xe5][0x87][0xd1]+g[0xc3]D[0xde][0x8e][0x91][0xe2][0x3]:[0xe0][0x1a]*[0x9][0xe7][0x16][0xa3][0xac][0xa5][0xbc][0xae][0x5][0xa5][0x18]g[0xc6][0xfe][0xe2][0x8d]1[0x1d][0xbc]Cj[0x92]rK[0xa9][0x83][0x98][0x82][0xb8][0x19][0xca][0xf9][0xd4]e[0xa7]|[0x4][0xcd][0x94]([0xaf]m[0xd3]'m[0xa5][0x92][0xbe][0x13][0xef]%3[0xfd][0xff][0x9b][0xf0][0xfe][0xfb][0x3][0xa9][0x1][0xa9][0x1c][0x9f][0x0][0x0][0x0][\r][\n]"
<2017-09-26 13:02:39> DEBUG [org.apache.http.wire] http-outgoing-3 << "0[\r][\n]"
<2017-09-26 13:02:39> DEBUG [org.apache.http.wire] http-outgoing-3 << "[\r][\n]"
<2017-09-26 13:02:39> DEBUG [org.apache.http.headers] http-outgoing-3 << HTTP/1.1 200 OK
<2017-09-26 13:02:39> DEBUG [org.apache.http.headers] http-outgoing-3 << Server: nginx
<2017-09-26 13:02:39> DEBUG [org.apache.http.headers] http-outgoing-3 << Date: Tue, 26 Sep 2017 10:02:35 GMT
<2017-09-26 13:02:39> DEBUG [org.apache.http.headers] http-outgoing-3 << Content-Type: application/json;charset=utf-8
<2017-09-26 13:02:39> DEBUG [org.apache.http.headers] http-outgoing-3 << Transfer-Encoding: chunked
<2017-09-26 13:02:39> DEBUG [org.apache.http.headers] http-outgoing-3 << Connection: keep-alive
<2017-09-26 13:02:39> DEBUG [org.apache.http.headers] http-outgoing-3 << Set-Cookie: JSESSIONID=76F3C18CA8450CBF4E051512495D60C8; Path=/nexperience/; HttpOnly
<2017-09-26 13:02:39> DEBUG [org.apache.http.headers] http-outgoing-3 << Expires: Thu, 01 Jan 1970 00:00:00 GMT
<2017-09-26 13:02:39> DEBUG [org.apache.http.headers] http-outgoing-3 << Cache-Control: no-cache
<2017-09-26 13:02:39> DEBUG [org.apache.http.headers] http-outgoing-3 << Cache-Control: no-cache
<2017-09-26 13:02:39> DEBUG [org.apache.http.headers] http-outgoing-3 << Expires: Thu, 01 Jan 1970 00:00:00 GMT
<2017-09-26 13:02:39> DEBUG [org.apache.http.headers] http-outgoing-3 << Set-Cookie: fast_failed=true
<2017-09-26 13:02:39> DEBUG [org.apache.http.headers] http-outgoing-3 << X-XSS-Protection: 2; mode=block
<2017-09-26 13:02:39> DEBUG [org.apache.http.headers] http-outgoing-3 << Content-Encoding: gzip
<2017-09-26 13:02:39> DEBUG [o.a.h.i.execchain.MainClientExec] Connection can be kept alive indefinitely
<2017-09-26 13:02:39> DEBUG [o.a.h.c.p.ResponseProcessCookies] Cookie accepted [JSESSIONID="76F3C18CA8450CBF4E051512495D60C8", version:0, domain:branchtest.perfectomobile.com, path:/nexperience/, expiry:null]
<2017-09-26 13:02:39> DEBUG [o.a.h.c.p.ResponseProcessCookies] Cookie accepted [fast_failed="true", version:0, domain:branchtest.perfectomobile.com, path:/nexperience/perfectomobile/wd/hub/session/bd4c83dd-b9d3-4ad2-9259-43a8e935cecf, expiry:null]
<2017-09-26 13:02:39> DEBUG [o.a.h.i.c.PoolingHttpClientConnectionManager] Connection [id: 3][route: {s}->https://branchtest.perfectomobile.com:443] can be kept alive indefinitely
<2017-09-26 13:02:39> DEBUG [o.a.h.i.c.PoolingHttpClientConnectionManager] Connection released: [id: 3][route: {s}->https://branchtest.perfectomobile.com:443][total kept alive: 1; route allocated: 5 of 2000; total allocated: 5 of 2000]
<2017-09-26 13:02:39> DEBUG [o.a.h.c.p.RequestAddCookies] CookieSpec selected: default
<2017-09-26 13:02:39> DEBUG [o.a.h.c.p.RequestAddCookies] Cookie [version: 0][name: JSESSIONID][value: 76F3C18CA8450CBF4E051512495D60C8][domain: branchtest.perfectomobile.com][path: /nexperience/][expiry: null] match [(secure)branchtest.perfectomobile.com:443/nexperience/perfectomobile/wd/hub/session/bd4c83dd-b9d3-4ad2-9259-43a8e935cecf/element]
<2017-09-26 13:02:39> DEBUG [o.a.h.c.p.RequestAddCookies] Cookie [version: 0][name: fast_failed][value: true][domain: branchtest.perfectomobile.com][path: /nexperience/perfectomobile/wd/hub][expiry: null] match [(secure)branchtest.perfectomobile.com:443/nexperience/perfectomobile/wd/hub/session/bd4c83dd-b9d3-4ad2-9259-43a8e935cecf/element]
<2017-09-26 13:02:39> DEBUG [o.a.h.c.p.RequestAddCookies] Cookie [version: 0][name: fast_failed][value: true][domain: branchtest.perfectomobile.com][path: /nexperience/perfectomobile/wd/hub/session/bd4c83dd-b9d3-4ad2-9259-43a8e935cecf][expiry: null] match [(secure)branchtest.perfectomobile.com:443/nexperience/perfectomobile/wd/hub/session/bd4c83dd-b9d3-4ad2-9259-43a8e935cecf/element]
<2017-09-26 13:02:39> DEBUG [o.a.h.c.p.RequestAuthCache] Auth cache not set in the context
<2017-09-26 13:02:39> DEBUG [o.a.h.i.c.PoolingHttpClientConnectionManager] Connection request: [route: {s}->https://branchtest.perfectomobile.com:443][total kept alive: 1; route allocated: 5 of 2000; total allocated: 5 of 2000]
<2017-09-26 13:02:39> DEBUG [o.a.h.i.c.PoolingHttpClientConnectionManager] Connection leased: [id: 3][route: {s}->https://branchtest.perfectomobile.com:443][total kept alive: 0; route allocated: 5 of 2000; total allocated: 5 of 2000]
<2017-09-26 13:02:39> DEBUG [o.a.h.i.execchain.MainClientExec] Stale connection check
<2017-09-26 13:02:39> DEBUG [org.apache.http.wire] http-outgoing-3 << "[read] I/O error: Read timed out"
<2017-09-26 13:02:39> DEBUG [o.a.h.i.c.DefaultManagedHttpClientConnection] http-outgoing-3: set socket timeout to 10800000
<2017-09-26 13:02:39> DEBUG [o.a.h.i.execchain.MainClientExec] Executing request POST /nexperience/perfectomobile/wd/hub/session/bd4c83dd-b9d3-4ad2-9259-43a8e935cecf/element HTTP/1.1
<2017-09-26 13:02:39> DEBUG [o.a.h.i.execchain.MainClientExec] Target auth state: UNCHALLENGED
<2017-09-26 13:02:39> DEBUG [o.a.h.i.execchain.MainClientExec] Proxy auth state: UNCHALLENGED
<2017-09-26 13:02:39> DEBUG [org.apache.http.headers] http-outgoing-3 >> POST /nexperience/perfectomobile/wd/hub/session/bd4c83dd-b9d3-4ad2-9259-43a8e935cecf/element HTTP/1.1
<2017-09-26 13:02:39> DEBUG [org.apache.http.headers] http-outgoing-3 >> Content-Type: application/json; charset=utf-8
<2017-09-26 13:02:39> DEBUG [org.apache.http.headers] http-outgoing-3 >> Content-Length: 28
<2017-09-26 13:02:39> DEBUG [org.apache.http.headers] http-outgoing-3 >> Host: branchtest.perfectomobile.com
<2017-09-26 13:02:39> DEBUG [org.apache.http.headers] http-outgoing-3 >> Connection: Keep-Alive
<2017-09-26 13:02:39> DEBUG [org.apache.http.headers] http-outgoing-3 >> User-Agent: Apache-HttpClient/4.5.2 (Java/1.8.0_121)
<2017-09-26 13:02:39> DEBUG [org.apache.http.headers] http-outgoing-3 >> Cookie: JSESSIONID=76F3C18CA8450CBF4E051512495D60C8; fast_failed=true; fast_failed=true
<2017-09-26 13:02:39> DEBUG [org.apache.http.headers] http-outgoing-3 >> Accept-Encoding: gzip,deflate
<2017-09-26 13:02:39> DEBUG [org.apache.http.wire] http-outgoing-3 >> "POST /nexperience/perfectomobile/wd/hub/session/bd4c83dd-b9d3-4ad2-9259-43a8e935cecf/element HTTP/1.1[\r][\n]"
<2017-09-26 13:02:39> DEBUG [org.apache.http.wire] http-outgoing-3 >> "Content-Type: application/json; charset=utf-8[\r][\n]"
<2017-09-26 13:02:39> DEBUG [org.apache.http.wire] http-outgoing-3 >> "Content-Length: 28[\r][\n]"
<2017-09-26 13:02:39> DEBUG [org.apache.http.wire] http-outgoing-3 >> "Host: branchtest.perfectomobile.com[\r][\n]"
<2017-09-26 13:02:39> DEBUG [org.apache.http.wire] http-outgoing-3 >> "Connection: Keep-Alive[\r][\n]"
<2017-09-26 13:02:39> DEBUG [org.apache.http.wire] http-outgoing-3 >> "User-Agent: Apache-HttpClient/4.5.2 (Java/1.8.0_121)[\r][\n]"
<2017-09-26 13:02:39> DEBUG [org.apache.http.wire] http-outgoing-3 >> "Cookie: JSESSIONID=76F3C18CA8450CBF4E051512495D60C8; fast_failed=true; fast_failed=true[\r][\n]"
<2017-09-26 13:02:39> DEBUG [org.apache.http.wire] http-outgoing-3 >> "Accept-Encoding: gzip,deflate[\r][\n]"
<2017-09-26 13:02:39> DEBUG [org.apache.http.wire] http-outgoing-3 >> "[\r][\n]"
<2017-09-26 13:02:39> DEBUG [org.apache.http.wire] http-outgoing-3 >> "{"using":"name","value":"q"}"
<2017-09-26 13:02:39> DEBUG [org.apache.http.wire] http-outgoing-0 << "HTTP/1.1 200 OK[\r][\n]"
<2017-09-26 13:02:39> DEBUG [org.apache.http.wire] http-outgoing-0 << "Server: nginx[\r][\n]"
<2017-09-26 13:02:39> DEBUG [org.apache.http.wire] http-outgoing-0 << "Date: Tue, 26 Sep 2017 10:02:35 GMT[\r][\n]"
<2017-09-26 13:02:39> DEBUG [org.apache.http.wire] http-outgoing-0 << "Content-Type: application/json;charset=utf-8[\r][\n]"
<2017-09-26 13:02:39> DEBUG [org.apache.http.wire] http-outgoing-0 << "Transfer-Encoding: chunked[\r][\n]"
<2017-09-26 13:02:39> DEBUG [org.apache.http.wire] http-outgoing-0 << "Connection: keep-alive[\r][\n]"
<2017-09-26 13:02:39> DEBUG [org.apache.http.wire] http-outgoing-0 << "Set-Cookie: JSESSIONID=041E517C39C6121D9388CBD847465EA0; Path=/nexperience/; HttpOnly[\r][\n]"
<2017-09-26 13:02:39> DEBUG [org.apache.http.wire] http-outgoing-0 << "Expires: Thu, 01 Jan 1970 00:00:00 GMT[\r][\n]"
<2017-09-26 13:02:39> DEBUG [org.apache.http.wire] http-outgoing-0 << "Cache-Control: no-cache[\r][\n]"
<2017-09-26 13:02:39> DEBUG [org.apache.http.wire] http-outgoing-0 << "Cache-Control: no-cache[\r][\n]"
<2017-09-26 13:02:39> DEBUG [org.apache.http.wire] http-outgoing-0 << "Expires: Thu, 01 Jan 1970 00:00:00 GMT[\r][\n]"
<2017-09-26 13:02:39> DEBUG [org.apache.http.wire] http-outgoing-0 << "Set-Cookie: fast_failed=true[\r][\n]"
<2017-09-26 13:02:39> DEBUG [org.apache.http.wire] http-outgoing-0 << "X-XSS-Protection: 2; mode=block[\r][\n]"
<2017-09-26 13:02:39> DEBUG [org.apache.http.wire] http-outgoing-0 << "Content-Encoding: gzip[\r][\n]"
<2017-09-26 13:02:39> DEBUG [org.apache.http.wire] http-outgoing-0 << "[\r][\n]"
<2017-09-26 13:02:39> DEBUG [org.apache.http.wire] http-outgoing-0 << "97[\r][\n]"
<2017-09-26 13:02:39> DEBUG [org.apache.http.wire] http-outgoing-0 << "[0x1f][0x8b][0x8][0x0][0x0][0x0][0x0][0x0][0x0][0x3]-[0xcc]1[0x12][0xc2] [0x10][0x85][0xe1][0xbb]l[\r]LH[0x8]$i[0xad]l[0xbd][0x1][0xc2][0xa2][0x99]![0x10][0xb3][0xc1][0xc6][0xf1][0xee]na[0xfb][0xcf][0xf7][0xde][0x7][0x8][0x89][0xd6]Z[0xae][0x11][0x16][0x98][0xed]8hc[0x83][0x9c][0xe3]4H[0xd3]Y-[0xa7].%[0xe9][0xec]}[0xc2][0xa4]S[0xec][0xcd][0xc][0x2][0xe8][0xf4]'2[0xa7][0x16][0x2][0xaf][0xb9]</5r[0xd1]nt[0xbd][0xed][0x9d][0x19][0x5][0xbc]}n[0x9c]J[0xcb]Y@[0xc8][0x9e][0xdd][0x2][0xf5]x[0xa8][0xba]cyyE[0x98][0xb1][0xac]mS[0x7]n[0xf5]DuC[0xda]k![0xfc][0xff]7[0xe6][0xdd][0xf7][0x7][0xe9][0xbd][0xdc]s[0x9f][0x0][0x0][0x0][\r][\n]"
<2017-09-26 13:02:39> DEBUG [org.apache.http.wire] http-outgoing-0 << "0[\r][\n]"
<2017-09-26 13:02:39> DEBUG [org.apache.http.wire] http-outgoing-0 << "[\r][\n]"
<2017-09-26 13:02:39> DEBUG [org.apache.http.headers] http-outgoing-0 << HTTP/1.1 200 OK
<2017-09-26 13:02:39> DEBUG [org.apache.http.headers] http-outgoing-0 << Server: nginx
<2017-09-26 13:02:39> DEBUG [org.apache.http.headers] http-outgoing-0 << Date: Tue, 26 Sep 2017 10:02:35 GMT
<2017-09-26 13:02:39> DEBUG [org.apache.http.headers] http-outgoing-0 << Content-Type: application/json;charset=utf-8
<2017-09-26 13:02:39> DEBUG [org.apache.http.headers] http-outgoing-0 << Transfer-Encoding: chunked
<2017-09-26 13:02:39> DEBUG [org.apache.http.headers] http-outgoing-0 << Connection: keep-alive
<2017-09-26 13:02:39> DEBUG [org.apache.http.headers] http-outgoing-0 << Set-Cookie: JSESSIONID=041E517C39C6121D9388CBD847465EA0; Path=/nexperience/; HttpOnly
<2017-09-26 13:02:39> DEBUG [org.apache.http.headers] http-outgoing-0 << Expires: Thu, 01 Jan 1970 00:00:00 GMT
<2017-09-26 13:02:39> DEBUG [org.apache.http.headers] http-outgoing-0 << Cache-Control: no-cache
<2017-09-26 13:02:39> DEBUG [org.apache.http.headers] http-outgoing-0 << Cache-Control: no-cache
<2017-09-26 13:02:39> DEBUG [org.apache.http.headers] http-outgoing-0 << Expires: Thu, 01 Jan 1970 00:00:00 GMT
<2017-09-26 13:02:39> DEBUG [org.apache.http.headers] http-outgoing-0 << Set-Cookie: fast_failed=true
<2017-09-26 13:02:39> DEBUG [org.apache.http.headers] http-outgoing-0 << X-XSS-Protection: 2; mode=block
<2017-09-26 13:02:39> DEBUG [org.apache.http.headers] http-outgoing-0 << Content-Encoding: gzip
<2017-09-26 13:02:39> DEBUG [o.a.h.i.execchain.MainClientExec] Connection can be kept alive indefinitely
<2017-09-26 13:02:39> DEBUG [o.a.h.c.p.ResponseProcessCookies] Cookie accepted [JSESSIONID="041E517C39C6121D9388CBD847465EA0", version:0, domain:branchtest.perfectomobile.com, path:/nexperience/, expiry:null]
<2017-09-26 13:02:39> DEBUG [o.a.h.c.p.ResponseProcessCookies] Cookie accepted [fast_failed="true", version:0, domain:branchtest.perfectomobile.com, path:/nexperience/perfectomobile/wd/hub/session/9653146c-9d83-4061-80ff-76b8ef1fd249/element/0, expiry:null]
<2017-09-26 13:02:39> DEBUG [o.a.h.i.c.PoolingHttpClientConnectionManager] Connection [id: 0][route: {s}->https://branchtest.perfectomobile.com:443] can be kept alive indefinitely
<2017-09-26 13:02:39> DEBUG [o.a.h.i.c.PoolingHttpClientConnectionManager] Connection released: [id: 0][route: {s}->https://branchtest.perfectomobile.com:443][total kept alive: 1; route allocated: 5 of 2000; total allocated: 5 of 2000]
<2017-09-26 13:02:39> DEBUG [o.a.h.c.p.RequestAddCookies] CookieSpec selected: default
<2017-09-26 13:02:39> DEBUG [o.a.h.c.p.RequestAddCookies] Cookie [version: 0][name: JSESSIONID][value: 041E517C39C6121D9388CBD847465EA0][domain: branchtest.perfectomobile.com][path: /nexperience/][expiry: null] match [(secure)branchtest.perfectomobile.com:443/nexperience/perfectomobile/wd/hub/session/9653146c-9d83-4061-80ff-76b8ef1fd249/title]
<2017-09-26 13:02:39> DEBUG [o.a.h.c.p.RequestAddCookies] Cookie [version: 0][name: fast_failed][value: true][domain: branchtest.perfectomobile.com][path: /nexperience/perfectomobile/wd/hub][expiry: null] match [(secure)branchtest.perfectomobile.com:443/nexperience/perfectomobile/wd/hub/session/9653146c-9d83-4061-80ff-76b8ef1fd249/title]
<2017-09-26 13:02:39> DEBUG [o.a.h.c.p.RequestAddCookies] Cookie [version: 0][name: fast_failed][value: true][domain: branchtest.perfectomobile.com][path: /nexperience/perfectomobile/wd/hub/session/9653146c-9d83-4061-80ff-76b8ef1fd249][expiry: null] match [(secure)branchtest.perfectomobile.com:443/nexperience/perfectomobile/wd/hub/session/9653146c-9d83-4061-80ff-76b8ef1fd249/title]
<2017-09-26 13:02:39> DEBUG [o.a.h.c.p.RequestAuthCache] Auth cache not set in the context
<2017-09-26 13:02:39> DEBUG [o.a.h.i.c.PoolingHttpClientConnectionManager] Connection request: [route: {s}->https://branchtest.perfectomobile.com:443][total kept alive: 1; route allocated: 5 of 2000; total allocated: 5 of 2000]
<2017-09-26 13:02:39> DEBUG [o.a.h.i.c.PoolingHttpClientConnectionManager] Connection leased: [id: 0][route: {s}->https://branchtest.perfectomobile.com:443][total kept alive: 0; route allocated: 5 of 2000; total allocated: 5 of 2000]
<2017-09-26 13:02:39> DEBUG [o.a.h.i.execchain.MainClientExec] Stale connection check
<2017-09-26 13:02:39> DEBUG [org.apache.http.wire] http-outgoing-0 << "[read] I/O error: Read timed out"
<2017-09-26 13:02:39> DEBUG [o.a.h.i.c.DefaultManagedHttpClientConnection] http-outgoing-0: set socket timeout to 10800000
<2017-09-26 13:02:39> DEBUG [o.a.h.i.execchain.MainClientExec] Executing request GET /nexperience/perfectomobile/wd/hub/session/9653146c-9d83-4061-80ff-76b8ef1fd249/title HTTP/1.1
<2017-09-26 13:02:39> DEBUG [o.a.h.i.execchain.MainClientExec] Target auth state: UNCHALLENGED
<2017-09-26 13:02:39> DEBUG [o.a.h.i.execchain.MainClientExec] Proxy auth state: UNCHALLENGED
<2017-09-26 13:02:39> DEBUG [org.apache.http.headers] http-outgoing-0 >> GET /nexperience/perfectomobile/wd/hub/session/9653146c-9d83-4061-80ff-76b8ef1fd249/title HTTP/1.1
<2017-09-26 13:02:39> DEBUG [org.apache.http.headers] http-outgoing-0 >> Cache-Control: no-cache
<2017-09-26 13:02:39> DEBUG [org.apache.http.headers] http-outgoing-0 >> Host: branchtest.perfectomobile.com
<2017-09-26 13:02:39> DEBUG [org.apache.http.headers] http-outgoing-0 >> Connection: Keep-Alive
<2017-09-26 13:02:39> DEBUG [org.apache.http.headers] http-outgoing-0 >> User-Agent: Apache-HttpClient/4.5.2 (Java/1.8.0_121)
<2017-09-26 13:02:39> DEBUG [org.apache.http.headers] http-outgoing-0 >> Cookie: JSESSIONID=041E517C39C6121D9388CBD847465EA0; fast_failed=true; fast_failed=true
<2017-09-26 13:02:39> DEBUG [org.apache.http.headers] http-outgoing-0 >> Accept-Encoding: gzip,deflate
<2017-09-26 13:02:39> DEBUG [org.apache.http.wire] http-outgoing-0 >> "GET /nexperience/perfectomobile/wd/hub/session/9653146c-9d83-4061-80ff-76b8ef1fd249/title HTTP/1.1[\r][\n]"
<2017-09-26 13:02:39> DEBUG [org.apache.http.wire] http-outgoing-0 >> "Cache-Control: no-cache[\r][\n]"
<2017-09-26 13:02:39> DEBUG [org.apache.http.wire] http-outgoing-0 >> "Host: branchtest.perfectomobile.com[\r][\n]"
<2017-09-26 13:02:39> DEBUG [org.apache.http.wire] http-outgoing-0 >> "Connection: Keep-Alive[\r][\n]"
<2017-09-26 13:02:39> DEBUG [org.apache.http.wire] http-outgoing-0 >> "User-Agent: Apache-HttpClient/4.5.2 (Java/1.8.0_121)[\r][\n]"
<2017-09-26 13:02:39> DEBUG [org.apache.http.wire] http-outgoing-0 >> "Cookie: JSESSIONID=041E517C39C6121D9388CBD847465EA0; fast_failed=true; fast_failed=true[\r][\n]"
<2017-09-26 13:02:39> DEBUG [org.apache.http.wire] http-outgoing-0 >> "Accept-Encoding: gzip,deflate[\r][\n]"
<2017-09-26 13:02:39> DEBUG [org.apache.http.wire] http-outgoing-0 >> "[\r][\n]"
<2017-09-26 13:02:39> DEBUG [org.apache.http.wire] http-outgoing-3 << "HTTP/1.1 200 OK[\r][\n]"
<2017-09-26 13:02:39> DEBUG [org.apache.http.wire] http-outgoing-3 << "Server: nginx[\r][\n]"
<2017-09-26 13:02:39> DEBUG [org.apache.http.wire] http-outgoing-3 << "Date: Tue, 26 Sep 2017 10:02:35 GMT[\r][\n]"
<2017-09-26 13:02:39> DEBUG [org.apache.http.wire] http-outgoing-3 << "Content-Type: application/json;charset=utf-8[\r][\n]"
<2017-09-26 13:02:39> DEBUG [org.apache.http.wire] http-outgoing-3 << "Transfer-Encoding: chunked[\r][\n]"
<2017-09-26 13:02:39> DEBUG [org.apache.http.wire] http-outgoing-3 << "Connection: keep-alive[\r][\n]"
<2017-09-26 13:02:39> DEBUG [org.apache.http.wire] http-outgoing-3 << "Set-Cookie: JSESSIONID=76F3C18CA8450CBF4E051512495D60C8; Path=/nexperience/; HttpOnly[\r][\n]"
<2017-09-26 13:02:39> DEBUG [org.apache.http.wire] http-outgoing-3 << "Expires: Thu, 01 Jan 1970 00:00:00 GMT[\r][\n]"
<2017-09-26 13:02:39> DEBUG [org.apache.http.wire] http-outgoing-3 << "Cache-Control: no-cache[\r][\n]"
<2017-09-26 13:02:39> DEBUG [org.apache.http.wire] http-outgoing-3 << "Cache-Control: no-cache[\r][\n]"
<2017-09-26 13:02:39> DEBUG [org.apache.http.wire] http-outgoing-3 << "Expires: Thu, 01 Jan 1970 00:00:00 GMT[\r][\n]"
<2017-09-26 13:02:39> DEBUG [org.apache.http.wire] http-outgoing-3 << "Set-Cookie: fast_failed=true[\r][\n]"
<2017-09-26 13:02:39> DEBUG [org.apache.http.wire] http-outgoing-3 << "X-XSS-Protection: 2; mode=block[\r][\n]"
<2017-09-26 13:02:39> DEBUG [org.apache.http.wire] http-outgoing-3 << "Content-Encoding: gzip[\r][\n]"
<2017-09-26 13:02:39> DEBUG [org.apache.http.wire] http-outgoing-3 << "[\r][\n]"
<2017-09-26 13:02:39> DEBUG [org.apache.http.wire] http-outgoing-3 << "a0[\r][\n]"
<2017-09-26 13:02:39> DEBUG [org.apache.http.wire] http-outgoing-3 << "[0x1f][0x8b][0x8][0x0][0x0][0x0][0x0][0x0][0x0][0x3]-[0x8d][0xcb][0xe][0x82]0[0x10][0x0][0xff]e[0xcf][0xb4][0xa9][0xb4]$[0x94][0xab][0xe1]`[0xa2][0x1e][0x8c]?P[0xba][0xeb]#[0x81][0x16]Y[0xea][0x85][0xf0][0xef][0xee][0xc1][0xeb]d&[0xb3][0x1][0x13][0xf3];[0xa7][0x13]B[0x7][0x3][0xba][0xd8]ZD5x[0xb4][0xca][0x5][0xac][0x95][0xaf][0x1b][0xaf][0x9c][\r]-y[0xdb]D[0x8a][0xf][0xa8][0x80][0xd7][0xb0][0x92][0xe8]\b[0x94]Z[0xc8][0xeb][0x98]QH}[0xf0][0xd6][0x18][0xd7]6[0x15]|[0xc3]X[0x84]l[0xd0][0x9f][0xfb]K]]>&#x7f;<![CDATA[[0xbd][0x8b]n`[0xaf] [0x8e]A[0x8a][0xe][0xf2][0xf2][0xd4]y[0xa6][0xf4][0x9][0x9a]i[0xa4][0xf4].[0x93]^h[0xca]+[0xe9][0x1b][0xf1][0x9c][0x13][0xd3][0xff]TD7[0xfb][0xf][0xb7][0x6]]]>&#x7f;<![CDATA[[0x94][0xa9][0x0][0x0][0x0][\r][\n]"
<2017-09-26 13:02:39> DEBUG [org.apache.http.wire] http-outgoing-3 << "0[\r][\n]"
<2017-09-26 13:02:39> DEBUG [org.apache.http.wire] http-outgoing-3 << "[\r][\n]"
<2017-09-26 13:02:39> DEBUG [org.apache.http.headers] http-outgoing-3 << HTTP/1.1 200 OK
<2017-09-26 13:02:39> DEBUG [org.apache.http.headers] http-outgoing-3 << Server: nginx
<2017-09-26 13:02:39> DEBUG [org.apache.http.headers] http-outgoing-3 << Date: Tue, 26 Sep 2017 10:02:35 GMT
<2017-09-26 13:02:39> DEBUG [org.apache.http.headers] http-outgoing-3 << Content-Type: application/json;charset=utf-8
<2017-09-26 13:02:39> DEBUG [org.apache.http.headers] http-outgoing-3 << Transfer-Encoding: chunked
<2017-09-26 13:02:39> DEBUG [org.apache.http.headers] http-outgoing-3 << Connection: keep-alive
<2017-09-26 13:02:39> DEBUG [org.apache.http.headers] http-outgoing-3 << Set-Cookie: JSESSIONID=76F3C18CA8450CBF4E051512495D60C8; Path=/nexperience/; HttpOnly
<2017-09-26 13:02:39> DEBUG [org.apache.http.headers] http-outgoing-3 << Expires: Thu, 01 Jan 1970 00:00:00 GMT
<2017-09-26 13:02:39> DEBUG [org.apache.http.headers] http-outgoing-3 << Cache-Control: no-cache
<2017-09-26 13:02:39> DEBUG [org.apache.http.headers] http-outgoing-3 << Cache-Control: no-cache
<2017-09-26 13:02:39> DEBUG [org.apache.http.headers] http-outgoing-3 << Expires: Thu, 01 Jan 1970 00:00:00 GMT
<2017-09-26 13:02:39> DEBUG [org.apache.http.headers] http-outgoing-3 << Set-Cookie: fast_failed=true
<2017-09-26 13:02:39> DEBUG [org.apache.http.headers] http-outgoing-3 << X-XSS-Protection: 2; mode=block
<2017-09-26 13:02:39> DEBUG [org.apache.http.headers] http-outgoing-3 << Content-Encoding: gzip
<2017-09-26 13:02:39> DEBUG [o.a.h.i.execchain.MainClientExec] Connection can be kept alive indefinitely
<2017-09-26 13:02:39> DEBUG [o.a.h.c.p.ResponseProcessCookies] Cookie accepted [JSESSIONID="76F3C18CA8450CBF4E051512495D60C8", version:0, domain:branchtest.perfectomobile.com, path:/nexperience/, expiry:null]
<2017-09-26 13:02:39> DEBUG [o.a.h.c.p.ResponseProcessCookies] Cookie accepted [fast_failed="true", version:0, domain:branchtest.perfectomobile.com, path:/nexperience/perfectomobile/wd/hub/session/bd4c83dd-b9d3-4ad2-9259-43a8e935cecf, expiry:null]
<2017-09-26 13:02:39> DEBUG [o.a.h.i.c.PoolingHttpClientConnectionManager] Connection [id: 3][route: {s}->https://branchtest.perfectomobile.com:443] can be kept alive indefinitely
<2017-09-26 13:02:39> DEBUG [o.a.h.i.c.PoolingHttpClientConnectionManager] Connection released: [id: 3][route: {s}->https://branchtest.perfectomobile.com:443][total kept alive: 1; route allocated: 5 of 2000; total allocated: 5 of 2000]
<2017-09-26 13:02:39> DEBUG [o.a.h.c.p.RequestAddCookies] CookieSpec selected: default
<2017-09-26 13:02:39> DEBUG [o.a.h.c.p.RequestAddCookies] Cookie [version: 0][name: JSESSIONID][value: 76F3C18CA8450CBF4E051512495D60C8][domain: branchtest.perfectomobile.com][path: /nexperience/][expiry: null] match [(secure)branchtest.perfectomobile.com:443/nexperience/perfectomobile/wd/hub/session/bd4c83dd-b9d3-4ad2-9259-43a8e935cecf/element/0/value]
<2017-09-26 13:02:39> DEBUG [o.a.h.c.p.RequestAddCookies] Cookie [version: 0][name: fast_failed][value: true][domain: branchtest.perfectomobile.com][path: /nexperience/perfectomobile/wd/hub][expiry: null] match [(secure)branchtest.perfectomobile.com:443/nexperience/perfectomobile/wd/hub/session/bd4c83dd-b9d3-4ad2-9259-43a8e935cecf/element/0/value]
<2017-09-26 13:02:39> DEBUG [o.a.h.c.p.RequestAddCookies] Cookie [version: 0][name: fast_failed][value: true][domain: branchtest.perfectomobile.com][path: /nexperience/perfectomobile/wd/hub/session/bd4c83dd-b9d3-4ad2-9259-43a8e935cecf][expiry: null] match [(secure)branchtest.perfectomobile.com:443/nexperience/perfectomobile/wd/hub/session/bd4c83dd-b9d3-4ad2-9259-43a8e935cecf/element/0/value]
<2017-09-26 13:02:39> DEBUG [o.a.h.c.p.RequestAuthCache] Auth cache not set in the context
<2017-09-26 13:02:39> DEBUG [o.a.h.i.c.PoolingHttpClientConnectionManager] Connection request: [route: {s}->https://branchtest.perfectomobile.com:443][total kept alive: 1; route allocated: 5 of 2000; total allocated: 5 of 2000]
<2017-09-26 13:02:39> DEBUG [o.a.h.i.c.PoolingHttpClientConnectionManager] Connection leased: [id: 3][route: {s}->https://branchtest.perfectomobile.com:443][total kept alive: 0; route allocated: 5 of 2000; total allocated: 5 of 2000]
<2017-09-26 13:02:39> DEBUG [o.a.h.i.execchain.MainClientExec] Stale connection check
<2017-09-26 13:02:39> DEBUG [org.apache.http.wire] http-outgoing-3 << "[read] I/O error: Read timed out"
<2017-09-26 13:02:39> DEBUG [o.a.h.i.c.DefaultManagedHttpClientConnection] http-outgoing-3: set socket timeout to 10800000
<2017-09-26 13:02:39> DEBUG [o.a.h.i.execchain.MainClientExec] Executing request POST /nexperience/perfectomobile/wd/hub/session/bd4c83dd-b9d3-4ad2-9259-43a8e935cecf/element/0/value HTTP/1.1
<2017-09-26 13:02:39> DEBUG [o.a.h.i.execchain.MainClientExec] Target auth state: UNCHALLENGED
<2017-09-26 13:02:39> DEBUG [o.a.h.i.execchain.MainClientExec] Proxy auth state: UNCHALLENGED
<2017-09-26 13:02:39> DEBUG [org.apache.http.headers] http-outgoing-3 >> POST /nexperience/perfectomobile/wd/hub/session/bd4c83dd-b9d3-4ad2-9259-43a8e935cecf/element/0/value HTTP/1.1
<2017-09-26 13:02:39> DEBUG [org.apache.http.headers] http-outgoing-3 >> Content-Type: application/json; charset=utf-8
<2017-09-26 13:02:39> DEBUG [org.apache.http.headers] http-outgoing-3 >> Content-Length: 38
<2017-09-26 13:02:39> DEBUG [org.apache.http.headers] http-outgoing-3 >> Host: branchtest.perfectomobile.com
<2017-09-26 13:02:39> DEBUG [org.apache.http.headers] http-outgoing-3 >> Connection: Keep-Alive
<2017-09-26 13:02:39> DEBUG [org.apache.http.headers] http-outgoing-3 >> User-Agent: Apache-HttpClient/4.5.2 (Java/1.8.0_121)
<2017-09-26 13:02:39> DEBUG [org.apache.http.headers] http-outgoing-3 >> Cookie: JSESSIONID=76F3C18CA8450CBF4E051512495D60C8; fast_failed=true; fast_failed=true
<2017-09-26 13:02:39> DEBUG [org.apache.http.headers] http-outgoing-3 >> Accept-Encoding: gzip,deflate
<2017-09-26 13:02:39> DEBUG [org.apache.http.wire] http-outgoing-3 >> "POST /nexperience/perfectomobile/wd/hub/session/bd4c83dd-b9d3-4ad2-9259-43a8e935cecf/element/0/value HTTP/1.1[\r][\n]"
<2017-09-26 13:02:39> DEBUG [org.apache.http.wire] http-outgoing-3 >> "Content-Type: application/json; charset=utf-8[\r][\n]"
<2017-09-26 13:02:39> DEBUG [org.apache.http.wire] http-outgoing-3 >> "Content-Length: 38[\r][\n]"
<2017-09-26 13:02:39> DEBUG [org.apache.http.wire] http-outgoing-3 >> "Host: branchtest.perfectomobile.com[\r][\n]"
<2017-09-26 13:02:39> DEBUG [org.apache.http.wire] http-outgoing-3 >> "Connection: Keep-Alive[\r][\n]"
<2017-09-26 13:02:39> DEBUG [org.apache.http.wire] http-outgoing-3 >> "User-Agent: Apache-HttpClient/4.5.2 (Java/1.8.0_121)[\r][\n]"
<2017-09-26 13:02:39> DEBUG [org.apache.http.wire] http-outgoing-3 >> "Cookie: JSESSIONID=76F3C18CA8450CBF4E051512495D60C8; fast_failed=true; fast_failed=true[\r][\n]"
<2017-09-26 13:02:39> DEBUG [org.apache.http.wire] http-outgoing-3 >> "Accept-Encoding: gzip,deflate[\r][\n]"
<2017-09-26 13:02:39> DEBUG [org.apache.http.wire] http-outgoing-3 >> "[\r][\n]"
<2017-09-26 13:02:39> DEBUG [org.apache.http.wire] http-outgoing-3 >> "{"id":"0","value":["Perfecto Mobile"]}"
<2017-09-26 13:02:39> DEBUG [org.apache.http.wire] http-outgoing-0 << "HTTP/1.1 200 OK[\r][\n]"
<2017-09-26 13:02:39> DEBUG [org.apache.http.wire] http-outgoing-0 << "Server: nginx[\r][\n]"
<2017-09-26 13:02:39> DEBUG [org.apache.http.wire] http-outgoing-0 << "Date: Tue, 26 Sep 2017 10:02:35 GMT[\r][\n]"
<2017-09-26 13:02:39> DEBUG [org.apache.http.wire] http-outgoing-0 << "Content-Type: application/json;charset=utf-8[\r][\n]"
<2017-09-26 13:02:39> DEBUG [org.apache.http.wire] http-outgoing-0 << "Transfer-Encoding: chunked[\r][\n]"
<2017-09-26 13:02:39> DEBUG [org.apache.http.wire] http-outgoing-0 << "Connection: keep-alive[\r][\n]"
<2017-09-26 13:02:39> DEBUG [org.apache.http.wire] http-outgoing-0 << "Set-Cookie: JSESSIONID=041E517C39C6121D9388CBD847465EA0; Path=/nexperience/; HttpOnly[\r][\n]"
<2017-09-26 13:02:39> DEBUG [org.apache.http.wire] http-outgoing-0 << "Expires: Thu, 01 Jan 1970 00:00:00 GMT[\r][\n]"
<2017-09-26 13:02:39> DEBUG [org.apache.http.wire] http-outgoing-0 << "Cache-Control: no-cache[\r][\n]"
<2017-09-26 13:02:39> DEBUG [org.apache.http.wire] http-outgoing-0 << "Cache-Control: no-cache[\r][\n]"
<2017-09-26 13:02:39> DEBUG [org.apache.http.wire] http-outgoing-0 << "Expires: Thu, 01 Jan 1970 00:00:00 GMT[\r][\n]"
<2017-09-26 13:02:39> DEBUG [org.apache.http.wire] http-outgoing-0 << "Set-Cookie: fast_failed=true[\r][\n]"
<2017-09-26 13:02:39> DEBUG [org.apache.http.wire] http-outgoing-0 << "X-XSS-Protection: 2; mode=block[\r][\n]"
<2017-09-26 13:02:39> DEBUG [org.apache.http.wire] http-outgoing-0 << "Content-Encoding: gzip[\r][\n]"
<2017-09-26 13:02:39> DEBUG [org.apache.http.wire] http-outgoing-0 << "[\r][\n]"
<2017-09-26 13:02:39> DEBUG [org.apache.http.wire] http-outgoing-0 << "af[\r][\n]"
<2017-09-26 13:02:39> DEBUG [org.apache.http.wire] http-outgoing-0 << "[0x1f][0x8b][0x8][0x0][0x0][0x0][0x0][0x0][0x0][0x3]-[0x8d][0xcb][0xe][0x82]0[0x14]D]]>&#x7f;<![CDATA[[0x85]tM[0x1b][\n]"
<2017-09-26 13:02:39> DEBUG [org.apache.http.wire] http-outgoing-0 << "[0xb5][0x2][[0x17][0xc6][0x85][0x89][0xd1]/([0xed]-[0x90][0x94]^[0xec][0xc3][0x8d][0xf1][0xdf][0xad][0x89][0xbb][0xc9][0xe4][0x9c][0x99]7[0x89][0x10][0xe3][0x8a][0xfe]b[0xc8]H[0x6]y[0xe8][0xb8][0x90][0x9a][0xe][0xa6][0xef][0xa8]h$[0xa7]}c-=[0xca][0xa9][0x7][0xcb][0xad]i[0xc5]@j[0x12][0x93]JP[0xf0][0x98][0xb5].vi[0x96][0x13][0x9a][0xd2]p)8[0xef]x/[0xdb][0x9a][0xbc][0x94][0xcb]?[0xe8][0x6][0xc1][0x82]NX]qZ[0x1d]T[0xb4]:#[0xce]%<@[0x5][0xbd][0x14]Y;UFF[0x82]af[0xb8][0x83]]]>&#x7f;<![CDATA[*[0x16][0xc1][0x81]_[0xf3][0xc6][0x2]l[0x98][0x80][0xdd]![0xee][0xe8]#[0xfc][0xcf]s[0xc1][0x9b][0xcf][0x17]q[0xa1]dP[0xbc][0x0][0x0][0x0][\r][\n]"
<2017-09-26 13:02:39> DEBUG [org.apache.http.wire] http-outgoing-0 << "0[\r][\n]"
<2017-09-26 13:02:39> DEBUG [org.apache.http.wire] http-outgoing-0 << "[\r][\n]"
<2017-09-26 13:02:39> DEBUG [org.apache.http.headers] http-outgoing-0 << HTTP/1.1 200 OK
<2017-09-26 13:02:39> DEBUG [org.apache.http.headers] http-outgoing-0 << Server: nginx
<2017-09-26 13:02:39> DEBUG [org.apache.http.headers] http-outgoing-0 << Date: Tue, 26 Sep 2017 10:02:35 GMT
<2017-09-26 13:02:39> DEBUG [org.apache.http.headers] http-outgoing-0 << Content-Type: application/json;charset=utf-8
<2017-09-26 13:02:39> DEBUG [org.apache.http.headers] http-outgoing-0 << Transfer-Encoding: chunked
<2017-09-26 13:02:39> DEBUG [org.apache.http.headers] http-outgoing-0 << Connection: keep-alive
<2017-09-26 13:02:39> DEBUG [org.apache.http.headers] http-outgoing-0 << Set-Cookie: JSESSIONID=041E517C39C6121D9388CBD847465EA0; Path=/nexperience/; HttpOnly
<2017-09-26 13:02:39> DEBUG [org.apache.http.headers] http-outgoing-0 << Expires: Thu, 01 Jan 1970 00:00:00 GMT
<2017-09-26 13:02:39> DEBUG [org.apache.http.headers] http-outgoing-0 << Cache-Control: no-cache
<2017-09-26 13:02:39> DEBUG [org.apache.http.headers] http-outgoing-0 << Cache-Control: no-cache
<2017-09-26 13:02:39> DEBUG [org.apache.http.headers] http-outgoing-0 << Expires: Thu, 01 Jan 1970 00:00:00 GMT
<2017-09-26 13:02:39> DEBUG [org.apache.http.headers] http-outgoing-0 << Set-Cookie: fast_failed=true
<2017-09-26 13:02:39> DEBUG [org.apache.http.headers] http-outgoing-0 << X-XSS-Protection: 2; mode=block
<2017-09-26 13:02:39> DEBUG [org.apache.http.headers] http-outgoing-0 << Content-Encoding: gzip
<2017-09-26 13:02:39> DEBUG [o.a.h.i.execchain.MainClientExec] Connection can be kept alive indefinitely
<2017-09-26 13:02:39> DEBUG [o.a.h.c.p.ResponseProcessCookies] Cookie accepted [JSESSIONID="041E517C39C6121D9388CBD847465EA0", version:0, domain:branchtest.perfectomobile.com, path:/nexperience/, expiry:null]
<2017-09-26 13:02:39> DEBUG [o.a.h.c.p.ResponseProcessCookies] Cookie accepted [fast_failed="true", version:0, domain:branchtest.perfectomobile.com, path:/nexperience/perfectomobile/wd/hub/session/9653146c-9d83-4061-80ff-76b8ef1fd249, expiry:null]
<2017-09-26 13:02:39> DEBUG [o.a.h.i.c.PoolingHttpClientConnectionManager] Connection [id: 0][route: {s}->https://branchtest.perfectomobile.com:443] can be kept alive indefinitely
<2017-09-26 13:02:39> DEBUG [o.a.h.i.c.PoolingHttpClientConnectionManager] Connection released: [id: 0][route: {s}->https://branchtest.perfectomobile.com:443][total kept alive: 1; route allocated: 5 of 2000; total allocated: 5 of 2000]
Done: searchGoogle
<2017-09-26 13:02:39> DEBUG [o.a.h.c.p.RequestAddCookies] CookieSpec selected: default
<2017-09-26 13:02:39> DEBUG [o.a.h.c.p.RequestAddCookies] Cookie [version: 0][name: JSESSIONID][value: 041E517C39C6121D9388CBD847465EA0][domain: branchtest.perfectomobile.com][path: /nexperience/][expiry: null] match [(secure)branchtest.perfectomobile.com:443/nexperience/perfectomobile/wd/hub/session/9653146c-9d83-4061-80ff-76b8ef1fd249/execute]
<2017-09-26 13:02:39> DEBUG [o.a.h.c.p.RequestAddCookies] Cookie [version: 0][name: fast_failed][value: true][domain: branchtest.perfectomobile.com][path: /nexperience/perfectomobile/wd/hub][expiry: null] match [(secure)branchtest.perfectomobile.com:443/nexperience/perfectomobile/wd/hub/session/9653146c-9d83-4061-80ff-76b8ef1fd249/execute]
<2017-09-26 13:02:39> DEBUG [o.a.h.c.p.RequestAddCookies] Cookie [version: 0][name: fast_failed][value: true][domain: branchtest.perfectomobile.com][path: /nexperience/perfectomobile/wd/hub/session/9653146c-9d83-4061-80ff-76b8ef1fd249][expiry: null] match [(secure)branchtest.perfectomobile.com:443/nexperience/perfectomobile/wd/hub/session/9653146c-9d83-4061-80ff-76b8ef1fd249/execute]
<2017-09-26 13:02:39> DEBUG [o.a.h.c.p.RequestAuthCache] Auth cache not set in the context
<2017-09-26 13:02:39> DEBUG [o.a.h.i.c.PoolingHttpClientConnectionManager] Connection request: [route: {s}->https://branchtest.perfectomobile.com:443][total kept alive: 1; route allocated: 5 of 2000; total allocated: 5 of 2000]
<2017-09-26 13:02:39> DEBUG [o.a.h.i.c.PoolingHttpClientConnectionManager] Connection leased: [id: 0][route: {s}->https://branchtest.perfectomobile.com:443][total kept alive: 0; route allocated: 5 of 2000; total allocated: 5 of 2000]
<2017-09-26 13:02:39> DEBUG [o.a.h.i.execchain.MainClientExec] Stale connection check
<2017-09-26 13:02:39> DEBUG [org.apache.http.wire] http-outgoing-0 << "[read] I/O error: Read timed out"
<2017-09-26 13:02:39> DEBUG [o.a.h.i.c.DefaultManagedHttpClientConnection] http-outgoing-0: set socket timeout to 10800000
<2017-09-26 13:02:39> DEBUG [o.a.h.i.execchain.MainClientExec] Executing request POST /nexperience/perfectomobile/wd/hub/session/9653146c-9d83-4061-80ff-76b8ef1fd249/execute HTTP/1.1
<2017-09-26 13:02:39> DEBUG [o.a.h.i.execchain.MainClientExec] Target auth state: UNCHALLENGED
<2017-09-26 13:02:39> DEBUG [o.a.h.i.execchain.MainClientExec] Proxy auth state: UNCHALLENGED
<2017-09-26 13:02:39> DEBUG [org.apache.http.headers] http-outgoing-0 >> POST /nexperience/perfectomobile/wd/hub/session/9653146c-9d83-4061-80ff-76b8ef1fd249/execute HTTP/1.1
<2017-09-26 13:02:39> DEBUG [org.apache.http.headers] http-outgoing-0 >> Content-Type: application/json; charset=utf-8
<2017-09-26 13:02:39> DEBUG [org.apache.http.headers] http-outgoing-0 >> Content-Length: 195
<2017-09-26 13:02:39> DEBUG [org.apache.http.headers] http-outgoing-0 >> Host: branchtest.perfectomobile.com
<2017-09-26 13:02:39> DEBUG [org.apache.http.headers] http-outgoing-0 >> Connection: Keep-Alive
<2017-09-26 13:02:39> DEBUG [org.apache.http.headers] http-outgoing-0 >> User-Agent: Apache-HttpClient/4.5.2 (Java/1.8.0_121)
<2017-09-26 13:02:39> DEBUG [org.apache.http.headers] http-outgoing-0 >> Cookie: JSESSIONID=041E517C39C6121D9388CBD847465EA0; fast_failed=true; fast_failed=true
<2017-09-26 13:02:39> DEBUG [org.apache.http.headers] http-outgoing-0 >> Accept-Encoding: gzip,deflate
<2017-09-26 13:02:39> DEBUG [org.apache.http.wire] http-outgoing-0 >> "POST /nexperience/perfectomobile/wd/hub/session/9653146c-9d83-4061-80ff-76b8ef1fd249/execute HTTP/1.1[\r][\n]"
<2017-09-26 13:02:39> DEBUG [org.apache.http.wire] http-outgoing-0 >> "Content-Type: application/json; charset=utf-8[\r][\n]"
<2017-09-26 13:02:39> DEBUG [org.apache.http.wire] http-outgoing-0 >> "Content-Length: 195[\r][\n]"
<2017-09-26 13:02:39> DEBUG [org.apache.http.wire] http-outgoing-0 >> "Host: branchtest.perfectomobile.com[\r][\n]"
<2017-09-26 13:02:39> DEBUG [org.apache.http.wire] http-outgoing-0 >> "Connection: Keep-Alive[\r][\n]"
<2017-09-26 13:02:39> DEBUG [org.apache.http.wire] http-outgoing-0 >> "User-Agent: Apache-HttpClient/4.5.2 (Java/1.8.0_121)[\r][\n]"
<2017-09-26 13:02:39> DEBUG [org.apache.http.wire] http-outgoing-0 >> "Cookie: JSESSIONID=041E517C39C6121D9388CBD847465EA0; fast_failed=true; fast_failed=true[\r][\n]"
<2017-09-26 13:02:39> DEBUG [org.apache.http.wire] http-outgoing-0 >> "Accept-Encoding: gzip,deflate[\r][\n]"
<2017-09-26 13:02:39> DEBUG [org.apache.http.wire] http-outgoing-0 >> "[\r][\n]"
<2017-09-26 13:02:39> DEBUG [org.apache.http.wire] http-outgoing-0 >> "{"script":"mobile:test:start","args":[{"jobName":"Sample Job","name":"Way2Automation Flow","projectName":"Sample Script","jobNumber":45,"projectVersion":"1.0","tags":["Java","Sample","Native"]}]}"
<2017-09-26 13:02:39> DEBUG [org.apache.http.wire] http-outgoing-0 << "HTTP/1.1 200 OK[\r][\n]"
<2017-09-26 13:02:39> DEBUG [org.apache.http.wire] http-outgoing-0 << "Server: nginx[\r][\n]"
<2017-09-26 13:02:39> DEBUG [org.apache.http.wire] http-outgoing-0 << "Date: Tue, 26 Sep 2017 10:02:36 GMT[\r][\n]"
<2017-09-26 13:02:39> DEBUG [org.apache.http.wire] http-outgoing-0 << "Content-Type: application/json;charset=utf-8[\r][\n]"
<2017-09-26 13:02:39> DEBUG [org.apache.http.wire] http-outgoing-0 << "Transfer-Encoding: chunked[\r][\n]"
<2017-09-26 13:02:39> DEBUG [org.apache.http.wire] http-outgoing-0 << "Connection: keep-alive[\r][\n]"
<2017-09-26 13:02:39> DEBUG [org.apache.http.wire] http-outgoing-0 << "Set-Cookie: JSESSIONID=041E517C39C6121D9388CBD847465EA0; Path=/nexperience/; HttpOnly[\r][\n]"
<2017-09-26 13:02:39> DEBUG [org.apache.http.wire] http-outgoing-0 << "Expires: Thu, 01 Jan 1970 00:00:00 GMT[\r][\n]"
<2017-09-26 13:02:39> DEBUG [org.apache.http.wire] http-outgoing-0 << "Cache-Control: no-cache[\r][\n]"
<2017-09-26 13:02:39> DEBUG [org.apache.http.wire] http-outgoing-0 << "Cache-Control: no-cache[\r][\n]"
<2017-09-26 13:02:39> DEBUG [org.apache.http.wire] http-outgoing-0 << "Expires: Thu, 01 Jan 1970 00:00:00 GMT[\r][\n]"
<2017-09-26 13:02:39> DEBUG [org.apache.http.wire] http-outgoing-0 << "Set-Cookie: fast_failed=true[\r][\n]"
<2017-09-26 13:02:39> DEBUG [org.apache.http.wire] http-outgoing-0 << "X-XSS-Protection: 2; mode=block[\r][\n]"
<2017-09-26 13:02:39> DEBUG [org.apache.http.wire] http-outgoing-0 << "Content-Encoding: gzip[\r][\n]"
<2017-09-26 13:02:39> DEBUG [org.apache.http.wire] http-outgoing-0 << "[\r][\n]"
<2017-09-26 13:02:39> DEBUG [org.apache.http.wire] http-outgoing-0 << "98[\r][\n]"
<2017-09-26 13:02:39> DEBUG [org.apache.http.wire] http-outgoing-0 << "[0x1f][0x8b][0x8][0x0][0x0][0x0][0x0][0x0][0x0][0x3]-[0xcc][0xb1][0x12][0xc2] [0x10][0x4][0xd0]]]>&#x7f;<![CDATA[[0xb9]: [0x18]$![0x9d]cec[0xe1][0x1f] [0x1c][0x9a][0x99][0x4]b.[0xd8]8[0xfe][0xbb][0xe7][0x8c][0xed][0xee][0xdb]}[0x3]![0xd1]X[0xf2]9[0xc2][0x0][0xce][0x1e]Zml[0x10].[0xf6][0xad]0[0xca]j[0xd1][0xab][0x94]Dgo=&[0x9d][0xe2][0xde]8h[0x80]6[0xbf]!s[0xaa]![0xf0][0x9a][0x93][0xc7][0xa9]DNZ[0xdd]Y[0xa7][0x9c]n[0xe0][0xe5][0xa7][0xfa]#[0x97][0xdd][0x91][0xeb]0yf[0x3][0x94][0xf5].[0xcb][0x82][0xf9][0xe9]%[0xe1][0x84]y[0xac][0xb3]\q.[0x1b][0xca]+[0xd2]R2[0xe1][0xff][0xbe]2W[0x9f]/'[0x19][0xb8][0x9e][0x9e][0x0][0x0][0x0][\r][\n]"
<2017-09-26 13:02:39> DEBUG [org.apache.http.wire] http-outgoing-0 << "0[\r][\n]"
<2017-09-26 13:02:39> DEBUG [org.apache.http.wire] http-outgoing-0 << "[\r][\n]"
<2017-09-26 13:02:39> DEBUG [org.apache.http.headers] http-outgoing-0 << HTTP/1.1 200 OK
<2017-09-26 13:02:39> DEBUG [org.apache.http.headers] http-outgoing-0 << Server: nginx
<2017-09-26 13:02:39> DEBUG [org.apache.http.headers] http-outgoing-0 << Date: Tue, 26 Sep 2017 10:02:36 GMT
<2017-09-26 13:02:39> DEBUG [org.apache.http.headers] http-outgoing-0 << Content-Type: application/json;charset=utf-8
<2017-09-26 13:02:39> DEBUG [org.apache.http.headers] http-outgoing-0 << Transfer-Encoding: chunked
<2017-09-26 13:02:39> DEBUG [org.apache.http.headers] http-outgoing-0 << Connection: keep-alive
<2017-09-26 13:02:39> DEBUG [org.apache.http.headers] http-outgoing-0 << Set-Cookie: JSESSIONID=041E517C39C6121D9388CBD847465EA0; Path=/nexperience/; HttpOnly
<2017-09-26 13:02:39> DEBUG [org.apache.http.headers] http-outgoing-0 << Expires: Thu, 01 Jan 1970 00:00:00 GMT
<2017-09-26 13:02:39> DEBUG [org.apache.http.headers] http-outgoing-0 << Cache-Control: no-cache
<2017-09-26 13:02:39> DEBUG [org.apache.http.headers] http-outgoing-0 << Cache-Control: no-cache
<2017-09-26 13:02:39> DEBUG [org.apache.http.headers] http-outgoing-0 << Expires: Thu, 01 Jan 1970 00:00:00 GMT
<2017-09-26 13:02:39> DEBUG [org.apache.http.headers] http-outgoing-0 << Set-Cookie: fast_failed=true
<2017-09-26 13:02:39> DEBUG [org.apache.http.headers] http-outgoing-0 << X-XSS-Protection: 2; mode=block
<2017-09-26 13:02:39> DEBUG [org.apache.http.headers] http-outgoing-0 << Content-Encoding: gzip
<2017-09-26 13:02:39> DEBUG [o.a.h.i.execchain.MainClientExec] Connection can be kept alive indefinitely
<2017-09-26 13:02:39> DEBUG [o.a.h.c.p.ResponseProcessCookies] Cookie accepted [JSESSIONID="041E517C39C6121D9388CBD847465EA0", version:0, domain:branchtest.perfectomobile.com, path:/nexperience/, expiry:null]
<2017-09-26 13:02:39> DEBUG [o.a.h.c.p.ResponseProcessCookies] Cookie accepted [fast_failed="true", version:0, domain:branchtest.perfectomobile.com, path:/nexperience/perfectomobile/wd/hub/session/9653146c-9d83-4061-80ff-76b8ef1fd249, expiry:null]
<2017-09-26 13:02:39> DEBUG [o.a.h.i.c.PoolingHttpClientConnectionManager] Connection [id: 0][route: {s}->https://branchtest.perfectomobile.com:443] can be kept alive indefinitely
<2017-09-26 13:02:39> DEBUG [o.a.h.i.c.PoolingHttpClientConnectionManager] Connection released: [id: 0][route: {s}->https://branchtest.perfectomobile.com:443][total kept alive: 1; route allocated: 5 of 2000; total allocated: 5 of 2000]
<2017-09-26 13:02:39> DEBUG [o.a.h.c.p.RequestAddCookies] CookieSpec selected: default
<2017-09-26 13:02:39> DEBUG [o.a.h.c.p.RequestAddCookies] Cookie [version: 0][name: JSESSIONID][value: 041E517C39C6121D9388CBD847465EA0][domain: branchtest.perfectomobile.com][path: /nexperience/][expiry: null] match [(secure)branchtest.perfectomobile.com:443/nexperience/perfectomobile/wd/hub/session/9653146c-9d83-4061-80ff-76b8ef1fd249/execute]
<2017-09-26 13:02:39> DEBUG [o.a.h.c.p.RequestAddCookies] Cookie [version: 0][name: fast_failed][value: true][domain: branchtest.perfectomobile.com][path: /nexperience/perfectomobile/wd/hub][expiry: null] match [(secure)branchtest.perfectomobile.com:443/nexperience/perfectomobile/wd/hub/session/9653146c-9d83-4061-80ff-76b8ef1fd249/execute]
<2017-09-26 13:02:39> DEBUG [o.a.h.c.p.RequestAddCookies] Cookie [version: 0][name: fast_failed][value: true][domain: branchtest.perfectomobile.com][path: /nexperience/perfectomobile/wd/hub/session/9653146c-9d83-4061-80ff-76b8ef1fd249][expiry: null] match [(secure)branchtest.perfectomobile.com:443/nexperience/perfectomobile/wd/hub/session/9653146c-9d83-4061-80ff-76b8ef1fd249/execute]
<2017-09-26 13:02:39> DEBUG [o.a.h.c.p.RequestAuthCache] Auth cache not set in the context
<2017-09-26 13:02:39> DEBUG [o.a.h.i.c.PoolingHttpClientConnectionManager] Connection request: [route: {s}->https://branchtest.perfectomobile.com:443][total kept alive: 1; route allocated: 5 of 2000; total allocated: 5 of 2000]
<2017-09-26 13:02:39> DEBUG [o.a.h.i.c.PoolingHttpClientConnectionManager] Connection leased: [id: 0][route: {s}->https://branchtest.perfectomobile.com:443][total kept alive: 0; route allocated: 5 of 2000; total allocated: 5 of 2000]
<2017-09-26 13:02:39> DEBUG [o.a.h.i.execchain.MainClientExec] Stale connection check
<2017-09-26 13:02:39> DEBUG [org.apache.http.wire] http-outgoing-0 << "[read] I/O error: Read timed out"
<2017-09-26 13:02:39> DEBUG [o.a.h.i.c.DefaultManagedHttpClientConnection] http-outgoing-0: set socket timeout to 10800000
<2017-09-26 13:02:39> DEBUG [o.a.h.i.execchain.MainClientExec] Executing request POST /nexperience/perfectomobile/wd/hub/session/9653146c-9d83-4061-80ff-76b8ef1fd249/execute HTTP/1.1
<2017-09-26 13:02:39> DEBUG [o.a.h.i.execchain.MainClientExec] Target auth state: UNCHALLENGED
<2017-09-26 13:02:39> DEBUG [o.a.h.i.execchain.MainClientExec] Proxy auth state: UNCHALLENGED
<2017-09-26 13:02:39> DEBUG [org.apache.http.headers] http-outgoing-0 >> POST /nexperience/perfectomobile/wd/hub/session/9653146c-9d83-4061-80ff-76b8ef1fd249/execute HTTP/1.1
<2017-09-26 13:02:39> DEBUG [org.apache.http.headers] http-outgoing-0 >> Content-Type: application/json; charset=utf-8
<2017-09-26 13:02:39> DEBUG [org.apache.http.headers] http-outgoing-0 >> Content-Length: 67
<2017-09-26 13:02:39> DEBUG [org.apache.http.headers] http-outgoing-0 >> Host: branchtest.perfectomobile.com
<2017-09-26 13:02:39> DEBUG [org.apache.http.headers] http-outgoing-0 >> Connection: Keep-Alive
<2017-09-26 13:02:39> DEBUG [org.apache.http.headers] http-outgoing-0 >> User-Agent: Apache-HttpClient/4.5.2 (Java/1.8.0_121)
<2017-09-26 13:02:39> DEBUG [org.apache.http.headers] http-outgoing-0 >> Cookie: JSESSIONID=041E517C39C6121D9388CBD847465EA0; fast_failed=true; fast_failed=true
<2017-09-26 13:02:39> DEBUG [org.apache.http.headers] http-outgoing-0 >> Accept-Encoding: gzip,deflate
<2017-09-26 13:02:39> DEBUG [org.apache.http.wire] http-outgoing-0 >> "POST /nexperience/perfectomobile/wd/hub/session/9653146c-9d83-4061-80ff-76b8ef1fd249/execute HTTP/1.1[\r][\n]"
<2017-09-26 13:02:39> DEBUG [org.apache.http.wire] http-outgoing-0 >> "Content-Type: application/json; charset=utf-8[\r][\n]"
<2017-09-26 13:02:39> DEBUG [org.apache.http.wire] http-outgoing-0 >> "Content-Length: 67[\r][\n]"
<2017-09-26 13:02:39> DEBUG [org.apache.http.wire] http-outgoing-0 >> "Host: branchtest.perfectomobile.com[\r][\n]"
<2017-09-26 13:02:39> DEBUG [org.apache.http.wire] http-outgoing-0 >> "Connection: Keep-Alive[\r][\n]"
<2017-09-26 13:02:39> DEBUG [org.apache.http.wire] http-outgoing-0 >> "User-Agent: Apache-HttpClient/4.5.2 (Java/1.8.0_121)[\r][\n]"
<2017-09-26 13:02:39> DEBUG [org.apache.http.wire] http-outgoing-0 >> "Cookie: JSESSIONID=041E517C39C6121D9388CBD847465EA0; fast_failed=true; fast_failed=true[\r][\n]"
<2017-09-26 13:02:39> DEBUG [org.apache.http.wire] http-outgoing-0 >> "Accept-Encoding: gzip,deflate[\r][\n]"
<2017-09-26 13:02:39> DEBUG [org.apache.http.wire] http-outgoing-0 >> "[\r][\n]"
<2017-09-26 13:02:39> DEBUG [org.apache.http.wire] http-outgoing-0 >> "{"script":"mobile:step:start","args":[{"name":"Navigate to site"}]}"
<2017-09-26 13:02:39> DEBUG [org.apache.http.wire] http-outgoing-0 << "HTTP/1.1 200 OK[\r][\n]"
<2017-09-26 13:02:39> DEBUG [org.apache.http.wire] http-outgoing-0 << "Server: nginx[\r][\n]"
<2017-09-26 13:02:39> DEBUG [org.apache.http.wire] http-outgoing-0 << "Date: Tue, 26 Sep 2017 10:02:36 GMT[\r][\n]"
<2017-09-26 13:02:39> DEBUG [org.apache.http.wire] http-outgoing-0 << "Content-Type: application/json;charset=utf-8[\r][\n]"
<2017-09-26 13:02:39> DEBUG [org.apache.http.wire] http-outgoing-0 << "Transfer-Encoding: chunked[\r][\n]"
<2017-09-26 13:02:39> DEBUG [org.apache.http.wire] http-outgoing-0 << "Connection: keep-alive[\r][\n]"
<2017-09-26 13:02:39> DEBUG [org.apache.http.wire] http-outgoing-0 << "Set-Cookie: JSESSIONID=041E517C39C6121D9388CBD847465EA0; Path=/nexperience/; HttpOnly[\r][\n]"
<2017-09-26 13:02:39> DEBUG [org.apache.http.wire] http-outgoing-0 << "Expires: Thu, 01 Jan 1970 00:00:00 GMT[\r][\n]"
<2017-09-26 13:02:39> DEBUG [org.apache.http.wire] http-outgoing-0 << "Cache-Control: no-cache[\r][\n]"
<2017-09-26 13:02:39> DEBUG [org.apache.http.wire] http-outgoing-0 << "Cache-Control: no-cache[\r][\n]"
<2017-09-26 13:02:39> DEBUG [org.apache.http.wire] http-outgoing-0 << "Expires: Thu, 01 Jan 1970 00:00:00 GMT[\r][\n]"
<2017-09-26 13:02:39> DEBUG [org.apache.http.wire] http-outgoing-0 << "Set-Cookie: fast_failed=true[\r][\n]"
<2017-09-26 13:02:39> DEBUG [org.apache.http.wire] http-outgoing-0 << "X-XSS-Protection: 2; mode=block[\r][\n]"
<2017-09-26 13:02:39> DEBUG [org.apache.http.wire] http-outgoing-0 << "Content-Encoding: gzip[\r][\n]"
<2017-09-26 13:02:39> DEBUG [org.apache.http.wire] http-outgoing-0 << "[\r][\n]"
<2017-09-26 13:02:39> DEBUG [org.apache.http.wire] http-outgoing-0 << "95[\r][\n]"
<2017-09-26 13:02:39> DEBUG [org.apache.http.wire] http-outgoing-0 << "[0x1f][0x8b][0x8][0x0][0x0][0x0][0x0][0x0][0x0][0x3]-[0xcc][0xc1][0xe][0xc2] [0x10][0x4][0xd0]]]>&#x7f;<![CDATA[[0xd9]s![0xd0]V[0xa0][0xbd]z[0xf2][0xea][0x1f] ,[0xda][0x84]B[0xed][0x16]/[0xc6]]]>&#x7f;<![CDATA[wM[0xbc][0xce][0xbc][0x99]7[0x10][0x12]-[0xb5]\"[0xcc]0[0x99][0xd3][0xa0]G[0x13][0xc4][0x14][0xdd] Fe[0xb4]p*%a[0xcd][0xcd]a[0xd2])[0xf6][0xe3][0x4][0x1d][0xd0][0xe1][0xf]dN-[0x4]^s[0xf2]8[0xd7][0xc8]I[0xaf][0xac][0x1d][0x8c]u[0xc6]u[0xf0][0xf2][0xb9][0xfd][0x10][0xb7]!{V3[0xd4][0xfd].[0xeb][0x86][0xe5][0xe9]%a[0xc6][0xb2][0xb4]U[0xee][0xb8][0xd6][0x3][0xe5][0x15]i[0xab][0x85][0xf0][0xff][0xde][0x98][0xab][0xcf][0x17][0xa8]ey_[0x9d][0x0][0x0][0x0][\r][\n]"
<2017-09-26 13:02:39> DEBUG [org.apache.http.wire] http-outgoing-0 << "0[\r][\n]"
<2017-09-26 13:02:39> DEBUG [org.apache.http.wire] http-outgoing-0 << "[\r][\n]"
<2017-09-26 13:02:39> DEBUG [org.apache.http.headers] http-outgoing-0 << HTTP/1.1 200 OK
<2017-09-26 13:02:39> DEBUG [org.apache.http.headers] http-outgoing-0 << Server: nginx
<2017-09-26 13:02:39> DEBUG [org.apache.http.headers] http-outgoing-0 << Date: Tue, 26 Sep 2017 10:02:36 GMT
<2017-09-26 13:02:39> DEBUG [org.apache.http.headers] http-outgoing-0 << Content-Type: application/json;charset=utf-8
<2017-09-26 13:02:39> DEBUG [org.apache.http.headers] http-outgoing-0 << Transfer-Encoding: chunked
<2017-09-26 13:02:39> DEBUG [org.apache.http.headers] http-outgoing-0 << Connection: keep-alive
<2017-09-26 13:02:39> DEBUG [org.apache.http.headers] http-outgoing-0 << Set-Cookie: JSESSIONID=041E517C39C6121D9388CBD847465EA0; Path=/nexperience/; HttpOnly
<2017-09-26 13:02:39> DEBUG [org.apache.http.headers] http-outgoing-0 << Expires: Thu, 01 Jan 1970 00:00:00 GMT
<2017-09-26 13:02:39> DEBUG [org.apache.http.headers] http-outgoing-0 << Cache-Control: no-cache
<2017-09-26 13:02:39> DEBUG [org.apache.http.headers] http-outgoing-0 << Cache-Control: no-cache
<2017-09-26 13:02:39> DEBUG [org.apache.http.headers] http-outgoing-0 << Expires: Thu, 01 Jan 1970 00:00:00 GMT
<2017-09-26 13:02:39> DEBUG [org.apache.http.headers] http-outgoing-0 << Set-Cookie: fast_failed=true
<2017-09-26 13:02:39> DEBUG [org.apache.http.headers] http-outgoing-0 << X-XSS-Protection: 2; mode=block
<2017-09-26 13:02:39> DEBUG [org.apache.http.headers] http-outgoing-0 << Content-Encoding: gzip
<2017-09-26 13:02:39> DEBUG [o.a.h.i.execchain.MainClientExec] Connection can be kept alive indefinitely
<2017-09-26 13:02:39> DEBUG [o.a.h.c.p.ResponseProcessCookies] Cookie accepted [JSESSIONID="041E517C39C6121D9388CBD847465EA0", version:0, domain:branchtest.perfectomobile.com, path:/nexperience/, expiry:null]
<2017-09-26 13:02:39> DEBUG [o.a.h.c.p.ResponseProcessCookies] Cookie accepted [fast_failed="true", version:0, domain:branchtest.perfectomobile.com, path:/nexperience/perfectomobile/wd/hub/session/9653146c-9d83-4061-80ff-76b8ef1fd249, expiry:null]
<2017-09-26 13:02:39> DEBUG [o.a.h.i.c.PoolingHttpClientConnectionManager] Connection [id: 0][route: {s}->https://branchtest.perfectomobile.com:443] can be kept alive indefinitely
<2017-09-26 13:02:39> DEBUG [o.a.h.i.c.PoolingHttpClientConnectionManager] Connection released: [id: 0][route: {s}->https://branchtest.perfectomobile.com:443][total kept alive: 1; route allocated: 5 of 2000; total allocated: 5 of 2000]
<2017-09-26 13:02:39> DEBUG [o.a.h.c.p.RequestAddCookies] CookieSpec selected: default
<2017-09-26 13:02:39> DEBUG [o.a.h.c.p.RequestAddCookies] Cookie [version: 0][name: JSESSIONID][value: 041E517C39C6121D9388CBD847465EA0][domain: branchtest.perfectomobile.com][path: /nexperience/][expiry: null] match [(secure)branchtest.perfectomobile.com:443/nexperience/perfectomobile/wd/hub/session/9653146c-9d83-4061-80ff-76b8ef1fd249/url]
<2017-09-26 13:02:39> DEBUG [o.a.h.c.p.RequestAddCookies] Cookie [version: 0][name: fast_failed][value: true][domain: branchtest.perfectomobile.com][path: /nexperience/perfectomobile/wd/hub][expiry: null] match [(secure)branchtest.perfectomobile.com:443/nexperience/perfectomobile/wd/hub/session/9653146c-9d83-4061-80ff-76b8ef1fd249/url]
<2017-09-26 13:02:39> DEBUG [o.a.h.c.p.RequestAddCookies] Cookie [version: 0][name: fast_failed][value: true][domain: branchtest.perfectomobile.com][path: /nexperience/perfectomobile/wd/hub/session/9653146c-9d83-4061-80ff-76b8ef1fd249][expiry: null] match [(secure)branchtest.perfectomobile.com:443/nexperience/perfectomobile/wd/hub/session/9653146c-9d83-4061-80ff-76b8ef1fd249/url]
<2017-09-26 13:02:39> DEBUG [o.a.h.c.p.RequestAuthCache] Auth cache not set in the context
<2017-09-26 13:02:39> DEBUG [o.a.h.i.c.PoolingHttpClientConnectionManager] Connection request: [route: {s}->https://branchtest.perfectomobile.com:443][total kept alive: 1; route allocated: 5 of 2000; total allocated: 5 of 2000]
<2017-09-26 13:02:39> DEBUG [o.a.h.i.c.PoolingHttpClientConnectionManager] Connection leased: [id: 0][route: {s}->https://branchtest.perfectomobile.com:443][total kept alive: 0; route allocated: 5 of 2000; total allocated: 5 of 2000]
<2017-09-26 13:02:39> DEBUG [o.a.h.i.execchain.MainClientExec] Stale connection check
<2017-09-26 13:02:39> DEBUG [org.apache.http.wire] http-outgoing-0 << "[read] I/O error: Read timed out"
<2017-09-26 13:02:39> DEBUG [o.a.h.i.c.DefaultManagedHttpClientConnection] http-outgoing-0: set socket timeout to 10800000
<2017-09-26 13:02:39> DEBUG [o.a.h.i.execchain.MainClientExec] Executing request POST /nexperience/perfectomobile/wd/hub/session/9653146c-9d83-4061-80ff-76b8ef1fd249/url HTTP/1.1
<2017-09-26 13:02:39> DEBUG [o.a.h.i.execchain.MainClientExec] Target auth state: UNCHALLENGED
<2017-09-26 13:02:39> DEBUG [o.a.h.i.execchain.MainClientExec] Proxy auth state: UNCHALLENGED
<2017-09-26 13:02:39> DEBUG [org.apache.http.headers] http-outgoing-0 >> POST /nexperience/perfectomobile/wd/hub/session/9653146c-9d83-4061-80ff-76b8ef1fd249/url HTTP/1.1
<2017-09-26 13:02:39> DEBUG [org.apache.http.headers] http-outgoing-0 >> Content-Type: application/json; charset=utf-8
<2017-09-26 13:02:39> DEBUG [org.apache.http.headers] http-outgoing-0 >> Content-Length: 61
<2017-09-26 13:02:39> DEBUG [org.apache.http.headers] http-outgoing-0 >> Host: branchtest.perfectomobile.com
<2017-09-26 13:02:39> DEBUG [org.apache.http.headers] http-outgoing-0 >> Connection: Keep-Alive
<2017-09-26 13:02:39> DEBUG [org.apache.http.headers] http-outgoing-0 >> User-Agent: Apache-HttpClient/4.5.2 (Java/1.8.0_121)
<2017-09-26 13:02:39> DEBUG [org.apache.http.headers] http-outgoing-0 >> Cookie: JSESSIONID=041E517C39C6121D9388CBD847465EA0; fast_failed=true; fast_failed=true
<2017-09-26 13:02:39> DEBUG [org.apache.http.headers] http-outgoing-0 >> Accept-Encoding: gzip,deflate
<2017-09-26 13:02:39> DEBUG [org.apache.http.wire] http-outgoing-0 >> "POST /nexperience/perfectomobile/wd/hub/session/9653146c-9d83-4061-80ff-76b8ef1fd249/url HTTP/1.1[\r][\n]"
<2017-09-26 13:02:39> DEBUG [org.apache.http.wire] http-outgoing-0 >> "Content-Type: application/json; charset=utf-8[\r][\n]"
<2017-09-26 13:02:39> DEBUG [org.apache.http.wire] http-outgoing-0 >> "Content-Length: 61[\r][\n]"
<2017-09-26 13:02:39> DEBUG [org.apache.http.wire] http-outgoing-0 >> "Host: branchtest.perfectomobile.com[\r][\n]"
<2017-09-26 13:02:39> DEBUG [org.apache.http.wire] http-outgoing-0 >> "Connection: Keep-Alive[\r][\n]"
<2017-09-26 13:02:39> DEBUG [org.apache.http.wire] http-outgoing-0 >> "User-Agent: Apache-HttpClient/4.5.2 (Java/1.8.0_121)[\r][\n]"
<2017-09-26 13:02:39> DEBUG [org.apache.http.wire] http-outgoing-0 >> "Cookie: JSESSIONID=041E517C39C6121D9388CBD847465EA0; fast_failed=true; fast_failed=true[\r][\n]"
<2017-09-26 13:02:39> DEBUG [org.apache.http.wire] http-outgoing-0 >> "Accept-Encoding: gzip,deflate[\r][\n]"
<2017-09-26 13:02:39> DEBUG [org.apache.http.wire] http-outgoing-0 >> "[\r][\n]"
<2017-09-26 13:02:39> DEBUG [org.apache.http.wire] http-outgoing-0 >> "{"url":"http://way2automation.com/way2auto_jquery/index.php"}"
<2017-09-26 13:02:40> DEBUG [org.apache.http.wire] http-outgoing-3 << "HTTP/1.1 200 OK[\r][\n]"
<2017-09-26 13:02:40> DEBUG [org.apache.http.wire] http-outgoing-3 << "Server: nginx[\r][\n]"
<2017-09-26 13:02:40> DEBUG [org.apache.http.wire] http-outgoing-3 << "Date: Tue, 26 Sep 2017 10:02:36 GMT[\r][\n]"
<2017-09-26 13:02:40> DEBUG [org.apache.http.wire] http-outgoing-3 << "Content-Type: application/json;charset=utf-8[\r][\n]"
<2017-09-26 13:02:40> DEBUG [org.apache.http.wire] http-outgoing-3 << "Transfer-Encoding: chunked[\r][\n]"
<2017-09-26 13:02:40> DEBUG [org.apache.http.wire] http-outgoing-3 << "Connection: keep-alive[\r][\n]"
<2017-09-26 13:02:40> DEBUG [org.apache.http.wire] http-outgoing-3 << "Set-Cookie: JSESSIONID=76F3C18CA8450CBF4E051512495D60C8; Path=/nexperience/; HttpOnly[\r][\n]"
<2017-09-26 13:02:40> DEBUG [org.apache.http.wire] http-outgoing-3 << "Expires: Thu, 01 Jan 1970 00:00:00 GMT[\r][\n]"
<2017-09-26 13:02:40> DEBUG [org.apache.http.wire] http-outgoing-3 << "Cache-Control: no-cache[\r][\n]"
<2017-09-26 13:02:40> DEBUG [org.apache.http.wire] http-outgoing-3 << "Cache-Control: no-cache[\r][\n]"
<2017-09-26 13:02:40> DEBUG [org.apache.http.wire] http-outgoing-3 << "Expires: Thu, 01 Jan 1970 00:00:00 GMT[\r][\n]"
<2017-09-26 13:02:40> DEBUG [org.apache.http.wire] http-outgoing-3 << "Set-Cookie: fast_failed=true[\r][\n]"
<2017-09-26 13:02:40> DEBUG [org.apache.http.wire] http-outgoing-3 << "X-XSS-Protection: 2; mode=block[\r][\n]"
<2017-09-26 13:02:40> DEBUG [org.apache.http.wire] http-outgoing-3 << "Content-Encoding: gzip[\r][\n]"
<2017-09-26 13:02:40> DEBUG [org.apache.http.wire] http-outgoing-3 << "[\r][\n]"
<2017-09-26 13:02:40> DEBUG [org.apache.http.wire] http-outgoing-3 << "95[\r][\n]"
<2017-09-26 13:02:40> DEBUG [org.apache.http.wire] http-outgoing-3 << "[0x1f][0x8b][0x8][0x0][0x0][0x0][0x0][0x0][0x0][0x3]-[0xcc]1[0x12][0xc2] [0x10][0x85][0xe1][0xbb]l[\r]L[0xc][0xc4][0x81][0xb4]V[0xb6][0xde][0x80][0xb0][0xab]f[0x86]@[0xcc][0x82][0x8d][0xe3][0xdd][0xdd][0xc2][0xf6][0x9f][0xef][0xbd][0xf]01[0xaf][0xb5]\[0x11]fX[0xd0]%o[0x11][0xf5][0x12][0xd0]j[0x17]q[0xd4]a[0x9c][0x82]v6z[\n]"
<2017-09-26 13:02:40> DEBUG [org.apache.http.wire] http-outgoing-3 << "vJ[0x94][0xee][0xa0][0x80][l$[0x9c]{J[0xb2][0x96][0xf2][0xbc]T[0x94]2[0x9e][0x82][0xb7]C8[[0x5][0xef][0x98][0xbb][0x94][0xd2]sV[0x90]r[0x14]6C=[0x1e][0xa6][0xee]T^[0xd1]0e*k[0xdf][0xcc]A[mdn[0xc4]{-L[0xff][0xfb].|[0xf8][0xfe][0x0][0x1a][0x1f][0xb1]6[0x9e][0x0][0x0][0x0][\r][\n]"
<2017-09-26 13:02:40> DEBUG [org.apache.http.wire] http-outgoing-3 << "0[\r][\n]"
<2017-09-26 13:02:40> DEBUG [org.apache.http.wire] http-outgoing-3 << "[\r][\n]"
<2017-09-26 13:02:40> DEBUG [org.apache.http.headers] http-outgoing-3 << HTTP/1.1 200 OK
<2017-09-26 13:02:40> DEBUG [org.apache.http.headers] http-outgoing-3 << Server: nginx
<2017-09-26 13:02:40> DEBUG [org.apache.http.headers] http-outgoing-3 << Date: Tue, 26 Sep 2017 10:02:36 GMT
<2017-09-26 13:02:40> DEBUG [org.apache.http.headers] http-outgoing-3 << Content-Type: application/json;charset=utf-8
<2017-09-26 13:02:40> DEBUG [org.apache.http.headers] http-outgoing-3 << Transfer-Encoding: chunked
<2017-09-26 13:02:40> DEBUG [org.apache.http.headers] http-outgoing-3 << Connection: keep-alive
<2017-09-26 13:02:40> DEBUG [org.apache.http.headers] http-outgoing-3 << Set-Cookie: JSESSIONID=76F3C18CA8450CBF4E051512495D60C8; Path=/nexperience/; HttpOnly
<2017-09-26 13:02:40> DEBUG [org.apache.http.headers] http-outgoing-3 << Expires: Thu, 01 Jan 1970 00:00:00 GMT
<2017-09-26 13:02:40> DEBUG [org.apache.http.headers] http-outgoing-3 << Cache-Control: no-cache
<2017-09-26 13:02:40> DEBUG [org.apache.http.headers] http-outgoing-3 << Cache-Control: no-cache
<2017-09-26 13:02:40> DEBUG [org.apache.http.headers] http-outgoing-3 << Expires: Thu, 01 Jan 1970 00:00:00 GMT
<2017-09-26 13:02:40> DEBUG [org.apache.http.headers] http-outgoing-3 << Set-Cookie: fast_failed=true
<2017-09-26 13:02:40> DEBUG [org.apache.http.headers] http-outgoing-3 << X-XSS-Protection: 2; mode=block
<2017-09-26 13:02:40> DEBUG [org.apache.http.headers] http-outgoing-3 << Content-Encoding: gzip
<2017-09-26 13:02:40> DEBUG [o.a.h.i.execchain.MainClientExec] Connection can be kept alive indefinitely
<2017-09-26 13:02:40> DEBUG [o.a.h.c.p.ResponseProcessCookies] Cookie accepted [JSESSIONID="76F3C18CA8450CBF4E051512495D60C8", version:0, domain:branchtest.perfectomobile.com, path:/nexperience/, expiry:null]
<2017-09-26 13:02:40> DEBUG [o.a.h.c.p.ResponseProcessCookies] Cookie accepted [fast_failed="true", version:0, domain:branchtest.perfectomobile.com, path:/nexperience/perfectomobile/wd/hub/session/bd4c83dd-b9d3-4ad2-9259-43a8e935cecf/element/0, expiry:null]
<2017-09-26 13:02:40> DEBUG [o.a.h.i.c.PoolingHttpClientConnectionManager] Connection [id: 3][route: {s}->https://branchtest.perfectomobile.com:443] can be kept alive indefinitely
<2017-09-26 13:02:40> DEBUG [o.a.h.i.c.PoolingHttpClientConnectionManager] Connection released: [id: 3][route: {s}->https://branchtest.perfectomobile.com:443][total kept alive: 1; route allocated: 5 of 2000; total allocated: 5 of 2000]
<2017-09-26 13:02:40> DEBUG [o.a.h.c.p.RequestAddCookies] CookieSpec selected: default
<2017-09-26 13:02:40> DEBUG [o.a.h.c.p.RequestAddCookies] Cookie [version: 0][name: JSESSIONID][value: 76F3C18CA8450CBF4E051512495D60C8][domain: branchtest.perfectomobile.com][path: /nexperience/][expiry: null] match [(secure)branchtest.perfectomobile.com:443/nexperience/perfectomobile/wd/hub/session/bd4c83dd-b9d3-4ad2-9259-43a8e935cecf/element/0/submit]
<2017-09-26 13:02:40> DEBUG [o.a.h.c.p.RequestAddCookies] Cookie [version: 0][name: fast_failed][value: true][domain: branchtest.perfectomobile.com][path: /nexperience/perfectomobile/wd/hub][expiry: null] match [(secure)branchtest.perfectomobile.com:443/nexperience/perfectomobile/wd/hub/session/bd4c83dd-b9d3-4ad2-9259-43a8e935cecf/element/0/submit]
<2017-09-26 13:02:40> DEBUG [o.a.h.c.p.RequestAddCookies] Cookie [version: 0][name: fast_failed][value: true][domain: branchtest.perfectomobile.com][path: /nexperience/perfectomobile/wd/hub/session/bd4c83dd-b9d3-4ad2-9259-43a8e935cecf][expiry: null] match [(secure)branchtest.perfectomobile.com:443/nexperience/perfectomobile/wd/hub/session/bd4c83dd-b9d3-4ad2-9259-43a8e935cecf/element/0/submit]
<2017-09-26 13:02:40> DEBUG [o.a.h.c.p.RequestAddCookies] Cookie [version: 0][name: fast_failed][value: true][domain: branchtest.perfectomobile.com][path: /nexperience/perfectomobile/wd/hub/session/bd4c83dd-b9d3-4ad2-9259-43a8e935cecf/element/0][expiry: null] match [(secure)branchtest.perfectomobile.com:443/nexperience/perfectomobile/wd/hub/session/bd4c83dd-b9d3-4ad2-9259-43a8e935cecf/element/0/submit]
<2017-09-26 13:02:40> DEBUG [o.a.h.c.p.RequestAuthCache] Auth cache not set in the context
<2017-09-26 13:02:40> DEBUG [o.a.h.i.c.PoolingHttpClientConnectionManager] Connection request: [route: {s}->https://branchtest.perfectomobile.com:443][total kept alive: 1; route allocated: 5 of 2000; total allocated: 5 of 2000]
<2017-09-26 13:02:40> DEBUG [o.a.h.i.c.PoolingHttpClientConnectionManager] Connection leased: [id: 3][route: {s}->https://branchtest.perfectomobile.com:443][total kept alive: 0; route allocated: 5 of 2000; total allocated: 5 of 2000]
<2017-09-26 13:02:40> DEBUG [o.a.h.i.execchain.MainClientExec] Stale connection check
<2017-09-26 13:02:40> DEBUG [org.apache.http.wire] http-outgoing-3 << "[read] I/O error: Read timed out"
<2017-09-26 13:02:40> DEBUG [o.a.h.i.c.DefaultManagedHttpClientConnection] http-outgoing-3: set socket timeout to 10800000
<2017-09-26 13:02:40> DEBUG [o.a.h.i.execchain.MainClientExec] Executing request POST /nexperience/perfectomobile/wd/hub/session/bd4c83dd-b9d3-4ad2-9259-43a8e935cecf/element/0/submit HTTP/1.1
<2017-09-26 13:02:40> DEBUG [o.a.h.i.execchain.MainClientExec] Target auth state: UNCHALLENGED
<2017-09-26 13:02:40> DEBUG [o.a.h.i.execchain.MainClientExec] Proxy auth state: UNCHALLENGED
<2017-09-26 13:02:40> DEBUG [org.apache.http.headers] http-outgoing-3 >> POST /nexperience/perfectomobile/wd/hub/session/bd4c83dd-b9d3-4ad2-9259-43a8e935cecf/element/0/submit HTTP/1.1
<2017-09-26 13:02:40> DEBUG [org.apache.http.headers] http-outgoing-3 >> Content-Type: application/json; charset=utf-8
<2017-09-26 13:02:40> DEBUG [org.apache.http.headers] http-outgoing-3 >> Content-Length: 10
<2017-09-26 13:02:40> DEBUG [org.apache.http.headers] http-outgoing-3 >> Host: branchtest.perfectomobile.com
<2017-09-26 13:02:40> DEBUG [org.apache.http.headers] http-outgoing-3 >> Connection: Keep-Alive
<2017-09-26 13:02:40> DEBUG [org.apache.http.headers] http-outgoing-3 >> User-Agent: Apache-HttpClient/4.5.2 (Java/1.8.0_121)
<2017-09-26 13:02:40> DEBUG [org.apache.http.headers] http-outgoing-3 >> Cookie: JSESSIONID=76F3C18CA8450CBF4E051512495D60C8; fast_failed=true; fast_failed=true; fast_failed=true
<2017-09-26 13:02:40> DEBUG [org.apache.http.headers] http-outgoing-3 >> Accept-Encoding: gzip,deflate
<2017-09-26 13:02:40> DEBUG [org.apache.http.wire] http-outgoing-3 >> "POST /nexperience/perfectomobile/wd/hub/session/bd4c83dd-b9d3-4ad2-9259-43a8e935cecf/element/0/submit HTTP/1.1[\r][\n]"
<2017-09-26 13:02:40> DEBUG [org.apache.http.wire] http-outgoing-3 >> "Content-Type: application/json; charset=utf-8[\r][\n]"
<2017-09-26 13:02:40> DEBUG [org.apache.http.wire] http-outgoing-3 >> "Content-Length: 10[\r][\n]"
<2017-09-26 13:02:40> DEBUG [org.apache.http.wire] http-outgoing-3 >> "Host: branchtest.perfectomobile.com[\r][\n]"
<2017-09-26 13:02:40> DEBUG [org.apache.http.wire] http-outgoing-3 >> "Connection: Keep-Alive[\r][\n]"
<2017-09-26 13:02:40> DEBUG [org.apache.http.wire] http-outgoing-3 >> "User-Agent: Apache-HttpClient/4.5.2 (Java/1.8.0_121)[\r][\n]"
<2017-09-26 13:02:40> DEBUG [org.apache.http.wire] http-outgoing-3 >> "Cookie: JSESSIONID=76F3C18CA8450CBF4E051512495D60C8; fast_failed=true; fast_failed=true; fast_failed=true[\r][\n]"
<2017-09-26 13:02:40> DEBUG [org.apache.http.wire] http-outgoing-3 >> "Accept-Encoding: gzip,deflate[\r][\n]"
<2017-09-26 13:02:40> DEBUG [org.apache.http.wire] http-outgoing-3 >> "[\r][\n]"
<2017-09-26 13:02:40> DEBUG [org.apache.http.wire] http-outgoing-3 >> "{"id":"0"}"
<2017-09-26 13:02:42> DEBUG [org.apache.http.wire] http-outgoing-3 << "HTTP/1.1 200 OK[\r][\n]"
<2017-09-26 13:02:42> DEBUG [org.apache.http.wire] http-outgoing-3 << "Server: nginx[\r][\n]"
<2017-09-26 13:02:42> DEBUG [org.apache.http.wire] http-outgoing-3 << "Date: Tue, 26 Sep 2017 10:02:38 GMT[\r][\n]"
<2017-09-26 13:02:42> DEBUG [org.apache.http.wire] http-outgoing-3 << "Content-Type: application/json;charset=utf-8[\r][\n]"
<2017-09-26 13:02:42> DEBUG [org.apache.http.wire] http-outgoing-3 << "Transfer-Encoding: chunked[\r][\n]"
<2017-09-26 13:02:42> DEBUG [org.apache.http.wire] http-outgoing-3 << "Connection: keep-alive[\r][\n]"
<2017-09-26 13:02:42> DEBUG [org.apache.http.wire] http-outgoing-3 << "Set-Cookie: JSESSIONID=76F3C18CA8450CBF4E051512495D60C8; Path=/nexperience/; HttpOnly[\r][\n]"
<2017-09-26 13:02:42> DEBUG [org.apache.http.wire] http-outgoing-3 << "Expires: Thu, 01 Jan 1970 00:00:00 GMT[\r][\n]"
<2017-09-26 13:02:42> DEBUG [org.apache.http.wire] http-outgoing-3 << "Cache-Control: no-cache[\r][\n]"
<2017-09-26 13:02:42> DEBUG [org.apache.http.wire] http-outgoing-3 << "Cache-Control: no-cache[\r][\n]"
<2017-09-26 13:02:42> DEBUG [org.apache.http.wire] http-outgoing-3 << "Expires: Thu, 01 Jan 1970 00:00:00 GMT[\r][\n]"
<2017-09-26 13:02:42> DEBUG [org.apache.http.wire] http-outgoing-3 << "Set-Cookie: fast_failed=true[\r][\n]"
<2017-09-26 13:02:42> DEBUG [org.apache.http.wire] http-outgoing-3 << "X-XSS-Protection: 2; mode=block[\r][\n]"
<2017-09-26 13:02:42> DEBUG [org.apache.http.wire] http-outgoing-3 << "Content-Encoding: gzip[\r][\n]"
<2017-09-26 13:02:42> DEBUG [org.apache.http.wire] http-outgoing-3 << "[\r][\n]"
<2017-09-26 13:02:42> DEBUG [org.apache.http.wire] http-outgoing-3 << "94[\r][\n]"
<2017-09-26 13:02:42> DEBUG [org.apache.http.wire] http-outgoing-3 << "[0x1f][0x8b][0x8][0x0][0x0][0x0][0x0][0x0][0x0][0x3]-[0xcc]1[0xe][0x2]![0x10][0x85][0xe1][0xbb]L[\r]D[0x17]H`[+[o[0xc0]2[0xa3]n[0xc2][0xc2][0xba][0x3]6[0xc6][0xbb];[0x85][0xed][0x9f][0xef][0xbd][0xf]01[0xaf][0xad]^[0x11]fX[0xd0][0xe5]`[0x11][0xf5][0x12][0xd1]j[0x97]p[0xd2]q[0xf2]Q;[0x9b][0x2]E[0xeb]3[0xe5];([0xe0][0x9e]:[0x9][0xe7][0x91][0xb3][0xac][0xa5]</[\r][0xa5][0x9c]m[0x98][0x82][0xf7][0xde])x[0xa7]2[0xa4][0xd4]Q[0x8a][0x82]\[0x92][0xb0][0x19][0xda][0xf1]0m[0xa7][0xfa]J[0x86][0xa9]P][0xc7]f[0xe][0xda]Z's#[0xde][e[0xfa][0xdf][0xf][0xe1][0xa7][0xef][0xf]SB;[0x81][0x9e][0x0][0x0][0x0][\r][\n]"
<2017-09-26 13:02:42> DEBUG [org.apache.http.wire] http-outgoing-3 << "0[\r][\n]"
<2017-09-26 13:02:42> DEBUG [org.apache.http.wire] http-outgoing-3 << "[\r][\n]"
<2017-09-26 13:02:42> DEBUG [org.apache.http.headers] http-outgoing-3 << HTTP/1.1 200 OK
<2017-09-26 13:02:42> DEBUG [org.apache.http.headers] http-outgoing-3 << Server: nginx
<2017-09-26 13:02:42> DEBUG [org.apache.http.headers] http-outgoing-3 << Date: Tue, 26 Sep 2017 10:02:38 GMT
<2017-09-26 13:02:42> DEBUG [org.apache.http.headers] http-outgoing-3 << Content-Type: application/json;charset=utf-8
<2017-09-26 13:02:42> DEBUG [org.apache.http.headers] http-outgoing-3 << Transfer-Encoding: chunked
<2017-09-26 13:02:42> DEBUG [org.apache.http.headers] http-outgoing-3 << Connection: keep-alive
<2017-09-26 13:02:42> DEBUG [org.apache.http.headers] http-outgoing-3 << Set-Cookie: JSESSIONID=76F3C18CA8450CBF4E051512495D60C8; Path=/nexperience/; HttpOnly
<2017-09-26 13:02:42> DEBUG [org.apache.http.headers] http-outgoing-3 << Expires: Thu, 01 Jan 1970 00:00:00 GMT
<2017-09-26 13:02:42> DEBUG [org.apache.http.headers] http-outgoing-3 << Cache-Control: no-cache
<2017-09-26 13:02:42> DEBUG [org.apache.http.headers] http-outgoing-3 << Cache-Control: no-cache
<2017-09-26 13:02:42> DEBUG [org.apache.http.headers] http-outgoing-3 << Expires: Thu, 01 Jan 1970 00:00:00 GMT
<2017-09-26 13:02:42> DEBUG [org.apache.http.headers] http-outgoing-3 << Set-Cookie: fast_failed=true
<2017-09-26 13:02:42> DEBUG [org.apache.http.headers] http-outgoing-3 << X-XSS-Protection: 2; mode=block
<2017-09-26 13:02:42> DEBUG [org.apache.http.headers] http-outgoing-3 << Content-Encoding: gzip
<2017-09-26 13:02:42> DEBUG [o.a.h.i.execchain.MainClientExec] Connection can be kept alive indefinitely
<2017-09-26 13:02:42> DEBUG [o.a.h.c.p.ResponseProcessCookies] Cookie accepted [JSESSIONID="76F3C18CA8450CBF4E051512495D60C8", version:0, domain:branchtest.perfectomobile.com, path:/nexperience/, expiry:null]
<2017-09-26 13:02:42> DEBUG [o.a.h.c.p.ResponseProcessCookies] Cookie accepted [fast_failed="true", version:0, domain:branchtest.perfectomobile.com, path:/nexperience/perfectomobile/wd/hub/session/bd4c83dd-b9d3-4ad2-9259-43a8e935cecf/element/0, expiry:null]
<2017-09-26 13:02:42> DEBUG [o.a.h.i.c.PoolingHttpClientConnectionManager] Connection [id: 3][route: {s}->https://branchtest.perfectomobile.com:443] can be kept alive indefinitely
<2017-09-26 13:02:42> DEBUG [o.a.h.i.c.PoolingHttpClientConnectionManager] Connection released: [id: 3][route: {s}->https://branchtest.perfectomobile.com:443][total kept alive: 1; route allocated: 5 of 2000; total allocated: 5 of 2000]
<2017-09-26 13:02:42> DEBUG [o.a.h.c.p.RequestAddCookies] CookieSpec selected: default
<2017-09-26 13:02:42> DEBUG [o.a.h.c.p.RequestAddCookies] Cookie [version: 0][name: JSESSIONID][value: 76F3C18CA8450CBF4E051512495D60C8][domain: branchtest.perfectomobile.com][path: /nexperience/][expiry: null] match [(secure)branchtest.perfectomobile.com:443/nexperience/perfectomobile/wd/hub/session/bd4c83dd-b9d3-4ad2-9259-43a8e935cecf/title]
<2017-09-26 13:02:42> DEBUG [o.a.h.c.p.RequestAddCookies] Cookie [version: 0][name: fast_failed][value: true][domain: branchtest.perfectomobile.com][path: /nexperience/perfectomobile/wd/hub][expiry: null] match [(secure)branchtest.perfectomobile.com:443/nexperience/perfectomobile/wd/hub/session/bd4c83dd-b9d3-4ad2-9259-43a8e935cecf/title]
<2017-09-26 13:02:42> DEBUG [o.a.h.c.p.RequestAddCookies] Cookie [version: 0][name: fast_failed][value: true][domain: branchtest.perfectomobile.com][path: /nexperience/perfectomobile/wd/hub/session/bd4c83dd-b9d3-4ad2-9259-43a8e935cecf][expiry: null] match [(secure)branchtest.perfectomobile.com:443/nexperience/perfectomobile/wd/hub/session/bd4c83dd-b9d3-4ad2-9259-43a8e935cecf/title]
<2017-09-26 13:02:42> DEBUG [o.a.h.c.p.RequestAuthCache] Auth cache not set in the context
<2017-09-26 13:02:42> DEBUG [o.a.h.i.c.PoolingHttpClientConnectionManager] Connection request: [route: {s}->https://branchtest.perfectomobile.com:443][total kept alive: 1; route allocated: 5 of 2000; total allocated: 5 of 2000]
<2017-09-26 13:02:42> DEBUG [o.a.h.i.c.PoolingHttpClientConnectionManager] Connection leased: [id: 3][route: {s}->https://branchtest.perfectomobile.com:443][total kept alive: 0; route allocated: 5 of 2000; total allocated: 5 of 2000]
<2017-09-26 13:02:42> DEBUG [o.a.h.i.execchain.MainClientExec] Stale connection check
<2017-09-26 13:02:42> DEBUG [org.apache.http.wire] http-outgoing-3 << "[read] I/O error: Read timed out"
<2017-09-26 13:02:42> DEBUG [o.a.h.i.c.DefaultManagedHttpClientConnection] http-outgoing-3: set socket timeout to 10800000
<2017-09-26 13:02:42> DEBUG [o.a.h.i.execchain.MainClientExec] Executing request GET /nexperience/perfectomobile/wd/hub/session/bd4c83dd-b9d3-4ad2-9259-43a8e935cecf/title HTTP/1.1
<2017-09-26 13:02:42> DEBUG [o.a.h.i.execchain.MainClientExec] Target auth state: UNCHALLENGED
<2017-09-26 13:02:42> DEBUG [o.a.h.i.execchain.MainClientExec] Proxy auth state: UNCHALLENGED
<2017-09-26 13:02:42> DEBUG [org.apache.http.headers] http-outgoing-3 >> GET /nexperience/perfectomobile/wd/hub/session/bd4c83dd-b9d3-4ad2-9259-43a8e935cecf/title HTTP/1.1
<2017-09-26 13:02:42> DEBUG [org.apache.http.headers] http-outgoing-3 >> Cache-Control: no-cache
<2017-09-26 13:02:42> DEBUG [org.apache.http.headers] http-outgoing-3 >> Host: branchtest.perfectomobile.com
<2017-09-26 13:02:42> DEBUG [org.apache.http.headers] http-outgoing-3 >> Connection: Keep-Alive
<2017-09-26 13:02:42> DEBUG [org.apache.http.headers] http-outgoing-3 >> User-Agent: Apache-HttpClient/4.5.2 (Java/1.8.0_121)
<2017-09-26 13:02:42> DEBUG [org.apache.http.headers] http-outgoing-3 >> Cookie: JSESSIONID=76F3C18CA8450CBF4E051512495D60C8; fast_failed=true; fast_failed=true
<2017-09-26 13:02:42> DEBUG [org.apache.http.headers] http-outgoing-3 >> Accept-Encoding: gzip,deflate
<2017-09-26 13:02:42> DEBUG [org.apache.http.wire] http-outgoing-3 >> "GET /nexperience/perfectomobile/wd/hub/session/bd4c83dd-b9d3-4ad2-9259-43a8e935cecf/title HTTP/1.1[\r][\n]"
<2017-09-26 13:02:42> DEBUG [org.apache.http.wire] http-outgoing-3 >> "Cache-Control: no-cache[\r][\n]"
<2017-09-26 13:02:42> DEBUG [org.apache.http.wire] http-outgoing-3 >> "Host: branchtest.perfectomobile.com[\r][\n]"
<2017-09-26 13:02:42> DEBUG [org.apache.http.wire] http-outgoing-3 >> "Connection: Keep-Alive[\r][\n]"
<2017-09-26 13:02:42> DEBUG [org.apache.http.wire] http-outgoing-3 >> "User-Agent: Apache-HttpClient/4.5.2 (Java/1.8.0_121)[\r][\n]"
<2017-09-26 13:02:42> DEBUG [org.apache.http.wire] http-outgoing-3 >> "Cookie: JSESSIONID=76F3C18CA8450CBF4E051512495D60C8; fast_failed=true; fast_failed=true[\r][\n]"
<2017-09-26 13:02:42> DEBUG [org.apache.http.wire] http-outgoing-3 >> "Accept-Encoding: gzip,deflate[\r][\n]"
<2017-09-26 13:02:42> DEBUG [org.apache.http.wire] http-outgoing-3 >> "[\r][\n]"
<2017-09-26 13:02:42> DEBUG [org.apache.http.wire] http-outgoing-3 << "HTTP/1.1 200 OK[\r][\n]"
<2017-09-26 13:02:42> DEBUG [org.apache.http.wire] http-outgoing-3 << "Server: nginx[\r][\n]"
<2017-09-26 13:02:42> DEBUG [org.apache.http.wire] http-outgoing-3 << "Date: Tue, 26 Sep 2017 10:02:38 GMT[\r][\n]"
<2017-09-26 13:02:42> DEBUG [org.apache.http.wire] http-outgoing-3 << "Content-Type: application/json;charset=utf-8[\r][\n]"
<2017-09-26 13:02:42> DEBUG [org.apache.http.wire] http-outgoing-3 << "Transfer-Encoding: chunked[\r][\n]"
<2017-09-26 13:02:42> DEBUG [org.apache.http.wire] http-outgoing-3 << "Connection: keep-alive[\r][\n]"
<2017-09-26 13:02:42> DEBUG [org.apache.http.wire] http-outgoing-3 << "Set-Cookie: JSESSIONID=76F3C18CA8450CBF4E051512495D60C8; Path=/nexperience/; HttpOnly[\r][\n]"
<2017-09-26 13:02:42> DEBUG [org.apache.http.wire] http-outgoing-3 << "Expires: Thu, 01 Jan 1970 00:00:00 GMT[\r][\n]"
<2017-09-26 13:02:42> DEBUG [org.apache.http.wire] http-outgoing-3 << "Cache-Control: no-cache[\r][\n]"
<2017-09-26 13:02:42> DEBUG [org.apache.http.wire] http-outgoing-3 << "Cache-Control: no-cache[\r][\n]"
<2017-09-26 13:02:42> DEBUG [org.apache.http.wire] http-outgoing-3 << "Expires: Thu, 01 Jan 1970 00:00:00 GMT[\r][\n]"
<2017-09-26 13:02:42> DEBUG [org.apache.http.wire] http-outgoing-3 << "Set-Cookie: fast_failed=true[\r][\n]"
<2017-09-26 13:02:42> DEBUG [org.apache.http.wire] http-outgoing-3 << "X-XSS-Protection: 2; mode=block[\r][\n]"
<2017-09-26 13:02:42> DEBUG [org.apache.http.wire] http-outgoing-3 << "Content-Encoding: gzip[\r][\n]"
<2017-09-26 13:02:42> DEBUG [org.apache.http.wire] http-outgoing-3 << "[\r][\n]"
<2017-09-26 13:02:42> DEBUG [org.apache.http.wire] http-outgoing-3 << "ad[\r][\n]"
<2017-09-26 13:02:42> DEBUG [org.apache.http.wire] http-outgoing-3 << "[0x1f][0x8b][0x8][0x0][0x0][0x0][0x0][0x0][0x0][0x3]-[0x8d][0xcb][0xe][0xc2] [0x14]D]]>&#x7f;<![CDATA[[0xa5]a][0x88][0x85]6B[0xb7].[0x8c][0xb][0x13][0xa3]_@[0xe1][0xf6][0x91]Pn-[0xe0][0xc6][0xf8][0xef]^[0x13]w[0x93][0xc9]93o[0x96] [0xa5][0x5][0xe3][0xc5][0xb3][0x9e][\r][0xbe]uZy[0xcf][0x7][0xe3][0x15]o[0xad][0x97][0xdc][0xc8][0xce][0xf0]VY[\r]Fu[0xe][0xdc][0xc8]j[0x96][0xb2][0xcd]@x*[0xce][0x91]M[0xcd]|BO[0x8d]l[0x8c][0xee][0xb4]l[0x8e]5{[0xd9]P~[0xcc][\r][0xf6][0x11]\[0xc6][0xea][0x8a][0xc3][0x12][0xa0][0xe2][0xd5][0x19]q[0xa2][0xf0][0x0][0xbb][0xbb][0x99]\[0x17],m[0xf4][0xc][0xf7]I[0xe0][0x6][0xf1]iE[0x82][0x0]q)[0xab][0xd8]a[0xc5][0xc][0xe2][0xe]i[0xc3][0x98][0xe0][0xff]][0x8]?|[0xbe][0x6][0x18] u[0xbb][0x0][0x0][0x0][\r][\n]"
<2017-09-26 13:02:42> DEBUG [org.apache.http.wire] http-outgoing-3 << "0[\r][\n]"
<2017-09-26 13:02:42> DEBUG [org.apache.http.wire] http-outgoing-3 << "[\r][\n]"
<2017-09-26 13:02:42> DEBUG [org.apache.http.headers] http-outgoing-3 << HTTP/1.1 200 OK
<2017-09-26 13:02:42> DEBUG [org.apache.http.headers] http-outgoing-3 << Server: nginx
<2017-09-26 13:02:42> DEBUG [org.apache.http.headers] http-outgoing-3 << Date: Tue, 26 Sep 2017 10:02:38 GMT
<2017-09-26 13:02:42> DEBUG [org.apache.http.headers] http-outgoing-3 << Content-Type: application/json;charset=utf-8
<2017-09-26 13:02:42> DEBUG [org.apache.http.headers] http-outgoing-3 << Transfer-Encoding: chunked
<2017-09-26 13:02:42> DEBUG [org.apache.http.headers] http-outgoing-3 << Connection: keep-alive
<2017-09-26 13:02:42> DEBUG [org.apache.http.headers] http-outgoing-3 << Set-Cookie: JSESSIONID=76F3C18CA8450CBF4E051512495D60C8; Path=/nexperience/; HttpOnly
<2017-09-26 13:02:42> DEBUG [org.apache.http.headers] http-outgoing-3 << Expires: Thu, 01 Jan 1970 00:00:00 GMT
<2017-09-26 13:02:42> DEBUG [org.apache.http.headers] http-outgoing-3 << Cache-Control: no-cache
<2017-09-26 13:02:42> DEBUG [org.apache.http.headers] http-outgoing-3 << Cache-Control: no-cache
<2017-09-26 13:02:42> DEBUG [org.apache.http.headers] http-outgoing-3 << Expires: Thu, 01 Jan 1970 00:00:00 GMT
<2017-09-26 13:02:42> DEBUG [org.apache.http.headers] http-outgoing-3 << Set-Cookie: fast_failed=true
<2017-09-26 13:02:42> DEBUG [org.apache.http.headers] http-outgoing-3 << X-XSS-Protection: 2; mode=block
<2017-09-26 13:02:42> DEBUG [org.apache.http.headers] http-outgoing-3 << Content-Encoding: gzip
<2017-09-26 13:02:42> DEBUG [o.a.h.i.execchain.MainClientExec] Connection can be kept alive indefinitely
<2017-09-26 13:02:42> DEBUG [o.a.h.c.p.ResponseProcessCookies] Cookie accepted [JSESSIONID="76F3C18CA8450CBF4E051512495D60C8", version:0, domain:branchtest.perfectomobile.com, path:/nexperience/, expiry:null]
<2017-09-26 13:02:42> DEBUG [o.a.h.c.p.ResponseProcessCookies] Cookie accepted [fast_failed="true", version:0, domain:branchtest.perfectomobile.com, path:/nexperience/perfectomobile/wd/hub/session/bd4c83dd-b9d3-4ad2-9259-43a8e935cecf, expiry:null]
<2017-09-26 13:02:42> DEBUG [o.a.h.i.c.PoolingHttpClientConnectionManager] Connection [id: 3][route: {s}->https://branchtest.perfectomobile.com:443] can be kept alive indefinitely
<2017-09-26 13:02:42> DEBUG [o.a.h.i.c.PoolingHttpClientConnectionManager] Connection released: [id: 3][route: {s}->https://branchtest.perfectomobile.com:443][total kept alive: 1; route allocated: 5 of 2000; total allocated: 5 of 2000]
Done: searchGoogle
<2017-09-26 13:02:42> DEBUG [o.a.h.c.p.RequestAddCookies] CookieSpec selected: default
<2017-09-26 13:02:42> DEBUG [o.a.h.c.p.RequestAddCookies] Cookie [version: 0][name: JSESSIONID][value: 76F3C18CA8450CBF4E051512495D60C8][domain: branchtest.perfectomobile.com][path: /nexperience/][expiry: null] match [(secure)branchtest.perfectomobile.com:443/nexperience/perfectomobile/wd/hub/session/bd4c83dd-b9d3-4ad2-9259-43a8e935cecf/execute]
<2017-09-26 13:02:42> DEBUG [o.a.h.c.p.RequestAddCookies] Cookie [version: 0][name: fast_failed][value: true][domain: branchtest.perfectomobile.com][path: /nexperience/perfectomobile/wd/hub][expiry: null] match [(secure)branchtest.perfectomobile.com:443/nexperience/perfectomobile/wd/hub/session/bd4c83dd-b9d3-4ad2-9259-43a8e935cecf/execute]
<2017-09-26 13:02:42> DEBUG [o.a.h.c.p.RequestAddCookies] Cookie [version: 0][name: fast_failed][value: true][domain: branchtest.perfectomobile.com][path: /nexperience/perfectomobile/wd/hub/session/bd4c83dd-b9d3-4ad2-9259-43a8e935cecf][expiry: null] match [(secure)branchtest.perfectomobile.com:443/nexperience/perfectomobile/wd/hub/session/bd4c83dd-b9d3-4ad2-9259-43a8e935cecf/execute]
<2017-09-26 13:02:42> DEBUG [o.a.h.c.p.RequestAuthCache] Auth cache not set in the context
<2017-09-26 13:02:42> DEBUG [o.a.h.i.c.PoolingHttpClientConnectionManager] Connection request: [route: {s}->https://branchtest.perfectomobile.com:443][total kept alive: 1; route allocated: 5 of 2000; total allocated: 5 of 2000]
<2017-09-26 13:02:42> DEBUG [o.a.h.i.c.PoolingHttpClientConnectionManager] Connection leased: [id: 3][route: {s}->https://branchtest.perfectomobile.com:443][total kept alive: 0; route allocated: 5 of 2000; total allocated: 5 of 2000]
<2017-09-26 13:02:42> DEBUG [o.a.h.i.execchain.MainClientExec] Stale connection check
<2017-09-26 13:02:42> DEBUG [org.apache.http.wire] http-outgoing-3 << "[read] I/O error: Read timed out"
<2017-09-26 13:02:42> DEBUG [o.a.h.i.c.DefaultManagedHttpClientConnection] http-outgoing-3: set socket timeout to 10800000
<2017-09-26 13:02:42> DEBUG [o.a.h.i.execchain.MainClientExec] Executing request POST /nexperience/perfectomobile/wd/hub/session/bd4c83dd-b9d3-4ad2-9259-43a8e935cecf/execute HTTP/1.1
<2017-09-26 13:02:42> DEBUG [o.a.h.i.execchain.MainClientExec] Target auth state: UNCHALLENGED
<2017-09-26 13:02:42> DEBUG [o.a.h.i.execchain.MainClientExec] Proxy auth state: UNCHALLENGED
<2017-09-26 13:02:42> DEBUG [org.apache.http.headers] http-outgoing-3 >> POST /nexperience/perfectomobile/wd/hub/session/bd4c83dd-b9d3-4ad2-9259-43a8e935cecf/execute HTTP/1.1
<2017-09-26 13:02:42> DEBUG [org.apache.http.headers] http-outgoing-3 >> Content-Type: application/json; charset=utf-8
<2017-09-26 13:02:42> DEBUG [org.apache.http.headers] http-outgoing-3 >> Content-Length: 195
<2017-09-26 13:02:42> DEBUG [org.apache.http.headers] http-outgoing-3 >> Host: branchtest.perfectomobile.com
<2017-09-26 13:02:42> DEBUG [org.apache.http.headers] http-outgoing-3 >> Connection: Keep-Alive
<2017-09-26 13:02:42> DEBUG [org.apache.http.headers] http-outgoing-3 >> User-Agent: Apache-HttpClient/4.5.2 (Java/1.8.0_121)
<2017-09-26 13:02:42> DEBUG [org.apache.http.headers] http-outgoing-3 >> Cookie: JSESSIONID=76F3C18CA8450CBF4E051512495D60C8; fast_failed=true; fast_failed=true
<2017-09-26 13:02:42> DEBUG [org.apache.http.headers] http-outgoing-3 >> Accept-Encoding: gzip,deflate
<2017-09-26 13:02:42> DEBUG [org.apache.http.wire] http-outgoing-3 >> "POST /nexperience/perfectomobile/wd/hub/session/bd4c83dd-b9d3-4ad2-9259-43a8e935cecf/execute HTTP/1.1[\r][\n]"
<2017-09-26 13:02:42> DEBUG [org.apache.http.wire] http-outgoing-3 >> "Content-Type: application/json; charset=utf-8[\r][\n]"
<2017-09-26 13:02:42> DEBUG [org.apache.http.wire] http-outgoing-3 >> "Content-Length: 195[\r][\n]"
<2017-09-26 13:02:42> DEBUG [org.apache.http.wire] http-outgoing-3 >> "Host: branchtest.perfectomobile.com[\r][\n]"
<2017-09-26 13:02:42> DEBUG [org.apache.http.wire] http-outgoing-3 >> "Connection: Keep-Alive[\r][\n]"
<2017-09-26 13:02:42> DEBUG [org.apache.http.wire] http-outgoing-3 >> "User-Agent: Apache-HttpClient/4.5.2 (Java/1.8.0_121)[\r][\n]"
<2017-09-26 13:02:42> DEBUG [org.apache.http.wire] http-outgoing-3 >> "Cookie: JSESSIONID=76F3C18CA8450CBF4E051512495D60C8; fast_failed=true; fast_failed=true[\r][\n]"
<2017-09-26 13:02:42> DEBUG [org.apache.http.wire] http-outgoing-3 >> "Accept-Encoding: gzip,deflate[\r][\n]"
<2017-09-26 13:02:42> DEBUG [org.apache.http.wire] http-outgoing-3 >> "[\r][\n]"
<2017-09-26 13:02:42> DEBUG [org.apache.http.wire] http-outgoing-3 >> "{"script":"mobile:test:start","args":[{"jobName":"Sample Job","name":"Way2Automation Flow","projectName":"Sample Script","jobNumber":45,"projectVersion":"1.0","tags":["Java","Sample","Native"]}]}"
<2017-09-26 13:02:42> DEBUG [org.apache.http.wire] http-outgoing-3 << "HTTP/1.1 200 OK[\r][\n]"
<2017-09-26 13:02:42> DEBUG [org.apache.http.wire] http-outgoing-3 << "Server: nginx[\r][\n]"
<2017-09-26 13:02:42> DEBUG [org.apache.http.wire] http-outgoing-3 << "Date: Tue, 26 Sep 2017 10:02:38 GMT[\r][\n]"
<2017-09-26 13:02:42> DEBUG [org.apache.http.wire] http-outgoing-3 << "Content-Type: application/json;charset=utf-8[\r][\n]"
<2017-09-26 13:02:42> DEBUG [org.apache.http.wire] http-outgoing-3 << "Transfer-Encoding: chunked[\r][\n]"
<2017-09-26 13:02:42> DEBUG [org.apache.http.wire] http-outgoing-3 << "Connection: keep-alive[\r][\n]"
<2017-09-26 13:02:42> DEBUG [org.apache.http.wire] http-outgoing-3 << "Set-Cookie: JSESSIONID=76F3C18CA8450CBF4E051512495D60C8; Path=/nexperience/; HttpOnly[\r][\n]"
<2017-09-26 13:02:42> DEBUG [org.apache.http.wire] http-outgoing-3 << "Expires: Thu, 01 Jan 1970 00:00:00 GMT[\r][\n]"
<2017-09-26 13:02:42> DEBUG [org.apache.http.wire] http-outgoing-3 << "Cache-Control: no-cache[\r][\n]"
<2017-09-26 13:02:42> DEBUG [org.apache.http.wire] http-outgoing-3 << "Cache-Control: no-cache[\r][\n]"
<2017-09-26 13:02:42> DEBUG [org.apache.http.wire] http-outgoing-3 << "Expires: Thu, 01 Jan 1970 00:00:00 GMT[\r][\n]"
<2017-09-26 13:02:42> DEBUG [org.apache.http.wire] http-outgoing-3 << "Set-Cookie: fast_failed=true[\r][\n]"
<2017-09-26 13:02:42> DEBUG [org.apache.http.wire] http-outgoing-3 << "X-XSS-Protection: 2; mode=block[\r][\n]"
<2017-09-26 13:02:42> DEBUG [org.apache.http.wire] http-outgoing-3 << "Content-Encoding: gzip[\r][\n]"
<2017-09-26 13:02:42> DEBUG [org.apache.http.wire] http-outgoing-3 << "[\r][\n]"
<2017-09-26 13:02:42> DEBUG [org.apache.http.wire] http-outgoing-3 << "98[\r][\n]"
<2017-09-26 13:02:42> DEBUG [org.apache.http.wire] http-outgoing-3 << "[0x1f][0x8b][0x8][0x0][0x0][0x0][0x0][0x0][0x0][0x3]-[0xcc][0xb1][0xe][0xc2]0[0xc][0x4][0xd0]]]>&#x7f;<![CDATA[[0xf1][0xdc][0x4]hR5[0xe9][0x86][0x98]X[0x18][0xf8][0x83]46P)MJ[0xdd][0xb0] [0xfe][0x1d]#[0xb1][0xde][0xbd][0xbb]701O%[0x9f][0x11][0x6][0x18][0xd1]Fg[0x10][0xd5][0xe8][0xd1]([0x1b][0xb0]U[0xbe][0xed][0xbc][0xb2]&8[0xf2][0xa6][0x8b][0x14]o[0xd0][0x0]oa#[0xe1]\c[0x94][0xb5]$[0x8f]SAI[0xac]5[0xbd][0xed][0xdc][0xa1]o[0xe0][0x15]R[0xfd][0x99][0xcb][0xee](}LA[0xdc][0x0]e[0xbd][0xeb][0xb2]P~[0x6][0xcd][0x94](Ou[0xd6]+[0xcd]e#}%^Jf[0xfa][0xff]W[0xe1][0xfb][0xcf][0x17]|)[0xf1]/[0x9f][0x0][0x0][0x0][\r][\n]"
<2017-09-26 13:02:42> DEBUG [org.apache.http.wire] http-outgoing-3 << "0[\r][\n]"
<2017-09-26 13:02:42> DEBUG [org.apache.http.wire] http-outgoing-3 << "[\r][\n]"
<2017-09-26 13:02:42> DEBUG [org.apache.http.headers] http-outgoing-3 << HTTP/1.1 200 OK
<2017-09-26 13:02:42> DEBUG [org.apache.http.headers] http-outgoing-3 << Server: nginx
<2017-09-26 13:02:42> DEBUG [org.apache.http.headers] http-outgoing-3 << Date: Tue, 26 Sep 2017 10:02:38 GMT
<2017-09-26 13:02:42> DEBUG [org.apache.http.headers] http-outgoing-3 << Content-Type: application/json;charset=utf-8
<2017-09-26 13:02:42> DEBUG [org.apache.http.headers] http-outgoing-3 << Transfer-Encoding: chunked
<2017-09-26 13:02:42> DEBUG [org.apache.http.headers] http-outgoing-3 << Connection: keep-alive
<2017-09-26 13:02:42> DEBUG [org.apache.http.headers] http-outgoing-3 << Set-Cookie: JSESSIONID=76F3C18CA8450CBF4E051512495D60C8; Path=/nexperience/; HttpOnly
<2017-09-26 13:02:42> DEBUG [org.apache.http.headers] http-outgoing-3 << Expires: Thu, 01 Jan 1970 00:00:00 GMT
<2017-09-26 13:02:42> DEBUG [org.apache.http.headers] http-outgoing-3 << Cache-Control: no-cache
<2017-09-26 13:02:42> DEBUG [org.apache.http.headers] http-outgoing-3 << Cache-Control: no-cache
<2017-09-26 13:02:42> DEBUG [org.apache.http.headers] http-outgoing-3 << Expires: Thu, 01 Jan 1970 00:00:00 GMT
<2017-09-26 13:02:42> DEBUG [org.apache.http.headers] http-outgoing-3 << Set-Cookie: fast_failed=true
<2017-09-26 13:02:42> DEBUG [org.apache.http.headers] http-outgoing-3 << X-XSS-Protection: 2; mode=block
<2017-09-26 13:02:42> DEBUG [org.apache.http.headers] http-outgoing-3 << Content-Encoding: gzip
<2017-09-26 13:02:42> DEBUG [o.a.h.i.execchain.MainClientExec] Connection can be kept alive indefinitely
<2017-09-26 13:02:42> DEBUG [o.a.h.c.p.ResponseProcessCookies] Cookie accepted [JSESSIONID="76F3C18CA8450CBF4E051512495D60C8", version:0, domain:branchtest.perfectomobile.com, path:/nexperience/, expiry:null]
<2017-09-26 13:02:42> DEBUG [o.a.h.c.p.ResponseProcessCookies] Cookie accepted [fast_failed="true", version:0, domain:branchtest.perfectomobile.com, path:/nexperience/perfectomobile/wd/hub/session/bd4c83dd-b9d3-4ad2-9259-43a8e935cecf, expiry:null]
<2017-09-26 13:02:42> DEBUG [o.a.h.i.c.PoolingHttpClientConnectionManager] Connection [id: 3][route: {s}->https://branchtest.perfectomobile.com:443] can be kept alive indefinitely
<2017-09-26 13:02:42> DEBUG [o.a.h.i.c.PoolingHttpClientConnectionManager] Connection released: [id: 3][route: {s}->https://branchtest.perfectomobile.com:443][total kept alive: 1; route allocated: 5 of 2000; total allocated: 5 of 2000]
<2017-09-26 13:02:42> DEBUG [o.a.h.c.p.RequestAddCookies] CookieSpec selected: default
<2017-09-26 13:02:42> DEBUG [o.a.h.c.p.RequestAddCookies] Cookie [version: 0][name: JSESSIONID][value: 76F3C18CA8450CBF4E051512495D60C8][domain: branchtest.perfectomobile.com][path: /nexperience/][expiry: null] match [(secure)branchtest.perfectomobile.com:443/nexperience/perfectomobile/wd/hub/session/bd4c83dd-b9d3-4ad2-9259-43a8e935cecf/execute]
<2017-09-26 13:02:42> DEBUG [o.a.h.c.p.RequestAddCookies] Cookie [version: 0][name: fast_failed][value: true][domain: branchtest.perfectomobile.com][path: /nexperience/perfectomobile/wd/hub][expiry: null] match [(secure)branchtest.perfectomobile.com:443/nexperience/perfectomobile/wd/hub/session/bd4c83dd-b9d3-4ad2-9259-43a8e935cecf/execute]
<2017-09-26 13:02:42> DEBUG [o.a.h.c.p.RequestAddCookies] Cookie [version: 0][name: fast_failed][value: true][domain: branchtest.perfectomobile.com][path: /nexperience/perfectomobile/wd/hub/session/bd4c83dd-b9d3-4ad2-9259-43a8e935cecf][expiry: null] match [(secure)branchtest.perfectomobile.com:443/nexperience/perfectomobile/wd/hub/session/bd4c83dd-b9d3-4ad2-9259-43a8e935cecf/execute]
<2017-09-26 13:02:42> DEBUG [o.a.h.c.p.RequestAuthCache] Auth cache not set in the context
<2017-09-26 13:02:42> DEBUG [o.a.h.i.c.PoolingHttpClientConnectionManager] Connection request: [route: {s}->https://branchtest.perfectomobile.com:443][total kept alive: 1; route allocated: 5 of 2000; total allocated: 5 of 2000]
<2017-09-26 13:02:42> DEBUG [o.a.h.i.c.PoolingHttpClientConnectionManager] Connection leased: [id: 3][route: {s}->https://branchtest.perfectomobile.com:443][total kept alive: 0; route allocated: 5 of 2000; total allocated: 5 of 2000]
<2017-09-26 13:02:42> DEBUG [o.a.h.i.execchain.MainClientExec] Stale connection check
<2017-09-26 13:02:42> DEBUG [org.apache.http.wire] http-outgoing-3 << "[read] I/O error: Read timed out"
<2017-09-26 13:02:42> DEBUG [o.a.h.i.c.DefaultManagedHttpClientConnection] http-outgoing-3: set socket timeout to 10800000
<2017-09-26 13:02:42> DEBUG [o.a.h.i.execchain.MainClientExec] Executing request POST /nexperience/perfectomobile/wd/hub/session/bd4c83dd-b9d3-4ad2-9259-43a8e935cecf/execute HTTP/1.1
<2017-09-26 13:02:42> DEBUG [o.a.h.i.execchain.MainClientExec] Target auth state: UNCHALLENGED
<2017-09-26 13:02:42> DEBUG [o.a.h.i.execchain.MainClientExec] Proxy auth state: UNCHALLENGED
<2017-09-26 13:02:42> DEBUG [org.apache.http.headers] http-outgoing-3 >> POST /nexperience/perfectomobile/wd/hub/session/bd4c83dd-b9d3-4ad2-9259-43a8e935cecf/execute HTTP/1.1
<2017-09-26 13:02:42> DEBUG [org.apache.http.headers] http-outgoing-3 >> Content-Type: application/json; charset=utf-8
<2017-09-26 13:02:42> DEBUG [org.apache.http.headers] http-outgoing-3 >> Content-Length: 67
<2017-09-26 13:02:42> DEBUG [org.apache.http.headers] http-outgoing-3 >> Host: branchtest.perfectomobile.com
<2017-09-26 13:02:42> DEBUG [org.apache.http.headers] http-outgoing-3 >> Connection: Keep-Alive
<2017-09-26 13:02:42> DEBUG [org.apache.http.headers] http-outgoing-3 >> User-Agent: Apache-HttpClient/4.5.2 (Java/1.8.0_121)
<2017-09-26 13:02:42> DEBUG [org.apache.http.headers] http-outgoing-3 >> Cookie: JSESSIONID=76F3C18CA8450CBF4E051512495D60C8; fast_failed=true; fast_failed=true
<2017-09-26 13:02:42> DEBUG [org.apache.http.headers] http-outgoing-3 >> Accept-Encoding: gzip,deflate
<2017-09-26 13:02:42> DEBUG [org.apache.http.wire] http-outgoing-3 >> "POST /nexperience/perfectomobile/wd/hub/session/bd4c83dd-b9d3-4ad2-9259-43a8e935cecf/execute HTTP/1.1[\r][\n]"
<2017-09-26 13:02:42> DEBUG [org.apache.http.wire] http-outgoing-3 >> "Content-Type: application/json; charset=utf-8[\r][\n]"
<2017-09-26 13:02:42> DEBUG [org.apache.http.wire] http-outgoing-3 >> "Content-Length: 67[\r][\n]"
<2017-09-26 13:02:42> DEBUG [org.apache.http.wire] http-outgoing-3 >> "Host: branchtest.perfectomobile.com[\r][\n]"
<2017-09-26 13:02:42> DEBUG [org.apache.http.wire] http-outgoing-3 >> "Connection: Keep-Alive[\r][\n]"
<2017-09-26 13:02:42> DEBUG [org.apache.http.wire] http-outgoing-3 >> "User-Agent: Apache-HttpClient/4.5.2 (Java/1.8.0_121)[\r][\n]"
<2017-09-26 13:02:42> DEBUG [org.apache.http.wire] http-outgoing-3 >> "Cookie: JSESSIONID=76F3C18CA8450CBF4E051512495D60C8; fast_failed=true; fast_failed=true[\r][\n]"
<2017-09-26 13:02:42> DEBUG [org.apache.http.wire] http-outgoing-3 >> "Accept-Encoding: gzip,deflate[\r][\n]"
<2017-09-26 13:02:42> DEBUG [org.apache.http.wire] http-outgoing-3 >> "[\r][\n]"
<2017-09-26 13:02:42> DEBUG [org.apache.http.wire] http-outgoing-3 >> "{"script":"mobile:step:start","args":[{"name":"Navigate to site"}]}"
<2017-09-26 13:02:42> DEBUG [org.apache.http.wire] http-outgoing-2 << "HTTP/1.1 200 OK[\r][\n]"
<2017-09-26 13:02:42> DEBUG [org.apache.http.wire] http-outgoing-2 << "Server: nginx[\r][\n]"
<2017-09-26 13:02:42> DEBUG [org.apache.http.wire] http-outgoing-2 << "Date: Tue, 26 Sep 2017 10:02:39 GMT[\r][\n]"
<2017-09-26 13:02:42> DEBUG [org.apache.http.wire] http-outgoing-2 << "Content-Type: application/json;charset=utf-8[\r][\n]"
<2017-09-26 13:02:42> DEBUG [org.apache.http.wire] http-outgoing-2 << "Transfer-Encoding: chunked[\r][\n]"
<2017-09-26 13:02:42> DEBUG [org.apache.http.wire] http-outgoing-2 << "Connection: keep-alive[\r][\n]"
<2017-09-26 13:02:42> DEBUG [org.apache.http.wire] http-outgoing-2 << "Set-Cookie: JSESSIONID=27EB45499251C70336AF3FC9E711F534; Path=/nexperience/; HttpOnly[\r][\n]"
<2017-09-26 13:02:42> DEBUG [org.apache.http.wire] http-outgoing-2 << "Expires: Thu, 01 Jan 1970 00:00:00 GMT[\r][\n]"
<2017-09-26 13:02:42> DEBUG [org.apache.http.wire] http-outgoing-2 << "Cache-Control: no-cache[\r][\n]"
<2017-09-26 13:02:42> DEBUG [org.apache.http.wire] http-outgoing-2 << "Cache-Control: no-cache[\r][\n]"
<2017-09-26 13:02:42> DEBUG [org.apache.http.wire] http-outgoing-2 << "Expires: Thu, 01 Jan 1970 00:00:00 GMT[\r][\n]"
<2017-09-26 13:02:42> DEBUG [org.apache.http.wire] http-outgoing-2 << "Set-Cookie: fast_failed=true[\r][\n]"
<2017-09-26 13:02:42> DEBUG [org.apache.http.wire] http-outgoing-2 << "X-XSS-Protection: 2; mode=block[\r][\n]"
<2017-09-26 13:02:42> DEBUG [org.apache.http.wire] http-outgoing-2 << "Content-Encoding: gzip[\r][\n]"
<2017-09-26 13:02:42> DEBUG [org.apache.http.wire] http-outgoing-2 << "[\r][\n]"
<2017-09-26 13:02:42> DEBUG [org.apache.http.wire] http-outgoing-2 << "95[\r][\n]"
<2017-09-26 13:02:42> DEBUG [org.apache.http.wire] http-outgoing-2 << "[0x1f][0x8b][0x8][0x0][0x0][0x0][0x0][0x0][0x0][0x3]-[0xcc]1[0x12][0xc2] [0x10][0x85][0xe1][0xbb]l[0x1d][0x18][0x2]QHZ+[o[0xb0][0x92]E3C f[0x83][0x8d][0xe3][0xdd][0xdd][0xc2][0xf6][0x9f][0xef][0xbd][0xf]01/[0xb5]\g[0x98][0xc0]$[0x97]N[0xa9]'[0x85]1[0xdd][0xd5][0xe0][0xbc]Sh[0xfa]^%[0xc4]d[0xad][0x1d][0xc8][0xfb][0x11]:[0xe0][0x3][0xf][0x12][0xce]-FYKy^[0xea],%[0xd8]s[0xf0]a[0xb4][0xae][0x83]7[0xe6]&[0xa5][0xb4][0x9c];[0x88][0x19][0x85]MP[0xf7][0x87][0xae][0x1b][0x95][0x17]j[0xa6]Lei[0xab][0xde]i[0xad][0x7][0xe9][0x1b][0xf1]V[0xb][0xd3][0xff][0xbe][0x9]7[0xdf][0x1f]3[0xea]hZ[0x9e][0x0][0x0][0x0][\r][\n]"
<2017-09-26 13:02:42> DEBUG [org.apache.http.wire] http-outgoing-2 << "0[\r][\n]"
<2017-09-26 13:02:42> DEBUG [org.apache.http.wire] http-outgoing-2 << "[\r][\n]"
<2017-09-26 13:02:42> DEBUG [org.apache.http.headers] http-outgoing-2 << HTTP/1.1 200 OK
<2017-09-26 13:02:42> DEBUG [org.apache.http.headers] http-outgoing-2 << Server: nginx
<2017-09-26 13:02:42> DEBUG [org.apache.http.headers] http-outgoing-2 << Date: Tue, 26 Sep 2017 10:02:39 GMT
<2017-09-26 13:02:42> DEBUG [org.apache.http.headers] http-outgoing-2 << Content-Type: application/json;charset=utf-8
<2017-09-26 13:02:42> DEBUG [org.apache.http.headers] http-outgoing-2 << Transfer-Encoding: chunked
<2017-09-26 13:02:42> DEBUG [org.apache.http.headers] http-outgoing-2 << Connection: keep-alive
<2017-09-26 13:02:42> DEBUG [org.apache.http.headers] http-outgoing-2 << Set-Cookie: JSESSIONID=27EB45499251C70336AF3FC9E711F534; Path=/nexperience/; HttpOnly
<2017-09-26 13:02:42> DEBUG [org.apache.http.headers] http-outgoing-2 << Expires: Thu, 01 Jan 1970 00:00:00 GMT
<2017-09-26 13:02:42> DEBUG [org.apache.http.headers] http-outgoing-2 << Cache-Control: no-cache
<2017-09-26 13:02:42> DEBUG [org.apache.http.headers] http-outgoing-2 << Cache-Control: no-cache
<2017-09-26 13:02:42> DEBUG [org.apache.http.headers] http-outgoing-2 << Expires: Thu, 01 Jan 1970 00:00:00 GMT
<2017-09-26 13:02:42> DEBUG [org.apache.http.headers] http-outgoing-2 << Set-Cookie: fast_failed=true
<2017-09-26 13:02:42> DEBUG [org.apache.http.headers] http-outgoing-2 << X-XSS-Protection: 2; mode=block
<2017-09-26 13:02:42> DEBUG [org.apache.http.headers] http-outgoing-2 << Content-Encoding: gzip
<2017-09-26 13:02:42> DEBUG [o.a.h.i.execchain.MainClientExec] Connection can be kept alive indefinitely
<2017-09-26 13:02:42> DEBUG [o.a.h.c.p.ResponseProcessCookies] Cookie accepted [JSESSIONID="27EB45499251C70336AF3FC9E711F534", version:0, domain:branchtest.perfectomobile.com, path:/nexperience/, expiry:null]
<2017-09-26 13:02:42> DEBUG [o.a.h.c.p.ResponseProcessCookies] Cookie accepted [fast_failed="true", version:0, domain:branchtest.perfectomobile.com, path:/nexperience/perfectomobile/wd/hub/session/0f3f5f1e-acfb-4373-a011-faaf2224e779, expiry:null]
<2017-09-26 13:02:42> DEBUG [o.a.h.i.c.PoolingHttpClientConnectionManager] Connection [id: 2][route: {s}->https://branchtest.perfectomobile.com:443] can be kept alive indefinitely
<2017-09-26 13:02:42> DEBUG [o.a.h.i.c.PoolingHttpClientConnectionManager] Connection released: [id: 2][route: {s}->https://branchtest.perfectomobile.com:443][total kept alive: 1; route allocated: 5 of 2000; total allocated: 5 of 2000]
<2017-09-26 13:02:42> DEBUG [org.apache.http.wire] http-outgoing-3 << "HTTP/1.1 200 OK[\r][\n]"
<2017-09-26 13:02:42> DEBUG [org.apache.http.wire] http-outgoing-3 << "Server: nginx[\r][\n]"
<2017-09-26 13:02:42> DEBUG [org.apache.http.wire] http-outgoing-3 << "Date: Tue, 26 Sep 2017 10:02:39 GMT[\r][\n]"
<2017-09-26 13:02:42> DEBUG [org.apache.http.wire] http-outgoing-3 << "Content-Type: application/json;charset=utf-8[\r][\n]"
<2017-09-26 13:02:42> DEBUG [org.apache.http.wire] http-outgoing-3 << "Transfer-Encoding: chunked[\r][\n]"
<2017-09-26 13:02:42> DEBUG [org.apache.http.wire] http-outgoing-3 << "Connection: keep-alive[\r][\n]"
<2017-09-26 13:02:42> DEBUG [org.apache.http.wire] http-outgoing-3 << "Set-Cookie: JSESSIONID=76F3C18CA8450CBF4E051512495D60C8; Path=/nexperience/; HttpOnly[\r][\n]"
<2017-09-26 13:02:42> DEBUG [org.apache.http.wire] http-outgoing-3 << "Expires: Thu, 01 Jan 1970 00:00:00 GMT[\r][\n]"
<2017-09-26 13:02:42> DEBUG [org.apache.http.wire] http-outgoing-3 << "Cache-Control: no-cache[\r][\n]"
<2017-09-26 13:02:42> DEBUG [org.apache.http.wire] http-outgoing-3 << "Cache-Control: no-cache[\r][\n]"
<2017-09-26 13:02:42> DEBUG [org.apache.http.wire] http-outgoing-3 << "Expires: Thu, 01 Jan 1970 00:00:00 GMT[\r][\n]"
<2017-09-26 13:02:42> DEBUG [org.apache.http.wire] http-outgoing-3 << "Set-Cookie: fast_failed=true[\r][\n]"
<2017-09-26 13:02:42> DEBUG [org.apache.http.wire] http-outgoing-3 << "X-XSS-Protection: 2; mode=block[\r][\n]"
<2017-09-26 13:02:42> DEBUG [org.apache.http.wire] http-outgoing-3 << "Content-Encoding: gzip[\r][\n]"
<2017-09-26 13:02:42> DEBUG [org.apache.http.wire] http-outgoing-3 << "[\r][\n]"
<2017-09-26 13:02:42> DEBUG [org.apache.http.wire] http-outgoing-3 << "93[\r][\n]"
<2017-09-26 13:02:42> DEBUG [org.apache.http.wire] http-outgoing-3 << "[0x1f][0x8b][0x8][0x0][0x0][0x0][0x0][0x0][0x0][0x3]-[0xcc][0xc1][0xe][0xc2] [0x10][0x4][0xd0]]]>&#x7f;<![CDATA[[0xd9]s!R [0x96]^=y[0xf5][0xf]([0xbb]j[0x93][0x16][0xda].x1[0xfe][0xbb]k[0xe2]u[0xe6][0xcd][0xbc][0x81][0x89]y.[0xf9][0x8a]0[0xc2][0x84].[\r][0x16]QM[0x1][0xad]r[0x11]{[0x15]z[0x1f][0x94][0xb3]q[0xa0]`}[0xa2]t[0x87][0xe][0xb8][0xc6]J[0xc2][0xb9][0xa5]$kI[0x9e][0x97][0x82][0x92][0xf8][0xde][0x98][0xe0][0x8d]?w[0xf0][0x8a]K[0xfb][0x19])[0xd3][0x12][0x5][0x8d]P[0x8e][0x87].[0x1b][0xe5]=j[0xa6][0x85][0xf2][0xdc]V}[0xd0]Z*[0xe9][0x1b][0xf1]V2[0xd3][0xff][0xbc][0x9]?}[0xbe]?Qk[0xbc][0x9c][0x0][0x0][0x0][\r][\n]"
<2017-09-26 13:02:42> DEBUG [org.apache.http.wire] http-outgoing-3 << "0[\r][\n]"
<2017-09-26 13:02:42> DEBUG [org.apache.http.wire] http-outgoing-3 << "[\r][\n]"
<2017-09-26 13:02:42> DEBUG [org.apache.http.headers] http-outgoing-3 << HTTP/1.1 200 OK
<2017-09-26 13:02:42> DEBUG [org.apache.http.headers] http-outgoing-3 << Server: nginx
<2017-09-26 13:02:42> DEBUG [org.apache.http.headers] http-outgoing-3 << Date: Tue, 26 Sep 2017 10:02:39 GMT
<2017-09-26 13:02:42> DEBUG [org.apache.http.headers] http-outgoing-3 << Content-Type: application/json;charset=utf-8
<2017-09-26 13:02:42> DEBUG [org.apache.http.headers] http-outgoing-3 << Transfer-Encoding: chunked
<2017-09-26 13:02:42> DEBUG [org.apache.http.headers] http-outgoing-3 << Connection: keep-alive
<2017-09-26 13:02:42> DEBUG [org.apache.http.headers] http-outgoing-3 << Set-Cookie: JSESSIONID=76F3C18CA8450CBF4E051512495D60C8; Path=/nexperience/; HttpOnly
<2017-09-26 13:02:42> DEBUG [org.apache.http.headers] http-outgoing-3 << Expires: Thu, 01 Jan 1970 00:00:00 GMT
<2017-09-26 13:02:42> DEBUG [org.apache.http.headers] http-outgoing-3 << Cache-Control: no-cache
<2017-09-26 13:02:42> DEBUG [org.apache.http.headers] http-outgoing-3 << Cache-Control: no-cache
<2017-09-26 13:02:42> DEBUG [org.apache.http.headers] http-outgoing-3 << Expires: Thu, 01 Jan 1970 00:00:00 GMT
<2017-09-26 13:02:42> DEBUG [org.apache.http.headers] http-outgoing-3 << Set-Cookie: fast_failed=true
<2017-09-26 13:02:42> DEBUG [org.apache.http.headers] http-outgoing-3 << X-XSS-Protection: 2; mode=block
<2017-09-26 13:02:42> DEBUG [org.apache.http.headers] http-outgoing-3 << Content-Encoding: gzip
<2017-09-26 13:02:42> DEBUG [o.a.h.i.execchain.MainClientExec] Connection can be kept alive indefinitely
<2017-09-26 13:02:42> DEBUG [o.a.h.c.p.ResponseProcessCookies] Cookie accepted [JSESSIONID="76F3C18CA8450CBF4E051512495D60C8", version:0, domain:branchtest.perfectomobile.com, path:/nexperience/, expiry:null]
<2017-09-26 13:02:42> DEBUG [o.a.h.c.p.ResponseProcessCookies] Cookie accepted [fast_failed="true", version:0, domain:branchtest.perfectomobile.com, path:/nexperience/perfectomobile/wd/hub/session/bd4c83dd-b9d3-4ad2-9259-43a8e935cecf, expiry:null]
<2017-09-26 13:02:42> DEBUG [o.a.h.i.c.PoolingHttpClientConnectionManager] Connection [id: 3][route: {s}->https://branchtest.perfectomobile.com:443] can be kept alive indefinitely
<2017-09-26 13:02:42> DEBUG [o.a.h.i.c.PoolingHttpClientConnectionManager] Connection released: [id: 3][route: {s}->https://branchtest.perfectomobile.com:443][total kept alive: 2; route allocated: 5 of 2000; total allocated: 5 of 2000]
<2017-09-26 13:02:42> DEBUG [o.a.h.c.p.RequestAddCookies] CookieSpec selected: default
<2017-09-26 13:02:42> DEBUG [o.a.h.c.p.RequestAddCookies] Cookie [version: 0][name: JSESSIONID][value: 76F3C18CA8450CBF4E051512495D60C8][domain: branchtest.perfectomobile.com][path: /nexperience/][expiry: null] match [(secure)branchtest.perfectomobile.com:443/nexperience/perfectomobile/wd/hub/session/bd4c83dd-b9d3-4ad2-9259-43a8e935cecf/url]
<2017-09-26 13:02:42> DEBUG [o.a.h.c.p.RequestAddCookies] Cookie [version: 0][name: fast_failed][value: true][domain: branchtest.perfectomobile.com][path: /nexperience/perfectomobile/wd/hub][expiry: null] match [(secure)branchtest.perfectomobile.com:443/nexperience/perfectomobile/wd/hub/session/bd4c83dd-b9d3-4ad2-9259-43a8e935cecf/url]
<2017-09-26 13:02:42> DEBUG [o.a.h.c.p.RequestAddCookies] Cookie [version: 0][name: fast_failed][value: true][domain: branchtest.perfectomobile.com][path: /nexperience/perfectomobile/wd/hub/session/bd4c83dd-b9d3-4ad2-9259-43a8e935cecf][expiry: null] match [(secure)branchtest.perfectomobile.com:443/nexperience/perfectomobile/wd/hub/session/bd4c83dd-b9d3-4ad2-9259-43a8e935cecf/url]
<2017-09-26 13:02:42> DEBUG [o.a.h.c.p.RequestAuthCache] Auth cache not set in the context
<2017-09-26 13:02:42> DEBUG [o.a.h.i.c.PoolingHttpClientConnectionManager] Connection request: [route: {s}->https://branchtest.perfectomobile.com:443][total kept alive: 2; route allocated: 5 of 2000; total allocated: 5 of 2000]
<2017-09-26 13:02:42> DEBUG [o.a.h.i.c.PoolingHttpClientConnectionManager] Connection leased: [id: 3][route: {s}->https://branchtest.perfectomobile.com:443][total kept alive: 1; route allocated: 5 of 2000; total allocated: 5 of 2000]
<2017-09-26 13:02:42> DEBUG [o.a.h.i.execchain.MainClientExec] Stale connection check
<2017-09-26 13:02:42> DEBUG [org.apache.http.wire] http-outgoing-3 << "[read] I/O error: Read timed out"
<2017-09-26 13:02:42> DEBUG [o.a.h.i.c.DefaultManagedHttpClientConnection] http-outgoing-3: set socket timeout to 10800000
<2017-09-26 13:02:42> DEBUG [o.a.h.i.execchain.MainClientExec] Executing request POST /nexperience/perfectomobile/wd/hub/session/bd4c83dd-b9d3-4ad2-9259-43a8e935cecf/url HTTP/1.1
<2017-09-26 13:02:42> DEBUG [o.a.h.i.execchain.MainClientExec] Target auth state: UNCHALLENGED
<2017-09-26 13:02:42> DEBUG [o.a.h.i.execchain.MainClientExec] Proxy auth state: UNCHALLENGED
<2017-09-26 13:02:42> DEBUG [org.apache.http.headers] http-outgoing-3 >> POST /nexperience/perfectomobile/wd/hub/session/bd4c83dd-b9d3-4ad2-9259-43a8e935cecf/url HTTP/1.1
<2017-09-26 13:02:42> DEBUG [org.apache.http.headers] http-outgoing-3 >> Content-Type: application/json; charset=utf-8
<2017-09-26 13:02:42> DEBUG [org.apache.http.headers] http-outgoing-3 >> Content-Length: 61
<2017-09-26 13:02:42> DEBUG [org.apache.http.headers] http-outgoing-3 >> Host: branchtest.perfectomobile.com
<2017-09-26 13:02:42> DEBUG [org.apache.http.headers] http-outgoing-3 >> Connection: Keep-Alive
<2017-09-26 13:02:42> DEBUG [org.apache.http.headers] http-outgoing-3 >> User-Agent: Apache-HttpClient/4.5.2 (Java/1.8.0_121)
<2017-09-26 13:02:42> DEBUG [org.apache.http.headers] http-outgoing-3 >> Cookie: JSESSIONID=76F3C18CA8450CBF4E051512495D60C8; fast_failed=true; fast_failed=true
<2017-09-26 13:02:42> DEBUG [org.apache.http.headers] http-outgoing-3 >> Accept-Encoding: gzip,deflate
<2017-09-26 13:02:42> DEBUG [org.apache.http.wire] http-outgoing-3 >> "POST /nexperience/perfectomobile/wd/hub/session/bd4c83dd-b9d3-4ad2-9259-43a8e935cecf/url HTTP/1.1[\r][\n]"
<2017-09-26 13:02:42> DEBUG [org.apache.http.wire] http-outgoing-3 >> "Content-Type: application/json; charset=utf-8[\r][\n]"
<2017-09-26 13:02:42> DEBUG [org.apache.http.wire] http-outgoing-3 >> "Content-Length: 61[\r][\n]"
<2017-09-26 13:02:42> DEBUG [org.apache.http.wire] http-outgoing-3 >> "Host: branchtest.perfectomobile.com[\r][\n]"
<2017-09-26 13:02:42> DEBUG [org.apache.http.wire] http-outgoing-3 >> "Connection: Keep-Alive[\r][\n]"
<2017-09-26 13:02:42> DEBUG [org.apache.http.wire] http-outgoing-3 >> "User-Agent: Apache-HttpClient/4.5.2 (Java/1.8.0_121)[\r][\n]"
<2017-09-26 13:02:42> DEBUG [org.apache.http.wire] http-outgoing-3 >> "Cookie: JSESSIONID=76F3C18CA8450CBF4E051512495D60C8; fast_failed=true; fast_failed=true[\r][\n]"
<2017-09-26 13:02:42> DEBUG [org.apache.http.wire] http-outgoing-3 >> "Accept-Encoding: gzip,deflate[\r][\n]"
<2017-09-26 13:02:42> DEBUG [org.apache.http.wire] http-outgoing-3 >> "[\r][\n]"
<2017-09-26 13:02:42> DEBUG [org.apache.http.wire] http-outgoing-3 >> "{"url":"http://way2automation.com/way2auto_jquery/index.php"}"
<2017-09-26 13:02:52> DEBUG [org.apache.http.wire] http-outgoing-4 << "HTTP/1.1 200 OK[\r][\n]"
<2017-09-26 13:02:52> DEBUG [org.apache.http.wire] http-outgoing-4 << "Server: nginx[\r][\n]"
<2017-09-26 13:02:52> DEBUG [org.apache.http.wire] http-outgoing-4 << "Date: Tue, 26 Sep 2017 10:02:48 GMT[\r][\n]"
<2017-09-26 13:02:52> DEBUG [org.apache.http.wire] http-outgoing-4 << "Content-Type: application/json;charset=utf-8[\r][\n]"
<2017-09-26 13:02:52> DEBUG [org.apache.http.wire] http-outgoing-4 << "Transfer-Encoding: chunked[\r][\n]"
<2017-09-26 13:02:52> DEBUG [org.apache.http.wire] http-outgoing-4 << "Connection: keep-alive[\r][\n]"
<2017-09-26 13:02:52> DEBUG [org.apache.http.wire] http-outgoing-4 << "Expires: Thu, 01 Jan 1970 00:00:00 GMT[\r][\n]"
<2017-09-26 13:02:52> DEBUG [org.apache.http.wire] http-outgoing-4 << "Cache-Control: no-cache[\r][\n]"
<2017-09-26 13:02:52> DEBUG [org.apache.http.wire] http-outgoing-4 << "Set-Cookie: JSESSIONID=F6E28E4994D1584E597DBDFCCCB1737E; Path=/nexperience/; HttpOnly[\r][\n]"
<2017-09-26 13:02:52> DEBUG [org.apache.http.wire] http-outgoing-4 << "Cache-Control: no-cache[\r][\n]"
<2017-09-26 13:02:52> DEBUG [org.apache.http.wire] http-outgoing-4 << "Expires: Thu, 01 Jan 1970 00:00:00 GMT[\r][\n]"
<2017-09-26 13:02:52> DEBUG [org.apache.http.wire] http-outgoing-4 << "Set-Cookie: fast_failed=true[\r][\n]"
<2017-09-26 13:02:52> DEBUG [org.apache.http.wire] http-outgoing-4 << "X-XSS-Protection: 2; mode=block[\r][\n]"
<2017-09-26 13:02:52> DEBUG [org.apache.http.wire] http-outgoing-4 << "Content-Encoding: gzip[\r][\n]"
<2017-09-26 13:02:52> DEBUG [org.apache.http.wire] http-outgoing-4 << "[\r][\n]"
<2017-09-26 13:02:52> DEBUG [org.apache.http.wire] http-outgoing-4 << "254[\r][\n]"
<2017-09-26 13:02:52> DEBUG [org.apache.http.wire] http-outgoing-4 << "[0x1f][0x8b][0x8][0x0][0x0][0x0][0x0][0x0][0x0][0x3][0xd5]T[0xcb]n[0xdb]0[0x10][0xfc][0x17][0x1d]z[0xb2][0x1e][0x94]dY2P[0xb4][0x8d]S[0x17]A[0x81]"H[0xdc][0xe6]P[0x14][0x2]%[0xad]b6[0x14][0xa9].)[0xc7]F[0x90]]]>&#x7f;<![CDATA[[0xcf][0xd2][0xb2][0xd3]G.E[0x3][0x14][0xc8]I"9\[0xee][0xce][0xec][0xec][0x9d]g[0xc0][0x18][0xa1][0xd5]Y[0xe3][0xcd][0xbd][0x1a][0xb2][0xbc]bq[0xe4]gY[0x91][0xf9])[0x9f]6~^$[0xb9]?[0xab][0xdb][0xb4][0xaa] [0xcf][0x13]Vx[0x13][0xcf]Xn[0xc1][0x9b][0xab]A[0xca][0x89][0xb7]^[0xe8][0x86][0x16][0x8c][0xb1]"M[0xa3],M&[0xde][0x86][0xcb][0x81][0xb6][0xee]<[0x84]^[0xa3]=o[0xda][0xcf]()[0xfc][0xda][0xda][0xde][0xcc][0xc3][0xb0]B[0xae][0xea][0xb5][0x5]c[0x83][0x11]![0xd4]u[0xd0][0x3][0xb6]P[[0xdd][0xe9]JH[0x8]j[0xdd][0x85][0xb0]u[0xd7]C[0xde][0x8b]p[0xc3]B[0x87][0xf7]a[0xb][0xf5]`)_[0x13][0xf6]M[0xfb][0x6][0xb6][0x16]Pqy[0xd6]|[0x8d][0xbe][0xbd][0x96][0x2][0xb5][0xe2]o[0x9f]F*[0xcf]9r)A^AU[0xb2][0x99][0x1f][0x15]~[0x9c][0x95],*#V[0xa6]E[0xc9][0xd2][0xec]UiEG[0xf][0xf0][0xae]w[0x91][0xd8][0x94]*[0x89]#[0x16][0x15]q[0x9a]S[0xc5][\r]lD[\r][0x9f]xGey[0xac]|7[FI[0x1c]'[0xfe][0x8c][0xcd][0xa6]~[0xca][0xb2][0xa9][0x9f]G[0xcb][0xc2]O[0x16]'[0xe9]2?MONS[0xc7]S[0xcf][0x8d][0xb9][0xd5][0xe8][0x98]u+[0xc9]m[0xab][0xb1][0xfb][0x2][0xe8][0x8][0xa7][0xcd]<`[0xb4]_[0xa1][0xbe]5[0x80]?[0xb7][0x9]G[0x99][0xd0][0xc9]Z[0xd3]gN[0x80]G[0xba][0x9e][0x96]F0C[0xf4]IX[0xd1][0x9d][0x8b]=[0xdf][0xff]D[0xf6]]]>&#x7f;<![CDATA[[0xa3][0xf2]P[0xee][0x81][0xcb][0xa5]@h[0xf5][0x96][0xaa][0xb0][0xfc][0x6][0xcc]e[0x8d][0x0][0xca][0xac]5[0xd5]mq[0x80][0x89][0xf7][0x9d]o[0xb8][0xa9]Q[0xf4][0xf6][0xbd][0xe2][0x95][0x4]"s<8[0xd2]y[0x8]t%TC<R [0xd4][0xd4][0x9e][0xe]zD:6?[0xa0]h^[0x2];[0xa0][0xac][0xb0][0xbb][0xd5][0xae]w[0x8d][0x86][0xd0]i[0xb][0xe5]-5m[0x83]b[0x3][0xe8][0xc4][0x6][0xa4][0x9f][0x85]V[0xca][0x99][0x5][0xc7][0xd6]2d[\n]"
<2017-09-26 13:02:52> DEBUG [org.apache.http.wire] http-outgoing-4 << "t[0xf7][0xf4][\r][0xb8][0xc6]"[0xdc][0xa3]Q[0xf6][0xc6]~[0x86]3([0x16]%0[0xbe]Ovu[0x19][0x5][0x87][0x99]!\g[0xff][0xe5][0xcc][0x90][0xba][0xe6][0xce][0xb7][0x94][0xb9]%[0xd7][0xfe]![0xe6][0xa8][0xf0]A[0xca]_[0xcc]J[0x8f][0x1f]/[0x1e][0xe7][0xcd]81>[0xc2][0x8e][0xde]~fY[0xd4]2[0xab][0x81][0x88][0x94]/[0xa1]3[0x6]R~[0x94][0xb6]6[0xe6][0x12][0xe4]^~[0xf3][0x1b][0x8f][0xf7][0x13][0xaf][0x96]4s[0x8][0xa6][0xf1]:[0xd0]=[0xa8][0x1f][0x9c][0xc4][0x92][0xa0][0xc4][0xd0][0x1d][0xc5][0xbb][0x0][0xd3][0xd3][0xfc][0x4][0xd7]L[0xe4][0x94][0x81][0xe0][0xd1][0xfd][0x3][0xcb][0x95][0xc9][0xdc][0x8][0x6][0x0][0x0][\r][\n]"
<2017-09-26 13:02:52> DEBUG [org.apache.http.wire] http-outgoing-4 << "0[\r][\n]"
<2017-09-26 13:02:52> DEBUG [org.apache.http.wire] http-outgoing-4 << "[\r][\n]"
<2017-09-26 13:02:52> DEBUG [org.apache.http.headers] http-outgoing-4 << HTTP/1.1 200 OK
<2017-09-26 13:02:52> DEBUG [org.apache.http.headers] http-outgoing-4 << Server: nginx
<2017-09-26 13:02:52> DEBUG [org.apache.http.headers] http-outgoing-4 << Date: Tue, 26 Sep 2017 10:02:48 GMT
<2017-09-26 13:02:52> DEBUG [org.apache.http.headers] http-outgoing-4 << Content-Type: application/json;charset=utf-8
<2017-09-26 13:02:52> DEBUG [org.apache.http.headers] http-outgoing-4 << Transfer-Encoding: chunked
<2017-09-26 13:02:52> DEBUG [org.apache.http.headers] http-outgoing-4 << Connection: keep-alive
<2017-09-26 13:02:52> DEBUG [org.apache.http.headers] http-outgoing-4 << Expires: Thu, 01 Jan 1970 00:00:00 GMT
<2017-09-26 13:02:52> DEBUG [org.apache.http.headers] http-outgoing-4 << Cache-Control: no-cache
<2017-09-26 13:02:52> DEBUG [org.apache.http.headers] http-outgoing-4 << Set-Cookie: JSESSIONID=F6E28E4994D1584E597DBDFCCCB1737E; Path=/nexperience/; HttpOnly
<2017-09-26 13:02:52> DEBUG [org.apache.http.headers] http-outgoing-4 << Cache-Control: no-cache
<2017-09-26 13:02:52> DEBUG [org.apache.http.headers] http-outgoing-4 << Expires: Thu, 01 Jan 1970 00:00:00 GMT
<2017-09-26 13:02:52> DEBUG [org.apache.http.headers] http-outgoing-4 << Set-Cookie: fast_failed=true
<2017-09-26 13:02:52> DEBUG [org.apache.http.headers] http-outgoing-4 << X-XSS-Protection: 2; mode=block
<2017-09-26 13:02:52> DEBUG [org.apache.http.headers] http-outgoing-4 << Content-Encoding: gzip
<2017-09-26 13:02:52> DEBUG [o.a.h.i.execchain.MainClientExec] Connection can be kept alive indefinitely
<2017-09-26 13:02:52> DEBUG [o.a.h.c.p.ResponseProcessCookies] Cookie accepted [JSESSIONID="F6E28E4994D1584E597DBDFCCCB1737E", version:0, domain:branchtest.perfectomobile.com, path:/nexperience/, expiry:null]
<2017-09-26 13:02:52> DEBUG [o.a.h.c.p.ResponseProcessCookies] Cookie accepted [fast_failed="true", version:0, domain:branchtest.perfectomobile.com, path:/nexperience/perfectomobile/wd/hub, expiry:null]
<2017-09-26 13:02:52> DEBUG [o.a.h.i.c.PoolingHttpClientConnectionManager] Connection [id: 4][route: {s}->https://branchtest.perfectomobile.com:443] can be kept alive indefinitely
<2017-09-26 13:02:52> DEBUG [o.a.h.i.c.PoolingHttpClientConnectionManager] Connection released: [id: 4][route: {s}->https://branchtest.perfectomobile.com:443][total kept alive: 2; route allocated: 5 of 2000; total allocated: 5 of 2000]
<2017-09-26 13:02:52> DEBUG [o.a.h.c.p.RequestAddCookies] CookieSpec selected: default
<2017-09-26 13:02:52> DEBUG [o.a.h.c.p.RequestAddCookies] Cookie [version: 0][name: JSESSIONID][value: F6E28E4994D1584E597DBDFCCCB1737E][domain: branchtest.perfectomobile.com][path: /nexperience/][expiry: null] match [(secure)branchtest.perfectomobile.com:443/nexperience/perfectomobile/wd/hub/session/ce68b120-6696-4a5d-8938-7cf4bbe88319/timeouts]
<2017-09-26 13:02:52> DEBUG [o.a.h.c.p.RequestAddCookies] Cookie [version: 0][name: fast_failed][value: true][domain: branchtest.perfectomobile.com][path: /nexperience/perfectomobile/wd/hub][expiry: null] match [(secure)branchtest.perfectomobile.com:443/nexperience/perfectomobile/wd/hub/session/ce68b120-6696-4a5d-8938-7cf4bbe88319/timeouts]
<2017-09-26 13:02:52> DEBUG [o.a.h.c.p.RequestAuthCache] Auth cache not set in the context
<2017-09-26 13:02:52> DEBUG [o.a.h.i.c.PoolingHttpClientConnectionManager] Connection request: [route: {s}->https://branchtest.perfectomobile.com:443][total kept alive: 2; route allocated: 5 of 2000; total allocated: 5 of 2000]
<2017-09-26 13:02:52> DEBUG [o.a.h.i.c.PoolingHttpClientConnectionManager] Connection leased: [id: 4][route: {s}->https://branchtest.perfectomobile.com:443][total kept alive: 1; route allocated: 5 of 2000; total allocated: 5 of 2000]
<2017-09-26 13:02:52> DEBUG [o.a.h.i.execchain.MainClientExec] Stale connection check
<2017-09-26 13:02:52> DEBUG [org.apache.http.wire] http-outgoing-4 << "[read] I/O error: Read timed out"
<2017-09-26 13:02:52> DEBUG [o.a.h.i.c.DefaultManagedHttpClientConnection] http-outgoing-4: set socket timeout to 10800000
<2017-09-26 13:02:52> DEBUG [o.a.h.i.execchain.MainClientExec] Executing request POST /nexperience/perfectomobile/wd/hub/session/ce68b120-6696-4a5d-8938-7cf4bbe88319/timeouts HTTP/1.1
<2017-09-26 13:02:52> DEBUG [o.a.h.i.execchain.MainClientExec] Target auth state: UNCHALLENGED
<2017-09-26 13:02:52> DEBUG [o.a.h.i.execchain.MainClientExec] Proxy auth state: UNCHALLENGED
<2017-09-26 13:02:52> DEBUG [org.apache.http.headers] http-outgoing-4 >> POST /nexperience/perfectomobile/wd/hub/session/ce68b120-6696-4a5d-8938-7cf4bbe88319/timeouts HTTP/1.1
<2017-09-26 13:02:52> DEBUG [org.apache.http.headers] http-outgoing-4 >> Content-Type: application/json; charset=utf-8
<2017-09-26 13:02:52> DEBUG [org.apache.http.headers] http-outgoing-4 >> Content-Length: 30
<2017-09-26 13:02:52> DEBUG [org.apache.http.headers] http-outgoing-4 >> Host: branchtest.perfectomobile.com
<2017-09-26 13:02:52> DEBUG [org.apache.http.headers] http-outgoing-4 >> Connection: Keep-Alive
<2017-09-26 13:02:52> DEBUG [org.apache.http.headers] http-outgoing-4 >> User-Agent: Apache-HttpClient/4.5.2 (Java/1.8.0_121)
<2017-09-26 13:02:52> DEBUG [org.apache.http.headers] http-outgoing-4 >> Cookie: JSESSIONID=F6E28E4994D1584E597DBDFCCCB1737E; fast_failed=true
<2017-09-26 13:02:52> DEBUG [org.apache.http.headers] http-outgoing-4 >> Accept-Encoding: gzip,deflate
<2017-09-26 13:02:52> DEBUG [org.apache.http.wire] http-outgoing-4 >> "POST /nexperience/perfectomobile/wd/hub/session/ce68b120-6696-4a5d-8938-7cf4bbe88319/timeouts HTTP/1.1[\r][\n]"
<2017-09-26 13:02:52> DEBUG [org.apache.http.wire] http-outgoing-4 >> "Content-Type: application/json; charset=utf-8[\r][\n]"
<2017-09-26 13:02:52> DEBUG [org.apache.http.wire] http-outgoing-4 >> "Content-Length: 30[\r][\n]"
<2017-09-26 13:02:52> DEBUG [org.apache.http.wire] http-outgoing-4 >> "Host: branchtest.perfectomobile.com[\r][\n]"
<2017-09-26 13:02:52> DEBUG [org.apache.http.wire] http-outgoing-4 >> "Connection: Keep-Alive[\r][\n]"
<2017-09-26 13:02:52> DEBUG [org.apache.http.wire] http-outgoing-4 >> "User-Agent: Apache-HttpClient/4.5.2 (Java/1.8.0_121)[\r][\n]"
<2017-09-26 13:02:52> DEBUG [org.apache.http.wire] http-outgoing-4 >> "Cookie: JSESSIONID=F6E28E4994D1584E597DBDFCCCB1737E; fast_failed=true[\r][\n]"
<2017-09-26 13:02:52> DEBUG [org.apache.http.wire] http-outgoing-4 >> "Accept-Encoding: gzip,deflate[\r][\n]"
<2017-09-26 13:02:52> DEBUG [org.apache.http.wire] http-outgoing-4 >> "[\r][\n]"
<2017-09-26 13:02:52> DEBUG [org.apache.http.wire] http-outgoing-4 >> "{"type":"implicit","ms":30000}"
<2017-09-26 13:02:52> DEBUG [o.a.h.c.p.RequestAddCookies] CookieSpec selected: default
<2017-09-26 13:02:52> DEBUG [o.a.h.c.p.RequestAddCookies] Cookie [version: 0][name: JSESSIONID][value: F6E28E4994D1584E597DBDFCCCB1737E][domain: branchtest.perfectomobile.com][path: /nexperience/][expiry: null] match [(secure)branchtest.perfectomobile.com:443/nexperience/perfectomobile/wd/hub/session/0f3f5f1e-acfb-4373-a011-faaf2224e779/execute]
<2017-09-26 13:02:52> DEBUG [o.a.h.c.p.RequestAddCookies] Cookie [version: 0][name: fast_failed][value: true][domain: branchtest.perfectomobile.com][path: /nexperience/perfectomobile/wd/hub][expiry: null] match [(secure)branchtest.perfectomobile.com:443/nexperience/perfectomobile/wd/hub/session/0f3f5f1e-acfb-4373-a011-faaf2224e779/execute]
<2017-09-26 13:02:52> DEBUG [o.a.h.c.p.RequestAddCookies] Cookie [version: 0][name: fast_failed][value: true][domain: branchtest.perfectomobile.com][path: /nexperience/perfectomobile/wd/hub/session/0f3f5f1e-acfb-4373-a011-faaf2224e779][expiry: null] match [(secure)branchtest.perfectomobile.com:443/nexperience/perfectomobile/wd/hub/session/0f3f5f1e-acfb-4373-a011-faaf2224e779/execute]
<2017-09-26 13:02:52> DEBUG [o.a.h.c.p.RequestAuthCache] Auth cache not set in the context
<2017-09-26 13:02:52> DEBUG [o.a.h.i.c.PoolingHttpClientConnectionManager] Connection request: [route: {s}->https://branchtest.perfectomobile.com:443][total kept alive: 1; route allocated: 5 of 2000; total allocated: 5 of 2000]
<2017-09-26 13:02:52> DEBUG [org.apache.http.wire] http-outgoing-2 << "[read] I/O error: Read timed out"
<2017-09-26 13:02:52> DEBUG [o.a.h.i.c.PoolingHttpClientConnectionManager] Connection leased: [id: 2][route: {s}->https://branchtest.perfectomobile.com:443][total kept alive: 0; route allocated: 5 of 2000; total allocated: 5 of 2000]
<2017-09-26 13:02:52> DEBUG [o.a.h.i.execchain.MainClientExec] Stale connection check
<2017-09-26 13:02:52> DEBUG [org.apache.http.wire] http-outgoing-2 << "[read] I/O error: Read timed out"
<2017-09-26 13:02:52> DEBUG [o.a.h.i.c.DefaultManagedHttpClientConnection] http-outgoing-2: set socket timeout to 10800000
<2017-09-26 13:02:52> DEBUG [o.a.h.i.execchain.MainClientExec] Executing request POST /nexperience/perfectomobile/wd/hub/session/0f3f5f1e-acfb-4373-a011-faaf2224e779/execute HTTP/1.1
<2017-09-26 13:02:52> DEBUG [o.a.h.i.execchain.MainClientExec] Target auth state: UNCHALLENGED
<2017-09-26 13:02:52> DEBUG [o.a.h.i.execchain.MainClientExec] Proxy auth state: UNCHALLENGED
<2017-09-26 13:02:52> DEBUG [org.apache.http.headers] http-outgoing-2 >> POST /nexperience/perfectomobile/wd/hub/session/0f3f5f1e-acfb-4373-a011-faaf2224e779/execute HTTP/1.1
<2017-09-26 13:02:52> DEBUG [org.apache.http.headers] http-outgoing-2 >> Content-Type: application/json; charset=utf-8
<2017-09-26 13:02:52> DEBUG [org.apache.http.headers] http-outgoing-2 >> Content-Length: 54
<2017-09-26 13:02:52> DEBUG [org.apache.http.headers] http-outgoing-2 >> Host: branchtest.perfectomobile.com
<2017-09-26 13:02:52> DEBUG [org.apache.http.headers] http-outgoing-2 >> Connection: Keep-Alive
<2017-09-26 13:02:52> DEBUG [org.apache.http.headers] http-outgoing-2 >> User-Agent: Apache-HttpClient/4.5.2 (Java/1.8.0_121)
<2017-09-26 13:02:52> DEBUG [org.apache.http.headers] http-outgoing-2 >> Cookie: JSESSIONID=F6E28E4994D1584E597DBDFCCCB1737E; fast_failed=true; fast_failed=true
<2017-09-26 13:02:52> DEBUG [org.apache.http.headers] http-outgoing-2 >> Accept-Encoding: gzip,deflate
<2017-09-26 13:02:52> DEBUG [org.apache.http.wire] http-outgoing-2 >> "POST /nexperience/perfectomobile/wd/hub/session/0f3f5f1e-acfb-4373-a011-faaf2224e779/execute HTTP/1.1[\r][\n]"
<2017-09-26 13:02:52> DEBUG [org.apache.http.wire] http-outgoing-2 >> "Content-Type: application/json; charset=utf-8[\r][\n]"
<2017-09-26 13:02:52> DEBUG [org.apache.http.wire] http-outgoing-2 >> "Content-Length: 54[\r][\n]"
<2017-09-26 13:02:52> DEBUG [org.apache.http.wire] http-outgoing-2 >> "Host: branchtest.perfectomobile.com[\r][\n]"
<2017-09-26 13:02:52> DEBUG [org.apache.http.wire] http-outgoing-2 >> "Connection: Keep-Alive[\r][\n]"
<2017-09-26 13:02:52> DEBUG [org.apache.http.wire] http-outgoing-2 >> "User-Agent: Apache-HttpClient/4.5.2 (Java/1.8.0_121)[\r][\n]"
<2017-09-26 13:02:52> DEBUG [org.apache.http.wire] http-outgoing-2 >> "Cookie: JSESSIONID=F6E28E4994D1584E597DBDFCCCB1737E; fast_failed=true; fast_failed=true[\r][\n]"
<2017-09-26 13:02:52> DEBUG [org.apache.http.wire] http-outgoing-2 >> "Accept-Encoding: gzip,deflate[\r][\n]"
<2017-09-26 13:02:52> DEBUG [org.apache.http.wire] http-outgoing-2 >> "[\r][\n]"
<2017-09-26 13:02:52> DEBUG [org.apache.http.wire] http-outgoing-2 >> "{"script":"mobile:step:end","args":[{"message":null}]}"
<2017-09-26 13:02:52> DEBUG [org.apache.http.wire] http-outgoing-2 << "HTTP/1.1 200 OK[\r][\n]"
<2017-09-26 13:02:52> DEBUG [org.apache.http.wire] http-outgoing-2 << "Server: nginx[\r][\n]"
<2017-09-26 13:02:52> DEBUG [org.apache.http.wire] http-outgoing-2 << "Date: Tue, 26 Sep 2017 10:02:49 GMT[\r][\n]"
<2017-09-26 13:02:52> DEBUG [org.apache.http.wire] http-outgoing-2 << "Content-Type: application/json;charset=utf-8[\r][\n]"
<2017-09-26 13:02:52> DEBUG [org.apache.http.wire] http-outgoing-2 << "Transfer-Encoding: chunked[\r][\n]"
<2017-09-26 13:02:52> DEBUG [org.apache.http.wire] http-outgoing-2 << "Connection: keep-alive[\r][\n]"
<2017-09-26 13:02:52> DEBUG [org.apache.http.wire] http-outgoing-2 << "Set-Cookie: JSESSIONID=F6E28E4994D1584E597DBDFCCCB1737E; Path=/nexperience/; HttpOnly[\r][\n]"
<2017-09-26 13:02:52> DEBUG [org.apache.http.wire] http-outgoing-2 << "Expires: Thu, 01 Jan 1970 00:00:00 GMT[\r][\n]"
<2017-09-26 13:02:52> DEBUG [org.apache.http.wire] http-outgoing-2 << "Cache-Control: no-cache[\r][\n]"
<2017-09-26 13:02:52> DEBUG [org.apache.http.wire] http-outgoing-2 << "Cache-Control: no-cache[\r][\n]"
<2017-09-26 13:02:52> DEBUG [org.apache.http.wire] http-outgoing-2 << "Expires: Thu, 01 Jan 1970 00:00:00 GMT[\r][\n]"
<2017-09-26 13:02:52> DEBUG [org.apache.http.wire] http-outgoing-2 << "Set-Cookie: fast_failed=true[\r][\n]"
<2017-09-26 13:02:52> DEBUG [org.apache.http.wire] http-outgoing-2 << "X-XSS-Protection: 2; mode=block[\r][\n]"
<2017-09-26 13:02:52> DEBUG [org.apache.http.wire] http-outgoing-2 << "Content-Encoding: gzip[\r][\n]"
<2017-09-26 13:02:52> DEBUG [org.apache.http.wire] http-outgoing-2 << "[\r][\n]"
<2017-09-26 13:02:52> DEBUG [org.apache.http.wire] http-outgoing-2 << "96[\r][\n]"
<2017-09-26 13:02:52> DEBUG [org.apache.http.wire] http-outgoing-2 << "[0x1f][0x8b][0x8][0x0][0x0][0x0][0x0][0x0][0x0][0x3]-[0xcc]1[0x12][0x82]0[0x10][0x85][0xe1][0xbb]lM2![0x1][0x82][0xb4]V[0xb6][0xde]`[\r][0x1b]e&$[0xc0][0x12][0x1b][0xc7][0xbb][0xbb][0x85][0xed]?[0xdf]{[0x1f]`b^J[0xbe][0xcd]0[0x81][0x89].[0xf6][0xb1]%[0x85]!>T[0xe7][0xbc]Sh[0xda]VE[0xc4]h[0xad][0xed][0xc8][0xfb][0xb]4[0xc0]'[0x9e]$[0x9c]k[0x8][0xb2][0x96][0xf2][0xba][0x96]Y[0xca]`[0xed][0xd8][0xf][0xdd]86[0xf0][0xc6]T[0xa5][0xe4][0x9a]R[0x3]![0xa1][0xb0][0x9][0xca][0xf1][0xd4]e[0xa3][0xbc][0xa3]fJ[0x94][0x97][0xba][0xea][0x83][0xd6]r[0x92][0xbe][0x13]o%3[0xfd][0xef][0xab]p[0xf3][0xfd][0x1]u[0xb5]]]>&#x7f;<![CDATA[[0xba][0x9e][0x0][0x0][0x0][\r][\n]"
<2017-09-26 13:02:52> DEBUG [org.apache.http.wire] http-outgoing-2 << "0[\r][\n]"
<2017-09-26 13:02:52> DEBUG [org.apache.http.wire] http-outgoing-2 << "[\r][\n]"
<2017-09-26 13:02:52> DEBUG [org.apache.http.headers] http-outgoing-2 << HTTP/1.1 200 OK
<2017-09-26 13:02:52> DEBUG [org.apache.http.headers] http-outgoing-2 << Server: nginx
<2017-09-26 13:02:52> DEBUG [org.apache.http.headers] http-outgoing-2 << Date: Tue, 26 Sep 2017 10:02:49 GMT
<2017-09-26 13:02:52> DEBUG [org.apache.http.headers] http-outgoing-2 << Content-Type: application/json;charset=utf-8
<2017-09-26 13:02:52> DEBUG [org.apache.http.headers] http-outgoing-2 << Transfer-Encoding: chunked
<2017-09-26 13:02:52> DEBUG [org.apache.http.headers] http-outgoing-2 << Connection: keep-alive
<2017-09-26 13:02:52> DEBUG [org.apache.http.headers] http-outgoing-2 << Set-Cookie: JSESSIONID=F6E28E4994D1584E597DBDFCCCB1737E; Path=/nexperience/; HttpOnly
<2017-09-26 13:02:52> DEBUG [org.apache.http.headers] http-outgoing-2 << Expires: Thu, 01 Jan 1970 00:00:00 GMT
<2017-09-26 13:02:52> DEBUG [org.apache.http.headers] http-outgoing-2 << Cache-Control: no-cache
<2017-09-26 13:02:52> DEBUG [org.apache.http.headers] http-outgoing-2 << Cache-Control: no-cache
<2017-09-26 13:02:52> DEBUG [org.apache.http.headers] http-outgoing-2 << Expires: Thu, 01 Jan 1970 00:00:00 GMT
<2017-09-26 13:02:52> DEBUG [org.apache.http.headers] http-outgoing-2 << Set-Cookie: fast_failed=true
<2017-09-26 13:02:52> DEBUG [org.apache.http.headers] http-outgoing-2 << X-XSS-Protection: 2; mode=block
<2017-09-26 13:02:52> DEBUG [org.apache.http.headers] http-outgoing-2 << Content-Encoding: gzip
<2017-09-26 13:02:52> DEBUG [o.a.h.i.execchain.MainClientExec] Connection can be kept alive indefinitely
<2017-09-26 13:02:52> DEBUG [o.a.h.c.p.ResponseProcessCookies] Cookie accepted [JSESSIONID="F6E28E4994D1584E597DBDFCCCB1737E", version:0, domain:branchtest.perfectomobile.com, path:/nexperience/, expiry:null]
<2017-09-26 13:02:52> DEBUG [o.a.h.c.p.ResponseProcessCookies] Cookie accepted [fast_failed="true", version:0, domain:branchtest.perfectomobile.com, path:/nexperience/perfectomobile/wd/hub/session/0f3f5f1e-acfb-4373-a011-faaf2224e779, expiry:null]
<2017-09-26 13:02:52> DEBUG [o.a.h.i.c.PoolingHttpClientConnectionManager] Connection [id: 2][route: {s}->https://branchtest.perfectomobile.com:443] can be kept alive indefinitely
<2017-09-26 13:02:52> DEBUG [o.a.h.i.c.PoolingHttpClientConnectionManager] Connection released: [id: 2][route: {s}->https://branchtest.perfectomobile.com:443][total kept alive: 1; route allocated: 5 of 2000; total allocated: 5 of 2000]
<2017-09-26 13:02:52> DEBUG [o.a.h.c.p.RequestAddCookies] CookieSpec selected: default
<2017-09-26 13:02:52> DEBUG [o.a.h.c.p.RequestAddCookies] Cookie [version: 0][name: JSESSIONID][value: F6E28E4994D1584E597DBDFCCCB1737E][domain: branchtest.perfectomobile.com][path: /nexperience/][expiry: null] match [(secure)branchtest.perfectomobile.com:443/nexperience/perfectomobile/wd/hub/session/0f3f5f1e-acfb-4373-a011-faaf2224e779/execute]
<2017-09-26 13:02:52> DEBUG [o.a.h.c.p.RequestAddCookies] Cookie [version: 0][name: fast_failed][value: true][domain: branchtest.perfectomobile.com][path: /nexperience/perfectomobile/wd/hub][expiry: null] match [(secure)branchtest.perfectomobile.com:443/nexperience/perfectomobile/wd/hub/session/0f3f5f1e-acfb-4373-a011-faaf2224e779/execute]
<2017-09-26 13:02:52> DEBUG [o.a.h.c.p.RequestAddCookies] Cookie [version: 0][name: fast_failed][value: true][domain: branchtest.perfectomobile.com][path: /nexperience/perfectomobile/wd/hub/session/0f3f5f1e-acfb-4373-a011-faaf2224e779][expiry: null] match [(secure)branchtest.perfectomobile.com:443/nexperience/perfectomobile/wd/hub/session/0f3f5f1e-acfb-4373-a011-faaf2224e779/execute]
<2017-09-26 13:02:52> DEBUG [o.a.h.c.p.RequestAuthCache] Auth cache not set in the context
<2017-09-26 13:02:52> DEBUG [o.a.h.i.c.PoolingHttpClientConnectionManager] Connection request: [route: {s}->https://branchtest.perfectomobile.com:443][total kept alive: 1; route allocated: 5 of 2000; total allocated: 5 of 2000]
<2017-09-26 13:02:52> DEBUG [o.a.h.i.c.PoolingHttpClientConnectionManager] Connection leased: [id: 2][route: {s}->https://branchtest.perfectomobile.com:443][total kept alive: 0; route allocated: 5 of 2000; total allocated: 5 of 2000]
<2017-09-26 13:02:52> DEBUG [o.a.h.i.execchain.MainClientExec] Stale connection check
<2017-09-26 13:02:52> DEBUG [org.apache.http.wire] http-outgoing-2 << "[read] I/O error: Read timed out"
<2017-09-26 13:02:52> DEBUG [o.a.h.i.c.DefaultManagedHttpClientConnection] http-outgoing-2: set socket timeout to 10800000
<2017-09-26 13:02:52> DEBUG [o.a.h.i.execchain.MainClientExec] Executing request POST /nexperience/perfectomobile/wd/hub/session/0f3f5f1e-acfb-4373-a011-faaf2224e779/execute HTTP/1.1
<2017-09-26 13:02:52> DEBUG [o.a.h.i.execchain.MainClientExec] Target auth state: UNCHALLENGED
<2017-09-26 13:02:52> DEBUG [o.a.h.i.execchain.MainClientExec] Proxy auth state: UNCHALLENGED
<2017-09-26 13:02:52> DEBUG [org.apache.http.headers] http-outgoing-2 >> POST /nexperience/perfectomobile/wd/hub/session/0f3f5f1e-acfb-4373-a011-faaf2224e779/execute HTTP/1.1
<2017-09-26 13:02:52> DEBUG [org.apache.http.headers] http-outgoing-2 >> Content-Type: application/json; charset=utf-8
<2017-09-26 13:02:52> DEBUG [org.apache.http.headers] http-outgoing-2 >> Content-Length: 72
<2017-09-26 13:02:52> DEBUG [org.apache.http.headers] http-outgoing-2 >> Host: branchtest.perfectomobile.com
<2017-09-26 13:02:52> DEBUG [org.apache.http.headers] http-outgoing-2 >> Connection: Keep-Alive
<2017-09-26 13:02:52> DEBUG [org.apache.http.headers] http-outgoing-2 >> User-Agent: Apache-HttpClient/4.5.2 (Java/1.8.0_121)
<2017-09-26 13:02:52> DEBUG [org.apache.http.headers] http-outgoing-2 >> Cookie: JSESSIONID=F6E28E4994D1584E597DBDFCCCB1737E; fast_failed=true; fast_failed=true
<2017-09-26 13:02:52> DEBUG [org.apache.http.headers] http-outgoing-2 >> Accept-Encoding: gzip,deflate
<2017-09-26 13:02:52> DEBUG [org.apache.http.wire] http-outgoing-2 >> "POST /nexperience/perfectomobile/wd/hub/session/0f3f5f1e-acfb-4373-a011-faaf2224e779/execute HTTP/1.1[\r][\n]"
<2017-09-26 13:02:52> DEBUG [org.apache.http.wire] http-outgoing-2 >> "Content-Type: application/json; charset=utf-8[\r][\n]"
<2017-09-26 13:02:52> DEBUG [org.apache.http.wire] http-outgoing-2 >> "Content-Length: 72[\r][\n]"
<2017-09-26 13:02:52> DEBUG [org.apache.http.wire] http-outgoing-2 >> "Host: branchtest.perfectomobile.com[\r][\n]"
<2017-09-26 13:02:52> DEBUG [org.apache.http.wire] http-outgoing-2 >> "Connection: Keep-Alive[\r][\n]"
<2017-09-26 13:02:52> DEBUG [org.apache.http.wire] http-outgoing-2 >> "User-Agent: Apache-HttpClient/4.5.2 (Java/1.8.0_121)[\r][\n]"
<2017-09-26 13:02:52> DEBUG [org.apache.http.wire] http-outgoing-2 >> "Cookie: JSESSIONID=F6E28E4994D1584E597DBDFCCCB1737E; fast_failed=true; fast_failed=true[\r][\n]"
<2017-09-26 13:02:52> DEBUG [org.apache.http.wire] http-outgoing-2 >> "Accept-Encoding: gzip,deflate[\r][\n]"
<2017-09-26 13:02:52> DEBUG [org.apache.http.wire] http-outgoing-2 >> "[\r][\n]"
<2017-09-26 13:02:52> DEBUG [org.apache.http.wire] http-outgoing-2 >> "{"script":"mobile:step:start","args":[{"name":"Opening signin window"}]}"
<2017-09-26 13:02:53> DEBUG [org.apache.http.wire] http-outgoing-4 << "HTTP/1.1 200 OK[\r][\n]"
<2017-09-26 13:02:53> DEBUG [org.apache.http.wire] http-outgoing-1 << "HTTP/1.1 200 OK[\r][\n]"
<2017-09-26 13:02:53> DEBUG [org.apache.http.wire] http-outgoing-4 << "Server: nginx[\r][\n]"
<2017-09-26 13:02:53> DEBUG [org.apache.http.wire] http-outgoing-1 << "Server: nginx[\r][\n]"
<2017-09-26 13:02:53> DEBUG [org.apache.http.wire] http-outgoing-4 << "Date: Tue, 26 Sep 2017 10:02:49 GMT[\r][\n]"
<2017-09-26 13:02:53> DEBUG [org.apache.http.wire] http-outgoing-1 << "Date: Tue, 26 Sep 2017 10:02:49 GMT[\r][\n]"
<2017-09-26 13:02:53> DEBUG [org.apache.http.wire] http-outgoing-4 << "Content-Type: application/json;charset=utf-8[\r][\n]"
<2017-09-26 13:02:53> DEBUG [org.apache.http.wire] http-outgoing-1 << "Content-Type: application/json;charset=utf-8[\r][\n]"
<2017-09-26 13:02:53> DEBUG [org.apache.http.wire] http-outgoing-4 << "Transfer-Encoding: chunked[\r][\n]"
<2017-09-26 13:02:53> DEBUG [org.apache.http.wire] http-outgoing-1 << "Transfer-Encoding: chunked[\r][\n]"
<2017-09-26 13:02:53> DEBUG [org.apache.http.wire] http-outgoing-4 << "Connection: keep-alive[\r][\n]"
<2017-09-26 13:02:53> DEBUG [org.apache.http.wire] http-outgoing-1 << "Connection: keep-alive[\r][\n]"
<2017-09-26 13:02:53> DEBUG [org.apache.http.wire] http-outgoing-4 << "Set-Cookie: JSESSIONID=F6E28E4994D1584E597DBDFCCCB1737E; Path=/nexperience/; HttpOnly[\r][\n]"
<2017-09-26 13:02:53> DEBUG [org.apache.http.wire] http-outgoing-1 << "Expires: Thu, 01 Jan 1970 00:00:00 GMT[\r][\n]"
<2017-09-26 13:02:53> DEBUG [org.apache.http.wire] http-outgoing-1 << "Cache-Control: no-cache[\r][\n]"
<2017-09-26 13:02:53> DEBUG [org.apache.http.wire] http-outgoing-1 << "Set-Cookie: JSESSIONID=270DE70EA500455DFF73EB1C7795C231; Path=/nexperience/; HttpOnly[\r][\n]"
<2017-09-26 13:02:53> DEBUG [org.apache.http.wire] http-outgoing-4 << "Expires: Thu, 01 Jan 1970 00:00:00 GMT[\r][\n]"
<2017-09-26 13:02:53> DEBUG [org.apache.http.wire] http-outgoing-1 << "Cache-Control: no-cache[\r][\n]"
<2017-09-26 13:02:53> DEBUG [org.apache.http.wire] http-outgoing-4 << "Cache-Control: no-cache[\r][\n]"
<2017-09-26 13:02:53> DEBUG [org.apache.http.wire] http-outgoing-1 << "Expires: Thu, 01 Jan 1970 00:00:00 GMT[\r][\n]"
<2017-09-26 13:02:53> DEBUG [org.apache.http.wire] http-outgoing-4 << "Cache-Control: no-cache[\r][\n]"
<2017-09-26 13:02:53> DEBUG [org.apache.http.wire] http-outgoing-1 << "Set-Cookie: fast_failed=true[\r][\n]"
<2017-09-26 13:02:53> DEBUG [org.apache.http.wire] http-outgoing-4 << "Expires: Thu, 01 Jan 1970 00:00:00 GMT[\r][\n]"
<2017-09-26 13:02:53> DEBUG [org.apache.http.wire] http-outgoing-1 << "X-XSS-Protection: 2; mode=block[\r][\n]"
<2017-09-26 13:02:53> DEBUG [org.apache.http.wire] http-outgoing-4 << "Set-Cookie: fast_failed=true[\r][\n]"
<2017-09-26 13:02:53> DEBUG [org.apache.http.wire] http-outgoing-1 << "Content-Encoding: gzip[\r][\n]"
<2017-09-26 13:02:53> DEBUG [org.apache.http.wire] http-outgoing-4 << "X-XSS-Protection: 2; mode=block[\r][\n]"
<2017-09-26 13:02:53> DEBUG [org.apache.http.wire] http-outgoing-1 << "[\r][\n]"
<2017-09-26 13:02:53> DEBUG [org.apache.http.wire] http-outgoing-4 << "Content-Encoding: gzip[\r][\n]"
<2017-09-26 13:02:53> DEBUG [org.apache.http.wire] http-outgoing-1 << "256[\r][\n]"
<2017-09-26 13:02:53> DEBUG [org.apache.http.wire] http-outgoing-4 << "[\r][\n]"
<2017-09-26 13:02:53> DEBUG [org.apache.http.wire] http-outgoing-4 << "96[\r][\n]"
<2017-09-26 13:02:53> DEBUG [org.apache.http.wire] http-outgoing-1 << "[0x1f][0x8b][0x8][0x0][0x0][0x0][0x0][0x0][0x0][0x3][0xd5]T[0xdd]o[0xd3]0[0x10][0xff]WP[0x1e]xj[0x9a][0xb8]M[0xd3][0xb8][0x12][0x82][0x92]V[0xa8]BB[0xd3]V[0xd8][0x3]B[0x91][0x9b]\W3[0xc7][0xe]g[0xa7][0x1f][0x9a][0xf6][0xbf][0xef][0xdc][0xb4]0[0xd8][0xb]b[0x12][0xd2][0xde][0xe2][0xcb][0xf9]|[0xf7][0xfb][0xb8][0xbb][0xc0][0x82][0xb5][0xd2][0xe8]E[0x15]L[0x82]Q[0x6]|<[0x8a][0xcb]p[0x95]Ti[0x98]@[0xc5]C[0xc1][0xe2]a[0x18][0xb3]5[0xe7]C[0x18][0xa7][0xd9]p[0x10][0xf4][0x2][0xeb][0x84][0x83]`[0xa2][[0xa5]z[0xc1]&7[0x15][0x1d][0xb2]A2[0x8a]y[0x92][0xf6][0x82][0xad]P-[0x5][0xee][0x2][0x84][0xc6][0xa0][0xbb][0xa8][0xd6][0x9f]QQ[0xf1][0x8d]s[0x8d][0x9d]D[0xd1][\n]"
<2017-09-26 13:02:53> DEBUG [org.apache.http.wire] http-outgoing-4 << "[0x1f][0x8b][0x8][0x0][0x0][0x0][0x0][0x0][0x0][0x3]-[0xcc][0xbb][0x12][0x82]0[0x10][0x85][0xe1]w[0xd9][0x9a]d[0x88]$![0xd0]Z[0xd9][0xfa][0x6][0xb9][0xac][0xca]LH[0x80]%6[0x8e][0xef][0xee][0x16][0xb6][0xff]|[0xe7]|[0x80][0x90]h[0xa9][0xe5][0x96]`[0x86][0x88][0xd6][0x5]u[0xe9][0x85][0xb5][0x93][0x15][0xda][0x9b]$[0xdc]481[0xc6][0x87][0xe][0x1][0x9d][0x1b][0xd4][0x4][0x1d][0xd0][0xe9]OdN-F^sy]k[0xe2]28e[0xb4][0x19][0x8d][0xed][0xe0][0xed]s[0xe3]RZ[0xce][0x1d][0xc4][0xec][0x99][0xcd]P[0x8f][0xa7][0xac][0x1b][0x96][0xdd]K[0xc2][0x8c]ei[0xab]<p[0xad]'[0xca];[0xd2]V[0xb][0xe1][0xff][0xbe]1[0xef][0xbf]?iKeo[0x9e][0x0][0x0][0x0][\r][\n]"
<2017-09-26 13:02:53> DEBUG [org.apache.http.wire] http-outgoing-1 << "[0x85].7[0xe][0xac][0xeb]w[0x19]R[0xdf][0xf4][0x1b][0xc0]5[0x94][0xce][0xd4]f%[0x15][0xf4]KSG[0xb0][0xf7][0xd7]#[0xd1][0xc8]h[0xcb]"[0x9f][0x1f][0xc2][0x1e][0xca][0xd6]Q[0xb7]6j[0xaa][0xf5][[0xd8];@-[0xd4][0xa2][0xfa][0x1a]]]>&#x7f;<![CDATA[{[0xa3]$[0x1a]-[0xde]=[0xad]T\[0x8][0x14]J[0x81][0xba][0x86]U[0xc1][0xc6]a[0xcc][0xc3]AZ[0xb0][0xb8][0x88]Y[0x91][0xf0][0x82]%[0xfc]u[0xe1]dM[0xf][0x88][0xba][0xf1][0x95][0xd8](N[0x93]A[0xcc]b>L8[0xcd][[0xc1]V[0x96][0xf0]I[0xd4]4V[0xc0][\n]"
<2017-09-26 13:02:53> DEBUG [org.apache.http.wire] http-outgoing-4 << "0[\r][\n]"
<2017-09-26 13:02:53> DEBUG [org.apache.http.wire] http-outgoing-4 << "[\r][\n]"
<2017-09-26 13:02:53> DEBUG [org.apache.http.wire] http-outgoing-1 << "[0xce][0x19][0xcf][0xa6][0xef][0xc7]a[0x9e][0xe7][0xd3]0IgI[0xc8][0xa7]i[0x1e][0xe6][0xe3][0xe1]|0[0x9b]e|6[0xcf][0xe9]V#[0xac][0xdd][0x19][0xf4][0xb8][0xfa][0x93][0x12]nm[0xb0][0xfe][0x2][0xe8][0xe1][0xa6]`[0xd6]g[0x14]_[0xa1][0xd9]Y[0xc0]_a[0xe6][0xa3][0x1b]c[0x1d][0xa5]<[0x82][0xea][0xe9]X[0x94]f[0x9]:[0x5]K[0xea][0xfc][0xf2][0x88][0xf5]?[0x1][0xfd][0xdf]`<[0x8d]z[0xc2]q[0xa1]=y[0xe0]^[0xcd][0xf7][0x8d]2[0x8]H[0xf3]8q[0xb][0xf6][0xaa]D[0x0]m7[0x86][0x10]p[0xd8]B/[0xf8].[0xb6][0xc2][0x96]([0x1b]7[0xd7]b[0xa5][0x80] [0xed]~[0x9c]A=[0x95][0xbc][0x96][0xba]"4[0xa9][0x10][0x1a][0x92][0xa8]O=gz[0xf9]|@Y[0xbd][0x4][0x9c]@;[0xe9][0xe][0xcb]C[0xe3][0xe5][0x86]P[0x1b][0x7][0xc5][0x8e][0xa4][[0xa1][0xdc][0x1e]a"[0xbd][0xd0]Gn[0xb4][0xf6][0x96][0xc1]N`[0x96][0xac][0x81][0xfe][0x9e][0xb9][0x5]//B[0xe1][0xa7]][0x8e][0xe6]~[0x86]?[0xa8][0x16]5[0xd0][0xbd]O[0xa6][0xf5][0x1d][0xf5]O{Cz}[0xff][0xe5][0xde]P[0xa6][0x14][0xde][0xbd][0xd4][0xb9]#[0xef][0xfe]Af[0xc7][0xf0][0x89][0xca]G[0x96][0xa5][0xc7][0xcf][0x17][0xcf];[0xa7][0xdb][0x1b][0x1f][0xe1]@o?s,[0x92][0xcc][0xb2]% [0xd5]KPFK[0xcc]w[0xd4][0x96][0xd6]^[0x81]:[0xd2]o]]>&#x7f;<![CDATA[[0xc3][0xf1][0xbe][0x17][0x94][0x8a]6[0xf][0xa5][0x19][0xbc][0xe9][0x9b][0x6][0xf4][0xf]Ad)[0xd0][0xb2][0xad][0xcf][0xe4]][0x82]mh[0x8b][0x2]a[0xeb][0x97]yK[0xe9][0xf1][0xfd][0x3][0x10][0x9f][0xb9]<[0xc][0x6][0x0][0x0][\r][\n]"
<2017-09-26 13:02:53> DEBUG [org.apache.http.wire] http-outgoing-1 << "0[\r][\n]"
<2017-09-26 13:02:53> DEBUG [org.apache.http.wire] http-outgoing-1 << "[\r][\n]"
<2017-09-26 13:02:53> DEBUG [org.apache.http.headers] http-outgoing-4 << HTTP/1.1 200 OK
<2017-09-26 13:02:53> DEBUG [org.apache.http.headers] http-outgoing-4 << Server: nginx
<2017-09-26 13:02:53> DEBUG [org.apache.http.headers] http-outgoing-4 << Date: Tue, 26 Sep 2017 10:02:49 GMT
<2017-09-26 13:02:53> DEBUG [org.apache.http.headers] http-outgoing-4 << Content-Type: application/json;charset=utf-8
<2017-09-26 13:02:53> DEBUG [org.apache.http.headers] http-outgoing-4 << Transfer-Encoding: chunked
<2017-09-26 13:02:53> DEBUG [org.apache.http.headers] http-outgoing-4 << Connection: keep-alive
<2017-09-26 13:02:53> DEBUG [org.apache.http.headers] http-outgoing-4 << Set-Cookie: JSESSIONID=F6E28E4994D1584E597DBDFCCCB1737E; Path=/nexperience/; HttpOnly
<2017-09-26 13:02:53> DEBUG [org.apache.http.headers] http-outgoing-1 << HTTP/1.1 200 OK
<2017-09-26 13:02:53> DEBUG [org.apache.http.headers] http-outgoing-4 << Expires: Thu, 01 Jan 1970 00:00:00 GMT
<2017-09-26 13:02:53> DEBUG [org.apache.http.headers] http-outgoing-1 << Server: nginx
<2017-09-26 13:02:53> DEBUG [org.apache.http.headers] http-outgoing-4 << Cache-Control: no-cache
<2017-09-26 13:02:53> DEBUG [org.apache.http.headers] http-outgoing-1 << Date: Tue, 26 Sep 2017 10:02:49 GMT
<2017-09-26 13:02:53> DEBUG [org.apache.http.headers] http-outgoing-4 << Cache-Control: no-cache
<2017-09-26 13:02:53> DEBUG [org.apache.http.headers] http-outgoing-1 << Content-Type: application/json;charset=utf-8
<2017-09-26 13:02:53> DEBUG [org.apache.http.headers] http-outgoing-4 << Expires: Thu, 01 Jan 1970 00:00:00 GMT
<2017-09-26 13:02:53> DEBUG [org.apache.http.headers] http-outgoing-1 << Transfer-Encoding: chunked
<2017-09-26 13:02:53> DEBUG [org.apache.http.headers] http-outgoing-4 << Set-Cookie: fast_failed=true
<2017-09-26 13:02:53> DEBUG [org.apache.http.headers] http-outgoing-1 << Connection: keep-alive
<2017-09-26 13:02:53> DEBUG [org.apache.http.headers] http-outgoing-4 << X-XSS-Protection: 2; mode=block
<2017-09-26 13:02:53> DEBUG [org.apache.http.headers] http-outgoing-1 << Expires: Thu, 01 Jan 1970 00:00:00 GMT
<2017-09-26 13:02:53> DEBUG [org.apache.http.headers] http-outgoing-4 << Content-Encoding: gzip
<2017-09-26 13:02:53> DEBUG [org.apache.http.headers] http-outgoing-1 << Cache-Control: no-cache
<2017-09-26 13:02:53> DEBUG [org.apache.http.headers] http-outgoing-1 << Set-Cookie: JSESSIONID=270DE70EA500455DFF73EB1C7795C231; Path=/nexperience/; HttpOnly
<2017-09-26 13:02:53> DEBUG [org.apache.http.headers] http-outgoing-1 << Cache-Control: no-cache
<2017-09-26 13:02:53> DEBUG [org.apache.http.headers] http-outgoing-1 << Expires: Thu, 01 Jan 1970 00:00:00 GMT
<2017-09-26 13:02:53> DEBUG [org.apache.http.headers] http-outgoing-1 << Set-Cookie: fast_failed=true
<2017-09-26 13:02:53> DEBUG [org.apache.http.headers] http-outgoing-1 << X-XSS-Protection: 2; mode=block
<2017-09-26 13:02:53> DEBUG [org.apache.http.headers] http-outgoing-1 << Content-Encoding: gzip
<2017-09-26 13:02:53> DEBUG [o.a.h.i.execchain.MainClientExec] Connection can be kept alive indefinitely
<2017-09-26 13:02:53> DEBUG [o.a.h.i.execchain.MainClientExec] Connection can be kept alive indefinitely
<2017-09-26 13:02:53> DEBUG [o.a.h.c.p.ResponseProcessCookies] Cookie accepted [JSESSIONID="270DE70EA500455DFF73EB1C7795C231", version:0, domain:branchtest.perfectomobile.com, path:/nexperience/, expiry:null]
<2017-09-26 13:02:53> DEBUG [o.a.h.c.p.ResponseProcessCookies] Cookie accepted [JSESSIONID="F6E28E4994D1584E597DBDFCCCB1737E", version:0, domain:branchtest.perfectomobile.com, path:/nexperience/, expiry:null]
<2017-09-26 13:02:53> DEBUG [o.a.h.c.p.ResponseProcessCookies] Cookie accepted [fast_failed="true", version:0, domain:branchtest.perfectomobile.com, path:/nexperience/perfectomobile/wd/hub, expiry:null]
<2017-09-26 13:02:53> DEBUG [o.a.h.c.p.ResponseProcessCookies] Cookie accepted [fast_failed="true", version:0, domain:branchtest.perfectomobile.com, path:/nexperience/perfectomobile/wd/hub/session/ce68b120-6696-4a5d-8938-7cf4bbe88319, expiry:null]
<2017-09-26 13:02:53> DEBUG [o.a.h.i.c.PoolingHttpClientConnectionManager] Connection [id: 1][route: {s}->https://branchtest.perfectomobile.com:443] can be kept alive indefinitely
<2017-09-26 13:02:53> DEBUG [o.a.h.i.c.PoolingHttpClientConnectionManager] Connection [id: 4][route: {s}->https://branchtest.perfectomobile.com:443] can be kept alive indefinitely
<2017-09-26 13:02:53> DEBUG [o.a.h.i.c.PoolingHttpClientConnectionManager] Connection released: [id: 4][route: {s}->https://branchtest.perfectomobile.com:443][total kept alive: 2; route allocated: 5 of 2000; total allocated: 5 of 2000]
<2017-09-26 13:02:53> DEBUG [o.a.h.i.c.PoolingHttpClientConnectionManager] Connection released: [id: 1][route: {s}->https://branchtest.perfectomobile.com:443][total kept alive: 2; route allocated: 5 of 2000; total allocated: 5 of 2000]
<2017-09-26 13:02:53> DEBUG [o.a.h.c.p.RequestAddCookies] CookieSpec selected: default
<2017-09-26 13:02:53> DEBUG [o.a.h.c.p.RequestAddCookies] Cookie [version: 0][name: JSESSIONID][value: F6E28E4994D1584E597DBDFCCCB1737E][domain: branchtest.perfectomobile.com][path: /nexperience/][expiry: null] match [(secure)branchtest.perfectomobile.com:443/nexperience/perfectomobile/wd/hub/session/ce68b120-6696-4a5d-8938-7cf4bbe88319/timeouts]
<2017-09-26 13:02:53> DEBUG [o.a.h.c.p.RequestAddCookies] Cookie [version: 0][name: fast_failed][value: true][domain: branchtest.perfectomobile.com][path: /nexperience/perfectomobile/wd/hub][expiry: null] match [(secure)branchtest.perfectomobile.com:443/nexperience/perfectomobile/wd/hub/session/ce68b120-6696-4a5d-8938-7cf4bbe88319/timeouts]
<2017-09-26 13:02:53> DEBUG [o.a.h.c.p.RequestAddCookies] Cookie [version: 0][name: fast_failed][value: true][domain: branchtest.perfectomobile.com][path: /nexperience/perfectomobile/wd/hub/session/ce68b120-6696-4a5d-8938-7cf4bbe88319][expiry: null] match [(secure)branchtest.perfectomobile.com:443/nexperience/perfectomobile/wd/hub/session/ce68b120-6696-4a5d-8938-7cf4bbe88319/timeouts]
<2017-09-26 13:02:53> DEBUG [o.a.h.c.p.RequestAuthCache] Auth cache not set in the context
<2017-09-26 13:02:53> DEBUG [o.a.h.i.c.PoolingHttpClientConnectionManager] Connection request: [route: {s}->https://branchtest.perfectomobile.com:443][total kept alive: 2; route allocated: 5 of 2000; total allocated: 5 of 2000]
<2017-09-26 13:02:53> DEBUG [o.a.h.i.c.PoolingHttpClientConnectionManager] Connection leased: [id: 4][route: {s}->https://branchtest.perfectomobile.com:443][total kept alive: 1; route allocated: 5 of 2000; total allocated: 5 of 2000]
<2017-09-26 13:02:53> DEBUG [o.a.h.i.execchain.MainClientExec] Stale connection check
<2017-09-26 13:02:53> DEBUG [o.a.h.c.p.RequestAddCookies] CookieSpec selected: default
<2017-09-26 13:02:53> DEBUG [o.a.h.c.p.RequestAddCookies] Cookie [version: 0][name: JSESSIONID][value: F6E28E4994D1584E597DBDFCCCB1737E][domain: branchtest.perfectomobile.com][path: /nexperience/][expiry: null] match [(secure)branchtest.perfectomobile.com:443/nexperience/perfectomobile/wd/hub/session/58e9750c-b4d6-4ed9-a103-01f993e76832/timeouts]
<2017-09-26 13:02:53> DEBUG [o.a.h.c.p.RequestAddCookies] Cookie [version: 0][name: fast_failed][value: true][domain: branchtest.perfectomobile.com][path: /nexperience/perfectomobile/wd/hub][expiry: null] match [(secure)branchtest.perfectomobile.com:443/nexperience/perfectomobile/wd/hub/session/58e9750c-b4d6-4ed9-a103-01f993e76832/timeouts]
<2017-09-26 13:02:53> DEBUG [o.a.h.c.p.RequestAuthCache] Auth cache not set in the context
<2017-09-26 13:02:53> DEBUG [o.a.h.i.c.PoolingHttpClientConnectionManager] Connection request: [route: {s}->https://branchtest.perfectomobile.com:443][total kept alive: 1; route allocated: 5 of 2000; total allocated: 5 of 2000]
<2017-09-26 13:02:53> DEBUG [o.a.h.i.c.PoolingHttpClientConnectionManager] Connection leased: [id: 1][route: {s}->https://branchtest.perfectomobile.com:443][total kept alive: 0; route allocated: 5 of 2000; total allocated: 5 of 2000]
<2017-09-26 13:02:53> DEBUG [o.a.h.i.execchain.MainClientExec] Stale connection check
<2017-09-26 13:02:53> DEBUG [org.apache.http.wire] http-outgoing-4 << "[read] I/O error: Read timed out"
<2017-09-26 13:02:53> DEBUG [o.a.h.i.c.DefaultManagedHttpClientConnection] http-outgoing-4: set socket timeout to 10800000
<2017-09-26 13:02:53> DEBUG [o.a.h.i.execchain.MainClientExec] Executing request POST /nexperience/perfectomobile/wd/hub/session/ce68b120-6696-4a5d-8938-7cf4bbe88319/timeouts HTTP/1.1
<2017-09-26 13:02:53> DEBUG [o.a.h.i.execchain.MainClientExec] Target auth state: UNCHALLENGED
<2017-09-26 13:02:53> DEBUG [o.a.h.i.execchain.MainClientExec] Proxy auth state: UNCHALLENGED
<2017-09-26 13:02:53> DEBUG [org.apache.http.headers] http-outgoing-4 >> POST /nexperience/perfectomobile/wd/hub/session/ce68b120-6696-4a5d-8938-7cf4bbe88319/timeouts HTTP/1.1
<2017-09-26 13:02:53> DEBUG [org.apache.http.headers] http-outgoing-4 >> Content-Type: application/json; charset=utf-8
<2017-09-26 13:02:53> DEBUG [org.apache.http.headers] http-outgoing-4 >> Content-Length: 31
<2017-09-26 13:02:53> DEBUG [org.apache.http.headers] http-outgoing-4 >> Host: branchtest.perfectomobile.com
<2017-09-26 13:02:53> DEBUG [org.apache.http.headers] http-outgoing-4 >> Connection: Keep-Alive
<2017-09-26 13:02:53> DEBUG [org.apache.http.headers] http-outgoing-4 >> User-Agent: Apache-HttpClient/4.5.2 (Java/1.8.0_121)
<2017-09-26 13:02:53> DEBUG [org.apache.http.headers] http-outgoing-4 >> Cookie: JSESSIONID=F6E28E4994D1584E597DBDFCCCB1737E; fast_failed=true; fast_failed=true
<2017-09-26 13:02:53> DEBUG [org.apache.http.headers] http-outgoing-4 >> Accept-Encoding: gzip,deflate
<2017-09-26 13:02:53> DEBUG [org.apache.http.wire] http-outgoing-4 >> "POST /nexperience/perfectomobile/wd/hub/session/ce68b120-6696-4a5d-8938-7cf4bbe88319/timeouts HTTP/1.1[\r][\n]"
<2017-09-26 13:02:53> DEBUG [org.apache.http.wire] http-outgoing-4 >> "Content-Type: application/json; charset=utf-8[\r][\n]"
<2017-09-26 13:02:53> DEBUG [org.apache.http.wire] http-outgoing-4 >> "Content-Length: 31[\r][\n]"
<2017-09-26 13:02:53> DEBUG [org.apache.http.wire] http-outgoing-4 >> "Host: branchtest.perfectomobile.com[\r][\n]"
<2017-09-26 13:02:53> DEBUG [org.apache.http.wire] http-outgoing-4 >> "Connection: Keep-Alive[\r][\n]"
<2017-09-26 13:02:53> DEBUG [org.apache.http.wire] http-outgoing-4 >> "User-Agent: Apache-HttpClient/4.5.2 (Java/1.8.0_121)[\r][\n]"
<2017-09-26 13:02:53> DEBUG [org.apache.http.wire] http-outgoing-4 >> "Cookie: JSESSIONID=F6E28E4994D1584E597DBDFCCCB1737E; fast_failed=true; fast_failed=true[\r][\n]"
<2017-09-26 13:02:53> DEBUG [org.apache.http.wire] http-outgoing-1 << "[read] I/O error: Read timed out"
<2017-09-26 13:02:53> DEBUG [org.apache.http.wire] http-outgoing-4 >> "Accept-Encoding: gzip,deflate[\r][\n]"
<2017-09-26 13:02:53> DEBUG [o.a.h.i.c.DefaultManagedHttpClientConnection] http-outgoing-1: set socket timeout to 10800000
<2017-09-26 13:02:53> DEBUG [org.apache.http.wire] http-outgoing-4 >> "[\r][\n]"
<2017-09-26 13:02:53> DEBUG [o.a.h.i.execchain.MainClientExec] Executing request POST /nexperience/perfectomobile/wd/hub/session/58e9750c-b4d6-4ed9-a103-01f993e76832/timeouts HTTP/1.1
<2017-09-26 13:02:53> DEBUG [org.apache.http.wire] http-outgoing-4 >> "{"type":"page load","ms":30000}"
<2017-09-26 13:02:53> DEBUG [o.a.h.i.execchain.MainClientExec] Target auth state: UNCHALLENGED
<2017-09-26 13:02:53> DEBUG [o.a.h.i.execchain.MainClientExec] Proxy auth state: UNCHALLENGED
<2017-09-26 13:02:53> DEBUG [org.apache.http.headers] http-outgoing-1 >> POST /nexperience/perfectomobile/wd/hub/session/58e9750c-b4d6-4ed9-a103-01f993e76832/timeouts HTTP/1.1
<2017-09-26 13:02:53> DEBUG [org.apache.http.headers] http-outgoing-1 >> Content-Type: application/json; charset=utf-8
<2017-09-26 13:02:53> DEBUG [org.apache.http.headers] http-outgoing-1 >> Content-Length: 30
<2017-09-26 13:02:53> DEBUG [org.apache.http.headers] http-outgoing-1 >> Host: branchtest.perfectomobile.com
<2017-09-26 13:02:53> DEBUG [org.apache.http.headers] http-outgoing-1 >> Connection: Keep-Alive
<2017-09-26 13:02:53> DEBUG [org.apache.http.headers] http-outgoing-1 >> User-Agent: Apache-HttpClient/4.5.2 (Java/1.8.0_121)
<2017-09-26 13:02:53> DEBUG [org.apache.http.headers] http-outgoing-1 >> Cookie: JSESSIONID=F6E28E4994D1584E597DBDFCCCB1737E; fast_failed=true
<2017-09-26 13:02:53> DEBUG [org.apache.http.headers] http-outgoing-1 >> Accept-Encoding: gzip,deflate
<2017-09-26 13:02:53> DEBUG [org.apache.http.wire] http-outgoing-1 >> "POST /nexperience/perfectomobile/wd/hub/session/58e9750c-b4d6-4ed9-a103-01f993e76832/timeouts HTTP/1.1[\r][\n]"
<2017-09-26 13:02:53> DEBUG [org.apache.http.wire] http-outgoing-1 >> "Content-Type: application/json; charset=utf-8[\r][\n]"
<2017-09-26 13:02:53> DEBUG [org.apache.http.wire] http-outgoing-1 >> "Content-Length: 30[\r][\n]"
<2017-09-26 13:02:53> DEBUG [org.apache.http.wire] http-outgoing-1 >> "Host: branchtest.perfectomobile.com[\r][\n]"
<2017-09-26 13:02:53> DEBUG [org.apache.http.wire] http-outgoing-1 >> "Connection: Keep-Alive[\r][\n]"
<2017-09-26 13:02:53> DEBUG [org.apache.http.wire] http-outgoing-1 >> "User-Agent: Apache-HttpClient/4.5.2 (Java/1.8.0_121)[\r][\n]"
<2017-09-26 13:02:53> DEBUG [org.apache.http.wire] http-outgoing-1 >> "Cookie: JSESSIONID=F6E28E4994D1584E597DBDFCCCB1737E; fast_failed=true[\r][\n]"
<2017-09-26 13:02:53> DEBUG [org.apache.http.wire] http-outgoing-1 >> "Accept-Encoding: gzip,deflate[\r][\n]"
<2017-09-26 13:02:53> DEBUG [org.apache.http.wire] http-outgoing-1 >> "[\r][\n]"
<2017-09-26 13:02:53> DEBUG [org.apache.http.wire] http-outgoing-1 >> "{"type":"implicit","ms":30000}"
<2017-09-26 13:02:53> DEBUG [org.apache.http.wire] http-outgoing-2 << "HTTP/1.1 200 OK[\r][\n]"
<2017-09-26 13:02:53> DEBUG [org.apache.http.wire] http-outgoing-2 << "Server: nginx[\r][\n]"
<2017-09-26 13:02:53> DEBUG [org.apache.http.wire] http-outgoing-2 << "Date: Tue, 26 Sep 2017 10:02:49 GMT[\r][\n]"
<2017-09-26 13:02:53> DEBUG [org.apache.http.wire] http-outgoing-2 << "Content-Type: application/json;charset=utf-8[\r][\n]"
<2017-09-26 13:02:53> DEBUG [org.apache.http.wire] http-outgoing-2 << "Transfer-Encoding: chunked[\r][\n]"
<2017-09-26 13:02:53> DEBUG [org.apache.http.wire] http-outgoing-2 << "Connection: keep-alive[\r][\n]"
<2017-09-26 13:02:53> DEBUG [org.apache.http.wire] http-outgoing-2 << "Set-Cookie: JSESSIONID=F6E28E4994D1584E597DBDFCCCB1737E; Path=/nexperience/; HttpOnly[\r][\n]"
<2017-09-26 13:02:53> DEBUG [org.apache.http.wire] http-outgoing-2 << "Expires: Thu, 01 Jan 1970 00:00:00 GMT[\r][\n]"
<2017-09-26 13:02:53> DEBUG [org.apache.http.wire] http-outgoing-2 << "Cache-Control: no-cache[\r][\n]"
<2017-09-26 13:02:53> DEBUG [org.apache.http.wire] http-outgoing-2 << "Cache-Control: no-cache[\r][\n]"
<2017-09-26 13:02:53> DEBUG [org.apache.http.wire] http-outgoing-2 << "Expires: Thu, 01 Jan 1970 00:00:00 GMT[\r][\n]"
<2017-09-26 13:02:53> DEBUG [org.apache.http.wire] http-outgoing-2 << "Set-Cookie: fast_failed=true[\r][\n]"
<2017-09-26 13:02:53> DEBUG [org.apache.http.wire] http-outgoing-2 << "X-XSS-Protection: 2; mode=block[\r][\n]"
<2017-09-26 13:02:53> DEBUG [org.apache.http.wire] http-outgoing-2 << "Content-Encoding: gzip[\r][\n]"
<2017-09-26 13:02:53> DEBUG [org.apache.http.wire] http-outgoing-2 << "[\r][\n]"
<2017-09-26 13:02:53> DEBUG [org.apache.http.wire] http-outgoing-2 << "94[\r][\n]"
<2017-09-26 13:02:53> DEBUG [org.apache.http.wire] http-outgoing-2 << "[0x1f][0x8b][0x8][0x0][0x0][0x0][0x0][0x0][0x0][0x3]-[0xcc];[0xe][0xc2]0[0x10][0x4][0xd0][0xbb]l[0x1d][[0xfe][0x4]9[0xa4][0xa5][0xa2][0xe5][0x6][0x8b][0xb3][0x86]H[0x8e][0x9d]dc[0x1a][0xc4][0xdd]Y$[0xda][0x99]7[0xf3][0x6]&[0xe6][0xb9][0x96][0xeb][0x4]#[0x98][0xe4][0xd3])YR[0x18][0xd3]][0xf5]>x[0x85][0xc6]Z[0x95][0x10][0x93]s[0xae][0xa7][0x10][0xce][0xd0][0x1][0x1f]x[0x90]pn1[0xca]Z[0x92][0xe7][0xa5]N[0x92][0x4][0xdf][0x1b]?[0xc].t[0xf0][0xc2][0xdc]~F[0xca][0x98]Q[0xd0][0x8]u]]>&#x7f;<![CDATA[[0xe8][0xba]R[0xd9]P3e*s[[0xf4]NK=H[0xdf][0x88][0xd7]Z[0x98][0xfe][0xe7]M[0xb8][0xf9]|[0x1][0xe7].[0x0]j[0x9c][0x0][0x0][0x0][\r][\n]"
<2017-09-26 13:02:53> DEBUG [org.apache.http.wire] http-outgoing-2 << "0[\r][\n]"
<2017-09-26 13:02:53> DEBUG [org.apache.http.wire] http-outgoing-2 << "[\r][\n]"
<2017-09-26 13:02:53> DEBUG [org.apache.http.headers] http-outgoing-2 << HTTP/1.1 200 OK
<2017-09-26 13:02:53> DEBUG [org.apache.http.headers] http-outgoing-2 << Server: nginx
<2017-09-26 13:02:53> DEBUG [org.apache.http.headers] http-outgoing-2 << Date: Tue, 26 Sep 2017 10:02:49 GMT
<2017-09-26 13:02:53> DEBUG [org.apache.http.headers] http-outgoing-2 << Content-Type: application/json;charset=utf-8
<2017-09-26 13:02:53> DEBUG [org.apache.http.headers] http-outgoing-2 << Transfer-Encoding: chunked
<2017-09-26 13:02:53> DEBUG [org.apache.http.headers] http-outgoing-2 << Connection: keep-alive
<2017-09-26 13:02:53> DEBUG [org.apache.http.headers] http-outgoing-2 << Set-Cookie: JSESSIONID=F6E28E4994D1584E597DBDFCCCB1737E; Path=/nexperience/; HttpOnly
<2017-09-26 13:02:53> DEBUG [org.apache.http.headers] http-outgoing-2 << Expires: Thu, 01 Jan 1970 00:00:00 GMT
<2017-09-26 13:02:53> DEBUG [org.apache.http.headers] http-outgoing-2 << Cache-Control: no-cache
<2017-09-26 13:02:53> DEBUG [org.apache.http.headers] http-outgoing-2 << Cache-Control: no-cache
<2017-09-26 13:02:53> DEBUG [org.apache.http.headers] http-outgoing-2 << Expires: Thu, 01 Jan 1970 00:00:00 GMT
<2017-09-26 13:02:53> DEBUG [org.apache.http.headers] http-outgoing-2 << Set-Cookie: fast_failed=true
<2017-09-26 13:02:53> DEBUG [org.apache.http.headers] http-outgoing-2 << X-XSS-Protection: 2; mode=block
<2017-09-26 13:02:53> DEBUG [org.apache.http.headers] http-outgoing-2 << Content-Encoding: gzip
<2017-09-26 13:02:53> DEBUG [o.a.h.i.execchain.MainClientExec] Connection can be kept alive indefinitely
<2017-09-26 13:02:53> DEBUG [o.a.h.c.p.ResponseProcessCookies] Cookie accepted [JSESSIONID="F6E28E4994D1584E597DBDFCCCB1737E", version:0, domain:branchtest.perfectomobile.com, path:/nexperience/, expiry:null]
<2017-09-26 13:02:53> DEBUG [o.a.h.c.p.ResponseProcessCookies] Cookie accepted [fast_failed="true", version:0, domain:branchtest.perfectomobile.com, path:/nexperience/perfectomobile/wd/hub/session/0f3f5f1e-acfb-4373-a011-faaf2224e779, expiry:null]
<2017-09-26 13:02:53> DEBUG [o.a.h.i.c.PoolingHttpClientConnectionManager] Connection [id: 2][route: {s}->https://branchtest.perfectomobile.com:443] can be kept alive indefinitely
<2017-09-26 13:02:53> DEBUG [o.a.h.i.c.PoolingHttpClientConnectionManager] Connection released: [id: 2][route: {s}->https://branchtest.perfectomobile.com:443][total kept alive: 1; route allocated: 5 of 2000; total allocated: 5 of 2000]
<2017-09-26 13:02:53> DEBUG [o.a.h.c.p.RequestAddCookies] CookieSpec selected: default
<2017-09-26 13:02:53> DEBUG [o.a.h.c.p.RequestAddCookies] Cookie [version: 0][name: JSESSIONID][value: F6E28E4994D1584E597DBDFCCCB1737E][domain: branchtest.perfectomobile.com][path: /nexperience/][expiry: null] match [(secure)branchtest.perfectomobile.com:443/nexperience/perfectomobile/wd/hub/session/0f3f5f1e-acfb-4373-a011-faaf2224e779/execute]
<2017-09-26 13:02:53> DEBUG [o.a.h.c.p.RequestAddCookies] Cookie [version: 0][name: fast_failed][value: true][domain: branchtest.perfectomobile.com][path: /nexperience/perfectomobile/wd/hub][expiry: null] match [(secure)branchtest.perfectomobile.com:443/nexperience/perfectomobile/wd/hub/session/0f3f5f1e-acfb-4373-a011-faaf2224e779/execute]
<2017-09-26 13:02:53> DEBUG [o.a.h.c.p.RequestAddCookies] Cookie [version: 0][name: fast_failed][value: true][domain: branchtest.perfectomobile.com][path: /nexperience/perfectomobile/wd/hub/session/0f3f5f1e-acfb-4373-a011-faaf2224e779][expiry: null] match [(secure)branchtest.perfectomobile.com:443/nexperience/perfectomobile/wd/hub/session/0f3f5f1e-acfb-4373-a011-faaf2224e779/execute]
<2017-09-26 13:02:53> DEBUG [o.a.h.c.p.RequestAuthCache] Auth cache not set in the context
<2017-09-26 13:02:53> DEBUG [o.a.h.i.c.PoolingHttpClientConnectionManager] Connection request: [route: {s}->https://branchtest.perfectomobile.com:443][total kept alive: 1; route allocated: 5 of 2000; total allocated: 5 of 2000]
<2017-09-26 13:02:53> DEBUG [o.a.h.i.c.PoolingHttpClientConnectionManager] Connection leased: [id: 2][route: {s}->https://branchtest.perfectomobile.com:443][total kept alive: 0; route allocated: 5 of 2000; total allocated: 5 of 2000]
<2017-09-26 13:02:53> DEBUG [o.a.h.i.execchain.MainClientExec] Stale connection check
<2017-09-26 13:02:53> DEBUG [org.apache.http.wire] http-outgoing-2 << "[read] I/O error: Read timed out"
<2017-09-26 13:02:53> DEBUG [o.a.h.i.c.DefaultManagedHttpClientConnection] http-outgoing-2: set socket timeout to 10800000
<2017-09-26 13:02:53> DEBUG [o.a.h.i.execchain.MainClientExec] Executing request POST /nexperience/perfectomobile/wd/hub/session/0f3f5f1e-acfb-4373-a011-faaf2224e779/execute HTTP/1.1
<2017-09-26 13:02:53> DEBUG [o.a.h.i.execchain.MainClientExec] Target auth state: UNCHALLENGED
<2017-09-26 13:02:53> DEBUG [o.a.h.i.execchain.MainClientExec] Proxy auth state: UNCHALLENGED
<2017-09-26 13:02:53> DEBUG [org.apache.http.headers] http-outgoing-2 >> POST /nexperience/perfectomobile/wd/hub/session/0f3f5f1e-acfb-4373-a011-faaf2224e779/execute HTTP/1.1
<2017-09-26 13:02:53> DEBUG [org.apache.http.headers] http-outgoing-2 >> Content-Type: application/json; charset=utf-8
<2017-09-26 13:02:53> DEBUG [org.apache.http.headers] http-outgoing-2 >> Content-Length: 97
<2017-09-26 13:02:53> DEBUG [org.apache.http.headers] http-outgoing-2 >> Host: branchtest.perfectomobile.com
<2017-09-26 13:02:53> DEBUG [org.apache.http.headers] http-outgoing-2 >> Connection: Keep-Alive
<2017-09-26 13:02:53> DEBUG [org.apache.http.headers] http-outgoing-2 >> User-Agent: Apache-HttpClient/4.5.2 (Java/1.8.0_121)
<2017-09-26 13:02:53> DEBUG [org.apache.http.headers] http-outgoing-2 >> Cookie: JSESSIONID=F6E28E4994D1584E597DBDFCCCB1737E; fast_failed=true; fast_failed=true
<2017-09-26 13:02:53> DEBUG [org.apache.http.headers] http-outgoing-2 >> Accept-Encoding: gzip,deflate
<2017-09-26 13:02:53> DEBUG [org.apache.http.wire] http-outgoing-2 >> "POST /nexperience/perfectomobile/wd/hub/session/0f3f5f1e-acfb-4373-a011-faaf2224e779/execute HTTP/1.1[\r][\n]"
<2017-09-26 13:02:53> DEBUG [org.apache.http.wire] http-outgoing-2 >> "Content-Type: application/json; charset=utf-8[\r][\n]"
<2017-09-26 13:02:53> DEBUG [org.apache.http.wire] http-outgoing-2 >> "Content-Length: 97[\r][\n]"
<2017-09-26 13:02:53> DEBUG [org.apache.http.wire] http-outgoing-2 >> "Host: branchtest.perfectomobile.com[\r][\n]"
<2017-09-26 13:02:53> DEBUG [org.apache.http.wire] http-outgoing-2 >> "Connection: Keep-Alive[\r][\n]"
<2017-09-26 13:02:53> DEBUG [org.apache.http.wire] http-outgoing-2 >> "User-Agent: Apache-HttpClient/4.5.2 (Java/1.8.0_121)[\r][\n]"
<2017-09-26 13:02:53> DEBUG [org.apache.http.wire] http-outgoing-2 >> "Cookie: JSESSIONID=F6E28E4994D1584E597DBDFCCCB1737E; fast_failed=true; fast_failed=true[\r][\n]"
<2017-09-26 13:02:53> DEBUG [org.apache.http.wire] http-outgoing-2 >> "Accept-Encoding: gzip,deflate[\r][\n]"
<2017-09-26 13:02:53> DEBUG [org.apache.http.wire] http-outgoing-2 >> "[\r][\n]"
<2017-09-26 13:02:53> DEBUG [org.apache.http.wire] http-outgoing-2 >> "{"script":"mobile:text:select","args":[{"scrolling":"scroll","threshold":60,"content":"Signin"}]}"
<2017-09-26 13:02:53> DEBUG [org.apache.http.wire] http-outgoing-1 << "HTTP/1.1 200 OK[\r][\n]"
<2017-09-26 13:02:53> DEBUG [org.apache.http.wire] http-outgoing-1 << "Server: nginx[\r][\n]"
<2017-09-26 13:02:53> DEBUG [org.apache.http.wire] http-outgoing-1 << "Date: Tue, 26 Sep 2017 10:02:49 GMT[\r][\n]"
<2017-09-26 13:02:53> DEBUG [org.apache.http.wire] http-outgoing-1 << "Content-Type: application/json;charset=utf-8[\r][\n]"
<2017-09-26 13:02:53> DEBUG [org.apache.http.wire] http-outgoing-1 << "Transfer-Encoding: chunked[\r][\n]"
<2017-09-26 13:02:53> DEBUG [org.apache.http.wire] http-outgoing-1 << "Connection: keep-alive[\r][\n]"
<2017-09-26 13:02:53> DEBUG [org.apache.http.wire] http-outgoing-1 << "Set-Cookie: JSESSIONID=F6E28E4994D1584E597DBDFCCCB1737E; Path=/nexperience/; HttpOnly[\r][\n]"
<2017-09-26 13:02:53> DEBUG [org.apache.http.wire] http-outgoing-1 << "Expires: Thu, 01 Jan 1970 00:00:00 GMT[\r][\n]"
<2017-09-26 13:02:53> DEBUG [org.apache.http.wire] http-outgoing-1 << "Cache-Control: no-cache[\r][\n]"
<2017-09-26 13:02:53> DEBUG [org.apache.http.wire] http-outgoing-1 << "Cache-Control: no-cache[\r][\n]"
<2017-09-26 13:02:53> DEBUG [org.apache.http.wire] http-outgoing-1 << "Expires: Thu, 01 Jan 1970 00:00:00 GMT[\r][\n]"
<2017-09-26 13:02:53> DEBUG [org.apache.http.wire] http-outgoing-1 << "Set-Cookie: fast_failed=true[\r][\n]"
<2017-09-26 13:02:53> DEBUG [org.apache.http.wire] http-outgoing-1 << "X-XSS-Protection: 2; mode=block[\r][\n]"
<2017-09-26 13:02:53> DEBUG [org.apache.http.wire] http-outgoing-1 << "Content-Encoding: gzip[\r][\n]"
<2017-09-26 13:02:53> DEBUG [org.apache.http.wire] http-outgoing-1 << "[\r][\n]"
<2017-09-26 13:02:53> DEBUG [org.apache.http.wire] http-outgoing-1 << "96[\r][\n]"
<2017-09-26 13:02:53> DEBUG [org.apache.http.wire] http-outgoing-1 << "[0x1f][0x8b][0x8][0x0][0x0][0x0][0x0][0x0][0x0][0x3]-[0xcc]1[0x12][0xc2] [0x10][0x85][0xe1][0xbb]l[0x1d][0x18][0x12][0x8][0x9]i[0xad]l[0xbd][0x1][0xc2][0xaa][0x99]![0x90]d[0xc1][0xc6][0xf1][0xee]na[0xfb][0xcf][0xf7][0xde][0x7][0x8][0x89][0xd6][0x92][0xaf][0x11][0x16][0x18]gt[0xd3][0xa8][0x82][0xb8][0x9b]h[0x85][0xc1][0xe8][0x84][0xef][0x95][0x16][0xaa]]]>&#x7f;<![CDATA[8[0xa7]q[0xb2][0xb3][0x1e][0xa0][0x3][0xaa][0xbe]"sj![0xf0][0x9a][0xcb][0xeb]R"[0x97][0xde][0x18][0xeb][0xac][0xb5][0x83][0xee][0xe0][0xed]S[0xe3][0x94][J[0x1d][0x84][0xe4][0xd9]-P[0xce][0xa7],;[0xe6][0xc3]K[0xc2][0x84]ym[0x9b]<q+[0x15][0xe5][\r]i/[0x99][0xf0][0xff][0xdf][0x98][0xab][0xef][0xf][0xd4]*e6[0x9f][0x0][0x0][0x0][\r][\n]"
<2017-09-26 13:02:53> DEBUG [org.apache.http.wire] http-outgoing-1 << "0[\r][\n]"
<2017-09-26 13:02:53> DEBUG [org.apache.http.wire] http-outgoing-1 << "[\r][\n]"
<2017-09-26 13:02:53> DEBUG [org.apache.http.headers] http-outgoing-1 << HTTP/1.1 200 OK
<2017-09-26 13:02:53> DEBUG [org.apache.http.headers] http-outgoing-1 << Server: nginx
<2017-09-26 13:02:53> DEBUG [org.apache.http.headers] http-outgoing-1 << Date: Tue, 26 Sep 2017 10:02:49 GMT
<2017-09-26 13:02:53> DEBUG [org.apache.http.headers] http-outgoing-1 << Content-Type: application/json;charset=utf-8
<2017-09-26 13:02:53> DEBUG [org.apache.http.headers] http-outgoing-1 << Transfer-Encoding: chunked
<2017-09-26 13:02:53> DEBUG [org.apache.http.headers] http-outgoing-1 << Connection: keep-alive
<2017-09-26 13:02:53> DEBUG [org.apache.http.headers] http-outgoing-1 << Set-Cookie: JSESSIONID=F6E28E4994D1584E597DBDFCCCB1737E; Path=/nexperience/; HttpOnly
<2017-09-26 13:02:53> DEBUG [org.apache.http.headers] http-outgoing-1 << Expires: Thu, 01 Jan 1970 00:00:00 GMT
<2017-09-26 13:02:53> DEBUG [org.apache.http.headers] http-outgoing-1 << Cache-Control: no-cache
<2017-09-26 13:02:53> DEBUG [org.apache.http.headers] http-outgoing-1 << Cache-Control: no-cache
<2017-09-26 13:02:53> DEBUG [org.apache.http.headers] http-outgoing-1 << Expires: Thu, 01 Jan 1970 00:00:00 GMT
<2017-09-26 13:02:53> DEBUG [org.apache.http.headers] http-outgoing-1 << Set-Cookie: fast_failed=true
<2017-09-26 13:02:53> DEBUG [org.apache.http.headers] http-outgoing-1 << X-XSS-Protection: 2; mode=block
<2017-09-26 13:02:53> DEBUG [org.apache.http.headers] http-outgoing-1 << Content-Encoding: gzip
<2017-09-26 13:02:53> DEBUG [o.a.h.i.execchain.MainClientExec] Connection can be kept alive indefinitely
<2017-09-26 13:02:53> DEBUG [o.a.h.c.p.ResponseProcessCookies] Cookie accepted [JSESSIONID="F6E28E4994D1584E597DBDFCCCB1737E", version:0, domain:branchtest.perfectomobile.com, path:/nexperience/, expiry:null]
<2017-09-26 13:02:53> DEBUG [o.a.h.c.p.ResponseProcessCookies] Cookie accepted [fast_failed="true", version:0, domain:branchtest.perfectomobile.com, path:/nexperience/perfectomobile/wd/hub/session/58e9750c-b4d6-4ed9-a103-01f993e76832, expiry:null]
<2017-09-26 13:02:53> DEBUG [o.a.h.i.c.PoolingHttpClientConnectionManager] Connection [id: 1][route: {s}->https://branchtest.perfectomobile.com:443] can be kept alive indefinitely
<2017-09-26 13:02:53> DEBUG [o.a.h.i.c.PoolingHttpClientConnectionManager] Connection released: [id: 1][route: {s}->https://branchtest.perfectomobile.com:443][total kept alive: 1; route allocated: 5 of 2000; total allocated: 5 of 2000]
<2017-09-26 13:02:53> DEBUG [o.a.h.c.p.RequestAddCookies] CookieSpec selected: default
<2017-09-26 13:02:53> DEBUG [o.a.h.c.p.RequestAddCookies] Cookie [version: 0][name: JSESSIONID][value: F6E28E4994D1584E597DBDFCCCB1737E][domain: branchtest.perfectomobile.com][path: /nexperience/][expiry: null] match [(secure)branchtest.perfectomobile.com:443/nexperience/perfectomobile/wd/hub/session/58e9750c-b4d6-4ed9-a103-01f993e76832/timeouts]
<2017-09-26 13:02:53> DEBUG [o.a.h.c.p.RequestAddCookies] Cookie [version: 0][name: fast_failed][value: true][domain: branchtest.perfectomobile.com][path: /nexperience/perfectomobile/wd/hub][expiry: null] match [(secure)branchtest.perfectomobile.com:443/nexperience/perfectomobile/wd/hub/session/58e9750c-b4d6-4ed9-a103-01f993e76832/timeouts]
<2017-09-26 13:02:53> DEBUG [o.a.h.c.p.RequestAddCookies] Cookie [version: 0][name: fast_failed][value: true][domain: branchtest.perfectomobile.com][path: /nexperience/perfectomobile/wd/hub/session/58e9750c-b4d6-4ed9-a103-01f993e76832][expiry: null] match [(secure)branchtest.perfectomobile.com:443/nexperience/perfectomobile/wd/hub/session/58e9750c-b4d6-4ed9-a103-01f993e76832/timeouts]
<2017-09-26 13:02:53> DEBUG [o.a.h.c.p.RequestAuthCache] Auth cache not set in the context
<2017-09-26 13:02:53> DEBUG [o.a.h.i.c.PoolingHttpClientConnectionManager] Connection request: [route: {s}->https://branchtest.perfectomobile.com:443][total kept alive: 1; route allocated: 5 of 2000; total allocated: 5 of 2000]
<2017-09-26 13:02:53> DEBUG [o.a.h.i.c.PoolingHttpClientConnectionManager] Connection leased: [id: 1][route: {s}->https://branchtest.perfectomobile.com:443][total kept alive: 0; route allocated: 5 of 2000; total allocated: 5 of 2000]
<2017-09-26 13:02:53> DEBUG [o.a.h.i.execchain.MainClientExec] Stale connection check
<2017-09-26 13:02:53> DEBUG [org.apache.http.wire] http-outgoing-1 << "[read] I/O error: Read timed out"
<2017-09-26 13:02:53> DEBUG [o.a.h.i.c.DefaultManagedHttpClientConnection] http-outgoing-1: set socket timeout to 10800000
<2017-09-26 13:02:53> DEBUG [o.a.h.i.execchain.MainClientExec] Executing request POST /nexperience/perfectomobile/wd/hub/session/58e9750c-b4d6-4ed9-a103-01f993e76832/timeouts HTTP/1.1
<2017-09-26 13:02:53> DEBUG [o.a.h.i.execchain.MainClientExec] Target auth state: UNCHALLENGED
<2017-09-26 13:02:53> DEBUG [o.a.h.i.execchain.MainClientExec] Proxy auth state: UNCHALLENGED
<2017-09-26 13:02:53> DEBUG [org.apache.http.headers] http-outgoing-1 >> POST /nexperience/perfectomobile/wd/hub/session/58e9750c-b4d6-4ed9-a103-01f993e76832/timeouts HTTP/1.1
<2017-09-26 13:02:53> DEBUG [org.apache.http.headers] http-outgoing-1 >> Content-Type: application/json; charset=utf-8
<2017-09-26 13:02:53> DEBUG [org.apache.http.headers] http-outgoing-1 >> Content-Length: 31
<2017-09-26 13:02:53> DEBUG [org.apache.http.headers] http-outgoing-1 >> Host: branchtest.perfectomobile.com
<2017-09-26 13:02:53> DEBUG [org.apache.http.headers] http-outgoing-1 >> Connection: Keep-Alive
<2017-09-26 13:02:53> DEBUG [org.apache.http.headers] http-outgoing-1 >> User-Agent: Apache-HttpClient/4.5.2 (Java/1.8.0_121)
<2017-09-26 13:02:53> DEBUG [org.apache.http.headers] http-outgoing-1 >> Cookie: JSESSIONID=F6E28E4994D1584E597DBDFCCCB1737E; fast_failed=true; fast_failed=true
<2017-09-26 13:02:53> DEBUG [org.apache.http.headers] http-outgoing-1 >> Accept-Encoding: gzip,deflate
<2017-09-26 13:02:53> DEBUG [org.apache.http.wire] http-outgoing-1 >> "POST /nexperience/perfectomobile/wd/hub/session/58e9750c-b4d6-4ed9-a103-01f993e76832/timeouts HTTP/1.1[\r][\n]"
<2017-09-26 13:02:53> DEBUG [org.apache.http.wire] http-outgoing-1 >> "Content-Type: application/json; charset=utf-8[\r][\n]"
<2017-09-26 13:02:53> DEBUG [org.apache.http.wire] http-outgoing-1 >> "Content-Length: 31[\r][\n]"
<2017-09-26 13:02:53> DEBUG [org.apache.http.wire] http-outgoing-1 >> "Host: branchtest.perfectomobile.com[\r][\n]"
<2017-09-26 13:02:53> DEBUG [org.apache.http.wire] http-outgoing-1 >> "Connection: Keep-Alive[\r][\n]"
<2017-09-26 13:02:53> DEBUG [org.apache.http.wire] http-outgoing-1 >> "User-Agent: Apache-HttpClient/4.5.2 (Java/1.8.0_121)[\r][\n]"
<2017-09-26 13:02:53> DEBUG [org.apache.http.wire] http-outgoing-1 >> "Cookie: JSESSIONID=F6E28E4994D1584E597DBDFCCCB1737E; fast_failed=true; fast_failed=true[\r][\n]"
<2017-09-26 13:02:53> DEBUG [org.apache.http.wire] http-outgoing-1 >> "Accept-Encoding: gzip,deflate[\r][\n]"
<2017-09-26 13:02:53> DEBUG [org.apache.http.wire] http-outgoing-1 >> "[\r][\n]"
<2017-09-26 13:02:53> DEBUG [org.apache.http.wire] http-outgoing-1 >> "{"type":"page load","ms":30000}"
<2017-09-26 13:02:53> DEBUG [org.apache.http.wire] http-outgoing-4 << "HTTP/1.1 200 OK[\r][\n]"
<2017-09-26 13:02:53> DEBUG [org.apache.http.wire] http-outgoing-4 << "Server: nginx[\r][\n]"
<2017-09-26 13:02:53> DEBUG [org.apache.http.wire] http-outgoing-4 << "Date: Tue, 26 Sep 2017 10:02:49 GMT[\r][\n]"
<2017-09-26 13:02:53> DEBUG [org.apache.http.wire] http-outgoing-4 << "Content-Type: application/json;charset=utf-8[\r][\n]"
<2017-09-26 13:02:53> DEBUG [org.apache.http.wire] http-outgoing-4 << "Transfer-Encoding: chunked[\r][\n]"
<2017-09-26 13:02:53> DEBUG [org.apache.http.wire] http-outgoing-4 << "Connection: keep-alive[\r][\n]"
<2017-09-26 13:02:53> DEBUG [org.apache.http.wire] http-outgoing-4 << "Set-Cookie: JSESSIONID=F6E28E4994D1584E597DBDFCCCB1737E; Path=/nexperience/; HttpOnly[\r][\n]"
<2017-09-26 13:02:53> DEBUG [org.apache.http.wire] http-outgoing-4 << "Expires: Thu, 01 Jan 1970 00:00:00 GMT[\r][\n]"
<2017-09-26 13:02:53> DEBUG [org.apache.http.wire] http-outgoing-4 << "Cache-Control: no-cache[\r][\n]"
<2017-09-26 13:02:53> DEBUG [org.apache.http.wire] http-outgoing-4 << "Cache-Control: no-cache[\r][\n]"
<2017-09-26 13:02:53> DEBUG [org.apache.http.wire] http-outgoing-4 << "Expires: Thu, 01 Jan 1970 00:00:00 GMT[\r][\n]"
<2017-09-26 13:02:53> DEBUG [org.apache.http.wire] http-outgoing-4 << "Set-Cookie: fast_failed=true[\r][\n]"
<2017-09-26 13:02:53> DEBUG [org.apache.http.wire] http-outgoing-4 << "X-XSS-Protection: 2; mode=block[\r][\n]"
<2017-09-26 13:02:53> DEBUG [org.apache.http.wire] http-outgoing-4 << "Content-Encoding: gzip[\r][\n]"
<2017-09-26 13:02:53> DEBUG [org.apache.http.wire] http-outgoing-4 << "[\r][\n]"
<2017-09-26 13:02:53> DEBUG [org.apache.http.wire] http-outgoing-4 << "96[\r][\n]"
<2017-09-26 13:02:53> DEBUG [org.apache.http.wire] http-outgoing-4 << "[0x1f][0x8b][0x8][0x0][0x0][0x0][0x0][0x0][0x0][0x3]-[0xcc]1[0x12][0x82]0[0x10][0x85][0xe1][0xbb]l[0x9d]d[0x80][0x84][0xb8][0xd0]Z[0xd9]z[0x83][0x10]Ve&$[0xc0][0x12][0x1b][0xc7][0xbb][0xbb][0x85][0xed]?[0xdf]{[0x1f]`b^J[0xbe][0xcd]0B$[0x8f]S[0xdb]5[0xda][0xfb][0xc1]k[0x17][0xfa]Y[0xe3]`Q_[0xe2][0xc3]M[0x13]![0xda]v[0x0][0x5]|[0x86][0x93][0x84]s[0x8d]Q[0xd6]R^[0xd7]2Ki;t[0xbd]E[0xeb]P[0xc1];[0xa4]*)[0xd7][0x94][0x14][0xc4][0x14][0xc4][0x8d]P[0x8e][0xa7])[0x1b][0xe5]=[0x18][0xa6]Dy[0xa9][0xab]9h-'[0x99];[0xf1]V2[0xd3][0xff][0xbf][\n]"
<2017-09-26 13:02:53> DEBUG [org.apache.http.wire] http-outgoing-4 << "o[0xbe]?[0x81]Ic[0xf0][0x9f][0x0][0x0][0x0][\r][\n]"
<2017-09-26 13:02:53> DEBUG [org.apache.http.wire] http-outgoing-4 << "0[\r][\n]"
<2017-09-26 13:02:53> DEBUG [org.apache.http.wire] http-outgoing-4 << "[\r][\n]"
<2017-09-26 13:02:53> DEBUG [org.apache.http.headers] http-outgoing-4 << HTTP/1.1 200 OK
<2017-09-26 13:02:53> DEBUG [org.apache.http.headers] http-outgoing-4 << Server: nginx
<2017-09-26 13:02:53> DEBUG [org.apache.http.headers] http-outgoing-4 << Date: Tue, 26 Sep 2017 10:02:49 GMT
<2017-09-26 13:02:53> DEBUG [org.apache.http.headers] http-outgoing-4 << Content-Type: application/json;charset=utf-8
<2017-09-26 13:02:53> DEBUG [org.apache.http.headers] http-outgoing-4 << Transfer-Encoding: chunked
<2017-09-26 13:02:53> DEBUG [org.apache.http.headers] http-outgoing-4 << Connection: keep-alive
<2017-09-26 13:02:53> DEBUG [org.apache.http.headers] http-outgoing-4 << Set-Cookie: JSESSIONID=F6E28E4994D1584E597DBDFCCCB1737E; Path=/nexperience/; HttpOnly
<2017-09-26 13:02:53> DEBUG [org.apache.http.headers] http-outgoing-4 << Expires: Thu, 01 Jan 1970 00:00:00 GMT
<2017-09-26 13:02:53> DEBUG [org.apache.http.headers] http-outgoing-4 << Cache-Control: no-cache
<2017-09-26 13:02:53> DEBUG [org.apache.http.headers] http-outgoing-4 << Cache-Control: no-cache
<2017-09-26 13:02:53> DEBUG [org.apache.http.headers] http-outgoing-4 << Expires: Thu, 01 Jan 1970 00:00:00 GMT
<2017-09-26 13:02:53> DEBUG [org.apache.http.headers] http-outgoing-4 << Set-Cookie: fast_failed=true
<2017-09-26 13:02:53> DEBUG [org.apache.http.headers] http-outgoing-4 << X-XSS-Protection: 2; mode=block
<2017-09-26 13:02:53> DEBUG [org.apache.http.headers] http-outgoing-4 << Content-Encoding: gzip
<2017-09-26 13:02:53> DEBUG [o.a.h.i.execchain.MainClientExec] Connection can be kept alive indefinitely
<2017-09-26 13:02:53> DEBUG [o.a.h.c.p.ResponseProcessCookies] Cookie accepted [JSESSIONID="F6E28E4994D1584E597DBDFCCCB1737E", version:0, domain:branchtest.perfectomobile.com, path:/nexperience/, expiry:null]
<2017-09-26 13:02:53> DEBUG [o.a.h.c.p.ResponseProcessCookies] Cookie accepted [fast_failed="true", version:0, domain:branchtest.perfectomobile.com, path:/nexperience/perfectomobile/wd/hub/session/ce68b120-6696-4a5d-8938-7cf4bbe88319, expiry:null]
<2017-09-26 13:02:53> DEBUG [o.a.h.i.c.PoolingHttpClientConnectionManager] Connection [id: 4][route: {s}->https://branchtest.perfectomobile.com:443] can be kept alive indefinitely
<2017-09-26 13:02:53> DEBUG [o.a.h.i.c.PoolingHttpClientConnectionManager] Connection released: [id: 4][route: {s}->https://branchtest.perfectomobile.com:443][total kept alive: 1; route allocated: 5 of 2000; total allocated: 5 of 2000]
<2017-09-26 13:02:53> DEBUG [o.a.h.c.p.RequestAddCookies] CookieSpec selected: default
<2017-09-26 13:02:53> DEBUG [o.a.h.c.p.RequestAddCookies] Cookie [version: 0][name: JSESSIONID][value: F6E28E4994D1584E597DBDFCCCB1737E][domain: branchtest.perfectomobile.com][path: /nexperience/][expiry: null] match [(secure)branchtest.perfectomobile.com:443/nexperience/perfectomobile/wd/hub/session/ce68b120-6696-4a5d-8938-7cf4bbe88319/url]
<2017-09-26 13:02:53> DEBUG [o.a.h.c.p.RequestAddCookies] Cookie [version: 0][name: fast_failed][value: true][domain: branchtest.perfectomobile.com][path: /nexperience/perfectomobile/wd/hub][expiry: null] match [(secure)branchtest.perfectomobile.com:443/nexperience/perfectomobile/wd/hub/session/ce68b120-6696-4a5d-8938-7cf4bbe88319/url]
<2017-09-26 13:02:53> DEBUG [o.a.h.c.p.RequestAddCookies] Cookie [version: 0][name: fast_failed][value: true][domain: branchtest.perfectomobile.com][path: /nexperience/perfectomobile/wd/hub/session/ce68b120-6696-4a5d-8938-7cf4bbe88319][expiry: null] match [(secure)branchtest.perfectomobile.com:443/nexperience/perfectomobile/wd/hub/session/ce68b120-6696-4a5d-8938-7cf4bbe88319/url]
<2017-09-26 13:02:53> DEBUG [o.a.h.c.p.RequestAuthCache] Auth cache not set in the context
<2017-09-26 13:02:53> DEBUG [o.a.h.i.c.PoolingHttpClientConnectionManager] Connection request: [route: {s}->https://branchtest.perfectomobile.com:443][total kept alive: 1; route allocated: 5 of 2000; total allocated: 5 of 2000]
<2017-09-26 13:02:53> DEBUG [o.a.h.i.c.PoolingHttpClientConnectionManager] Connection leased: [id: 4][route: {s}->https://branchtest.perfectomobile.com:443][total kept alive: 0; route allocated: 5 of 2000; total allocated: 5 of 2000]
<2017-09-26 13:02:53> DEBUG [o.a.h.i.execchain.MainClientExec] Stale connection check
<2017-09-26 13:02:53> DEBUG [org.apache.http.wire] http-outgoing-4 << "[read] I/O error: Read timed out"
<2017-09-26 13:02:53> DEBUG [o.a.h.i.c.DefaultManagedHttpClientConnection] http-outgoing-4: set socket timeout to 10800000
<2017-09-26 13:02:53> DEBUG [o.a.h.i.execchain.MainClientExec] Executing request POST /nexperience/perfectomobile/wd/hub/session/ce68b120-6696-4a5d-8938-7cf4bbe88319/url HTTP/1.1
<2017-09-26 13:02:53> DEBUG [o.a.h.i.execchain.MainClientExec] Target auth state: UNCHALLENGED
<2017-09-26 13:02:53> DEBUG [o.a.h.i.execchain.MainClientExec] Proxy auth state: UNCHALLENGED
<2017-09-26 13:02:53> DEBUG [org.apache.http.headers] http-outgoing-4 >> POST /nexperience/perfectomobile/wd/hub/session/ce68b120-6696-4a5d-8938-7cf4bbe88319/url HTTP/1.1
<2017-09-26 13:02:53> DEBUG [org.apache.http.headers] http-outgoing-4 >> Content-Type: application/json; charset=utf-8
<2017-09-26 13:02:53> DEBUG [org.apache.http.headers] http-outgoing-4 >> Content-Length: 31
<2017-09-26 13:02:53> DEBUG [org.apache.http.headers] http-outgoing-4 >> Host: branchtest.perfectomobile.com
<2017-09-26 13:02:53> DEBUG [org.apache.http.headers] http-outgoing-4 >> Connection: Keep-Alive
<2017-09-26 13:02:53> DEBUG [org.apache.http.headers] http-outgoing-4 >> User-Agent: Apache-HttpClient/4.5.2 (Java/1.8.0_121)
<2017-09-26 13:02:53> DEBUG [org.apache.http.headers] http-outgoing-4 >> Cookie: JSESSIONID=F6E28E4994D1584E597DBDFCCCB1737E; fast_failed=true; fast_failed=true
<2017-09-26 13:02:53> DEBUG [org.apache.http.headers] http-outgoing-4 >> Accept-Encoding: gzip,deflate
<2017-09-26 13:02:53> DEBUG [org.apache.http.wire] http-outgoing-4 >> "POST /nexperience/perfectomobile/wd/hub/session/ce68b120-6696-4a5d-8938-7cf4bbe88319/url HTTP/1.1[\r][\n]"
<2017-09-26 13:02:53> DEBUG [org.apache.http.wire] http-outgoing-4 >> "Content-Type: application/json; charset=utf-8[\r][\n]"
<2017-09-26 13:02:53> DEBUG [org.apache.http.wire] http-outgoing-4 >> "Content-Length: 31[\r][\n]"
<2017-09-26 13:02:53> DEBUG [org.apache.http.wire] http-outgoing-4 >> "Host: branchtest.perfectomobile.com[\r][\n]"
<2017-09-26 13:02:53> DEBUG [org.apache.http.wire] http-outgoing-4 >> "Connection: Keep-Alive[\r][\n]"
<2017-09-26 13:02:53> DEBUG [org.apache.http.wire] http-outgoing-4 >> "User-Agent: Apache-HttpClient/4.5.2 (Java/1.8.0_121)[\r][\n]"
<2017-09-26 13:02:53> DEBUG [org.apache.http.wire] http-outgoing-4 >> "Cookie: JSESSIONID=F6E28E4994D1584E597DBDFCCCB1737E; fast_failed=true; fast_failed=true[\r][\n]"
<2017-09-26 13:02:53> DEBUG [org.apache.http.wire] http-outgoing-4 >> "Accept-Encoding: gzip,deflate[\r][\n]"
<2017-09-26 13:02:53> DEBUG [org.apache.http.wire] http-outgoing-4 >> "[\r][\n]"
<2017-09-26 13:02:53> DEBUG [org.apache.http.wire] http-outgoing-4 >> "{"url":"http://www.google.com"}"
<2017-09-26 13:02:53> DEBUG [org.apache.http.wire] http-outgoing-1 << "HTTP/1.1 200 OK[\r][\n]"
<2017-09-26 13:02:53> DEBUG [org.apache.http.wire] http-outgoing-1 << "Server: nginx[\r][\n]"
<2017-09-26 13:02:53> DEBUG [org.apache.http.wire] http-outgoing-1 << "Date: Tue, 26 Sep 2017 10:02:49 GMT[\r][\n]"
<2017-09-26 13:02:53> DEBUG [org.apache.http.wire] http-outgoing-1 << "Content-Type: application/json;charset=utf-8[\r][\n]"
<2017-09-26 13:02:53> DEBUG [org.apache.http.wire] http-outgoing-1 << "Transfer-Encoding: chunked[\r][\n]"
<2017-09-26 13:02:53> DEBUG [org.apache.http.wire] http-outgoing-1 << "Connection: keep-alive[\r][\n]"
<2017-09-26 13:02:53> DEBUG [org.apache.http.wire] http-outgoing-1 << "Set-Cookie: JSESSIONID=F6E28E4994D1584E597DBDFCCCB1737E; Path=/nexperience/; HttpOnly[\r][\n]"
<2017-09-26 13:02:53> DEBUG [org.apache.http.wire] http-outgoing-1 << "Expires: Thu, 01 Jan 1970 00:00:00 GMT[\r][\n]"
<2017-09-26 13:02:53> DEBUG [org.apache.http.wire] http-outgoing-1 << "Cache-Control: no-cache[\r][\n]"
<2017-09-26 13:02:53> DEBUG [org.apache.http.wire] http-outgoing-1 << "Cache-Control: no-cache[\r][\n]"
<2017-09-26 13:02:53> DEBUG [org.apache.http.wire] http-outgoing-1 << "Expires: Thu, 01 Jan 1970 00:00:00 GMT[\r][\n]"
<2017-09-26 13:02:53> DEBUG [org.apache.http.wire] http-outgoing-1 << "Set-Cookie: fast_failed=true[\r][\n]"
<2017-09-26 13:02:53> DEBUG [org.apache.http.wire] http-outgoing-1 << "X-XSS-Protection: 2; mode=block[\r][\n]"
<2017-09-26 13:02:53> DEBUG [org.apache.http.wire] http-outgoing-1 << "Content-Encoding: gzip[\r][\n]"
<2017-09-26 13:02:53> DEBUG [org.apache.http.wire] http-outgoing-1 << "[\r][\n]"
<2017-09-26 13:02:53> DEBUG [org.apache.http.wire] http-outgoing-1 << "96[\r][\n]"
<2017-09-26 13:02:53> DEBUG [org.apache.http.wire] http-outgoing-1 << "[0x1f][0x8b][0x8][0x0][0x0][0x0][0x0][0x0][0x0][0x3]-[0xcc][0xbb][0x12][0xc2] [0x10][0x85][0xe1]w[0xd9]:0l[0xc8][0x8d][0xb4]V[0xb6][0xbe][0x1][0xc2][0xaa][0x99]![0x90]d[0x83][0x8d][0xe3][0xbb][0xbb][0x85][0xed]?[0xdf]9[0x1f]`b^J[0xbe]F[0x98][0xa1][0x9f][0xc8][0x8d][0xbd][0x9][0xea][0xde][0xc5]Au[0x14][0x9d][0xf2]h[0xac]2[0xf8]p[0xce][0xd2]8L[0xb6][0x85][0x6][0xf8][0xf4]'[0x9][0xe7][0x1a][0x82][0xac][0xa5][0xbc].%JA[0xc4]v[0xc2][0x1e];[0xd7][0xc0][0xdb][0xa7]*)[0xd7][0x94][0x1a][0x8][0xc9][0x8b][0x9b][0xa1][0x1c]O]6[0xca][0xbb][0xd7]L[0x89][0xf2]RW}[0xd0]ZN[0xd2]7[0xe2][0xad]d[0xa6][0xff]]]>&#x7f;<![CDATA[[0x15]n[0xbe]?[0xb8]`[0xa1][0xd5][0x9f][0x0][0x0][0x0][\r][\n]"
<2017-09-26 13:02:53> DEBUG [org.apache.http.wire] http-outgoing-1 << "0[\r][\n]"
<2017-09-26 13:02:53> DEBUG [org.apache.http.wire] http-outgoing-1 << "[\r][\n]"
<2017-09-26 13:02:53> DEBUG [org.apache.http.headers] http-outgoing-1 << HTTP/1.1 200 OK
<2017-09-26 13:02:53> DEBUG [org.apache.http.headers] http-outgoing-1 << Server: nginx
<2017-09-26 13:02:53> DEBUG [org.apache.http.headers] http-outgoing-1 << Date: Tue, 26 Sep 2017 10:02:49 GMT
<2017-09-26 13:02:53> DEBUG [org.apache.http.headers] http-outgoing-1 << Content-Type: application/json;charset=utf-8
<2017-09-26 13:02:53> DEBUG [org.apache.http.headers] http-outgoing-1 << Transfer-Encoding: chunked
<2017-09-26 13:02:53> DEBUG [org.apache.http.headers] http-outgoing-1 << Connection: keep-alive
<2017-09-26 13:02:53> DEBUG [org.apache.http.headers] http-outgoing-1 << Set-Cookie: JSESSIONID=F6E28E4994D1584E597DBDFCCCB1737E; Path=/nexperience/; HttpOnly
<2017-09-26 13:02:53> DEBUG [org.apache.http.headers] http-outgoing-1 << Expires: Thu, 01 Jan 1970 00:00:00 GMT
<2017-09-26 13:02:53> DEBUG [org.apache.http.headers] http-outgoing-1 << Cache-Control: no-cache
<2017-09-26 13:02:53> DEBUG [org.apache.http.headers] http-outgoing-1 << Cache-Control: no-cache
<2017-09-26 13:02:53> DEBUG [org.apache.http.headers] http-outgoing-1 << Expires: Thu, 01 Jan 1970 00:00:00 GMT
<2017-09-26 13:02:53> DEBUG [org.apache.http.headers] http-outgoing-1 << Set-Cookie: fast_failed=true
<2017-09-26 13:02:53> DEBUG [org.apache.http.headers] http-outgoing-1 << X-XSS-Protection: 2; mode=block
<2017-09-26 13:02:53> DEBUG [org.apache.http.headers] http-outgoing-1 << Content-Encoding: gzip
<2017-09-26 13:02:53> DEBUG [o.a.h.i.execchain.MainClientExec] Connection can be kept alive indefinitely
<2017-09-26 13:02:53> DEBUG [o.a.h.c.p.ResponseProcessCookies] Cookie accepted [JSESSIONID="F6E28E4994D1584E597DBDFCCCB1737E", version:0, domain:branchtest.perfectomobile.com, path:/nexperience/, expiry:null]
<2017-09-26 13:02:53> DEBUG [o.a.h.c.p.ResponseProcessCookies] Cookie accepted [fast_failed="true", version:0, domain:branchtest.perfectomobile.com, path:/nexperience/perfectomobile/wd/hub/session/58e9750c-b4d6-4ed9-a103-01f993e76832, expiry:null]
<2017-09-26 13:02:53> DEBUG [o.a.h.i.c.PoolingHttpClientConnectionManager] Connection [id: 1][route: {s}->https://branchtest.perfectomobile.com:443] can be kept alive indefinitely
<2017-09-26 13:02:53> DEBUG [o.a.h.i.c.PoolingHttpClientConnectionManager] Connection released: [id: 1][route: {s}->https://branchtest.perfectomobile.com:443][total kept alive: 1; route allocated: 5 of 2000; total allocated: 5 of 2000]
<2017-09-26 13:02:53> DEBUG [o.a.h.c.p.RequestAddCookies] CookieSpec selected: default
<2017-09-26 13:02:53> DEBUG [o.a.h.c.p.RequestAddCookies] Cookie [version: 0][name: JSESSIONID][value: F6E28E4994D1584E597DBDFCCCB1737E][domain: branchtest.perfectomobile.com][path: /nexperience/][expiry: null] match [(secure)branchtest.perfectomobile.com:443/nexperience/perfectomobile/wd/hub/session/58e9750c-b4d6-4ed9-a103-01f993e76832/url]
<2017-09-26 13:02:53> DEBUG [o.a.h.c.p.RequestAddCookies] Cookie [version: 0][name: fast_failed][value: true][domain: branchtest.perfectomobile.com][path: /nexperience/perfectomobile/wd/hub][expiry: null] match [(secure)branchtest.perfectomobile.com:443/nexperience/perfectomobile/wd/hub/session/58e9750c-b4d6-4ed9-a103-01f993e76832/url]
<2017-09-26 13:02:53> DEBUG [o.a.h.c.p.RequestAddCookies] Cookie [version: 0][name: fast_failed][value: true][domain: branchtest.perfectomobile.com][path: /nexperience/perfectomobile/wd/hub/session/58e9750c-b4d6-4ed9-a103-01f993e76832][expiry: null] match [(secure)branchtest.perfectomobile.com:443/nexperience/perfectomobile/wd/hub/session/58e9750c-b4d6-4ed9-a103-01f993e76832/url]
<2017-09-26 13:02:53> DEBUG [o.a.h.c.p.RequestAuthCache] Auth cache not set in the context
<2017-09-26 13:02:53> DEBUG [o.a.h.i.c.PoolingHttpClientConnectionManager] Connection request: [route: {s}->https://branchtest.perfectomobile.com:443][total kept alive: 1; route allocated: 5 of 2000; total allocated: 5 of 2000]
<2017-09-26 13:02:53> DEBUG [o.a.h.i.c.PoolingHttpClientConnectionManager] Connection leased: [id: 1][route: {s}->https://branchtest.perfectomobile.com:443][total kept alive: 0; route allocated: 5 of 2000; total allocated: 5 of 2000]
<2017-09-26 13:02:53> DEBUG [o.a.h.i.execchain.MainClientExec] Stale connection check
<2017-09-26 13:02:53> DEBUG [org.apache.http.wire] http-outgoing-1 << "[read] I/O error: Read timed out"
<2017-09-26 13:02:53> DEBUG [o.a.h.i.c.DefaultManagedHttpClientConnection] http-outgoing-1: set socket timeout to 10800000
<2017-09-26 13:02:53> DEBUG [o.a.h.i.execchain.MainClientExec] Executing request POST /nexperience/perfectomobile/wd/hub/session/58e9750c-b4d6-4ed9-a103-01f993e76832/url HTTP/1.1
<2017-09-26 13:02:53> DEBUG [o.a.h.i.execchain.MainClientExec] Target auth state: UNCHALLENGED
<2017-09-26 13:02:53> DEBUG [o.a.h.i.execchain.MainClientExec] Proxy auth state: UNCHALLENGED
<2017-09-26 13:02:53> DEBUG [org.apache.http.headers] http-outgoing-1 >> POST /nexperience/perfectomobile/wd/hub/session/58e9750c-b4d6-4ed9-a103-01f993e76832/url HTTP/1.1
<2017-09-26 13:02:53> DEBUG [org.apache.http.headers] http-outgoing-1 >> Content-Type: application/json; charset=utf-8
<2017-09-26 13:02:53> DEBUG [org.apache.http.headers] http-outgoing-1 >> Content-Length: 31
<2017-09-26 13:02:53> DEBUG [org.apache.http.headers] http-outgoing-1 >> Host: branchtest.perfectomobile.com
<2017-09-26 13:02:53> DEBUG [org.apache.http.headers] http-outgoing-1 >> Connection: Keep-Alive
<2017-09-26 13:02:53> DEBUG [org.apache.http.headers] http-outgoing-1 >> User-Agent: Apache-HttpClient/4.5.2 (Java/1.8.0_121)
<2017-09-26 13:02:53> DEBUG [org.apache.http.headers] http-outgoing-1 >> Cookie: JSESSIONID=F6E28E4994D1584E597DBDFCCCB1737E; fast_failed=true; fast_failed=true
<2017-09-26 13:02:53> DEBUG [org.apache.http.headers] http-outgoing-1 >> Accept-Encoding: gzip,deflate
<2017-09-26 13:02:53> DEBUG [org.apache.http.wire] http-outgoing-1 >> "POST /nexperience/perfectomobile/wd/hub/session/58e9750c-b4d6-4ed9-a103-01f993e76832/url HTTP/1.1[\r][\n]"
<2017-09-26 13:02:53> DEBUG [org.apache.http.wire] http-outgoing-1 >> "Content-Type: application/json; charset=utf-8[\r][\n]"
<2017-09-26 13:02:53> DEBUG [org.apache.http.wire] http-outgoing-1 >> "Content-Length: 31[\r][\n]"
<2017-09-26 13:02:53> DEBUG [org.apache.http.wire] http-outgoing-1 >> "Host: branchtest.perfectomobile.com[\r][\n]"
<2017-09-26 13:02:53> DEBUG [org.apache.http.wire] http-outgoing-1 >> "Connection: Keep-Alive[\r][\n]"
<2017-09-26 13:02:53> DEBUG [org.apache.http.wire] http-outgoing-1 >> "User-Agent: Apache-HttpClient/4.5.2 (Java/1.8.0_121)[\r][\n]"
<2017-09-26 13:02:53> DEBUG [org.apache.http.wire] http-outgoing-1 >> "Cookie: JSESSIONID=F6E28E4994D1584E597DBDFCCCB1737E; fast_failed=true; fast_failed=true[\r][\n]"
<2017-09-26 13:02:53> DEBUG [org.apache.http.wire] http-outgoing-1 >> "Accept-Encoding: gzip,deflate[\r][\n]"
<2017-09-26 13:02:53> DEBUG [org.apache.http.wire] http-outgoing-1 >> "[\r][\n]"
<2017-09-26 13:02:53> DEBUG [org.apache.http.wire] http-outgoing-1 >> "{"url":"http://www.google.com"}"
<2017-09-26 13:02:55> DEBUG [org.apache.http.wire] http-outgoing-0 << "HTTP/1.1 200 OK[\r][\n]"
<2017-09-26 13:02:55> DEBUG [org.apache.http.wire] http-outgoing-0 << "Server: nginx[\r][\n]"
<2017-09-26 13:02:55> DEBUG [org.apache.http.wire] http-outgoing-0 << "Date: Tue, 26 Sep 2017 10:02:51 GMT[\r][\n]"
<2017-09-26 13:02:55> DEBUG [org.apache.http.wire] http-outgoing-0 << "Content-Type: application/json;charset=utf-8[\r][\n]"
<2017-09-26 13:02:55> DEBUG [org.apache.http.wire] http-outgoing-0 << "Transfer-Encoding: chunked[\r][\n]"
<2017-09-26 13:02:55> DEBUG [org.apache.http.wire] http-outgoing-0 << "Connection: keep-alive[\r][\n]"
<2017-09-26 13:02:55> DEBUG [org.apache.http.wire] http-outgoing-0 << "Set-Cookie: JSESSIONID=041E517C39C6121D9388CBD847465EA0; Path=/nexperience/; HttpOnly[\r][\n]"
<2017-09-26 13:02:55> DEBUG [org.apache.http.wire] http-outgoing-0 << "Expires: Thu, 01 Jan 1970 00:00:00 GMT[\r][\n]"
<2017-09-26 13:02:55> DEBUG [org.apache.http.wire] http-outgoing-0 << "Cache-Control: no-cache[\r][\n]"
<2017-09-26 13:02:55> DEBUG [org.apache.http.wire] http-outgoing-0 << "Cache-Control: no-cache[\r][\n]"
<2017-09-26 13:02:55> DEBUG [org.apache.http.wire] http-outgoing-0 << "Expires: Thu, 01 Jan 1970 00:00:00 GMT[\r][\n]"
<2017-09-26 13:02:55> DEBUG [org.apache.http.wire] http-outgoing-0 << "Set-Cookie: fast_failed=true[\r][\n]"
<2017-09-26 13:02:55> DEBUG [org.apache.http.wire] http-outgoing-0 << "X-XSS-Protection: 2; mode=block[\r][\n]"
<2017-09-26 13:02:55> DEBUG [org.apache.http.wire] http-outgoing-0 << "Content-Encoding: gzip[\r][\n]"
<2017-09-26 13:02:55> DEBUG [org.apache.http.wire] http-outgoing-0 << "[\r][\n]"
<2017-09-26 13:02:55> DEBUG [org.apache.http.wire] http-outgoing-0 << "94[\r][\n]"
<2017-09-26 13:02:55> DEBUG [org.apache.http.wire] http-outgoing-0 << "[0x1f][0x8b][0x8][0x0][0x0][0x0][0x0][0x0][0x0][0x3]-[0x8c]A[0xe][0xc2] [0x10]E[0xef]2k  [0x15]i[0xb7][0xae][0xdc]z[0x3][0x84]A[0x9b]P[0xa8][0x9d][0xe2][0xc6]xw[0xc7][0xc4][0xbf]|y[0xef][0xbf][0x81][0x90]hn[0xf5][0x92]`[0x82][0xd1][0x1d][0xad][0x19]\[0x94]c[0xf2]V[0xe][0xda][0x19][0xe9]u[0xce][0xf2][0xe4]n[0x1e][0xb3][0xc9][0xe9]0[0x8c] [0x80][0xf6][0xb0]#[0xeb][0xd4]c[0xe4][0x9a][0xc9][0xe3][0xdc][0x12][0x13][0xab][0xb5][0xf6][0xbf][0x9]x[0x85][0xd2][0x99][0xd4]^[0x8a][0x80]X[0x2]k[0x13][0xb4][0xed][0xae][0xda][0x8a][0xf5][0x19][0x14]a[0xc1]:[0xf7]Em[0xb8][0xb4][0x1d][0xd5][0x15]im[0x95][0xf0]]]>&#x7f;<![CDATA[[0xdf]Y[0xd7][0x9f]/[0xc0]F[0xbf]a[0x9e][0x0][0x0][0x0][\r][\n]"
<2017-09-26 13:02:55> DEBUG [org.apache.http.wire] http-outgoing-0 << "0[\r][\n]"
<2017-09-26 13:02:55> DEBUG [org.apache.http.wire] http-outgoing-0 << "[\r][\n]"
<2017-09-26 13:02:55> DEBUG [org.apache.http.headers] http-outgoing-0 << HTTP/1.1 200 OK
<2017-09-26 13:02:55> DEBUG [org.apache.http.headers] http-outgoing-0 << Server: nginx
<2017-09-26 13:02:55> DEBUG [org.apache.http.headers] http-outgoing-0 << Date: Tue, 26 Sep 2017 10:02:51 GMT
<2017-09-26 13:02:55> DEBUG [org.apache.http.headers] http-outgoing-0 << Content-Type: application/json;charset=utf-8
<2017-09-26 13:02:55> DEBUG [org.apache.http.headers] http-outgoing-0 << Transfer-Encoding: chunked
<2017-09-26 13:02:55> DEBUG [org.apache.http.headers] http-outgoing-0 << Connection: keep-alive
<2017-09-26 13:02:55> DEBUG [org.apache.http.headers] http-outgoing-0 << Set-Cookie: JSESSIONID=041E517C39C6121D9388CBD847465EA0; Path=/nexperience/; HttpOnly
<2017-09-26 13:02:55> DEBUG [org.apache.http.headers] http-outgoing-0 << Expires: Thu, 01 Jan 1970 00:00:00 GMT
<2017-09-26 13:02:55> DEBUG [org.apache.http.headers] http-outgoing-0 << Cache-Control: no-cache
<2017-09-26 13:02:55> DEBUG [org.apache.http.headers] http-outgoing-0 << Cache-Control: no-cache
<2017-09-26 13:02:55> DEBUG [org.apache.http.headers] http-outgoing-0 << Expires: Thu, 01 Jan 1970 00:00:00 GMT
<2017-09-26 13:02:55> DEBUG [org.apache.http.headers] http-outgoing-0 << Set-Cookie: fast_failed=true
<2017-09-26 13:02:55> DEBUG [org.apache.http.headers] http-outgoing-0 << X-XSS-Protection: 2; mode=block
<2017-09-26 13:02:55> DEBUG [org.apache.http.headers] http-outgoing-0 << Content-Encoding: gzip
<2017-09-26 13:02:55> DEBUG [o.a.h.i.execchain.MainClientExec] Connection can be kept alive indefinitely
<2017-09-26 13:02:55> DEBUG [o.a.h.c.p.ResponseProcessCookies] Cookie accepted [JSESSIONID="041E517C39C6121D9388CBD847465EA0", version:0, domain:branchtest.perfectomobile.com, path:/nexperience/, expiry:null]
<2017-09-26 13:02:55> DEBUG [o.a.h.c.p.ResponseProcessCookies] Cookie accepted [fast_failed="true", version:0, domain:branchtest.perfectomobile.com, path:/nexperience/perfectomobile/wd/hub/session/9653146c-9d83-4061-80ff-76b8ef1fd249, expiry:null]
<2017-09-26 13:02:55> DEBUG [o.a.h.i.c.PoolingHttpClientConnectionManager] Connection [id: 0][route: {s}->https://branchtest.perfectomobile.com:443] can be kept alive indefinitely
<2017-09-26 13:02:55> DEBUG [o.a.h.i.c.PoolingHttpClientConnectionManager] Connection released: [id: 0][route: {s}->https://branchtest.perfectomobile.com:443][total kept alive: 1; route allocated: 5 of 2000; total allocated: 5 of 2000]
<2017-09-26 13:02:55> DEBUG [org.apache.http.wire] http-outgoing-3 << "HTTP/1.1 200 OK[\r][\n]"
<2017-09-26 13:02:55> DEBUG [org.apache.http.wire] http-outgoing-3 << "Server: nginx[\r][\n]"
<2017-09-26 13:02:55> DEBUG [org.apache.http.wire] http-outgoing-3 << "Date: Tue, 26 Sep 2017 10:02:52 GMT[\r][\n]"
<2017-09-26 13:02:55> DEBUG [org.apache.http.wire] http-outgoing-3 << "Content-Type: application/json;charset=utf-8[\r][\n]"
<2017-09-26 13:02:55> DEBUG [org.apache.http.wire] http-outgoing-3 << "Transfer-Encoding: chunked[\r][\n]"
<2017-09-26 13:02:55> DEBUG [org.apache.http.wire] http-outgoing-3 << "Connection: keep-alive[\r][\n]"
<2017-09-26 13:02:55> DEBUG [org.apache.http.wire] http-outgoing-3 << "Set-Cookie: JSESSIONID=76F3C18CA8450CBF4E051512495D60C8; Path=/nexperience/; HttpOnly[\r][\n]"
<2017-09-26 13:02:55> DEBUG [org.apache.http.wire] http-outgoing-3 << "Expires: Thu, 01 Jan 1970 00:00:00 GMT[\r][\n]"
<2017-09-26 13:02:55> DEBUG [org.apache.http.wire] http-outgoing-3 << "Cache-Control: no-cache[\r][\n]"
<2017-09-26 13:02:55> DEBUG [org.apache.http.wire] http-outgoing-3 << "Cache-Control: no-cache[\r][\n]"
<2017-09-26 13:02:55> DEBUG [org.apache.http.wire] http-outgoing-3 << "Expires: Thu, 01 Jan 1970 00:00:00 GMT[\r][\n]"
<2017-09-26 13:02:55> DEBUG [org.apache.http.wire] http-outgoing-3 << "Set-Cookie: fast_failed=true[\r][\n]"
<2017-09-26 13:02:55> DEBUG [org.apache.http.wire] http-outgoing-3 << "X-XSS-Protection: 2; mode=block[\r][\n]"
<2017-09-26 13:02:55> DEBUG [org.apache.http.wire] http-outgoing-3 << "Content-Encoding: gzip[\r][\n]"
<2017-09-26 13:02:55> DEBUG [org.apache.http.wire] http-outgoing-3 << "[\r][\n]"
<2017-09-26 13:02:55> DEBUG [org.apache.http.wire] http-outgoing-3 << "96[\r][\n]"
<2017-09-26 13:02:55> DEBUG [org.apache.http.wire] http-outgoing-3 << "[0x1f][0x8b][0x8][0x0][0x0][0x0][0x0][0x0][0x0][0x3]-[0xcc]1[0xe][0xc2]0[0xc][0x85][0xe1][0xbb]xn[0xa2][0xaa]nP[0xd3][0x95][0x89][0xb5]7Hc[0x3][0x95][0xd2][0xa4][0xd4][0x9][0xb][0xe2][0xee]x`[0xfd][0xf5][0xbd][0xf7][0x1]a[0x91][0xad][0xe4][0x1b][0xc1][0xc]+[0x8d]qB"[0xb3]zB3[0x6][0x1a][0x8c][0x1f][0x9c]7#[0x86][0x89]=[0xba][0xc8][0xf1][0xe][0x1d]H[\r][0x95][0x95]K[0x8b]Q[0xd7]Z[0x9e][0xd7]BZ[0x86][0x1e]'t=[0xba]K[0x7][0xef][0x90][0x9a][0xa6][0xdc]R[0xea] [0xa6][0xa0]n[0x86]r>l98[0xbf][0x82][0x15]N[0x9c][0xb7][0xb6][0xdb][0x93][0xf7]R[0xd9].,G[0xc9][0xc2][0xff][0xff][0xa6][0xbc][0xff][0xfe][0x0][0xeb][0xfe][0xe3]S[0x9f][0x0][0x0][0x0][\r][\n]"
<2017-09-26 13:02:55> DEBUG [org.apache.http.wire] http-outgoing-3 << "0[\r][\n]"
<2017-09-26 13:02:55> DEBUG [org.apache.http.wire] http-outgoing-3 << "[\r][\n]"
<2017-09-26 13:02:55> DEBUG [org.apache.http.headers] http-outgoing-3 << HTTP/1.1 200 OK
<2017-09-26 13:02:55> DEBUG [org.apache.http.headers] http-outgoing-3 << Server: nginx
<2017-09-26 13:02:55> DEBUG [org.apache.http.headers] http-outgoing-3 << Date: Tue, 26 Sep 2017 10:02:52 GMT
<2017-09-26 13:02:55> DEBUG [org.apache.http.headers] http-outgoing-3 << Content-Type: application/json;charset=utf-8
<2017-09-26 13:02:55> DEBUG [org.apache.http.headers] http-outgoing-3 << Transfer-Encoding: chunked
<2017-09-26 13:02:55> DEBUG [org.apache.http.headers] http-outgoing-3 << Connection: keep-alive
<2017-09-26 13:02:55> DEBUG [org.apache.http.headers] http-outgoing-3 << Set-Cookie: JSESSIONID=76F3C18CA8450CBF4E051512495D60C8; Path=/nexperience/; HttpOnly
<2017-09-26 13:02:55> DEBUG [org.apache.http.headers] http-outgoing-3 << Expires: Thu, 01 Jan 1970 00:00:00 GMT
<2017-09-26 13:02:55> DEBUG [org.apache.http.headers] http-outgoing-3 << Cache-Control: no-cache
<2017-09-26 13:02:55> DEBUG [org.apache.http.headers] http-outgoing-3 << Cache-Control: no-cache
<2017-09-26 13:02:55> DEBUG [org.apache.http.headers] http-outgoing-3 << Expires: Thu, 01 Jan 1970 00:00:00 GMT
<2017-09-26 13:02:55> DEBUG [org.apache.http.headers] http-outgoing-3 << Set-Cookie: fast_failed=true
<2017-09-26 13:02:55> DEBUG [org.apache.http.headers] http-outgoing-3 << X-XSS-Protection: 2; mode=block
<2017-09-26 13:02:55> DEBUG [org.apache.http.headers] http-outgoing-3 << Content-Encoding: gzip
<2017-09-26 13:02:55> DEBUG [o.a.h.i.execchain.MainClientExec] Connection can be kept alive indefinitely
<2017-09-26 13:02:55> DEBUG [o.a.h.c.p.ResponseProcessCookies] Cookie accepted [JSESSIONID="76F3C18CA8450CBF4E051512495D60C8", version:0, domain:branchtest.perfectomobile.com, path:/nexperience/, expiry:null]
<2017-09-26 13:02:55> DEBUG [o.a.h.c.p.ResponseProcessCookies] Cookie accepted [fast_failed="true", version:0, domain:branchtest.perfectomobile.com, path:/nexperience/perfectomobile/wd/hub/session/bd4c83dd-b9d3-4ad2-9259-43a8e935cecf, expiry:null]
<2017-09-26 13:02:55> DEBUG [o.a.h.i.c.PoolingHttpClientConnectionManager] Connection [id: 3][route: {s}->https://branchtest.perfectomobile.com:443] can be kept alive indefinitely
<2017-09-26 13:02:55> DEBUG [o.a.h.i.c.PoolingHttpClientConnectionManager] Connection released: [id: 3][route: {s}->https://branchtest.perfectomobile.com:443][total kept alive: 2; route allocated: 5 of 2000; total allocated: 5 of 2000]
<2017-09-26 13:02:56> DEBUG [org.apache.http.wire] http-outgoing-4 << "HTTP/1.1 200 OK[\r][\n]"
<2017-09-26 13:02:56> DEBUG [org.apache.http.wire] http-outgoing-4 << "Server: nginx[\r][\n]"
<2017-09-26 13:02:56> DEBUG [org.apache.http.wire] http-outgoing-4 << "Date: Tue, 26 Sep 2017 10:02:52 GMT[\r][\n]"
<2017-09-26 13:02:56> DEBUG [org.apache.http.wire] http-outgoing-4 << "Content-Type: application/json;charset=utf-8[\r][\n]"
<2017-09-26 13:02:56> DEBUG [org.apache.http.wire] http-outgoing-4 << "Transfer-Encoding: chunked[\r][\n]"
<2017-09-26 13:02:56> DEBUG [org.apache.http.wire] http-outgoing-4 << "Connection: keep-alive[\r][\n]"
<2017-09-26 13:02:56> DEBUG [org.apache.http.wire] http-outgoing-4 << "Set-Cookie: JSESSIONID=F6E28E4994D1584E597DBDFCCCB1737E; Path=/nexperience/; HttpOnly[\r][\n]"
<2017-09-26 13:02:56> DEBUG [org.apache.http.wire] http-outgoing-4 << "Expires: Thu, 01 Jan 1970 00:00:00 GMT[\r][\n]"
<2017-09-26 13:02:56> DEBUG [org.apache.http.wire] http-outgoing-4 << "Cache-Control: no-cache[\r][\n]"
<2017-09-26 13:02:56> DEBUG [org.apache.http.wire] http-outgoing-4 << "Cache-Control: no-cache[\r][\n]"
<2017-09-26 13:02:56> DEBUG [org.apache.http.wire] http-outgoing-4 << "Expires: Thu, 01 Jan 1970 00:00:00 GMT[\r][\n]"
<2017-09-26 13:02:56> DEBUG [org.apache.http.wire] http-outgoing-4 << "Set-Cookie: fast_failed=true[\r][\n]"
<2017-09-26 13:02:56> DEBUG [org.apache.http.wire] http-outgoing-4 << "X-XSS-Protection: 2; mode=block[\r][\n]"
<2017-09-26 13:02:56> DEBUG [org.apache.http.wire] http-outgoing-4 << "Content-Encoding: gzip[\r][\n]"
<2017-09-26 13:02:56> DEBUG [org.apache.http.wire] http-outgoing-4 << "[\r][\n]"
<2017-09-26 13:02:56> DEBUG [org.apache.http.wire] http-outgoing-4 << "97[\r][\n]"
<2017-09-26 13:02:56> DEBUG [org.apache.http.wire] http-outgoing-4 << "[0x1f][0x8b][0x8][0x0][0x0][0x0][0x0][0x0][0x0][0x3]-[0xcc][0xbb][0x12][0xc2] [0x10][0x85][0xe1]w[0xd9]:0[0x90][0xb][0x81][0xb4]V[0xb6][0xbe][0x1][0x90]U3C f[0xc1][0xc6][0xf1][0xdd][0xdd][0xc2][0xf6][0x9f][0xef][0x9c][0xf][0x10][0x12]m%_WX [0xa2][0xb1]A[0xf7]J[0x18][0xe3][0x8c][0x18][0xfd][0xb4][\n]"
<2017-09-26 13:02:56> DEBUG [org.apache.http.wire] http-outgoing-1 << "HTTP/1.1 200 OK[\r][\n]"
<2017-09-26 13:02:56> DEBUG [org.apache.http.wire] http-outgoing-4 << "[0xeb][0x6]+[0xe6]x[0x1f]C@k[0x7][0xed][0xa0][0x3][0xaa][0xbe]"sj1[0xf2][0x9a][0xcb][0xf3]RV.[0xda][0xf5][0xd3]<[0xdb]I[0xb9][0xe][0xde]>5N[0xb9][0xa5][0xd4]AL[0x9e][0xdd][0x2][0xe5]|[0xc8]r`~yI[0x98]0om[0x97]'[0xee][0xa5][0xa2][0xbc]![0x1d]%[0x13][0xfe][0xff][0x1b]s[0xf5][0xfd][0x1][0xa3]}[0xe3][0x98][0x9f][0x0][0x0][0x0][\r][\n]"
<2017-09-26 13:02:56> DEBUG [org.apache.http.wire] http-outgoing-1 << "Server: nginx[\r][\n]"
<2017-09-26 13:02:56> DEBUG [org.apache.http.wire] http-outgoing-4 << "0[\r][\n]"
<2017-09-26 13:02:56> DEBUG [org.apache.http.wire] http-outgoing-1 << "Date: Tue, 26 Sep 2017 10:02:52 GMT[\r][\n]"
<2017-09-26 13:02:56> DEBUG [org.apache.http.wire] http-outgoing-4 << "[\r][\n]"
<2017-09-26 13:02:56> DEBUG [org.apache.http.wire] http-outgoing-1 << "Content-Type: application/json;charset=utf-8[\r][\n]"
<2017-09-26 13:02:56> DEBUG [org.apache.http.wire] http-outgoing-1 << "Transfer-Encoding: chunked[\r][\n]"
<2017-09-26 13:02:56> DEBUG [org.apache.http.wire] http-outgoing-1 << "Connection: keep-alive[\r][\n]"
<2017-09-26 13:02:56> DEBUG [org.apache.http.wire] http-outgoing-1 << "Set-Cookie: JSESSIONID=F6E28E4994D1584E597DBDFCCCB1737E; Path=/nexperience/; HttpOnly[\r][\n]"
<2017-09-26 13:02:56> DEBUG [org.apache.http.wire] http-outgoing-1 << "Expires: Thu, 01 Jan 1970 00:00:00 GMT[\r][\n]"
<2017-09-26 13:02:56> DEBUG [org.apache.http.wire] http-outgoing-1 << "Cache-Control: no-cache[\r][\n]"
<2017-09-26 13:02:56> DEBUG [org.apache.http.wire] http-outgoing-1 << "Cache-Control: no-cache[\r][\n]"
<2017-09-26 13:02:56> DEBUG [org.apache.http.wire] http-outgoing-1 << "Expires: Thu, 01 Jan 1970 00:00:00 GMT[\r][\n]"
<2017-09-26 13:02:56> DEBUG [org.apache.http.wire] http-outgoing-1 << "Set-Cookie: fast_failed=true[\r][\n]"
<2017-09-26 13:02:56> DEBUG [org.apache.http.headers] http-outgoing-4 << HTTP/1.1 200 OK
<2017-09-26 13:02:56> DEBUG [org.apache.http.wire] http-outgoing-1 << "X-XSS-Protection: 2; mode=block[\r][\n]"
<2017-09-26 13:02:56> DEBUG [org.apache.http.headers] http-outgoing-4 << Server: nginx
<2017-09-26 13:02:56> DEBUG [org.apache.http.wire] http-outgoing-1 << "Content-Encoding: gzip[\r][\n]"
<2017-09-26 13:02:56> DEBUG [org.apache.http.headers] http-outgoing-4 << Date: Tue, 26 Sep 2017 10:02:52 GMT
<2017-09-26 13:02:56> DEBUG [org.apache.http.wire] http-outgoing-1 << "[\r][\n]"
<2017-09-26 13:02:56> DEBUG [org.apache.http.headers] http-outgoing-4 << Content-Type: application/json;charset=utf-8
<2017-09-26 13:02:56> DEBUG [org.apache.http.wire] http-outgoing-1 << "96[\r][\n]"
<2017-09-26 13:02:56> DEBUG [org.apache.http.headers] http-outgoing-4 << Transfer-Encoding: chunked
<2017-09-26 13:02:56> DEBUG [org.apache.http.wire] http-outgoing-1 << "[0x1f][0x8b][0x8][0x0][0x0][0x0][0x0][0x0][0x0][0x3]-[0xcc]1[0x12][0xc2] [0x10][0x85][0xe1][0xbb]l[0x1d][0x18]H[0x2][0x9]i[0xad]l[0xbd][0x1][0xc2][0xaa][0x99]![0x90]d[0xc1][0xc6][0xf1][0xee]na[0xfb][0xcf][0xf7][0xde][0x7][0x8][0x89][0xd6][0x92][0xaf][0x11][0x16]03[0xba][0xc9][0xa8] [0xee]c[0xb4]b[0xc4][0xe8][0x84][0xd7]j[0x10]J?[0x9c][0x1b]p[0xb2][0xf3][0xd0]C[0x7]T}E[0xe6][0xd4]B[0xe0]5[0x97][0xd7][0xa5]D.[0xba][0x9f]F[0xad][0x8c]u}[0x7]o[0x9f][0x1a][0xa7][0xdc]R[0xea] $[0xcf]n[0x81]r>e[0xd9]1[0x1f]^[0x12]&[0xcc]k[0xdb][0xe4][0x89][[0xa9](oH{[0xc9][0x84][0xff][0xff][0xc6]\}]]>&#x7f;<![CDATA[[0x94][0x82]0[0xc9][0x9f][0x0][0x0][0x0][\r][\n]"
<2017-09-26 13:02:56> DEBUG [org.apache.http.headers] http-outgoing-4 << Connection: keep-alive
<2017-09-26 13:02:56> DEBUG [org.apache.http.wire] http-outgoing-1 << "0[\r][\n]"
<2017-09-26 13:02:56> DEBUG [org.apache.http.headers] http-outgoing-4 << Set-Cookie: JSESSIONID=F6E28E4994D1584E597DBDFCCCB1737E; Path=/nexperience/; HttpOnly
<2017-09-26 13:02:56> DEBUG [org.apache.http.wire] http-outgoing-1 << "[\r][\n]"
<2017-09-26 13:02:56> DEBUG [org.apache.http.headers] http-outgoing-4 << Expires: Thu, 01 Jan 1970 00:00:00 GMT
<2017-09-26 13:02:56> DEBUG [org.apache.http.headers] http-outgoing-1 << HTTP/1.1 200 OK
<2017-09-26 13:02:56> DEBUG [org.apache.http.headers] http-outgoing-4 << Cache-Control: no-cache
<2017-09-26 13:02:56> DEBUG [org.apache.http.headers] http-outgoing-1 << Server: nginx
<2017-09-26 13:02:56> DEBUG [org.apache.http.headers] http-outgoing-4 << Cache-Control: no-cache
<2017-09-26 13:02:56> DEBUG [org.apache.http.headers] http-outgoing-1 << Date: Tue, 26 Sep 2017 10:02:52 GMT
<2017-09-26 13:02:56> DEBUG [org.apache.http.headers] http-outgoing-4 << Expires: Thu, 01 Jan 1970 00:00:00 GMT
<2017-09-26 13:02:56> DEBUG [org.apache.http.headers] http-outgoing-1 << Content-Type: application/json;charset=utf-8
<2017-09-26 13:02:56> DEBUG [org.apache.http.headers] http-outgoing-4 << Set-Cookie: fast_failed=true
<2017-09-26 13:02:56> DEBUG [org.apache.http.headers] http-outgoing-1 << Transfer-Encoding: chunked
<2017-09-26 13:02:56> DEBUG [org.apache.http.headers] http-outgoing-4 << X-XSS-Protection: 2; mode=block
<2017-09-26 13:02:56> DEBUG [org.apache.http.headers] http-outgoing-1 << Connection: keep-alive
<2017-09-26 13:02:56> DEBUG [org.apache.http.headers] http-outgoing-4 << Content-Encoding: gzip
<2017-09-26 13:02:56> DEBUG [org.apache.http.headers] http-outgoing-1 << Set-Cookie: JSESSIONID=F6E28E4994D1584E597DBDFCCCB1737E; Path=/nexperience/; HttpOnly
<2017-09-26 13:02:56> DEBUG [o.a.h.i.execchain.MainClientExec] Connection can be kept alive indefinitely
<2017-09-26 13:02:56> DEBUG [org.apache.http.headers] http-outgoing-1 << Expires: Thu, 01 Jan 1970 00:00:00 GMT
<2017-09-26 13:02:56> DEBUG [org.apache.http.headers] http-outgoing-1 << Cache-Control: no-cache
<2017-09-26 13:02:56> DEBUG [org.apache.http.headers] http-outgoing-1 << Cache-Control: no-cache
<2017-09-26 13:02:56> DEBUG [org.apache.http.headers] http-outgoing-1 << Expires: Thu, 01 Jan 1970 00:00:00 GMT
<2017-09-26 13:02:56> DEBUG [org.apache.http.headers] http-outgoing-1 << Set-Cookie: fast_failed=true
<2017-09-26 13:02:56> DEBUG [org.apache.http.headers] http-outgoing-1 << X-XSS-Protection: 2; mode=block
<2017-09-26 13:02:56> DEBUG [org.apache.http.headers] http-outgoing-1 << Content-Encoding: gzip
<2017-09-26 13:02:56> DEBUG [o.a.h.i.execchain.MainClientExec] Connection can be kept alive indefinitely
<2017-09-26 13:02:56> DEBUG [o.a.h.c.p.ResponseProcessCookies] Cookie accepted [JSESSIONID="F6E28E4994D1584E597DBDFCCCB1737E", version:0, domain:branchtest.perfectomobile.com, path:/nexperience/, expiry:null]
<2017-09-26 13:02:56> DEBUG [o.a.h.c.p.ResponseProcessCookies] Cookie accepted [JSESSIONID="F6E28E4994D1584E597DBDFCCCB1737E", version:0, domain:branchtest.perfectomobile.com, path:/nexperience/, expiry:null]
<2017-09-26 13:02:56> DEBUG [o.a.h.c.p.ResponseProcessCookies] Cookie accepted [fast_failed="true", version:0, domain:branchtest.perfectomobile.com, path:/nexperience/perfectomobile/wd/hub/session/ce68b120-6696-4a5d-8938-7cf4bbe88319, expiry:null]
<2017-09-26 13:02:56> DEBUG [o.a.h.c.p.ResponseProcessCookies] Cookie accepted [fast_failed="true", version:0, domain:branchtest.perfectomobile.com, path:/nexperience/perfectomobile/wd/hub/session/58e9750c-b4d6-4ed9-a103-01f993e76832, expiry:null]
<2017-09-26 13:02:56> DEBUG [o.a.h.i.c.PoolingHttpClientConnectionManager] Connection [id: 4][route: {s}->https://branchtest.perfectomobile.com:443] can be kept alive indefinitely
<2017-09-26 13:02:56> DEBUG [o.a.h.i.c.PoolingHttpClientConnectionManager] Connection [id: 1][route: {s}->https://branchtest.perfectomobile.com:443] can be kept alive indefinitely
<2017-09-26 13:02:56> DEBUG [o.a.h.i.c.PoolingHttpClientConnectionManager] Connection released: [id: 4][route: {s}->https://branchtest.perfectomobile.com:443][total kept alive: 3; route allocated: 5 of 2000; total allocated: 5 of 2000]
<2017-09-26 13:02:56> DEBUG [o.a.h.i.c.PoolingHttpClientConnectionManager] Connection released: [id: 1][route: {s}->https://branchtest.perfectomobile.com:443][total kept alive: 4; route allocated: 5 of 2000; total allocated: 5 of 2000]
<2017-09-26 13:02:56> DEBUG [o.a.h.c.p.RequestAddCookies] CookieSpec selected: default
<2017-09-26 13:02:56> DEBUG [o.a.h.c.p.RequestAddCookies] CookieSpec selected: default
<2017-09-26 13:02:56> DEBUG [o.a.h.c.p.RequestAddCookies] Cookie [version: 0][name: JSESSIONID][value: F6E28E4994D1584E597DBDFCCCB1737E][domain: branchtest.perfectomobile.com][path: /nexperience/][expiry: null] match [(secure)branchtest.perfectomobile.com:443/nexperience/perfectomobile/wd/hub/session/ce68b120-6696-4a5d-8938-7cf4bbe88319/element]
<2017-09-26 13:02:56> DEBUG [o.a.h.c.p.RequestAddCookies] Cookie [version: 0][name: JSESSIONID][value: F6E28E4994D1584E597DBDFCCCB1737E][domain: branchtest.perfectomobile.com][path: /nexperience/][expiry: null] match [(secure)branchtest.perfectomobile.com:443/nexperience/perfectomobile/wd/hub/session/58e9750c-b4d6-4ed9-a103-01f993e76832/element]
<2017-09-26 13:02:56> DEBUG [o.a.h.c.p.RequestAddCookies] Cookie [version: 0][name: fast_failed][value: true][domain: branchtest.perfectomobile.com][path: /nexperience/perfectomobile/wd/hub][expiry: null] match [(secure)branchtest.perfectomobile.com:443/nexperience/perfectomobile/wd/hub/session/ce68b120-6696-4a5d-8938-7cf4bbe88319/element]
<2017-09-26 13:02:56> DEBUG [o.a.h.c.p.RequestAddCookies] Cookie [version: 0][name: fast_failed][value: true][domain: branchtest.perfectomobile.com][path: /nexperience/perfectomobile/wd/hub][expiry: null] match [(secure)branchtest.perfectomobile.com:443/nexperience/perfectomobile/wd/hub/session/58e9750c-b4d6-4ed9-a103-01f993e76832/element]
<2017-09-26 13:02:56> DEBUG [o.a.h.c.p.RequestAddCookies] Cookie [version: 0][name: fast_failed][value: true][domain: branchtest.perfectomobile.com][path: /nexperience/perfectomobile/wd/hub/session/ce68b120-6696-4a5d-8938-7cf4bbe88319][expiry: null] match [(secure)branchtest.perfectomobile.com:443/nexperience/perfectomobile/wd/hub/session/ce68b120-6696-4a5d-8938-7cf4bbe88319/element]
<2017-09-26 13:02:56> DEBUG [o.a.h.c.p.RequestAddCookies] Cookie [version: 0][name: fast_failed][value: true][domain: branchtest.perfectomobile.com][path: /nexperience/perfectomobile/wd/hub/session/58e9750c-b4d6-4ed9-a103-01f993e76832][expiry: null] match [(secure)branchtest.perfectomobile.com:443/nexperience/perfectomobile/wd/hub/session/58e9750c-b4d6-4ed9-a103-01f993e76832/element]
<2017-09-26 13:02:56> DEBUG [o.a.h.c.p.RequestAuthCache] Auth cache not set in the context
<2017-09-26 13:02:56> DEBUG [o.a.h.c.p.RequestAuthCache] Auth cache not set in the context
<2017-09-26 13:02:56> DEBUG [o.a.h.i.c.PoolingHttpClientConnectionManager] Connection request: [route: {s}->https://branchtest.perfectomobile.com:443][total kept alive: 4; route allocated: 5 of 2000; total allocated: 5 of 2000]
<2017-09-26 13:02:56> DEBUG [o.a.h.i.c.PoolingHttpClientConnectionManager] Connection request: [route: {s}->https://branchtest.perfectomobile.com:443][total kept alive: 4; route allocated: 5 of 2000; total allocated: 5 of 2000]
<2017-09-26 13:02:56> DEBUG [o.a.h.i.c.PoolingHttpClientConnectionManager] Connection leased: [id: 1][route: {s}->https://branchtest.perfectomobile.com:443][total kept alive: 3; route allocated: 5 of 2000; total allocated: 5 of 2000]
<2017-09-26 13:02:56> DEBUG [o.a.h.i.c.PoolingHttpClientConnectionManager] Connection leased: [id: 4][route: {s}->https://branchtest.perfectomobile.com:443][total kept alive: 2; route allocated: 5 of 2000; total allocated: 5 of 2000]
<2017-09-26 13:02:56> DEBUG [o.a.h.i.execchain.MainClientExec] Stale connection check
<2017-09-26 13:02:56> DEBUG [o.a.h.i.execchain.MainClientExec] Stale connection check
<2017-09-26 13:02:56> DEBUG [org.apache.http.wire] http-outgoing-1 << "[read] I/O error: Read timed out"
<2017-09-26 13:02:56> DEBUG [o.a.h.i.c.DefaultManagedHttpClientConnection] http-outgoing-1: set socket timeout to 10800000
<2017-09-26 13:02:56> DEBUG [o.a.h.i.execchain.MainClientExec] Executing request POST /nexperience/perfectomobile/wd/hub/session/ce68b120-6696-4a5d-8938-7cf4bbe88319/element HTTP/1.1
<2017-09-26 13:02:56> DEBUG [o.a.h.i.execchain.MainClientExec] Target auth state: UNCHALLENGED
<2017-09-26 13:02:56> DEBUG [o.a.h.i.execchain.MainClientExec] Proxy auth state: UNCHALLENGED
<2017-09-26 13:02:56> DEBUG [org.apache.http.headers] http-outgoing-1 >> POST /nexperience/perfectomobile/wd/hub/session/ce68b120-6696-4a5d-8938-7cf4bbe88319/element HTTP/1.1
<2017-09-26 13:02:56> DEBUG [org.apache.http.headers] http-outgoing-1 >> Content-Type: application/json; charset=utf-8
<2017-09-26 13:02:56> DEBUG [org.apache.http.headers] http-outgoing-1 >> Content-Length: 28
<2017-09-26 13:02:56> DEBUG [org.apache.http.headers] http-outgoing-1 >> Host: branchtest.perfectomobile.com
<2017-09-26 13:02:56> DEBUG [org.apache.http.headers] http-outgoing-1 >> Connection: Keep-Alive
<2017-09-26 13:02:56> DEBUG [org.apache.http.headers] http-outgoing-1 >> User-Agent: Apache-HttpClient/4.5.2 (Java/1.8.0_121)
<2017-09-26 13:02:56> DEBUG [org.apache.http.headers] http-outgoing-1 >> Cookie: JSESSIONID=F6E28E4994D1584E597DBDFCCCB1737E; fast_failed=true; fast_failed=true
<2017-09-26 13:02:56> DEBUG [org.apache.http.headers] http-outgoing-1 >> Accept-Encoding: gzip,deflate
<2017-09-26 13:02:56> DEBUG [org.apache.http.wire] http-outgoing-1 >> "POST /nexperience/perfectomobile/wd/hub/session/ce68b120-6696-4a5d-8938-7cf4bbe88319/element HTTP/1.1[\r][\n]"
<2017-09-26 13:02:56> DEBUG [org.apache.http.wire] http-outgoing-1 >> "Content-Type: application/json; charset=utf-8[\r][\n]"
<2017-09-26 13:02:56> DEBUG [org.apache.http.wire] http-outgoing-1 >> "Content-Length: 28[\r][\n]"
<2017-09-26 13:02:56> DEBUG [org.apache.http.wire] http-outgoing-1 >> "Host: branchtest.perfectomobile.com[\r][\n]"
<2017-09-26 13:02:56> DEBUG [org.apache.http.wire] http-outgoing-1 >> "Connection: Keep-Alive[\r][\n]"
<2017-09-26 13:02:56> DEBUG [org.apache.http.wire] http-outgoing-1 >> "User-Agent: Apache-HttpClient/4.5.2 (Java/1.8.0_121)[\r][\n]"
<2017-09-26 13:02:56> DEBUG [org.apache.http.wire] http-outgoing-1 >> "Cookie: JSESSIONID=F6E28E4994D1584E597DBDFCCCB1737E; fast_failed=true; fast_failed=true[\r][\n]"
<2017-09-26 13:02:56> DEBUG [org.apache.http.wire] http-outgoing-1 >> "Accept-Encoding: gzip,deflate[\r][\n]"
<2017-09-26 13:02:56> DEBUG [org.apache.http.wire] http-outgoing-1 >> "[\r][\n]"
<2017-09-26 13:02:56> DEBUG [org.apache.http.wire] http-outgoing-1 >> "{"using":"name","value":"q"}"
<2017-09-26 13:02:56> DEBUG [org.apache.http.wire] http-outgoing-4 << "[read] I/O error: Read timed out"
<2017-09-26 13:02:56> DEBUG [o.a.h.i.c.DefaultManagedHttpClientConnection] http-outgoing-4: set socket timeout to 10800000
<2017-09-26 13:02:56> DEBUG [o.a.h.i.execchain.MainClientExec] Executing request POST /nexperience/perfectomobile/wd/hub/session/58e9750c-b4d6-4ed9-a103-01f993e76832/element HTTP/1.1
<2017-09-26 13:02:56> DEBUG [o.a.h.i.execchain.MainClientExec] Target auth state: UNCHALLENGED
<2017-09-26 13:02:56> DEBUG [o.a.h.i.execchain.MainClientExec] Proxy auth state: UNCHALLENGED
<2017-09-26 13:02:56> DEBUG [org.apache.http.headers] http-outgoing-4 >> POST /nexperience/perfectomobile/wd/hub/session/58e9750c-b4d6-4ed9-a103-01f993e76832/element HTTP/1.1
<2017-09-26 13:02:56> DEBUG [org.apache.http.headers] http-outgoing-4 >> Content-Type: application/json; charset=utf-8
<2017-09-26 13:02:56> DEBUG [org.apache.http.headers] http-outgoing-4 >> Content-Length: 28
<2017-09-26 13:02:56> DEBUG [org.apache.http.headers] http-outgoing-4 >> Host: branchtest.perfectomobile.com
<2017-09-26 13:02:56> DEBUG [org.apache.http.headers] http-outgoing-4 >> Connection: Keep-Alive
<2017-09-26 13:02:56> DEBUG [org.apache.http.headers] http-outgoing-4 >> User-Agent: Apache-HttpClient/4.5.2 (Java/1.8.0_121)
<2017-09-26 13:02:56> DEBUG [org.apache.http.headers] http-outgoing-4 >> Cookie: JSESSIONID=F6E28E4994D1584E597DBDFCCCB1737E; fast_failed=true; fast_failed=true
<2017-09-26 13:02:56> DEBUG [org.apache.http.headers] http-outgoing-4 >> Accept-Encoding: gzip,deflate
<2017-09-26 13:02:56> DEBUG [org.apache.http.wire] http-outgoing-4 >> "POST /nexperience/perfectomobile/wd/hub/session/58e9750c-b4d6-4ed9-a103-01f993e76832/element HTTP/1.1[\r][\n]"
<2017-09-26 13:02:56> DEBUG [org.apache.http.wire] http-outgoing-4 >> "Content-Type: application/json; charset=utf-8[\r][\n]"
<2017-09-26 13:02:56> DEBUG [org.apache.http.wire] http-outgoing-4 >> "Content-Length: 28[\r][\n]"
<2017-09-26 13:02:56> DEBUG [org.apache.http.wire] http-outgoing-4 >> "Host: branchtest.perfectomobile.com[\r][\n]"
<2017-09-26 13:02:56> DEBUG [org.apache.http.wire] http-outgoing-4 >> "Connection: Keep-Alive[\r][\n]"
<2017-09-26 13:02:56> DEBUG [org.apache.http.wire] http-outgoing-4 >> "User-Agent: Apache-HttpClient/4.5.2 (Java/1.8.0_121)[\r][\n]"
<2017-09-26 13:02:56> DEBUG [org.apache.http.wire] http-outgoing-4 >> "Cookie: JSESSIONID=F6E28E4994D1584E597DBDFCCCB1737E; fast_failed=true; fast_failed=true[\r][\n]"
<2017-09-26 13:02:56> DEBUG [org.apache.http.wire] http-outgoing-4 >> "Accept-Encoding: gzip,deflate[\r][\n]"
<2017-09-26 13:02:56> DEBUG [org.apache.http.wire] http-outgoing-4 >> "[\r][\n]"
<2017-09-26 13:02:56> DEBUG [org.apache.http.wire] http-outgoing-4 >> "{"using":"name","value":"q"}"
<2017-09-26 13:02:56> DEBUG [org.apache.http.wire] http-outgoing-1 << "HTTP/1.1 200 OK[\r][\n]"
<2017-09-26 13:02:56> DEBUG [org.apache.http.wire] http-outgoing-1 << "Server: nginx[\r][\n]"
<2017-09-26 13:02:56> DEBUG [org.apache.http.wire] http-outgoing-1 << "Date: Tue, 26 Sep 2017 10:02:52 GMT[\r][\n]"
<2017-09-26 13:02:56> DEBUG [org.apache.http.wire] http-outgoing-1 << "Content-Type: application/json;charset=utf-8[\r][\n]"
<2017-09-26 13:02:56> DEBUG [org.apache.http.wire] http-outgoing-1 << "Transfer-Encoding: chunked[\r][\n]"
<2017-09-26 13:02:56> DEBUG [org.apache.http.wire] http-outgoing-1 << "Connection: keep-alive[\r][\n]"
<2017-09-26 13:02:56> DEBUG [org.apache.http.wire] http-outgoing-1 << "Set-Cookie: JSESSIONID=F6E28E4994D1584E597DBDFCCCB1737E; Path=/nexperience/; HttpOnly[\r][\n]"
<2017-09-26 13:02:56> DEBUG [org.apache.http.wire] http-outgoing-1 << "Expires: Thu, 01 Jan 1970 00:00:00 GMT[\r][\n]"
<2017-09-26 13:02:56> DEBUG [org.apache.http.wire] http-outgoing-1 << "Cache-Control: no-cache[\r][\n]"
<2017-09-26 13:02:56> DEBUG [org.apache.http.wire] http-outgoing-1 << "Cache-Control: no-cache[\r][\n]"
<2017-09-26 13:02:56> DEBUG [org.apache.http.wire] http-outgoing-1 << "Expires: Thu, 01 Jan 1970 00:00:00 GMT[\r][\n]"
<2017-09-26 13:02:56> DEBUG [org.apache.http.wire] http-outgoing-1 << "Set-Cookie: fast_failed=true[\r][\n]"
<2017-09-26 13:02:56> DEBUG [org.apache.http.wire] http-outgoing-1 << "X-XSS-Protection: 2; mode=block[\r][\n]"
<2017-09-26 13:02:56> DEBUG [org.apache.http.wire] http-outgoing-1 << "Content-Encoding: gzip[\r][\n]"
<2017-09-26 13:02:56> DEBUG [org.apache.http.wire] http-outgoing-1 << "[\r][\n]"
<2017-09-26 13:02:56> DEBUG [org.apache.http.wire] http-outgoing-1 << "a1[\r][\n]"
<2017-09-26 13:02:56> DEBUG [org.apache.http.wire] http-outgoing-1 << "[0x1f][0x8b][0x8][0x0][0x0][0x0][0x0][0x0][0x0][0x3]-[0x8d][0xcb][0xe][0x82]0[0x10][0x0][0xff]e[0xcf][0xb4][0xe1][0xe5]R[0xb8][0x12][0xe]&[0xea][0xc1][0xf8][0x3][0xa5][0xac]J[0x2]-[0xb2][0xd4][0xb][0xe1][0xdf][0xdd][0x83][0xd7][0xc9]Lf[0x7]&[0xe6]1[0xf8][0xf3][0x0][\r]8B[0xd3]gy[0xaa][0x10]kT[0xa5]=[\r][0xca][0xd4][0x85]Q[0x95]{[0x96]}O[0xc6][0x14]Y[\r][0x9][0xf0]f7[0x12][0x9d][0xa3]sR[0xb]y[0xb7]a[0x10][0x92][0x97][0x98]cV[0xa1]I[0xe0]k[0xa7](d[0x87][0xee][0xd2]][0xbb][0xdb]C[0xf4][0x14][0x8e][0x4][0xdc]d[0xa5]h [0xac]/[0x1d][0x16][0xf2][0x1f][0xab][0x99]&[0xf2]c[0x9c][0xf5]Js[0xd8]H[0xdf][0x89][0x97][0xe0][0x99][0xfe][0xa7](zz[0xfc][0x0][0xb][0xa5][0xbb][0xcb][0xa9][0x0][0x0][0x0][\r][\n]"
<2017-09-26 13:02:56> DEBUG [org.apache.http.wire] http-outgoing-1 << "0[\r][\n]"
<2017-09-26 13:02:56> DEBUG [org.apache.http.wire] http-outgoing-1 << "[\r][\n]"
<2017-09-26 13:02:56> DEBUG [org.apache.http.headers] http-outgoing-1 << HTTP/1.1 200 OK
<2017-09-26 13:02:56> DEBUG [org.apache.http.headers] http-outgoing-1 << Server: nginx
<2017-09-26 13:02:56> DEBUG [org.apache.http.headers] http-outgoing-1 << Date: Tue, 26 Sep 2017 10:02:52 GMT
<2017-09-26 13:02:56> DEBUG [org.apache.http.headers] http-outgoing-1 << Content-Type: application/json;charset=utf-8
<2017-09-26 13:02:56> DEBUG [org.apache.http.headers] http-outgoing-1 << Transfer-Encoding: chunked
<2017-09-26 13:02:56> DEBUG [org.apache.http.headers] http-outgoing-1 << Connection: keep-alive
<2017-09-26 13:02:56> DEBUG [org.apache.http.headers] http-outgoing-1 << Set-Cookie: JSESSIONID=F6E28E4994D1584E597DBDFCCCB1737E; Path=/nexperience/; HttpOnly
<2017-09-26 13:02:56> DEBUG [org.apache.http.headers] http-outgoing-1 << Expires: Thu, 01 Jan 1970 00:00:00 GMT
<2017-09-26 13:02:56> DEBUG [org.apache.http.headers] http-outgoing-1 << Cache-Control: no-cache
<2017-09-26 13:02:56> DEBUG [org.apache.http.headers] http-outgoing-1 << Cache-Control: no-cache
<2017-09-26 13:02:56> DEBUG [org.apache.http.headers] http-outgoing-1 << Expires: Thu, 01 Jan 1970 00:00:00 GMT
<2017-09-26 13:02:56> DEBUG [org.apache.http.headers] http-outgoing-1 << Set-Cookie: fast_failed=true
<2017-09-26 13:02:56> DEBUG [org.apache.http.headers] http-outgoing-1 << X-XSS-Protection: 2; mode=block
<2017-09-26 13:02:56> DEBUG [org.apache.http.headers] http-outgoing-1 << Content-Encoding: gzip
<2017-09-26 13:02:56> DEBUG [o.a.h.i.execchain.MainClientExec] Connection can be kept alive indefinitely
<2017-09-26 13:02:56> DEBUG [o.a.h.c.p.ResponseProcessCookies] Cookie accepted [JSESSIONID="F6E28E4994D1584E597DBDFCCCB1737E", version:0, domain:branchtest.perfectomobile.com, path:/nexperience/, expiry:null]
<2017-09-26 13:02:56> DEBUG [o.a.h.c.p.ResponseProcessCookies] Cookie accepted [fast_failed="true", version:0, domain:branchtest.perfectomobile.com, path:/nexperience/perfectomobile/wd/hub/session/ce68b120-6696-4a5d-8938-7cf4bbe88319, expiry:null]
<2017-09-26 13:02:56> DEBUG [o.a.h.i.c.PoolingHttpClientConnectionManager] Connection [id: 1][route: {s}->https://branchtest.perfectomobile.com:443] can be kept alive indefinitely
<2017-09-26 13:02:56> DEBUG [o.a.h.i.c.PoolingHttpClientConnectionManager] Connection released: [id: 1][route: {s}->https://branchtest.perfectomobile.com:443][total kept alive: 3; route allocated: 5 of 2000; total allocated: 5 of 2000]
<2017-09-26 13:02:56> DEBUG [o.a.h.c.p.RequestAddCookies] CookieSpec selected: default
<2017-09-26 13:02:56> DEBUG [o.a.h.c.p.RequestAddCookies] Cookie [version: 0][name: JSESSIONID][value: F6E28E4994D1584E597DBDFCCCB1737E][domain: branchtest.perfectomobile.com][path: /nexperience/][expiry: null] match [(secure)branchtest.perfectomobile.com:443/nexperience/perfectomobile/wd/hub/session/ce68b120-6696-4a5d-8938-7cf4bbe88319/element/0/value]
<2017-09-26 13:02:56> DEBUG [o.a.h.c.p.RequestAddCookies] Cookie [version: 0][name: fast_failed][value: true][domain: branchtest.perfectomobile.com][path: /nexperience/perfectomobile/wd/hub][expiry: null] match [(secure)branchtest.perfectomobile.com:443/nexperience/perfectomobile/wd/hub/session/ce68b120-6696-4a5d-8938-7cf4bbe88319/element/0/value]
<2017-09-26 13:02:56> DEBUG [o.a.h.c.p.RequestAddCookies] Cookie [version: 0][name: fast_failed][value: true][domain: branchtest.perfectomobile.com][path: /nexperience/perfectomobile/wd/hub/session/ce68b120-6696-4a5d-8938-7cf4bbe88319][expiry: null] match [(secure)branchtest.perfectomobile.com:443/nexperience/perfectomobile/wd/hub/session/ce68b120-6696-4a5d-8938-7cf4bbe88319/element/0/value]
<2017-09-26 13:02:56> DEBUG [o.a.h.c.p.RequestAuthCache] Auth cache not set in the context
<2017-09-26 13:02:56> DEBUG [o.a.h.i.c.PoolingHttpClientConnectionManager] Connection request: [route: {s}->https://branchtest.perfectomobile.com:443][total kept alive: 3; route allocated: 5 of 2000; total allocated: 5 of 2000]
<2017-09-26 13:02:56> DEBUG [o.a.h.i.c.PoolingHttpClientConnectionManager] Connection leased: [id: 1][route: {s}->https://branchtest.perfectomobile.com:443][total kept alive: 2; route allocated: 5 of 2000; total allocated: 5 of 2000]
<2017-09-26 13:02:56> DEBUG [o.a.h.i.execchain.MainClientExec] Stale connection check
<2017-09-26 13:02:56> DEBUG [org.apache.http.wire] http-outgoing-1 << "[read] I/O error: Read timed out"
<2017-09-26 13:02:56> DEBUG [o.a.h.i.c.DefaultManagedHttpClientConnection] http-outgoing-1: set socket timeout to 10800000
<2017-09-26 13:02:56> DEBUG [o.a.h.i.execchain.MainClientExec] Executing request POST /nexperience/perfectomobile/wd/hub/session/ce68b120-6696-4a5d-8938-7cf4bbe88319/element/0/value HTTP/1.1
<2017-09-26 13:02:56> DEBUG [o.a.h.i.execchain.MainClientExec] Target auth state: UNCHALLENGED
<2017-09-26 13:02:56> DEBUG [o.a.h.i.execchain.MainClientExec] Proxy auth state: UNCHALLENGED
<2017-09-26 13:02:56> DEBUG [org.apache.http.headers] http-outgoing-1 >> POST /nexperience/perfectomobile/wd/hub/session/ce68b120-6696-4a5d-8938-7cf4bbe88319/element/0/value HTTP/1.1
<2017-09-26 13:02:56> DEBUG [org.apache.http.headers] http-outgoing-1 >> Content-Type: application/json; charset=utf-8
<2017-09-26 13:02:56> DEBUG [org.apache.http.headers] http-outgoing-1 >> Content-Length: 38
<2017-09-26 13:02:56> DEBUG [org.apache.http.headers] http-outgoing-1 >> Host: branchtest.perfectomobile.com
<2017-09-26 13:02:56> DEBUG [org.apache.http.headers] http-outgoing-1 >> Connection: Keep-Alive
<2017-09-26 13:02:56> DEBUG [org.apache.http.headers] http-outgoing-1 >> User-Agent: Apache-HttpClient/4.5.2 (Java/1.8.0_121)
<2017-09-26 13:02:56> DEBUG [org.apache.http.headers] http-outgoing-1 >> Cookie: JSESSIONID=F6E28E4994D1584E597DBDFCCCB1737E; fast_failed=true; fast_failed=true
<2017-09-26 13:02:56> DEBUG [org.apache.http.headers] http-outgoing-1 >> Accept-Encoding: gzip,deflate
<2017-09-26 13:02:56> DEBUG [org.apache.http.wire] http-outgoing-1 >> "POST /nexperience/perfectomobile/wd/hub/session/ce68b120-6696-4a5d-8938-7cf4bbe88319/element/0/value HTTP/1.1[\r][\n]"
<2017-09-26 13:02:56> DEBUG [org.apache.http.wire] http-outgoing-1 >> "Content-Type: application/json; charset=utf-8[\r][\n]"
<2017-09-26 13:02:56> DEBUG [org.apache.http.wire] http-outgoing-1 >> "Content-Length: 38[\r][\n]"
<2017-09-26 13:02:56> DEBUG [org.apache.http.wire] http-outgoing-1 >> "Host: branchtest.perfectomobile.com[\r][\n]"
<2017-09-26 13:02:56> DEBUG [org.apache.http.wire] http-outgoing-1 >> "Connection: Keep-Alive[\r][\n]"
<2017-09-26 13:02:56> DEBUG [org.apache.http.wire] http-outgoing-1 >> "User-Agent: Apache-HttpClient/4.5.2 (Java/1.8.0_121)[\r][\n]"
<2017-09-26 13:02:56> DEBUG [org.apache.http.wire] http-outgoing-1 >> "Cookie: JSESSIONID=F6E28E4994D1584E597DBDFCCCB1737E; fast_failed=true; fast_failed=true[\r][\n]"
<2017-09-26 13:02:56> DEBUG [org.apache.http.wire] http-outgoing-1 >> "Accept-Encoding: gzip,deflate[\r][\n]"
<2017-09-26 13:02:56> DEBUG [org.apache.http.wire] http-outgoing-1 >> "[\r][\n]"
<2017-09-26 13:02:56> DEBUG [org.apache.http.wire] http-outgoing-1 >> "{"id":"0","value":["Perfecto Mobile"]}"
<2017-09-26 13:02:56> DEBUG [org.apache.http.wire] http-outgoing-4 << "HTTP/1.1 200 OK[\r][\n]"
<2017-09-26 13:02:56> DEBUG [org.apache.http.wire] http-outgoing-4 << "Server: nginx[\r][\n]"
<2017-09-26 13:02:56> DEBUG [org.apache.http.wire] http-outgoing-4 << "Date: Tue, 26 Sep 2017 10:02:52 GMT[\r][\n]"
<2017-09-26 13:02:56> DEBUG [org.apache.http.wire] http-outgoing-4 << "Content-Type: application/json;charset=utf-8[\r][\n]"
<2017-09-26 13:02:56> DEBUG [org.apache.http.wire] http-outgoing-4 << "Transfer-Encoding: chunked[\r][\n]"
<2017-09-26 13:02:56> DEBUG [org.apache.http.wire] http-outgoing-4 << "Connection: keep-alive[\r][\n]"
<2017-09-26 13:02:56> DEBUG [org.apache.http.wire] http-outgoing-4 << "Set-Cookie: JSESSIONID=F6E28E4994D1584E597DBDFCCCB1737E; Path=/nexperience/; HttpOnly[\r][\n]"
<2017-09-26 13:02:56> DEBUG [org.apache.http.wire] http-outgoing-4 << "Expires: Thu, 01 Jan 1970 00:00:00 GMT[\r][\n]"
<2017-09-26 13:02:56> DEBUG [org.apache.http.wire] http-outgoing-4 << "Cache-Control: no-cache[\r][\n]"
<2017-09-26 13:02:56> DEBUG [org.apache.http.wire] http-outgoing-4 << "Cache-Control: no-cache[\r][\n]"
<2017-09-26 13:02:56> DEBUG [org.apache.http.wire] http-outgoing-4 << "Expires: Thu, 01 Jan 1970 00:00:00 GMT[\r][\n]"
<2017-09-26 13:02:56> DEBUG [org.apache.http.wire] http-outgoing-4 << "Set-Cookie: fast_failed=true[\r][\n]"
<2017-09-26 13:02:56> DEBUG [org.apache.http.wire] http-outgoing-4 << "X-XSS-Protection: 2; mode=block[\r][\n]"
<2017-09-26 13:02:56> DEBUG [org.apache.http.wire] http-outgoing-4 << "Content-Encoding: gzip[\r][\n]"
<2017-09-26 13:02:56> DEBUG [org.apache.http.wire] http-outgoing-4 << "[\r][\n]"
<2017-09-26 13:02:56> DEBUG [org.apache.http.wire] http-outgoing-4 << "a1[\r][\n]"
<2017-09-26 13:02:56> DEBUG [org.apache.http.wire] http-outgoing-4 << "[0x1f][0x8b][0x8][0x0][0x0][0x0][0x0][0x0][0x0][0x3]-[0x8d][0xcb][0xe][0xc2] [0x10][0x0][0xff]e[0xcf][0x85]@[0xe9][0xb][0xaf][0xa6][0x7][0x13][0xf5]`[0xfc][0x1][0x84]U[0x9b][0xb4]P[0xbb][0xc5]K[0xd3]]]>&#x7f;<![CDATA[w[0xf]^'3[0x99][\r][0x8][0x89][0x86][0x14]O[0x1][0xe]Pwh[0xdb]Zy[0xf1][0xa8]B#*[0xc]V8[0xad][0x8c]P[0xfa]i[0xad][0xc1][0xb6][0xe9]L[0x9][0x5][0xd0][0xea]Vd[0x9d][0xb2][0xf7]\3y[0x1f]S`[0xa2][0x1b][Z[0xab]:[0xa3][0xb][0xf8][0xba]13[0xda][0xa0]?[0xf7][0x97][0xfe]zg_[0xc1]^[0x80][0x1f][0x1d]'[0x7]H[0xcb]K[0xa6][0x19][0xe3][0xc7]I[0xc2][0x11][0xe3][0x90]'[0xb9][0xe0][0x94]V[0x94]7[0xa4]9E[0xc2][0xff]*[0xb3][0xae][0xf6][0x1f]'[0x1b]+[0x8e][0xaa][0x0][0x0][0x0][\r][\n]"
<2017-09-26 13:02:56> DEBUG [org.apache.http.wire] http-outgoing-4 << "0[\r][\n]"
<2017-09-26 13:02:56> DEBUG [org.apache.http.wire] http-outgoing-4 << "[\r][\n]"
<2017-09-26 13:02:56> DEBUG [org.apache.http.headers] http-outgoing-4 << HTTP/1.1 200 OK
<2017-09-26 13:02:56> DEBUG [org.apache.http.headers] http-outgoing-4 << Server: nginx
<2017-09-26 13:02:56> DEBUG [org.apache.http.headers] http-outgoing-4 << Date: Tue, 26 Sep 2017 10:02:52 GMT
<2017-09-26 13:02:56> DEBUG [org.apache.http.headers] http-outgoing-4 << Content-Type: application/json;charset=utf-8
<2017-09-26 13:02:56> DEBUG [org.apache.http.headers] http-outgoing-4 << Transfer-Encoding: chunked
<2017-09-26 13:02:56> DEBUG [org.apache.http.headers] http-outgoing-4 << Connection: keep-alive
<2017-09-26 13:02:56> DEBUG [org.apache.http.headers] http-outgoing-4 << Set-Cookie: JSESSIONID=F6E28E4994D1584E597DBDFCCCB1737E; Path=/nexperience/; HttpOnly
<2017-09-26 13:02:56> DEBUG [org.apache.http.headers] http-outgoing-4 << Expires: Thu, 01 Jan 1970 00:00:00 GMT
<2017-09-26 13:02:56> DEBUG [org.apache.http.headers] http-outgoing-4 << Cache-Control: no-cache
<2017-09-26 13:02:56> DEBUG [org.apache.http.headers] http-outgoing-4 << Cache-Control: no-cache
<2017-09-26 13:02:56> DEBUG [org.apache.http.headers] http-outgoing-4 << Expires: Thu, 01 Jan 1970 00:00:00 GMT
<2017-09-26 13:02:56> DEBUG [org.apache.http.headers] http-outgoing-4 << Set-Cookie: fast_failed=true
<2017-09-26 13:02:56> DEBUG [org.apache.http.headers] http-outgoing-4 << X-XSS-Protection: 2; mode=block
<2017-09-26 13:02:56> DEBUG [org.apache.http.headers] http-outgoing-4 << Content-Encoding: gzip
<2017-09-26 13:02:56> DEBUG [o.a.h.i.execchain.MainClientExec] Connection can be kept alive indefinitely
<2017-09-26 13:02:56> DEBUG [o.a.h.c.p.ResponseProcessCookies] Cookie accepted [JSESSIONID="F6E28E4994D1584E597DBDFCCCB1737E", version:0, domain:branchtest.perfectomobile.com, path:/nexperience/, expiry:null]
<2017-09-26 13:02:56> DEBUG [o.a.h.c.p.ResponseProcessCookies] Cookie accepted [fast_failed="true", version:0, domain:branchtest.perfectomobile.com, path:/nexperience/perfectomobile/wd/hub/session/58e9750c-b4d6-4ed9-a103-01f993e76832, expiry:null]
<2017-09-26 13:02:56> DEBUG [o.a.h.i.c.PoolingHttpClientConnectionManager] Connection [id: 4][route: {s}->https://branchtest.perfectomobile.com:443] can be kept alive indefinitely
<2017-09-26 13:02:56> DEBUG [o.a.h.i.c.PoolingHttpClientConnectionManager] Connection released: [id: 4][route: {s}->https://branchtest.perfectomobile.com:443][total kept alive: 3; route allocated: 5 of 2000; total allocated: 5 of 2000]
<2017-09-26 13:02:56> DEBUG [o.a.h.c.p.RequestAddCookies] CookieSpec selected: default
<2017-09-26 13:02:56> DEBUG [o.a.h.c.p.RequestAddCookies] Cookie [version: 0][name: JSESSIONID][value: F6E28E4994D1584E597DBDFCCCB1737E][domain: branchtest.perfectomobile.com][path: /nexperience/][expiry: null] match [(secure)branchtest.perfectomobile.com:443/nexperience/perfectomobile/wd/hub/session/58e9750c-b4d6-4ed9-a103-01f993e76832/element/0/value]
<2017-09-26 13:02:56> DEBUG [o.a.h.c.p.RequestAddCookies] Cookie [version: 0][name: fast_failed][value: true][domain: branchtest.perfectomobile.com][path: /nexperience/perfectomobile/wd/hub][expiry: null] match [(secure)branchtest.perfectomobile.com:443/nexperience/perfectomobile/wd/hub/session/58e9750c-b4d6-4ed9-a103-01f993e76832/element/0/value]
<2017-09-26 13:02:56> DEBUG [o.a.h.c.p.RequestAddCookies] Cookie [version: 0][name: fast_failed][value: true][domain: branchtest.perfectomobile.com][path: /nexperience/perfectomobile/wd/hub/session/58e9750c-b4d6-4ed9-a103-01f993e76832][expiry: null] match [(secure)branchtest.perfectomobile.com:443/nexperience/perfectomobile/wd/hub/session/58e9750c-b4d6-4ed9-a103-01f993e76832/element/0/value]
<2017-09-26 13:02:56> DEBUG [o.a.h.c.p.RequestAuthCache] Auth cache not set in the context
<2017-09-26 13:02:56> DEBUG [o.a.h.i.c.PoolingHttpClientConnectionManager] Connection request: [route: {s}->https://branchtest.perfectomobile.com:443][total kept alive: 3; route allocated: 5 of 2000; total allocated: 5 of 2000]
<2017-09-26 13:02:56> DEBUG [o.a.h.i.c.PoolingHttpClientConnectionManager] Connection leased: [id: 4][route: {s}->https://branchtest.perfectomobile.com:443][total kept alive: 2; route allocated: 5 of 2000; total allocated: 5 of 2000]
<2017-09-26 13:02:56> DEBUG [o.a.h.i.execchain.MainClientExec] Stale connection check
<2017-09-26 13:02:56> DEBUG [org.apache.http.wire] http-outgoing-4 << "[read] I/O error: Read timed out"
<2017-09-26 13:02:56> DEBUG [o.a.h.i.c.DefaultManagedHttpClientConnection] http-outgoing-4: set socket timeout to 10800000
<2017-09-26 13:02:56> DEBUG [o.a.h.i.execchain.MainClientExec] Executing request POST /nexperience/perfectomobile/wd/hub/session/58e9750c-b4d6-4ed9-a103-01f993e76832/element/0/value HTTP/1.1
<2017-09-26 13:02:56> DEBUG [o.a.h.i.execchain.MainClientExec] Target auth state: UNCHALLENGED
<2017-09-26 13:02:56> DEBUG [o.a.h.i.execchain.MainClientExec] Proxy auth state: UNCHALLENGED
<2017-09-26 13:02:56> DEBUG [org.apache.http.headers] http-outgoing-4 >> POST /nexperience/perfectomobile/wd/hub/session/58e9750c-b4d6-4ed9-a103-01f993e76832/element/0/value HTTP/1.1
<2017-09-26 13:02:56> DEBUG [org.apache.http.headers] http-outgoing-4 >> Content-Type: application/json; charset=utf-8
<2017-09-26 13:02:56> DEBUG [org.apache.http.headers] http-outgoing-4 >> Content-Length: 38
<2017-09-26 13:02:56> DEBUG [org.apache.http.headers] http-outgoing-4 >> Host: branchtest.perfectomobile.com
<2017-09-26 13:02:56> DEBUG [org.apache.http.headers] http-outgoing-4 >> Connection: Keep-Alive
<2017-09-26 13:02:56> DEBUG [org.apache.http.headers] http-outgoing-4 >> User-Agent: Apache-HttpClient/4.5.2 (Java/1.8.0_121)
<2017-09-26 13:02:56> DEBUG [org.apache.http.headers] http-outgoing-4 >> Cookie: JSESSIONID=F6E28E4994D1584E597DBDFCCCB1737E; fast_failed=true; fast_failed=true
<2017-09-26 13:02:56> DEBUG [org.apache.http.headers] http-outgoing-4 >> Accept-Encoding: gzip,deflate
<2017-09-26 13:02:56> DEBUG [org.apache.http.wire] http-outgoing-4 >> "POST /nexperience/perfectomobile/wd/hub/session/58e9750c-b4d6-4ed9-a103-01f993e76832/element/0/value HTTP/1.1[\r][\n]"
<2017-09-26 13:02:56> DEBUG [org.apache.http.wire] http-outgoing-4 >> "Content-Type: application/json; charset=utf-8[\r][\n]"
<2017-09-26 13:02:56> DEBUG [org.apache.http.wire] http-outgoing-4 >> "Content-Length: 38[\r][\n]"
<2017-09-26 13:02:56> DEBUG [org.apache.http.wire] http-outgoing-4 >> "Host: branchtest.perfectomobile.com[\r][\n]"
<2017-09-26 13:02:56> DEBUG [org.apache.http.wire] http-outgoing-4 >> "Connection: Keep-Alive[\r][\n]"
<2017-09-26 13:02:56> DEBUG [org.apache.http.wire] http-outgoing-4 >> "User-Agent: Apache-HttpClient/4.5.2 (Java/1.8.0_121)[\r][\n]"
<2017-09-26 13:02:56> DEBUG [org.apache.http.wire] http-outgoing-4 >> "Cookie: JSESSIONID=F6E28E4994D1584E597DBDFCCCB1737E; fast_failed=true; fast_failed=true[\r][\n]"
<2017-09-26 13:02:56> DEBUG [org.apache.http.wire] http-outgoing-4 >> "Accept-Encoding: gzip,deflate[\r][\n]"
<2017-09-26 13:02:56> DEBUG [org.apache.http.wire] http-outgoing-4 >> "[\r][\n]"
<2017-09-26 13:02:56> DEBUG [org.apache.http.wire] http-outgoing-4 >> "{"id":"0","value":["Perfecto Mobile"]}"
<2017-09-26 13:02:57> DEBUG [org.apache.http.wire] http-outgoing-1 << "HTTP/1.1 200 OK[\r][\n]"
<2017-09-26 13:02:57> DEBUG [org.apache.http.wire] http-outgoing-1 << "Server: nginx[\r][\n]"
<2017-09-26 13:02:57> DEBUG [org.apache.http.wire] http-outgoing-1 << "Date: Tue, 26 Sep 2017 10:02:53 GMT[\r][\n]"
<2017-09-26 13:02:57> DEBUG [org.apache.http.wire] http-outgoing-1 << "Content-Type: application/json;charset=utf-8[\r][\n]"
<2017-09-26 13:02:57> DEBUG [org.apache.http.wire] http-outgoing-1 << "Transfer-Encoding: chunked[\r][\n]"
<2017-09-26 13:02:57> DEBUG [org.apache.http.wire] http-outgoing-1 << "Connection: keep-alive[\r][\n]"
<2017-09-26 13:02:57> DEBUG [org.apache.http.wire] http-outgoing-1 << "Set-Cookie: JSESSIONID=F6E28E4994D1584E597DBDFCCCB1737E; Path=/nexperience/; HttpOnly[\r][\n]"
<2017-09-26 13:02:57> DEBUG [org.apache.http.wire] http-outgoing-1 << "Expires: Thu, 01 Jan 1970 00:00:00 GMT[\r][\n]"
<2017-09-26 13:02:57> DEBUG [org.apache.http.wire] http-outgoing-1 << "Cache-Control: no-cache[\r][\n]"
<2017-09-26 13:02:57> DEBUG [org.apache.http.wire] http-outgoing-1 << "Cache-Control: no-cache[\r][\n]"
<2017-09-26 13:02:57> DEBUG [org.apache.http.wire] http-outgoing-1 << "Expires: Thu, 01 Jan 1970 00:00:00 GMT[\r][\n]"
<2017-09-26 13:02:57> DEBUG [org.apache.http.wire] http-outgoing-1 << "Set-Cookie: fast_failed=true[\r][\n]"
<2017-09-26 13:02:57> DEBUG [org.apache.http.wire] http-outgoing-1 << "X-XSS-Protection: 2; mode=block[\r][\n]"
<2017-09-26 13:02:57> DEBUG [org.apache.http.wire] http-outgoing-1 << "Content-Encoding: gzip[\r][\n]"
<2017-09-26 13:02:57> DEBUG [org.apache.http.wire] http-outgoing-1 << "[\r][\n]"
<2017-09-26 13:02:57> DEBUG [org.apache.http.wire] http-outgoing-1 << "97[\r][\n]"
<2017-09-26 13:02:57> DEBUG [org.apache.http.wire] http-outgoing-1 << "[0x1f][0x8b][0x8][0x0][0x0][0x0][0x0][0x0][0x0][0x3]-[0xcc][0xbb][0x12][0x82]0[0x10][0x85][0xe1]w[0xd9]:[0xc9][0x80]!7Z+[[0xdf] [0x84]U[0x99][0x9][0x9][0xb0][0xc4][0xc6][0xf1][0xdd][0xdd][0xc2][0xf6][0x9f][0xef][0x9c][0xf][0x10][0x12]-[0xb5][0xdc]f[0x18]![0xa1][0xf5]S]]>&#x7f;<![CDATA[[0xe9][0xa4][0xb5][0xc1][0xca]![0x9a]Y[0xfa][0xa0][0xbd]t[0xe9]1L[0x13]z[0xaf][0xfb][0x0][0x2][0xe8][0x8c]'2[0xa7][0x96][0x12][0xaf][0xb9][0xbc][0xae]u[0xe6][0xd2]w[0xc6][0x5][0xa7][0x9d]7[0x2][0xde]17N[0xa5][0xe5], [0xe5][0xc8]n[0x84]z<U[0xdd][0xb0][0xec]Q[0x11]f,K[[0xd5][0x81]k=Q[0xdd][0x91][0xb6]Z[0x8][0xff][0xff][0x8d]y[0xf7][0xfd][0x1][0x94][0xff]4[0xe][0x9f][0x0][0x0][0x0][\r][\n]"
<2017-09-26 13:02:57> DEBUG [org.apache.http.wire] http-outgoing-1 << "0[\r][\n]"
<2017-09-26 13:02:57> DEBUG [org.apache.http.wire] http-outgoing-1 << "[\r][\n]"
<2017-09-26 13:02:57> DEBUG [org.apache.http.headers] http-outgoing-1 << HTTP/1.1 200 OK
<2017-09-26 13:02:57> DEBUG [org.apache.http.headers] http-outgoing-1 << Server: nginx
<2017-09-26 13:02:57> DEBUG [org.apache.http.headers] http-outgoing-1 << Date: Tue, 26 Sep 2017 10:02:53 GMT
<2017-09-26 13:02:57> DEBUG [org.apache.http.headers] http-outgoing-1 << Content-Type: application/json;charset=utf-8
<2017-09-26 13:02:57> DEBUG [org.apache.http.headers] http-outgoing-1 << Transfer-Encoding: chunked
<2017-09-26 13:02:57> DEBUG [org.apache.http.headers] http-outgoing-1 << Connection: keep-alive
<2017-09-26 13:02:57> DEBUG [org.apache.http.headers] http-outgoing-1 << Set-Cookie: JSESSIONID=F6E28E4994D1584E597DBDFCCCB1737E; Path=/nexperience/; HttpOnly
<2017-09-26 13:02:57> DEBUG [org.apache.http.headers] http-outgoing-1 << Expires: Thu, 01 Jan 1970 00:00:00 GMT
<2017-09-26 13:02:57> DEBUG [org.apache.http.headers] http-outgoing-1 << Cache-Control: no-cache
<2017-09-26 13:02:57> DEBUG [org.apache.http.headers] http-outgoing-1 << Cache-Control: no-cache
<2017-09-26 13:02:57> DEBUG [org.apache.http.headers] http-outgoing-1 << Expires: Thu, 01 Jan 1970 00:00:00 GMT
<2017-09-26 13:02:57> DEBUG [org.apache.http.headers] http-outgoing-1 << Set-Cookie: fast_failed=true
<2017-09-26 13:02:57> DEBUG [org.apache.http.headers] http-outgoing-1 << X-XSS-Protection: 2; mode=block
<2017-09-26 13:02:57> DEBUG [org.apache.http.headers] http-outgoing-1 << Content-Encoding: gzip
<2017-09-26 13:02:57> DEBUG [o.a.h.i.execchain.MainClientExec] Connection can be kept alive indefinitely
<2017-09-26 13:02:57> DEBUG [o.a.h.c.p.ResponseProcessCookies] Cookie accepted [JSESSIONID="F6E28E4994D1584E597DBDFCCCB1737E", version:0, domain:branchtest.perfectomobile.com, path:/nexperience/, expiry:null]
<2017-09-26 13:02:57> DEBUG [o.a.h.c.p.ResponseProcessCookies] Cookie accepted [fast_failed="true", version:0, domain:branchtest.perfectomobile.com, path:/nexperience/perfectomobile/wd/hub/session/ce68b120-6696-4a5d-8938-7cf4bbe88319/element/0, expiry:null]
<2017-09-26 13:02:57> DEBUG [o.a.h.i.c.PoolingHttpClientConnectionManager] Connection [id: 1][route: {s}->https://branchtest.perfectomobile.com:443] can be kept alive indefinitely
<2017-09-26 13:02:57> DEBUG [o.a.h.i.c.PoolingHttpClientConnectionManager] Connection released: [id: 1][route: {s}->https://branchtest.perfectomobile.com:443][total kept alive: 3; route allocated: 5 of 2000; total allocated: 5 of 2000]
<2017-09-26 13:02:57> DEBUG [o.a.h.c.p.RequestAddCookies] CookieSpec selected: default
<2017-09-26 13:02:57> DEBUG [o.a.h.c.p.RequestAddCookies] Cookie [version: 0][name: JSESSIONID][value: F6E28E4994D1584E597DBDFCCCB1737E][domain: branchtest.perfectomobile.com][path: /nexperience/][expiry: null] match [(secure)branchtest.perfectomobile.com:443/nexperience/perfectomobile/wd/hub/session/ce68b120-6696-4a5d-8938-7cf4bbe88319/element/0/submit]
<2017-09-26 13:02:57> DEBUG [o.a.h.c.p.RequestAddCookies] Cookie [version: 0][name: fast_failed][value: true][domain: branchtest.perfectomobile.com][path: /nexperience/perfectomobile/wd/hub][expiry: null] match [(secure)branchtest.perfectomobile.com:443/nexperience/perfectomobile/wd/hub/session/ce68b120-6696-4a5d-8938-7cf4bbe88319/element/0/submit]
<2017-09-26 13:02:57> DEBUG [o.a.h.c.p.RequestAddCookies] Cookie [version: 0][name: fast_failed][value: true][domain: branchtest.perfectomobile.com][path: /nexperience/perfectomobile/wd/hub/session/ce68b120-6696-4a5d-8938-7cf4bbe88319][expiry: null] match [(secure)branchtest.perfectomobile.com:443/nexperience/perfectomobile/wd/hub/session/ce68b120-6696-4a5d-8938-7cf4bbe88319/element/0/submit]
<2017-09-26 13:02:57> DEBUG [o.a.h.c.p.RequestAddCookies] Cookie [version: 0][name: fast_failed][value: true][domain: branchtest.perfectomobile.com][path: /nexperience/perfectomobile/wd/hub/session/ce68b120-6696-4a5d-8938-7cf4bbe88319/element/0][expiry: null] match [(secure)branchtest.perfectomobile.com:443/nexperience/perfectomobile/wd/hub/session/ce68b120-6696-4a5d-8938-7cf4bbe88319/element/0/submit]
<2017-09-26 13:02:57> DEBUG [o.a.h.c.p.RequestAuthCache] Auth cache not set in the context
<2017-09-26 13:02:57> DEBUG [o.a.h.i.c.PoolingHttpClientConnectionManager] Connection request: [route: {s}->https://branchtest.perfectomobile.com:443][total kept alive: 3; route allocated: 5 of 2000; total allocated: 5 of 2000]
<2017-09-26 13:02:57> DEBUG [o.a.h.i.c.PoolingHttpClientConnectionManager] Connection leased: [id: 1][route: {s}->https://branchtest.perfectomobile.com:443][total kept alive: 2; route allocated: 5 of 2000; total allocated: 5 of 2000]
<2017-09-26 13:02:57> DEBUG [o.a.h.i.execchain.MainClientExec] Stale connection check
<2017-09-26 13:02:57> DEBUG [org.apache.http.wire] http-outgoing-1 << "[read] I/O error: Read timed out"
<2017-09-26 13:02:57> DEBUG [o.a.h.i.c.DefaultManagedHttpClientConnection] http-outgoing-1: set socket timeout to 10800000
<2017-09-26 13:02:57> DEBUG [o.a.h.i.execchain.MainClientExec] Executing request POST /nexperience/perfectomobile/wd/hub/session/ce68b120-6696-4a5d-8938-7cf4bbe88319/element/0/submit HTTP/1.1
<2017-09-26 13:02:57> DEBUG [o.a.h.i.execchain.MainClientExec] Target auth state: UNCHALLENGED
<2017-09-26 13:02:57> DEBUG [o.a.h.i.execchain.MainClientExec] Proxy auth state: UNCHALLENGED
<2017-09-26 13:02:57> DEBUG [org.apache.http.headers] http-outgoing-1 >> POST /nexperience/perfectomobile/wd/hub/session/ce68b120-6696-4a5d-8938-7cf4bbe88319/element/0/submit HTTP/1.1
<2017-09-26 13:02:57> DEBUG [org.apache.http.headers] http-outgoing-1 >> Content-Type: application/json; charset=utf-8
<2017-09-26 13:02:57> DEBUG [org.apache.http.headers] http-outgoing-1 >> Content-Length: 10
<2017-09-26 13:02:57> DEBUG [org.apache.http.headers] http-outgoing-1 >> Host: branchtest.perfectomobile.com
<2017-09-26 13:02:57> DEBUG [org.apache.http.headers] http-outgoing-1 >> Connection: Keep-Alive
<2017-09-26 13:02:57> DEBUG [org.apache.http.headers] http-outgoing-1 >> User-Agent: Apache-HttpClient/4.5.2 (Java/1.8.0_121)
<2017-09-26 13:02:57> DEBUG [org.apache.http.headers] http-outgoing-1 >> Cookie: JSESSIONID=F6E28E4994D1584E597DBDFCCCB1737E; fast_failed=true; fast_failed=true; fast_failed=true
<2017-09-26 13:02:57> DEBUG [org.apache.http.headers] http-outgoing-1 >> Accept-Encoding: gzip,deflate
<2017-09-26 13:02:57> DEBUG [org.apache.http.wire] http-outgoing-1 >> "POST /nexperience/perfectomobile/wd/hub/session/ce68b120-6696-4a5d-8938-7cf4bbe88319/element/0/submit HTTP/1.1[\r][\n]"
<2017-09-26 13:02:57> DEBUG [org.apache.http.wire] http-outgoing-1 >> "Content-Type: application/json; charset=utf-8[\r][\n]"
<2017-09-26 13:02:57> DEBUG [org.apache.http.wire] http-outgoing-1 >> "Content-Length: 10[\r][\n]"
<2017-09-26 13:02:57> DEBUG [org.apache.http.wire] http-outgoing-1 >> "Host: branchtest.perfectomobile.com[\r][\n]"
<2017-09-26 13:02:57> DEBUG [org.apache.http.wire] http-outgoing-1 >> "Connection: Keep-Alive[\r][\n]"
<2017-09-26 13:02:57> DEBUG [org.apache.http.wire] http-outgoing-1 >> "User-Agent: Apache-HttpClient/4.5.2 (Java/1.8.0_121)[\r][\n]"
<2017-09-26 13:02:57> DEBUG [org.apache.http.wire] http-outgoing-1 >> "Cookie: JSESSIONID=F6E28E4994D1584E597DBDFCCCB1737E; fast_failed=true; fast_failed=true; fast_failed=true[\r][\n]"
<2017-09-26 13:02:57> DEBUG [org.apache.http.wire] http-outgoing-1 >> "Accept-Encoding: gzip,deflate[\r][\n]"
<2017-09-26 13:02:57> DEBUG [org.apache.http.wire] http-outgoing-1 >> "[\r][\n]"
<2017-09-26 13:02:57> DEBUG [org.apache.http.wire] http-outgoing-1 >> "{"id":"0"}"
<2017-09-26 13:02:57> DEBUG [org.apache.http.wire] http-outgoing-1 << "HTTP/1.1 200 OK[\r][\n]"
<2017-09-26 13:02:57> DEBUG [org.apache.http.wire] http-outgoing-1 << "Server: nginx[\r][\n]"
<2017-09-26 13:02:57> DEBUG [org.apache.http.wire] http-outgoing-1 << "Date: Tue, 26 Sep 2017 10:02:53 GMT[\r][\n]"
<2017-09-26 13:02:57> DEBUG [org.apache.http.wire] http-outgoing-1 << "Content-Type: application/json;charset=utf-8[\r][\n]"
<2017-09-26 13:02:57> DEBUG [org.apache.http.wire] http-outgoing-1 << "Transfer-Encoding: chunked[\r][\n]"
<2017-09-26 13:02:57> DEBUG [org.apache.http.wire] http-outgoing-1 << "Connection: keep-alive[\r][\n]"
<2017-09-26 13:02:57> DEBUG [org.apache.http.wire] http-outgoing-1 << "Set-Cookie: JSESSIONID=F6E28E4994D1584E597DBDFCCCB1737E; Path=/nexperience/; HttpOnly[\r][\n]"
<2017-09-26 13:02:57> DEBUG [org.apache.http.wire] http-outgoing-1 << "Expires: Thu, 01 Jan 1970 00:00:00 GMT[\r][\n]"
<2017-09-26 13:02:57> DEBUG [org.apache.http.wire] http-outgoing-1 << "Cache-Control: no-cache[\r][\n]"
<2017-09-26 13:02:57> DEBUG [org.apache.http.wire] http-outgoing-1 << "Cache-Control: no-cache[\r][\n]"
<2017-09-26 13:02:57> DEBUG [org.apache.http.wire] http-outgoing-1 << "Expires: Thu, 01 Jan 1970 00:00:00 GMT[\r][\n]"
<2017-09-26 13:02:57> DEBUG [org.apache.http.wire] http-outgoing-1 << "Set-Cookie: fast_failed=true[\r][\n]"
<2017-09-26 13:02:57> DEBUG [org.apache.http.wire] http-outgoing-1 << "X-XSS-Protection: 2; mode=block[\r][\n]"
<2017-09-26 13:02:57> DEBUG [org.apache.http.wire] http-outgoing-1 << "Content-Encoding: gzip[\r][\n]"
<2017-09-26 13:02:57> DEBUG [org.apache.http.wire] http-outgoing-1 << "[\r][\n]"
<2017-09-26 13:02:57> DEBUG [org.apache.http.wire] http-outgoing-1 << "95[\r][\n]"
<2017-09-26 13:02:57> DEBUG [org.apache.http.wire] http-outgoing-1 << "[0x1f][0x8b][0x8][0x0][0x0][0x0][0x0][0x0][0x0][0x3]-[0xcc][0xbb][0x12][0xc2] [0x10][0x85][0xe1]w[0xd9][0x1a][0x18]0[0x91]@Z+[[0xdf][0x80][0xcb][0xaa][0x99]![0x10][0xb3][0xc1][0xc6][0xf1][0xdd][0xdd][0xc2][0xf6][0x9f][0xef][0x9c][0xf][0x10][0x12]-[0xad]^3[0xcc][0x90][0xd0][0xba]hNZZ[0xeb][0xad][0x1c][0xc3]9K[0xe7][0x7]'[0xa7]t[0x1f]cD[0xe7][0x6][0xe3]A[0x0][0x1d][0xe1]@[0xe6][0xd4]S[0xe2]5[0x97][0xe7][0xa5]e.[0x86][0x85][0x9e][0xb4][0xf1]N[0xc0];[0x94][0xce][0xa9][0xf6]R[0x4][0xa4][0x12][0xd8][0xcd][0xd0][0xf6][0x87]j[0x1b][0xd6]WP[0x84][0x5][0xeb][0xd2]W[0xb5][0xe3][0xda][0xe]T7[0xa4][0xad]U[0xc2][0xff]]]>&#x7f;<![CDATA[g[0xae][0xbf]?+[0x8][0xa6]G[0x9f][0x0][0x0][0x0][\r][\n]"
<2017-09-26 13:02:57> DEBUG [org.apache.http.wire] http-outgoing-1 << "0[\r][\n]"
<2017-09-26 13:02:57> DEBUG [org.apache.http.wire] http-outgoing-1 << "[\r][\n]"
<2017-09-26 13:02:57> DEBUG [org.apache.http.headers] http-outgoing-1 << HTTP/1.1 200 OK
<2017-09-26 13:02:57> DEBUG [org.apache.http.headers] http-outgoing-1 << Server: nginx
<2017-09-26 13:02:57> DEBUG [org.apache.http.headers] http-outgoing-1 << Date: Tue, 26 Sep 2017 10:02:53 GMT
<2017-09-26 13:02:57> DEBUG [org.apache.http.headers] http-outgoing-1 << Content-Type: application/json;charset=utf-8
<2017-09-26 13:02:57> DEBUG [org.apache.http.headers] http-outgoing-1 << Transfer-Encoding: chunked
<2017-09-26 13:02:57> DEBUG [org.apache.http.headers] http-outgoing-1 << Connection: keep-alive
<2017-09-26 13:02:57> DEBUG [org.apache.http.headers] http-outgoing-1 << Set-Cookie: JSESSIONID=F6E28E4994D1584E597DBDFCCCB1737E; Path=/nexperience/; HttpOnly
<2017-09-26 13:02:57> DEBUG [org.apache.http.headers] http-outgoing-1 << Expires: Thu, 01 Jan 1970 00:00:00 GMT
<2017-09-26 13:02:57> DEBUG [org.apache.http.headers] http-outgoing-1 << Cache-Control: no-cache
<2017-09-26 13:02:57> DEBUG [org.apache.http.headers] http-outgoing-1 << Cache-Control: no-cache
<2017-09-26 13:02:57> DEBUG [org.apache.http.headers] http-outgoing-1 << Expires: Thu, 01 Jan 1970 00:00:00 GMT
<2017-09-26 13:02:57> DEBUG [org.apache.http.headers] http-outgoing-1 << Set-Cookie: fast_failed=true
<2017-09-26 13:02:57> DEBUG [org.apache.http.headers] http-outgoing-1 << X-XSS-Protection: 2; mode=block
<2017-09-26 13:02:57> DEBUG [org.apache.http.headers] http-outgoing-1 << Content-Encoding: gzip
<2017-09-26 13:02:57> DEBUG [o.a.h.i.execchain.MainClientExec] Connection can be kept alive indefinitely
<2017-09-26 13:02:57> DEBUG [o.a.h.c.p.ResponseProcessCookies] Cookie accepted [JSESSIONID="F6E28E4994D1584E597DBDFCCCB1737E", version:0, domain:branchtest.perfectomobile.com, path:/nexperience/, expiry:null]
<2017-09-26 13:02:57> DEBUG [o.a.h.c.p.ResponseProcessCookies] Cookie accepted [fast_failed="true", version:0, domain:branchtest.perfectomobile.com, path:/nexperience/perfectomobile/wd/hub/session/ce68b120-6696-4a5d-8938-7cf4bbe88319/element/0, expiry:null]
<2017-09-26 13:02:57> DEBUG [o.a.h.i.c.PoolingHttpClientConnectionManager] Connection [id: 1][route: {s}->https://branchtest.perfectomobile.com:443] can be kept alive indefinitely
<2017-09-26 13:02:57> DEBUG [o.a.h.i.c.PoolingHttpClientConnectionManager] Connection released: [id: 1][route: {s}->https://branchtest.perfectomobile.com:443][total kept alive: 3; route allocated: 5 of 2000; total allocated: 5 of 2000]
<2017-09-26 13:02:57> DEBUG [o.a.h.c.p.RequestAddCookies] CookieSpec selected: default
<2017-09-26 13:02:57> DEBUG [o.a.h.c.p.RequestAddCookies] Cookie [version: 0][name: JSESSIONID][value: F6E28E4994D1584E597DBDFCCCB1737E][domain: branchtest.perfectomobile.com][path: /nexperience/][expiry: null] match [(secure)branchtest.perfectomobile.com:443/nexperience/perfectomobile/wd/hub/session/ce68b120-6696-4a5d-8938-7cf4bbe88319/title]
<2017-09-26 13:02:57> DEBUG [o.a.h.c.p.RequestAddCookies] Cookie [version: 0][name: fast_failed][value: true][domain: branchtest.perfectomobile.com][path: /nexperience/perfectomobile/wd/hub][expiry: null] match [(secure)branchtest.perfectomobile.com:443/nexperience/perfectomobile/wd/hub/session/ce68b120-6696-4a5d-8938-7cf4bbe88319/title]
<2017-09-26 13:02:57> DEBUG [o.a.h.c.p.RequestAddCookies] Cookie [version: 0][name: fast_failed][value: true][domain: branchtest.perfectomobile.com][path: /nexperience/perfectomobile/wd/hub/session/ce68b120-6696-4a5d-8938-7cf4bbe88319][expiry: null] match [(secure)branchtest.perfectomobile.com:443/nexperience/perfectomobile/wd/hub/session/ce68b120-6696-4a5d-8938-7cf4bbe88319/title]
<2017-09-26 13:02:57> DEBUG [o.a.h.c.p.RequestAuthCache] Auth cache not set in the context
<2017-09-26 13:02:57> DEBUG [o.a.h.i.c.PoolingHttpClientConnectionManager] Connection request: [route: {s}->https://branchtest.perfectomobile.com:443][total kept alive: 3; route allocated: 5 of 2000; total allocated: 5 of 2000]
<2017-09-26 13:02:57> DEBUG [o.a.h.i.c.PoolingHttpClientConnectionManager] Connection leased: [id: 1][route: {s}->https://branchtest.perfectomobile.com:443][total kept alive: 2; route allocated: 5 of 2000; total allocated: 5 of 2000]
<2017-09-26 13:02:57> DEBUG [o.a.h.i.execchain.MainClientExec] Stale connection check
<2017-09-26 13:02:57> DEBUG [org.apache.http.wire] http-outgoing-1 << "[read] I/O error: Read timed out"
<2017-09-26 13:02:57> DEBUG [o.a.h.i.c.DefaultManagedHttpClientConnection] http-outgoing-1: set socket timeout to 10800000
<2017-09-26 13:02:57> DEBUG [o.a.h.i.execchain.MainClientExec] Executing request GET /nexperience/perfectomobile/wd/hub/session/ce68b120-6696-4a5d-8938-7cf4bbe88319/title HTTP/1.1
<2017-09-26 13:02:57> DEBUG [o.a.h.i.execchain.MainClientExec] Target auth state: UNCHALLENGED
<2017-09-26 13:02:57> DEBUG [o.a.h.i.execchain.MainClientExec] Proxy auth state: UNCHALLENGED
<2017-09-26 13:02:57> DEBUG [org.apache.http.headers] http-outgoing-1 >> GET /nexperience/perfectomobile/wd/hub/session/ce68b120-6696-4a5d-8938-7cf4bbe88319/title HTTP/1.1
<2017-09-26 13:02:57> DEBUG [org.apache.http.headers] http-outgoing-1 >> Cache-Control: no-cache
<2017-09-26 13:02:57> DEBUG [org.apache.http.headers] http-outgoing-1 >> Host: branchtest.perfectomobile.com
<2017-09-26 13:02:57> DEBUG [org.apache.http.headers] http-outgoing-1 >> Connection: Keep-Alive
<2017-09-26 13:02:57> DEBUG [org.apache.http.headers] http-outgoing-1 >> User-Agent: Apache-HttpClient/4.5.2 (Java/1.8.0_121)
<2017-09-26 13:02:57> DEBUG [org.apache.http.headers] http-outgoing-1 >> Cookie: JSESSIONID=F6E28E4994D1584E597DBDFCCCB1737E; fast_failed=true; fast_failed=true
<2017-09-26 13:02:57> DEBUG [org.apache.http.headers] http-outgoing-1 >> Accept-Encoding: gzip,deflate
<2017-09-26 13:02:57> DEBUG [org.apache.http.wire] http-outgoing-1 >> "GET /nexperience/perfectomobile/wd/hub/session/ce68b120-6696-4a5d-8938-7cf4bbe88319/title HTTP/1.1[\r][\n]"
<2017-09-26 13:02:57> DEBUG [org.apache.http.wire] http-outgoing-1 >> "Cache-Control: no-cache[\r][\n]"
<2017-09-26 13:02:57> DEBUG [org.apache.http.wire] http-outgoing-1 >> "Host: branchtest.perfectomobile.com[\r][\n]"
<2017-09-26 13:02:57> DEBUG [org.apache.http.wire] http-outgoing-1 >> "Connection: Keep-Alive[\r][\n]"
<2017-09-26 13:02:57> DEBUG [org.apache.http.wire] http-outgoing-1 >> "User-Agent: Apache-HttpClient/4.5.2 (Java/1.8.0_121)[\r][\n]"
<2017-09-26 13:02:57> DEBUG [org.apache.http.wire] http-outgoing-1 >> "Cookie: JSESSIONID=F6E28E4994D1584E597DBDFCCCB1737E; fast_failed=true; fast_failed=true[\r][\n]"
<2017-09-26 13:02:57> DEBUG [org.apache.http.wire] http-outgoing-1 >> "Accept-Encoding: gzip,deflate[\r][\n]"
<2017-09-26 13:02:57> DEBUG [org.apache.http.wire] http-outgoing-1 >> "[\r][\n]"
<2017-09-26 13:02:57> DEBUG [org.apache.http.wire] http-outgoing-4 << "HTTP/1.1 200 OK[\r][\n]"
<2017-09-26 13:02:57> DEBUG [org.apache.http.wire] http-outgoing-4 << "Server: nginx[\r][\n]"
<2017-09-26 13:02:57> DEBUG [org.apache.http.wire] http-outgoing-4 << "Date: Tue, 26 Sep 2017 10:02:53 GMT[\r][\n]"
<2017-09-26 13:02:57> DEBUG [org.apache.http.wire] http-outgoing-4 << "Content-Type: application/json;charset=utf-8[\r][\n]"
<2017-09-26 13:02:57> DEBUG [org.apache.http.wire] http-outgoing-4 << "Transfer-Encoding: chunked[\r][\n]"
<2017-09-26 13:02:57> DEBUG [org.apache.http.wire] http-outgoing-4 << "Connection: keep-alive[\r][\n]"
<2017-09-26 13:02:57> DEBUG [org.apache.http.wire] http-outgoing-4 << "Set-Cookie: JSESSIONID=F6E28E4994D1584E597DBDFCCCB1737E; Path=/nexperience/; HttpOnly[\r][\n]"
<2017-09-26 13:02:57> DEBUG [org.apache.http.wire] http-outgoing-4 << "Expires: Thu, 01 Jan 1970 00:00:00 GMT[\r][\n]"
<2017-09-26 13:02:57> DEBUG [org.apache.http.wire] http-outgoing-4 << "Cache-Control: no-cache[\r][\n]"
<2017-09-26 13:02:57> DEBUG [org.apache.http.wire] http-outgoing-4 << "Cache-Control: no-cache[\r][\n]"
<2017-09-26 13:02:57> DEBUG [org.apache.http.wire] http-outgoing-4 << "Expires: Thu, 01 Jan 1970 00:00:00 GMT[\r][\n]"
<2017-09-26 13:02:57> DEBUG [org.apache.http.wire] http-outgoing-4 << "Set-Cookie: fast_failed=true[\r][\n]"
<2017-09-26 13:02:57> DEBUG [org.apache.http.wire] http-outgoing-4 << "X-XSS-Protection: 2; mode=block[\r][\n]"
<2017-09-26 13:02:57> DEBUG [org.apache.http.wire] http-outgoing-4 << "Content-Encoding: gzip[\r][\n]"
<2017-09-26 13:02:57> DEBUG [org.apache.http.wire] http-outgoing-4 << "[\r][\n]"
<2017-09-26 13:02:57> DEBUG [org.apache.http.wire] http-outgoing-4 << "96[\r][\n]"
<2017-09-26 13:02:57> DEBUG [org.apache.http.wire] http-outgoing-4 << "[0x1f][0x8b][0x8][0x0][0x0][0x0][0x0][0x0][0x0][0x3]-[0xcc]1[0x12][0xc2] [0x10][0x85][0xe1][0xbb]l[\r][0xc]$[0x81][0x84][0xb4]V[0xb6][0xde][0x0]a[0xd5][0xcc][0x10]H[0xb2][0xc1][0xc6][0xf1][0xee]na[0xfb][0xcf][0xf7][0xde][0x7][0x8][0x89][0x96]Z[0xae][0x9]f[0xb0][0x13][0xfa][0xd1][0xea]([0xef]Crr[0xc0][0xe4]e0[0xba][0x97][0xda]<[0xbc][0xef]qtS[0xdf][0x81][0x0]:[0xc3][0x89][0xcc][0xa9][0xc5][0xc8]k.[0xaf]KM\[0x8c][0xed][0xbc]u[0x93]7[0x83][0x80]w[0xc8][0x8d]Si9[0xb][0x88]9[0xb0][0x9b][0xa1][0x1e]OU7,{P[0x84][0x19][0xcb][0xd2]Vu[0xe0]ZOT7[0xa4][0xad][0x16][0xc2][0xff]]]>&#x7f;<![CDATA[c[0xae][0xbf]?[0xcf][0x85][0xc5][0x6][0x9f][0x0][0x0][0x0][\r][\n]"
<2017-09-26 13:02:57> DEBUG [org.apache.http.wire] http-outgoing-4 << "0[\r][\n]"
<2017-09-26 13:02:57> DEBUG [org.apache.http.wire] http-outgoing-4 << "[\r][\n]"
<2017-09-26 13:02:57> DEBUG [org.apache.http.headers] http-outgoing-4 << HTTP/1.1 200 OK
<2017-09-26 13:02:57> DEBUG [org.apache.http.headers] http-outgoing-4 << Server: nginx
<2017-09-26 13:02:57> DEBUG [org.apache.http.headers] http-outgoing-4 << Date: Tue, 26 Sep 2017 10:02:53 GMT
<2017-09-26 13:02:57> DEBUG [org.apache.http.headers] http-outgoing-4 << Content-Type: application/json;charset=utf-8
<2017-09-26 13:02:57> DEBUG [org.apache.http.headers] http-outgoing-4 << Transfer-Encoding: chunked
<2017-09-26 13:02:57> DEBUG [org.apache.http.headers] http-outgoing-4 << Connection: keep-alive
<2017-09-26 13:02:57> DEBUG [org.apache.http.headers] http-outgoing-4 << Set-Cookie: JSESSIONID=F6E28E4994D1584E597DBDFCCCB1737E; Path=/nexperience/; HttpOnly
<2017-09-26 13:02:57> DEBUG [org.apache.http.headers] http-outgoing-4 << Expires: Thu, 01 Jan 1970 00:00:00 GMT
<2017-09-26 13:02:57> DEBUG [org.apache.http.headers] http-outgoing-4 << Cache-Control: no-cache
<2017-09-26 13:02:57> DEBUG [org.apache.http.headers] http-outgoing-4 << Cache-Control: no-cache
<2017-09-26 13:02:57> DEBUG [org.apache.http.headers] http-outgoing-4 << Expires: Thu, 01 Jan 1970 00:00:00 GMT
<2017-09-26 13:02:57> DEBUG [org.apache.http.headers] http-outgoing-4 << Set-Cookie: fast_failed=true
<2017-09-26 13:02:57> DEBUG [org.apache.http.headers] http-outgoing-4 << X-XSS-Protection: 2; mode=block
<2017-09-26 13:02:57> DEBUG [org.apache.http.headers] http-outgoing-4 << Content-Encoding: gzip
<2017-09-26 13:02:57> DEBUG [o.a.h.i.execchain.MainClientExec] Connection can be kept alive indefinitely
<2017-09-26 13:02:57> DEBUG [o.a.h.c.p.ResponseProcessCookies] Cookie accepted [JSESSIONID="F6E28E4994D1584E597DBDFCCCB1737E", version:0, domain:branchtest.perfectomobile.com, path:/nexperience/, expiry:null]
<2017-09-26 13:02:57> DEBUG [o.a.h.c.p.ResponseProcessCookies] Cookie accepted [fast_failed="true", version:0, domain:branchtest.perfectomobile.com, path:/nexperience/perfectomobile/wd/hub/session/58e9750c-b4d6-4ed9-a103-01f993e76832/element/0, expiry:null]
<2017-09-26 13:02:57> DEBUG [o.a.h.i.c.PoolingHttpClientConnectionManager] Connection [id: 4][route: {s}->https://branchtest.perfectomobile.com:443] can be kept alive indefinitely
<2017-09-26 13:02:57> DEBUG [o.a.h.i.c.PoolingHttpClientConnectionManager] Connection released: [id: 4][route: {s}->https://branchtest.perfectomobile.com:443][total kept alive: 3; route allocated: 5 of 2000; total allocated: 5 of 2000]
<2017-09-26 13:02:57> DEBUG [o.a.h.c.p.RequestAddCookies] CookieSpec selected: default
<2017-09-26 13:02:57> DEBUG [o.a.h.c.p.RequestAddCookies] Cookie [version: 0][name: JSESSIONID][value: F6E28E4994D1584E597DBDFCCCB1737E][domain: branchtest.perfectomobile.com][path: /nexperience/][expiry: null] match [(secure)branchtest.perfectomobile.com:443/nexperience/perfectomobile/wd/hub/session/58e9750c-b4d6-4ed9-a103-01f993e76832/element/0/submit]
<2017-09-26 13:02:57> DEBUG [o.a.h.c.p.RequestAddCookies] Cookie [version: 0][name: fast_failed][value: true][domain: branchtest.perfectomobile.com][path: /nexperience/perfectomobile/wd/hub][expiry: null] match [(secure)branchtest.perfectomobile.com:443/nexperience/perfectomobile/wd/hub/session/58e9750c-b4d6-4ed9-a103-01f993e76832/element/0/submit]
<2017-09-26 13:02:57> DEBUG [o.a.h.c.p.RequestAddCookies] Cookie [version: 0][name: fast_failed][value: true][domain: branchtest.perfectomobile.com][path: /nexperience/perfectomobile/wd/hub/session/58e9750c-b4d6-4ed9-a103-01f993e76832][expiry: null] match [(secure)branchtest.perfectomobile.com:443/nexperience/perfectomobile/wd/hub/session/58e9750c-b4d6-4ed9-a103-01f993e76832/element/0/submit]
<2017-09-26 13:02:57> DEBUG [o.a.h.c.p.RequestAddCookies] Cookie [version: 0][name: fast_failed][value: true][domain: branchtest.perfectomobile.com][path: /nexperience/perfectomobile/wd/hub/session/58e9750c-b4d6-4ed9-a103-01f993e76832/element/0][expiry: null] match [(secure)branchtest.perfectomobile.com:443/nexperience/perfectomobile/wd/hub/session/58e9750c-b4d6-4ed9-a103-01f993e76832/element/0/submit]
<2017-09-26 13:02:57> DEBUG [o.a.h.c.p.RequestAuthCache] Auth cache not set in the context
<2017-09-26 13:02:57> DEBUG [o.a.h.i.c.PoolingHttpClientConnectionManager] Connection request: [route: {s}->https://branchtest.perfectomobile.com:443][total kept alive: 3; route allocated: 5 of 2000; total allocated: 5 of 2000]
<2017-09-26 13:02:57> DEBUG [o.a.h.i.c.PoolingHttpClientConnectionManager] Connection leased: [id: 4][route: {s}->https://branchtest.perfectomobile.com:443][total kept alive: 2; route allocated: 5 of 2000; total allocated: 5 of 2000]
<2017-09-26 13:02:57> DEBUG [o.a.h.i.execchain.MainClientExec] Stale connection check
<2017-09-26 13:02:57> DEBUG [org.apache.http.wire] http-outgoing-4 << "[read] I/O error: Read timed out"
<2017-09-26 13:02:57> DEBUG [o.a.h.i.c.DefaultManagedHttpClientConnection] http-outgoing-4: set socket timeout to 10800000
<2017-09-26 13:02:57> DEBUG [o.a.h.i.execchain.MainClientExec] Executing request POST /nexperience/perfectomobile/wd/hub/session/58e9750c-b4d6-4ed9-a103-01f993e76832/element/0/submit HTTP/1.1
<2017-09-26 13:02:57> DEBUG [o.a.h.i.execchain.MainClientExec] Target auth state: UNCHALLENGED
<2017-09-26 13:02:57> DEBUG [o.a.h.i.execchain.MainClientExec] Proxy auth state: UNCHALLENGED
<2017-09-26 13:02:57> DEBUG [org.apache.http.headers] http-outgoing-4 >> POST /nexperience/perfectomobile/wd/hub/session/58e9750c-b4d6-4ed9-a103-01f993e76832/element/0/submit HTTP/1.1
<2017-09-26 13:02:57> DEBUG [org.apache.http.headers] http-outgoing-4 >> Content-Type: application/json; charset=utf-8
<2017-09-26 13:02:57> DEBUG [org.apache.http.headers] http-outgoing-4 >> Content-Length: 10
<2017-09-26 13:02:57> DEBUG [org.apache.http.headers] http-outgoing-4 >> Host: branchtest.perfectomobile.com
<2017-09-26 13:02:57> DEBUG [org.apache.http.headers] http-outgoing-4 >> Connection: Keep-Alive
<2017-09-26 13:02:57> DEBUG [org.apache.http.headers] http-outgoing-4 >> User-Agent: Apache-HttpClient/4.5.2 (Java/1.8.0_121)
<2017-09-26 13:02:57> DEBUG [org.apache.http.headers] http-outgoing-4 >> Cookie: JSESSIONID=F6E28E4994D1584E597DBDFCCCB1737E; fast_failed=true; fast_failed=true; fast_failed=true
<2017-09-26 13:02:57> DEBUG [org.apache.http.headers] http-outgoing-4 >> Accept-Encoding: gzip,deflate
<2017-09-26 13:02:57> DEBUG [org.apache.http.wire] http-outgoing-4 >> "POST /nexperience/perfectomobile/wd/hub/session/58e9750c-b4d6-4ed9-a103-01f993e76832/element/0/submit HTTP/1.1[\r][\n]"
<2017-09-26 13:02:57> DEBUG [org.apache.http.wire] http-outgoing-4 >> "Content-Type: application/json; charset=utf-8[\r][\n]"
<2017-09-26 13:02:57> DEBUG [org.apache.http.wire] http-outgoing-4 >> "Content-Length: 10[\r][\n]"
<2017-09-26 13:02:57> DEBUG [org.apache.http.wire] http-outgoing-4 >> "Host: branchtest.perfectomobile.com[\r][\n]"
<2017-09-26 13:02:57> DEBUG [org.apache.http.wire] http-outgoing-4 >> "Connection: Keep-Alive[\r][\n]"
<2017-09-26 13:02:57> DEBUG [org.apache.http.wire] http-outgoing-4 >> "User-Agent: Apache-HttpClient/4.5.2 (Java/1.8.0_121)[\r][\n]"
<2017-09-26 13:02:57> DEBUG [org.apache.http.wire] http-outgoing-4 >> "Cookie: JSESSIONID=F6E28E4994D1584E597DBDFCCCB1737E; fast_failed=true; fast_failed=true; fast_failed=true[\r][\n]"
<2017-09-26 13:02:57> DEBUG [org.apache.http.wire] http-outgoing-4 >> "Accept-Encoding: gzip,deflate[\r][\n]"
<2017-09-26 13:02:57> DEBUG [org.apache.http.wire] http-outgoing-4 >> "[\r][\n]"
<2017-09-26 13:02:57> DEBUG [org.apache.http.wire] http-outgoing-4 >> "{"id":"0"}"
<2017-09-26 13:02:57> DEBUG [org.apache.http.wire] http-outgoing-1 << "HTTP/1.1 200 OK[\r][\n]"
<2017-09-26 13:02:57> DEBUG [org.apache.http.wire] http-outgoing-1 << "Server: nginx[\r][\n]"
<2017-09-26 13:02:57> DEBUG [org.apache.http.wire] http-outgoing-1 << "Date: Tue, 26 Sep 2017 10:02:53 GMT[\r][\n]"
<2017-09-26 13:02:57> DEBUG [org.apache.http.wire] http-outgoing-1 << "Content-Type: application/json;charset=utf-8[\r][\n]"
<2017-09-26 13:02:57> DEBUG [org.apache.http.wire] http-outgoing-1 << "Transfer-Encoding: chunked[\r][\n]"
<2017-09-26 13:02:57> DEBUG [org.apache.http.wire] http-outgoing-1 << "Connection: keep-alive[\r][\n]"
<2017-09-26 13:02:57> DEBUG [org.apache.http.wire] http-outgoing-1 << "Set-Cookie: JSESSIONID=F6E28E4994D1584E597DBDFCCCB1737E; Path=/nexperience/; HttpOnly[\r][\n]"
<2017-09-26 13:02:57> DEBUG [org.apache.http.wire] http-outgoing-1 << "Expires: Thu, 01 Jan 1970 00:00:00 GMT[\r][\n]"
<2017-09-26 13:02:57> DEBUG [org.apache.http.wire] http-outgoing-1 << "Cache-Control: no-cache[\r][\n]"
<2017-09-26 13:02:57> DEBUG [org.apache.http.wire] http-outgoing-1 << "Cache-Control: no-cache[\r][\n]"
<2017-09-26 13:02:57> DEBUG [org.apache.http.wire] http-outgoing-1 << "Expires: Thu, 01 Jan 1970 00:00:00 GMT[\r][\n]"
<2017-09-26 13:02:57> DEBUG [org.apache.http.wire] http-outgoing-1 << "Set-Cookie: fast_failed=true[\r][\n]"
<2017-09-26 13:02:57> DEBUG [org.apache.http.wire] http-outgoing-1 << "X-XSS-Protection: 2; mode=block[\r][\n]"
<2017-09-26 13:02:57> DEBUG [org.apache.http.wire] http-outgoing-1 << "Content-Encoding: gzip[\r][\n]"
<2017-09-26 13:02:57> DEBUG [org.apache.http.wire] http-outgoing-1 << "[\r][\n]"
<2017-09-26 13:02:57> DEBUG [org.apache.http.wire] http-outgoing-1 << "ae[\r][\n]"
<2017-09-26 13:02:57> DEBUG [org.apache.http.wire] http-outgoing-1 << "[0x1f][0x8b][0x8][0x0][0x0][0x0][0x0][0x0][0x0][0x3]-[0x8d][0xcb][0xe][0x82]0[0x14]D]]>&#x7f;<![CDATA[[0x85]tM[0x1b]J[0xa1][0x16][0xb6].[0x8c][0xb][0x13][0xa3]_[0xd0][0x96][0xb][0x92][0x94]^[0xec][0xc3][0x8d][0xf1][0xdf][0xad][0x89][0xbb][0xc9][0xe4][0x9c][0x99]7[0x89][0x10][0xe3][0x8a][0xfe]<[0x91][0x91]X[0x90][0xca][0xf0][0xb6][0xa1]R[0xe][0x92]v[0xba][0x9f][0xa8][0x1a][0x84][0xa2][0x7];w[0xc6][0x80]R[0x82][0xf][0xa4]&1[0xe9][0x4][0x5][0x8f][0xd9][0xda]b[0x97][0xe6]q[0xc4][0xa9]4[0xbd]h%[0x17][0x3][0xef]k[0xf2][0xd2].[0xff][0x98]+[0x84][0x19]l[0xc2][0xea][0x82]fuP[0xd1][0xea][0x84][0xb8][0x94]p[0x7][0x1d][0xec][0xa3][0xb8][0xd6][0xe9][0xb2]1[0x12][0xc][0xb][0xc3][0x1d][0xfc]S[0xb3][0x8][0xe][0xfc][0x9a]7[0x16]`[0xc3][0x4][0xec][0x6]qG[0x1f][0xe1][0xff][0x9d][0xb][0xde]|[0xbe]{[0x89][0xcc]&[0xbb][0x0][0x0][0x0][\r][\n]"
<2017-09-26 13:02:57> DEBUG [org.apache.http.wire] http-outgoing-1 << "0[\r][\n]"
<2017-09-26 13:02:57> DEBUG [org.apache.http.wire] http-outgoing-1 << "[\r][\n]"
<2017-09-26 13:02:57> DEBUG [org.apache.http.headers] http-outgoing-1 << HTTP/1.1 200 OK
<2017-09-26 13:02:57> DEBUG [org.apache.http.headers] http-outgoing-1 << Server: nginx
<2017-09-26 13:02:57> DEBUG [org.apache.http.headers] http-outgoing-1 << Date: Tue, 26 Sep 2017 10:02:53 GMT
<2017-09-26 13:02:57> DEBUG [org.apache.http.headers] http-outgoing-1 << Content-Type: application/json;charset=utf-8
<2017-09-26 13:02:57> DEBUG [org.apache.http.headers] http-outgoing-1 << Transfer-Encoding: chunked
<2017-09-26 13:02:57> DEBUG [org.apache.http.headers] http-outgoing-1 << Connection: keep-alive
<2017-09-26 13:02:57> DEBUG [org.apache.http.headers] http-outgoing-1 << Set-Cookie: JSESSIONID=F6E28E4994D1584E597DBDFCCCB1737E; Path=/nexperience/; HttpOnly
<2017-09-26 13:02:57> DEBUG [org.apache.http.headers] http-outgoing-1 << Expires: Thu, 01 Jan 1970 00:00:00 GMT
<2017-09-26 13:02:57> DEBUG [org.apache.http.headers] http-outgoing-1 << Cache-Control: no-cache
<2017-09-26 13:02:57> DEBUG [org.apache.http.headers] http-outgoing-1 << Cache-Control: no-cache
<2017-09-26 13:02:57> DEBUG [org.apache.http.headers] http-outgoing-1 << Expires: Thu, 01 Jan 1970 00:00:00 GMT
<2017-09-26 13:02:57> DEBUG [org.apache.http.headers] http-outgoing-1 << Set-Cookie: fast_failed=true
<2017-09-26 13:02:57> DEBUG [org.apache.http.headers] http-outgoing-1 << X-XSS-Protection: 2; mode=block
<2017-09-26 13:02:57> DEBUG [org.apache.http.headers] http-outgoing-1 << Content-Encoding: gzip
<2017-09-26 13:02:57> DEBUG [o.a.h.i.execchain.MainClientExec] Connection can be kept alive indefinitely
<2017-09-26 13:02:57> DEBUG [o.a.h.c.p.ResponseProcessCookies] Cookie accepted [JSESSIONID="F6E28E4994D1584E597DBDFCCCB1737E", version:0, domain:branchtest.perfectomobile.com, path:/nexperience/, expiry:null]
<2017-09-26 13:02:57> DEBUG [o.a.h.c.p.ResponseProcessCookies] Cookie accepted [fast_failed="true", version:0, domain:branchtest.perfectomobile.com, path:/nexperience/perfectomobile/wd/hub/session/ce68b120-6696-4a5d-8938-7cf4bbe88319, expiry:null]
<2017-09-26 13:02:57> DEBUG [o.a.h.i.c.PoolingHttpClientConnectionManager] Connection [id: 1][route: {s}->https://branchtest.perfectomobile.com:443] can be kept alive indefinitely
<2017-09-26 13:02:57> DEBUG [o.a.h.i.c.PoolingHttpClientConnectionManager] Connection released: [id: 1][route: {s}->https://branchtest.perfectomobile.com:443][total kept alive: 3; route allocated: 5 of 2000; total allocated: 5 of 2000]
Done: searchGoogle
<2017-09-26 13:02:57> DEBUG [o.a.h.c.p.RequestAddCookies] CookieSpec selected: default
<2017-09-26 13:02:57> DEBUG [o.a.h.c.p.RequestAddCookies] Cookie [version: 0][name: JSESSIONID][value: F6E28E4994D1584E597DBDFCCCB1737E][domain: branchtest.perfectomobile.com][path: /nexperience/][expiry: null] match [(secure)branchtest.perfectomobile.com:443/nexperience/perfectomobile/wd/hub/session/ce68b120-6696-4a5d-8938-7cf4bbe88319/execute]
<2017-09-26 13:02:57> DEBUG [o.a.h.c.p.RequestAddCookies] Cookie [version: 0][name: fast_failed][value: true][domain: branchtest.perfectomobile.com][path: /nexperience/perfectomobile/wd/hub][expiry: null] match [(secure)branchtest.perfectomobile.com:443/nexperience/perfectomobile/wd/hub/session/ce68b120-6696-4a5d-8938-7cf4bbe88319/execute]
<2017-09-26 13:02:57> DEBUG [o.a.h.c.p.RequestAddCookies] Cookie [version: 0][name: fast_failed][value: true][domain: branchtest.perfectomobile.com][path: /nexperience/perfectomobile/wd/hub/session/ce68b120-6696-4a5d-8938-7cf4bbe88319][expiry: null] match [(secure)branchtest.perfectomobile.com:443/nexperience/perfectomobile/wd/hub/session/ce68b120-6696-4a5d-8938-7cf4bbe88319/execute]
<2017-09-26 13:02:57> DEBUG [o.a.h.c.p.RequestAuthCache] Auth cache not set in the context
<2017-09-26 13:02:57> DEBUG [o.a.h.i.c.PoolingHttpClientConnectionManager] Connection request: [route: {s}->https://branchtest.perfectomobile.com:443][total kept alive: 3; route allocated: 5 of 2000; total allocated: 5 of 2000]
<2017-09-26 13:02:57> DEBUG [o.a.h.i.c.PoolingHttpClientConnectionManager] Connection leased: [id: 1][route: {s}->https://branchtest.perfectomobile.com:443][total kept alive: 2; route allocated: 5 of 2000; total allocated: 5 of 2000]
<2017-09-26 13:02:57> DEBUG [o.a.h.i.execchain.MainClientExec] Stale connection check
<2017-09-26 13:02:57> DEBUG [org.apache.http.wire] http-outgoing-1 << "[read] I/O error: Read timed out"
<2017-09-26 13:02:57> DEBUG [o.a.h.i.c.DefaultManagedHttpClientConnection] http-outgoing-1: set socket timeout to 10800000
<2017-09-26 13:02:57> DEBUG [o.a.h.i.execchain.MainClientExec] Executing request POST /nexperience/perfectomobile/wd/hub/session/ce68b120-6696-4a5d-8938-7cf4bbe88319/execute HTTP/1.1
<2017-09-26 13:02:57> DEBUG [o.a.h.i.execchain.MainClientExec] Target auth state: UNCHALLENGED
<2017-09-26 13:02:57> DEBUG [o.a.h.i.execchain.MainClientExec] Proxy auth state: UNCHALLENGED
<2017-09-26 13:02:57> DEBUG [org.apache.http.headers] http-outgoing-1 >> POST /nexperience/perfectomobile/wd/hub/session/ce68b120-6696-4a5d-8938-7cf4bbe88319/execute HTTP/1.1
<2017-09-26 13:02:57> DEBUG [org.apache.http.headers] http-outgoing-1 >> Content-Type: application/json; charset=utf-8
<2017-09-26 13:02:57> DEBUG [org.apache.http.headers] http-outgoing-1 >> Content-Length: 195
<2017-09-26 13:02:57> DEBUG [org.apache.http.headers] http-outgoing-1 >> Host: branchtest.perfectomobile.com
<2017-09-26 13:02:57> DEBUG [org.apache.http.headers] http-outgoing-1 >> Connection: Keep-Alive
<2017-09-26 13:02:57> DEBUG [org.apache.http.headers] http-outgoing-1 >> User-Agent: Apache-HttpClient/4.5.2 (Java/1.8.0_121)
<2017-09-26 13:02:57> DEBUG [org.apache.http.headers] http-outgoing-1 >> Cookie: JSESSIONID=F6E28E4994D1584E597DBDFCCCB1737E; fast_failed=true; fast_failed=true
<2017-09-26 13:02:57> DEBUG [org.apache.http.headers] http-outgoing-1 >> Accept-Encoding: gzip,deflate
<2017-09-26 13:02:57> DEBUG [org.apache.http.wire] http-outgoing-1 >> "POST /nexperience/perfectomobile/wd/hub/session/ce68b120-6696-4a5d-8938-7cf4bbe88319/execute HTTP/1.1[\r][\n]"
<2017-09-26 13:02:57> DEBUG [org.apache.http.wire] http-outgoing-1 >> "Content-Type: application/json; charset=utf-8[\r][\n]"
<2017-09-26 13:02:57> DEBUG [org.apache.http.wire] http-outgoing-1 >> "Content-Length: 195[\r][\n]"
<2017-09-26 13:02:57> DEBUG [org.apache.http.wire] http-outgoing-1 >> "Host: branchtest.perfectomobile.com[\r][\n]"
<2017-09-26 13:02:57> DEBUG [org.apache.http.wire] http-outgoing-1 >> "Connection: Keep-Alive[\r][\n]"
<2017-09-26 13:02:57> DEBUG [org.apache.http.wire] http-outgoing-1 >> "User-Agent: Apache-HttpClient/4.5.2 (Java/1.8.0_121)[\r][\n]"
<2017-09-26 13:02:57> DEBUG [org.apache.http.wire] http-outgoing-1 >> "Cookie: JSESSIONID=F6E28E4994D1584E597DBDFCCCB1737E; fast_failed=true; fast_failed=true[\r][\n]"
<2017-09-26 13:02:57> DEBUG [org.apache.http.wire] http-outgoing-1 >> "Accept-Encoding: gzip,deflate[\r][\n]"
<2017-09-26 13:02:57> DEBUG [org.apache.http.wire] http-outgoing-1 >> "[\r][\n]"
<2017-09-26 13:02:57> DEBUG [org.apache.http.wire] http-outgoing-1 >> "{"script":"mobile:test:start","args":[{"jobName":"Sample Job","name":"Way2Automation Flow","projectName":"Sample Script","jobNumber":45,"projectVersion":"1.0","tags":["Java","Sample","Native"]}]}"
<2017-09-26 13:02:57> DEBUG [org.apache.http.wire] http-outgoing-1 << "HTTP/1.1 200 OK[\r][\n]"
<2017-09-26 13:02:57> DEBUG [org.apache.http.wire] http-outgoing-1 << "Server: nginx[\r][\n]"
<2017-09-26 13:02:57> DEBUG [org.apache.http.wire] http-outgoing-1 << "Date: Tue, 26 Sep 2017 10:02:54 GMT[\r][\n]"
<2017-09-26 13:02:57> DEBUG [org.apache.http.wire] http-outgoing-1 << "Content-Type: application/json;charset=utf-8[\r][\n]"
<2017-09-26 13:02:57> DEBUG [org.apache.http.wire] http-outgoing-1 << "Transfer-Encoding: chunked[\r][\n]"
<2017-09-26 13:02:57> DEBUG [org.apache.http.wire] http-outgoing-1 << "Connection: keep-alive[\r][\n]"
<2017-09-26 13:02:57> DEBUG [org.apache.http.wire] http-outgoing-1 << "Set-Cookie: JSESSIONID=F6E28E4994D1584E597DBDFCCCB1737E; Path=/nexperience/; HttpOnly[\r][\n]"
<2017-09-26 13:02:57> DEBUG [org.apache.http.wire] http-outgoing-1 << "Expires: Thu, 01 Jan 1970 00:00:00 GMT[\r][\n]"
<2017-09-26 13:02:57> DEBUG [org.apache.http.wire] http-outgoing-1 << "Cache-Control: no-cache[\r][\n]"
<2017-09-26 13:02:57> DEBUG [org.apache.http.wire] http-outgoing-1 << "Cache-Control: no-cache[\r][\n]"
<2017-09-26 13:02:57> DEBUG [org.apache.http.wire] http-outgoing-1 << "Expires: Thu, 01 Jan 1970 00:00:00 GMT[\r][\n]"
<2017-09-26 13:02:57> DEBUG [org.apache.http.wire] http-outgoing-1 << "Set-Cookie: fast_failed=true[\r][\n]"
<2017-09-26 13:02:57> DEBUG [org.apache.http.wire] http-outgoing-1 << "X-XSS-Protection: 2; mode=block[\r][\n]"
<2017-09-26 13:02:57> DEBUG [org.apache.http.wire] http-outgoing-1 << "Content-Encoding: gzip[\r][\n]"
<2017-09-26 13:02:57> DEBUG [org.apache.http.wire] http-outgoing-1 << "[\r][\n]"
<2017-09-26 13:02:57> DEBUG [org.apache.http.wire] http-outgoing-1 << "99[\r][\n]"
<2017-09-26 13:02:57> DEBUG [org.apache.http.wire] http-outgoing-1 << "[0x1f][0x8b][0x8][0x0][0x0][0x0][0x0][0x0][0x0][0x3]-[0xcc][0xb1][0x12][0x82]0[0x10][0x4][0xd0]]]>&#x7f;<![CDATA[[0xb9][0x9a]D[0x8][0x10]/t[0x8c][0x95][0x8d][0x85]]]>&#x7f;<![CDATA[[0x10][0xc2][0xa9][0xcc]@[0x82][0x1c][0xb1]q[0xfc]w[0xcf][0x19][0xdb][0xdd][0xb7][0xfb][0x6]&[0xe6])[0xc5][0xf3][0x8][0x1d][0x4][0xb2]8T[0xa6]T[0xd6]:[0xab][0x1a][0xdf][0x8e][\n]"
<2017-09-26 13:02:57> DEBUG [org.apache.http.wire] http-outgoing-1 << "][0x8d][0xea][0x18]n[0xcd]0[0x10]b]9([0x80]w[0xbf][0x93]p[0xce]![0xc8]Z[0x92][0xc7])[0x8d][0x92][0xb8][0xb6]t[0xc6] 6[0x5][0xbc][0xfc][0x9c]]]>&#x7f;<![CDATA[[0xe6]r[0xe8][0xa5][0xf][0xb3][0x17][0xd7]A[0xda][0xee]:[0xad][0x14][0x9f]^3[0xcd][0x14][0xa7][0xbc][0xe8][0x8d][0x96][0xb4][0x93][0xbe][0x12][0xaf])2[0xfd][0xff][0xb3][0xf0][0xf2][0xf3][0x5][0x8d][0x84][0xd6]r[0x9f][0x0][0x0][0x0][\r][\n]"
<2017-09-26 13:02:57> DEBUG [org.apache.http.wire] http-outgoing-1 << "0[\r][\n]"
<2017-09-26 13:02:57> DEBUG [org.apache.http.wire] http-outgoing-1 << "[\r][\n]"
<2017-09-26 13:02:57> DEBUG [org.apache.http.headers] http-outgoing-1 << HTTP/1.1 200 OK
<2017-09-26 13:02:57> DEBUG [org.apache.http.headers] http-outgoing-1 << Server: nginx
<2017-09-26 13:02:57> DEBUG [org.apache.http.headers] http-outgoing-1 << Date: Tue, 26 Sep 2017 10:02:54 GMT
<2017-09-26 13:02:57> DEBUG [org.apache.http.headers] http-outgoing-1 << Content-Type: application/json;charset=utf-8
<2017-09-26 13:02:57> DEBUG [org.apache.http.headers] http-outgoing-1 << Transfer-Encoding: chunked
<2017-09-26 13:02:57> DEBUG [org.apache.http.headers] http-outgoing-1 << Connection: keep-alive
<2017-09-26 13:02:57> DEBUG [org.apache.http.headers] http-outgoing-1 << Set-Cookie: JSESSIONID=F6E28E4994D1584E597DBDFCCCB1737E; Path=/nexperience/; HttpOnly
<2017-09-26 13:02:57> DEBUG [org.apache.http.headers] http-outgoing-1 << Expires: Thu, 01 Jan 1970 00:00:00 GMT
<2017-09-26 13:02:57> DEBUG [org.apache.http.headers] http-outgoing-1 << Cache-Control: no-cache
<2017-09-26 13:02:57> DEBUG [org.apache.http.headers] http-outgoing-1 << Cache-Control: no-cache
<2017-09-26 13:02:57> DEBUG [org.apache.http.headers] http-outgoing-1 << Expires: Thu, 01 Jan 1970 00:00:00 GMT
<2017-09-26 13:02:57> DEBUG [org.apache.http.headers] http-outgoing-1 << Set-Cookie: fast_failed=true
<2017-09-26 13:02:57> DEBUG [org.apache.http.headers] http-outgoing-1 << X-XSS-Protection: 2; mode=block
<2017-09-26 13:02:57> DEBUG [org.apache.http.headers] http-outgoing-1 << Content-Encoding: gzip
<2017-09-26 13:02:57> DEBUG [o.a.h.i.execchain.MainClientExec] Connection can be kept alive indefinitely
<2017-09-26 13:02:57> DEBUG [o.a.h.c.p.ResponseProcessCookies] Cookie accepted [JSESSIONID="F6E28E4994D1584E597DBDFCCCB1737E", version:0, domain:branchtest.perfectomobile.com, path:/nexperience/, expiry:null]
<2017-09-26 13:02:57> DEBUG [o.a.h.c.p.ResponseProcessCookies] Cookie accepted [fast_failed="true", version:0, domain:branchtest.perfectomobile.com, path:/nexperience/perfectomobile/wd/hub/session/ce68b120-6696-4a5d-8938-7cf4bbe88319, expiry:null]
<2017-09-26 13:02:57> DEBUG [o.a.h.i.c.PoolingHttpClientConnectionManager] Connection [id: 1][route: {s}->https://branchtest.perfectomobile.com:443] can be kept alive indefinitely
<2017-09-26 13:02:57> DEBUG [o.a.h.i.c.PoolingHttpClientConnectionManager] Connection released: [id: 1][route: {s}->https://branchtest.perfectomobile.com:443][total kept alive: 3; route allocated: 5 of 2000; total allocated: 5 of 2000]
<2017-09-26 13:02:57> DEBUG [o.a.h.c.p.RequestAddCookies] CookieSpec selected: default
<2017-09-26 13:02:57> DEBUG [o.a.h.c.p.RequestAddCookies] Cookie [version: 0][name: JSESSIONID][value: F6E28E4994D1584E597DBDFCCCB1737E][domain: branchtest.perfectomobile.com][path: /nexperience/][expiry: null] match [(secure)branchtest.perfectomobile.com:443/nexperience/perfectomobile/wd/hub/session/ce68b120-6696-4a5d-8938-7cf4bbe88319/execute]
<2017-09-26 13:02:57> DEBUG [o.a.h.c.p.RequestAddCookies] Cookie [version: 0][name: fast_failed][value: true][domain: branchtest.perfectomobile.com][path: /nexperience/perfectomobile/wd/hub][expiry: null] match [(secure)branchtest.perfectomobile.com:443/nexperience/perfectomobile/wd/hub/session/ce68b120-6696-4a5d-8938-7cf4bbe88319/execute]
<2017-09-26 13:02:57> DEBUG [o.a.h.c.p.RequestAddCookies] Cookie [version: 0][name: fast_failed][value: true][domain: branchtest.perfectomobile.com][path: /nexperience/perfectomobile/wd/hub/session/ce68b120-6696-4a5d-8938-7cf4bbe88319][expiry: null] match [(secure)branchtest.perfectomobile.com:443/nexperience/perfectomobile/wd/hub/session/ce68b120-6696-4a5d-8938-7cf4bbe88319/execute]
<2017-09-26 13:02:57> DEBUG [o.a.h.c.p.RequestAuthCache] Auth cache not set in the context
<2017-09-26 13:02:57> DEBUG [o.a.h.i.c.PoolingHttpClientConnectionManager] Connection request: [route: {s}->https://branchtest.perfectomobile.com:443][total kept alive: 3; route allocated: 5 of 2000; total allocated: 5 of 2000]
<2017-09-26 13:02:57> DEBUG [o.a.h.i.c.PoolingHttpClientConnectionManager] Connection leased: [id: 1][route: {s}->https://branchtest.perfectomobile.com:443][total kept alive: 2; route allocated: 5 of 2000; total allocated: 5 of 2000]
<2017-09-26 13:02:57> DEBUG [o.a.h.i.execchain.MainClientExec] Stale connection check
<2017-09-26 13:02:57> DEBUG [org.apache.http.wire] http-outgoing-1 << "[read] I/O error: Read timed out"
<2017-09-26 13:02:57> DEBUG [o.a.h.i.c.DefaultManagedHttpClientConnection] http-outgoing-1: set socket timeout to 10800000
<2017-09-26 13:02:57> DEBUG [o.a.h.i.execchain.MainClientExec] Executing request POST /nexperience/perfectomobile/wd/hub/session/ce68b120-6696-4a5d-8938-7cf4bbe88319/execute HTTP/1.1
<2017-09-26 13:02:57> DEBUG [o.a.h.i.execchain.MainClientExec] Target auth state: UNCHALLENGED
<2017-09-26 13:02:57> DEBUG [o.a.h.i.execchain.MainClientExec] Proxy auth state: UNCHALLENGED
<2017-09-26 13:02:57> DEBUG [org.apache.http.headers] http-outgoing-1 >> POST /nexperience/perfectomobile/wd/hub/session/ce68b120-6696-4a5d-8938-7cf4bbe88319/execute HTTP/1.1
<2017-09-26 13:02:57> DEBUG [org.apache.http.headers] http-outgoing-1 >> Content-Type: application/json; charset=utf-8
<2017-09-26 13:02:57> DEBUG [org.apache.http.headers] http-outgoing-1 >> Content-Length: 67
<2017-09-26 13:02:57> DEBUG [org.apache.http.headers] http-outgoing-1 >> Host: branchtest.perfectomobile.com
<2017-09-26 13:02:57> DEBUG [org.apache.http.headers] http-outgoing-1 >> Connection: Keep-Alive
<2017-09-26 13:02:57> DEBUG [org.apache.http.headers] http-outgoing-1 >> User-Agent: Apache-HttpClient/4.5.2 (Java/1.8.0_121)
<2017-09-26 13:02:57> DEBUG [org.apache.http.headers] http-outgoing-1 >> Cookie: JSESSIONID=F6E28E4994D1584E597DBDFCCCB1737E; fast_failed=true; fast_failed=true
<2017-09-26 13:02:57> DEBUG [org.apache.http.headers] http-outgoing-1 >> Accept-Encoding: gzip,deflate
<2017-09-26 13:02:57> DEBUG [org.apache.http.wire] http-outgoing-1 >> "POST /nexperience/perfectomobile/wd/hub/session/ce68b120-6696-4a5d-8938-7cf4bbe88319/execute HTTP/1.1[\r][\n]"
<2017-09-26 13:02:57> DEBUG [org.apache.http.wire] http-outgoing-1 >> "Content-Type: application/json; charset=utf-8[\r][\n]"
<2017-09-26 13:02:57> DEBUG [org.apache.http.wire] http-outgoing-1 >> "Content-Length: 67[\r][\n]"
<2017-09-26 13:02:57> DEBUG [org.apache.http.wire] http-outgoing-1 >> "Host: branchtest.perfectomobile.com[\r][\n]"
<2017-09-26 13:02:57> DEBUG [org.apache.http.wire] http-outgoing-1 >> "Connection: Keep-Alive[\r][\n]"
<2017-09-26 13:02:57> DEBUG [org.apache.http.wire] http-outgoing-1 >> "User-Agent: Apache-HttpClient/4.5.2 (Java/1.8.0_121)[\r][\n]"
<2017-09-26 13:02:57> DEBUG [org.apache.http.wire] http-outgoing-1 >> "Cookie: JSESSIONID=F6E28E4994D1584E597DBDFCCCB1737E; fast_failed=true; fast_failed=true[\r][\n]"
<2017-09-26 13:02:57> DEBUG [org.apache.http.wire] http-outgoing-1 >> "Accept-Encoding: gzip,deflate[\r][\n]"
<2017-09-26 13:02:57> DEBUG [org.apache.http.wire] http-outgoing-1 >> "[\r][\n]"
<2017-09-26 13:02:57> DEBUG [org.apache.http.wire] http-outgoing-1 >> "{"script":"mobile:step:start","args":[{"name":"Navigate to site"}]}"
<2017-09-26 13:02:57> DEBUG [org.apache.http.wire] http-outgoing-1 << "HTTP/1.1 200 OK[\r][\n]"
<2017-09-26 13:02:57> DEBUG [org.apache.http.wire] http-outgoing-1 << "Server: nginx[\r][\n]"
<2017-09-26 13:02:57> DEBUG [org.apache.http.wire] http-outgoing-1 << "Date: Tue, 26 Sep 2017 10:02:54 GMT[\r][\n]"
<2017-09-26 13:02:57> DEBUG [org.apache.http.wire] http-outgoing-1 << "Content-Type: application/json;charset=utf-8[\r][\n]"
<2017-09-26 13:02:57> DEBUG [org.apache.http.wire] http-outgoing-1 << "Transfer-Encoding: chunked[\r][\n]"
<2017-09-26 13:02:57> DEBUG [org.apache.http.wire] http-outgoing-1 << "Connection: keep-alive[\r][\n]"
<2017-09-26 13:02:57> DEBUG [org.apache.http.wire] http-outgoing-1 << "Set-Cookie: JSESSIONID=F6E28E4994D1584E597DBDFCCCB1737E; Path=/nexperience/; HttpOnly[\r][\n]"
<2017-09-26 13:02:57> DEBUG [org.apache.http.wire] http-outgoing-1 << "Expires: Thu, 01 Jan 1970 00:00:00 GMT[\r][\n]"
<2017-09-26 13:02:57> DEBUG [org.apache.http.wire] http-outgoing-1 << "Cache-Control: no-cache[\r][\n]"
<2017-09-26 13:02:57> DEBUG [org.apache.http.wire] http-outgoing-1 << "Cache-Control: no-cache[\r][\n]"
<2017-09-26 13:02:57> DEBUG [org.apache.http.wire] http-outgoing-1 << "Expires: Thu, 01 Jan 1970 00:00:00 GMT[\r][\n]"
<2017-09-26 13:02:57> DEBUG [org.apache.http.wire] http-outgoing-1 << "Set-Cookie: fast_failed=true[\r][\n]"
<2017-09-26 13:02:57> DEBUG [org.apache.http.wire] http-outgoing-1 << "X-XSS-Protection: 2; mode=block[\r][\n]"
<2017-09-26 13:02:57> DEBUG [org.apache.http.wire] http-outgoing-1 << "Content-Encoding: gzip[\r][\n]"
<2017-09-26 13:02:57> DEBUG [org.apache.http.wire] http-outgoing-1 << "[\r][\n]"
<2017-09-26 13:02:57> DEBUG [org.apache.http.wire] http-outgoing-1 << "95[\r][\n]"
<2017-09-26 13:02:57> DEBUG [org.apache.http.wire] http-outgoing-1 << "[0x1f][0x8b][0x8][0x0][0x0][0x0][0x0][0x0][0x0][0x3]-[0xcc][0xc1][0xe][0x82]0[0x10][0x4][0xd0]]]>&#x7f;<![CDATA[[0xd9]3m[0xa0][0x85][0xda]r[0xf5][0xe4][0xd5]?h[0xcb][0xaa]$[0xd0]E[0x96]z1[0xfe][0xbb]k[0xe2]u[0xe6][0xcd][0xbc][0x81][0x91]y[0xa6]r[0x99]`[0x84][0x8c][0xce][0xa7][0xce][0xb4][0xca][0xb9][0xe0]T[0x1f][0x87]I[0xf9]`[0xbd]:[0xe5][[0x9f][0x12]zo[0xbb][0x0][\r][0xf0][0x11][0xf][0x14][0xce]5gYK[0xf2]8[0xd3]$[0x89]i[0xad][0xf3][0xfd][0x10][0x8c]i[0xe0][0x15][0x97][0xfa]C[0xd2][0xe6]%[0x8a][0x1a][0x81][0xf6][0xbb][0xa6][\r][0xcb]3j[0xc6][0x5][0xcb]\W[0xbd][0xe3]J[0x7][0xea]+[0xf2]F[0x85][0xf1][0xff]^[0x85][0xb7][0x9f]/$[0xac][0xd8][0x18][0x9d][0x0][0x0][0x0][\r][\n]"
<2017-09-26 13:02:57> DEBUG [org.apache.http.wire] http-outgoing-1 << "0[\r][\n]"
<2017-09-26 13:02:57> DEBUG [org.apache.http.wire] http-outgoing-1 << "[\r][\n]"
<2017-09-26 13:02:57> DEBUG [org.apache.http.headers] http-outgoing-1 << HTTP/1.1 200 OK
<2017-09-26 13:02:57> DEBUG [org.apache.http.headers] http-outgoing-1 << Server: nginx
<2017-09-26 13:02:57> DEBUG [org.apache.http.headers] http-outgoing-1 << Date: Tue, 26 Sep 2017 10:02:54 GMT
<2017-09-26 13:02:57> DEBUG [org.apache.http.headers] http-outgoing-1 << Content-Type: application/json;charset=utf-8
<2017-09-26 13:02:57> DEBUG [org.apache.http.headers] http-outgoing-1 << Transfer-Encoding: chunked
<2017-09-26 13:02:57> DEBUG [org.apache.http.headers] http-outgoing-1 << Connection: keep-alive
<2017-09-26 13:02:57> DEBUG [org.apache.http.headers] http-outgoing-1 << Set-Cookie: JSESSIONID=F6E28E4994D1584E597DBDFCCCB1737E; Path=/nexperience/; HttpOnly
<2017-09-26 13:02:57> DEBUG [org.apache.http.headers] http-outgoing-1 << Expires: Thu, 01 Jan 1970 00:00:00 GMT
<2017-09-26 13:02:57> DEBUG [org.apache.http.headers] http-outgoing-1 << Cache-Control: no-cache
<2017-09-26 13:02:57> DEBUG [org.apache.http.headers] http-outgoing-1 << Cache-Control: no-cache
<2017-09-26 13:02:57> DEBUG [org.apache.http.headers] http-outgoing-1 << Expires: Thu, 01 Jan 1970 00:00:00 GMT
<2017-09-26 13:02:57> DEBUG [org.apache.http.headers] http-outgoing-1 << Set-Cookie: fast_failed=true
<2017-09-26 13:02:57> DEBUG [org.apache.http.headers] http-outgoing-1 << X-XSS-Protection: 2; mode=block
<2017-09-26 13:02:57> DEBUG [org.apache.http.headers] http-outgoing-1 << Content-Encoding: gzip
<2017-09-26 13:02:57> DEBUG [o.a.h.i.execchain.MainClientExec] Connection can be kept alive indefinitely
<2017-09-26 13:02:57> DEBUG [o.a.h.c.p.ResponseProcessCookies] Cookie accepted [JSESSIONID="F6E28E4994D1584E597DBDFCCCB1737E", version:0, domain:branchtest.perfectomobile.com, path:/nexperience/, expiry:null]
<2017-09-26 13:02:57> DEBUG [o.a.h.c.p.ResponseProcessCookies] Cookie accepted [fast_failed="true", version:0, domain:branchtest.perfectomobile.com, path:/nexperience/perfectomobile/wd/hub/session/ce68b120-6696-4a5d-8938-7cf4bbe88319, expiry:null]
<2017-09-26 13:02:57> DEBUG [o.a.h.i.c.PoolingHttpClientConnectionManager] Connection [id: 1][route: {s}->https://branchtest.perfectomobile.com:443] can be kept alive indefinitely
<2017-09-26 13:02:57> DEBUG [o.a.h.i.c.PoolingHttpClientConnectionManager] Connection released: [id: 1][route: {s}->https://branchtest.perfectomobile.com:443][total kept alive: 3; route allocated: 5 of 2000; total allocated: 5 of 2000]
<2017-09-26 13:02:57> DEBUG [o.a.h.c.p.RequestAddCookies] CookieSpec selected: default
<2017-09-26 13:02:57> DEBUG [o.a.h.c.p.RequestAddCookies] Cookie [version: 0][name: JSESSIONID][value: F6E28E4994D1584E597DBDFCCCB1737E][domain: branchtest.perfectomobile.com][path: /nexperience/][expiry: null] match [(secure)branchtest.perfectomobile.com:443/nexperience/perfectomobile/wd/hub/session/ce68b120-6696-4a5d-8938-7cf4bbe88319/url]
<2017-09-26 13:02:57> DEBUG [o.a.h.c.p.RequestAddCookies] Cookie [version: 0][name: fast_failed][value: true][domain: branchtest.perfectomobile.com][path: /nexperience/perfectomobile/wd/hub][expiry: null] match [(secure)branchtest.perfectomobile.com:443/nexperience/perfectomobile/wd/hub/session/ce68b120-6696-4a5d-8938-7cf4bbe88319/url]
<2017-09-26 13:02:57> DEBUG [o.a.h.c.p.RequestAddCookies] Cookie [version: 0][name: fast_failed][value: true][domain: branchtest.perfectomobile.com][path: /nexperience/perfectomobile/wd/hub/session/ce68b120-6696-4a5d-8938-7cf4bbe88319][expiry: null] match [(secure)branchtest.perfectomobile.com:443/nexperience/perfectomobile/wd/hub/session/ce68b120-6696-4a5d-8938-7cf4bbe88319/url]
<2017-09-26 13:02:57> DEBUG [o.a.h.c.p.RequestAuthCache] Auth cache not set in the context
<2017-09-26 13:02:57> DEBUG [o.a.h.i.c.PoolingHttpClientConnectionManager] Connection request: [route: {s}->https://branchtest.perfectomobile.com:443][total kept alive: 3; route allocated: 5 of 2000; total allocated: 5 of 2000]
<2017-09-26 13:02:57> DEBUG [o.a.h.i.c.PoolingHttpClientConnectionManager] Connection leased: [id: 1][route: {s}->https://branchtest.perfectomobile.com:443][total kept alive: 2; route allocated: 5 of 2000; total allocated: 5 of 2000]
<2017-09-26 13:02:57> DEBUG [o.a.h.i.execchain.MainClientExec] Stale connection check
<2017-09-26 13:02:57> DEBUG [org.apache.http.wire] http-outgoing-1 << "[read] I/O error: Read timed out"
<2017-09-26 13:02:57> DEBUG [o.a.h.i.c.DefaultManagedHttpClientConnection] http-outgoing-1: set socket timeout to 10800000
<2017-09-26 13:02:57> DEBUG [o.a.h.i.execchain.MainClientExec] Executing request POST /nexperience/perfectomobile/wd/hub/session/ce68b120-6696-4a5d-8938-7cf4bbe88319/url HTTP/1.1
<2017-09-26 13:02:57> DEBUG [o.a.h.i.execchain.MainClientExec] Target auth state: UNCHALLENGED
<2017-09-26 13:02:57> DEBUG [o.a.h.i.execchain.MainClientExec] Proxy auth state: UNCHALLENGED
<2017-09-26 13:02:57> DEBUG [org.apache.http.headers] http-outgoing-1 >> POST /nexperience/perfectomobile/wd/hub/session/ce68b120-6696-4a5d-8938-7cf4bbe88319/url HTTP/1.1
<2017-09-26 13:02:57> DEBUG [org.apache.http.headers] http-outgoing-1 >> Content-Type: application/json; charset=utf-8
<2017-09-26 13:02:57> DEBUG [org.apache.http.headers] http-outgoing-1 >> Content-Length: 61
<2017-09-26 13:02:57> DEBUG [org.apache.http.headers] http-outgoing-1 >> Host: branchtest.perfectomobile.com
<2017-09-26 13:02:57> DEBUG [org.apache.http.headers] http-outgoing-1 >> Connection: Keep-Alive
<2017-09-26 13:02:57> DEBUG [org.apache.http.headers] http-outgoing-1 >> User-Agent: Apache-HttpClient/4.5.2 (Java/1.8.0_121)
<2017-09-26 13:02:57> DEBUG [org.apache.http.headers] http-outgoing-1 >> Cookie: JSESSIONID=F6E28E4994D1584E597DBDFCCCB1737E; fast_failed=true; fast_failed=true
<2017-09-26 13:02:57> DEBUG [org.apache.http.headers] http-outgoing-1 >> Accept-Encoding: gzip,deflate
<2017-09-26 13:02:57> DEBUG [org.apache.http.wire] http-outgoing-1 >> "POST /nexperience/perfectomobile/wd/hub/session/ce68b120-6696-4a5d-8938-7cf4bbe88319/url HTTP/1.1[\r][\n]"
<2017-09-26 13:02:57> DEBUG [org.apache.http.wire] http-outgoing-1 >> "Content-Type: application/json; charset=utf-8[\r][\n]"
<2017-09-26 13:02:57> DEBUG [org.apache.http.wire] http-outgoing-1 >> "Content-Length: 61[\r][\n]"
<2017-09-26 13:02:57> DEBUG [org.apache.http.wire] http-outgoing-1 >> "Host: branchtest.perfectomobile.com[\r][\n]"
<2017-09-26 13:02:57> DEBUG [org.apache.http.wire] http-outgoing-1 >> "Connection: Keep-Alive[\r][\n]"
<2017-09-26 13:02:57> DEBUG [org.apache.http.wire] http-outgoing-1 >> "User-Agent: Apache-HttpClient/4.5.2 (Java/1.8.0_121)[\r][\n]"
<2017-09-26 13:02:57> DEBUG [org.apache.http.wire] http-outgoing-1 >> "Cookie: JSESSIONID=F6E28E4994D1584E597DBDFCCCB1737E; fast_failed=true; fast_failed=true[\r][\n]"
<2017-09-26 13:02:57> DEBUG [org.apache.http.wire] http-outgoing-1 >> "Accept-Encoding: gzip,deflate[\r][\n]"
<2017-09-26 13:02:57> DEBUG [org.apache.http.wire] http-outgoing-1 >> "[\r][\n]"
<2017-09-26 13:02:57> DEBUG [org.apache.http.wire] http-outgoing-1 >> "{"url":"http://way2automation.com/way2auto_jquery/index.php"}"
<2017-09-26 13:03:01> DEBUG [org.apache.http.wire] http-outgoing-4 << "HTTP/1.1 200 OK[\r][\n]"
<2017-09-26 13:03:01> DEBUG [org.apache.http.wire] http-outgoing-4 << "Server: nginx[\r][\n]"
<2017-09-26 13:03:01> DEBUG [org.apache.http.wire] http-outgoing-4 << "Date: Tue, 26 Sep 2017 10:02:57 GMT[\r][\n]"
<2017-09-26 13:03:01> DEBUG [org.apache.http.wire] http-outgoing-4 << "Content-Type: application/json;charset=utf-8[\r][\n]"
<2017-09-26 13:03:01> DEBUG [org.apache.http.wire] http-outgoing-4 << "Transfer-Encoding: chunked[\r][\n]"
<2017-09-26 13:03:01> DEBUG [org.apache.http.wire] http-outgoing-4 << "Connection: keep-alive[\r][\n]"
<2017-09-26 13:03:01> DEBUG [org.apache.http.wire] http-outgoing-4 << "Set-Cookie: JSESSIONID=F6E28E4994D1584E597DBDFCCCB1737E; Path=/nexperience/; HttpOnly[\r][\n]"
<2017-09-26 13:03:01> DEBUG [org.apache.http.wire] http-outgoing-4 << "Expires: Thu, 01 Jan 1970 00:00:00 GMT[\r][\n]"
<2017-09-26 13:03:01> DEBUG [org.apache.http.wire] http-outgoing-4 << "Cache-Control: no-cache[\r][\n]"
<2017-09-26 13:03:01> DEBUG [org.apache.http.wire] http-outgoing-4 << "Cache-Control: no-cache[\r][\n]"
<2017-09-26 13:03:01> DEBUG [org.apache.http.wire] http-outgoing-4 << "Expires: Thu, 01 Jan 1970 00:00:00 GMT[\r][\n]"
<2017-09-26 13:03:01> DEBUG [org.apache.http.wire] http-outgoing-4 << "Set-Cookie: fast_failed=true[\r][\n]"
<2017-09-26 13:03:01> DEBUG [org.apache.http.wire] http-outgoing-4 << "X-XSS-Protection: 2; mode=block[\r][\n]"
<2017-09-26 13:03:01> DEBUG [org.apache.http.wire] http-outgoing-4 << "Content-Encoding: gzip[\r][\n]"
<2017-09-26 13:03:01> DEBUG [org.apache.http.wire] http-outgoing-4 << "[\r][\n]"
<2017-09-26 13:03:01> DEBUG [org.apache.http.wire] http-outgoing-4 << "96[\r][\n]"
<2017-09-26 13:03:01> DEBUG [org.apache.http.wire] http-outgoing-4 << "[0x1f][0x8b][0x8][0x0][0x0][0x0][0x0][0x0][0x0][0x3]-[0xcc]1[0x12][0xc2] [0x10][0x85][0xe1][0xbb]l[0x1d][0x18][0x12][0x2][0x84][0xb4]V[0xb6][0xde][0x0]a[0xd5][0xcc][0x10]H[0xb2][0xc1][0xc6][0xf1][0xee]na[0xfb][0xcf][0xf7][0xde][0x7][0x8][0x89][0x96]Z[0xae][0x9]f0[0x13]zgT[0x14][0xf7]1Y1b[0xf2]"[0xf4]J[0xb][0xd5]?[0xbc][0xd7][0xe8][0xec][0xa4][0x7][0xe8][0x80][0xce]p"sj1[0xf2][0x9a][0xcb][0xeb]R[0x13][0x97]^9?h;[0x18][0xd7][0xc1];[0xe4][0xc6][0xa9][0xb4][0x9c];[0x88]9[0xb0][0x9b][0xa1][0x1e]OY7,{[0x90][0x84][0x19][0xcb][0xd2]Vy[0xe0]ZO[0x94]7[0xa4][0xad][0x16][0xc2][0xff]]]>&#x7f;<![CDATA[c[0xae][0xbe]?[0xc]?[0x17])[0x9f][0x0][0x0][0x0][\r][\n]"
<2017-09-26 13:03:01> DEBUG [org.apache.http.wire] http-outgoing-4 << "0[\r][\n]"
<2017-09-26 13:03:01> DEBUG [org.apache.http.wire] http-outgoing-4 << "[\r][\n]"
<2017-09-26 13:03:01> DEBUG [org.apache.http.headers] http-outgoing-4 << HTTP/1.1 200 OK
<2017-09-26 13:03:01> DEBUG [org.apache.http.headers] http-outgoing-4 << Server: nginx
<2017-09-26 13:03:01> DEBUG [org.apache.http.headers] http-outgoing-4 << Date: Tue, 26 Sep 2017 10:02:57 GMT
<2017-09-26 13:03:01> DEBUG [org.apache.http.headers] http-outgoing-4 << Content-Type: application/json;charset=utf-8
<2017-09-26 13:03:01> DEBUG [org.apache.http.headers] http-outgoing-4 << Transfer-Encoding: chunked
<2017-09-26 13:03:01> DEBUG [org.apache.http.headers] http-outgoing-4 << Connection: keep-alive
<2017-09-26 13:03:01> DEBUG [org.apache.http.headers] http-outgoing-4 << Set-Cookie: JSESSIONID=F6E28E4994D1584E597DBDFCCCB1737E; Path=/nexperience/; HttpOnly
<2017-09-26 13:03:01> DEBUG [org.apache.http.headers] http-outgoing-4 << Expires: Thu, 01 Jan 1970 00:00:00 GMT
<2017-09-26 13:03:01> DEBUG [org.apache.http.headers] http-outgoing-4 << Cache-Control: no-cache
<2017-09-26 13:03:01> DEBUG [org.apache.http.headers] http-outgoing-4 << Cache-Control: no-cache
<2017-09-26 13:03:01> DEBUG [org.apache.http.headers] http-outgoing-4 << Expires: Thu, 01 Jan 1970 00:00:00 GMT
<2017-09-26 13:03:01> DEBUG [org.apache.http.headers] http-outgoing-4 << Set-Cookie: fast_failed=true
<2017-09-26 13:03:01> DEBUG [org.apache.http.headers] http-outgoing-4 << X-XSS-Protection: 2; mode=block
<2017-09-26 13:03:01> DEBUG [org.apache.http.headers] http-outgoing-4 << Content-Encoding: gzip
<2017-09-26 13:03:01> DEBUG [o.a.h.i.execchain.MainClientExec] Connection can be kept alive indefinitely
<2017-09-26 13:03:01> DEBUG [o.a.h.c.p.ResponseProcessCookies] Cookie accepted [JSESSIONID="F6E28E4994D1584E597DBDFCCCB1737E", version:0, domain:branchtest.perfectomobile.com, path:/nexperience/, expiry:null]
<2017-09-26 13:03:01> DEBUG [o.a.h.c.p.ResponseProcessCookies] Cookie accepted [fast_failed="true", version:0, domain:branchtest.perfectomobile.com, path:/nexperience/perfectomobile/wd/hub/session/58e9750c-b4d6-4ed9-a103-01f993e76832/element/0, expiry:null]
<2017-09-26 13:03:01> DEBUG [o.a.h.i.c.PoolingHttpClientConnectionManager] Connection [id: 4][route: {s}->https://branchtest.perfectomobile.com:443] can be kept alive indefinitely
<2017-09-26 13:03:01> DEBUG [o.a.h.i.c.PoolingHttpClientConnectionManager] Connection released: [id: 4][route: {s}->https://branchtest.perfectomobile.com:443][total kept alive: 3; route allocated: 5 of 2000; total allocated: 5 of 2000]
<2017-09-26 13:03:01> DEBUG [o.a.h.c.p.RequestAddCookies] CookieSpec selected: default
<2017-09-26 13:03:01> DEBUG [o.a.h.c.p.RequestAddCookies] Cookie [version: 0][name: JSESSIONID][value: F6E28E4994D1584E597DBDFCCCB1737E][domain: branchtest.perfectomobile.com][path: /nexperience/][expiry: null] match [(secure)branchtest.perfectomobile.com:443/nexperience/perfectomobile/wd/hub/session/58e9750c-b4d6-4ed9-a103-01f993e76832/title]
<2017-09-26 13:03:01> DEBUG [o.a.h.c.p.RequestAddCookies] Cookie [version: 0][name: fast_failed][value: true][domain: branchtest.perfectomobile.com][path: /nexperience/perfectomobile/wd/hub][expiry: null] match [(secure)branchtest.perfectomobile.com:443/nexperience/perfectomobile/wd/hub/session/58e9750c-b4d6-4ed9-a103-01f993e76832/title]
<2017-09-26 13:03:01> DEBUG [o.a.h.c.p.RequestAddCookies] Cookie [version: 0][name: fast_failed][value: true][domain: branchtest.perfectomobile.com][path: /nexperience/perfectomobile/wd/hub/session/58e9750c-b4d6-4ed9-a103-01f993e76832][expiry: null] match [(secure)branchtest.perfectomobile.com:443/nexperience/perfectomobile/wd/hub/session/58e9750c-b4d6-4ed9-a103-01f993e76832/title]
<2017-09-26 13:03:01> DEBUG [o.a.h.c.p.RequestAuthCache] Auth cache not set in the context
<2017-09-26 13:03:01> DEBUG [o.a.h.i.c.PoolingHttpClientConnectionManager] Connection request: [route: {s}->https://branchtest.perfectomobile.com:443][total kept alive: 3; route allocated: 5 of 2000; total allocated: 5 of 2000]
<2017-09-26 13:03:01> DEBUG [o.a.h.i.c.PoolingHttpClientConnectionManager] Connection leased: [id: 4][route: {s}->https://branchtest.perfectomobile.com:443][total kept alive: 2; route allocated: 5 of 2000; total allocated: 5 of 2000]
<2017-09-26 13:03:01> DEBUG [o.a.h.i.execchain.MainClientExec] Stale connection check
<2017-09-26 13:03:01> DEBUG [org.apache.http.wire] http-outgoing-4 << "[read] I/O error: Read timed out"
<2017-09-26 13:03:01> DEBUG [o.a.h.i.c.DefaultManagedHttpClientConnection] http-outgoing-4: set socket timeout to 10800000
<2017-09-26 13:03:01> DEBUG [o.a.h.i.execchain.MainClientExec] Executing request GET /nexperience/perfectomobile/wd/hub/session/58e9750c-b4d6-4ed9-a103-01f993e76832/title HTTP/1.1
<2017-09-26 13:03:01> DEBUG [o.a.h.i.execchain.MainClientExec] Target auth state: UNCHALLENGED
<2017-09-26 13:03:01> DEBUG [o.a.h.i.execchain.MainClientExec] Proxy auth state: UNCHALLENGED
<2017-09-26 13:03:01> DEBUG [org.apache.http.headers] http-outgoing-4 >> GET /nexperience/perfectomobile/wd/hub/session/58e9750c-b4d6-4ed9-a103-01f993e76832/title HTTP/1.1
<2017-09-26 13:03:01> DEBUG [org.apache.http.headers] http-outgoing-4 >> Cache-Control: no-cache
<2017-09-26 13:03:01> DEBUG [org.apache.http.headers] http-outgoing-4 >> Host: branchtest.perfectomobile.com
<2017-09-26 13:03:01> DEBUG [org.apache.http.headers] http-outgoing-4 >> Connection: Keep-Alive
<2017-09-26 13:03:01> DEBUG [org.apache.http.headers] http-outgoing-4 >> User-Agent: Apache-HttpClient/4.5.2 (Java/1.8.0_121)
<2017-09-26 13:03:01> DEBUG [org.apache.http.headers] http-outgoing-4 >> Cookie: JSESSIONID=F6E28E4994D1584E597DBDFCCCB1737E; fast_failed=true; fast_failed=true
<2017-09-26 13:03:01> DEBUG [org.apache.http.headers] http-outgoing-4 >> Accept-Encoding: gzip,deflate
<2017-09-26 13:03:01> DEBUG [org.apache.http.wire] http-outgoing-4 >> "GET /nexperience/perfectomobile/wd/hub/session/58e9750c-b4d6-4ed9-a103-01f993e76832/title HTTP/1.1[\r][\n]"
<2017-09-26 13:03:01> DEBUG [org.apache.http.wire] http-outgoing-4 >> "Cache-Control: no-cache[\r][\n]"
<2017-09-26 13:03:01> DEBUG [org.apache.http.wire] http-outgoing-4 >> "Host: branchtest.perfectomobile.com[\r][\n]"
<2017-09-26 13:03:01> DEBUG [org.apache.http.wire] http-outgoing-4 >> "Connection: Keep-Alive[\r][\n]"
<2017-09-26 13:03:01> DEBUG [org.apache.http.wire] http-outgoing-4 >> "User-Agent: Apache-HttpClient/4.5.2 (Java/1.8.0_121)[\r][\n]"
<2017-09-26 13:03:01> DEBUG [org.apache.http.wire] http-outgoing-4 >> "Cookie: JSESSIONID=F6E28E4994D1584E597DBDFCCCB1737E; fast_failed=true; fast_failed=true[\r][\n]"
<2017-09-26 13:03:01> DEBUG [org.apache.http.wire] http-outgoing-4 >> "Accept-Encoding: gzip,deflate[\r][\n]"
<2017-09-26 13:03:01> DEBUG [org.apache.http.wire] http-outgoing-4 >> "[\r][\n]"
<2017-09-26 13:03:01> DEBUG [org.apache.http.wire] http-outgoing-4 << "HTTP/1.1 200 OK[\r][\n]"
<2017-09-26 13:03:01> DEBUG [org.apache.http.wire] http-outgoing-4 << "Server: nginx[\r][\n]"
<2017-09-26 13:03:01> DEBUG [org.apache.http.wire] http-outgoing-4 << "Date: Tue, 26 Sep 2017 10:02:58 GMT[\r][\n]"
<2017-09-26 13:03:01> DEBUG [org.apache.http.wire] http-outgoing-4 << "Content-Type: application/json;charset=utf-8[\r][\n]"
<2017-09-26 13:03:01> DEBUG [org.apache.http.wire] http-outgoing-4 << "Transfer-Encoding: chunked[\r][\n]"
<2017-09-26 13:03:01> DEBUG [org.apache.http.wire] http-outgoing-4 << "Connection: keep-alive[\r][\n]"
<2017-09-26 13:03:01> DEBUG [org.apache.http.wire] http-outgoing-4 << "Set-Cookie: JSESSIONID=F6E28E4994D1584E597DBDFCCCB1737E; Path=/nexperience/; HttpOnly[\r][\n]"
<2017-09-26 13:03:01> DEBUG [org.apache.http.wire] http-outgoing-4 << "Expires: Thu, 01 Jan 1970 00:00:00 GMT[\r][\n]"
<2017-09-26 13:03:01> DEBUG [org.apache.http.wire] http-outgoing-4 << "Cache-Control: no-cache[\r][\n]"
<2017-09-26 13:03:01> DEBUG [org.apache.http.wire] http-outgoing-4 << "Cache-Control: no-cache[\r][\n]"
<2017-09-26 13:03:01> DEBUG [org.apache.http.wire] http-outgoing-4 << "Expires: Thu, 01 Jan 1970 00:00:00 GMT[\r][\n]"
<2017-09-26 13:03:01> DEBUG [org.apache.http.wire] http-outgoing-4 << "Set-Cookie: fast_failed=true[\r][\n]"
<2017-09-26 13:03:01> DEBUG [org.apache.http.wire] http-outgoing-4 << "X-XSS-Protection: 2; mode=block[\r][\n]"
<2017-09-26 13:03:01> DEBUG [org.apache.http.wire] http-outgoing-4 << "Content-Encoding: gzip[\r][\n]"
<2017-09-26 13:03:01> DEBUG [org.apache.http.wire] http-outgoing-4 << "[\r][\n]"
<2017-09-26 13:03:01> DEBUG [org.apache.http.wire] http-outgoing-4 << "ae[\r][\n]"
<2017-09-26 13:03:01> DEBUG [org.apache.http.wire] http-outgoing-4 << "[0x1f][0x8b][0x8][0x0][0x0][0x0][0x0][0x0][0x0][0x3]-[0x8d][0xcb][\n]"
<2017-09-26 13:03:01> DEBUG [org.apache.http.wire] http-outgoing-4 << "[0xc2]0[0x14]D]]>&#x7f;<![CDATA[[0xa5]d[0xdd][0x84][0xb4]i[0xd3][0xc7][0xd6][0x85][0xb8][0x10]D[0xbf] Mn[0x1f][0x90][0xe6][0xd6]<[0xdc][0x88][0xff]n[0x4]w[0xc3]p[0xce][0xcc][0x9b][0x4][0x8]aCw1d$m[0xf]C[0xd7]rM[0xa7][0xc6]H[0xda][0x80][0x19][0xa8][0xaa][0xb8][0xa0][0xbc][0x9a][0x87]A@'{Q[0x93][0x92][0x84][0xa8]"d<$[0xad][0xb3][0x9d][0x9b][0xf5][0x84]&7[0xb2][0xee][0x1b][0xde]VR[0x94][0xe4][0xa5]l[0xfa]17[0xf0]3[0xe8][0x88][0xc5][0x15][0xa7][0xcd]BA[0x8b]3[0xe2][0x92][0xc3][0x3][0x94][0xd7]kv[0xb5]Uyc$[0xe8][0x17][0x86][0x7][0xb8][0xa7]b[0x1],[0xb8]-[0xed][0xcc][0xc3][0x8e][0x11][0xd8][0x1d][0xc2][0x81].[0xc0][0xff];e[0x9c]]]>&#x7f;<![CDATA[[0xbe]3[0x8c]e[0x19][0xbb][0x0][0x0][0x0][\r][\n]"
<2017-09-26 13:03:01> DEBUG [org.apache.http.wire] http-outgoing-4 << "0[\r][\n]"
<2017-09-26 13:03:01> DEBUG [org.apache.http.wire] http-outgoing-4 << "[\r][\n]"
<2017-09-26 13:03:01> DEBUG [org.apache.http.headers] http-outgoing-4 << HTTP/1.1 200 OK
<2017-09-26 13:03:01> DEBUG [org.apache.http.headers] http-outgoing-4 << Server: nginx
<2017-09-26 13:03:01> DEBUG [org.apache.http.headers] http-outgoing-4 << Date: Tue, 26 Sep 2017 10:02:58 GMT
<2017-09-26 13:03:01> DEBUG [org.apache.http.headers] http-outgoing-4 << Content-Type: application/json;charset=utf-8
<2017-09-26 13:03:01> DEBUG [org.apache.http.headers] http-outgoing-4 << Transfer-Encoding: chunked
<2017-09-26 13:03:01> DEBUG [org.apache.http.headers] http-outgoing-4 << Connection: keep-alive
<2017-09-26 13:03:01> DEBUG [org.apache.http.headers] http-outgoing-4 << Set-Cookie: JSESSIONID=F6E28E4994D1584E597DBDFCCCB1737E; Path=/nexperience/; HttpOnly
<2017-09-26 13:03:01> DEBUG [org.apache.http.headers] http-outgoing-4 << Expires: Thu, 01 Jan 1970 00:00:00 GMT
<2017-09-26 13:03:01> DEBUG [org.apache.http.headers] http-outgoing-4 << Cache-Control: no-cache
<2017-09-26 13:03:01> DEBUG [org.apache.http.headers] http-outgoing-4 << Cache-Control: no-cache
<2017-09-26 13:03:01> DEBUG [org.apache.http.headers] http-outgoing-4 << Expires: Thu, 01 Jan 1970 00:00:00 GMT
<2017-09-26 13:03:01> DEBUG [org.apache.http.headers] http-outgoing-4 << Set-Cookie: fast_failed=true
<2017-09-26 13:03:01> DEBUG [org.apache.http.headers] http-outgoing-4 << X-XSS-Protection: 2; mode=block
<2017-09-26 13:03:01> DEBUG [org.apache.http.headers] http-outgoing-4 << Content-Encoding: gzip
<2017-09-26 13:03:01> DEBUG [o.a.h.i.execchain.MainClientExec] Connection can be kept alive indefinitely
<2017-09-26 13:03:01> DEBUG [o.a.h.c.p.ResponseProcessCookies] Cookie accepted [JSESSIONID="F6E28E4994D1584E597DBDFCCCB1737E", version:0, domain:branchtest.perfectomobile.com, path:/nexperience/, expiry:null]
<2017-09-26 13:03:01> DEBUG [o.a.h.c.p.ResponseProcessCookies] Cookie accepted [fast_failed="true", version:0, domain:branchtest.perfectomobile.com, path:/nexperience/perfectomobile/wd/hub/session/58e9750c-b4d6-4ed9-a103-01f993e76832, expiry:null]
<2017-09-26 13:03:01> DEBUG [o.a.h.i.c.PoolingHttpClientConnectionManager] Connection [id: 4][route: {s}->https://branchtest.perfectomobile.com:443] can be kept alive indefinitely
<2017-09-26 13:03:01> DEBUG [o.a.h.i.c.PoolingHttpClientConnectionManager] Connection released: [id: 4][route: {s}->https://branchtest.perfectomobile.com:443][total kept alive: 3; route allocated: 5 of 2000; total allocated: 5 of 2000]
Done: searchGoogle
<2017-09-26 13:03:01> DEBUG [o.a.h.c.p.RequestAddCookies] CookieSpec selected: default
<2017-09-26 13:03:01> DEBUG [o.a.h.c.p.RequestAddCookies] Cookie [version: 0][name: JSESSIONID][value: F6E28E4994D1584E597DBDFCCCB1737E][domain: branchtest.perfectomobile.com][path: /nexperience/][expiry: null] match [(secure)branchtest.perfectomobile.com:443/nexperience/perfectomobile/wd/hub/session/58e9750c-b4d6-4ed9-a103-01f993e76832/execute]
<2017-09-26 13:03:01> DEBUG [o.a.h.c.p.RequestAddCookies] Cookie [version: 0][name: fast_failed][value: true][domain: branchtest.perfectomobile.com][path: /nexperience/perfectomobile/wd/hub][expiry: null] match [(secure)branchtest.perfectomobile.com:443/nexperience/perfectomobile/wd/hub/session/58e9750c-b4d6-4ed9-a103-01f993e76832/execute]
<2017-09-26 13:03:01> DEBUG [o.a.h.c.p.RequestAddCookies] Cookie [version: 0][name: fast_failed][value: true][domain: branchtest.perfectomobile.com][path: /nexperience/perfectomobile/wd/hub/session/58e9750c-b4d6-4ed9-a103-01f993e76832][expiry: null] match [(secure)branchtest.perfectomobile.com:443/nexperience/perfectomobile/wd/hub/session/58e9750c-b4d6-4ed9-a103-01f993e76832/execute]
<2017-09-26 13:03:01> DEBUG [o.a.h.c.p.RequestAuthCache] Auth cache not set in the context
<2017-09-26 13:03:01> DEBUG [o.a.h.i.c.PoolingHttpClientConnectionManager] Connection request: [route: {s}->https://branchtest.perfectomobile.com:443][total kept alive: 3; route allocated: 5 of 2000; total allocated: 5 of 2000]
<2017-09-26 13:03:01> DEBUG [o.a.h.i.c.PoolingHttpClientConnectionManager] Connection leased: [id: 4][route: {s}->https://branchtest.perfectomobile.com:443][total kept alive: 2; route allocated: 5 of 2000; total allocated: 5 of 2000]
<2017-09-26 13:03:01> DEBUG [o.a.h.i.execchain.MainClientExec] Stale connection check
<2017-09-26 13:03:01> DEBUG [org.apache.http.wire] http-outgoing-4 << "[read] I/O error: Read timed out"
<2017-09-26 13:03:01> DEBUG [o.a.h.i.c.DefaultManagedHttpClientConnection] http-outgoing-4: set socket timeout to 10800000
<2017-09-26 13:03:01> DEBUG [o.a.h.i.execchain.MainClientExec] Executing request POST /nexperience/perfectomobile/wd/hub/session/58e9750c-b4d6-4ed9-a103-01f993e76832/execute HTTP/1.1
<2017-09-26 13:03:01> DEBUG [o.a.h.i.execchain.MainClientExec] Target auth state: UNCHALLENGED
<2017-09-26 13:03:01> DEBUG [o.a.h.i.execchain.MainClientExec] Proxy auth state: UNCHALLENGED
<2017-09-26 13:03:01> DEBUG [org.apache.http.headers] http-outgoing-4 >> POST /nexperience/perfectomobile/wd/hub/session/58e9750c-b4d6-4ed9-a103-01f993e76832/execute HTTP/1.1
<2017-09-26 13:03:01> DEBUG [org.apache.http.headers] http-outgoing-4 >> Content-Type: application/json; charset=utf-8
<2017-09-26 13:03:01> DEBUG [org.apache.http.headers] http-outgoing-4 >> Content-Length: 195
<2017-09-26 13:03:01> DEBUG [org.apache.http.headers] http-outgoing-4 >> Host: branchtest.perfectomobile.com
<2017-09-26 13:03:01> DEBUG [org.apache.http.headers] http-outgoing-4 >> Connection: Keep-Alive
<2017-09-26 13:03:01> DEBUG [org.apache.http.headers] http-outgoing-4 >> User-Agent: Apache-HttpClient/4.5.2 (Java/1.8.0_121)
<2017-09-26 13:03:01> DEBUG [org.apache.http.headers] http-outgoing-4 >> Cookie: JSESSIONID=F6E28E4994D1584E597DBDFCCCB1737E; fast_failed=true; fast_failed=true
<2017-09-26 13:03:01> DEBUG [org.apache.http.headers] http-outgoing-4 >> Accept-Encoding: gzip,deflate
<2017-09-26 13:03:01> DEBUG [org.apache.http.wire] http-outgoing-4 >> "POST /nexperience/perfectomobile/wd/hub/session/58e9750c-b4d6-4ed9-a103-01f993e76832/execute HTTP/1.1[\r][\n]"
<2017-09-26 13:03:01> DEBUG [org.apache.http.wire] http-outgoing-4 >> "Content-Type: application/json; charset=utf-8[\r][\n]"
<2017-09-26 13:03:01> DEBUG [org.apache.http.wire] http-outgoing-4 >> "Content-Length: 195[\r][\n]"
<2017-09-26 13:03:01> DEBUG [org.apache.http.wire] http-outgoing-4 >> "Host: branchtest.perfectomobile.com[\r][\n]"
<2017-09-26 13:03:01> DEBUG [org.apache.http.wire] http-outgoing-4 >> "Connection: Keep-Alive[\r][\n]"
<2017-09-26 13:03:01> DEBUG [org.apache.http.wire] http-outgoing-4 >> "User-Agent: Apache-HttpClient/4.5.2 (Java/1.8.0_121)[\r][\n]"
<2017-09-26 13:03:01> DEBUG [org.apache.http.wire] http-outgoing-4 >> "Cookie: JSESSIONID=F6E28E4994D1584E597DBDFCCCB1737E; fast_failed=true; fast_failed=true[\r][\n]"
<2017-09-26 13:03:01> DEBUG [org.apache.http.wire] http-outgoing-4 >> "Accept-Encoding: gzip,deflate[\r][\n]"
<2017-09-26 13:03:01> DEBUG [org.apache.http.wire] http-outgoing-4 >> "[\r][\n]"
<2017-09-26 13:03:01> DEBUG [org.apache.http.wire] http-outgoing-4 >> "{"script":"mobile:test:start","args":[{"jobName":"Sample Job","name":"Way2Automation Flow","projectName":"Sample Script","jobNumber":45,"projectVersion":"1.0","tags":["Java","Sample","Native"]}]}"
<2017-09-26 13:03:01> DEBUG [org.apache.http.wire] http-outgoing-4 << "HTTP/1.1 200 OK[\r][\n]"
<2017-09-26 13:03:01> DEBUG [org.apache.http.wire] http-outgoing-4 << "Server: nginx[\r][\n]"
<2017-09-26 13:03:01> DEBUG [org.apache.http.wire] http-outgoing-4 << "Date: Tue, 26 Sep 2017 10:02:58 GMT[\r][\n]"
<2017-09-26 13:03:01> DEBUG [org.apache.http.wire] http-outgoing-4 << "Content-Type: application/json;charset=utf-8[\r][\n]"
<2017-09-26 13:03:01> DEBUG [org.apache.http.wire] http-outgoing-4 << "Transfer-Encoding: chunked[\r][\n]"
<2017-09-26 13:03:01> DEBUG [org.apache.http.wire] http-outgoing-4 << "Connection: keep-alive[\r][\n]"
<2017-09-26 13:03:01> DEBUG [org.apache.http.wire] http-outgoing-4 << "Set-Cookie: JSESSIONID=F6E28E4994D1584E597DBDFCCCB1737E; Path=/nexperience/; HttpOnly[\r][\n]"
<2017-09-26 13:03:01> DEBUG [org.apache.http.wire] http-outgoing-4 << "Expires: Thu, 01 Jan 1970 00:00:00 GMT[\r][\n]"
<2017-09-26 13:03:01> DEBUG [org.apache.http.wire] http-outgoing-4 << "Cache-Control: no-cache[\r][\n]"
<2017-09-26 13:03:01> DEBUG [org.apache.http.wire] http-outgoing-4 << "Cache-Control: no-cache[\r][\n]"
<2017-09-26 13:03:01> DEBUG [org.apache.http.wire] http-outgoing-4 << "Expires: Thu, 01 Jan 1970 00:00:00 GMT[\r][\n]"
<2017-09-26 13:03:01> DEBUG [org.apache.http.wire] http-outgoing-4 << "Set-Cookie: fast_failed=true[\r][\n]"
<2017-09-26 13:03:01> DEBUG [org.apache.http.wire] http-outgoing-4 << "X-XSS-Protection: 2; mode=block[\r][\n]"
<2017-09-26 13:03:01> DEBUG [org.apache.http.wire] http-outgoing-4 << "Content-Encoding: gzip[\r][\n]"
<2017-09-26 13:03:01> DEBUG [org.apache.http.wire] http-outgoing-4 << "[\r][\n]"
<2017-09-26 13:03:01> DEBUG [org.apache.http.wire] http-outgoing-4 << "99[\r][\n]"
<2017-09-26 13:03:01> DEBUG [org.apache.http.wire] http-outgoing-4 << "[0x1f][0x8b][0x8][0x0][0x0][0x0][0x0][0x0][0x0][0x3]-[0xcc][0xbd][0x12][0xc2] [0x10][0x4][0xe0]w[0xb9]: [0x81][0xfc]@[0xba][0x8c][0x95][0x8d][0x85]o[0x80]pjf[0x12][0x88][0xb9]`[0xe3][0xf8][0xee][0x9e]3[0xb6][0xbb][0xdf][0xee][0x1b][0x8][0x89][0xa6][0x9c]N[0x11][0x6]h-[0xba][0xbe]UA\[0x9b][0xd8][0x89][0x6][0xa3][0x13][0xbe]VF[0xa8][0xfa][0xe6][0x9c][0xc1][0xbe][0xb3]FC[0x5][0xb4][0xfb][0x1d][0x99]S[0x9][0x81][0xd7][0x9c]<[0x8e]9r[0xa2]uk[0x8d]U[0xba][0xa9][0xe0][0xe5][0xe7][0xf2]3[0xe7][0xc3][0xc8]}[0x98]=[0xbb][0x1][0xf2]v[0x97]y[0xc5][0xf4][0xf4][0x92]p[0xc6]4[0x95]En[0xb8][0xe4][0x1d][0xe5][0x5]i[0xcd][0x89][0xf0][0xff]_[0x98][0xab][0xcf][0x17]3[0x2][0xc6][0xf1][0x9f][0x0][0x0][0x0][\r][\n]"
<2017-09-26 13:03:01> DEBUG [org.apache.http.wire] http-outgoing-4 << "0[\r][\n]"
<2017-09-26 13:03:01> DEBUG [org.apache.http.wire] http-outgoing-4 << "[\r][\n]"
<2017-09-26 13:03:01> DEBUG [org.apache.http.headers] http-outgoing-4 << HTTP/1.1 200 OK
<2017-09-26 13:03:01> DEBUG [org.apache.http.headers] http-outgoing-4 << Server: nginx
<2017-09-26 13:03:01> DEBUG [org.apache.http.headers] http-outgoing-4 << Date: Tue, 26 Sep 2017 10:02:58 GMT
<2017-09-26 13:03:01> DEBUG [org.apache.http.headers] http-outgoing-4 << Content-Type: application/json;charset=utf-8
<2017-09-26 13:03:01> DEBUG [org.apache.http.headers] http-outgoing-4 << Transfer-Encoding: chunked
<2017-09-26 13:03:01> DEBUG [org.apache.http.headers] http-outgoing-4 << Connection: keep-alive
<2017-09-26 13:03:01> DEBUG [org.apache.http.headers] http-outgoing-4 << Set-Cookie: JSESSIONID=F6E28E4994D1584E597DBDFCCCB1737E; Path=/nexperience/; HttpOnly
<2017-09-26 13:03:01> DEBUG [org.apache.http.headers] http-outgoing-4 << Expires: Thu, 01 Jan 1970 00:00:00 GMT
<2017-09-26 13:03:01> DEBUG [org.apache.http.headers] http-outgoing-4 << Cache-Control: no-cache
<2017-09-26 13:03:01> DEBUG [org.apache.http.headers] http-outgoing-4 << Cache-Control: no-cache
<2017-09-26 13:03:01> DEBUG [org.apache.http.headers] http-outgoing-4 << Expires: Thu, 01 Jan 1970 00:00:00 GMT
<2017-09-26 13:03:01> DEBUG [org.apache.http.headers] http-outgoing-4 << Set-Cookie: fast_failed=true
<2017-09-26 13:03:01> DEBUG [org.apache.http.headers] http-outgoing-4 << X-XSS-Protection: 2; mode=block
<2017-09-26 13:03:01> DEBUG [org.apache.http.headers] http-outgoing-4 << Content-Encoding: gzip
<2017-09-26 13:03:01> DEBUG [o.a.h.i.execchain.MainClientExec] Connection can be kept alive indefinitely
<2017-09-26 13:03:01> DEBUG [o.a.h.c.p.ResponseProcessCookies] Cookie accepted [JSESSIONID="F6E28E4994D1584E597DBDFCCCB1737E", version:0, domain:branchtest.perfectomobile.com, path:/nexperience/, expiry:null]
<2017-09-26 13:03:01> DEBUG [o.a.h.c.p.ResponseProcessCookies] Cookie accepted [fast_failed="true", version:0, domain:branchtest.perfectomobile.com, path:/nexperience/perfectomobile/wd/hub/session/58e9750c-b4d6-4ed9-a103-01f993e76832, expiry:null]
<2017-09-26 13:03:01> DEBUG [o.a.h.i.c.PoolingHttpClientConnectionManager] Connection [id: 4][route: {s}->https://branchtest.perfectomobile.com:443] can be kept alive indefinitely
<2017-09-26 13:03:01> DEBUG [o.a.h.i.c.PoolingHttpClientConnectionManager] Connection released: [id: 4][route: {s}->https://branchtest.perfectomobile.com:443][total kept alive: 3; route allocated: 5 of 2000; total allocated: 5 of 2000]
<2017-09-26 13:03:01> DEBUG [o.a.h.c.p.RequestAddCookies] CookieSpec selected: default
<2017-09-26 13:03:01> DEBUG [o.a.h.c.p.RequestAddCookies] Cookie [version: 0][name: JSESSIONID][value: F6E28E4994D1584E597DBDFCCCB1737E][domain: branchtest.perfectomobile.com][path: /nexperience/][expiry: null] match [(secure)branchtest.perfectomobile.com:443/nexperience/perfectomobile/wd/hub/session/58e9750c-b4d6-4ed9-a103-01f993e76832/execute]
<2017-09-26 13:03:01> DEBUG [o.a.h.c.p.RequestAddCookies] Cookie [version: 0][name: fast_failed][value: true][domain: branchtest.perfectomobile.com][path: /nexperience/perfectomobile/wd/hub][expiry: null] match [(secure)branchtest.perfectomobile.com:443/nexperience/perfectomobile/wd/hub/session/58e9750c-b4d6-4ed9-a103-01f993e76832/execute]
<2017-09-26 13:03:01> DEBUG [o.a.h.c.p.RequestAddCookies] Cookie [version: 0][name: fast_failed][value: true][domain: branchtest.perfectomobile.com][path: /nexperience/perfectomobile/wd/hub/session/58e9750c-b4d6-4ed9-a103-01f993e76832][expiry: null] match [(secure)branchtest.perfectomobile.com:443/nexperience/perfectomobile/wd/hub/session/58e9750c-b4d6-4ed9-a103-01f993e76832/execute]
<2017-09-26 13:03:01> DEBUG [o.a.h.c.p.RequestAuthCache] Auth cache not set in the context
<2017-09-26 13:03:01> DEBUG [o.a.h.i.c.PoolingHttpClientConnectionManager] Connection request: [route: {s}->https://branchtest.perfectomobile.com:443][total kept alive: 3; route allocated: 5 of 2000; total allocated: 5 of 2000]
<2017-09-26 13:03:01> DEBUG [o.a.h.i.c.PoolingHttpClientConnectionManager] Connection leased: [id: 4][route: {s}->https://branchtest.perfectomobile.com:443][total kept alive: 2; route allocated: 5 of 2000; total allocated: 5 of 2000]
<2017-09-26 13:03:01> DEBUG [o.a.h.i.execchain.MainClientExec] Stale connection check
<2017-09-26 13:03:01> DEBUG [org.apache.http.wire] http-outgoing-4 << "[read] I/O error: Read timed out"
<2017-09-26 13:03:01> DEBUG [o.a.h.i.c.DefaultManagedHttpClientConnection] http-outgoing-4: set socket timeout to 10800000
<2017-09-26 13:03:01> DEBUG [o.a.h.i.execchain.MainClientExec] Executing request POST /nexperience/perfectomobile/wd/hub/session/58e9750c-b4d6-4ed9-a103-01f993e76832/execute HTTP/1.1
<2017-09-26 13:03:01> DEBUG [o.a.h.i.execchain.MainClientExec] Target auth state: UNCHALLENGED
<2017-09-26 13:03:01> DEBUG [o.a.h.i.execchain.MainClientExec] Proxy auth state: UNCHALLENGED
<2017-09-26 13:03:01> DEBUG [org.apache.http.headers] http-outgoing-4 >> POST /nexperience/perfectomobile/wd/hub/session/58e9750c-b4d6-4ed9-a103-01f993e76832/execute HTTP/1.1
<2017-09-26 13:03:01> DEBUG [org.apache.http.headers] http-outgoing-4 >> Content-Type: application/json; charset=utf-8
<2017-09-26 13:03:01> DEBUG [org.apache.http.headers] http-outgoing-4 >> Content-Length: 67
<2017-09-26 13:03:01> DEBUG [org.apache.http.headers] http-outgoing-4 >> Host: branchtest.perfectomobile.com
<2017-09-26 13:03:01> DEBUG [org.apache.http.headers] http-outgoing-4 >> Connection: Keep-Alive
<2017-09-26 13:03:01> DEBUG [org.apache.http.headers] http-outgoing-4 >> User-Agent: Apache-HttpClient/4.5.2 (Java/1.8.0_121)
<2017-09-26 13:03:01> DEBUG [org.apache.http.headers] http-outgoing-4 >> Cookie: JSESSIONID=F6E28E4994D1584E597DBDFCCCB1737E; fast_failed=true; fast_failed=true
<2017-09-26 13:03:01> DEBUG [org.apache.http.headers] http-outgoing-4 >> Accept-Encoding: gzip,deflate
<2017-09-26 13:03:01> DEBUG [org.apache.http.wire] http-outgoing-4 >> "POST /nexperience/perfectomobile/wd/hub/session/58e9750c-b4d6-4ed9-a103-01f993e76832/execute HTTP/1.1[\r][\n]"
<2017-09-26 13:03:01> DEBUG [org.apache.http.wire] http-outgoing-4 >> "Content-Type: application/json; charset=utf-8[\r][\n]"
<2017-09-26 13:03:01> DEBUG [org.apache.http.wire] http-outgoing-4 >> "Content-Length: 67[\r][\n]"
<2017-09-26 13:03:01> DEBUG [org.apache.http.wire] http-outgoing-4 >> "Host: branchtest.perfectomobile.com[\r][\n]"
<2017-09-26 13:03:01> DEBUG [org.apache.http.wire] http-outgoing-4 >> "Connection: Keep-Alive[\r][\n]"
<2017-09-26 13:03:01> DEBUG [org.apache.http.wire] http-outgoing-4 >> "User-Agent: Apache-HttpClient/4.5.2 (Java/1.8.0_121)[\r][\n]"
<2017-09-26 13:03:01> DEBUG [org.apache.http.wire] http-outgoing-4 >> "Cookie: JSESSIONID=F6E28E4994D1584E597DBDFCCCB1737E; fast_failed=true; fast_failed=true[\r][\n]"
<2017-09-26 13:03:01> DEBUG [org.apache.http.wire] http-outgoing-4 >> "Accept-Encoding: gzip,deflate[\r][\n]"
<2017-09-26 13:03:01> DEBUG [org.apache.http.wire] http-outgoing-4 >> "[\r][\n]"
<2017-09-26 13:03:01> DEBUG [org.apache.http.wire] http-outgoing-4 >> "{"script":"mobile:step:start","args":[{"name":"Navigate to site"}]}"
<2017-09-26 13:03:02> DEBUG [org.apache.http.wire] http-outgoing-4 << "HTTP/1.1 200 OK[\r][\n]"
<2017-09-26 13:03:02> DEBUG [org.apache.http.wire] http-outgoing-4 << "Server: nginx[\r][\n]"
<2017-09-26 13:03:02> DEBUG [org.apache.http.wire] http-outgoing-4 << "Date: Tue, 26 Sep 2017 10:02:58 GMT[\r][\n]"
<2017-09-26 13:03:02> DEBUG [org.apache.http.wire] http-outgoing-4 << "Content-Type: application/json;charset=utf-8[\r][\n]"
<2017-09-26 13:03:02> DEBUG [org.apache.http.wire] http-outgoing-4 << "Transfer-Encoding: chunked[\r][\n]"
<2017-09-26 13:03:02> DEBUG [org.apache.http.wire] http-outgoing-4 << "Connection: keep-alive[\r][\n]"
<2017-09-26 13:03:02> DEBUG [org.apache.http.wire] http-outgoing-4 << "Set-Cookie: JSESSIONID=F6E28E4994D1584E597DBDFCCCB1737E; Path=/nexperience/; HttpOnly[\r][\n]"
<2017-09-26 13:03:02> DEBUG [org.apache.http.wire] http-outgoing-4 << "Expires: Thu, 01 Jan 1970 00:00:00 GMT[\r][\n]"
<2017-09-26 13:03:02> DEBUG [org.apache.http.wire] http-outgoing-4 << "Cache-Control: no-cache[\r][\n]"
<2017-09-26 13:03:02> DEBUG [org.apache.http.wire] http-outgoing-4 << "Cache-Control: no-cache[\r][\n]"
<2017-09-26 13:03:02> DEBUG [org.apache.http.wire] http-outgoing-4 << "Expires: Thu, 01 Jan 1970 00:00:00 GMT[\r][\n]"
<2017-09-26 13:03:02> DEBUG [org.apache.http.wire] http-outgoing-4 << "Set-Cookie: fast_failed=true[\r][\n]"
<2017-09-26 13:03:02> DEBUG [org.apache.http.wire] http-outgoing-4 << "X-XSS-Protection: 2; mode=block[\r][\n]"
<2017-09-26 13:03:02> DEBUG [org.apache.http.wire] http-outgoing-4 << "Content-Encoding: gzip[\r][\n]"
<2017-09-26 13:03:02> DEBUG [org.apache.http.wire] http-outgoing-4 << "[\r][\n]"
<2017-09-26 13:03:02> DEBUG [org.apache.http.wire] http-outgoing-4 << "95[\r][\n]"
<2017-09-26 13:03:02> DEBUG [org.apache.http.wire] http-outgoing-4 << "[0x1f][0x8b][0x8][0x0][0x0][0x0][0x0][0x0][0x0][0x3]-[0xcc][0xbd][0x12][0xc2] [0x10][0x4][0xe0]w[0xb9]:0[0x87][0xe4][0x7][0xd2]Z[0xd9][0xfa][0x6][0x8][0xa7]f&[0x81]$[0x17]l[0x1c][0xdf][0xdd]s[0xc6]v[0xf7][0xdb]}[0x3][0x13][0xf3]T[0xf2]%[0xc1][0x8][0x9d]#?t[0x18][0xd5][0xad]M[0xbd]j)y[0x15][0xc]Z[0x85][0xe6][0xee][0xbd][0xa5][0xa1]w[0xf6][0x4][\r][0xf0][0x11][0xe][0x12][0xce]5FYK[0xf2]<[0x97]$[0x89][0x19][0x9c][0xf3][0x6][0x11][0xdb][0x6]^a[0xae]?$m[0x9c][0x83][0xa8][0x11][0xca][0xfe][0xd0]e[0xa5][0xbc][0x5][0xcd]4S[0x9e][0xea][0xa2]wZ[0xca]A[0xfa]J[0xbc][0x96][0xcc][0xf4]]]>&#x7f;<![CDATA[[0xaf][0xc2][0xf1][0xf3][0x5][0xdf][0xba]aH[0x9d][0x0][0x0][0x0][\r][\n]"
<2017-09-26 13:03:02> DEBUG [org.apache.http.wire] http-outgoing-4 << "0[\r][\n]"
<2017-09-26 13:03:02> DEBUG [org.apache.http.wire] http-outgoing-4 << "[\r][\n]"
<2017-09-26 13:03:02> DEBUG [org.apache.http.headers] http-outgoing-4 << HTTP/1.1 200 OK
<2017-09-26 13:03:02> DEBUG [org.apache.http.headers] http-outgoing-4 << Server: nginx
<2017-09-26 13:03:02> DEBUG [org.apache.http.headers] http-outgoing-4 << Date: Tue, 26 Sep 2017 10:02:58 GMT
<2017-09-26 13:03:02> DEBUG [org.apache.http.headers] http-outgoing-4 << Content-Type: application/json;charset=utf-8
<2017-09-26 13:03:02> DEBUG [org.apache.http.headers] http-outgoing-4 << Transfer-Encoding: chunked
<2017-09-26 13:03:02> DEBUG [org.apache.http.headers] http-outgoing-4 << Connection: keep-alive
<2017-09-26 13:03:02> DEBUG [org.apache.http.headers] http-outgoing-4 << Set-Cookie: JSESSIONID=F6E28E4994D1584E597DBDFCCCB1737E; Path=/nexperience/; HttpOnly
<2017-09-26 13:03:02> DEBUG [org.apache.http.headers] http-outgoing-4 << Expires: Thu, 01 Jan 1970 00:00:00 GMT
<2017-09-26 13:03:02> DEBUG [org.apache.http.headers] http-outgoing-4 << Cache-Control: no-cache
<2017-09-26 13:03:02> DEBUG [org.apache.http.headers] http-outgoing-4 << Cache-Control: no-cache
<2017-09-26 13:03:02> DEBUG [org.apache.http.headers] http-outgoing-4 << Expires: Thu, 01 Jan 1970 00:00:00 GMT
<2017-09-26 13:03:02> DEBUG [org.apache.http.headers] http-outgoing-4 << Set-Cookie: fast_failed=true
<2017-09-26 13:03:02> DEBUG [org.apache.http.headers] http-outgoing-4 << X-XSS-Protection: 2; mode=block
<2017-09-26 13:03:02> DEBUG [org.apache.http.headers] http-outgoing-4 << Content-Encoding: gzip
<2017-09-26 13:03:02> DEBUG [o.a.h.i.execchain.MainClientExec] Connection can be kept alive indefinitely
<2017-09-26 13:03:02> DEBUG [o.a.h.c.p.ResponseProcessCookies] Cookie accepted [JSESSIONID="F6E28E4994D1584E597DBDFCCCB1737E", version:0, domain:branchtest.perfectomobile.com, path:/nexperience/, expiry:null]
<2017-09-26 13:03:02> DEBUG [o.a.h.c.p.ResponseProcessCookies] Cookie accepted [fast_failed="true", version:0, domain:branchtest.perfectomobile.com, path:/nexperience/perfectomobile/wd/hub/session/58e9750c-b4d6-4ed9-a103-01f993e76832, expiry:null]
<2017-09-26 13:03:02> DEBUG [o.a.h.i.c.PoolingHttpClientConnectionManager] Connection [id: 4][route: {s}->https://branchtest.perfectomobile.com:443] can be kept alive indefinitely
<2017-09-26 13:03:02> DEBUG [o.a.h.i.c.PoolingHttpClientConnectionManager] Connection released: [id: 4][route: {s}->https://branchtest.perfectomobile.com:443][total kept alive: 3; route allocated: 5 of 2000; total allocated: 5 of 2000]
<2017-09-26 13:03:02> DEBUG [o.a.h.c.p.RequestAddCookies] CookieSpec selected: default
<2017-09-26 13:03:02> DEBUG [o.a.h.c.p.RequestAddCookies] Cookie [version: 0][name: JSESSIONID][value: F6E28E4994D1584E597DBDFCCCB1737E][domain: branchtest.perfectomobile.com][path: /nexperience/][expiry: null] match [(secure)branchtest.perfectomobile.com:443/nexperience/perfectomobile/wd/hub/session/58e9750c-b4d6-4ed9-a103-01f993e76832/url]
<2017-09-26 13:03:02> DEBUG [o.a.h.c.p.RequestAddCookies] Cookie [version: 0][name: fast_failed][value: true][domain: branchtest.perfectomobile.com][path: /nexperience/perfectomobile/wd/hub][expiry: null] match [(secure)branchtest.perfectomobile.com:443/nexperience/perfectomobile/wd/hub/session/58e9750c-b4d6-4ed9-a103-01f993e76832/url]
<2017-09-26 13:03:02> DEBUG [o.a.h.c.p.RequestAddCookies] Cookie [version: 0][name: fast_failed][value: true][domain: branchtest.perfectomobile.com][path: /nexperience/perfectomobile/wd/hub/session/58e9750c-b4d6-4ed9-a103-01f993e76832][expiry: null] match [(secure)branchtest.perfectomobile.com:443/nexperience/perfectomobile/wd/hub/session/58e9750c-b4d6-4ed9-a103-01f993e76832/url]
<2017-09-26 13:03:02> DEBUG [o.a.h.c.p.RequestAuthCache] Auth cache not set in the context
<2017-09-26 13:03:02> DEBUG [o.a.h.i.c.PoolingHttpClientConnectionManager] Connection request: [route: {s}->https://branchtest.perfectomobile.com:443][total kept alive: 3; route allocated: 5 of 2000; total allocated: 5 of 2000]
<2017-09-26 13:03:02> DEBUG [o.a.h.i.c.PoolingHttpClientConnectionManager] Connection leased: [id: 4][route: {s}->https://branchtest.perfectomobile.com:443][total kept alive: 2; route allocated: 5 of 2000; total allocated: 5 of 2000]
<2017-09-26 13:03:02> DEBUG [o.a.h.i.execchain.MainClientExec] Stale connection check
<2017-09-26 13:03:02> DEBUG [org.apache.http.wire] http-outgoing-4 << "[read] I/O error: Read timed out"
<2017-09-26 13:03:02> DEBUG [o.a.h.i.c.DefaultManagedHttpClientConnection] http-outgoing-4: set socket timeout to 10800000
<2017-09-26 13:03:02> DEBUG [o.a.h.i.execchain.MainClientExec] Executing request POST /nexperience/perfectomobile/wd/hub/session/58e9750c-b4d6-4ed9-a103-01f993e76832/url HTTP/1.1
<2017-09-26 13:03:02> DEBUG [o.a.h.i.execchain.MainClientExec] Target auth state: UNCHALLENGED
<2017-09-26 13:03:02> DEBUG [o.a.h.i.execchain.MainClientExec] Proxy auth state: UNCHALLENGED
<2017-09-26 13:03:02> DEBUG [org.apache.http.headers] http-outgoing-4 >> POST /nexperience/perfectomobile/wd/hub/session/58e9750c-b4d6-4ed9-a103-01f993e76832/url HTTP/1.1
<2017-09-26 13:03:02> DEBUG [org.apache.http.headers] http-outgoing-4 >> Content-Type: application/json; charset=utf-8
<2017-09-26 13:03:02> DEBUG [org.apache.http.headers] http-outgoing-4 >> Content-Length: 61
<2017-09-26 13:03:02> DEBUG [org.apache.http.headers] http-outgoing-4 >> Host: branchtest.perfectomobile.com
<2017-09-26 13:03:02> DEBUG [org.apache.http.headers] http-outgoing-4 >> Connection: Keep-Alive
<2017-09-26 13:03:02> DEBUG [org.apache.http.headers] http-outgoing-4 >> User-Agent: Apache-HttpClient/4.5.2 (Java/1.8.0_121)
<2017-09-26 13:03:02> DEBUG [org.apache.http.headers] http-outgoing-4 >> Cookie: JSESSIONID=F6E28E4994D1584E597DBDFCCCB1737E; fast_failed=true; fast_failed=true
<2017-09-26 13:03:02> DEBUG [org.apache.http.headers] http-outgoing-4 >> Accept-Encoding: gzip,deflate
<2017-09-26 13:03:02> DEBUG [org.apache.http.wire] http-outgoing-4 >> "POST /nexperience/perfectomobile/wd/hub/session/58e9750c-b4d6-4ed9-a103-01f993e76832/url HTTP/1.1[\r][\n]"
<2017-09-26 13:03:02> DEBUG [org.apache.http.wire] http-outgoing-4 >> "Content-Type: application/json; charset=utf-8[\r][\n]"
<2017-09-26 13:03:02> DEBUG [org.apache.http.wire] http-outgoing-4 >> "Content-Length: 61[\r][\n]"
<2017-09-26 13:03:02> DEBUG [org.apache.http.wire] http-outgoing-4 >> "Host: branchtest.perfectomobile.com[\r][\n]"
<2017-09-26 13:03:02> DEBUG [org.apache.http.wire] http-outgoing-4 >> "Connection: Keep-Alive[\r][\n]"
<2017-09-26 13:03:02> DEBUG [org.apache.http.wire] http-outgoing-4 >> "User-Agent: Apache-HttpClient/4.5.2 (Java/1.8.0_121)[\r][\n]"
<2017-09-26 13:03:02> DEBUG [org.apache.http.wire] http-outgoing-4 >> "Cookie: JSESSIONID=F6E28E4994D1584E597DBDFCCCB1737E; fast_failed=true; fast_failed=true[\r][\n]"
<2017-09-26 13:03:02> DEBUG [org.apache.http.wire] http-outgoing-4 >> "Accept-Encoding: gzip,deflate[\r][\n]"
<2017-09-26 13:03:02> DEBUG [org.apache.http.wire] http-outgoing-4 >> "[\r][\n]"
<2017-09-26 13:03:02> DEBUG [org.apache.http.wire] http-outgoing-4 >> "{"url":"http://way2automation.com/way2auto_jquery/index.php"}"
<2017-09-26 13:03:04> DEBUG [org.apache.http.wire] http-outgoing-1 << "HTTP/1.1 200 OK[\r][\n]"
<2017-09-26 13:03:04> DEBUG [org.apache.http.wire] http-outgoing-1 << "Server: nginx[\r][\n]"
<2017-09-26 13:03:04> DEBUG [org.apache.http.wire] http-outgoing-1 << "Date: Tue, 26 Sep 2017 10:03:01 GMT[\r][\n]"
<2017-09-26 13:03:04> DEBUG [org.apache.http.wire] http-outgoing-1 << "Content-Type: application/json;charset=utf-8[\r][\n]"
<2017-09-26 13:03:04> DEBUG [org.apache.http.wire] http-outgoing-1 << "Transfer-Encoding: chunked[\r][\n]"
<2017-09-26 13:03:04> DEBUG [org.apache.http.wire] http-outgoing-1 << "Connection: keep-alive[\r][\n]"
<2017-09-26 13:03:04> DEBUG [org.apache.http.wire] http-outgoing-1 << "Set-Cookie: JSESSIONID=F6E28E4994D1584E597DBDFCCCB1737E; Path=/nexperience/; HttpOnly[\r][\n]"
<2017-09-26 13:03:04> DEBUG [org.apache.http.wire] http-outgoing-1 << "Expires: Thu, 01 Jan 1970 00:00:00 GMT[\r][\n]"
<2017-09-26 13:03:04> DEBUG [org.apache.http.wire] http-outgoing-1 << "Cache-Control: no-cache[\r][\n]"
<2017-09-26 13:03:04> DEBUG [org.apache.http.wire] http-outgoing-1 << "Cache-Control: no-cache[\r][\n]"
<2017-09-26 13:03:04> DEBUG [org.apache.http.wire] http-outgoing-1 << "Expires: Thu, 01 Jan 1970 00:00:00 GMT[\r][\n]"
<2017-09-26 13:03:04> DEBUG [org.apache.http.wire] http-outgoing-1 << "Set-Cookie: fast_failed=true[\r][\n]"
<2017-09-26 13:03:04> DEBUG [org.apache.http.wire] http-outgoing-1 << "X-XSS-Protection: 2; mode=block[\r][\n]"
<2017-09-26 13:03:04> DEBUG [org.apache.http.wire] http-outgoing-1 << "Content-Encoding: gzip[\r][\n]"
<2017-09-26 13:03:04> DEBUG [org.apache.http.wire] http-outgoing-1 << "[\r][\n]"
<2017-09-26 13:03:04> DEBUG [org.apache.http.wire] http-outgoing-1 << "96[\r][\n]"
<2017-09-26 13:03:04> DEBUG [org.apache.http.wire] http-outgoing-1 << "[0x1f][0x8b][0x8][0x0][0x0][0x0][0x0][0x0][0x0][0x3]-[0xcc][0xbb][0x12][0x82]0[0x10][0x85][0xe1]w[0xd9][0x9a]dH 1[0xd0]Z[0xd9][0xfa][0x6][0xb9][0xac][0xca]LH[0x80]%6[0x8e][0xef][0xee][0x16][0xb6][0xff]|[0xe7]|[0x80][0x90]h[0xa9][0xe5][0x96]`[0x86][0x88][0xd6][0x5][0xa5]{a[0xed]d[0xc5][0xe8]M[0x12]n[0x1a][0x9c][0xb8][0xc4][0xc7][0x18][0x2]:7[0xa8][0x9]:[0xa0][0xd3][0x9f][0xc8][0x9c]Z[0x8c][0xbc][0xe6][0xf2][0xba][0xd6][0xc4]e4[0xca]hg[0xb5][0xee][0xe0][0xed]s[0xe3]RZ[0xce][0x1d][0xc4][0xec][0x99][0xcd]P[0x8f][0xa7][0xac][0x1b][0x96][0xdd]K[0xc2][0x8c]ei[0xab]<p[0xad]'[0xca];[0xd2]V[0xb][0xe1][0xff][0xbe]1[0xef][0xbf]?[0xbd][0xfe]9[0x89][0x9e][0x0][0x0][0x0][\r][\n]"
<2017-09-26 13:03:04> DEBUG [org.apache.http.wire] http-outgoing-1 << "0[\r][\n]"
<2017-09-26 13:03:04> DEBUG [org.apache.http.wire] http-outgoing-1 << "[\r][\n]"
<2017-09-26 13:03:04> DEBUG [org.apache.http.headers] http-outgoing-1 << HTTP/1.1 200 OK
<2017-09-26 13:03:04> DEBUG [org.apache.http.headers] http-outgoing-1 << Server: nginx
<2017-09-26 13:03:04> DEBUG [org.apache.http.headers] http-outgoing-1 << Date: Tue, 26 Sep 2017 10:03:01 GMT
<2017-09-26 13:03:04> DEBUG [org.apache.http.headers] http-outgoing-1 << Content-Type: application/json;charset=utf-8
<2017-09-26 13:03:04> DEBUG [org.apache.http.headers] http-outgoing-1 << Transfer-Encoding: chunked
<2017-09-26 13:03:04> DEBUG [org.apache.http.headers] http-outgoing-1 << Connection: keep-alive
<2017-09-26 13:03:04> DEBUG [org.apache.http.headers] http-outgoing-1 << Set-Cookie: JSESSIONID=F6E28E4994D1584E597DBDFCCCB1737E; Path=/nexperience/; HttpOnly
<2017-09-26 13:03:04> DEBUG [org.apache.http.headers] http-outgoing-1 << Expires: Thu, 01 Jan 1970 00:00:00 GMT
<2017-09-26 13:03:04> DEBUG [org.apache.http.headers] http-outgoing-1 << Cache-Control: no-cache
<2017-09-26 13:03:04> DEBUG [org.apache.http.headers] http-outgoing-1 << Cache-Control: no-cache
<2017-09-26 13:03:04> DEBUG [org.apache.http.headers] http-outgoing-1 << Expires: Thu, 01 Jan 1970 00:00:00 GMT
<2017-09-26 13:03:04> DEBUG [org.apache.http.headers] http-outgoing-1 << Set-Cookie: fast_failed=true
<2017-09-26 13:03:04> DEBUG [org.apache.http.headers] http-outgoing-1 << X-XSS-Protection: 2; mode=block
<2017-09-26 13:03:04> DEBUG [org.apache.http.headers] http-outgoing-1 << Content-Encoding: gzip
<2017-09-26 13:03:04> DEBUG [o.a.h.i.execchain.MainClientExec] Connection can be kept alive indefinitely
<2017-09-26 13:03:04> DEBUG [o.a.h.c.p.ResponseProcessCookies] Cookie accepted [JSESSIONID="F6E28E4994D1584E597DBDFCCCB1737E", version:0, domain:branchtest.perfectomobile.com, path:/nexperience/, expiry:null]
<2017-09-26 13:03:04> DEBUG [o.a.h.c.p.ResponseProcessCookies] Cookie accepted [fast_failed="true", version:0, domain:branchtest.perfectomobile.com, path:/nexperience/perfectomobile/wd/hub/session/ce68b120-6696-4a5d-8938-7cf4bbe88319, expiry:null]
<2017-09-26 13:03:04> DEBUG [o.a.h.i.c.PoolingHttpClientConnectionManager] Connection [id: 1][route: {s}->https://branchtest.perfectomobile.com:443] can be kept alive indefinitely
<2017-09-26 13:03:04> DEBUG [o.a.h.i.c.PoolingHttpClientConnectionManager] Connection released: [id: 1][route: {s}->https://branchtest.perfectomobile.com:443][total kept alive: 3; route allocated: 5 of 2000; total allocated: 5 of 2000]
<2017-09-26 13:03:05> DEBUG [o.a.h.c.p.RequestAddCookies] CookieSpec selected: default
<2017-09-26 13:03:05> DEBUG [o.a.h.c.p.RequestAddCookies] Cookie [version: 0][name: JSESSIONID][value: F6E28E4994D1584E597DBDFCCCB1737E][domain: branchtest.perfectomobile.com][path: /nexperience/][expiry: null] match [(secure)branchtest.perfectomobile.com:443/nexperience/perfectomobile/wd/hub/session/9653146c-9d83-4061-80ff-76b8ef1fd249/execute]
<2017-09-26 13:03:05> DEBUG [o.a.h.c.p.RequestAddCookies] Cookie [version: 0][name: fast_failed][value: true][domain: branchtest.perfectomobile.com][path: /nexperience/perfectomobile/wd/hub][expiry: null] match [(secure)branchtest.perfectomobile.com:443/nexperience/perfectomobile/wd/hub/session/9653146c-9d83-4061-80ff-76b8ef1fd249/execute]
<2017-09-26 13:03:05> DEBUG [o.a.h.c.p.RequestAddCookies] Cookie [version: 0][name: fast_failed][value: true][domain: branchtest.perfectomobile.com][path: /nexperience/perfectomobile/wd/hub/session/9653146c-9d83-4061-80ff-76b8ef1fd249][expiry: null] match [(secure)branchtest.perfectomobile.com:443/nexperience/perfectomobile/wd/hub/session/9653146c-9d83-4061-80ff-76b8ef1fd249/execute]
<2017-09-26 13:03:05> DEBUG [o.a.h.c.p.RequestAuthCache] Auth cache not set in the context
<2017-09-26 13:03:05> DEBUG [o.a.h.i.c.PoolingHttpClientConnectionManager] Connection request: [route: {s}->https://branchtest.perfectomobile.com:443][total kept alive: 3; route allocated: 5 of 2000; total allocated: 5 of 2000]
<2017-09-26 13:03:05> DEBUG [o.a.h.i.c.PoolingHttpClientConnectionManager] Connection leased: [id: 1][route: {s}->https://branchtest.perfectomobile.com:443][total kept alive: 2; route allocated: 5 of 2000; total allocated: 5 of 2000]
<2017-09-26 13:03:05> DEBUG [o.a.h.i.execchain.MainClientExec] Stale connection check
<2017-09-26 13:03:05> DEBUG [org.apache.http.wire] http-outgoing-1 << "[read] I/O error: Read timed out"
<2017-09-26 13:03:05> DEBUG [o.a.h.i.c.DefaultManagedHttpClientConnection] http-outgoing-1: set socket timeout to 10800000
<2017-09-26 13:03:05> DEBUG [o.a.h.i.execchain.MainClientExec] Executing request POST /nexperience/perfectomobile/wd/hub/session/9653146c-9d83-4061-80ff-76b8ef1fd249/execute HTTP/1.1
<2017-09-26 13:03:05> DEBUG [o.a.h.i.execchain.MainClientExec] Target auth state: UNCHALLENGED
<2017-09-26 13:03:05> DEBUG [o.a.h.i.execchain.MainClientExec] Proxy auth state: UNCHALLENGED
<2017-09-26 13:03:05> DEBUG [org.apache.http.headers] http-outgoing-1 >> POST /nexperience/perfectomobile/wd/hub/session/9653146c-9d83-4061-80ff-76b8ef1fd249/execute HTTP/1.1
<2017-09-26 13:03:05> DEBUG [org.apache.http.headers] http-outgoing-1 >> Content-Type: application/json; charset=utf-8
<2017-09-26 13:03:05> DEBUG [org.apache.http.headers] http-outgoing-1 >> Content-Length: 54
<2017-09-26 13:03:05> DEBUG [org.apache.http.headers] http-outgoing-1 >> Host: branchtest.perfectomobile.com
<2017-09-26 13:03:05> DEBUG [org.apache.http.headers] http-outgoing-1 >> Connection: Keep-Alive
<2017-09-26 13:03:05> DEBUG [org.apache.http.headers] http-outgoing-1 >> User-Agent: Apache-HttpClient/4.5.2 (Java/1.8.0_121)
<2017-09-26 13:03:05> DEBUG [org.apache.http.headers] http-outgoing-1 >> Cookie: JSESSIONID=F6E28E4994D1584E597DBDFCCCB1737E; fast_failed=true; fast_failed=true
<2017-09-26 13:03:05> DEBUG [org.apache.http.headers] http-outgoing-1 >> Accept-Encoding: gzip,deflate
<2017-09-26 13:03:05> DEBUG [org.apache.http.wire] http-outgoing-1 >> "POST /nexperience/perfectomobile/wd/hub/session/9653146c-9d83-4061-80ff-76b8ef1fd249/execute HTTP/1.1[\r][\n]"
<2017-09-26 13:03:05> DEBUG [org.apache.http.wire] http-outgoing-1 >> "Content-Type: application/json; charset=utf-8[\r][\n]"
<2017-09-26 13:03:05> DEBUG [org.apache.http.wire] http-outgoing-1 >> "Content-Length: 54[\r][\n]"
<2017-09-26 13:03:05> DEBUG [org.apache.http.wire] http-outgoing-1 >> "Host: branchtest.perfectomobile.com[\r][\n]"
<2017-09-26 13:03:05> DEBUG [org.apache.http.wire] http-outgoing-1 >> "Connection: Keep-Alive[\r][\n]"
<2017-09-26 13:03:05> DEBUG [org.apache.http.wire] http-outgoing-1 >> "User-Agent: Apache-HttpClient/4.5.2 (Java/1.8.0_121)[\r][\n]"
<2017-09-26 13:03:05> DEBUG [org.apache.http.wire] http-outgoing-1 >> "Cookie: JSESSIONID=F6E28E4994D1584E597DBDFCCCB1737E; fast_failed=true; fast_failed=true[\r][\n]"
<2017-09-26 13:03:05> DEBUG [org.apache.http.wire] http-outgoing-1 >> "Accept-Encoding: gzip,deflate[\r][\n]"
<2017-09-26 13:03:05> DEBUG [org.apache.http.wire] http-outgoing-1 >> "[\r][\n]"
<2017-09-26 13:03:05> DEBUG [org.apache.http.wire] http-outgoing-1 >> "{"script":"mobile:step:end","args":[{"message":null}]}"
<2017-09-26 13:03:05> DEBUG [org.apache.http.wire] http-outgoing-1 << "HTTP/1.1 200 OK[\r][\n]"
<2017-09-26 13:03:05> DEBUG [org.apache.http.wire] http-outgoing-1 << "Server: nginx[\r][\n]"
<2017-09-26 13:03:05> DEBUG [org.apache.http.wire] http-outgoing-1 << "Date: Tue, 26 Sep 2017 10:03:01 GMT[\r][\n]"
<2017-09-26 13:03:05> DEBUG [org.apache.http.wire] http-outgoing-1 << "Content-Type: application/json;charset=utf-8[\r][\n]"
<2017-09-26 13:03:05> DEBUG [org.apache.http.wire] http-outgoing-1 << "Transfer-Encoding: chunked[\r][\n]"
<2017-09-26 13:03:05> DEBUG [org.apache.http.wire] http-outgoing-1 << "Connection: keep-alive[\r][\n]"
<2017-09-26 13:03:05> DEBUG [org.apache.http.wire] http-outgoing-1 << "Set-Cookie: JSESSIONID=F6E28E4994D1584E597DBDFCCCB1737E; Path=/nexperience/; HttpOnly[\r][\n]"
<2017-09-26 13:03:05> DEBUG [org.apache.http.wire] http-outgoing-1 << "Expires: Thu, 01 Jan 1970 00:00:00 GMT[\r][\n]"
<2017-09-26 13:03:05> DEBUG [org.apache.http.wire] http-outgoing-1 << "Cache-Control: no-cache[\r][\n]"
<2017-09-26 13:03:05> DEBUG [org.apache.http.wire] http-outgoing-1 << "Cache-Control: no-cache[\r][\n]"
<2017-09-26 13:03:05> DEBUG [org.apache.http.wire] http-outgoing-1 << "Expires: Thu, 01 Jan 1970 00:00:00 GMT[\r][\n]"
<2017-09-26 13:03:05> DEBUG [org.apache.http.wire] http-outgoing-1 << "Set-Cookie: fast_failed=true[\r][\n]"
<2017-09-26 13:03:05> DEBUG [org.apache.http.wire] http-outgoing-1 << "X-XSS-Protection: 2; mode=block[\r][\n]"
<2017-09-26 13:03:05> DEBUG [org.apache.http.wire] http-outgoing-1 << "Content-Encoding: gzip[\r][\n]"
<2017-09-26 13:03:05> DEBUG [org.apache.http.wire] http-outgoing-1 << "[\r][\n]"
<2017-09-26 13:03:05> DEBUG [org.apache.http.wire] http-outgoing-1 << "95[\r][\n]"
<2017-09-26 13:03:05> DEBUG [org.apache.http.wire] http-outgoing-1 << "[0x1f][0x8b][0x8][0x0][0x0][0x0][0x0][0x0][0x0][0x3]-[0x8c]1[0x12][0xc2] [0x10]E[0xef][0xb2]u` A$i[0xad]l[0xbd][0x1][0xc2][0xa2][0x99]![0x10][0xb3]`[0xe3]xw[0xb7]p[0xe6]Wo[0xde][0xfb][0x1f] $Zk[0xb9]FX`[0xb6][0xa7]I[0x1b][0x1b][0xc4][0x1c][0xdd]$[0x8c][0xb2]Z8[0x95][0x92]8[0xdb][0xbb][0xc3][0xa4]S[0x1c][0xcd][0xc][0x3]P[0xf3][\r]Y[0xa7][0x1e][0x2][0xd7]L[0x9e][0x97][0x1a][0x99]8[0xa5][0x95][0x19]y[0x3][0xbc]}[0xee]LJ[0xcf]y[0x80][0x90]=k[0xb][0xd4][0xe3]![0xeb][0x8e][0xe5][0xe5]%a[0xc6][0xb2][0xf6]M[0x1e][0xb8][0xd5][0x86][0xf2][0x86][0xb4][0xd7]B[0xf8][0xbf][0xef][0xac][0xab][0xef][0xf][0xb4]~[0xb8][0x12][0x9e][0x0][0x0][0x0][\r][\n]"
<2017-09-26 13:03:05> DEBUG [org.apache.http.wire] http-outgoing-1 << "0[\r][\n]"
<2017-09-26 13:03:05> DEBUG [org.apache.http.wire] http-outgoing-1 << "[\r][\n]"
<2017-09-26 13:03:05> DEBUG [org.apache.http.headers] http-outgoing-1 << HTTP/1.1 200 OK
<2017-09-26 13:03:05> DEBUG [org.apache.http.headers] http-outgoing-1 << Server: nginx
<2017-09-26 13:03:05> DEBUG [org.apache.http.headers] http-outgoing-1 << Date: Tue, 26 Sep 2017 10:03:01 GMT
<2017-09-26 13:03:05> DEBUG [org.apache.http.headers] http-outgoing-1 << Content-Type: application/json;charset=utf-8
<2017-09-26 13:03:05> DEBUG [org.apache.http.headers] http-outgoing-1 << Transfer-Encoding: chunked
<2017-09-26 13:03:05> DEBUG [org.apache.http.headers] http-outgoing-1 << Connection: keep-alive
<2017-09-26 13:03:05> DEBUG [org.apache.http.headers] http-outgoing-1 << Set-Cookie: JSESSIONID=F6E28E4994D1584E597DBDFCCCB1737E; Path=/nexperience/; HttpOnly
<2017-09-26 13:03:05> DEBUG [org.apache.http.headers] http-outgoing-1 << Expires: Thu, 01 Jan 1970 00:00:00 GMT
<2017-09-26 13:03:05> DEBUG [org.apache.http.headers] http-outgoing-1 << Cache-Control: no-cache
<2017-09-26 13:03:05> DEBUG [org.apache.http.headers] http-outgoing-1 << Cache-Control: no-cache
<2017-09-26 13:03:05> DEBUG [org.apache.http.headers] http-outgoing-1 << Expires: Thu, 01 Jan 1970 00:00:00 GMT
<2017-09-26 13:03:05> DEBUG [org.apache.http.headers] http-outgoing-1 << Set-Cookie: fast_failed=true
<2017-09-26 13:03:05> DEBUG [org.apache.http.headers] http-outgoing-1 << X-XSS-Protection: 2; mode=block
<2017-09-26 13:03:05> DEBUG [org.apache.http.headers] http-outgoing-1 << Content-Encoding: gzip
<2017-09-26 13:03:05> DEBUG [o.a.h.i.execchain.MainClientExec] Connection can be kept alive indefinitely
<2017-09-26 13:03:05> DEBUG [o.a.h.c.p.ResponseProcessCookies] Cookie accepted [JSESSIONID="F6E28E4994D1584E597DBDFCCCB1737E", version:0, domain:branchtest.perfectomobile.com, path:/nexperience/, expiry:null]
<2017-09-26 13:03:05> DEBUG [o.a.h.c.p.ResponseProcessCookies] Cookie accepted [fast_failed="true", version:0, domain:branchtest.perfectomobile.com, path:/nexperience/perfectomobile/wd/hub/session/9653146c-9d83-4061-80ff-76b8ef1fd249, expiry:null]
<2017-09-26 13:03:05> DEBUG [o.a.h.i.c.PoolingHttpClientConnectionManager] Connection [id: 1][route: {s}->https://branchtest.perfectomobile.com:443] can be kept alive indefinitely
<2017-09-26 13:03:05> DEBUG [o.a.h.i.c.PoolingHttpClientConnectionManager] Connection released: [id: 1][route: {s}->https://branchtest.perfectomobile.com:443][total kept alive: 3; route allocated: 5 of 2000; total allocated: 5 of 2000]
<2017-09-26 13:03:05> DEBUG [o.a.h.c.p.RequestAddCookies] CookieSpec selected: default
<2017-09-26 13:03:05> DEBUG [o.a.h.c.p.RequestAddCookies] Cookie [version: 0][name: JSESSIONID][value: F6E28E4994D1584E597DBDFCCCB1737E][domain: branchtest.perfectomobile.com][path: /nexperience/][expiry: null] match [(secure)branchtest.perfectomobile.com:443/nexperience/perfectomobile/wd/hub/session/9653146c-9d83-4061-80ff-76b8ef1fd249/execute]
<2017-09-26 13:03:05> DEBUG [o.a.h.c.p.RequestAddCookies] Cookie [version: 0][name: fast_failed][value: true][domain: branchtest.perfectomobile.com][path: /nexperience/perfectomobile/wd/hub][expiry: null] match [(secure)branchtest.perfectomobile.com:443/nexperience/perfectomobile/wd/hub/session/9653146c-9d83-4061-80ff-76b8ef1fd249/execute]
<2017-09-26 13:03:05> DEBUG [o.a.h.c.p.RequestAddCookies] Cookie [version: 0][name: fast_failed][value: true][domain: branchtest.perfectomobile.com][path: /nexperience/perfectomobile/wd/hub/session/9653146c-9d83-4061-80ff-76b8ef1fd249][expiry: null] match [(secure)branchtest.perfectomobile.com:443/nexperience/perfectomobile/wd/hub/session/9653146c-9d83-4061-80ff-76b8ef1fd249/execute]
<2017-09-26 13:03:05> DEBUG [o.a.h.c.p.RequestAuthCache] Auth cache not set in the context
<2017-09-26 13:03:05> DEBUG [o.a.h.i.c.PoolingHttpClientConnectionManager] Connection request: [route: {s}->https://branchtest.perfectomobile.com:443][total kept alive: 3; route allocated: 5 of 2000; total allocated: 5 of 2000]
<2017-09-26 13:03:05> DEBUG [o.a.h.i.c.PoolingHttpClientConnectionManager] Connection leased: [id: 1][route: {s}->https://branchtest.perfectomobile.com:443][total kept alive: 2; route allocated: 5 of 2000; total allocated: 5 of 2000]
<2017-09-26 13:03:05> DEBUG [o.a.h.i.execchain.MainClientExec] Stale connection check
<2017-09-26 13:03:05> DEBUG [org.apache.http.wire] http-outgoing-1 << "[read] I/O error: Read timed out"
<2017-09-26 13:03:05> DEBUG [o.a.h.i.c.DefaultManagedHttpClientConnection] http-outgoing-1: set socket timeout to 10800000
<2017-09-26 13:03:05> DEBUG [o.a.h.i.execchain.MainClientExec] Executing request POST /nexperience/perfectomobile/wd/hub/session/9653146c-9d83-4061-80ff-76b8ef1fd249/execute HTTP/1.1
<2017-09-26 13:03:05> DEBUG [o.a.h.i.execchain.MainClientExec] Target auth state: UNCHALLENGED
<2017-09-26 13:03:05> DEBUG [o.a.h.i.execchain.MainClientExec] Proxy auth state: UNCHALLENGED
<2017-09-26 13:03:05> DEBUG [org.apache.http.headers] http-outgoing-1 >> POST /nexperience/perfectomobile/wd/hub/session/9653146c-9d83-4061-80ff-76b8ef1fd249/execute HTTP/1.1
<2017-09-26 13:03:05> DEBUG [org.apache.http.headers] http-outgoing-1 >> Content-Type: application/json; charset=utf-8
<2017-09-26 13:03:05> DEBUG [org.apache.http.headers] http-outgoing-1 >> Content-Length: 72
<2017-09-26 13:03:05> DEBUG [org.apache.http.headers] http-outgoing-1 >> Host: branchtest.perfectomobile.com
<2017-09-26 13:03:05> DEBUG [org.apache.http.headers] http-outgoing-1 >> Connection: Keep-Alive
<2017-09-26 13:03:05> DEBUG [org.apache.http.headers] http-outgoing-1 >> User-Agent: Apache-HttpClient/4.5.2 (Java/1.8.0_121)
<2017-09-26 13:03:05> DEBUG [org.apache.http.headers] http-outgoing-1 >> Cookie: JSESSIONID=F6E28E4994D1584E597DBDFCCCB1737E; fast_failed=true; fast_failed=true
<2017-09-26 13:03:05> DEBUG [org.apache.http.headers] http-outgoing-1 >> Accept-Encoding: gzip,deflate
<2017-09-26 13:03:05> DEBUG [org.apache.http.wire] http-outgoing-1 >> "POST /nexperience/perfectomobile/wd/hub/session/9653146c-9d83-4061-80ff-76b8ef1fd249/execute HTTP/1.1[\r][\n]"
<2017-09-26 13:03:05> DEBUG [org.apache.http.wire] http-outgoing-1 >> "Content-Type: application/json; charset=utf-8[\r][\n]"
<2017-09-26 13:03:05> DEBUG [org.apache.http.wire] http-outgoing-1 >> "Content-Length: 72[\r][\n]"
<2017-09-26 13:03:05> DEBUG [org.apache.http.wire] http-outgoing-1 >> "Host: branchtest.perfectomobile.com[\r][\n]"
<2017-09-26 13:03:05> DEBUG [org.apache.http.wire] http-outgoing-1 >> "Connection: Keep-Alive[\r][\n]"
<2017-09-26 13:03:05> DEBUG [org.apache.http.wire] http-outgoing-1 >> "User-Agent: Apache-HttpClient/4.5.2 (Java/1.8.0_121)[\r][\n]"
<2017-09-26 13:03:05> DEBUG [org.apache.http.wire] http-outgoing-1 >> "Cookie: JSESSIONID=F6E28E4994D1584E597DBDFCCCB1737E; fast_failed=true; fast_failed=true[\r][\n]"
<2017-09-26 13:03:05> DEBUG [org.apache.http.wire] http-outgoing-1 >> "Accept-Encoding: gzip,deflate[\r][\n]"
<2017-09-26 13:03:05> DEBUG [org.apache.http.wire] http-outgoing-1 >> "[\r][\n]"
<2017-09-26 13:03:05> DEBUG [org.apache.http.wire] http-outgoing-1 >> "{"script":"mobile:step:start","args":[{"name":"Opening signin window"}]}"
<2017-09-26 13:03:05> DEBUG [org.apache.http.wire] http-outgoing-1 << "HTTP/1.1 200 OK[\r][\n]"
<2017-09-26 13:03:05> DEBUG [org.apache.http.wire] http-outgoing-1 << "Server: nginx[\r][\n]"
<2017-09-26 13:03:05> DEBUG [org.apache.http.wire] http-outgoing-1 << "Date: Tue, 26 Sep 2017 10:03:01 GMT[\r][\n]"
<2017-09-26 13:03:05> DEBUG [org.apache.http.wire] http-outgoing-1 << "Content-Type: application/json;charset=utf-8[\r][\n]"
<2017-09-26 13:03:05> DEBUG [org.apache.http.wire] http-outgoing-1 << "Transfer-Encoding: chunked[\r][\n]"
<2017-09-26 13:03:05> DEBUG [org.apache.http.wire] http-outgoing-1 << "Connection: keep-alive[\r][\n]"
<2017-09-26 13:03:05> DEBUG [org.apache.http.wire] http-outgoing-1 << "Set-Cookie: JSESSIONID=F6E28E4994D1584E597DBDFCCCB1737E; Path=/nexperience/; HttpOnly[\r][\n]"
<2017-09-26 13:03:05> DEBUG [org.apache.http.wire] http-outgoing-1 << "Expires: Thu, 01 Jan 1970 00:00:00 GMT[\r][\n]"
<2017-09-26 13:03:05> DEBUG [org.apache.http.wire] http-outgoing-1 << "Cache-Control: no-cache[\r][\n]"
<2017-09-26 13:03:05> DEBUG [org.apache.http.wire] http-outgoing-1 << "Cache-Control: no-cache[\r][\n]"
<2017-09-26 13:03:05> DEBUG [org.apache.http.wire] http-outgoing-1 << "Expires: Thu, 01 Jan 1970 00:00:00 GMT[\r][\n]"
<2017-09-26 13:03:05> DEBUG [org.apache.http.wire] http-outgoing-1 << "Set-Cookie: fast_failed=true[\r][\n]"
<2017-09-26 13:03:05> DEBUG [org.apache.http.wire] http-outgoing-1 << "X-XSS-Protection: 2; mode=block[\r][\n]"
<2017-09-26 13:03:05> DEBUG [org.apache.http.wire] http-outgoing-1 << "Content-Encoding: gzip[\r][\n]"
<2017-09-26 13:03:05> DEBUG [org.apache.http.wire] http-outgoing-1 << "[\r][\n]"
<2017-09-26 13:03:05> DEBUG [org.apache.http.wire] http-outgoing-1 << "95[\r][\n]"
<2017-09-26 13:03:05> DEBUG [org.apache.http.wire] http-outgoing-1 << "[0x1f][0x8b][0x8][0x0][0x0][0x0][0x0][0x0][0x0][0x3]-[0xcc][0xc1][0xe][0xc2] [0x10][0x4][0xd0]]]>&#x7f;<![CDATA[[0xd9]s![0xc5][0xb6][0x14]z[0xf5][0xe4][0xd5]?@X[0xb4][0x9][0x85][0xda][0x5]/[0xc6]]]>&#x7f;<![CDATA[wM[0xbc][0xce][0xbc][0x99]7[0x10][0x12][0xad]%_[0x2],`[0xf5]4[0xa8]Q{a[0x83][0x19][0xc4][0xd8]k%L[0x1f][0xa3][0x98][0xf5][0xcd]`T1[0x9c]F[0xb][0x1d]Pu[0x15][0x99]S[0xf3][0x9e][0xd7][0x9c]<[0xce]%p[0xa2]&kf[0xab][0xb4]5[0x1d][0xbc]\j?[0xc4][0xad]O[0x8e][0xd5][0x2][0xe5][0xb8][0xcb][0xb2]c~:I[0x98]0[0xaf]m[0x93][0x7]n[0xa5][0xa2][0xbc]"[0xed]%[0x13][0xfe][0xdf][0x1b][0xf3][0xfe][0xf3][0x5]`[0xe9]i`[0x9d][0x0][0x0][0x0][\r][\n]"
<2017-09-26 13:03:05> DEBUG [org.apache.http.wire] http-outgoing-1 << "0[\r][\n]"
<2017-09-26 13:03:05> DEBUG [org.apache.http.wire] http-outgoing-1 << "[\r][\n]"
<2017-09-26 13:03:05> DEBUG [org.apache.http.headers] http-outgoing-1 << HTTP/1.1 200 OK
<2017-09-26 13:03:05> DEBUG [org.apache.http.headers] http-outgoing-1 << Server: nginx
<2017-09-26 13:03:05> DEBUG [org.apache.http.headers] http-outgoing-1 << Date: Tue, 26 Sep 2017 10:03:01 GMT
<2017-09-26 13:03:05> DEBUG [org.apache.http.headers] http-outgoing-1 << Content-Type: application/json;charset=utf-8
<2017-09-26 13:03:05> DEBUG [org.apache.http.headers] http-outgoing-1 << Transfer-Encoding: chunked
<2017-09-26 13:03:05> DEBUG [org.apache.http.headers] http-outgoing-1 << Connection: keep-alive
<2017-09-26 13:03:05> DEBUG [org.apache.http.headers] http-outgoing-1 << Set-Cookie: JSESSIONID=F6E28E4994D1584E597DBDFCCCB1737E; Path=/nexperience/; HttpOnly
<2017-09-26 13:03:05> DEBUG [org.apache.http.headers] http-outgoing-1 << Expires: Thu, 01 Jan 1970 00:00:00 GMT
<2017-09-26 13:03:05> DEBUG [org.apache.http.headers] http-outgoing-1 << Cache-Control: no-cache
<2017-09-26 13:03:05> DEBUG [org.apache.http.headers] http-outgoing-1 << Cache-Control: no-cache
<2017-09-26 13:03:05> DEBUG [org.apache.http.headers] http-outgoing-1 << Expires: Thu, 01 Jan 1970 00:00:00 GMT
<2017-09-26 13:03:05> DEBUG [org.apache.http.headers] http-outgoing-1 << Set-Cookie: fast_failed=true
<2017-09-26 13:03:05> DEBUG [org.apache.http.headers] http-outgoing-1 << X-XSS-Protection: 2; mode=block
<2017-09-26 13:03:05> DEBUG [org.apache.http.headers] http-outgoing-1 << Content-Encoding: gzip
<2017-09-26 13:03:05> DEBUG [o.a.h.i.execchain.MainClientExec] Connection can be kept alive indefinitely
<2017-09-26 13:03:05> DEBUG [o.a.h.c.p.ResponseProcessCookies] Cookie accepted [JSESSIONID="F6E28E4994D1584E597DBDFCCCB1737E", version:0, domain:branchtest.perfectomobile.com, path:/nexperience/, expiry:null]
<2017-09-26 13:03:05> DEBUG [o.a.h.c.p.ResponseProcessCookies] Cookie accepted [fast_failed="true", version:0, domain:branchtest.perfectomobile.com, path:/nexperience/perfectomobile/wd/hub/session/9653146c-9d83-4061-80ff-76b8ef1fd249, expiry:null]
<2017-09-26 13:03:05> DEBUG [o.a.h.i.c.PoolingHttpClientConnectionManager] Connection [id: 1][route: {s}->https://branchtest.perfectomobile.com:443] can be kept alive indefinitely
<2017-09-26 13:03:05> DEBUG [o.a.h.i.c.PoolingHttpClientConnectionManager] Connection released: [id: 1][route: {s}->https://branchtest.perfectomobile.com:443][total kept alive: 3; route allocated: 5 of 2000; total allocated: 5 of 2000]
<2017-09-26 13:03:05> DEBUG [o.a.h.c.p.RequestAddCookies] CookieSpec selected: default
<2017-09-26 13:03:05> DEBUG [o.a.h.c.p.RequestAddCookies] Cookie [version: 0][name: JSESSIONID][value: F6E28E4994D1584E597DBDFCCCB1737E][domain: branchtest.perfectomobile.com][path: /nexperience/][expiry: null] match [(secure)branchtest.perfectomobile.com:443/nexperience/perfectomobile/wd/hub/session/9653146c-9d83-4061-80ff-76b8ef1fd249/execute]
<2017-09-26 13:03:05> DEBUG [o.a.h.c.p.RequestAddCookies] Cookie [version: 0][name: fast_failed][value: true][domain: branchtest.perfectomobile.com][path: /nexperience/perfectomobile/wd/hub][expiry: null] match [(secure)branchtest.perfectomobile.com:443/nexperience/perfectomobile/wd/hub/session/9653146c-9d83-4061-80ff-76b8ef1fd249/execute]
<2017-09-26 13:03:05> DEBUG [o.a.h.c.p.RequestAddCookies] Cookie [version: 0][name: fast_failed][value: true][domain: branchtest.perfectomobile.com][path: /nexperience/perfectomobile/wd/hub/session/9653146c-9d83-4061-80ff-76b8ef1fd249][expiry: null] match [(secure)branchtest.perfectomobile.com:443/nexperience/perfectomobile/wd/hub/session/9653146c-9d83-4061-80ff-76b8ef1fd249/execute]
<2017-09-26 13:03:05> DEBUG [o.a.h.c.p.RequestAuthCache] Auth cache not set in the context
<2017-09-26 13:03:05> DEBUG [o.a.h.i.c.PoolingHttpClientConnectionManager] Connection request: [route: {s}->https://branchtest.perfectomobile.com:443][total kept alive: 3; route allocated: 5 of 2000; total allocated: 5 of 2000]
<2017-09-26 13:03:05> DEBUG [o.a.h.i.c.PoolingHttpClientConnectionManager] Connection leased: [id: 1][route: {s}->https://branchtest.perfectomobile.com:443][total kept alive: 2; route allocated: 5 of 2000; total allocated: 5 of 2000]
<2017-09-26 13:03:05> DEBUG [o.a.h.i.execchain.MainClientExec] Stale connection check
<2017-09-26 13:03:05> DEBUG [org.apache.http.wire] http-outgoing-1 << "[read] I/O error: Read timed out"
<2017-09-26 13:03:05> DEBUG [o.a.h.i.c.DefaultManagedHttpClientConnection] http-outgoing-1: set socket timeout to 10800000
<2017-09-26 13:03:05> DEBUG [o.a.h.i.execchain.MainClientExec] Executing request POST /nexperience/perfectomobile/wd/hub/session/9653146c-9d83-4061-80ff-76b8ef1fd249/execute HTTP/1.1
<2017-09-26 13:03:05> DEBUG [o.a.h.i.execchain.MainClientExec] Target auth state: UNCHALLENGED
<2017-09-26 13:03:05> DEBUG [o.a.h.i.execchain.MainClientExec] Proxy auth state: UNCHALLENGED
<2017-09-26 13:03:05> DEBUG [org.apache.http.headers] http-outgoing-1 >> POST /nexperience/perfectomobile/wd/hub/session/9653146c-9d83-4061-80ff-76b8ef1fd249/execute HTTP/1.1
<2017-09-26 13:03:05> DEBUG [org.apache.http.headers] http-outgoing-1 >> Content-Type: application/json; charset=utf-8
<2017-09-26 13:03:05> DEBUG [org.apache.http.headers] http-outgoing-1 >> Content-Length: 97
<2017-09-26 13:03:05> DEBUG [org.apache.http.headers] http-outgoing-1 >> Host: branchtest.perfectomobile.com
<2017-09-26 13:03:05> DEBUG [org.apache.http.headers] http-outgoing-1 >> Connection: Keep-Alive
<2017-09-26 13:03:05> DEBUG [org.apache.http.headers] http-outgoing-1 >> User-Agent: Apache-HttpClient/4.5.2 (Java/1.8.0_121)
<2017-09-26 13:03:05> DEBUG [org.apache.http.headers] http-outgoing-1 >> Cookie: JSESSIONID=F6E28E4994D1584E597DBDFCCCB1737E; fast_failed=true; fast_failed=true
<2017-09-26 13:03:05> DEBUG [org.apache.http.headers] http-outgoing-1 >> Accept-Encoding: gzip,deflate
<2017-09-26 13:03:05> DEBUG [org.apache.http.wire] http-outgoing-1 >> "POST /nexperience/perfectomobile/wd/hub/session/9653146c-9d83-4061-80ff-76b8ef1fd249/execute HTTP/1.1[\r][\n]"
<2017-09-26 13:03:05> DEBUG [org.apache.http.wire] http-outgoing-1 >> "Content-Type: application/json; charset=utf-8[\r][\n]"
<2017-09-26 13:03:05> DEBUG [org.apache.http.wire] http-outgoing-1 >> "Content-Length: 97[\r][\n]"
<2017-09-26 13:03:05> DEBUG [org.apache.http.wire] http-outgoing-1 >> "Host: branchtest.perfectomobile.com[\r][\n]"
<2017-09-26 13:03:05> DEBUG [org.apache.http.wire] http-outgoing-1 >> "Connection: Keep-Alive[\r][\n]"
<2017-09-26 13:03:05> DEBUG [org.apache.http.wire] http-outgoing-1 >> "User-Agent: Apache-HttpClient/4.5.2 (Java/1.8.0_121)[\r][\n]"
<2017-09-26 13:03:05> DEBUG [org.apache.http.wire] http-outgoing-1 >> "Cookie: JSESSIONID=F6E28E4994D1584E597DBDFCCCB1737E; fast_failed=true; fast_failed=true[\r][\n]"
<2017-09-26 13:03:05> DEBUG [org.apache.http.wire] http-outgoing-1 >> "Accept-Encoding: gzip,deflate[\r][\n]"
<2017-09-26 13:03:05> DEBUG [org.apache.http.wire] http-outgoing-1 >> "[\r][\n]"
<2017-09-26 13:03:05> DEBUG [org.apache.http.wire] http-outgoing-1 >> "{"script":"mobile:text:select","args":[{"scrolling":"scroll","threshold":60,"content":"Signin"}]}"
<2017-09-26 13:03:05> DEBUG [o.a.h.c.p.RequestAddCookies] CookieSpec selected: default
<2017-09-26 13:03:05> DEBUG [o.a.h.c.p.RequestAddCookies] Cookie [version: 0][name: JSESSIONID][value: F6E28E4994D1584E597DBDFCCCB1737E][domain: branchtest.perfectomobile.com][path: /nexperience/][expiry: null] match [(secure)branchtest.perfectomobile.com:443/nexperience/perfectomobile/wd/hub/session/bd4c83dd-b9d3-4ad2-9259-43a8e935cecf/execute]
<2017-09-26 13:03:05> DEBUG [o.a.h.c.p.RequestAddCookies] Cookie [version: 0][name: fast_failed][value: true][domain: branchtest.perfectomobile.com][path: /nexperience/perfectomobile/wd/hub][expiry: null] match [(secure)branchtest.perfectomobile.com:443/nexperience/perfectomobile/wd/hub/session/bd4c83dd-b9d3-4ad2-9259-43a8e935cecf/execute]
<2017-09-26 13:03:05> DEBUG [o.a.h.c.p.RequestAddCookies] Cookie [version: 0][name: fast_failed][value: true][domain: branchtest.perfectomobile.com][path: /nexperience/perfectomobile/wd/hub/session/bd4c83dd-b9d3-4ad2-9259-43a8e935cecf][expiry: null] match [(secure)branchtest.perfectomobile.com:443/nexperience/perfectomobile/wd/hub/session/bd4c83dd-b9d3-4ad2-9259-43a8e935cecf/execute]
<2017-09-26 13:03:05> DEBUG [o.a.h.c.p.RequestAuthCache] Auth cache not set in the context
<2017-09-26 13:03:05> DEBUG [o.a.h.i.c.PoolingHttpClientConnectionManager] Connection request: [route: {s}->https://branchtest.perfectomobile.com:443][total kept alive: 2; route allocated: 5 of 2000; total allocated: 5 of 2000]
<2017-09-26 13:03:05> DEBUG [org.apache.http.wire] http-outgoing-3 << "[read] I/O error: Read timed out"
<2017-09-26 13:03:05> DEBUG [o.a.h.i.c.PoolingHttpClientConnectionManager] Connection leased: [id: 3][route: {s}->https://branchtest.perfectomobile.com:443][total kept alive: 1; route allocated: 5 of 2000; total allocated: 5 of 2000]
<2017-09-26 13:03:05> DEBUG [o.a.h.i.execchain.MainClientExec] Stale connection check
<2017-09-26 13:03:05> DEBUG [org.apache.http.wire] http-outgoing-3 << "[read] I/O error: Read timed out"
<2017-09-26 13:03:05> DEBUG [o.a.h.i.c.DefaultManagedHttpClientConnection] http-outgoing-3: set socket timeout to 10800000
<2017-09-26 13:03:05> DEBUG [o.a.h.i.execchain.MainClientExec] Executing request POST /nexperience/perfectomobile/wd/hub/session/bd4c83dd-b9d3-4ad2-9259-43a8e935cecf/execute HTTP/1.1
<2017-09-26 13:03:05> DEBUG [o.a.h.i.execchain.MainClientExec] Target auth state: UNCHALLENGED
<2017-09-26 13:03:05> DEBUG [o.a.h.i.execchain.MainClientExec] Proxy auth state: UNCHALLENGED
<2017-09-26 13:03:05> DEBUG [org.apache.http.headers] http-outgoing-3 >> POST /nexperience/perfectomobile/wd/hub/session/bd4c83dd-b9d3-4ad2-9259-43a8e935cecf/execute HTTP/1.1
<2017-09-26 13:03:05> DEBUG [org.apache.http.headers] http-outgoing-3 >> Content-Type: application/json; charset=utf-8
<2017-09-26 13:03:05> DEBUG [org.apache.http.headers] http-outgoing-3 >> Content-Length: 54
<2017-09-26 13:03:05> DEBUG [org.apache.http.headers] http-outgoing-3 >> Host: branchtest.perfectomobile.com
<2017-09-26 13:03:05> DEBUG [org.apache.http.headers] http-outgoing-3 >> Connection: Keep-Alive
<2017-09-26 13:03:05> DEBUG [org.apache.http.headers] http-outgoing-3 >> User-Agent: Apache-HttpClient/4.5.2 (Java/1.8.0_121)
<2017-09-26 13:03:05> DEBUG [org.apache.http.headers] http-outgoing-3 >> Cookie: JSESSIONID=F6E28E4994D1584E597DBDFCCCB1737E; fast_failed=true; fast_failed=true
<2017-09-26 13:03:05> DEBUG [org.apache.http.headers] http-outgoing-3 >> Accept-Encoding: gzip,deflate
<2017-09-26 13:03:05> DEBUG [org.apache.http.wire] http-outgoing-3 >> "POST /nexperience/perfectomobile/wd/hub/session/bd4c83dd-b9d3-4ad2-9259-43a8e935cecf/execute HTTP/1.1[\r][\n]"
<2017-09-26 13:03:05> DEBUG [org.apache.http.wire] http-outgoing-3 >> "Content-Type: application/json; charset=utf-8[\r][\n]"
<2017-09-26 13:03:05> DEBUG [org.apache.http.wire] http-outgoing-3 >> "Content-Length: 54[\r][\n]"
<2017-09-26 13:03:05> DEBUG [org.apache.http.wire] http-outgoing-3 >> "Host: branchtest.perfectomobile.com[\r][\n]"
<2017-09-26 13:03:05> DEBUG [org.apache.http.wire] http-outgoing-3 >> "Connection: Keep-Alive[\r][\n]"
<2017-09-26 13:03:05> DEBUG [org.apache.http.wire] http-outgoing-3 >> "User-Agent: Apache-HttpClient/4.5.2 (Java/1.8.0_121)[\r][\n]"
<2017-09-26 13:03:05> DEBUG [org.apache.http.wire] http-outgoing-3 >> "Cookie: JSESSIONID=F6E28E4994D1584E597DBDFCCCB1737E; fast_failed=true; fast_failed=true[\r][\n]"
<2017-09-26 13:03:05> DEBUG [org.apache.http.wire] http-outgoing-3 >> "Accept-Encoding: gzip,deflate[\r][\n]"
<2017-09-26 13:03:05> DEBUG [org.apache.http.wire] http-outgoing-3 >> "[\r][\n]"
<2017-09-26 13:03:05> DEBUG [org.apache.http.wire] http-outgoing-3 >> "{"script":"mobile:step:end","args":[{"message":null}]}"
<2017-09-26 13:03:05> DEBUG [org.apache.http.wire] http-outgoing-3 << "HTTP/1.1 200 OK[\r][\n]"
<2017-09-26 13:03:05> DEBUG [org.apache.http.wire] http-outgoing-3 << "Server: nginx[\r][\n]"
<2017-09-26 13:03:05> DEBUG [org.apache.http.wire] http-outgoing-3 << "Date: Tue, 26 Sep 2017 10:03:02 GMT[\r][\n]"
<2017-09-26 13:03:05> DEBUG [org.apache.http.wire] http-outgoing-3 << "Content-Type: application/json;charset=utf-8[\r][\n]"
<2017-09-26 13:03:05> DEBUG [org.apache.http.wire] http-outgoing-3 << "Transfer-Encoding: chunked[\r][\n]"
<2017-09-26 13:03:05> DEBUG [org.apache.http.wire] http-outgoing-3 << "Connection: keep-alive[\r][\n]"
<2017-09-26 13:03:05> DEBUG [org.apache.http.wire] http-outgoing-3 << "Set-Cookie: JSESSIONID=F6E28E4994D1584E597DBDFCCCB1737E; Path=/nexperience/; HttpOnly[\r][\n]"
<2017-09-26 13:03:05> DEBUG [org.apache.http.wire] http-outgoing-3 << "Expires: Thu, 01 Jan 1970 00:00:00 GMT[\r][\n]"
<2017-09-26 13:03:05> DEBUG [org.apache.http.wire] http-outgoing-3 << "Cache-Control: no-cache[\r][\n]"
<2017-09-26 13:03:05> DEBUG [org.apache.http.wire] http-outgoing-3 << "Cache-Control: no-cache[\r][\n]"
<2017-09-26 13:03:05> DEBUG [org.apache.http.wire] http-outgoing-3 << "Expires: Thu, 01 Jan 1970 00:00:00 GMT[\r][\n]"
<2017-09-26 13:03:05> DEBUG [org.apache.http.wire] http-outgoing-3 << "Set-Cookie: fast_failed=true[\r][\n]"
<2017-09-26 13:03:05> DEBUG [org.apache.http.wire] http-outgoing-3 << "X-XSS-Protection: 2; mode=block[\r][\n]"
<2017-09-26 13:03:05> DEBUG [org.apache.http.wire] http-outgoing-3 << "Content-Encoding: gzip[\r][\n]"
<2017-09-26 13:03:05> DEBUG [org.apache.http.wire] http-outgoing-3 << "[\r][\n]"
<2017-09-26 13:03:05> DEBUG [org.apache.http.wire] http-outgoing-3 << "96[\r][\n]"
<2017-09-26 13:03:05> DEBUG [org.apache.http.wire] http-outgoing-3 << "[0x1f][0x8b][0x8][0x0][0x0][0x0][0x0][0x0][0x0][0x3]-[0xcc]1[0x12][0xc2] [0x10][0x85][0xe1][0xbb]l[0x1d][0x98]$[0x4][0x7][0xd2]Z[0xd9]z[0x3][0xc2][0xae][0x9a][0x19][0x2]I[0x16]l[0x1c][0xef][0xee][0x16][0xb6][0xff]|[0xef]}[0x80][0x89]y-[0xf9][0x86]0[0xc3][0x82]St[0x6]Q-[0x1e][0x8d][0x9a][0x2][0x8e][0xca][0x8f][0xd6][0xab][0xc9][0x4]G[0xde][0xd8]H[0xf1][0x1][0x1d]p[\r][0x95][0x84]s[0x8b]Q[0xd6]R^[0xd7][0x82]R[0x6]g[0xdd][0xd0]_l[0xef]:x[0x87][0xd4]$[0xe5][0x96]R[0x7]1[0x5]q3[0x94][0xf3][0xa9][0xcb]N[0xf9][0x8][0x9a])Q^[0xdb][0xa6]O[0xda]J%}'[0xde]Kf[0xfa][0xff]7[0xe1][0xfd][0xf7][0x7][0xbc][0x15]"[0x3][0x9f][0x0][0x0][0x0][\r][\n]"
<2017-09-26 13:03:05> DEBUG [org.apache.http.wire] http-outgoing-3 << "0[\r][\n]"
<2017-09-26 13:03:05> DEBUG [org.apache.http.wire] http-outgoing-3 << "[\r][\n]"
<2017-09-26 13:03:05> DEBUG [org.apache.http.headers] http-outgoing-3 << HTTP/1.1 200 OK
<2017-09-26 13:03:05> DEBUG [org.apache.http.headers] http-outgoing-3 << Server: nginx
<2017-09-26 13:03:05> DEBUG [org.apache.http.headers] http-outgoing-3 << Date: Tue, 26 Sep 2017 10:03:02 GMT
<2017-09-26 13:03:05> DEBUG [org.apache.http.headers] http-outgoing-3 << Content-Type: application/json;charset=utf-8
<2017-09-26 13:03:05> DEBUG [org.apache.http.headers] http-outgoing-3 << Transfer-Encoding: chunked
<2017-09-26 13:03:05> DEBUG [org.apache.http.headers] http-outgoing-3 << Connection: keep-alive
<2017-09-26 13:03:05> DEBUG [org.apache.http.headers] http-outgoing-3 << Set-Cookie: JSESSIONID=F6E28E4994D1584E597DBDFCCCB1737E; Path=/nexperience/; HttpOnly
<2017-09-26 13:03:05> DEBUG [org.apache.http.headers] http-outgoing-3 << Expires: Thu, 01 Jan 1970 00:00:00 GMT
<2017-09-26 13:03:05> DEBUG [org.apache.http.headers] http-outgoing-3 << Cache-Control: no-cache
<2017-09-26 13:03:05> DEBUG [org.apache.http.headers] http-outgoing-3 << Cache-Control: no-cache
<2017-09-26 13:03:05> DEBUG [org.apache.http.headers] http-outgoing-3 << Expires: Thu, 01 Jan 1970 00:00:00 GMT
<2017-09-26 13:03:05> DEBUG [org.apache.http.headers] http-outgoing-3 << Set-Cookie: fast_failed=true
<2017-09-26 13:03:05> DEBUG [org.apache.http.headers] http-outgoing-3 << X-XSS-Protection: 2; mode=block
<2017-09-26 13:03:05> DEBUG [org.apache.http.headers] http-outgoing-3 << Content-Encoding: gzip
<2017-09-26 13:03:05> DEBUG [o.a.h.i.execchain.MainClientExec] Connection can be kept alive indefinitely
<2017-09-26 13:03:05> DEBUG [o.a.h.c.p.ResponseProcessCookies] Cookie accepted [JSESSIONID="F6E28E4994D1584E597DBDFCCCB1737E", version:0, domain:branchtest.perfectomobile.com, path:/nexperience/, expiry:null]
<2017-09-26 13:03:05> DEBUG [o.a.h.c.p.ResponseProcessCookies] Cookie accepted [fast_failed="true", version:0, domain:branchtest.perfectomobile.com, path:/nexperience/perfectomobile/wd/hub/session/bd4c83dd-b9d3-4ad2-9259-43a8e935cecf, expiry:null]
<2017-09-26 13:03:05> DEBUG [o.a.h.i.c.PoolingHttpClientConnectionManager] Connection [id: 3][route: {s}->https://branchtest.perfectomobile.com:443] can be kept alive indefinitely
<2017-09-26 13:03:05> DEBUG [o.a.h.i.c.PoolingHttpClientConnectionManager] Connection released: [id: 3][route: {s}->https://branchtest.perfectomobile.com:443][total kept alive: 2; route allocated: 5 of 2000; total allocated: 5 of 2000]
<2017-09-26 13:03:05> DEBUG [o.a.h.c.p.RequestAddCookies] CookieSpec selected: default
<2017-09-26 13:03:05> DEBUG [o.a.h.c.p.RequestAddCookies] Cookie [version: 0][name: JSESSIONID][value: F6E28E4994D1584E597DBDFCCCB1737E][domain: branchtest.perfectomobile.com][path: /nexperience/][expiry: null] match [(secure)branchtest.perfectomobile.com:443/nexperience/perfectomobile/wd/hub/session/bd4c83dd-b9d3-4ad2-9259-43a8e935cecf/execute]
<2017-09-26 13:03:05> DEBUG [o.a.h.c.p.RequestAddCookies] Cookie [version: 0][name: fast_failed][value: true][domain: branchtest.perfectomobile.com][path: /nexperience/perfectomobile/wd/hub][expiry: null] match [(secure)branchtest.perfectomobile.com:443/nexperience/perfectomobile/wd/hub/session/bd4c83dd-b9d3-4ad2-9259-43a8e935cecf/execute]
<2017-09-26 13:03:05> DEBUG [o.a.h.c.p.RequestAddCookies] Cookie [version: 0][name: fast_failed][value: true][domain: branchtest.perfectomobile.com][path: /nexperience/perfectomobile/wd/hub/session/bd4c83dd-b9d3-4ad2-9259-43a8e935cecf][expiry: null] match [(secure)branchtest.perfectomobile.com:443/nexperience/perfectomobile/wd/hub/session/bd4c83dd-b9d3-4ad2-9259-43a8e935cecf/execute]
<2017-09-26 13:03:05> DEBUG [o.a.h.c.p.RequestAuthCache] Auth cache not set in the context
<2017-09-26 13:03:05> DEBUG [o.a.h.i.c.PoolingHttpClientConnectionManager] Connection request: [route: {s}->https://branchtest.perfectomobile.com:443][total kept alive: 2; route allocated: 5 of 2000; total allocated: 5 of 2000]
<2017-09-26 13:03:05> DEBUG [o.a.h.i.c.PoolingHttpClientConnectionManager] Connection leased: [id: 3][route: {s}->https://branchtest.perfectomobile.com:443][total kept alive: 1; route allocated: 5 of 2000; total allocated: 5 of 2000]
<2017-09-26 13:03:05> DEBUG [o.a.h.i.execchain.MainClientExec] Stale connection check
<2017-09-26 13:03:05> DEBUG [org.apache.http.wire] http-outgoing-3 << "[read] I/O error: Read timed out"
<2017-09-26 13:03:05> DEBUG [o.a.h.i.c.DefaultManagedHttpClientConnection] http-outgoing-3: set socket timeout to 10800000
<2017-09-26 13:03:05> DEBUG [o.a.h.i.execchain.MainClientExec] Executing request POST /nexperience/perfectomobile/wd/hub/session/bd4c83dd-b9d3-4ad2-9259-43a8e935cecf/execute HTTP/1.1
<2017-09-26 13:03:05> DEBUG [o.a.h.i.execchain.MainClientExec] Target auth state: UNCHALLENGED
<2017-09-26 13:03:05> DEBUG [o.a.h.i.execchain.MainClientExec] Proxy auth state: UNCHALLENGED
<2017-09-26 13:03:05> DEBUG [org.apache.http.headers] http-outgoing-3 >> POST /nexperience/perfectomobile/wd/hub/session/bd4c83dd-b9d3-4ad2-9259-43a8e935cecf/execute HTTP/1.1
<2017-09-26 13:03:05> DEBUG [org.apache.http.headers] http-outgoing-3 >> Content-Type: application/json; charset=utf-8
<2017-09-26 13:03:05> DEBUG [org.apache.http.headers] http-outgoing-3 >> Content-Length: 72
<2017-09-26 13:03:05> DEBUG [org.apache.http.headers] http-outgoing-3 >> Host: branchtest.perfectomobile.com
<2017-09-26 13:03:05> DEBUG [org.apache.http.headers] http-outgoing-3 >> Connection: Keep-Alive
<2017-09-26 13:03:05> DEBUG [org.apache.http.headers] http-outgoing-3 >> User-Agent: Apache-HttpClient/4.5.2 (Java/1.8.0_121)
<2017-09-26 13:03:05> DEBUG [org.apache.http.headers] http-outgoing-3 >> Cookie: JSESSIONID=F6E28E4994D1584E597DBDFCCCB1737E; fast_failed=true; fast_failed=true
<2017-09-26 13:03:05> DEBUG [org.apache.http.headers] http-outgoing-3 >> Accept-Encoding: gzip,deflate
<2017-09-26 13:03:05> DEBUG [org.apache.http.wire] http-outgoing-3 >> "POST /nexperience/perfectomobile/wd/hub/session/bd4c83dd-b9d3-4ad2-9259-43a8e935cecf/execute HTTP/1.1[\r][\n]"
<2017-09-26 13:03:05> DEBUG [org.apache.http.wire] http-outgoing-3 >> "Content-Type: application/json; charset=utf-8[\r][\n]"
<2017-09-26 13:03:05> DEBUG [org.apache.http.wire] http-outgoing-3 >> "Content-Length: 72[\r][\n]"
<2017-09-26 13:03:05> DEBUG [org.apache.http.wire] http-outgoing-3 >> "Host: branchtest.perfectomobile.com[\r][\n]"
<2017-09-26 13:03:05> DEBUG [org.apache.http.wire] http-outgoing-3 >> "Connection: Keep-Alive[\r][\n]"
<2017-09-26 13:03:05> DEBUG [org.apache.http.wire] http-outgoing-3 >> "User-Agent: Apache-HttpClient/4.5.2 (Java/1.8.0_121)[\r][\n]"
<2017-09-26 13:03:05> DEBUG [org.apache.http.wire] http-outgoing-3 >> "Cookie: JSESSIONID=F6E28E4994D1584E597DBDFCCCB1737E; fast_failed=true; fast_failed=true[\r][\n]"
<2017-09-26 13:03:05> DEBUG [org.apache.http.wire] http-outgoing-3 >> "Accept-Encoding: gzip,deflate[\r][\n]"
<2017-09-26 13:03:05> DEBUG [org.apache.http.wire] http-outgoing-3 >> "[\r][\n]"
<2017-09-26 13:03:05> DEBUG [org.apache.http.wire] http-outgoing-3 >> "{"script":"mobile:step:start","args":[{"name":"Opening signin window"}]}"
<2017-09-26 13:03:06> DEBUG [org.apache.http.wire] http-outgoing-3 << "HTTP/1.1 200 OK[\r][\n]"
<2017-09-26 13:03:06> DEBUG [org.apache.http.wire] http-outgoing-3 << "Server: nginx[\r][\n]"
<2017-09-26 13:03:06> DEBUG [org.apache.http.wire] http-outgoing-3 << "Date: Tue, 26 Sep 2017 10:03:02 GMT[\r][\n]"
<2017-09-26 13:03:06> DEBUG [org.apache.http.wire] http-outgoing-3 << "Content-Type: application/json;charset=utf-8[\r][\n]"
<2017-09-26 13:03:06> DEBUG [org.apache.http.wire] http-outgoing-3 << "Transfer-Encoding: chunked[\r][\n]"
<2017-09-26 13:03:06> DEBUG [org.apache.http.wire] http-outgoing-3 << "Connection: keep-alive[\r][\n]"
<2017-09-26 13:03:06> DEBUG [org.apache.http.wire] http-outgoing-3 << "Set-Cookie: JSESSIONID=F6E28E4994D1584E597DBDFCCCB1737E; Path=/nexperience/; HttpOnly[\r][\n]"
<2017-09-26 13:03:06> DEBUG [org.apache.http.wire] http-outgoing-3 << "Expires: Thu, 01 Jan 1970 00:00:00 GMT[\r][\n]"
<2017-09-26 13:03:06> DEBUG [org.apache.http.wire] http-outgoing-3 << "Cache-Control: no-cache[\r][\n]"
<2017-09-26 13:03:06> DEBUG [org.apache.http.wire] http-outgoing-3 << "Cache-Control: no-cache[\r][\n]"
<2017-09-26 13:03:06> DEBUG [org.apache.http.wire] http-outgoing-3 << "Expires: Thu, 01 Jan 1970 00:00:00 GMT[\r][\n]"
<2017-09-26 13:03:06> DEBUG [org.apache.http.wire] http-outgoing-3 << "Set-Cookie: fast_failed=true[\r][\n]"
<2017-09-26 13:03:06> DEBUG [org.apache.http.wire] http-outgoing-3 << "X-XSS-Protection: 2; mode=block[\r][\n]"
<2017-09-26 13:03:06> DEBUG [org.apache.http.wire] http-outgoing-3 << "Content-Encoding: gzip[\r][\n]"
<2017-09-26 13:03:06> DEBUG [org.apache.http.wire] http-outgoing-3 << "[\r][\n]"
<2017-09-26 13:03:06> DEBUG [org.apache.http.wire] http-outgoing-3 << "93[\r][\n]"
<2017-09-26 13:03:06> DEBUG [org.apache.http.wire] http-outgoing-3 << "[0x1f][0x8b][0x8][0x0][0x0][0x0][0x0][0x0][0x0][0x3]-[0xcc][0xc1][0xe][0xc2] [0x10][0x4][0xd0]]]>&#x7f;<![CDATA[[0xd9]s!M[0xa1][0xa1][0xf4][0xea][0xc9]k[0xff][0x80][0xb2][0xab]6[0xa1]P[0xbb][0xe0][0xc5][0xf8][0xef][0xae][0x89][0xd7][0x99]7[0xf3][0x6]&[0xe6][0xad][0xe4]+[0xc2][0xc]+[0xda]8[0x19]D[0xb5]z4[0xca][0x6][0x1c][0x94][0x1f]F[0xaf][0xac][0x9][0x13]y3F[0x8a]7[0xe8][0x80]k[0xa8]$[0x9c][[0x8c][0xb2][0x96][0xe4]q)([0x89]5[0xc6]:[0xe7]{[0xd7][0xc1]+[0xa4][0xf6]3R[0xc6][0x14][0x4][0xcd]P[0xce][0xbb].[0x7][0xe5]g[0xd0]L[0x89][0xf2][0xd6]v}[0xd2]^*[0xe9][0x85][0xf8]([0x99][0xe9]]]>&#x7f;<![CDATA[[0xde][0x84][0xf7][0x9f]/coD[0xd5][0x9c][0x0][0x0][0x0][\r][\n]"
<2017-09-26 13:03:06> DEBUG [org.apache.http.wire] http-outgoing-3 << "0[\r][\n]"
<2017-09-26 13:03:06> DEBUG [org.apache.http.wire] http-outgoing-3 << "[\r][\n]"
<2017-09-26 13:03:06> DEBUG [org.apache.http.headers] http-outgoing-3 << HTTP/1.1 200 OK
<2017-09-26 13:03:06> DEBUG [org.apache.http.headers] http-outgoing-3 << Server: nginx
<2017-09-26 13:03:06> DEBUG [org.apache.http.headers] http-outgoing-3 << Date: Tue, 26 Sep 2017 10:03:02 GMT
<2017-09-26 13:03:06> DEBUG [org.apache.http.headers] http-outgoing-3 << Content-Type: application/json;charset=utf-8
<2017-09-26 13:03:06> DEBUG [org.apache.http.headers] http-outgoing-3 << Transfer-Encoding: chunked
<2017-09-26 13:03:06> DEBUG [org.apache.http.headers] http-outgoing-3 << Connection: keep-alive
<2017-09-26 13:03:06> DEBUG [org.apache.http.headers] http-outgoing-3 << Set-Cookie: JSESSIONID=F6E28E4994D1584E597DBDFCCCB1737E; Path=/nexperience/; HttpOnly
<2017-09-26 13:03:06> DEBUG [org.apache.http.headers] http-outgoing-3 << Expires: Thu, 01 Jan 1970 00:00:00 GMT
<2017-09-26 13:03:06> DEBUG [org.apache.http.headers] http-outgoing-3 << Cache-Control: no-cache
<2017-09-26 13:03:06> DEBUG [org.apache.http.headers] http-outgoing-3 << Cache-Control: no-cache
<2017-09-26 13:03:06> DEBUG [org.apache.http.headers] http-outgoing-3 << Expires: Thu, 01 Jan 1970 00:00:00 GMT
<2017-09-26 13:03:06> DEBUG [org.apache.http.headers] http-outgoing-3 << Set-Cookie: fast_failed=true
<2017-09-26 13:03:06> DEBUG [org.apache.http.headers] http-outgoing-3 << X-XSS-Protection: 2; mode=block
<2017-09-26 13:03:06> DEBUG [org.apache.http.headers] http-outgoing-3 << Content-Encoding: gzip
<2017-09-26 13:03:06> DEBUG [o.a.h.i.execchain.MainClientExec] Connection can be kept alive indefinitely
<2017-09-26 13:03:06> DEBUG [o.a.h.c.p.ResponseProcessCookies] Cookie accepted [JSESSIONID="F6E28E4994D1584E597DBDFCCCB1737E", version:0, domain:branchtest.perfectomobile.com, path:/nexperience/, expiry:null]
<2017-09-26 13:03:06> DEBUG [o.a.h.c.p.ResponseProcessCookies] Cookie accepted [fast_failed="true", version:0, domain:branchtest.perfectomobile.com, path:/nexperience/perfectomobile/wd/hub/session/bd4c83dd-b9d3-4ad2-9259-43a8e935cecf, expiry:null]
<2017-09-26 13:03:06> DEBUG [o.a.h.i.c.PoolingHttpClientConnectionManager] Connection [id: 3][route: {s}->https://branchtest.perfectomobile.com:443] can be kept alive indefinitely
<2017-09-26 13:03:06> DEBUG [o.a.h.i.c.PoolingHttpClientConnectionManager] Connection released: [id: 3][route: {s}->https://branchtest.perfectomobile.com:443][total kept alive: 2; route allocated: 5 of 2000; total allocated: 5 of 2000]
<2017-09-26 13:03:06> DEBUG [o.a.h.c.p.RequestAddCookies] CookieSpec selected: default
<2017-09-26 13:03:06> DEBUG [o.a.h.c.p.RequestAddCookies] Cookie [version: 0][name: JSESSIONID][value: F6E28E4994D1584E597DBDFCCCB1737E][domain: branchtest.perfectomobile.com][path: /nexperience/][expiry: null] match [(secure)branchtest.perfectomobile.com:443/nexperience/perfectomobile/wd/hub/session/bd4c83dd-b9d3-4ad2-9259-43a8e935cecf/execute]
<2017-09-26 13:03:06> DEBUG [o.a.h.c.p.RequestAddCookies] Cookie [version: 0][name: fast_failed][value: true][domain: branchtest.perfectomobile.com][path: /nexperience/perfectomobile/wd/hub][expiry: null] match [(secure)branchtest.perfectomobile.com:443/nexperience/perfectomobile/wd/hub/session/bd4c83dd-b9d3-4ad2-9259-43a8e935cecf/execute]
<2017-09-26 13:03:06> DEBUG [o.a.h.c.p.RequestAddCookies] Cookie [version: 0][name: fast_failed][value: true][domain: branchtest.perfectomobile.com][path: /nexperience/perfectomobile/wd/hub/session/bd4c83dd-b9d3-4ad2-9259-43a8e935cecf][expiry: null] match [(secure)branchtest.perfectomobile.com:443/nexperience/perfectomobile/wd/hub/session/bd4c83dd-b9d3-4ad2-9259-43a8e935cecf/execute]
<2017-09-26 13:03:06> DEBUG [o.a.h.c.p.RequestAuthCache] Auth cache not set in the context
<2017-09-26 13:03:06> DEBUG [o.a.h.i.c.PoolingHttpClientConnectionManager] Connection request: [route: {s}->https://branchtest.perfectomobile.com:443][total kept alive: 2; route allocated: 5 of 2000; total allocated: 5 of 2000]
<2017-09-26 13:03:06> DEBUG [o.a.h.i.c.PoolingHttpClientConnectionManager] Connection leased: [id: 3][route: {s}->https://branchtest.perfectomobile.com:443][total kept alive: 1; route allocated: 5 of 2000; total allocated: 5 of 2000]
<2017-09-26 13:03:06> DEBUG [o.a.h.i.execchain.MainClientExec] Stale connection check
<2017-09-26 13:03:06> DEBUG [org.apache.http.wire] http-outgoing-3 << "[read] I/O error: Read timed out"
<2017-09-26 13:03:06> DEBUG [o.a.h.i.c.DefaultManagedHttpClientConnection] http-outgoing-3: set socket timeout to 10800000
<2017-09-26 13:03:06> DEBUG [o.a.h.i.execchain.MainClientExec] Executing request POST /nexperience/perfectomobile/wd/hub/session/bd4c83dd-b9d3-4ad2-9259-43a8e935cecf/execute HTTP/1.1
<2017-09-26 13:03:06> DEBUG [o.a.h.i.execchain.MainClientExec] Target auth state: UNCHALLENGED
<2017-09-26 13:03:06> DEBUG [o.a.h.i.execchain.MainClientExec] Proxy auth state: UNCHALLENGED
<2017-09-26 13:03:06> DEBUG [org.apache.http.headers] http-outgoing-3 >> POST /nexperience/perfectomobile/wd/hub/session/bd4c83dd-b9d3-4ad2-9259-43a8e935cecf/execute HTTP/1.1
<2017-09-26 13:03:06> DEBUG [org.apache.http.headers] http-outgoing-3 >> Content-Type: application/json; charset=utf-8
<2017-09-26 13:03:06> DEBUG [org.apache.http.headers] http-outgoing-3 >> Content-Length: 97
<2017-09-26 13:03:06> DEBUG [org.apache.http.headers] http-outgoing-3 >> Host: branchtest.perfectomobile.com
<2017-09-26 13:03:06> DEBUG [org.apache.http.headers] http-outgoing-3 >> Connection: Keep-Alive
<2017-09-26 13:03:06> DEBUG [org.apache.http.headers] http-outgoing-3 >> User-Agent: Apache-HttpClient/4.5.2 (Java/1.8.0_121)
<2017-09-26 13:03:06> DEBUG [org.apache.http.headers] http-outgoing-3 >> Cookie: JSESSIONID=F6E28E4994D1584E597DBDFCCCB1737E; fast_failed=true; fast_failed=true
<2017-09-26 13:03:06> DEBUG [org.apache.http.headers] http-outgoing-3 >> Accept-Encoding: gzip,deflate
<2017-09-26 13:03:06> DEBUG [org.apache.http.wire] http-outgoing-3 >> "POST /nexperience/perfectomobile/wd/hub/session/bd4c83dd-b9d3-4ad2-9259-43a8e935cecf/execute HTTP/1.1[\r][\n]"
<2017-09-26 13:03:06> DEBUG [org.apache.http.wire] http-outgoing-3 >> "Content-Type: application/json; charset=utf-8[\r][\n]"
<2017-09-26 13:03:06> DEBUG [org.apache.http.wire] http-outgoing-3 >> "Content-Length: 97[\r][\n]"
<2017-09-26 13:03:06> DEBUG [org.apache.http.wire] http-outgoing-3 >> "Host: branchtest.perfectomobile.com[\r][\n]"
<2017-09-26 13:03:06> DEBUG [org.apache.http.wire] http-outgoing-3 >> "Connection: Keep-Alive[\r][\n]"
<2017-09-26 13:03:06> DEBUG [org.apache.http.wire] http-outgoing-3 >> "User-Agent: Apache-HttpClient/4.5.2 (Java/1.8.0_121)[\r][\n]"
<2017-09-26 13:03:06> DEBUG [org.apache.http.wire] http-outgoing-3 >> "Cookie: JSESSIONID=F6E28E4994D1584E597DBDFCCCB1737E; fast_failed=true; fast_failed=true[\r][\n]"
<2017-09-26 13:03:06> DEBUG [org.apache.http.wire] http-outgoing-3 >> "Accept-Encoding: gzip,deflate[\r][\n]"
<2017-09-26 13:03:06> DEBUG [org.apache.http.wire] http-outgoing-3 >> "[\r][\n]"
<2017-09-26 13:03:06> DEBUG [org.apache.http.wire] http-outgoing-3 >> "{"script":"mobile:text:select","args":[{"scrolling":"scroll","threshold":60,"content":"Signin"}]}"
<2017-09-26 13:03:08> DEBUG [org.apache.http.wire] http-outgoing-4 << "HTTP/1.1 200 OK[\r][\n]"
<2017-09-26 13:03:08> DEBUG [org.apache.http.wire] http-outgoing-4 << "Server: nginx[\r][\n]"
<2017-09-26 13:03:08> DEBUG [org.apache.http.wire] http-outgoing-4 << "Date: Tue, 26 Sep 2017 10:03:04 GMT[\r][\n]"
<2017-09-26 13:03:08> DEBUG [org.apache.http.wire] http-outgoing-4 << "Content-Type: application/json;charset=utf-8[\r][\n]"
<2017-09-26 13:03:08> DEBUG [org.apache.http.wire] http-outgoing-4 << "Transfer-Encoding: chunked[\r][\n]"
<2017-09-26 13:03:08> DEBUG [org.apache.http.wire] http-outgoing-4 << "Connection: keep-alive[\r][\n]"
<2017-09-26 13:03:08> DEBUG [org.apache.http.wire] http-outgoing-4 << "Set-Cookie: JSESSIONID=F6E28E4994D1584E597DBDFCCCB1737E; Path=/nexperience/; HttpOnly[\r][\n]"
<2017-09-26 13:03:08> DEBUG [org.apache.http.wire] http-outgoing-4 << "Expires: Thu, 01 Jan 1970 00:00:00 GMT[\r][\n]"
<2017-09-26 13:03:08> DEBUG [org.apache.http.wire] http-outgoing-4 << "Cache-Control: no-cache[\r][\n]"
<2017-09-26 13:03:08> DEBUG [org.apache.http.wire] http-outgoing-4 << "Cache-Control: no-cache[\r][\n]"
<2017-09-26 13:03:08> DEBUG [org.apache.http.wire] http-outgoing-4 << "Expires: Thu, 01 Jan 1970 00:00:00 GMT[\r][\n]"
<2017-09-26 13:03:08> DEBUG [org.apache.http.wire] http-outgoing-4 << "Set-Cookie: fast_failed=true[\r][\n]"
<2017-09-26 13:03:08> DEBUG [org.apache.http.wire] http-outgoing-4 << "X-XSS-Protection: 2; mode=block[\r][\n]"
<2017-09-26 13:03:08> DEBUG [org.apache.http.wire] http-outgoing-4 << "Content-Encoding: gzip[\r][\n]"
<2017-09-26 13:03:08> DEBUG [org.apache.http.wire] http-outgoing-4 << "[\r][\n]"
<2017-09-26 13:03:08> DEBUG [org.apache.http.wire] http-outgoing-4 << "95[\r][\n]"
<2017-09-26 13:03:08> DEBUG [org.apache.http.wire] http-outgoing-4 << "[0x1f][0x8b][0x8][0x0][0x0][0x0][0x0][0x0][0x0][0x3]-[0xcc]1[0x12][0xc2] [0x10][0x85][0xe1][0xbb]l[\r][0xc][0x91]@BZ+[o[0x80][0xb0]jf[0x8][0xc4],[0xd8]8[0xde][0xdd]-l[0xff][0xf9][0xde][0xfb][0x0]![0xd1]Z[0xcb]%[0xc1][0x2]vF?Y[0x1d][0xe5]mLN[0x8e][0x98][0xbc][0xc][0x83]6R[0xf]w[0xef][\r]Nn6'[0x10]@-4dN=F^sy[0x9e]k[0xe2]b[0xec][0xe0][0xbc][0x99][0x9d][0x13][0xf0][0xe][0xb9]s)=g[0x1]1[0x7]f[0xb][0xd4][0xe3][0xa1][0xea][0x8e][0xe5][0x15][0x14]a[0xc6][0xb2][0xf6]M[0x1d][0xb8][0xd5][0x86][0xea][0x8a][0xb4][0xd7]B[0xf8][0xbf][0xef][0xcc][0xf5][0xf7][0x7])[0x92][0xed][0xe1][0x9e][0x0][0x0][0x0][\r][\n]"
<2017-09-26 13:03:08> DEBUG [org.apache.http.wire] http-outgoing-4 << "0[\r][\n]"
<2017-09-26 13:03:08> DEBUG [org.apache.http.wire] http-outgoing-4 << "[\r][\n]"
<2017-09-26 13:03:08> DEBUG [org.apache.http.headers] http-outgoing-4 << HTTP/1.1 200 OK
<2017-09-26 13:03:08> DEBUG [org.apache.http.headers] http-outgoing-4 << Server: nginx
<2017-09-26 13:03:08> DEBUG [org.apache.http.headers] http-outgoing-4 << Date: Tue, 26 Sep 2017 10:03:04 GMT
<2017-09-26 13:03:08> DEBUG [org.apache.http.headers] http-outgoing-4 << Content-Type: application/json;charset=utf-8
<2017-09-26 13:03:08> DEBUG [org.apache.http.headers] http-outgoing-4 << Transfer-Encoding: chunked
<2017-09-26 13:03:08> DEBUG [org.apache.http.headers] http-outgoing-4 << Connection: keep-alive
<2017-09-26 13:03:08> DEBUG [org.apache.http.headers] http-outgoing-4 << Set-Cookie: JSESSIONID=F6E28E4994D1584E597DBDFCCCB1737E; Path=/nexperience/; HttpOnly
<2017-09-26 13:03:08> DEBUG [org.apache.http.headers] http-outgoing-4 << Expires: Thu, 01 Jan 1970 00:00:00 GMT
<2017-09-26 13:03:08> DEBUG [org.apache.http.headers] http-outgoing-4 << Cache-Control: no-cache
<2017-09-26 13:03:08> DEBUG [org.apache.http.headers] http-outgoing-4 << Cache-Control: no-cache
<2017-09-26 13:03:08> DEBUG [org.apache.http.headers] http-outgoing-4 << Expires: Thu, 01 Jan 1970 00:00:00 GMT
<2017-09-26 13:03:08> DEBUG [org.apache.http.headers] http-outgoing-4 << Set-Cookie: fast_failed=true
<2017-09-26 13:03:08> DEBUG [org.apache.http.headers] http-outgoing-4 << X-XSS-Protection: 2; mode=block
<2017-09-26 13:03:08> DEBUG [org.apache.http.headers] http-outgoing-4 << Content-Encoding: gzip
<2017-09-26 13:03:08> DEBUG [o.a.h.i.execchain.MainClientExec] Connection can be kept alive indefinitely
<2017-09-26 13:03:08> DEBUG [o.a.h.c.p.ResponseProcessCookies] Cookie accepted [JSESSIONID="F6E28E4994D1584E597DBDFCCCB1737E", version:0, domain:branchtest.perfectomobile.com, path:/nexperience/, expiry:null]
<2017-09-26 13:03:08> DEBUG [o.a.h.c.p.ResponseProcessCookies] Cookie accepted [fast_failed="true", version:0, domain:branchtest.perfectomobile.com, path:/nexperience/perfectomobile/wd/hub/session/58e9750c-b4d6-4ed9-a103-01f993e76832, expiry:null]
<2017-09-26 13:03:08> DEBUG [o.a.h.i.c.PoolingHttpClientConnectionManager] Connection [id: 4][route: {s}->https://branchtest.perfectomobile.com:443] can be kept alive indefinitely
<2017-09-26 13:03:08> DEBUG [o.a.h.i.c.PoolingHttpClientConnectionManager] Connection released: [id: 4][route: {s}->https://branchtest.perfectomobile.com:443][total kept alive: 2; route allocated: 5 of 2000; total allocated: 5 of 2000]
<2017-09-26 13:03:14> DEBUG [o.a.h.c.p.RequestAddCookies] CookieSpec selected: default
<2017-09-26 13:03:14> DEBUG [o.a.h.c.p.RequestAddCookies] Cookie [version: 0][name: JSESSIONID][value: F6E28E4994D1584E597DBDFCCCB1737E][domain: branchtest.perfectomobile.com][path: /nexperience/][expiry: null] match [(secure)branchtest.perfectomobile.com:443/nexperience/perfectomobile/wd/hub/session/ce68b120-6696-4a5d-8938-7cf4bbe88319/execute]
<2017-09-26 13:03:14> DEBUG [o.a.h.c.p.RequestAddCookies] Cookie [version: 0][name: fast_failed][value: true][domain: branchtest.perfectomobile.com][path: /nexperience/perfectomobile/wd/hub][expiry: null] match [(secure)branchtest.perfectomobile.com:443/nexperience/perfectomobile/wd/hub/session/ce68b120-6696-4a5d-8938-7cf4bbe88319/execute]
<2017-09-26 13:03:14> DEBUG [o.a.h.c.p.RequestAddCookies] Cookie [version: 0][name: fast_failed][value: true][domain: branchtest.perfectomobile.com][path: /nexperience/perfectomobile/wd/hub/session/ce68b120-6696-4a5d-8938-7cf4bbe88319][expiry: null] match [(secure)branchtest.perfectomobile.com:443/nexperience/perfectomobile/wd/hub/session/ce68b120-6696-4a5d-8938-7cf4bbe88319/execute]
<2017-09-26 13:03:14> DEBUG [o.a.h.c.p.RequestAuthCache] Auth cache not set in the context
<2017-09-26 13:03:14> DEBUG [o.a.h.i.c.PoolingHttpClientConnectionManager] Connection request: [route: {s}->https://branchtest.perfectomobile.com:443][total kept alive: 2; route allocated: 5 of 2000; total allocated: 5 of 2000]
<2017-09-26 13:03:14> DEBUG [org.apache.http.wire] http-outgoing-4 << "[read] I/O error: Read timed out"
<2017-09-26 13:03:14> DEBUG [o.a.h.i.c.PoolingHttpClientConnectionManager] Connection leased: [id: 4][route: {s}->https://branchtest.perfectomobile.com:443][total kept alive: 1; route allocated: 5 of 2000; total allocated: 5 of 2000]
<2017-09-26 13:03:14> DEBUG [o.a.h.i.execchain.MainClientExec] Stale connection check
<2017-09-26 13:03:14> DEBUG [org.apache.http.wire] http-outgoing-4 << "[read] I/O error: Read timed out"
<2017-09-26 13:03:14> DEBUG [o.a.h.i.c.DefaultManagedHttpClientConnection] http-outgoing-4: set socket timeout to 10800000
<2017-09-26 13:03:14> DEBUG [o.a.h.i.execchain.MainClientExec] Executing request POST /nexperience/perfectomobile/wd/hub/session/ce68b120-6696-4a5d-8938-7cf4bbe88319/execute HTTP/1.1
<2017-09-26 13:03:14> DEBUG [o.a.h.i.execchain.MainClientExec] Target auth state: UNCHALLENGED
<2017-09-26 13:03:14> DEBUG [o.a.h.i.execchain.MainClientExec] Proxy auth state: UNCHALLENGED
<2017-09-26 13:03:14> DEBUG [org.apache.http.headers] http-outgoing-4 >> POST /nexperience/perfectomobile/wd/hub/session/ce68b120-6696-4a5d-8938-7cf4bbe88319/execute HTTP/1.1
<2017-09-26 13:03:14> DEBUG [org.apache.http.headers] http-outgoing-4 >> Content-Type: application/json; charset=utf-8
<2017-09-26 13:03:14> DEBUG [org.apache.http.headers] http-outgoing-4 >> Content-Length: 54
<2017-09-26 13:03:14> DEBUG [org.apache.http.headers] http-outgoing-4 >> Host: branchtest.perfectomobile.com
<2017-09-26 13:03:14> DEBUG [org.apache.http.headers] http-outgoing-4 >> Connection: Keep-Alive
<2017-09-26 13:03:14> DEBUG [org.apache.http.headers] http-outgoing-4 >> User-Agent: Apache-HttpClient/4.5.2 (Java/1.8.0_121)
<2017-09-26 13:03:14> DEBUG [org.apache.http.headers] http-outgoing-4 >> Cookie: JSESSIONID=F6E28E4994D1584E597DBDFCCCB1737E; fast_failed=true; fast_failed=true
<2017-09-26 13:03:14> DEBUG [org.apache.http.headers] http-outgoing-4 >> Accept-Encoding: gzip,deflate
<2017-09-26 13:03:14> DEBUG [org.apache.http.wire] http-outgoing-4 >> "POST /nexperience/perfectomobile/wd/hub/session/ce68b120-6696-4a5d-8938-7cf4bbe88319/execute HTTP/1.1[\r][\n]"
<2017-09-26 13:03:14> DEBUG [org.apache.http.wire] http-outgoing-4 >> "Content-Type: application/json; charset=utf-8[\r][\n]"
<2017-09-26 13:03:14> DEBUG [org.apache.http.wire] http-outgoing-4 >> "Content-Length: 54[\r][\n]"
<2017-09-26 13:03:14> DEBUG [org.apache.http.wire] http-outgoing-4 >> "Host: branchtest.perfectomobile.com[\r][\n]"
<2017-09-26 13:03:14> DEBUG [org.apache.http.wire] http-outgoing-4 >> "Connection: Keep-Alive[\r][\n]"
<2017-09-26 13:03:14> DEBUG [org.apache.http.wire] http-outgoing-4 >> "User-Agent: Apache-HttpClient/4.5.2 (Java/1.8.0_121)[\r][\n]"
<2017-09-26 13:03:14> DEBUG [org.apache.http.wire] http-outgoing-4 >> "Cookie: JSESSIONID=F6E28E4994D1584E597DBDFCCCB1737E; fast_failed=true; fast_failed=true[\r][\n]"
<2017-09-26 13:03:14> DEBUG [org.apache.http.wire] http-outgoing-4 >> "Accept-Encoding: gzip,deflate[\r][\n]"
<2017-09-26 13:03:14> DEBUG [org.apache.http.wire] http-outgoing-4 >> "[\r][\n]"
<2017-09-26 13:03:14> DEBUG [org.apache.http.wire] http-outgoing-4 >> "{"script":"mobile:step:end","args":[{"message":null}]}"
<2017-09-26 13:03:15> DEBUG [org.apache.http.wire] http-outgoing-4 << "HTTP/1.1 200 OK[\r][\n]"
<2017-09-26 13:03:15> DEBUG [org.apache.http.wire] http-outgoing-4 << "Server: nginx[\r][\n]"
<2017-09-26 13:03:15> DEBUG [org.apache.http.wire] http-outgoing-4 << "Date: Tue, 26 Sep 2017 10:03:11 GMT[\r][\n]"
<2017-09-26 13:03:15> DEBUG [org.apache.http.wire] http-outgoing-4 << "Content-Type: application/json;charset=utf-8[\r][\n]"
<2017-09-26 13:03:15> DEBUG [org.apache.http.wire] http-outgoing-4 << "Transfer-Encoding: chunked[\r][\n]"
<2017-09-26 13:03:15> DEBUG [org.apache.http.wire] http-outgoing-4 << "Connection: keep-alive[\r][\n]"
<2017-09-26 13:03:15> DEBUG [org.apache.http.wire] http-outgoing-4 << "Set-Cookie: JSESSIONID=F6E28E4994D1584E597DBDFCCCB1737E; Path=/nexperience/; HttpOnly[\r][\n]"
<2017-09-26 13:03:15> DEBUG [org.apache.http.wire] http-outgoing-4 << "Expires: Thu, 01 Jan 1970 00:00:00 GMT[\r][\n]"
<2017-09-26 13:03:15> DEBUG [org.apache.http.wire] http-outgoing-4 << "Cache-Control: no-cache[\r][\n]"
<2017-09-26 13:03:15> DEBUG [org.apache.http.wire] http-outgoing-4 << "Cache-Control: no-cache[\r][\n]"
<2017-09-26 13:03:15> DEBUG [org.apache.http.wire] http-outgoing-4 << "Expires: Thu, 01 Jan 1970 00:00:00 GMT[\r][\n]"
<2017-09-26 13:03:15> DEBUG [org.apache.http.wire] http-outgoing-4 << "Set-Cookie: fast_failed=true[\r][\n]"
<2017-09-26 13:03:15> DEBUG [org.apache.http.wire] http-outgoing-4 << "X-XSS-Protection: 2; mode=block[\r][\n]"
<2017-09-26 13:03:15> DEBUG [org.apache.http.wire] http-outgoing-4 << "Content-Encoding: gzip[\r][\n]"
<2017-09-26 13:03:15> DEBUG [org.apache.http.wire] http-outgoing-4 << "[\r][\n]"
<2017-09-26 13:03:15> DEBUG [org.apache.http.wire] http-outgoing-4 << "95[\r][\n]"
<2017-09-26 13:03:15> DEBUG [org.apache.http.wire] http-outgoing-4 << "[0x1f][0x8b][0x8][0x0][0x0][0x0][0x0][0x0][0x0][0x3]-[0xcc]1[0x12][0xc2] [0x10][0x85][0xe1][0xbb]l[\r][0xc][0x91][0x80]$[0xad][0x95][0xad]7[0x0][0xb2]jf[0x8][0xc4],[0xd8]8[0xde][0xdd]-l[0xff][0xf9][0xde][0xfb][0x0]![0xd1]Z[0xcb]u[0x81][0x19][0x12]:[0x1f][0x87][0x93][0x96][0xce]MN[0x8e][0xc1].[0xd2]O[0xc6][0xcb]s[0xba][0x8f]1[0xa2][0xf7]f[0x98]@[0x0][0xb5][0xd0][0x90]9[0xf5][0x94]x[0xcd][0xe5]y[0xa9][0xb][0x17]7hk[0xb4][0xb1][0x2][0xde]!w[0xe][0xa5][0xe7], [0xe5][0xc0]j[0x86]z<T[0xdd][0xb1][0xbc][0x82]"[0xcc]X[0xd6][0xbe][0xa9][0x3][0xb7][0xda]P[0xdd][0x90][0xf6]Z[0x8][0xff][0xef][0x9d][0xb9][0xfe][0xfe][0x0][0xb2]^[0xb0][0xa1][0x9d][0x0][0x0][0x0][\r][\n]"
<2017-09-26 13:03:15> DEBUG [org.apache.http.wire] http-outgoing-4 << "0[\r][\n]"
<2017-09-26 13:03:15> DEBUG [org.apache.http.wire] http-outgoing-4 << "[\r][\n]"
<2017-09-26 13:03:15> DEBUG [org.apache.http.headers] http-outgoing-4 << HTTP/1.1 200 OK
<2017-09-26 13:03:15> DEBUG [org.apache.http.headers] http-outgoing-4 << Server: nginx
<2017-09-26 13:03:15> DEBUG [org.apache.http.headers] http-outgoing-4 << Date: Tue, 26 Sep 2017 10:03:11 GMT
<2017-09-26 13:03:15> DEBUG [org.apache.http.headers] http-outgoing-4 << Content-Type: application/json;charset=utf-8
<2017-09-26 13:03:15> DEBUG [org.apache.http.headers] http-outgoing-4 << Transfer-Encoding: chunked
<2017-09-26 13:03:15> DEBUG [org.apache.http.headers] http-outgoing-4 << Connection: keep-alive
<2017-09-26 13:03:15> DEBUG [org.apache.http.headers] http-outgoing-4 << Set-Cookie: JSESSIONID=F6E28E4994D1584E597DBDFCCCB1737E; Path=/nexperience/; HttpOnly
<2017-09-26 13:03:15> DEBUG [org.apache.http.headers] http-outgoing-4 << Expires: Thu, 01 Jan 1970 00:00:00 GMT
<2017-09-26 13:03:15> DEBUG [org.apache.http.headers] http-outgoing-4 << Cache-Control: no-cache
<2017-09-26 13:03:15> DEBUG [org.apache.http.headers] http-outgoing-4 << Cache-Control: no-cache
<2017-09-26 13:03:15> DEBUG [org.apache.http.headers] http-outgoing-4 << Expires: Thu, 01 Jan 1970 00:00:00 GMT
<2017-09-26 13:03:15> DEBUG [org.apache.http.headers] http-outgoing-4 << Set-Cookie: fast_failed=true
<2017-09-26 13:03:15> DEBUG [org.apache.http.headers] http-outgoing-4 << X-XSS-Protection: 2; mode=block
<2017-09-26 13:03:15> DEBUG [org.apache.http.headers] http-outgoing-4 << Content-Encoding: gzip
<2017-09-26 13:03:15> DEBUG [o.a.h.i.execchain.MainClientExec] Connection can be kept alive indefinitely
<2017-09-26 13:03:15> DEBUG [o.a.h.c.p.ResponseProcessCookies] Cookie accepted [JSESSIONID="F6E28E4994D1584E597DBDFCCCB1737E", version:0, domain:branchtest.perfectomobile.com, path:/nexperience/, expiry:null]
<2017-09-26 13:03:15> DEBUG [o.a.h.c.p.ResponseProcessCookies] Cookie accepted [fast_failed="true", version:0, domain:branchtest.perfectomobile.com, path:/nexperience/perfectomobile/wd/hub/session/ce68b120-6696-4a5d-8938-7cf4bbe88319, expiry:null]
<2017-09-26 13:03:15> DEBUG [o.a.h.i.c.PoolingHttpClientConnectionManager] Connection [id: 4][route: {s}->https://branchtest.perfectomobile.com:443] can be kept alive indefinitely
<2017-09-26 13:03:15> DEBUG [o.a.h.i.c.PoolingHttpClientConnectionManager] Connection released: [id: 4][route: {s}->https://branchtest.perfectomobile.com:443][total kept alive: 2; route allocated: 5 of 2000; total allocated: 5 of 2000]
<2017-09-26 13:03:15> DEBUG [o.a.h.c.p.RequestAddCookies] CookieSpec selected: default
<2017-09-26 13:03:15> DEBUG [o.a.h.c.p.RequestAddCookies] Cookie [version: 0][name: JSESSIONID][value: F6E28E4994D1584E597DBDFCCCB1737E][domain: branchtest.perfectomobile.com][path: /nexperience/][expiry: null] match [(secure)branchtest.perfectomobile.com:443/nexperience/perfectomobile/wd/hub/session/ce68b120-6696-4a5d-8938-7cf4bbe88319/execute]
<2017-09-26 13:03:15> DEBUG [o.a.h.c.p.RequestAddCookies] Cookie [version: 0][name: fast_failed][value: true][domain: branchtest.perfectomobile.com][path: /nexperience/perfectomobile/wd/hub][expiry: null] match [(secure)branchtest.perfectomobile.com:443/nexperience/perfectomobile/wd/hub/session/ce68b120-6696-4a5d-8938-7cf4bbe88319/execute]
<2017-09-26 13:03:15> DEBUG [o.a.h.c.p.RequestAddCookies] Cookie [version: 0][name: fast_failed][value: true][domain: branchtest.perfectomobile.com][path: /nexperience/perfectomobile/wd/hub/session/ce68b120-6696-4a5d-8938-7cf4bbe88319][expiry: null] match [(secure)branchtest.perfectomobile.com:443/nexperience/perfectomobile/wd/hub/session/ce68b120-6696-4a5d-8938-7cf4bbe88319/execute]
<2017-09-26 13:03:15> DEBUG [o.a.h.c.p.RequestAuthCache] Auth cache not set in the context
<2017-09-26 13:03:15> DEBUG [o.a.h.i.c.PoolingHttpClientConnectionManager] Connection request: [route: {s}->https://branchtest.perfectomobile.com:443][total kept alive: 2; route allocated: 5 of 2000; total allocated: 5 of 2000]
<2017-09-26 13:03:15> DEBUG [o.a.h.i.c.PoolingHttpClientConnectionManager] Connection leased: [id: 4][route: {s}->https://branchtest.perfectomobile.com:443][total kept alive: 1; route allocated: 5 of 2000; total allocated: 5 of 2000]
<2017-09-26 13:03:15> DEBUG [o.a.h.i.execchain.MainClientExec] Stale connection check
<2017-09-26 13:03:15> DEBUG [org.apache.http.wire] http-outgoing-4 << "[read] I/O error: Read timed out"
<2017-09-26 13:03:15> DEBUG [o.a.h.i.c.DefaultManagedHttpClientConnection] http-outgoing-4: set socket timeout to 10800000
<2017-09-26 13:03:15> DEBUG [o.a.h.i.execchain.MainClientExec] Executing request POST /nexperience/perfectomobile/wd/hub/session/ce68b120-6696-4a5d-8938-7cf4bbe88319/execute HTTP/1.1
<2017-09-26 13:03:15> DEBUG [o.a.h.i.execchain.MainClientExec] Target auth state: UNCHALLENGED
<2017-09-26 13:03:15> DEBUG [o.a.h.i.execchain.MainClientExec] Proxy auth state: UNCHALLENGED
<2017-09-26 13:03:15> DEBUG [org.apache.http.headers] http-outgoing-4 >> POST /nexperience/perfectomobile/wd/hub/session/ce68b120-6696-4a5d-8938-7cf4bbe88319/execute HTTP/1.1
<2017-09-26 13:03:15> DEBUG [org.apache.http.headers] http-outgoing-4 >> Content-Type: application/json; charset=utf-8
<2017-09-26 13:03:15> DEBUG [org.apache.http.headers] http-outgoing-4 >> Content-Length: 72
<2017-09-26 13:03:15> DEBUG [org.apache.http.headers] http-outgoing-4 >> Host: branchtest.perfectomobile.com
<2017-09-26 13:03:15> DEBUG [org.apache.http.headers] http-outgoing-4 >> Connection: Keep-Alive
<2017-09-26 13:03:15> DEBUG [org.apache.http.headers] http-outgoing-4 >> User-Agent: Apache-HttpClient/4.5.2 (Java/1.8.0_121)
<2017-09-26 13:03:15> DEBUG [org.apache.http.headers] http-outgoing-4 >> Cookie: JSESSIONID=F6E28E4994D1584E597DBDFCCCB1737E; fast_failed=true; fast_failed=true
<2017-09-26 13:03:15> DEBUG [org.apache.http.headers] http-outgoing-4 >> Accept-Encoding: gzip,deflate
<2017-09-26 13:03:15> DEBUG [org.apache.http.wire] http-outgoing-4 >> "POST /nexperience/perfectomobile/wd/hub/session/ce68b120-6696-4a5d-8938-7cf4bbe88319/execute HTTP/1.1[\r][\n]"
<2017-09-26 13:03:15> DEBUG [org.apache.http.wire] http-outgoing-4 >> "Content-Type: application/json; charset=utf-8[\r][\n]"
<2017-09-26 13:03:15> DEBUG [org.apache.http.wire] http-outgoing-4 >> "Content-Length: 72[\r][\n]"
<2017-09-26 13:03:15> DEBUG [org.apache.http.wire] http-outgoing-4 >> "Host: branchtest.perfectomobile.com[\r][\n]"
<2017-09-26 13:03:15> DEBUG [org.apache.http.wire] http-outgoing-4 >> "Connection: Keep-Alive[\r][\n]"
<2017-09-26 13:03:15> DEBUG [org.apache.http.wire] http-outgoing-4 >> "User-Agent: Apache-HttpClient/4.5.2 (Java/1.8.0_121)[\r][\n]"
<2017-09-26 13:03:15> DEBUG [org.apache.http.wire] http-outgoing-4 >> "Cookie: JSESSIONID=F6E28E4994D1584E597DBDFCCCB1737E; fast_failed=true; fast_failed=true[\r][\n]"
<2017-09-26 13:03:15> DEBUG [org.apache.http.wire] http-outgoing-4 >> "Accept-Encoding: gzip,deflate[\r][\n]"
<2017-09-26 13:03:15> DEBUG [org.apache.http.wire] http-outgoing-4 >> "[\r][\n]"
<2017-09-26 13:03:15> DEBUG [org.apache.http.wire] http-outgoing-4 >> "{"script":"mobile:step:start","args":[{"name":"Opening signin window"}]}"
<2017-09-26 13:03:15> DEBUG [org.apache.http.wire] http-outgoing-4 << "HTTP/1.1 200 OK[\r][\n]"
<2017-09-26 13:03:15> DEBUG [org.apache.http.wire] http-outgoing-4 << "Server: nginx[\r][\n]"
<2017-09-26 13:03:15> DEBUG [org.apache.http.wire] http-outgoing-4 << "Date: Tue, 26 Sep 2017 10:03:11 GMT[\r][\n]"
<2017-09-26 13:03:15> DEBUG [org.apache.http.wire] http-outgoing-4 << "Content-Type: application/json;charset=utf-8[\r][\n]"
<2017-09-26 13:03:15> DEBUG [org.apache.http.wire] http-outgoing-4 << "Transfer-Encoding: chunked[\r][\n]"
<2017-09-26 13:03:15> DEBUG [org.apache.http.wire] http-outgoing-4 << "Connection: keep-alive[\r][\n]"
<2017-09-26 13:03:15> DEBUG [org.apache.http.wire] http-outgoing-4 << "Set-Cookie: JSESSIONID=F6E28E4994D1584E597DBDFCCCB1737E; Path=/nexperience/; HttpOnly[\r][\n]"
<2017-09-26 13:03:15> DEBUG [org.apache.http.wire] http-outgoing-4 << "Expires: Thu, 01 Jan 1970 00:00:00 GMT[\r][\n]"
<2017-09-26 13:03:15> DEBUG [org.apache.http.wire] http-outgoing-4 << "Cache-Control: no-cache[\r][\n]"
<2017-09-26 13:03:15> DEBUG [org.apache.http.wire] http-outgoing-4 << "Cache-Control: no-cache[\r][\n]"
<2017-09-26 13:03:15> DEBUG [org.apache.http.wire] http-outgoing-4 << "Expires: Thu, 01 Jan 1970 00:00:00 GMT[\r][\n]"
<2017-09-26 13:03:15> DEBUG [org.apache.http.wire] http-outgoing-4 << "Set-Cookie: fast_failed=true[\r][\n]"
<2017-09-26 13:03:15> DEBUG [org.apache.http.wire] http-outgoing-4 << "X-XSS-Protection: 2; mode=block[\r][\n]"
<2017-09-26 13:03:15> DEBUG [org.apache.http.wire] http-outgoing-4 << "Content-Encoding: gzip[\r][\n]"
<2017-09-26 13:03:15> DEBUG [org.apache.http.wire] http-outgoing-4 << "[\r][\n]"
<2017-09-26 13:03:15> DEBUG [org.apache.http.wire] http-outgoing-4 << "95[\r][\n]"
<2017-09-26 13:03:15> DEBUG [org.apache.http.wire] http-outgoing-4 << "[0x1f][0x8b][0x8][0x0][0x0][0x0][0x0][0x0][0x0][0x3]-[0xcc][0xbd][0x12][0xc2] [0x10][0x4][0xe0]w[0xb9]:0[0x90] BZ+[[0xdf][0x80][0x9f]S3[0x93]@[0x92][0xb]6[0x8e][0xef][0xee]9c[0xbb][0xfb][0xed][0xbe][0x81][0x90]h[0xaa][0xe5][0x9a]a[0x84][0x84][0xd6]E[0xdd]+a[0xad][0xb7][0xc2][0x84]S[0x16][0xce][0xf]N[0x9c][0xd3][0xdd][0xc4][0x88][0xce][\r][0xda]C[0x7]t[0x84][0x3][0x99]SK[0x89][0xd7][0x9c]</5s[0xa2][0xd5]`[0x9d][0xf2][0xc6][0xf7][0x1d][0xbc][0xc2][0xdc]~[0x88][0xdb]4[0x7]V#[0xd4][0xfd]![0xeb][0x8a]e[0xb][0x92]p[0xc6]2[0xb5]E[0xee][0xb8][0xd4][0x3][0xe5][\r]i[0xad][0x85][0xf0][0xff][0xde][0x98][0xab][0xcf][0x17][0xeb],[0x83][0x8c][0x9d][0x0][0x0][0x0][\r][\n]"
<2017-09-26 13:03:15> DEBUG [org.apache.http.wire] http-outgoing-4 << "0[\r][\n]"
<2017-09-26 13:03:15> DEBUG [org.apache.http.wire] http-outgoing-4 << "[\r][\n]"
<2017-09-26 13:03:15> DEBUG [org.apache.http.headers] http-outgoing-4 << HTTP/1.1 200 OK
<2017-09-26 13:03:15> DEBUG [org.apache.http.headers] http-outgoing-4 << Server: nginx
<2017-09-26 13:03:15> DEBUG [org.apache.http.headers] http-outgoing-4 << Date: Tue, 26 Sep 2017 10:03:11 GMT
<2017-09-26 13:03:15> DEBUG [org.apache.http.headers] http-outgoing-4 << Content-Type: application/json;charset=utf-8
<2017-09-26 13:03:15> DEBUG [org.apache.http.headers] http-outgoing-4 << Transfer-Encoding: chunked
<2017-09-26 13:03:15> DEBUG [org.apache.http.headers] http-outgoing-4 << Connection: keep-alive
<2017-09-26 13:03:15> DEBUG [org.apache.http.headers] http-outgoing-4 << Set-Cookie: JSESSIONID=F6E28E4994D1584E597DBDFCCCB1737E; Path=/nexperience/; HttpOnly
<2017-09-26 13:03:15> DEBUG [org.apache.http.headers] http-outgoing-4 << Expires: Thu, 01 Jan 1970 00:00:00 GMT
<2017-09-26 13:03:15> DEBUG [org.apache.http.headers] http-outgoing-4 << Cache-Control: no-cache
<2017-09-26 13:03:15> DEBUG [org.apache.http.headers] http-outgoing-4 << Cache-Control: no-cache
<2017-09-26 13:03:15> DEBUG [org.apache.http.headers] http-outgoing-4 << Expires: Thu, 01 Jan 1970 00:00:00 GMT
<2017-09-26 13:03:15> DEBUG [org.apache.http.headers] http-outgoing-4 << Set-Cookie: fast_failed=true
<2017-09-26 13:03:15> DEBUG [org.apache.http.headers] http-outgoing-4 << X-XSS-Protection: 2; mode=block
<2017-09-26 13:03:15> DEBUG [org.apache.http.headers] http-outgoing-4 << Content-Encoding: gzip
<2017-09-26 13:03:15> DEBUG [o.a.h.i.execchain.MainClientExec] Connection can be kept alive indefinitely
<2017-09-26 13:03:15> DEBUG [o.a.h.c.p.ResponseProcessCookies] Cookie accepted [JSESSIONID="F6E28E4994D1584E597DBDFCCCB1737E", version:0, domain:branchtest.perfectomobile.com, path:/nexperience/, expiry:null]
<2017-09-26 13:03:15> DEBUG [o.a.h.c.p.ResponseProcessCookies] Cookie accepted [fast_failed="true", version:0, domain:branchtest.perfectomobile.com, path:/nexperience/perfectomobile/wd/hub/session/ce68b120-6696-4a5d-8938-7cf4bbe88319, expiry:null]
<2017-09-26 13:03:15> DEBUG [o.a.h.i.c.PoolingHttpClientConnectionManager] Connection [id: 4][route: {s}->https://branchtest.perfectomobile.com:443] can be kept alive indefinitely
<2017-09-26 13:03:15> DEBUG [o.a.h.i.c.PoolingHttpClientConnectionManager] Connection released: [id: 4][route: {s}->https://branchtest.perfectomobile.com:443][total kept alive: 2; route allocated: 5 of 2000; total allocated: 5 of 2000]
<2017-09-26 13:03:15> DEBUG [o.a.h.c.p.RequestAddCookies] CookieSpec selected: default
<2017-09-26 13:03:15> DEBUG [o.a.h.c.p.RequestAddCookies] Cookie [version: 0][name: JSESSIONID][value: F6E28E4994D1584E597DBDFCCCB1737E][domain: branchtest.perfectomobile.com][path: /nexperience/][expiry: null] match [(secure)branchtest.perfectomobile.com:443/nexperience/perfectomobile/wd/hub/session/ce68b120-6696-4a5d-8938-7cf4bbe88319/execute]
<2017-09-26 13:03:15> DEBUG [o.a.h.c.p.RequestAddCookies] Cookie [version: 0][name: fast_failed][value: true][domain: branchtest.perfectomobile.com][path: /nexperience/perfectomobile/wd/hub][expiry: null] match [(secure)branchtest.perfectomobile.com:443/nexperience/perfectomobile/wd/hub/session/ce68b120-6696-4a5d-8938-7cf4bbe88319/execute]
<2017-09-26 13:03:15> DEBUG [o.a.h.c.p.RequestAddCookies] Cookie [version: 0][name: fast_failed][value: true][domain: branchtest.perfectomobile.com][path: /nexperience/perfectomobile/wd/hub/session/ce68b120-6696-4a5d-8938-7cf4bbe88319][expiry: null] match [(secure)branchtest.perfectomobile.com:443/nexperience/perfectomobile/wd/hub/session/ce68b120-6696-4a5d-8938-7cf4bbe88319/execute]
<2017-09-26 13:03:15> DEBUG [o.a.h.c.p.RequestAuthCache] Auth cache not set in the context
<2017-09-26 13:03:15> DEBUG [o.a.h.i.c.PoolingHttpClientConnectionManager] Connection request: [route: {s}->https://branchtest.perfectomobile.com:443][total kept alive: 2; route allocated: 5 of 2000; total allocated: 5 of 2000]
<2017-09-26 13:03:15> DEBUG [o.a.h.i.c.PoolingHttpClientConnectionManager] Connection leased: [id: 4][route: {s}->https://branchtest.perfectomobile.com:443][total kept alive: 1; route allocated: 5 of 2000; total allocated: 5 of 2000]
<2017-09-26 13:03:15> DEBUG [o.a.h.i.execchain.MainClientExec] Stale connection check
<2017-09-26 13:03:15> DEBUG [org.apache.http.wire] http-outgoing-4 << "[read] I/O error: Read timed out"
<2017-09-26 13:03:15> DEBUG [o.a.h.i.c.DefaultManagedHttpClientConnection] http-outgoing-4: set socket timeout to 10800000
<2017-09-26 13:03:15> DEBUG [o.a.h.i.execchain.MainClientExec] Executing request POST /nexperience/perfectomobile/wd/hub/session/ce68b120-6696-4a5d-8938-7cf4bbe88319/execute HTTP/1.1
<2017-09-26 13:03:15> DEBUG [o.a.h.i.execchain.MainClientExec] Target auth state: UNCHALLENGED
<2017-09-26 13:03:15> DEBUG [o.a.h.i.execchain.MainClientExec] Proxy auth state: UNCHALLENGED
<2017-09-26 13:03:15> DEBUG [org.apache.http.headers] http-outgoing-4 >> POST /nexperience/perfectomobile/wd/hub/session/ce68b120-6696-4a5d-8938-7cf4bbe88319/execute HTTP/1.1
<2017-09-26 13:03:15> DEBUG [org.apache.http.headers] http-outgoing-4 >> Content-Type: application/json; charset=utf-8
<2017-09-26 13:03:15> DEBUG [org.apache.http.headers] http-outgoing-4 >> Content-Length: 97
<2017-09-26 13:03:15> DEBUG [org.apache.http.headers] http-outgoing-4 >> Host: branchtest.perfectomobile.com
<2017-09-26 13:03:15> DEBUG [org.apache.http.headers] http-outgoing-4 >> Connection: Keep-Alive
<2017-09-26 13:03:15> DEBUG [org.apache.http.headers] http-outgoing-4 >> User-Agent: Apache-HttpClient/4.5.2 (Java/1.8.0_121)
<2017-09-26 13:03:15> DEBUG [org.apache.http.headers] http-outgoing-4 >> Cookie: JSESSIONID=F6E28E4994D1584E597DBDFCCCB1737E; fast_failed=true; fast_failed=true
<2017-09-26 13:03:15> DEBUG [org.apache.http.headers] http-outgoing-4 >> Accept-Encoding: gzip,deflate
<2017-09-26 13:03:15> DEBUG [org.apache.http.wire] http-outgoing-4 >> "POST /nexperience/perfectomobile/wd/hub/session/ce68b120-6696-4a5d-8938-7cf4bbe88319/execute HTTP/1.1[\r][\n]"
<2017-09-26 13:03:15> DEBUG [org.apache.http.wire] http-outgoing-4 >> "Content-Type: application/json; charset=utf-8[\r][\n]"
<2017-09-26 13:03:15> DEBUG [org.apache.http.wire] http-outgoing-4 >> "Content-Length: 97[\r][\n]"
<2017-09-26 13:03:15> DEBUG [org.apache.http.wire] http-outgoing-4 >> "Host: branchtest.perfectomobile.com[\r][\n]"
<2017-09-26 13:03:15> DEBUG [org.apache.http.wire] http-outgoing-4 >> "Connection: Keep-Alive[\r][\n]"
<2017-09-26 13:03:15> DEBUG [org.apache.http.wire] http-outgoing-4 >> "User-Agent: Apache-HttpClient/4.5.2 (Java/1.8.0_121)[\r][\n]"
<2017-09-26 13:03:15> DEBUG [org.apache.http.wire] http-outgoing-4 >> "Cookie: JSESSIONID=F6E28E4994D1584E597DBDFCCCB1737E; fast_failed=true; fast_failed=true[\r][\n]"
<2017-09-26 13:03:15> DEBUG [org.apache.http.wire] http-outgoing-4 >> "Accept-Encoding: gzip,deflate[\r][\n]"
<2017-09-26 13:03:15> DEBUG [org.apache.http.wire] http-outgoing-4 >> "[\r][\n]"
<2017-09-26 13:03:15> DEBUG [org.apache.http.wire] http-outgoing-4 >> "{"script":"mobile:text:select","args":[{"scrolling":"scroll","threshold":60,"content":"Signin"}]}"
<2017-09-26 13:03:16> DEBUG [org.apache.http.wire] http-outgoing-2 << "HTTP/1.1 200 OK[\r][\n]"
<2017-09-26 13:03:16> DEBUG [org.apache.http.wire] http-outgoing-2 << "Server: nginx[\r][\n]"
<2017-09-26 13:03:16> DEBUG [org.apache.http.wire] http-outgoing-2 << "Date: Tue, 26 Sep 2017 10:03:12 GMT[\r][\n]"
<2017-09-26 13:03:16> DEBUG [org.apache.http.wire] http-outgoing-2 << "Content-Type: application/json;charset=utf-8[\r][\n]"
<2017-09-26 13:03:16> DEBUG [org.apache.http.wire] http-outgoing-2 << "Transfer-Encoding: chunked[\r][\n]"
<2017-09-26 13:03:16> DEBUG [org.apache.http.wire] http-outgoing-2 << "Connection: keep-alive[\r][\n]"
<2017-09-26 13:03:16> DEBUG [org.apache.http.wire] http-outgoing-2 << "Set-Cookie: JSESSIONID=F6E28E4994D1584E597DBDFCCCB1737E; Path=/nexperience/; HttpOnly[\r][\n]"
<2017-09-26 13:03:16> DEBUG [org.apache.http.wire] http-outgoing-2 << "Expires: Thu, 01 Jan 1970 00:00:00 GMT[\r][\n]"
<2017-09-26 13:03:16> DEBUG [org.apache.http.wire] http-outgoing-2 << "Cache-Control: no-cache[\r][\n]"
<2017-09-26 13:03:16> DEBUG [org.apache.http.wire] http-outgoing-2 << "Cache-Control: no-cache[\r][\n]"
<2017-09-26 13:03:16> DEBUG [org.apache.http.wire] http-outgoing-2 << "Expires: Thu, 01 Jan 1970 00:00:00 GMT[\r][\n]"
<2017-09-26 13:03:16> DEBUG [org.apache.http.wire] http-outgoing-2 << "Set-Cookie: fast_failed=true[\r][\n]"
<2017-09-26 13:03:16> DEBUG [org.apache.http.wire] http-outgoing-2 << "X-XSS-Protection: 2; mode=block[\r][\n]"
<2017-09-26 13:03:16> DEBUG [org.apache.http.wire] http-outgoing-2 << "Content-Encoding: gzip[\r][\n]"
<2017-09-26 13:03:16> DEBUG [org.apache.http.wire] http-outgoing-2 << "[\r][\n]"
<2017-09-26 13:03:16> DEBUG [org.apache.http.wire] http-outgoing-2 << "96[\r][\n]"
<2017-09-26 13:03:16> DEBUG [org.apache.http.wire] http-outgoing-2 << "[0x1f][0x8b][0x8][0x0][0x0][0x0][0x0][0x0][0x0][0x3]-[0xcc];[0xe][0xc2]0[0x10]E[0xd1][0xbd]Lm[[0xfe][0x4][0x99][0xa4][0xa5][0xa2]e[0x7][0x83]3[0x86]H[0x8e][0x1d]21[\r]b[0xef]LA{u[0xde][0xfb][0x0][0x13][0xf3][0xd2][0xea]u[0x86][0x9]l[0xe][0xf9][0x94][0x1d]iL[0xf9][0xae][0x87][0x10][0x83]F[0xeb][0x9c][0xce][0x88][0xd9]{?P[0x8c]#([0xe0][0x3][0xf][0x12][0xce]=%YKy^[0xda],[0xc5]9;[0x9e][0x7][0xeb]|P[0xf0][0xc6][0xd2]%[0xd5]^[0x8a][0x82]TP[0xdc][0x4]m]]>&#x7f;<![CDATA[[0x98][0xb6]Q}[0xa1]a*T[0x97][0xbe][0x9a][0x9d][0xd6]v[0x90][0xb9][0x11]o[0xad]2[0xfd][0xff][0xbb]p[0xfb][0xfd][0x1][0xf5][0xbf][0xe1][0xfe][0x9f][0x0][0x0][0x0][\r][\n]"
<2017-09-26 13:03:16> DEBUG [org.apache.http.wire] http-outgoing-2 << "0[\r][\n]"
<2017-09-26 13:03:16> DEBUG [org.apache.http.wire] http-outgoing-2 << "[\r][\n]"
<2017-09-26 13:03:16> DEBUG [org.apache.http.headers] http-outgoing-2 << HTTP/1.1 200 OK
<2017-09-26 13:03:16> DEBUG [org.apache.http.headers] http-outgoing-2 << Server: nginx
<2017-09-26 13:03:16> DEBUG [org.apache.http.headers] http-outgoing-2 << Date: Tue, 26 Sep 2017 10:03:12 GMT
<2017-09-26 13:03:16> DEBUG [org.apache.http.headers] http-outgoing-2 << Content-Type: application/json;charset=utf-8
<2017-09-26 13:03:16> DEBUG [org.apache.http.headers] http-outgoing-2 << Transfer-Encoding: chunked
<2017-09-26 13:03:16> DEBUG [org.apache.http.headers] http-outgoing-2 << Connection: keep-alive
<2017-09-26 13:03:16> DEBUG [org.apache.http.headers] http-outgoing-2 << Set-Cookie: JSESSIONID=F6E28E4994D1584E597DBDFCCCB1737E; Path=/nexperience/; HttpOnly
<2017-09-26 13:03:16> DEBUG [org.apache.http.headers] http-outgoing-2 << Expires: Thu, 01 Jan 1970 00:00:00 GMT
<2017-09-26 13:03:16> DEBUG [org.apache.http.headers] http-outgoing-2 << Cache-Control: no-cache
<2017-09-26 13:03:16> DEBUG [org.apache.http.headers] http-outgoing-2 << Cache-Control: no-cache
<2017-09-26 13:03:16> DEBUG [org.apache.http.headers] http-outgoing-2 << Expires: Thu, 01 Jan 1970 00:00:00 GMT
<2017-09-26 13:03:16> DEBUG [org.apache.http.headers] http-outgoing-2 << Set-Cookie: fast_failed=true
<2017-09-26 13:03:16> DEBUG [org.apache.http.headers] http-outgoing-2 << X-XSS-Protection: 2; mode=block
<2017-09-26 13:03:16> DEBUG [org.apache.http.headers] http-outgoing-2 << Content-Encoding: gzip
<2017-09-26 13:03:16> DEBUG [o.a.h.i.execchain.MainClientExec] Connection can be kept alive indefinitely
<2017-09-26 13:03:16> DEBUG [o.a.h.c.p.ResponseProcessCookies] Cookie accepted [JSESSIONID="F6E28E4994D1584E597DBDFCCCB1737E", version:0, domain:branchtest.perfectomobile.com, path:/nexperience/, expiry:null]
<2017-09-26 13:03:16> DEBUG [o.a.h.c.p.ResponseProcessCookies] Cookie accepted [fast_failed="true", version:0, domain:branchtest.perfectomobile.com, path:/nexperience/perfectomobile/wd/hub/session/0f3f5f1e-acfb-4373-a011-faaf2224e779, expiry:null]
<2017-09-26 13:03:16> DEBUG [o.a.h.i.c.PoolingHttpClientConnectionManager] Connection [id: 2][route: {s}->https://branchtest.perfectomobile.com:443] can be kept alive indefinitely
<2017-09-26 13:03:16> DEBUG [o.a.h.i.c.PoolingHttpClientConnectionManager] Connection released: [id: 2][route: {s}->https://branchtest.perfectomobile.com:443][total kept alive: 2; route allocated: 5 of 2000; total allocated: 5 of 2000]
<2017-09-26 13:03:18> DEBUG [o.a.h.c.p.RequestAddCookies] CookieSpec selected: default
<2017-09-26 13:03:18> DEBUG [o.a.h.c.p.RequestAddCookies] Cookie [version: 0][name: JSESSIONID][value: F6E28E4994D1584E597DBDFCCCB1737E][domain: branchtest.perfectomobile.com][path: /nexperience/][expiry: null] match [(secure)branchtest.perfectomobile.com:443/nexperience/perfectomobile/wd/hub/session/58e9750c-b4d6-4ed9-a103-01f993e76832/execute]
<2017-09-26 13:03:18> DEBUG [o.a.h.c.p.RequestAddCookies] Cookie [version: 0][name: fast_failed][value: true][domain: branchtest.perfectomobile.com][path: /nexperience/perfectomobile/wd/hub][expiry: null] match [(secure)branchtest.perfectomobile.com:443/nexperience/perfectomobile/wd/hub/session/58e9750c-b4d6-4ed9-a103-01f993e76832/execute]
<2017-09-26 13:03:18> DEBUG [o.a.h.c.p.RequestAddCookies] Cookie [version: 0][name: fast_failed][value: true][domain: branchtest.perfectomobile.com][path: /nexperience/perfectomobile/wd/hub/session/58e9750c-b4d6-4ed9-a103-01f993e76832][expiry: null] match [(secure)branchtest.perfectomobile.com:443/nexperience/perfectomobile/wd/hub/session/58e9750c-b4d6-4ed9-a103-01f993e76832/execute]
<2017-09-26 13:03:18> DEBUG [o.a.h.c.p.RequestAuthCache] Auth cache not set in the context
<2017-09-26 13:03:18> DEBUG [o.a.h.i.c.PoolingHttpClientConnectionManager] Connection request: [route: {s}->https://branchtest.perfectomobile.com:443][total kept alive: 2; route allocated: 5 of 2000; total allocated: 5 of 2000]
<2017-09-26 13:03:18> DEBUG [o.a.h.i.c.PoolingHttpClientConnectionManager] Connection leased: [id: 2][route: {s}->https://branchtest.perfectomobile.com:443][total kept alive: 1; route allocated: 5 of 2000; total allocated: 5 of 2000]
<2017-09-26 13:03:18> DEBUG [o.a.h.i.execchain.MainClientExec] Stale connection check
<2017-09-26 13:03:18> DEBUG [org.apache.http.wire] http-outgoing-2 << "[read] I/O error: Read timed out"
<2017-09-26 13:03:18> DEBUG [o.a.h.i.c.DefaultManagedHttpClientConnection] http-outgoing-2: set socket timeout to 10800000
<2017-09-26 13:03:18> DEBUG [o.a.h.i.execchain.MainClientExec] Executing request POST /nexperience/perfectomobile/wd/hub/session/58e9750c-b4d6-4ed9-a103-01f993e76832/execute HTTP/1.1
<2017-09-26 13:03:18> DEBUG [o.a.h.i.execchain.MainClientExec] Target auth state: UNCHALLENGED
<2017-09-26 13:03:18> DEBUG [o.a.h.i.execchain.MainClientExec] Proxy auth state: UNCHALLENGED
<2017-09-26 13:03:18> DEBUG [org.apache.http.headers] http-outgoing-2 >> POST /nexperience/perfectomobile/wd/hub/session/58e9750c-b4d6-4ed9-a103-01f993e76832/execute HTTP/1.1
<2017-09-26 13:03:18> DEBUG [org.apache.http.headers] http-outgoing-2 >> Content-Type: application/json; charset=utf-8
<2017-09-26 13:03:18> DEBUG [org.apache.http.headers] http-outgoing-2 >> Content-Length: 54
<2017-09-26 13:03:18> DEBUG [org.apache.http.headers] http-outgoing-2 >> Host: branchtest.perfectomobile.com
<2017-09-26 13:03:18> DEBUG [org.apache.http.headers] http-outgoing-2 >> Connection: Keep-Alive
<2017-09-26 13:03:18> DEBUG [org.apache.http.headers] http-outgoing-2 >> User-Agent: Apache-HttpClient/4.5.2 (Java/1.8.0_121)
<2017-09-26 13:03:18> DEBUG [org.apache.http.headers] http-outgoing-2 >> Cookie: JSESSIONID=F6E28E4994D1584E597DBDFCCCB1737E; fast_failed=true; fast_failed=true
<2017-09-26 13:03:18> DEBUG [org.apache.http.headers] http-outgoing-2 >> Accept-Encoding: gzip,deflate
<2017-09-26 13:03:18> DEBUG [org.apache.http.wire] http-outgoing-2 >> "POST /nexperience/perfectomobile/wd/hub/session/58e9750c-b4d6-4ed9-a103-01f993e76832/execute HTTP/1.1[\r][\n]"
<2017-09-26 13:03:18> DEBUG [org.apache.http.wire] http-outgoing-2 >> "Content-Type: application/json; charset=utf-8[\r][\n]"
<2017-09-26 13:03:18> DEBUG [org.apache.http.wire] http-outgoing-2 >> "Content-Length: 54[\r][\n]"
<2017-09-26 13:03:18> DEBUG [org.apache.http.wire] http-outgoing-2 >> "Host: branchtest.perfectomobile.com[\r][\n]"
<2017-09-26 13:03:18> DEBUG [org.apache.http.wire] http-outgoing-2 >> "Connection: Keep-Alive[\r][\n]"
<2017-09-26 13:03:18> DEBUG [org.apache.http.wire] http-outgoing-2 >> "User-Agent: Apache-HttpClient/4.5.2 (Java/1.8.0_121)[\r][\n]"
<2017-09-26 13:03:18> DEBUG [org.apache.http.wire] http-outgoing-2 >> "Cookie: JSESSIONID=F6E28E4994D1584E597DBDFCCCB1737E; fast_failed=true; fast_failed=true[\r][\n]"
<2017-09-26 13:03:18> DEBUG [org.apache.http.wire] http-outgoing-2 >> "Accept-Encoding: gzip,deflate[\r][\n]"
<2017-09-26 13:03:18> DEBUG [org.apache.http.wire] http-outgoing-2 >> "[\r][\n]"
<2017-09-26 13:03:18> DEBUG [org.apache.http.wire] http-outgoing-2 >> "{"script":"mobile:step:end","args":[{"message":null}]}"
<2017-09-26 13:03:18> DEBUG [org.apache.http.wire] http-outgoing-2 << "HTTP/1.1 200 OK[\r][\n]"
<2017-09-26 13:03:18> DEBUG [org.apache.http.wire] http-outgoing-2 << "Server: nginx[\r][\n]"
<2017-09-26 13:03:18> DEBUG [org.apache.http.wire] http-outgoing-2 << "Date: Tue, 26 Sep 2017 10:03:15 GMT[\r][\n]"
<2017-09-26 13:03:18> DEBUG [org.apache.http.wire] http-outgoing-2 << "Content-Type: application/json;charset=utf-8[\r][\n]"
<2017-09-26 13:03:18> DEBUG [org.apache.http.wire] http-outgoing-2 << "Transfer-Encoding: chunked[\r][\n]"
<2017-09-26 13:03:18> DEBUG [org.apache.http.wire] http-outgoing-2 << "Connection: keep-alive[\r][\n]"
<2017-09-26 13:03:18> DEBUG [org.apache.http.wire] http-outgoing-2 << "Set-Cookie: JSESSIONID=F6E28E4994D1584E597DBDFCCCB1737E; Path=/nexperience/; HttpOnly[\r][\n]"
<2017-09-26 13:03:18> DEBUG [org.apache.http.wire] http-outgoing-2 << "Expires: Thu, 01 Jan 1970 00:00:00 GMT[\r][\n]"
<2017-09-26 13:03:18> DEBUG [org.apache.http.wire] http-outgoing-2 << "Cache-Control: no-cache[\r][\n]"
<2017-09-26 13:03:18> DEBUG [org.apache.http.wire] http-outgoing-2 << "Cache-Control: no-cache[\r][\n]"
<2017-09-26 13:03:18> DEBUG [org.apache.http.wire] http-outgoing-2 << "Expires: Thu, 01 Jan 1970 00:00:00 GMT[\r][\n]"
<2017-09-26 13:03:18> DEBUG [org.apache.http.wire] http-outgoing-2 << "Set-Cookie: fast_failed=true[\r][\n]"
<2017-09-26 13:03:18> DEBUG [org.apache.http.wire] http-outgoing-2 << "X-XSS-Protection: 2; mode=block[\r][\n]"
<2017-09-26 13:03:18> DEBUG [org.apache.http.wire] http-outgoing-2 << "Content-Encoding: gzip[\r][\n]"
<2017-09-26 13:03:18> DEBUG [org.apache.http.wire] http-outgoing-2 << "[\r][\n]"
<2017-09-26 13:03:18> DEBUG [org.apache.http.wire] http-outgoing-2 << "96[\r][\n]"
<2017-09-26 13:03:18> DEBUG [org.apache.http.wire] http-outgoing-2 << "[0x1f][0x8b][0x8][0x0][0x0][0x0][0x0][0x0][0x0][0x3]-[0xcc]1[0x12][0xc2] [0x10][0x85][0xe1][0xbb]l[0x1d][0x18]H[0x2][0x9]i[0xad]l[0xbd][0x1][0xc2][0xaa][0x99]![0x90]d[0xc1][0xc6][0xf1][0xee]na[0xfb][0xcf][0xf7][0xde][0x7][0x8][0x89][0xd6][0x92][0xaf][0x11][0x16]03[0xba][0xc9][0xa8] [0xee]c[0xb4]b[0xc4][0xe8][0x84][0xd7]j[0x10]J?[0x9c][0x1b]p[0xb2][0xf3][0xd0]C[0x7]T}E[0xe6][0xd4]B[0xe0]5[0x97][0xd7][0xa5]D.[0xda][0xf6][0xba][0x1f]'eT[0x7]o[0x9f][0x1a][0xa7][0xdc]R[0xea] $[0xcf]n[0x81]r>e[0xd9]1[0x1f]^[0x12]&[0xcc]k[0xdb][0xe4][0x89][[0xa9](oH{[0xc9][0x84][0xff][0xff][0xc6]\}]]>&#x7f;<![CDATA[6[0xc5]:V[0x9f][0x0][0x0][0x0][\r][\n]"
<2017-09-26 13:03:18> DEBUG [org.apache.http.wire] http-outgoing-2 << "0[\r][\n]"
<2017-09-26 13:03:18> DEBUG [org.apache.http.wire] http-outgoing-2 << "[\r][\n]"
<2017-09-26 13:03:18> DEBUG [org.apache.http.headers] http-outgoing-2 << HTTP/1.1 200 OK
<2017-09-26 13:03:18> DEBUG [org.apache.http.headers] http-outgoing-2 << Server: nginx
<2017-09-26 13:03:18> DEBUG [org.apache.http.headers] http-outgoing-2 << Date: Tue, 26 Sep 2017 10:03:15 GMT
<2017-09-26 13:03:18> DEBUG [org.apache.http.headers] http-outgoing-2 << Content-Type: application/json;charset=utf-8
<2017-09-26 13:03:18> DEBUG [org.apache.http.headers] http-outgoing-2 << Transfer-Encoding: chunked
<2017-09-26 13:03:18> DEBUG [org.apache.http.headers] http-outgoing-2 << Connection: keep-alive
<2017-09-26 13:03:18> DEBUG [org.apache.http.headers] http-outgoing-2 << Set-Cookie: JSESSIONID=F6E28E4994D1584E597DBDFCCCB1737E; Path=/nexperience/; HttpOnly
<2017-09-26 13:03:18> DEBUG [org.apache.http.headers] http-outgoing-2 << Expires: Thu, 01 Jan 1970 00:00:00 GMT
<2017-09-26 13:03:18> DEBUG [org.apache.http.headers] http-outgoing-2 << Cache-Control: no-cache
<2017-09-26 13:03:18> DEBUG [org.apache.http.headers] http-outgoing-2 << Cache-Control: no-cache
<2017-09-26 13:03:18> DEBUG [org.apache.http.headers] http-outgoing-2 << Expires: Thu, 01 Jan 1970 00:00:00 GMT
<2017-09-26 13:03:18> DEBUG [org.apache.http.headers] http-outgoing-2 << Set-Cookie: fast_failed=true
<2017-09-26 13:03:18> DEBUG [org.apache.http.headers] http-outgoing-2 << X-XSS-Protection: 2; mode=block
<2017-09-26 13:03:18> DEBUG [org.apache.http.headers] http-outgoing-2 << Content-Encoding: gzip
<2017-09-26 13:03:18> DEBUG [o.a.h.i.execchain.MainClientExec] Connection can be kept alive indefinitely
<2017-09-26 13:03:18> DEBUG [o.a.h.c.p.ResponseProcessCookies] Cookie accepted [JSESSIONID="F6E28E4994D1584E597DBDFCCCB1737E", version:0, domain:branchtest.perfectomobile.com, path:/nexperience/, expiry:null]
<2017-09-26 13:03:18> DEBUG [o.a.h.c.p.ResponseProcessCookies] Cookie accepted [fast_failed="true", version:0, domain:branchtest.perfectomobile.com, path:/nexperience/perfectomobile/wd/hub/session/58e9750c-b4d6-4ed9-a103-01f993e76832, expiry:null]
<2017-09-26 13:03:18> DEBUG [o.a.h.i.c.PoolingHttpClientConnectionManager] Connection [id: 2][route: {s}->https://branchtest.perfectomobile.com:443] can be kept alive indefinitely
<2017-09-26 13:03:18> DEBUG [o.a.h.i.c.PoolingHttpClientConnectionManager] Connection released: [id: 2][route: {s}->https://branchtest.perfectomobile.com:443][total kept alive: 2; route allocated: 5 of 2000; total allocated: 5 of 2000]
<2017-09-26 13:03:18> DEBUG [o.a.h.c.p.RequestAddCookies] CookieSpec selected: default
<2017-09-26 13:03:18> DEBUG [o.a.h.c.p.RequestAddCookies] Cookie [version: 0][name: JSESSIONID][value: F6E28E4994D1584E597DBDFCCCB1737E][domain: branchtest.perfectomobile.com][path: /nexperience/][expiry: null] match [(secure)branchtest.perfectomobile.com:443/nexperience/perfectomobile/wd/hub/session/58e9750c-b4d6-4ed9-a103-01f993e76832/execute]
<2017-09-26 13:03:18> DEBUG [o.a.h.c.p.RequestAddCookies] Cookie [version: 0][name: fast_failed][value: true][domain: branchtest.perfectomobile.com][path: /nexperience/perfectomobile/wd/hub][expiry: null] match [(secure)branchtest.perfectomobile.com:443/nexperience/perfectomobile/wd/hub/session/58e9750c-b4d6-4ed9-a103-01f993e76832/execute]
<2017-09-26 13:03:18> DEBUG [o.a.h.c.p.RequestAddCookies] Cookie [version: 0][name: fast_failed][value: true][domain: branchtest.perfectomobile.com][path: /nexperience/perfectomobile/wd/hub/session/58e9750c-b4d6-4ed9-a103-01f993e76832][expiry: null] match [(secure)branchtest.perfectomobile.com:443/nexperience/perfectomobile/wd/hub/session/58e9750c-b4d6-4ed9-a103-01f993e76832/execute]
<2017-09-26 13:03:18> DEBUG [o.a.h.c.p.RequestAuthCache] Auth cache not set in the context
<2017-09-26 13:03:18> DEBUG [o.a.h.i.c.PoolingHttpClientConnectionManager] Connection request: [route: {s}->https://branchtest.perfectomobile.com:443][total kept alive: 2; route allocated: 5 of 2000; total allocated: 5 of 2000]
<2017-09-26 13:03:18> DEBUG [o.a.h.i.c.PoolingHttpClientConnectionManager] Connection leased: [id: 2][route: {s}->https://branchtest.perfectomobile.com:443][total kept alive: 1; route allocated: 5 of 2000; total allocated: 5 of 2000]
<2017-09-26 13:03:18> DEBUG [o.a.h.i.execchain.MainClientExec] Stale connection check
<2017-09-26 13:03:18> DEBUG [org.apache.http.wire] http-outgoing-2 << "[read] I/O error: Read timed out"
<2017-09-26 13:03:18> DEBUG [o.a.h.i.c.DefaultManagedHttpClientConnection] http-outgoing-2: set socket timeout to 10800000
<2017-09-26 13:03:18> DEBUG [o.a.h.i.execchain.MainClientExec] Executing request POST /nexperience/perfectomobile/wd/hub/session/58e9750c-b4d6-4ed9-a103-01f993e76832/execute HTTP/1.1
<2017-09-26 13:03:18> DEBUG [o.a.h.i.execchain.MainClientExec] Target auth state: UNCHALLENGED
<2017-09-26 13:03:18> DEBUG [o.a.h.i.execchain.MainClientExec] Proxy auth state: UNCHALLENGED
<2017-09-26 13:03:18> DEBUG [org.apache.http.headers] http-outgoing-2 >> POST /nexperience/perfectomobile/wd/hub/session/58e9750c-b4d6-4ed9-a103-01f993e76832/execute HTTP/1.1
<2017-09-26 13:03:18> DEBUG [org.apache.http.headers] http-outgoing-2 >> Content-Type: application/json; charset=utf-8
<2017-09-26 13:03:18> DEBUG [org.apache.http.headers] http-outgoing-2 >> Content-Length: 72
<2017-09-26 13:03:18> DEBUG [org.apache.http.headers] http-outgoing-2 >> Host: branchtest.perfectomobile.com
<2017-09-26 13:03:18> DEBUG [org.apache.http.headers] http-outgoing-2 >> Connection: Keep-Alive
<2017-09-26 13:03:18> DEBUG [org.apache.http.headers] http-outgoing-2 >> User-Agent: Apache-HttpClient/4.5.2 (Java/1.8.0_121)
<2017-09-26 13:03:18> DEBUG [org.apache.http.headers] http-outgoing-2 >> Cookie: JSESSIONID=F6E28E4994D1584E597DBDFCCCB1737E; fast_failed=true; fast_failed=true
<2017-09-26 13:03:18> DEBUG [org.apache.http.headers] http-outgoing-2 >> Accept-Encoding: gzip,deflate
<2017-09-26 13:03:18> DEBUG [org.apache.http.wire] http-outgoing-2 >> "POST /nexperience/perfectomobile/wd/hub/session/58e9750c-b4d6-4ed9-a103-01f993e76832/execute HTTP/1.1[\r][\n]"
<2017-09-26 13:03:18> DEBUG [org.apache.http.wire] http-outgoing-2 >> "Content-Type: application/json; charset=utf-8[\r][\n]"
<2017-09-26 13:03:18> DEBUG [org.apache.http.wire] http-outgoing-2 >> "Content-Length: 72[\r][\n]"
<2017-09-26 13:03:18> DEBUG [org.apache.http.wire] http-outgoing-2 >> "Host: branchtest.perfectomobile.com[\r][\n]"
<2017-09-26 13:03:18> DEBUG [org.apache.http.wire] http-outgoing-2 >> "Connection: Keep-Alive[\r][\n]"
<2017-09-26 13:03:18> DEBUG [org.apache.http.wire] http-outgoing-2 >> "User-Agent: Apache-HttpClient/4.5.2 (Java/1.8.0_121)[\r][\n]"
<2017-09-26 13:03:18> DEBUG [org.apache.http.wire] http-outgoing-2 >> "Cookie: JSESSIONID=F6E28E4994D1584E597DBDFCCCB1737E; fast_failed=true; fast_failed=true[\r][\n]"
<2017-09-26 13:03:18> DEBUG [org.apache.http.wire] http-outgoing-2 >> "Accept-Encoding: gzip,deflate[\r][\n]"
<2017-09-26 13:03:18> DEBUG [org.apache.http.wire] http-outgoing-2 >> "[\r][\n]"
<2017-09-26 13:03:18> DEBUG [org.apache.http.wire] http-outgoing-2 >> "{"script":"mobile:step:start","args":[{"name":"Opening signin window"}]}"
<2017-09-26 13:03:18> DEBUG [org.apache.http.wire] http-outgoing-2 << "HTTP/1.1 200 OK[\r][\n]"
<2017-09-26 13:03:18> DEBUG [org.apache.http.wire] http-outgoing-2 << "Server: nginx[\r][\n]"
<2017-09-26 13:03:18> DEBUG [org.apache.http.wire] http-outgoing-2 << "Date: Tue, 26 Sep 2017 10:03:15 GMT[\r][\n]"
<2017-09-26 13:03:18> DEBUG [org.apache.http.wire] http-outgoing-2 << "Content-Type: application/json;charset=utf-8[\r][\n]"
<2017-09-26 13:03:18> DEBUG [org.apache.http.wire] http-outgoing-2 << "Transfer-Encoding: chunked[\r][\n]"
<2017-09-26 13:03:18> DEBUG [org.apache.http.wire] http-outgoing-2 << "Connection: keep-alive[\r][\n]"
<2017-09-26 13:03:18> DEBUG [org.apache.http.wire] http-outgoing-2 << "Set-Cookie: JSESSIONID=F6E28E4994D1584E597DBDFCCCB1737E; Path=/nexperience/; HttpOnly[\r][\n]"
<2017-09-26 13:03:18> DEBUG [org.apache.http.wire] http-outgoing-2 << "Expires: Thu, 01 Jan 1970 00:00:00 GMT[\r][\n]"
<2017-09-26 13:03:18> DEBUG [org.apache.http.wire] http-outgoing-2 << "Cache-Control: no-cache[\r][\n]"
<2017-09-26 13:03:18> DEBUG [org.apache.http.wire] http-outgoing-2 << "Cache-Control: no-cache[\r][\n]"
<2017-09-26 13:03:18> DEBUG [org.apache.http.wire] http-outgoing-2 << "Expires: Thu, 01 Jan 1970 00:00:00 GMT[\r][\n]"
<2017-09-26 13:03:18> DEBUG [org.apache.http.wire] http-outgoing-2 << "Set-Cookie: fast_failed=true[\r][\n]"
<2017-09-26 13:03:18> DEBUG [org.apache.http.wire] http-outgoing-2 << "X-XSS-Protection: 2; mode=block[\r][\n]"
<2017-09-26 13:03:18> DEBUG [org.apache.http.wire] http-outgoing-2 << "Content-Encoding: gzip[\r][\n]"
<2017-09-26 13:03:18> DEBUG [org.apache.http.wire] http-outgoing-2 << "[\r][\n]"
<2017-09-26 13:03:18> DEBUG [org.apache.http.wire] http-outgoing-2 << "94[\r][\n]"
<2017-09-26 13:03:18> DEBUG [org.apache.http.wire] http-outgoing-2 << "[0x1f][0x8b][0x8][0x0][0x0][0x0][0x0][0x0][0x0][0x3]-[0xcc][0xc1][0xe][0xc2] [0x10][0x4][0xd0]]]>&#x7f;<![CDATA[[0xd9]s![0x14]h)[0xbd]z[0xf2][0xea][0x1f] [0xac][0xda][0x84]B[0xed][0x16]/[0xc6]]]>&#x7f;<![CDATA[wM[0xbc][0xce][0xbc][0x99]7[0x10][0x12]-[0xb5][0x9c][0x13][0xcc]0L[0xe8][0xdd][0xa0][0xa2][0xb8][0xda]4[\n]"
<2017-09-26 13:03:18> DEBUG [org.apache.http.wire] http-outgoing-2 << "[0x8b][0xc9][0x8b][0xd0]+#T]]>&#x7f;<![CDATA[[0xf3][0xde][0xa0][0x1b]'[0xa3][0xa1][0x3]:[0xc2][0x81][0xcc][0xa9][0xc5][0xc8]kN[0x1e][0xa7][0x9a]81N[[0xe7][0xb4][0x1b];x[0x85][0xdc]~[0x86][0xcb][0x98][0x3][0xa3][0x19][0xea]~[0x97]u[0xc3][0xf2][0xc][0x92]0cY[0xda]*w\[0xeb][0x81][0xf2][0x82][0xb4][0xd5]B[0xf8]?o[0xcc][0xd5][0xe7][0xb][0xa6][0xb7][0x1b][[0x9c][0x0][0x0][0x0][\r][\n]"
<2017-09-26 13:03:18> DEBUG [org.apache.http.wire] http-outgoing-2 << "0[\r][\n]"
<2017-09-26 13:03:18> DEBUG [org.apache.http.wire] http-outgoing-2 << "[\r][\n]"
<2017-09-26 13:03:18> DEBUG [org.apache.http.headers] http-outgoing-2 << HTTP/1.1 200 OK
<2017-09-26 13:03:18> DEBUG [org.apache.http.headers] http-outgoing-2 << Server: nginx
<2017-09-26 13:03:18> DEBUG [org.apache.http.headers] http-outgoing-2 << Date: Tue, 26 Sep 2017 10:03:15 GMT
<2017-09-26 13:03:18> DEBUG [org.apache.http.headers] http-outgoing-2 << Content-Type: application/json;charset=utf-8
<2017-09-26 13:03:18> DEBUG [org.apache.http.headers] http-outgoing-2 << Transfer-Encoding: chunked
<2017-09-26 13:03:18> DEBUG [org.apache.http.headers] http-outgoing-2 << Connection: keep-alive
<2017-09-26 13:03:18> DEBUG [org.apache.http.headers] http-outgoing-2 << Set-Cookie: JSESSIONID=F6E28E4994D1584E597DBDFCCCB1737E; Path=/nexperience/; HttpOnly
<2017-09-26 13:03:18> DEBUG [org.apache.http.headers] http-outgoing-2 << Expires: Thu, 01 Jan 1970 00:00:00 GMT
<2017-09-26 13:03:18> DEBUG [org.apache.http.headers] http-outgoing-2 << Cache-Control: no-cache
<2017-09-26 13:03:18> DEBUG [org.apache.http.headers] http-outgoing-2 << Cache-Control: no-cache
<2017-09-26 13:03:18> DEBUG [org.apache.http.headers] http-outgoing-2 << Expires: Thu, 01 Jan 1970 00:00:00 GMT
<2017-09-26 13:03:18> DEBUG [org.apache.http.headers] http-outgoing-2 << Set-Cookie: fast_failed=true
<2017-09-26 13:03:18> DEBUG [org.apache.http.headers] http-outgoing-2 << X-XSS-Protection: 2; mode=block
<2017-09-26 13:03:18> DEBUG [org.apache.http.headers] http-outgoing-2 << Content-Encoding: gzip
<2017-09-26 13:03:18> DEBUG [o.a.h.i.execchain.MainClientExec] Connection can be kept alive indefinitely
<2017-09-26 13:03:18> DEBUG [o.a.h.c.p.ResponseProcessCookies] Cookie accepted [JSESSIONID="F6E28E4994D1584E597DBDFCCCB1737E", version:0, domain:branchtest.perfectomobile.com, path:/nexperience/, expiry:null]
<2017-09-26 13:03:18> DEBUG [o.a.h.c.p.ResponseProcessCookies] Cookie accepted [fast_failed="true", version:0, domain:branchtest.perfectomobile.com, path:/nexperience/perfectomobile/wd/hub/session/58e9750c-b4d6-4ed9-a103-01f993e76832, expiry:null]
<2017-09-26 13:03:18> DEBUG [o.a.h.i.c.PoolingHttpClientConnectionManager] Connection [id: 2][route: {s}->https://branchtest.perfectomobile.com:443] can be kept alive indefinitely
<2017-09-26 13:03:18> DEBUG [o.a.h.i.c.PoolingHttpClientConnectionManager] Connection released: [id: 2][route: {s}->https://branchtest.perfectomobile.com:443][total kept alive: 2; route allocated: 5 of 2000; total allocated: 5 of 2000]
<2017-09-26 13:03:18> DEBUG [o.a.h.c.p.RequestAddCookies] CookieSpec selected: default
<2017-09-26 13:03:18> DEBUG [o.a.h.c.p.RequestAddCookies] Cookie [version: 0][name: JSESSIONID][value: F6E28E4994D1584E597DBDFCCCB1737E][domain: branchtest.perfectomobile.com][path: /nexperience/][expiry: null] match [(secure)branchtest.perfectomobile.com:443/nexperience/perfectomobile/wd/hub/session/58e9750c-b4d6-4ed9-a103-01f993e76832/execute]
<2017-09-26 13:03:18> DEBUG [o.a.h.c.p.RequestAddCookies] Cookie [version: 0][name: fast_failed][value: true][domain: branchtest.perfectomobile.com][path: /nexperience/perfectomobile/wd/hub][expiry: null] match [(secure)branchtest.perfectomobile.com:443/nexperience/perfectomobile/wd/hub/session/58e9750c-b4d6-4ed9-a103-01f993e76832/execute]
<2017-09-26 13:03:18> DEBUG [o.a.h.c.p.RequestAddCookies] Cookie [version: 0][name: fast_failed][value: true][domain: branchtest.perfectomobile.com][path: /nexperience/perfectomobile/wd/hub/session/58e9750c-b4d6-4ed9-a103-01f993e76832][expiry: null] match [(secure)branchtest.perfectomobile.com:443/nexperience/perfectomobile/wd/hub/session/58e9750c-b4d6-4ed9-a103-01f993e76832/execute]
<2017-09-26 13:03:18> DEBUG [o.a.h.c.p.RequestAuthCache] Auth cache not set in the context
<2017-09-26 13:03:18> DEBUG [o.a.h.i.c.PoolingHttpClientConnectionManager] Connection request: [route: {s}->https://branchtest.perfectomobile.com:443][total kept alive: 2; route allocated: 5 of 2000; total allocated: 5 of 2000]
<2017-09-26 13:03:18> DEBUG [o.a.h.i.c.PoolingHttpClientConnectionManager] Connection leased: [id: 2][route: {s}->https://branchtest.perfectomobile.com:443][total kept alive: 1; route allocated: 5 of 2000; total allocated: 5 of 2000]
<2017-09-26 13:03:18> DEBUG [o.a.h.i.execchain.MainClientExec] Stale connection check
<2017-09-26 13:03:18> DEBUG [org.apache.http.wire] http-outgoing-2 << "[read] I/O error: Read timed out"
<2017-09-26 13:03:18> DEBUG [o.a.h.i.c.DefaultManagedHttpClientConnection] http-outgoing-2: set socket timeout to 10800000
<2017-09-26 13:03:18> DEBUG [o.a.h.i.execchain.MainClientExec] Executing request POST /nexperience/perfectomobile/wd/hub/session/58e9750c-b4d6-4ed9-a103-01f993e76832/execute HTTP/1.1
<2017-09-26 13:03:18> DEBUG [o.a.h.i.execchain.MainClientExec] Target auth state: UNCHALLENGED
<2017-09-26 13:03:18> DEBUG [o.a.h.i.execchain.MainClientExec] Proxy auth state: UNCHALLENGED
<2017-09-26 13:03:18> DEBUG [org.apache.http.headers] http-outgoing-2 >> POST /nexperience/perfectomobile/wd/hub/session/58e9750c-b4d6-4ed9-a103-01f993e76832/execute HTTP/1.1
<2017-09-26 13:03:18> DEBUG [org.apache.http.headers] http-outgoing-2 >> Content-Type: application/json; charset=utf-8
<2017-09-26 13:03:18> DEBUG [org.apache.http.headers] http-outgoing-2 >> Content-Length: 97
<2017-09-26 13:03:18> DEBUG [org.apache.http.headers] http-outgoing-2 >> Host: branchtest.perfectomobile.com
<2017-09-26 13:03:18> DEBUG [org.apache.http.headers] http-outgoing-2 >> Connection: Keep-Alive
<2017-09-26 13:03:18> DEBUG [org.apache.http.headers] http-outgoing-2 >> User-Agent: Apache-HttpClient/4.5.2 (Java/1.8.0_121)
<2017-09-26 13:03:18> DEBUG [org.apache.http.headers] http-outgoing-2 >> Cookie: JSESSIONID=F6E28E4994D1584E597DBDFCCCB1737E; fast_failed=true; fast_failed=true
<2017-09-26 13:03:18> DEBUG [org.apache.http.headers] http-outgoing-2 >> Accept-Encoding: gzip,deflate
<2017-09-26 13:03:18> DEBUG [org.apache.http.wire] http-outgoing-2 >> "POST /nexperience/perfectomobile/wd/hub/session/58e9750c-b4d6-4ed9-a103-01f993e76832/execute HTTP/1.1[\r][\n]"
<2017-09-26 13:03:18> DEBUG [org.apache.http.wire] http-outgoing-2 >> "Content-Type: application/json; charset=utf-8[\r][\n]"
<2017-09-26 13:03:18> DEBUG [org.apache.http.wire] http-outgoing-2 >> "Content-Length: 97[\r][\n]"
<2017-09-26 13:03:18> DEBUG [org.apache.http.wire] http-outgoing-2 >> "Host: branchtest.perfectomobile.com[\r][\n]"
<2017-09-26 13:03:18> DEBUG [org.apache.http.wire] http-outgoing-2 >> "Connection: Keep-Alive[\r][\n]"
<2017-09-26 13:03:18> DEBUG [org.apache.http.wire] http-outgoing-2 >> "User-Agent: Apache-HttpClient/4.5.2 (Java/1.8.0_121)[\r][\n]"
<2017-09-26 13:03:18> DEBUG [org.apache.http.wire] http-outgoing-2 >> "Cookie: JSESSIONID=F6E28E4994D1584E597DBDFCCCB1737E; fast_failed=true; fast_failed=true[\r][\n]"
<2017-09-26 13:03:18> DEBUG [org.apache.http.wire] http-outgoing-2 >> "Accept-Encoding: gzip,deflate[\r][\n]"
<2017-09-26 13:03:18> DEBUG [org.apache.http.wire] http-outgoing-2 >> "[\r][\n]"
<2017-09-26 13:03:18> DEBUG [org.apache.http.wire] http-outgoing-2 >> "{"script":"mobile:text:select","args":[{"scrolling":"scroll","threshold":60,"content":"Signin"}]}"
<2017-09-26 13:03:26> DEBUG [o.a.h.c.p.RequestAddCookies] CookieSpec selected: default
<2017-09-26 13:03:26> DEBUG [o.a.h.c.p.RequestAddCookies] Cookie [version: 0][name: JSESSIONID][value: F6E28E4994D1584E597DBDFCCCB1737E][domain: branchtest.perfectomobile.com][path: /nexperience/][expiry: null] match [(secure)branchtest.perfectomobile.com:443/nexperience/perfectomobile/wd/hub/session/0f3f5f1e-acfb-4373-a011-faaf2224e779/execute]
<2017-09-26 13:03:26> DEBUG [o.a.h.c.p.RequestAddCookies] Cookie [version: 0][name: fast_failed][value: true][domain: branchtest.perfectomobile.com][path: /nexperience/perfectomobile/wd/hub][expiry: null] match [(secure)branchtest.perfectomobile.com:443/nexperience/perfectomobile/wd/hub/session/0f3f5f1e-acfb-4373-a011-faaf2224e779/execute]
<2017-09-26 13:03:26> DEBUG [o.a.h.c.p.RequestAddCookies] Cookie [version: 0][name: fast_failed][value: true][domain: branchtest.perfectomobile.com][path: /nexperience/perfectomobile/wd/hub/session/0f3f5f1e-acfb-4373-a011-faaf2224e779][expiry: null] match [(secure)branchtest.perfectomobile.com:443/nexperience/perfectomobile/wd/hub/session/0f3f5f1e-acfb-4373-a011-faaf2224e779/execute]
<2017-09-26 13:03:26> DEBUG [o.a.h.c.p.RequestAuthCache] Auth cache not set in the context
<2017-09-26 13:03:26> DEBUG [o.a.h.i.c.PoolingHttpClientConnectionManager] Connection request: [route: {s}->https://branchtest.perfectomobile.com:443][total kept alive: 1; route allocated: 5 of 2000; total allocated: 5 of 2000]
<2017-09-26 13:03:26> DEBUG [org.apache.http.wire] http-outgoing-0 << "[read] I/O error: Read timed out"
<2017-09-26 13:03:26> DEBUG [o.a.h.i.c.PoolingHttpClientConnectionManager] Connection leased: [id: 0][route: {s}->https://branchtest.perfectomobile.com:443][total kept alive: 0; route allocated: 5 of 2000; total allocated: 5 of 2000]
<2017-09-26 13:03:26> DEBUG [o.a.h.i.execchain.MainClientExec] Stale connection check
<2017-09-26 13:03:26> DEBUG [org.apache.http.wire] http-outgoing-0 << "[read] I/O error: Read timed out"
<2017-09-26 13:03:26> DEBUG [o.a.h.i.c.DefaultManagedHttpClientConnection] http-outgoing-0: set socket timeout to 10800000
<2017-09-26 13:03:26> DEBUG [o.a.h.i.execchain.MainClientExec] Executing request POST /nexperience/perfectomobile/wd/hub/session/0f3f5f1e-acfb-4373-a011-faaf2224e779/execute HTTP/1.1
<2017-09-26 13:03:26> DEBUG [o.a.h.i.execchain.MainClientExec] Target auth state: UNCHALLENGED
<2017-09-26 13:03:26> DEBUG [o.a.h.i.execchain.MainClientExec] Proxy auth state: UNCHALLENGED
<2017-09-26 13:03:26> DEBUG [org.apache.http.headers] http-outgoing-0 >> POST /nexperience/perfectomobile/wd/hub/session/0f3f5f1e-acfb-4373-a011-faaf2224e779/execute HTTP/1.1
<2017-09-26 13:03:26> DEBUG [org.apache.http.headers] http-outgoing-0 >> Content-Type: application/json; charset=utf-8
<2017-09-26 13:03:26> DEBUG [org.apache.http.headers] http-outgoing-0 >> Content-Length: 54
<2017-09-26 13:03:26> DEBUG [org.apache.http.headers] http-outgoing-0 >> Host: branchtest.perfectomobile.com
<2017-09-26 13:03:26> DEBUG [org.apache.http.headers] http-outgoing-0 >> Connection: Keep-Alive
<2017-09-26 13:03:26> DEBUG [org.apache.http.headers] http-outgoing-0 >> User-Agent: Apache-HttpClient/4.5.2 (Java/1.8.0_121)
<2017-09-26 13:03:26> DEBUG [org.apache.http.headers] http-outgoing-0 >> Cookie: JSESSIONID=F6E28E4994D1584E597DBDFCCCB1737E; fast_failed=true; fast_failed=true
<2017-09-26 13:03:26> DEBUG [org.apache.http.headers] http-outgoing-0 >> Accept-Encoding: gzip,deflate
<2017-09-26 13:03:26> DEBUG [org.apache.http.wire] http-outgoing-0 >> "POST /nexperience/perfectomobile/wd/hub/session/0f3f5f1e-acfb-4373-a011-faaf2224e779/execute HTTP/1.1[\r][\n]"
<2017-09-26 13:03:26> DEBUG [org.apache.http.wire] http-outgoing-0 >> "Content-Type: application/json; charset=utf-8[\r][\n]"
<2017-09-26 13:03:26> DEBUG [org.apache.http.wire] http-outgoing-0 >> "Content-Length: 54[\r][\n]"
<2017-09-26 13:03:26> DEBUG [org.apache.http.wire] http-outgoing-0 >> "Host: branchtest.perfectomobile.com[\r][\n]"
<2017-09-26 13:03:26> DEBUG [org.apache.http.wire] http-outgoing-0 >> "Connection: Keep-Alive[\r][\n]"
<2017-09-26 13:03:26> DEBUG [org.apache.http.wire] http-outgoing-0 >> "User-Agent: Apache-HttpClient/4.5.2 (Java/1.8.0_121)[\r][\n]"
<2017-09-26 13:03:26> DEBUG [org.apache.http.wire] http-outgoing-0 >> "Cookie: JSESSIONID=F6E28E4994D1584E597DBDFCCCB1737E; fast_failed=true; fast_failed=true[\r][\n]"
<2017-09-26 13:03:26> DEBUG [org.apache.http.wire] http-outgoing-0 >> "Accept-Encoding: gzip,deflate[\r][\n]"
<2017-09-26 13:03:26> DEBUG [org.apache.http.wire] http-outgoing-0 >> "[\r][\n]"
<2017-09-26 13:03:26> DEBUG [org.apache.http.wire] http-outgoing-0 >> "{"script":"mobile:step:end","args":[{"message":null}]}"
<2017-09-26 13:03:26> DEBUG [org.apache.http.wire] http-outgoing-0 << "HTTP/1.1 200 OK[\r][\n]"
<2017-09-26 13:03:26> DEBUG [org.apache.http.wire] http-outgoing-0 << "Server: nginx[\r][\n]"
<2017-09-26 13:03:26> DEBUG [org.apache.http.wire] http-outgoing-0 << "Date: Tue, 26 Sep 2017 10:03:23 GMT[\r][\n]"
<2017-09-26 13:03:26> DEBUG [org.apache.http.wire] http-outgoing-0 << "Content-Type: application/json;charset=utf-8[\r][\n]"
<2017-09-26 13:03:26> DEBUG [org.apache.http.wire] http-outgoing-0 << "Transfer-Encoding: chunked[\r][\n]"
<2017-09-26 13:03:26> DEBUG [org.apache.http.wire] http-outgoing-0 << "Connection: keep-alive[\r][\n]"
<2017-09-26 13:03:26> DEBUG [org.apache.http.wire] http-outgoing-0 << "Set-Cookie: JSESSIONID=F6E28E4994D1584E597DBDFCCCB1737E; Path=/nexperience/; HttpOnly[\r][\n]"
<2017-09-26 13:03:26> DEBUG [org.apache.http.wire] http-outgoing-0 << "Expires: Thu, 01 Jan 1970 00:00:00 GMT[\r][\n]"
<2017-09-26 13:03:26> DEBUG [org.apache.http.wire] http-outgoing-0 << "Cache-Control: no-cache[\r][\n]"
<2017-09-26 13:03:26> DEBUG [org.apache.http.wire] http-outgoing-0 << "Cache-Control: no-cache[\r][\n]"
<2017-09-26 13:03:26> DEBUG [org.apache.http.wire] http-outgoing-0 << "Expires: Thu, 01 Jan 1970 00:00:00 GMT[\r][\n]"
<2017-09-26 13:03:26> DEBUG [org.apache.http.wire] http-outgoing-0 << "Set-Cookie: fast_failed=true[\r][\n]"
<2017-09-26 13:03:26> DEBUG [org.apache.http.wire] http-outgoing-0 << "X-XSS-Protection: 2; mode=block[\r][\n]"
<2017-09-26 13:03:26> DEBUG [org.apache.http.wire] http-outgoing-0 << "Content-Encoding: gzip[\r][\n]"
<2017-09-26 13:03:26> DEBUG [org.apache.http.wire] http-outgoing-0 << "[\r][\n]"
<2017-09-26 13:03:26> DEBUG [org.apache.http.wire] http-outgoing-0 << "96[\r][\n]"
<2017-09-26 13:03:26> DEBUG [org.apache.http.wire] http-outgoing-0 << "[0x1f][0x8b][0x8][0x0][0x0][0x0][0x0][0x0][0x0][0x3]-[0xcc]1[0x12][0xc2] [0x10][0x85][0xe1][0xbb]l[0x1d][0x18][0x8][0xc9]`[0xd2]Z[0xd9]z[0x83][0x95],[0x9a][0x19][0x2]I[0x16]l[0x1c][0xef][0xee][0x16][0xb6][0xff]|[0xef]}[0x80][0x89]y-[0xf9][0xb6][0xc0][0xc]&[0xba]8FK[\n]"
<2017-09-26 13:03:26> DEBUG [org.apache.http.wire] http-outgoing-0 << "C|[0xa8][0xc1]y[0xa7][0xd0]X[0xab]"b[0xec][0xfb]~ [0xef]'[0xe8][0x80]+V[0x12][0xce]-[0x4]YKy][0xcb]"[0xc5]:?Nf[0xb0][0xfe][0xd2][0xc1][0x1b]S[0x93][0x94][J[0x1d][0x84][0x84][0xe2]f([0xe7]S[0x97][0x9d][0xf2][0x81][0x9a])Q^[0xdb][0xa6]O[0xda]J%}'[0xde]Kf[0xfa][0xff]7[0xe1][0xe6][0xfb][0x3][0xea][0xef][0x12];[0x9f][0x0][0x0][0x0][\r][\n]"
<2017-09-26 13:03:26> DEBUG [org.apache.http.wire] http-outgoing-0 << "0[\r][\n]"
<2017-09-26 13:03:26> DEBUG [org.apache.http.wire] http-outgoing-0 << "[\r][\n]"
<2017-09-26 13:03:26> DEBUG [org.apache.http.headers] http-outgoing-0 << HTTP/1.1 200 OK
<2017-09-26 13:03:26> DEBUG [org.apache.http.headers] http-outgoing-0 << Server: nginx
<2017-09-26 13:03:26> DEBUG [org.apache.http.headers] http-outgoing-0 << Date: Tue, 26 Sep 2017 10:03:23 GMT
<2017-09-26 13:03:26> DEBUG [org.apache.http.headers] http-outgoing-0 << Content-Type: application/json;charset=utf-8
<2017-09-26 13:03:26> DEBUG [org.apache.http.headers] http-outgoing-0 << Transfer-Encoding: chunked
<2017-09-26 13:03:26> DEBUG [org.apache.http.headers] http-outgoing-0 << Connection: keep-alive
<2017-09-26 13:03:26> DEBUG [org.apache.http.headers] http-outgoing-0 << Set-Cookie: JSESSIONID=F6E28E4994D1584E597DBDFCCCB1737E; Path=/nexperience/; HttpOnly
<2017-09-26 13:03:26> DEBUG [org.apache.http.headers] http-outgoing-0 << Expires: Thu, 01 Jan 1970 00:00:00 GMT
<2017-09-26 13:03:26> DEBUG [org.apache.http.headers] http-outgoing-0 << Cache-Control: no-cache
<2017-09-26 13:03:26> DEBUG [org.apache.http.headers] http-outgoing-0 << Cache-Control: no-cache
<2017-09-26 13:03:26> DEBUG [org.apache.http.headers] http-outgoing-0 << Expires: Thu, 01 Jan 1970 00:00:00 GMT
<2017-09-26 13:03:26> DEBUG [org.apache.http.headers] http-outgoing-0 << Set-Cookie: fast_failed=true
<2017-09-26 13:03:26> DEBUG [org.apache.http.headers] http-outgoing-0 << X-XSS-Protection: 2; mode=block
<2017-09-26 13:03:26> DEBUG [org.apache.http.headers] http-outgoing-0 << Content-Encoding: gzip
<2017-09-26 13:03:26> DEBUG [o.a.h.i.execchain.MainClientExec] Connection can be kept alive indefinitely
<2017-09-26 13:03:26> DEBUG [o.a.h.c.p.ResponseProcessCookies] Cookie accepted [JSESSIONID="F6E28E4994D1584E597DBDFCCCB1737E", version:0, domain:branchtest.perfectomobile.com, path:/nexperience/, expiry:null]
<2017-09-26 13:03:26> DEBUG [o.a.h.c.p.ResponseProcessCookies] Cookie accepted [fast_failed="true", version:0, domain:branchtest.perfectomobile.com, path:/nexperience/perfectomobile/wd/hub/session/0f3f5f1e-acfb-4373-a011-faaf2224e779, expiry:null]
<2017-09-26 13:03:26> DEBUG [o.a.h.i.c.PoolingHttpClientConnectionManager] Connection [id: 0][route: {s}->https://branchtest.perfectomobile.com:443] can be kept alive indefinitely
<2017-09-26 13:03:26> DEBUG [o.a.h.i.c.PoolingHttpClientConnectionManager] Connection released: [id: 0][route: {s}->https://branchtest.perfectomobile.com:443][total kept alive: 1; route allocated: 5 of 2000; total allocated: 5 of 2000]
<2017-09-26 13:03:26> DEBUG [o.a.h.c.p.RequestAddCookies] CookieSpec selected: default
<2017-09-26 13:03:26> DEBUG [o.a.h.c.p.RequestAddCookies] Cookie [version: 0][name: JSESSIONID][value: F6E28E4994D1584E597DBDFCCCB1737E][domain: branchtest.perfectomobile.com][path: /nexperience/][expiry: null] match [(secure)branchtest.perfectomobile.com:443/nexperience/perfectomobile/wd/hub/session/0f3f5f1e-acfb-4373-a011-faaf2224e779/execute]
<2017-09-26 13:03:26> DEBUG [o.a.h.c.p.RequestAddCookies] Cookie [version: 0][name: fast_failed][value: true][domain: branchtest.perfectomobile.com][path: /nexperience/perfectomobile/wd/hub][expiry: null] match [(secure)branchtest.perfectomobile.com:443/nexperience/perfectomobile/wd/hub/session/0f3f5f1e-acfb-4373-a011-faaf2224e779/execute]
<2017-09-26 13:03:26> DEBUG [o.a.h.c.p.RequestAddCookies] Cookie [version: 0][name: fast_failed][value: true][domain: branchtest.perfectomobile.com][path: /nexperience/perfectomobile/wd/hub/session/0f3f5f1e-acfb-4373-a011-faaf2224e779][expiry: null] match [(secure)branchtest.perfectomobile.com:443/nexperience/perfectomobile/wd/hub/session/0f3f5f1e-acfb-4373-a011-faaf2224e779/execute]
<2017-09-26 13:03:26> DEBUG [o.a.h.c.p.RequestAuthCache] Auth cache not set in the context
<2017-09-26 13:03:26> DEBUG [o.a.h.i.c.PoolingHttpClientConnectionManager] Connection request: [route: {s}->https://branchtest.perfectomobile.com:443][total kept alive: 1; route allocated: 5 of 2000; total allocated: 5 of 2000]
<2017-09-26 13:03:26> DEBUG [o.a.h.i.c.PoolingHttpClientConnectionManager] Connection leased: [id: 0][route: {s}->https://branchtest.perfectomobile.com:443][total kept alive: 0; route allocated: 5 of 2000; total allocated: 5 of 2000]
<2017-09-26 13:03:26> DEBUG [o.a.h.i.execchain.MainClientExec] Stale connection check
<2017-09-26 13:03:26> DEBUG [org.apache.http.wire] http-outgoing-0 << "[read] I/O error: Read timed out"
<2017-09-26 13:03:26> DEBUG [o.a.h.i.c.DefaultManagedHttpClientConnection] http-outgoing-0: set socket timeout to 10800000
<2017-09-26 13:03:26> DEBUG [o.a.h.i.execchain.MainClientExec] Executing request POST /nexperience/perfectomobile/wd/hub/session/0f3f5f1e-acfb-4373-a011-faaf2224e779/execute HTTP/1.1
<2017-09-26 13:03:26> DEBUG [o.a.h.i.execchain.MainClientExec] Target auth state: UNCHALLENGED
<2017-09-26 13:03:26> DEBUG [o.a.h.i.execchain.MainClientExec] Proxy auth state: UNCHALLENGED
<2017-09-26 13:03:26> DEBUG [org.apache.http.headers] http-outgoing-0 >> POST /nexperience/perfectomobile/wd/hub/session/0f3f5f1e-acfb-4373-a011-faaf2224e779/execute HTTP/1.1
<2017-09-26 13:03:26> DEBUG [org.apache.http.headers] http-outgoing-0 >> Content-Type: application/json; charset=utf-8
<2017-09-26 13:03:26> DEBUG [org.apache.http.headers] http-outgoing-0 >> Content-Length: 61
<2017-09-26 13:03:26> DEBUG [org.apache.http.headers] http-outgoing-0 >> Host: branchtest.perfectomobile.com
<2017-09-26 13:03:26> DEBUG [org.apache.http.headers] http-outgoing-0 >> Connection: Keep-Alive
<2017-09-26 13:03:26> DEBUG [org.apache.http.headers] http-outgoing-0 >> User-Agent: Apache-HttpClient/4.5.2 (Java/1.8.0_121)
<2017-09-26 13:03:26> DEBUG [org.apache.http.headers] http-outgoing-0 >> Cookie: JSESSIONID=F6E28E4994D1584E597DBDFCCCB1737E; fast_failed=true; fast_failed=true
<2017-09-26 13:03:26> DEBUG [org.apache.http.headers] http-outgoing-0 >> Accept-Encoding: gzip,deflate
<2017-09-26 13:03:26> DEBUG [org.apache.http.wire] http-outgoing-0 >> "POST /nexperience/perfectomobile/wd/hub/session/0f3f5f1e-acfb-4373-a011-faaf2224e779/execute HTTP/1.1[\r][\n]"
<2017-09-26 13:03:26> DEBUG [org.apache.http.wire] http-outgoing-0 >> "Content-Type: application/json; charset=utf-8[\r][\n]"
<2017-09-26 13:03:26> DEBUG [org.apache.http.wire] http-outgoing-0 >> "Content-Length: 61[\r][\n]"
<2017-09-26 13:03:26> DEBUG [org.apache.http.wire] http-outgoing-0 >> "Host: branchtest.perfectomobile.com[\r][\n]"
<2017-09-26 13:03:26> DEBUG [org.apache.http.wire] http-outgoing-0 >> "Connection: Keep-Alive[\r][\n]"
<2017-09-26 13:03:26> DEBUG [org.apache.http.wire] http-outgoing-0 >> "User-Agent: Apache-HttpClient/4.5.2 (Java/1.8.0_121)[\r][\n]"
<2017-09-26 13:03:26> DEBUG [org.apache.http.wire] http-outgoing-0 >> "Cookie: JSESSIONID=F6E28E4994D1584E597DBDFCCCB1737E; fast_failed=true; fast_failed=true[\r][\n]"
<2017-09-26 13:03:26> DEBUG [org.apache.http.wire] http-outgoing-0 >> "Accept-Encoding: gzip,deflate[\r][\n]"
<2017-09-26 13:03:26> DEBUG [org.apache.http.wire] http-outgoing-0 >> "[\r][\n]"
<2017-09-26 13:03:26> DEBUG [org.apache.http.wire] http-outgoing-0 >> "{"script":"mobile:step:start","args":[{"name":"Signing in"}]}"
<2017-09-26 13:03:26> DEBUG [org.apache.http.wire] http-outgoing-3 << "HTTP/1.1 200 OK[\r][\n]"
<2017-09-26 13:03:26> DEBUG [org.apache.http.wire] http-outgoing-3 << "Server: nginx[\r][\n]"
<2017-09-26 13:03:26> DEBUG [org.apache.http.wire] http-outgoing-3 << "Date: Tue, 26 Sep 2017 10:03:23 GMT[\r][\n]"
<2017-09-26 13:03:26> DEBUG [org.apache.http.wire] http-outgoing-3 << "Content-Type: application/json;charset=utf-8[\r][\n]"
<2017-09-26 13:03:26> DEBUG [org.apache.http.wire] http-outgoing-3 << "Transfer-Encoding: chunked[\r][\n]"
<2017-09-26 13:03:26> DEBUG [org.apache.http.wire] http-outgoing-3 << "Connection: keep-alive[\r][\n]"
<2017-09-26 13:03:26> DEBUG [org.apache.http.wire] http-outgoing-3 << "Set-Cookie: JSESSIONID=F6E28E4994D1584E597DBDFCCCB1737E; Path=/nexperience/; HttpOnly[\r][\n]"
<2017-09-26 13:03:26> DEBUG [org.apache.http.wire] http-outgoing-3 << "Expires: Thu, 01 Jan 1970 00:00:00 GMT[\r][\n]"
<2017-09-26 13:03:26> DEBUG [org.apache.http.wire] http-outgoing-3 << "Cache-Control: no-cache[\r][\n]"
<2017-09-26 13:03:26> DEBUG [org.apache.http.wire] http-outgoing-3 << "Cache-Control: no-cache[\r][\n]"
<2017-09-26 13:03:26> DEBUG [org.apache.http.wire] http-outgoing-3 << "Expires: Thu, 01 Jan 1970 00:00:00 GMT[\r][\n]"
<2017-09-26 13:03:26> DEBUG [org.apache.http.wire] http-outgoing-3 << "Set-Cookie: fast_failed=true[\r][\n]"
<2017-09-26 13:03:26> DEBUG [org.apache.http.wire] http-outgoing-3 << "X-XSS-Protection: 2; mode=block[\r][\n]"
<2017-09-26 13:03:26> DEBUG [org.apache.http.wire] http-outgoing-3 << "Content-Encoding: gzip[\r][\n]"
<2017-09-26 13:03:26> DEBUG [org.apache.http.wire] http-outgoing-3 << "[\r][\n]"
<2017-09-26 13:03:26> DEBUG [org.apache.http.wire] http-outgoing-3 << "96[\r][\n]"
<2017-09-26 13:03:26> DEBUG [org.apache.http.wire] http-outgoing-3 << "[0x1f][0x8b][0x8][0x0][0x0][0x0][0x0][0x0][0x0][0x3]-[0xcc]1[0x12][0x82]0[0x10][0x85][0xe1][0xbb]lM2@[0x82][0x10]Z+[o[0x10][0xb2][0xab]2[0x13][0x12]`[0x13][0x1b][0xc7][0xbb][0xbb][0x85][0xed]?[0xdf]{[0x1f]`b^s[0xba]![0xcc][0xb0][0xa0][\r][0x93]AT[0x8b]C[0xa3][0xac][0xc7]^[0xb9]~p[0xca][0x1a]?[0x91]3C[0xa0][0xf0][0x80][0x6][0xb8][0xf8]B[0xc2][0xb9][0x86] k)[0xaf]kF)[0x97][0xb1][0xb3][0xed]8vm[0x3]o[0x1f][0xab][0x94]Tcl D/l[0x86]|>u[0xde])[0x1d]^3EJk[0xdd][0xf4]I[.[0xa4][0xef][0xc4]{NL[0xff][0xfb]*[0xbc][0xfd][0xfe][0x0]x[0xce][0xaa][0x96][0x9e][0x0][0x0][0x0][\r][\n]"
<2017-09-26 13:03:26> DEBUG [org.apache.http.wire] http-outgoing-3 << "0[\r][\n]"
<2017-09-26 13:03:26> DEBUG [org.apache.http.wire] http-outgoing-3 << "[\r][\n]"
<2017-09-26 13:03:26> DEBUG [org.apache.http.headers] http-outgoing-3 << HTTP/1.1 200 OK
<2017-09-26 13:03:26> DEBUG [org.apache.http.headers] http-outgoing-3 << Server: nginx
<2017-09-26 13:03:26> DEBUG [org.apache.http.headers] http-outgoing-3 << Date: Tue, 26 Sep 2017 10:03:23 GMT
<2017-09-26 13:03:26> DEBUG [org.apache.http.headers] http-outgoing-3 << Content-Type: application/json;charset=utf-8
<2017-09-26 13:03:26> DEBUG [org.apache.http.headers] http-outgoing-3 << Transfer-Encoding: chunked
<2017-09-26 13:03:26> DEBUG [org.apache.http.headers] http-outgoing-3 << Connection: keep-alive
<2017-09-26 13:03:26> DEBUG [org.apache.http.headers] http-outgoing-3 << Set-Cookie: JSESSIONID=F6E28E4994D1584E597DBDFCCCB1737E; Path=/nexperience/; HttpOnly
<2017-09-26 13:03:26> DEBUG [org.apache.http.headers] http-outgoing-3 << Expires: Thu, 01 Jan 1970 00:00:00 GMT
<2017-09-26 13:03:26> DEBUG [org.apache.http.headers] http-outgoing-3 << Cache-Control: no-cache
<2017-09-26 13:03:26> DEBUG [org.apache.http.headers] http-outgoing-3 << Cache-Control: no-cache
<2017-09-26 13:03:26> DEBUG [org.apache.http.headers] http-outgoing-3 << Expires: Thu, 01 Jan 1970 00:00:00 GMT
<2017-09-26 13:03:26> DEBUG [org.apache.http.headers] http-outgoing-3 << Set-Cookie: fast_failed=true
<2017-09-26 13:03:26> DEBUG [org.apache.http.headers] http-outgoing-3 << X-XSS-Protection: 2; mode=block
<2017-09-26 13:03:26> DEBUG [org.apache.http.headers] http-outgoing-3 << Content-Encoding: gzip
<2017-09-26 13:03:26> DEBUG [o.a.h.i.execchain.MainClientExec] Connection can be kept alive indefinitely
<2017-09-26 13:03:26> DEBUG [o.a.h.c.p.ResponseProcessCookies] Cookie accepted [JSESSIONID="F6E28E4994D1584E597DBDFCCCB1737E", version:0, domain:branchtest.perfectomobile.com, path:/nexperience/, expiry:null]
<2017-09-26 13:03:26> DEBUG [o.a.h.c.p.ResponseProcessCookies] Cookie accepted [fast_failed="true", version:0, domain:branchtest.perfectomobile.com, path:/nexperience/perfectomobile/wd/hub/session/bd4c83dd-b9d3-4ad2-9259-43a8e935cecf, expiry:null]
<2017-09-26 13:03:26> DEBUG [o.a.h.i.c.PoolingHttpClientConnectionManager] Connection [id: 3][route: {s}->https://branchtest.perfectomobile.com:443] can be kept alive indefinitely
<2017-09-26 13:03:26> DEBUG [o.a.h.i.c.PoolingHttpClientConnectionManager] Connection released: [id: 3][route: {s}->https://branchtest.perfectomobile.com:443][total kept alive: 1; route allocated: 5 of 2000; total allocated: 5 of 2000]
<2017-09-26 13:03:26> DEBUG [org.apache.http.wire] http-outgoing-0 << "HTTP/1.1 200 OK[\r][\n]"
<2017-09-26 13:03:26> DEBUG [org.apache.http.wire] http-outgoing-0 << "Server: nginx[\r][\n]"
<2017-09-26 13:03:26> DEBUG [org.apache.http.wire] http-outgoing-0 << "Date: Tue, 26 Sep 2017 10:03:23 GMT[\r][\n]"
<2017-09-26 13:03:26> DEBUG [org.apache.http.wire] http-outgoing-0 << "Content-Type: application/json;charset=utf-8[\r][\n]"
<2017-09-26 13:03:26> DEBUG [org.apache.http.wire] http-outgoing-0 << "Transfer-Encoding: chunked[\r][\n]"
<2017-09-26 13:03:26> DEBUG [org.apache.http.wire] http-outgoing-0 << "Connection: keep-alive[\r][\n]"
<2017-09-26 13:03:26> DEBUG [org.apache.http.wire] http-outgoing-0 << "Set-Cookie: JSESSIONID=F6E28E4994D1584E597DBDFCCCB1737E; Path=/nexperience/; HttpOnly[\r][\n]"
<2017-09-26 13:03:26> DEBUG [org.apache.http.wire] http-outgoing-0 << "Expires: Thu, 01 Jan 1970 00:00:00 GMT[\r][\n]"
<2017-09-26 13:03:26> DEBUG [org.apache.http.wire] http-outgoing-0 << "Cache-Control: no-cache[\r][\n]"
<2017-09-26 13:03:26> DEBUG [org.apache.http.wire] http-outgoing-0 << "Cache-Control: no-cache[\r][\n]"
<2017-09-26 13:03:26> DEBUG [org.apache.http.wire] http-outgoing-0 << "Expires: Thu, 01 Jan 1970 00:00:00 GMT[\r][\n]"
<2017-09-26 13:03:26> DEBUG [org.apache.http.wire] http-outgoing-0 << "Set-Cookie: fast_failed=true[\r][\n]"
<2017-09-26 13:03:26> DEBUG [org.apache.http.wire] http-outgoing-0 << "X-XSS-Protection: 2; mode=block[\r][\n]"
<2017-09-26 13:03:26> DEBUG [org.apache.http.wire] http-outgoing-0 << "Content-Encoding: gzip[\r][\n]"
<2017-09-26 13:03:26> DEBUG [org.apache.http.wire] http-outgoing-0 << "[\r][\n]"
<2017-09-26 13:03:26> DEBUG [org.apache.http.wire] http-outgoing-0 << "93[\r][\n]"
<2017-09-26 13:03:26> DEBUG [org.apache.http.wire] http-outgoing-0 << "[0x1f][0x8b][0x8][0x0][0x0][0x0][0x0][0x0][0x0][0x3]-[0xcc];[0xe][0xc2]0[0x10][0x4][0xd0][0xbb]l[0x1d][[0xfe][0x84]X[0xa4][0xa5][0xa2][0xe5][0x6][0x8b][0xb3][0x86]H[0x89][0x9d]dm[0x1a][0xc4][0xdd]Y$[0xda][0x99]7[0xf3][0x6]&[0xe6][0xb9][0xe4][0xeb][0x4]#[0x98][0xe4][0xd3])YR[0x18][0xd3]][0xf5]>x[0x85][0xc6]Z[0x95][0x10][0x93]s[0xae][0xa7][0x10][0xce][0xd0][0x1]W[0xac]$[0x9c][[0x8c][0xb2][0x96][0xe4]y)[0x93]$[0xc1][0x5]7X7[0x98][0xe]^[0xb8][0xb4][0x9f][0x91]2.(h[0x84]r<t[0xd9]([0xef][0xa8][0x99][0x16][0xca]s[[0xf5]Ak[0xa9][0xa4]o[0xc4][[0xc9]L[0xff][0xf3]&[0xdc]|[0xbe]6[0x16]AU[0x9c][0x0][0x0][0x0][\r][\n]"
<2017-09-26 13:03:26> DEBUG [org.apache.http.wire] http-outgoing-0 << "0[\r][\n]"
<2017-09-26 13:03:26> DEBUG [org.apache.http.wire] http-outgoing-0 << "[\r][\n]"
<2017-09-26 13:03:26> DEBUG [org.apache.http.headers] http-outgoing-0 << HTTP/1.1 200 OK
<2017-09-26 13:03:26> DEBUG [org.apache.http.headers] http-outgoing-0 << Server: nginx
<2017-09-26 13:03:26> DEBUG [org.apache.http.headers] http-outgoing-0 << Date: Tue, 26 Sep 2017 10:03:23 GMT
<2017-09-26 13:03:26> DEBUG [org.apache.http.headers] http-outgoing-0 << Content-Type: application/json;charset=utf-8
<2017-09-26 13:03:26> DEBUG [org.apache.http.headers] http-outgoing-0 << Transfer-Encoding: chunked
<2017-09-26 13:03:26> DEBUG [org.apache.http.headers] http-outgoing-0 << Connection: keep-alive
<2017-09-26 13:03:26> DEBUG [org.apache.http.headers] http-outgoing-0 << Set-Cookie: JSESSIONID=F6E28E4994D1584E597DBDFCCCB1737E; Path=/nexperience/; HttpOnly
<2017-09-26 13:03:26> DEBUG [org.apache.http.headers] http-outgoing-0 << Expires: Thu, 01 Jan 1970 00:00:00 GMT
<2017-09-26 13:03:26> DEBUG [org.apache.http.headers] http-outgoing-0 << Cache-Control: no-cache
<2017-09-26 13:03:26> DEBUG [org.apache.http.headers] http-outgoing-0 << Cache-Control: no-cache
<2017-09-26 13:03:26> DEBUG [org.apache.http.headers] http-outgoing-0 << Expires: Thu, 01 Jan 1970 00:00:00 GMT
<2017-09-26 13:03:26> DEBUG [org.apache.http.headers] http-outgoing-0 << Set-Cookie: fast_failed=true
<2017-09-26 13:03:26> DEBUG [org.apache.http.headers] http-outgoing-0 << X-XSS-Protection: 2; mode=block
<2017-09-26 13:03:26> DEBUG [org.apache.http.headers] http-outgoing-0 << Content-Encoding: gzip
<2017-09-26 13:03:26> DEBUG [o.a.h.i.execchain.MainClientExec] Connection can be kept alive indefinitely
<2017-09-26 13:03:26> DEBUG [o.a.h.c.p.ResponseProcessCookies] Cookie accepted [JSESSIONID="F6E28E4994D1584E597DBDFCCCB1737E", version:0, domain:branchtest.perfectomobile.com, path:/nexperience/, expiry:null]
<2017-09-26 13:03:26> DEBUG [o.a.h.c.p.ResponseProcessCookies] Cookie accepted [fast_failed="true", version:0, domain:branchtest.perfectomobile.com, path:/nexperience/perfectomobile/wd/hub/session/0f3f5f1e-acfb-4373-a011-faaf2224e779, expiry:null]
<2017-09-26 13:03:26> DEBUG [o.a.h.i.c.PoolingHttpClientConnectionManager] Connection [id: 0][route: {s}->https://branchtest.perfectomobile.com:443] can be kept alive indefinitely
<2017-09-26 13:03:26> DEBUG [o.a.h.i.c.PoolingHttpClientConnectionManager] Connection released: [id: 0][route: {s}->https://branchtest.perfectomobile.com:443][total kept alive: 2; route allocated: 5 of 2000; total allocated: 5 of 2000]
<2017-09-26 13:03:26> DEBUG [o.a.h.c.p.RequestAddCookies] CookieSpec selected: default
<2017-09-26 13:03:26> DEBUG [o.a.h.c.p.RequestAddCookies] Cookie [version: 0][name: JSESSIONID][value: F6E28E4994D1584E597DBDFCCCB1737E][domain: branchtest.perfectomobile.com][path: /nexperience/][expiry: null] match [(secure)branchtest.perfectomobile.com:443/nexperience/perfectomobile/wd/hub/session/0f3f5f1e-acfb-4373-a011-faaf2224e779/element]
<2017-09-26 13:03:26> DEBUG [o.a.h.c.p.RequestAddCookies] Cookie [version: 0][name: fast_failed][value: true][domain: branchtest.perfectomobile.com][path: /nexperience/perfectomobile/wd/hub][expiry: null] match [(secure)branchtest.perfectomobile.com:443/nexperience/perfectomobile/wd/hub/session/0f3f5f1e-acfb-4373-a011-faaf2224e779/element]
<2017-09-26 13:03:26> DEBUG [o.a.h.c.p.RequestAddCookies] Cookie [version: 0][name: fast_failed][value: true][domain: branchtest.perfectomobile.com][path: /nexperience/perfectomobile/wd/hub/session/0f3f5f1e-acfb-4373-a011-faaf2224e779][expiry: null] match [(secure)branchtest.perfectomobile.com:443/nexperience/perfectomobile/wd/hub/session/0f3f5f1e-acfb-4373-a011-faaf2224e779/element]
<2017-09-26 13:03:26> DEBUG [o.a.h.c.p.RequestAuthCache] Auth cache not set in the context
<2017-09-26 13:03:26> DEBUG [o.a.h.i.c.PoolingHttpClientConnectionManager] Connection request: [route: {s}->https://branchtest.perfectomobile.com:443][total kept alive: 2; route allocated: 5 of 2000; total allocated: 5 of 2000]
<2017-09-26 13:03:26> DEBUG [o.a.h.i.c.PoolingHttpClientConnectionManager] Connection leased: [id: 0][route: {s}->https://branchtest.perfectomobile.com:443][total kept alive: 1; route allocated: 5 of 2000; total allocated: 5 of 2000]
<2017-09-26 13:03:26> DEBUG [o.a.h.i.execchain.MainClientExec] Stale connection check
<2017-09-26 13:03:26> DEBUG [org.apache.http.wire] http-outgoing-0 << "[read] I/O error: Read timed out"
<2017-09-26 13:03:26> DEBUG [o.a.h.i.c.DefaultManagedHttpClientConnection] http-outgoing-0: set socket timeout to 10800000
<2017-09-26 13:03:26> DEBUG [o.a.h.i.execchain.MainClientExec] Executing request POST /nexperience/perfectomobile/wd/hub/session/0f3f5f1e-acfb-4373-a011-faaf2224e779/element HTTP/1.1
<2017-09-26 13:03:26> DEBUG [o.a.h.i.execchain.MainClientExec] Target auth state: UNCHALLENGED
<2017-09-26 13:03:26> DEBUG [o.a.h.i.execchain.MainClientExec] Proxy auth state: UNCHALLENGED
<2017-09-26 13:03:26> DEBUG [org.apache.http.headers] http-outgoing-0 >> POST /nexperience/perfectomobile/wd/hub/session/0f3f5f1e-acfb-4373-a011-faaf2224e779/element HTTP/1.1
<2017-09-26 13:03:26> DEBUG [org.apache.http.headers] http-outgoing-0 >> Content-Type: application/json; charset=utf-8
<2017-09-26 13:03:26> DEBUG [org.apache.http.headers] http-outgoing-0 >> Content-Length: 54
<2017-09-26 13:03:26> DEBUG [org.apache.http.headers] http-outgoing-0 >> Host: branchtest.perfectomobile.com
<2017-09-26 13:03:26> DEBUG [org.apache.http.headers] http-outgoing-0 >> Connection: Keep-Alive
<2017-09-26 13:03:26> DEBUG [org.apache.http.headers] http-outgoing-0 >> User-Agent: Apache-HttpClient/4.5.2 (Java/1.8.0_121)
<2017-09-26 13:03:26> DEBUG [org.apache.http.headers] http-outgoing-0 >> Cookie: JSESSIONID=F6E28E4994D1584E597DBDFCCCB1737E; fast_failed=true; fast_failed=true
<2017-09-26 13:03:26> DEBUG [org.apache.http.headers] http-outgoing-0 >> Accept-Encoding: gzip,deflate
<2017-09-26 13:03:26> DEBUG [org.apache.http.wire] http-outgoing-0 >> "POST /nexperience/perfectomobile/wd/hub/session/0f3f5f1e-acfb-4373-a011-faaf2224e779/element HTTP/1.1[\r][\n]"
<2017-09-26 13:03:26> DEBUG [org.apache.http.wire] http-outgoing-0 >> "Content-Type: application/json; charset=utf-8[\r][\n]"
<2017-09-26 13:03:26> DEBUG [org.apache.http.wire] http-outgoing-0 >> "Content-Length: 54[\r][\n]"
<2017-09-26 13:03:26> DEBUG [org.apache.http.wire] http-outgoing-0 >> "Host: branchtest.perfectomobile.com[\r][\n]"
<2017-09-26 13:03:26> DEBUG [org.apache.http.wire] http-outgoing-0 >> "Connection: Keep-Alive[\r][\n]"
<2017-09-26 13:03:26> DEBUG [org.apache.http.wire] http-outgoing-0 >> "User-Agent: Apache-HttpClient/4.5.2 (Java/1.8.0_121)[\r][\n]"
<2017-09-26 13:03:26> DEBUG [org.apache.http.wire] http-outgoing-0 >> "Cookie: JSESSIONID=F6E28E4994D1584E597DBDFCCCB1737E; fast_failed=true; fast_failed=true[\r][\n]"
<2017-09-26 13:03:26> DEBUG [org.apache.http.wire] http-outgoing-0 >> "Accept-Encoding: gzip,deflate[\r][\n]"
<2017-09-26 13:03:26> DEBUG [org.apache.http.wire] http-outgoing-0 >> "[\r][\n]"
<2017-09-26 13:03:26> DEBUG [org.apache.http.wire] http-outgoing-0 >> "{"using":"xpath","value":"(//*[@name='username'])[2]"}"
<2017-09-26 13:03:27> DEBUG [org.apache.http.wire] http-outgoing-0 << "HTTP/1.1 200 OK[\r][\n]"
<2017-09-26 13:03:27> DEBUG [org.apache.http.wire] http-outgoing-0 << "Server: nginx[\r][\n]"
<2017-09-26 13:03:27> DEBUG [org.apache.http.wire] http-outgoing-0 << "Date: Tue, 26 Sep 2017 10:03:23 GMT[\r][\n]"
<2017-09-26 13:03:27> DEBUG [org.apache.http.wire] http-outgoing-0 << "Content-Type: application/json;charset=utf-8[\r][\n]"
<2017-09-26 13:03:27> DEBUG [org.apache.http.wire] http-outgoing-0 << "Transfer-Encoding: chunked[\r][\n]"
<2017-09-26 13:03:27> DEBUG [org.apache.http.wire] http-outgoing-0 << "Connection: keep-alive[\r][\n]"
<2017-09-26 13:03:27> DEBUG [org.apache.http.wire] http-outgoing-0 << "Set-Cookie: JSESSIONID=F6E28E4994D1584E597DBDFCCCB1737E; Path=/nexperience/; HttpOnly[\r][\n]"
<2017-09-26 13:03:27> DEBUG [org.apache.http.wire] http-outgoing-0 << "Expires: Thu, 01 Jan 1970 00:00:00 GMT[\r][\n]"
<2017-09-26 13:03:27> DEBUG [org.apache.http.wire] http-outgoing-0 << "Cache-Control: no-cache[\r][\n]"
<2017-09-26 13:03:27> DEBUG [org.apache.http.wire] http-outgoing-0 << "Cache-Control: no-cache[\r][\n]"
<2017-09-26 13:03:27> DEBUG [org.apache.http.wire] http-outgoing-0 << "Expires: Thu, 01 Jan 1970 00:00:00 GMT[\r][\n]"
<2017-09-26 13:03:27> DEBUG [org.apache.http.wire] http-outgoing-0 << "Set-Cookie: fast_failed=true[\r][\n]"
<2017-09-26 13:03:27> DEBUG [org.apache.http.wire] http-outgoing-0 << "X-XSS-Protection: 2; mode=block[\r][\n]"
<2017-09-26 13:03:27> DEBUG [org.apache.http.wire] http-outgoing-0 << "Content-Encoding: gzip[\r][\n]"
<2017-09-26 13:03:27> DEBUG [org.apache.http.wire] http-outgoing-0 << "[\r][\n]"
<2017-09-26 13:03:27> DEBUG [org.apache.http.wire] http-outgoing-0 << "9f[\r][\n]"
<2017-09-26 13:03:27> DEBUG [org.apache.http.wire] http-outgoing-0 << "[0x1f][0x8b][0x8][0x0][0x0][0x0][0x0][0x0][0x0][0x3]-[0x8d]A[0xe][0x82]0[0x10][0x0][0xff][0xb2]g[0xda][0xb4][0x14]-z5[0x1c]L[0xd4][0x83][0xf1][0x3]k[0xd9]*[0x9]Pd[0xa9][0x17][0xc2][0xdf][0xdd][0x83][0xd7][0xc9]Lf[0x5]&[0xe6].[0x8d][0xe7][0x16][0x8e]`[0xa2][0x8b][0xbb]hIa[0x88]OU9[0xef][0x14][0x1a]kUD[0x8c]eYV[0xe4][0xfd][0x1][\n]"
<2017-09-26 13:03:27> DEBUG [org.apache.http.wire] http-outgoing-0 << "[0xe0][0x5][0x17][0x12][0x9d]s[0x8]R[0xb]y[0x9f]R+[0xc4][0xd7][0x95]3[0xb5][0xdf][0x17][0xf0][0xc5]>[0xb]X[0xa1][0xb9]4[0xd7][0xe6][0xf6][0x10][0xdb][0xc2]V@[0xe8]Q[0x82]#[0xa4][0xf9][0xa5][0xd3]D[0xe3][0x7]5SOc[0x97][0x7]=[0xd3][0x90][0x16][0xd2]w[0xe2])[0x8d]L[0xff]Q[0x16][0xdd]l?W[0xac][0xb6][0x1c][0xa8][0x0][0x0][0x0][\r][\n]"
<2017-09-26 13:03:27> DEBUG [org.apache.http.wire] http-outgoing-0 << "0[\r][\n]"
<2017-09-26 13:03:27> DEBUG [org.apache.http.wire] http-outgoing-0 << "[\r][\n]"
<2017-09-26 13:03:27> DEBUG [org.apache.http.headers] http-outgoing-0 << HTTP/1.1 200 OK
<2017-09-26 13:03:27> DEBUG [org.apache.http.headers] http-outgoing-0 << Server: nginx
<2017-09-26 13:03:27> DEBUG [org.apache.http.headers] http-outgoing-0 << Date: Tue, 26 Sep 2017 10:03:23 GMT
<2017-09-26 13:03:27> DEBUG [org.apache.http.headers] http-outgoing-0 << Content-Type: application/json;charset=utf-8
<2017-09-26 13:03:27> DEBUG [org.apache.http.headers] http-outgoing-0 << Transfer-Encoding: chunked
<2017-09-26 13:03:27> DEBUG [org.apache.http.headers] http-outgoing-0 << Connection: keep-alive
<2017-09-26 13:03:27> DEBUG [org.apache.http.headers] http-outgoing-0 << Set-Cookie: JSESSIONID=F6E28E4994D1584E597DBDFCCCB1737E; Path=/nexperience/; HttpOnly
<2017-09-26 13:03:27> DEBUG [org.apache.http.headers] http-outgoing-0 << Expires: Thu, 01 Jan 1970 00:00:00 GMT
<2017-09-26 13:03:27> DEBUG [org.apache.http.headers] http-outgoing-0 << Cache-Control: no-cache
<2017-09-26 13:03:27> DEBUG [org.apache.http.headers] http-outgoing-0 << Cache-Control: no-cache
<2017-09-26 13:03:27> DEBUG [org.apache.http.headers] http-outgoing-0 << Expires: Thu, 01 Jan 1970 00:00:00 GMT
<2017-09-26 13:03:27> DEBUG [org.apache.http.headers] http-outgoing-0 << Set-Cookie: fast_failed=true
<2017-09-26 13:03:27> DEBUG [org.apache.http.headers] http-outgoing-0 << X-XSS-Protection: 2; mode=block
<2017-09-26 13:03:27> DEBUG [org.apache.http.headers] http-outgoing-0 << Content-Encoding: gzip
<2017-09-26 13:03:27> DEBUG [o.a.h.i.execchain.MainClientExec] Connection can be kept alive indefinitely
<2017-09-26 13:03:27> DEBUG [o.a.h.c.p.ResponseProcessCookies] Cookie accepted [JSESSIONID="F6E28E4994D1584E597DBDFCCCB1737E", version:0, domain:branchtest.perfectomobile.com, path:/nexperience/, expiry:null]
<2017-09-26 13:03:27> DEBUG [o.a.h.c.p.ResponseProcessCookies] Cookie accepted [fast_failed="true", version:0, domain:branchtest.perfectomobile.com, path:/nexperience/perfectomobile/wd/hub/session/0f3f5f1e-acfb-4373-a011-faaf2224e779, expiry:null]
<2017-09-26 13:03:27> DEBUG [o.a.h.i.c.PoolingHttpClientConnectionManager] Connection [id: 0][route: {s}->https://branchtest.perfectomobile.com:443] can be kept alive indefinitely
<2017-09-26 13:03:27> DEBUG [o.a.h.i.c.PoolingHttpClientConnectionManager] Connection released: [id: 0][route: {s}->https://branchtest.perfectomobile.com:443][total kept alive: 2; route allocated: 5 of 2000; total allocated: 5 of 2000]
<2017-09-26 13:03:27> DEBUG [o.a.h.c.p.RequestAddCookies] CookieSpec selected: default
<2017-09-26 13:03:27> DEBUG [o.a.h.c.p.RequestAddCookies] Cookie [version: 0][name: JSESSIONID][value: F6E28E4994D1584E597DBDFCCCB1737E][domain: branchtest.perfectomobile.com][path: /nexperience/][expiry: null] match [(secure)branchtest.perfectomobile.com:443/nexperience/perfectomobile/wd/hub/session/0f3f5f1e-acfb-4373-a011-faaf2224e779/element/1/value]
<2017-09-26 13:03:27> DEBUG [o.a.h.c.p.RequestAddCookies] Cookie [version: 0][name: fast_failed][value: true][domain: branchtest.perfectomobile.com][path: /nexperience/perfectomobile/wd/hub][expiry: null] match [(secure)branchtest.perfectomobile.com:443/nexperience/perfectomobile/wd/hub/session/0f3f5f1e-acfb-4373-a011-faaf2224e779/element/1/value]
<2017-09-26 13:03:27> DEBUG [o.a.h.c.p.RequestAddCookies] Cookie [version: 0][name: fast_failed][value: true][domain: branchtest.perfectomobile.com][path: /nexperience/perfectomobile/wd/hub/session/0f3f5f1e-acfb-4373-a011-faaf2224e779][expiry: null] match [(secure)branchtest.perfectomobile.com:443/nexperience/perfectomobile/wd/hub/session/0f3f5f1e-acfb-4373-a011-faaf2224e779/element/1/value]
<2017-09-26 13:03:27> DEBUG [o.a.h.c.p.RequestAuthCache] Auth cache not set in the context
<2017-09-26 13:03:27> DEBUG [o.a.h.i.c.PoolingHttpClientConnectionManager] Connection request: [route: {s}->https://branchtest.perfectomobile.com:443][total kept alive: 2; route allocated: 5 of 2000; total allocated: 5 of 2000]
<2017-09-26 13:03:27> DEBUG [o.a.h.i.c.PoolingHttpClientConnectionManager] Connection leased: [id: 0][route: {s}->https://branchtest.perfectomobile.com:443][total kept alive: 1; route allocated: 5 of 2000; total allocated: 5 of 2000]
<2017-09-26 13:03:27> DEBUG [o.a.h.i.execchain.MainClientExec] Stale connection check
<2017-09-26 13:03:27> DEBUG [org.apache.http.wire] http-outgoing-0 << "[read] I/O error: Read timed out"
<2017-09-26 13:03:27> DEBUG [o.a.h.i.c.DefaultManagedHttpClientConnection] http-outgoing-0: set socket timeout to 10800000
<2017-09-26 13:03:27> DEBUG [o.a.h.i.execchain.MainClientExec] Executing request POST /nexperience/perfectomobile/wd/hub/session/0f3f5f1e-acfb-4373-a011-faaf2224e779/element/1/value HTTP/1.1
<2017-09-26 13:03:27> DEBUG [o.a.h.i.execchain.MainClientExec] Target auth state: UNCHALLENGED
<2017-09-26 13:03:27> DEBUG [o.a.h.i.execchain.MainClientExec] Proxy auth state: UNCHALLENGED
<2017-09-26 13:03:27> DEBUG [org.apache.http.headers] http-outgoing-0 >> POST /nexperience/perfectomobile/wd/hub/session/0f3f5f1e-acfb-4373-a011-faaf2224e779/element/1/value HTTP/1.1
<2017-09-26 13:03:27> DEBUG [org.apache.http.headers] http-outgoing-0 >> Content-Type: application/json; charset=utf-8
<2017-09-26 13:03:27> DEBUG [org.apache.http.headers] http-outgoing-0 >> Content-Length: 28
<2017-09-26 13:03:27> DEBUG [org.apache.http.headers] http-outgoing-0 >> Host: branchtest.perfectomobile.com
<2017-09-26 13:03:27> DEBUG [org.apache.http.headers] http-outgoing-0 >> Connection: Keep-Alive
<2017-09-26 13:03:27> DEBUG [org.apache.http.headers] http-outgoing-0 >> User-Agent: Apache-HttpClient/4.5.2 (Java/1.8.0_121)
<2017-09-26 13:03:27> DEBUG [org.apache.http.headers] http-outgoing-0 >> Cookie: JSESSIONID=F6E28E4994D1584E597DBDFCCCB1737E; fast_failed=true; fast_failed=true
<2017-09-26 13:03:27> DEBUG [org.apache.http.headers] http-outgoing-0 >> Accept-Encoding: gzip,deflate
<2017-09-26 13:03:27> DEBUG [org.apache.http.wire] http-outgoing-0 >> "POST /nexperience/perfectomobile/wd/hub/session/0f3f5f1e-acfb-4373-a011-faaf2224e779/element/1/value HTTP/1.1[\r][\n]"
<2017-09-26 13:03:27> DEBUG [org.apache.http.wire] http-outgoing-0 >> "Content-Type: application/json; charset=utf-8[\r][\n]"
<2017-09-26 13:03:27> DEBUG [org.apache.http.wire] http-outgoing-0 >> "Content-Length: 28[\r][\n]"
<2017-09-26 13:03:27> DEBUG [org.apache.http.wire] http-outgoing-0 >> "Host: branchtest.perfectomobile.com[\r][\n]"
<2017-09-26 13:03:27> DEBUG [org.apache.http.wire] http-outgoing-0 >> "Connection: Keep-Alive[\r][\n]"
<2017-09-26 13:03:27> DEBUG [org.apache.http.wire] http-outgoing-0 >> "User-Agent: Apache-HttpClient/4.5.2 (Java/1.8.0_121)[\r][\n]"
<2017-09-26 13:03:27> DEBUG [org.apache.http.wire] http-outgoing-0 >> "Cookie: JSESSIONID=F6E28E4994D1584E597DBDFCCCB1737E; fast_failed=true; fast_failed=true[\r][\n]"
<2017-09-26 13:03:27> DEBUG [org.apache.http.wire] http-outgoing-0 >> "Accept-Encoding: gzip,deflate[\r][\n]"
<2017-09-26 13:03:27> DEBUG [org.apache.http.wire] http-outgoing-0 >> "[\r][\n]"
<2017-09-26 13:03:27> DEBUG [org.apache.http.wire] http-outgoing-0 >> "{"id":"1","value":["liron"]}"
<2017-09-26 13:03:28> DEBUG [org.apache.http.wire] http-outgoing-0 << "HTTP/1.1 200 OK[\r][\n]"
<2017-09-26 13:03:28> DEBUG [org.apache.http.wire] http-outgoing-0 << "Server: nginx[\r][\n]"
<2017-09-26 13:03:28> DEBUG [org.apache.http.wire] http-outgoing-0 << "Date: Tue, 26 Sep 2017 10:03:24 GMT[\r][\n]"
<2017-09-26 13:03:28> DEBUG [org.apache.http.wire] http-outgoing-0 << "Content-Type: application/json;charset=utf-8[\r][\n]"
<2017-09-26 13:03:28> DEBUG [org.apache.http.wire] http-outgoing-0 << "Transfer-Encoding: chunked[\r][\n]"
<2017-09-26 13:03:28> DEBUG [org.apache.http.wire] http-outgoing-0 << "Connection: keep-alive[\r][\n]"
<2017-09-26 13:03:28> DEBUG [org.apache.http.wire] http-outgoing-0 << "Set-Cookie: JSESSIONID=F6E28E4994D1584E597DBDFCCCB1737E; Path=/nexperience/; HttpOnly[\r][\n]"
<2017-09-26 13:03:28> DEBUG [org.apache.http.wire] http-outgoing-0 << "Expires: Thu, 01 Jan 1970 00:00:00 GMT[\r][\n]"
<2017-09-26 13:03:28> DEBUG [org.apache.http.wire] http-outgoing-0 << "Cache-Control: no-cache[\r][\n]"
<2017-09-26 13:03:28> DEBUG [org.apache.http.wire] http-outgoing-0 << "Cache-Control: no-cache[\r][\n]"
<2017-09-26 13:03:28> DEBUG [org.apache.http.wire] http-outgoing-0 << "Expires: Thu, 01 Jan 1970 00:00:00 GMT[\r][\n]"
<2017-09-26 13:03:28> DEBUG [org.apache.http.wire] http-outgoing-0 << "Set-Cookie: fast_failed=true[\r][\n]"
<2017-09-26 13:03:28> DEBUG [org.apache.http.wire] http-outgoing-0 << "X-XSS-Protection: 2; mode=block[\r][\n]"
<2017-09-26 13:03:28> DEBUG [org.apache.http.wire] http-outgoing-0 << "Content-Encoding: gzip[\r][\n]"
<2017-09-26 13:03:28> DEBUG [org.apache.http.wire] http-outgoing-0 << "[\r][\n]"
<2017-09-26 13:03:28> DEBUG [org.apache.http.wire] http-outgoing-0 << "95[\r][\n]"
<2017-09-26 13:03:28> DEBUG [org.apache.http.wire] http-outgoing-0 << "[0x1f][0x8b][0x8][0x0][0x0][0x0][0x0][0x0][0x0][0x3]-[0xcc]1[0x12][0xc2] [0x10][0x85][0xe1][0xbb]l[\r]L ![0x8c]i[0xad]l[0xbd][0xc1]J[0x16][0xcd][0xc][0x81]$[0x1b]l[0x1c][0xef][0xee][0x16][0xb6][0xff]|[0xef]}[0x80][0x89]y[0xa9][0xe5]6[0xc3][0x4]][0xea][0x93]O[0x96]4[0xc6][0xf4][0xd0]C[0x1f]z[0x8d][0x9d][0xb5]:!&[0xe7][0xdc]@!\@[0x1][0x9f]x[0x92]pn1[0xca]Z[0xca][0xeb]Zg)[0xce][0x8d][0xc1][0x8e][0xde]y[0x5]o[0xcc]MJi9+[0x88][0x19][0x85]MP[0x8f][0xa7][0xa9][0x1b][0x95][0x1d][\r]S[0xa6][0xb2][0xb4][0xd5][0x1c][0xb4][0xd6][0x93][0xcc][0x9d]x[0xab][0x85][0xe9]]]>&#x7f;<![CDATA[[0xdf][0x84]w[0xdf][0x1f][0xe][0x1]~D[0x9e][0x0][0x0][0x0][\r][\n]"
<2017-09-26 13:03:28> DEBUG [org.apache.http.wire] http-outgoing-0 << "0[\r][\n]"
<2017-09-26 13:03:28> DEBUG [org.apache.http.wire] http-outgoing-0 << "[\r][\n]"
<2017-09-26 13:03:28> DEBUG [org.apache.http.headers] http-outgoing-0 << HTTP/1.1 200 OK
<2017-09-26 13:03:28> DEBUG [org.apache.http.headers] http-outgoing-0 << Server: nginx
<2017-09-26 13:03:28> DEBUG [org.apache.http.headers] http-outgoing-0 << Date: Tue, 26 Sep 2017 10:03:24 GMT
<2017-09-26 13:03:28> DEBUG [org.apache.http.headers] http-outgoing-0 << Content-Type: application/json;charset=utf-8
<2017-09-26 13:03:28> DEBUG [org.apache.http.headers] http-outgoing-0 << Transfer-Encoding: chunked
<2017-09-26 13:03:28> DEBUG [org.apache.http.headers] http-outgoing-0 << Connection: keep-alive
<2017-09-26 13:03:28> DEBUG [org.apache.http.headers] http-outgoing-0 << Set-Cookie: JSESSIONID=F6E28E4994D1584E597DBDFCCCB1737E; Path=/nexperience/; HttpOnly
<2017-09-26 13:03:28> DEBUG [org.apache.http.headers] http-outgoing-0 << Expires: Thu, 01 Jan 1970 00:00:00 GMT
<2017-09-26 13:03:28> DEBUG [org.apache.http.headers] http-outgoing-0 << Cache-Control: no-cache
<2017-09-26 13:03:28> DEBUG [org.apache.http.headers] http-outgoing-0 << Cache-Control: no-cache
<2017-09-26 13:03:28> DEBUG [org.apache.http.headers] http-outgoing-0 << Expires: Thu, 01 Jan 1970 00:00:00 GMT
<2017-09-26 13:03:28> DEBUG [org.apache.http.headers] http-outgoing-0 << Set-Cookie: fast_failed=true
<2017-09-26 13:03:28> DEBUG [org.apache.http.headers] http-outgoing-0 << X-XSS-Protection: 2; mode=block
<2017-09-26 13:03:28> DEBUG [org.apache.http.headers] http-outgoing-0 << Content-Encoding: gzip
<2017-09-26 13:03:28> DEBUG [o.a.h.i.execchain.MainClientExec] Connection can be kept alive indefinitely
<2017-09-26 13:03:28> DEBUG [o.a.h.c.p.ResponseProcessCookies] Cookie accepted [JSESSIONID="F6E28E4994D1584E597DBDFCCCB1737E", version:0, domain:branchtest.perfectomobile.com, path:/nexperience/, expiry:null]
<2017-09-26 13:03:28> DEBUG [o.a.h.c.p.ResponseProcessCookies] Cookie accepted [fast_failed="true", version:0, domain:branchtest.perfectomobile.com, path:/nexperience/perfectomobile/wd/hub/session/0f3f5f1e-acfb-4373-a011-faaf2224e779/element/1, expiry:null]
<2017-09-26 13:03:28> DEBUG [o.a.h.i.c.PoolingHttpClientConnectionManager] Connection [id: 0][route: {s}->https://branchtest.perfectomobile.com:443] can be kept alive indefinitely
<2017-09-26 13:03:28> DEBUG [o.a.h.i.c.PoolingHttpClientConnectionManager] Connection released: [id: 0][route: {s}->https://branchtest.perfectomobile.com:443][total kept alive: 2; route allocated: 5 of 2000; total allocated: 5 of 2000]
<2017-09-26 13:03:28> DEBUG [o.a.h.c.p.RequestAddCookies] CookieSpec selected: default
<2017-09-26 13:03:28> DEBUG [o.a.h.c.p.RequestAddCookies] Cookie [version: 0][name: JSESSIONID][value: F6E28E4994D1584E597DBDFCCCB1737E][domain: branchtest.perfectomobile.com][path: /nexperience/][expiry: null] match [(secure)branchtest.perfectomobile.com:443/nexperience/perfectomobile/wd/hub/session/0f3f5f1e-acfb-4373-a011-faaf2224e779/element]
<2017-09-26 13:03:28> DEBUG [o.a.h.c.p.RequestAddCookies] Cookie [version: 0][name: fast_failed][value: true][domain: branchtest.perfectomobile.com][path: /nexperience/perfectomobile/wd/hub][expiry: null] match [(secure)branchtest.perfectomobile.com:443/nexperience/perfectomobile/wd/hub/session/0f3f5f1e-acfb-4373-a011-faaf2224e779/element]
<2017-09-26 13:03:28> DEBUG [o.a.h.c.p.RequestAddCookies] Cookie [version: 0][name: fast_failed][value: true][domain: branchtest.perfectomobile.com][path: /nexperience/perfectomobile/wd/hub/session/0f3f5f1e-acfb-4373-a011-faaf2224e779][expiry: null] match [(secure)branchtest.perfectomobile.com:443/nexperience/perfectomobile/wd/hub/session/0f3f5f1e-acfb-4373-a011-faaf2224e779/element]
<2017-09-26 13:03:28> DEBUG [o.a.h.c.p.RequestAuthCache] Auth cache not set in the context
<2017-09-26 13:03:28> DEBUG [o.a.h.i.c.PoolingHttpClientConnectionManager] Connection request: [route: {s}->https://branchtest.perfectomobile.com:443][total kept alive: 2; route allocated: 5 of 2000; total allocated: 5 of 2000]
<2017-09-26 13:03:28> DEBUG [o.a.h.i.c.PoolingHttpClientConnectionManager] Connection leased: [id: 0][route: {s}->https://branchtest.perfectomobile.com:443][total kept alive: 1; route allocated: 5 of 2000; total allocated: 5 of 2000]
<2017-09-26 13:03:28> DEBUG [o.a.h.i.execchain.MainClientExec] Stale connection check
<2017-09-26 13:03:28> DEBUG [org.apache.http.wire] http-outgoing-0 << "[read] I/O error: Read timed out"
<2017-09-26 13:03:28> DEBUG [o.a.h.i.c.DefaultManagedHttpClientConnection] http-outgoing-0: set socket timeout to 10800000
<2017-09-26 13:03:28> DEBUG [o.a.h.i.execchain.MainClientExec] Executing request POST /nexperience/perfectomobile/wd/hub/session/0f3f5f1e-acfb-4373-a011-faaf2224e779/element HTTP/1.1
<2017-09-26 13:03:28> DEBUG [o.a.h.i.execchain.MainClientExec] Target auth state: UNCHALLENGED
<2017-09-26 13:03:28> DEBUG [o.a.h.i.execchain.MainClientExec] Proxy auth state: UNCHALLENGED
<2017-09-26 13:03:28> DEBUG [org.apache.http.headers] http-outgoing-0 >> POST /nexperience/perfectomobile/wd/hub/session/0f3f5f1e-acfb-4373-a011-faaf2224e779/element HTTP/1.1
<2017-09-26 13:03:28> DEBUG [org.apache.http.headers] http-outgoing-0 >> Content-Type: application/json; charset=utf-8
<2017-09-26 13:03:28> DEBUG [org.apache.http.headers] http-outgoing-0 >> Content-Length: 54
<2017-09-26 13:03:28> DEBUG [org.apache.http.headers] http-outgoing-0 >> Host: branchtest.perfectomobile.com
<2017-09-26 13:03:28> DEBUG [org.apache.http.headers] http-outgoing-0 >> Connection: Keep-Alive
<2017-09-26 13:03:28> DEBUG [org.apache.http.headers] http-outgoing-0 >> User-Agent: Apache-HttpClient/4.5.2 (Java/1.8.0_121)
<2017-09-26 13:03:28> DEBUG [org.apache.http.headers] http-outgoing-0 >> Cookie: JSESSIONID=F6E28E4994D1584E597DBDFCCCB1737E; fast_failed=true; fast_failed=true
<2017-09-26 13:03:28> DEBUG [org.apache.http.headers] http-outgoing-0 >> Accept-Encoding: gzip,deflate
<2017-09-26 13:03:28> DEBUG [org.apache.http.wire] http-outgoing-0 >> "POST /nexperience/perfectomobile/wd/hub/session/0f3f5f1e-acfb-4373-a011-faaf2224e779/element HTTP/1.1[\r][\n]"
<2017-09-26 13:03:28> DEBUG [org.apache.http.wire] http-outgoing-0 >> "Content-Type: application/json; charset=utf-8[\r][\n]"
<2017-09-26 13:03:28> DEBUG [org.apache.http.wire] http-outgoing-0 >> "Content-Length: 54[\r][\n]"
<2017-09-26 13:03:28> DEBUG [org.apache.http.wire] http-outgoing-0 >> "Host: branchtest.perfectomobile.com[\r][\n]"
<2017-09-26 13:03:28> DEBUG [org.apache.http.wire] http-outgoing-0 >> "Connection: Keep-Alive[\r][\n]"
<2017-09-26 13:03:28> DEBUG [org.apache.http.wire] http-outgoing-0 >> "User-Agent: Apache-HttpClient/4.5.2 (Java/1.8.0_121)[\r][\n]"
<2017-09-26 13:03:28> DEBUG [org.apache.http.wire] http-outgoing-0 >> "Cookie: JSESSIONID=F6E28E4994D1584E597DBDFCCCB1737E; fast_failed=true; fast_failed=true[\r][\n]"
<2017-09-26 13:03:28> DEBUG [org.apache.http.wire] http-outgoing-0 >> "Accept-Encoding: gzip,deflate[\r][\n]"
<2017-09-26 13:03:28> DEBUG [org.apache.http.wire] http-outgoing-0 >> "[\r][\n]"
<2017-09-26 13:03:28> DEBUG [org.apache.http.wire] http-outgoing-0 >> "{"using":"xpath","value":"(//*[@name='password'])[2]"}"
<2017-09-26 13:03:28> DEBUG [org.apache.http.wire] http-outgoing-0 << "HTTP/1.1 200 OK[\r][\n]"
<2017-09-26 13:03:28> DEBUG [org.apache.http.wire] http-outgoing-0 << "Server: nginx[\r][\n]"
<2017-09-26 13:03:28> DEBUG [org.apache.http.wire] http-outgoing-0 << "Date: Tue, 26 Sep 2017 10:03:24 GMT[\r][\n]"
<2017-09-26 13:03:28> DEBUG [org.apache.http.wire] http-outgoing-0 << "Content-Type: application/json;charset=utf-8[\r][\n]"
<2017-09-26 13:03:28> DEBUG [org.apache.http.wire] http-outgoing-0 << "Transfer-Encoding: chunked[\r][\n]"
<2017-09-26 13:03:28> DEBUG [org.apache.http.wire] http-outgoing-0 << "Connection: keep-alive[\r][\n]"
<2017-09-26 13:03:28> DEBUG [org.apache.http.wire] http-outgoing-0 << "Set-Cookie: JSESSIONID=F6E28E4994D1584E597DBDFCCCB1737E; Path=/nexperience/; HttpOnly[\r][\n]"
<2017-09-26 13:03:28> DEBUG [org.apache.http.wire] http-outgoing-0 << "Expires: Thu, 01 Jan 1970 00:00:00 GMT[\r][\n]"
<2017-09-26 13:03:28> DEBUG [org.apache.http.wire] http-outgoing-0 << "Cache-Control: no-cache[\r][\n]"
<2017-09-26 13:03:28> DEBUG [org.apache.http.wire] http-outgoing-0 << "Cache-Control: no-cache[\r][\n]"
<2017-09-26 13:03:28> DEBUG [org.apache.http.wire] http-outgoing-0 << "Expires: Thu, 01 Jan 1970 00:00:00 GMT[\r][\n]"
<2017-09-26 13:03:28> DEBUG [org.apache.http.wire] http-outgoing-0 << "Set-Cookie: fast_failed=true[\r][\n]"
<2017-09-26 13:03:28> DEBUG [org.apache.http.wire] http-outgoing-0 << "X-XSS-Protection: 2; mode=block[\r][\n]"
<2017-09-26 13:03:28> DEBUG [org.apache.http.wire] http-outgoing-0 << "Content-Encoding: gzip[\r][\n]"
<2017-09-26 13:03:28> DEBUG [org.apache.http.wire] http-outgoing-0 << "[\r][\n]"
<2017-09-26 13:03:28> DEBUG [org.apache.http.wire] http-outgoing-0 << "a0[\r][\n]"
<2017-09-26 13:03:28> DEBUG [org.apache.http.wire] http-outgoing-0 << "[0x1f][0x8b][0x8][0x0][0x0][0x0][0x0][0x0][0x0][0x3]-[0x8d]A[0xe][0x82]0[0x10][0x0][0xff][0xb2]g[0xda][0xb4][0xa5][0xa4][0xc8][0xd5]p0Q[0xf][0xc6][0xf][0xac]e[0xab]&[0xd0]"K[0xbd][0x10][0xfe]n[0xf]^'3[0x99][\r][0x98][0x98][0xdf])[0x9e][0x6][0xe8]@[0x85]:4A[0x93]@[0x1f][0x1e][0xc2][0xd6][0xae][0x16][0xa8][0xb4][0x16][0x1]1[0x18]c,9w[0x80][\n]"
<2017-09-26 13:03:28> DEBUG [org.apache.http.wire] http-outgoing-0 << "x[0xc5][0x95][0x8a][0xce][0xd9][0xfb]R[0x17][0xf2]:[0xa6][0xa1][0x10][0xd7]*[0xab][g[0x9b][\n]"
<2017-09-26 13:03:28> DEBUG [org.apache.http.wire] http-outgoing-0 << "[0xbe]8[0xe6]B6[0xe8][0xcf][0xfd][0xa5][0xbf][0xde][0x8b]n`[0xaf][0xc0][0x8f]X[0x8a][0xe][0xd2][0xf2][0x94]i[0xa6][0xf8]A[0xc9]4R|[0xe7]I.4[0xa5][0x95][0xe4][0x8d]xN[0x91][0xe9]]]>&#x7f;<![CDATA[[0xca]EW[0xfb][0xf]#[0x82][0x15][0x82][0xa9][0x0][0x0][0x0][\r][\n]"
<2017-09-26 13:03:28> DEBUG [org.apache.http.wire] http-outgoing-0 << "0[\r][\n]"
<2017-09-26 13:03:28> DEBUG [org.apache.http.wire] http-outgoing-0 << "[\r][\n]"
<2017-09-26 13:03:28> DEBUG [org.apache.http.headers] http-outgoing-0 << HTTP/1.1 200 OK
<2017-09-26 13:03:28> DEBUG [org.apache.http.headers] http-outgoing-0 << Server: nginx
<2017-09-26 13:03:28> DEBUG [org.apache.http.headers] http-outgoing-0 << Date: Tue, 26 Sep 2017 10:03:24 GMT
<2017-09-26 13:03:28> DEBUG [org.apache.http.headers] http-outgoing-0 << Content-Type: application/json;charset=utf-8
<2017-09-26 13:03:28> DEBUG [org.apache.http.headers] http-outgoing-0 << Transfer-Encoding: chunked
<2017-09-26 13:03:28> DEBUG [org.apache.http.headers] http-outgoing-0 << Connection: keep-alive
<2017-09-26 13:03:28> DEBUG [org.apache.http.headers] http-outgoing-0 << Set-Cookie: JSESSIONID=F6E28E4994D1584E597DBDFCCCB1737E; Path=/nexperience/; HttpOnly
<2017-09-26 13:03:28> DEBUG [org.apache.http.headers] http-outgoing-0 << Expires: Thu, 01 Jan 1970 00:00:00 GMT
<2017-09-26 13:03:28> DEBUG [org.apache.http.headers] http-outgoing-0 << Cache-Control: no-cache
<2017-09-26 13:03:28> DEBUG [org.apache.http.headers] http-outgoing-0 << Cache-Control: no-cache
<2017-09-26 13:03:28> DEBUG [org.apache.http.headers] http-outgoing-0 << Expires: Thu, 01 Jan 1970 00:00:00 GMT
<2017-09-26 13:03:28> DEBUG [org.apache.http.headers] http-outgoing-0 << Set-Cookie: fast_failed=true
<2017-09-26 13:03:28> DEBUG [org.apache.http.headers] http-outgoing-0 << X-XSS-Protection: 2; mode=block
<2017-09-26 13:03:28> DEBUG [org.apache.http.headers] http-outgoing-0 << Content-Encoding: gzip
<2017-09-26 13:03:28> DEBUG [o.a.h.i.execchain.MainClientExec] Connection can be kept alive indefinitely
<2017-09-26 13:03:28> DEBUG [o.a.h.c.p.ResponseProcessCookies] Cookie accepted [JSESSIONID="F6E28E4994D1584E597DBDFCCCB1737E", version:0, domain:branchtest.perfectomobile.com, path:/nexperience/, expiry:null]
<2017-09-26 13:03:28> DEBUG [o.a.h.c.p.ResponseProcessCookies] Cookie accepted [fast_failed="true", version:0, domain:branchtest.perfectomobile.com, path:/nexperience/perfectomobile/wd/hub/session/0f3f5f1e-acfb-4373-a011-faaf2224e779, expiry:null]
<2017-09-26 13:03:28> DEBUG [o.a.h.i.c.PoolingHttpClientConnectionManager] Connection [id: 0][route: {s}->https://branchtest.perfectomobile.com:443] can be kept alive indefinitely
<2017-09-26 13:03:28> DEBUG [o.a.h.i.c.PoolingHttpClientConnectionManager] Connection released: [id: 0][route: {s}->https://branchtest.perfectomobile.com:443][total kept alive: 2; route allocated: 5 of 2000; total allocated: 5 of 2000]
<2017-09-26 13:03:28> DEBUG [o.a.h.c.p.RequestAddCookies] CookieSpec selected: default
<2017-09-26 13:03:28> DEBUG [o.a.h.c.p.RequestAddCookies] Cookie [version: 0][name: JSESSIONID][value: F6E28E4994D1584E597DBDFCCCB1737E][domain: branchtest.perfectomobile.com][path: /nexperience/][expiry: null] match [(secure)branchtest.perfectomobile.com:443/nexperience/perfectomobile/wd/hub/session/0f3f5f1e-acfb-4373-a011-faaf2224e779/element/2/value]
<2017-09-26 13:03:28> DEBUG [o.a.h.c.p.RequestAddCookies] Cookie [version: 0][name: fast_failed][value: true][domain: branchtest.perfectomobile.com][path: /nexperience/perfectomobile/wd/hub][expiry: null] match [(secure)branchtest.perfectomobile.com:443/nexperience/perfectomobile/wd/hub/session/0f3f5f1e-acfb-4373-a011-faaf2224e779/element/2/value]
<2017-09-26 13:03:28> DEBUG [o.a.h.c.p.RequestAddCookies] Cookie [version: 0][name: fast_failed][value: true][domain: branchtest.perfectomobile.com][path: /nexperience/perfectomobile/wd/hub/session/0f3f5f1e-acfb-4373-a011-faaf2224e779][expiry: null] match [(secure)branchtest.perfectomobile.com:443/nexperience/perfectomobile/wd/hub/session/0f3f5f1e-acfb-4373-a011-faaf2224e779/element/2/value]
<2017-09-26 13:03:28> DEBUG [o.a.h.c.p.RequestAuthCache] Auth cache not set in the context
<2017-09-26 13:03:28> DEBUG [o.a.h.i.c.PoolingHttpClientConnectionManager] Connection request: [route: {s}->https://branchtest.perfectomobile.com:443][total kept alive: 2; route allocated: 5 of 2000; total allocated: 5 of 2000]
<2017-09-26 13:03:28> DEBUG [o.a.h.i.c.PoolingHttpClientConnectionManager] Connection leased: [id: 0][route: {s}->https://branchtest.perfectomobile.com:443][total kept alive: 1; route allocated: 5 of 2000; total allocated: 5 of 2000]
<2017-09-26 13:03:28> DEBUG [o.a.h.i.execchain.MainClientExec] Stale connection check
<2017-09-26 13:03:28> DEBUG [org.apache.http.wire] http-outgoing-0 << "[read] I/O error: Read timed out"
<2017-09-26 13:03:28> DEBUG [o.a.h.i.c.DefaultManagedHttpClientConnection] http-outgoing-0: set socket timeout to 10800000
<2017-09-26 13:03:28> DEBUG [o.a.h.i.execchain.MainClientExec] Executing request POST /nexperience/perfectomobile/wd/hub/session/0f3f5f1e-acfb-4373-a011-faaf2224e779/element/2/value HTTP/1.1
<2017-09-26 13:03:28> DEBUG [o.a.h.i.execchain.MainClientExec] Target auth state: UNCHALLENGED
<2017-09-26 13:03:28> DEBUG [o.a.h.i.execchain.MainClientExec] Proxy auth state: UNCHALLENGED
<2017-09-26 13:03:28> DEBUG [org.apache.http.headers] http-outgoing-0 >> POST /nexperience/perfectomobile/wd/hub/session/0f3f5f1e-acfb-4373-a011-faaf2224e779/element/2/value HTTP/1.1
<2017-09-26 13:03:28> DEBUG [org.apache.http.headers] http-outgoing-0 >> Content-Type: application/json; charset=utf-8
<2017-09-26 13:03:28> DEBUG [org.apache.http.headers] http-outgoing-0 >> Content-Length: 29
<2017-09-26 13:03:28> DEBUG [org.apache.http.headers] http-outgoing-0 >> Host: branchtest.perfectomobile.com
<2017-09-26 13:03:28> DEBUG [org.apache.http.headers] http-outgoing-0 >> Connection: Keep-Alive
<2017-09-26 13:03:28> DEBUG [org.apache.http.headers] http-outgoing-0 >> User-Agent: Apache-HttpClient/4.5.2 (Java/1.8.0_121)
<2017-09-26 13:03:28> DEBUG [org.apache.http.headers] http-outgoing-0 >> Cookie: JSESSIONID=F6E28E4994D1584E597DBDFCCCB1737E; fast_failed=true; fast_failed=true
<2017-09-26 13:03:28> DEBUG [org.apache.http.headers] http-outgoing-0 >> Accept-Encoding: gzip,deflate
<2017-09-26 13:03:28> DEBUG [org.apache.http.wire] http-outgoing-0 >> "POST /nexperience/perfectomobile/wd/hub/session/0f3f5f1e-acfb-4373-a011-faaf2224e779/element/2/value HTTP/1.1[\r][\n]"
<2017-09-26 13:03:28> DEBUG [org.apache.http.wire] http-outgoing-0 >> "Content-Type: application/json; charset=utf-8[\r][\n]"
<2017-09-26 13:03:28> DEBUG [org.apache.http.wire] http-outgoing-0 >> "Content-Length: 29[\r][\n]"
<2017-09-26 13:03:28> DEBUG [org.apache.http.wire] http-outgoing-0 >> "Host: branchtest.perfectomobile.com[\r][\n]"
<2017-09-26 13:03:28> DEBUG [org.apache.http.wire] http-outgoing-0 >> "Connection: Keep-Alive[\r][\n]"
<2017-09-26 13:03:28> DEBUG [org.apache.http.wire] http-outgoing-0 >> "User-Agent: Apache-HttpClient/4.5.2 (Java/1.8.0_121)[\r][\n]"
<2017-09-26 13:03:28> DEBUG [org.apache.http.wire] http-outgoing-0 >> "Cookie: JSESSIONID=F6E28E4994D1584E597DBDFCCCB1737E; fast_failed=true; fast_failed=true[\r][\n]"
<2017-09-26 13:03:28> DEBUG [org.apache.http.wire] http-outgoing-0 >> "Accept-Encoding: gzip,deflate[\r][\n]"
<2017-09-26 13:03:28> DEBUG [org.apache.http.wire] http-outgoing-0 >> "[\r][\n]"
<2017-09-26 13:03:28> DEBUG [org.apache.http.wire] http-outgoing-0 >> "{"id":"2","value":["123456"]}"
<2017-09-26 13:03:29> DEBUG [org.apache.http.wire] http-outgoing-0 << "HTTP/1.1 200 OK[\r][\n]"
<2017-09-26 13:03:29> DEBUG [org.apache.http.wire] http-outgoing-0 << "Server: nginx[\r][\n]"
<2017-09-26 13:03:29> DEBUG [org.apache.http.wire] http-outgoing-0 << "Date: Tue, 26 Sep 2017 10:03:26 GMT[\r][\n]"
<2017-09-26 13:03:29> DEBUG [org.apache.http.wire] http-outgoing-0 << "Content-Type: application/json;charset=utf-8[\r][\n]"
<2017-09-26 13:03:29> DEBUG [org.apache.http.wire] http-outgoing-0 << "Transfer-Encoding: chunked[\r][\n]"
<2017-09-26 13:03:29> DEBUG [org.apache.http.wire] http-outgoing-0 << "Connection: keep-alive[\r][\n]"
<2017-09-26 13:03:29> DEBUG [org.apache.http.wire] http-outgoing-0 << "Set-Cookie: JSESSIONID=F6E28E4994D1584E597DBDFCCCB1737E; Path=/nexperience/; HttpOnly[\r][\n]"
<2017-09-26 13:03:29> DEBUG [org.apache.http.wire] http-outgoing-0 << "Expires: Thu, 01 Jan 1970 00:00:00 GMT[\r][\n]"
<2017-09-26 13:03:29> DEBUG [org.apache.http.wire] http-outgoing-0 << "Cache-Control: no-cache[\r][\n]"
<2017-09-26 13:03:29> DEBUG [org.apache.http.wire] http-outgoing-0 << "Cache-Control: no-cache[\r][\n]"
<2017-09-26 13:03:29> DEBUG [org.apache.http.wire] http-outgoing-0 << "Expires: Thu, 01 Jan 1970 00:00:00 GMT[\r][\n]"
<2017-09-26 13:03:29> DEBUG [org.apache.http.wire] http-outgoing-0 << "Set-Cookie: fast_failed=true[\r][\n]"
<2017-09-26 13:03:29> DEBUG [org.apache.http.wire] http-outgoing-0 << "X-XSS-Protection: 2; mode=block[\r][\n]"
<2017-09-26 13:03:29> DEBUG [org.apache.http.wire] http-outgoing-0 << "Content-Encoding: gzip[\r][\n]"
<2017-09-26 13:03:29> DEBUG [org.apache.http.wire] http-outgoing-0 << "[\r][\n]"
<2017-09-26 13:03:29> DEBUG [org.apache.http.wire] http-outgoing-0 << "96[\r][\n]"
<2017-09-26 13:03:29> DEBUG [org.apache.http.wire] http-outgoing-0 << "[0x1f][0x8b][0x8][0x0][0x0][0x0][0x0][0x0][0x0][0x3]-[0xcc];[0xe][0xc2]0[0x10]E[0xd1][0xbd]L[0x1d][[0xfe]$X[0xa4][0xa5][0xa2]e[0x7][0x83]3[0x86]H[0x8e][0x1d]26[\r]b[0xef]LA{u[0xde][0xfb][0x0][0x13][0xf3]Z[0xcb]u[0x81][0x19]L[0xf2]iJ[0x96][0x14][0xc6]tW[0xa3][0xf]^[0xa1][0xb1]V%[0xc4][0xe4][0x9c][0x1b])[0x84]3[0xc][0xc0][\r][0x1b][0x9][0xe7][0x1e][0xa3][0xac][0xa5]</u[0x91]b[0xdd]t[0x9a][0xfc]h[0x82][0x1f][0xe0][0x8d][0xb9]K*=[0xe7][0x1]bFq3[0xd4][0xe3][0xa1][0xeb]N[0xe5][0x85][0x9a])SY[0xfb][0xa6][0xf][0xda]j#}#[0xde]ka[0xfa][0xff]w[0xe1][0xe6][0xfb][0x3][0xce]{[[0x92][0x9f][0x0][0x0][0x0][\r][\n]"
<2017-09-26 13:03:29> DEBUG [org.apache.http.wire] http-outgoing-0 << "0[\r][\n]"
<2017-09-26 13:03:29> DEBUG [org.apache.http.wire] http-outgoing-0 << "[\r][\n]"
<2017-09-26 13:03:29> DEBUG [org.apache.http.headers] http-outgoing-0 << HTTP/1.1 200 OK
<2017-09-26 13:03:29> DEBUG [org.apache.http.headers] http-outgoing-0 << Server: nginx
<2017-09-26 13:03:29> DEBUG [org.apache.http.headers] http-outgoing-0 << Date: Tue, 26 Sep 2017 10:03:26 GMT
<2017-09-26 13:03:29> DEBUG [org.apache.http.headers] http-outgoing-0 << Content-Type: application/json;charset=utf-8
<2017-09-26 13:03:29> DEBUG [org.apache.http.headers] http-outgoing-0 << Transfer-Encoding: chunked
<2017-09-26 13:03:29> DEBUG [org.apache.http.headers] http-outgoing-0 << Connection: keep-alive
<2017-09-26 13:03:29> DEBUG [org.apache.http.headers] http-outgoing-0 << Set-Cookie: JSESSIONID=F6E28E4994D1584E597DBDFCCCB1737E; Path=/nexperience/; HttpOnly
<2017-09-26 13:03:29> DEBUG [org.apache.http.headers] http-outgoing-0 << Expires: Thu, 01 Jan 1970 00:00:00 GMT
<2017-09-26 13:03:29> DEBUG [org.apache.http.headers] http-outgoing-0 << Cache-Control: no-cache
<2017-09-26 13:03:29> DEBUG [org.apache.http.headers] http-outgoing-0 << Cache-Control: no-cache
<2017-09-26 13:03:29> DEBUG [org.apache.http.headers] http-outgoing-0 << Expires: Thu, 01 Jan 1970 00:00:00 GMT
<2017-09-26 13:03:29> DEBUG [org.apache.http.headers] http-outgoing-0 << Set-Cookie: fast_failed=true
<2017-09-26 13:03:29> DEBUG [org.apache.http.headers] http-outgoing-0 << X-XSS-Protection: 2; mode=block
<2017-09-26 13:03:29> DEBUG [org.apache.http.headers] http-outgoing-0 << Content-Encoding: gzip
<2017-09-26 13:03:29> DEBUG [o.a.h.i.execchain.MainClientExec] Connection can be kept alive indefinitely
<2017-09-26 13:03:29> DEBUG [o.a.h.c.p.ResponseProcessCookies] Cookie accepted [JSESSIONID="F6E28E4994D1584E597DBDFCCCB1737E", version:0, domain:branchtest.perfectomobile.com, path:/nexperience/, expiry:null]
<2017-09-26 13:03:29> DEBUG [o.a.h.c.p.ResponseProcessCookies] Cookie accepted [fast_failed="true", version:0, domain:branchtest.perfectomobile.com, path:/nexperience/perfectomobile/wd/hub/session/0f3f5f1e-acfb-4373-a011-faaf2224e779/element/2, expiry:null]
<2017-09-26 13:03:29> DEBUG [o.a.h.i.c.PoolingHttpClientConnectionManager] Connection [id: 0][route: {s}->https://branchtest.perfectomobile.com:443] can be kept alive indefinitely
<2017-09-26 13:03:29> DEBUG [o.a.h.i.c.PoolingHttpClientConnectionManager] Connection released: [id: 0][route: {s}->https://branchtest.perfectomobile.com:443][total kept alive: 2; route allocated: 5 of 2000; total allocated: 5 of 2000]
<2017-09-26 13:03:36> DEBUG [o.a.h.c.p.RequestAddCookies] CookieSpec selected: default
<2017-09-26 13:03:36> DEBUG [o.a.h.c.p.RequestAddCookies] Cookie [version: 0][name: JSESSIONID][value: F6E28E4994D1584E597DBDFCCCB1737E][domain: branchtest.perfectomobile.com][path: /nexperience/][expiry: null] match [(secure)branchtest.perfectomobile.com:443/nexperience/perfectomobile/wd/hub/session/bd4c83dd-b9d3-4ad2-9259-43a8e935cecf/execute]
<2017-09-26 13:03:36> DEBUG [o.a.h.c.p.RequestAddCookies] Cookie [version: 0][name: fast_failed][value: true][domain: branchtest.perfectomobile.com][path: /nexperience/perfectomobile/wd/hub][expiry: null] match [(secure)branchtest.perfectomobile.com:443/nexperience/perfectomobile/wd/hub/session/bd4c83dd-b9d3-4ad2-9259-43a8e935cecf/execute]
<2017-09-26 13:03:36> DEBUG [o.a.h.c.p.RequestAddCookies] Cookie [version: 0][name: fast_failed][value: true][domain: branchtest.perfectomobile.com][path: /nexperience/perfectomobile/wd/hub/session/bd4c83dd-b9d3-4ad2-9259-43a8e935cecf][expiry: null] match [(secure)branchtest.perfectomobile.com:443/nexperience/perfectomobile/wd/hub/session/bd4c83dd-b9d3-4ad2-9259-43a8e935cecf/execute]
<2017-09-26 13:03:36> DEBUG [o.a.h.c.p.RequestAuthCache] Auth cache not set in the context
<2017-09-26 13:03:36> DEBUG [o.a.h.i.c.PoolingHttpClientConnectionManager] Connection request: [route: {s}->https://branchtest.perfectomobile.com:443][total kept alive: 2; route allocated: 5 of 2000; total allocated: 5 of 2000]
<2017-09-26 13:03:36> DEBUG [org.apache.http.wire] http-outgoing-0 << "[read] I/O error: Read timed out"
<2017-09-26 13:03:36> DEBUG [o.a.h.i.c.PoolingHttpClientConnectionManager] Connection leased: [id: 0][route: {s}->https://branchtest.perfectomobile.com:443][total kept alive: 1; route allocated: 5 of 2000; total allocated: 5 of 2000]
<2017-09-26 13:03:36> DEBUG [o.a.h.i.execchain.MainClientExec] Stale connection check
<2017-09-26 13:03:36> DEBUG [org.apache.http.wire] http-outgoing-0 << "[read] I/O error: Read timed out"
<2017-09-26 13:03:36> DEBUG [o.a.h.i.c.DefaultManagedHttpClientConnection] http-outgoing-0: set socket timeout to 10800000
<2017-09-26 13:03:36> DEBUG [o.a.h.i.execchain.MainClientExec] Executing request POST /nexperience/perfectomobile/wd/hub/session/bd4c83dd-b9d3-4ad2-9259-43a8e935cecf/execute HTTP/1.1
<2017-09-26 13:03:36> DEBUG [o.a.h.i.execchain.MainClientExec] Target auth state: UNCHALLENGED
<2017-09-26 13:03:36> DEBUG [o.a.h.i.execchain.MainClientExec] Proxy auth state: UNCHALLENGED
<2017-09-26 13:03:36> DEBUG [org.apache.http.headers] http-outgoing-0 >> POST /nexperience/perfectomobile/wd/hub/session/bd4c83dd-b9d3-4ad2-9259-43a8e935cecf/execute HTTP/1.1
<2017-09-26 13:03:36> DEBUG [org.apache.http.headers] http-outgoing-0 >> Content-Type: application/json; charset=utf-8
<2017-09-26 13:03:36> DEBUG [org.apache.http.headers] http-outgoing-0 >> Content-Length: 54
<2017-09-26 13:03:36> DEBUG [org.apache.http.headers] http-outgoing-0 >> Host: branchtest.perfectomobile.com
<2017-09-26 13:03:36> DEBUG [org.apache.http.headers] http-outgoing-0 >> Connection: Keep-Alive
<2017-09-26 13:03:36> DEBUG [org.apache.http.headers] http-outgoing-0 >> User-Agent: Apache-HttpClient/4.5.2 (Java/1.8.0_121)
<2017-09-26 13:03:36> DEBUG [org.apache.http.headers] http-outgoing-0 >> Cookie: JSESSIONID=F6E28E4994D1584E597DBDFCCCB1737E; fast_failed=true; fast_failed=true
<2017-09-26 13:03:36> DEBUG [org.apache.http.headers] http-outgoing-0 >> Accept-Encoding: gzip,deflate
<2017-09-26 13:03:36> DEBUG [org.apache.http.wire] http-outgoing-0 >> "POST /nexperience/perfectomobile/wd/hub/session/bd4c83dd-b9d3-4ad2-9259-43a8e935cecf/execute HTTP/1.1[\r][\n]"
<2017-09-26 13:03:36> DEBUG [org.apache.http.wire] http-outgoing-0 >> "Content-Type: application/json; charset=utf-8[\r][\n]"
<2017-09-26 13:03:36> DEBUG [org.apache.http.wire] http-outgoing-0 >> "Content-Length: 54[\r][\n]"
<2017-09-26 13:03:36> DEBUG [org.apache.http.wire] http-outgoing-0 >> "Host: branchtest.perfectomobile.com[\r][\n]"
<2017-09-26 13:03:36> DEBUG [org.apache.http.wire] http-outgoing-0 >> "Connection: Keep-Alive[\r][\n]"
<2017-09-26 13:03:36> DEBUG [org.apache.http.wire] http-outgoing-0 >> "User-Agent: Apache-HttpClient/4.5.2 (Java/1.8.0_121)[\r][\n]"
<2017-09-26 13:03:36> DEBUG [org.apache.http.wire] http-outgoing-0 >> "Cookie: JSESSIONID=F6E28E4994D1584E597DBDFCCCB1737E; fast_failed=true; fast_failed=true[\r][\n]"
<2017-09-26 13:03:36> DEBUG [org.apache.http.wire] http-outgoing-0 >> "Accept-Encoding: gzip,deflate[\r][\n]"
<2017-09-26 13:03:36> DEBUG [org.apache.http.wire] http-outgoing-0 >> "[\r][\n]"
<2017-09-26 13:03:36> DEBUG [org.apache.http.wire] http-outgoing-0 >> "{"script":"mobile:step:end","args":[{"message":null}]}"
<2017-09-26 13:03:36> DEBUG [org.apache.http.wire] http-outgoing-0 << "HTTP/1.1 200 OK[\r][\n]"
<2017-09-26 13:03:36> DEBUG [org.apache.http.wire] http-outgoing-0 << "Server: nginx[\r][\n]"
<2017-09-26 13:03:36> DEBUG [org.apache.http.wire] http-outgoing-0 << "Date: Tue, 26 Sep 2017 10:03:33 GMT[\r][\n]"
<2017-09-26 13:03:36> DEBUG [org.apache.http.wire] http-outgoing-0 << "Content-Type: application/json;charset=utf-8[\r][\n]"
<2017-09-26 13:03:36> DEBUG [org.apache.http.wire] http-outgoing-0 << "Transfer-Encoding: chunked[\r][\n]"
<2017-09-26 13:03:36> DEBUG [org.apache.http.wire] http-outgoing-0 << "Connection: keep-alive[\r][\n]"
<2017-09-26 13:03:36> DEBUG [org.apache.http.wire] http-outgoing-0 << "Set-Cookie: JSESSIONID=F6E28E4994D1584E597DBDFCCCB1737E; Path=/nexperience/; HttpOnly[\r][\n]"
<2017-09-26 13:03:36> DEBUG [org.apache.http.wire] http-outgoing-0 << "Expires: Thu, 01 Jan 1970 00:00:00 GMT[\r][\n]"
<2017-09-26 13:03:36> DEBUG [org.apache.http.wire] http-outgoing-0 << "Cache-Control: no-cache[\r][\n]"
<2017-09-26 13:03:36> DEBUG [org.apache.http.wire] http-outgoing-0 << "Cache-Control: no-cache[\r][\n]"
<2017-09-26 13:03:36> DEBUG [org.apache.http.wire] http-outgoing-0 << "Expires: Thu, 01 Jan 1970 00:00:00 GMT[\r][\n]"
<2017-09-26 13:03:36> DEBUG [org.apache.http.wire] http-outgoing-0 << "Set-Cookie: fast_failed=true[\r][\n]"
<2017-09-26 13:03:36> DEBUG [org.apache.http.wire] http-outgoing-0 << "X-XSS-Protection: 2; mode=block[\r][\n]"
<2017-09-26 13:03:36> DEBUG [org.apache.http.wire] http-outgoing-0 << "Content-Encoding: gzip[\r][\n]"
<2017-09-26 13:03:36> DEBUG [org.apache.http.wire] http-outgoing-0 << "[\r][\n]"
<2017-09-26 13:03:36> DEBUG [org.apache.http.wire] http-outgoing-0 << "95[\r][\n]"
<2017-09-26 13:03:36> DEBUG [org.apache.http.wire] http-outgoing-0 << "[0x1f][0x8b][0x8][0x0][0x0][0x0][0x0][0x0][0x0][0x3]-[0xcc]1[0xe][0xc2]0[0xc][0x85][0xe1][0xbb]xn"[0xa8][0x13][0xb5][0xe9][0xca][0xc4][0xca][\r][0xd2][0xd8]@[0xa5]4)u[0xc3][0x82][0xb8];[0x1e]X]]>&#x7f;<![CDATA[}[0xef]}@Xd[0xa9][0xe5]J0[0xc1]L.[0x8d]Hd[0xe6]@h\[0xa4][0xde][0x84][0xde][0x7][0xe3]0[0x8e][0x1c][0xd0]'Nw[0xe8]@[0x8e]x[0xb0]ri)[0xe9]Z[0xcb][0xf3]RI[0xcb][0xd9][0xfb]0[0xe0][0x80][0x88][0x1d][0xbc]cn[0x9a]J[0xcb][0xb9][0x83][0x94][0xa3][0xba][0x9][0xea][0xfe][0xb0]u[0xe3][0xf2][0x8a]V8sY[0xda]jw^[0xeb][0xc1][0xf6][0xc6][0xb2][0xd5]"[0xfc][0xff]o[0xca]O[0xdf][0x1f][0xa1]3k[0x8b][0x9f][0x0][0x0][0x0][\r][\n]"
<2017-09-26 13:03:36> DEBUG [org.apache.http.wire] http-outgoing-0 << "0[\r][\n]"
<2017-09-26 13:03:36> DEBUG [org.apache.http.wire] http-outgoing-0 << "[\r][\n]"
<2017-09-26 13:03:36> DEBUG [org.apache.http.headers] http-outgoing-0 << HTTP/1.1 200 OK
<2017-09-26 13:03:36> DEBUG [org.apache.http.headers] http-outgoing-0 << Server: nginx
<2017-09-26 13:03:36> DEBUG [org.apache.http.headers] http-outgoing-0 << Date: Tue, 26 Sep 2017 10:03:33 GMT
<2017-09-26 13:03:36> DEBUG [org.apache.http.headers] http-outgoing-0 << Content-Type: application/json;charset=utf-8
<2017-09-26 13:03:36> DEBUG [org.apache.http.headers] http-outgoing-0 << Transfer-Encoding: chunked
<2017-09-26 13:03:36> DEBUG [org.apache.http.headers] http-outgoing-0 << Connection: keep-alive
<2017-09-26 13:03:36> DEBUG [org.apache.http.headers] http-outgoing-0 << Set-Cookie: JSESSIONID=F6E28E4994D1584E597DBDFCCCB1737E; Path=/nexperience/; HttpOnly
<2017-09-26 13:03:36> DEBUG [org.apache.http.headers] http-outgoing-0 << Expires: Thu, 01 Jan 1970 00:00:00 GMT
<2017-09-26 13:03:36> DEBUG [org.apache.http.headers] http-outgoing-0 << Cache-Control: no-cache
<2017-09-26 13:03:36> DEBUG [org.apache.http.headers] http-outgoing-0 << Cache-Control: no-cache
<2017-09-26 13:03:36> DEBUG [org.apache.http.headers] http-outgoing-0 << Expires: Thu, 01 Jan 1970 00:00:00 GMT
<2017-09-26 13:03:36> DEBUG [org.apache.http.headers] http-outgoing-0 << Set-Cookie: fast_failed=true
<2017-09-26 13:03:36> DEBUG [org.apache.http.headers] http-outgoing-0 << X-XSS-Protection: 2; mode=block
<2017-09-26 13:03:36> DEBUG [org.apache.http.headers] http-outgoing-0 << Content-Encoding: gzip
<2017-09-26 13:03:36> DEBUG [o.a.h.i.execchain.MainClientExec] Connection can be kept alive indefinitely
<2017-09-26 13:03:36> DEBUG [o.a.h.c.p.ResponseProcessCookies] Cookie accepted [JSESSIONID="F6E28E4994D1584E597DBDFCCCB1737E", version:0, domain:branchtest.perfectomobile.com, path:/nexperience/, expiry:null]
<2017-09-26 13:03:36> DEBUG [o.a.h.c.p.ResponseProcessCookies] Cookie accepted [fast_failed="true", version:0, domain:branchtest.perfectomobile.com, path:/nexperience/perfectomobile/wd/hub/session/bd4c83dd-b9d3-4ad2-9259-43a8e935cecf, expiry:null]
<2017-09-26 13:03:36> DEBUG [o.a.h.i.c.PoolingHttpClientConnectionManager] Connection [id: 0][route: {s}->https://branchtest.perfectomobile.com:443] can be kept alive indefinitely
<2017-09-26 13:03:36> DEBUG [o.a.h.i.c.PoolingHttpClientConnectionManager] Connection released: [id: 0][route: {s}->https://branchtest.perfectomobile.com:443][total kept alive: 2; route allocated: 5 of 2000; total allocated: 5 of 2000]
<2017-09-26 13:03:36> DEBUG [o.a.h.c.p.RequestAddCookies] CookieSpec selected: default
<2017-09-26 13:03:36> DEBUG [o.a.h.c.p.RequestAddCookies] Cookie [version: 0][name: JSESSIONID][value: F6E28E4994D1584E597DBDFCCCB1737E][domain: branchtest.perfectomobile.com][path: /nexperience/][expiry: null] match [(secure)branchtest.perfectomobile.com:443/nexperience/perfectomobile/wd/hub/session/bd4c83dd-b9d3-4ad2-9259-43a8e935cecf/execute]
<2017-09-26 13:03:36> DEBUG [o.a.h.c.p.RequestAddCookies] Cookie [version: 0][name: fast_failed][value: true][domain: branchtest.perfectomobile.com][path: /nexperience/perfectomobile/wd/hub][expiry: null] match [(secure)branchtest.perfectomobile.com:443/nexperience/perfectomobile/wd/hub/session/bd4c83dd-b9d3-4ad2-9259-43a8e935cecf/execute]
<2017-09-26 13:03:36> DEBUG [o.a.h.c.p.RequestAddCookies] Cookie [version: 0][name: fast_failed][value: true][domain: branchtest.perfectomobile.com][path: /nexperience/perfectomobile/wd/hub/session/bd4c83dd-b9d3-4ad2-9259-43a8e935cecf][expiry: null] match [(secure)branchtest.perfectomobile.com:443/nexperience/perfectomobile/wd/hub/session/bd4c83dd-b9d3-4ad2-9259-43a8e935cecf/execute]
<2017-09-26 13:03:36> DEBUG [o.a.h.c.p.RequestAuthCache] Auth cache not set in the context
<2017-09-26 13:03:36> DEBUG [o.a.h.i.c.PoolingHttpClientConnectionManager] Connection request: [route: {s}->https://branchtest.perfectomobile.com:443][total kept alive: 2; route allocated: 5 of 2000; total allocated: 5 of 2000]
<2017-09-26 13:03:36> DEBUG [o.a.h.i.c.PoolingHttpClientConnectionManager] Connection leased: [id: 0][route: {s}->https://branchtest.perfectomobile.com:443][total kept alive: 1; route allocated: 5 of 2000; total allocated: 5 of 2000]
<2017-09-26 13:03:36> DEBUG [o.a.h.i.execchain.MainClientExec] Stale connection check
<2017-09-26 13:03:36> DEBUG [org.apache.http.wire] http-outgoing-0 << "[read] I/O error: Read timed out"
<2017-09-26 13:03:36> DEBUG [o.a.h.i.c.DefaultManagedHttpClientConnection] http-outgoing-0: set socket timeout to 10800000
<2017-09-26 13:03:36> DEBUG [o.a.h.i.execchain.MainClientExec] Executing request POST /nexperience/perfectomobile/wd/hub/session/bd4c83dd-b9d3-4ad2-9259-43a8e935cecf/execute HTTP/1.1
<2017-09-26 13:03:36> DEBUG [o.a.h.i.execchain.MainClientExec] Target auth state: UNCHALLENGED
<2017-09-26 13:03:36> DEBUG [o.a.h.i.execchain.MainClientExec] Proxy auth state: UNCHALLENGED
<2017-09-26 13:03:36> DEBUG [org.apache.http.headers] http-outgoing-0 >> POST /nexperience/perfectomobile/wd/hub/session/bd4c83dd-b9d3-4ad2-9259-43a8e935cecf/execute HTTP/1.1
<2017-09-26 13:03:36> DEBUG [org.apache.http.headers] http-outgoing-0 >> Content-Type: application/json; charset=utf-8
<2017-09-26 13:03:36> DEBUG [org.apache.http.headers] http-outgoing-0 >> Content-Length: 61
<2017-09-26 13:03:36> DEBUG [org.apache.http.headers] http-outgoing-0 >> Host: branchtest.perfectomobile.com
<2017-09-26 13:03:36> DEBUG [org.apache.http.headers] http-outgoing-0 >> Connection: Keep-Alive
<2017-09-26 13:03:36> DEBUG [org.apache.http.headers] http-outgoing-0 >> User-Agent: Apache-HttpClient/4.5.2 (Java/1.8.0_121)
<2017-09-26 13:03:36> DEBUG [org.apache.http.headers] http-outgoing-0 >> Cookie: JSESSIONID=F6E28E4994D1584E597DBDFCCCB1737E; fast_failed=true; fast_failed=true
<2017-09-26 13:03:36> DEBUG [org.apache.http.headers] http-outgoing-0 >> Accept-Encoding: gzip,deflate
<2017-09-26 13:03:36> DEBUG [org.apache.http.wire] http-outgoing-0 >> "POST /nexperience/perfectomobile/wd/hub/session/bd4c83dd-b9d3-4ad2-9259-43a8e935cecf/execute HTTP/1.1[\r][\n]"
<2017-09-26 13:03:36> DEBUG [org.apache.http.wire] http-outgoing-0 >> "Content-Type: application/json; charset=utf-8[\r][\n]"
<2017-09-26 13:03:36> DEBUG [org.apache.http.wire] http-outgoing-0 >> "Content-Length: 61[\r][\n]"
<2017-09-26 13:03:36> DEBUG [org.apache.http.wire] http-outgoing-0 >> "Host: branchtest.perfectomobile.com[\r][\n]"
<2017-09-26 13:03:36> DEBUG [org.apache.http.wire] http-outgoing-0 >> "Connection: Keep-Alive[\r][\n]"
<2017-09-26 13:03:36> DEBUG [org.apache.http.wire] http-outgoing-0 >> "User-Agent: Apache-HttpClient/4.5.2 (Java/1.8.0_121)[\r][\n]"
<2017-09-26 13:03:36> DEBUG [org.apache.http.wire] http-outgoing-0 >> "Cookie: JSESSIONID=F6E28E4994D1584E597DBDFCCCB1737E; fast_failed=true; fast_failed=true[\r][\n]"
<2017-09-26 13:03:36> DEBUG [org.apache.http.wire] http-outgoing-0 >> "Accept-Encoding: gzip,deflate[\r][\n]"
<2017-09-26 13:03:36> DEBUG [org.apache.http.wire] http-outgoing-0 >> "[\r][\n]"
<2017-09-26 13:03:36> DEBUG [org.apache.http.wire] http-outgoing-0 >> "{"script":"mobile:step:start","args":[{"name":"Signing in"}]}"
<2017-09-26 13:03:37> DEBUG [org.apache.http.wire] http-outgoing-0 << "HTTP/1.1 200 OK[\r][\n]"
<2017-09-26 13:03:37> DEBUG [org.apache.http.wire] http-outgoing-0 << "Server: nginx[\r][\n]"
<2017-09-26 13:03:37> DEBUG [org.apache.http.wire] http-outgoing-0 << "Date: Tue, 26 Sep 2017 10:03:33 GMT[\r][\n]"
<2017-09-26 13:03:37> DEBUG [org.apache.http.wire] http-outgoing-0 << "Content-Type: application/json;charset=utf-8[\r][\n]"
<2017-09-26 13:03:37> DEBUG [org.apache.http.wire] http-outgoing-0 << "Transfer-Encoding: chunked[\r][\n]"
<2017-09-26 13:03:37> DEBUG [org.apache.http.wire] http-outgoing-0 << "Connection: keep-alive[\r][\n]"
<2017-09-26 13:03:37> DEBUG [org.apache.http.wire] http-outgoing-0 << "Set-Cookie: JSESSIONID=F6E28E4994D1584E597DBDFCCCB1737E; Path=/nexperience/; HttpOnly[\r][\n]"
<2017-09-26 13:03:37> DEBUG [org.apache.http.wire] http-outgoing-0 << "Expires: Thu, 01 Jan 1970 00:00:00 GMT[\r][\n]"
<2017-09-26 13:03:37> DEBUG [org.apache.http.wire] http-outgoing-0 << "Cache-Control: no-cache[\r][\n]"
<2017-09-26 13:03:37> DEBUG [org.apache.http.wire] http-outgoing-0 << "Cache-Control: no-cache[\r][\n]"
<2017-09-26 13:03:37> DEBUG [org.apache.http.wire] http-outgoing-0 << "Expires: Thu, 01 Jan 1970 00:00:00 GMT[\r][\n]"
<2017-09-26 13:03:37> DEBUG [org.apache.http.wire] http-outgoing-0 << "Set-Cookie: fast_failed=true[\r][\n]"
<2017-09-26 13:03:37> DEBUG [org.apache.http.wire] http-outgoing-0 << "X-XSS-Protection: 2; mode=block[\r][\n]"
<2017-09-26 13:03:37> DEBUG [org.apache.http.wire] http-outgoing-0 << "Content-Encoding: gzip[\r][\n]"
<2017-09-26 13:03:37> DEBUG [org.apache.http.wire] http-outgoing-0 << "[\r][\n]"
<2017-09-26 13:03:37> DEBUG [org.apache.http.wire] http-outgoing-0 << "94[\r][\n]"
<2017-09-26 13:03:37> DEBUG [org.apache.http.wire] http-outgoing-0 << "[0x1f][0x8b][0x8][0x0][0x0][0x0][0x0][0x0][0x0][0x3]-[0xcc][0xc1][0xe][0x82]0[0x10][0x4][0xd0]]]>&#x7f;<![CDATA[[0xd9]3m[0x80][0x96]H[0xb9]z[0xf2][0xea][0x1f][0x94][0xee][0xaa]$[0xd0]E[0xb6][0xf5]b[0xfc]w[0xd7][0xc4][0xeb][0xcc][0x9b]y[0x83][0x90][0xc8][0xc2][0xf9][0x82]0[0xc1][0x8c]>[0x8d][0xe][0xd1][0xcc][0x1][0x9d][0xf1][0x11]{[0x13][0xfa]![0x18][0xef][0xe2]H[0xc1][\r][0x89][0xd2][\r][0x1a][0x90][0x12][0xb])[0x97][0x9a][0x92][0xae]5y[0x9c][0x19]5[0xe9][0xda]n[0x8]][0xeb]N[\r][0xbc][0xe2]Z]]>&#x7f;<![CDATA[F[0xcb][0xb4]FE[0x13][0xf0]q[0xb7][0xbc]S~F+[0xb4]R^[0xea]f[0xf][0xda][0xb8][0x90][0xbd][0x92][0xec][0x9c][0x85][0xfe][0xe7]Uy[0xfb][0xf9][0x2]7L[0xec][0x95][0x9c][0x0][0x0][0x0][\r][\n]"
<2017-09-26 13:03:37> DEBUG [org.apache.http.wire] http-outgoing-0 << "0[\r][\n]"
<2017-09-26 13:03:37> DEBUG [org.apache.http.wire] http-outgoing-0 << "[\r][\n]"
<2017-09-26 13:03:37> DEBUG [org.apache.http.headers] http-outgoing-0 << HTTP/1.1 200 OK
<2017-09-26 13:03:37> DEBUG [org.apache.http.headers] http-outgoing-0 << Server: nginx
<2017-09-26 13:03:37> DEBUG [org.apache.http.headers] http-outgoing-0 << Date: Tue, 26 Sep 2017 10:03:33 GMT
<2017-09-26 13:03:37> DEBUG [org.apache.http.headers] http-outgoing-0 << Content-Type: application/json;charset=utf-8
<2017-09-26 13:03:37> DEBUG [org.apache.http.headers] http-outgoing-0 << Transfer-Encoding: chunked
<2017-09-26 13:03:37> DEBUG [org.apache.http.headers] http-outgoing-0 << Connection: keep-alive
<2017-09-26 13:03:37> DEBUG [org.apache.http.headers] http-outgoing-0 << Set-Cookie: JSESSIONID=F6E28E4994D1584E597DBDFCCCB1737E; Path=/nexperience/; HttpOnly
<2017-09-26 13:03:37> DEBUG [org.apache.http.headers] http-outgoing-0 << Expires: Thu, 01 Jan 1970 00:00:00 GMT
<2017-09-26 13:03:37> DEBUG [org.apache.http.headers] http-outgoing-0 << Cache-Control: no-cache
<2017-09-26 13:03:37> DEBUG [org.apache.http.headers] http-outgoing-0 << Cache-Control: no-cache
<2017-09-26 13:03:37> DEBUG [org.apache.http.headers] http-outgoing-0 << Expires: Thu, 01 Jan 1970 00:00:00 GMT
<2017-09-26 13:03:37> DEBUG [org.apache.http.headers] http-outgoing-0 << Set-Cookie: fast_failed=true
<2017-09-26 13:03:37> DEBUG [org.apache.http.headers] http-outgoing-0 << X-XSS-Protection: 2; mode=block
<2017-09-26 13:03:37> DEBUG [org.apache.http.headers] http-outgoing-0 << Content-Encoding: gzip
<2017-09-26 13:03:37> DEBUG [o.a.h.i.execchain.MainClientExec] Connection can be kept alive indefinitely
<2017-09-26 13:03:37> DEBUG [o.a.h.c.p.ResponseProcessCookies] Cookie accepted [JSESSIONID="F6E28E4994D1584E597DBDFCCCB1737E", version:0, domain:branchtest.perfectomobile.com, path:/nexperience/, expiry:null]
<2017-09-26 13:03:37> DEBUG [o.a.h.c.p.ResponseProcessCookies] Cookie accepted [fast_failed="true", version:0, domain:branchtest.perfectomobile.com, path:/nexperience/perfectomobile/wd/hub/session/bd4c83dd-b9d3-4ad2-9259-43a8e935cecf, expiry:null]
<2017-09-26 13:03:37> DEBUG [o.a.h.i.c.PoolingHttpClientConnectionManager] Connection [id: 0][route: {s}->https://branchtest.perfectomobile.com:443] can be kept alive indefinitely
<2017-09-26 13:03:37> DEBUG [o.a.h.i.c.PoolingHttpClientConnectionManager] Connection released: [id: 0][route: {s}->https://branchtest.perfectomobile.com:443][total kept alive: 2; route allocated: 5 of 2000; total allocated: 5 of 2000]
<2017-09-26 13:03:37> DEBUG [o.a.h.c.p.RequestAddCookies] CookieSpec selected: default
<2017-09-26 13:03:37> DEBUG [o.a.h.c.p.RequestAddCookies] Cookie [version: 0][name: JSESSIONID][value: F6E28E4994D1584E597DBDFCCCB1737E][domain: branchtest.perfectomobile.com][path: /nexperience/][expiry: null] match [(secure)branchtest.perfectomobile.com:443/nexperience/perfectomobile/wd/hub/session/bd4c83dd-b9d3-4ad2-9259-43a8e935cecf/element]
<2017-09-26 13:03:37> DEBUG [o.a.h.c.p.RequestAddCookies] Cookie [version: 0][name: fast_failed][value: true][domain: branchtest.perfectomobile.com][path: /nexperience/perfectomobile/wd/hub][expiry: null] match [(secure)branchtest.perfectomobile.com:443/nexperience/perfectomobile/wd/hub/session/bd4c83dd-b9d3-4ad2-9259-43a8e935cecf/element]
<2017-09-26 13:03:37> DEBUG [o.a.h.c.p.RequestAddCookies] Cookie [version: 0][name: fast_failed][value: true][domain: branchtest.perfectomobile.com][path: /nexperience/perfectomobile/wd/hub/session/bd4c83dd-b9d3-4ad2-9259-43a8e935cecf][expiry: null] match [(secure)branchtest.perfectomobile.com:443/nexperience/perfectomobile/wd/hub/session/bd4c83dd-b9d3-4ad2-9259-43a8e935cecf/element]
<2017-09-26 13:03:37> DEBUG [o.a.h.c.p.RequestAuthCache] Auth cache not set in the context
<2017-09-26 13:03:37> DEBUG [o.a.h.i.c.PoolingHttpClientConnectionManager] Connection request: [route: {s}->https://branchtest.perfectomobile.com:443][total kept alive: 2; route allocated: 5 of 2000; total allocated: 5 of 2000]
<2017-09-26 13:03:37> DEBUG [o.a.h.i.c.PoolingHttpClientConnectionManager] Connection leased: [id: 0][route: {s}->https://branchtest.perfectomobile.com:443][total kept alive: 1; route allocated: 5 of 2000; total allocated: 5 of 2000]
<2017-09-26 13:03:37> DEBUG [o.a.h.i.execchain.MainClientExec] Stale connection check
<2017-09-26 13:03:37> DEBUG [org.apache.http.wire] http-outgoing-0 << "[read] I/O error: Read timed out"
<2017-09-26 13:03:37> DEBUG [o.a.h.i.c.DefaultManagedHttpClientConnection] http-outgoing-0: set socket timeout to 10800000
<2017-09-26 13:03:37> DEBUG [o.a.h.i.execchain.MainClientExec] Executing request POST /nexperience/perfectomobile/wd/hub/session/bd4c83dd-b9d3-4ad2-9259-43a8e935cecf/element HTTP/1.1
<2017-09-26 13:03:37> DEBUG [o.a.h.i.execchain.MainClientExec] Target auth state: UNCHALLENGED
<2017-09-26 13:03:37> DEBUG [o.a.h.i.execchain.MainClientExec] Proxy auth state: UNCHALLENGED
<2017-09-26 13:03:37> DEBUG [org.apache.http.headers] http-outgoing-0 >> POST /nexperience/perfectomobile/wd/hub/session/bd4c83dd-b9d3-4ad2-9259-43a8e935cecf/element HTTP/1.1
<2017-09-26 13:03:37> DEBUG [org.apache.http.headers] http-outgoing-0 >> Content-Type: application/json; charset=utf-8
<2017-09-26 13:03:37> DEBUG [org.apache.http.headers] http-outgoing-0 >> Content-Length: 54
<2017-09-26 13:03:37> DEBUG [org.apache.http.headers] http-outgoing-0 >> Host: branchtest.perfectomobile.com
<2017-09-26 13:03:37> DEBUG [org.apache.http.headers] http-outgoing-0 >> Connection: Keep-Alive
<2017-09-26 13:03:37> DEBUG [org.apache.http.headers] http-outgoing-0 >> User-Agent: Apache-HttpClient/4.5.2 (Java/1.8.0_121)
<2017-09-26 13:03:37> DEBUG [org.apache.http.headers] http-outgoing-0 >> Cookie: JSESSIONID=F6E28E4994D1584E597DBDFCCCB1737E; fast_failed=true; fast_failed=true
<2017-09-26 13:03:37> DEBUG [org.apache.http.headers] http-outgoing-0 >> Accept-Encoding: gzip,deflate
<2017-09-26 13:03:37> DEBUG [org.apache.http.wire] http-outgoing-0 >> "POST /nexperience/perfectomobile/wd/hub/session/bd4c83dd-b9d3-4ad2-9259-43a8e935cecf/element HTTP/1.1[\r][\n]"
<2017-09-26 13:03:37> DEBUG [org.apache.http.wire] http-outgoing-0 >> "Content-Type: application/json; charset=utf-8[\r][\n]"
<2017-09-26 13:03:37> DEBUG [org.apache.http.wire] http-outgoing-0 >> "Content-Length: 54[\r][\n]"
<2017-09-26 13:03:37> DEBUG [org.apache.http.wire] http-outgoing-0 >> "Host: branchtest.perfectomobile.com[\r][\n]"
<2017-09-26 13:03:37> DEBUG [org.apache.http.wire] http-outgoing-0 >> "Connection: Keep-Alive[\r][\n]"
<2017-09-26 13:03:37> DEBUG [org.apache.http.wire] http-outgoing-0 >> "User-Agent: Apache-HttpClient/4.5.2 (Java/1.8.0_121)[\r][\n]"
<2017-09-26 13:03:37> DEBUG [org.apache.http.wire] http-outgoing-0 >> "Cookie: JSESSIONID=F6E28E4994D1584E597DBDFCCCB1737E; fast_failed=true; fast_failed=true[\r][\n]"
<2017-09-26 13:03:37> DEBUG [org.apache.http.wire] http-outgoing-0 >> "Accept-Encoding: gzip,deflate[\r][\n]"
<2017-09-26 13:03:37> DEBUG [org.apache.http.wire] http-outgoing-0 >> "[\r][\n]"
<2017-09-26 13:03:37> DEBUG [org.apache.http.wire] http-outgoing-0 >> "{"using":"xpath","value":"(//*[@name='username'])[2]"}"
<2017-09-26 13:03:37> DEBUG [org.apache.http.wire] http-outgoing-0 << "HTTP/1.1 200 OK[\r][\n]"
<2017-09-26 13:03:37> DEBUG [org.apache.http.wire] http-outgoing-0 << "Server: nginx[\r][\n]"
<2017-09-26 13:03:37> DEBUG [org.apache.http.wire] http-outgoing-0 << "Date: Tue, 26 Sep 2017 10:03:33 GMT[\r][\n]"
<2017-09-26 13:03:37> DEBUG [org.apache.http.wire] http-outgoing-0 << "Content-Type: application/json;charset=utf-8[\r][\n]"
<2017-09-26 13:03:37> DEBUG [org.apache.http.wire] http-outgoing-0 << "Transfer-Encoding: chunked[\r][\n]"
<2017-09-26 13:03:37> DEBUG [org.apache.http.wire] http-outgoing-0 << "Connection: keep-alive[\r][\n]"
<2017-09-26 13:03:37> DEBUG [org.apache.http.wire] http-outgoing-0 << "Set-Cookie: JSESSIONID=F6E28E4994D1584E597DBDFCCCB1737E; Path=/nexperience/; HttpOnly[\r][\n]"
<2017-09-26 13:03:37> DEBUG [org.apache.http.wire] http-outgoing-0 << "Expires: Thu, 01 Jan 1970 00:00:00 GMT[\r][\n]"
<2017-09-26 13:03:37> DEBUG [org.apache.http.wire] http-outgoing-0 << "Cache-Control: no-cache[\r][\n]"
<2017-09-26 13:03:37> DEBUG [org.apache.http.wire] http-outgoing-0 << "Cache-Control: no-cache[\r][\n]"
<2017-09-26 13:03:37> DEBUG [org.apache.http.wire] http-outgoing-0 << "Expires: Thu, 01 Jan 1970 00:00:00 GMT[\r][\n]"
<2017-09-26 13:03:37> DEBUG [org.apache.http.wire] http-outgoing-0 << "Set-Cookie: fast_failed=true[\r][\n]"
<2017-09-26 13:03:37> DEBUG [org.apache.http.wire] http-outgoing-0 << "X-XSS-Protection: 2; mode=block[\r][\n]"
<2017-09-26 13:03:37> DEBUG [org.apache.http.wire] http-outgoing-0 << "Content-Encoding: gzip[\r][\n]"
<2017-09-26 13:03:37> DEBUG [org.apache.http.wire] http-outgoing-0 << "[\r][\n]"
<2017-09-26 13:03:37> DEBUG [org.apache.http.wire] http-outgoing-0 << "a0[\r][\n]"
<2017-09-26 13:03:37> DEBUG [org.apache.http.wire] http-outgoing-0 << "[0x1f][0x8b][0x8][0x0][0x0][0x0][0x0][0x0][0x0][0x3]-[0x8d]A[0xe][0x82]0[0x10][0x0][0xff][0xb2]g[0xda][0x0][0x5]B[0xb9][0x1a][0xe]&[0xea][0xc1][0xf8][0x81][0xd2]][0x95][0x4]Zd[0xa9][0x17][0xc2][0xdf][0xdd][0x83][0xd7][0xc9]Lf[0x7]&[0xe6]1[0x86]3B[0x7][0x3]V[0xbe]5[0x88]j[0xb0]hT[0xe5][0xb0]T[0xb6][0xac][0xad][0xaa][0x8c]k[0xc9][0x9a][0xda][0x93]]]>&#x7f;<![CDATA[B[0x6][0xbc][0xb9][0x8d]D[0xe7][0xe4][0xbd][0xd4]B[0xde][0xa7][0x88]BZS4e[0xde]46[0x83][0xaf][0x9b][0x92][0x90][0x1d][0xfa]K]]>&#x7f;<![CDATA[[0xed]o[0xf][0xd1][0xb]82[0xf0][0x93][0x93][0xa2][0x83][0xb8][0xbe]t\(|[0x9c]f[0x9a]([0x8c]i[0xd6]+[0xcd]q#}'^b`[0xfa][0x9f][0x92][0xe8][0xf9][0xf1][0x3][0xd2]D[0xaf]X[0xa9][0x0][0x0][0x0][\r][\n]"
<2017-09-26 13:03:37> DEBUG [org.apache.http.wire] http-outgoing-0 << "0[\r][\n]"
<2017-09-26 13:03:37> DEBUG [org.apache.http.wire] http-outgoing-0 << "[\r][\n]"
<2017-09-26 13:03:37> DEBUG [org.apache.http.headers] http-outgoing-0 << HTTP/1.1 200 OK
<2017-09-26 13:03:37> DEBUG [org.apache.http.headers] http-outgoing-0 << Server: nginx
<2017-09-26 13:03:37> DEBUG [org.apache.http.headers] http-outgoing-0 << Date: Tue, 26 Sep 2017 10:03:33 GMT
<2017-09-26 13:03:37> DEBUG [org.apache.http.headers] http-outgoing-0 << Content-Type: application/json;charset=utf-8
<2017-09-26 13:03:37> DEBUG [org.apache.http.headers] http-outgoing-0 << Transfer-Encoding: chunked
<2017-09-26 13:03:37> DEBUG [org.apache.http.headers] http-outgoing-0 << Connection: keep-alive
<2017-09-26 13:03:37> DEBUG [org.apache.http.headers] http-outgoing-0 << Set-Cookie: JSESSIONID=F6E28E4994D1584E597DBDFCCCB1737E; Path=/nexperience/; HttpOnly
<2017-09-26 13:03:37> DEBUG [org.apache.http.headers] http-outgoing-0 << Expires: Thu, 01 Jan 1970 00:00:00 GMT
<2017-09-26 13:03:37> DEBUG [org.apache.http.headers] http-outgoing-0 << Cache-Control: no-cache
<2017-09-26 13:03:37> DEBUG [org.apache.http.headers] http-outgoing-0 << Cache-Control: no-cache
<2017-09-26 13:03:37> DEBUG [org.apache.http.headers] http-outgoing-0 << Expires: Thu, 01 Jan 1970 00:00:00 GMT
<2017-09-26 13:03:37> DEBUG [org.apache.http.headers] http-outgoing-0 << Set-Cookie: fast_failed=true
<2017-09-26 13:03:37> DEBUG [org.apache.http.headers] http-outgoing-0 << X-XSS-Protection: 2; mode=block
<2017-09-26 13:03:37> DEBUG [org.apache.http.headers] http-outgoing-0 << Content-Encoding: gzip
<2017-09-26 13:03:37> DEBUG [o.a.h.i.execchain.MainClientExec] Connection can be kept alive indefinitely
<2017-09-26 13:03:37> DEBUG [o.a.h.c.p.ResponseProcessCookies] Cookie accepted [JSESSIONID="F6E28E4994D1584E597DBDFCCCB1737E", version:0, domain:branchtest.perfectomobile.com, path:/nexperience/, expiry:null]
<2017-09-26 13:03:37> DEBUG [o.a.h.c.p.ResponseProcessCookies] Cookie accepted [fast_failed="true", version:0, domain:branchtest.perfectomobile.com, path:/nexperience/perfectomobile/wd/hub/session/bd4c83dd-b9d3-4ad2-9259-43a8e935cecf, expiry:null]
<2017-09-26 13:03:37> DEBUG [o.a.h.i.c.PoolingHttpClientConnectionManager] Connection [id: 0][route: {s}->https://branchtest.perfectomobile.com:443] can be kept alive indefinitely
<2017-09-26 13:03:37> DEBUG [o.a.h.i.c.PoolingHttpClientConnectionManager] Connection released: [id: 0][route: {s}->https://branchtest.perfectomobile.com:443][total kept alive: 2; route allocated: 5 of 2000; total allocated: 5 of 2000]
<2017-09-26 13:03:37> DEBUG [o.a.h.c.p.RequestAddCookies] CookieSpec selected: default
<2017-09-26 13:03:37> DEBUG [o.a.h.c.p.RequestAddCookies] Cookie [version: 0][name: JSESSIONID][value: F6E28E4994D1584E597DBDFCCCB1737E][domain: branchtest.perfectomobile.com][path: /nexperience/][expiry: null] match [(secure)branchtest.perfectomobile.com:443/nexperience/perfectomobile/wd/hub/session/bd4c83dd-b9d3-4ad2-9259-43a8e935cecf/element/1/value]
<2017-09-26 13:03:37> DEBUG [o.a.h.c.p.RequestAddCookies] Cookie [version: 0][name: fast_failed][value: true][domain: branchtest.perfectomobile.com][path: /nexperience/perfectomobile/wd/hub][expiry: null] match [(secure)branchtest.perfectomobile.com:443/nexperience/perfectomobile/wd/hub/session/bd4c83dd-b9d3-4ad2-9259-43a8e935cecf/element/1/value]
<2017-09-26 13:03:37> DEBUG [o.a.h.c.p.RequestAddCookies] Cookie [version: 0][name: fast_failed][value: true][domain: branchtest.perfectomobile.com][path: /nexperience/perfectomobile/wd/hub/session/bd4c83dd-b9d3-4ad2-9259-43a8e935cecf][expiry: null] match [(secure)branchtest.perfectomobile.com:443/nexperience/perfectomobile/wd/hub/session/bd4c83dd-b9d3-4ad2-9259-43a8e935cecf/element/1/value]
<2017-09-26 13:03:37> DEBUG [o.a.h.c.p.RequestAuthCache] Auth cache not set in the context
<2017-09-26 13:03:37> DEBUG [o.a.h.i.c.PoolingHttpClientConnectionManager] Connection request: [route: {s}->https://branchtest.perfectomobile.com:443][total kept alive: 2; route allocated: 5 of 2000; total allocated: 5 of 2000]
<2017-09-26 13:03:37> DEBUG [o.a.h.i.c.PoolingHttpClientConnectionManager] Connection leased: [id: 0][route: {s}->https://branchtest.perfectomobile.com:443][total kept alive: 1; route allocated: 5 of 2000; total allocated: 5 of 2000]
<2017-09-26 13:03:37> DEBUG [o.a.h.i.execchain.MainClientExec] Stale connection check
<2017-09-26 13:03:37> DEBUG [org.apache.http.wire] http-outgoing-0 << "[read] I/O error: Read timed out"
<2017-09-26 13:03:37> DEBUG [o.a.h.i.c.DefaultManagedHttpClientConnection] http-outgoing-0: set socket timeout to 10800000
<2017-09-26 13:03:37> DEBUG [o.a.h.i.execchain.MainClientExec] Executing request POST /nexperience/perfectomobile/wd/hub/session/bd4c83dd-b9d3-4ad2-9259-43a8e935cecf/element/1/value HTTP/1.1
<2017-09-26 13:03:37> DEBUG [o.a.h.i.execchain.MainClientExec] Target auth state: UNCHALLENGED
<2017-09-26 13:03:37> DEBUG [o.a.h.i.execchain.MainClientExec] Proxy auth state: UNCHALLENGED
<2017-09-26 13:03:37> DEBUG [org.apache.http.headers] http-outgoing-0 >> POST /nexperience/perfectomobile/wd/hub/session/bd4c83dd-b9d3-4ad2-9259-43a8e935cecf/element/1/value HTTP/1.1
<2017-09-26 13:03:37> DEBUG [org.apache.http.headers] http-outgoing-0 >> Content-Type: application/json; charset=utf-8
<2017-09-26 13:03:37> DEBUG [org.apache.http.headers] http-outgoing-0 >> Content-Length: 28
<2017-09-26 13:03:37> DEBUG [org.apache.http.headers] http-outgoing-0 >> Host: branchtest.perfectomobile.com
<2017-09-26 13:03:37> DEBUG [org.apache.http.headers] http-outgoing-0 >> Connection: Keep-Alive
<2017-09-26 13:03:37> DEBUG [org.apache.http.headers] http-outgoing-0 >> User-Agent: Apache-HttpClient/4.5.2 (Java/1.8.0_121)
<2017-09-26 13:03:37> DEBUG [org.apache.http.headers] http-outgoing-0 >> Cookie: JSESSIONID=F6E28E4994D1584E597DBDFCCCB1737E; fast_failed=true; fast_failed=true
<2017-09-26 13:03:37> DEBUG [org.apache.http.headers] http-outgoing-0 >> Accept-Encoding: gzip,deflate
<2017-09-26 13:03:37> DEBUG [org.apache.http.wire] http-outgoing-0 >> "POST /nexperience/perfectomobile/wd/hub/session/bd4c83dd-b9d3-4ad2-9259-43a8e935cecf/element/1/value HTTP/1.1[\r][\n]"
<2017-09-26 13:03:37> DEBUG [org.apache.http.wire] http-outgoing-0 >> "Content-Type: application/json; charset=utf-8[\r][\n]"
<2017-09-26 13:03:37> DEBUG [org.apache.http.wire] http-outgoing-0 >> "Content-Length: 28[\r][\n]"
<2017-09-26 13:03:37> DEBUG [org.apache.http.wire] http-outgoing-0 >> "Host: branchtest.perfectomobile.com[\r][\n]"
<2017-09-26 13:03:37> DEBUG [org.apache.http.wire] http-outgoing-0 >> "Connection: Keep-Alive[\r][\n]"
<2017-09-26 13:03:37> DEBUG [org.apache.http.wire] http-outgoing-0 >> "User-Agent: Apache-HttpClient/4.5.2 (Java/1.8.0_121)[\r][\n]"
<2017-09-26 13:03:37> DEBUG [org.apache.http.wire] http-outgoing-0 >> "Cookie: JSESSIONID=F6E28E4994D1584E597DBDFCCCB1737E; fast_failed=true; fast_failed=true[\r][\n]"
<2017-09-26 13:03:37> DEBUG [org.apache.http.wire] http-outgoing-0 >> "Accept-Encoding: gzip,deflate[\r][\n]"
<2017-09-26 13:03:37> DEBUG [org.apache.http.wire] http-outgoing-0 >> "[\r][\n]"
<2017-09-26 13:03:37> DEBUG [org.apache.http.wire] http-outgoing-0 >> "{"id":"1","value":["liron"]}"
<2017-09-26 13:03:37> DEBUG [org.apache.http.wire] http-outgoing-0 << "HTTP/1.1 200 OK[\r][\n]"
<2017-09-26 13:03:37> DEBUG [org.apache.http.wire] http-outgoing-0 << "Server: nginx[\r][\n]"
<2017-09-26 13:03:37> DEBUG [org.apache.http.wire] http-outgoing-0 << "Date: Tue, 26 Sep 2017 10:03:34 GMT[\r][\n]"
<2017-09-26 13:03:37> DEBUG [org.apache.http.wire] http-outgoing-0 << "Content-Type: application/json;charset=utf-8[\r][\n]"
<2017-09-26 13:03:37> DEBUG [org.apache.http.wire] http-outgoing-0 << "Transfer-Encoding: chunked[\r][\n]"
<2017-09-26 13:03:37> DEBUG [org.apache.http.wire] http-outgoing-0 << "Connection: keep-alive[\r][\n]"
<2017-09-26 13:03:37> DEBUG [org.apache.http.wire] http-outgoing-0 << "Set-Cookie: JSESSIONID=F6E28E4994D1584E597DBDFCCCB1737E; Path=/nexperience/; HttpOnly[\r][\n]"
<2017-09-26 13:03:37> DEBUG [org.apache.http.wire] http-outgoing-0 << "Expires: Thu, 01 Jan 1970 00:00:00 GMT[\r][\n]"
<2017-09-26 13:03:37> DEBUG [org.apache.http.wire] http-outgoing-0 << "Cache-Control: no-cache[\r][\n]"
<2017-09-26 13:03:37> DEBUG [org.apache.http.wire] http-outgoing-0 << "Cache-Control: no-cache[\r][\n]"
<2017-09-26 13:03:37> DEBUG [org.apache.http.wire] http-outgoing-0 << "Expires: Thu, 01 Jan 1970 00:00:00 GMT[\r][\n]"
<2017-09-26 13:03:37> DEBUG [org.apache.http.wire] http-outgoing-0 << "Set-Cookie: fast_failed=true[\r][\n]"
<2017-09-26 13:03:37> DEBUG [org.apache.http.wire] http-outgoing-0 << "X-XSS-Protection: 2; mode=block[\r][\n]"
<2017-09-26 13:03:37> DEBUG [org.apache.http.wire] http-outgoing-0 << "Content-Encoding: gzip[\r][\n]"
<2017-09-26 13:03:37> DEBUG [org.apache.http.wire] http-outgoing-0 << "[\r][\n]"
<2017-09-26 13:03:37> DEBUG [org.apache.http.wire] http-outgoing-0 << "96[\r][\n]"
<2017-09-26 13:03:37> DEBUG [org.apache.http.wire] http-outgoing-0 << "[0x1f][0x8b][0x8][0x0][0x0][0x0][0x0][0x0][0x0][0x3]-[0xcc]1[0x12][0xc2] [0x10][0x85][0xe1][0xbb]l[0x1d][0x18][\r][0x81][0x84][0xb4]V[0xb6][0xde][0x80][0xb0][0xab]f[0x86]@[0xcc][0x82][0x8d][0xe3][0xdd][0xdd][0xc2][0xf6][0x9f][0xef][0xbd][0xf]01[0xaf]%_[0x11]fXp[0x88][0x93]AT[0x8b]G[0xa3][0x86][0x80][0xbd][0xf2][0xbd][0xf5]j0a"ol[0xa4]x[0x87][0xe][0xb8][0x86]J[0xc2][0xb9][0xc5](k)[0xcf]KA)g[0xe7][0xdc]8:[0xdb][0xbb][0xe][0xde]!5I[0xb9][0xa5][0xd4]ALA[0xdc][0xc][0xe5]x[0xe8][0xb2]S~[0x5][0xcd][0x94]([0xaf]m[0xd3][0x7]m[0xa5][0x92][0xbe][0x11][0xef]%3[0xfd][0xff][0x9b][0xf0][0xd3][0xf7][0x7][0xcf][0xcd][0xa3]t[0x9f][0x0][0x0][0x0][\r][\n]"
<2017-09-26 13:03:37> DEBUG [org.apache.http.wire] http-outgoing-0 << "0[\r][\n]"
<2017-09-26 13:03:37> DEBUG [org.apache.http.wire] http-outgoing-0 << "[\r][\n]"
<2017-09-26 13:03:37> DEBUG [org.apache.http.headers] http-outgoing-0 << HTTP/1.1 200 OK
<2017-09-26 13:03:37> DEBUG [org.apache.http.headers] http-outgoing-0 << Server: nginx
<2017-09-26 13:03:37> DEBUG [org.apache.http.headers] http-outgoing-0 << Date: Tue, 26 Sep 2017 10:03:34 GMT
<2017-09-26 13:03:37> DEBUG [org.apache.http.headers] http-outgoing-0 << Content-Type: application/json;charset=utf-8
<2017-09-26 13:03:37> DEBUG [org.apache.http.headers] http-outgoing-0 << Transfer-Encoding: chunked
<2017-09-26 13:03:37> DEBUG [org.apache.http.headers] http-outgoing-0 << Connection: keep-alive
<2017-09-26 13:03:37> DEBUG [org.apache.http.headers] http-outgoing-0 << Set-Cookie: JSESSIONID=F6E28E4994D1584E597DBDFCCCB1737E; Path=/nexperience/; HttpOnly
<2017-09-26 13:03:37> DEBUG [org.apache.http.headers] http-outgoing-0 << Expires: Thu, 01 Jan 1970 00:00:00 GMT
<2017-09-26 13:03:37> DEBUG [org.apache.http.headers] http-outgoing-0 << Cache-Control: no-cache
<2017-09-26 13:03:37> DEBUG [org.apache.http.headers] http-outgoing-0 << Cache-Control: no-cache
<2017-09-26 13:03:37> DEBUG [org.apache.http.headers] http-outgoing-0 << Expires: Thu, 01 Jan 1970 00:00:00 GMT
<2017-09-26 13:03:37> DEBUG [org.apache.http.headers] http-outgoing-0 << Set-Cookie: fast_failed=true
<2017-09-26 13:03:37> DEBUG [org.apache.http.headers] http-outgoing-0 << X-XSS-Protection: 2; mode=block
<2017-09-26 13:03:37> DEBUG [org.apache.http.headers] http-outgoing-0 << Content-Encoding: gzip
<2017-09-26 13:03:37> DEBUG [o.a.h.i.execchain.MainClientExec] Connection can be kept alive indefinitely
<2017-09-26 13:03:37> DEBUG [o.a.h.c.p.ResponseProcessCookies] Cookie accepted [JSESSIONID="F6E28E4994D1584E597DBDFCCCB1737E", version:0, domain:branchtest.perfectomobile.com, path:/nexperience/, expiry:null]
<2017-09-26 13:03:37> DEBUG [o.a.h.c.p.ResponseProcessCookies] Cookie accepted [fast_failed="true", version:0, domain:branchtest.perfectomobile.com, path:/nexperience/perfectomobile/wd/hub/session/bd4c83dd-b9d3-4ad2-9259-43a8e935cecf/element/1, expiry:null]
<2017-09-26 13:03:37> DEBUG [o.a.h.i.c.PoolingHttpClientConnectionManager] Connection [id: 0][route: {s}->https://branchtest.perfectomobile.com:443] can be kept alive indefinitely
<2017-09-26 13:03:37> DEBUG [o.a.h.i.c.PoolingHttpClientConnectionManager] Connection released: [id: 0][route: {s}->https://branchtest.perfectomobile.com:443][total kept alive: 2; route allocated: 5 of 2000; total allocated: 5 of 2000]
<2017-09-26 13:03:37> DEBUG [o.a.h.c.p.RequestAddCookies] CookieSpec selected: default
<2017-09-26 13:03:37> DEBUG [o.a.h.c.p.RequestAddCookies] Cookie [version: 0][name: JSESSIONID][value: F6E28E4994D1584E597DBDFCCCB1737E][domain: branchtest.perfectomobile.com][path: /nexperience/][expiry: null] match [(secure)branchtest.perfectomobile.com:443/nexperience/perfectomobile/wd/hub/session/bd4c83dd-b9d3-4ad2-9259-43a8e935cecf/element]
<2017-09-26 13:03:37> DEBUG [o.a.h.c.p.RequestAddCookies] Cookie [version: 0][name: fast_failed][value: true][domain: branchtest.perfectomobile.com][path: /nexperience/perfectomobile/wd/hub][expiry: null] match [(secure)branchtest.perfectomobile.com:443/nexperience/perfectomobile/wd/hub/session/bd4c83dd-b9d3-4ad2-9259-43a8e935cecf/element]
<2017-09-26 13:03:37> DEBUG [o.a.h.c.p.RequestAddCookies] Cookie [version: 0][name: fast_failed][value: true][domain: branchtest.perfectomobile.com][path: /nexperience/perfectomobile/wd/hub/session/bd4c83dd-b9d3-4ad2-9259-43a8e935cecf][expiry: null] match [(secure)branchtest.perfectomobile.com:443/nexperience/perfectomobile/wd/hub/session/bd4c83dd-b9d3-4ad2-9259-43a8e935cecf/element]
<2017-09-26 13:03:37> DEBUG [o.a.h.c.p.RequestAuthCache] Auth cache not set in the context
<2017-09-26 13:03:37> DEBUG [o.a.h.i.c.PoolingHttpClientConnectionManager] Connection request: [route: {s}->https://branchtest.perfectomobile.com:443][total kept alive: 2; route allocated: 5 of 2000; total allocated: 5 of 2000]
<2017-09-26 13:03:37> DEBUG [o.a.h.i.c.PoolingHttpClientConnectionManager] Connection leased: [id: 0][route: {s}->https://branchtest.perfectomobile.com:443][total kept alive: 1; route allocated: 5 of 2000; total allocated: 5 of 2000]
<2017-09-26 13:03:37> DEBUG [o.a.h.i.execchain.MainClientExec] Stale connection check
<2017-09-26 13:03:37> DEBUG [org.apache.http.wire] http-outgoing-0 << "[read] I/O error: Read timed out"
<2017-09-26 13:03:37> DEBUG [o.a.h.i.c.DefaultManagedHttpClientConnection] http-outgoing-0: set socket timeout to 10800000
<2017-09-26 13:03:37> DEBUG [o.a.h.i.execchain.MainClientExec] Executing request POST /nexperience/perfectomobile/wd/hub/session/bd4c83dd-b9d3-4ad2-9259-43a8e935cecf/element HTTP/1.1
<2017-09-26 13:03:37> DEBUG [o.a.h.i.execchain.MainClientExec] Target auth state: UNCHALLENGED
<2017-09-26 13:03:37> DEBUG [o.a.h.i.execchain.MainClientExec] Proxy auth state: UNCHALLENGED
<2017-09-26 13:03:37> DEBUG [org.apache.http.headers] http-outgoing-0 >> POST /nexperience/perfectomobile/wd/hub/session/bd4c83dd-b9d3-4ad2-9259-43a8e935cecf/element HTTP/1.1
<2017-09-26 13:03:37> DEBUG [org.apache.http.headers] http-outgoing-0 >> Content-Type: application/json; charset=utf-8
<2017-09-26 13:03:37> DEBUG [org.apache.http.headers] http-outgoing-0 >> Content-Length: 54
<2017-09-26 13:03:37> DEBUG [org.apache.http.headers] http-outgoing-0 >> Host: branchtest.perfectomobile.com
<2017-09-26 13:03:37> DEBUG [org.apache.http.headers] http-outgoing-0 >> Connection: Keep-Alive
<2017-09-26 13:03:37> DEBUG [org.apache.http.headers] http-outgoing-0 >> User-Agent: Apache-HttpClient/4.5.2 (Java/1.8.0_121)
<2017-09-26 13:03:37> DEBUG [org.apache.http.headers] http-outgoing-0 >> Cookie: JSESSIONID=F6E28E4994D1584E597DBDFCCCB1737E; fast_failed=true; fast_failed=true
<2017-09-26 13:03:37> DEBUG [org.apache.http.headers] http-outgoing-0 >> Accept-Encoding: gzip,deflate
<2017-09-26 13:03:37> DEBUG [org.apache.http.wire] http-outgoing-0 >> "POST /nexperience/perfectomobile/wd/hub/session/bd4c83dd-b9d3-4ad2-9259-43a8e935cecf/element HTTP/1.1[\r][\n]"
<2017-09-26 13:03:37> DEBUG [org.apache.http.wire] http-outgoing-0 >> "Content-Type: application/json; charset=utf-8[\r][\n]"
<2017-09-26 13:03:37> DEBUG [org.apache.http.wire] http-outgoing-0 >> "Content-Length: 54[\r][\n]"
<2017-09-26 13:03:37> DEBUG [org.apache.http.wire] http-outgoing-0 >> "Host: branchtest.perfectomobile.com[\r][\n]"
<2017-09-26 13:03:37> DEBUG [org.apache.http.wire] http-outgoing-0 >> "Connection: Keep-Alive[\r][\n]"
<2017-09-26 13:03:37> DEBUG [org.apache.http.wire] http-outgoing-0 >> "User-Agent: Apache-HttpClient/4.5.2 (Java/1.8.0_121)[\r][\n]"
<2017-09-26 13:03:37> DEBUG [org.apache.http.wire] http-outgoing-0 >> "Cookie: JSESSIONID=F6E28E4994D1584E597DBDFCCCB1737E; fast_failed=true; fast_failed=true[\r][\n]"
<2017-09-26 13:03:37> DEBUG [org.apache.http.wire] http-outgoing-0 >> "Accept-Encoding: gzip,deflate[\r][\n]"
<2017-09-26 13:03:37> DEBUG [org.apache.http.wire] http-outgoing-0 >> "[\r][\n]"
<2017-09-26 13:03:37> DEBUG [org.apache.http.wire] http-outgoing-0 >> "{"using":"xpath","value":"(//*[@name='password'])[2]"}"
<2017-09-26 13:03:38> DEBUG [org.apache.http.wire] http-outgoing-0 << "HTTP/1.1 200 OK[\r][\n]"
<2017-09-26 13:03:38> DEBUG [org.apache.http.wire] http-outgoing-0 << "Server: nginx[\r][\n]"
<2017-09-26 13:03:38> DEBUG [org.apache.http.wire] http-outgoing-0 << "Date: Tue, 26 Sep 2017 10:03:34 GMT[\r][\n]"
<2017-09-26 13:03:38> DEBUG [org.apache.http.wire] http-outgoing-0 << "Content-Type: application/json;charset=utf-8[\r][\n]"
<2017-09-26 13:03:38> DEBUG [org.apache.http.wire] http-outgoing-0 << "Transfer-Encoding: chunked[\r][\n]"
<2017-09-26 13:03:38> DEBUG [org.apache.http.wire] http-outgoing-0 << "Connection: keep-alive[\r][\n]"
<2017-09-26 13:03:38> DEBUG [org.apache.http.wire] http-outgoing-0 << "Set-Cookie: JSESSIONID=F6E28E4994D1584E597DBDFCCCB1737E; Path=/nexperience/; HttpOnly[\r][\n]"
<2017-09-26 13:03:38> DEBUG [org.apache.http.wire] http-outgoing-0 << "Expires: Thu, 01 Jan 1970 00:00:00 GMT[\r][\n]"
<2017-09-26 13:03:38> DEBUG [org.apache.http.wire] http-outgoing-0 << "Cache-Control: no-cache[\r][\n]"
<2017-09-26 13:03:38> DEBUG [org.apache.http.wire] http-outgoing-0 << "Cache-Control: no-cache[\r][\n]"
<2017-09-26 13:03:38> DEBUG [org.apache.http.wire] http-outgoing-0 << "Expires: Thu, 01 Jan 1970 00:00:00 GMT[\r][\n]"
<2017-09-26 13:03:38> DEBUG [org.apache.http.wire] http-outgoing-0 << "Set-Cookie: fast_failed=true[\r][\n]"
<2017-09-26 13:03:38> DEBUG [org.apache.http.wire] http-outgoing-0 << "X-XSS-Protection: 2; mode=block[\r][\n]"
<2017-09-26 13:03:38> DEBUG [org.apache.http.wire] http-outgoing-0 << "Content-Encoding: gzip[\r][\n]"
<2017-09-26 13:03:38> DEBUG [org.apache.http.wire] http-outgoing-0 << "[\r][\n]"
<2017-09-26 13:03:38> DEBUG [org.apache.http.wire] http-outgoing-0 << "a0[\r][\n]"
<2017-09-26 13:03:38> DEBUG [org.apache.http.wire] http-outgoing-0 << "[0x1f][0x8b][0x8][0x0][0x0][0x0][0x0][0x0][0x0][0x3]-[0x8d][0xcb][0xe][0x82]0[0x10][0x0][0xff]e[0xcf][0xb4][0x81]>[0x12][0xca][0xd5]p0Q[0xf][0xc6][0x1f]([0xed][0xaa]$[0xd0]"K[0xbd][0x10][0xfe][0xdd]=x[0x9d][0xcc]dv $[0x1a]s:G[0xe8]`[0x88]&[0xb4]:F1[0xb8][0xa8][0x85][0xf1]Q[0x9][0xa7][0xac][0x13]F[0xfb][0x16][0x9d][0xb6][0x1][0xc3][0x13]*[0xa0][0xcd]o[0xc8]:[0x95][0x10][0xb8]f[0xf2]>[0xe5][0xc8][0xa4][0xb1][0xb6]Q[0xb5]V[0xae][0xad][0xe0][0xeb][0xa7][0xc2]h[0x87][0xfe][0xd2]_[0xfb][0xdb][0x83]}[0x5]G[0x5]a[0xf2][0x9c]t[0x90][0xd7][0x97][0xcc][0xb][0xa6][0x8f][0x97][0x84][0x13][0xa6][0xb1][0xcc]r[0xc5]9o([0xef]HKN[0x84][0xff]Ua[0xbd]>~[0xb3][0xe2][0xe9][0xf][0xaa][0x0][0x0][0x0][\r][\n]"
<2017-09-26 13:03:38> DEBUG [org.apache.http.wire] http-outgoing-0 << "0[\r][\n]"
<2017-09-26 13:03:38> DEBUG [org.apache.http.wire] http-outgoing-0 << "[\r][\n]"
<2017-09-26 13:03:38> DEBUG [org.apache.http.headers] http-outgoing-0 << HTTP/1.1 200 OK
<2017-09-26 13:03:38> DEBUG [org.apache.http.headers] http-outgoing-0 << Server: nginx
<2017-09-26 13:03:38> DEBUG [org.apache.http.headers] http-outgoing-0 << Date: Tue, 26 Sep 2017 10:03:34 GMT
<2017-09-26 13:03:38> DEBUG [org.apache.http.headers] http-outgoing-0 << Content-Type: application/json;charset=utf-8
<2017-09-26 13:03:38> DEBUG [org.apache.http.headers] http-outgoing-0 << Transfer-Encoding: chunked
<2017-09-26 13:03:38> DEBUG [org.apache.http.headers] http-outgoing-0 << Connection: keep-alive
<2017-09-26 13:03:38> DEBUG [org.apache.http.headers] http-outgoing-0 << Set-Cookie: JSESSIONID=F6E28E4994D1584E597DBDFCCCB1737E; Path=/nexperience/; HttpOnly
<2017-09-26 13:03:38> DEBUG [org.apache.http.headers] http-outgoing-0 << Expires: Thu, 01 Jan 1970 00:00:00 GMT
<2017-09-26 13:03:38> DEBUG [org.apache.http.headers] http-outgoing-0 << Cache-Control: no-cache
<2017-09-26 13:03:38> DEBUG [org.apache.http.headers] http-outgoing-0 << Cache-Control: no-cache
<2017-09-26 13:03:38> DEBUG [org.apache.http.headers] http-outgoing-0 << Expires: Thu, 01 Jan 1970 00:00:00 GMT
<2017-09-26 13:03:38> DEBUG [org.apache.http.headers] http-outgoing-0 << Set-Cookie: fast_failed=true
<2017-09-26 13:03:38> DEBUG [org.apache.http.headers] http-outgoing-0 << X-XSS-Protection: 2; mode=block
<2017-09-26 13:03:38> DEBUG [org.apache.http.headers] http-outgoing-0 << Content-Encoding: gzip
<2017-09-26 13:03:38> DEBUG [o.a.h.i.execchain.MainClientExec] Connection can be kept alive indefinitely
<2017-09-26 13:03:38> DEBUG [o.a.h.c.p.ResponseProcessCookies] Cookie accepted [JSESSIONID="F6E28E4994D1584E597DBDFCCCB1737E", version:0, domain:branchtest.perfectomobile.com, path:/nexperience/, expiry:null]
<2017-09-26 13:03:38> DEBUG [o.a.h.c.p.ResponseProcessCookies] Cookie accepted [fast_failed="true", version:0, domain:branchtest.perfectomobile.com, path:/nexperience/perfectomobile/wd/hub/session/bd4c83dd-b9d3-4ad2-9259-43a8e935cecf, expiry:null]
<2017-09-26 13:03:38> DEBUG [o.a.h.i.c.PoolingHttpClientConnectionManager] Connection [id: 0][route: {s}->https://branchtest.perfectomobile.com:443] can be kept alive indefinitely
<2017-09-26 13:03:38> DEBUG [o.a.h.i.c.PoolingHttpClientConnectionManager] Connection released: [id: 0][route: {s}->https://branchtest.perfectomobile.com:443][total kept alive: 2; route allocated: 5 of 2000; total allocated: 5 of 2000]
<2017-09-26 13:03:38> DEBUG [o.a.h.c.p.RequestAddCookies] CookieSpec selected: default
<2017-09-26 13:03:38> DEBUG [o.a.h.c.p.RequestAddCookies] Cookie [version: 0][name: JSESSIONID][value: F6E28E4994D1584E597DBDFCCCB1737E][domain: branchtest.perfectomobile.com][path: /nexperience/][expiry: null] match [(secure)branchtest.perfectomobile.com:443/nexperience/perfectomobile/wd/hub/session/bd4c83dd-b9d3-4ad2-9259-43a8e935cecf/element/2/value]
<2017-09-26 13:03:38> DEBUG [o.a.h.c.p.RequestAddCookies] Cookie [version: 0][name: fast_failed][value: true][domain: branchtest.perfectomobile.com][path: /nexperience/perfectomobile/wd/hub][expiry: null] match [(secure)branchtest.perfectomobile.com:443/nexperience/perfectomobile/wd/hub/session/bd4c83dd-b9d3-4ad2-9259-43a8e935cecf/element/2/value]
<2017-09-26 13:03:38> DEBUG [o.a.h.c.p.RequestAddCookies] Cookie [version: 0][name: fast_failed][value: true][domain: branchtest.perfectomobile.com][path: /nexperience/perfectomobile/wd/hub/session/bd4c83dd-b9d3-4ad2-9259-43a8e935cecf][expiry: null] match [(secure)branchtest.perfectomobile.com:443/nexperience/perfectomobile/wd/hub/session/bd4c83dd-b9d3-4ad2-9259-43a8e935cecf/element/2/value]
<2017-09-26 13:03:38> DEBUG [o.a.h.c.p.RequestAuthCache] Auth cache not set in the context
<2017-09-26 13:03:38> DEBUG [o.a.h.i.c.PoolingHttpClientConnectionManager] Connection request: [route: {s}->https://branchtest.perfectomobile.com:443][total kept alive: 2; route allocated: 5 of 2000; total allocated: 5 of 2000]
<2017-09-26 13:03:38> DEBUG [o.a.h.i.c.PoolingHttpClientConnectionManager] Connection leased: [id: 0][route: {s}->https://branchtest.perfectomobile.com:443][total kept alive: 1; route allocated: 5 of 2000; total allocated: 5 of 2000]
<2017-09-26 13:03:38> DEBUG [o.a.h.i.execchain.MainClientExec] Stale connection check
<2017-09-26 13:03:38> DEBUG [org.apache.http.wire] http-outgoing-0 << "[read] I/O error: Read timed out"
<2017-09-26 13:03:38> DEBUG [o.a.h.i.c.DefaultManagedHttpClientConnection] http-outgoing-0: set socket timeout to 10800000
<2017-09-26 13:03:38> DEBUG [o.a.h.i.execchain.MainClientExec] Executing request POST /nexperience/perfectomobile/wd/hub/session/bd4c83dd-b9d3-4ad2-9259-43a8e935cecf/element/2/value HTTP/1.1
<2017-09-26 13:03:38> DEBUG [o.a.h.i.execchain.MainClientExec] Target auth state: UNCHALLENGED
<2017-09-26 13:03:38> DEBUG [o.a.h.i.execchain.MainClientExec] Proxy auth state: UNCHALLENGED
<2017-09-26 13:03:38> DEBUG [org.apache.http.headers] http-outgoing-0 >> POST /nexperience/perfectomobile/wd/hub/session/bd4c83dd-b9d3-4ad2-9259-43a8e935cecf/element/2/value HTTP/1.1
<2017-09-26 13:03:38> DEBUG [org.apache.http.headers] http-outgoing-0 >> Content-Type: application/json; charset=utf-8
<2017-09-26 13:03:38> DEBUG [org.apache.http.headers] http-outgoing-0 >> Content-Length: 29
<2017-09-26 13:03:38> DEBUG [org.apache.http.headers] http-outgoing-0 >> Host: branchtest.perfectomobile.com
<2017-09-26 13:03:38> DEBUG [org.apache.http.headers] http-outgoing-0 >> Connection: Keep-Alive
<2017-09-26 13:03:38> DEBUG [org.apache.http.headers] http-outgoing-0 >> User-Agent: Apache-HttpClient/4.5.2 (Java/1.8.0_121)
<2017-09-26 13:03:38> DEBUG [org.apache.http.headers] http-outgoing-0 >> Cookie: JSESSIONID=F6E28E4994D1584E597DBDFCCCB1737E; fast_failed=true; fast_failed=true
<2017-09-26 13:03:38> DEBUG [org.apache.http.headers] http-outgoing-0 >> Accept-Encoding: gzip,deflate
<2017-09-26 13:03:38> DEBUG [org.apache.http.wire] http-outgoing-0 >> "POST /nexperience/perfectomobile/wd/hub/session/bd4c83dd-b9d3-4ad2-9259-43a8e935cecf/element/2/value HTTP/1.1[\r][\n]"
<2017-09-26 13:03:38> DEBUG [org.apache.http.wire] http-outgoing-0 >> "Content-Type: application/json; charset=utf-8[\r][\n]"
<2017-09-26 13:03:38> DEBUG [org.apache.http.wire] http-outgoing-0 >> "Content-Length: 29[\r][\n]"
<2017-09-26 13:03:38> DEBUG [org.apache.http.wire] http-outgoing-0 >> "Host: branchtest.perfectomobile.com[\r][\n]"
<2017-09-26 13:03:38> DEBUG [org.apache.http.wire] http-outgoing-0 >> "Connection: Keep-Alive[\r][\n]"
<2017-09-26 13:03:38> DEBUG [org.apache.http.wire] http-outgoing-0 >> "User-Agent: Apache-HttpClient/4.5.2 (Java/1.8.0_121)[\r][\n]"
<2017-09-26 13:03:38> DEBUG [org.apache.http.wire] http-outgoing-0 >> "Cookie: JSESSIONID=F6E28E4994D1584E597DBDFCCCB1737E; fast_failed=true; fast_failed=true[\r][\n]"
<2017-09-26 13:03:38> DEBUG [org.apache.http.wire] http-outgoing-0 >> "Accept-Encoding: gzip,deflate[\r][\n]"
<2017-09-26 13:03:38> DEBUG [org.apache.http.wire] http-outgoing-0 >> "[\r][\n]"
<2017-09-26 13:03:38> DEBUG [org.apache.http.wire] http-outgoing-0 >> "{"id":"2","value":["123456"]}"
<2017-09-26 13:03:38> DEBUG [org.apache.http.wire] http-outgoing-0 << "HTTP/1.1 200 OK[\r][\n]"
<2017-09-26 13:03:38> DEBUG [org.apache.http.wire] http-outgoing-0 << "Server: nginx[\r][\n]"
<2017-09-26 13:03:38> DEBUG [org.apache.http.wire] http-outgoing-0 << "Date: Tue, 26 Sep 2017 10:03:35 GMT[\r][\n]"
<2017-09-26 13:03:38> DEBUG [org.apache.http.wire] http-outgoing-0 << "Content-Type: application/json;charset=utf-8[\r][\n]"
<2017-09-26 13:03:38> DEBUG [org.apache.http.wire] http-outgoing-0 << "Transfer-Encoding: chunked[\r][\n]"
<2017-09-26 13:03:38> DEBUG [org.apache.http.wire] http-outgoing-0 << "Connection: keep-alive[\r][\n]"
<2017-09-26 13:03:38> DEBUG [org.apache.http.wire] http-outgoing-0 << "Set-Cookie: JSESSIONID=F6E28E4994D1584E597DBDFCCCB1737E; Path=/nexperience/; HttpOnly[\r][\n]"
<2017-09-26 13:03:38> DEBUG [org.apache.http.wire] http-outgoing-0 << "Expires: Thu, 01 Jan 1970 00:00:00 GMT[\r][\n]"
<2017-09-26 13:03:38> DEBUG [org.apache.http.wire] http-outgoing-0 << "Cache-Control: no-cache[\r][\n]"
<2017-09-26 13:03:38> DEBUG [org.apache.http.wire] http-outgoing-0 << "Cache-Control: no-cache[\r][\n]"
<2017-09-26 13:03:38> DEBUG [org.apache.http.wire] http-outgoing-0 << "Expires: Thu, 01 Jan 1970 00:00:00 GMT[\r][\n]"
<2017-09-26 13:03:38> DEBUG [org.apache.http.wire] http-outgoing-0 << "Set-Cookie: fast_failed=true[\r][\n]"
<2017-09-26 13:03:38> DEBUG [org.apache.http.wire] http-outgoing-0 << "X-XSS-Protection: 2; mode=block[\r][\n]"
<2017-09-26 13:03:38> DEBUG [org.apache.http.wire] http-outgoing-0 << "Content-Encoding: gzip[\r][\n]"
<2017-09-26 13:03:38> DEBUG [org.apache.http.wire] http-outgoing-0 << "[\r][\n]"
<2017-09-26 13:03:38> DEBUG [org.apache.http.wire] http-outgoing-0 << "93[\r][\n]"
<2017-09-26 13:03:38> DEBUG [org.apache.http.wire] http-outgoing-0 << "[0x1f][0x8b][0x8][0x0][0x0][0x0][0x0][0x0][0x0][0x3]-[0xcc]1[0xe][0xc3] [0xc][0x85][0xe1][0xbb]x[0x6][0x84][0x2]H!k[0xa7][0xae][0xbd][0x1][0xc1]n[0x1b][0x89]@[0x1a]C[0x97][0xaa]w[0xaf][0x87][0xae][0xbf][0xbe][0xf7]>[0xc0][0xc4][0xbc][0xb5]zEX`E[0x9f]g[0x87][0xa8][0xd7][0x88]N[0xfb][0x84][0x93][0x8e]S[0x88][0xda][0xbb]4St!S[0xbe][0x83][0x2][0xee][0xa9][0x93]p[0x1e]9[0xcb]Z[0xca][0xf3][0xd2]P[0x8a]`[0xeb][0x83][0xf3]V[0xc1];[0x95]![0xa5][0x8e]R[0x14][0xe4][0x92][0x84]-[0xd0][0xce][0x87]i[0x7][0xd5]W2L[0x85][0xea]6vs[0xd2][0xde]:[0x99][0x1b][0xf1][0xd1]*[0xd3][0xff]~[0x8][0xb7][0xdf][0x1f][0x9][0xa0][0xab][0xaf][0x9e][0x0][0x0][0x0][\r][\n]"
<2017-09-26 13:03:38> DEBUG [org.apache.http.wire] http-outgoing-0 << "0[\r][\n]"
<2017-09-26 13:03:38> DEBUG [org.apache.http.wire] http-outgoing-0 << "[\r][\n]"
<2017-09-26 13:03:38> DEBUG [org.apache.http.headers] http-outgoing-0 << HTTP/1.1 200 OK
<2017-09-26 13:03:38> DEBUG [org.apache.http.headers] http-outgoing-0 << Server: nginx
<2017-09-26 13:03:38> DEBUG [org.apache.http.headers] http-outgoing-0 << Date: Tue, 26 Sep 2017 10:03:35 GMT
<2017-09-26 13:03:38> DEBUG [org.apache.http.headers] http-outgoing-0 << Content-Type: application/json;charset=utf-8
<2017-09-26 13:03:38> DEBUG [org.apache.http.headers] http-outgoing-0 << Transfer-Encoding: chunked
<2017-09-26 13:03:38> DEBUG [org.apache.http.headers] http-outgoing-0 << Connection: keep-alive
<2017-09-26 13:03:38> DEBUG [org.apache.http.headers] http-outgoing-0 << Set-Cookie: JSESSIONID=F6E28E4994D1584E597DBDFCCCB1737E; Path=/nexperience/; HttpOnly
<2017-09-26 13:03:38> DEBUG [org.apache.http.headers] http-outgoing-0 << Expires: Thu, 01 Jan 1970 00:00:00 GMT
<2017-09-26 13:03:38> DEBUG [org.apache.http.headers] http-outgoing-0 << Cache-Control: no-cache
<2017-09-26 13:03:38> DEBUG [org.apache.http.headers] http-outgoing-0 << Cache-Control: no-cache
<2017-09-26 13:03:38> DEBUG [org.apache.http.headers] http-outgoing-0 << Expires: Thu, 01 Jan 1970 00:00:00 GMT
<2017-09-26 13:03:38> DEBUG [org.apache.http.headers] http-outgoing-0 << Set-Cookie: fast_failed=true
<2017-09-26 13:03:38> DEBUG [org.apache.http.headers] http-outgoing-0 << X-XSS-Protection: 2; mode=block
<2017-09-26 13:03:38> DEBUG [org.apache.http.headers] http-outgoing-0 << Content-Encoding: gzip
<2017-09-26 13:03:38> DEBUG [o.a.h.i.execchain.MainClientExec] Connection can be kept alive indefinitely
<2017-09-26 13:03:38> DEBUG [o.a.h.c.p.ResponseProcessCookies] Cookie accepted [JSESSIONID="F6E28E4994D1584E597DBDFCCCB1737E", version:0, domain:branchtest.perfectomobile.com, path:/nexperience/, expiry:null]
<2017-09-26 13:03:38> DEBUG [o.a.h.c.p.ResponseProcessCookies] Cookie accepted [fast_failed="true", version:0, domain:branchtest.perfectomobile.com, path:/nexperience/perfectomobile/wd/hub/session/bd4c83dd-b9d3-4ad2-9259-43a8e935cecf/element/2, expiry:null]
<2017-09-26 13:03:38> DEBUG [o.a.h.i.c.PoolingHttpClientConnectionManager] Connection [id: 0][route: {s}->https://branchtest.perfectomobile.com:443] can be kept alive indefinitely
<2017-09-26 13:03:38> DEBUG [o.a.h.i.c.PoolingHttpClientConnectionManager] Connection released: [id: 0][route: {s}->https://branchtest.perfectomobile.com:443][total kept alive: 2; route allocated: 5 of 2000; total allocated: 5 of 2000]
<2017-09-26 13:03:39> DEBUG [org.apache.http.wire] http-outgoing-2 << "HTTP/1.1 200 OK[\r][\n]"
<2017-09-26 13:03:39> DEBUG [org.apache.http.wire] http-outgoing-2 << "Server: nginx[\r][\n]"
<2017-09-26 13:03:39> DEBUG [org.apache.http.wire] http-outgoing-2 << "Date: Tue, 26 Sep 2017 10:03:35 GMT[\r][\n]"
<2017-09-26 13:03:39> DEBUG [org.apache.http.wire] http-outgoing-2 << "Content-Type: application/json;charset=utf-8[\r][\n]"
<2017-09-26 13:03:39> DEBUG [org.apache.http.wire] http-outgoing-2 << "Transfer-Encoding: chunked[\r][\n]"
<2017-09-26 13:03:39> DEBUG [org.apache.http.wire] http-outgoing-2 << "Connection: keep-alive[\r][\n]"
<2017-09-26 13:03:39> DEBUG [org.apache.http.wire] http-outgoing-2 << "Set-Cookie: JSESSIONID=F6E28E4994D1584E597DBDFCCCB1737E; Path=/nexperience/; HttpOnly[\r][\n]"
<2017-09-26 13:03:39> DEBUG [org.apache.http.wire] http-outgoing-2 << "Expires: Thu, 01 Jan 1970 00:00:00 GMT[\r][\n]"
<2017-09-26 13:03:39> DEBUG [org.apache.http.wire] http-outgoing-2 << "Cache-Control: no-cache[\r][\n]"
<2017-09-26 13:03:39> DEBUG [org.apache.http.wire] http-outgoing-2 << "Cache-Control: no-cache[\r][\n]"
<2017-09-26 13:03:39> DEBUG [org.apache.http.wire] http-outgoing-2 << "Expires: Thu, 01 Jan 1970 00:00:00 GMT[\r][\n]"
<2017-09-26 13:03:39> DEBUG [org.apache.http.wire] http-outgoing-2 << "Set-Cookie: fast_failed=true[\r][\n]"
<2017-09-26 13:03:39> DEBUG [org.apache.http.wire] http-outgoing-2 << "X-XSS-Protection: 2; mode=block[\r][\n]"
<2017-09-26 13:03:39> DEBUG [org.apache.http.wire] http-outgoing-2 << "Content-Encoding: gzip[\r][\n]"
<2017-09-26 13:03:39> DEBUG [org.apache.http.wire] http-outgoing-2 << "[\r][\n]"
<2017-09-26 13:03:39> DEBUG [org.apache.http.wire] http-outgoing-2 << "96[\r][\n]"
<2017-09-26 13:03:39> DEBUG [org.apache.http.wire] http-outgoing-2 << "[0x1f][0x8b][0x8][0x0][0x0][0x0][0x0][0x0][0x0][0x3]-[0xcc]1[0x12][0xc2] [0x10][0x85][0xe1][0xbb]l[0x1d][0x18][0x12]B[0x8]i[0xad]l[0xbd][0x1][0xc2][0xaa][0x99]![0x90]d[0xc1][0xc6][0xf1][0xee]na[0xfb][0xcf][0xf7][0xde][0x7][0x8][0x89][0xd6][0x92][0xaf][0x11][0x16]03:kT[0x10][0xf7]1Nb[0xc4][0xe8][0x84][0xef][0x95][0x16][0xaa]]]>&#x7f;<![CDATA[8[0xa7][0xd1]N[0xb3][0x1e][0xa0][0x3][0xaa][0xbe]"sj![0xf0][0x9a][0xcb][0xeb]R"[0x97]Q[\r][0xda][0xe]F[0xf7][0x1d][0xbc]}j\rK[0xa9][0x83][0x90]<[0xb3][0x5][0xca][0xf9][0x94]e[0xc7]|xI[0x98]0[0xaf]m[0x93]'n[0xa5][0xa2][0xbc]![0xed]%[0x13][0xfe][0xef][0x1b]s[0xf5][0xfd][0x1][0x96][0xf9][0xb6][0x98][0x9e][0x0][0x0][0x0][\r][\n]"
<2017-09-26 13:03:39> DEBUG [org.apache.http.wire] http-outgoing-2 << "0[\r][\n]"
<2017-09-26 13:03:39> DEBUG [org.apache.http.wire] http-outgoing-2 << "[\r][\n]"
<2017-09-26 13:03:39> DEBUG [org.apache.http.headers] http-outgoing-2 << HTTP/1.1 200 OK
<2017-09-26 13:03:39> DEBUG [org.apache.http.headers] http-outgoing-2 << Server: nginx
<2017-09-26 13:03:39> DEBUG [org.apache.http.headers] http-outgoing-2 << Date: Tue, 26 Sep 2017 10:03:35 GMT
<2017-09-26 13:03:39> DEBUG [org.apache.http.headers] http-outgoing-2 << Content-Type: application/json;charset=utf-8
<2017-09-26 13:03:39> DEBUG [org.apache.http.headers] http-outgoing-2 << Transfer-Encoding: chunked
<2017-09-26 13:03:39> DEBUG [org.apache.http.headers] http-outgoing-2 << Connection: keep-alive
<2017-09-26 13:03:39> DEBUG [org.apache.http.headers] http-outgoing-2 << Set-Cookie: JSESSIONID=F6E28E4994D1584E597DBDFCCCB1737E; Path=/nexperience/; HttpOnly
<2017-09-26 13:03:39> DEBUG [org.apache.http.headers] http-outgoing-2 << Expires: Thu, 01 Jan 1970 00:00:00 GMT
<2017-09-26 13:03:39> DEBUG [org.apache.http.headers] http-outgoing-2 << Cache-Control: no-cache
<2017-09-26 13:03:39> DEBUG [org.apache.http.headers] http-outgoing-2 << Cache-Control: no-cache
<2017-09-26 13:03:39> DEBUG [org.apache.http.headers] http-outgoing-2 << Expires: Thu, 01 Jan 1970 00:00:00 GMT
<2017-09-26 13:03:39> DEBUG [org.apache.http.headers] http-outgoing-2 << Set-Cookie: fast_failed=true
<2017-09-26 13:03:39> DEBUG [org.apache.http.headers] http-outgoing-2 << X-XSS-Protection: 2; mode=block
<2017-09-26 13:03:39> DEBUG [org.apache.http.headers] http-outgoing-2 << Content-Encoding: gzip
<2017-09-26 13:03:39> DEBUG [o.a.h.i.execchain.MainClientExec] Connection can be kept alive indefinitely
<2017-09-26 13:03:39> DEBUG [o.a.h.c.p.ResponseProcessCookies] Cookie accepted [JSESSIONID="F6E28E4994D1584E597DBDFCCCB1737E", version:0, domain:branchtest.perfectomobile.com, path:/nexperience/, expiry:null]
<2017-09-26 13:03:39> DEBUG [o.a.h.c.p.ResponseProcessCookies] Cookie accepted [fast_failed="true", version:0, domain:branchtest.perfectomobile.com, path:/nexperience/perfectomobile/wd/hub/session/58e9750c-b4d6-4ed9-a103-01f993e76832, expiry:null]
<2017-09-26 13:03:39> DEBUG [o.a.h.i.c.PoolingHttpClientConnectionManager] Connection [id: 2][route: {s}->https://branchtest.perfectomobile.com:443] can be kept alive indefinitely
<2017-09-26 13:03:39> DEBUG [o.a.h.i.c.PoolingHttpClientConnectionManager] Connection released: [id: 2][route: {s}->https://branchtest.perfectomobile.com:443][total kept alive: 3; route allocated: 5 of 2000; total allocated: 5 of 2000]
<2017-09-26 13:03:39> DEBUG [o.a.h.c.p.RequestAddCookies] CookieSpec selected: default
<2017-09-26 13:03:39> DEBUG [o.a.h.c.p.RequestAddCookies] Cookie [version: 0][name: JSESSIONID][value: F6E28E4994D1584E597DBDFCCCB1737E][domain: branchtest.perfectomobile.com][path: /nexperience/][expiry: null] match [(secure)branchtest.perfectomobile.com:443/nexperience/perfectomobile/wd/hub/session/0f3f5f1e-acfb-4373-a011-faaf2224e779/execute]
<2017-09-26 13:03:39> DEBUG [o.a.h.c.p.RequestAddCookies] Cookie [version: 0][name: fast_failed][value: true][domain: branchtest.perfectomobile.com][path: /nexperience/perfectomobile/wd/hub][expiry: null] match [(secure)branchtest.perfectomobile.com:443/nexperience/perfectomobile/wd/hub/session/0f3f5f1e-acfb-4373-a011-faaf2224e779/execute]
<2017-09-26 13:03:39> DEBUG [o.a.h.c.p.RequestAddCookies] Cookie [version: 0][name: fast_failed][value: true][domain: branchtest.perfectomobile.com][path: /nexperience/perfectomobile/wd/hub/session/0f3f5f1e-acfb-4373-a011-faaf2224e779][expiry: null] match [(secure)branchtest.perfectomobile.com:443/nexperience/perfectomobile/wd/hub/session/0f3f5f1e-acfb-4373-a011-faaf2224e779/execute]
<2017-09-26 13:03:39> DEBUG [o.a.h.c.p.RequestAuthCache] Auth cache not set in the context
<2017-09-26 13:03:39> DEBUG [o.a.h.i.c.PoolingHttpClientConnectionManager] Connection request: [route: {s}->https://branchtest.perfectomobile.com:443][total kept alive: 3; route allocated: 5 of 2000; total allocated: 5 of 2000]
<2017-09-26 13:03:39> DEBUG [o.a.h.i.c.PoolingHttpClientConnectionManager] Connection leased: [id: 2][route: {s}->https://branchtest.perfectomobile.com:443][total kept alive: 2; route allocated: 5 of 2000; total allocated: 5 of 2000]
<2017-09-26 13:03:39> DEBUG [o.a.h.i.execchain.MainClientExec] Stale connection check
<2017-09-26 13:03:39> DEBUG [org.apache.http.wire] http-outgoing-2 << "[read] I/O error: Read timed out"
<2017-09-26 13:03:39> DEBUG [o.a.h.i.c.DefaultManagedHttpClientConnection] http-outgoing-2: set socket timeout to 10800000
<2017-09-26 13:03:39> DEBUG [o.a.h.i.execchain.MainClientExec] Executing request POST /nexperience/perfectomobile/wd/hub/session/0f3f5f1e-acfb-4373-a011-faaf2224e779/execute HTTP/1.1
<2017-09-26 13:03:39> DEBUG [o.a.h.i.execchain.MainClientExec] Target auth state: UNCHALLENGED
<2017-09-26 13:03:39> DEBUG [o.a.h.i.execchain.MainClientExec] Proxy auth state: UNCHALLENGED
<2017-09-26 13:03:39> DEBUG [org.apache.http.headers] http-outgoing-2 >> POST /nexperience/perfectomobile/wd/hub/session/0f3f5f1e-acfb-4373-a011-faaf2224e779/execute HTTP/1.1
<2017-09-26 13:03:39> DEBUG [org.apache.http.headers] http-outgoing-2 >> Content-Type: application/json; charset=utf-8
<2017-09-26 13:03:39> DEBUG [org.apache.http.headers] http-outgoing-2 >> Content-Length: 97
<2017-09-26 13:03:39> DEBUG [org.apache.http.headers] http-outgoing-2 >> Host: branchtest.perfectomobile.com
<2017-09-26 13:03:39> DEBUG [org.apache.http.headers] http-outgoing-2 >> Connection: Keep-Alive
<2017-09-26 13:03:39> DEBUG [org.apache.http.headers] http-outgoing-2 >> User-Agent: Apache-HttpClient/4.5.2 (Java/1.8.0_121)
<2017-09-26 13:03:39> DEBUG [org.apache.http.headers] http-outgoing-2 >> Cookie: JSESSIONID=F6E28E4994D1584E597DBDFCCCB1737E; fast_failed=true; fast_failed=true
<2017-09-26 13:03:39> DEBUG [org.apache.http.headers] http-outgoing-2 >> Accept-Encoding: gzip,deflate
<2017-09-26 13:03:39> DEBUG [org.apache.http.wire] http-outgoing-2 >> "POST /nexperience/perfectomobile/wd/hub/session/0f3f5f1e-acfb-4373-a011-faaf2224e779/execute HTTP/1.1[\r][\n]"
<2017-09-26 13:03:39> DEBUG [org.apache.http.wire] http-outgoing-2 >> "Content-Type: application/json; charset=utf-8[\r][\n]"
<2017-09-26 13:03:39> DEBUG [org.apache.http.wire] http-outgoing-2 >> "Content-Length: 97[\r][\n]"
<2017-09-26 13:03:39> DEBUG [org.apache.http.wire] http-outgoing-2 >> "Host: branchtest.perfectomobile.com[\r][\n]"
<2017-09-26 13:03:39> DEBUG [org.apache.http.wire] http-outgoing-2 >> "Connection: Keep-Alive[\r][\n]"
<2017-09-26 13:03:39> DEBUG [org.apache.http.wire] http-outgoing-2 >> "User-Agent: Apache-HttpClient/4.5.2 (Java/1.8.0_121)[\r][\n]"
<2017-09-26 13:03:39> DEBUG [org.apache.http.wire] http-outgoing-2 >> "Cookie: JSESSIONID=F6E28E4994D1584E597DBDFCCCB1737E; fast_failed=true; fast_failed=true[\r][\n]"
<2017-09-26 13:03:39> DEBUG [org.apache.http.wire] http-outgoing-2 >> "Accept-Encoding: gzip,deflate[\r][\n]"
<2017-09-26 13:03:39> DEBUG [org.apache.http.wire] http-outgoing-2 >> "[\r][\n]"
<2017-09-26 13:03:39> DEBUG [org.apache.http.wire] http-outgoing-2 >> "{"script":"mobile:text:select","args":[{"scrolling":"scroll","threshold":60,"content":"SUBMIT"}]}"
<2017-09-26 13:03:42> DEBUG [org.apache.http.wire] http-outgoing-1 << "HTTP/1.1 200 OK[\r][\n]"
<2017-09-26 13:03:42> DEBUG [org.apache.http.wire] http-outgoing-1 << "Server: nginx[\r][\n]"
<2017-09-26 13:03:42> DEBUG [org.apache.http.wire] http-outgoing-1 << "Date: Tue, 26 Sep 2017 10:03:38 GMT[\r][\n]"
<2017-09-26 13:03:42> DEBUG [org.apache.http.wire] http-outgoing-1 << "Content-Type: application/json;charset=utf-8[\r][\n]"
<2017-09-26 13:03:42> DEBUG [org.apache.http.wire] http-outgoing-1 << "Transfer-Encoding: chunked[\r][\n]"
<2017-09-26 13:03:42> DEBUG [org.apache.http.wire] http-outgoing-1 << "Connection: keep-alive[\r][\n]"
<2017-09-26 13:03:42> DEBUG [org.apache.http.wire] http-outgoing-1 << "Set-Cookie: JSESSIONID=F6E28E4994D1584E597DBDFCCCB1737E; Path=/nexperience/; HttpOnly[\r][\n]"
<2017-09-26 13:03:42> DEBUG [org.apache.http.wire] http-outgoing-1 << "Expires: Thu, 01 Jan 1970 00:00:00 GMT[\r][\n]"
<2017-09-26 13:03:42> DEBUG [org.apache.http.wire] http-outgoing-1 << "Cache-Control: no-cache[\r][\n]"
<2017-09-26 13:03:42> DEBUG [org.apache.http.wire] http-outgoing-1 << "Cache-Control: no-cache[\r][\n]"
<2017-09-26 13:03:42> DEBUG [org.apache.http.wire] http-outgoing-1 << "Expires: Thu, 01 Jan 1970 00:00:00 GMT[\r][\n]"
<2017-09-26 13:03:42> DEBUG [org.apache.http.wire] http-outgoing-1 << "Set-Cookie: fast_failed=true[\r][\n]"
<2017-09-26 13:03:42> DEBUG [org.apache.http.wire] http-outgoing-1 << "X-XSS-Protection: 2; mode=block[\r][\n]"
<2017-09-26 13:03:42> DEBUG [org.apache.http.wire] http-outgoing-1 << "Content-Encoding: gzip[\r][\n]"
<2017-09-26 13:03:42> DEBUG [org.apache.http.wire] http-outgoing-1 << "[\r][\n]"
<2017-09-26 13:03:42> DEBUG [org.apache.http.wire] http-outgoing-1 << "97[\r][\n]"
<2017-09-26 13:03:42> DEBUG [org.apache.http.wire] http-outgoing-1 << "[0x1f][0x8b][0x8][0x0][0x0][0x0][0x0][0x0][0x0][0x3]-[0xcc]1[0x12][0xc2] [0x10][0x85][0xe1][0xbb]l[0x1d][0x98][0x90] [0x81][0xb4]V[0xb6][0xde][0x0]a[0xd1][0xcc][0x10]H[0xb2][0xc1][0xc6][0xf1][0xee]na[0xfb][0xcf][0xf7][0xde][0x7][0x8][0x89][0x96]Zn[0x11]fp[0xe6]2*m[0x82]p[0xd1][0x8e]B[0xf7]F[0x9][0xdb][0xa7]$&[0xf3][0xb0][0x98]T[0x8a][0x83]v[0xd0][0x1][0x9d][0xfe]D[0xe6][0xd4]B[0xe0]5[0x97][0xd7][0xb5]F.j[0xb2][0x83][0x1b][0xf4]8[0xa9][0xe][0xde]>7N[0xa5][0xe5][0xdc]A[0xc8][0x9e][0xdd][0xc][0xf5]x[0xca][0xba]a[0xd9][0xbd]$[0xcc]X[0x96][0xb6][0xca][0x3][0xd7]z[0xa2][0xbc]#m[0xb5][0x10][0xfe][0xff][0x1b][0xf3][0xfe][0xfb][0x3][0xa7][0x99]!n[0x9f][0x0][0x0][0x0][\r][\n]"
<2017-09-26 13:03:42> DEBUG [org.apache.http.wire] http-outgoing-1 << "0[\r][\n]"
<2017-09-26 13:03:42> DEBUG [org.apache.http.wire] http-outgoing-1 << "[\r][\n]"
<2017-09-26 13:03:42> DEBUG [org.apache.http.headers] http-outgoing-1 << HTTP/1.1 200 OK
<2017-09-26 13:03:42> DEBUG [org.apache.http.headers] http-outgoing-1 << Server: nginx
<2017-09-26 13:03:42> DEBUG [org.apache.http.headers] http-outgoing-1 << Date: Tue, 26 Sep 2017 10:03:38 GMT
<2017-09-26 13:03:42> DEBUG [org.apache.http.headers] http-outgoing-1 << Content-Type: application/json;charset=utf-8
<2017-09-26 13:03:42> DEBUG [org.apache.http.headers] http-outgoing-1 << Transfer-Encoding: chunked
<2017-09-26 13:03:42> DEBUG [org.apache.http.headers] http-outgoing-1 << Connection: keep-alive
<2017-09-26 13:03:42> DEBUG [org.apache.http.headers] http-outgoing-1 << Set-Cookie: JSESSIONID=F6E28E4994D1584E597DBDFCCCB1737E; Path=/nexperience/; HttpOnly
<2017-09-26 13:03:42> DEBUG [org.apache.http.headers] http-outgoing-1 << Expires: Thu, 01 Jan 1970 00:00:00 GMT
<2017-09-26 13:03:42> DEBUG [org.apache.http.headers] http-outgoing-1 << Cache-Control: no-cache
<2017-09-26 13:03:42> DEBUG [org.apache.http.headers] http-outgoing-1 << Cache-Control: no-cache
<2017-09-26 13:03:42> DEBUG [org.apache.http.headers] http-outgoing-1 << Expires: Thu, 01 Jan 1970 00:00:00 GMT
<2017-09-26 13:03:42> DEBUG [org.apache.http.headers] http-outgoing-1 << Set-Cookie: fast_failed=true
<2017-09-26 13:03:42> DEBUG [org.apache.http.headers] http-outgoing-1 << X-XSS-Protection: 2; mode=block
<2017-09-26 13:03:42> DEBUG [org.apache.http.headers] http-outgoing-1 << Content-Encoding: gzip
<2017-09-26 13:03:42> DEBUG [o.a.h.i.execchain.MainClientExec] Connection can be kept alive indefinitely
<2017-09-26 13:03:42> DEBUG [o.a.h.c.p.ResponseProcessCookies] Cookie accepted [JSESSIONID="F6E28E4994D1584E597DBDFCCCB1737E", version:0, domain:branchtest.perfectomobile.com, path:/nexperience/, expiry:null]
<2017-09-26 13:03:42> DEBUG [o.a.h.c.p.ResponseProcessCookies] Cookie accepted [fast_failed="true", version:0, domain:branchtest.perfectomobile.com, path:/nexperience/perfectomobile/wd/hub/session/9653146c-9d83-4061-80ff-76b8ef1fd249, expiry:null]
<2017-09-26 13:03:42> DEBUG [o.a.h.i.c.PoolingHttpClientConnectionManager] Connection [id: 1][route: {s}->https://branchtest.perfectomobile.com:443] can be kept alive indefinitely
<2017-09-26 13:03:42> DEBUG [o.a.h.i.c.PoolingHttpClientConnectionManager] Connection released: [id: 1][route: {s}->https://branchtest.perfectomobile.com:443][total kept alive: 3; route allocated: 5 of 2000; total allocated: 5 of 2000]
<2017-09-26 13:03:42> DEBUG [org.apache.http.wire] http-outgoing-4 << "HTTP/1.1 200 OK[\r][\n]"
<2017-09-26 13:03:42> DEBUG [org.apache.http.wire] http-outgoing-4 << "Server: nginx[\r][\n]"
<2017-09-26 13:03:42> DEBUG [org.apache.http.wire] http-outgoing-4 << "Date: Tue, 26 Sep 2017 10:03:39 GMT[\r][\n]"
<2017-09-26 13:03:42> DEBUG [org.apache.http.wire] http-outgoing-4 << "Content-Type: application/json;charset=utf-8[\r][\n]"
<2017-09-26 13:03:42> DEBUG [org.apache.http.wire] http-outgoing-4 << "Transfer-Encoding: chunked[\r][\n]"
<2017-09-26 13:03:42> DEBUG [org.apache.http.wire] http-outgoing-4 << "Connection: keep-alive[\r][\n]"
<2017-09-26 13:03:42> DEBUG [org.apache.http.wire] http-outgoing-4 << "Set-Cookie: JSESSIONID=F6E28E4994D1584E597DBDFCCCB1737E; Path=/nexperience/; HttpOnly[\r][\n]"
<2017-09-26 13:03:42> DEBUG [org.apache.http.wire] http-outgoing-4 << "Expires: Thu, 01 Jan 1970 00:00:00 GMT[\r][\n]"
<2017-09-26 13:03:42> DEBUG [org.apache.http.wire] http-outgoing-4 << "Cache-Control: no-cache[\r][\n]"
<2017-09-26 13:03:42> DEBUG [org.apache.http.wire] http-outgoing-4 << "Cache-Control: no-cache[\r][\n]"
<2017-09-26 13:03:42> DEBUG [org.apache.http.wire] http-outgoing-4 << "Expires: Thu, 01 Jan 1970 00:00:00 GMT[\r][\n]"
<2017-09-26 13:03:42> DEBUG [org.apache.http.wire] http-outgoing-4 << "Set-Cookie: fast_failed=true[\r][\n]"
<2017-09-26 13:03:42> DEBUG [org.apache.http.wire] http-outgoing-4 << "X-XSS-Protection: 2; mode=block[\r][\n]"
<2017-09-26 13:03:42> DEBUG [org.apache.http.wire] http-outgoing-4 << "Content-Encoding: gzip[\r][\n]"
<2017-09-26 13:03:42> DEBUG [org.apache.http.wire] http-outgoing-4 << "[\r][\n]"
<2017-09-26 13:03:42> DEBUG [org.apache.http.wire] http-outgoing-4 << "96[\r][\n]"
<2017-09-26 13:03:42> DEBUG [org.apache.http.wire] http-outgoing-4 << "[0x1f][0x8b][0x8][0x0][0x0][0x0][0x0][0x0][0x0][0x3]-[0xcc]1[0x12][0x82]0[0x10][0x85][0xe1][0xbb]l[0x9d]d[0x80]@Xh[0xad]l[0xbd]AHVe&$[0xc8][0x12][0x1b][0xc7][0xbb][0xbb][0x85][0xed]?[0xdf]{[0x1f]`b^K[0xbe]F[0x98]![0x90][0xc3][0xa5][0xed][0x1a][0xed][0xdc][0xe4]t[0xef][0x87][0xa8]q[0xb2][0xa8][0xc7]p[0xef][0x97][0x85][0x10]m;[0x81][0x2]>[0xfd]I[0xc2][0xb9][0x86] k)[0xcf]K[0x89]R[0xdc]h[0x87][0xae]Gl[0x14][0xbc]}[0xaa]RrMIAH^[0xd8][0xc][0xe5]x[0x98][0xb2]S~y[0xc3][0x94]([0xaf]u3[0x7]m[0xe5]$s#[0xde]Kf[0xfa][0xdf]W[0xe1][0xcd][0xf7][0x7][0xa1][0x85][0xb8][0xc7][0x9e][0x0][0x0][0x0][\r][\n]"
<2017-09-26 13:03:42> DEBUG [org.apache.http.wire] http-outgoing-4 << "0[\r][\n]"
<2017-09-26 13:03:42> DEBUG [org.apache.http.wire] http-outgoing-4 << "[\r][\n]"
<2017-09-26 13:03:42> DEBUG [org.apache.http.headers] http-outgoing-4 << HTTP/1.1 200 OK
<2017-09-26 13:03:42> DEBUG [org.apache.http.headers] http-outgoing-4 << Server: nginx
<2017-09-26 13:03:42> DEBUG [org.apache.http.headers] http-outgoing-4 << Date: Tue, 26 Sep 2017 10:03:39 GMT
<2017-09-26 13:03:42> DEBUG [org.apache.http.headers] http-outgoing-4 << Content-Type: application/json;charset=utf-8
<2017-09-26 13:03:42> DEBUG [org.apache.http.headers] http-outgoing-4 << Transfer-Encoding: chunked
<2017-09-26 13:03:42> DEBUG [org.apache.http.headers] http-outgoing-4 << Connection: keep-alive
<2017-09-26 13:03:42> DEBUG [org.apache.http.headers] http-outgoing-4 << Set-Cookie: JSESSIONID=F6E28E4994D1584E597DBDFCCCB1737E; Path=/nexperience/; HttpOnly
<2017-09-26 13:03:42> DEBUG [org.apache.http.headers] http-outgoing-4 << Expires: Thu, 01 Jan 1970 00:00:00 GMT
<2017-09-26 13:03:42> DEBUG [org.apache.http.headers] http-outgoing-4 << Cache-Control: no-cache
<2017-09-26 13:03:42> DEBUG [org.apache.http.headers] http-outgoing-4 << Cache-Control: no-cache
<2017-09-26 13:03:42> DEBUG [org.apache.http.headers] http-outgoing-4 << Expires: Thu, 01 Jan 1970 00:00:00 GMT
<2017-09-26 13:03:42> DEBUG [org.apache.http.headers] http-outgoing-4 << Set-Cookie: fast_failed=true
<2017-09-26 13:03:42> DEBUG [org.apache.http.headers] http-outgoing-4 << X-XSS-Protection: 2; mode=block
<2017-09-26 13:03:42> DEBUG [org.apache.http.headers] http-outgoing-4 << Content-Encoding: gzip
<2017-09-26 13:03:42> DEBUG [o.a.h.i.execchain.MainClientExec] Connection can be kept alive indefinitely
<2017-09-26 13:03:42> DEBUG [o.a.h.c.p.ResponseProcessCookies] Cookie accepted [JSESSIONID="F6E28E4994D1584E597DBDFCCCB1737E", version:0, domain:branchtest.perfectomobile.com, path:/nexperience/, expiry:null]
<2017-09-26 13:03:42> DEBUG [o.a.h.c.p.ResponseProcessCookies] Cookie accepted [fast_failed="true", version:0, domain:branchtest.perfectomobile.com, path:/nexperience/perfectomobile/wd/hub/session/ce68b120-6696-4a5d-8938-7cf4bbe88319, expiry:null]
<2017-09-26 13:03:42> DEBUG [o.a.h.i.c.PoolingHttpClientConnectionManager] Connection [id: 4][route: {s}->https://branchtest.perfectomobile.com:443] can be kept alive indefinitely
<2017-09-26 13:03:42> DEBUG [o.a.h.i.c.PoolingHttpClientConnectionManager] Connection released: [id: 4][route: {s}->https://branchtest.perfectomobile.com:443][total kept alive: 4; route allocated: 5 of 2000; total allocated: 5 of 2000]
<2017-09-26 13:03:48> DEBUG [o.a.h.c.p.RequestAddCookies] CookieSpec selected: default
<2017-09-26 13:03:48> DEBUG [o.a.h.c.p.RequestAddCookies] Cookie [version: 0][name: JSESSIONID][value: F6E28E4994D1584E597DBDFCCCB1737E][domain: branchtest.perfectomobile.com][path: /nexperience/][expiry: null] match [(secure)branchtest.perfectomobile.com:443/nexperience/perfectomobile/wd/hub/session/bd4c83dd-b9d3-4ad2-9259-43a8e935cecf/execute]
<2017-09-26 13:03:48> DEBUG [o.a.h.c.p.RequestAddCookies] Cookie [version: 0][name: fast_failed][value: true][domain: branchtest.perfectomobile.com][path: /nexperience/perfectomobile/wd/hub][expiry: null] match [(secure)branchtest.perfectomobile.com:443/nexperience/perfectomobile/wd/hub/session/bd4c83dd-b9d3-4ad2-9259-43a8e935cecf/execute]
<2017-09-26 13:03:48> DEBUG [o.a.h.c.p.RequestAddCookies] Cookie [version: 0][name: fast_failed][value: true][domain: branchtest.perfectomobile.com][path: /nexperience/perfectomobile/wd/hub/session/bd4c83dd-b9d3-4ad2-9259-43a8e935cecf][expiry: null] match [(secure)branchtest.perfectomobile.com:443/nexperience/perfectomobile/wd/hub/session/bd4c83dd-b9d3-4ad2-9259-43a8e935cecf/execute]
<2017-09-26 13:03:48> DEBUG [o.a.h.c.p.RequestAuthCache] Auth cache not set in the context
<2017-09-26 13:03:48> DEBUG [o.a.h.i.c.PoolingHttpClientConnectionManager] Connection request: [route: {s}->https://branchtest.perfectomobile.com:443][total kept alive: 4; route allocated: 5 of 2000; total allocated: 5 of 2000]
<2017-09-26 13:03:48> DEBUG [org.apache.http.wire] http-outgoing-4 << "[read] I/O error: Read timed out"
<2017-09-26 13:03:48> DEBUG [o.a.h.i.c.PoolingHttpClientConnectionManager] Connection leased: [id: 4][route: {s}->https://branchtest.perfectomobile.com:443][total kept alive: 3; route allocated: 5 of 2000; total allocated: 5 of 2000]
<2017-09-26 13:03:48> DEBUG [o.a.h.i.execchain.MainClientExec] Stale connection check
<2017-09-26 13:03:48> DEBUG [org.apache.http.wire] http-outgoing-4 << "[read] I/O error: Read timed out"
<2017-09-26 13:03:48> DEBUG [o.a.h.i.c.DefaultManagedHttpClientConnection] http-outgoing-4: set socket timeout to 10800000
<2017-09-26 13:03:48> DEBUG [o.a.h.i.execchain.MainClientExec] Executing request POST /nexperience/perfectomobile/wd/hub/session/bd4c83dd-b9d3-4ad2-9259-43a8e935cecf/execute HTTP/1.1
<2017-09-26 13:03:48> DEBUG [o.a.h.i.execchain.MainClientExec] Target auth state: UNCHALLENGED
<2017-09-26 13:03:48> DEBUG [o.a.h.i.execchain.MainClientExec] Proxy auth state: UNCHALLENGED
<2017-09-26 13:03:48> DEBUG [org.apache.http.headers] http-outgoing-4 >> POST /nexperience/perfectomobile/wd/hub/session/bd4c83dd-b9d3-4ad2-9259-43a8e935cecf/execute HTTP/1.1
<2017-09-26 13:03:48> DEBUG [org.apache.http.headers] http-outgoing-4 >> Content-Type: application/json; charset=utf-8
<2017-09-26 13:03:48> DEBUG [org.apache.http.headers] http-outgoing-4 >> Content-Length: 97
<2017-09-26 13:03:48> DEBUG [org.apache.http.headers] http-outgoing-4 >> Host: branchtest.perfectomobile.com
<2017-09-26 13:03:48> DEBUG [org.apache.http.headers] http-outgoing-4 >> Connection: Keep-Alive
<2017-09-26 13:03:48> DEBUG [org.apache.http.headers] http-outgoing-4 >> User-Agent: Apache-HttpClient/4.5.2 (Java/1.8.0_121)
<2017-09-26 13:03:48> DEBUG [org.apache.http.headers] http-outgoing-4 >> Cookie: JSESSIONID=F6E28E4994D1584E597DBDFCCCB1737E; fast_failed=true; fast_failed=true
<2017-09-26 13:03:48> DEBUG [org.apache.http.headers] http-outgoing-4 >> Accept-Encoding: gzip,deflate
<2017-09-26 13:03:48> DEBUG [org.apache.http.wire] http-outgoing-4 >> "POST /nexperience/perfectomobile/wd/hub/session/bd4c83dd-b9d3-4ad2-9259-43a8e935cecf/execute HTTP/1.1[\r][\n]"
<2017-09-26 13:03:48> DEBUG [org.apache.http.wire] http-outgoing-4 >> "Content-Type: application/json; charset=utf-8[\r][\n]"
<2017-09-26 13:03:48> DEBUG [org.apache.http.wire] http-outgoing-4 >> "Content-Length: 97[\r][\n]"
<2017-09-26 13:03:48> DEBUG [org.apache.http.wire] http-outgoing-4 >> "Host: branchtest.perfectomobile.com[\r][\n]"
<2017-09-26 13:03:48> DEBUG [org.apache.http.wire] http-outgoing-4 >> "Connection: Keep-Alive[\r][\n]"
<2017-09-26 13:03:48> DEBUG [org.apache.http.wire] http-outgoing-4 >> "User-Agent: Apache-HttpClient/4.5.2 (Java/1.8.0_121)[\r][\n]"
<2017-09-26 13:03:48> DEBUG [org.apache.http.wire] http-outgoing-4 >> "Cookie: JSESSIONID=F6E28E4994D1584E597DBDFCCCB1737E; fast_failed=true; fast_failed=true[\r][\n]"
<2017-09-26 13:03:48> DEBUG [org.apache.http.wire] http-outgoing-4 >> "Accept-Encoding: gzip,deflate[\r][\n]"
<2017-09-26 13:03:48> DEBUG [org.apache.http.wire] http-outgoing-4 >> "[\r][\n]"
<2017-09-26 13:03:48> DEBUG [org.apache.http.wire] http-outgoing-4 >> "{"script":"mobile:text:select","args":[{"scrolling":"scroll","threshold":60,"content":"SUBMIT"}]}"
<2017-09-26 13:03:49> DEBUG [o.a.h.c.p.RequestAddCookies] CookieSpec selected: default
<2017-09-26 13:03:49> DEBUG [o.a.h.c.p.RequestAddCookies] Cookie [version: 0][name: JSESSIONID][value: F6E28E4994D1584E597DBDFCCCB1737E][domain: branchtest.perfectomobile.com][path: /nexperience/][expiry: null] match [(secure)branchtest.perfectomobile.com:443/nexperience/perfectomobile/wd/hub/session/58e9750c-b4d6-4ed9-a103-01f993e76832/execute]
<2017-09-26 13:03:49> DEBUG [o.a.h.c.p.RequestAddCookies] Cookie [version: 0][name: fast_failed][value: true][domain: branchtest.perfectomobile.com][path: /nexperience/perfectomobile/wd/hub][expiry: null] match [(secure)branchtest.perfectomobile.com:443/nexperience/perfectomobile/wd/hub/session/58e9750c-b4d6-4ed9-a103-01f993e76832/execute]
<2017-09-26 13:03:49> DEBUG [o.a.h.c.p.RequestAddCookies] Cookie [version: 0][name: fast_failed][value: true][domain: branchtest.perfectomobile.com][path: /nexperience/perfectomobile/wd/hub/session/58e9750c-b4d6-4ed9-a103-01f993e76832][expiry: null] match [(secure)branchtest.perfectomobile.com:443/nexperience/perfectomobile/wd/hub/session/58e9750c-b4d6-4ed9-a103-01f993e76832/execute]
<2017-09-26 13:03:49> DEBUG [o.a.h.c.p.RequestAuthCache] Auth cache not set in the context
<2017-09-26 13:03:49> DEBUG [o.a.h.i.c.PoolingHttpClientConnectionManager] Connection request: [route: {s}->https://branchtest.perfectomobile.com:443][total kept alive: 3; route allocated: 5 of 2000; total allocated: 5 of 2000]
<2017-09-26 13:03:49> DEBUG [org.apache.http.wire] http-outgoing-1 << "[read] I/O error: Read timed out"
<2017-09-26 13:03:49> DEBUG [o.a.h.i.c.PoolingHttpClientConnectionManager] Connection leased: [id: 1][route: {s}->https://branchtest.perfectomobile.com:443][total kept alive: 2; route allocated: 5 of 2000; total allocated: 5 of 2000]
<2017-09-26 13:03:49> DEBUG [o.a.h.i.execchain.MainClientExec] Stale connection check
<2017-09-26 13:03:49> DEBUG [org.apache.http.wire] http-outgoing-1 << "[read] I/O error: Read timed out"
<2017-09-26 13:03:49> DEBUG [o.a.h.i.c.DefaultManagedHttpClientConnection] http-outgoing-1: set socket timeout to 10800000
<2017-09-26 13:03:49> DEBUG [o.a.h.i.execchain.MainClientExec] Executing request POST /nexperience/perfectomobile/wd/hub/session/58e9750c-b4d6-4ed9-a103-01f993e76832/execute HTTP/1.1
<2017-09-26 13:03:49> DEBUG [o.a.h.i.execchain.MainClientExec] Target auth state: UNCHALLENGED
<2017-09-26 13:03:49> DEBUG [o.a.h.i.execchain.MainClientExec] Proxy auth state: UNCHALLENGED
<2017-09-26 13:03:49> DEBUG [org.apache.http.headers] http-outgoing-1 >> POST /nexperience/perfectomobile/wd/hub/session/58e9750c-b4d6-4ed9-a103-01f993e76832/execute HTTP/1.1
<2017-09-26 13:03:49> DEBUG [org.apache.http.headers] http-outgoing-1 >> Content-Type: application/json; charset=utf-8
<2017-09-26 13:03:49> DEBUG [org.apache.http.headers] http-outgoing-1 >> Content-Length: 54
<2017-09-26 13:03:49> DEBUG [org.apache.http.headers] http-outgoing-1 >> Host: branchtest.perfectomobile.com
<2017-09-26 13:03:49> DEBUG [org.apache.http.headers] http-outgoing-1 >> Connection: Keep-Alive
<2017-09-26 13:03:49> DEBUG [org.apache.http.headers] http-outgoing-1 >> User-Agent: Apache-HttpClient/4.5.2 (Java/1.8.0_121)
<2017-09-26 13:03:49> DEBUG [org.apache.http.headers] http-outgoing-1 >> Cookie: JSESSIONID=F6E28E4994D1584E597DBDFCCCB1737E; fast_failed=true; fast_failed=true
<2017-09-26 13:03:49> DEBUG [org.apache.http.headers] http-outgoing-1 >> Accept-Encoding: gzip,deflate
<2017-09-26 13:03:49> DEBUG [org.apache.http.wire] http-outgoing-1 >> "POST /nexperience/perfectomobile/wd/hub/session/58e9750c-b4d6-4ed9-a103-01f993e76832/execute HTTP/1.1[\r][\n]"
<2017-09-26 13:03:49> DEBUG [org.apache.http.wire] http-outgoing-1 >> "Content-Type: application/json; charset=utf-8[\r][\n]"
<2017-09-26 13:03:49> DEBUG [org.apache.http.wire] http-outgoing-1 >> "Content-Length: 54[\r][\n]"
<2017-09-26 13:03:49> DEBUG [org.apache.http.wire] http-outgoing-1 >> "Host: branchtest.perfectomobile.com[\r][\n]"
<2017-09-26 13:03:49> DEBUG [org.apache.http.wire] http-outgoing-1 >> "Connection: Keep-Alive[\r][\n]"
<2017-09-26 13:03:49> DEBUG [org.apache.http.wire] http-outgoing-1 >> "User-Agent: Apache-HttpClient/4.5.2 (Java/1.8.0_121)[\r][\n]"
<2017-09-26 13:03:49> DEBUG [org.apache.http.wire] http-outgoing-1 >> "Cookie: JSESSIONID=F6E28E4994D1584E597DBDFCCCB1737E; fast_failed=true; fast_failed=true[\r][\n]"
<2017-09-26 13:03:49> DEBUG [org.apache.http.wire] http-outgoing-1 >> "Accept-Encoding: gzip,deflate[\r][\n]"
<2017-09-26 13:03:49> DEBUG [org.apache.http.wire] http-outgoing-1 >> "[\r][\n]"
<2017-09-26 13:03:49> DEBUG [org.apache.http.wire] http-outgoing-1 >> "{"script":"mobile:step:end","args":[{"message":null}]}"
<2017-09-26 13:03:49> DEBUG [org.apache.http.wire] http-outgoing-1 << "HTTP/1.1 200 OK[\r][\n]"
<2017-09-26 13:03:49> DEBUG [org.apache.http.wire] http-outgoing-1 << "Server: nginx[\r][\n]"
<2017-09-26 13:03:49> DEBUG [org.apache.http.wire] http-outgoing-1 << "Date: Tue, 26 Sep 2017 10:03:45 GMT[\r][\n]"
<2017-09-26 13:03:49> DEBUG [org.apache.http.wire] http-outgoing-1 << "Content-Type: application/json;charset=utf-8[\r][\n]"
<2017-09-26 13:03:49> DEBUG [org.apache.http.wire] http-outgoing-1 << "Transfer-Encoding: chunked[\r][\n]"
<2017-09-26 13:03:49> DEBUG [org.apache.http.wire] http-outgoing-1 << "Connection: keep-alive[\r][\n]"
<2017-09-26 13:03:49> DEBUG [org.apache.http.wire] http-outgoing-1 << "Set-Cookie: JSESSIONID=F6E28E4994D1584E597DBDFCCCB1737E; Path=/nexperience/; HttpOnly[\r][\n]"
<2017-09-26 13:03:49> DEBUG [org.apache.http.wire] http-outgoing-1 << "Expires: Thu, 01 Jan 1970 00:00:00 GMT[\r][\n]"
<2017-09-26 13:03:49> DEBUG [org.apache.http.wire] http-outgoing-1 << "Cache-Control: no-cache[\r][\n]"
<2017-09-26 13:03:49> DEBUG [org.apache.http.wire] http-outgoing-1 << "Cache-Control: no-cache[\r][\n]"
<2017-09-26 13:03:49> DEBUG [org.apache.http.wire] http-outgoing-1 << "Expires: Thu, 01 Jan 1970 00:00:00 GMT[\r][\n]"
<2017-09-26 13:03:49> DEBUG [org.apache.http.wire] http-outgoing-1 << "Set-Cookie: fast_failed=true[\r][\n]"
<2017-09-26 13:03:49> DEBUG [org.apache.http.wire] http-outgoing-1 << "X-XSS-Protection: 2; mode=block[\r][\n]"
<2017-09-26 13:03:49> DEBUG [org.apache.http.wire] http-outgoing-1 << "Content-Encoding: gzip[\r][\n]"
<2017-09-26 13:03:49> DEBUG [org.apache.http.wire] http-outgoing-1 << "[\r][\n]"
<2017-09-26 13:03:49> DEBUG [org.apache.http.wire] http-outgoing-1 << "96[\r][\n]"
<2017-09-26 13:03:49> DEBUG [org.apache.http.wire] http-outgoing-1 << "[0x1f][0x8b][0x8][0x0][0x0][0x0][0x0][0x0][0x0][0x3]-[0xcc]1[0x12][0xc2] [0x10][0x85][0xe1][0xbb]l[\r][0xc]$$[0x84][0xb4]V[0xb6][0xde][0x0]a[0xd5][0xcc][0x10]H[0xb2][0xc1][0xc6][0xf1][0xee]na[0xfb][0xcf][0xf7][0xde][0x7][0x8][0x89][0x96]Z[0xae][0x9]f[0x18]&[0xf4]n[0xd0]Q[0xde]m[0x1a][0xa5][0xc5][0xe4]e0[0xba][0x97][0xda]<[0xbc][0xef][0xd1][0x8d]S[0xdf][0x81][0x0]:[0xc3][0x89][0xcc][0xa9][0xc5][0xc8]k.[0xaf]KM\[0xcc][0xa8][0xad][0xeb][0x9c]6[0x93][0x80]w[0xc8][0x8d]Si9[0xb][0x88]9[0xb0][0x9b][0xa1][0x1e]OU7,{P[0x84][0x19][0xcb][0xd2]Vu[0xe0]ZOT7[0xa4][0xad][0x16][0xc2][0xff]]]>&#x7f;<![CDATA[c[0xae][0xbf]?[0x8c][0x1f][0x6][0x86][0x9f][0x0][0x0][0x0][\r][\n]"
<2017-09-26 13:03:49> DEBUG [org.apache.http.wire] http-outgoing-1 << "0[\r][\n]"
<2017-09-26 13:03:49> DEBUG [org.apache.http.wire] http-outgoing-1 << "[\r][\n]"
<2017-09-26 13:03:49> DEBUG [org.apache.http.headers] http-outgoing-1 << HTTP/1.1 200 OK
<2017-09-26 13:03:49> DEBUG [org.apache.http.headers] http-outgoing-1 << Server: nginx
<2017-09-26 13:03:49> DEBUG [org.apache.http.headers] http-outgoing-1 << Date: Tue, 26 Sep 2017 10:03:45 GMT
<2017-09-26 13:03:49> DEBUG [org.apache.http.headers] http-outgoing-1 << Content-Type: application/json;charset=utf-8
<2017-09-26 13:03:49> DEBUG [org.apache.http.headers] http-outgoing-1 << Transfer-Encoding: chunked
<2017-09-26 13:03:49> DEBUG [org.apache.http.headers] http-outgoing-1 << Connection: keep-alive
<2017-09-26 13:03:49> DEBUG [org.apache.http.headers] http-outgoing-1 << Set-Cookie: JSESSIONID=F6E28E4994D1584E597DBDFCCCB1737E; Path=/nexperience/; HttpOnly
<2017-09-26 13:03:49> DEBUG [org.apache.http.headers] http-outgoing-1 << Expires: Thu, 01 Jan 1970 00:00:00 GMT
<2017-09-26 13:03:49> DEBUG [org.apache.http.headers] http-outgoing-1 << Cache-Control: no-cache
<2017-09-26 13:03:49> DEBUG [org.apache.http.headers] http-outgoing-1 << Cache-Control: no-cache
<2017-09-26 13:03:49> DEBUG [org.apache.http.headers] http-outgoing-1 << Expires: Thu, 01 Jan 1970 00:00:00 GMT
<2017-09-26 13:03:49> DEBUG [org.apache.http.headers] http-outgoing-1 << Set-Cookie: fast_failed=true
<2017-09-26 13:03:49> DEBUG [org.apache.http.headers] http-outgoing-1 << X-XSS-Protection: 2; mode=block
<2017-09-26 13:03:49> DEBUG [org.apache.http.headers] http-outgoing-1 << Content-Encoding: gzip
<2017-09-26 13:03:49> DEBUG [o.a.h.i.execchain.MainClientExec] Connection can be kept alive indefinitely
<2017-09-26 13:03:49> DEBUG [o.a.h.c.p.ResponseProcessCookies] Cookie accepted [JSESSIONID="F6E28E4994D1584E597DBDFCCCB1737E", version:0, domain:branchtest.perfectomobile.com, path:/nexperience/, expiry:null]
<2017-09-26 13:03:49> DEBUG [o.a.h.c.p.ResponseProcessCookies] Cookie accepted [fast_failed="true", version:0, domain:branchtest.perfectomobile.com, path:/nexperience/perfectomobile/wd/hub/session/58e9750c-b4d6-4ed9-a103-01f993e76832, expiry:null]
<2017-09-26 13:03:49> DEBUG [o.a.h.i.c.PoolingHttpClientConnectionManager] Connection [id: 1][route: {s}->https://branchtest.perfectomobile.com:443] can be kept alive indefinitely
<2017-09-26 13:03:49> DEBUG [o.a.h.i.c.PoolingHttpClientConnectionManager] Connection released: [id: 1][route: {s}->https://branchtest.perfectomobile.com:443][total kept alive: 3; route allocated: 5 of 2000; total allocated: 5 of 2000]
<2017-09-26 13:03:49> DEBUG [o.a.h.c.p.RequestAddCookies] CookieSpec selected: default
<2017-09-26 13:03:49> DEBUG [o.a.h.c.p.RequestAddCookies] Cookie [version: 0][name: JSESSIONID][value: F6E28E4994D1584E597DBDFCCCB1737E][domain: branchtest.perfectomobile.com][path: /nexperience/][expiry: null] match [(secure)branchtest.perfectomobile.com:443/nexperience/perfectomobile/wd/hub/session/58e9750c-b4d6-4ed9-a103-01f993e76832/execute]
<2017-09-26 13:03:49> DEBUG [o.a.h.c.p.RequestAddCookies] Cookie [version: 0][name: fast_failed][value: true][domain: branchtest.perfectomobile.com][path: /nexperience/perfectomobile/wd/hub][expiry: null] match [(secure)branchtest.perfectomobile.com:443/nexperience/perfectomobile/wd/hub/session/58e9750c-b4d6-4ed9-a103-01f993e76832/execute]
<2017-09-26 13:03:49> DEBUG [o.a.h.c.p.RequestAddCookies] Cookie [version: 0][name: fast_failed][value: true][domain: branchtest.perfectomobile.com][path: /nexperience/perfectomobile/wd/hub/session/58e9750c-b4d6-4ed9-a103-01f993e76832][expiry: null] match [(secure)branchtest.perfectomobile.com:443/nexperience/perfectomobile/wd/hub/session/58e9750c-b4d6-4ed9-a103-01f993e76832/execute]
<2017-09-26 13:03:49> DEBUG [o.a.h.c.p.RequestAuthCache] Auth cache not set in the context
<2017-09-26 13:03:49> DEBUG [o.a.h.i.c.PoolingHttpClientConnectionManager] Connection request: [route: {s}->https://branchtest.perfectomobile.com:443][total kept alive: 3; route allocated: 5 of 2000; total allocated: 5 of 2000]
<2017-09-26 13:03:49> DEBUG [o.a.h.i.c.PoolingHttpClientConnectionManager] Connection leased: [id: 1][route: {s}->https://branchtest.perfectomobile.com:443][total kept alive: 2; route allocated: 5 of 2000; total allocated: 5 of 2000]
<2017-09-26 13:03:49> DEBUG [o.a.h.i.execchain.MainClientExec] Stale connection check
<2017-09-26 13:03:49> DEBUG [org.apache.http.wire] http-outgoing-1 << "[read] I/O error: Read timed out"
<2017-09-26 13:03:49> DEBUG [o.a.h.i.c.DefaultManagedHttpClientConnection] http-outgoing-1: set socket timeout to 10800000
<2017-09-26 13:03:49> DEBUG [o.a.h.i.execchain.MainClientExec] Executing request POST /nexperience/perfectomobile/wd/hub/session/58e9750c-b4d6-4ed9-a103-01f993e76832/execute HTTP/1.1
<2017-09-26 13:03:49> DEBUG [o.a.h.i.execchain.MainClientExec] Target auth state: UNCHALLENGED
<2017-09-26 13:03:49> DEBUG [o.a.h.i.execchain.MainClientExec] Proxy auth state: UNCHALLENGED
<2017-09-26 13:03:49> DEBUG [org.apache.http.headers] http-outgoing-1 >> POST /nexperience/perfectomobile/wd/hub/session/58e9750c-b4d6-4ed9-a103-01f993e76832/execute HTTP/1.1
<2017-09-26 13:03:49> DEBUG [org.apache.http.headers] http-outgoing-1 >> Content-Type: application/json; charset=utf-8
<2017-09-26 13:03:49> DEBUG [org.apache.http.headers] http-outgoing-1 >> Content-Length: 61
<2017-09-26 13:03:49> DEBUG [org.apache.http.headers] http-outgoing-1 >> Host: branchtest.perfectomobile.com
<2017-09-26 13:03:49> DEBUG [org.apache.http.headers] http-outgoing-1 >> Connection: Keep-Alive
<2017-09-26 13:03:49> DEBUG [org.apache.http.headers] http-outgoing-1 >> User-Agent: Apache-HttpClient/4.5.2 (Java/1.8.0_121)
<2017-09-26 13:03:49> DEBUG [org.apache.http.headers] http-outgoing-1 >> Cookie: JSESSIONID=F6E28E4994D1584E597DBDFCCCB1737E; fast_failed=true; fast_failed=true
<2017-09-26 13:03:49> DEBUG [org.apache.http.headers] http-outgoing-1 >> Accept-Encoding: gzip,deflate
<2017-09-26 13:03:49> DEBUG [org.apache.http.wire] http-outgoing-1 >> "POST /nexperience/perfectomobile/wd/hub/session/58e9750c-b4d6-4ed9-a103-01f993e76832/execute HTTP/1.1[\r][\n]"
<2017-09-26 13:03:49> DEBUG [org.apache.http.wire] http-outgoing-1 >> "Content-Type: application/json; charset=utf-8[\r][\n]"
<2017-09-26 13:03:49> DEBUG [org.apache.http.wire] http-outgoing-1 >> "Content-Length: 61[\r][\n]"
<2017-09-26 13:03:49> DEBUG [org.apache.http.wire] http-outgoing-1 >> "Host: branchtest.perfectomobile.com[\r][\n]"
<2017-09-26 13:03:49> DEBUG [org.apache.http.wire] http-outgoing-1 >> "Connection: Keep-Alive[\r][\n]"
<2017-09-26 13:03:49> DEBUG [org.apache.http.wire] http-outgoing-1 >> "User-Agent: Apache-HttpClient/4.5.2 (Java/1.8.0_121)[\r][\n]"
<2017-09-26 13:03:49> DEBUG [org.apache.http.wire] http-outgoing-1 >> "Cookie: JSESSIONID=F6E28E4994D1584E597DBDFCCCB1737E; fast_failed=true; fast_failed=true[\r][\n]"
<2017-09-26 13:03:49> DEBUG [org.apache.http.wire] http-outgoing-1 >> "Accept-Encoding: gzip,deflate[\r][\n]"
<2017-09-26 13:03:49> DEBUG [org.apache.http.wire] http-outgoing-1 >> "[\r][\n]"
<2017-09-26 13:03:49> DEBUG [org.apache.http.wire] http-outgoing-1 >> "{"script":"mobile:step:start","args":[{"name":"Signing in"}]}"
<2017-09-26 13:03:49> DEBUG [org.apache.http.wire] http-outgoing-1 << "HTTP/1.1 200 OK[\r][\n]"
<2017-09-26 13:03:49> DEBUG [org.apache.http.wire] http-outgoing-1 << "Server: nginx[\r][\n]"
<2017-09-26 13:03:49> DEBUG [org.apache.http.wire] http-outgoing-1 << "Date: Tue, 26 Sep 2017 10:03:45 GMT[\r][\n]"
<2017-09-26 13:03:49> DEBUG [org.apache.http.wire] http-outgoing-1 << "Content-Type: application/json;charset=utf-8[\r][\n]"
<2017-09-26 13:03:49> DEBUG [org.apache.http.wire] http-outgoing-1 << "Transfer-Encoding: chunked[\r][\n]"
<2017-09-26 13:03:49> DEBUG [org.apache.http.wire] http-outgoing-1 << "Connection: keep-alive[\r][\n]"
<2017-09-26 13:03:49> DEBUG [org.apache.http.wire] http-outgoing-1 << "Set-Cookie: JSESSIONID=F6E28E4994D1584E597DBDFCCCB1737E; Path=/nexperience/; HttpOnly[\r][\n]"
<2017-09-26 13:03:49> DEBUG [org.apache.http.wire] http-outgoing-1 << "Expires: Thu, 01 Jan 1970 00:00:00 GMT[\r][\n]"
<2017-09-26 13:03:49> DEBUG [org.apache.http.wire] http-outgoing-1 << "Cache-Control: no-cache[\r][\n]"
<2017-09-26 13:03:49> DEBUG [org.apache.http.wire] http-outgoing-1 << "Cache-Control: no-cache[\r][\n]"
<2017-09-26 13:03:49> DEBUG [org.apache.http.wire] http-outgoing-1 << "Expires: Thu, 01 Jan 1970 00:00:00 GMT[\r][\n]"
<2017-09-26 13:03:49> DEBUG [org.apache.http.wire] http-outgoing-1 << "Set-Cookie: fast_failed=true[\r][\n]"
<2017-09-26 13:03:49> DEBUG [org.apache.http.wire] http-outgoing-1 << "X-XSS-Protection: 2; mode=block[\r][\n]"
<2017-09-26 13:03:49> DEBUG [org.apache.http.wire] http-outgoing-1 << "Content-Encoding: gzip[\r][\n]"
<2017-09-26 13:03:49> DEBUG [org.apache.http.wire] http-outgoing-1 << "[\r][\n]"
<2017-09-26 13:03:49> DEBUG [org.apache.http.wire] http-outgoing-1 << "94[\r][\n]"
<2017-09-26 13:03:49> DEBUG [org.apache.http.wire] http-outgoing-1 << "[0x1f][0x8b][0x8][0x0][0x0][0x0][0x0][0x0][0x0][0x3]-[0xcc][0xc1][0xe][0xc2] [0x10][0x4][0xd0]]]>&#x7f;<![CDATA[[0xd9]s!TJ[0x81]^=y[0xf5][0xf][0x10]Vm[0xd2]B[0xdb][0x5]/[0xc6]]]>&#x7f;<![CDATA[wM[0xbc][0xce][0xbc][0x99]7[0x10][0x12][0xcd]%_[0x12]L`[0x1c]zkT[0x14][0xb7]![0x8d]b[0xc0][0xe4]E[0xe8][0x95][0x16][0xaa][0xbf]{[0xaf][0xd1][0x8e]N[0x9f][0xa0][0x3][0xaa][0xa1]"sj1[0xf2][0x9a][0x93][0xe7][0xb9]$N[0xac]6zp[0xa3][0xe9];x[0x85][0xa5][0xfd][0xc][0x97]q[0x9][0x8c]&([0xc7]C[0x96][\r][0xf3][0x1e]$[0xe1][0x82]yn[0xab]<p-[0x15][0xe5][0x15]i+[0x99][0xf0]]]>&#x7f;<![CDATA[[0xde][0x98][0xab][0xcf][0x17][0x11][0xc6][0x0]K[0x9c][0x0][0x0][0x0][\r][\n]"
<2017-09-26 13:03:49> DEBUG [org.apache.http.wire] http-outgoing-1 << "0[\r][\n]"
<2017-09-26 13:03:49> DEBUG [org.apache.http.wire] http-outgoing-1 << "[\r][\n]"
<2017-09-26 13:03:49> DEBUG [org.apache.http.headers] http-outgoing-1 << HTTP/1.1 200 OK
<2017-09-26 13:03:49> DEBUG [org.apache.http.headers] http-outgoing-1 << Server: nginx
<2017-09-26 13:03:49> DEBUG [org.apache.http.headers] http-outgoing-1 << Date: Tue, 26 Sep 2017 10:03:45 GMT
<2017-09-26 13:03:49> DEBUG [org.apache.http.headers] http-outgoing-1 << Content-Type: application/json;charset=utf-8
<2017-09-26 13:03:49> DEBUG [org.apache.http.headers] http-outgoing-1 << Transfer-Encoding: chunked
<2017-09-26 13:03:49> DEBUG [org.apache.http.headers] http-outgoing-1 << Connection: keep-alive
<2017-09-26 13:03:49> DEBUG [org.apache.http.headers] http-outgoing-1 << Set-Cookie: JSESSIONID=F6E28E4994D1584E597DBDFCCCB1737E; Path=/nexperience/; HttpOnly
<2017-09-26 13:03:49> DEBUG [org.apache.http.headers] http-outgoing-1 << Expires: Thu, 01 Jan 1970 00:00:00 GMT
<2017-09-26 13:03:49> DEBUG [org.apache.http.headers] http-outgoing-1 << Cache-Control: no-cache
<2017-09-26 13:03:49> DEBUG [org.apache.http.headers] http-outgoing-1 << Cache-Control: no-cache
<2017-09-26 13:03:49> DEBUG [org.apache.http.headers] http-outgoing-1 << Expires: Thu, 01 Jan 1970 00:00:00 GMT
<2017-09-26 13:03:49> DEBUG [org.apache.http.headers] http-outgoing-1 << Set-Cookie: fast_failed=true
<2017-09-26 13:03:49> DEBUG [org.apache.http.headers] http-outgoing-1 << X-XSS-Protection: 2; mode=block
<2017-09-26 13:03:49> DEBUG [org.apache.http.headers] http-outgoing-1 << Content-Encoding: gzip
<2017-09-26 13:03:49> DEBUG [o.a.h.i.execchain.MainClientExec] Connection can be kept alive indefinitely
<2017-09-26 13:03:49> DEBUG [o.a.h.c.p.ResponseProcessCookies] Cookie accepted [JSESSIONID="F6E28E4994D1584E597DBDFCCCB1737E", version:0, domain:branchtest.perfectomobile.com, path:/nexperience/, expiry:null]
<2017-09-26 13:03:49> DEBUG [o.a.h.c.p.ResponseProcessCookies] Cookie accepted [fast_failed="true", version:0, domain:branchtest.perfectomobile.com, path:/nexperience/perfectomobile/wd/hub/session/58e9750c-b4d6-4ed9-a103-01f993e76832, expiry:null]
<2017-09-26 13:03:49> DEBUG [o.a.h.i.c.PoolingHttpClientConnectionManager] Connection [id: 1][route: {s}->https://branchtest.perfectomobile.com:443] can be kept alive indefinitely
<2017-09-26 13:03:49> DEBUG [o.a.h.i.c.PoolingHttpClientConnectionManager] Connection released: [id: 1][route: {s}->https://branchtest.perfectomobile.com:443][total kept alive: 3; route allocated: 5 of 2000; total allocated: 5 of 2000]
<2017-09-26 13:03:49> DEBUG [o.a.h.c.p.RequestAddCookies] CookieSpec selected: default
<2017-09-26 13:03:49> DEBUG [o.a.h.c.p.RequestAddCookies] Cookie [version: 0][name: JSESSIONID][value: F6E28E4994D1584E597DBDFCCCB1737E][domain: branchtest.perfectomobile.com][path: /nexperience/][expiry: null] match [(secure)branchtest.perfectomobile.com:443/nexperience/perfectomobile/wd/hub/session/58e9750c-b4d6-4ed9-a103-01f993e76832/element]
<2017-09-26 13:03:49> DEBUG [o.a.h.c.p.RequestAddCookies] Cookie [version: 0][name: fast_failed][value: true][domain: branchtest.perfectomobile.com][path: /nexperience/perfectomobile/wd/hub][expiry: null] match [(secure)branchtest.perfectomobile.com:443/nexperience/perfectomobile/wd/hub/session/58e9750c-b4d6-4ed9-a103-01f993e76832/element]
<2017-09-26 13:03:49> DEBUG [o.a.h.c.p.RequestAddCookies] Cookie [version: 0][name: fast_failed][value: true][domain: branchtest.perfectomobile.com][path: /nexperience/perfectomobile/wd/hub/session/58e9750c-b4d6-4ed9-a103-01f993e76832][expiry: null] match [(secure)branchtest.perfectomobile.com:443/nexperience/perfectomobile/wd/hub/session/58e9750c-b4d6-4ed9-a103-01f993e76832/element]
<2017-09-26 13:03:49> DEBUG [o.a.h.c.p.RequestAuthCache] Auth cache not set in the context
<2017-09-26 13:03:49> DEBUG [o.a.h.i.c.PoolingHttpClientConnectionManager] Connection request: [route: {s}->https://branchtest.perfectomobile.com:443][total kept alive: 3; route allocated: 5 of 2000; total allocated: 5 of 2000]
<2017-09-26 13:03:49> DEBUG [o.a.h.i.c.PoolingHttpClientConnectionManager] Connection leased: [id: 1][route: {s}->https://branchtest.perfectomobile.com:443][total kept alive: 2; route allocated: 5 of 2000; total allocated: 5 of 2000]
<2017-09-26 13:03:49> DEBUG [o.a.h.i.execchain.MainClientExec] Stale connection check
<2017-09-26 13:03:49> DEBUG [org.apache.http.wire] http-outgoing-1 << "[read] I/O error: Read timed out"
<2017-09-26 13:03:49> DEBUG [o.a.h.i.c.DefaultManagedHttpClientConnection] http-outgoing-1: set socket timeout to 10800000
<2017-09-26 13:03:49> DEBUG [o.a.h.i.execchain.MainClientExec] Executing request POST /nexperience/perfectomobile/wd/hub/session/58e9750c-b4d6-4ed9-a103-01f993e76832/element HTTP/1.1
<2017-09-26 13:03:49> DEBUG [o.a.h.i.execchain.MainClientExec] Target auth state: UNCHALLENGED
<2017-09-26 13:03:49> DEBUG [o.a.h.i.execchain.MainClientExec] Proxy auth state: UNCHALLENGED
<2017-09-26 13:03:49> DEBUG [org.apache.http.headers] http-outgoing-1 >> POST /nexperience/perfectomobile/wd/hub/session/58e9750c-b4d6-4ed9-a103-01f993e76832/element HTTP/1.1
<2017-09-26 13:03:49> DEBUG [org.apache.http.headers] http-outgoing-1 >> Content-Type: application/json; charset=utf-8
<2017-09-26 13:03:49> DEBUG [org.apache.http.headers] http-outgoing-1 >> Content-Length: 54
<2017-09-26 13:03:49> DEBUG [org.apache.http.headers] http-outgoing-1 >> Host: branchtest.perfectomobile.com
<2017-09-26 13:03:49> DEBUG [org.apache.http.headers] http-outgoing-1 >> Connection: Keep-Alive
<2017-09-26 13:03:49> DEBUG [org.apache.http.headers] http-outgoing-1 >> User-Agent: Apache-HttpClient/4.5.2 (Java/1.8.0_121)
<2017-09-26 13:03:49> DEBUG [org.apache.http.headers] http-outgoing-1 >> Cookie: JSESSIONID=F6E28E4994D1584E597DBDFCCCB1737E; fast_failed=true; fast_failed=true
<2017-09-26 13:03:49> DEBUG [org.apache.http.headers] http-outgoing-1 >> Accept-Encoding: gzip,deflate
<2017-09-26 13:03:49> DEBUG [org.apache.http.wire] http-outgoing-1 >> "POST /nexperience/perfectomobile/wd/hub/session/58e9750c-b4d6-4ed9-a103-01f993e76832/element HTTP/1.1[\r][\n]"
<2017-09-26 13:03:49> DEBUG [org.apache.http.wire] http-outgoing-1 >> "Content-Type: application/json; charset=utf-8[\r][\n]"
<2017-09-26 13:03:49> DEBUG [org.apache.http.wire] http-outgoing-1 >> "Content-Length: 54[\r][\n]"
<2017-09-26 13:03:49> DEBUG [org.apache.http.wire] http-outgoing-1 >> "Host: branchtest.perfectomobile.com[\r][\n]"
<2017-09-26 13:03:49> DEBUG [org.apache.http.wire] http-outgoing-1 >> "Connection: Keep-Alive[\r][\n]"
<2017-09-26 13:03:49> DEBUG [org.apache.http.wire] http-outgoing-1 >> "User-Agent: Apache-HttpClient/4.5.2 (Java/1.8.0_121)[\r][\n]"
<2017-09-26 13:03:49> DEBUG [org.apache.http.wire] http-outgoing-1 >> "Cookie: JSESSIONID=F6E28E4994D1584E597DBDFCCCB1737E; fast_failed=true; fast_failed=true[\r][\n]"
<2017-09-26 13:03:49> DEBUG [org.apache.http.wire] http-outgoing-1 >> "Accept-Encoding: gzip,deflate[\r][\n]"
<2017-09-26 13:03:49> DEBUG [org.apache.http.wire] http-outgoing-1 >> "[\r][\n]"
<2017-09-26 13:03:49> DEBUG [org.apache.http.wire] http-outgoing-1 >> "{"using":"xpath","value":"(//*[@name='username'])[2]"}"
<2017-09-26 13:03:49> DEBUG [org.apache.http.wire] http-outgoing-1 << "HTTP/1.1 200 OK[\r][\n]"
<2017-09-26 13:03:49> DEBUG [org.apache.http.wire] http-outgoing-1 << "Server: nginx[\r][\n]"
<2017-09-26 13:03:49> DEBUG [org.apache.http.wire] http-outgoing-1 << "Date: Tue, 26 Sep 2017 10:03:46 GMT[\r][\n]"
<2017-09-26 13:03:49> DEBUG [org.apache.http.wire] http-outgoing-1 << "Content-Type: application/json;charset=utf-8[\r][\n]"
<2017-09-26 13:03:49> DEBUG [org.apache.http.wire] http-outgoing-1 << "Transfer-Encoding: chunked[\r][\n]"
<2017-09-26 13:03:49> DEBUG [org.apache.http.wire] http-outgoing-1 << "Connection: keep-alive[\r][\n]"
<2017-09-26 13:03:49> DEBUG [org.apache.http.wire] http-outgoing-1 << "Set-Cookie: JSESSIONID=F6E28E4994D1584E597DBDFCCCB1737E; Path=/nexperience/; HttpOnly[\r][\n]"
<2017-09-26 13:03:49> DEBUG [org.apache.http.wire] http-outgoing-1 << "Expires: Thu, 01 Jan 1970 00:00:00 GMT[\r][\n]"
<2017-09-26 13:03:49> DEBUG [org.apache.http.wire] http-outgoing-1 << "Cache-Control: no-cache[\r][\n]"
<2017-09-26 13:03:49> DEBUG [org.apache.http.wire] http-outgoing-1 << "Cache-Control: no-cache[\r][\n]"
<2017-09-26 13:03:49> DEBUG [org.apache.http.wire] http-outgoing-1 << "Expires: Thu, 01 Jan 1970 00:00:00 GMT[\r][\n]"
<2017-09-26 13:03:49> DEBUG [org.apache.http.wire] http-outgoing-1 << "Set-Cookie: fast_failed=true[\r][\n]"
<2017-09-26 13:03:49> DEBUG [org.apache.http.wire] http-outgoing-1 << "X-XSS-Protection: 2; mode=block[\r][\n]"
<2017-09-26 13:03:49> DEBUG [org.apache.http.wire] http-outgoing-1 << "Content-Encoding: gzip[\r][\n]"
<2017-09-26 13:03:49> DEBUG [org.apache.http.wire] http-outgoing-1 << "[\r][\n]"
<2017-09-26 13:03:49> DEBUG [org.apache.http.wire] http-outgoing-1 << "a1[\r][\n]"
<2017-09-26 13:03:49> DEBUG [org.apache.http.wire] http-outgoing-1 << "[0x1f][0x8b][0x8][0x0][0x0][0x0][0x0][0x0][0x0][0x3]-[0x8d][0xcb][0xe][0xc2] [0x10][0x0][0xff]e[0xcf][0x85]@[0xe9][0xb][0xaf][0xa6][0x7][0x13][0xf5]`[0xfc][0x1][0x84]U[0x9b][0xb4]P[0xbb][0xc5]K[0xd3]]]>&#x7f;<![CDATA[w[0xf]^'3[0x99][\r][0x8][0x89][0x86][0x14]O[0x1][0xe]Pwh[0xdb]Zy[0xf1][0xa8]B#*[0xc]V8[0xad][0x8c]P[0xfa]i[0xad][0xc1][0xb6][0xe9]L[0x9][0x5][0xd0][0xea]Vd[0x9d][0xb2][0xf7]\3y[0x1f]S`[0xa2]K[0xd5]6[0xba]3[0xb5]-[0xe0][0xeb][0xc6][0xcc]h[0x83][0xfe][0xdc]_[0xfa][0xeb][0x9d]}[\r]{[0x1]~t[0x9c][0x1c] -/[0x99]f[0x8c][0x1f]'[0x9]G[0x8c]C[0x9e][0xe4][0x82]SZQ[0xde][0x90][0xe6][0x14][0x9][0xff][0xab][0xcc][0xba][0xda]]]>&#x7f;<![CDATA[[0xb4][0x9c][0x86]G[0xaa][0x0][0x0][0x0][\r][\n]"
<2017-09-26 13:03:49> DEBUG [org.apache.http.wire] http-outgoing-1 << "0[\r][\n]"
<2017-09-26 13:03:49> DEBUG [org.apache.http.wire] http-outgoing-1 << "[\r][\n]"
<2017-09-26 13:03:49> DEBUG [org.apache.http.headers] http-outgoing-1 << HTTP/1.1 200 OK
<2017-09-26 13:03:49> DEBUG [org.apache.http.headers] http-outgoing-1 << Server: nginx
<2017-09-26 13:03:49> DEBUG [org.apache.http.headers] http-outgoing-1 << Date: Tue, 26 Sep 2017 10:03:46 GMT
<2017-09-26 13:03:49> DEBUG [org.apache.http.headers] http-outgoing-1 << Content-Type: application/json;charset=utf-8
<2017-09-26 13:03:49> DEBUG [org.apache.http.headers] http-outgoing-1 << Transfer-Encoding: chunked
<2017-09-26 13:03:49> DEBUG [org.apache.http.headers] http-outgoing-1 << Connection: keep-alive
<2017-09-26 13:03:49> DEBUG [org.apache.http.headers] http-outgoing-1 << Set-Cookie: JSESSIONID=F6E28E4994D1584E597DBDFCCCB1737E; Path=/nexperience/; HttpOnly
<2017-09-26 13:03:49> DEBUG [org.apache.http.headers] http-outgoing-1 << Expires: Thu, 01 Jan 1970 00:00:00 GMT
<2017-09-26 13:03:49> DEBUG [org.apache.http.headers] http-outgoing-1 << Cache-Control: no-cache
<2017-09-26 13:03:49> DEBUG [org.apache.http.headers] http-outgoing-1 << Cache-Control: no-cache
<2017-09-26 13:03:49> DEBUG [org.apache.http.headers] http-outgoing-1 << Expires: Thu, 01 Jan 1970 00:00:00 GMT
<2017-09-26 13:03:49> DEBUG [org.apache.http.headers] http-outgoing-1 << Set-Cookie: fast_failed=true
<2017-09-26 13:03:49> DEBUG [org.apache.http.headers] http-outgoing-1 << X-XSS-Protection: 2; mode=block
<2017-09-26 13:03:49> DEBUG [org.apache.http.headers] http-outgoing-1 << Content-Encoding: gzip
<2017-09-26 13:03:49> DEBUG [o.a.h.i.execchain.MainClientExec] Connection can be kept alive indefinitely
<2017-09-26 13:03:49> DEBUG [o.a.h.c.p.ResponseProcessCookies] Cookie accepted [JSESSIONID="F6E28E4994D1584E597DBDFCCCB1737E", version:0, domain:branchtest.perfectomobile.com, path:/nexperience/, expiry:null]
<2017-09-26 13:03:49> DEBUG [o.a.h.c.p.ResponseProcessCookies] Cookie accepted [fast_failed="true", version:0, domain:branchtest.perfectomobile.com, path:/nexperience/perfectomobile/wd/hub/session/58e9750c-b4d6-4ed9-a103-01f993e76832, expiry:null]
<2017-09-26 13:03:49> DEBUG [o.a.h.i.c.PoolingHttpClientConnectionManager] Connection [id: 1][route: {s}->https://branchtest.perfectomobile.com:443] can be kept alive indefinitely
<2017-09-26 13:03:49> DEBUG [o.a.h.i.c.PoolingHttpClientConnectionManager] Connection released: [id: 1][route: {s}->https://branchtest.perfectomobile.com:443][total kept alive: 3; route allocated: 5 of 2000; total allocated: 5 of 2000]
<2017-09-26 13:03:49> DEBUG [o.a.h.c.p.RequestAddCookies] CookieSpec selected: default
<2017-09-26 13:03:49> DEBUG [o.a.h.c.p.RequestAddCookies] Cookie [version: 0][name: JSESSIONID][value: F6E28E4994D1584E597DBDFCCCB1737E][domain: branchtest.perfectomobile.com][path: /nexperience/][expiry: null] match [(secure)branchtest.perfectomobile.com:443/nexperience/perfectomobile/wd/hub/session/58e9750c-b4d6-4ed9-a103-01f993e76832/element/1/value]
<2017-09-26 13:03:49> DEBUG [o.a.h.c.p.RequestAddCookies] Cookie [version: 0][name: fast_failed][value: true][domain: branchtest.perfectomobile.com][path: /nexperience/perfectomobile/wd/hub][expiry: null] match [(secure)branchtest.perfectomobile.com:443/nexperience/perfectomobile/wd/hub/session/58e9750c-b4d6-4ed9-a103-01f993e76832/element/1/value]
<2017-09-26 13:03:49> DEBUG [o.a.h.c.p.RequestAddCookies] Cookie [version: 0][name: fast_failed][value: true][domain: branchtest.perfectomobile.com][path: /nexperience/perfectomobile/wd/hub/session/58e9750c-b4d6-4ed9-a103-01f993e76832][expiry: null] match [(secure)branchtest.perfectomobile.com:443/nexperience/perfectomobile/wd/hub/session/58e9750c-b4d6-4ed9-a103-01f993e76832/element/1/value]
<2017-09-26 13:03:49> DEBUG [o.a.h.c.p.RequestAuthCache] Auth cache not set in the context
<2017-09-26 13:03:49> DEBUG [o.a.h.i.c.PoolingHttpClientConnectionManager] Connection request: [route: {s}->https://branchtest.perfectomobile.com:443][total kept alive: 3; route allocated: 5 of 2000; total allocated: 5 of 2000]
<2017-09-26 13:03:49> DEBUG [o.a.h.i.c.PoolingHttpClientConnectionManager] Connection leased: [id: 1][route: {s}->https://branchtest.perfectomobile.com:443][total kept alive: 2; route allocated: 5 of 2000; total allocated: 5 of 2000]
<2017-09-26 13:03:49> DEBUG [o.a.h.i.execchain.MainClientExec] Stale connection check
<2017-09-26 13:03:49> DEBUG [org.apache.http.wire] http-outgoing-1 << "[read] I/O error: Read timed out"
<2017-09-26 13:03:49> DEBUG [o.a.h.i.c.DefaultManagedHttpClientConnection] http-outgoing-1: set socket timeout to 10800000
<2017-09-26 13:03:49> DEBUG [o.a.h.i.execchain.MainClientExec] Executing request POST /nexperience/perfectomobile/wd/hub/session/58e9750c-b4d6-4ed9-a103-01f993e76832/element/1/value HTTP/1.1
<2017-09-26 13:03:49> DEBUG [o.a.h.i.execchain.MainClientExec] Target auth state: UNCHALLENGED
<2017-09-26 13:03:49> DEBUG [o.a.h.i.execchain.MainClientExec] Proxy auth state: UNCHALLENGED
<2017-09-26 13:03:49> DEBUG [org.apache.http.headers] http-outgoing-1 >> POST /nexperience/perfectomobile/wd/hub/session/58e9750c-b4d6-4ed9-a103-01f993e76832/element/1/value HTTP/1.1
<2017-09-26 13:03:49> DEBUG [org.apache.http.headers] http-outgoing-1 >> Content-Type: application/json; charset=utf-8
<2017-09-26 13:03:49> DEBUG [org.apache.http.headers] http-outgoing-1 >> Content-Length: 28
<2017-09-26 13:03:49> DEBUG [org.apache.http.headers] http-outgoing-1 >> Host: branchtest.perfectomobile.com
<2017-09-26 13:03:49> DEBUG [org.apache.http.headers] http-outgoing-1 >> Connection: Keep-Alive
<2017-09-26 13:03:49> DEBUG [org.apache.http.headers] http-outgoing-1 >> User-Agent: Apache-HttpClient/4.5.2 (Java/1.8.0_121)
<2017-09-26 13:03:49> DEBUG [org.apache.http.headers] http-outgoing-1 >> Cookie: JSESSIONID=F6E28E4994D1584E597DBDFCCCB1737E; fast_failed=true; fast_failed=true
<2017-09-26 13:03:49> DEBUG [org.apache.http.headers] http-outgoing-1 >> Accept-Encoding: gzip,deflate
<2017-09-26 13:03:49> DEBUG [org.apache.http.wire] http-outgoing-1 >> "POST /nexperience/perfectomobile/wd/hub/session/58e9750c-b4d6-4ed9-a103-01f993e76832/element/1/value HTTP/1.1[\r][\n]"
<2017-09-26 13:03:49> DEBUG [org.apache.http.wire] http-outgoing-1 >> "Content-Type: application/json; charset=utf-8[\r][\n]"
<2017-09-26 13:03:49> DEBUG [org.apache.http.wire] http-outgoing-1 >> "Content-Length: 28[\r][\n]"
<2017-09-26 13:03:49> DEBUG [org.apache.http.wire] http-outgoing-1 >> "Host: branchtest.perfectomobile.com[\r][\n]"
<2017-09-26 13:03:49> DEBUG [org.apache.http.wire] http-outgoing-1 >> "Connection: Keep-Alive[\r][\n]"
<2017-09-26 13:03:49> DEBUG [org.apache.http.wire] http-outgoing-1 >> "User-Agent: Apache-HttpClient/4.5.2 (Java/1.8.0_121)[\r][\n]"
<2017-09-26 13:03:49> DEBUG [org.apache.http.wire] http-outgoing-1 >> "Cookie: JSESSIONID=F6E28E4994D1584E597DBDFCCCB1737E; fast_failed=true; fast_failed=true[\r][\n]"
<2017-09-26 13:03:49> DEBUG [org.apache.http.wire] http-outgoing-1 >> "Accept-Encoding: gzip,deflate[\r][\n]"
<2017-09-26 13:03:49> DEBUG [org.apache.http.wire] http-outgoing-1 >> "[\r][\n]"
<2017-09-26 13:03:49> DEBUG [org.apache.http.wire] http-outgoing-1 >> "{"id":"1","value":["liron"]}"
<2017-09-26 13:03:51> DEBUG [org.apache.http.wire] http-outgoing-1 << "HTTP/1.1 200 OK[\r][\n]"
<2017-09-26 13:03:51> DEBUG [org.apache.http.wire] http-outgoing-1 << "Server: nginx[\r][\n]"
<2017-09-26 13:03:51> DEBUG [org.apache.http.wire] http-outgoing-1 << "Date: Tue, 26 Sep 2017 10:03:47 GMT[\r][\n]"
<2017-09-26 13:03:51> DEBUG [org.apache.http.wire] http-outgoing-1 << "Content-Type: application/json;charset=utf-8[\r][\n]"
<2017-09-26 13:03:51> DEBUG [org.apache.http.wire] http-outgoing-1 << "Transfer-Encoding: chunked[\r][\n]"
<2017-09-26 13:03:51> DEBUG [org.apache.http.wire] http-outgoing-1 << "Connection: keep-alive[\r][\n]"
<2017-09-26 13:03:51> DEBUG [org.apache.http.wire] http-outgoing-1 << "Set-Cookie: JSESSIONID=F6E28E4994D1584E597DBDFCCCB1737E; Path=/nexperience/; HttpOnly[\r][\n]"
<2017-09-26 13:03:51> DEBUG [org.apache.http.wire] http-outgoing-1 << "Expires: Thu, 01 Jan 1970 00:00:00 GMT[\r][\n]"
<2017-09-26 13:03:51> DEBUG [org.apache.http.wire] http-outgoing-1 << "Cache-Control: no-cache[\r][\n]"
<2017-09-26 13:03:51> DEBUG [org.apache.http.wire] http-outgoing-1 << "Cache-Control: no-cache[\r][\n]"
<2017-09-26 13:03:51> DEBUG [org.apache.http.wire] http-outgoing-1 << "Expires: Thu, 01 Jan 1970 00:00:00 GMT[\r][\n]"
<2017-09-26 13:03:51> DEBUG [org.apache.http.wire] http-outgoing-1 << "Set-Cookie: fast_failed=true[\r][\n]"
<2017-09-26 13:03:51> DEBUG [org.apache.http.wire] http-outgoing-1 << "X-XSS-Protection: 2; mode=block[\r][\n]"
<2017-09-26 13:03:51> DEBUG [org.apache.http.wire] http-outgoing-1 << "Content-Encoding: gzip[\r][\n]"
<2017-09-26 13:03:51> DEBUG [org.apache.http.wire] http-outgoing-1 << "[\r][\n]"
<2017-09-26 13:03:51> DEBUG [org.apache.http.wire] http-outgoing-1 << "96[\r][\n]"
<2017-09-26 13:03:51> DEBUG [org.apache.http.wire] http-outgoing-1 << "[0x1f][0x8b][0x8][0x0][0x0][0x0][0x0][0x0][0x0][0x3]-[0xcc][0xbb][0x12][0xc2] [0x10][0x85][0xe1]w[0xd9][0x1a][0x18]r[0x1]BZ+[[0xdf][0x0]a[0xd5][0xcc][0x10]H[0xb2][0xc1][0xc6][0xf1][0xdd][0xdd][0xc2][0xf6][0x9f][0xef][0x9c][0xf][0x10][0x12]-[0xb5]\[0x13][0xcc]`&[0xf4][0xce][0xe8]([0xef]c[0xb2]r[0xc4][0xe4]e[0xe8][0xf4] u[0xf7][0xf0]~@g[0xa7][0xa1][0x7][0x1]t[0x86][0x13][0x99]S[0x8b][0x91][0xd7]\^[0x97][0x9a][0xb8]t[0xda]:[0xd7][0x1b][0xe3][0xb4][0x80]w[0xc8][0x8d]Si9[0xb][0x88]9[0xb0][0x9b][0xa1][0x1e]OU7,{P[0x84][0x19][0xcb][0xd2]Vu[0xe0]ZOT7[0xa4][0xad][0x16][0xc2][0xff]]]>&#x7f;<![CDATA[c[0xae][0xbf]?5[0xea]L[0xb2][0x9f][0x0][0x0][0x0][\r][\n]"
<2017-09-26 13:03:51> DEBUG [org.apache.http.wire] http-outgoing-1 << "0[\r][\n]"
<2017-09-26 13:03:51> DEBUG [org.apache.http.wire] http-outgoing-1 << "[\r][\n]"
<2017-09-26 13:03:51> DEBUG [org.apache.http.headers] http-outgoing-1 << HTTP/1.1 200 OK
<2017-09-26 13:03:51> DEBUG [org.apache.http.headers] http-outgoing-1 << Server: nginx
<2017-09-26 13:03:51> DEBUG [org.apache.http.headers] http-outgoing-1 << Date: Tue, 26 Sep 2017 10:03:47 GMT
<2017-09-26 13:03:51> DEBUG [org.apache.http.headers] http-outgoing-1 << Content-Type: application/json;charset=utf-8
<2017-09-26 13:03:51> DEBUG [org.apache.http.headers] http-outgoing-1 << Transfer-Encoding: chunked
<2017-09-26 13:03:51> DEBUG [org.apache.http.headers] http-outgoing-1 << Connection: keep-alive
<2017-09-26 13:03:51> DEBUG [org.apache.http.headers] http-outgoing-1 << Set-Cookie: JSESSIONID=F6E28E4994D1584E597DBDFCCCB1737E; Path=/nexperience/; HttpOnly
<2017-09-26 13:03:51> DEBUG [org.apache.http.headers] http-outgoing-1 << Expires: Thu, 01 Jan 1970 00:00:00 GMT
<2017-09-26 13:03:51> DEBUG [org.apache.http.headers] http-outgoing-1 << Cache-Control: no-cache
<2017-09-26 13:03:51> DEBUG [org.apache.http.headers] http-outgoing-1 << Cache-Control: no-cache
<2017-09-26 13:03:51> DEBUG [org.apache.http.headers] http-outgoing-1 << Expires: Thu, 01 Jan 1970 00:00:00 GMT
<2017-09-26 13:03:51> DEBUG [org.apache.http.headers] http-outgoing-1 << Set-Cookie: fast_failed=true
<2017-09-26 13:03:51> DEBUG [org.apache.http.headers] http-outgoing-1 << X-XSS-Protection: 2; mode=block
<2017-09-26 13:03:51> DEBUG [org.apache.http.headers] http-outgoing-1 << Content-Encoding: gzip
<2017-09-26 13:03:51> DEBUG [o.a.h.i.execchain.MainClientExec] Connection can be kept alive indefinitely
<2017-09-26 13:03:51> DEBUG [o.a.h.c.p.ResponseProcessCookies] Cookie accepted [JSESSIONID="F6E28E4994D1584E597DBDFCCCB1737E", version:0, domain:branchtest.perfectomobile.com, path:/nexperience/, expiry:null]
<2017-09-26 13:03:51> DEBUG [o.a.h.c.p.ResponseProcessCookies] Cookie accepted [fast_failed="true", version:0, domain:branchtest.perfectomobile.com, path:/nexperience/perfectomobile/wd/hub/session/58e9750c-b4d6-4ed9-a103-01f993e76832/element/1, expiry:null]
<2017-09-26 13:03:51> DEBUG [o.a.h.i.c.PoolingHttpClientConnectionManager] Connection [id: 1][route: {s}->https://branchtest.perfectomobile.com:443] can be kept alive indefinitely
<2017-09-26 13:03:51> DEBUG [o.a.h.i.c.PoolingHttpClientConnectionManager] Connection released: [id: 1][route: {s}->https://branchtest.perfectomobile.com:443][total kept alive: 3; route allocated: 5 of 2000; total allocated: 5 of 2000]
<2017-09-26 13:03:51> DEBUG [o.a.h.c.p.RequestAddCookies] CookieSpec selected: default
<2017-09-26 13:03:51> DEBUG [o.a.h.c.p.RequestAddCookies] Cookie [version: 0][name: JSESSIONID][value: F6E28E4994D1584E597DBDFCCCB1737E][domain: branchtest.perfectomobile.com][path: /nexperience/][expiry: null] match [(secure)branchtest.perfectomobile.com:443/nexperience/perfectomobile/wd/hub/session/58e9750c-b4d6-4ed9-a103-01f993e76832/element]
<2017-09-26 13:03:51> DEBUG [o.a.h.c.p.RequestAddCookies] Cookie [version: 0][name: fast_failed][value: true][domain: branchtest.perfectomobile.com][path: /nexperience/perfectomobile/wd/hub][expiry: null] match [(secure)branchtest.perfectomobile.com:443/nexperience/perfectomobile/wd/hub/session/58e9750c-b4d6-4ed9-a103-01f993e76832/element]
<2017-09-26 13:03:51> DEBUG [o.a.h.c.p.RequestAddCookies] Cookie [version: 0][name: fast_failed][value: true][domain: branchtest.perfectomobile.com][path: /nexperience/perfectomobile/wd/hub/session/58e9750c-b4d6-4ed9-a103-01f993e76832][expiry: null] match [(secure)branchtest.perfectomobile.com:443/nexperience/perfectomobile/wd/hub/session/58e9750c-b4d6-4ed9-a103-01f993e76832/element]
<2017-09-26 13:03:51> DEBUG [o.a.h.c.p.RequestAuthCache] Auth cache not set in the context
<2017-09-26 13:03:51> DEBUG [o.a.h.i.c.PoolingHttpClientConnectionManager] Connection request: [route: {s}->https://branchtest.perfectomobile.com:443][total kept alive: 3; route allocated: 5 of 2000; total allocated: 5 of 2000]
<2017-09-26 13:03:51> DEBUG [o.a.h.i.c.PoolingHttpClientConnectionManager] Connection leased: [id: 1][route: {s}->https://branchtest.perfectomobile.com:443][total kept alive: 2; route allocated: 5 of 2000; total allocated: 5 of 2000]
<2017-09-26 13:03:51> DEBUG [o.a.h.i.execchain.MainClientExec] Stale connection check
<2017-09-26 13:03:51> DEBUG [org.apache.http.wire] http-outgoing-1 << "[read] I/O error: Read timed out"
<2017-09-26 13:03:51> DEBUG [o.a.h.i.c.DefaultManagedHttpClientConnection] http-outgoing-1: set socket timeout to 10800000
<2017-09-26 13:03:51> DEBUG [o.a.h.i.execchain.MainClientExec] Executing request POST /nexperience/perfectomobile/wd/hub/session/58e9750c-b4d6-4ed9-a103-01f993e76832/element HTTP/1.1
<2017-09-26 13:03:51> DEBUG [o.a.h.i.execchain.MainClientExec] Target auth state: UNCHALLENGED
<2017-09-26 13:03:51> DEBUG [o.a.h.i.execchain.MainClientExec] Proxy auth state: UNCHALLENGED
<2017-09-26 13:03:51> DEBUG [org.apache.http.headers] http-outgoing-1 >> POST /nexperience/perfectomobile/wd/hub/session/58e9750c-b4d6-4ed9-a103-01f993e76832/element HTTP/1.1
<2017-09-26 13:03:51> DEBUG [org.apache.http.headers] http-outgoing-1 >> Content-Type: application/json; charset=utf-8
<2017-09-26 13:03:51> DEBUG [org.apache.http.headers] http-outgoing-1 >> Content-Length: 54
<2017-09-26 13:03:51> DEBUG [org.apache.http.headers] http-outgoing-1 >> Host: branchtest.perfectomobile.com
<2017-09-26 13:03:51> DEBUG [org.apache.http.headers] http-outgoing-1 >> Connection: Keep-Alive
<2017-09-26 13:03:51> DEBUG [org.apache.http.headers] http-outgoing-1 >> User-Agent: Apache-HttpClient/4.5.2 (Java/1.8.0_121)
<2017-09-26 13:03:51> DEBUG [org.apache.http.headers] http-outgoing-1 >> Cookie: JSESSIONID=F6E28E4994D1584E597DBDFCCCB1737E; fast_failed=true; fast_failed=true
<2017-09-26 13:03:51> DEBUG [org.apache.http.headers] http-outgoing-1 >> Accept-Encoding: gzip,deflate
<2017-09-26 13:03:51> DEBUG [org.apache.http.wire] http-outgoing-1 >> "POST /nexperience/perfectomobile/wd/hub/session/58e9750c-b4d6-4ed9-a103-01f993e76832/element HTTP/1.1[\r][\n]"
<2017-09-26 13:03:51> DEBUG [org.apache.http.wire] http-outgoing-1 >> "Content-Type: application/json; charset=utf-8[\r][\n]"
<2017-09-26 13:03:51> DEBUG [org.apache.http.wire] http-outgoing-1 >> "Content-Length: 54[\r][\n]"
<2017-09-26 13:03:51> DEBUG [org.apache.http.wire] http-outgoing-1 >> "Host: branchtest.perfectomobile.com[\r][\n]"
<2017-09-26 13:03:51> DEBUG [org.apache.http.wire] http-outgoing-1 >> "Connection: Keep-Alive[\r][\n]"
<2017-09-26 13:03:51> DEBUG [org.apache.http.wire] http-outgoing-1 >> "User-Agent: Apache-HttpClient/4.5.2 (Java/1.8.0_121)[\r][\n]"
<2017-09-26 13:03:51> DEBUG [org.apache.http.wire] http-outgoing-1 >> "Cookie: JSESSIONID=F6E28E4994D1584E597DBDFCCCB1737E; fast_failed=true; fast_failed=true[\r][\n]"
<2017-09-26 13:03:51> DEBUG [org.apache.http.wire] http-outgoing-1 >> "Accept-Encoding: gzip,deflate[\r][\n]"
<2017-09-26 13:03:51> DEBUG [org.apache.http.wire] http-outgoing-1 >> "[\r][\n]"
<2017-09-26 13:03:51> DEBUG [org.apache.http.wire] http-outgoing-1 >> "{"using":"xpath","value":"(//*[@name='password'])[2]"}"
<2017-09-26 13:03:51> DEBUG [org.apache.http.wire] http-outgoing-1 << "HTTP/1.1 200 OK[\r][\n]"
<2017-09-26 13:03:51> DEBUG [org.apache.http.wire] http-outgoing-1 << "Server: nginx[\r][\n]"
<2017-09-26 13:03:51> DEBUG [org.apache.http.wire] http-outgoing-1 << "Date: Tue, 26 Sep 2017 10:03:47 GMT[\r][\n]"
<2017-09-26 13:03:51> DEBUG [org.apache.http.wire] http-outgoing-1 << "Content-Type: application/json;charset=utf-8[\r][\n]"
<2017-09-26 13:03:51> DEBUG [org.apache.http.wire] http-outgoing-1 << "Transfer-Encoding: chunked[\r][\n]"
<2017-09-26 13:03:51> DEBUG [org.apache.http.wire] http-outgoing-1 << "Connection: keep-alive[\r][\n]"
<2017-09-26 13:03:51> DEBUG [org.apache.http.wire] http-outgoing-1 << "Set-Cookie: JSESSIONID=F6E28E4994D1584E597DBDFCCCB1737E; Path=/nexperience/; HttpOnly[\r][\n]"
<2017-09-26 13:03:51> DEBUG [org.apache.http.wire] http-outgoing-1 << "Expires: Thu, 01 Jan 1970 00:00:00 GMT[\r][\n]"
<2017-09-26 13:03:51> DEBUG [org.apache.http.wire] http-outgoing-1 << "Cache-Control: no-cache[\r][\n]"
<2017-09-26 13:03:51> DEBUG [org.apache.http.wire] http-outgoing-1 << "Cache-Control: no-cache[\r][\n]"
<2017-09-26 13:03:51> DEBUG [org.apache.http.wire] http-outgoing-1 << "Expires: Thu, 01 Jan 1970 00:00:00 GMT[\r][\n]"
<2017-09-26 13:03:51> DEBUG [org.apache.http.wire] http-outgoing-1 << "Set-Cookie: fast_failed=true[\r][\n]"
<2017-09-26 13:03:51> DEBUG [org.apache.http.wire] http-outgoing-1 << "X-XSS-Protection: 2; mode=block[\r][\n]"
<2017-09-26 13:03:51> DEBUG [org.apache.http.wire] http-outgoing-1 << "Content-Encoding: gzip[\r][\n]"
<2017-09-26 13:03:51> DEBUG [org.apache.http.wire] http-outgoing-1 << "[\r][\n]"
<2017-09-26 13:03:51> DEBUG [org.apache.http.wire] http-outgoing-1 << "a1[\r][\n]"
<2017-09-26 13:03:51> DEBUG [org.apache.http.wire] http-outgoing-1 << "[0x1f][0x8b][0x8][0x0][0x0][0x0][0x0][0x0][0x0][0x3]-[0x8d]A[0xe][0x82]0[0x10][0x0][0xff][0xb2]g[0xda][0x14][\n]"
<2017-09-26 13:03:51> DEBUG [org.apache.http.wire] http-outgoing-1 << "[0x94]z5[0x1c]L[0xd4][0x83][0xf1][0x3][0xb5]][0x95][0x4]Zd[0xa9][0x17][0xc2][0xdf][0xdd][0x83][0xd7][0xc9]Lf[0x3]B[0xa2]![0xc5]S[0x80][0x3]4[0x1d]Z[0xd3](/[0x1e]uhE[0x8d][0xc1][\n]"
<2017-09-26 13:03:51> DEBUG [org.apache.http.wire] http-outgoing-1 << "W*-T[0xf9][0xb4]V[0xa3]i;]A[0x1][0xb4][0xba][0x15]Y[0xa7][0xec]=[0xd7]L[0xde][0xc7][0x14][0x98]t[0xa6]T[0xc6][0xea][0xba]-[0xe0][0xeb][0xc6][0xcc]d[0x83][0xfe][0xdc]_[0xfa][0xeb][0x9d][0xf5][\n]"
<2017-09-26 13:03:51> DEBUG [org.apache.http.wire] http-outgoing-1 << "[0xf6][0x2][0xfc][0xe8][0xb8]8@Z^2[0xcd][0x18]?N[0x12][0x8e][0x18][0x87]<[0xc9][0x5][0xa7][0xb4][0xa2][0xbc]![0xcd])[0x12][0xfe]O[0x99]u[0xb5][0xff][0x0]w [0xe4][0xbd][0xa9][0x0][0x0][0x0][\r][\n]"
<2017-09-26 13:03:51> DEBUG [org.apache.http.wire] http-outgoing-1 << "0[\r][\n]"
<2017-09-26 13:03:51> DEBUG [org.apache.http.wire] http-outgoing-1 << "[\r][\n]"
<2017-09-26 13:03:51> DEBUG [org.apache.http.headers] http-outgoing-1 << HTTP/1.1 200 OK
<2017-09-26 13:03:51> DEBUG [org.apache.http.headers] http-outgoing-1 << Server: nginx
<2017-09-26 13:03:51> DEBUG [org.apache.http.headers] http-outgoing-1 << Date: Tue, 26 Sep 2017 10:03:47 GMT
<2017-09-26 13:03:51> DEBUG [org.apache.http.headers] http-outgoing-1 << Content-Type: application/json;charset=utf-8
<2017-09-26 13:03:51> DEBUG [org.apache.http.headers] http-outgoing-1 << Transfer-Encoding: chunked
<2017-09-26 13:03:51> DEBUG [org.apache.http.headers] http-outgoing-1 << Connection: keep-alive
<2017-09-26 13:03:51> DEBUG [org.apache.http.headers] http-outgoing-1 << Set-Cookie: JSESSIONID=F6E28E4994D1584E597DBDFCCCB1737E; Path=/nexperience/; HttpOnly
<2017-09-26 13:03:51> DEBUG [org.apache.http.headers] http-outgoing-1 << Expires: Thu, 01 Jan 1970 00:00:00 GMT
<2017-09-26 13:03:51> DEBUG [org.apache.http.headers] http-outgoing-1 << Cache-Control: no-cache
<2017-09-26 13:03:51> DEBUG [org.apache.http.headers] http-outgoing-1 << Cache-Control: no-cache
<2017-09-26 13:03:51> DEBUG [org.apache.http.headers] http-outgoing-1 << Expires: Thu, 01 Jan 1970 00:00:00 GMT
<2017-09-26 13:03:51> DEBUG [org.apache.http.headers] http-outgoing-1 << Set-Cookie: fast_failed=true
<2017-09-26 13:03:51> DEBUG [org.apache.http.headers] http-outgoing-1 << X-XSS-Protection: 2; mode=block
<2017-09-26 13:03:51> DEBUG [org.apache.http.headers] http-outgoing-1 << Content-Encoding: gzip
<2017-09-26 13:03:51> DEBUG [o.a.h.i.execchain.MainClientExec] Connection can be kept alive indefinitely
<2017-09-26 13:03:51> DEBUG [o.a.h.c.p.ResponseProcessCookies] Cookie accepted [JSESSIONID="F6E28E4994D1584E597DBDFCCCB1737E", version:0, domain:branchtest.perfectomobile.com, path:/nexperience/, expiry:null]
<2017-09-26 13:03:51> DEBUG [o.a.h.c.p.ResponseProcessCookies] Cookie accepted [fast_failed="true", version:0, domain:branchtest.perfectomobile.com, path:/nexperience/perfectomobile/wd/hub/session/58e9750c-b4d6-4ed9-a103-01f993e76832, expiry:null]
<2017-09-26 13:03:51> DEBUG [o.a.h.i.c.PoolingHttpClientConnectionManager] Connection [id: 1][route: {s}->https://branchtest.perfectomobile.com:443] can be kept alive indefinitely
<2017-09-26 13:03:51> DEBUG [o.a.h.i.c.PoolingHttpClientConnectionManager] Connection released: [id: 1][route: {s}->https://branchtest.perfectomobile.com:443][total kept alive: 3; route allocated: 5 of 2000; total allocated: 5 of 2000]
<2017-09-26 13:03:51> DEBUG [o.a.h.c.p.RequestAddCookies] CookieSpec selected: default
<2017-09-26 13:03:51> DEBUG [o.a.h.c.p.RequestAddCookies] Cookie [version: 0][name: JSESSIONID][value: F6E28E4994D1584E597DBDFCCCB1737E][domain: branchtest.perfectomobile.com][path: /nexperience/][expiry: null] match [(secure)branchtest.perfectomobile.com:443/nexperience/perfectomobile/wd/hub/session/58e9750c-b4d6-4ed9-a103-01f993e76832/element/2/value]
<2017-09-26 13:03:51> DEBUG [o.a.h.c.p.RequestAddCookies] Cookie [version: 0][name: fast_failed][value: true][domain: branchtest.perfectomobile.com][path: /nexperience/perfectomobile/wd/hub][expiry: null] match [(secure)branchtest.perfectomobile.com:443/nexperience/perfectomobile/wd/hub/session/58e9750c-b4d6-4ed9-a103-01f993e76832/element/2/value]
<2017-09-26 13:03:51> DEBUG [o.a.h.c.p.RequestAddCookies] Cookie [version: 0][name: fast_failed][value: true][domain: branchtest.perfectomobile.com][path: /nexperience/perfectomobile/wd/hub/session/58e9750c-b4d6-4ed9-a103-01f993e76832][expiry: null] match [(secure)branchtest.perfectomobile.com:443/nexperience/perfectomobile/wd/hub/session/58e9750c-b4d6-4ed9-a103-01f993e76832/element/2/value]
<2017-09-26 13:03:51> DEBUG [o.a.h.c.p.RequestAuthCache] Auth cache not set in the context
<2017-09-26 13:03:51> DEBUG [o.a.h.i.c.PoolingHttpClientConnectionManager] Connection request: [route: {s}->https://branchtest.perfectomobile.com:443][total kept alive: 3; route allocated: 5 of 2000; total allocated: 5 of 2000]
<2017-09-26 13:03:51> DEBUG [o.a.h.i.c.PoolingHttpClientConnectionManager] Connection leased: [id: 1][route: {s}->https://branchtest.perfectomobile.com:443][total kept alive: 2; route allocated: 5 of 2000; total allocated: 5 of 2000]
<2017-09-26 13:03:51> DEBUG [o.a.h.i.execchain.MainClientExec] Stale connection check
<2017-09-26 13:03:51> DEBUG [org.apache.http.wire] http-outgoing-1 << "[read] I/O error: Read timed out"
<2017-09-26 13:03:51> DEBUG [o.a.h.i.c.DefaultManagedHttpClientConnection] http-outgoing-1: set socket timeout to 10800000
<2017-09-26 13:03:51> DEBUG [o.a.h.i.execchain.MainClientExec] Executing request POST /nexperience/perfectomobile/wd/hub/session/58e9750c-b4d6-4ed9-a103-01f993e76832/element/2/value HTTP/1.1
<2017-09-26 13:03:51> DEBUG [o.a.h.i.execchain.MainClientExec] Target auth state: UNCHALLENGED
<2017-09-26 13:03:51> DEBUG [o.a.h.i.execchain.MainClientExec] Proxy auth state: UNCHALLENGED
<2017-09-26 13:03:51> DEBUG [org.apache.http.headers] http-outgoing-1 >> POST /nexperience/perfectomobile/wd/hub/session/58e9750c-b4d6-4ed9-a103-01f993e76832/element/2/value HTTP/1.1
<2017-09-26 13:03:51> DEBUG [org.apache.http.headers] http-outgoing-1 >> Content-Type: application/json; charset=utf-8
<2017-09-26 13:03:51> DEBUG [org.apache.http.headers] http-outgoing-1 >> Content-Length: 29
<2017-09-26 13:03:51> DEBUG [org.apache.http.headers] http-outgoing-1 >> Host: branchtest.perfectomobile.com
<2017-09-26 13:03:51> DEBUG [org.apache.http.headers] http-outgoing-1 >> Connection: Keep-Alive
<2017-09-26 13:03:51> DEBUG [org.apache.http.headers] http-outgoing-1 >> User-Agent: Apache-HttpClient/4.5.2 (Java/1.8.0_121)
<2017-09-26 13:03:51> DEBUG [org.apache.http.headers] http-outgoing-1 >> Cookie: JSESSIONID=F6E28E4994D1584E597DBDFCCCB1737E; fast_failed=true; fast_failed=true
<2017-09-26 13:03:51> DEBUG [org.apache.http.headers] http-outgoing-1 >> Accept-Encoding: gzip,deflate
<2017-09-26 13:03:51> DEBUG [org.apache.http.wire] http-outgoing-1 >> "POST /nexperience/perfectomobile/wd/hub/session/58e9750c-b4d6-4ed9-a103-01f993e76832/element/2/value HTTP/1.1[\r][\n]"
<2017-09-26 13:03:51> DEBUG [org.apache.http.wire] http-outgoing-1 >> "Content-Type: application/json; charset=utf-8[\r][\n]"
<2017-09-26 13:03:51> DEBUG [org.apache.http.wire] http-outgoing-1 >> "Content-Length: 29[\r][\n]"
<2017-09-26 13:03:51> DEBUG [org.apache.http.wire] http-outgoing-1 >> "Host: branchtest.perfectomobile.com[\r][\n]"
<2017-09-26 13:03:51> DEBUG [org.apache.http.wire] http-outgoing-1 >> "Connection: Keep-Alive[\r][\n]"
<2017-09-26 13:03:51> DEBUG [org.apache.http.wire] http-outgoing-1 >> "User-Agent: Apache-HttpClient/4.5.2 (Java/1.8.0_121)[\r][\n]"
<2017-09-26 13:03:51> DEBUG [org.apache.http.wire] http-outgoing-1 >> "Cookie: JSESSIONID=F6E28E4994D1584E597DBDFCCCB1737E; fast_failed=true; fast_failed=true[\r][\n]"
<2017-09-26 13:03:51> DEBUG [org.apache.http.wire] http-outgoing-1 >> "Accept-Encoding: gzip,deflate[\r][\n]"
<2017-09-26 13:03:51> DEBUG [org.apache.http.wire] http-outgoing-1 >> "[\r][\n]"
<2017-09-26 13:03:51> DEBUG [org.apache.http.wire] http-outgoing-1 >> "{"id":"2","value":["123456"]}"
<2017-09-26 13:03:51> DEBUG [org.apache.http.wire] http-outgoing-4 << "HTTP/1.1 200 OK[\r][\n]"
<2017-09-26 13:03:51> DEBUG [org.apache.http.wire] http-outgoing-4 << "Server: nginx[\r][\n]"
<2017-09-26 13:03:51> DEBUG [org.apache.http.wire] http-outgoing-4 << "Date: Tue, 26 Sep 2017 10:03:47 GMT[\r][\n]"
<2017-09-26 13:03:51> DEBUG [org.apache.http.wire] http-outgoing-4 << "Content-Type: application/json;charset=utf-8[\r][\n]"
<2017-09-26 13:03:51> DEBUG [org.apache.http.wire] http-outgoing-4 << "Transfer-Encoding: chunked[\r][\n]"
<2017-09-26 13:03:51> DEBUG [org.apache.http.wire] http-outgoing-4 << "Connection: keep-alive[\r][\n]"
<2017-09-26 13:03:51> DEBUG [org.apache.http.wire] http-outgoing-4 << "Set-Cookie: JSESSIONID=F6E28E4994D1584E597DBDFCCCB1737E; Path=/nexperience/; HttpOnly[\r][\n]"
<2017-09-26 13:03:51> DEBUG [org.apache.http.wire] http-outgoing-4 << "Expires: Thu, 01 Jan 1970 00:00:00 GMT[\r][\n]"
<2017-09-26 13:03:51> DEBUG [org.apache.http.wire] http-outgoing-4 << "Cache-Control: no-cache[\r][\n]"
<2017-09-26 13:03:51> DEBUG [org.apache.http.wire] http-outgoing-4 << "Cache-Control: no-cache[\r][\n]"
<2017-09-26 13:03:51> DEBUG [org.apache.http.wire] http-outgoing-4 << "Expires: Thu, 01 Jan 1970 00:00:00 GMT[\r][\n]"
<2017-09-26 13:03:51> DEBUG [org.apache.http.wire] http-outgoing-4 << "Set-Cookie: fast_failed=true[\r][\n]"
<2017-09-26 13:03:51> DEBUG [org.apache.http.wire] http-outgoing-4 << "X-XSS-Protection: 2; mode=block[\r][\n]"
<2017-09-26 13:03:51> DEBUG [org.apache.http.wire] http-outgoing-4 << "Content-Encoding: gzip[\r][\n]"
<2017-09-26 13:03:51> DEBUG [org.apache.http.wire] http-outgoing-4 << "[\r][\n]"
<2017-09-26 13:03:51> DEBUG [org.apache.http.wire] http-outgoing-4 << "95[\r][\n]"
<2017-09-26 13:03:51> DEBUG [org.apache.http.wire] http-outgoing-4 << "[0x1f][0x8b][0x8][0x0][0x0][0x0][0x0][0x0][0x0][0x3]-[0xcc]1[0x12][0xc2] [0x10][0x85][0xe1][0xbb]l[\r]L[0x4][0xe2]@Z+[o@[0xd8]U3C f[0x83][0x8d][0xe3][0xdd][0xdd][0xc2][0xf6][0x9f][0xef][0xbd][0xf]01/[0xad]^[0x11]&[0x98][0xd1][0xe7][0xe0][0x10][0xf5][0x1c][0xd1]i[0x9f][0xd0][0xea]h[0xc7][0xa8][0xbd]K[0x81][0xa2][0x1b]3[0xe5];([0xe0]#[0x1d]$[0x9c]{[0xce][0xb2][0x96][0xf2][0xbc]4[0x94]r[\n]"
<2017-09-26 13:03:51> DEBUG [org.apache.http.wire] http-outgoing-4 << "a[0x18][0x82][0xb3]g[0xa7][0xe0][0x9d]J[0x97]T{)[\n]"
<2017-09-26 13:03:51> DEBUG [org.apache.http.wire] http-outgoing-4 << "rI[0xe2]&h[0xfb][0xc3][0xb4][0x8d][0xea]+[0x19][0xa6]Bu[0xe9][0xab][0xd9]im[0x7][0x99][0x1b][0xf1][0xd6]*[0xd3][0xff][0xbf][0xb][0x1f][0xbe]?[0xb7][0xa4][0xf7][0x0][0x9f][0x0][0x0][0x0][\r][\n]"
<2017-09-26 13:03:51> DEBUG [org.apache.http.wire] http-outgoing-4 << "0[\r][\n]"
<2017-09-26 13:03:51> DEBUG [org.apache.http.wire] http-outgoing-4 << "[\r][\n]"
<2017-09-26 13:03:51> DEBUG [org.apache.http.headers] http-outgoing-4 << HTTP/1.1 200 OK
<2017-09-26 13:03:51> DEBUG [org.apache.http.headers] http-outgoing-4 << Server: nginx
<2017-09-26 13:03:51> DEBUG [org.apache.http.headers] http-outgoing-4 << Date: Tue, 26 Sep 2017 10:03:47 GMT
<2017-09-26 13:03:51> DEBUG [org.apache.http.headers] http-outgoing-4 << Content-Type: application/json;charset=utf-8
<2017-09-26 13:03:51> DEBUG [org.apache.http.headers] http-outgoing-4 << Transfer-Encoding: chunked
<2017-09-26 13:03:51> DEBUG [org.apache.http.headers] http-outgoing-4 << Connection: keep-alive
<2017-09-26 13:03:51> DEBUG [org.apache.http.headers] http-outgoing-4 << Set-Cookie: JSESSIONID=F6E28E4994D1584E597DBDFCCCB1737E; Path=/nexperience/; HttpOnly
<2017-09-26 13:03:51> DEBUG [org.apache.http.headers] http-outgoing-4 << Expires: Thu, 01 Jan 1970 00:00:00 GMT
<2017-09-26 13:03:51> DEBUG [org.apache.http.headers] http-outgoing-4 << Cache-Control: no-cache
<2017-09-26 13:03:51> DEBUG [org.apache.http.headers] http-outgoing-4 << Cache-Control: no-cache
<2017-09-26 13:03:51> DEBUG [org.apache.http.headers] http-outgoing-4 << Expires: Thu, 01 Jan 1970 00:00:00 GMT
<2017-09-26 13:03:51> DEBUG [org.apache.http.headers] http-outgoing-4 << Set-Cookie: fast_failed=true
<2017-09-26 13:03:51> DEBUG [org.apache.http.headers] http-outgoing-4 << X-XSS-Protection: 2; mode=block
<2017-09-26 13:03:51> DEBUG [org.apache.http.headers] http-outgoing-4 << Content-Encoding: gzip
<2017-09-26 13:03:51> DEBUG [o.a.h.i.execchain.MainClientExec] Connection can be kept alive indefinitely
<2017-09-26 13:03:51> DEBUG [o.a.h.c.p.ResponseProcessCookies] Cookie accepted [JSESSIONID="F6E28E4994D1584E597DBDFCCCB1737E", version:0, domain:branchtest.perfectomobile.com, path:/nexperience/, expiry:null]
<2017-09-26 13:03:51> DEBUG [o.a.h.c.p.ResponseProcessCookies] Cookie accepted [fast_failed="true", version:0, domain:branchtest.perfectomobile.com, path:/nexperience/perfectomobile/wd/hub/session/bd4c83dd-b9d3-4ad2-9259-43a8e935cecf, expiry:null]
<2017-09-26 13:03:51> DEBUG [o.a.h.i.c.PoolingHttpClientConnectionManager] Connection [id: 4][route: {s}->https://branchtest.perfectomobile.com:443] can be kept alive indefinitely
<2017-09-26 13:03:51> DEBUG [o.a.h.i.c.PoolingHttpClientConnectionManager] Connection released: [id: 4][route: {s}->https://branchtest.perfectomobile.com:443][total kept alive: 3; route allocated: 5 of 2000; total allocated: 5 of 2000]
<2017-09-26 13:03:52> DEBUG [o.a.h.c.p.RequestAddCookies] CookieSpec selected: default
<2017-09-26 13:03:52> DEBUG [o.a.h.c.p.RequestAddCookies] Cookie [version: 0][name: JSESSIONID][value: F6E28E4994D1584E597DBDFCCCB1737E][domain: branchtest.perfectomobile.com][path: /nexperience/][expiry: null] match [(secure)branchtest.perfectomobile.com:443/nexperience/perfectomobile/wd/hub/session/9653146c-9d83-4061-80ff-76b8ef1fd249/execute]
<2017-09-26 13:03:52> DEBUG [o.a.h.c.p.RequestAddCookies] Cookie [version: 0][name: fast_failed][value: true][domain: branchtest.perfectomobile.com][path: /nexperience/perfectomobile/wd/hub][expiry: null] match [(secure)branchtest.perfectomobile.com:443/nexperience/perfectomobile/wd/hub/session/9653146c-9d83-4061-80ff-76b8ef1fd249/execute]
<2017-09-26 13:03:52> DEBUG [o.a.h.c.p.RequestAddCookies] Cookie [version: 0][name: fast_failed][value: true][domain: branchtest.perfectomobile.com][path: /nexperience/perfectomobile/wd/hub/session/9653146c-9d83-4061-80ff-76b8ef1fd249][expiry: null] match [(secure)branchtest.perfectomobile.com:443/nexperience/perfectomobile/wd/hub/session/9653146c-9d83-4061-80ff-76b8ef1fd249/execute]
<2017-09-26 13:03:52> DEBUG [o.a.h.c.p.RequestAuthCache] Auth cache not set in the context
<2017-09-26 13:03:52> DEBUG [o.a.h.i.c.PoolingHttpClientConnectionManager] Connection request: [route: {s}->https://branchtest.perfectomobile.com:443][total kept alive: 3; route allocated: 5 of 2000; total allocated: 5 of 2000]
<2017-09-26 13:03:52> DEBUG [o.a.h.i.c.PoolingHttpClientConnectionManager] Connection leased: [id: 4][route: {s}->https://branchtest.perfectomobile.com:443][total kept alive: 2; route allocated: 5 of 2000; total allocated: 5 of 2000]
<2017-09-26 13:03:52> DEBUG [o.a.h.i.execchain.MainClientExec] Stale connection check
<2017-09-26 13:03:52> DEBUG [org.apache.http.wire] http-outgoing-4 << "[read] I/O error: Read timed out"
<2017-09-26 13:03:52> DEBUG [o.a.h.i.c.DefaultManagedHttpClientConnection] http-outgoing-4: set socket timeout to 10800000
<2017-09-26 13:03:52> DEBUG [o.a.h.i.execchain.MainClientExec] Executing request POST /nexperience/perfectomobile/wd/hub/session/9653146c-9d83-4061-80ff-76b8ef1fd249/execute HTTP/1.1
<2017-09-26 13:03:52> DEBUG [o.a.h.i.execchain.MainClientExec] Target auth state: UNCHALLENGED
<2017-09-26 13:03:52> DEBUG [o.a.h.i.execchain.MainClientExec] Proxy auth state: UNCHALLENGED
<2017-09-26 13:03:52> DEBUG [org.apache.http.headers] http-outgoing-4 >> POST /nexperience/perfectomobile/wd/hub/session/9653146c-9d83-4061-80ff-76b8ef1fd249/execute HTTP/1.1
<2017-09-26 13:03:52> DEBUG [org.apache.http.headers] http-outgoing-4 >> Content-Type: application/json; charset=utf-8
<2017-09-26 13:03:52> DEBUG [org.apache.http.headers] http-outgoing-4 >> Content-Length: 54
<2017-09-26 13:03:52> DEBUG [org.apache.http.headers] http-outgoing-4 >> Host: branchtest.perfectomobile.com
<2017-09-26 13:03:52> DEBUG [org.apache.http.headers] http-outgoing-4 >> Connection: Keep-Alive
<2017-09-26 13:03:52> DEBUG [org.apache.http.headers] http-outgoing-4 >> User-Agent: Apache-HttpClient/4.5.2 (Java/1.8.0_121)
<2017-09-26 13:03:52> DEBUG [org.apache.http.headers] http-outgoing-4 >> Cookie: JSESSIONID=F6E28E4994D1584E597DBDFCCCB1737E; fast_failed=true; fast_failed=true
<2017-09-26 13:03:52> DEBUG [org.apache.http.headers] http-outgoing-4 >> Accept-Encoding: gzip,deflate
<2017-09-26 13:03:52> DEBUG [org.apache.http.wire] http-outgoing-4 >> "POST /nexperience/perfectomobile/wd/hub/session/9653146c-9d83-4061-80ff-76b8ef1fd249/execute HTTP/1.1[\r][\n]"
<2017-09-26 13:03:52> DEBUG [org.apache.http.wire] http-outgoing-4 >> "Content-Type: application/json; charset=utf-8[\r][\n]"
<2017-09-26 13:03:52> DEBUG [org.apache.http.wire] http-outgoing-4 >> "Content-Length: 54[\r][\n]"
<2017-09-26 13:03:52> DEBUG [org.apache.http.wire] http-outgoing-4 >> "Host: branchtest.perfectomobile.com[\r][\n]"
<2017-09-26 13:03:52> DEBUG [org.apache.http.wire] http-outgoing-4 >> "Connection: Keep-Alive[\r][\n]"
<2017-09-26 13:03:52> DEBUG [org.apache.http.wire] http-outgoing-4 >> "User-Agent: Apache-HttpClient/4.5.2 (Java/1.8.0_121)[\r][\n]"
<2017-09-26 13:03:52> DEBUG [org.apache.http.wire] http-outgoing-4 >> "Cookie: JSESSIONID=F6E28E4994D1584E597DBDFCCCB1737E; fast_failed=true; fast_failed=true[\r][\n]"
<2017-09-26 13:03:52> DEBUG [org.apache.http.wire] http-outgoing-4 >> "Accept-Encoding: gzip,deflate[\r][\n]"
<2017-09-26 13:03:52> DEBUG [org.apache.http.wire] http-outgoing-4 >> "[\r][\n]"
<2017-09-26 13:03:52> DEBUG [org.apache.http.wire] http-outgoing-4 >> "{"script":"mobile:step:end","args":[{"message":null}]}"
<2017-09-26 13:03:52> DEBUG [org.apache.http.wire] http-outgoing-1 << "HTTP/1.1 200 OK[\r][\n]"
<2017-09-26 13:03:52> DEBUG [org.apache.http.wire] http-outgoing-1 << "Server: nginx[\r][\n]"
<2017-09-26 13:03:52> DEBUG [org.apache.http.wire] http-outgoing-1 << "Date: Tue, 26 Sep 2017 10:03:48 GMT[\r][\n]"
<2017-09-26 13:03:52> DEBUG [org.apache.http.wire] http-outgoing-1 << "Content-Type: application/json;charset=utf-8[\r][\n]"
<2017-09-26 13:03:52> DEBUG [org.apache.http.wire] http-outgoing-1 << "Transfer-Encoding: chunked[\r][\n]"
<2017-09-26 13:03:52> DEBUG [org.apache.http.wire] http-outgoing-1 << "Connection: keep-alive[\r][\n]"
<2017-09-26 13:03:52> DEBUG [org.apache.http.wire] http-outgoing-1 << "Set-Cookie: JSESSIONID=F6E28E4994D1584E597DBDFCCCB1737E; Path=/nexperience/; HttpOnly[\r][\n]"
<2017-09-26 13:03:52> DEBUG [org.apache.http.wire] http-outgoing-1 << "Expires: Thu, 01 Jan 1970 00:00:00 GMT[\r][\n]"
<2017-09-26 13:03:52> DEBUG [org.apache.http.wire] http-outgoing-1 << "Cache-Control: no-cache[\r][\n]"
<2017-09-26 13:03:52> DEBUG [org.apache.http.wire] http-outgoing-1 << "Cache-Control: no-cache[\r][\n]"
<2017-09-26 13:03:52> DEBUG [org.apache.http.wire] http-outgoing-1 << "Expires: Thu, 01 Jan 1970 00:00:00 GMT[\r][\n]"
<2017-09-26 13:03:52> DEBUG [org.apache.http.wire] http-outgoing-1 << "Set-Cookie: fast_failed=true[\r][\n]"
<2017-09-26 13:03:52> DEBUG [org.apache.http.wire] http-outgoing-1 << "X-XSS-Protection: 2; mode=block[\r][\n]"
<2017-09-26 13:03:52> DEBUG [org.apache.http.wire] http-outgoing-1 << "Content-Encoding: gzip[\r][\n]"
<2017-09-26 13:03:52> DEBUG [org.apache.http.wire] http-outgoing-1 << "[\r][\n]"
<2017-09-26 13:03:52> DEBUG [org.apache.http.wire] http-outgoing-1 << "95[\r][\n]"
<2017-09-26 13:03:52> DEBUG [org.apache.http.wire] http-outgoing-1 << "[0x1f][0x8b][0x8][0x0][0x0][0x0][0x0][0x0][0x0][0x3]-[0xcc]1[0x12][0xc2] [0x10][0x85][0xe1][0xbb]l[\r][0xc][0x11][0x92]@Z+[o[0x80][0xb0]jf[0x8][0xc4],[0xd8]8[0xde][0xdd]-l[0xff][0xf9][0xde][0xfb][0x0]![0xd1]Z[0xcb]%[0xc1][0x2][0xa3]C?[0x8f]:[0xca][0x9b]M[0x93][0xb4][0x98][0xbc][0xc][0x83]6R[0xf]w[0xef][\r][0xce][0x93]3'[0x10]@-4dN=F^sy[0x9e]k[0xe2][0xe2][0x8c]u^;[0xed][0x5][0xbc]C[0xee]\J[0xcf]Y@[0xcc][0x81][0xd9][0x2][0xf5]x[0xa8][0xba]cy[0x5]E[0x98][0xb1][0xac]}S[0x7]n[0xb5][0xa1][0xba]"[0xed][0xb5][0x10][0xfe][0xef];s[0xfd][0xfd][0x1]([0x17]Z[0xa4][0x9e][0x0][0x0][0x0][\r][\n]"
<2017-09-26 13:03:52> DEBUG [org.apache.http.wire] http-outgoing-1 << "0[\r][\n]"
<2017-09-26 13:03:52> DEBUG [org.apache.http.wire] http-outgoing-1 << "[\r][\n]"
<2017-09-26 13:03:52> DEBUG [org.apache.http.headers] http-outgoing-1 << HTTP/1.1 200 OK
<2017-09-26 13:03:52> DEBUG [org.apache.http.headers] http-outgoing-1 << Server: nginx
<2017-09-26 13:03:52> DEBUG [org.apache.http.headers] http-outgoing-1 << Date: Tue, 26 Sep 2017 10:03:48 GMT
<2017-09-26 13:03:52> DEBUG [org.apache.http.headers] http-outgoing-1 << Content-Type: application/json;charset=utf-8
<2017-09-26 13:03:52> DEBUG [org.apache.http.headers] http-outgoing-1 << Transfer-Encoding: chunked
<2017-09-26 13:03:52> DEBUG [org.apache.http.headers] http-outgoing-1 << Connection: keep-alive
<2017-09-26 13:03:52> DEBUG [org.apache.http.headers] http-outgoing-1 << Set-Cookie: JSESSIONID=F6E28E4994D1584E597DBDFCCCB1737E; Path=/nexperience/; HttpOnly
<2017-09-26 13:03:52> DEBUG [org.apache.http.headers] http-outgoing-1 << Expires: Thu, 01 Jan 1970 00:00:00 GMT
<2017-09-26 13:03:52> DEBUG [org.apache.http.headers] http-outgoing-1 << Cache-Control: no-cache
<2017-09-26 13:03:52> DEBUG [org.apache.http.headers] http-outgoing-1 << Cache-Control: no-cache
<2017-09-26 13:03:52> DEBUG [org.apache.http.headers] http-outgoing-1 << Expires: Thu, 01 Jan 1970 00:00:00 GMT
<2017-09-26 13:03:52> DEBUG [org.apache.http.headers] http-outgoing-1 << Set-Cookie: fast_failed=true
<2017-09-26 13:03:52> DEBUG [org.apache.http.headers] http-outgoing-1 << X-XSS-Protection: 2; mode=block
<2017-09-26 13:03:52> DEBUG [org.apache.http.headers] http-outgoing-1 << Content-Encoding: gzip
<2017-09-26 13:03:52> DEBUG [o.a.h.i.execchain.MainClientExec] Connection can be kept alive indefinitely
<2017-09-26 13:03:52> DEBUG [o.a.h.c.p.ResponseProcessCookies] Cookie accepted [JSESSIONID="F6E28E4994D1584E597DBDFCCCB1737E", version:0, domain:branchtest.perfectomobile.com, path:/nexperience/, expiry:null]
<2017-09-26 13:03:52> DEBUG [o.a.h.c.p.ResponseProcessCookies] Cookie accepted [fast_failed="true", version:0, domain:branchtest.perfectomobile.com, path:/nexperience/perfectomobile/wd/hub/session/58e9750c-b4d6-4ed9-a103-01f993e76832/element/2, expiry:null]
<2017-09-26 13:03:52> DEBUG [o.a.h.i.c.PoolingHttpClientConnectionManager] Connection [id: 1][route: {s}->https://branchtest.perfectomobile.com:443] can be kept alive indefinitely
<2017-09-26 13:03:52> DEBUG [o.a.h.i.c.PoolingHttpClientConnectionManager] Connection released: [id: 1][route: {s}->https://branchtest.perfectomobile.com:443][total kept alive: 3; route allocated: 5 of 2000; total allocated: 5 of 2000]
<2017-09-26 13:03:52> DEBUG [org.apache.http.wire] http-outgoing-4 << "HTTP/1.1 200 OK[\r][\n]"
<2017-09-26 13:03:52> DEBUG [org.apache.http.wire] http-outgoing-4 << "Server: nginx[\r][\n]"
<2017-09-26 13:03:52> DEBUG [org.apache.http.wire] http-outgoing-4 << "Date: Tue, 26 Sep 2017 10:03:48 GMT[\r][\n]"
<2017-09-26 13:03:52> DEBUG [org.apache.http.wire] http-outgoing-4 << "Content-Type: application/json;charset=utf-8[\r][\n]"
<2017-09-26 13:03:52> DEBUG [org.apache.http.wire] http-outgoing-4 << "Transfer-Encoding: chunked[\r][\n]"
<2017-09-26 13:03:52> DEBUG [org.apache.http.wire] http-outgoing-4 << "Connection: keep-alive[\r][\n]"
<2017-09-26 13:03:52> DEBUG [org.apache.http.wire] http-outgoing-4 << "Set-Cookie: JSESSIONID=F6E28E4994D1584E597DBDFCCCB1737E; Path=/nexperience/; HttpOnly[\r][\n]"
<2017-09-26 13:03:52> DEBUG [org.apache.http.wire] http-outgoing-4 << "Expires: Thu, 01 Jan 1970 00:00:00 GMT[\r][\n]"
<2017-09-26 13:03:52> DEBUG [org.apache.http.wire] http-outgoing-4 << "Cache-Control: no-cache[\r][\n]"
<2017-09-26 13:03:52> DEBUG [org.apache.http.wire] http-outgoing-4 << "Cache-Control: no-cache[\r][\n]"
<2017-09-26 13:03:52> DEBUG [org.apache.http.wire] http-outgoing-4 << "Expires: Thu, 01 Jan 1970 00:00:00 GMT[\r][\n]"
<2017-09-26 13:03:52> DEBUG [org.apache.http.wire] http-outgoing-4 << "Set-Cookie: fast_failed=true[\r][\n]"
<2017-09-26 13:03:52> DEBUG [org.apache.http.wire] http-outgoing-4 << "X-XSS-Protection: 2; mode=block[\r][\n]"
<2017-09-26 13:03:52> DEBUG [org.apache.http.wire] http-outgoing-4 << "Content-Encoding: gzip[\r][\n]"
<2017-09-26 13:03:52> DEBUG [org.apache.http.wire] http-outgoing-4 << "[\r][\n]"
<2017-09-26 13:03:52> DEBUG [org.apache.http.wire] http-outgoing-4 << "94[\r][\n]"
<2017-09-26 13:03:52> DEBUG [org.apache.http.wire] http-outgoing-4 << "[0x1f][0x8b][0x8][0x0][0x0][0x0][0x0][0x0][0x0][0x3]-[0x8c]1[0x12][0xc2] [0x10][0x0][0xff]ru`[0x82]D[0x2]i[0xad]l[0xfd][0x1][0xc2][0xa1][0x99]![0x10]s`[0xe3][0xf8]w[0xaf][0xb0][0xdd][0xd9][0xdd][0xf][0x10][0x12][0xad][0xb5]\#,[0xe0][0xcc]Y[0xab][0xc9][0x4][0xe1][0xa2][0xd5]b[0x1a][0x8d][0x12]vLI[0xcc][0xe6]n1[0xa9][0x14]O[0x93][0x83][0x1][0xa8][0xf9][0x86][0xac]S[0xf][0x81]k&[0xcf]K[0x8d]L[0x94]q[0xbc][0xb0]Z[0xcf][0x3][0xbc]}[0xee][0x8c]J[0xcf]y[0x80][0x90]={[0xb][0xd4][0xe3]![0xeb][0x8e][0xe5][0xe5]%a[0xc6][0xb2][0xf6]M[0x1e][0xb8][0xd5][0x86][0xf2][0x86][0xb4][0xd7]B[0xf8][0xff]w[0xd6][0xc7][0xef][0xf][0x93]'[0xe9][0x1b][0x9f][0x0][0x0][0x0][\r][\n]"
<2017-09-26 13:03:52> DEBUG [org.apache.http.wire] http-outgoing-4 << "0[\r][\n]"
<2017-09-26 13:03:52> DEBUG [org.apache.http.wire] http-outgoing-4 << "[\r][\n]"
<2017-09-26 13:03:52> DEBUG [org.apache.http.headers] http-outgoing-4 << HTTP/1.1 200 OK
<2017-09-26 13:03:52> DEBUG [org.apache.http.headers] http-outgoing-4 << Server: nginx
<2017-09-26 13:03:52> DEBUG [org.apache.http.headers] http-outgoing-4 << Date: Tue, 26 Sep 2017 10:03:48 GMT
<2017-09-26 13:03:52> DEBUG [org.apache.http.headers] http-outgoing-4 << Content-Type: application/json;charset=utf-8
<2017-09-26 13:03:52> DEBUG [org.apache.http.headers] http-outgoing-4 << Transfer-Encoding: chunked
<2017-09-26 13:03:52> DEBUG [org.apache.http.headers] http-outgoing-4 << Connection: keep-alive
<2017-09-26 13:03:52> DEBUG [org.apache.http.headers] http-outgoing-4 << Set-Cookie: JSESSIONID=F6E28E4994D1584E597DBDFCCCB1737E; Path=/nexperience/; HttpOnly
<2017-09-26 13:03:52> DEBUG [org.apache.http.headers] http-outgoing-4 << Expires: Thu, 01 Jan 1970 00:00:00 GMT
<2017-09-26 13:03:52> DEBUG [org.apache.http.headers] http-outgoing-4 << Cache-Control: no-cache
<2017-09-26 13:03:52> DEBUG [org.apache.http.headers] http-outgoing-4 << Cache-Control: no-cache
<2017-09-26 13:03:52> DEBUG [org.apache.http.headers] http-outgoing-4 << Expires: Thu, 01 Jan 1970 00:00:00 GMT
<2017-09-26 13:03:52> DEBUG [org.apache.http.headers] http-outgoing-4 << Set-Cookie: fast_failed=true
<2017-09-26 13:03:52> DEBUG [org.apache.http.headers] http-outgoing-4 << X-XSS-Protection: 2; mode=block
<2017-09-26 13:03:52> DEBUG [org.apache.http.headers] http-outgoing-4 << Content-Encoding: gzip
<2017-09-26 13:03:52> DEBUG [o.a.h.i.execchain.MainClientExec] Connection can be kept alive indefinitely
<2017-09-26 13:03:52> DEBUG [o.a.h.c.p.ResponseProcessCookies] Cookie accepted [JSESSIONID="F6E28E4994D1584E597DBDFCCCB1737E", version:0, domain:branchtest.perfectomobile.com, path:/nexperience/, expiry:null]
<2017-09-26 13:03:52> DEBUG [o.a.h.c.p.ResponseProcessCookies] Cookie accepted [fast_failed="true", version:0, domain:branchtest.perfectomobile.com, path:/nexperience/perfectomobile/wd/hub/session/9653146c-9d83-4061-80ff-76b8ef1fd249, expiry:null]
<2017-09-26 13:03:52> DEBUG [o.a.h.i.c.PoolingHttpClientConnectionManager] Connection [id: 4][route: {s}->https://branchtest.perfectomobile.com:443] can be kept alive indefinitely
<2017-09-26 13:03:52> DEBUG [o.a.h.i.c.PoolingHttpClientConnectionManager] Connection released: [id: 4][route: {s}->https://branchtest.perfectomobile.com:443][total kept alive: 4; route allocated: 5 of 2000; total allocated: 5 of 2000]
<2017-09-26 13:03:52> DEBUG [o.a.h.c.p.RequestAddCookies] CookieSpec selected: default
<2017-09-26 13:03:52> DEBUG [o.a.h.c.p.RequestAddCookies] Cookie [version: 0][name: JSESSIONID][value: F6E28E4994D1584E597DBDFCCCB1737E][domain: branchtest.perfectomobile.com][path: /nexperience/][expiry: null] match [(secure)branchtest.perfectomobile.com:443/nexperience/perfectomobile/wd/hub/session/9653146c-9d83-4061-80ff-76b8ef1fd249/execute]
<2017-09-26 13:03:52> DEBUG [o.a.h.c.p.RequestAddCookies] Cookie [version: 0][name: fast_failed][value: true][domain: branchtest.perfectomobile.com][path: /nexperience/perfectomobile/wd/hub][expiry: null] match [(secure)branchtest.perfectomobile.com:443/nexperience/perfectomobile/wd/hub/session/9653146c-9d83-4061-80ff-76b8ef1fd249/execute]
<2017-09-26 13:03:52> DEBUG [o.a.h.c.p.RequestAddCookies] Cookie [version: 0][name: fast_failed][value: true][domain: branchtest.perfectomobile.com][path: /nexperience/perfectomobile/wd/hub/session/9653146c-9d83-4061-80ff-76b8ef1fd249][expiry: null] match [(secure)branchtest.perfectomobile.com:443/nexperience/perfectomobile/wd/hub/session/9653146c-9d83-4061-80ff-76b8ef1fd249/execute]
<2017-09-26 13:03:52> DEBUG [o.a.h.c.p.RequestAuthCache] Auth cache not set in the context
<2017-09-26 13:03:52> DEBUG [o.a.h.i.c.PoolingHttpClientConnectionManager] Connection request: [route: {s}->https://branchtest.perfectomobile.com:443][total kept alive: 4; route allocated: 5 of 2000; total allocated: 5 of 2000]
<2017-09-26 13:03:52> DEBUG [o.a.h.i.c.PoolingHttpClientConnectionManager] Connection leased: [id: 4][route: {s}->https://branchtest.perfectomobile.com:443][total kept alive: 3; route allocated: 5 of 2000; total allocated: 5 of 2000]
<2017-09-26 13:03:52> DEBUG [o.a.h.i.execchain.MainClientExec] Stale connection check
<2017-09-26 13:03:52> DEBUG [org.apache.http.wire] http-outgoing-4 << "[read] I/O error: Read timed out"
<2017-09-26 13:03:52> DEBUG [o.a.h.i.c.DefaultManagedHttpClientConnection] http-outgoing-4: set socket timeout to 10800000
<2017-09-26 13:03:52> DEBUG [o.a.h.i.execchain.MainClientExec] Executing request POST /nexperience/perfectomobile/wd/hub/session/9653146c-9d83-4061-80ff-76b8ef1fd249/execute HTTP/1.1
<2017-09-26 13:03:52> DEBUG [o.a.h.i.execchain.MainClientExec] Target auth state: UNCHALLENGED
<2017-09-26 13:03:52> DEBUG [o.a.h.i.execchain.MainClientExec] Proxy auth state: UNCHALLENGED
<2017-09-26 13:03:52> DEBUG [org.apache.http.headers] http-outgoing-4 >> POST /nexperience/perfectomobile/wd/hub/session/9653146c-9d83-4061-80ff-76b8ef1fd249/execute HTTP/1.1
<2017-09-26 13:03:52> DEBUG [org.apache.http.headers] http-outgoing-4 >> Content-Type: application/json; charset=utf-8
<2017-09-26 13:03:52> DEBUG [org.apache.http.headers] http-outgoing-4 >> Content-Length: 61
<2017-09-26 13:03:52> DEBUG [org.apache.http.headers] http-outgoing-4 >> Host: branchtest.perfectomobile.com
<2017-09-26 13:03:52> DEBUG [org.apache.http.headers] http-outgoing-4 >> Connection: Keep-Alive
<2017-09-26 13:03:52> DEBUG [org.apache.http.headers] http-outgoing-4 >> User-Agent: Apache-HttpClient/4.5.2 (Java/1.8.0_121)
<2017-09-26 13:03:52> DEBUG [org.apache.http.headers] http-outgoing-4 >> Cookie: JSESSIONID=F6E28E4994D1584E597DBDFCCCB1737E; fast_failed=true; fast_failed=true
<2017-09-26 13:03:52> DEBUG [org.apache.http.headers] http-outgoing-4 >> Accept-Encoding: gzip,deflate
<2017-09-26 13:03:52> DEBUG [org.apache.http.wire] http-outgoing-4 >> "POST /nexperience/perfectomobile/wd/hub/session/9653146c-9d83-4061-80ff-76b8ef1fd249/execute HTTP/1.1[\r][\n]"
<2017-09-26 13:03:52> DEBUG [org.apache.http.wire] http-outgoing-4 >> "Content-Type: application/json; charset=utf-8[\r][\n]"
<2017-09-26 13:03:52> DEBUG [org.apache.http.wire] http-outgoing-4 >> "Content-Length: 61[\r][\n]"
<2017-09-26 13:03:52> DEBUG [org.apache.http.wire] http-outgoing-4 >> "Host: branchtest.perfectomobile.com[\r][\n]"
<2017-09-26 13:03:52> DEBUG [org.apache.http.wire] http-outgoing-4 >> "Connection: Keep-Alive[\r][\n]"
<2017-09-26 13:03:52> DEBUG [org.apache.http.wire] http-outgoing-4 >> "User-Agent: Apache-HttpClient/4.5.2 (Java/1.8.0_121)[\r][\n]"
<2017-09-26 13:03:52> DEBUG [org.apache.http.wire] http-outgoing-4 >> "Cookie: JSESSIONID=F6E28E4994D1584E597DBDFCCCB1737E; fast_failed=true; fast_failed=true[\r][\n]"
<2017-09-26 13:03:52> DEBUG [org.apache.http.wire] http-outgoing-4 >> "Accept-Encoding: gzip,deflate[\r][\n]"
<2017-09-26 13:03:52> DEBUG [org.apache.http.wire] http-outgoing-4 >> "[\r][\n]"
<2017-09-26 13:03:52> DEBUG [org.apache.http.wire] http-outgoing-4 >> "{"script":"mobile:step:start","args":[{"name":"Signing in"}]}"
<2017-09-26 13:03:52> DEBUG [org.apache.http.wire] http-outgoing-4 << "HTTP/1.1 200 OK[\r][\n]"
<2017-09-26 13:03:52> DEBUG [org.apache.http.wire] http-outgoing-4 << "Server: nginx[\r][\n]"
<2017-09-26 13:03:52> DEBUG [org.apache.http.wire] http-outgoing-4 << "Date: Tue, 26 Sep 2017 10:03:49 GMT[\r][\n]"
<2017-09-26 13:03:52> DEBUG [org.apache.http.wire] http-outgoing-4 << "Content-Type: application/json;charset=utf-8[\r][\n]"
<2017-09-26 13:03:52> DEBUG [org.apache.http.wire] http-outgoing-4 << "Transfer-Encoding: chunked[\r][\n]"
<2017-09-26 13:03:52> DEBUG [org.apache.http.wire] http-outgoing-4 << "Connection: keep-alive[\r][\n]"
<2017-09-26 13:03:52> DEBUG [org.apache.http.wire] http-outgoing-4 << "Set-Cookie: JSESSIONID=F6E28E4994D1584E597DBDFCCCB1737E; Path=/nexperience/; HttpOnly[\r][\n]"
<2017-09-26 13:03:52> DEBUG [org.apache.http.wire] http-outgoing-4 << "Expires: Thu, 01 Jan 1970 00:00:00 GMT[\r][\n]"
<2017-09-26 13:03:52> DEBUG [org.apache.http.wire] http-outgoing-4 << "Cache-Control: no-cache[\r][\n]"
<2017-09-26 13:03:52> DEBUG [org.apache.http.wire] http-outgoing-4 << "Cache-Control: no-cache[\r][\n]"
<2017-09-26 13:03:52> DEBUG [org.apache.http.wire] http-outgoing-4 << "Expires: Thu, 01 Jan 1970 00:00:00 GMT[\r][\n]"
<2017-09-26 13:03:52> DEBUG [org.apache.http.wire] http-outgoing-4 << "Set-Cookie: fast_failed=true[\r][\n]"
<2017-09-26 13:03:52> DEBUG [org.apache.http.wire] http-outgoing-4 << "X-XSS-Protection: 2; mode=block[\r][\n]"
<2017-09-26 13:03:52> DEBUG [org.apache.http.wire] http-outgoing-4 << "Content-Encoding: gzip[\r][\n]"
<2017-09-26 13:03:52> DEBUG [org.apache.http.wire] http-outgoing-4 << "[\r][\n]"
<2017-09-26 13:03:52> DEBUG [org.apache.http.wire] http-outgoing-4 << "94[\r][\n]"
<2017-09-26 13:03:52> DEBUG [org.apache.http.wire] http-outgoing-4 << "[0x1f][0x8b][0x8][0x0][0x0][0x0][0x0][0x0][0x0][0x3]-[0x8c]1[0x12][0xc2] [0x10]E[0xef][0xb2]u`B[0x82][0x8]i[0xad]l[0xbd][0x1][0xc2][0xa2][0x99]I [0xc9][0x82][0x8d][0xe3][0xdd]]gl[0xdf]]]>&#x7f;<![CDATA[[0xef][0xbf][0x81][0x90]h.[0xf9][0x1a]a[0x2]gN[0xa3][0xd2]&[0x8][0x17][0xed](to[0x94][0xb0]}J[0xe2]l[0xee][0x16][0x93]Jq[0xd0][0xe]:[0xa0][0xea]+[0xb2]N-[0x4][0xae][0x99]</%2Q[0xc3][0xe0][0x94][0xb6][0xdc]u[0xf0][0xf2]K[0xfb]I[0xbc][0x86][0xc5][0xb3]5A9[0x1e][0xb2]l[0x98]w/[0x9][0x17][0xcc]s[[0xe5][0x81]k[0xa9](oH[[0xc9][0x84][0xff][0xf7][0xc6]z[0xff][0xf9][0x2]V[0x9b][0x10])[0x9d][0x0][0x0][0x0][\r][\n]"
<2017-09-26 13:03:52> DEBUG [org.apache.http.wire] http-outgoing-4 << "0[\r][\n]"
<2017-09-26 13:03:52> DEBUG [org.apache.http.wire] http-outgoing-4 << "[\r][\n]"
<2017-09-26 13:03:52> DEBUG [org.apache.http.headers] http-outgoing-4 << HTTP/1.1 200 OK
<2017-09-26 13:03:52> DEBUG [org.apache.http.headers] http-outgoing-4 << Server: nginx
<2017-09-26 13:03:52> DEBUG [org.apache.http.headers] http-outgoing-4 << Date: Tue, 26 Sep 2017 10:03:49 GMT
<2017-09-26 13:03:52> DEBUG [org.apache.http.headers] http-outgoing-4 << Content-Type: application/json;charset=utf-8
<2017-09-26 13:03:52> DEBUG [org.apache.http.headers] http-outgoing-4 << Transfer-Encoding: chunked
<2017-09-26 13:03:52> DEBUG [org.apache.http.headers] http-outgoing-4 << Connection: keep-alive
<2017-09-26 13:03:52> DEBUG [org.apache.http.headers] http-outgoing-4 << Set-Cookie: JSESSIONID=F6E28E4994D1584E597DBDFCCCB1737E; Path=/nexperience/; HttpOnly
<2017-09-26 13:03:52> DEBUG [org.apache.http.headers] http-outgoing-4 << Expires: Thu, 01 Jan 1970 00:00:00 GMT
<2017-09-26 13:03:52> DEBUG [org.apache.http.headers] http-outgoing-4 << Cache-Control: no-cache
<2017-09-26 13:03:52> DEBUG [org.apache.http.headers] http-outgoing-4 << Cache-Control: no-cache
<2017-09-26 13:03:52> DEBUG [org.apache.http.headers] http-outgoing-4 << Expires: Thu, 01 Jan 1970 00:00:00 GMT
<2017-09-26 13:03:52> DEBUG [org.apache.http.headers] http-outgoing-4 << Set-Cookie: fast_failed=true
<2017-09-26 13:03:52> DEBUG [org.apache.http.headers] http-outgoing-4 << X-XSS-Protection: 2; mode=block
<2017-09-26 13:03:52> DEBUG [org.apache.http.headers] http-outgoing-4 << Content-Encoding: gzip
<2017-09-26 13:03:52> DEBUG [o.a.h.i.execchain.MainClientExec] Connection can be kept alive indefinitely
<2017-09-26 13:03:52> DEBUG [o.a.h.c.p.ResponseProcessCookies] Cookie accepted [JSESSIONID="F6E28E4994D1584E597DBDFCCCB1737E", version:0, domain:branchtest.perfectomobile.com, path:/nexperience/, expiry:null]
<2017-09-26 13:03:52> DEBUG [o.a.h.c.p.ResponseProcessCookies] Cookie accepted [fast_failed="true", version:0, domain:branchtest.perfectomobile.com, path:/nexperience/perfectomobile/wd/hub/session/9653146c-9d83-4061-80ff-76b8ef1fd249, expiry:null]
<2017-09-26 13:03:52> DEBUG [o.a.h.i.c.PoolingHttpClientConnectionManager] Connection [id: 4][route: {s}->https://branchtest.perfectomobile.com:443] can be kept alive indefinitely
<2017-09-26 13:03:52> DEBUG [o.a.h.i.c.PoolingHttpClientConnectionManager] Connection released: [id: 4][route: {s}->https://branchtest.perfectomobile.com:443][total kept alive: 4; route allocated: 5 of 2000; total allocated: 5 of 2000]
<2017-09-26 13:03:52> DEBUG [o.a.h.c.p.RequestAddCookies] CookieSpec selected: default
<2017-09-26 13:03:52> DEBUG [o.a.h.c.p.RequestAddCookies] Cookie [version: 0][name: JSESSIONID][value: F6E28E4994D1584E597DBDFCCCB1737E][domain: branchtest.perfectomobile.com][path: /nexperience/][expiry: null] match [(secure)branchtest.perfectomobile.com:443/nexperience/perfectomobile/wd/hub/session/9653146c-9d83-4061-80ff-76b8ef1fd249/element]
<2017-09-26 13:03:52> DEBUG [o.a.h.c.p.RequestAddCookies] Cookie [version: 0][name: fast_failed][value: true][domain: branchtest.perfectomobile.com][path: /nexperience/perfectomobile/wd/hub][expiry: null] match [(secure)branchtest.perfectomobile.com:443/nexperience/perfectomobile/wd/hub/session/9653146c-9d83-4061-80ff-76b8ef1fd249/element]
<2017-09-26 13:03:52> DEBUG [o.a.h.c.p.RequestAddCookies] Cookie [version: 0][name: fast_failed][value: true][domain: branchtest.perfectomobile.com][path: /nexperience/perfectomobile/wd/hub/session/9653146c-9d83-4061-80ff-76b8ef1fd249][expiry: null] match [(secure)branchtest.perfectomobile.com:443/nexperience/perfectomobile/wd/hub/session/9653146c-9d83-4061-80ff-76b8ef1fd249/element]
<2017-09-26 13:03:52> DEBUG [o.a.h.c.p.RequestAuthCache] Auth cache not set in the context
<2017-09-26 13:03:52> DEBUG [o.a.h.i.c.PoolingHttpClientConnectionManager] Connection request: [route: {s}->https://branchtest.perfectomobile.com:443][total kept alive: 4; route allocated: 5 of 2000; total allocated: 5 of 2000]
<2017-09-26 13:03:52> DEBUG [o.a.h.i.c.PoolingHttpClientConnectionManager] Connection leased: [id: 4][route: {s}->https://branchtest.perfectomobile.com:443][total kept alive: 3; route allocated: 5 of 2000; total allocated: 5 of 2000]
<2017-09-26 13:03:52> DEBUG [o.a.h.i.execchain.MainClientExec] Stale connection check
<2017-09-26 13:03:52> DEBUG [org.apache.http.wire] http-outgoing-4 << "[read] I/O error: Read timed out"
<2017-09-26 13:03:52> DEBUG [o.a.h.i.c.DefaultManagedHttpClientConnection] http-outgoing-4: set socket timeout to 10800000
<2017-09-26 13:03:52> DEBUG [o.a.h.i.execchain.MainClientExec] Executing request POST /nexperience/perfectomobile/wd/hub/session/9653146c-9d83-4061-80ff-76b8ef1fd249/element HTTP/1.1
<2017-09-26 13:03:52> DEBUG [o.a.h.i.execchain.MainClientExec] Target auth state: UNCHALLENGED
<2017-09-26 13:03:52> DEBUG [o.a.h.i.execchain.MainClientExec] Proxy auth state: UNCHALLENGED
<2017-09-26 13:03:52> DEBUG [org.apache.http.headers] http-outgoing-4 >> POST /nexperience/perfectomobile/wd/hub/session/9653146c-9d83-4061-80ff-76b8ef1fd249/element HTTP/1.1
<2017-09-26 13:03:52> DEBUG [org.apache.http.headers] http-outgoing-4 >> Content-Type: application/json; charset=utf-8
<2017-09-26 13:03:52> DEBUG [org.apache.http.headers] http-outgoing-4 >> Content-Length: 54
<2017-09-26 13:03:52> DEBUG [org.apache.http.headers] http-outgoing-4 >> Host: branchtest.perfectomobile.com
<2017-09-26 13:03:52> DEBUG [org.apache.http.headers] http-outgoing-4 >> Connection: Keep-Alive
<2017-09-26 13:03:52> DEBUG [org.apache.http.headers] http-outgoing-4 >> User-Agent: Apache-HttpClient/4.5.2 (Java/1.8.0_121)
<2017-09-26 13:03:52> DEBUG [org.apache.http.headers] http-outgoing-4 >> Cookie: JSESSIONID=F6E28E4994D1584E597DBDFCCCB1737E; fast_failed=true; fast_failed=true
<2017-09-26 13:03:52> DEBUG [org.apache.http.headers] http-outgoing-4 >> Accept-Encoding: gzip,deflate
<2017-09-26 13:03:52> DEBUG [org.apache.http.wire] http-outgoing-4 >> "POST /nexperience/perfectomobile/wd/hub/session/9653146c-9d83-4061-80ff-76b8ef1fd249/element HTTP/1.1[\r][\n]"
<2017-09-26 13:03:52> DEBUG [org.apache.http.wire] http-outgoing-4 >> "Content-Type: application/json; charset=utf-8[\r][\n]"
<2017-09-26 13:03:52> DEBUG [org.apache.http.wire] http-outgoing-4 >> "Content-Length: 54[\r][\n]"
<2017-09-26 13:03:52> DEBUG [org.apache.http.wire] http-outgoing-4 >> "Host: branchtest.perfectomobile.com[\r][\n]"
<2017-09-26 13:03:52> DEBUG [org.apache.http.wire] http-outgoing-4 >> "Connection: Keep-Alive[\r][\n]"
<2017-09-26 13:03:52> DEBUG [org.apache.http.wire] http-outgoing-4 >> "User-Agent: Apache-HttpClient/4.5.2 (Java/1.8.0_121)[\r][\n]"
<2017-09-26 13:03:52> DEBUG [org.apache.http.wire] http-outgoing-4 >> "Cookie: JSESSIONID=F6E28E4994D1584E597DBDFCCCB1737E; fast_failed=true; fast_failed=true[\r][\n]"
<2017-09-26 13:03:52> DEBUG [org.apache.http.wire] http-outgoing-4 >> "Accept-Encoding: gzip,deflate[\r][\n]"
<2017-09-26 13:03:52> DEBUG [org.apache.http.wire] http-outgoing-4 >> "[\r][\n]"
<2017-09-26 13:03:52> DEBUG [org.apache.http.wire] http-outgoing-4 >> "{"using":"xpath","value":"(//*[@name='username'])[2]"}"
<2017-09-26 13:03:52> DEBUG [org.apache.http.wire] http-outgoing-4 << "HTTP/1.1 200 OK[\r][\n]"
<2017-09-26 13:03:52> DEBUG [org.apache.http.wire] http-outgoing-4 << "Server: nginx[\r][\n]"
<2017-09-26 13:03:52> DEBUG [org.apache.http.wire] http-outgoing-4 << "Date: Tue, 26 Sep 2017 10:03:49 GMT[\r][\n]"
<2017-09-26 13:03:52> DEBUG [org.apache.http.wire] http-outgoing-4 << "Content-Type: application/json;charset=utf-8[\r][\n]"
<2017-09-26 13:03:52> DEBUG [org.apache.http.wire] http-outgoing-4 << "Transfer-Encoding: chunked[\r][\n]"
<2017-09-26 13:03:52> DEBUG [org.apache.http.wire] http-outgoing-4 << "Connection: keep-alive[\r][\n]"
<2017-09-26 13:03:52> DEBUG [org.apache.http.wire] http-outgoing-4 << "Set-Cookie: JSESSIONID=F6E28E4994D1584E597DBDFCCCB1737E; Path=/nexperience/; HttpOnly[\r][\n]"
<2017-09-26 13:03:52> DEBUG [org.apache.http.wire] http-outgoing-4 << "Expires: Thu, 01 Jan 1970 00:00:00 GMT[\r][\n]"
<2017-09-26 13:03:52> DEBUG [org.apache.http.wire] http-outgoing-4 << "Cache-Control: no-cache[\r][\n]"
<2017-09-26 13:03:52> DEBUG [org.apache.http.wire] http-outgoing-4 << "Cache-Control: no-cache[\r][\n]"
<2017-09-26 13:03:52> DEBUG [org.apache.http.wire] http-outgoing-4 << "Expires: Thu, 01 Jan 1970 00:00:00 GMT[\r][\n]"
<2017-09-26 13:03:52> DEBUG [org.apache.http.wire] http-outgoing-4 << "Set-Cookie: fast_failed=true[\r][\n]"
<2017-09-26 13:03:52> DEBUG [org.apache.http.wire] http-outgoing-4 << "X-XSS-Protection: 2; mode=block[\r][\n]"
<2017-09-26 13:03:52> DEBUG [org.apache.http.wire] http-outgoing-4 << "Content-Encoding: gzip[\r][\n]"
<2017-09-26 13:03:52> DEBUG [org.apache.http.wire] http-outgoing-4 << "[\r][\n]"
<2017-09-26 13:03:52> DEBUG [org.apache.http.wire] http-outgoing-4 << "a2[\r][\n]"
<2017-09-26 13:03:52> DEBUG [org.apache.http.wire] http-outgoing-4 << "[0x1f][0x8b][0x8][0x0][0x0][0x0][0x0][0x0][0x0][0x3]-[0x8d][0xb1][0xe][0xc2] [0x14][0x0][0xff][0xe5][0xcd]-[0x1]K[0xa1][0xb8][0x9a][0xe]&[0xea]`[0xfc][0x1][0x84][0x87]6i[0xa1][0xf6][0x15][0x97][0xa6][0xff].[0x83][0xeb][0xe5].[0xb7][0x1]![0xd1][0x90][0xe2][0xd9][0xc3][0x11][0x8c]j[0x1b]![0x95][0xab][0x8d][0xef][0x9a]Zr%[0xea][0x8e][0x87]Pk[0xf5][0xec]0[0x88][0xe0][0xf][0xd2]@[0x5][0xb4][0xda][0x15][0x8b]N[0xd9][0xb9]R[0x17][0xf2]>%_[0x88][0xe0]Zi)Zm*[0xf8][0xda]1[0x17][0xb4]A]]>&#x7f;<![CDATA[[0xe9][0xaf][0xfd][0xed]Q|[0x1]{[0x5]n[0xb4]%9BZ^,[0xcd][0x18]?[0x96][0x11][0x8e][0x18][0x87]<[0xb1][0x5][0xa7][0xb4]"[0xbb]#[0xcd])[0x12][0xfe]W[0xb9][0xe8]|[0xff][0x1]\cN[0xe9][0xaa][0x0][0x0][0x0][\r][\n]"
<2017-09-26 13:03:52> DEBUG [org.apache.http.wire] http-outgoing-4 << "0[\r][\n]"
<2017-09-26 13:03:52> DEBUG [org.apache.http.wire] http-outgoing-4 << "[\r][\n]"
<2017-09-26 13:03:52> DEBUG [org.apache.http.headers] http-outgoing-4 << HTTP/1.1 200 OK
<2017-09-26 13:03:52> DEBUG [org.apache.http.headers] http-outgoing-4 << Server: nginx
<2017-09-26 13:03:52> DEBUG [org.apache.http.headers] http-outgoing-4 << Date: Tue, 26 Sep 2017 10:03:49 GMT
<2017-09-26 13:03:52> DEBUG [org.apache.http.headers] http-outgoing-4 << Content-Type: application/json;charset=utf-8
<2017-09-26 13:03:52> DEBUG [org.apache.http.headers] http-outgoing-4 << Transfer-Encoding: chunked
<2017-09-26 13:03:52> DEBUG [org.apache.http.headers] http-outgoing-4 << Connection: keep-alive
<2017-09-26 13:03:52> DEBUG [org.apache.http.headers] http-outgoing-4 << Set-Cookie: JSESSIONID=F6E28E4994D1584E597DBDFCCCB1737E; Path=/nexperience/; HttpOnly
<2017-09-26 13:03:52> DEBUG [org.apache.http.headers] http-outgoing-4 << Expires: Thu, 01 Jan 1970 00:00:00 GMT
<2017-09-26 13:03:52> DEBUG [org.apache.http.headers] http-outgoing-4 << Cache-Control: no-cache
<2017-09-26 13:03:52> DEBUG [org.apache.http.headers] http-outgoing-4 << Cache-Control: no-cache
<2017-09-26 13:03:52> DEBUG [org.apache.http.headers] http-outgoing-4 << Expires: Thu, 01 Jan 1970 00:00:00 GMT
<2017-09-26 13:03:52> DEBUG [org.apache.http.headers] http-outgoing-4 << Set-Cookie: fast_failed=true
<2017-09-26 13:03:52> DEBUG [org.apache.http.headers] http-outgoing-4 << X-XSS-Protection: 2; mode=block
<2017-09-26 13:03:52> DEBUG [org.apache.http.headers] http-outgoing-4 << Content-Encoding: gzip
<2017-09-26 13:03:52> DEBUG [o.a.h.i.execchain.MainClientExec] Connection can be kept alive indefinitely
<2017-09-26 13:03:52> DEBUG [o.a.h.c.p.ResponseProcessCookies] Cookie accepted [JSESSIONID="F6E28E4994D1584E597DBDFCCCB1737E", version:0, domain:branchtest.perfectomobile.com, path:/nexperience/, expiry:null]
<2017-09-26 13:03:52> DEBUG [o.a.h.c.p.ResponseProcessCookies] Cookie accepted [fast_failed="true", version:0, domain:branchtest.perfectomobile.com, path:/nexperience/perfectomobile/wd/hub/session/9653146c-9d83-4061-80ff-76b8ef1fd249, expiry:null]
<2017-09-26 13:03:52> DEBUG [o.a.h.i.c.PoolingHttpClientConnectionManager] Connection [id: 4][route: {s}->https://branchtest.perfectomobile.com:443] can be kept alive indefinitely
<2017-09-26 13:03:52> DEBUG [o.a.h.i.c.PoolingHttpClientConnectionManager] Connection released: [id: 4][route: {s}->https://branchtest.perfectomobile.com:443][total kept alive: 4; route allocated: 5 of 2000; total allocated: 5 of 2000]
<2017-09-26 13:03:52> DEBUG [o.a.h.c.p.RequestAddCookies] CookieSpec selected: default
<2017-09-26 13:03:52> DEBUG [o.a.h.c.p.RequestAddCookies] Cookie [version: 0][name: JSESSIONID][value: F6E28E4994D1584E597DBDFCCCB1737E][domain: branchtest.perfectomobile.com][path: /nexperience/][expiry: null] match [(secure)branchtest.perfectomobile.com:443/nexperience/perfectomobile/wd/hub/session/9653146c-9d83-4061-80ff-76b8ef1fd249/element/1/value]
<2017-09-26 13:03:52> DEBUG [o.a.h.c.p.RequestAddCookies] Cookie [version: 0][name: fast_failed][value: true][domain: branchtest.perfectomobile.com][path: /nexperience/perfectomobile/wd/hub][expiry: null] match [(secure)branchtest.perfectomobile.com:443/nexperience/perfectomobile/wd/hub/session/9653146c-9d83-4061-80ff-76b8ef1fd249/element/1/value]
<2017-09-26 13:03:52> DEBUG [o.a.h.c.p.RequestAddCookies] Cookie [version: 0][name: fast_failed][value: true][domain: branchtest.perfectomobile.com][path: /nexperience/perfectomobile/wd/hub/session/9653146c-9d83-4061-80ff-76b8ef1fd249][expiry: null] match [(secure)branchtest.perfectomobile.com:443/nexperience/perfectomobile/wd/hub/session/9653146c-9d83-4061-80ff-76b8ef1fd249/element/1/value]
<2017-09-26 13:03:52> DEBUG [o.a.h.c.p.RequestAuthCache] Auth cache not set in the context
<2017-09-26 13:03:52> DEBUG [o.a.h.i.c.PoolingHttpClientConnectionManager] Connection request: [route: {s}->https://branchtest.perfectomobile.com:443][total kept alive: 4; route allocated: 5 of 2000; total allocated: 5 of 2000]
<2017-09-26 13:03:52> DEBUG [o.a.h.i.c.PoolingHttpClientConnectionManager] Connection leased: [id: 4][route: {s}->https://branchtest.perfectomobile.com:443][total kept alive: 3; route allocated: 5 of 2000; total allocated: 5 of 2000]
<2017-09-26 13:03:52> DEBUG [o.a.h.i.execchain.MainClientExec] Stale connection check
<2017-09-26 13:03:52> DEBUG [org.apache.http.wire] http-outgoing-4 << "[read] I/O error: Read timed out"
<2017-09-26 13:03:52> DEBUG [o.a.h.i.c.DefaultManagedHttpClientConnection] http-outgoing-4: set socket timeout to 10800000
<2017-09-26 13:03:52> DEBUG [o.a.h.i.execchain.MainClientExec] Executing request POST /nexperience/perfectomobile/wd/hub/session/9653146c-9d83-4061-80ff-76b8ef1fd249/element/1/value HTTP/1.1
<2017-09-26 13:03:52> DEBUG [o.a.h.i.execchain.MainClientExec] Target auth state: UNCHALLENGED
<2017-09-26 13:03:52> DEBUG [o.a.h.i.execchain.MainClientExec] Proxy auth state: UNCHALLENGED
<2017-09-26 13:03:52> DEBUG [org.apache.http.headers] http-outgoing-4 >> POST /nexperience/perfectomobile/wd/hub/session/9653146c-9d83-4061-80ff-76b8ef1fd249/element/1/value HTTP/1.1
<2017-09-26 13:03:52> DEBUG [org.apache.http.headers] http-outgoing-4 >> Content-Type: application/json; charset=utf-8
<2017-09-26 13:03:52> DEBUG [org.apache.http.headers] http-outgoing-4 >> Content-Length: 28
<2017-09-26 13:03:52> DEBUG [org.apache.http.headers] http-outgoing-4 >> Host: branchtest.perfectomobile.com
<2017-09-26 13:03:52> DEBUG [org.apache.http.headers] http-outgoing-4 >> Connection: Keep-Alive
<2017-09-26 13:03:52> DEBUG [org.apache.http.headers] http-outgoing-4 >> User-Agent: Apache-HttpClient/4.5.2 (Java/1.8.0_121)
<2017-09-26 13:03:52> DEBUG [org.apache.http.headers] http-outgoing-4 >> Cookie: JSESSIONID=F6E28E4994D1584E597DBDFCCCB1737E; fast_failed=true; fast_failed=true
<2017-09-26 13:03:52> DEBUG [org.apache.http.headers] http-outgoing-4 >> Accept-Encoding: gzip,deflate
<2017-09-26 13:03:52> DEBUG [org.apache.http.wire] http-outgoing-4 >> "POST /nexperience/perfectomobile/wd/hub/session/9653146c-9d83-4061-80ff-76b8ef1fd249/element/1/value HTTP/1.1[\r][\n]"
<2017-09-26 13:03:52> DEBUG [org.apache.http.wire] http-outgoing-4 >> "Content-Type: application/json; charset=utf-8[\r][\n]"
<2017-09-26 13:03:52> DEBUG [org.apache.http.wire] http-outgoing-4 >> "Content-Length: 28[\r][\n]"
<2017-09-26 13:03:52> DEBUG [org.apache.http.wire] http-outgoing-4 >> "Host: branchtest.perfectomobile.com[\r][\n]"
<2017-09-26 13:03:52> DEBUG [org.apache.http.wire] http-outgoing-4 >> "Connection: Keep-Alive[\r][\n]"
<2017-09-26 13:03:52> DEBUG [org.apache.http.wire] http-outgoing-4 >> "User-Agent: Apache-HttpClient/4.5.2 (Java/1.8.0_121)[\r][\n]"
<2017-09-26 13:03:52> DEBUG [org.apache.http.wire] http-outgoing-4 >> "Cookie: JSESSIONID=F6E28E4994D1584E597DBDFCCCB1737E; fast_failed=true; fast_failed=true[\r][\n]"
<2017-09-26 13:03:52> DEBUG [org.apache.http.wire] http-outgoing-4 >> "Accept-Encoding: gzip,deflate[\r][\n]"
<2017-09-26 13:03:52> DEBUG [org.apache.http.wire] http-outgoing-4 >> "[\r][\n]"
<2017-09-26 13:03:52> DEBUG [org.apache.http.wire] http-outgoing-4 >> "{"id":"1","value":["liron"]}"
<2017-09-26 13:03:52> DEBUG [o.a.h.c.p.RequestAddCookies] CookieSpec selected: default
<2017-09-26 13:03:52> DEBUG [o.a.h.c.p.RequestAddCookies] Cookie [version: 0][name: JSESSIONID][value: F6E28E4994D1584E597DBDFCCCB1737E][domain: branchtest.perfectomobile.com][path: /nexperience/][expiry: null] match [(secure)branchtest.perfectomobile.com:443/nexperience/perfectomobile/wd/hub/session/ce68b120-6696-4a5d-8938-7cf4bbe88319/execute]
<2017-09-26 13:03:52> DEBUG [o.a.h.c.p.RequestAddCookies] Cookie [version: 0][name: fast_failed][value: true][domain: branchtest.perfectomobile.com][path: /nexperience/perfectomobile/wd/hub][expiry: null] match [(secure)branchtest.perfectomobile.com:443/nexperience/perfectomobile/wd/hub/session/ce68b120-6696-4a5d-8938-7cf4bbe88319/execute]
<2017-09-26 13:03:52> DEBUG [o.a.h.c.p.RequestAddCookies] Cookie [version: 0][name: fast_failed][value: true][domain: branchtest.perfectomobile.com][path: /nexperience/perfectomobile/wd/hub/session/ce68b120-6696-4a5d-8938-7cf4bbe88319][expiry: null] match [(secure)branchtest.perfectomobile.com:443/nexperience/perfectomobile/wd/hub/session/ce68b120-6696-4a5d-8938-7cf4bbe88319/execute]
<2017-09-26 13:03:52> DEBUG [o.a.h.c.p.RequestAuthCache] Auth cache not set in the context
<2017-09-26 13:03:52> DEBUG [o.a.h.i.c.PoolingHttpClientConnectionManager] Connection request: [route: {s}->https://branchtest.perfectomobile.com:443][total kept alive: 3; route allocated: 5 of 2000; total allocated: 5 of 2000]
<2017-09-26 13:03:52> DEBUG [o.a.h.i.c.PoolingHttpClientConnectionManager] Connection leased: [id: 1][route: {s}->https://branchtest.perfectomobile.com:443][total kept alive: 2; route allocated: 5 of 2000; total allocated: 5 of 2000]
<2017-09-26 13:03:52> DEBUG [o.a.h.i.execchain.MainClientExec] Stale connection check
<2017-09-26 13:03:52> DEBUG [org.apache.http.wire] http-outgoing-1 << "[read] I/O error: Read timed out"
<2017-09-26 13:03:52> DEBUG [o.a.h.i.c.DefaultManagedHttpClientConnection] http-outgoing-1: set socket timeout to 10800000
<2017-09-26 13:03:52> DEBUG [o.a.h.i.execchain.MainClientExec] Executing request POST /nexperience/perfectomobile/wd/hub/session/ce68b120-6696-4a5d-8938-7cf4bbe88319/execute HTTP/1.1
<2017-09-26 13:03:52> DEBUG [o.a.h.i.execchain.MainClientExec] Target auth state: UNCHALLENGED
<2017-09-26 13:03:52> DEBUG [o.a.h.i.execchain.MainClientExec] Proxy auth state: UNCHALLENGED
<2017-09-26 13:03:52> DEBUG [org.apache.http.headers] http-outgoing-1 >> POST /nexperience/perfectomobile/wd/hub/session/ce68b120-6696-4a5d-8938-7cf4bbe88319/execute HTTP/1.1
<2017-09-26 13:03:52> DEBUG [org.apache.http.headers] http-outgoing-1 >> Content-Type: application/json; charset=utf-8
<2017-09-26 13:03:52> DEBUG [org.apache.http.headers] http-outgoing-1 >> Content-Length: 54
<2017-09-26 13:03:52> DEBUG [org.apache.http.headers] http-outgoing-1 >> Host: branchtest.perfectomobile.com
<2017-09-26 13:03:52> DEBUG [org.apache.http.headers] http-outgoing-1 >> Connection: Keep-Alive
<2017-09-26 13:03:52> DEBUG [org.apache.http.headers] http-outgoing-1 >> User-Agent: Apache-HttpClient/4.5.2 (Java/1.8.0_121)
<2017-09-26 13:03:52> DEBUG [org.apache.http.headers] http-outgoing-1 >> Cookie: JSESSIONID=F6E28E4994D1584E597DBDFCCCB1737E; fast_failed=true; fast_failed=true
<2017-09-26 13:03:52> DEBUG [org.apache.http.headers] http-outgoing-1 >> Accept-Encoding: gzip,deflate
<2017-09-26 13:03:52> DEBUG [org.apache.http.wire] http-outgoing-1 >> "POST /nexperience/perfectomobile/wd/hub/session/ce68b120-6696-4a5d-8938-7cf4bbe88319/execute HTTP/1.1[\r][\n]"
<2017-09-26 13:03:52> DEBUG [org.apache.http.wire] http-outgoing-1 >> "Content-Type: application/json; charset=utf-8[\r][\n]"
<2017-09-26 13:03:52> DEBUG [org.apache.http.wire] http-outgoing-1 >> "Content-Length: 54[\r][\n]"
<2017-09-26 13:03:52> DEBUG [org.apache.http.wire] http-outgoing-1 >> "Host: branchtest.perfectomobile.com[\r][\n]"
<2017-09-26 13:03:52> DEBUG [org.apache.http.wire] http-outgoing-1 >> "Connection: Keep-Alive[\r][\n]"
<2017-09-26 13:03:52> DEBUG [org.apache.http.wire] http-outgoing-1 >> "User-Agent: Apache-HttpClient/4.5.2 (Java/1.8.0_121)[\r][\n]"
<2017-09-26 13:03:52> DEBUG [org.apache.http.wire] http-outgoing-1 >> "Cookie: JSESSIONID=F6E28E4994D1584E597DBDFCCCB1737E; fast_failed=true; fast_failed=true[\r][\n]"
<2017-09-26 13:03:52> DEBUG [org.apache.http.wire] http-outgoing-1 >> "Accept-Encoding: gzip,deflate[\r][\n]"
<2017-09-26 13:03:52> DEBUG [org.apache.http.wire] http-outgoing-1 >> "[\r][\n]"
<2017-09-26 13:03:52> DEBUG [org.apache.http.wire] http-outgoing-1 >> "{"script":"mobile:step:end","args":[{"message":null}]}"
<2017-09-26 13:03:53> DEBUG [org.apache.http.wire] http-outgoing-1 << "HTTP/1.1 200 OK[\r][\n]"
<2017-09-26 13:03:53> DEBUG [org.apache.http.wire] http-outgoing-1 << "Server: nginx[\r][\n]"
<2017-09-26 13:03:53> DEBUG [org.apache.http.wire] http-outgoing-1 << "Date: Tue, 26 Sep 2017 10:03:49 GMT[\r][\n]"
<2017-09-26 13:03:53> DEBUG [org.apache.http.wire] http-outgoing-1 << "Content-Type: application/json;charset=utf-8[\r][\n]"
<2017-09-26 13:03:53> DEBUG [org.apache.http.wire] http-outgoing-1 << "Transfer-Encoding: chunked[\r][\n]"
<2017-09-26 13:03:53> DEBUG [org.apache.http.wire] http-outgoing-1 << "Connection: keep-alive[\r][\n]"
<2017-09-26 13:03:53> DEBUG [org.apache.http.wire] http-outgoing-1 << "Set-Cookie: JSESSIONID=F6E28E4994D1584E597DBDFCCCB1737E; Path=/nexperience/; HttpOnly[\r][\n]"
<2017-09-26 13:03:53> DEBUG [org.apache.http.wire] http-outgoing-1 << "Expires: Thu, 01 Jan 1970 00:00:00 GMT[\r][\n]"
<2017-09-26 13:03:53> DEBUG [org.apache.http.wire] http-outgoing-1 << "Cache-Control: no-cache[\r][\n]"
<2017-09-26 13:03:53> DEBUG [org.apache.http.wire] http-outgoing-1 << "Cache-Control: no-cache[\r][\n]"
<2017-09-26 13:03:53> DEBUG [org.apache.http.wire] http-outgoing-1 << "Expires: Thu, 01 Jan 1970 00:00:00 GMT[\r][\n]"
<2017-09-26 13:03:53> DEBUG [org.apache.http.wire] http-outgoing-1 << "Set-Cookie: fast_failed=true[\r][\n]"
<2017-09-26 13:03:53> DEBUG [org.apache.http.wire] http-outgoing-1 << "X-XSS-Protection: 2; mode=block[\r][\n]"
<2017-09-26 13:03:53> DEBUG [org.apache.http.wire] http-outgoing-1 << "Content-Encoding: gzip[\r][\n]"
<2017-09-26 13:03:53> DEBUG [org.apache.http.wire] http-outgoing-1 << "[\r][\n]"
<2017-09-26 13:03:53> DEBUG [org.apache.http.wire] http-outgoing-1 << "96[\r][\n]"
<2017-09-26 13:03:53> DEBUG [org.apache.http.wire] http-outgoing-1 << "[0x1f][0x8b][0x8][0x0][0x0][0x0][0x0][0x0][0x0][0x3]-[0xcc][0xbb][0x12][0x82]0[0x10][0x85][0xe1]w[0xd9][0x9a]d [0x81][0x98][0xd0]Z[0xd9][0xfa][0x6][0xb9][0xac][0xca]LH[0x80]%6[0x8e][0xef][0xee][0x16][0xb6][0xff]|[0xe7]|[0x80][0x90]h[0xa9][0xe5][0x96]`[0x86][0x88][0xc6][0x86]A[0xf5][0xc2][0x18]g[0xc4][0xe8][0xa7]$[0xac][0xd3]V\[0xe2]c[0xc][0x1][0xad][0xd5][0x83][0x83][0xe][0xe8][0xf4]'2[0xa7][0x16]#[0xaf][0xb9][0xbc][0xae]5q[0xd1][0xca]MN[0xab]Au[0xf0][0xf6][0xb9]q)-[0xe7][0xe]b[0xf6][0xcc]f[0xa8][0xc7]S[0xd6][\r][0xcb][0xee]%a[0xc6][0xb2][0xb4]U[0x1e][0xb8][0xd6][0x13][0xe5][0x1d]i[0xab][0x85][0xf0]]]>&#x7f;<![CDATA[[0xdf][0x98][0xf7][0xdf][0x1f][0xce][0x95]Q-[0x9e][0x0][0x0][0x0][\r][\n]"
<2017-09-26 13:03:53> DEBUG [org.apache.http.wire] http-outgoing-1 << "0[\r][\n]"
<2017-09-26 13:03:53> DEBUG [org.apache.http.wire] http-outgoing-1 << "[\r][\n]"
<2017-09-26 13:03:53> DEBUG [org.apache.http.headers] http-outgoing-1 << HTTP/1.1 200 OK
<2017-09-26 13:03:53> DEBUG [org.apache.http.headers] http-outgoing-1 << Server: nginx
<2017-09-26 13:03:53> DEBUG [org.apache.http.headers] http-outgoing-1 << Date: Tue, 26 Sep 2017 10:03:49 GMT
<2017-09-26 13:03:53> DEBUG [org.apache.http.headers] http-outgoing-1 << Content-Type: application/json;charset=utf-8
<2017-09-26 13:03:53> DEBUG [org.apache.http.headers] http-outgoing-1 << Transfer-Encoding: chunked
<2017-09-26 13:03:53> DEBUG [org.apache.http.headers] http-outgoing-1 << Connection: keep-alive
<2017-09-26 13:03:53> DEBUG [org.apache.http.headers] http-outgoing-1 << Set-Cookie: JSESSIONID=F6E28E4994D1584E597DBDFCCCB1737E; Path=/nexperience/; HttpOnly
<2017-09-26 13:03:53> DEBUG [org.apache.http.headers] http-outgoing-1 << Expires: Thu, 01 Jan 1970 00:00:00 GMT
<2017-09-26 13:03:53> DEBUG [org.apache.http.headers] http-outgoing-1 << Cache-Control: no-cache
<2017-09-26 13:03:53> DEBUG [org.apache.http.headers] http-outgoing-1 << Cache-Control: no-cache
<2017-09-26 13:03:53> DEBUG [org.apache.http.headers] http-outgoing-1 << Expires: Thu, 01 Jan 1970 00:00:00 GMT
<2017-09-26 13:03:53> DEBUG [org.apache.http.headers] http-outgoing-1 << Set-Cookie: fast_failed=true
<2017-09-26 13:03:53> DEBUG [org.apache.http.headers] http-outgoing-1 << X-XSS-Protection: 2; mode=block
<2017-09-26 13:03:53> DEBUG [org.apache.http.headers] http-outgoing-1 << Content-Encoding: gzip
<2017-09-26 13:03:53> DEBUG [o.a.h.i.execchain.MainClientExec] Connection can be kept alive indefinitely
<2017-09-26 13:03:53> DEBUG [o.a.h.c.p.ResponseProcessCookies] Cookie accepted [JSESSIONID="F6E28E4994D1584E597DBDFCCCB1737E", version:0, domain:branchtest.perfectomobile.com, path:/nexperience/, expiry:null]
<2017-09-26 13:03:53> DEBUG [o.a.h.c.p.ResponseProcessCookies] Cookie accepted [fast_failed="true", version:0, domain:branchtest.perfectomobile.com, path:/nexperience/perfectomobile/wd/hub/session/ce68b120-6696-4a5d-8938-7cf4bbe88319, expiry:null]
<2017-09-26 13:03:53> DEBUG [o.a.h.i.c.PoolingHttpClientConnectionManager] Connection [id: 1][route: {s}->https://branchtest.perfectomobile.com:443] can be kept alive indefinitely
<2017-09-26 13:03:53> DEBUG [o.a.h.i.c.PoolingHttpClientConnectionManager] Connection released: [id: 1][route: {s}->https://branchtest.perfectomobile.com:443][total kept alive: 3; route allocated: 5 of 2000; total allocated: 5 of 2000]
<2017-09-26 13:03:53> DEBUG [o.a.h.c.p.RequestAddCookies] CookieSpec selected: default
<2017-09-26 13:03:53> DEBUG [o.a.h.c.p.RequestAddCookies] Cookie [version: 0][name: JSESSIONID][value: F6E28E4994D1584E597DBDFCCCB1737E][domain: branchtest.perfectomobile.com][path: /nexperience/][expiry: null] match [(secure)branchtest.perfectomobile.com:443/nexperience/perfectomobile/wd/hub/session/ce68b120-6696-4a5d-8938-7cf4bbe88319/execute]
<2017-09-26 13:03:53> DEBUG [o.a.h.c.p.RequestAddCookies] Cookie [version: 0][name: fast_failed][value: true][domain: branchtest.perfectomobile.com][path: /nexperience/perfectomobile/wd/hub][expiry: null] match [(secure)branchtest.perfectomobile.com:443/nexperience/perfectomobile/wd/hub/session/ce68b120-6696-4a5d-8938-7cf4bbe88319/execute]
<2017-09-26 13:03:53> DEBUG [o.a.h.c.p.RequestAddCookies] Cookie [version: 0][name: fast_failed][value: true][domain: branchtest.perfectomobile.com][path: /nexperience/perfectomobile/wd/hub/session/ce68b120-6696-4a5d-8938-7cf4bbe88319][expiry: null] match [(secure)branchtest.perfectomobile.com:443/nexperience/perfectomobile/wd/hub/session/ce68b120-6696-4a5d-8938-7cf4bbe88319/execute]
<2017-09-26 13:03:53> DEBUG [o.a.h.c.p.RequestAuthCache] Auth cache not set in the context
<2017-09-26 13:03:53> DEBUG [o.a.h.i.c.PoolingHttpClientConnectionManager] Connection request: [route: {s}->https://branchtest.perfectomobile.com:443][total kept alive: 3; route allocated: 5 of 2000; total allocated: 5 of 2000]
<2017-09-26 13:03:53> DEBUG [o.a.h.i.c.PoolingHttpClientConnectionManager] Connection leased: [id: 1][route: {s}->https://branchtest.perfectomobile.com:443][total kept alive: 2; route allocated: 5 of 2000; total allocated: 5 of 2000]
<2017-09-26 13:03:53> DEBUG [o.a.h.i.execchain.MainClientExec] Stale connection check
<2017-09-26 13:03:53> DEBUG [org.apache.http.wire] http-outgoing-1 << "[read] I/O error: Read timed out"
<2017-09-26 13:03:53> DEBUG [o.a.h.i.c.DefaultManagedHttpClientConnection] http-outgoing-1: set socket timeout to 10800000
<2017-09-26 13:03:53> DEBUG [o.a.h.i.execchain.MainClientExec] Executing request POST /nexperience/perfectomobile/wd/hub/session/ce68b120-6696-4a5d-8938-7cf4bbe88319/execute HTTP/1.1
<2017-09-26 13:03:53> DEBUG [o.a.h.i.execchain.MainClientExec] Target auth state: UNCHALLENGED
<2017-09-26 13:03:53> DEBUG [o.a.h.i.execchain.MainClientExec] Proxy auth state: UNCHALLENGED
<2017-09-26 13:03:53> DEBUG [org.apache.http.headers] http-outgoing-1 >> POST /nexperience/perfectomobile/wd/hub/session/ce68b120-6696-4a5d-8938-7cf4bbe88319/execute HTTP/1.1
<2017-09-26 13:03:53> DEBUG [org.apache.http.headers] http-outgoing-1 >> Content-Type: application/json; charset=utf-8
<2017-09-26 13:03:53> DEBUG [org.apache.http.headers] http-outgoing-1 >> Content-Length: 61
<2017-09-26 13:03:53> DEBUG [org.apache.http.headers] http-outgoing-1 >> Host: branchtest.perfectomobile.com
<2017-09-26 13:03:53> DEBUG [org.apache.http.headers] http-outgoing-1 >> Connection: Keep-Alive
<2017-09-26 13:03:53> DEBUG [org.apache.http.headers] http-outgoing-1 >> User-Agent: Apache-HttpClient/4.5.2 (Java/1.8.0_121)
<2017-09-26 13:03:53> DEBUG [org.apache.http.headers] http-outgoing-1 >> Cookie: JSESSIONID=F6E28E4994D1584E597DBDFCCCB1737E; fast_failed=true; fast_failed=true
<2017-09-26 13:03:53> DEBUG [org.apache.http.headers] http-outgoing-1 >> Accept-Encoding: gzip,deflate
<2017-09-26 13:03:53> DEBUG [org.apache.http.wire] http-outgoing-1 >> "POST /nexperience/perfectomobile/wd/hub/session/ce68b120-6696-4a5d-8938-7cf4bbe88319/execute HTTP/1.1[\r][\n]"
<2017-09-26 13:03:53> DEBUG [org.apache.http.wire] http-outgoing-1 >> "Content-Type: application/json; charset=utf-8[\r][\n]"
<2017-09-26 13:03:53> DEBUG [org.apache.http.wire] http-outgoing-1 >> "Content-Length: 61[\r][\n]"
<2017-09-26 13:03:53> DEBUG [org.apache.http.wire] http-outgoing-1 >> "Host: branchtest.perfectomobile.com[\r][\n]"
<2017-09-26 13:03:53> DEBUG [org.apache.http.wire] http-outgoing-1 >> "Connection: Keep-Alive[\r][\n]"
<2017-09-26 13:03:53> DEBUG [org.apache.http.wire] http-outgoing-1 >> "User-Agent: Apache-HttpClient/4.5.2 (Java/1.8.0_121)[\r][\n]"
<2017-09-26 13:03:53> DEBUG [org.apache.http.wire] http-outgoing-1 >> "Cookie: JSESSIONID=F6E28E4994D1584E597DBDFCCCB1737E; fast_failed=true; fast_failed=true[\r][\n]"
<2017-09-26 13:03:53> DEBUG [org.apache.http.wire] http-outgoing-1 >> "Accept-Encoding: gzip,deflate[\r][\n]"
<2017-09-26 13:03:53> DEBUG [org.apache.http.wire] http-outgoing-1 >> "[\r][\n]"
<2017-09-26 13:03:53> DEBUG [org.apache.http.wire] http-outgoing-1 >> "{"script":"mobile:step:start","args":[{"name":"Signing in"}]}"
<2017-09-26 13:03:53> DEBUG [org.apache.http.wire] http-outgoing-1 << "HTTP/1.1 200 OK[\r][\n]"
<2017-09-26 13:03:53> DEBUG [org.apache.http.wire] http-outgoing-1 << "Server: nginx[\r][\n]"
<2017-09-26 13:03:53> DEBUG [org.apache.http.wire] http-outgoing-1 << "Date: Tue, 26 Sep 2017 10:03:49 GMT[\r][\n]"
<2017-09-26 13:03:53> DEBUG [org.apache.http.wire] http-outgoing-1 << "Content-Type: application/json;charset=utf-8[\r][\n]"
<2017-09-26 13:03:53> DEBUG [org.apache.http.wire] http-outgoing-1 << "Transfer-Encoding: chunked[\r][\n]"
<2017-09-26 13:03:53> DEBUG [org.apache.http.wire] http-outgoing-1 << "Connection: keep-alive[\r][\n]"
<2017-09-26 13:03:53> DEBUG [org.apache.http.wire] http-outgoing-1 << "Set-Cookie: JSESSIONID=F6E28E4994D1584E597DBDFCCCB1737E; Path=/nexperience/; HttpOnly[\r][\n]"
<2017-09-26 13:03:53> DEBUG [org.apache.http.wire] http-outgoing-1 << "Expires: Thu, 01 Jan 1970 00:00:00 GMT[\r][\n]"
<2017-09-26 13:03:53> DEBUG [org.apache.http.wire] http-outgoing-1 << "Cache-Control: no-cache[\r][\n]"
<2017-09-26 13:03:53> DEBUG [org.apache.http.wire] http-outgoing-1 << "Cache-Control: no-cache[\r][\n]"
<2017-09-26 13:03:53> DEBUG [org.apache.http.wire] http-outgoing-1 << "Expires: Thu, 01 Jan 1970 00:00:00 GMT[\r][\n]"
<2017-09-26 13:03:53> DEBUG [org.apache.http.wire] http-outgoing-1 << "Set-Cookie: fast_failed=true[\r][\n]"
<2017-09-26 13:03:53> DEBUG [org.apache.http.wire] http-outgoing-1 << "X-XSS-Protection: 2; mode=block[\r][\n]"
<2017-09-26 13:03:53> DEBUG [org.apache.http.wire] http-outgoing-1 << "Content-Encoding: gzip[\r][\n]"
<2017-09-26 13:03:53> DEBUG [org.apache.http.wire] http-outgoing-1 << "[\r][\n]"
<2017-09-26 13:03:53> DEBUG [org.apache.http.wire] http-outgoing-1 << "95[\r][\n]"
<2017-09-26 13:03:53> DEBUG [org.apache.http.wire] http-outgoing-1 << "[0x1f][0x8b][0x8][0x0][0x0][0x0][0x0][0x0][0x0][0x3]-[0xcc][0xc1][0xe][0xc2] [0x10][0x4][0xd0]]]>&#x7f;<![CDATA[[0xd9]s![0x5]Z[0x84]^=y[0xf5][0xf]([0xac][0xda][0xa4][0x85][0xda][0x5]/[0xc6]]]>&#x7f;<![CDATA[wM[0xbc][0xce][0xbc][0x99]7[0x10][0x12]-%_[0x12]L[0x10][0xd1][0xba]Y[0xe9]^X[0xeb][0xad][0x18][0xc2][0x98][0x84][0xf3][0xc6][0x89]S[0xbc][\r][0xf3][0x8c][0xce][0x19][0xe5][0xa1][0x3][0xaa][0xa1]"sj1[0xf2][0x9a][0x93][0xc7][0xb9]$N[0x94][0x19]F[0xaf][0x95][0xd6][0xb6][0x83]WX[0xdb][0xf]q[0x1b][0xd7][0xc0]j[0x82]r[0xdc]e[0xd9]1?[0x83]$\1/m[0x93][0x7]n[0xa5][0xa2][0xbc]"[0xed]%[0x13][0xfe][0xdf][0x1b][0xf3][0xfe][0xf3][0x5]6'[0xd8]4[0x9d][0x0][0x0][0x0][\r][\n]"
<2017-09-26 13:03:53> DEBUG [org.apache.http.wire] http-outgoing-1 << "0[\r][\n]"
<2017-09-26 13:03:53> DEBUG [org.apache.http.wire] http-outgoing-1 << "[\r][\n]"
<2017-09-26 13:03:53> DEBUG [org.apache.http.headers] http-outgoing-1 << HTTP/1.1 200 OK
<2017-09-26 13:03:53> DEBUG [org.apache.http.headers] http-outgoing-1 << Server: nginx
<2017-09-26 13:03:53> DEBUG [org.apache.http.headers] http-outgoing-1 << Date: Tue, 26 Sep 2017 10:03:49 GMT
<2017-09-26 13:03:53> DEBUG [org.apache.http.headers] http-outgoing-1 << Content-Type: application/json;charset=utf-8
<2017-09-26 13:03:53> DEBUG [org.apache.http.headers] http-outgoing-1 << Transfer-Encoding: chunked
<2017-09-26 13:03:53> DEBUG [org.apache.http.headers] http-outgoing-1 << Connection: keep-alive
<2017-09-26 13:03:53> DEBUG [org.apache.http.headers] http-outgoing-1 << Set-Cookie: JSESSIONID=F6E28E4994D1584E597DBDFCCCB1737E; Path=/nexperience/; HttpOnly
<2017-09-26 13:03:53> DEBUG [org.apache.http.headers] http-outgoing-1 << Expires: Thu, 01 Jan 1970 00:00:00 GMT
<2017-09-26 13:03:53> DEBUG [org.apache.http.headers] http-outgoing-1 << Cache-Control: no-cache
<2017-09-26 13:03:53> DEBUG [org.apache.http.headers] http-outgoing-1 << Cache-Control: no-cache
<2017-09-26 13:03:53> DEBUG [org.apache.http.headers] http-outgoing-1 << Expires: Thu, 01 Jan 1970 00:00:00 GMT
<2017-09-26 13:03:53> DEBUG [org.apache.http.headers] http-outgoing-1 << Set-Cookie: fast_failed=true
<2017-09-26 13:03:53> DEBUG [org.apache.http.headers] http-outgoing-1 << X-XSS-Protection: 2; mode=block
<2017-09-26 13:03:53> DEBUG [org.apache.http.headers] http-outgoing-1 << Content-Encoding: gzip
<2017-09-26 13:03:53> DEBUG [o.a.h.i.execchain.MainClientExec] Connection can be kept alive indefinitely
<2017-09-26 13:03:53> DEBUG [o.a.h.c.p.ResponseProcessCookies] Cookie accepted [JSESSIONID="F6E28E4994D1584E597DBDFCCCB1737E", version:0, domain:branchtest.perfectomobile.com, path:/nexperience/, expiry:null]
<2017-09-26 13:03:53> DEBUG [o.a.h.c.p.ResponseProcessCookies] Cookie accepted [fast_failed="true", version:0, domain:branchtest.perfectomobile.com, path:/nexperience/perfectomobile/wd/hub/session/ce68b120-6696-4a5d-8938-7cf4bbe88319, expiry:null]
<2017-09-26 13:03:53> DEBUG [o.a.h.i.c.PoolingHttpClientConnectionManager] Connection [id: 1][route: {s}->https://branchtest.perfectomobile.com:443] can be kept alive indefinitely
<2017-09-26 13:03:53> DEBUG [o.a.h.i.c.PoolingHttpClientConnectionManager] Connection released: [id: 1][route: {s}->https://branchtest.perfectomobile.com:443][total kept alive: 3; route allocated: 5 of 2000; total allocated: 5 of 2000]
<2017-09-26 13:03:53> DEBUG [o.a.h.c.p.RequestAddCookies] CookieSpec selected: default
<2017-09-26 13:03:53> DEBUG [o.a.h.c.p.RequestAddCookies] Cookie [version: 0][name: JSESSIONID][value: F6E28E4994D1584E597DBDFCCCB1737E][domain: branchtest.perfectomobile.com][path: /nexperience/][expiry: null] match [(secure)branchtest.perfectomobile.com:443/nexperience/perfectomobile/wd/hub/session/ce68b120-6696-4a5d-8938-7cf4bbe88319/element]
<2017-09-26 13:03:53> DEBUG [o.a.h.c.p.RequestAddCookies] Cookie [version: 0][name: fast_failed][value: true][domain: branchtest.perfectomobile.com][path: /nexperience/perfectomobile/wd/hub][expiry: null] match [(secure)branchtest.perfectomobile.com:443/nexperience/perfectomobile/wd/hub/session/ce68b120-6696-4a5d-8938-7cf4bbe88319/element]
<2017-09-26 13:03:53> DEBUG [o.a.h.c.p.RequestAddCookies] Cookie [version: 0][name: fast_failed][value: true][domain: branchtest.perfectomobile.com][path: /nexperience/perfectomobile/wd/hub/session/ce68b120-6696-4a5d-8938-7cf4bbe88319][expiry: null] match [(secure)branchtest.perfectomobile.com:443/nexperience/perfectomobile/wd/hub/session/ce68b120-6696-4a5d-8938-7cf4bbe88319/element]
<2017-09-26 13:03:53> DEBUG [o.a.h.c.p.RequestAuthCache] Auth cache not set in the context
<2017-09-26 13:03:53> DEBUG [o.a.h.i.c.PoolingHttpClientConnectionManager] Connection request: [route: {s}->https://branchtest.perfectomobile.com:443][total kept alive: 3; route allocated: 5 of 2000; total allocated: 5 of 2000]
<2017-09-26 13:03:53> DEBUG [o.a.h.i.c.PoolingHttpClientConnectionManager] Connection leased: [id: 1][route: {s}->https://branchtest.perfectomobile.com:443][total kept alive: 2; route allocated: 5 of 2000; total allocated: 5 of 2000]
<2017-09-26 13:03:53> DEBUG [o.a.h.i.execchain.MainClientExec] Stale connection check
<2017-09-26 13:03:53> DEBUG [org.apache.http.wire] http-outgoing-1 << "[read] I/O error: Read timed out"
<2017-09-26 13:03:53> DEBUG [o.a.h.i.c.DefaultManagedHttpClientConnection] http-outgoing-1: set socket timeout to 10800000
<2017-09-26 13:03:53> DEBUG [o.a.h.i.execchain.MainClientExec] Executing request POST /nexperience/perfectomobile/wd/hub/session/ce68b120-6696-4a5d-8938-7cf4bbe88319/element HTTP/1.1
<2017-09-26 13:03:53> DEBUG [o.a.h.i.execchain.MainClientExec] Target auth state: UNCHALLENGED
<2017-09-26 13:03:53> DEBUG [o.a.h.i.execchain.MainClientExec] Proxy auth state: UNCHALLENGED
<2017-09-26 13:03:53> DEBUG [org.apache.http.headers] http-outgoing-1 >> POST /nexperience/perfectomobile/wd/hub/session/ce68b120-6696-4a5d-8938-7cf4bbe88319/element HTTP/1.1
<2017-09-26 13:03:53> DEBUG [org.apache.http.headers] http-outgoing-1 >> Content-Type: application/json; charset=utf-8
<2017-09-26 13:03:53> DEBUG [org.apache.http.headers] http-outgoing-1 >> Content-Length: 54
<2017-09-26 13:03:53> DEBUG [org.apache.http.headers] http-outgoing-1 >> Host: branchtest.perfectomobile.com
<2017-09-26 13:03:53> DEBUG [org.apache.http.headers] http-outgoing-1 >> Connection: Keep-Alive
<2017-09-26 13:03:53> DEBUG [org.apache.http.headers] http-outgoing-1 >> User-Agent: Apache-HttpClient/4.5.2 (Java/1.8.0_121)
<2017-09-26 13:03:53> DEBUG [org.apache.http.headers] http-outgoing-1 >> Cookie: JSESSIONID=F6E28E4994D1584E597DBDFCCCB1737E; fast_failed=true; fast_failed=true
<2017-09-26 13:03:53> DEBUG [org.apache.http.headers] http-outgoing-1 >> Accept-Encoding: gzip,deflate
<2017-09-26 13:03:53> DEBUG [org.apache.http.wire] http-outgoing-1 >> "POST /nexperience/perfectomobile/wd/hub/session/ce68b120-6696-4a5d-8938-7cf4bbe88319/element HTTP/1.1[\r][\n]"
<2017-09-26 13:03:53> DEBUG [org.apache.http.wire] http-outgoing-1 >> "Content-Type: application/json; charset=utf-8[\r][\n]"
<2017-09-26 13:03:53> DEBUG [org.apache.http.wire] http-outgoing-1 >> "Content-Length: 54[\r][\n]"
<2017-09-26 13:03:53> DEBUG [org.apache.http.wire] http-outgoing-1 >> "Host: branchtest.perfectomobile.com[\r][\n]"
<2017-09-26 13:03:53> DEBUG [org.apache.http.wire] http-outgoing-1 >> "Connection: Keep-Alive[\r][\n]"
<2017-09-26 13:03:53> DEBUG [org.apache.http.wire] http-outgoing-1 >> "User-Agent: Apache-HttpClient/4.5.2 (Java/1.8.0_121)[\r][\n]"
<2017-09-26 13:03:53> DEBUG [org.apache.http.wire] http-outgoing-1 >> "Cookie: JSESSIONID=F6E28E4994D1584E597DBDFCCCB1737E; fast_failed=true; fast_failed=true[\r][\n]"
<2017-09-26 13:03:53> DEBUG [org.apache.http.wire] http-outgoing-1 >> "Accept-Encoding: gzip,deflate[\r][\n]"
<2017-09-26 13:03:53> DEBUG [org.apache.http.wire] http-outgoing-1 >> "[\r][\n]"
<2017-09-26 13:03:53> DEBUG [org.apache.http.wire] http-outgoing-1 >> "{"using":"xpath","value":"(//*[@name='username'])[2]"}"
<2017-09-26 13:03:53> DEBUG [org.apache.http.wire] http-outgoing-1 << "HTTP/1.1 200 OK[\r][\n]"
<2017-09-26 13:03:53> DEBUG [org.apache.http.wire] http-outgoing-1 << "Server: nginx[\r][\n]"
<2017-09-26 13:03:53> DEBUG [org.apache.http.wire] http-outgoing-1 << "Date: Tue, 26 Sep 2017 10:03:49 GMT[\r][\n]"
<2017-09-26 13:03:53> DEBUG [org.apache.http.wire] http-outgoing-1 << "Content-Type: application/json;charset=utf-8[\r][\n]"
<2017-09-26 13:03:53> DEBUG [org.apache.http.wire] http-outgoing-1 << "Transfer-Encoding: chunked[\r][\n]"
<2017-09-26 13:03:53> DEBUG [org.apache.http.wire] http-outgoing-1 << "Connection: keep-alive[\r][\n]"
<2017-09-26 13:03:53> DEBUG [org.apache.http.wire] http-outgoing-1 << "Set-Cookie: JSESSIONID=F6E28E4994D1584E597DBDFCCCB1737E; Path=/nexperience/; HttpOnly[\r][\n]"
<2017-09-26 13:03:53> DEBUG [org.apache.http.wire] http-outgoing-1 << "Expires: Thu, 01 Jan 1970 00:00:00 GMT[\r][\n]"
<2017-09-26 13:03:53> DEBUG [org.apache.http.wire] http-outgoing-1 << "Cache-Control: no-cache[\r][\n]"
<2017-09-26 13:03:53> DEBUG [org.apache.http.wire] http-outgoing-1 << "Cache-Control: no-cache[\r][\n]"
<2017-09-26 13:03:53> DEBUG [org.apache.http.wire] http-outgoing-1 << "Expires: Thu, 01 Jan 1970 00:00:00 GMT[\r][\n]"
<2017-09-26 13:03:53> DEBUG [org.apache.http.wire] http-outgoing-1 << "Set-Cookie: fast_failed=true[\r][\n]"
<2017-09-26 13:03:53> DEBUG [org.apache.http.wire] http-outgoing-1 << "X-XSS-Protection: 2; mode=block[\r][\n]"
<2017-09-26 13:03:53> DEBUG [org.apache.http.wire] http-outgoing-1 << "Content-Encoding: gzip[\r][\n]"
<2017-09-26 13:03:53> DEBUG [org.apache.http.wire] http-outgoing-1 << "[\r][\n]"
<2017-09-26 13:03:53> DEBUG [org.apache.http.wire] http-outgoing-1 << "a1[\r][\n]"
<2017-09-26 13:03:53> DEBUG [org.apache.http.wire] http-outgoing-1 << "[0x1f][0x8b][0x8][0x0][0x0][0x0][0x0][0x0][0x0][0x3]-[0x8d]A[0xe][0x82]0[0x10][0x0][0xff][0xb2]g[0xda]P[0x81][0xd2]r%[0x1c]L[0xd4][0x83][0xf1][0x3][0xa5][0xac]J[0x2]-[0xb2][0xd4][0xb][0xe1][0xef][0xee][0xc1][0xeb]d&[0xb3][0x3]![0xd1][0x18][0xc3]y[0x80][0x6]<j[0xd3][0xab]S.[0xb4][0xb6]Z[0x94][0xae][0x1a][0x84][0xb1][0x85][0x11][0xb5]]]>&#x7f;<![CDATA[[0x96]}[0x8f][0xc6][0x14][0xca]B[0x6][0xb4][0xb9][\r]Y[0xa7][0xe4]=[0xd7]L[0xde]m[0x1c][0x98](S[0xd8][0xaa][0xaa]u]f[0xf0]uSb[0xb4]Cw[0xe9][0xae][0xdd][0xed][0xc1][0xbe][0x82]#[0x3]?9N[0x1a][0x88][0xeb]K[0xc6][0x5][0xc3][0xc7]I[0xc2][0x9][0xc3][0x98]f[0xb9][0xe2][0x1c]7[0x94]w[0xa4]%[0x6][0xc2][0xff]*[0xb1][0x9e][0x1f]?g[0xbd][0xcb][0xeb][0xaa][0x0][0x0][0x0][\r][\n]"
<2017-09-26 13:03:53> DEBUG [org.apache.http.wire] http-outgoing-1 << "0[\r][\n]"
<2017-09-26 13:03:53> DEBUG [org.apache.http.wire] http-outgoing-1 << "[\r][\n]"
<2017-09-26 13:03:53> DEBUG [org.apache.http.headers] http-outgoing-1 << HTTP/1.1 200 OK
<2017-09-26 13:03:53> DEBUG [org.apache.http.headers] http-outgoing-1 << Server: nginx
<2017-09-26 13:03:53> DEBUG [org.apache.http.headers] http-outgoing-1 << Date: Tue, 26 Sep 2017 10:03:49 GMT
<2017-09-26 13:03:53> DEBUG [org.apache.http.headers] http-outgoing-1 << Content-Type: application/json;charset=utf-8
<2017-09-26 13:03:53> DEBUG [org.apache.http.headers] http-outgoing-1 << Transfer-Encoding: chunked
<2017-09-26 13:03:53> DEBUG [org.apache.http.headers] http-outgoing-1 << Connection: keep-alive
<2017-09-26 13:03:53> DEBUG [org.apache.http.headers] http-outgoing-1 << Set-Cookie: JSESSIONID=F6E28E4994D1584E597DBDFCCCB1737E; Path=/nexperience/; HttpOnly
<2017-09-26 13:03:53> DEBUG [org.apache.http.headers] http-outgoing-1 << Expires: Thu, 01 Jan 1970 00:00:00 GMT
<2017-09-26 13:03:53> DEBUG [org.apache.http.headers] http-outgoing-1 << Cache-Control: no-cache
<2017-09-26 13:03:53> DEBUG [org.apache.http.headers] http-outgoing-1 << Cache-Control: no-cache
<2017-09-26 13:03:53> DEBUG [org.apache.http.headers] http-outgoing-1 << Expires: Thu, 01 Jan 1970 00:00:00 GMT
<2017-09-26 13:03:53> DEBUG [org.apache.http.headers] http-outgoing-1 << Set-Cookie: fast_failed=true
<2017-09-26 13:03:53> DEBUG [org.apache.http.headers] http-outgoing-1 << X-XSS-Protection: 2; mode=block
<2017-09-26 13:03:53> DEBUG [org.apache.http.headers] http-outgoing-1 << Content-Encoding: gzip
<2017-09-26 13:03:53> DEBUG [o.a.h.i.execchain.MainClientExec] Connection can be kept alive indefinitely
<2017-09-26 13:03:53> DEBUG [o.a.h.c.p.ResponseProcessCookies] Cookie accepted [JSESSIONID="F6E28E4994D1584E597DBDFCCCB1737E", version:0, domain:branchtest.perfectomobile.com, path:/nexperience/, expiry:null]
<2017-09-26 13:03:53> DEBUG [o.a.h.c.p.ResponseProcessCookies] Cookie accepted [fast_failed="true", version:0, domain:branchtest.perfectomobile.com, path:/nexperience/perfectomobile/wd/hub/session/ce68b120-6696-4a5d-8938-7cf4bbe88319, expiry:null]
<2017-09-26 13:03:53> DEBUG [o.a.h.i.c.PoolingHttpClientConnectionManager] Connection [id: 1][route: {s}->https://branchtest.perfectomobile.com:443] can be kept alive indefinitely
<2017-09-26 13:03:53> DEBUG [o.a.h.i.c.PoolingHttpClientConnectionManager] Connection released: [id: 1][route: {s}->https://branchtest.perfectomobile.com:443][total kept alive: 3; route allocated: 5 of 2000; total allocated: 5 of 2000]
<2017-09-26 13:03:53> DEBUG [o.a.h.c.p.RequestAddCookies] CookieSpec selected: default
<2017-09-26 13:03:53> DEBUG [o.a.h.c.p.RequestAddCookies] Cookie [version: 0][name: JSESSIONID][value: F6E28E4994D1584E597DBDFCCCB1737E][domain: branchtest.perfectomobile.com][path: /nexperience/][expiry: null] match [(secure)branchtest.perfectomobile.com:443/nexperience/perfectomobile/wd/hub/session/ce68b120-6696-4a5d-8938-7cf4bbe88319/element/1/value]
<2017-09-26 13:03:53> DEBUG [o.a.h.c.p.RequestAddCookies] Cookie [version: 0][name: fast_failed][value: true][domain: branchtest.perfectomobile.com][path: /nexperience/perfectomobile/wd/hub][expiry: null] match [(secure)branchtest.perfectomobile.com:443/nexperience/perfectomobile/wd/hub/session/ce68b120-6696-4a5d-8938-7cf4bbe88319/element/1/value]
<2017-09-26 13:03:53> DEBUG [o.a.h.c.p.RequestAddCookies] Cookie [version: 0][name: fast_failed][value: true][domain: branchtest.perfectomobile.com][path: /nexperience/perfectomobile/wd/hub/session/ce68b120-6696-4a5d-8938-7cf4bbe88319][expiry: null] match [(secure)branchtest.perfectomobile.com:443/nexperience/perfectomobile/wd/hub/session/ce68b120-6696-4a5d-8938-7cf4bbe88319/element/1/value]
<2017-09-26 13:03:53> DEBUG [o.a.h.c.p.RequestAuthCache] Auth cache not set in the context
<2017-09-26 13:03:53> DEBUG [o.a.h.i.c.PoolingHttpClientConnectionManager] Connection request: [route: {s}->https://branchtest.perfectomobile.com:443][total kept alive: 3; route allocated: 5 of 2000; total allocated: 5 of 2000]
<2017-09-26 13:03:53> DEBUG [o.a.h.i.c.PoolingHttpClientConnectionManager] Connection leased: [id: 1][route: {s}->https://branchtest.perfectomobile.com:443][total kept alive: 2; route allocated: 5 of 2000; total allocated: 5 of 2000]
<2017-09-26 13:03:53> DEBUG [o.a.h.i.execchain.MainClientExec] Stale connection check
<2017-09-26 13:03:53> DEBUG [org.apache.http.wire] http-outgoing-1 << "[read] I/O error: Read timed out"
<2017-09-26 13:03:53> DEBUG [o.a.h.i.c.DefaultManagedHttpClientConnection] http-outgoing-1: set socket timeout to 10800000
<2017-09-26 13:03:53> DEBUG [o.a.h.i.execchain.MainClientExec] Executing request POST /nexperience/perfectomobile/wd/hub/session/ce68b120-6696-4a5d-8938-7cf4bbe88319/element/1/value HTTP/1.1
<2017-09-26 13:03:53> DEBUG [o.a.h.i.execchain.MainClientExec] Target auth state: UNCHALLENGED
<2017-09-26 13:03:53> DEBUG [o.a.h.i.execchain.MainClientExec] Proxy auth state: UNCHALLENGED
<2017-09-26 13:03:53> DEBUG [org.apache.http.headers] http-outgoing-1 >> POST /nexperience/perfectomobile/wd/hub/session/ce68b120-6696-4a5d-8938-7cf4bbe88319/element/1/value HTTP/1.1
<2017-09-26 13:03:53> DEBUG [org.apache.http.headers] http-outgoing-1 >> Content-Type: application/json; charset=utf-8
<2017-09-26 13:03:53> DEBUG [org.apache.http.headers] http-outgoing-1 >> Content-Length: 28
<2017-09-26 13:03:53> DEBUG [org.apache.http.headers] http-outgoing-1 >> Host: branchtest.perfectomobile.com
<2017-09-26 13:03:53> DEBUG [org.apache.http.headers] http-outgoing-1 >> Connection: Keep-Alive
<2017-09-26 13:03:53> DEBUG [org.apache.http.headers] http-outgoing-1 >> User-Agent: Apache-HttpClient/4.5.2 (Java/1.8.0_121)
<2017-09-26 13:03:53> DEBUG [org.apache.http.headers] http-outgoing-1 >> Cookie: JSESSIONID=F6E28E4994D1584E597DBDFCCCB1737E; fast_failed=true; fast_failed=true
<2017-09-26 13:03:53> DEBUG [org.apache.http.headers] http-outgoing-1 >> Accept-Encoding: gzip,deflate
<2017-09-26 13:03:53> DEBUG [org.apache.http.wire] http-outgoing-1 >> "POST /nexperience/perfectomobile/wd/hub/session/ce68b120-6696-4a5d-8938-7cf4bbe88319/element/1/value HTTP/1.1[\r][\n]"
<2017-09-26 13:03:53> DEBUG [org.apache.http.wire] http-outgoing-1 >> "Content-Type: application/json; charset=utf-8[\r][\n]"
<2017-09-26 13:03:53> DEBUG [org.apache.http.wire] http-outgoing-1 >> "Content-Length: 28[\r][\n]"
<2017-09-26 13:03:53> DEBUG [org.apache.http.wire] http-outgoing-1 >> "Host: branchtest.perfectomobile.com[\r][\n]"
<2017-09-26 13:03:53> DEBUG [org.apache.http.wire] http-outgoing-1 >> "Connection: Keep-Alive[\r][\n]"
<2017-09-26 13:03:53> DEBUG [org.apache.http.wire] http-outgoing-1 >> "User-Agent: Apache-HttpClient/4.5.2 (Java/1.8.0_121)[\r][\n]"
<2017-09-26 13:03:53> DEBUG [org.apache.http.wire] http-outgoing-1 >> "Cookie: JSESSIONID=F6E28E4994D1584E597DBDFCCCB1737E; fast_failed=true; fast_failed=true[\r][\n]"
<2017-09-26 13:03:53> DEBUG [org.apache.http.wire] http-outgoing-1 >> "Accept-Encoding: gzip,deflate[\r][\n]"
<2017-09-26 13:03:53> DEBUG [org.apache.http.wire] http-outgoing-1 >> "[\r][\n]"
<2017-09-26 13:03:53> DEBUG [org.apache.http.wire] http-outgoing-1 >> "{"id":"1","value":["liron"]}"
<2017-09-26 13:03:53> DEBUG [org.apache.http.wire] http-outgoing-4 << "HTTP/1.1 200 OK[\r][\n]"
<2017-09-26 13:03:53> DEBUG [org.apache.http.wire] http-outgoing-4 << "Server: nginx[\r][\n]"
<2017-09-26 13:03:53> DEBUG [org.apache.http.wire] http-outgoing-4 << "Date: Tue, 26 Sep 2017 10:03:49 GMT[\r][\n]"
<2017-09-26 13:03:53> DEBUG [org.apache.http.wire] http-outgoing-4 << "Content-Type: application/json;charset=utf-8[\r][\n]"
<2017-09-26 13:03:53> DEBUG [org.apache.http.wire] http-outgoing-4 << "Transfer-Encoding: chunked[\r][\n]"
<2017-09-26 13:03:53> DEBUG [org.apache.http.wire] http-outgoing-4 << "Connection: keep-alive[\r][\n]"
<2017-09-26 13:03:53> DEBUG [org.apache.http.wire] http-outgoing-4 << "Set-Cookie: JSESSIONID=F6E28E4994D1584E597DBDFCCCB1737E; Path=/nexperience/; HttpOnly[\r][\n]"
<2017-09-26 13:03:53> DEBUG [org.apache.http.wire] http-outgoing-4 << "Expires: Thu, 01 Jan 1970 00:00:00 GMT[\r][\n]"
<2017-09-26 13:03:53> DEBUG [org.apache.http.wire] http-outgoing-4 << "Cache-Control: no-cache[\r][\n]"
<2017-09-26 13:03:53> DEBUG [org.apache.http.wire] http-outgoing-4 << "Cache-Control: no-cache[\r][\n]"
<2017-09-26 13:03:53> DEBUG [org.apache.http.wire] http-outgoing-4 << "Expires: Thu, 01 Jan 1970 00:00:00 GMT[\r][\n]"
<2017-09-26 13:03:53> DEBUG [org.apache.http.wire] http-outgoing-4 << "Set-Cookie: fast_failed=true[\r][\n]"
<2017-09-26 13:03:53> DEBUG [org.apache.http.wire] http-outgoing-4 << "X-XSS-Protection: 2; mode=block[\r][\n]"
<2017-09-26 13:03:53> DEBUG [org.apache.http.wire] http-outgoing-4 << "Content-Encoding: gzip[\r][\n]"
<2017-09-26 13:03:53> DEBUG [org.apache.http.wire] http-outgoing-4 << "[\r][\n]"
<2017-09-26 13:03:53> DEBUG [org.apache.http.wire] http-outgoing-4 << "93[\r][\n]"
<2017-09-26 13:03:53> DEBUG [org.apache.http.wire] http-outgoing-4 << "[0x1f][0x8b][0x8][0x0][0x0][0x0][0x0][0x0][0x0][0x3]-[0x8c]1[0x12][0xc2] [0x10][0x0][0xff]r50`"BZ+[]]>&#x7f;<![CDATA[[0x80]phf[0x8]$[0xb9]`[0xe3][0xf8]w[0xaf][0xb0][0xdd][0xd9][0xdd][0xf][0x10][0x12][0xcd][0xad][0xde][0x12]L[0xe0][0xed]y0[0xa3][0x8d][0xd2]'7[0xc8]Q[#[0x9d][0xce]Y^[0xec][0xc3]a69[0x9d]F[0xf][0x2][0xe8][0x8][0x7][0xb2]N=F[0xae][0x99][0xbc][0xae]-1q[0xc6];3p'[0xe0][0x1d]JgR{)[0x2]b[0x9][0xac]M[0xd0][0xf6][0xa7]j+[0xd6]-([0xc2][0x82]u[0xee][0x8b][0xda]qi[0x7][0xaa];[0xd2][0xda]*[0xe1]]]>&#x7f;<![CDATA[[0xdf]Y[0xd7][0xdf][0x1f][0x3]Og[0xd1][0x9e][0x0][0x0][0x0][\r][\n]"
<2017-09-26 13:03:53> DEBUG [org.apache.http.wire] http-outgoing-4 << "0[\r][\n]"
<2017-09-26 13:03:53> DEBUG [org.apache.http.wire] http-outgoing-4 << "[\r][\n]"
<2017-09-26 13:03:53> DEBUG [org.apache.http.headers] http-outgoing-4 << HTTP/1.1 200 OK
<2017-09-26 13:03:53> DEBUG [org.apache.http.headers] http-outgoing-4 << Server: nginx
<2017-09-26 13:03:53> DEBUG [org.apache.http.headers] http-outgoing-4 << Date: Tue, 26 Sep 2017 10:03:49 GMT
<2017-09-26 13:03:53> DEBUG [org.apache.http.headers] http-outgoing-4 << Content-Type: application/json;charset=utf-8
<2017-09-26 13:03:53> DEBUG [org.apache.http.headers] http-outgoing-4 << Transfer-Encoding: chunked
<2017-09-26 13:03:53> DEBUG [org.apache.http.headers] http-outgoing-4 << Connection: keep-alive
<2017-09-26 13:03:53> DEBUG [org.apache.http.headers] http-outgoing-4 << Set-Cookie: JSESSIONID=F6E28E4994D1584E597DBDFCCCB1737E; Path=/nexperience/; HttpOnly
<2017-09-26 13:03:53> DEBUG [org.apache.http.headers] http-outgoing-4 << Expires: Thu, 01 Jan 1970 00:00:00 GMT
<2017-09-26 13:03:53> DEBUG [org.apache.http.headers] http-outgoing-4 << Cache-Control: no-cache
<2017-09-26 13:03:53> DEBUG [org.apache.http.headers] http-outgoing-4 << Cache-Control: no-cache
<2017-09-26 13:03:53> DEBUG [org.apache.http.headers] http-outgoing-4 << Expires: Thu, 01 Jan 1970 00:00:00 GMT
<2017-09-26 13:03:53> DEBUG [org.apache.http.headers] http-outgoing-4 << Set-Cookie: fast_failed=true
<2017-09-26 13:03:53> DEBUG [org.apache.http.headers] http-outgoing-4 << X-XSS-Protection: 2; mode=block
<2017-09-26 13:03:53> DEBUG [org.apache.http.headers] http-outgoing-4 << Content-Encoding: gzip
<2017-09-26 13:03:53> DEBUG [o.a.h.i.execchain.MainClientExec] Connection can be kept alive indefinitely
<2017-09-26 13:03:53> DEBUG [o.a.h.c.p.ResponseProcessCookies] Cookie accepted [JSESSIONID="F6E28E4994D1584E597DBDFCCCB1737E", version:0, domain:branchtest.perfectomobile.com, path:/nexperience/, expiry:null]
<2017-09-26 13:03:53> DEBUG [o.a.h.c.p.ResponseProcessCookies] Cookie accepted [fast_failed="true", version:0, domain:branchtest.perfectomobile.com, path:/nexperience/perfectomobile/wd/hub/session/9653146c-9d83-4061-80ff-76b8ef1fd249/element/1, expiry:null]
<2017-09-26 13:03:53> DEBUG [o.a.h.i.c.PoolingHttpClientConnectionManager] Connection [id: 4][route: {s}->https://branchtest.perfectomobile.com:443] can be kept alive indefinitely
<2017-09-26 13:03:53> DEBUG [o.a.h.i.c.PoolingHttpClientConnectionManager] Connection released: [id: 4][route: {s}->https://branchtest.perfectomobile.com:443][total kept alive: 3; route allocated: 5 of 2000; total allocated: 5 of 2000]
<2017-09-26 13:03:53> DEBUG [o.a.h.c.p.RequestAddCookies] CookieSpec selected: default
<2017-09-26 13:03:53> DEBUG [o.a.h.c.p.RequestAddCookies] Cookie [version: 0][name: JSESSIONID][value: F6E28E4994D1584E597DBDFCCCB1737E][domain: branchtest.perfectomobile.com][path: /nexperience/][expiry: null] match [(secure)branchtest.perfectomobile.com:443/nexperience/perfectomobile/wd/hub/session/9653146c-9d83-4061-80ff-76b8ef1fd249/element]
<2017-09-26 13:03:53> DEBUG [o.a.h.c.p.RequestAddCookies] Cookie [version: 0][name: fast_failed][value: true][domain: branchtest.perfectomobile.com][path: /nexperience/perfectomobile/wd/hub][expiry: null] match [(secure)branchtest.perfectomobile.com:443/nexperience/perfectomobile/wd/hub/session/9653146c-9d83-4061-80ff-76b8ef1fd249/element]
<2017-09-26 13:03:53> DEBUG [o.a.h.c.p.RequestAddCookies] Cookie [version: 0][name: fast_failed][value: true][domain: branchtest.perfectomobile.com][path: /nexperience/perfectomobile/wd/hub/session/9653146c-9d83-4061-80ff-76b8ef1fd249][expiry: null] match [(secure)branchtest.perfectomobile.com:443/nexperience/perfectomobile/wd/hub/session/9653146c-9d83-4061-80ff-76b8ef1fd249/element]
<2017-09-26 13:03:53> DEBUG [o.a.h.c.p.RequestAuthCache] Auth cache not set in the context
<2017-09-26 13:03:53> DEBUG [o.a.h.i.c.PoolingHttpClientConnectionManager] Connection request: [route: {s}->https://branchtest.perfectomobile.com:443][total kept alive: 3; route allocated: 5 of 2000; total allocated: 5 of 2000]
<2017-09-26 13:03:53> DEBUG [o.a.h.i.c.PoolingHttpClientConnectionManager] Connection leased: [id: 4][route: {s}->https://branchtest.perfectomobile.com:443][total kept alive: 2; route allocated: 5 of 2000; total allocated: 5 of 2000]
<2017-09-26 13:03:53> DEBUG [o.a.h.i.execchain.MainClientExec] Stale connection check
<2017-09-26 13:03:53> DEBUG [org.apache.http.wire] http-outgoing-4 << "[read] I/O error: Read timed out"
<2017-09-26 13:03:53> DEBUG [o.a.h.i.c.DefaultManagedHttpClientConnection] http-outgoing-4: set socket timeout to 10800000
<2017-09-26 13:03:53> DEBUG [o.a.h.i.execchain.MainClientExec] Executing request POST /nexperience/perfectomobile/wd/hub/session/9653146c-9d83-4061-80ff-76b8ef1fd249/element HTTP/1.1
<2017-09-26 13:03:53> DEBUG [o.a.h.i.execchain.MainClientExec] Target auth state: UNCHALLENGED
<2017-09-26 13:03:53> DEBUG [o.a.h.i.execchain.MainClientExec] Proxy auth state: UNCHALLENGED
<2017-09-26 13:03:53> DEBUG [org.apache.http.headers] http-outgoing-4 >> POST /nexperience/perfectomobile/wd/hub/session/9653146c-9d83-4061-80ff-76b8ef1fd249/element HTTP/1.1
<2017-09-26 13:03:53> DEBUG [org.apache.http.headers] http-outgoing-4 >> Content-Type: application/json; charset=utf-8
<2017-09-26 13:03:53> DEBUG [org.apache.http.headers] http-outgoing-4 >> Content-Length: 54
<2017-09-26 13:03:53> DEBUG [org.apache.http.headers] http-outgoing-4 >> Host: branchtest.perfectomobile.com
<2017-09-26 13:03:53> DEBUG [org.apache.http.headers] http-outgoing-4 >> Connection: Keep-Alive
<2017-09-26 13:03:53> DEBUG [org.apache.http.headers] http-outgoing-4 >> User-Agent: Apache-HttpClient/4.5.2 (Java/1.8.0_121)
<2017-09-26 13:03:53> DEBUG [org.apache.http.headers] http-outgoing-4 >> Cookie: JSESSIONID=F6E28E4994D1584E597DBDFCCCB1737E; fast_failed=true; fast_failed=true
<2017-09-26 13:03:53> DEBUG [org.apache.http.headers] http-outgoing-4 >> Accept-Encoding: gzip,deflate
<2017-09-26 13:03:53> DEBUG [org.apache.http.wire] http-outgoing-4 >> "POST /nexperience/perfectomobile/wd/hub/session/9653146c-9d83-4061-80ff-76b8ef1fd249/element HTTP/1.1[\r][\n]"
<2017-09-26 13:03:53> DEBUG [org.apache.http.wire] http-outgoing-4 >> "Content-Type: application/json; charset=utf-8[\r][\n]"
<2017-09-26 13:03:53> DEBUG [org.apache.http.wire] http-outgoing-4 >> "Content-Length: 54[\r][\n]"
<2017-09-26 13:03:53> DEBUG [org.apache.http.wire] http-outgoing-4 >> "Host: branchtest.perfectomobile.com[\r][\n]"
<2017-09-26 13:03:53> DEBUG [org.apache.http.wire] http-outgoing-4 >> "Connection: Keep-Alive[\r][\n]"
<2017-09-26 13:03:53> DEBUG [org.apache.http.wire] http-outgoing-4 >> "User-Agent: Apache-HttpClient/4.5.2 (Java/1.8.0_121)[\r][\n]"
<2017-09-26 13:03:53> DEBUG [org.apache.http.wire] http-outgoing-4 >> "Cookie: JSESSIONID=F6E28E4994D1584E597DBDFCCCB1737E; fast_failed=true; fast_failed=true[\r][\n]"
<2017-09-26 13:03:53> DEBUG [org.apache.http.wire] http-outgoing-4 >> "Accept-Encoding: gzip,deflate[\r][\n]"
<2017-09-26 13:03:53> DEBUG [org.apache.http.wire] http-outgoing-4 >> "[\r][\n]"
<2017-09-26 13:03:53> DEBUG [org.apache.http.wire] http-outgoing-4 >> "{"using":"xpath","value":"(//*[@name='password'])[2]"}"
<2017-09-26 13:03:53> DEBUG [org.apache.http.wire] http-outgoing-4 << "HTTP/1.1 200 OK[\r][\n]"
<2017-09-26 13:03:53> DEBUG [org.apache.http.wire] http-outgoing-4 << "Server: nginx[\r][\n]"
<2017-09-26 13:03:53> DEBUG [org.apache.http.wire] http-outgoing-4 << "Date: Tue, 26 Sep 2017 10:03:50 GMT[\r][\n]"
<2017-09-26 13:03:53> DEBUG [org.apache.http.wire] http-outgoing-4 << "Content-Type: application/json;charset=utf-8[\r][\n]"
<2017-09-26 13:03:53> DEBUG [org.apache.http.wire] http-outgoing-4 << "Transfer-Encoding: chunked[\r][\n]"
<2017-09-26 13:03:53> DEBUG [org.apache.http.wire] http-outgoing-4 << "Connection: keep-alive[\r][\n]"
<2017-09-26 13:03:53> DEBUG [org.apache.http.wire] http-outgoing-4 << "Set-Cookie: JSESSIONID=F6E28E4994D1584E597DBDFCCCB1737E; Path=/nexperience/; HttpOnly[\r][\n]"
<2017-09-26 13:03:53> DEBUG [org.apache.http.wire] http-outgoing-4 << "Expires: Thu, 01 Jan 1970 00:00:00 GMT[\r][\n]"
<2017-09-26 13:03:53> DEBUG [org.apache.http.wire] http-outgoing-4 << "Cache-Control: no-cache[\r][\n]"
<2017-09-26 13:03:53> DEBUG [org.apache.http.wire] http-outgoing-4 << "Cache-Control: no-cache[\r][\n]"
<2017-09-26 13:03:53> DEBUG [org.apache.http.wire] http-outgoing-4 << "Expires: Thu, 01 Jan 1970 00:00:00 GMT[\r][\n]"
<2017-09-26 13:03:53> DEBUG [org.apache.http.wire] http-outgoing-4 << "Set-Cookie: fast_failed=true[\r][\n]"
<2017-09-26 13:03:53> DEBUG [org.apache.http.wire] http-outgoing-4 << "X-XSS-Protection: 2; mode=block[\r][\n]"
<2017-09-26 13:03:53> DEBUG [org.apache.http.wire] http-outgoing-4 << "Content-Encoding: gzip[\r][\n]"
<2017-09-26 13:03:53> DEBUG [org.apache.http.wire] http-outgoing-4 << "[\r][\n]"
<2017-09-26 13:03:53> DEBUG [org.apache.http.wire] http-outgoing-4 << "a2[\r][\n]"
<2017-09-26 13:03:53> DEBUG [org.apache.http.wire] http-outgoing-4 << "[0x1f][0x8b][0x8][0x0][0x0][0x0][0x0][0x0][0x0][0x3]-[0x8d][0xcb][0xe][0x82]0[0x10][0x0][0xff]e[0xcf][0xd0][0xf0][0xa8]m[0xf1]j8[0x98][0xa8][0x7][0xe3][0xf][0xd4]v[0xab]$[0xd0]"K[0xbd][0x10][0xfe][0xdd]=x[0x9d][0xcc]d6 $[0x1a]R<{8B[0xa7][0xe]m-[0x95]+;o[0xda]RV[0xaa].M[0x15]B[0xa9][0xd5][0xd3]`[0xa8][0x83]od[0x7][0x5][0xd0]jWd[0x9d][0xb2]s\3y[0x9f][0x92]g"[0xb5][0x96]R7[0xda][0x14][0xf0][0xb5]cf[0xb2]A]]>&#x7f;<![CDATA[[0xe9][0xaf][0xfd][0xed][0xc1]z[0x3]{[0x1]n[0xb4]\[0x1c]!-/[0x91]f[0x8c][0x1f]+[0x8]G[0x8c]C[0x9e][0xc4][0x82]SZQ[0xdc][0x91][0xe6][0x14][0x9][0xff][0xa7][0xcc]z[0xb5][0xff][0x0][0xd9][0x95][0xb8]h[0xa9][0x0][0x0][0x0][\r][\n]"
<2017-09-26 13:03:53> DEBUG [org.apache.http.wire] http-outgoing-4 << "0[\r][\n]"
<2017-09-26 13:03:53> DEBUG [org.apache.http.wire] http-outgoing-4 << "[\r][\n]"
<2017-09-26 13:03:53> DEBUG [org.apache.http.headers] http-outgoing-4 << HTTP/1.1 200 OK
<2017-09-26 13:03:53> DEBUG [org.apache.http.headers] http-outgoing-4 << Server: nginx
<2017-09-26 13:03:53> DEBUG [org.apache.http.headers] http-outgoing-4 << Date: Tue, 26 Sep 2017 10:03:50 GMT
<2017-09-26 13:03:53> DEBUG [org.apache.http.headers] http-outgoing-4 << Content-Type: application/json;charset=utf-8
<2017-09-26 13:03:53> DEBUG [org.apache.http.headers] http-outgoing-4 << Transfer-Encoding: chunked
<2017-09-26 13:03:53> DEBUG [org.apache.http.headers] http-outgoing-4 << Connection: keep-alive
<2017-09-26 13:03:53> DEBUG [org.apache.http.headers] http-outgoing-4 << Set-Cookie: JSESSIONID=F6E28E4994D1584E597DBDFCCCB1737E; Path=/nexperience/; HttpOnly
<2017-09-26 13:03:53> DEBUG [org.apache.http.headers] http-outgoing-4 << Expires: Thu, 01 Jan 1970 00:00:00 GMT
<2017-09-26 13:03:53> DEBUG [org.apache.http.headers] http-outgoing-4 << Cache-Control: no-cache
<2017-09-26 13:03:53> DEBUG [org.apache.http.headers] http-outgoing-4 << Cache-Control: no-cache
<2017-09-26 13:03:53> DEBUG [org.apache.http.headers] http-outgoing-4 << Expires: Thu, 01 Jan 1970 00:00:00 GMT
<2017-09-26 13:03:53> DEBUG [org.apache.http.headers] http-outgoing-4 << Set-Cookie: fast_failed=true
<2017-09-26 13:03:53> DEBUG [org.apache.http.headers] http-outgoing-4 << X-XSS-Protection: 2; mode=block
<2017-09-26 13:03:53> DEBUG [org.apache.http.headers] http-outgoing-4 << Content-Encoding: gzip
<2017-09-26 13:03:53> DEBUG [o.a.h.i.execchain.MainClientExec] Connection can be kept alive indefinitely
<2017-09-26 13:03:53> DEBUG [o.a.h.c.p.ResponseProcessCookies] Cookie accepted [JSESSIONID="F6E28E4994D1584E597DBDFCCCB1737E", version:0, domain:branchtest.perfectomobile.com, path:/nexperience/, expiry:null]
<2017-09-26 13:03:53> DEBUG [o.a.h.c.p.ResponseProcessCookies] Cookie accepted [fast_failed="true", version:0, domain:branchtest.perfectomobile.com, path:/nexperience/perfectomobile/wd/hub/session/9653146c-9d83-4061-80ff-76b8ef1fd249, expiry:null]
<2017-09-26 13:03:53> DEBUG [o.a.h.i.c.PoolingHttpClientConnectionManager] Connection [id: 4][route: {s}->https://branchtest.perfectomobile.com:443] can be kept alive indefinitely
<2017-09-26 13:03:53> DEBUG [o.a.h.i.c.PoolingHttpClientConnectionManager] Connection released: [id: 4][route: {s}->https://branchtest.perfectomobile.com:443][total kept alive: 3; route allocated: 5 of 2000; total allocated: 5 of 2000]
<2017-09-26 13:03:53> DEBUG [o.a.h.c.p.RequestAddCookies] CookieSpec selected: default
<2017-09-26 13:03:53> DEBUG [o.a.h.c.p.RequestAddCookies] Cookie [version: 0][name: JSESSIONID][value: F6E28E4994D1584E597DBDFCCCB1737E][domain: branchtest.perfectomobile.com][path: /nexperience/][expiry: null] match [(secure)branchtest.perfectomobile.com:443/nexperience/perfectomobile/wd/hub/session/9653146c-9d83-4061-80ff-76b8ef1fd249/element/2/value]
<2017-09-26 13:03:53> DEBUG [o.a.h.c.p.RequestAddCookies] Cookie [version: 0][name: fast_failed][value: true][domain: branchtest.perfectomobile.com][path: /nexperience/perfectomobile/wd/hub][expiry: null] match [(secure)branchtest.perfectomobile.com:443/nexperience/perfectomobile/wd/hub/session/9653146c-9d83-4061-80ff-76b8ef1fd249/element/2/value]
<2017-09-26 13:03:53> DEBUG [o.a.h.c.p.RequestAddCookies] Cookie [version: 0][name: fast_failed][value: true][domain: branchtest.perfectomobile.com][path: /nexperience/perfectomobile/wd/hub/session/9653146c-9d83-4061-80ff-76b8ef1fd249][expiry: null] match [(secure)branchtest.perfectomobile.com:443/nexperience/perfectomobile/wd/hub/session/9653146c-9d83-4061-80ff-76b8ef1fd249/element/2/value]
<2017-09-26 13:03:53> DEBUG [o.a.h.c.p.RequestAuthCache] Auth cache not set in the context
<2017-09-26 13:03:53> DEBUG [o.a.h.i.c.PoolingHttpClientConnectionManager] Connection request: [route: {s}->https://branchtest.perfectomobile.com:443][total kept alive: 3; route allocated: 5 of 2000; total allocated: 5 of 2000]
<2017-09-26 13:03:53> DEBUG [o.a.h.i.c.PoolingHttpClientConnectionManager] Connection leased: [id: 4][route: {s}->https://branchtest.perfectomobile.com:443][total kept alive: 2; route allocated: 5 of 2000; total allocated: 5 of 2000]
<2017-09-26 13:03:53> DEBUG [o.a.h.i.execchain.MainClientExec] Stale connection check
<2017-09-26 13:03:53> DEBUG [org.apache.http.wire] http-outgoing-4 << "[read] I/O error: Read timed out"
<2017-09-26 13:03:53> DEBUG [o.a.h.i.c.DefaultManagedHttpClientConnection] http-outgoing-4: set socket timeout to 10800000
<2017-09-26 13:03:53> DEBUG [o.a.h.i.execchain.MainClientExec] Executing request POST /nexperience/perfectomobile/wd/hub/session/9653146c-9d83-4061-80ff-76b8ef1fd249/element/2/value HTTP/1.1
<2017-09-26 13:03:53> DEBUG [o.a.h.i.execchain.MainClientExec] Target auth state: UNCHALLENGED
<2017-09-26 13:03:53> DEBUG [o.a.h.i.execchain.MainClientExec] Proxy auth state: UNCHALLENGED
<2017-09-26 13:03:53> DEBUG [org.apache.http.headers] http-outgoing-4 >> POST /nexperience/perfectomobile/wd/hub/session/9653146c-9d83-4061-80ff-76b8ef1fd249/element/2/value HTTP/1.1
<2017-09-26 13:03:53> DEBUG [org.apache.http.headers] http-outgoing-4 >> Content-Type: application/json; charset=utf-8
<2017-09-26 13:03:53> DEBUG [org.apache.http.headers] http-outgoing-4 >> Content-Length: 29
<2017-09-26 13:03:53> DEBUG [org.apache.http.headers] http-outgoing-4 >> Host: branchtest.perfectomobile.com
<2017-09-26 13:03:53> DEBUG [org.apache.http.headers] http-outgoing-4 >> Connection: Keep-Alive
<2017-09-26 13:03:53> DEBUG [org.apache.http.headers] http-outgoing-4 >> User-Agent: Apache-HttpClient/4.5.2 (Java/1.8.0_121)
<2017-09-26 13:03:53> DEBUG [org.apache.http.headers] http-outgoing-4 >> Cookie: JSESSIONID=F6E28E4994D1584E597DBDFCCCB1737E; fast_failed=true; fast_failed=true
<2017-09-26 13:03:53> DEBUG [org.apache.http.headers] http-outgoing-4 >> Accept-Encoding: gzip,deflate
<2017-09-26 13:03:53> DEBUG [org.apache.http.wire] http-outgoing-4 >> "POST /nexperience/perfectomobile/wd/hub/session/9653146c-9d83-4061-80ff-76b8ef1fd249/element/2/value HTTP/1.1[\r][\n]"
<2017-09-26 13:03:53> DEBUG [org.apache.http.wire] http-outgoing-4 >> "Content-Type: application/json; charset=utf-8[\r][\n]"
<2017-09-26 13:03:53> DEBUG [org.apache.http.wire] http-outgoing-4 >> "Content-Length: 29[\r][\n]"
<2017-09-26 13:03:53> DEBUG [org.apache.http.wire] http-outgoing-4 >> "Host: branchtest.perfectomobile.com[\r][\n]"
<2017-09-26 13:03:53> DEBUG [org.apache.http.wire] http-outgoing-4 >> "Connection: Keep-Alive[\r][\n]"
<2017-09-26 13:03:53> DEBUG [org.apache.http.wire] http-outgoing-4 >> "User-Agent: Apache-HttpClient/4.5.2 (Java/1.8.0_121)[\r][\n]"
<2017-09-26 13:03:53> DEBUG [org.apache.http.wire] http-outgoing-4 >> "Cookie: JSESSIONID=F6E28E4994D1584E597DBDFCCCB1737E; fast_failed=true; fast_failed=true[\r][\n]"
<2017-09-26 13:03:53> DEBUG [org.apache.http.wire] http-outgoing-4 >> "Accept-Encoding: gzip,deflate[\r][\n]"
<2017-09-26 13:03:53> DEBUG [org.apache.http.wire] http-outgoing-4 >> "[\r][\n]"
<2017-09-26 13:03:53> DEBUG [org.apache.http.wire] http-outgoing-4 >> "{"id":"2","value":["123456"]}"
<2017-09-26 13:03:54> DEBUG [org.apache.http.wire] http-outgoing-4 << "HTTP/1.1 200 OK[\r][\n]"
<2017-09-26 13:03:54> DEBUG [org.apache.http.wire] http-outgoing-4 << "Server: nginx[\r][\n]"
<2017-09-26 13:03:54> DEBUG [org.apache.http.wire] http-outgoing-4 << "Date: Tue, 26 Sep 2017 10:03:50 GMT[\r][\n]"
<2017-09-26 13:03:54> DEBUG [org.apache.http.wire] http-outgoing-4 << "Content-Type: application/json;charset=utf-8[\r][\n]"
<2017-09-26 13:03:54> DEBUG [org.apache.http.wire] http-outgoing-4 << "Transfer-Encoding: chunked[\r][\n]"
<2017-09-26 13:03:54> DEBUG [org.apache.http.wire] http-outgoing-4 << "Connection: keep-alive[\r][\n]"
<2017-09-26 13:03:54> DEBUG [org.apache.http.wire] http-outgoing-4 << "Set-Cookie: JSESSIONID=F6E28E4994D1584E597DBDFCCCB1737E; Path=/nexperience/; HttpOnly[\r][\n]"
<2017-09-26 13:03:54> DEBUG [org.apache.http.wire] http-outgoing-4 << "Expires: Thu, 01 Jan 1970 00:00:00 GMT[\r][\n]"
<2017-09-26 13:03:54> DEBUG [org.apache.http.wire] http-outgoing-4 << "Cache-Control: no-cache[\r][\n]"
<2017-09-26 13:03:54> DEBUG [org.apache.http.wire] http-outgoing-4 << "Cache-Control: no-cache[\r][\n]"
<2017-09-26 13:03:54> DEBUG [org.apache.http.wire] http-outgoing-4 << "Expires: Thu, 01 Jan 1970 00:00:00 GMT[\r][\n]"
<2017-09-26 13:03:54> DEBUG [org.apache.http.wire] http-outgoing-4 << "Set-Cookie: fast_failed=true[\r][\n]"
<2017-09-26 13:03:54> DEBUG [org.apache.http.wire] http-outgoing-4 << "X-XSS-Protection: 2; mode=block[\r][\n]"
<2017-09-26 13:03:54> DEBUG [org.apache.http.wire] http-outgoing-4 << "Content-Encoding: gzip[\r][\n]"
<2017-09-26 13:03:54> DEBUG [org.apache.http.wire] http-outgoing-4 << "[\r][\n]"
<2017-09-26 13:03:54> DEBUG [org.apache.http.wire] http-outgoing-4 << "96[\r][\n]"
<2017-09-26 13:03:54> DEBUG [org.apache.http.wire] http-outgoing-4 << "[0x1f][0x8b][0x8][0x0][0x0][0x0][0x0][0x0][0x0][0x3]-[0xcc]1[0x12][0xc2] [0x10][0x85][0xe1][0xbb]l[0x1d][0x18]0[0x4]![0xad][0x95][0xad]7@X43[0x4]b6[0xd8]8[0xde][0xdd]-l[0xff][0xf9][0xde][0xfb][0x0]![0xd1][0xd2][0xea]5[0xc1][0xc][0xde]N[0xa3]66[\n]"
<2017-09-26 13:03:54> DEBUG [org.apache.http.wire] http-outgoing-4 << "[0x9f][0xdc]([0x8c][0xb2]Z8[0x95][0xb3]8[0xdb][0xbb][0xc3][0xac]s:[0x19][0xf][0x3][0xd0][0x11][0xe]dN=F^sy^Z[0xe2][0xa2]'[0xaf][0xdc]8[0x99][0x93][0x1b][0xe0][0x1d]J[0xe7]T{)[0x3][0xc4][0x12][0xd8][0xcd][0xd0][0xf6][0x87]l[0x1b][0xd6]W[0x90][0x84][0x5][0xeb][0xd2]W[0xb9][0xe3][0xda][0xe][0x94]7[0xa4][0xad]U[0xc2][0xff]]]>&#x7f;<![CDATA[g[0xae][0xbe]?k[0x8d]6[0x17][0x9f][0x0][0x0][0x0][\r][\n]"
<2017-09-26 13:03:54> DEBUG [org.apache.http.wire] http-outgoing-4 << "0[\r][\n]"
<2017-09-26 13:03:54> DEBUG [org.apache.http.wire] http-outgoing-4 << "[\r][\n]"
<2017-09-26 13:03:54> DEBUG [org.apache.http.headers] http-outgoing-4 << HTTP/1.1 200 OK
<2017-09-26 13:03:54> DEBUG [org.apache.http.headers] http-outgoing-4 << Server: nginx
<2017-09-26 13:03:54> DEBUG [org.apache.http.headers] http-outgoing-4 << Date: Tue, 26 Sep 2017 10:03:50 GMT
<2017-09-26 13:03:54> DEBUG [org.apache.http.headers] http-outgoing-4 << Content-Type: application/json;charset=utf-8
<2017-09-26 13:03:54> DEBUG [org.apache.http.headers] http-outgoing-4 << Transfer-Encoding: chunked
<2017-09-26 13:03:54> DEBUG [org.apache.http.headers] http-outgoing-4 << Connection: keep-alive
<2017-09-26 13:03:54> DEBUG [org.apache.http.headers] http-outgoing-4 << Set-Cookie: JSESSIONID=F6E28E4994D1584E597DBDFCCCB1737E; Path=/nexperience/; HttpOnly
<2017-09-26 13:03:54> DEBUG [org.apache.http.headers] http-outgoing-4 << Expires: Thu, 01 Jan 1970 00:00:00 GMT
<2017-09-26 13:03:54> DEBUG [org.apache.http.headers] http-outgoing-4 << Cache-Control: no-cache
<2017-09-26 13:03:54> DEBUG [org.apache.http.headers] http-outgoing-4 << Cache-Control: no-cache
<2017-09-26 13:03:54> DEBUG [org.apache.http.headers] http-outgoing-4 << Expires: Thu, 01 Jan 1970 00:00:00 GMT
<2017-09-26 13:03:54> DEBUG [org.apache.http.headers] http-outgoing-4 << Set-Cookie: fast_failed=true
<2017-09-26 13:03:54> DEBUG [org.apache.http.headers] http-outgoing-4 << X-XSS-Protection: 2; mode=block
<2017-09-26 13:03:54> DEBUG [org.apache.http.headers] http-outgoing-4 << Content-Encoding: gzip
<2017-09-26 13:03:54> DEBUG [o.a.h.i.execchain.MainClientExec] Connection can be kept alive indefinitely
<2017-09-26 13:03:54> DEBUG [o.a.h.c.p.ResponseProcessCookies] Cookie accepted [JSESSIONID="F6E28E4994D1584E597DBDFCCCB1737E", version:0, domain:branchtest.perfectomobile.com, path:/nexperience/, expiry:null]
<2017-09-26 13:03:54> DEBUG [o.a.h.c.p.ResponseProcessCookies] Cookie accepted [fast_failed="true", version:0, domain:branchtest.perfectomobile.com, path:/nexperience/perfectomobile/wd/hub/session/9653146c-9d83-4061-80ff-76b8ef1fd249/element/2, expiry:null]
<2017-09-26 13:03:54> DEBUG [o.a.h.i.c.PoolingHttpClientConnectionManager] Connection [id: 4][route: {s}->https://branchtest.perfectomobile.com:443] can be kept alive indefinitely
<2017-09-26 13:03:54> DEBUG [o.a.h.i.c.PoolingHttpClientConnectionManager] Connection released: [id: 4][route: {s}->https://branchtest.perfectomobile.com:443][total kept alive: 3; route allocated: 5 of 2000; total allocated: 5 of 2000]
<2017-09-26 13:03:54> DEBUG [org.apache.http.wire] http-outgoing-1 << "HTTP/1.1 200 OK[\r][\n]"
<2017-09-26 13:03:54> DEBUG [org.apache.http.wire] http-outgoing-1 << "Server: nginx[\r][\n]"
<2017-09-26 13:03:54> DEBUG [org.apache.http.wire] http-outgoing-1 << "Date: Tue, 26 Sep 2017 10:03:51 GMT[\r][\n]"
<2017-09-26 13:03:54> DEBUG [org.apache.http.wire] http-outgoing-1 << "Content-Type: application/json;charset=utf-8[\r][\n]"
<2017-09-26 13:03:54> DEBUG [org.apache.http.wire] http-outgoing-1 << "Transfer-Encoding: chunked[\r][\n]"
<2017-09-26 13:03:54> DEBUG [org.apache.http.wire] http-outgoing-1 << "Connection: keep-alive[\r][\n]"
<2017-09-26 13:03:54> DEBUG [org.apache.http.wire] http-outgoing-1 << "Set-Cookie: JSESSIONID=F6E28E4994D1584E597DBDFCCCB1737E; Path=/nexperience/; HttpOnly[\r][\n]"
<2017-09-26 13:03:54> DEBUG [org.apache.http.wire] http-outgoing-1 << "Expires: Thu, 01 Jan 1970 00:00:00 GMT[\r][\n]"
<2017-09-26 13:03:54> DEBUG [org.apache.http.wire] http-outgoing-1 << "Cache-Control: no-cache[\r][\n]"
<2017-09-26 13:03:54> DEBUG [org.apache.http.wire] http-outgoing-1 << "Cache-Control: no-cache[\r][\n]"
<2017-09-26 13:03:54> DEBUG [org.apache.http.wire] http-outgoing-1 << "Expires: Thu, 01 Jan 1970 00:00:00 GMT[\r][\n]"
<2017-09-26 13:03:54> DEBUG [org.apache.http.wire] http-outgoing-1 << "Set-Cookie: fast_failed=true[\r][\n]"
<2017-09-26 13:03:54> DEBUG [org.apache.http.wire] http-outgoing-1 << "X-XSS-Protection: 2; mode=block[\r][\n]"
<2017-09-26 13:03:54> DEBUG [org.apache.http.wire] http-outgoing-1 << "Content-Encoding: gzip[\r][\n]"
<2017-09-26 13:03:54> DEBUG [org.apache.http.wire] http-outgoing-1 << "[\r][\n]"
<2017-09-26 13:03:54> DEBUG [org.apache.http.wire] http-outgoing-1 << "96[\r][\n]"
<2017-09-26 13:03:54> DEBUG [org.apache.http.wire] http-outgoing-1 << "[0x1f][0x8b][0x8][0x0][0x0][0x0][0x0][0x0][0x0][0x3]-[0xcc][0xbb][0x12][0x82]0[0x10][0x85][0xe1]w[0xd9][0x9a]d[0x88][0x90][0x90][0xd0]Z[0xd9][0xfa][0x6][0xb9][0xac][0xca]LH[0x80]%6[0x8e][0xef][0xee][0x16][0xb6][0xff]|[0xe7]|[0x80][0x90]h[0xa9][0xe5][0x96]`[0x86][0x88][0xc6][0x6]u[0xe9][0x85]1[0xce][0x88][0xd1][0xeb]$[0xac][0x1b][0xac][0x98][0xe2]c[0xc][0x1][0xad][0x1d][0x94][0x83][0xe][0xe8][0xf4]'2[0xa7][0x16]#[0xaf][0xb9][0xbc][0xae]5q[0xd1]zrN[0xab]Qu[0xf0][0xf6][0xb9]q)-[0xe7][0xe]b[0xf6][0xcc]f[0xa8][0xc7]S[0xd6][\r][0xcb][0xee]%a[0xc6][0xb2][0xb4]U[0x1e][0xb8][0xd6][0x13][0xe5][0x1d]i[0xab][0x85][0xf0]]]>&#x7f;<![CDATA[[0xdf][0x98][0xf7][0xdf][0x1f]`[0xaa][0x8d][0x84][0x9e][0x0][0x0][0x0][\r][\n]"
<2017-09-26 13:03:54> DEBUG [org.apache.http.wire] http-outgoing-1 << "0[\r][\n]"
<2017-09-26 13:03:54> DEBUG [org.apache.http.wire] http-outgoing-1 << "[\r][\n]"
<2017-09-26 13:03:54> DEBUG [org.apache.http.headers] http-outgoing-1 << HTTP/1.1 200 OK
<2017-09-26 13:03:54> DEBUG [org.apache.http.headers] http-outgoing-1 << Server: nginx
<2017-09-26 13:03:54> DEBUG [org.apache.http.headers] http-outgoing-1 << Date: Tue, 26 Sep 2017 10:03:51 GMT
<2017-09-26 13:03:54> DEBUG [org.apache.http.headers] http-outgoing-1 << Content-Type: application/json;charset=utf-8
<2017-09-26 13:03:54> DEBUG [org.apache.http.headers] http-outgoing-1 << Transfer-Encoding: chunked
<2017-09-26 13:03:54> DEBUG [org.apache.http.headers] http-outgoing-1 << Connection: keep-alive
<2017-09-26 13:03:54> DEBUG [org.apache.http.headers] http-outgoing-1 << Set-Cookie: JSESSIONID=F6E28E4994D1584E597DBDFCCCB1737E; Path=/nexperience/; HttpOnly
<2017-09-26 13:03:54> DEBUG [org.apache.http.headers] http-outgoing-1 << Expires: Thu, 01 Jan 1970 00:00:00 GMT
<2017-09-26 13:03:54> DEBUG [org.apache.http.headers] http-outgoing-1 << Cache-Control: no-cache
<2017-09-26 13:03:54> DEBUG [org.apache.http.headers] http-outgoing-1 << Cache-Control: no-cache
<2017-09-26 13:03:54> DEBUG [org.apache.http.headers] http-outgoing-1 << Expires: Thu, 01 Jan 1970 00:00:00 GMT
<2017-09-26 13:03:54> DEBUG [org.apache.http.headers] http-outgoing-1 << Set-Cookie: fast_failed=true
<2017-09-26 13:03:54> DEBUG [org.apache.http.headers] http-outgoing-1 << X-XSS-Protection: 2; mode=block
<2017-09-26 13:03:54> DEBUG [org.apache.http.headers] http-outgoing-1 << Content-Encoding: gzip
<2017-09-26 13:03:54> DEBUG [o.a.h.i.execchain.MainClientExec] Connection can be kept alive indefinitely
<2017-09-26 13:03:54> DEBUG [o.a.h.c.p.ResponseProcessCookies] Cookie accepted [JSESSIONID="F6E28E4994D1584E597DBDFCCCB1737E", version:0, domain:branchtest.perfectomobile.com, path:/nexperience/, expiry:null]
<2017-09-26 13:03:54> DEBUG [o.a.h.c.p.ResponseProcessCookies] Cookie accepted [fast_failed="true", version:0, domain:branchtest.perfectomobile.com, path:/nexperience/perfectomobile/wd/hub/session/ce68b120-6696-4a5d-8938-7cf4bbe88319/element/1, expiry:null]
<2017-09-26 13:03:54> DEBUG [o.a.h.i.c.PoolingHttpClientConnectionManager] Connection [id: 1][route: {s}->https://branchtest.perfectomobile.com:443] can be kept alive indefinitely
<2017-09-26 13:03:54> DEBUG [o.a.h.i.c.PoolingHttpClientConnectionManager] Connection released: [id: 1][route: {s}->https://branchtest.perfectomobile.com:443][total kept alive: 4; route allocated: 5 of 2000; total allocated: 5 of 2000]
<2017-09-26 13:03:54> DEBUG [o.a.h.c.p.RequestAddCookies] CookieSpec selected: default
<2017-09-26 13:03:54> DEBUG [o.a.h.c.p.RequestAddCookies] Cookie [version: 0][name: JSESSIONID][value: F6E28E4994D1584E597DBDFCCCB1737E][domain: branchtest.perfectomobile.com][path: /nexperience/][expiry: null] match [(secure)branchtest.perfectomobile.com:443/nexperience/perfectomobile/wd/hub/session/ce68b120-6696-4a5d-8938-7cf4bbe88319/element]
<2017-09-26 13:03:54> DEBUG [o.a.h.c.p.RequestAddCookies] Cookie [version: 0][name: fast_failed][value: true][domain: branchtest.perfectomobile.com][path: /nexperience/perfectomobile/wd/hub][expiry: null] match [(secure)branchtest.perfectomobile.com:443/nexperience/perfectomobile/wd/hub/session/ce68b120-6696-4a5d-8938-7cf4bbe88319/element]
<2017-09-26 13:03:54> DEBUG [o.a.h.c.p.RequestAddCookies] Cookie [version: 0][name: fast_failed][value: true][domain: branchtest.perfectomobile.com][path: /nexperience/perfectomobile/wd/hub/session/ce68b120-6696-4a5d-8938-7cf4bbe88319][expiry: null] match [(secure)branchtest.perfectomobile.com:443/nexperience/perfectomobile/wd/hub/session/ce68b120-6696-4a5d-8938-7cf4bbe88319/element]
<2017-09-26 13:03:54> DEBUG [o.a.h.c.p.RequestAuthCache] Auth cache not set in the context
<2017-09-26 13:03:54> DEBUG [o.a.h.i.c.PoolingHttpClientConnectionManager] Connection request: [route: {s}->https://branchtest.perfectomobile.com:443][total kept alive: 4; route allocated: 5 of 2000; total allocated: 5 of 2000]
<2017-09-26 13:03:54> DEBUG [o.a.h.i.c.PoolingHttpClientConnectionManager] Connection leased: [id: 1][route: {s}->https://branchtest.perfectomobile.com:443][total kept alive: 3; route allocated: 5 of 2000; total allocated: 5 of 2000]
<2017-09-26 13:03:54> DEBUG [o.a.h.i.execchain.MainClientExec] Stale connection check
<2017-09-26 13:03:54> DEBUG [org.apache.http.wire] http-outgoing-1 << "[read] I/O error: Read timed out"
<2017-09-26 13:03:54> DEBUG [o.a.h.i.c.DefaultManagedHttpClientConnection] http-outgoing-1: set socket timeout to 10800000
<2017-09-26 13:03:54> DEBUG [o.a.h.i.execchain.MainClientExec] Executing request POST /nexperience/perfectomobile/wd/hub/session/ce68b120-6696-4a5d-8938-7cf4bbe88319/element HTTP/1.1
<2017-09-26 13:03:54> DEBUG [o.a.h.i.execchain.MainClientExec] Target auth state: UNCHALLENGED
<2017-09-26 13:03:54> DEBUG [o.a.h.i.execchain.MainClientExec] Proxy auth state: UNCHALLENGED
<2017-09-26 13:03:54> DEBUG [org.apache.http.headers] http-outgoing-1 >> POST /nexperience/perfectomobile/wd/hub/session/ce68b120-6696-4a5d-8938-7cf4bbe88319/element HTTP/1.1
<2017-09-26 13:03:54> DEBUG [org.apache.http.headers] http-outgoing-1 >> Content-Type: application/json; charset=utf-8
<2017-09-26 13:03:54> DEBUG [org.apache.http.headers] http-outgoing-1 >> Content-Length: 54
<2017-09-26 13:03:54> DEBUG [org.apache.http.headers] http-outgoing-1 >> Host: branchtest.perfectomobile.com
<2017-09-26 13:03:54> DEBUG [org.apache.http.headers] http-outgoing-1 >> Connection: Keep-Alive
<2017-09-26 13:03:54> DEBUG [org.apache.http.headers] http-outgoing-1 >> User-Agent: Apache-HttpClient/4.5.2 (Java/1.8.0_121)
<2017-09-26 13:03:54> DEBUG [org.apache.http.headers] http-outgoing-1 >> Cookie: JSESSIONID=F6E28E4994D1584E597DBDFCCCB1737E; fast_failed=true; fast_failed=true
<2017-09-26 13:03:54> DEBUG [org.apache.http.headers] http-outgoing-1 >> Accept-Encoding: gzip,deflate
<2017-09-26 13:03:54> DEBUG [org.apache.http.wire] http-outgoing-1 >> "POST /nexperience/perfectomobile/wd/hub/session/ce68b120-6696-4a5d-8938-7cf4bbe88319/element HTTP/1.1[\r][\n]"
<2017-09-26 13:03:54> DEBUG [org.apache.http.wire] http-outgoing-1 >> "Content-Type: application/json; charset=utf-8[\r][\n]"
<2017-09-26 13:03:54> DEBUG [org.apache.http.wire] http-outgoing-1 >> "Content-Length: 54[\r][\n]"
<2017-09-26 13:03:54> DEBUG [org.apache.http.wire] http-outgoing-1 >> "Host: branchtest.perfectomobile.com[\r][\n]"
<2017-09-26 13:03:54> DEBUG [org.apache.http.wire] http-outgoing-1 >> "Connection: Keep-Alive[\r][\n]"
<2017-09-26 13:03:54> DEBUG [org.apache.http.wire] http-outgoing-1 >> "User-Agent: Apache-HttpClient/4.5.2 (Java/1.8.0_121)[\r][\n]"
<2017-09-26 13:03:54> DEBUG [org.apache.http.wire] http-outgoing-1 >> "Cookie: JSESSIONID=F6E28E4994D1584E597DBDFCCCB1737E; fast_failed=true; fast_failed=true[\r][\n]"
<2017-09-26 13:03:54> DEBUG [org.apache.http.wire] http-outgoing-1 >> "Accept-Encoding: gzip,deflate[\r][\n]"
<2017-09-26 13:03:54> DEBUG [org.apache.http.wire] http-outgoing-1 >> "[\r][\n]"
<2017-09-26 13:03:54> DEBUG [org.apache.http.wire] http-outgoing-1 >> "{"using":"xpath","value":"(//*[@name='password'])[2]"}"
<2017-09-26 13:03:55> DEBUG [org.apache.http.wire] http-outgoing-1 << "HTTP/1.1 200 OK[\r][\n]"
<2017-09-26 13:03:55> DEBUG [org.apache.http.wire] http-outgoing-1 << "Server: nginx[\r][\n]"
<2017-09-26 13:03:55> DEBUG [org.apache.http.wire] http-outgoing-1 << "Date: Tue, 26 Sep 2017 10:03:51 GMT[\r][\n]"
<2017-09-26 13:03:55> DEBUG [org.apache.http.wire] http-outgoing-1 << "Content-Type: application/json;charset=utf-8[\r][\n]"
<2017-09-26 13:03:55> DEBUG [org.apache.http.wire] http-outgoing-1 << "Transfer-Encoding: chunked[\r][\n]"
<2017-09-26 13:03:55> DEBUG [org.apache.http.wire] http-outgoing-1 << "Connection: keep-alive[\r][\n]"
<2017-09-26 13:03:55> DEBUG [org.apache.http.wire] http-outgoing-1 << "Set-Cookie: JSESSIONID=F6E28E4994D1584E597DBDFCCCB1737E; Path=/nexperience/; HttpOnly[\r][\n]"
<2017-09-26 13:03:55> DEBUG [org.apache.http.wire] http-outgoing-1 << "Expires: Thu, 01 Jan 1970 00:00:00 GMT[\r][\n]"
<2017-09-26 13:03:55> DEBUG [org.apache.http.wire] http-outgoing-1 << "Cache-Control: no-cache[\r][\n]"
<2017-09-26 13:03:55> DEBUG [org.apache.http.wire] http-outgoing-1 << "Cache-Control: no-cache[\r][\n]"
<2017-09-26 13:03:55> DEBUG [org.apache.http.wire] http-outgoing-1 << "Expires: Thu, 01 Jan 1970 00:00:00 GMT[\r][\n]"
<2017-09-26 13:03:55> DEBUG [org.apache.http.wire] http-outgoing-1 << "Set-Cookie: fast_failed=true[\r][\n]"
<2017-09-26 13:03:55> DEBUG [org.apache.http.wire] http-outgoing-1 << "X-XSS-Protection: 2; mode=block[\r][\n]"
<2017-09-26 13:03:55> DEBUG [org.apache.http.wire] http-outgoing-1 << "Content-Encoding: gzip[\r][\n]"
<2017-09-26 13:03:55> DEBUG [org.apache.http.wire] http-outgoing-1 << "[\r][\n]"
<2017-09-26 13:03:55> DEBUG [org.apache.http.wire] http-outgoing-1 << "a0[\r][\n]"
<2017-09-26 13:03:55> DEBUG [org.apache.http.wire] http-outgoing-1 << "[0x1f][0x8b][0x8][0x0][0x0][0x0][0x0][0x0][0x0][0x3]-[0x8d][0xcb][0xe][0x82]0[0x10][0x0][0xff]e[0xcf][0xb4][0xe1]Y[0x16][0xae][0x86][0x83][0x89]z0[0xfe]@)[0xab][0x92]@[0x8b],[0xf5]B[0xf8]w[0xf7][0xe0]u2[0x93][0xd9][0x81][0x89]y[0xc][0xfe]<@[0xb][0x8e][0xc][0xf6]Y[0x9e]*c[0x1a][0xa3]J[[\r][\n]"
<2017-09-26 13:03:55> DEBUG [org.apache.http.wire] http-outgoing-1 << "[0x9b][0x2]U[0xed][0x9e]e[0xdf][0x13]b[0x91]5[0x90][0x0]ov#[0xd1]9:'[0xb5][0x90][0xf7])[0xc]B[0xaa]<55f5&[0xf0][0xb5]S[0x14][0xb2]Cw[0xe9][0xae][0xdd][0xed]!z[0xe]G[0x2]n[0xb2]R[0xb4][0x10][0xd6][0x97][0xe][0xb][0xf9][0x8f][0xd5]L[0x13][0xf9]1[0xce]z[0xa5]9l[0xa4][0xef][0xc4]K[0xf0]L[0xff]S[0x14]==~[0xe4]0[0xe8]f[0xa9][0x0][0x0][0x0][\r][\n]"
<2017-09-26 13:03:55> DEBUG [org.apache.http.wire] http-outgoing-1 << "0[\r][\n]"
<2017-09-26 13:03:55> DEBUG [org.apache.http.wire] http-outgoing-1 << "[\r][\n]"
<2017-09-26 13:03:55> DEBUG [org.apache.http.headers] http-outgoing-1 << HTTP/1.1 200 OK
<2017-09-26 13:03:55> DEBUG [org.apache.http.headers] http-outgoing-1 << Server: nginx
<2017-09-26 13:03:55> DEBUG [org.apache.http.headers] http-outgoing-1 << Date: Tue, 26 Sep 2017 10:03:51 GMT
<2017-09-26 13:03:55> DEBUG [org.apache.http.headers] http-outgoing-1 << Content-Type: application/json;charset=utf-8
<2017-09-26 13:03:55> DEBUG [org.apache.http.headers] http-outgoing-1 << Transfer-Encoding: chunked
<2017-09-26 13:03:55> DEBUG [org.apache.http.headers] http-outgoing-1 << Connection: keep-alive
<2017-09-26 13:03:55> DEBUG [org.apache.http.headers] http-outgoing-1 << Set-Cookie: JSESSIONID=F6E28E4994D1584E597DBDFCCCB1737E; Path=/nexperience/; HttpOnly
<2017-09-26 13:03:55> DEBUG [org.apache.http.headers] http-outgoing-1 << Expires: Thu, 01 Jan 1970 00:00:00 GMT
<2017-09-26 13:03:55> DEBUG [org.apache.http.headers] http-outgoing-1 << Cache-Control: no-cache
<2017-09-26 13:03:55> DEBUG [org.apache.http.headers] http-outgoing-1 << Cache-Control: no-cache
<2017-09-26 13:03:55> DEBUG [org.apache.http.headers] http-outgoing-1 << Expires: Thu, 01 Jan 1970 00:00:00 GMT
<2017-09-26 13:03:55> DEBUG [org.apache.http.headers] http-outgoing-1 << Set-Cookie: fast_failed=true
<2017-09-26 13:03:55> DEBUG [org.apache.http.headers] http-outgoing-1 << X-XSS-Protection: 2; mode=block
<2017-09-26 13:03:55> DEBUG [org.apache.http.headers] http-outgoing-1 << Content-Encoding: gzip
<2017-09-26 13:03:55> DEBUG [o.a.h.i.execchain.MainClientExec] Connection can be kept alive indefinitely
<2017-09-26 13:03:55> DEBUG [o.a.h.c.p.ResponseProcessCookies] Cookie accepted [JSESSIONID="F6E28E4994D1584E597DBDFCCCB1737E", version:0, domain:branchtest.perfectomobile.com, path:/nexperience/, expiry:null]
<2017-09-26 13:03:55> DEBUG [o.a.h.c.p.ResponseProcessCookies] Cookie accepted [fast_failed="true", version:0, domain:branchtest.perfectomobile.com, path:/nexperience/perfectomobile/wd/hub/session/ce68b120-6696-4a5d-8938-7cf4bbe88319, expiry:null]
<2017-09-26 13:03:55> DEBUG [o.a.h.i.c.PoolingHttpClientConnectionManager] Connection [id: 1][route: {s}->https://branchtest.perfectomobile.com:443] can be kept alive indefinitely
<2017-09-26 13:03:55> DEBUG [o.a.h.i.c.PoolingHttpClientConnectionManager] Connection released: [id: 1][route: {s}->https://branchtest.perfectomobile.com:443][total kept alive: 4; route allocated: 5 of 2000; total allocated: 5 of 2000]
<2017-09-26 13:03:55> DEBUG [o.a.h.c.p.RequestAddCookies] CookieSpec selected: default
<2017-09-26 13:03:55> DEBUG [o.a.h.c.p.RequestAddCookies] Cookie [version: 0][name: JSESSIONID][value: F6E28E4994D1584E597DBDFCCCB1737E][domain: branchtest.perfectomobile.com][path: /nexperience/][expiry: null] match [(secure)branchtest.perfectomobile.com:443/nexperience/perfectomobile/wd/hub/session/ce68b120-6696-4a5d-8938-7cf4bbe88319/element/2/value]
<2017-09-26 13:03:55> DEBUG [o.a.h.c.p.RequestAddCookies] Cookie [version: 0][name: fast_failed][value: true][domain: branchtest.perfectomobile.com][path: /nexperience/perfectomobile/wd/hub][expiry: null] match [(secure)branchtest.perfectomobile.com:443/nexperience/perfectomobile/wd/hub/session/ce68b120-6696-4a5d-8938-7cf4bbe88319/element/2/value]
<2017-09-26 13:03:55> DEBUG [o.a.h.c.p.RequestAddCookies] Cookie [version: 0][name: fast_failed][value: true][domain: branchtest.perfectomobile.com][path: /nexperience/perfectomobile/wd/hub/session/ce68b120-6696-4a5d-8938-7cf4bbe88319][expiry: null] match [(secure)branchtest.perfectomobile.com:443/nexperience/perfectomobile/wd/hub/session/ce68b120-6696-4a5d-8938-7cf4bbe88319/element/2/value]
<2017-09-26 13:03:55> DEBUG [o.a.h.c.p.RequestAuthCache] Auth cache not set in the context
<2017-09-26 13:03:55> DEBUG [o.a.h.i.c.PoolingHttpClientConnectionManager] Connection request: [route: {s}->https://branchtest.perfectomobile.com:443][total kept alive: 4; route allocated: 5 of 2000; total allocated: 5 of 2000]
<2017-09-26 13:03:55> DEBUG [o.a.h.i.c.PoolingHttpClientConnectionManager] Connection leased: [id: 1][route: {s}->https://branchtest.perfectomobile.com:443][total kept alive: 3; route allocated: 5 of 2000; total allocated: 5 of 2000]
<2017-09-26 13:03:55> DEBUG [o.a.h.i.execchain.MainClientExec] Stale connection check
<2017-09-26 13:03:55> DEBUG [org.apache.http.wire] http-outgoing-1 << "[read] I/O error: Read timed out"
<2017-09-26 13:03:55> DEBUG [o.a.h.i.c.DefaultManagedHttpClientConnection] http-outgoing-1: set socket timeout to 10800000
<2017-09-26 13:03:55> DEBUG [o.a.h.i.execchain.MainClientExec] Executing request POST /nexperience/perfectomobile/wd/hub/session/ce68b120-6696-4a5d-8938-7cf4bbe88319/element/2/value HTTP/1.1
<2017-09-26 13:03:55> DEBUG [o.a.h.i.execchain.MainClientExec] Target auth state: UNCHALLENGED
<2017-09-26 13:03:55> DEBUG [o.a.h.i.execchain.MainClientExec] Proxy auth state: UNCHALLENGED
<2017-09-26 13:03:55> DEBUG [org.apache.http.headers] http-outgoing-1 >> POST /nexperience/perfectomobile/wd/hub/session/ce68b120-6696-4a5d-8938-7cf4bbe88319/element/2/value HTTP/1.1
<2017-09-26 13:03:55> DEBUG [org.apache.http.headers] http-outgoing-1 >> Content-Type: application/json; charset=utf-8
<2017-09-26 13:03:55> DEBUG [org.apache.http.headers] http-outgoing-1 >> Content-Length: 29
<2017-09-26 13:03:55> DEBUG [org.apache.http.headers] http-outgoing-1 >> Host: branchtest.perfectomobile.com
<2017-09-26 13:03:55> DEBUG [org.apache.http.headers] http-outgoing-1 >> Connection: Keep-Alive
<2017-09-26 13:03:55> DEBUG [org.apache.http.headers] http-outgoing-1 >> User-Agent: Apache-HttpClient/4.5.2 (Java/1.8.0_121)
<2017-09-26 13:03:55> DEBUG [org.apache.http.headers] http-outgoing-1 >> Cookie: JSESSIONID=F6E28E4994D1584E597DBDFCCCB1737E; fast_failed=true; fast_failed=true
<2017-09-26 13:03:55> DEBUG [org.apache.http.headers] http-outgoing-1 >> Accept-Encoding: gzip,deflate
<2017-09-26 13:03:55> DEBUG [org.apache.http.wire] http-outgoing-1 >> "POST /nexperience/perfectomobile/wd/hub/session/ce68b120-6696-4a5d-8938-7cf4bbe88319/element/2/value HTTP/1.1[\r][\n]"
<2017-09-26 13:03:55> DEBUG [org.apache.http.wire] http-outgoing-1 >> "Content-Type: application/json; charset=utf-8[\r][\n]"
<2017-09-26 13:03:55> DEBUG [org.apache.http.wire] http-outgoing-1 >> "Content-Length: 29[\r][\n]"
<2017-09-26 13:03:55> DEBUG [org.apache.http.wire] http-outgoing-1 >> "Host: branchtest.perfectomobile.com[\r][\n]"
<2017-09-26 13:03:55> DEBUG [org.apache.http.wire] http-outgoing-1 >> "Connection: Keep-Alive[\r][\n]"
<2017-09-26 13:03:55> DEBUG [org.apache.http.wire] http-outgoing-1 >> "User-Agent: Apache-HttpClient/4.5.2 (Java/1.8.0_121)[\r][\n]"
<2017-09-26 13:03:55> DEBUG [org.apache.http.wire] http-outgoing-1 >> "Cookie: JSESSIONID=F6E28E4994D1584E597DBDFCCCB1737E; fast_failed=true; fast_failed=true[\r][\n]"
<2017-09-26 13:03:55> DEBUG [org.apache.http.wire] http-outgoing-1 >> "Accept-Encoding: gzip,deflate[\r][\n]"
<2017-09-26 13:03:55> DEBUG [org.apache.http.wire] http-outgoing-1 >> "[\r][\n]"
<2017-09-26 13:03:55> DEBUG [org.apache.http.wire] http-outgoing-1 >> "{"id":"2","value":["123456"]}"
<2017-09-26 13:03:56> DEBUG [org.apache.http.wire] http-outgoing-1 << "HTTP/1.1 200 OK[\r][\n]"
<2017-09-26 13:03:56> DEBUG [org.apache.http.wire] http-outgoing-1 << "Server: nginx[\r][\n]"
<2017-09-26 13:03:56> DEBUG [org.apache.http.wire] http-outgoing-1 << "Date: Tue, 26 Sep 2017 10:03:52 GMT[\r][\n]"
<2017-09-26 13:03:56> DEBUG [org.apache.http.wire] http-outgoing-1 << "Content-Type: application/json;charset=utf-8[\r][\n]"
<2017-09-26 13:03:56> DEBUG [org.apache.http.wire] http-outgoing-1 << "Transfer-Encoding: chunked[\r][\n]"
<2017-09-26 13:03:56> DEBUG [org.apache.http.wire] http-outgoing-1 << "Connection: keep-alive[\r][\n]"
<2017-09-26 13:03:56> DEBUG [org.apache.http.wire] http-outgoing-1 << "Set-Cookie: JSESSIONID=F6E28E4994D1584E597DBDFCCCB1737E; Path=/nexperience/; HttpOnly[\r][\n]"
<2017-09-26 13:03:56> DEBUG [org.apache.http.wire] http-outgoing-1 << "Expires: Thu, 01 Jan 1970 00:00:00 GMT[\r][\n]"
<2017-09-26 13:03:56> DEBUG [org.apache.http.wire] http-outgoing-1 << "Cache-Control: no-cache[\r][\n]"
<2017-09-26 13:03:56> DEBUG [org.apache.http.wire] http-outgoing-1 << "Cache-Control: no-cache[\r][\n]"
<2017-09-26 13:03:56> DEBUG [org.apache.http.wire] http-outgoing-1 << "Expires: Thu, 01 Jan 1970 00:00:00 GMT[\r][\n]"
<2017-09-26 13:03:56> DEBUG [org.apache.http.wire] http-outgoing-1 << "Set-Cookie: fast_failed=true[\r][\n]"
<2017-09-26 13:03:56> DEBUG [org.apache.http.wire] http-outgoing-1 << "X-XSS-Protection: 2; mode=block[\r][\n]"
<2017-09-26 13:03:56> DEBUG [org.apache.http.wire] http-outgoing-1 << "Content-Encoding: gzip[\r][\n]"
<2017-09-26 13:03:56> DEBUG [org.apache.http.wire] http-outgoing-1 << "[\r][\n]"
<2017-09-26 13:03:56> DEBUG [org.apache.http.wire] http-outgoing-1 << "96[\r][\n]"
<2017-09-26 13:03:56> DEBUG [org.apache.http.wire] http-outgoing-1 << "[0x1f][0x8b][0x8][0x0][0x0][0x0][0x0][0x0][0x0][0x3]-[0xcc][0xbb][0x12][0x82]0[0x10][0x85][0xe1]w[0xd9][0x9a]d[0x88][0xc0][0x12]h[0xad]l}[0x83]\Ve&$[0xc0][0x12][0x1b][0xc7]ww[0xb][0xdb]]]>&#x7f;<![CDATA[[0xbe]s>[0xc0][0xc4][0xbc][0x94]|[0x8b]0C [0xb4][0xde]\Z[0x85]8[0xa1][0xea][0xdd][0x10][0x95][0x9d]:[0xab][0xc6][0xf0][0xe8][0xbd]'k;3A[0x3]|[0xba][0x93][0x84]s[\r]A[0xd6]R^[0xd7][0x12][0xa5][0x18]cF[0xc4][0x1e][0x7][0xd3][0xc0][0xdb][0xa5]*)[0xd7][0x94][0x1a][0x8][0xc9][0x89][0x9b][0xa1][0x1c]O]6[0xca][0xbb][0xd3]L[0x89][0xf2]RW}[0xd0]ZN[0xd2]w[0xe2][0xad]d[0xa6][0xff]]]>&#x7f;<![CDATA[[0x15][0xde]~]]>&#x7f;<![CDATA[[0xb2]]V[0x1e][0x9f][0x0][0x0][0x0][\r][\n]"
<2017-09-26 13:03:56> DEBUG [org.apache.http.wire] http-outgoing-1 << "0[\r][\n]"
<2017-09-26 13:03:56> DEBUG [org.apache.http.wire] http-outgoing-1 << "[\r][\n]"
<2017-09-26 13:03:56> DEBUG [org.apache.http.headers] http-outgoing-1 << HTTP/1.1 200 OK
<2017-09-26 13:03:56> DEBUG [org.apache.http.headers] http-outgoing-1 << Server: nginx
<2017-09-26 13:03:56> DEBUG [org.apache.http.headers] http-outgoing-1 << Date: Tue, 26 Sep 2017 10:03:52 GMT
<2017-09-26 13:03:56> DEBUG [org.apache.http.headers] http-outgoing-1 << Content-Type: application/json;charset=utf-8
<2017-09-26 13:03:56> DEBUG [org.apache.http.headers] http-outgoing-1 << Transfer-Encoding: chunked
<2017-09-26 13:03:56> DEBUG [org.apache.http.headers] http-outgoing-1 << Connection: keep-alive
<2017-09-26 13:03:56> DEBUG [org.apache.http.headers] http-outgoing-1 << Set-Cookie: JSESSIONID=F6E28E4994D1584E597DBDFCCCB1737E; Path=/nexperience/; HttpOnly
<2017-09-26 13:03:56> DEBUG [org.apache.http.headers] http-outgoing-1 << Expires: Thu, 01 Jan 1970 00:00:00 GMT
<2017-09-26 13:03:56> DEBUG [org.apache.http.headers] http-outgoing-1 << Cache-Control: no-cache
<2017-09-26 13:03:56> DEBUG [org.apache.http.headers] http-outgoing-1 << Cache-Control: no-cache
<2017-09-26 13:03:56> DEBUG [org.apache.http.headers] http-outgoing-1 << Expires: Thu, 01 Jan 1970 00:00:00 GMT
<2017-09-26 13:03:56> DEBUG [org.apache.http.headers] http-outgoing-1 << Set-Cookie: fast_failed=true
<2017-09-26 13:03:56> DEBUG [org.apache.http.headers] http-outgoing-1 << X-XSS-Protection: 2; mode=block
<2017-09-26 13:03:56> DEBUG [org.apache.http.headers] http-outgoing-1 << Content-Encoding: gzip
<2017-09-26 13:03:56> DEBUG [o.a.h.i.execchain.MainClientExec] Connection can be kept alive indefinitely
<2017-09-26 13:03:56> DEBUG [o.a.h.c.p.ResponseProcessCookies] Cookie accepted [JSESSIONID="F6E28E4994D1584E597DBDFCCCB1737E", version:0, domain:branchtest.perfectomobile.com, path:/nexperience/, expiry:null]
<2017-09-26 13:03:56> DEBUG [o.a.h.c.p.ResponseProcessCookies] Cookie accepted [fast_failed="true", version:0, domain:branchtest.perfectomobile.com, path:/nexperience/perfectomobile/wd/hub/session/ce68b120-6696-4a5d-8938-7cf4bbe88319/element/2, expiry:null]
<2017-09-26 13:03:56> DEBUG [o.a.h.i.c.PoolingHttpClientConnectionManager] Connection [id: 1][route: {s}->https://branchtest.perfectomobile.com:443] can be kept alive indefinitely
<2017-09-26 13:03:56> DEBUG [o.a.h.i.c.PoolingHttpClientConnectionManager] Connection released: [id: 1][route: {s}->https://branchtest.perfectomobile.com:443][total kept alive: 4; route allocated: 5 of 2000; total allocated: 5 of 2000]
<2017-09-26 13:04:00> DEBUG [org.apache.http.wire] http-outgoing-2 << "HTTP/1.1 200 OK[\r][\n]"
<2017-09-26 13:04:00> DEBUG [org.apache.http.wire] http-outgoing-2 << "Server: nginx[\r][\n]"
<2017-09-26 13:04:00> DEBUG [org.apache.http.wire] http-outgoing-2 << "Date: Tue, 26 Sep 2017 10:03:56 GMT[\r][\n]"
<2017-09-26 13:04:00> DEBUG [org.apache.http.wire] http-outgoing-2 << "Content-Type: application/json;charset=utf-8[\r][\n]"
<2017-09-26 13:04:00> DEBUG [org.apache.http.wire] http-outgoing-2 << "Transfer-Encoding: chunked[\r][\n]"
<2017-09-26 13:04:00> DEBUG [org.apache.http.wire] http-outgoing-2 << "Connection: keep-alive[\r][\n]"
<2017-09-26 13:04:00> DEBUG [org.apache.http.wire] http-outgoing-2 << "Set-Cookie: JSESSIONID=F6E28E4994D1584E597DBDFCCCB1737E; Path=/nexperience/; HttpOnly[\r][\n]"
<2017-09-26 13:04:00> DEBUG [org.apache.http.wire] http-outgoing-2 << "Expires: Thu, 01 Jan 1970 00:00:00 GMT[\r][\n]"
<2017-09-26 13:04:00> DEBUG [org.apache.http.wire] http-outgoing-2 << "Cache-Control: no-cache[\r][\n]"
<2017-09-26 13:04:00> DEBUG [org.apache.http.wire] http-outgoing-2 << "Cache-Control: no-cache[\r][\n]"
<2017-09-26 13:04:00> DEBUG [org.apache.http.wire] http-outgoing-2 << "Expires: Thu, 01 Jan 1970 00:00:00 GMT[\r][\n]"
<2017-09-26 13:04:00> DEBUG [org.apache.http.wire] http-outgoing-2 << "Set-Cookie: fast_failed=true[\r][\n]"
<2017-09-26 13:04:00> DEBUG [org.apache.http.wire] http-outgoing-2 << "X-XSS-Protection: 2; mode=block[\r][\n]"
<2017-09-26 13:04:00> DEBUG [org.apache.http.wire] http-outgoing-2 << "Content-Encoding: gzip[\r][\n]"
<2017-09-26 13:04:00> DEBUG [org.apache.http.wire] http-outgoing-2 << "[\r][\n]"
<2017-09-26 13:04:00> DEBUG [org.apache.http.wire] http-outgoing-2 << "95[\r][\n]"
<2017-09-26 13:04:00> DEBUG [org.apache.http.wire] http-outgoing-2 << "[0x1f][0x8b][0x8][0x0][0x0][0x0][0x0][0x0][0x0][0x3]-[0xcc]1[0x12][0xc2] [0x10][0x85][0xe1][0xbb]l[0x1d][0x18][0x8]d0i[0xad]l[0xbd][0xc1]J[0x16][0xcd][0xc][0x81]$[0x1b]l[0x1c][0xef][0xee][0x16][0xb6][0xff]|[0xef]}[0x80][0x89]y[0xa9][0xe5]6[0xc3][0x4]&[0xb9]4$K[\n]"
<2017-09-26 13:04:00> DEBUG [org.apache.http.wire] http-outgoing-2 << "cz([0xef][0x82]Sh[0xac]U[0x9]1[0xf5]}[0xef])[0x84][0x11]:[0xe0][0x13]O[0x12][0xce]-FYKy][0xeb],[0xc5][0x9a][0x8b][0xf7][0xc3][0x18]L[0x7]o[0xcc]MJi9w[0x10]3[\n]"
<2017-09-26 13:04:00> DEBUG [org.apache.http.wire] http-outgoing-2 << "[0x9b][0xa0][0x1e]O]7*;j[0xa6]Lei[0xab]>h[0xad]'[0xe9];[0xf1]V[0xb][0xd3][0xff][0xbe][0x9]7[0xdf][0x1f][0xaf][0xea][0xa4][0x12][0x9e][0x0][0x0][0x0][\r][\n]"
<2017-09-26 13:04:00> DEBUG [org.apache.http.wire] http-outgoing-2 << "0[\r][\n]"
<2017-09-26 13:04:00> DEBUG [org.apache.http.wire] http-outgoing-2 << "[\r][\n]"
<2017-09-26 13:04:00> DEBUG [org.apache.http.headers] http-outgoing-2 << HTTP/1.1 200 OK
<2017-09-26 13:04:00> DEBUG [org.apache.http.headers] http-outgoing-2 << Server: nginx
<2017-09-26 13:04:00> DEBUG [org.apache.http.headers] http-outgoing-2 << Date: Tue, 26 Sep 2017 10:03:56 GMT
<2017-09-26 13:04:00> DEBUG [org.apache.http.headers] http-outgoing-2 << Content-Type: application/json;charset=utf-8
<2017-09-26 13:04:00> DEBUG [org.apache.http.headers] http-outgoing-2 << Transfer-Encoding: chunked
<2017-09-26 13:04:00> DEBUG [org.apache.http.headers] http-outgoing-2 << Connection: keep-alive
<2017-09-26 13:04:00> DEBUG [org.apache.http.headers] http-outgoing-2 << Set-Cookie: JSESSIONID=F6E28E4994D1584E597DBDFCCCB1737E; Path=/nexperience/; HttpOnly
<2017-09-26 13:04:00> DEBUG [org.apache.http.headers] http-outgoing-2 << Expires: Thu, 01 Jan 1970 00:00:00 GMT
<2017-09-26 13:04:00> DEBUG [org.apache.http.headers] http-outgoing-2 << Cache-Control: no-cache
<2017-09-26 13:04:00> DEBUG [org.apache.http.headers] http-outgoing-2 << Cache-Control: no-cache
<2017-09-26 13:04:00> DEBUG [org.apache.http.headers] http-outgoing-2 << Expires: Thu, 01 Jan 1970 00:00:00 GMT
<2017-09-26 13:04:00> DEBUG [org.apache.http.headers] http-outgoing-2 << Set-Cookie: fast_failed=true
<2017-09-26 13:04:00> DEBUG [org.apache.http.headers] http-outgoing-2 << X-XSS-Protection: 2; mode=block
<2017-09-26 13:04:00> DEBUG [org.apache.http.headers] http-outgoing-2 << Content-Encoding: gzip
<2017-09-26 13:04:00> DEBUG [o.a.h.i.execchain.MainClientExec] Connection can be kept alive indefinitely
<2017-09-26 13:04:00> DEBUG [o.a.h.c.p.ResponseProcessCookies] Cookie accepted [JSESSIONID="F6E28E4994D1584E597DBDFCCCB1737E", version:0, domain:branchtest.perfectomobile.com, path:/nexperience/, expiry:null]
<2017-09-26 13:04:00> DEBUG [o.a.h.c.p.ResponseProcessCookies] Cookie accepted [fast_failed="true", version:0, domain:branchtest.perfectomobile.com, path:/nexperience/perfectomobile/wd/hub/session/0f3f5f1e-acfb-4373-a011-faaf2224e779, expiry:null]
<2017-09-26 13:04:00> DEBUG [o.a.h.i.c.PoolingHttpClientConnectionManager] Connection [id: 2][route: {s}->https://branchtest.perfectomobile.com:443] can be kept alive indefinitely
<2017-09-26 13:04:00> DEBUG [o.a.h.i.c.PoolingHttpClientConnectionManager] Connection released: [id: 2][route: {s}->https://branchtest.perfectomobile.com:443][total kept alive: 5; route allocated: 5 of 2000; total allocated: 5 of 2000]
<2017-09-26 13:04:01> DEBUG [o.a.h.c.p.RequestAddCookies] CookieSpec selected: default
<2017-09-26 13:04:01> DEBUG [o.a.h.c.p.RequestAddCookies] Cookie [version: 0][name: JSESSIONID][value: F6E28E4994D1584E597DBDFCCCB1737E][domain: branchtest.perfectomobile.com][path: /nexperience/][expiry: null] match [(secure)branchtest.perfectomobile.com:443/nexperience/perfectomobile/wd/hub/session/bd4c83dd-b9d3-4ad2-9259-43a8e935cecf/execute]
<2017-09-26 13:04:01> DEBUG [o.a.h.c.p.RequestAddCookies] Cookie [version: 0][name: fast_failed][value: true][domain: branchtest.perfectomobile.com][path: /nexperience/perfectomobile/wd/hub][expiry: null] match [(secure)branchtest.perfectomobile.com:443/nexperience/perfectomobile/wd/hub/session/bd4c83dd-b9d3-4ad2-9259-43a8e935cecf/execute]
<2017-09-26 13:04:01> DEBUG [o.a.h.c.p.RequestAddCookies] Cookie [version: 0][name: fast_failed][value: true][domain: branchtest.perfectomobile.com][path: /nexperience/perfectomobile/wd/hub/session/bd4c83dd-b9d3-4ad2-9259-43a8e935cecf][expiry: null] match [(secure)branchtest.perfectomobile.com:443/nexperience/perfectomobile/wd/hub/session/bd4c83dd-b9d3-4ad2-9259-43a8e935cecf/execute]
<2017-09-26 13:04:01> DEBUG [o.a.h.c.p.RequestAuthCache] Auth cache not set in the context
<2017-09-26 13:04:01> DEBUG [o.a.h.i.c.PoolingHttpClientConnectionManager] Connection request: [route: {s}->https://branchtest.perfectomobile.com:443][total kept alive: 5; route allocated: 5 of 2000; total allocated: 5 of 2000]
<2017-09-26 13:04:01> DEBUG [o.a.h.i.c.PoolingHttpClientConnectionManager] Connection leased: [id: 2][route: {s}->https://branchtest.perfectomobile.com:443][total kept alive: 4; route allocated: 5 of 2000; total allocated: 5 of 2000]
<2017-09-26 13:04:01> DEBUG [o.a.h.i.execchain.MainClientExec] Stale connection check
<2017-09-26 13:04:01> DEBUG [org.apache.http.wire] http-outgoing-2 << "[read] I/O error: Read timed out"
<2017-09-26 13:04:01> DEBUG [o.a.h.i.c.DefaultManagedHttpClientConnection] http-outgoing-2: set socket timeout to 10800000
<2017-09-26 13:04:01> DEBUG [o.a.h.i.execchain.MainClientExec] Executing request POST /nexperience/perfectomobile/wd/hub/session/bd4c83dd-b9d3-4ad2-9259-43a8e935cecf/execute HTTP/1.1
<2017-09-26 13:04:01> DEBUG [o.a.h.i.execchain.MainClientExec] Target auth state: UNCHALLENGED
<2017-09-26 13:04:01> DEBUG [o.a.h.i.execchain.MainClientExec] Proxy auth state: UNCHALLENGED
<2017-09-26 13:04:01> DEBUG [org.apache.http.headers] http-outgoing-2 >> POST /nexperience/perfectomobile/wd/hub/session/bd4c83dd-b9d3-4ad2-9259-43a8e935cecf/execute HTTP/1.1
<2017-09-26 13:04:01> DEBUG [org.apache.http.headers] http-outgoing-2 >> Content-Type: application/json; charset=utf-8
<2017-09-26 13:04:01> DEBUG [org.apache.http.headers] http-outgoing-2 >> Content-Length: 54
<2017-09-26 13:04:01> DEBUG [org.apache.http.headers] http-outgoing-2 >> Host: branchtest.perfectomobile.com
<2017-09-26 13:04:01> DEBUG [org.apache.http.headers] http-outgoing-2 >> Connection: Keep-Alive
<2017-09-26 13:04:01> DEBUG [org.apache.http.headers] http-outgoing-2 >> User-Agent: Apache-HttpClient/4.5.2 (Java/1.8.0_121)
<2017-09-26 13:04:01> DEBUG [org.apache.http.headers] http-outgoing-2 >> Cookie: JSESSIONID=F6E28E4994D1584E597DBDFCCCB1737E; fast_failed=true; fast_failed=true
<2017-09-26 13:04:01> DEBUG [org.apache.http.headers] http-outgoing-2 >> Accept-Encoding: gzip,deflate
<2017-09-26 13:04:01> DEBUG [org.apache.http.wire] http-outgoing-2 >> "POST /nexperience/perfectomobile/wd/hub/session/bd4c83dd-b9d3-4ad2-9259-43a8e935cecf/execute HTTP/1.1[\r][\n]"
<2017-09-26 13:04:01> DEBUG [org.apache.http.wire] http-outgoing-2 >> "Content-Type: application/json; charset=utf-8[\r][\n]"
<2017-09-26 13:04:01> DEBUG [org.apache.http.wire] http-outgoing-2 >> "Content-Length: 54[\r][\n]"
<2017-09-26 13:04:01> DEBUG [org.apache.http.wire] http-outgoing-2 >> "Host: branchtest.perfectomobile.com[\r][\n]"
<2017-09-26 13:04:01> DEBUG [org.apache.http.wire] http-outgoing-2 >> "Connection: Keep-Alive[\r][\n]"
<2017-09-26 13:04:01> DEBUG [org.apache.http.wire] http-outgoing-2 >> "User-Agent: Apache-HttpClient/4.5.2 (Java/1.8.0_121)[\r][\n]"
<2017-09-26 13:04:01> DEBUG [org.apache.http.wire] http-outgoing-2 >> "Cookie: JSESSIONID=F6E28E4994D1584E597DBDFCCCB1737E; fast_failed=true; fast_failed=true[\r][\n]"
<2017-09-26 13:04:01> DEBUG [org.apache.http.wire] http-outgoing-2 >> "Accept-Encoding: gzip,deflate[\r][\n]"
<2017-09-26 13:04:01> DEBUG [org.apache.http.wire] http-outgoing-2 >> "[\r][\n]"
<2017-09-26 13:04:01> DEBUG [org.apache.http.wire] http-outgoing-2 >> "{"script":"mobile:step:end","args":[{"message":null}]}"
<2017-09-26 13:04:01> DEBUG [org.apache.http.wire] http-outgoing-2 << "HTTP/1.1 200 OK[\r][\n]"
<2017-09-26 13:04:01> DEBUG [org.apache.http.wire] http-outgoing-2 << "Server: nginx[\r][\n]"
<2017-09-26 13:04:01> DEBUG [org.apache.http.wire] http-outgoing-2 << "Date: Tue, 26 Sep 2017 10:03:57 GMT[\r][\n]"
<2017-09-26 13:04:01> DEBUG [org.apache.http.wire] http-outgoing-2 << "Content-Type: application/json;charset=utf-8[\r][\n]"
<2017-09-26 13:04:01> DEBUG [org.apache.http.wire] http-outgoing-2 << "Transfer-Encoding: chunked[\r][\n]"
<2017-09-26 13:04:01> DEBUG [org.apache.http.wire] http-outgoing-2 << "Connection: keep-alive[\r][\n]"
<2017-09-26 13:04:01> DEBUG [org.apache.http.wire] http-outgoing-2 << "Set-Cookie: JSESSIONID=F6E28E4994D1584E597DBDFCCCB1737E; Path=/nexperience/; HttpOnly[\r][\n]"
<2017-09-26 13:04:01> DEBUG [org.apache.http.wire] http-outgoing-2 << "Expires: Thu, 01 Jan 1970 00:00:00 GMT[\r][\n]"
<2017-09-26 13:04:01> DEBUG [org.apache.http.wire] http-outgoing-2 << "Cache-Control: no-cache[\r][\n]"
<2017-09-26 13:04:01> DEBUG [org.apache.http.wire] http-outgoing-2 << "Cache-Control: no-cache[\r][\n]"
<2017-09-26 13:04:01> DEBUG [org.apache.http.wire] http-outgoing-2 << "Expires: Thu, 01 Jan 1970 00:00:00 GMT[\r][\n]"
<2017-09-26 13:04:01> DEBUG [org.apache.http.wire] http-outgoing-2 << "Set-Cookie: fast_failed=true[\r][\n]"
<2017-09-26 13:04:01> DEBUG [org.apache.http.wire] http-outgoing-2 << "X-XSS-Protection: 2; mode=block[\r][\n]"
<2017-09-26 13:04:01> DEBUG [org.apache.http.wire] http-outgoing-2 << "Content-Encoding: gzip[\r][\n]"
<2017-09-26 13:04:01> DEBUG [org.apache.http.wire] http-outgoing-2 << "[\r][\n]"
<2017-09-26 13:04:01> DEBUG [org.apache.http.wire] http-outgoing-2 << "94[\r][\n]"
<2017-09-26 13:04:01> DEBUG [org.apache.http.wire] http-outgoing-2 << "[0x1f][0x8b][0x8][0x0][0x0][0x0][0x0][0x0][0x0][0x3]-[0xcc]1[0x12][0xc2] [0x10][0x85][0xe1][0xbb]l[\r]L&[0x10][0x13][0xd2]Z[0xd9]z[0x3][0xc2][0xae][0x9a][0x19][0x2]I[0x16]l[0x1c][0xef][0xee][0x16][0xb6][0xff]|[0xef]}[0x80][0x89]y-[0xf9][0x86]0[0xc3][0x82].N[0x16]Q/[0x1e][0xad]v[0x1]{[0xed][0xfb][0xc1]kg[0xc3]D[0xde][0xe][0x91][0xe2][0x3][0x14]p[\r][0x95][0x84]s[0x8b]Q[0xd6]R^[0xd7][0x82]R|[0xe7].[0x93][0x1b]G[0x5][0xef][0x90][0x9a][0x84][0xdc]RR[0x10]S[0x10]5C9[0x9f][0xa6][0xec][0x94][0x8f]`[0x98][0x12][0xe5][0xb5]m[0xe6][0xa4][0xad]T2w[0xe2][0xbd]d[0xa6][0xff]{[0x13][0xde]}]]>&#x7f;<![CDATA[7[0xdd]iG[0x9d][0x0][0x0][0x0][\r][\n]"
<2017-09-26 13:04:01> DEBUG [org.apache.http.wire] http-outgoing-2 << "0[\r][\n]"
<2017-09-26 13:04:01> DEBUG [org.apache.http.wire] http-outgoing-2 << "[\r][\n]"
<2017-09-26 13:04:01> DEBUG [org.apache.http.headers] http-outgoing-2 << HTTP/1.1 200 OK
<2017-09-26 13:04:01> DEBUG [org.apache.http.headers] http-outgoing-2 << Server: nginx
<2017-09-26 13:04:01> DEBUG [org.apache.http.headers] http-outgoing-2 << Date: Tue, 26 Sep 2017 10:03:57 GMT
<2017-09-26 13:04:01> DEBUG [org.apache.http.headers] http-outgoing-2 << Content-Type: application/json;charset=utf-8
<2017-09-26 13:04:01> DEBUG [org.apache.http.headers] http-outgoing-2 << Transfer-Encoding: chunked
<2017-09-26 13:04:01> DEBUG [org.apache.http.headers] http-outgoing-2 << Connection: keep-alive
<2017-09-26 13:04:01> DEBUG [org.apache.http.headers] http-outgoing-2 << Set-Cookie: JSESSIONID=F6E28E4994D1584E597DBDFCCCB1737E; Path=/nexperience/; HttpOnly
<2017-09-26 13:04:01> DEBUG [org.apache.http.headers] http-outgoing-2 << Expires: Thu, 01 Jan 1970 00:00:00 GMT
<2017-09-26 13:04:01> DEBUG [org.apache.http.headers] http-outgoing-2 << Cache-Control: no-cache
<2017-09-26 13:04:01> DEBUG [org.apache.http.headers] http-outgoing-2 << Cache-Control: no-cache
<2017-09-26 13:04:01> DEBUG [org.apache.http.headers] http-outgoing-2 << Expires: Thu, 01 Jan 1970 00:00:00 GMT
<2017-09-26 13:04:01> DEBUG [org.apache.http.headers] http-outgoing-2 << Set-Cookie: fast_failed=true
<2017-09-26 13:04:01> DEBUG [org.apache.http.headers] http-outgoing-2 << X-XSS-Protection: 2; mode=block
<2017-09-26 13:04:01> DEBUG [org.apache.http.headers] http-outgoing-2 << Content-Encoding: gzip
<2017-09-26 13:04:01> DEBUG [o.a.h.i.execchain.MainClientExec] Connection can be kept alive indefinitely
<2017-09-26 13:04:01> DEBUG [o.a.h.c.p.ResponseProcessCookies] Cookie accepted [JSESSIONID="F6E28E4994D1584E597DBDFCCCB1737E", version:0, domain:branchtest.perfectomobile.com, path:/nexperience/, expiry:null]
<2017-09-26 13:04:01> DEBUG [o.a.h.c.p.ResponseProcessCookies] Cookie accepted [fast_failed="true", version:0, domain:branchtest.perfectomobile.com, path:/nexperience/perfectomobile/wd/hub/session/bd4c83dd-b9d3-4ad2-9259-43a8e935cecf, expiry:null]
<2017-09-26 13:04:01> DEBUG [o.a.h.i.c.PoolingHttpClientConnectionManager] Connection [id: 2][route: {s}->https://branchtest.perfectomobile.com:443] can be kept alive indefinitely
<2017-09-26 13:04:01> DEBUG [o.a.h.i.c.PoolingHttpClientConnectionManager] Connection released: [id: 2][route: {s}->https://branchtest.perfectomobile.com:443][total kept alive: 5; route allocated: 5 of 2000; total allocated: 5 of 2000]
<2017-09-26 13:04:01> DEBUG [o.a.h.c.p.RequestAddCookies] CookieSpec selected: default
<2017-09-26 13:04:01> DEBUG [o.a.h.c.p.RequestAddCookies] Cookie [version: 0][name: JSESSIONID][value: F6E28E4994D1584E597DBDFCCCB1737E][domain: branchtest.perfectomobile.com][path: /nexperience/][expiry: null] match [(secure)branchtest.perfectomobile.com:443/nexperience/perfectomobile/wd/hub/session/bd4c83dd-b9d3-4ad2-9259-43a8e935cecf/execute]
<2017-09-26 13:04:01> DEBUG [o.a.h.c.p.RequestAddCookies] Cookie [version: 0][name: fast_failed][value: true][domain: branchtest.perfectomobile.com][path: /nexperience/perfectomobile/wd/hub][expiry: null] match [(secure)branchtest.perfectomobile.com:443/nexperience/perfectomobile/wd/hub/session/bd4c83dd-b9d3-4ad2-9259-43a8e935cecf/execute]
<2017-09-26 13:04:01> DEBUG [o.a.h.c.p.RequestAddCookies] Cookie [version: 0][name: fast_failed][value: true][domain: branchtest.perfectomobile.com][path: /nexperience/perfectomobile/wd/hub/session/bd4c83dd-b9d3-4ad2-9259-43a8e935cecf][expiry: null] match [(secure)branchtest.perfectomobile.com:443/nexperience/perfectomobile/wd/hub/session/bd4c83dd-b9d3-4ad2-9259-43a8e935cecf/execute]
<2017-09-26 13:04:01> DEBUG [o.a.h.c.p.RequestAuthCache] Auth cache not set in the context
<2017-09-26 13:04:01> DEBUG [o.a.h.i.c.PoolingHttpClientConnectionManager] Connection request: [route: {s}->https://branchtest.perfectomobile.com:443][total kept alive: 5; route allocated: 5 of 2000; total allocated: 5 of 2000]
<2017-09-26 13:04:01> DEBUG [o.a.h.i.c.PoolingHttpClientConnectionManager] Connection leased: [id: 2][route: {s}->https://branchtest.perfectomobile.com:443][total kept alive: 4; route allocated: 5 of 2000; total allocated: 5 of 2000]
<2017-09-26 13:04:01> DEBUG [o.a.h.i.execchain.MainClientExec] Stale connection check
<2017-09-26 13:04:01> DEBUG [org.apache.http.wire] http-outgoing-2 << "[read] I/O error: Read timed out"
<2017-09-26 13:04:01> DEBUG [o.a.h.i.c.DefaultManagedHttpClientConnection] http-outgoing-2: set socket timeout to 10800000
<2017-09-26 13:04:01> DEBUG [o.a.h.i.execchain.MainClientExec] Executing request POST /nexperience/perfectomobile/wd/hub/session/bd4c83dd-b9d3-4ad2-9259-43a8e935cecf/execute HTTP/1.1
<2017-09-26 13:04:01> DEBUG [o.a.h.i.execchain.MainClientExec] Target auth state: UNCHALLENGED
<2017-09-26 13:04:01> DEBUG [o.a.h.i.execchain.MainClientExec] Proxy auth state: UNCHALLENGED
<2017-09-26 13:04:01> DEBUG [org.apache.http.headers] http-outgoing-2 >> POST /nexperience/perfectomobile/wd/hub/session/bd4c83dd-b9d3-4ad2-9259-43a8e935cecf/execute HTTP/1.1
<2017-09-26 13:04:01> DEBUG [org.apache.http.headers] http-outgoing-2 >> Content-Type: application/json; charset=utf-8
<2017-09-26 13:04:01> DEBUG [org.apache.http.headers] http-outgoing-2 >> Content-Length: 72
<2017-09-26 13:04:01> DEBUG [org.apache.http.headers] http-outgoing-2 >> Host: branchtest.perfectomobile.com
<2017-09-26 13:04:01> DEBUG [org.apache.http.headers] http-outgoing-2 >> Connection: Keep-Alive
<2017-09-26 13:04:01> DEBUG [org.apache.http.headers] http-outgoing-2 >> User-Agent: Apache-HttpClient/4.5.2 (Java/1.8.0_121)
<2017-09-26 13:04:01> DEBUG [org.apache.http.headers] http-outgoing-2 >> Cookie: JSESSIONID=F6E28E4994D1584E597DBDFCCCB1737E; fast_failed=true; fast_failed=true
<2017-09-26 13:04:01> DEBUG [org.apache.http.headers] http-outgoing-2 >> Accept-Encoding: gzip,deflate
<2017-09-26 13:04:01> DEBUG [org.apache.http.wire] http-outgoing-2 >> "POST /nexperience/perfectomobile/wd/hub/session/bd4c83dd-b9d3-4ad2-9259-43a8e935cecf/execute HTTP/1.1[\r][\n]"
<2017-09-26 13:04:01> DEBUG [org.apache.http.wire] http-outgoing-2 >> "Content-Type: application/json; charset=utf-8[\r][\n]"
<2017-09-26 13:04:01> DEBUG [org.apache.http.wire] http-outgoing-2 >> "Content-Length: 72[\r][\n]"
<2017-09-26 13:04:01> DEBUG [org.apache.http.wire] http-outgoing-2 >> "Host: branchtest.perfectomobile.com[\r][\n]"
<2017-09-26 13:04:01> DEBUG [org.apache.http.wire] http-outgoing-2 >> "Connection: Keep-Alive[\r][\n]"
<2017-09-26 13:04:01> DEBUG [org.apache.http.wire] http-outgoing-2 >> "User-Agent: Apache-HttpClient/4.5.2 (Java/1.8.0_121)[\r][\n]"
<2017-09-26 13:04:01> DEBUG [org.apache.http.wire] http-outgoing-2 >> "Cookie: JSESSIONID=F6E28E4994D1584E597DBDFCCCB1737E; fast_failed=true; fast_failed=true[\r][\n]"
<2017-09-26 13:04:01> DEBUG [org.apache.http.wire] http-outgoing-2 >> "Accept-Encoding: gzip,deflate[\r][\n]"
<2017-09-26 13:04:01> DEBUG [org.apache.http.wire] http-outgoing-2 >> "[\r][\n]"
<2017-09-26 13:04:01> DEBUG [org.apache.http.wire] http-outgoing-2 >> "{"script":"mobile:step:start","args":[{"name":"Going to registration"}]}"
<2017-09-26 13:04:01> DEBUG [org.apache.http.wire] http-outgoing-2 << "HTTP/1.1 200 OK[\r][\n]"
<2017-09-26 13:04:01> DEBUG [org.apache.http.wire] http-outgoing-2 << "Server: nginx[\r][\n]"
<2017-09-26 13:04:01> DEBUG [org.apache.http.wire] http-outgoing-2 << "Date: Tue, 26 Sep 2017 10:03:58 GMT[\r][\n]"
<2017-09-26 13:04:01> DEBUG [org.apache.http.wire] http-outgoing-2 << "Content-Type: application/json;charset=utf-8[\r][\n]"
<2017-09-26 13:04:01> DEBUG [org.apache.http.wire] http-outgoing-2 << "Transfer-Encoding: chunked[\r][\n]"
<2017-09-26 13:04:01> DEBUG [org.apache.http.wire] http-outgoing-2 << "Connection: keep-alive[\r][\n]"
<2017-09-26 13:04:01> DEBUG [org.apache.http.wire] http-outgoing-2 << "Set-Cookie: JSESSIONID=F6E28E4994D1584E597DBDFCCCB1737E; Path=/nexperience/; HttpOnly[\r][\n]"
<2017-09-26 13:04:01> DEBUG [org.apache.http.wire] http-outgoing-2 << "Expires: Thu, 01 Jan 1970 00:00:00 GMT[\r][\n]"
<2017-09-26 13:04:01> DEBUG [org.apache.http.wire] http-outgoing-2 << "Cache-Control: no-cache[\r][\n]"
<2017-09-26 13:04:01> DEBUG [org.apache.http.wire] http-outgoing-2 << "Cache-Control: no-cache[\r][\n]"
<2017-09-26 13:04:01> DEBUG [org.apache.http.wire] http-outgoing-2 << "Expires: Thu, 01 Jan 1970 00:00:00 GMT[\r][\n]"
<2017-09-26 13:04:01> DEBUG [org.apache.http.wire] http-outgoing-2 << "Set-Cookie: fast_failed=true[\r][\n]"
<2017-09-26 13:04:01> DEBUG [org.apache.http.wire] http-outgoing-2 << "X-XSS-Protection: 2; mode=block[\r][\n]"
<2017-09-26 13:04:01> DEBUG [org.apache.http.wire] http-outgoing-2 << "Content-Encoding: gzip[\r][\n]"
<2017-09-26 13:04:01> DEBUG [org.apache.http.wire] http-outgoing-2 << "[\r][\n]"
<2017-09-26 13:04:01> DEBUG [org.apache.http.wire] http-outgoing-2 << "94[\r][\n]"
<2017-09-26 13:04:01> DEBUG [org.apache.http.wire] http-outgoing-2 << "[0x1f][0x8b][0x8][0x0][0x0][0x0][0x0][0x0][0x0][0x3]-[0xcc][0xb1][0xe][0xc2]0[0xc][0x4][0xd0]]]>&#x7f;<![CDATA[[0xf1][0xdc]D[0xa4]i![0xee][0xca][0xc4][0xca][0x1f][0xa4][0xb1][0x81]JmR[0xea][0x86][0x5][0xf1][0xef][0x18][0x89][0xf5][0xee][0xdd][0xbd]AXd*[0xf9]B0[0xc0]H][\n]"
<2017-09-26 13:04:01> DEBUG [org.apache.http.wire] http-outgoing-2 << "[0x9e][0xc8][0x8c]H[0xde]t[0x91]Z[0x83]m[0x8f][0xa6][0xf3]10[0xfa]>q[0xba]A[0x3][0xb2][0xc7][0x9d][0x95]KMI[0xd7][0x9a]<[0xce][0x85]4q[0x1][0x8f]-[0xe2][0xc9][0xb9][0x6]^q[0xae]?[0xa4]m[0x9a][0xa3][0xaa][0x1][0xca]v[0xb7]e[0xe5][0xfc][0x8c]Vx[0xe6]<[0xd5][0xc5]n[0xbc][0x94][0x9d][0xed][0x95]e-Y[0xf8][0xff]^[0x95][0x1f]>_[0xb1]*[0x15]8[0x9d][0x0][0x0][0x0][\r][\n]"
<2017-09-26 13:04:01> DEBUG [org.apache.http.wire] http-outgoing-2 << "0[\r][\n]"
<2017-09-26 13:04:01> DEBUG [org.apache.http.wire] http-outgoing-2 << "[\r][\n]"
<2017-09-26 13:04:01> DEBUG [org.apache.http.headers] http-outgoing-2 << HTTP/1.1 200 OK
<2017-09-26 13:04:01> DEBUG [org.apache.http.headers] http-outgoing-2 << Server: nginx
<2017-09-26 13:04:01> DEBUG [org.apache.http.headers] http-outgoing-2 << Date: Tue, 26 Sep 2017 10:03:58 GMT
<2017-09-26 13:04:01> DEBUG [org.apache.http.headers] http-outgoing-2 << Content-Type: application/json;charset=utf-8
<2017-09-26 13:04:01> DEBUG [org.apache.http.headers] http-outgoing-2 << Transfer-Encoding: chunked
<2017-09-26 13:04:01> DEBUG [org.apache.http.headers] http-outgoing-2 << Connection: keep-alive
<2017-09-26 13:04:01> DEBUG [org.apache.http.headers] http-outgoing-2 << Set-Cookie: JSESSIONID=F6E28E4994D1584E597DBDFCCCB1737E; Path=/nexperience/; HttpOnly
<2017-09-26 13:04:01> DEBUG [org.apache.http.headers] http-outgoing-2 << Expires: Thu, 01 Jan 1970 00:00:00 GMT
<2017-09-26 13:04:01> DEBUG [org.apache.http.headers] http-outgoing-2 << Cache-Control: no-cache
<2017-09-26 13:04:01> DEBUG [org.apache.http.headers] http-outgoing-2 << Cache-Control: no-cache
<2017-09-26 13:04:01> DEBUG [org.apache.http.headers] http-outgoing-2 << Expires: Thu, 01 Jan 1970 00:00:00 GMT
<2017-09-26 13:04:01> DEBUG [org.apache.http.headers] http-outgoing-2 << Set-Cookie: fast_failed=true
<2017-09-26 13:04:01> DEBUG [org.apache.http.headers] http-outgoing-2 << X-XSS-Protection: 2; mode=block
<2017-09-26 13:04:01> DEBUG [org.apache.http.headers] http-outgoing-2 << Content-Encoding: gzip
<2017-09-26 13:04:01> DEBUG [o.a.h.i.execchain.MainClientExec] Connection can be kept alive indefinitely
<2017-09-26 13:04:01> DEBUG [o.a.h.c.p.ResponseProcessCookies] Cookie accepted [JSESSIONID="F6E28E4994D1584E597DBDFCCCB1737E", version:0, domain:branchtest.perfectomobile.com, path:/nexperience/, expiry:null]
<2017-09-26 13:04:01> DEBUG [o.a.h.c.p.ResponseProcessCookies] Cookie accepted [fast_failed="true", version:0, domain:branchtest.perfectomobile.com, path:/nexperience/perfectomobile/wd/hub/session/bd4c83dd-b9d3-4ad2-9259-43a8e935cecf, expiry:null]
<2017-09-26 13:04:01> DEBUG [o.a.h.i.c.PoolingHttpClientConnectionManager] Connection [id: 2][route: {s}->https://branchtest.perfectomobile.com:443] can be kept alive indefinitely
<2017-09-26 13:04:01> DEBUG [o.a.h.i.c.PoolingHttpClientConnectionManager] Connection released: [id: 2][route: {s}->https://branchtest.perfectomobile.com:443][total kept alive: 5; route allocated: 5 of 2000; total allocated: 5 of 2000]
<2017-09-26 13:04:01> DEBUG [o.a.h.c.p.RequestAddCookies] CookieSpec selected: default
<2017-09-26 13:04:01> DEBUG [o.a.h.c.p.RequestAddCookies] Cookie [version: 0][name: JSESSIONID][value: F6E28E4994D1584E597DBDFCCCB1737E][domain: branchtest.perfectomobile.com][path: /nexperience/][expiry: null] match [(secure)branchtest.perfectomobile.com:443/nexperience/perfectomobile/wd/hub/session/bd4c83dd-b9d3-4ad2-9259-43a8e935cecf/element]
<2017-09-26 13:04:01> DEBUG [o.a.h.c.p.RequestAddCookies] Cookie [version: 0][name: fast_failed][value: true][domain: branchtest.perfectomobile.com][path: /nexperience/perfectomobile/wd/hub][expiry: null] match [(secure)branchtest.perfectomobile.com:443/nexperience/perfectomobile/wd/hub/session/bd4c83dd-b9d3-4ad2-9259-43a8e935cecf/element]
<2017-09-26 13:04:01> DEBUG [o.a.h.c.p.RequestAddCookies] Cookie [version: 0][name: fast_failed][value: true][domain: branchtest.perfectomobile.com][path: /nexperience/perfectomobile/wd/hub/session/bd4c83dd-b9d3-4ad2-9259-43a8e935cecf][expiry: null] match [(secure)branchtest.perfectomobile.com:443/nexperience/perfectomobile/wd/hub/session/bd4c83dd-b9d3-4ad2-9259-43a8e935cecf/element]
<2017-09-26 13:04:01> DEBUG [o.a.h.c.p.RequestAuthCache] Auth cache not set in the context
<2017-09-26 13:04:01> DEBUG [o.a.h.i.c.PoolingHttpClientConnectionManager] Connection request: [route: {s}->https://branchtest.perfectomobile.com:443][total kept alive: 5; route allocated: 5 of 2000; total allocated: 5 of 2000]
<2017-09-26 13:04:01> DEBUG [o.a.h.i.c.PoolingHttpClientConnectionManager] Connection leased: [id: 2][route: {s}->https://branchtest.perfectomobile.com:443][total kept alive: 4; route allocated: 5 of 2000; total allocated: 5 of 2000]
<2017-09-26 13:04:01> DEBUG [o.a.h.i.execchain.MainClientExec] Stale connection check
<2017-09-26 13:04:01> DEBUG [org.apache.http.wire] http-outgoing-2 << "[read] I/O error: Read timed out"
<2017-09-26 13:04:01> DEBUG [o.a.h.i.c.DefaultManagedHttpClientConnection] http-outgoing-2: set socket timeout to 10800000
<2017-09-26 13:04:01> DEBUG [o.a.h.i.execchain.MainClientExec] Executing request POST /nexperience/perfectomobile/wd/hub/session/bd4c83dd-b9d3-4ad2-9259-43a8e935cecf/element HTTP/1.1
<2017-09-26 13:04:01> DEBUG [o.a.h.i.execchain.MainClientExec] Target auth state: UNCHALLENGED
<2017-09-26 13:04:01> DEBUG [o.a.h.i.execchain.MainClientExec] Proxy auth state: UNCHALLENGED
<2017-09-26 13:04:01> DEBUG [org.apache.http.headers] http-outgoing-2 >> POST /nexperience/perfectomobile/wd/hub/session/bd4c83dd-b9d3-4ad2-9259-43a8e935cecf/element HTTP/1.1
<2017-09-26 13:04:01> DEBUG [org.apache.http.headers] http-outgoing-2 >> Content-Type: application/json; charset=utf-8
<2017-09-26 13:04:01> DEBUG [org.apache.http.headers] http-outgoing-2 >> Content-Length: 80
<2017-09-26 13:04:01> DEBUG [org.apache.http.headers] http-outgoing-2 >> Host: branchtest.perfectomobile.com
<2017-09-26 13:04:01> DEBUG [org.apache.http.headers] http-outgoing-2 >> Connection: Keep-Alive
<2017-09-26 13:04:01> DEBUG [org.apache.http.headers] http-outgoing-2 >> User-Agent: Apache-HttpClient/4.5.2 (Java/1.8.0_121)
<2017-09-26 13:04:01> DEBUG [org.apache.http.headers] http-outgoing-2 >> Cookie: JSESSIONID=F6E28E4994D1584E597DBDFCCCB1737E; fast_failed=true; fast_failed=true
<2017-09-26 13:04:01> DEBUG [org.apache.http.headers] http-outgoing-2 >> Accept-Encoding: gzip,deflate
<2017-09-26 13:04:01> DEBUG [org.apache.http.wire] http-outgoing-2 >> "POST /nexperience/perfectomobile/wd/hub/session/bd4c83dd-b9d3-4ad2-9259-43a8e935cecf/element HTTP/1.1[\r][\n]"
<2017-09-26 13:04:01> DEBUG [org.apache.http.wire] http-outgoing-2 >> "Content-Type: application/json; charset=utf-8[\r][\n]"
<2017-09-26 13:04:01> DEBUG [org.apache.http.wire] http-outgoing-2 >> "Content-Length: 80[\r][\n]"
<2017-09-26 13:04:01> DEBUG [org.apache.http.wire] http-outgoing-2 >> "Host: branchtest.perfectomobile.com[\r][\n]"
<2017-09-26 13:04:01> DEBUG [org.apache.http.wire] http-outgoing-2 >> "Connection: Keep-Alive[\r][\n]"
<2017-09-26 13:04:01> DEBUG [org.apache.http.wire] http-outgoing-2 >> "User-Agent: Apache-HttpClient/4.5.2 (Java/1.8.0_121)[\r][\n]"
<2017-09-26 13:04:01> DEBUG [org.apache.http.wire] http-outgoing-2 >> "Cookie: JSESSIONID=F6E28E4994D1584E597DBDFCCCB1737E; fast_failed=true; fast_failed=true[\r][\n]"
<2017-09-26 13:04:01> DEBUG [org.apache.http.wire] http-outgoing-2 >> "Accept-Encoding: gzip,deflate[\r][\n]"
<2017-09-26 13:04:01> DEBUG [org.apache.http.wire] http-outgoing-2 >> "[\r][\n]"
<2017-09-26 13:04:01> DEBUG [org.apache.http.wire] http-outgoing-2 >> "{"using":"xpath","value":"//*[@id=\"wrapper\"]/div[2]/div[2]/div[5]/ul/li/a/h2"}"
<2017-09-26 13:04:01> DEBUG [org.apache.http.wire] http-outgoing-2 << "HTTP/1.1 200 OK[\r][\n]"
<2017-09-26 13:04:01> DEBUG [org.apache.http.wire] http-outgoing-2 << "Server: nginx[\r][\n]"
<2017-09-26 13:04:01> DEBUG [org.apache.http.wire] http-outgoing-2 << "Date: Tue, 26 Sep 2017 10:03:58 GMT[\r][\n]"
<2017-09-26 13:04:01> DEBUG [org.apache.http.wire] http-outgoing-2 << "Content-Type: application/json;charset=utf-8[\r][\n]"
<2017-09-26 13:04:01> DEBUG [org.apache.http.wire] http-outgoing-2 << "Transfer-Encoding: chunked[\r][\n]"
<2017-09-26 13:04:01> DEBUG [org.apache.http.wire] http-outgoing-2 << "Connection: keep-alive[\r][\n]"
<2017-09-26 13:04:01> DEBUG [org.apache.http.wire] http-outgoing-2 << "Set-Cookie: JSESSIONID=F6E28E4994D1584E597DBDFCCCB1737E; Path=/nexperience/; HttpOnly[\r][\n]"
<2017-09-26 13:04:01> DEBUG [org.apache.http.wire] http-outgoing-2 << "Expires: Thu, 01 Jan 1970 00:00:00 GMT[\r][\n]"
<2017-09-26 13:04:01> DEBUG [org.apache.http.wire] http-outgoing-2 << "Cache-Control: no-cache[\r][\n]"
<2017-09-26 13:04:01> DEBUG [org.apache.http.wire] http-outgoing-2 << "Cache-Control: no-cache[\r][\n]"
<2017-09-26 13:04:01> DEBUG [org.apache.http.wire] http-outgoing-2 << "Expires: Thu, 01 Jan 1970 00:00:00 GMT[\r][\n]"
<2017-09-26 13:04:01> DEBUG [org.apache.http.wire] http-outgoing-2 << "Set-Cookie: fast_failed=true[\r][\n]"
<2017-09-26 13:04:01> DEBUG [org.apache.http.wire] http-outgoing-2 << "X-XSS-Protection: 2; mode=block[\r][\n]"
<2017-09-26 13:04:01> DEBUG [org.apache.http.wire] http-outgoing-2 << "Content-Encoding: gzip[\r][\n]"
<2017-09-26 13:04:01> DEBUG [org.apache.http.wire] http-outgoing-2 << "[\r][\n]"
<2017-09-26 13:04:01> DEBUG [org.apache.http.wire] http-outgoing-2 << "a0[\r][\n]"
<2017-09-26 13:04:01> DEBUG [org.apache.http.wire] http-outgoing-2 << "[0x1f][0x8b][0x8][0x0][0x0][0x0][0x0][0x0][0x0][0x3]-[0x8d]A[0xe][0x82]0[0x10][0x0][0xff][0xb2]g[0xda] m[\r][0xe5]j8[0x98][0xa8][0x7][0xe3][0x7]J[0xbb]*Ii[0x91][0xa5]^[0x8]]]>&#x7f;<![CDATA[w[0xf]^'3[0x99][\r][0x8][0x89][0xc6][0x9c][0xce][0x1]:[0x18][0x82][0xf6][0xad][\n]"
<2017-09-26 13:04:01> DEBUG [org.apache.http.wire] http-outgoing-2 << "A[0xc]6([0xa1]]h[0x84]m[0x8c][0x15]Z[0xb9][0x16][0xad]2[0x1e][0xfd][0x13]*[0xa0][0xd5][0xad][0xc8]:[0x15][0xef][0xb9]f[0xf2]>[0xe5][0xc0]D[0xd7][0xda][0x1c][0x8c]2[0xc7][\n]"
<2017-09-26 13:04:01> DEBUG [org.apache.http.wire] http-outgoing-2 << "[0xbe].[0x16]&[0x1b][0xf4][0x97][0xfe][0xda][0xdf][0x1e][0xac]+[0xd8]+[0xf0][0xd1]q[0xd1]A^^2[0xcf][0x98]>N[0x12]FLc[0x99][0xe4][0x82]S^Q[0xde][0x91][0xe6][0x9c][0x8][0xff][0xa7][0xc2]z[0xbd][0xff][0x0][0xd3][0x10][0xc5][0xd2][0xa9][0x0][0x0][0x0][\r][\n]"
<2017-09-26 13:04:01> DEBUG [org.apache.http.wire] http-outgoing-2 << "0[\r][\n]"
<2017-09-26 13:04:01> DEBUG [org.apache.http.wire] http-outgoing-2 << "[\r][\n]"
<2017-09-26 13:04:01> DEBUG [org.apache.http.headers] http-outgoing-2 << HTTP/1.1 200 OK
<2017-09-26 13:04:01> DEBUG [org.apache.http.headers] http-outgoing-2 << Server: nginx
<2017-09-26 13:04:01> DEBUG [org.apache.http.headers] http-outgoing-2 << Date: Tue, 26 Sep 2017 10:03:58 GMT
<2017-09-26 13:04:01> DEBUG [org.apache.http.headers] http-outgoing-2 << Content-Type: application/json;charset=utf-8
<2017-09-26 13:04:01> DEBUG [org.apache.http.headers] http-outgoing-2 << Transfer-Encoding: chunked
<2017-09-26 13:04:01> DEBUG [org.apache.http.headers] http-outgoing-2 << Connection: keep-alive
<2017-09-26 13:04:01> DEBUG [org.apache.http.headers] http-outgoing-2 << Set-Cookie: JSESSIONID=F6E28E4994D1584E597DBDFCCCB1737E; Path=/nexperience/; HttpOnly
<2017-09-26 13:04:01> DEBUG [org.apache.http.headers] http-outgoing-2 << Expires: Thu, 01 Jan 1970 00:00:00 GMT
<2017-09-26 13:04:01> DEBUG [org.apache.http.headers] http-outgoing-2 << Cache-Control: no-cache
<2017-09-26 13:04:01> DEBUG [org.apache.http.headers] http-outgoing-2 << Cache-Control: no-cache
<2017-09-26 13:04:01> DEBUG [org.apache.http.headers] http-outgoing-2 << Expires: Thu, 01 Jan 1970 00:00:00 GMT
<2017-09-26 13:04:01> DEBUG [org.apache.http.headers] http-outgoing-2 << Set-Cookie: fast_failed=true
<2017-09-26 13:04:01> DEBUG [org.apache.http.headers] http-outgoing-2 << X-XSS-Protection: 2; mode=block
<2017-09-26 13:04:01> DEBUG [org.apache.http.headers] http-outgoing-2 << Content-Encoding: gzip
<2017-09-26 13:04:01> DEBUG [o.a.h.i.execchain.MainClientExec] Connection can be kept alive indefinitely
<2017-09-26 13:04:01> DEBUG [o.a.h.c.p.ResponseProcessCookies] Cookie accepted [JSESSIONID="F6E28E4994D1584E597DBDFCCCB1737E", version:0, domain:branchtest.perfectomobile.com, path:/nexperience/, expiry:null]
<2017-09-26 13:04:01> DEBUG [o.a.h.c.p.ResponseProcessCookies] Cookie accepted [fast_failed="true", version:0, domain:branchtest.perfectomobile.com, path:/nexperience/perfectomobile/wd/hub/session/bd4c83dd-b9d3-4ad2-9259-43a8e935cecf, expiry:null]
<2017-09-26 13:04:01> DEBUG [o.a.h.i.c.PoolingHttpClientConnectionManager] Connection [id: 2][route: {s}->https://branchtest.perfectomobile.com:443] can be kept alive indefinitely
<2017-09-26 13:04:01> DEBUG [o.a.h.i.c.PoolingHttpClientConnectionManager] Connection released: [id: 2][route: {s}->https://branchtest.perfectomobile.com:443][total kept alive: 5; route allocated: 5 of 2000; total allocated: 5 of 2000]
<2017-09-26 13:04:01> DEBUG [o.a.h.c.p.RequestAddCookies] CookieSpec selected: default
<2017-09-26 13:04:01> DEBUG [o.a.h.c.p.RequestAddCookies] Cookie [version: 0][name: JSESSIONID][value: F6E28E4994D1584E597DBDFCCCB1737E][domain: branchtest.perfectomobile.com][path: /nexperience/][expiry: null] match [(secure)branchtest.perfectomobile.com:443/nexperience/perfectomobile/wd/hub/session/bd4c83dd-b9d3-4ad2-9259-43a8e935cecf/element/3/click]
<2017-09-26 13:04:01> DEBUG [o.a.h.c.p.RequestAddCookies] Cookie [version: 0][name: fast_failed][value: true][domain: branchtest.perfectomobile.com][path: /nexperience/perfectomobile/wd/hub][expiry: null] match [(secure)branchtest.perfectomobile.com:443/nexperience/perfectomobile/wd/hub/session/bd4c83dd-b9d3-4ad2-9259-43a8e935cecf/element/3/click]
<2017-09-26 13:04:01> DEBUG [o.a.h.c.p.RequestAddCookies] Cookie [version: 0][name: fast_failed][value: true][domain: branchtest.perfectomobile.com][path: /nexperience/perfectomobile/wd/hub/session/bd4c83dd-b9d3-4ad2-9259-43a8e935cecf][expiry: null] match [(secure)branchtest.perfectomobile.com:443/nexperience/perfectomobile/wd/hub/session/bd4c83dd-b9d3-4ad2-9259-43a8e935cecf/element/3/click]
<2017-09-26 13:04:01> DEBUG [o.a.h.c.p.RequestAuthCache] Auth cache not set in the context
<2017-09-26 13:04:01> DEBUG [o.a.h.i.c.PoolingHttpClientConnectionManager] Connection request: [route: {s}->https://branchtest.perfectomobile.com:443][total kept alive: 5; route allocated: 5 of 2000; total allocated: 5 of 2000]
<2017-09-26 13:04:01> DEBUG [o.a.h.i.c.PoolingHttpClientConnectionManager] Connection leased: [id: 2][route: {s}->https://branchtest.perfectomobile.com:443][total kept alive: 4; route allocated: 5 of 2000; total allocated: 5 of 2000]
<2017-09-26 13:04:01> DEBUG [o.a.h.i.execchain.MainClientExec] Stale connection check
<2017-09-26 13:04:01> DEBUG [org.apache.http.wire] http-outgoing-2 << "[read] I/O error: Read timed out"
<2017-09-26 13:04:01> DEBUG [o.a.h.i.c.DefaultManagedHttpClientConnection] http-outgoing-2: set socket timeout to 10800000
<2017-09-26 13:04:01> DEBUG [o.a.h.i.execchain.MainClientExec] Executing request POST /nexperience/perfectomobile/wd/hub/session/bd4c83dd-b9d3-4ad2-9259-43a8e935cecf/element/3/click HTTP/1.1
<2017-09-26 13:04:01> DEBUG [o.a.h.i.execchain.MainClientExec] Target auth state: UNCHALLENGED
<2017-09-26 13:04:01> DEBUG [o.a.h.i.execchain.MainClientExec] Proxy auth state: UNCHALLENGED
<2017-09-26 13:04:01> DEBUG [org.apache.http.headers] http-outgoing-2 >> POST /nexperience/perfectomobile/wd/hub/session/bd4c83dd-b9d3-4ad2-9259-43a8e935cecf/element/3/click HTTP/1.1
<2017-09-26 13:04:01> DEBUG [org.apache.http.headers] http-outgoing-2 >> Content-Type: application/json; charset=utf-8
<2017-09-26 13:04:01> DEBUG [org.apache.http.headers] http-outgoing-2 >> Content-Length: 10
<2017-09-26 13:04:01> DEBUG [org.apache.http.headers] http-outgoing-2 >> Host: branchtest.perfectomobile.com
<2017-09-26 13:04:01> DEBUG [org.apache.http.headers] http-outgoing-2 >> Connection: Keep-Alive
<2017-09-26 13:04:01> DEBUG [org.apache.http.headers] http-outgoing-2 >> User-Agent: Apache-HttpClient/4.5.2 (Java/1.8.0_121)
<2017-09-26 13:04:01> DEBUG [org.apache.http.headers] http-outgoing-2 >> Cookie: JSESSIONID=F6E28E4994D1584E597DBDFCCCB1737E; fast_failed=true; fast_failed=true
<2017-09-26 13:04:01> DEBUG [org.apache.http.headers] http-outgoing-2 >> Accept-Encoding: gzip,deflate
<2017-09-26 13:04:01> DEBUG [org.apache.http.wire] http-outgoing-2 >> "POST /nexperience/perfectomobile/wd/hub/session/bd4c83dd-b9d3-4ad2-9259-43a8e935cecf/element/3/click HTTP/1.1[\r][\n]"
<2017-09-26 13:04:01> DEBUG [org.apache.http.wire] http-outgoing-2 >> "Content-Type: application/json; charset=utf-8[\r][\n]"
<2017-09-26 13:04:01> DEBUG [org.apache.http.wire] http-outgoing-2 >> "Content-Length: 10[\r][\n]"
<2017-09-26 13:04:01> DEBUG [org.apache.http.wire] http-outgoing-2 >> "Host: branchtest.perfectomobile.com[\r][\n]"
<2017-09-26 13:04:01> DEBUG [org.apache.http.wire] http-outgoing-2 >> "Connection: Keep-Alive[\r][\n]"
<2017-09-26 13:04:01> DEBUG [org.apache.http.wire] http-outgoing-2 >> "User-Agent: Apache-HttpClient/4.5.2 (Java/1.8.0_121)[\r][\n]"
<2017-09-26 13:04:01> DEBUG [org.apache.http.wire] http-outgoing-2 >> "Cookie: JSESSIONID=F6E28E4994D1584E597DBDFCCCB1737E; fast_failed=true; fast_failed=true[\r][\n]"
<2017-09-26 13:04:01> DEBUG [org.apache.http.wire] http-outgoing-2 >> "Accept-Encoding: gzip,deflate[\r][\n]"
<2017-09-26 13:04:01> DEBUG [org.apache.http.wire] http-outgoing-2 >> "[\r][\n]"
<2017-09-26 13:04:01> DEBUG [org.apache.http.wire] http-outgoing-2 >> "{"id":"3"}"
<2017-09-26 13:04:02> DEBUG [o.a.h.c.p.RequestAddCookies] CookieSpec selected: default
<2017-09-26 13:04:02> DEBUG [o.a.h.c.p.RequestAddCookies] Cookie [version: 0][name: JSESSIONID][value: F6E28E4994D1584E597DBDFCCCB1737E][domain: branchtest.perfectomobile.com][path: /nexperience/][expiry: null] match [(secure)branchtest.perfectomobile.com:443/nexperience/perfectomobile/wd/hub/session/58e9750c-b4d6-4ed9-a103-01f993e76832/execute]
<2017-09-26 13:04:02> DEBUG [o.a.h.c.p.RequestAddCookies] Cookie [version: 0][name: fast_failed][value: true][domain: branchtest.perfectomobile.com][path: /nexperience/perfectomobile/wd/hub][expiry: null] match [(secure)branchtest.perfectomobile.com:443/nexperience/perfectomobile/wd/hub/session/58e9750c-b4d6-4ed9-a103-01f993e76832/execute]
<2017-09-26 13:04:02> DEBUG [o.a.h.c.p.RequestAddCookies] Cookie [version: 0][name: fast_failed][value: true][domain: branchtest.perfectomobile.com][path: /nexperience/perfectomobile/wd/hub/session/58e9750c-b4d6-4ed9-a103-01f993e76832][expiry: null] match [(secure)branchtest.perfectomobile.com:443/nexperience/perfectomobile/wd/hub/session/58e9750c-b4d6-4ed9-a103-01f993e76832/execute]
<2017-09-26 13:04:02> DEBUG [o.a.h.c.p.RequestAuthCache] Auth cache not set in the context
<2017-09-26 13:04:02> DEBUG [o.a.h.i.c.PoolingHttpClientConnectionManager] Connection request: [route: {s}->https://branchtest.perfectomobile.com:443][total kept alive: 4; route allocated: 5 of 2000; total allocated: 5 of 2000]
<2017-09-26 13:04:02> DEBUG [org.apache.http.wire] http-outgoing-1 << "[read] I/O error: Read timed out"
<2017-09-26 13:04:02> DEBUG [o.a.h.i.c.PoolingHttpClientConnectionManager] Connection leased: [id: 1][route: {s}->https://branchtest.perfectomobile.com:443][total kept alive: 3; route allocated: 5 of 2000; total allocated: 5 of 2000]
<2017-09-26 13:04:02> DEBUG [o.a.h.i.execchain.MainClientExec] Stale connection check
<2017-09-26 13:04:02> DEBUG [org.apache.http.wire] http-outgoing-1 << "[read] I/O error: Read timed out"
<2017-09-26 13:04:02> DEBUG [o.a.h.i.c.DefaultManagedHttpClientConnection] http-outgoing-1: set socket timeout to 10800000
<2017-09-26 13:04:02> DEBUG [o.a.h.i.execchain.MainClientExec] Executing request POST /nexperience/perfectomobile/wd/hub/session/58e9750c-b4d6-4ed9-a103-01f993e76832/execute HTTP/1.1
<2017-09-26 13:04:02> DEBUG [o.a.h.i.execchain.MainClientExec] Target auth state: UNCHALLENGED
<2017-09-26 13:04:02> DEBUG [o.a.h.i.execchain.MainClientExec] Proxy auth state: UNCHALLENGED
<2017-09-26 13:04:02> DEBUG [org.apache.http.headers] http-outgoing-1 >> POST /nexperience/perfectomobile/wd/hub/session/58e9750c-b4d6-4ed9-a103-01f993e76832/execute HTTP/1.1
<2017-09-26 13:04:02> DEBUG [org.apache.http.headers] http-outgoing-1 >> Content-Type: application/json; charset=utf-8
<2017-09-26 13:04:02> DEBUG [org.apache.http.headers] http-outgoing-1 >> Content-Length: 97
<2017-09-26 13:04:02> DEBUG [org.apache.http.headers] http-outgoing-1 >> Host: branchtest.perfectomobile.com
<2017-09-26 13:04:02> DEBUG [org.apache.http.headers] http-outgoing-1 >> Connection: Keep-Alive
<2017-09-26 13:04:02> DEBUG [org.apache.http.headers] http-outgoing-1 >> User-Agent: Apache-HttpClient/4.5.2 (Java/1.8.0_121)
<2017-09-26 13:04:02> DEBUG [org.apache.http.headers] http-outgoing-1 >> Cookie: JSESSIONID=F6E28E4994D1584E597DBDFCCCB1737E; fast_failed=true; fast_failed=true
<2017-09-26 13:04:02> DEBUG [org.apache.http.headers] http-outgoing-1 >> Accept-Encoding: gzip,deflate
<2017-09-26 13:04:02> DEBUG [org.apache.http.wire] http-outgoing-1 >> "POST /nexperience/perfectomobile/wd/hub/session/58e9750c-b4d6-4ed9-a103-01f993e76832/execute HTTP/1.1[\r][\n]"
<2017-09-26 13:04:02> DEBUG [org.apache.http.wire] http-outgoing-1 >> "Content-Type: application/json; charset=utf-8[\r][\n]"
<2017-09-26 13:04:02> DEBUG [org.apache.http.wire] http-outgoing-1 >> "Content-Length: 97[\r][\n]"
<2017-09-26 13:04:02> DEBUG [org.apache.http.wire] http-outgoing-1 >> "Host: branchtest.perfectomobile.com[\r][\n]"
<2017-09-26 13:04:02> DEBUG [org.apache.http.wire] http-outgoing-1 >> "Connection: Keep-Alive[\r][\n]"
<2017-09-26 13:04:02> DEBUG [org.apache.http.wire] http-outgoing-1 >> "User-Agent: Apache-HttpClient/4.5.2 (Java/1.8.0_121)[\r][\n]"
<2017-09-26 13:04:02> DEBUG [org.apache.http.wire] http-outgoing-1 >> "Cookie: JSESSIONID=F6E28E4994D1584E597DBDFCCCB1737E; fast_failed=true; fast_failed=true[\r][\n]"
<2017-09-26 13:04:02> DEBUG [org.apache.http.wire] http-outgoing-1 >> "Accept-Encoding: gzip,deflate[\r][\n]"
<2017-09-26 13:04:02> DEBUG [org.apache.http.wire] http-outgoing-1 >> "[\r][\n]"
<2017-09-26 13:04:02> DEBUG [org.apache.http.wire] http-outgoing-1 >> "{"script":"mobile:text:select","args":[{"scrolling":"scroll","threshold":60,"content":"SUBMIT"}]}"
<2017-09-26 13:04:04> DEBUG [o.a.h.c.p.RequestAddCookies] CookieSpec selected: default
<2017-09-26 13:04:04> DEBUG [o.a.h.c.p.RequestAddCookies] Cookie [version: 0][name: JSESSIONID][value: F6E28E4994D1584E597DBDFCCCB1737E][domain: branchtest.perfectomobile.com][path: /nexperience/][expiry: null] match [(secure)branchtest.perfectomobile.com:443/nexperience/perfectomobile/wd/hub/session/9653146c-9d83-4061-80ff-76b8ef1fd249/execute]
<2017-09-26 13:04:04> DEBUG [o.a.h.c.p.RequestAddCookies] Cookie [version: 0][name: fast_failed][value: true][domain: branchtest.perfectomobile.com][path: /nexperience/perfectomobile/wd/hub][expiry: null] match [(secure)branchtest.perfectomobile.com:443/nexperience/perfectomobile/wd/hub/session/9653146c-9d83-4061-80ff-76b8ef1fd249/execute]
<2017-09-26 13:04:04> DEBUG [o.a.h.c.p.RequestAddCookies] Cookie [version: 0][name: fast_failed][value: true][domain: branchtest.perfectomobile.com][path: /nexperience/perfectomobile/wd/hub/session/9653146c-9d83-4061-80ff-76b8ef1fd249][expiry: null] match [(secure)branchtest.perfectomobile.com:443/nexperience/perfectomobile/wd/hub/session/9653146c-9d83-4061-80ff-76b8ef1fd249/execute]
<2017-09-26 13:04:04> DEBUG [o.a.h.c.p.RequestAuthCache] Auth cache not set in the context
<2017-09-26 13:04:04> DEBUG [o.a.h.i.c.PoolingHttpClientConnectionManager] Connection request: [route: {s}->https://branchtest.perfectomobile.com:443][total kept alive: 3; route allocated: 5 of 2000; total allocated: 5 of 2000]
<2017-09-26 13:04:04> DEBUG [org.apache.http.wire] http-outgoing-4 << "[read] I/O error: Read timed out"
<2017-09-26 13:04:04> DEBUG [o.a.h.i.c.PoolingHttpClientConnectionManager] Connection leased: [id: 4][route: {s}->https://branchtest.perfectomobile.com:443][total kept alive: 2; route allocated: 5 of 2000; total allocated: 5 of 2000]
<2017-09-26 13:04:04> DEBUG [o.a.h.i.execchain.MainClientExec] Stale connection check
<2017-09-26 13:04:04> DEBUG [org.apache.http.wire] http-outgoing-4 << "[read] I/O error: Read timed out"
<2017-09-26 13:04:04> DEBUG [o.a.h.i.c.DefaultManagedHttpClientConnection] http-outgoing-4: set socket timeout to 10800000
<2017-09-26 13:04:04> DEBUG [o.a.h.i.execchain.MainClientExec] Executing request POST /nexperience/perfectomobile/wd/hub/session/9653146c-9d83-4061-80ff-76b8ef1fd249/execute HTTP/1.1
<2017-09-26 13:04:04> DEBUG [o.a.h.i.execchain.MainClientExec] Target auth state: UNCHALLENGED
<2017-09-26 13:04:04> DEBUG [o.a.h.i.execchain.MainClientExec] Proxy auth state: UNCHALLENGED
<2017-09-26 13:04:04> DEBUG [org.apache.http.headers] http-outgoing-4 >> POST /nexperience/perfectomobile/wd/hub/session/9653146c-9d83-4061-80ff-76b8ef1fd249/execute HTTP/1.1
<2017-09-26 13:04:04> DEBUG [org.apache.http.headers] http-outgoing-4 >> Content-Type: application/json; charset=utf-8
<2017-09-26 13:04:04> DEBUG [org.apache.http.headers] http-outgoing-4 >> Content-Length: 97
<2017-09-26 13:04:04> DEBUG [org.apache.http.headers] http-outgoing-4 >> Host: branchtest.perfectomobile.com
<2017-09-26 13:04:04> DEBUG [org.apache.http.headers] http-outgoing-4 >> Connection: Keep-Alive
<2017-09-26 13:04:04> DEBUG [org.apache.http.headers] http-outgoing-4 >> User-Agent: Apache-HttpClient/4.5.2 (Java/1.8.0_121)
<2017-09-26 13:04:04> DEBUG [org.apache.http.headers] http-outgoing-4 >> Cookie: JSESSIONID=F6E28E4994D1584E597DBDFCCCB1737E; fast_failed=true; fast_failed=true
<2017-09-26 13:04:04> DEBUG [org.apache.http.headers] http-outgoing-4 >> Accept-Encoding: gzip,deflate
<2017-09-26 13:04:04> DEBUG [org.apache.http.wire] http-outgoing-4 >> "POST /nexperience/perfectomobile/wd/hub/session/9653146c-9d83-4061-80ff-76b8ef1fd249/execute HTTP/1.1[\r][\n]"
<2017-09-26 13:04:04> DEBUG [org.apache.http.wire] http-outgoing-4 >> "Content-Type: application/json; charset=utf-8[\r][\n]"
<2017-09-26 13:04:04> DEBUG [org.apache.http.wire] http-outgoing-4 >> "Content-Length: 97[\r][\n]"
<2017-09-26 13:04:04> DEBUG [org.apache.http.wire] http-outgoing-4 >> "Host: branchtest.perfectomobile.com[\r][\n]"
<2017-09-26 13:04:04> DEBUG [org.apache.http.wire] http-outgoing-4 >> "Connection: Keep-Alive[\r][\n]"
<2017-09-26 13:04:04> DEBUG [org.apache.http.wire] http-outgoing-4 >> "User-Agent: Apache-HttpClient/4.5.2 (Java/1.8.0_121)[\r][\n]"
<2017-09-26 13:04:04> DEBUG [org.apache.http.wire] http-outgoing-4 >> "Cookie: JSESSIONID=F6E28E4994D1584E597DBDFCCCB1737E; fast_failed=true; fast_failed=true[\r][\n]"
<2017-09-26 13:04:04> DEBUG [org.apache.http.wire] http-outgoing-4 >> "Accept-Encoding: gzip,deflate[\r][\n]"
<2017-09-26 13:04:04> DEBUG [org.apache.http.wire] http-outgoing-4 >> "[\r][\n]"
<2017-09-26 13:04:04> DEBUG [org.apache.http.wire] http-outgoing-4 >> "{"script":"mobile:text:select","args":[{"scrolling":"scroll","threshold":60,"content":"SUBMIT"}]}"
<2017-09-26 13:04:05> DEBUG [org.apache.http.wire] http-outgoing-1 << "HTTP/1.1 200 OK[\r][\n]"
<2017-09-26 13:04:05> DEBUG [org.apache.http.wire] http-outgoing-1 << "Server: nginx[\r][\n]"
<2017-09-26 13:04:05> DEBUG [org.apache.http.wire] http-outgoing-1 << "Date: Tue, 26 Sep 2017 10:04:01 GMT[\r][\n]"
<2017-09-26 13:04:05> DEBUG [org.apache.http.wire] http-outgoing-1 << "Content-Type: application/json;charset=utf-8[\r][\n]"
<2017-09-26 13:04:05> DEBUG [org.apache.http.wire] http-outgoing-1 << "Transfer-Encoding: chunked[\r][\n]"
<2017-09-26 13:04:05> DEBUG [org.apache.http.wire] http-outgoing-1 << "Connection: keep-alive[\r][\n]"
<2017-09-26 13:04:05> DEBUG [org.apache.http.wire] http-outgoing-1 << "Set-Cookie: JSESSIONID=F6E28E4994D1584E597DBDFCCCB1737E; Path=/nexperience/; HttpOnly[\r][\n]"
<2017-09-26 13:04:05> DEBUG [org.apache.http.wire] http-outgoing-1 << "Expires: Thu, 01 Jan 1970 00:00:00 GMT[\r][\n]"
<2017-09-26 13:04:05> DEBUG [org.apache.http.wire] http-outgoing-1 << "Cache-Control: no-cache[\r][\n]"
<2017-09-26 13:04:05> DEBUG [org.apache.http.wire] http-outgoing-1 << "Cache-Control: no-cache[\r][\n]"
<2017-09-26 13:04:05> DEBUG [org.apache.http.wire] http-outgoing-1 << "Expires: Thu, 01 Jan 1970 00:00:00 GMT[\r][\n]"
<2017-09-26 13:04:05> DEBUG [org.apache.http.wire] http-outgoing-1 << "Set-Cookie: fast_failed=true[\r][\n]"
<2017-09-26 13:04:05> DEBUG [org.apache.http.wire] http-outgoing-1 << "X-XSS-Protection: 2; mode=block[\r][\n]"
<2017-09-26 13:04:05> DEBUG [org.apache.http.wire] http-outgoing-1 << "Content-Encoding: gzip[\r][\n]"
<2017-09-26 13:04:05> DEBUG [org.apache.http.wire] http-outgoing-1 << "[\r][\n]"
<2017-09-26 13:04:05> DEBUG [org.apache.http.wire] http-outgoing-1 << "96[\r][\n]"
<2017-09-26 13:04:05> DEBUG [org.apache.http.wire] http-outgoing-1 << "[0x1f][0x8b][0x8][0x0][0x0][0x0][0x0][0x0][0x0][0x3]-[0xcc][0xbb][0x12][0xc2] [0x10][0x85][0xe1]w[0xd9]:0[0x10]r[0x81][0xb4]V[0xb6][0xbe][0x1][0xc2][0xaa][0x99]![0x90]d[0xc1][0xc6][0xf1][0xdd][0xdd][0xc2][0xf6][0x9f][0xef][0x9c][0xf][0x10][0x12][0xad]%_#,0Zt[0xf3][0xa8][0x82][0xb8][0xf]q[0x12][0x3]F'[0xbc]VF([0xfd]p[0xce][0xe0]<Y[0xd3]C[0x7]T}E[0xe6][0xd4]B[0xe0]5[0x97][0xd7][0xa5]D.[0xda][0xcc][0xd6]j[0xd7];[0xdb][0xc1][0xdb][0xa7][0xc6])[0xb7][0x94]:[0x8][0xc9][0xb3][[0xa0][0x9c]OYv[0xcc][0x87][0x97][0x84][0x9][0xf3][0xda]6y[0xe2]V*[0xca][0x1b][0xd2]^2[0xe1][0xff][0xbf]1W[0xdf][0x1f][0xf0]]]>&#x7f;<![CDATA[[0xdb][0xf7][0x9f][0x0][0x0][0x0][\r][\n]"
<2017-09-26 13:04:05> DEBUG [org.apache.http.wire] http-outgoing-1 << "0[\r][\n]"
<2017-09-26 13:04:05> DEBUG [org.apache.http.wire] http-outgoing-1 << "[\r][\n]"
<2017-09-26 13:04:05> DEBUG [org.apache.http.headers] http-outgoing-1 << HTTP/1.1 200 OK
<2017-09-26 13:04:05> DEBUG [org.apache.http.headers] http-outgoing-1 << Server: nginx
<2017-09-26 13:04:05> DEBUG [org.apache.http.headers] http-outgoing-1 << Date: Tue, 26 Sep 2017 10:04:01 GMT
<2017-09-26 13:04:05> DEBUG [org.apache.http.headers] http-outgoing-1 << Content-Type: application/json;charset=utf-8
<2017-09-26 13:04:05> DEBUG [org.apache.http.headers] http-outgoing-1 << Transfer-Encoding: chunked
<2017-09-26 13:04:05> DEBUG [org.apache.http.headers] http-outgoing-1 << Connection: keep-alive
<2017-09-26 13:04:05> DEBUG [org.apache.http.headers] http-outgoing-1 << Set-Cookie: JSESSIONID=F6E28E4994D1584E597DBDFCCCB1737E; Path=/nexperience/; HttpOnly
<2017-09-26 13:04:05> DEBUG [org.apache.http.headers] http-outgoing-1 << Expires: Thu, 01 Jan 1970 00:00:00 GMT
<2017-09-26 13:04:05> DEBUG [org.apache.http.headers] http-outgoing-1 << Cache-Control: no-cache
<2017-09-26 13:04:05> DEBUG [org.apache.http.headers] http-outgoing-1 << Cache-Control: no-cache
<2017-09-26 13:04:05> DEBUG [org.apache.http.headers] http-outgoing-1 << Expires: Thu, 01 Jan 1970 00:00:00 GMT
<2017-09-26 13:04:05> DEBUG [org.apache.http.headers] http-outgoing-1 << Set-Cookie: fast_failed=true
<2017-09-26 13:04:05> DEBUG [org.apache.http.headers] http-outgoing-1 << X-XSS-Protection: 2; mode=block
<2017-09-26 13:04:05> DEBUG [org.apache.http.headers] http-outgoing-1 << Content-Encoding: gzip
<2017-09-26 13:04:05> DEBUG [o.a.h.i.execchain.MainClientExec] Connection can be kept alive indefinitely
<2017-09-26 13:04:05> DEBUG [o.a.h.c.p.ResponseProcessCookies] Cookie accepted [JSESSIONID="F6E28E4994D1584E597DBDFCCCB1737E", version:0, domain:branchtest.perfectomobile.com, path:/nexperience/, expiry:null]
<2017-09-26 13:04:05> DEBUG [o.a.h.c.p.ResponseProcessCookies] Cookie accepted [fast_failed="true", version:0, domain:branchtest.perfectomobile.com, path:/nexperience/perfectomobile/wd/hub/session/58e9750c-b4d6-4ed9-a103-01f993e76832, expiry:null]
<2017-09-26 13:04:05> DEBUG [o.a.h.i.c.PoolingHttpClientConnectionManager] Connection [id: 1][route: {s}->https://branchtest.perfectomobile.com:443] can be kept alive indefinitely
<2017-09-26 13:04:05> DEBUG [o.a.h.i.c.PoolingHttpClientConnectionManager] Connection released: [id: 1][route: {s}->https://branchtest.perfectomobile.com:443][total kept alive: 3; route allocated: 5 of 2000; total allocated: 5 of 2000]
<2017-09-26 13:04:06> DEBUG [o.a.h.c.p.RequestAddCookies] CookieSpec selected: default
<2017-09-26 13:04:06> DEBUG [o.a.h.c.p.RequestAddCookies] Cookie [version: 0][name: JSESSIONID][value: F6E28E4994D1584E597DBDFCCCB1737E][domain: branchtest.perfectomobile.com][path: /nexperience/][expiry: null] match [(secure)branchtest.perfectomobile.com:443/nexperience/perfectomobile/wd/hub/session/ce68b120-6696-4a5d-8938-7cf4bbe88319/execute]
<2017-09-26 13:04:06> DEBUG [o.a.h.c.p.RequestAddCookies] Cookie [version: 0][name: fast_failed][value: true][domain: branchtest.perfectomobile.com][path: /nexperience/perfectomobile/wd/hub][expiry: null] match [(secure)branchtest.perfectomobile.com:443/nexperience/perfectomobile/wd/hub/session/ce68b120-6696-4a5d-8938-7cf4bbe88319/execute]
<2017-09-26 13:04:06> DEBUG [o.a.h.c.p.RequestAddCookies] Cookie [version: 0][name: fast_failed][value: true][domain: branchtest.perfectomobile.com][path: /nexperience/perfectomobile/wd/hub/session/ce68b120-6696-4a5d-8938-7cf4bbe88319][expiry: null] match [(secure)branchtest.perfectomobile.com:443/nexperience/perfectomobile/wd/hub/session/ce68b120-6696-4a5d-8938-7cf4bbe88319/execute]
<2017-09-26 13:04:06> DEBUG [o.a.h.c.p.RequestAuthCache] Auth cache not set in the context
<2017-09-26 13:04:06> DEBUG [o.a.h.i.c.PoolingHttpClientConnectionManager] Connection request: [route: {s}->https://branchtest.perfectomobile.com:443][total kept alive: 3; route allocated: 5 of 2000; total allocated: 5 of 2000]
<2017-09-26 13:04:06> DEBUG [o.a.h.i.c.PoolingHttpClientConnectionManager] Connection leased: [id: 1][route: {s}->https://branchtest.perfectomobile.com:443][total kept alive: 2; route allocated: 5 of 2000; total allocated: 5 of 2000]
<2017-09-26 13:04:06> DEBUG [o.a.h.i.execchain.MainClientExec] Stale connection check
<2017-09-26 13:04:06> DEBUG [org.apache.http.wire] http-outgoing-1 << "[read] I/O error: Read timed out"
<2017-09-26 13:04:06> DEBUG [o.a.h.i.c.DefaultManagedHttpClientConnection] http-outgoing-1: set socket timeout to 10800000
<2017-09-26 13:04:06> DEBUG [o.a.h.i.execchain.MainClientExec] Executing request POST /nexperience/perfectomobile/wd/hub/session/ce68b120-6696-4a5d-8938-7cf4bbe88319/execute HTTP/1.1
<2017-09-26 13:04:06> DEBUG [o.a.h.i.execchain.MainClientExec] Target auth state: UNCHALLENGED
<2017-09-26 13:04:06> DEBUG [o.a.h.i.execchain.MainClientExec] Proxy auth state: UNCHALLENGED
<2017-09-26 13:04:06> DEBUG [org.apache.http.headers] http-outgoing-1 >> POST /nexperience/perfectomobile/wd/hub/session/ce68b120-6696-4a5d-8938-7cf4bbe88319/execute HTTP/1.1
<2017-09-26 13:04:06> DEBUG [org.apache.http.headers] http-outgoing-1 >> Content-Type: application/json; charset=utf-8
<2017-09-26 13:04:06> DEBUG [org.apache.http.headers] http-outgoing-1 >> Content-Length: 97
<2017-09-26 13:04:06> DEBUG [org.apache.http.headers] http-outgoing-1 >> Host: branchtest.perfectomobile.com
<2017-09-26 13:04:06> DEBUG [org.apache.http.headers] http-outgoing-1 >> Connection: Keep-Alive
<2017-09-26 13:04:06> DEBUG [org.apache.http.headers] http-outgoing-1 >> User-Agent: Apache-HttpClient/4.5.2 (Java/1.8.0_121)
<2017-09-26 13:04:06> DEBUG [org.apache.http.headers] http-outgoing-1 >> Cookie: JSESSIONID=F6E28E4994D1584E597DBDFCCCB1737E; fast_failed=true; fast_failed=true
<2017-09-26 13:04:06> DEBUG [org.apache.http.headers] http-outgoing-1 >> Accept-Encoding: gzip,deflate
<2017-09-26 13:04:06> DEBUG [org.apache.http.wire] http-outgoing-1 >> "POST /nexperience/perfectomobile/wd/hub/session/ce68b120-6696-4a5d-8938-7cf4bbe88319/execute HTTP/1.1[\r][\n]"
<2017-09-26 13:04:06> DEBUG [org.apache.http.wire] http-outgoing-1 >> "Content-Type: application/json; charset=utf-8[\r][\n]"
<2017-09-26 13:04:06> DEBUG [org.apache.http.wire] http-outgoing-1 >> "Content-Length: 97[\r][\n]"
<2017-09-26 13:04:06> DEBUG [org.apache.http.wire] http-outgoing-1 >> "Host: branchtest.perfectomobile.com[\r][\n]"
<2017-09-26 13:04:06> DEBUG [org.apache.http.wire] http-outgoing-1 >> "Connection: Keep-Alive[\r][\n]"
<2017-09-26 13:04:06> DEBUG [org.apache.http.wire] http-outgoing-1 >> "User-Agent: Apache-HttpClient/4.5.2 (Java/1.8.0_121)[\r][\n]"
<2017-09-26 13:04:06> DEBUG [org.apache.http.wire] http-outgoing-1 >> "Cookie: JSESSIONID=F6E28E4994D1584E597DBDFCCCB1737E; fast_failed=true; fast_failed=true[\r][\n]"
<2017-09-26 13:04:06> DEBUG [org.apache.http.wire] http-outgoing-1 >> "Accept-Encoding: gzip,deflate[\r][\n]"
<2017-09-26 13:04:06> DEBUG [org.apache.http.wire] http-outgoing-1 >> "[\r][\n]"
<2017-09-26 13:04:06> DEBUG [org.apache.http.wire] http-outgoing-1 >> "{"script":"mobile:text:select","args":[{"scrolling":"scroll","threshold":60,"content":"SUBMIT"}]}"
<2017-09-26 13:04:07> DEBUG [org.apache.http.wire] http-outgoing-2 << "HTTP/1.1 200 OK[\r][\n]"
<2017-09-26 13:04:07> DEBUG [org.apache.http.wire] http-outgoing-2 << "Server: nginx[\r][\n]"
<2017-09-26 13:04:07> DEBUG [org.apache.http.wire] http-outgoing-2 << "Date: Tue, 26 Sep 2017 10:04:03 GMT[\r][\n]"
<2017-09-26 13:04:07> DEBUG [org.apache.http.wire] http-outgoing-2 << "Content-Type: application/json;charset=utf-8[\r][\n]"
<2017-09-26 13:04:07> DEBUG [org.apache.http.wire] http-outgoing-2 << "Transfer-Encoding: chunked[\r][\n]"
<2017-09-26 13:04:07> DEBUG [org.apache.http.wire] http-outgoing-2 << "Connection: keep-alive[\r][\n]"
<2017-09-26 13:04:07> DEBUG [org.apache.http.wire] http-outgoing-2 << "Set-Cookie: JSESSIONID=F6E28E4994D1584E597DBDFCCCB1737E; Path=/nexperience/; HttpOnly[\r][\n]"
<2017-09-26 13:04:07> DEBUG [org.apache.http.wire] http-outgoing-2 << "Expires: Thu, 01 Jan 1970 00:00:00 GMT[\r][\n]"
<2017-09-26 13:04:07> DEBUG [org.apache.http.wire] http-outgoing-2 << "Cache-Control: no-cache[\r][\n]"
<2017-09-26 13:04:07> DEBUG [org.apache.http.wire] http-outgoing-2 << "Cache-Control: no-cache[\r][\n]"
<2017-09-26 13:04:07> DEBUG [org.apache.http.wire] http-outgoing-2 << "Expires: Thu, 01 Jan 1970 00:00:00 GMT[\r][\n]"
<2017-09-26 13:04:07> DEBUG [org.apache.http.wire] http-outgoing-2 << "Set-Cookie: fast_failed=true[\r][\n]"
<2017-09-26 13:04:07> DEBUG [org.apache.http.wire] http-outgoing-2 << "X-XSS-Protection: 2; mode=block[\r][\n]"
<2017-09-26 13:04:07> DEBUG [org.apache.http.wire] http-outgoing-2 << "Content-Encoding: gzip[\r][\n]"
<2017-09-26 13:04:07> DEBUG [org.apache.http.wire] http-outgoing-2 << "[\r][\n]"
<2017-09-26 13:04:07> DEBUG [org.apache.http.wire] http-outgoing-2 << "95[\r][\n]"
<2017-09-26 13:04:07> DEBUG [org.apache.http.wire] http-outgoing-2 << "[0x1f][0x8b][0x8][0x0][0x0][0x0][0x0][0x0][0x0][0x3]-[0xcc]1[0x12][0xc2] [0x10][0x85][0xe1][0xbb]l[0x1d][0x18]&[0x90][0x4][0xd2]Z[0xd9]z[0x3][0xc2][0xae][0x9a][0x19][0x2]1[0x1b]l[0x1c][0xef][0xee][0x16][0xb6][0xff]|[0xef]}[0x80][0x89]y[0xad][0xe5][0x8a]0[0xc3][0x82].y[0x8b][0xa8][0x96][0x80]V[0xb9][0x88][0xbd][\n]"
<2017-09-26 13:04:07> DEBUG [org.apache.http.wire] http-outgoing-2 << "[0xfd][0x10][0x94][0xb3][0xd1]S[0xb0]C[0xa2]t[0x87][0xe][0xf8][0x8c]'[0x9][0xe7][0x96][0x92][0xac][0xa5]</[0x15][0xa5][0x8c][0xd3][0xe8][0xbc][0x9b][0x8c][0xe9][0xe0][0x1d]s[0x93]RZ[0xce][0x1d][0xa4][0x1c][0x85][0xcd]P[0x8f][0x87][0xae];[0x95]W[0xd4]L[0x99][0xca][0xda]6}[0xd0]VO[0xd2]7[0xe2][0xbd][0x16][0xa6][0xff]}[0x13]n[0xbe]?[0xde](=[0x8a][0x9e][0x0][0x0][0x0][\r][\n]"
<2017-09-26 13:04:07> DEBUG [org.apache.http.wire] http-outgoing-2 << "0[\r][\n]"
<2017-09-26 13:04:07> DEBUG [org.apache.http.wire] http-outgoing-2 << "[\r][\n]"
<2017-09-26 13:04:07> DEBUG [org.apache.http.headers] http-outgoing-2 << HTTP/1.1 200 OK
<2017-09-26 13:04:07> DEBUG [org.apache.http.headers] http-outgoing-2 << Server: nginx
<2017-09-26 13:04:07> DEBUG [org.apache.http.headers] http-outgoing-2 << Date: Tue, 26 Sep 2017 10:04:03 GMT
<2017-09-26 13:04:07> DEBUG [org.apache.http.headers] http-outgoing-2 << Content-Type: application/json;charset=utf-8
<2017-09-26 13:04:07> DEBUG [org.apache.http.headers] http-outgoing-2 << Transfer-Encoding: chunked
<2017-09-26 13:04:07> DEBUG [org.apache.http.headers] http-outgoing-2 << Connection: keep-alive
<2017-09-26 13:04:07> DEBUG [org.apache.http.headers] http-outgoing-2 << Set-Cookie: JSESSIONID=F6E28E4994D1584E597DBDFCCCB1737E; Path=/nexperience/; HttpOnly
<2017-09-26 13:04:07> DEBUG [org.apache.http.headers] http-outgoing-2 << Expires: Thu, 01 Jan 1970 00:00:00 GMT
<2017-09-26 13:04:07> DEBUG [org.apache.http.headers] http-outgoing-2 << Cache-Control: no-cache
<2017-09-26 13:04:07> DEBUG [org.apache.http.headers] http-outgoing-2 << Cache-Control: no-cache
<2017-09-26 13:04:07> DEBUG [org.apache.http.headers] http-outgoing-2 << Expires: Thu, 01 Jan 1970 00:00:00 GMT
<2017-09-26 13:04:07> DEBUG [org.apache.http.headers] http-outgoing-2 << Set-Cookie: fast_failed=true
<2017-09-26 13:04:07> DEBUG [org.apache.http.headers] http-outgoing-2 << X-XSS-Protection: 2; mode=block
<2017-09-26 13:04:07> DEBUG [org.apache.http.headers] http-outgoing-2 << Content-Encoding: gzip
<2017-09-26 13:04:07> DEBUG [o.a.h.i.execchain.MainClientExec] Connection can be kept alive indefinitely
<2017-09-26 13:04:07> DEBUG [o.a.h.c.p.ResponseProcessCookies] Cookie accepted [JSESSIONID="F6E28E4994D1584E597DBDFCCCB1737E", version:0, domain:branchtest.perfectomobile.com, path:/nexperience/, expiry:null]
<2017-09-26 13:04:07> DEBUG [o.a.h.c.p.ResponseProcessCookies] Cookie accepted [fast_failed="true", version:0, domain:branchtest.perfectomobile.com, path:/nexperience/perfectomobile/wd/hub/session/bd4c83dd-b9d3-4ad2-9259-43a8e935cecf/element/3, expiry:null]
<2017-09-26 13:04:07> DEBUG [o.a.h.i.c.PoolingHttpClientConnectionManager] Connection [id: 2][route: {s}->https://branchtest.perfectomobile.com:443] can be kept alive indefinitely
<2017-09-26 13:04:07> DEBUG [o.a.h.i.c.PoolingHttpClientConnectionManager] Connection released: [id: 2][route: {s}->https://branchtest.perfectomobile.com:443][total kept alive: 3; route allocated: 5 of 2000; total allocated: 5 of 2000]
<2017-09-26 13:04:07> DEBUG [org.apache.http.wire] http-outgoing-4 << "HTTP/1.1 200 OK[\r][\n]"
<2017-09-26 13:04:07> DEBUG [org.apache.http.wire] http-outgoing-4 << "Server: nginx[\r][\n]"
<2017-09-26 13:04:07> DEBUG [org.apache.http.wire] http-outgoing-4 << "Date: Tue, 26 Sep 2017 10:04:03 GMT[\r][\n]"
<2017-09-26 13:04:07> DEBUG [org.apache.http.wire] http-outgoing-4 << "Content-Type: application/json;charset=utf-8[\r][\n]"
<2017-09-26 13:04:07> DEBUG [org.apache.http.wire] http-outgoing-4 << "Transfer-Encoding: chunked[\r][\n]"
<2017-09-26 13:04:07> DEBUG [org.apache.http.wire] http-outgoing-4 << "Connection: keep-alive[\r][\n]"
<2017-09-26 13:04:07> DEBUG [org.apache.http.wire] http-outgoing-4 << "Set-Cookie: JSESSIONID=F6E28E4994D1584E597DBDFCCCB1737E; Path=/nexperience/; HttpOnly[\r][\n]"
<2017-09-26 13:04:07> DEBUG [org.apache.http.wire] http-outgoing-4 << "Expires: Thu, 01 Jan 1970 00:00:00 GMT[\r][\n]"
<2017-09-26 13:04:07> DEBUG [org.apache.http.wire] http-outgoing-4 << "Cache-Control: no-cache[\r][\n]"
<2017-09-26 13:04:07> DEBUG [org.apache.http.wire] http-outgoing-4 << "Cache-Control: no-cache[\r][\n]"
<2017-09-26 13:04:07> DEBUG [org.apache.http.wire] http-outgoing-4 << "Expires: Thu, 01 Jan 1970 00:00:00 GMT[\r][\n]"
<2017-09-26 13:04:07> DEBUG [org.apache.http.wire] http-outgoing-4 << "Set-Cookie: fast_failed=true[\r][\n]"
<2017-09-26 13:04:07> DEBUG [org.apache.http.wire] http-outgoing-4 << "X-XSS-Protection: 2; mode=block[\r][\n]"
<2017-09-26 13:04:07> DEBUG [org.apache.http.wire] http-outgoing-4 << "Content-Encoding: gzip[\r][\n]"
<2017-09-26 13:04:07> DEBUG [org.apache.http.wire] http-outgoing-4 << "[\r][\n]"
<2017-09-26 13:04:07> DEBUG [org.apache.http.wire] http-outgoing-4 << "95[\r][\n]"
<2017-09-26 13:04:07> DEBUG [org.apache.http.wire] http-outgoing-4 << "[0x1f][0x8b][0x8][0x0][0x0][0x0][0x0][0x0][0x0][0x3]-[0xcc]1[0x12][0xc2] [0x10][0x85][0xe1][0xbb]l[0x1d][0x98] [0x11]![0xad][0x95][0xad]7@X43[0x4][0x92],[0xd8]8[0xde][0xdd]-l[0xff][0xf9][0xde][0xfb][0x0]![0xd1]R[0xcb]-[0xc2][0xc][0xce][0x9c][0xb5][0x9a]L[0x10].Z-[0xa6][0xd1](a[0xc7][0x94][0xc4][0xc5]<,&[0x95][0xe2]ir0[0x0]5[0xdf][0x90]9[0xf5][0x10]x[0xcd][0xe5]u[0xad][0x91][0x8b][0xd3]F9[0xa7][0xed][0x0]o[0x9f];[0x87][0xd2]s[0x1e] d[0xcf]j[0x86]z<e[0xdd][0xb0][0xec]^[0x12]f,K_[0xe5][0x81]km([0xef]H[-[0x84][0xff][0xf7][0xce]|[0xfc][0xfe][0x0][0xd3][0xc2][0xe0]\[0x9d][0x0][0x0][0x0][\r][\n]"
<2017-09-26 13:04:07> DEBUG [org.apache.http.wire] http-outgoing-4 << "0[\r][\n]"
<2017-09-26 13:04:07> DEBUG [org.apache.http.wire] http-outgoing-4 << "[\r][\n]"
<2017-09-26 13:04:07> DEBUG [org.apache.http.headers] http-outgoing-4 << HTTP/1.1 200 OK
<2017-09-26 13:04:07> DEBUG [org.apache.http.headers] http-outgoing-4 << Server: nginx
<2017-09-26 13:04:07> DEBUG [org.apache.http.headers] http-outgoing-4 << Date: Tue, 26 Sep 2017 10:04:03 GMT
<2017-09-26 13:04:07> DEBUG [org.apache.http.headers] http-outgoing-4 << Content-Type: application/json;charset=utf-8
<2017-09-26 13:04:07> DEBUG [org.apache.http.headers] http-outgoing-4 << Transfer-Encoding: chunked
<2017-09-26 13:04:07> DEBUG [org.apache.http.headers] http-outgoing-4 << Connection: keep-alive
<2017-09-26 13:04:07> DEBUG [org.apache.http.headers] http-outgoing-4 << Set-Cookie: JSESSIONID=F6E28E4994D1584E597DBDFCCCB1737E; Path=/nexperience/; HttpOnly
<2017-09-26 13:04:07> DEBUG [org.apache.http.headers] http-outgoing-4 << Expires: Thu, 01 Jan 1970 00:00:00 GMT
<2017-09-26 13:04:07> DEBUG [org.apache.http.headers] http-outgoing-4 << Cache-Control: no-cache
<2017-09-26 13:04:07> DEBUG [org.apache.http.headers] http-outgoing-4 << Cache-Control: no-cache
<2017-09-26 13:04:07> DEBUG [org.apache.http.headers] http-outgoing-4 << Expires: Thu, 01 Jan 1970 00:00:00 GMT
<2017-09-26 13:04:07> DEBUG [org.apache.http.headers] http-outgoing-4 << Set-Cookie: fast_failed=true
<2017-09-26 13:04:07> DEBUG [org.apache.http.headers] http-outgoing-4 << X-XSS-Protection: 2; mode=block
<2017-09-26 13:04:07> DEBUG [org.apache.http.headers] http-outgoing-4 << Content-Encoding: gzip
<2017-09-26 13:04:07> DEBUG [o.a.h.i.execchain.MainClientExec] Connection can be kept alive indefinitely
<2017-09-26 13:04:07> DEBUG [o.a.h.c.p.ResponseProcessCookies] Cookie accepted [JSESSIONID="F6E28E4994D1584E597DBDFCCCB1737E", version:0, domain:branchtest.perfectomobile.com, path:/nexperience/, expiry:null]
<2017-09-26 13:04:07> DEBUG [o.a.h.c.p.ResponseProcessCookies] Cookie accepted [fast_failed="true", version:0, domain:branchtest.perfectomobile.com, path:/nexperience/perfectomobile/wd/hub/session/9653146c-9d83-4061-80ff-76b8ef1fd249, expiry:null]
<2017-09-26 13:04:07> DEBUG [o.a.h.i.c.PoolingHttpClientConnectionManager] Connection [id: 4][route: {s}->https://branchtest.perfectomobile.com:443] can be kept alive indefinitely
<2017-09-26 13:04:07> DEBUG [o.a.h.i.c.PoolingHttpClientConnectionManager] Connection released: [id: 4][route: {s}->https://branchtest.perfectomobile.com:443][total kept alive: 4; route allocated: 5 of 2000; total allocated: 5 of 2000]
<2017-09-26 13:04:10> DEBUG [o.a.h.c.p.RequestAddCookies] CookieSpec selected: default
<2017-09-26 13:04:10> DEBUG [o.a.h.c.p.RequestAddCookies] Cookie [version: 0][name: JSESSIONID][value: F6E28E4994D1584E597DBDFCCCB1737E][domain: branchtest.perfectomobile.com][path: /nexperience/][expiry: null] match [(secure)branchtest.perfectomobile.com:443/nexperience/perfectomobile/wd/hub/session/0f3f5f1e-acfb-4373-a011-faaf2224e779/execute]
<2017-09-26 13:04:10> DEBUG [o.a.h.c.p.RequestAddCookies] Cookie [version: 0][name: fast_failed][value: true][domain: branchtest.perfectomobile.com][path: /nexperience/perfectomobile/wd/hub][expiry: null] match [(secure)branchtest.perfectomobile.com:443/nexperience/perfectomobile/wd/hub/session/0f3f5f1e-acfb-4373-a011-faaf2224e779/execute]
<2017-09-26 13:04:10> DEBUG [o.a.h.c.p.RequestAddCookies] Cookie [version: 0][name: fast_failed][value: true][domain: branchtest.perfectomobile.com][path: /nexperience/perfectomobile/wd/hub/session/0f3f5f1e-acfb-4373-a011-faaf2224e779][expiry: null] match [(secure)branchtest.perfectomobile.com:443/nexperience/perfectomobile/wd/hub/session/0f3f5f1e-acfb-4373-a011-faaf2224e779/execute]
<2017-09-26 13:04:10> DEBUG [o.a.h.c.p.RequestAuthCache] Auth cache not set in the context
<2017-09-26 13:04:10> DEBUG [o.a.h.i.c.PoolingHttpClientConnectionManager] Connection request: [route: {s}->https://branchtest.perfectomobile.com:443][total kept alive: 4; route allocated: 5 of 2000; total allocated: 5 of 2000]
<2017-09-26 13:04:10> DEBUG [org.apache.http.wire] http-outgoing-4 << "[read] I/O error: Read timed out"
<2017-09-26 13:04:10> DEBUG [o.a.h.i.c.PoolingHttpClientConnectionManager] Connection leased: [id: 4][route: {s}->https://branchtest.perfectomobile.com:443][total kept alive: 3; route allocated: 5 of 2000; total allocated: 5 of 2000]
<2017-09-26 13:04:10> DEBUG [o.a.h.i.execchain.MainClientExec] Stale connection check
<2017-09-26 13:04:10> DEBUG [org.apache.http.wire] http-outgoing-4 << "[read] I/O error: Read timed out"
<2017-09-26 13:04:10> DEBUG [o.a.h.i.c.DefaultManagedHttpClientConnection] http-outgoing-4: set socket timeout to 10800000
<2017-09-26 13:04:10> DEBUG [o.a.h.i.execchain.MainClientExec] Executing request POST /nexperience/perfectomobile/wd/hub/session/0f3f5f1e-acfb-4373-a011-faaf2224e779/execute HTTP/1.1
<2017-09-26 13:04:10> DEBUG [o.a.h.i.execchain.MainClientExec] Target auth state: UNCHALLENGED
<2017-09-26 13:04:10> DEBUG [o.a.h.i.execchain.MainClientExec] Proxy auth state: UNCHALLENGED
<2017-09-26 13:04:10> DEBUG [org.apache.http.headers] http-outgoing-4 >> POST /nexperience/perfectomobile/wd/hub/session/0f3f5f1e-acfb-4373-a011-faaf2224e779/execute HTTP/1.1
<2017-09-26 13:04:10> DEBUG [org.apache.http.headers] http-outgoing-4 >> Content-Type: application/json; charset=utf-8
<2017-09-26 13:04:10> DEBUG [org.apache.http.headers] http-outgoing-4 >> Content-Length: 54
<2017-09-26 13:04:10> DEBUG [org.apache.http.headers] http-outgoing-4 >> Host: branchtest.perfectomobile.com
<2017-09-26 13:04:10> DEBUG [org.apache.http.headers] http-outgoing-4 >> Connection: Keep-Alive
<2017-09-26 13:04:10> DEBUG [org.apache.http.headers] http-outgoing-4 >> User-Agent: Apache-HttpClient/4.5.2 (Java/1.8.0_121)
<2017-09-26 13:04:10> DEBUG [org.apache.http.headers] http-outgoing-4 >> Cookie: JSESSIONID=F6E28E4994D1584E597DBDFCCCB1737E; fast_failed=true; fast_failed=true
<2017-09-26 13:04:10> DEBUG [org.apache.http.headers] http-outgoing-4 >> Accept-Encoding: gzip,deflate
<2017-09-26 13:04:10> DEBUG [org.apache.http.wire] http-outgoing-4 >> "POST /nexperience/perfectomobile/wd/hub/session/0f3f5f1e-acfb-4373-a011-faaf2224e779/execute HTTP/1.1[\r][\n]"
<2017-09-26 13:04:10> DEBUG [org.apache.http.wire] http-outgoing-4 >> "Content-Type: application/json; charset=utf-8[\r][\n]"
<2017-09-26 13:04:10> DEBUG [org.apache.http.wire] http-outgoing-4 >> "Content-Length: 54[\r][\n]"
<2017-09-26 13:04:10> DEBUG [org.apache.http.wire] http-outgoing-4 >> "Host: branchtest.perfectomobile.com[\r][\n]"
<2017-09-26 13:04:10> DEBUG [org.apache.http.wire] http-outgoing-4 >> "Connection: Keep-Alive[\r][\n]"
<2017-09-26 13:04:10> DEBUG [org.apache.http.wire] http-outgoing-4 >> "User-Agent: Apache-HttpClient/4.5.2 (Java/1.8.0_121)[\r][\n]"
<2017-09-26 13:04:10> DEBUG [org.apache.http.wire] http-outgoing-4 >> "Cookie: JSESSIONID=F6E28E4994D1584E597DBDFCCCB1737E; fast_failed=true; fast_failed=true[\r][\n]"
<2017-09-26 13:04:10> DEBUG [org.apache.http.wire] http-outgoing-4 >> "Accept-Encoding: gzip,deflate[\r][\n]"
<2017-09-26 13:04:10> DEBUG [org.apache.http.wire] http-outgoing-4 >> "[\r][\n]"
<2017-09-26 13:04:10> DEBUG [org.apache.http.wire] http-outgoing-4 >> "{"script":"mobile:step:end","args":[{"message":null}]}"
<2017-09-26 13:04:10> DEBUG [org.apache.http.wire] http-outgoing-4 << "HTTP/1.1 200 OK[\r][\n]"
<2017-09-26 13:04:10> DEBUG [org.apache.http.wire] http-outgoing-4 << "Server: nginx[\r][\n]"
<2017-09-26 13:04:10> DEBUG [org.apache.http.wire] http-outgoing-4 << "Date: Tue, 26 Sep 2017 10:04:06 GMT[\r][\n]"
<2017-09-26 13:04:10> DEBUG [org.apache.http.wire] http-outgoing-4 << "Content-Type: application/json;charset=utf-8[\r][\n]"
<2017-09-26 13:04:10> DEBUG [org.apache.http.wire] http-outgoing-4 << "Transfer-Encoding: chunked[\r][\n]"
<2017-09-26 13:04:10> DEBUG [org.apache.http.wire] http-outgoing-4 << "Connection: keep-alive[\r][\n]"
<2017-09-26 13:04:10> DEBUG [org.apache.http.wire] http-outgoing-4 << "Set-Cookie: JSESSIONID=F6E28E4994D1584E597DBDFCCCB1737E; Path=/nexperience/; HttpOnly[\r][\n]"
<2017-09-26 13:04:10> DEBUG [org.apache.http.wire] http-outgoing-4 << "Expires: Thu, 01 Jan 1970 00:00:00 GMT[\r][\n]"
<2017-09-26 13:04:10> DEBUG [org.apache.http.wire] http-outgoing-4 << "Cache-Control: no-cache[\r][\n]"
<2017-09-26 13:04:10> DEBUG [org.apache.http.wire] http-outgoing-4 << "Cache-Control: no-cache[\r][\n]"
<2017-09-26 13:04:10> DEBUG [org.apache.http.wire] http-outgoing-4 << "Expires: Thu, 01 Jan 1970 00:00:00 GMT[\r][\n]"
<2017-09-26 13:04:10> DEBUG [org.apache.http.wire] http-outgoing-4 << "Set-Cookie: fast_failed=true[\r][\n]"
<2017-09-26 13:04:10> DEBUG [org.apache.http.wire] http-outgoing-4 << "X-XSS-Protection: 2; mode=block[\r][\n]"
<2017-09-26 13:04:10> DEBUG [org.apache.http.wire] http-outgoing-4 << "Content-Encoding: gzip[\r][\n]"
<2017-09-26 13:04:10> DEBUG [org.apache.http.wire] http-outgoing-4 << "[\r][\n]"
<2017-09-26 13:04:10> DEBUG [org.apache.http.wire] http-outgoing-4 << "96[\r][\n]"
<2017-09-26 13:04:10> DEBUG [org.apache.http.wire] http-outgoing-4 << "[0x1f][0x8b][0x8][0x0][0x0][0x0][0x0][0x0][0x0][0x3]-[0xcc]1[0x12][0xc2] [0x10][0x85][0xe1][0xbb]l[\r][0xc][0x84]`bZ+[o[0xb0][0x92]E3C f[0x83][0x8d][0xe3][0xdd][0xdd][0xc2][0xf6][0x9f][0xef][0xbd][0xf]01/[0xb5]\g[0x98][0xc0]&[0x9f]Br[0xa4]1[0xa6][0xbb][0xee][0xfd][0xe0]5Z[0xe7]tBL][0xd7][0xf5]4[0xc]gP[0xc0][0x7][0x1e]$[0x9c][[0x8c][0xb2][0x96][0xf2][0xbc][0xd4]Y[0x8a][0xb]c[0xe8][0xfd][0xc9][0x8e]V[0xc1][0x1b]s[0x93]TZ[0xce][\n]"
<2017-09-26 13:04:10> DEBUG [org.apache.http.wire] http-outgoing-4 << "bFq[0x13][0xd4][0xfd]a[0xea]F[0xe5][0x85][0x86])SY[0xda]jvZ[0xeb]A[0xe6]F[0xbc][0xd5][0xc2][0xf4][0xff]o[0xc2][0xed][0xf7][0x7][0x95][0xd0][0x13]$[0x9f][0x0][0x0][0x0][\r][\n]"
<2017-09-26 13:04:10> DEBUG [org.apache.http.wire] http-outgoing-4 << "0[\r][\n]"
<2017-09-26 13:04:10> DEBUG [org.apache.http.wire] http-outgoing-4 << "[\r][\n]"
<2017-09-26 13:04:10> DEBUG [org.apache.http.headers] http-outgoing-4 << HTTP/1.1 200 OK
<2017-09-26 13:04:10> DEBUG [org.apache.http.headers] http-outgoing-4 << Server: nginx
<2017-09-26 13:04:10> DEBUG [org.apache.http.headers] http-outgoing-4 << Date: Tue, 26 Sep 2017 10:04:06 GMT
<2017-09-26 13:04:10> DEBUG [org.apache.http.headers] http-outgoing-4 << Content-Type: application/json;charset=utf-8
<2017-09-26 13:04:10> DEBUG [org.apache.http.headers] http-outgoing-4 << Transfer-Encoding: chunked
<2017-09-26 13:04:10> DEBUG [org.apache.http.headers] http-outgoing-4 << Connection: keep-alive
<2017-09-26 13:04:10> DEBUG [org.apache.http.headers] http-outgoing-4 << Set-Cookie: JSESSIONID=F6E28E4994D1584E597DBDFCCCB1737E; Path=/nexperience/; HttpOnly
<2017-09-26 13:04:10> DEBUG [org.apache.http.headers] http-outgoing-4 << Expires: Thu, 01 Jan 1970 00:00:00 GMT
<2017-09-26 13:04:10> DEBUG [org.apache.http.headers] http-outgoing-4 << Cache-Control: no-cache
<2017-09-26 13:04:10> DEBUG [org.apache.http.headers] http-outgoing-4 << Cache-Control: no-cache
<2017-09-26 13:04:10> DEBUG [org.apache.http.headers] http-outgoing-4 << Expires: Thu, 01 Jan 1970 00:00:00 GMT
<2017-09-26 13:04:10> DEBUG [org.apache.http.headers] http-outgoing-4 << Set-Cookie: fast_failed=true
<2017-09-26 13:04:10> DEBUG [org.apache.http.headers] http-outgoing-4 << X-XSS-Protection: 2; mode=block
<2017-09-26 13:04:10> DEBUG [org.apache.http.headers] http-outgoing-4 << Content-Encoding: gzip
<2017-09-26 13:04:10> DEBUG [o.a.h.i.execchain.MainClientExec] Connection can be kept alive indefinitely
<2017-09-26 13:04:10> DEBUG [o.a.h.c.p.ResponseProcessCookies] Cookie accepted [JSESSIONID="F6E28E4994D1584E597DBDFCCCB1737E", version:0, domain:branchtest.perfectomobile.com, path:/nexperience/, expiry:null]
<2017-09-26 13:04:10> DEBUG [o.a.h.c.p.ResponseProcessCookies] Cookie accepted [fast_failed="true", version:0, domain:branchtest.perfectomobile.com, path:/nexperience/perfectomobile/wd/hub/session/0f3f5f1e-acfb-4373-a011-faaf2224e779, expiry:null]
<2017-09-26 13:04:10> DEBUG [o.a.h.i.c.PoolingHttpClientConnectionManager] Connection [id: 4][route: {s}->https://branchtest.perfectomobile.com:443] can be kept alive indefinitely
<2017-09-26 13:04:10> DEBUG [o.a.h.i.c.PoolingHttpClientConnectionManager] Connection released: [id: 4][route: {s}->https://branchtest.perfectomobile.com:443][total kept alive: 4; route allocated: 5 of 2000; total allocated: 5 of 2000]
<2017-09-26 13:04:10> DEBUG [o.a.h.c.p.RequestAddCookies] CookieSpec selected: default
<2017-09-26 13:04:10> DEBUG [o.a.h.c.p.RequestAddCookies] Cookie [version: 0][name: JSESSIONID][value: F6E28E4994D1584E597DBDFCCCB1737E][domain: branchtest.perfectomobile.com][path: /nexperience/][expiry: null] match [(secure)branchtest.perfectomobile.com:443/nexperience/perfectomobile/wd/hub/session/0f3f5f1e-acfb-4373-a011-faaf2224e779/execute]
<2017-09-26 13:04:10> DEBUG [o.a.h.c.p.RequestAddCookies] Cookie [version: 0][name: fast_failed][value: true][domain: branchtest.perfectomobile.com][path: /nexperience/perfectomobile/wd/hub][expiry: null] match [(secure)branchtest.perfectomobile.com:443/nexperience/perfectomobile/wd/hub/session/0f3f5f1e-acfb-4373-a011-faaf2224e779/execute]
<2017-09-26 13:04:10> DEBUG [o.a.h.c.p.RequestAddCookies] Cookie [version: 0][name: fast_failed][value: true][domain: branchtest.perfectomobile.com][path: /nexperience/perfectomobile/wd/hub/session/0f3f5f1e-acfb-4373-a011-faaf2224e779][expiry: null] match [(secure)branchtest.perfectomobile.com:443/nexperience/perfectomobile/wd/hub/session/0f3f5f1e-acfb-4373-a011-faaf2224e779/execute]
<2017-09-26 13:04:10> DEBUG [o.a.h.c.p.RequestAuthCache] Auth cache not set in the context
<2017-09-26 13:04:10> DEBUG [o.a.h.i.c.PoolingHttpClientConnectionManager] Connection request: [route: {s}->https://branchtest.perfectomobile.com:443][total kept alive: 4; route allocated: 5 of 2000; total allocated: 5 of 2000]
<2017-09-26 13:04:10> DEBUG [o.a.h.i.c.PoolingHttpClientConnectionManager] Connection leased: [id: 4][route: {s}->https://branchtest.perfectomobile.com:443][total kept alive: 3; route allocated: 5 of 2000; total allocated: 5 of 2000]
<2017-09-26 13:04:10> DEBUG [o.a.h.i.execchain.MainClientExec] Stale connection check
<2017-09-26 13:04:10> DEBUG [org.apache.http.wire] http-outgoing-4 << "[read] I/O error: Read timed out"
<2017-09-26 13:04:10> DEBUG [o.a.h.i.c.DefaultManagedHttpClientConnection] http-outgoing-4: set socket timeout to 10800000
<2017-09-26 13:04:10> DEBUG [o.a.h.i.execchain.MainClientExec] Executing request POST /nexperience/perfectomobile/wd/hub/session/0f3f5f1e-acfb-4373-a011-faaf2224e779/execute HTTP/1.1
<2017-09-26 13:04:10> DEBUG [o.a.h.i.execchain.MainClientExec] Target auth state: UNCHALLENGED
<2017-09-26 13:04:10> DEBUG [o.a.h.i.execchain.MainClientExec] Proxy auth state: UNCHALLENGED
<2017-09-26 13:04:10> DEBUG [org.apache.http.headers] http-outgoing-4 >> POST /nexperience/perfectomobile/wd/hub/session/0f3f5f1e-acfb-4373-a011-faaf2224e779/execute HTTP/1.1
<2017-09-26 13:04:10> DEBUG [org.apache.http.headers] http-outgoing-4 >> Content-Type: application/json; charset=utf-8
<2017-09-26 13:04:10> DEBUG [org.apache.http.headers] http-outgoing-4 >> Content-Length: 72
<2017-09-26 13:04:10> DEBUG [org.apache.http.headers] http-outgoing-4 >> Host: branchtest.perfectomobile.com
<2017-09-26 13:04:10> DEBUG [org.apache.http.headers] http-outgoing-4 >> Connection: Keep-Alive
<2017-09-26 13:04:10> DEBUG [org.apache.http.headers] http-outgoing-4 >> User-Agent: Apache-HttpClient/4.5.2 (Java/1.8.0_121)
<2017-09-26 13:04:10> DEBUG [org.apache.http.headers] http-outgoing-4 >> Cookie: JSESSIONID=F6E28E4994D1584E597DBDFCCCB1737E; fast_failed=true; fast_failed=true
<2017-09-26 13:04:10> DEBUG [org.apache.http.headers] http-outgoing-4 >> Accept-Encoding: gzip,deflate
<2017-09-26 13:04:10> DEBUG [org.apache.http.wire] http-outgoing-4 >> "POST /nexperience/perfectomobile/wd/hub/session/0f3f5f1e-acfb-4373-a011-faaf2224e779/execute HTTP/1.1[\r][\n]"
<2017-09-26 13:04:10> DEBUG [org.apache.http.wire] http-outgoing-4 >> "Content-Type: application/json; charset=utf-8[\r][\n]"
<2017-09-26 13:04:10> DEBUG [org.apache.http.wire] http-outgoing-4 >> "Content-Length: 72[\r][\n]"
<2017-09-26 13:04:10> DEBUG [org.apache.http.wire] http-outgoing-4 >> "Host: branchtest.perfectomobile.com[\r][\n]"
<2017-09-26 13:04:10> DEBUG [org.apache.http.wire] http-outgoing-4 >> "Connection: Keep-Alive[\r][\n]"
<2017-09-26 13:04:10> DEBUG [org.apache.http.wire] http-outgoing-4 >> "User-Agent: Apache-HttpClient/4.5.2 (Java/1.8.0_121)[\r][\n]"
<2017-09-26 13:04:10> DEBUG [org.apache.http.wire] http-outgoing-4 >> "Cookie: JSESSIONID=F6E28E4994D1584E597DBDFCCCB1737E; fast_failed=true; fast_failed=true[\r][\n]"
<2017-09-26 13:04:10> DEBUG [org.apache.http.wire] http-outgoing-4 >> "Accept-Encoding: gzip,deflate[\r][\n]"
<2017-09-26 13:04:10> DEBUG [org.apache.http.wire] http-outgoing-4 >> "[\r][\n]"
<2017-09-26 13:04:10> DEBUG [org.apache.http.wire] http-outgoing-4 >> "{"script":"mobile:step:start","args":[{"name":"Going to registration"}]}"
<2017-09-26 13:04:10> DEBUG [org.apache.http.wire] http-outgoing-4 << "HTTP/1.1 200 OK[\r][\n]"
<2017-09-26 13:04:10> DEBUG [org.apache.http.wire] http-outgoing-4 << "Server: nginx[\r][\n]"
<2017-09-26 13:04:10> DEBUG [org.apache.http.wire] http-outgoing-4 << "Date: Tue, 26 Sep 2017 10:04:06 GMT[\r][\n]"
<2017-09-26 13:04:10> DEBUG [org.apache.http.wire] http-outgoing-4 << "Content-Type: application/json;charset=utf-8[\r][\n]"
<2017-09-26 13:04:10> DEBUG [org.apache.http.wire] http-outgoing-4 << "Transfer-Encoding: chunked[\r][\n]"
<2017-09-26 13:04:10> DEBUG [org.apache.http.wire] http-outgoing-4 << "Connection: keep-alive[\r][\n]"
<2017-09-26 13:04:10> DEBUG [org.apache.http.wire] http-outgoing-4 << "Set-Cookie: JSESSIONID=F6E28E4994D1584E597DBDFCCCB1737E; Path=/nexperience/; HttpOnly[\r][\n]"
<2017-09-26 13:04:10> DEBUG [org.apache.http.wire] http-outgoing-4 << "Expires: Thu, 01 Jan 1970 00:00:00 GMT[\r][\n]"
<2017-09-26 13:04:10> DEBUG [org.apache.http.wire] http-outgoing-4 << "Cache-Control: no-cache[\r][\n]"
<2017-09-26 13:04:10> DEBUG [org.apache.http.wire] http-outgoing-4 << "Cache-Control: no-cache[\r][\n]"
<2017-09-26 13:04:10> DEBUG [org.apache.http.wire] http-outgoing-4 << "Expires: Thu, 01 Jan 1970 00:00:00 GMT[\r][\n]"
<2017-09-26 13:04:10> DEBUG [org.apache.http.wire] http-outgoing-4 << "Set-Cookie: fast_failed=true[\r][\n]"
<2017-09-26 13:04:10> DEBUG [org.apache.http.wire] http-outgoing-4 << "X-XSS-Protection: 2; mode=block[\r][\n]"
<2017-09-26 13:04:10> DEBUG [org.apache.http.wire] http-outgoing-4 << "Content-Encoding: gzip[\r][\n]"
<2017-09-26 13:04:10> DEBUG [org.apache.http.wire] http-outgoing-4 << "[\r][\n]"
<2017-09-26 13:04:10> DEBUG [org.apache.http.wire] http-outgoing-4 << "94[\r][\n]"
<2017-09-26 13:04:10> DEBUG [org.apache.http.wire] http-outgoing-4 << "[0x1f][0x8b][0x8][0x0][0x0][0x0][0x0][0x0][0x0][0x3]-[0xcc];[0xe][0xc2]0[0x10][0x4][0xd0][0xbb]l[0x1d][[0xfe]$XIKE[0xcb][\r][0x16]g[\r][0x91][0x1c];dc[0x1a][0xc4][0xdd]Y$[0xda][0x99]7[0xf3][0x6]&[0xe6][0xa5][0x96][0xcb][0xc][0x13][0x98][0xe4][0xd3][0x90],)[0x8c][0xe9][0xa6]z[0x1f][0xbc]Bc[0xad]J[0x88][0xc9]9[0xd7]S[0x8]#t[0xc0][0x7][0x1e]$[0x9c][[0x8c][0xb2][0x96][0xe4]q[0xae][0xb3]$v4[0xc1][0xb8][0xc1][0xb9]S[0x7]/[0xcc][0xed][0x87][0xa4][0x8d][0x19]EMP[0xf7][0xbb][0xae][0x1b][0x95]'j[0xa6]Lei[0xab][0xde]i[0xad][0x7][0xe9]+[0xf1]V[0xb][0xd3][0xff][0xbd][0x9]7[0x9f]/[0xf4]A[0xa8]g[0x9d][0x0][0x0][0x0][\r][\n]"
<2017-09-26 13:04:10> DEBUG [org.apache.http.wire] http-outgoing-4 << "0[\r][\n]"
<2017-09-26 13:04:10> DEBUG [org.apache.http.wire] http-outgoing-4 << "[\r][\n]"
<2017-09-26 13:04:10> DEBUG [org.apache.http.headers] http-outgoing-4 << HTTP/1.1 200 OK
<2017-09-26 13:04:10> DEBUG [org.apache.http.headers] http-outgoing-4 << Server: nginx
<2017-09-26 13:04:10> DEBUG [org.apache.http.headers] http-outgoing-4 << Date: Tue, 26 Sep 2017 10:04:06 GMT
<2017-09-26 13:04:10> DEBUG [org.apache.http.headers] http-outgoing-4 << Content-Type: application/json;charset=utf-8
<2017-09-26 13:04:10> DEBUG [org.apache.http.headers] http-outgoing-4 << Transfer-Encoding: chunked
<2017-09-26 13:04:10> DEBUG [org.apache.http.headers] http-outgoing-4 << Connection: keep-alive
<2017-09-26 13:04:10> DEBUG [org.apache.http.headers] http-outgoing-4 << Set-Cookie: JSESSIONID=F6E28E4994D1584E597DBDFCCCB1737E; Path=/nexperience/; HttpOnly
<2017-09-26 13:04:10> DEBUG [org.apache.http.headers] http-outgoing-4 << Expires: Thu, 01 Jan 1970 00:00:00 GMT
<2017-09-26 13:04:10> DEBUG [org.apache.http.headers] http-outgoing-4 << Cache-Control: no-cache
<2017-09-26 13:04:10> DEBUG [org.apache.http.headers] http-outgoing-4 << Cache-Control: no-cache
<2017-09-26 13:04:10> DEBUG [org.apache.http.headers] http-outgoing-4 << Expires: Thu, 01 Jan 1970 00:00:00 GMT
<2017-09-26 13:04:10> DEBUG [org.apache.http.headers] http-outgoing-4 << Set-Cookie: fast_failed=true
<2017-09-26 13:04:10> DEBUG [org.apache.http.headers] http-outgoing-4 << X-XSS-Protection: 2; mode=block
<2017-09-26 13:04:10> DEBUG [org.apache.http.headers] http-outgoing-4 << Content-Encoding: gzip
<2017-09-26 13:04:10> DEBUG [o.a.h.i.execchain.MainClientExec] Connection can be kept alive indefinitely
<2017-09-26 13:04:10> DEBUG [o.a.h.c.p.ResponseProcessCookies] Cookie accepted [JSESSIONID="F6E28E4994D1584E597DBDFCCCB1737E", version:0, domain:branchtest.perfectomobile.com, path:/nexperience/, expiry:null]
<2017-09-26 13:04:10> DEBUG [o.a.h.c.p.ResponseProcessCookies] Cookie accepted [fast_failed="true", version:0, domain:branchtest.perfectomobile.com, path:/nexperience/perfectomobile/wd/hub/session/0f3f5f1e-acfb-4373-a011-faaf2224e779, expiry:null]
<2017-09-26 13:04:10> DEBUG [o.a.h.i.c.PoolingHttpClientConnectionManager] Connection [id: 4][route: {s}->https://branchtest.perfectomobile.com:443] can be kept alive indefinitely
<2017-09-26 13:04:10> DEBUG [o.a.h.i.c.PoolingHttpClientConnectionManager] Connection released: [id: 4][route: {s}->https://branchtest.perfectomobile.com:443][total kept alive: 4; route allocated: 5 of 2000; total allocated: 5 of 2000]
<2017-09-26 13:04:10> DEBUG [o.a.h.c.p.RequestAddCookies] CookieSpec selected: default
<2017-09-26 13:04:10> DEBUG [o.a.h.c.p.RequestAddCookies] Cookie [version: 0][name: JSESSIONID][value: F6E28E4994D1584E597DBDFCCCB1737E][domain: branchtest.perfectomobile.com][path: /nexperience/][expiry: null] match [(secure)branchtest.perfectomobile.com:443/nexperience/perfectomobile/wd/hub/session/0f3f5f1e-acfb-4373-a011-faaf2224e779/element]
<2017-09-26 13:04:10> DEBUG [o.a.h.c.p.RequestAddCookies] Cookie [version: 0][name: fast_failed][value: true][domain: branchtest.perfectomobile.com][path: /nexperience/perfectomobile/wd/hub][expiry: null] match [(secure)branchtest.perfectomobile.com:443/nexperience/perfectomobile/wd/hub/session/0f3f5f1e-acfb-4373-a011-faaf2224e779/element]
<2017-09-26 13:04:10> DEBUG [o.a.h.c.p.RequestAddCookies] Cookie [version: 0][name: fast_failed][value: true][domain: branchtest.perfectomobile.com][path: /nexperience/perfectomobile/wd/hub/session/0f3f5f1e-acfb-4373-a011-faaf2224e779][expiry: null] match [(secure)branchtest.perfectomobile.com:443/nexperience/perfectomobile/wd/hub/session/0f3f5f1e-acfb-4373-a011-faaf2224e779/element]
<2017-09-26 13:04:10> DEBUG [o.a.h.c.p.RequestAuthCache] Auth cache not set in the context
<2017-09-26 13:04:10> DEBUG [o.a.h.i.c.PoolingHttpClientConnectionManager] Connection request: [route: {s}->https://branchtest.perfectomobile.com:443][total kept alive: 4; route allocated: 5 of 2000; total allocated: 5 of 2000]
<2017-09-26 13:04:10> DEBUG [o.a.h.i.c.PoolingHttpClientConnectionManager] Connection leased: [id: 4][route: {s}->https://branchtest.perfectomobile.com:443][total kept alive: 3; route allocated: 5 of 2000; total allocated: 5 of 2000]
<2017-09-26 13:04:10> DEBUG [o.a.h.i.execchain.MainClientExec] Stale connection check
<2017-09-26 13:04:10> DEBUG [org.apache.http.wire] http-outgoing-4 << "[read] I/O error: Read timed out"
<2017-09-26 13:04:10> DEBUG [o.a.h.i.c.DefaultManagedHttpClientConnection] http-outgoing-4: set socket timeout to 10800000
<2017-09-26 13:04:10> DEBUG [o.a.h.i.execchain.MainClientExec] Executing request POST /nexperience/perfectomobile/wd/hub/session/0f3f5f1e-acfb-4373-a011-faaf2224e779/element HTTP/1.1
<2017-09-26 13:04:10> DEBUG [o.a.h.i.execchain.MainClientExec] Target auth state: UNCHALLENGED
<2017-09-26 13:04:10> DEBUG [o.a.h.i.execchain.MainClientExec] Proxy auth state: UNCHALLENGED
<2017-09-26 13:04:10> DEBUG [org.apache.http.headers] http-outgoing-4 >> POST /nexperience/perfectomobile/wd/hub/session/0f3f5f1e-acfb-4373-a011-faaf2224e779/element HTTP/1.1
<2017-09-26 13:04:10> DEBUG [org.apache.http.headers] http-outgoing-4 >> Content-Type: application/json; charset=utf-8
<2017-09-26 13:04:10> DEBUG [org.apache.http.headers] http-outgoing-4 >> Content-Length: 80
<2017-09-26 13:04:10> DEBUG [org.apache.http.headers] http-outgoing-4 >> Host: branchtest.perfectomobile.com
<2017-09-26 13:04:10> DEBUG [org.apache.http.headers] http-outgoing-4 >> Connection: Keep-Alive
<2017-09-26 13:04:10> DEBUG [org.apache.http.headers] http-outgoing-4 >> User-Agent: Apache-HttpClient/4.5.2 (Java/1.8.0_121)
<2017-09-26 13:04:10> DEBUG [org.apache.http.headers] http-outgoing-4 >> Cookie: JSESSIONID=F6E28E4994D1584E597DBDFCCCB1737E; fast_failed=true; fast_failed=true
<2017-09-26 13:04:10> DEBUG [org.apache.http.headers] http-outgoing-4 >> Accept-Encoding: gzip,deflate
<2017-09-26 13:04:10> DEBUG [org.apache.http.wire] http-outgoing-4 >> "POST /nexperience/perfectomobile/wd/hub/session/0f3f5f1e-acfb-4373-a011-faaf2224e779/element HTTP/1.1[\r][\n]"
<2017-09-26 13:04:10> DEBUG [org.apache.http.wire] http-outgoing-4 >> "Content-Type: application/json; charset=utf-8[\r][\n]"
<2017-09-26 13:04:10> DEBUG [org.apache.http.wire] http-outgoing-4 >> "Content-Length: 80[\r][\n]"
<2017-09-26 13:04:10> DEBUG [org.apache.http.wire] http-outgoing-4 >> "Host: branchtest.perfectomobile.com[\r][\n]"
<2017-09-26 13:04:10> DEBUG [org.apache.http.wire] http-outgoing-4 >> "Connection: Keep-Alive[\r][\n]"
<2017-09-26 13:04:10> DEBUG [org.apache.http.wire] http-outgoing-4 >> "User-Agent: Apache-HttpClient/4.5.2 (Java/1.8.0_121)[\r][\n]"
<2017-09-26 13:04:10> DEBUG [org.apache.http.wire] http-outgoing-4 >> "Cookie: JSESSIONID=F6E28E4994D1584E597DBDFCCCB1737E; fast_failed=true; fast_failed=true[\r][\n]"
<2017-09-26 13:04:10> DEBUG [org.apache.http.wire] http-outgoing-4 >> "Accept-Encoding: gzip,deflate[\r][\n]"
<2017-09-26 13:04:10> DEBUG [org.apache.http.wire] http-outgoing-4 >> "[\r][\n]"
<2017-09-26 13:04:10> DEBUG [org.apache.http.wire] http-outgoing-4 >> "{"using":"xpath","value":"//*[@id=\"wrapper\"]/div[2]/div[2]/div[5]/ul/li/a/h2"}"
<2017-09-26 13:04:10> DEBUG [org.apache.http.wire] http-outgoing-4 << "HTTP/1.1 200 OK[\r][\n]"
<2017-09-26 13:04:10> DEBUG [org.apache.http.wire] http-outgoing-4 << "Server: nginx[\r][\n]"
<2017-09-26 13:04:10> DEBUG [org.apache.http.wire] http-outgoing-4 << "Date: Tue, 26 Sep 2017 10:04:06 GMT[\r][\n]"
<2017-09-26 13:04:10> DEBUG [org.apache.http.wire] http-outgoing-4 << "Content-Type: application/json;charset=utf-8[\r][\n]"
<2017-09-26 13:04:10> DEBUG [org.apache.http.wire] http-outgoing-4 << "Transfer-Encoding: chunked[\r][\n]"
<2017-09-26 13:04:10> DEBUG [org.apache.http.wire] http-outgoing-4 << "Connection: keep-alive[\r][\n]"
<2017-09-26 13:04:10> DEBUG [org.apache.http.wire] http-outgoing-4 << "Set-Cookie: JSESSIONID=F6E28E4994D1584E597DBDFCCCB1737E; Path=/nexperience/; HttpOnly[\r][\n]"
<2017-09-26 13:04:10> DEBUG [org.apache.http.wire] http-outgoing-4 << "Expires: Thu, 01 Jan 1970 00:00:00 GMT[\r][\n]"
<2017-09-26 13:04:10> DEBUG [org.apache.http.wire] http-outgoing-4 << "Cache-Control: no-cache[\r][\n]"
<2017-09-26 13:04:10> DEBUG [org.apache.http.wire] http-outgoing-4 << "Cache-Control: no-cache[\r][\n]"
<2017-09-26 13:04:10> DEBUG [org.apache.http.wire] http-outgoing-4 << "Expires: Thu, 01 Jan 1970 00:00:00 GMT[\r][\n]"
<2017-09-26 13:04:10> DEBUG [org.apache.http.wire] http-outgoing-4 << "Set-Cookie: fast_failed=true[\r][\n]"
<2017-09-26 13:04:10> DEBUG [org.apache.http.wire] http-outgoing-4 << "X-XSS-Protection: 2; mode=block[\r][\n]"
<2017-09-26 13:04:10> DEBUG [org.apache.http.wire] http-outgoing-4 << "Content-Encoding: gzip[\r][\n]"
<2017-09-26 13:04:10> DEBUG [org.apache.http.wire] http-outgoing-4 << "[\r][\n]"
<2017-09-26 13:04:10> DEBUG [org.apache.http.wire] http-outgoing-4 << "a0[\r][\n]"
<2017-09-26 13:04:10> DEBUG [org.apache.http.wire] http-outgoing-4 << "[0x1f][0x8b][0x8][0x0][0x0][0x0][0x0][0x0][0x0][0x3]-[0x8d][0xcb][0xe][0x82]0[0x10][0x0][0xff]e[0xcf][0xb4][0xe9][0x3]%r5[0x1c]L[0xd4][0x83][0xf1][0x7][0xd6][0xb2]U[0x13]h[0x91][0xa5]^[0x8][0xff][0xee][0x1e][0xbc]Nf2+01[0xbf]s:[0xf5][0xd0][0x82][0x89]>[0xee][0xa2]%[0x85]!>T[0xed][0x1b][0xaf][0xd0]X[0xab]"bt[0xce][0xd5][0xd4]4[0x7][0xa8][0x80][0x17]\Ht.!H-[0xe4]u[0xcc][0xbd][0x10]o[0xcc][0xde][0xdb][0xda][0xd9][\n]"
<2017-09-26 13:04:10> DEBUG [org.apache.http.wire] http-outgoing-4 << "[0xbe]8[0x14]!+t[0xe7][0xee][0xd2]][0xef][0xa2]{[0xd8]*[0x8][0x3]J[0xd1]B[0x9e][0x9f]:O[0x94]>[0xa8][0x99][0x6]J[0xef]2[0xea][0x99][0xc6][0xbc][0x90][0xbe][0x11]O91[0xfd]OEt[0xb3][0xfd][0x0][0xb5]g[0x95][0x84][0xa9][0x0][0x0][0x0][\r][\n]"
<2017-09-26 13:04:10> DEBUG [org.apache.http.wire] http-outgoing-4 << "0[\r][\n]"
<2017-09-26 13:04:10> DEBUG [org.apache.http.wire] http-outgoing-4 << "[\r][\n]"
<2017-09-26 13:04:10> DEBUG [org.apache.http.headers] http-outgoing-4 << HTTP/1.1 200 OK
<2017-09-26 13:04:10> DEBUG [org.apache.http.headers] http-outgoing-4 << Server: nginx
<2017-09-26 13:04:10> DEBUG [org.apache.http.headers] http-outgoing-4 << Date: Tue, 26 Sep 2017 10:04:06 GMT
<2017-09-26 13:04:10> DEBUG [org.apache.http.headers] http-outgoing-4 << Content-Type: application/json;charset=utf-8
<2017-09-26 13:04:10> DEBUG [org.apache.http.headers] http-outgoing-4 << Transfer-Encoding: chunked
<2017-09-26 13:04:10> DEBUG [org.apache.http.headers] http-outgoing-4 << Connection: keep-alive
<2017-09-26 13:04:10> DEBUG [org.apache.http.headers] http-outgoing-4 << Set-Cookie: JSESSIONID=F6E28E4994D1584E597DBDFCCCB1737E; Path=/nexperience/; HttpOnly
<2017-09-26 13:04:10> DEBUG [org.apache.http.headers] http-outgoing-4 << Expires: Thu, 01 Jan 1970 00:00:00 GMT
<2017-09-26 13:04:10> DEBUG [org.apache.http.headers] http-outgoing-4 << Cache-Control: no-cache
<2017-09-26 13:04:10> DEBUG [org.apache.http.headers] http-outgoing-4 << Cache-Control: no-cache
<2017-09-26 13:04:10> DEBUG [org.apache.http.headers] http-outgoing-4 << Expires: Thu, 01 Jan 1970 00:00:00 GMT
<2017-09-26 13:04:10> DEBUG [org.apache.http.headers] http-outgoing-4 << Set-Cookie: fast_failed=true
<2017-09-26 13:04:10> DEBUG [org.apache.http.headers] http-outgoing-4 << X-XSS-Protection: 2; mode=block
<2017-09-26 13:04:10> DEBUG [org.apache.http.headers] http-outgoing-4 << Content-Encoding: gzip
<2017-09-26 13:04:10> DEBUG [o.a.h.i.execchain.MainClientExec] Connection can be kept alive indefinitely
<2017-09-26 13:04:10> DEBUG [o.a.h.c.p.ResponseProcessCookies] Cookie accepted [JSESSIONID="F6E28E4994D1584E597DBDFCCCB1737E", version:0, domain:branchtest.perfectomobile.com, path:/nexperience/, expiry:null]
<2017-09-26 13:04:10> DEBUG [o.a.h.c.p.ResponseProcessCookies] Cookie accepted [fast_failed="true", version:0, domain:branchtest.perfectomobile.com, path:/nexperience/perfectomobile/wd/hub/session/0f3f5f1e-acfb-4373-a011-faaf2224e779, expiry:null]
<2017-09-26 13:04:10> DEBUG [o.a.h.i.c.PoolingHttpClientConnectionManager] Connection [id: 4][route: {s}->https://branchtest.perfectomobile.com:443] can be kept alive indefinitely
<2017-09-26 13:04:10> DEBUG [o.a.h.i.c.PoolingHttpClientConnectionManager] Connection released: [id: 4][route: {s}->https://branchtest.perfectomobile.com:443][total kept alive: 4; route allocated: 5 of 2000; total allocated: 5 of 2000]
<2017-09-26 13:04:10> DEBUG [o.a.h.c.p.RequestAddCookies] CookieSpec selected: default
<2017-09-26 13:04:10> DEBUG [o.a.h.c.p.RequestAddCookies] Cookie [version: 0][name: JSESSIONID][value: F6E28E4994D1584E597DBDFCCCB1737E][domain: branchtest.perfectomobile.com][path: /nexperience/][expiry: null] match [(secure)branchtest.perfectomobile.com:443/nexperience/perfectomobile/wd/hub/session/0f3f5f1e-acfb-4373-a011-faaf2224e779/element/3/click]
<2017-09-26 13:04:10> DEBUG [o.a.h.c.p.RequestAddCookies] Cookie [version: 0][name: fast_failed][value: true][domain: branchtest.perfectomobile.com][path: /nexperience/perfectomobile/wd/hub][expiry: null] match [(secure)branchtest.perfectomobile.com:443/nexperience/perfectomobile/wd/hub/session/0f3f5f1e-acfb-4373-a011-faaf2224e779/element/3/click]
<2017-09-26 13:04:10> DEBUG [o.a.h.c.p.RequestAddCookies] Cookie [version: 0][name: fast_failed][value: true][domain: branchtest.perfectomobile.com][path: /nexperience/perfectomobile/wd/hub/session/0f3f5f1e-acfb-4373-a011-faaf2224e779][expiry: null] match [(secure)branchtest.perfectomobile.com:443/nexperience/perfectomobile/wd/hub/session/0f3f5f1e-acfb-4373-a011-faaf2224e779/element/3/click]
<2017-09-26 13:04:10> DEBUG [o.a.h.c.p.RequestAuthCache] Auth cache not set in the context
<2017-09-26 13:04:10> DEBUG [o.a.h.i.c.PoolingHttpClientConnectionManager] Connection request: [route: {s}->https://branchtest.perfectomobile.com:443][total kept alive: 4; route allocated: 5 of 2000; total allocated: 5 of 2000]
<2017-09-26 13:04:10> DEBUG [o.a.h.i.c.PoolingHttpClientConnectionManager] Connection leased: [id: 4][route: {s}->https://branchtest.perfectomobile.com:443][total kept alive: 3; route allocated: 5 of 2000; total allocated: 5 of 2000]
<2017-09-26 13:04:10> DEBUG [o.a.h.i.execchain.MainClientExec] Stale connection check
<2017-09-26 13:04:10> DEBUG [org.apache.http.wire] http-outgoing-4 << "[read] I/O error: Read timed out"
<2017-09-26 13:04:10> DEBUG [o.a.h.i.c.DefaultManagedHttpClientConnection] http-outgoing-4: set socket timeout to 10800000
<2017-09-26 13:04:10> DEBUG [o.a.h.i.execchain.MainClientExec] Executing request POST /nexperience/perfectomobile/wd/hub/session/0f3f5f1e-acfb-4373-a011-faaf2224e779/element/3/click HTTP/1.1
<2017-09-26 13:04:10> DEBUG [o.a.h.i.execchain.MainClientExec] Target auth state: UNCHALLENGED
<2017-09-26 13:04:10> DEBUG [o.a.h.i.execchain.MainClientExec] Proxy auth state: UNCHALLENGED
<2017-09-26 13:04:10> DEBUG [org.apache.http.headers] http-outgoing-4 >> POST /nexperience/perfectomobile/wd/hub/session/0f3f5f1e-acfb-4373-a011-faaf2224e779/element/3/click HTTP/1.1
<2017-09-26 13:04:10> DEBUG [org.apache.http.headers] http-outgoing-4 >> Content-Type: application/json; charset=utf-8
<2017-09-26 13:04:10> DEBUG [org.apache.http.headers] http-outgoing-4 >> Content-Length: 10
<2017-09-26 13:04:10> DEBUG [org.apache.http.headers] http-outgoing-4 >> Host: branchtest.perfectomobile.com
<2017-09-26 13:04:10> DEBUG [org.apache.http.headers] http-outgoing-4 >> Connection: Keep-Alive
<2017-09-26 13:04:10> DEBUG [org.apache.http.headers] http-outgoing-4 >> User-Agent: Apache-HttpClient/4.5.2 (Java/1.8.0_121)
<2017-09-26 13:04:10> DEBUG [org.apache.http.headers] http-outgoing-4 >> Cookie: JSESSIONID=F6E28E4994D1584E597DBDFCCCB1737E; fast_failed=true; fast_failed=true
<2017-09-26 13:04:10> DEBUG [org.apache.http.headers] http-outgoing-4 >> Accept-Encoding: gzip,deflate
<2017-09-26 13:04:10> DEBUG [org.apache.http.wire] http-outgoing-4 >> "POST /nexperience/perfectomobile/wd/hub/session/0f3f5f1e-acfb-4373-a011-faaf2224e779/element/3/click HTTP/1.1[\r][\n]"
<2017-09-26 13:04:10> DEBUG [org.apache.http.wire] http-outgoing-4 >> "Content-Type: application/json; charset=utf-8[\r][\n]"
<2017-09-26 13:04:10> DEBUG [org.apache.http.wire] http-outgoing-4 >> "Content-Length: 10[\r][\n]"
<2017-09-26 13:04:10> DEBUG [org.apache.http.wire] http-outgoing-4 >> "Host: branchtest.perfectomobile.com[\r][\n]"
<2017-09-26 13:04:10> DEBUG [org.apache.http.wire] http-outgoing-4 >> "Connection: Keep-Alive[\r][\n]"
<2017-09-26 13:04:10> DEBUG [org.apache.http.wire] http-outgoing-4 >> "User-Agent: Apache-HttpClient/4.5.2 (Java/1.8.0_121)[\r][\n]"
<2017-09-26 13:04:10> DEBUG [org.apache.http.wire] http-outgoing-4 >> "Cookie: JSESSIONID=F6E28E4994D1584E597DBDFCCCB1737E; fast_failed=true; fast_failed=true[\r][\n]"
<2017-09-26 13:04:10> DEBUG [org.apache.http.wire] http-outgoing-4 >> "Accept-Encoding: gzip,deflate[\r][\n]"
<2017-09-26 13:04:10> DEBUG [org.apache.http.wire] http-outgoing-4 >> "[\r][\n]"
<2017-09-26 13:04:10> DEBUG [org.apache.http.wire] http-outgoing-4 >> "{"id":"3"}"
<2017-09-26 13:04:12> DEBUG [org.apache.http.wire] http-outgoing-4 << "HTTP/1.1 200 OK[\r][\n]"
<2017-09-26 13:04:12> DEBUG [org.apache.http.wire] http-outgoing-4 << "Server: nginx[\r][\n]"
<2017-09-26 13:04:12> DEBUG [org.apache.http.wire] http-outgoing-4 << "Date: Tue, 26 Sep 2017 10:04:08 GMT[\r][\n]"
<2017-09-26 13:04:12> DEBUG [org.apache.http.wire] http-outgoing-4 << "Content-Type: application/json;charset=utf-8[\r][\n]"
<2017-09-26 13:04:12> DEBUG [org.apache.http.wire] http-outgoing-4 << "Transfer-Encoding: chunked[\r][\n]"
<2017-09-26 13:04:12> DEBUG [org.apache.http.wire] http-outgoing-4 << "Connection: keep-alive[\r][\n]"
<2017-09-26 13:04:12> DEBUG [org.apache.http.wire] http-outgoing-4 << "Set-Cookie: JSESSIONID=F6E28E4994D1584E597DBDFCCCB1737E; Path=/nexperience/; HttpOnly[\r][\n]"
<2017-09-26 13:04:12> DEBUG [org.apache.http.wire] http-outgoing-4 << "Expires: Thu, 01 Jan 1970 00:00:00 GMT[\r][\n]"
<2017-09-26 13:04:12> DEBUG [org.apache.http.wire] http-outgoing-4 << "Cache-Control: no-cache[\r][\n]"
<2017-09-26 13:04:12> DEBUG [org.apache.http.wire] http-outgoing-4 << "Cache-Control: no-cache[\r][\n]"
<2017-09-26 13:04:12> DEBUG [org.apache.http.wire] http-outgoing-4 << "Expires: Thu, 01 Jan 1970 00:00:00 GMT[\r][\n]"
<2017-09-26 13:04:12> DEBUG [org.apache.http.wire] http-outgoing-4 << "Set-Cookie: fast_failed=true[\r][\n]"
<2017-09-26 13:04:12> DEBUG [org.apache.http.wire] http-outgoing-4 << "X-XSS-Protection: 2; mode=block[\r][\n]"
<2017-09-26 13:04:12> DEBUG [org.apache.http.wire] http-outgoing-4 << "Content-Encoding: gzip[\r][\n]"
<2017-09-26 13:04:12> DEBUG [org.apache.http.wire] http-outgoing-4 << "[\r][\n]"
<2017-09-26 13:04:12> DEBUG [org.apache.http.wire] http-outgoing-4 << "95[\r][\n]"
<2017-09-26 13:04:12> DEBUG [org.apache.http.wire] http-outgoing-4 << "[0x1f][0x8b][0x8][0x0][0x0][0x0][0x0][0x0][0x0][0x3]-[0xcc]1[0x12][0xc2] [0x10][0x85][0xe1][0xbb]l[\r]L[0x80]8`Z+[o[0xb0][0x92]E3C f[0x83][0x8d][0xe3][0xdd][0xdd][0xc2][0xf6][0x9f][0xef][0xbd][0xf]01/[0xad]^g[0x98]`[0xc8]>[0x9f][0xb2]%[0x8d])[0xdf][0xf5][0xe8][0x83][0xd7]8X[0xab]3bv[0xce][0x8d][0x14][0xc2][0x19][0x14][0xf0][0x81][0x7][0x9][0xe7][0x9e][0x92][0xac][0xa5]</m[0x96][0x12][0xad]s[0xd6][0x85][0x18][0x15][0xbc][0xb1]t)[0xb5][0x97][0xa2] [0x15][0x14]6A[0xdb][0x1f][0xa6]mT_h[0x98][\n]"
<2017-09-26 13:04:12> DEBUG [org.apache.http.wire] http-outgoing-4 << "[0xd5][0xa5][0xaf]f[0xa7][0xb5][0x1d]dn[0xc4][[0xab]L[0xff][0xfb].|[0xf8][0xfe][0x0][0xd1][0x1a]X[0xcf][0x9e][0x0][0x0][0x0][\r][\n]"
<2017-09-26 13:04:12> DEBUG [org.apache.http.wire] http-outgoing-4 << "0[\r][\n]"
<2017-09-26 13:04:12> DEBUG [org.apache.http.wire] http-outgoing-4 << "[\r][\n]"
<2017-09-26 13:04:12> DEBUG [org.apache.http.headers] http-outgoing-4 << HTTP/1.1 200 OK
<2017-09-26 13:04:12> DEBUG [org.apache.http.headers] http-outgoing-4 << Server: nginx
<2017-09-26 13:04:12> DEBUG [org.apache.http.headers] http-outgoing-4 << Date: Tue, 26 Sep 2017 10:04:08 GMT
<2017-09-26 13:04:12> DEBUG [org.apache.http.headers] http-outgoing-4 << Content-Type: application/json;charset=utf-8
<2017-09-26 13:04:12> DEBUG [org.apache.http.headers] http-outgoing-4 << Transfer-Encoding: chunked
<2017-09-26 13:04:12> DEBUG [org.apache.http.headers] http-outgoing-4 << Connection: keep-alive
<2017-09-26 13:04:12> DEBUG [org.apache.http.headers] http-outgoing-4 << Set-Cookie: JSESSIONID=F6E28E4994D1584E597DBDFCCCB1737E; Path=/nexperience/; HttpOnly
<2017-09-26 13:04:12> DEBUG [org.apache.http.headers] http-outgoing-4 << Expires: Thu, 01 Jan 1970 00:00:00 GMT
<2017-09-26 13:04:12> DEBUG [org.apache.http.headers] http-outgoing-4 << Cache-Control: no-cache
<2017-09-26 13:04:12> DEBUG [org.apache.http.headers] http-outgoing-4 << Cache-Control: no-cache
<2017-09-26 13:04:12> DEBUG [org.apache.http.headers] http-outgoing-4 << Expires: Thu, 01 Jan 1970 00:00:00 GMT
<2017-09-26 13:04:12> DEBUG [org.apache.http.headers] http-outgoing-4 << Set-Cookie: fast_failed=true
<2017-09-26 13:04:12> DEBUG [org.apache.http.headers] http-outgoing-4 << X-XSS-Protection: 2; mode=block
<2017-09-26 13:04:12> DEBUG [org.apache.http.headers] http-outgoing-4 << Content-Encoding: gzip
<2017-09-26 13:04:12> DEBUG [o.a.h.i.execchain.MainClientExec] Connection can be kept alive indefinitely
<2017-09-26 13:04:12> DEBUG [o.a.h.c.p.ResponseProcessCookies] Cookie accepted [JSESSIONID="F6E28E4994D1584E597DBDFCCCB1737E", version:0, domain:branchtest.perfectomobile.com, path:/nexperience/, expiry:null]
<2017-09-26 13:04:12> DEBUG [o.a.h.c.p.ResponseProcessCookies] Cookie accepted [fast_failed="true", version:0, domain:branchtest.perfectomobile.com, path:/nexperience/perfectomobile/wd/hub/session/0f3f5f1e-acfb-4373-a011-faaf2224e779/element/3, expiry:null]
<2017-09-26 13:04:12> DEBUG [o.a.h.i.c.PoolingHttpClientConnectionManager] Connection [id: 4][route: {s}->https://branchtest.perfectomobile.com:443] can be kept alive indefinitely
<2017-09-26 13:04:12> DEBUG [o.a.h.i.c.PoolingHttpClientConnectionManager] Connection released: [id: 4][route: {s}->https://branchtest.perfectomobile.com:443][total kept alive: 4; route allocated: 5 of 2000; total allocated: 5 of 2000]
<2017-09-26 13:04:15> DEBUG [o.a.h.c.p.RequestAddCookies] CookieSpec selected: default
<2017-09-26 13:04:15> DEBUG [o.a.h.c.p.RequestAddCookies] Cookie [version: 0][name: JSESSIONID][value: F6E28E4994D1584E597DBDFCCCB1737E][domain: branchtest.perfectomobile.com][path: /nexperience/][expiry: null] match [(secure)branchtest.perfectomobile.com:443/nexperience/perfectomobile/wd/hub/session/58e9750c-b4d6-4ed9-a103-01f993e76832/execute]
<2017-09-26 13:04:15> DEBUG [o.a.h.c.p.RequestAddCookies] Cookie [version: 0][name: fast_failed][value: true][domain: branchtest.perfectomobile.com][path: /nexperience/perfectomobile/wd/hub][expiry: null] match [(secure)branchtest.perfectomobile.com:443/nexperience/perfectomobile/wd/hub/session/58e9750c-b4d6-4ed9-a103-01f993e76832/execute]
<2017-09-26 13:04:15> DEBUG [o.a.h.c.p.RequestAddCookies] Cookie [version: 0][name: fast_failed][value: true][domain: branchtest.perfectomobile.com][path: /nexperience/perfectomobile/wd/hub/session/58e9750c-b4d6-4ed9-a103-01f993e76832][expiry: null] match [(secure)branchtest.perfectomobile.com:443/nexperience/perfectomobile/wd/hub/session/58e9750c-b4d6-4ed9-a103-01f993e76832/execute]
<2017-09-26 13:04:15> DEBUG [o.a.h.c.p.RequestAuthCache] Auth cache not set in the context
<2017-09-26 13:04:15> DEBUG [o.a.h.i.c.PoolingHttpClientConnectionManager] Connection request: [route: {s}->https://branchtest.perfectomobile.com:443][total kept alive: 4; route allocated: 5 of 2000; total allocated: 5 of 2000]
<2017-09-26 13:04:15> DEBUG [org.apache.http.wire] http-outgoing-4 << "[read] I/O error: Read timed out"
<2017-09-26 13:04:15> DEBUG [o.a.h.i.c.PoolingHttpClientConnectionManager] Connection leased: [id: 4][route: {s}->https://branchtest.perfectomobile.com:443][total kept alive: 3; route allocated: 5 of 2000; total allocated: 5 of 2000]
<2017-09-26 13:04:15> DEBUG [o.a.h.i.execchain.MainClientExec] Stale connection check
<2017-09-26 13:04:15> DEBUG [org.apache.http.wire] http-outgoing-4 << "[read] I/O error: Read timed out"
<2017-09-26 13:04:15> DEBUG [o.a.h.i.c.DefaultManagedHttpClientConnection] http-outgoing-4: set socket timeout to 10800000
<2017-09-26 13:04:15> DEBUG [o.a.h.i.execchain.MainClientExec] Executing request POST /nexperience/perfectomobile/wd/hub/session/58e9750c-b4d6-4ed9-a103-01f993e76832/execute HTTP/1.1
<2017-09-26 13:04:15> DEBUG [o.a.h.i.execchain.MainClientExec] Target auth state: UNCHALLENGED
<2017-09-26 13:04:15> DEBUG [o.a.h.i.execchain.MainClientExec] Proxy auth state: UNCHALLENGED
<2017-09-26 13:04:15> DEBUG [org.apache.http.headers] http-outgoing-4 >> POST /nexperience/perfectomobile/wd/hub/session/58e9750c-b4d6-4ed9-a103-01f993e76832/execute HTTP/1.1
<2017-09-26 13:04:15> DEBUG [org.apache.http.headers] http-outgoing-4 >> Content-Type: application/json; charset=utf-8
<2017-09-26 13:04:15> DEBUG [org.apache.http.headers] http-outgoing-4 >> Content-Length: 54
<2017-09-26 13:04:15> DEBUG [org.apache.http.headers] http-outgoing-4 >> Host: branchtest.perfectomobile.com
<2017-09-26 13:04:15> DEBUG [org.apache.http.headers] http-outgoing-4 >> Connection: Keep-Alive
<2017-09-26 13:04:15> DEBUG [org.apache.http.headers] http-outgoing-4 >> User-Agent: Apache-HttpClient/4.5.2 (Java/1.8.0_121)
<2017-09-26 13:04:15> DEBUG [org.apache.http.headers] http-outgoing-4 >> Cookie: JSESSIONID=F6E28E4994D1584E597DBDFCCCB1737E; fast_failed=true; fast_failed=true
<2017-09-26 13:04:15> DEBUG [org.apache.http.headers] http-outgoing-4 >> Accept-Encoding: gzip,deflate
<2017-09-26 13:04:15> DEBUG [org.apache.http.wire] http-outgoing-4 >> "POST /nexperience/perfectomobile/wd/hub/session/58e9750c-b4d6-4ed9-a103-01f993e76832/execute HTTP/1.1[\r][\n]"
<2017-09-26 13:04:15> DEBUG [org.apache.http.wire] http-outgoing-4 >> "Content-Type: application/json; charset=utf-8[\r][\n]"
<2017-09-26 13:04:15> DEBUG [org.apache.http.wire] http-outgoing-4 >> "Content-Length: 54[\r][\n]"
<2017-09-26 13:04:15> DEBUG [org.apache.http.wire] http-outgoing-4 >> "Host: branchtest.perfectomobile.com[\r][\n]"
<2017-09-26 13:04:15> DEBUG [org.apache.http.wire] http-outgoing-4 >> "Connection: Keep-Alive[\r][\n]"
<2017-09-26 13:04:15> DEBUG [org.apache.http.wire] http-outgoing-4 >> "User-Agent: Apache-HttpClient/4.5.2 (Java/1.8.0_121)[\r][\n]"
<2017-09-26 13:04:15> DEBUG [org.apache.http.wire] http-outgoing-4 >> "Cookie: JSESSIONID=F6E28E4994D1584E597DBDFCCCB1737E; fast_failed=true; fast_failed=true[\r][\n]"
<2017-09-26 13:04:15> DEBUG [org.apache.http.wire] http-outgoing-4 >> "Accept-Encoding: gzip,deflate[\r][\n]"
<2017-09-26 13:04:15> DEBUG [org.apache.http.wire] http-outgoing-4 >> "[\r][\n]"
<2017-09-26 13:04:15> DEBUG [org.apache.http.wire] http-outgoing-4 >> "{"script":"mobile:step:end","args":[{"message":null}]}"
<2017-09-26 13:04:15> DEBUG [org.apache.http.wire] http-outgoing-4 << "HTTP/1.1 200 OK[\r][\n]"
<2017-09-26 13:04:15> DEBUG [org.apache.http.wire] http-outgoing-4 << "Server: nginx[\r][\n]"
<2017-09-26 13:04:15> DEBUG [org.apache.http.wire] http-outgoing-4 << "Date: Tue, 26 Sep 2017 10:04:11 GMT[\r][\n]"
<2017-09-26 13:04:15> DEBUG [org.apache.http.wire] http-outgoing-4 << "Content-Type: application/json;charset=utf-8[\r][\n]"
<2017-09-26 13:04:15> DEBUG [org.apache.http.wire] http-outgoing-4 << "Transfer-Encoding: chunked[\r][\n]"
<2017-09-26 13:04:15> DEBUG [org.apache.http.wire] http-outgoing-4 << "Connection: keep-alive[\r][\n]"
<2017-09-26 13:04:15> DEBUG [org.apache.http.wire] http-outgoing-4 << "Set-Cookie: JSESSIONID=F6E28E4994D1584E597DBDFCCCB1737E; Path=/nexperience/; HttpOnly[\r][\n]"
<2017-09-26 13:04:15> DEBUG [org.apache.http.wire] http-outgoing-4 << "Expires: Thu, 01 Jan 1970 00:00:00 GMT[\r][\n]"
<2017-09-26 13:04:15> DEBUG [org.apache.http.wire] http-outgoing-4 << "Cache-Control: no-cache[\r][\n]"
<2017-09-26 13:04:15> DEBUG [org.apache.http.wire] http-outgoing-4 << "Cache-Control: no-cache[\r][\n]"
<2017-09-26 13:04:15> DEBUG [org.apache.http.wire] http-outgoing-4 << "Expires: Thu, 01 Jan 1970 00:00:00 GMT[\r][\n]"
<2017-09-26 13:04:15> DEBUG [org.apache.http.wire] http-outgoing-4 << "Set-Cookie: fast_failed=true[\r][\n]"
<2017-09-26 13:04:15> DEBUG [org.apache.http.wire] http-outgoing-4 << "X-XSS-Protection: 2; mode=block[\r][\n]"
<2017-09-26 13:04:15> DEBUG [org.apache.http.wire] http-outgoing-4 << "Content-Encoding: gzip[\r][\n]"
<2017-09-26 13:04:15> DEBUG [org.apache.http.wire] http-outgoing-4 << "[\r][\n]"
<2017-09-26 13:04:15> DEBUG [org.apache.http.wire] http-outgoing-4 << "96[\r][\n]"
<2017-09-26 13:04:15> DEBUG [org.apache.http.wire] http-outgoing-4 << "[0x1f][0x8b][0x8][0x0][0x0][0x0][0x0][0x0][0x0][0x3]-[0xcc]1[0x12][0xc2] [0x10][0x85][0xe1][0xbb]l[0x1d][0x18][0x12][0x12][0x8]i[0xad]l[0xbd][0x1][0xc2][0xaa][0x99]![0x90]d[0xc1][0xc6][0xf1][0xee]na[0xfb][0xcf][0xf7][0xde][0x7][0x8][0x89][0xd6][0x92][0xaf][0x11][0x16][0x98]ftvRA[0xdc][0xc7]h[0xc4][0x88][0xd1][0x9][0xdf]+-T[0xff]pN[0xa3]5[0xb3][0x1e][0xa0][0x3][0xaa][0xbe]"sj![0xf0][0x9a][0xcb][0xeb]R"[0x97][0xc1][0xaa][0xc1]X=[0x99][0xe][0xde]>5.[0xb9][0xa5][0xd4]AH[0x9e][0xd9][0x2][0xe5]|[0xca][0xb2]c>[0xbc]$L[0x98][0xd7][0xb6][0xc9][0x13][0xb7]RQ[0xde][0x90][0xf6][0x92][0x9][0xff][0xf7][0x8d][0xb9][0xfa][0xfe][0x0][0xca][0xc3]~[0xb3][0x9e][0x0][0x0][0x0][\r][\n]"
<2017-09-26 13:04:15> DEBUG [org.apache.http.wire] http-outgoing-4 << "0[\r][\n]"
<2017-09-26 13:04:15> DEBUG [org.apache.http.wire] http-outgoing-4 << "[\r][\n]"
<2017-09-26 13:04:15> DEBUG [org.apache.http.headers] http-outgoing-4 << HTTP/1.1 200 OK
<2017-09-26 13:04:15> DEBUG [org.apache.http.headers] http-outgoing-4 << Server: nginx
<2017-09-26 13:04:15> DEBUG [org.apache.http.headers] http-outgoing-4 << Date: Tue, 26 Sep 2017 10:04:11 GMT
<2017-09-26 13:04:15> DEBUG [org.apache.http.headers] http-outgoing-4 << Content-Type: application/json;charset=utf-8
<2017-09-26 13:04:15> DEBUG [org.apache.http.headers] http-outgoing-4 << Transfer-Encoding: chunked
<2017-09-26 13:04:15> DEBUG [org.apache.http.headers] http-outgoing-4 << Connection: keep-alive
<2017-09-26 13:04:15> DEBUG [org.apache.http.headers] http-outgoing-4 << Set-Cookie: JSESSIONID=F6E28E4994D1584E597DBDFCCCB1737E; Path=/nexperience/; HttpOnly
<2017-09-26 13:04:15> DEBUG [org.apache.http.headers] http-outgoing-4 << Expires: Thu, 01 Jan 1970 00:00:00 GMT
<2017-09-26 13:04:15> DEBUG [org.apache.http.headers] http-outgoing-4 << Cache-Control: no-cache
<2017-09-26 13:04:15> DEBUG [org.apache.http.headers] http-outgoing-4 << Cache-Control: no-cache
<2017-09-26 13:04:15> DEBUG [org.apache.http.headers] http-outgoing-4 << Expires: Thu, 01 Jan 1970 00:00:00 GMT
<2017-09-26 13:04:15> DEBUG [org.apache.http.headers] http-outgoing-4 << Set-Cookie: fast_failed=true
<2017-09-26 13:04:15> DEBUG [org.apache.http.headers] http-outgoing-4 << X-XSS-Protection: 2; mode=block
<2017-09-26 13:04:15> DEBUG [org.apache.http.headers] http-outgoing-4 << Content-Encoding: gzip
<2017-09-26 13:04:15> DEBUG [o.a.h.i.execchain.MainClientExec] Connection can be kept alive indefinitely
<2017-09-26 13:04:15> DEBUG [o.a.h.c.p.ResponseProcessCookies] Cookie accepted [JSESSIONID="F6E28E4994D1584E597DBDFCCCB1737E", version:0, domain:branchtest.perfectomobile.com, path:/nexperience/, expiry:null]
<2017-09-26 13:04:15> DEBUG [o.a.h.c.p.ResponseProcessCookies] Cookie accepted [fast_failed="true", version:0, domain:branchtest.perfectomobile.com, path:/nexperience/perfectomobile/wd/hub/session/58e9750c-b4d6-4ed9-a103-01f993e76832, expiry:null]
<2017-09-26 13:04:15> DEBUG [o.a.h.i.c.PoolingHttpClientConnectionManager] Connection [id: 4][route: {s}->https://branchtest.perfectomobile.com:443] can be kept alive indefinitely
<2017-09-26 13:04:15> DEBUG [o.a.h.i.c.PoolingHttpClientConnectionManager] Connection released: [id: 4][route: {s}->https://branchtest.perfectomobile.com:443][total kept alive: 4; route allocated: 5 of 2000; total allocated: 5 of 2000]
<2017-09-26 13:04:15> DEBUG [o.a.h.c.p.RequestAddCookies] CookieSpec selected: default
<2017-09-26 13:04:15> DEBUG [o.a.h.c.p.RequestAddCookies] Cookie [version: 0][name: JSESSIONID][value: F6E28E4994D1584E597DBDFCCCB1737E][domain: branchtest.perfectomobile.com][path: /nexperience/][expiry: null] match [(secure)branchtest.perfectomobile.com:443/nexperience/perfectomobile/wd/hub/session/58e9750c-b4d6-4ed9-a103-01f993e76832/execute]
<2017-09-26 13:04:15> DEBUG [o.a.h.c.p.RequestAddCookies] Cookie [version: 0][name: fast_failed][value: true][domain: branchtest.perfectomobile.com][path: /nexperience/perfectomobile/wd/hub][expiry: null] match [(secure)branchtest.perfectomobile.com:443/nexperience/perfectomobile/wd/hub/session/58e9750c-b4d6-4ed9-a103-01f993e76832/execute]
<2017-09-26 13:04:15> DEBUG [o.a.h.c.p.RequestAddCookies] Cookie [version: 0][name: fast_failed][value: true][domain: branchtest.perfectomobile.com][path: /nexperience/perfectomobile/wd/hub/session/58e9750c-b4d6-4ed9-a103-01f993e76832][expiry: null] match [(secure)branchtest.perfectomobile.com:443/nexperience/perfectomobile/wd/hub/session/58e9750c-b4d6-4ed9-a103-01f993e76832/execute]
<2017-09-26 13:04:15> DEBUG [o.a.h.c.p.RequestAuthCache] Auth cache not set in the context
<2017-09-26 13:04:15> DEBUG [o.a.h.i.c.PoolingHttpClientConnectionManager] Connection request: [route: {s}->https://branchtest.perfectomobile.com:443][total kept alive: 4; route allocated: 5 of 2000; total allocated: 5 of 2000]
<2017-09-26 13:04:15> DEBUG [o.a.h.i.c.PoolingHttpClientConnectionManager] Connection leased: [id: 4][route: {s}->https://branchtest.perfectomobile.com:443][total kept alive: 3; route allocated: 5 of 2000; total allocated: 5 of 2000]
<2017-09-26 13:04:15> DEBUG [o.a.h.i.execchain.MainClientExec] Stale connection check
<2017-09-26 13:04:15> DEBUG [org.apache.http.wire] http-outgoing-4 << "[read] I/O error: Read timed out"
<2017-09-26 13:04:15> DEBUG [o.a.h.i.c.DefaultManagedHttpClientConnection] http-outgoing-4: set socket timeout to 10800000
<2017-09-26 13:04:15> DEBUG [o.a.h.i.execchain.MainClientExec] Executing request POST /nexperience/perfectomobile/wd/hub/session/58e9750c-b4d6-4ed9-a103-01f993e76832/execute HTTP/1.1
<2017-09-26 13:04:15> DEBUG [o.a.h.i.execchain.MainClientExec] Target auth state: UNCHALLENGED
<2017-09-26 13:04:15> DEBUG [o.a.h.i.execchain.MainClientExec] Proxy auth state: UNCHALLENGED
<2017-09-26 13:04:15> DEBUG [org.apache.http.headers] http-outgoing-4 >> POST /nexperience/perfectomobile/wd/hub/session/58e9750c-b4d6-4ed9-a103-01f993e76832/execute HTTP/1.1
<2017-09-26 13:04:15> DEBUG [org.apache.http.headers] http-outgoing-4 >> Content-Type: application/json; charset=utf-8
<2017-09-26 13:04:15> DEBUG [org.apache.http.headers] http-outgoing-4 >> Content-Length: 72
<2017-09-26 13:04:15> DEBUG [org.apache.http.headers] http-outgoing-4 >> Host: branchtest.perfectomobile.com
<2017-09-26 13:04:15> DEBUG [org.apache.http.headers] http-outgoing-4 >> Connection: Keep-Alive
<2017-09-26 13:04:15> DEBUG [org.apache.http.headers] http-outgoing-4 >> User-Agent: Apache-HttpClient/4.5.2 (Java/1.8.0_121)
<2017-09-26 13:04:15> DEBUG [org.apache.http.headers] http-outgoing-4 >> Cookie: JSESSIONID=F6E28E4994D1584E597DBDFCCCB1737E; fast_failed=true; fast_failed=true
<2017-09-26 13:04:15> DEBUG [org.apache.http.headers] http-outgoing-4 >> Accept-Encoding: gzip,deflate
<2017-09-26 13:04:15> DEBUG [org.apache.http.wire] http-outgoing-4 >> "POST /nexperience/perfectomobile/wd/hub/session/58e9750c-b4d6-4ed9-a103-01f993e76832/execute HTTP/1.1[\r][\n]"
<2017-09-26 13:04:15> DEBUG [org.apache.http.wire] http-outgoing-4 >> "Content-Type: application/json; charset=utf-8[\r][\n]"
<2017-09-26 13:04:15> DEBUG [org.apache.http.wire] http-outgoing-4 >> "Content-Length: 72[\r][\n]"
<2017-09-26 13:04:15> DEBUG [org.apache.http.wire] http-outgoing-4 >> "Host: branchtest.perfectomobile.com[\r][\n]"
<2017-09-26 13:04:15> DEBUG [org.apache.http.wire] http-outgoing-4 >> "Connection: Keep-Alive[\r][\n]"
<2017-09-26 13:04:15> DEBUG [org.apache.http.wire] http-outgoing-4 >> "User-Agent: Apache-HttpClient/4.5.2 (Java/1.8.0_121)[\r][\n]"
<2017-09-26 13:04:15> DEBUG [org.apache.http.wire] http-outgoing-4 >> "Cookie: JSESSIONID=F6E28E4994D1584E597DBDFCCCB1737E; fast_failed=true; fast_failed=true[\r][\n]"
<2017-09-26 13:04:15> DEBUG [org.apache.http.wire] http-outgoing-4 >> "Accept-Encoding: gzip,deflate[\r][\n]"
<2017-09-26 13:04:15> DEBUG [org.apache.http.wire] http-outgoing-4 >> "[\r][\n]"
<2017-09-26 13:04:15> DEBUG [org.apache.http.wire] http-outgoing-4 >> "{"script":"mobile:step:start","args":[{"name":"Going to registration"}]}"
<2017-09-26 13:04:15> DEBUG [org.apache.http.wire] http-outgoing-4 << "HTTP/1.1 200 OK[\r][\n]"
<2017-09-26 13:04:15> DEBUG [org.apache.http.wire] http-outgoing-4 << "Server: nginx[\r][\n]"
<2017-09-26 13:04:15> DEBUG [org.apache.http.wire] http-outgoing-4 << "Date: Tue, 26 Sep 2017 10:04:12 GMT[\r][\n]"
<2017-09-26 13:04:15> DEBUG [org.apache.http.wire] http-outgoing-4 << "Content-Type: application/json;charset=utf-8[\r][\n]"
<2017-09-26 13:04:15> DEBUG [org.apache.http.wire] http-outgoing-4 << "Transfer-Encoding: chunked[\r][\n]"
<2017-09-26 13:04:15> DEBUG [org.apache.http.wire] http-outgoing-4 << "Connection: keep-alive[\r][\n]"
<2017-09-26 13:04:15> DEBUG [org.apache.http.wire] http-outgoing-4 << "Set-Cookie: JSESSIONID=F6E28E4994D1584E597DBDFCCCB1737E; Path=/nexperience/; HttpOnly[\r][\n]"
<2017-09-26 13:04:15> DEBUG [org.apache.http.wire] http-outgoing-4 << "Expires: Thu, 01 Jan 1970 00:00:00 GMT[\r][\n]"
<2017-09-26 13:04:15> DEBUG [org.apache.http.wire] http-outgoing-4 << "Cache-Control: no-cache[\r][\n]"
<2017-09-26 13:04:15> DEBUG [org.apache.http.wire] http-outgoing-4 << "Cache-Control: no-cache[\r][\n]"
<2017-09-26 13:04:15> DEBUG [org.apache.http.wire] http-outgoing-4 << "Expires: Thu, 01 Jan 1970 00:00:00 GMT[\r][\n]"
<2017-09-26 13:04:15> DEBUG [org.apache.http.wire] http-outgoing-4 << "Set-Cookie: fast_failed=true[\r][\n]"
<2017-09-26 13:04:15> DEBUG [org.apache.http.wire] http-outgoing-4 << "X-XSS-Protection: 2; mode=block[\r][\n]"
<2017-09-26 13:04:15> DEBUG [org.apache.http.wire] http-outgoing-4 << "Content-Encoding: gzip[\r][\n]"
<2017-09-26 13:04:15> DEBUG [org.apache.http.wire] http-outgoing-4 << "[\r][\n]"
<2017-09-26 13:04:15> DEBUG [org.apache.http.wire] http-outgoing-4 << "94[\r][\n]"
<2017-09-26 13:04:15> DEBUG [org.apache.http.wire] http-outgoing-4 << "[0x1f][0x8b][0x8][0x0][0x0][0x0][0x0][0x0][0x0][0x3]-[0xcc][0xbd][0x12][0xc2] [0x10][0x4][0xe0]w[0xb9]:0 [0x9]?i[0xad]l}[0x3][0x84]S3[0x93]@[0x92][0xb]6[0x8e][0xef][0xee]9c[0xbb][0xfb][0xed][0xbe][0x81][0x90]h[0xaa][0xe5][0x92]a[0x84][0xc1]cp[0x83]J[0xe2][0xd6]g+z[0xcc]AD[0xad][0x8c]P[0xfa][0x1e][0x82]Ag[0xbd]9A[0x7]t[0xc4][0x3][0x99]SK[0x89][0xd7][0x9c]<[0xcf]5s[0x12][0xb4][0xef][0x95][0xd5][0xce]v[0xf0][0x8a]s[0xfb][0x19].[0xd3][0x1c][0x19][0x8d]P[0xf7][0x87][0xac]+[0x96]-J[0xc2][0x19][0xcb][0xd4][0x16][0xb9][0xe3]R[0xf][0x94]W[0xa4][0xb5][0x16][0xc2][0xff]yc[0xae]>_[0xe4][0x7][0x1b]{[0x9c][0x0][0x0][0x0][\r][\n]"
<2017-09-26 13:04:15> DEBUG [org.apache.http.wire] http-outgoing-4 << "0[\r][\n]"
<2017-09-26 13:04:15> DEBUG [org.apache.http.wire] http-outgoing-4 << "[\r][\n]"
<2017-09-26 13:04:15> DEBUG [org.apache.http.headers] http-outgoing-4 << HTTP/1.1 200 OK
<2017-09-26 13:04:15> DEBUG [org.apache.http.headers] http-outgoing-4 << Server: nginx
<2017-09-26 13:04:15> DEBUG [org.apache.http.headers] http-outgoing-4 << Date: Tue, 26 Sep 2017 10:04:12 GMT
<2017-09-26 13:04:15> DEBUG [org.apache.http.headers] http-outgoing-4 << Content-Type: application/json;charset=utf-8
<2017-09-26 13:04:15> DEBUG [org.apache.http.headers] http-outgoing-4 << Transfer-Encoding: chunked
<2017-09-26 13:04:15> DEBUG [org.apache.http.headers] http-outgoing-4 << Connection: keep-alive
<2017-09-26 13:04:15> DEBUG [org.apache.http.headers] http-outgoing-4 << Set-Cookie: JSESSIONID=F6E28E4994D1584E597DBDFCCCB1737E; Path=/nexperience/; HttpOnly
<2017-09-26 13:04:15> DEBUG [org.apache.http.headers] http-outgoing-4 << Expires: Thu, 01 Jan 1970 00:00:00 GMT
<2017-09-26 13:04:15> DEBUG [org.apache.http.headers] http-outgoing-4 << Cache-Control: no-cache
<2017-09-26 13:04:15> DEBUG [org.apache.http.headers] http-outgoing-4 << Cache-Control: no-cache
<2017-09-26 13:04:15> DEBUG [org.apache.http.headers] http-outgoing-4 << Expires: Thu, 01 Jan 1970 00:00:00 GMT
<2017-09-26 13:04:15> DEBUG [org.apache.http.headers] http-outgoing-4 << Set-Cookie: fast_failed=true
<2017-09-26 13:04:15> DEBUG [org.apache.http.headers] http-outgoing-4 << X-XSS-Protection: 2; mode=block
<2017-09-26 13:04:15> DEBUG [org.apache.http.headers] http-outgoing-4 << Content-Encoding: gzip
<2017-09-26 13:04:15> DEBUG [o.a.h.i.execchain.MainClientExec] Connection can be kept alive indefinitely
<2017-09-26 13:04:15> DEBUG [o.a.h.c.p.ResponseProcessCookies] Cookie accepted [JSESSIONID="F6E28E4994D1584E597DBDFCCCB1737E", version:0, domain:branchtest.perfectomobile.com, path:/nexperience/, expiry:null]
<2017-09-26 13:04:15> DEBUG [o.a.h.c.p.ResponseProcessCookies] Cookie accepted [fast_failed="true", version:0, domain:branchtest.perfectomobile.com, path:/nexperience/perfectomobile/wd/hub/session/58e9750c-b4d6-4ed9-a103-01f993e76832, expiry:null]
<2017-09-26 13:04:15> DEBUG [o.a.h.i.c.PoolingHttpClientConnectionManager] Connection [id: 4][route: {s}->https://branchtest.perfectomobile.com:443] can be kept alive indefinitely
<2017-09-26 13:04:15> DEBUG [o.a.h.i.c.PoolingHttpClientConnectionManager] Connection released: [id: 4][route: {s}->https://branchtest.perfectomobile.com:443][total kept alive: 4; route allocated: 5 of 2000; total allocated: 5 of 2000]
<2017-09-26 13:04:15> DEBUG [o.a.h.c.p.RequestAddCookies] CookieSpec selected: default
<2017-09-26 13:04:15> DEBUG [o.a.h.c.p.RequestAddCookies] Cookie [version: 0][name: JSESSIONID][value: F6E28E4994D1584E597DBDFCCCB1737E][domain: branchtest.perfectomobile.com][path: /nexperience/][expiry: null] match [(secure)branchtest.perfectomobile.com:443/nexperience/perfectomobile/wd/hub/session/58e9750c-b4d6-4ed9-a103-01f993e76832/element]
<2017-09-26 13:04:15> DEBUG [o.a.h.c.p.RequestAddCookies] Cookie [version: 0][name: fast_failed][value: true][domain: branchtest.perfectomobile.com][path: /nexperience/perfectomobile/wd/hub][expiry: null] match [(secure)branchtest.perfectomobile.com:443/nexperience/perfectomobile/wd/hub/session/58e9750c-b4d6-4ed9-a103-01f993e76832/element]
<2017-09-26 13:04:15> DEBUG [o.a.h.c.p.RequestAddCookies] Cookie [version: 0][name: fast_failed][value: true][domain: branchtest.perfectomobile.com][path: /nexperience/perfectomobile/wd/hub/session/58e9750c-b4d6-4ed9-a103-01f993e76832][expiry: null] match [(secure)branchtest.perfectomobile.com:443/nexperience/perfectomobile/wd/hub/session/58e9750c-b4d6-4ed9-a103-01f993e76832/element]
<2017-09-26 13:04:15> DEBUG [o.a.h.c.p.RequestAuthCache] Auth cache not set in the context
<2017-09-26 13:04:15> DEBUG [o.a.h.i.c.PoolingHttpClientConnectionManager] Connection request: [route: {s}->https://branchtest.perfectomobile.com:443][total kept alive: 4; route allocated: 5 of 2000; total allocated: 5 of 2000]
<2017-09-26 13:04:15> DEBUG [o.a.h.i.c.PoolingHttpClientConnectionManager] Connection leased: [id: 4][route: {s}->https://branchtest.perfectomobile.com:443][total kept alive: 3; route allocated: 5 of 2000; total allocated: 5 of 2000]
<2017-09-26 13:04:15> DEBUG [o.a.h.i.execchain.MainClientExec] Stale connection check
<2017-09-26 13:04:15> DEBUG [org.apache.http.wire] http-outgoing-4 << "[read] I/O error: Read timed out"
<2017-09-26 13:04:15> DEBUG [o.a.h.i.c.DefaultManagedHttpClientConnection] http-outgoing-4: set socket timeout to 10800000
<2017-09-26 13:04:15> DEBUG [o.a.h.i.execchain.MainClientExec] Executing request POST /nexperience/perfectomobile/wd/hub/session/58e9750c-b4d6-4ed9-a103-01f993e76832/element HTTP/1.1
<2017-09-26 13:04:15> DEBUG [o.a.h.i.execchain.MainClientExec] Target auth state: UNCHALLENGED
<2017-09-26 13:04:15> DEBUG [o.a.h.i.execchain.MainClientExec] Proxy auth state: UNCHALLENGED
<2017-09-26 13:04:15> DEBUG [org.apache.http.headers] http-outgoing-4 >> POST /nexperience/perfectomobile/wd/hub/session/58e9750c-b4d6-4ed9-a103-01f993e76832/element HTTP/1.1
<2017-09-26 13:04:15> DEBUG [org.apache.http.headers] http-outgoing-4 >> Content-Type: application/json; charset=utf-8
<2017-09-26 13:04:15> DEBUG [org.apache.http.headers] http-outgoing-4 >> Content-Length: 80
<2017-09-26 13:04:15> DEBUG [org.apache.http.headers] http-outgoing-4 >> Host: branchtest.perfectomobile.com
<2017-09-26 13:04:15> DEBUG [org.apache.http.headers] http-outgoing-4 >> Connection: Keep-Alive
<2017-09-26 13:04:15> DEBUG [org.apache.http.headers] http-outgoing-4 >> User-Agent: Apache-HttpClient/4.5.2 (Java/1.8.0_121)
<2017-09-26 13:04:15> DEBUG [org.apache.http.headers] http-outgoing-4 >> Cookie: JSESSIONID=F6E28E4994D1584E597DBDFCCCB1737E; fast_failed=true; fast_failed=true
<2017-09-26 13:04:15> DEBUG [org.apache.http.headers] http-outgoing-4 >> Accept-Encoding: gzip,deflate
<2017-09-26 13:04:15> DEBUG [org.apache.http.wire] http-outgoing-4 >> "POST /nexperience/perfectomobile/wd/hub/session/58e9750c-b4d6-4ed9-a103-01f993e76832/element HTTP/1.1[\r][\n]"
<2017-09-26 13:04:15> DEBUG [org.apache.http.wire] http-outgoing-4 >> "Content-Type: application/json; charset=utf-8[\r][\n]"
<2017-09-26 13:04:15> DEBUG [org.apache.http.wire] http-outgoing-4 >> "Content-Length: 80[\r][\n]"
<2017-09-26 13:04:15> DEBUG [org.apache.http.wire] http-outgoing-4 >> "Host: branchtest.perfectomobile.com[\r][\n]"
<2017-09-26 13:04:15> DEBUG [org.apache.http.wire] http-outgoing-4 >> "Connection: Keep-Alive[\r][\n]"
<2017-09-26 13:04:15> DEBUG [org.apache.http.wire] http-outgoing-4 >> "User-Agent: Apache-HttpClient/4.5.2 (Java/1.8.0_121)[\r][\n]"
<2017-09-26 13:04:15> DEBUG [org.apache.http.wire] http-outgoing-4 >> "Cookie: JSESSIONID=F6E28E4994D1584E597DBDFCCCB1737E; fast_failed=true; fast_failed=true[\r][\n]"
<2017-09-26 13:04:15> DEBUG [org.apache.http.wire] http-outgoing-4 >> "Accept-Encoding: gzip,deflate[\r][\n]"
<2017-09-26 13:04:15> DEBUG [org.apache.http.wire] http-outgoing-4 >> "[\r][\n]"
<2017-09-26 13:04:15> DEBUG [org.apache.http.wire] http-outgoing-4 >> "{"using":"xpath","value":"//*[@id=\"wrapper\"]/div[2]/div[2]/div[5]/ul/li/a/h2"}"
<2017-09-26 13:04:16> DEBUG [org.apache.http.wire] http-outgoing-4 << "HTTP/1.1 200 OK[\r][\n]"
<2017-09-26 13:04:16> DEBUG [org.apache.http.wire] http-outgoing-4 << "Server: nginx[\r][\n]"
<2017-09-26 13:04:16> DEBUG [org.apache.http.wire] http-outgoing-4 << "Date: Tue, 26 Sep 2017 10:04:12 GMT[\r][\n]"
<2017-09-26 13:04:16> DEBUG [org.apache.http.wire] http-outgoing-4 << "Content-Type: application/json;charset=utf-8[\r][\n]"
<2017-09-26 13:04:16> DEBUG [org.apache.http.wire] http-outgoing-4 << "Transfer-Encoding: chunked[\r][\n]"
<2017-09-26 13:04:16> DEBUG [org.apache.http.wire] http-outgoing-4 << "Connection: keep-alive[\r][\n]"
<2017-09-26 13:04:16> DEBUG [org.apache.http.wire] http-outgoing-4 << "Set-Cookie: JSESSIONID=F6E28E4994D1584E597DBDFCCCB1737E; Path=/nexperience/; HttpOnly[\r][\n]"
<2017-09-26 13:04:16> DEBUG [org.apache.http.wire] http-outgoing-4 << "Expires: Thu, 01 Jan 1970 00:00:00 GMT[\r][\n]"
<2017-09-26 13:04:16> DEBUG [org.apache.http.wire] http-outgoing-4 << "Cache-Control: no-cache[\r][\n]"
<2017-09-26 13:04:16> DEBUG [org.apache.http.wire] http-outgoing-4 << "Cache-Control: no-cache[\r][\n]"
<2017-09-26 13:04:16> DEBUG [org.apache.http.wire] http-outgoing-4 << "Expires: Thu, 01 Jan 1970 00:00:00 GMT[\r][\n]"
<2017-09-26 13:04:16> DEBUG [org.apache.http.wire] http-outgoing-4 << "Set-Cookie: fast_failed=true[\r][\n]"
<2017-09-26 13:04:16> DEBUG [org.apache.http.wire] http-outgoing-4 << "X-XSS-Protection: 2; mode=block[\r][\n]"
<2017-09-26 13:04:16> DEBUG [org.apache.http.wire] http-outgoing-4 << "Content-Encoding: gzip[\r][\n]"
<2017-09-26 13:04:16> DEBUG [org.apache.http.wire] http-outgoing-4 << "[\r][\n]"
<2017-09-26 13:04:16> DEBUG [org.apache.http.wire] http-outgoing-4 << "a1[\r][\n]"
<2017-09-26 13:04:16> DEBUG [org.apache.http.wire] http-outgoing-4 << "[0x1f][0x8b][0x8][0x0][0x0][0x0][0x0][0x0][0x0][0x3]-[0x8d][0xcb][0xe][0xc2] [0x10][0x0][0xff]e[0xcf][0x85]@[0xe9][0xb][0xaf][0xa6][0x7][0x13][0xf5]`[0xfc][0x1][0x84]U[0x9b][0xb4]P[0xbb][0xc5]K[0xd3]]]>&#x7f;<![CDATA[w[0xf]^'3[0x99][\r][0x8][0x89][0x86][0x14]O[0x1][0xe]Pwh[0xdb]Zy[0xf1][0xa8]B#*[0xc]V8[0xad][0x8c]P[0xfa]i[0xad][0xc1][0xb6][0xe9]L[0x9][0x5][0xd0][0xea]Vd[0x9d][0xb2][0xf7]\3y[0x1f]S`RjeuY[0x19][0xab][0xb][0xf8][0xba]13[0xda][0xa0]?[0xf7][0x97][0xfe]zg[0xdf][0xc0]^[0x80][0x1f][0x1d]'[0x7]H[0xcb]K[0xa6][0x19][0xe3][0xc7]I[0xc2][0x11][0xe3][0x90]'[0xb9][0xe0][0x94]V[0x94]7[0xa4]9E[0xc2][0xff]*[0xb3][0xae][0xf6][0x1f][0x9d][0x5][0xc7]f[0xaa][0x0][0x0][0x0][\r][\n]"
<2017-09-26 13:04:16> DEBUG [org.apache.http.wire] http-outgoing-4 << "0[\r][\n]"
<2017-09-26 13:04:16> DEBUG [org.apache.http.wire] http-outgoing-4 << "[\r][\n]"
<2017-09-26 13:04:16> DEBUG [org.apache.http.headers] http-outgoing-4 << HTTP/1.1 200 OK
<2017-09-26 13:04:16> DEBUG [org.apache.http.headers] http-outgoing-4 << Server: nginx
<2017-09-26 13:04:16> DEBUG [org.apache.http.headers] http-outgoing-4 << Date: Tue, 26 Sep 2017 10:04:12 GMT
<2017-09-26 13:04:16> DEBUG [org.apache.http.headers] http-outgoing-4 << Content-Type: application/json;charset=utf-8
<2017-09-26 13:04:16> DEBUG [org.apache.http.headers] http-outgoing-4 << Transfer-Encoding: chunked
<2017-09-26 13:04:16> DEBUG [org.apache.http.headers] http-outgoing-4 << Connection: keep-alive
<2017-09-26 13:04:16> DEBUG [org.apache.http.headers] http-outgoing-4 << Set-Cookie: JSESSIONID=F6E28E4994D1584E597DBDFCCCB1737E; Path=/nexperience/; HttpOnly
<2017-09-26 13:04:16> DEBUG [org.apache.http.headers] http-outgoing-4 << Expires: Thu, 01 Jan 1970 00:00:00 GMT
<2017-09-26 13:04:16> DEBUG [org.apache.http.headers] http-outgoing-4 << Cache-Control: no-cache
<2017-09-26 13:04:16> DEBUG [org.apache.http.headers] http-outgoing-4 << Cache-Control: no-cache
<2017-09-26 13:04:16> DEBUG [org.apache.http.headers] http-outgoing-4 << Expires: Thu, 01 Jan 1970 00:00:00 GMT
<2017-09-26 13:04:16> DEBUG [org.apache.http.headers] http-outgoing-4 << Set-Cookie: fast_failed=true
<2017-09-26 13:04:16> DEBUG [org.apache.http.headers] http-outgoing-4 << X-XSS-Protection: 2; mode=block
<2017-09-26 13:04:16> DEBUG [org.apache.http.headers] http-outgoing-4 << Content-Encoding: gzip
<2017-09-26 13:04:16> DEBUG [o.a.h.i.execchain.MainClientExec] Connection can be kept alive indefinitely
<2017-09-26 13:04:16> DEBUG [o.a.h.c.p.ResponseProcessCookies] Cookie accepted [JSESSIONID="F6E28E4994D1584E597DBDFCCCB1737E", version:0, domain:branchtest.perfectomobile.com, path:/nexperience/, expiry:null]
<2017-09-26 13:04:16> DEBUG [o.a.h.c.p.ResponseProcessCookies] Cookie accepted [fast_failed="true", version:0, domain:branchtest.perfectomobile.com, path:/nexperience/perfectomobile/wd/hub/session/58e9750c-b4d6-4ed9-a103-01f993e76832, expiry:null]
<2017-09-26 13:04:16> DEBUG [o.a.h.i.c.PoolingHttpClientConnectionManager] Connection [id: 4][route: {s}->https://branchtest.perfectomobile.com:443] can be kept alive indefinitely
<2017-09-26 13:04:16> DEBUG [o.a.h.i.c.PoolingHttpClientConnectionManager] Connection released: [id: 4][route: {s}->https://branchtest.perfectomobile.com:443][total kept alive: 4; route allocated: 5 of 2000; total allocated: 5 of 2000]
<2017-09-26 13:04:16> DEBUG [o.a.h.c.p.RequestAddCookies] CookieSpec selected: default
<2017-09-26 13:04:16> DEBUG [o.a.h.c.p.RequestAddCookies] Cookie [version: 0][name: JSESSIONID][value: F6E28E4994D1584E597DBDFCCCB1737E][domain: branchtest.perfectomobile.com][path: /nexperience/][expiry: null] match [(secure)branchtest.perfectomobile.com:443/nexperience/perfectomobile/wd/hub/session/58e9750c-b4d6-4ed9-a103-01f993e76832/element/3/click]
<2017-09-26 13:04:16> DEBUG [o.a.h.c.p.RequestAddCookies] Cookie [version: 0][name: fast_failed][value: true][domain: branchtest.perfectomobile.com][path: /nexperience/perfectomobile/wd/hub][expiry: null] match [(secure)branchtest.perfectomobile.com:443/nexperience/perfectomobile/wd/hub/session/58e9750c-b4d6-4ed9-a103-01f993e76832/element/3/click]
<2017-09-26 13:04:16> DEBUG [o.a.h.c.p.RequestAddCookies] Cookie [version: 0][name: fast_failed][value: true][domain: branchtest.perfectomobile.com][path: /nexperience/perfectomobile/wd/hub/session/58e9750c-b4d6-4ed9-a103-01f993e76832][expiry: null] match [(secure)branchtest.perfectomobile.com:443/nexperience/perfectomobile/wd/hub/session/58e9750c-b4d6-4ed9-a103-01f993e76832/element/3/click]
<2017-09-26 13:04:16> DEBUG [o.a.h.c.p.RequestAuthCache] Auth cache not set in the context
<2017-09-26 13:04:16> DEBUG [o.a.h.i.c.PoolingHttpClientConnectionManager] Connection request: [route: {s}->https://branchtest.perfectomobile.com:443][total kept alive: 4; route allocated: 5 of 2000; total allocated: 5 of 2000]
<2017-09-26 13:04:16> DEBUG [o.a.h.i.c.PoolingHttpClientConnectionManager] Connection leased: [id: 4][route: {s}->https://branchtest.perfectomobile.com:443][total kept alive: 3; route allocated: 5 of 2000; total allocated: 5 of 2000]
<2017-09-26 13:04:16> DEBUG [o.a.h.i.execchain.MainClientExec] Stale connection check
<2017-09-26 13:04:16> DEBUG [org.apache.http.wire] http-outgoing-4 << "[read] I/O error: Read timed out"
<2017-09-26 13:04:16> DEBUG [o.a.h.i.c.DefaultManagedHttpClientConnection] http-outgoing-4: set socket timeout to 10800000
<2017-09-26 13:04:16> DEBUG [o.a.h.i.execchain.MainClientExec] Executing request POST /nexperience/perfectomobile/wd/hub/session/58e9750c-b4d6-4ed9-a103-01f993e76832/element/3/click HTTP/1.1
<2017-09-26 13:04:16> DEBUG [o.a.h.i.execchain.MainClientExec] Target auth state: UNCHALLENGED
<2017-09-26 13:04:16> DEBUG [o.a.h.i.execchain.MainClientExec] Proxy auth state: UNCHALLENGED
<2017-09-26 13:04:16> DEBUG [org.apache.http.headers] http-outgoing-4 >> POST /nexperience/perfectomobile/wd/hub/session/58e9750c-b4d6-4ed9-a103-01f993e76832/element/3/click HTTP/1.1
<2017-09-26 13:04:16> DEBUG [org.apache.http.headers] http-outgoing-4 >> Content-Type: application/json; charset=utf-8
<2017-09-26 13:04:16> DEBUG [org.apache.http.headers] http-outgoing-4 >> Content-Length: 10
<2017-09-26 13:04:16> DEBUG [org.apache.http.headers] http-outgoing-4 >> Host: branchtest.perfectomobile.com
<2017-09-26 13:04:16> DEBUG [org.apache.http.headers] http-outgoing-4 >> Connection: Keep-Alive
<2017-09-26 13:04:16> DEBUG [org.apache.http.headers] http-outgoing-4 >> User-Agent: Apache-HttpClient/4.5.2 (Java/1.8.0_121)
<2017-09-26 13:04:16> DEBUG [org.apache.http.headers] http-outgoing-4 >> Cookie: JSESSIONID=F6E28E4994D1584E597DBDFCCCB1737E; fast_failed=true; fast_failed=true
<2017-09-26 13:04:16> DEBUG [org.apache.http.headers] http-outgoing-4 >> Accept-Encoding: gzip,deflate
<2017-09-26 13:04:16> DEBUG [org.apache.http.wire] http-outgoing-4 >> "POST /nexperience/perfectomobile/wd/hub/session/58e9750c-b4d6-4ed9-a103-01f993e76832/element/3/click HTTP/1.1[\r][\n]"
<2017-09-26 13:04:16> DEBUG [org.apache.http.wire] http-outgoing-4 >> "Content-Type: application/json; charset=utf-8[\r][\n]"
<2017-09-26 13:04:16> DEBUG [org.apache.http.wire] http-outgoing-4 >> "Content-Length: 10[\r][\n]"
<2017-09-26 13:04:16> DEBUG [org.apache.http.wire] http-outgoing-4 >> "Host: branchtest.perfectomobile.com[\r][\n]"
<2017-09-26 13:04:16> DEBUG [org.apache.http.wire] http-outgoing-4 >> "Connection: Keep-Alive[\r][\n]"
<2017-09-26 13:04:16> DEBUG [org.apache.http.wire] http-outgoing-4 >> "User-Agent: Apache-HttpClient/4.5.2 (Java/1.8.0_121)[\r][\n]"
<2017-09-26 13:04:16> DEBUG [org.apache.http.wire] http-outgoing-4 >> "Cookie: JSESSIONID=F6E28E4994D1584E597DBDFCCCB1737E; fast_failed=true; fast_failed=true[\r][\n]"
<2017-09-26 13:04:16> DEBUG [org.apache.http.wire] http-outgoing-4 >> "Accept-Encoding: gzip,deflate[\r][\n]"
<2017-09-26 13:04:16> DEBUG [org.apache.http.wire] http-outgoing-4 >> "[\r][\n]"
<2017-09-26 13:04:16> DEBUG [org.apache.http.wire] http-outgoing-4 >> "{"id":"3"}"
<2017-09-26 13:04:17> DEBUG [o.a.h.c.p.RequestAddCookies] CookieSpec selected: default
<2017-09-26 13:04:17> DEBUG [o.a.h.c.p.RequestAddCookies] Cookie [version: 0][name: JSESSIONID][value: F6E28E4994D1584E597DBDFCCCB1737E][domain: branchtest.perfectomobile.com][path: /nexperience/][expiry: null] match [(secure)branchtest.perfectomobile.com:443/nexperience/perfectomobile/wd/hub/session/bd4c83dd-b9d3-4ad2-9259-43a8e935cecf/execute]
<2017-09-26 13:04:17> DEBUG [o.a.h.c.p.RequestAddCookies] Cookie [version: 0][name: fast_failed][value: true][domain: branchtest.perfectomobile.com][path: /nexperience/perfectomobile/wd/hub][expiry: null] match [(secure)branchtest.perfectomobile.com:443/nexperience/perfectomobile/wd/hub/session/bd4c83dd-b9d3-4ad2-9259-43a8e935cecf/execute]
<2017-09-26 13:04:17> DEBUG [o.a.h.c.p.RequestAddCookies] Cookie [version: 0][name: fast_failed][value: true][domain: branchtest.perfectomobile.com][path: /nexperience/perfectomobile/wd/hub/session/bd4c83dd-b9d3-4ad2-9259-43a8e935cecf][expiry: null] match [(secure)branchtest.perfectomobile.com:443/nexperience/perfectomobile/wd/hub/session/bd4c83dd-b9d3-4ad2-9259-43a8e935cecf/execute]
<2017-09-26 13:04:17> DEBUG [o.a.h.c.p.RequestAuthCache] Auth cache not set in the context
<2017-09-26 13:04:17> DEBUG [o.a.h.i.c.PoolingHttpClientConnectionManager] Connection request: [route: {s}->https://branchtest.perfectomobile.com:443][total kept alive: 3; route allocated: 5 of 2000; total allocated: 5 of 2000]
<2017-09-26 13:04:17> DEBUG [o.a.h.c.p.RequestAddCookies] CookieSpec selected: default
<2017-09-26 13:04:17> DEBUG [o.a.h.c.p.RequestAddCookies] Cookie [version: 0][name: JSESSIONID][value: F6E28E4994D1584E597DBDFCCCB1737E][domain: branchtest.perfectomobile.com][path: /nexperience/][expiry: null] match [(secure)branchtest.perfectomobile.com:443/nexperience/perfectomobile/wd/hub/session/9653146c-9d83-4061-80ff-76b8ef1fd249/execute]
<2017-09-26 13:04:17> DEBUG [o.a.h.c.p.RequestAddCookies] Cookie [version: 0][name: fast_failed][value: true][domain: branchtest.perfectomobile.com][path: /nexperience/perfectomobile/wd/hub][expiry: null] match [(secure)branchtest.perfectomobile.com:443/nexperience/perfectomobile/wd/hub/session/9653146c-9d83-4061-80ff-76b8ef1fd249/execute]
<2017-09-26 13:04:17> DEBUG [o.a.h.c.p.RequestAddCookies] Cookie [version: 0][name: fast_failed][value: true][domain: branchtest.perfectomobile.com][path: /nexperience/perfectomobile/wd/hub/session/9653146c-9d83-4061-80ff-76b8ef1fd249][expiry: null] match [(secure)branchtest.perfectomobile.com:443/nexperience/perfectomobile/wd/hub/session/9653146c-9d83-4061-80ff-76b8ef1fd249/execute]
<2017-09-26 13:04:17> DEBUG [org.apache.http.wire] http-outgoing-2 << "[read] I/O error: Read timed out"
<2017-09-26 13:04:17> DEBUG [o.a.h.c.p.RequestAuthCache] Auth cache not set in the context
<2017-09-26 13:04:17> DEBUG [o.a.h.i.c.PoolingHttpClientConnectionManager] Connection leased: [id: 2][route: {s}->https://branchtest.perfectomobile.com:443][total kept alive: 2; route allocated: 5 of 2000; total allocated: 5 of 2000]
<2017-09-26 13:04:17> DEBUG [o.a.h.i.c.PoolingHttpClientConnectionManager] Connection request: [route: {s}->https://branchtest.perfectomobile.com:443][total kept alive: 2; route allocated: 5 of 2000; total allocated: 5 of 2000]
<2017-09-26 13:04:17> DEBUG [o.a.h.i.execchain.MainClientExec] Stale connection check
<2017-09-26 13:04:17> DEBUG [org.apache.http.wire] http-outgoing-0 << "[read] I/O error: Read timed out"
<2017-09-26 13:04:17> DEBUG [org.apache.http.wire] http-outgoing-2 << "[read] I/O error: Read timed out"
<2017-09-26 13:04:17> DEBUG [o.a.h.i.c.DefaultManagedHttpClientConnection] http-outgoing-2: set socket timeout to 10800000
<2017-09-26 13:04:17> DEBUG [o.a.h.i.c.PoolingHttpClientConnectionManager] Connection leased: [id: 0][route: {s}->https://branchtest.perfectomobile.com:443][total kept alive: 1; route allocated: 5 of 2000; total allocated: 5 of 2000]
<2017-09-26 13:04:17> DEBUG [o.a.h.i.execchain.MainClientExec] Stale connection check
<2017-09-26 13:04:17> DEBUG [o.a.h.i.execchain.MainClientExec] Executing request POST /nexperience/perfectomobile/wd/hub/session/bd4c83dd-b9d3-4ad2-9259-43a8e935cecf/execute HTTP/1.1
<2017-09-26 13:04:17> DEBUG [o.a.h.i.execchain.MainClientExec] Target auth state: UNCHALLENGED
<2017-09-26 13:04:17> DEBUG [o.a.h.i.execchain.MainClientExec] Proxy auth state: UNCHALLENGED
<2017-09-26 13:04:17> DEBUG [org.apache.http.headers] http-outgoing-2 >> POST /nexperience/perfectomobile/wd/hub/session/bd4c83dd-b9d3-4ad2-9259-43a8e935cecf/execute HTTP/1.1
<2017-09-26 13:04:17> DEBUG [org.apache.http.headers] http-outgoing-2 >> Content-Type: application/json; charset=utf-8
<2017-09-26 13:04:17> DEBUG [org.apache.http.headers] http-outgoing-2 >> Content-Length: 54
<2017-09-26 13:04:17> DEBUG [org.apache.http.headers] http-outgoing-2 >> Host: branchtest.perfectomobile.com
<2017-09-26 13:04:17> DEBUG [org.apache.http.headers] http-outgoing-2 >> Connection: Keep-Alive
<2017-09-26 13:04:17> DEBUG [org.apache.http.headers] http-outgoing-2 >> User-Agent: Apache-HttpClient/4.5.2 (Java/1.8.0_121)
<2017-09-26 13:04:17> DEBUG [org.apache.http.headers] http-outgoing-2 >> Cookie: JSESSIONID=F6E28E4994D1584E597DBDFCCCB1737E; fast_failed=true; fast_failed=true
<2017-09-26 13:04:17> DEBUG [org.apache.http.headers] http-outgoing-2 >> Accept-Encoding: gzip,deflate
<2017-09-26 13:04:17> DEBUG [org.apache.http.wire] http-outgoing-2 >> "POST /nexperience/perfectomobile/wd/hub/session/bd4c83dd-b9d3-4ad2-9259-43a8e935cecf/execute HTTP/1.1[\r][\n]"
<2017-09-26 13:04:17> DEBUG [org.apache.http.wire] http-outgoing-2 >> "Content-Type: application/json; charset=utf-8[\r][\n]"
<2017-09-26 13:04:17> DEBUG [org.apache.http.wire] http-outgoing-2 >> "Content-Length: 54[\r][\n]"
<2017-09-26 13:04:17> DEBUG [org.apache.http.wire] http-outgoing-2 >> "Host: branchtest.perfectomobile.com[\r][\n]"
<2017-09-26 13:04:17> DEBUG [org.apache.http.wire] http-outgoing-2 >> "Connection: Keep-Alive[\r][\n]"
<2017-09-26 13:04:17> DEBUG [org.apache.http.wire] http-outgoing-2 >> "User-Agent: Apache-HttpClient/4.5.2 (Java/1.8.0_121)[\r][\n]"
<2017-09-26 13:04:17> DEBUG [org.apache.http.wire] http-outgoing-2 >> "Cookie: JSESSIONID=F6E28E4994D1584E597DBDFCCCB1737E; fast_failed=true; fast_failed=true[\r][\n]"
<2017-09-26 13:04:17> DEBUG [org.apache.http.wire] http-outgoing-2 >> "Accept-Encoding: gzip,deflate[\r][\n]"
<2017-09-26 13:04:17> DEBUG [org.apache.http.wire] http-outgoing-2 >> "[\r][\n]"
<2017-09-26 13:04:17> DEBUG [org.apache.http.wire] http-outgoing-2 >> "{"script":"mobile:step:end","args":[{"message":null}]}"
<2017-09-26 13:04:17> DEBUG [org.apache.http.wire] http-outgoing-0 << "[read] I/O error: Read timed out"
<2017-09-26 13:04:17> DEBUG [o.a.h.i.c.DefaultManagedHttpClientConnection] http-outgoing-0: set socket timeout to 10800000
<2017-09-26 13:04:17> DEBUG [o.a.h.i.execchain.MainClientExec] Executing request POST /nexperience/perfectomobile/wd/hub/session/9653146c-9d83-4061-80ff-76b8ef1fd249/execute HTTP/1.1
<2017-09-26 13:04:17> DEBUG [o.a.h.i.execchain.MainClientExec] Target auth state: UNCHALLENGED
<2017-09-26 13:04:17> DEBUG [o.a.h.i.execchain.MainClientExec] Proxy auth state: UNCHALLENGED
<2017-09-26 13:04:17> DEBUG [org.apache.http.headers] http-outgoing-0 >> POST /nexperience/perfectomobile/wd/hub/session/9653146c-9d83-4061-80ff-76b8ef1fd249/execute HTTP/1.1
<2017-09-26 13:04:17> DEBUG [org.apache.http.headers] http-outgoing-0 >> Content-Type: application/json; charset=utf-8
<2017-09-26 13:04:17> DEBUG [org.apache.http.headers] http-outgoing-0 >> Content-Length: 54
<2017-09-26 13:04:17> DEBUG [org.apache.http.headers] http-outgoing-0 >> Host: branchtest.perfectomobile.com
<2017-09-26 13:04:17> DEBUG [org.apache.http.headers] http-outgoing-0 >> Connection: Keep-Alive
<2017-09-26 13:04:17> DEBUG [org.apache.http.headers] http-outgoing-0 >> User-Agent: Apache-HttpClient/4.5.2 (Java/1.8.0_121)
<2017-09-26 13:04:17> DEBUG [org.apache.http.headers] http-outgoing-0 >> Cookie: JSESSIONID=F6E28E4994D1584E597DBDFCCCB1737E; fast_failed=true; fast_failed=true
<2017-09-26 13:04:17> DEBUG [org.apache.http.headers] http-outgoing-0 >> Accept-Encoding: gzip,deflate
<2017-09-26 13:04:17> DEBUG [org.apache.http.wire] http-outgoing-0 >> "POST /nexperience/perfectomobile/wd/hub/session/9653146c-9d83-4061-80ff-76b8ef1fd249/execute HTTP/1.1[\r][\n]"
<2017-09-26 13:04:17> DEBUG [org.apache.http.wire] http-outgoing-0 >> "Content-Type: application/json; charset=utf-8[\r][\n]"
<2017-09-26 13:04:17> DEBUG [org.apache.http.wire] http-outgoing-0 >> "Content-Length: 54[\r][\n]"
<2017-09-26 13:04:17> DEBUG [org.apache.http.wire] http-outgoing-0 >> "Host: branchtest.perfectomobile.com[\r][\n]"
<2017-09-26 13:04:17> DEBUG [org.apache.http.wire] http-outgoing-0 >> "Connection: Keep-Alive[\r][\n]"
<2017-09-26 13:04:17> DEBUG [org.apache.http.wire] http-outgoing-0 >> "User-Agent: Apache-HttpClient/4.5.2 (Java/1.8.0_121)[\r][\n]"
<2017-09-26 13:04:17> DEBUG [org.apache.http.wire] http-outgoing-0 >> "Cookie: JSESSIONID=F6E28E4994D1584E597DBDFCCCB1737E; fast_failed=true; fast_failed=true[\r][\n]"
<2017-09-26 13:04:17> DEBUG [org.apache.http.wire] http-outgoing-0 >> "Accept-Encoding: gzip,deflate[\r][\n]"
<2017-09-26 13:04:17> DEBUG [org.apache.http.wire] http-outgoing-0 >> "[\r][\n]"
<2017-09-26 13:04:17> DEBUG [org.apache.http.wire] http-outgoing-0 >> "{"script":"mobile:step:end","args":[{"message":null}]}"
<2017-09-26 13:04:17> DEBUG [org.apache.http.wire] http-outgoing-2 << "HTTP/1.1 200 OK[\r][\n]"
<2017-09-26 13:04:17> DEBUG [org.apache.http.wire] http-outgoing-2 << "Server: nginx[\r][\n]"
<2017-09-26 13:04:17> DEBUG [org.apache.http.wire] http-outgoing-2 << "Date: Tue, 26 Sep 2017 10:04:13 GMT[\r][\n]"
<2017-09-26 13:04:17> DEBUG [org.apache.http.wire] http-outgoing-2 << "Content-Type: application/json;charset=utf-8[\r][\n]"
<2017-09-26 13:04:17> DEBUG [org.apache.http.wire] http-outgoing-2 << "Transfer-Encoding: chunked[\r][\n]"
<2017-09-26 13:04:17> DEBUG [org.apache.http.wire] http-outgoing-2 << "Connection: keep-alive[\r][\n]"
<2017-09-26 13:04:17> DEBUG [org.apache.http.wire] http-outgoing-2 << "Set-Cookie: JSESSIONID=F6E28E4994D1584E597DBDFCCCB1737E; Path=/nexperience/; HttpOnly[\r][\n]"
<2017-09-26 13:04:17> DEBUG [org.apache.http.wire] http-outgoing-2 << "Expires: Thu, 01 Jan 1970 00:00:00 GMT[\r][\n]"
<2017-09-26 13:04:17> DEBUG [org.apache.http.wire] http-outgoing-2 << "Cache-Control: no-cache[\r][\n]"
<2017-09-26 13:04:17> DEBUG [org.apache.http.wire] http-outgoing-2 << "Cache-Control: no-cache[\r][\n]"
<2017-09-26 13:04:17> DEBUG [org.apache.http.wire] http-outgoing-2 << "Expires: Thu, 01 Jan 1970 00:00:00 GMT[\r][\n]"
<2017-09-26 13:04:17> DEBUG [org.apache.http.wire] http-outgoing-2 << "Set-Cookie: fast_failed=true[\r][\n]"
<2017-09-26 13:04:17> DEBUG [org.apache.http.wire] http-outgoing-2 << "X-XSS-Protection: 2; mode=block[\r][\n]"
<2017-09-26 13:04:17> DEBUG [org.apache.http.wire] http-outgoing-2 << "Content-Encoding: gzip[\r][\n]"
<2017-09-26 13:04:17> DEBUG [org.apache.http.wire] http-outgoing-2 << "[\r][\n]"
<2017-09-26 13:04:17> DEBUG [org.apache.http.wire] http-outgoing-2 << "95[\r][\n]"
<2017-09-26 13:04:17> DEBUG [org.apache.http.wire] http-outgoing-2 << "[0x1f][0x8b][0x8][0x0][0x0][0x0][0x0][0x0][0x0][0x3]-[0xcc]1[0x12][0xc2] [0x10][0x85][0xe1][0xbb]l[\r][0x8c][0x9][0xc4][0x84][0xb4]V[0xb6][0xde][0x80][0xb0][0xab]f[0x86]@[0xcc][0x82][0x8d][0xe3][0xdd][0xdd][0xc2][0xf6][0x9f][0xef][0xbd][0xf]01[0xaf]%_[0x11]fX[0xd0][0xc5][0xc9]"[0xea][0xc5][0xa3][0xd5].`[0xaf]}?x[0xed]l[0x98][0xc8][0xdb]!R[0xbc][0x83][0x2][0xae][0xa1][0x92]pn1[0xca]Z[0xca][0xf3]RPJo[0xcf][0x9d][0xeb]F7*x[0x87][0xd4][0xa4][0xe4][0x96][0x92][0x82][0x98][0x82][0xb0][0x19][0xca][0xf1]0e[0xa7][0xfc][\n]"
<2017-09-26 13:04:17> DEBUG [org.apache.http.wire] http-outgoing-2 << "[0x86])Q^[0xdb]f[0xe][0xda]J%s#[0xde]Kf[0xfa][0xdf]7[0xe1][0xa7][0xef][0xf][0x8d][0xf1][0xeb][0xad][0x9e][0x0][0x0][0x0][\r][\n]"
<2017-09-26 13:04:17> DEBUG [org.apache.http.wire] http-outgoing-2 << "0[\r][\n]"
<2017-09-26 13:04:17> DEBUG [org.apache.http.wire] http-outgoing-2 << "[\r][\n]"
<2017-09-26 13:04:17> DEBUG [org.apache.http.headers] http-outgoing-2 << HTTP/1.1 200 OK
<2017-09-26 13:04:17> DEBUG [org.apache.http.headers] http-outgoing-2 << Server: nginx
<2017-09-26 13:04:17> DEBUG [org.apache.http.headers] http-outgoing-2 << Date: Tue, 26 Sep 2017 10:04:13 GMT
<2017-09-26 13:04:17> DEBUG [org.apache.http.headers] http-outgoing-2 << Content-Type: application/json;charset=utf-8
<2017-09-26 13:04:17> DEBUG [org.apache.http.headers] http-outgoing-2 << Transfer-Encoding: chunked
<2017-09-26 13:04:17> DEBUG [org.apache.http.headers] http-outgoing-2 << Connection: keep-alive
<2017-09-26 13:04:17> DEBUG [org.apache.http.headers] http-outgoing-2 << Set-Cookie: JSESSIONID=F6E28E4994D1584E597DBDFCCCB1737E; Path=/nexperience/; HttpOnly
<2017-09-26 13:04:17> DEBUG [org.apache.http.headers] http-outgoing-2 << Expires: Thu, 01 Jan 1970 00:00:00 GMT
<2017-09-26 13:04:17> DEBUG [org.apache.http.headers] http-outgoing-2 << Cache-Control: no-cache
<2017-09-26 13:04:17> DEBUG [org.apache.http.headers] http-outgoing-2 << Cache-Control: no-cache
<2017-09-26 13:04:17> DEBUG [org.apache.http.headers] http-outgoing-2 << Expires: Thu, 01 Jan 1970 00:00:00 GMT
<2017-09-26 13:04:17> DEBUG [org.apache.http.headers] http-outgoing-2 << Set-Cookie: fast_failed=true
<2017-09-26 13:04:17> DEBUG [org.apache.http.headers] http-outgoing-2 << X-XSS-Protection: 2; mode=block
<2017-09-26 13:04:17> DEBUG [org.apache.http.headers] http-outgoing-2 << Content-Encoding: gzip
<2017-09-26 13:04:17> DEBUG [o.a.h.i.execchain.MainClientExec] Connection can be kept alive indefinitely
<2017-09-26 13:04:17> DEBUG [o.a.h.c.p.ResponseProcessCookies] Cookie accepted [JSESSIONID="F6E28E4994D1584E597DBDFCCCB1737E", version:0, domain:branchtest.perfectomobile.com, path:/nexperience/, expiry:null]
<2017-09-26 13:04:17> DEBUG [o.a.h.c.p.ResponseProcessCookies] Cookie accepted [fast_failed="true", version:0, domain:branchtest.perfectomobile.com, path:/nexperience/perfectomobile/wd/hub/session/bd4c83dd-b9d3-4ad2-9259-43a8e935cecf, expiry:null]
<2017-09-26 13:04:17> DEBUG [o.a.h.i.c.PoolingHttpClientConnectionManager] Connection [id: 2][route: {s}->https://branchtest.perfectomobile.com:443] can be kept alive indefinitely
<2017-09-26 13:04:17> DEBUG [o.a.h.i.c.PoolingHttpClientConnectionManager] Connection released: [id: 2][route: {s}->https://branchtest.perfectomobile.com:443][total kept alive: 2; route allocated: 5 of 2000; total allocated: 5 of 2000]
<2017-09-26 13:04:17> DEBUG [org.apache.http.wire] http-outgoing-0 << "HTTP/1.1 200 OK[\r][\n]"
<2017-09-26 13:04:17> DEBUG [o.a.h.c.p.RequestAddCookies] CookieSpec selected: default
<2017-09-26 13:04:17> DEBUG [org.apache.http.wire] http-outgoing-0 << "Server: nginx[\r][\n]"
<2017-09-26 13:04:17> DEBUG [o.a.h.c.p.RequestAddCookies] Cookie [version: 0][name: JSESSIONID][value: F6E28E4994D1584E597DBDFCCCB1737E][domain: branchtest.perfectomobile.com][path: /nexperience/][expiry: null] match [(secure)branchtest.perfectomobile.com:443/nexperience/perfectomobile/wd/hub/session/bd4c83dd-b9d3-4ad2-9259-43a8e935cecf/execute]
<2017-09-26 13:04:17> DEBUG [org.apache.http.wire] http-outgoing-0 << "Date: Tue, 26 Sep 2017 10:04:13 GMT[\r][\n]"
<2017-09-26 13:04:17> DEBUG [o.a.h.c.p.RequestAddCookies] Cookie [version: 0][name: fast_failed][value: true][domain: branchtest.perfectomobile.com][path: /nexperience/perfectomobile/wd/hub][expiry: null] match [(secure)branchtest.perfectomobile.com:443/nexperience/perfectomobile/wd/hub/session/bd4c83dd-b9d3-4ad2-9259-43a8e935cecf/execute]
<2017-09-26 13:04:17> DEBUG [org.apache.http.wire] http-outgoing-0 << "Content-Type: application/json;charset=utf-8[\r][\n]"
<2017-09-26 13:04:17> DEBUG [o.a.h.c.p.RequestAddCookies] Cookie [version: 0][name: fast_failed][value: true][domain: branchtest.perfectomobile.com][path: /nexperience/perfectomobile/wd/hub/session/bd4c83dd-b9d3-4ad2-9259-43a8e935cecf][expiry: null] match [(secure)branchtest.perfectomobile.com:443/nexperience/perfectomobile/wd/hub/session/bd4c83dd-b9d3-4ad2-9259-43a8e935cecf/execute]
<2017-09-26 13:04:17> DEBUG [org.apache.http.wire] http-outgoing-0 << "Transfer-Encoding: chunked[\r][\n]"
<2017-09-26 13:04:17> DEBUG [o.a.h.c.p.RequestAuthCache] Auth cache not set in the context
<2017-09-26 13:04:17> DEBUG [org.apache.http.wire] http-outgoing-0 << "Connection: keep-alive[\r][\n]"
<2017-09-26 13:04:17> DEBUG [o.a.h.i.c.PoolingHttpClientConnectionManager] Connection request: [route: {s}->https://branchtest.perfectomobile.com:443][total kept alive: 2; route allocated: 5 of 2000; total allocated: 5 of 2000]
<2017-09-26 13:04:17> DEBUG [org.apache.http.wire] http-outgoing-0 << "Set-Cookie: JSESSIONID=F6E28E4994D1584E597DBDFCCCB1737E; Path=/nexperience/; HttpOnly[\r][\n]"
<2017-09-26 13:04:17> DEBUG [org.apache.http.wire] http-outgoing-0 << "Expires: Thu, 01 Jan 1970 00:00:00 GMT[\r][\n]"
<2017-09-26 13:04:17> DEBUG [org.apache.http.wire] http-outgoing-0 << "Cache-Control: no-cache[\r][\n]"
<2017-09-26 13:04:17> DEBUG [org.apache.http.wire] http-outgoing-0 << "Cache-Control: no-cache[\r][\n]"
<2017-09-26 13:04:17> DEBUG [org.apache.http.wire] http-outgoing-0 << "Expires: Thu, 01 Jan 1970 00:00:00 GMT[\r][\n]"
<2017-09-26 13:04:17> DEBUG [org.apache.http.wire] http-outgoing-0 << "Set-Cookie: fast_failed=true[\r][\n]"
<2017-09-26 13:04:17> DEBUG [org.apache.http.wire] http-outgoing-0 << "X-XSS-Protection: 2; mode=block[\r][\n]"
<2017-09-26 13:04:17> DEBUG [org.apache.http.wire] http-outgoing-0 << "Content-Encoding: gzip[\r][\n]"
<2017-09-26 13:04:17> DEBUG [o.a.h.i.c.PoolingHttpClientConnectionManager] Connection leased: [id: 2][route: {s}->https://branchtest.perfectomobile.com:443][total kept alive: 1; route allocated: 5 of 2000; total allocated: 5 of 2000]
<2017-09-26 13:04:17> DEBUG [org.apache.http.wire] http-outgoing-0 << "[\r][\n]"
<2017-09-26 13:04:17> DEBUG [o.a.h.i.execchain.MainClientExec] Stale connection check
<2017-09-26 13:04:17> DEBUG [org.apache.http.wire] http-outgoing-0 << "94[\r][\n]"
<2017-09-26 13:04:17> DEBUG [org.apache.http.wire] http-outgoing-0 << "[0x1f][0x8b][0x8][0x0][0x0][0x0][0x0][0x0][0x0][0x3]-[0x8c]1[0x12][0xc2] [0x10][0x0][0xff]r50[0x90]D[0x84][0xb4]V[0xb6][0xfe][0x0][0xe1][0xd0][0xcc][0x10][0x88][0xb9]`[0xe3][0xf8]w[0xaf][0xb0][0xdd][0xd9][0xdd][0xf][0x10][0x12]-[0xad]^[0x13][0xcc][0xe0][0xed]i4[0x93][0x8d][0xd2]'7[0xca]I[#[0x9d][0xce]Y[0x9e][0xed][0xdd]a69[\r][0x93][0x7][0x1]t[0x84][0x3]Y[0xa7][0x1e]#[0xd7]L[0x9e][0x97][0x96][0x98][0x18][0xe3][0xf8]`[0x7]=[0x8]x[0x87][0xd2][0x19][0xd5]^[0x8a][0x80]X[0x2]{3[0xb4][0xfd][0xa1][0xda][0x86][0xf5][0x15][0x14]a[0xc1][0xba][0xf4]U[0xed][0xb8][0xb6][0x3][0xd5][\r]ik[0x95][0xf0][0xff][0xef][0xac][0xeb][0xef][0xf][0xba][0xbf]U[0xa7][0x9f][0x0][0x0][0x0][\r][\n]"
<2017-09-26 13:04:17> DEBUG [org.apache.http.wire] http-outgoing-0 << "0[\r][\n]"
<2017-09-26 13:04:17> DEBUG [org.apache.http.wire] http-outgoing-0 << "[\r][\n]"
<2017-09-26 13:04:17> DEBUG [org.apache.http.headers] http-outgoing-0 << HTTP/1.1 200 OK
<2017-09-26 13:04:17> DEBUG [org.apache.http.headers] http-outgoing-0 << Server: nginx
<2017-09-26 13:04:17> DEBUG [org.apache.http.headers] http-outgoing-0 << Date: Tue, 26 Sep 2017 10:04:13 GMT
<2017-09-26 13:04:17> DEBUG [org.apache.http.headers] http-outgoing-0 << Content-Type: application/json;charset=utf-8
<2017-09-26 13:04:17> DEBUG [org.apache.http.headers] http-outgoing-0 << Transfer-Encoding: chunked
<2017-09-26 13:04:17> DEBUG [org.apache.http.headers] http-outgoing-0 << Connection: keep-alive
<2017-09-26 13:04:17> DEBUG [org.apache.http.headers] http-outgoing-0 << Set-Cookie: JSESSIONID=F6E28E4994D1584E597DBDFCCCB1737E; Path=/nexperience/; HttpOnly
<2017-09-26 13:04:17> DEBUG [org.apache.http.headers] http-outgoing-0 << Expires: Thu, 01 Jan 1970 00:00:00 GMT
<2017-09-26 13:04:17> DEBUG [org.apache.http.headers] http-outgoing-0 << Cache-Control: no-cache
<2017-09-26 13:04:17> DEBUG [org.apache.http.headers] http-outgoing-0 << Cache-Control: no-cache
<2017-09-26 13:04:17> DEBUG [org.apache.http.headers] http-outgoing-0 << Expires: Thu, 01 Jan 1970 00:00:00 GMT
<2017-09-26 13:04:17> DEBUG [org.apache.http.headers] http-outgoing-0 << Set-Cookie: fast_failed=true
<2017-09-26 13:04:17> DEBUG [org.apache.http.headers] http-outgoing-0 << X-XSS-Protection: 2; mode=block
<2017-09-26 13:04:17> DEBUG [org.apache.http.headers] http-outgoing-0 << Content-Encoding: gzip
<2017-09-26 13:04:17> DEBUG [o.a.h.i.execchain.MainClientExec] Connection can be kept alive indefinitely
<2017-09-26 13:04:17> DEBUG [o.a.h.c.p.ResponseProcessCookies] Cookie accepted [JSESSIONID="F6E28E4994D1584E597DBDFCCCB1737E", version:0, domain:branchtest.perfectomobile.com, path:/nexperience/, expiry:null]
<2017-09-26 13:04:17> DEBUG [o.a.h.c.p.ResponseProcessCookies] Cookie accepted [fast_failed="true", version:0, domain:branchtest.perfectomobile.com, path:/nexperience/perfectomobile/wd/hub/session/9653146c-9d83-4061-80ff-76b8ef1fd249, expiry:null]
<2017-09-26 13:04:17> DEBUG [o.a.h.i.c.PoolingHttpClientConnectionManager] Connection [id: 0][route: {s}->https://branchtest.perfectomobile.com:443] can be kept alive indefinitely
<2017-09-26 13:04:17> DEBUG [o.a.h.i.c.PoolingHttpClientConnectionManager] Connection released: [id: 0][route: {s}->https://branchtest.perfectomobile.com:443][total kept alive: 2; route allocated: 5 of 2000; total allocated: 5 of 2000]
<2017-09-26 13:04:17> DEBUG [org.apache.http.wire] http-outgoing-2 << "[read] I/O error: Read timed out"
<2017-09-26 13:04:17> DEBUG [o.a.h.i.c.DefaultManagedHttpClientConnection] http-outgoing-2: set socket timeout to 10800000
<2017-09-26 13:04:17> DEBUG [o.a.h.i.execchain.MainClientExec] Executing request POST /nexperience/perfectomobile/wd/hub/session/bd4c83dd-b9d3-4ad2-9259-43a8e935cecf/execute HTTP/1.1
<2017-09-26 13:04:17> DEBUG [o.a.h.i.execchain.MainClientExec] Target auth state: UNCHALLENGED
<2017-09-26 13:04:17> DEBUG [o.a.h.i.execchain.MainClientExec] Proxy auth state: UNCHALLENGED
<2017-09-26 13:04:17> DEBUG [org.apache.http.headers] http-outgoing-2 >> POST /nexperience/perfectomobile/wd/hub/session/bd4c83dd-b9d3-4ad2-9259-43a8e935cecf/execute HTTP/1.1
<2017-09-26 13:04:17> DEBUG [org.apache.http.headers] http-outgoing-2 >> Content-Type: application/json; charset=utf-8
<2017-09-26 13:04:17> DEBUG [org.apache.http.headers] http-outgoing-2 >> Content-Length: 68
<2017-09-26 13:04:17> DEBUG [org.apache.http.headers] http-outgoing-2 >> Host: branchtest.perfectomobile.com
<2017-09-26 13:04:17> DEBUG [org.apache.http.headers] http-outgoing-2 >> Connection: Keep-Alive
<2017-09-26 13:04:17> DEBUG [org.apache.http.headers] http-outgoing-2 >> User-Agent: Apache-HttpClient/4.5.2 (Java/1.8.0_121)
<2017-09-26 13:04:17> DEBUG [org.apache.http.headers] http-outgoing-2 >> Cookie: JSESSIONID=F6E28E4994D1584E597DBDFCCCB1737E; fast_failed=true; fast_failed=true
<2017-09-26 13:04:17> DEBUG [org.apache.http.headers] http-outgoing-2 >> Accept-Encoding: gzip,deflate
<2017-09-26 13:04:17> DEBUG [org.apache.http.wire] http-outgoing-2 >> "POST /nexperience/perfectomobile/wd/hub/session/bd4c83dd-b9d3-4ad2-9259-43a8e935cecf/execute HTTP/1.1[\r][\n]"
<2017-09-26 13:04:17> DEBUG [org.apache.http.wire] http-outgoing-2 >> "Content-Type: application/json; charset=utf-8[\r][\n]"
<2017-09-26 13:04:17> DEBUG [org.apache.http.wire] http-outgoing-2 >> "Content-Length: 68[\r][\n]"
<2017-09-26 13:04:17> DEBUG [org.apache.http.wire] http-outgoing-2 >> "Host: branchtest.perfectomobile.com[\r][\n]"
<2017-09-26 13:04:17> DEBUG [org.apache.http.wire] http-outgoing-2 >> "Connection: Keep-Alive[\r][\n]"
<2017-09-26 13:04:17> DEBUG [org.apache.http.wire] http-outgoing-2 >> "User-Agent: Apache-HttpClient/4.5.2 (Java/1.8.0_121)[\r][\n]"
<2017-09-26 13:04:17> DEBUG [org.apache.http.wire] http-outgoing-2 >> "Cookie: JSESSIONID=F6E28E4994D1584E597DBDFCCCB1737E; fast_failed=true; fast_failed=true[\r][\n]"
<2017-09-26 13:04:17> DEBUG [org.apache.http.wire] http-outgoing-2 >> "Accept-Encoding: gzip,deflate[\r][\n]"
<2017-09-26 13:04:17> DEBUG [org.apache.http.wire] http-outgoing-2 >> "[\r][\n]"
<2017-09-26 13:04:17> DEBUG [org.apache.http.wire] http-outgoing-2 >> "{"script":"mobile:step:start","args":[{"name":"Test Registration"}]}"
<2017-09-26 13:04:17> DEBUG [o.a.h.c.p.RequestAddCookies] CookieSpec selected: default
<2017-09-26 13:04:17> DEBUG [o.a.h.c.p.RequestAddCookies] Cookie [version: 0][name: JSESSIONID][value: F6E28E4994D1584E597DBDFCCCB1737E][domain: branchtest.perfectomobile.com][path: /nexperience/][expiry: null] match [(secure)branchtest.perfectomobile.com:443/nexperience/perfectomobile/wd/hub/session/9653146c-9d83-4061-80ff-76b8ef1fd249/execute]
<2017-09-26 13:04:17> DEBUG [o.a.h.c.p.RequestAddCookies] Cookie [version: 0][name: fast_failed][value: true][domain: branchtest.perfectomobile.com][path: /nexperience/perfectomobile/wd/hub][expiry: null] match [(secure)branchtest.perfectomobile.com:443/nexperience/perfectomobile/wd/hub/session/9653146c-9d83-4061-80ff-76b8ef1fd249/execute]
<2017-09-26 13:04:17> DEBUG [o.a.h.c.p.RequestAddCookies] Cookie [version: 0][name: fast_failed][value: true][domain: branchtest.perfectomobile.com][path: /nexperience/perfectomobile/wd/hub/session/9653146c-9d83-4061-80ff-76b8ef1fd249][expiry: null] match [(secure)branchtest.perfectomobile.com:443/nexperience/perfectomobile/wd/hub/session/9653146c-9d83-4061-80ff-76b8ef1fd249/execute]
<2017-09-26 13:04:17> DEBUG [o.a.h.c.p.RequestAuthCache] Auth cache not set in the context
<2017-09-26 13:04:17> DEBUG [o.a.h.i.c.PoolingHttpClientConnectionManager] Connection request: [route: {s}->https://branchtest.perfectomobile.com:443][total kept alive: 2; route allocated: 5 of 2000; total allocated: 5 of 2000]
<2017-09-26 13:04:17> DEBUG [o.a.h.i.c.PoolingHttpClientConnectionManager] Connection leased: [id: 0][route: {s}->https://branchtest.perfectomobile.com:443][total kept alive: 1; route allocated: 5 of 2000; total allocated: 5 of 2000]
<2017-09-26 13:04:17> DEBUG [o.a.h.i.execchain.MainClientExec] Stale connection check
<2017-09-26 13:04:17> DEBUG [org.apache.http.wire] http-outgoing-0 << "[read] I/O error: Read timed out"
<2017-09-26 13:04:17> DEBUG [o.a.h.i.c.DefaultManagedHttpClientConnection] http-outgoing-0: set socket timeout to 10800000
<2017-09-26 13:04:17> DEBUG [o.a.h.i.execchain.MainClientExec] Executing request POST /nexperience/perfectomobile/wd/hub/session/9653146c-9d83-4061-80ff-76b8ef1fd249/execute HTTP/1.1
<2017-09-26 13:04:17> DEBUG [o.a.h.i.execchain.MainClientExec] Target auth state: UNCHALLENGED
<2017-09-26 13:04:17> DEBUG [o.a.h.i.execchain.MainClientExec] Proxy auth state: UNCHALLENGED
<2017-09-26 13:04:17> DEBUG [org.apache.http.headers] http-outgoing-0 >> POST /nexperience/perfectomobile/wd/hub/session/9653146c-9d83-4061-80ff-76b8ef1fd249/execute HTTP/1.1
<2017-09-26 13:04:17> DEBUG [org.apache.http.headers] http-outgoing-0 >> Content-Type: application/json; charset=utf-8
<2017-09-26 13:04:17> DEBUG [org.apache.http.headers] http-outgoing-0 >> Content-Length: 72
<2017-09-26 13:04:17> DEBUG [org.apache.http.headers] http-outgoing-0 >> Host: branchtest.perfectomobile.com
<2017-09-26 13:04:17> DEBUG [org.apache.http.headers] http-outgoing-0 >> Connection: Keep-Alive
<2017-09-26 13:04:17> DEBUG [org.apache.http.headers] http-outgoing-0 >> User-Agent: Apache-HttpClient/4.5.2 (Java/1.8.0_121)
<2017-09-26 13:04:17> DEBUG [org.apache.http.headers] http-outgoing-0 >> Cookie: JSESSIONID=F6E28E4994D1584E597DBDFCCCB1737E; fast_failed=true; fast_failed=true
<2017-09-26 13:04:17> DEBUG [org.apache.http.headers] http-outgoing-0 >> Accept-Encoding: gzip,deflate
<2017-09-26 13:04:17> DEBUG [org.apache.http.wire] http-outgoing-0 >> "POST /nexperience/perfectomobile/wd/hub/session/9653146c-9d83-4061-80ff-76b8ef1fd249/execute HTTP/1.1[\r][\n]"
<2017-09-26 13:04:17> DEBUG [org.apache.http.wire] http-outgoing-0 >> "Content-Type: application/json; charset=utf-8[\r][\n]"
<2017-09-26 13:04:17> DEBUG [org.apache.http.wire] http-outgoing-0 >> "Content-Length: 72[\r][\n]"
<2017-09-26 13:04:17> DEBUG [org.apache.http.wire] http-outgoing-0 >> "Host: branchtest.perfectomobile.com[\r][\n]"
<2017-09-26 13:04:17> DEBUG [org.apache.http.wire] http-outgoing-0 >> "Connection: Keep-Alive[\r][\n]"
<2017-09-26 13:04:17> DEBUG [org.apache.http.wire] http-outgoing-0 >> "User-Agent: Apache-HttpClient/4.5.2 (Java/1.8.0_121)[\r][\n]"
<2017-09-26 13:04:17> DEBUG [org.apache.http.wire] http-outgoing-0 >> "Cookie: JSESSIONID=F6E28E4994D1584E597DBDFCCCB1737E; fast_failed=true; fast_failed=true[\r][\n]"
<2017-09-26 13:04:17> DEBUG [org.apache.http.wire] http-outgoing-0 >> "Accept-Encoding: gzip,deflate[\r][\n]"
<2017-09-26 13:04:17> DEBUG [org.apache.http.wire] http-outgoing-0 >> "[\r][\n]"
<2017-09-26 13:04:17> DEBUG [org.apache.http.wire] http-outgoing-0 >> "{"script":"mobile:step:start","args":[{"name":"Going to registration"}]}"
<2017-09-26 13:04:17> DEBUG [org.apache.http.wire] http-outgoing-2 << "HTTP/1.1 200 OK[\r][\n]"
<2017-09-26 13:04:17> DEBUG [org.apache.http.wire] http-outgoing-2 << "Server: nginx[\r][\n]"
<2017-09-26 13:04:17> DEBUG [org.apache.http.wire] http-outgoing-2 << "Date: Tue, 26 Sep 2017 10:04:13 GMT[\r][\n]"
<2017-09-26 13:04:17> DEBUG [org.apache.http.wire] http-outgoing-2 << "Content-Type: application/json;charset=utf-8[\r][\n]"
<2017-09-26 13:04:17> DEBUG [org.apache.http.wire] http-outgoing-2 << "Transfer-Encoding: chunked[\r][\n]"
<2017-09-26 13:04:17> DEBUG [org.apache.http.wire] http-outgoing-2 << "Connection: keep-alive[\r][\n]"
<2017-09-26 13:04:17> DEBUG [org.apache.http.wire] http-outgoing-2 << "Set-Cookie: JSESSIONID=F6E28E4994D1584E597DBDFCCCB1737E; Path=/nexperience/; HttpOnly[\r][\n]"
<2017-09-26 13:04:17> DEBUG [org.apache.http.wire] http-outgoing-2 << "Expires: Thu, 01 Jan 1970 00:00:00 GMT[\r][\n]"
<2017-09-26 13:04:17> DEBUG [org.apache.http.wire] http-outgoing-2 << "Cache-Control: no-cache[\r][\n]"
<2017-09-26 13:04:17> DEBUG [org.apache.http.wire] http-outgoing-2 << "Cache-Control: no-cache[\r][\n]"
<2017-09-26 13:04:17> DEBUG [org.apache.http.wire] http-outgoing-2 << "Expires: Thu, 01 Jan 1970 00:00:00 GMT[\r][\n]"
<2017-09-26 13:04:17> DEBUG [org.apache.http.wire] http-outgoing-2 << "Set-Cookie: fast_failed=true[\r][\n]"
<2017-09-26 13:04:17> DEBUG [org.apache.http.wire] http-outgoing-2 << "X-XSS-Protection: 2; mode=block[\r][\n]"
<2017-09-26 13:04:17> DEBUG [org.apache.http.wire] http-outgoing-2 << "Content-Encoding: gzip[\r][\n]"
<2017-09-26 13:04:17> DEBUG [org.apache.http.wire] http-outgoing-2 << "[\r][\n]"
<2017-09-26 13:04:17> DEBUG [org.apache.http.wire] http-outgoing-2 << "95[\r][\n]"
<2017-09-26 13:04:17> DEBUG [org.apache.http.wire] http-outgoing-2 << "[0x1f][0x8b][0x8][0x0][0x0][0x0][0x0][0x0][0x0][0x3]-[0xcc][0xc1][0xe][0x82]0[0x10][0x4][0xd0]]]>&#x7f;<![CDATA[[0xd9]3m[0x80]Bh[0xb9]z[0xf2][0xea][0x1f][0x94][0xee][0xaa]$[0xa5][0x5][0xb6][0xf5]b[0xfc]w[0xd7][0xc4][0xeb][0xcc][0x9b]y[0x3][0x13][0xf3][0x9a][0xd3][0x15]a[0x86][0x5][0x87]`[\r][0xa2]Z[0x1c][0x1a]5x[0xec][0x95][0xeb]G[0xa7][0x6][0xe3]-93[0x6][\n]"
<2017-09-26 13:04:17> DEBUG [org.apache.http.wire] http-outgoing-2 << "wh[0x80][0x8b]/$[0x9c]k[0x8][0xb2][0x96][0xe4]y[0xc9](I[0xd7][0x9a]~[0x9a]Z[0xeb][0xba][0x6]^>[0xd6][0x1f][0x92]6D/j[0x86]|>t[0xde])[0x1d]^3EJk[0xdd][0xf4]I[.[0xa4]o[0xc4]{NL[0xff][0xf7]*[0xbc][0xfd]|[0x1][0x9e][0xec][0xb1][0x10][0x9d][0x0][0x0][0x0][\r][\n]"
<2017-09-26 13:04:17> DEBUG [org.apache.http.wire] http-outgoing-2 << "0[\r][\n]"
<2017-09-26 13:04:17> DEBUG [org.apache.http.wire] http-outgoing-2 << "[\r][\n]"
<2017-09-26 13:04:17> DEBUG [org.apache.http.headers] http-outgoing-2 << HTTP/1.1 200 OK
<2017-09-26 13:04:17> DEBUG [org.apache.http.headers] http-outgoing-2 << Server: nginx
<2017-09-26 13:04:17> DEBUG [org.apache.http.headers] http-outgoing-2 << Date: Tue, 26 Sep 2017 10:04:13 GMT
<2017-09-26 13:04:17> DEBUG [org.apache.http.headers] http-outgoing-2 << Content-Type: application/json;charset=utf-8
<2017-09-26 13:04:17> DEBUG [org.apache.http.headers] http-outgoing-2 << Transfer-Encoding: chunked
<2017-09-26 13:04:17> DEBUG [org.apache.http.headers] http-outgoing-2 << Connection: keep-alive
<2017-09-26 13:04:17> DEBUG [org.apache.http.headers] http-outgoing-2 << Set-Cookie: JSESSIONID=F6E28E4994D1584E597DBDFCCCB1737E; Path=/nexperience/; HttpOnly
<2017-09-26 13:04:17> DEBUG [org.apache.http.headers] http-outgoing-2 << Expires: Thu, 01 Jan 1970 00:00:00 GMT
<2017-09-26 13:04:17> DEBUG [org.apache.http.headers] http-outgoing-2 << Cache-Control: no-cache
<2017-09-26 13:04:17> DEBUG [org.apache.http.headers] http-outgoing-2 << Cache-Control: no-cache
<2017-09-26 13:04:17> DEBUG [org.apache.http.headers] http-outgoing-2 << Expires: Thu, 01 Jan 1970 00:00:00 GMT
<2017-09-26 13:04:17> DEBUG [org.apache.http.headers] http-outgoing-2 << Set-Cookie: fast_failed=true
<2017-09-26 13:04:17> DEBUG [org.apache.http.headers] http-outgoing-2 << X-XSS-Protection: 2; mode=block
<2017-09-26 13:04:17> DEBUG [org.apache.http.headers] http-outgoing-2 << Content-Encoding: gzip
<2017-09-26 13:04:17> DEBUG [o.a.h.i.execchain.MainClientExec] Connection can be kept alive indefinitely
<2017-09-26 13:04:17> DEBUG [o.a.h.c.p.ResponseProcessCookies] Cookie accepted [JSESSIONID="F6E28E4994D1584E597DBDFCCCB1737E", version:0, domain:branchtest.perfectomobile.com, path:/nexperience/, expiry:null]
<2017-09-26 13:04:17> DEBUG [o.a.h.c.p.ResponseProcessCookies] Cookie accepted [fast_failed="true", version:0, domain:branchtest.perfectomobile.com, path:/nexperience/perfectomobile/wd/hub/session/bd4c83dd-b9d3-4ad2-9259-43a8e935cecf, expiry:null]
<2017-09-26 13:04:17> DEBUG [o.a.h.i.c.PoolingHttpClientConnectionManager] Connection [id: 2][route: {s}->https://branchtest.perfectomobile.com:443] can be kept alive indefinitely
<2017-09-26 13:04:17> DEBUG [o.a.h.i.c.PoolingHttpClientConnectionManager] Connection released: [id: 2][route: {s}->https://branchtest.perfectomobile.com:443][total kept alive: 2; route allocated: 5 of 2000; total allocated: 5 of 2000]
<2017-09-26 13:04:17> DEBUG [o.a.h.c.p.RequestAddCookies] CookieSpec selected: default
<2017-09-26 13:04:17> DEBUG [o.a.h.c.p.RequestAddCookies] Cookie [version: 0][name: JSESSIONID][value: F6E28E4994D1584E597DBDFCCCB1737E][domain: branchtest.perfectomobile.com][path: /nexperience/][expiry: null] match [(secure)branchtest.perfectomobile.com:443/nexperience/perfectomobile/wd/hub/session/bd4c83dd-b9d3-4ad2-9259-43a8e935cecf/element]
<2017-09-26 13:04:17> DEBUG [o.a.h.c.p.RequestAddCookies] Cookie [version: 0][name: fast_failed][value: true][domain: branchtest.perfectomobile.com][path: /nexperience/perfectomobile/wd/hub][expiry: null] match [(secure)branchtest.perfectomobile.com:443/nexperience/perfectomobile/wd/hub/session/bd4c83dd-b9d3-4ad2-9259-43a8e935cecf/element]
<2017-09-26 13:04:17> DEBUG [o.a.h.c.p.RequestAddCookies] Cookie [version: 0][name: fast_failed][value: true][domain: branchtest.perfectomobile.com][path: /nexperience/perfectomobile/wd/hub/session/bd4c83dd-b9d3-4ad2-9259-43a8e935cecf][expiry: null] match [(secure)branchtest.perfectomobile.com:443/nexperience/perfectomobile/wd/hub/session/bd4c83dd-b9d3-4ad2-9259-43a8e935cecf/element]
<2017-09-26 13:04:17> DEBUG [o.a.h.c.p.RequestAuthCache] Auth cache not set in the context
<2017-09-26 13:04:17> DEBUG [o.a.h.i.c.PoolingHttpClientConnectionManager] Connection request: [route: {s}->https://branchtest.perfectomobile.com:443][total kept alive: 2; route allocated: 5 of 2000; total allocated: 5 of 2000]
<2017-09-26 13:04:17> DEBUG [o.a.h.i.c.PoolingHttpClientConnectionManager] Connection leased: [id: 2][route: {s}->https://branchtest.perfectomobile.com:443][total kept alive: 1; route allocated: 5 of 2000; total allocated: 5 of 2000]
<2017-09-26 13:04:17> DEBUG [o.a.h.i.execchain.MainClientExec] Stale connection check
<2017-09-26 13:04:17> DEBUG [org.apache.http.wire] http-outgoing-0 << "HTTP/1.1 200 OK[\r][\n]"
<2017-09-26 13:04:17> DEBUG [org.apache.http.wire] http-outgoing-0 << "Server: nginx[\r][\n]"
<2017-09-26 13:04:17> DEBUG [org.apache.http.wire] http-outgoing-0 << "Date: Tue, 26 Sep 2017 10:04:13 GMT[\r][\n]"
<2017-09-26 13:04:17> DEBUG [org.apache.http.wire] http-outgoing-0 << "Content-Type: application/json;charset=utf-8[\r][\n]"
<2017-09-26 13:04:17> DEBUG [org.apache.http.wire] http-outgoing-0 << "Transfer-Encoding: chunked[\r][\n]"
<2017-09-26 13:04:17> DEBUG [org.apache.http.wire] http-outgoing-0 << "Connection: keep-alive[\r][\n]"
<2017-09-26 13:04:17> DEBUG [org.apache.http.wire] http-outgoing-0 << "Set-Cookie: JSESSIONID=F6E28E4994D1584E597DBDFCCCB1737E; Path=/nexperience/; HttpOnly[\r][\n]"
<2017-09-26 13:04:17> DEBUG [org.apache.http.wire] http-outgoing-0 << "Expires: Thu, 01 Jan 1970 00:00:00 GMT[\r][\n]"
<2017-09-26 13:04:17> DEBUG [org.apache.http.wire] http-outgoing-0 << "Cache-Control: no-cache[\r][\n]"
<2017-09-26 13:04:17> DEBUG [org.apache.http.wire] http-outgoing-0 << "Cache-Control: no-cache[\r][\n]"
<2017-09-26 13:04:17> DEBUG [org.apache.http.wire] http-outgoing-0 << "Expires: Thu, 01 Jan 1970 00:00:00 GMT[\r][\n]"
<2017-09-26 13:04:17> DEBUG [org.apache.http.wire] http-outgoing-0 << "Set-Cookie: fast_failed=true[\r][\n]"
<2017-09-26 13:04:17> DEBUG [org.apache.http.wire] http-outgoing-0 << "X-XSS-Protection: 2; mode=block[\r][\n]"
<2017-09-26 13:04:17> DEBUG [org.apache.http.wire] http-outgoing-0 << "Content-Encoding: gzip[\r][\n]"
<2017-09-26 13:04:17> DEBUG [org.apache.http.wire] http-outgoing-0 << "[\r][\n]"
<2017-09-26 13:04:17> DEBUG [org.apache.http.wire] http-outgoing-0 << "95[\r][\n]"
<2017-09-26 13:04:17> DEBUG [org.apache.http.wire] http-outgoing-0 << "[0x1f][0x8b][0x8][0x0][0x0][0x0][0x0][0x0][0x0][0x3]-[0xcc][0xc1][0xe][0xc2] [0x10][0x4][0xd0]]]>&#x7f;<![CDATA[[0xd9]s!P[0x90][0x96]^=y[0xf5][0xf][0x10][0x16]m[0xd2]B[0xed][0x16]/[0xc6]]]>&#x7f;<![CDATA[wM[0xbc][0xce][0xbc][0x99]7[0x10][0x12][0xcd][0xb5]\[0x12]L[0xe0][0xdd][0xc9]h[0xeb][0xa2][0xf0]i4[0xc2]*[0xa7][0xc5][0xa8]r[0x16][0x83][0xbb][0x8d][0x98]uN[0xbd][0xf5][0xd0][0x1][0x1d][0xe1]@[0xe6][0xd4]b[0xe4]5'[0x8f]sM[0x9c]ho[0xec][0xa0][0xbc]W}[0x7][0xaf][0xb0][0xb4][0x1f][0xe2]6.[0x81][0xd5][0x4]u[0xbf][0xcb][0xba]ay[0x6]I[0xb8]`[0x99][0xdb]*w\[0xeb][0x81][0xf2][0x8a][0xb4][0xd5]B[0xf8]]]>&#x7f;<![CDATA[o[0xcc][0xd5][0xe7][0xb][0xad][0xa5][0xb0][0xfa][0x9d][0x0][0x0][0x0][\r][\n]"
<2017-09-26 13:04:17> DEBUG [org.apache.http.wire] http-outgoing-0 << "0[\r][\n]"
<2017-09-26 13:04:17> DEBUG [org.apache.http.wire] http-outgoing-0 << "[\r][\n]"
<2017-09-26 13:04:17> DEBUG [org.apache.http.headers] http-outgoing-0 << HTTP/1.1 200 OK
<2017-09-26 13:04:17> DEBUG [org.apache.http.headers] http-outgoing-0 << Server: nginx
<2017-09-26 13:04:17> DEBUG [org.apache.http.headers] http-outgoing-0 << Date: Tue, 26 Sep 2017 10:04:13 GMT
<2017-09-26 13:04:17> DEBUG [org.apache.http.headers] http-outgoing-0 << Content-Type: application/json;charset=utf-8
<2017-09-26 13:04:17> DEBUG [org.apache.http.headers] http-outgoing-0 << Transfer-Encoding: chunked
<2017-09-26 13:04:17> DEBUG [org.apache.http.headers] http-outgoing-0 << Connection: keep-alive
<2017-09-26 13:04:17> DEBUG [org.apache.http.headers] http-outgoing-0 << Set-Cookie: JSESSIONID=F6E28E4994D1584E597DBDFCCCB1737E; Path=/nexperience/; HttpOnly
<2017-09-26 13:04:17> DEBUG [org.apache.http.headers] http-outgoing-0 << Expires: Thu, 01 Jan 1970 00:00:00 GMT
<2017-09-26 13:04:17> DEBUG [org.apache.http.headers] http-outgoing-0 << Cache-Control: no-cache
<2017-09-26 13:04:17> DEBUG [org.apache.http.headers] http-outgoing-0 << Cache-Control: no-cache
<2017-09-26 13:04:17> DEBUG [org.apache.http.headers] http-outgoing-0 << Expires: Thu, 01 Jan 1970 00:00:00 GMT
<2017-09-26 13:04:17> DEBUG [org.apache.http.headers] http-outgoing-0 << Set-Cookie: fast_failed=true
<2017-09-26 13:04:17> DEBUG [org.apache.http.headers] http-outgoing-0 << X-XSS-Protection: 2; mode=block
<2017-09-26 13:04:17> DEBUG [org.apache.http.headers] http-outgoing-0 << Content-Encoding: gzip
<2017-09-26 13:04:17> DEBUG [o.a.h.i.execchain.MainClientExec] Connection can be kept alive indefinitely
<2017-09-26 13:04:17> DEBUG [o.a.h.c.p.ResponseProcessCookies] Cookie accepted [JSESSIONID="F6E28E4994D1584E597DBDFCCCB1737E", version:0, domain:branchtest.perfectomobile.com, path:/nexperience/, expiry:null]
<2017-09-26 13:04:17> DEBUG [o.a.h.c.p.ResponseProcessCookies] Cookie accepted [fast_failed="true", version:0, domain:branchtest.perfectomobile.com, path:/nexperience/perfectomobile/wd/hub/session/9653146c-9d83-4061-80ff-76b8ef1fd249, expiry:null]
<2017-09-26 13:04:17> DEBUG [o.a.h.i.c.PoolingHttpClientConnectionManager] Connection [id: 0][route: {s}->https://branchtest.perfectomobile.com:443] can be kept alive indefinitely
<2017-09-26 13:04:17> DEBUG [o.a.h.i.c.PoolingHttpClientConnectionManager] Connection released: [id: 0][route: {s}->https://branchtest.perfectomobile.com:443][total kept alive: 2; route allocated: 5 of 2000; total allocated: 5 of 2000]
<2017-09-26 13:04:17> DEBUG [o.a.h.c.p.RequestAddCookies] CookieSpec selected: default
<2017-09-26 13:04:17> DEBUG [o.a.h.c.p.RequestAddCookies] Cookie [version: 0][name: JSESSIONID][value: F6E28E4994D1584E597DBDFCCCB1737E][domain: branchtest.perfectomobile.com][path: /nexperience/][expiry: null] match [(secure)branchtest.perfectomobile.com:443/nexperience/perfectomobile/wd/hub/session/9653146c-9d83-4061-80ff-76b8ef1fd249/element]
<2017-09-26 13:04:17> DEBUG [o.a.h.c.p.RequestAddCookies] Cookie [version: 0][name: fast_failed][value: true][domain: branchtest.perfectomobile.com][path: /nexperience/perfectomobile/wd/hub][expiry: null] match [(secure)branchtest.perfectomobile.com:443/nexperience/perfectomobile/wd/hub/session/9653146c-9d83-4061-80ff-76b8ef1fd249/element]
<2017-09-26 13:04:17> DEBUG [o.a.h.c.p.RequestAddCookies] Cookie [version: 0][name: fast_failed][value: true][domain: branchtest.perfectomobile.com][path: /nexperience/perfectomobile/wd/hub/session/9653146c-9d83-4061-80ff-76b8ef1fd249][expiry: null] match [(secure)branchtest.perfectomobile.com:443/nexperience/perfectomobile/wd/hub/session/9653146c-9d83-4061-80ff-76b8ef1fd249/element]
<2017-09-26 13:04:17> DEBUG [o.a.h.c.p.RequestAuthCache] Auth cache not set in the context
<2017-09-26 13:04:17> DEBUG [o.a.h.i.c.PoolingHttpClientConnectionManager] Connection request: [route: {s}->https://branchtest.perfectomobile.com:443][total kept alive: 2; route allocated: 5 of 2000; total allocated: 5 of 2000]
<2017-09-26 13:04:17> DEBUG [o.a.h.i.c.PoolingHttpClientConnectionManager] Connection leased: [id: 0][route: {s}->https://branchtest.perfectomobile.com:443][total kept alive: 1; route allocated: 5 of 2000; total allocated: 5 of 2000]
<2017-09-26 13:04:17> DEBUG [o.a.h.i.execchain.MainClientExec] Stale connection check
<2017-09-26 13:04:17> DEBUG [org.apache.http.wire] http-outgoing-2 << "[read] I/O error: Read timed out"
<2017-09-26 13:04:17> DEBUG [o.a.h.i.c.DefaultManagedHttpClientConnection] http-outgoing-2: set socket timeout to 10800000
<2017-09-26 13:04:17> DEBUG [o.a.h.i.execchain.MainClientExec] Executing request POST /nexperience/perfectomobile/wd/hub/session/bd4c83dd-b9d3-4ad2-9259-43a8e935cecf/element HTTP/1.1
<2017-09-26 13:04:17> DEBUG [o.a.h.i.execchain.MainClientExec] Target auth state: UNCHALLENGED
<2017-09-26 13:04:17> DEBUG [o.a.h.i.execchain.MainClientExec] Proxy auth state: UNCHALLENGED
<2017-09-26 13:04:17> DEBUG [org.apache.http.headers] http-outgoing-2 >> POST /nexperience/perfectomobile/wd/hub/session/bd4c83dd-b9d3-4ad2-9259-43a8e935cecf/element HTTP/1.1
<2017-09-26 13:04:17> DEBUG [org.apache.http.headers] http-outgoing-2 >> Content-Type: application/json; charset=utf-8
<2017-09-26 13:04:17> DEBUG [org.apache.http.headers] http-outgoing-2 >> Content-Length: 77
<2017-09-26 13:04:17> DEBUG [org.apache.http.headers] http-outgoing-2 >> Host: branchtest.perfectomobile.com
<2017-09-26 13:04:17> DEBUG [org.apache.http.headers] http-outgoing-2 >> Connection: Keep-Alive
<2017-09-26 13:04:17> DEBUG [org.apache.http.headers] http-outgoing-2 >> User-Agent: Apache-HttpClient/4.5.2 (Java/1.8.0_121)
<2017-09-26 13:04:17> DEBUG [org.apache.http.headers] http-outgoing-2 >> Cookie: JSESSIONID=F6E28E4994D1584E597DBDFCCCB1737E; fast_failed=true; fast_failed=true
<2017-09-26 13:04:17> DEBUG [org.apache.http.headers] http-outgoing-2 >> Accept-Encoding: gzip,deflate
<2017-09-26 13:04:17> DEBUG [org.apache.http.wire] http-outgoing-2 >> "POST /nexperience/perfectomobile/wd/hub/session/bd4c83dd-b9d3-4ad2-9259-43a8e935cecf/element HTTP/1.1[\r][\n]"
<2017-09-26 13:04:17> DEBUG [org.apache.http.wire] http-outgoing-2 >> "Content-Type: application/json; charset=utf-8[\r][\n]"
<2017-09-26 13:04:17> DEBUG [org.apache.http.wire] http-outgoing-2 >> "Content-Length: 77[\r][\n]"
<2017-09-26 13:04:17> DEBUG [org.apache.http.wire] http-outgoing-2 >> "Host: branchtest.perfectomobile.com[\r][\n]"
<2017-09-26 13:04:17> DEBUG [org.apache.http.wire] http-outgoing-2 >> "Connection: Keep-Alive[\r][\n]"
<2017-09-26 13:04:17> DEBUG [org.apache.http.wire] http-outgoing-2 >> "User-Agent: Apache-HttpClient/4.5.2 (Java/1.8.0_121)[\r][\n]"
<2017-09-26 13:04:17> DEBUG [org.apache.http.wire] http-outgoing-2 >> "Cookie: JSESSIONID=F6E28E4994D1584E597DBDFCCCB1737E; fast_failed=true; fast_failed=true[\r][\n]"
<2017-09-26 13:04:17> DEBUG [org.apache.http.wire] http-outgoing-2 >> "Accept-Encoding: gzip,deflate[\r][\n]"
<2017-09-26 13:04:17> DEBUG [org.apache.http.wire] http-outgoing-2 >> "[\r][\n]"
<2017-09-26 13:04:17> DEBUG [org.apache.http.wire] http-outgoing-2 >> "{"using":"xpath","value":"//*[@id=\"register_form\"]/fieldset[1]/p[1]/input"}"
<2017-09-26 13:04:17> DEBUG [org.apache.http.wire] http-outgoing-0 << "[read] I/O error: Read timed out"
<2017-09-26 13:04:17> DEBUG [o.a.h.i.c.DefaultManagedHttpClientConnection] http-outgoing-0: set socket timeout to 10800000
<2017-09-26 13:04:17> DEBUG [o.a.h.i.execchain.MainClientExec] Executing request POST /nexperience/perfectomobile/wd/hub/session/9653146c-9d83-4061-80ff-76b8ef1fd249/element HTTP/1.1
<2017-09-26 13:04:17> DEBUG [o.a.h.i.execchain.MainClientExec] Target auth state: UNCHALLENGED
<2017-09-26 13:04:17> DEBUG [o.a.h.i.execchain.MainClientExec] Proxy auth state: UNCHALLENGED
<2017-09-26 13:04:17> DEBUG [org.apache.http.headers] http-outgoing-0 >> POST /nexperience/perfectomobile/wd/hub/session/9653146c-9d83-4061-80ff-76b8ef1fd249/element HTTP/1.1
<2017-09-26 13:04:17> DEBUG [org.apache.http.headers] http-outgoing-0 >> Content-Type: application/json; charset=utf-8
<2017-09-26 13:04:17> DEBUG [org.apache.http.headers] http-outgoing-0 >> Content-Length: 80
<2017-09-26 13:04:17> DEBUG [org.apache.http.headers] http-outgoing-0 >> Host: branchtest.perfectomobile.com
<2017-09-26 13:04:17> DEBUG [org.apache.http.headers] http-outgoing-0 >> Connection: Keep-Alive
<2017-09-26 13:04:17> DEBUG [org.apache.http.headers] http-outgoing-0 >> User-Agent: Apache-HttpClient/4.5.2 (Java/1.8.0_121)
<2017-09-26 13:04:17> DEBUG [org.apache.http.headers] http-outgoing-0 >> Cookie: JSESSIONID=F6E28E4994D1584E597DBDFCCCB1737E; fast_failed=true; fast_failed=true
<2017-09-26 13:04:17> DEBUG [org.apache.http.headers] http-outgoing-0 >> Accept-Encoding: gzip,deflate
<2017-09-26 13:04:17> DEBUG [org.apache.http.wire] http-outgoing-0 >> "POST /nexperience/perfectomobile/wd/hub/session/9653146c-9d83-4061-80ff-76b8ef1fd249/element HTTP/1.1[\r][\n]"
<2017-09-26 13:04:17> DEBUG [org.apache.http.wire] http-outgoing-0 >> "Content-Type: application/json; charset=utf-8[\r][\n]"
<2017-09-26 13:04:17> DEBUG [org.apache.http.wire] http-outgoing-0 >> "Content-Length: 80[\r][\n]"
<2017-09-26 13:04:17> DEBUG [org.apache.http.wire] http-outgoing-0 >> "Host: branchtest.perfectomobile.com[\r][\n]"
<2017-09-26 13:04:17> DEBUG [org.apache.http.wire] http-outgoing-0 >> "Connection: Keep-Alive[\r][\n]"
<2017-09-26 13:04:17> DEBUG [org.apache.http.wire] http-outgoing-0 >> "User-Agent: Apache-HttpClient/4.5.2 (Java/1.8.0_121)[\r][\n]"
<2017-09-26 13:04:17> DEBUG [org.apache.http.wire] http-outgoing-0 >> "Cookie: JSESSIONID=F6E28E4994D1584E597DBDFCCCB1737E; fast_failed=true; fast_failed=true[\r][\n]"
<2017-09-26 13:04:17> DEBUG [org.apache.http.wire] http-outgoing-0 >> "Accept-Encoding: gzip,deflate[\r][\n]"
<2017-09-26 13:04:17> DEBUG [org.apache.http.wire] http-outgoing-0 >> "[\r][\n]"
<2017-09-26 13:04:17> DEBUG [org.apache.http.wire] http-outgoing-0 >> "{"using":"xpath","value":"//*[@id=\"wrapper\"]/div[2]/div[2]/div[5]/ul/li/a/h2"}"
<2017-09-26 13:04:17> DEBUG [org.apache.http.wire] http-outgoing-0 << "HTTP/1.1 200 OK[\r][\n]"
<2017-09-26 13:04:17> DEBUG [org.apache.http.wire] http-outgoing-0 << "Server: nginx[\r][\n]"
<2017-09-26 13:04:17> DEBUG [org.apache.http.wire] http-outgoing-0 << "Date: Tue, 26 Sep 2017 10:04:13 GMT[\r][\n]"
<2017-09-26 13:04:17> DEBUG [org.apache.http.wire] http-outgoing-0 << "Content-Type: application/json;charset=utf-8[\r][\n]"
<2017-09-26 13:04:17> DEBUG [org.apache.http.wire] http-outgoing-0 << "Transfer-Encoding: chunked[\r][\n]"
<2017-09-26 13:04:17> DEBUG [org.apache.http.wire] http-outgoing-0 << "Connection: keep-alive[\r][\n]"
<2017-09-26 13:04:17> DEBUG [org.apache.http.wire] http-outgoing-0 << "Set-Cookie: JSESSIONID=F6E28E4994D1584E597DBDFCCCB1737E; Path=/nexperience/; HttpOnly[\r][\n]"
<2017-09-26 13:04:17> DEBUG [org.apache.http.wire] http-outgoing-0 << "Expires: Thu, 01 Jan 1970 00:00:00 GMT[\r][\n]"
<2017-09-26 13:04:17> DEBUG [org.apache.http.wire] http-outgoing-0 << "Cache-Control: no-cache[\r][\n]"
<2017-09-26 13:04:17> DEBUG [org.apache.http.wire] http-outgoing-0 << "Cache-Control: no-cache[\r][\n]"
<2017-09-26 13:04:17> DEBUG [org.apache.http.wire] http-outgoing-0 << "Expires: Thu, 01 Jan 1970 00:00:00 GMT[\r][\n]"
<2017-09-26 13:04:17> DEBUG [org.apache.http.wire] http-outgoing-0 << "Set-Cookie: fast_failed=true[\r][\n]"
<2017-09-26 13:04:17> DEBUG [org.apache.http.wire] http-outgoing-0 << "X-XSS-Protection: 2; mode=block[\r][\n]"
<2017-09-26 13:04:17> DEBUG [org.apache.http.wire] http-outgoing-0 << "Content-Encoding: gzip[\r][\n]"
<2017-09-26 13:04:17> DEBUG [org.apache.http.wire] http-outgoing-0 << "[\r][\n]"
<2017-09-26 13:04:17> DEBUG [org.apache.http.wire] http-outgoing-0 << "a1[\r][\n]"
<2017-09-26 13:04:17> DEBUG [org.apache.http.wire] http-outgoing-0 << "[0x1f][0x8b][0x8][0x0][0x0][0x0][0x0][0x0][0x0][0x3]-[0x8d][0xb1][0xe][0xc2] [0x14][0x0][0xff][0xe5][0xcd][0x85][0x94][0x82][0xb4][0xb8][0x9a][0xe]&[0xea]`[0xfc][0x1][0x84][0x87]6i[0xa1][0x96][0xe2][0xd2][0xf4][0xdf]}[0x83][0xeb][0xe5].[0xb7]A[0xc6][0x9c][0x87][0x14][0xcf][0x1e][0x8e]`[0xf4]A[\n]"
<2017-09-26 13:04:17> DEBUG [org.apache.http.wire] http-outgoing-0 << "[0xa5][0x1d]3[0xbe][0x93]L[0xd5]Z[0xb0][0xae][0xe][0x81][0xb5][0xfa][0xd9]a[0x10][0xc1]7[0xca]@[0x5]y[0xb5]+[0x92][0x9e][0x8b]sT[0x13]y[0x9f][0x92]'"[0x9a][0xc6][0xb4]F*U[0xc1][0xd7][0x8e][0x85][0xc8][0x6][0xfd][0xa5][0xbf][0xf6][0xb7][0x7][0xe9][0x12][0xf6][\n]"
<2017-09-26 13:04:17> DEBUG [org.apache.http.wire] http-outgoing-0 << "[0xdc]h[0xa9]8BZ^<[0xcd][0x18]?[0x96]g[0x1c]1[0xe]e[0xe2][0xb]NiE~[0xc7]<[0xa7][0x98][0xf1]]]>&#x7f;<![CDATA[*[0xa4][0xd7][0xfb][0xf]d[0xa2][0xd9][0x91][0xa9][0x0][0x0][0x0][\r][\n]"
<2017-09-26 13:04:17> DEBUG [org.apache.http.wire] http-outgoing-0 << "0[\r][\n]"
<2017-09-26 13:04:17> DEBUG [org.apache.http.wire] http-outgoing-0 << "[\r][\n]"
<2017-09-26 13:04:17> DEBUG [org.apache.http.headers] http-outgoing-0 << HTTP/1.1 200 OK
<2017-09-26 13:04:17> DEBUG [org.apache.http.headers] http-outgoing-0 << Server: nginx
<2017-09-26 13:04:17> DEBUG [org.apache.http.headers] http-outgoing-0 << Date: Tue, 26 Sep 2017 10:04:13 GMT
<2017-09-26 13:04:17> DEBUG [org.apache.http.headers] http-outgoing-0 << Content-Type: application/json;charset=utf-8
<2017-09-26 13:04:17> DEBUG [org.apache.http.headers] http-outgoing-0 << Transfer-Encoding: chunked
<2017-09-26 13:04:17> DEBUG [org.apache.http.headers] http-outgoing-0 << Connection: keep-alive
<2017-09-26 13:04:17> DEBUG [org.apache.http.headers] http-outgoing-0 << Set-Cookie: JSESSIONID=F6E28E4994D1584E597DBDFCCCB1737E; Path=/nexperience/; HttpOnly
<2017-09-26 13:04:17> DEBUG [org.apache.http.headers] http-outgoing-0 << Expires: Thu, 01 Jan 1970 00:00:00 GMT
<2017-09-26 13:04:17> DEBUG [org.apache.http.headers] http-outgoing-0 << Cache-Control: no-cache
<2017-09-26 13:04:17> DEBUG [org.apache.http.headers] http-outgoing-0 << Cache-Control: no-cache
<2017-09-26 13:04:17> DEBUG [org.apache.http.headers] http-outgoing-0 << Expires: Thu, 01 Jan 1970 00:00:00 GMT
<2017-09-26 13:04:17> DEBUG [org.apache.http.headers] http-outgoing-0 << Set-Cookie: fast_failed=true
<2017-09-26 13:04:17> DEBUG [org.apache.http.headers] http-outgoing-0 << X-XSS-Protection: 2; mode=block
<2017-09-26 13:04:17> DEBUG [org.apache.http.headers] http-outgoing-0 << Content-Encoding: gzip
<2017-09-26 13:04:17> DEBUG [o.a.h.i.execchain.MainClientExec] Connection can be kept alive indefinitely
<2017-09-26 13:04:17> DEBUG [o.a.h.c.p.ResponseProcessCookies] Cookie accepted [JSESSIONID="F6E28E4994D1584E597DBDFCCCB1737E", version:0, domain:branchtest.perfectomobile.com, path:/nexperience/, expiry:null]
<2017-09-26 13:04:17> DEBUG [o.a.h.c.p.ResponseProcessCookies] Cookie accepted [fast_failed="true", version:0, domain:branchtest.perfectomobile.com, path:/nexperience/perfectomobile/wd/hub/session/9653146c-9d83-4061-80ff-76b8ef1fd249, expiry:null]
<2017-09-26 13:04:17> DEBUG [o.a.h.i.c.PoolingHttpClientConnectionManager] Connection [id: 0][route: {s}->https://branchtest.perfectomobile.com:443] can be kept alive indefinitely
<2017-09-26 13:04:17> DEBUG [o.a.h.i.c.PoolingHttpClientConnectionManager] Connection released: [id: 0][route: {s}->https://branchtest.perfectomobile.com:443][total kept alive: 2; route allocated: 5 of 2000; total allocated: 5 of 2000]
<2017-09-26 13:04:17> DEBUG [o.a.h.c.p.RequestAddCookies] CookieSpec selected: default
<2017-09-26 13:04:17> DEBUG [o.a.h.c.p.RequestAddCookies] Cookie [version: 0][name: JSESSIONID][value: F6E28E4994D1584E597DBDFCCCB1737E][domain: branchtest.perfectomobile.com][path: /nexperience/][expiry: null] match [(secure)branchtest.perfectomobile.com:443/nexperience/perfectomobile/wd/hub/session/9653146c-9d83-4061-80ff-76b8ef1fd249/element/3/click]
<2017-09-26 13:04:17> DEBUG [o.a.h.c.p.RequestAddCookies] Cookie [version: 0][name: fast_failed][value: true][domain: branchtest.perfectomobile.com][path: /nexperience/perfectomobile/wd/hub][expiry: null] match [(secure)branchtest.perfectomobile.com:443/nexperience/perfectomobile/wd/hub/session/9653146c-9d83-4061-80ff-76b8ef1fd249/element/3/click]
<2017-09-26 13:04:17> DEBUG [o.a.h.c.p.RequestAddCookies] Cookie [version: 0][name: fast_failed][value: true][domain: branchtest.perfectomobile.com][path: /nexperience/perfectomobile/wd/hub/session/9653146c-9d83-4061-80ff-76b8ef1fd249][expiry: null] match [(secure)branchtest.perfectomobile.com:443/nexperience/perfectomobile/wd/hub/session/9653146c-9d83-4061-80ff-76b8ef1fd249/element/3/click]
<2017-09-26 13:04:17> DEBUG [o.a.h.c.p.RequestAuthCache] Auth cache not set in the context
<2017-09-26 13:04:17> DEBUG [o.a.h.i.c.PoolingHttpClientConnectionManager] Connection request: [route: {s}->https://branchtest.perfectomobile.com:443][total kept alive: 2; route allocated: 5 of 2000; total allocated: 5 of 2000]
<2017-09-26 13:04:17> DEBUG [o.a.h.i.c.PoolingHttpClientConnectionManager] Connection leased: [id: 0][route: {s}->https://branchtest.perfectomobile.com:443][total kept alive: 1; route allocated: 5 of 2000; total allocated: 5 of 2000]
<2017-09-26 13:04:17> DEBUG [o.a.h.i.execchain.MainClientExec] Stale connection check
<2017-09-26 13:04:17> DEBUG [org.apache.http.wire] http-outgoing-0 << "[read] I/O error: Read timed out"
<2017-09-26 13:04:17> DEBUG [o.a.h.i.c.DefaultManagedHttpClientConnection] http-outgoing-0: set socket timeout to 10800000
<2017-09-26 13:04:17> DEBUG [o.a.h.i.execchain.MainClientExec] Executing request POST /nexperience/perfectomobile/wd/hub/session/9653146c-9d83-4061-80ff-76b8ef1fd249/element/3/click HTTP/1.1
<2017-09-26 13:04:17> DEBUG [o.a.h.i.execchain.MainClientExec] Target auth state: UNCHALLENGED
<2017-09-26 13:04:17> DEBUG [o.a.h.i.execchain.MainClientExec] Proxy auth state: UNCHALLENGED
<2017-09-26 13:04:17> DEBUG [org.apache.http.headers] http-outgoing-0 >> POST /nexperience/perfectomobile/wd/hub/session/9653146c-9d83-4061-80ff-76b8ef1fd249/element/3/click HTTP/1.1
<2017-09-26 13:04:17> DEBUG [org.apache.http.headers] http-outgoing-0 >> Content-Type: application/json; charset=utf-8
<2017-09-26 13:04:17> DEBUG [org.apache.http.headers] http-outgoing-0 >> Content-Length: 10
<2017-09-26 13:04:17> DEBUG [org.apache.http.headers] http-outgoing-0 >> Host: branchtest.perfectomobile.com
<2017-09-26 13:04:17> DEBUG [org.apache.http.headers] http-outgoing-0 >> Connection: Keep-Alive
<2017-09-26 13:04:17> DEBUG [org.apache.http.headers] http-outgoing-0 >> User-Agent: Apache-HttpClient/4.5.2 (Java/1.8.0_121)
<2017-09-26 13:04:17> DEBUG [org.apache.http.headers] http-outgoing-0 >> Cookie: JSESSIONID=F6E28E4994D1584E597DBDFCCCB1737E; fast_failed=true; fast_failed=true
<2017-09-26 13:04:17> DEBUG [org.apache.http.headers] http-outgoing-0 >> Accept-Encoding: gzip,deflate
<2017-09-26 13:04:17> DEBUG [org.apache.http.wire] http-outgoing-0 >> "POST /nexperience/perfectomobile/wd/hub/session/9653146c-9d83-4061-80ff-76b8ef1fd249/element/3/click HTTP/1.1[\r][\n]"
<2017-09-26 13:04:17> DEBUG [org.apache.http.wire] http-outgoing-0 >> "Content-Type: application/json; charset=utf-8[\r][\n]"
<2017-09-26 13:04:17> DEBUG [org.apache.http.wire] http-outgoing-0 >> "Content-Length: 10[\r][\n]"
<2017-09-26 13:04:17> DEBUG [org.apache.http.wire] http-outgoing-0 >> "Host: branchtest.perfectomobile.com[\r][\n]"
<2017-09-26 13:04:17> DEBUG [org.apache.http.wire] http-outgoing-0 >> "Connection: Keep-Alive[\r][\n]"
<2017-09-26 13:04:17> DEBUG [org.apache.http.wire] http-outgoing-0 >> "User-Agent: Apache-HttpClient/4.5.2 (Java/1.8.0_121)[\r][\n]"
<2017-09-26 13:04:17> DEBUG [org.apache.http.wire] http-outgoing-0 >> "Cookie: JSESSIONID=F6E28E4994D1584E597DBDFCCCB1737E; fast_failed=true; fast_failed=true[\r][\n]"
<2017-09-26 13:04:17> DEBUG [org.apache.http.wire] http-outgoing-0 >> "Accept-Encoding: gzip,deflate[\r][\n]"
<2017-09-26 13:04:17> DEBUG [org.apache.http.wire] http-outgoing-0 >> "[\r][\n]"
<2017-09-26 13:04:17> DEBUG [org.apache.http.wire] http-outgoing-0 >> "{"id":"3"}"
<2017-09-26 13:04:17> DEBUG [org.apache.http.wire] http-outgoing-4 << "HTTP/1.1 200 OK[\r][\n]"
<2017-09-26 13:04:17> DEBUG [org.apache.http.wire] http-outgoing-4 << "Server: nginx[\r][\n]"
<2017-09-26 13:04:17> DEBUG [org.apache.http.wire] http-outgoing-4 << "Date: Tue, 26 Sep 2017 10:04:13 GMT[\r][\n]"
<2017-09-26 13:04:17> DEBUG [org.apache.http.wire] http-outgoing-4 << "Content-Type: application/json;charset=utf-8[\r][\n]"
<2017-09-26 13:04:17> DEBUG [org.apache.http.wire] http-outgoing-4 << "Transfer-Encoding: chunked[\r][\n]"
<2017-09-26 13:04:17> DEBUG [org.apache.http.wire] http-outgoing-4 << "Connection: keep-alive[\r][\n]"
<2017-09-26 13:04:17> DEBUG [org.apache.http.wire] http-outgoing-4 << "Set-Cookie: JSESSIONID=F6E28E4994D1584E597DBDFCCCB1737E; Path=/nexperience/; HttpOnly[\r][\n]"
<2017-09-26 13:04:17> DEBUG [org.apache.http.wire] http-outgoing-4 << "Expires: Thu, 01 Jan 1970 00:00:00 GMT[\r][\n]"
<2017-09-26 13:04:17> DEBUG [org.apache.http.wire] http-outgoing-4 << "Cache-Control: no-cache[\r][\n]"
<2017-09-26 13:04:17> DEBUG [org.apache.http.wire] http-outgoing-4 << "Cache-Control: no-cache[\r][\n]"
<2017-09-26 13:04:17> DEBUG [org.apache.http.wire] http-outgoing-4 << "Expires: Thu, 01 Jan 1970 00:00:00 GMT[\r][\n]"
<2017-09-26 13:04:17> DEBUG [org.apache.http.wire] http-outgoing-4 << "Set-Cookie: fast_failed=true[\r][\n]"
<2017-09-26 13:04:17> DEBUG [org.apache.http.wire] http-outgoing-4 << "X-XSS-Protection: 2; mode=block[\r][\n]"
<2017-09-26 13:04:17> DEBUG [org.apache.http.wire] http-outgoing-4 << "Content-Encoding: gzip[\r][\n]"
<2017-09-26 13:04:17> DEBUG [org.apache.http.wire] http-outgoing-4 << "[\r][\n]"
<2017-09-26 13:04:17> DEBUG [org.apache.http.wire] http-outgoing-4 << "95[\r][\n]"
<2017-09-26 13:04:17> DEBUG [org.apache.http.wire] http-outgoing-4 << "[0x1f][0x8b][0x8][0x0][0x0][0x0][0x0][0x0][0x0][0x3]-[0xcc]1[0x12][0xc2] [0x10][0x85][0xe1][0xbb]l[\r][0xc]H[0x12]BZ+[o[0x80][0xb0]jf[0x8][0xc4],[0xd8]8[0xde][0xdd]-l[0xff][0xf9][0xde][0xfb][0x0]![0xd1]Z[0xcb]%[0xc1][0x2][0xe3][0x8c][0xde][0x8d]:[0xca][0xdb][0x90]&9`[0xf2]2[0x18]m[0xa5]6w[0xef]-[0xba]i[0xb6]'[0x10]@-4dN=F^sy[0x9e]k[0xe2]b[0xf4]`[0xac][0xb7][0x93][0x13][0xf0][0xe][0xb9]s)=g[0x1]1[0x7]f[0xb][0xd4][0xe3][0xa1][0xea][0x8e][0xe5][0x15][0x14]a[0xc6][0xb2][0xf6]M[0x1d][0xb8][0xd5][0x86][0xea][0x8a][0xb4][0xd7]B[0xf8][0xbf][0xef][0xcc][0xf5][0xf7][0x7][0xd9][0xea]5:[0x9e][0x0][0x0][0x0][\r][\n]"
<2017-09-26 13:04:17> DEBUG [org.apache.http.wire] http-outgoing-4 << "0[\r][\n]"
<2017-09-26 13:04:17> DEBUG [org.apache.http.wire] http-outgoing-4 << "[\r][\n]"
<2017-09-26 13:04:17> DEBUG [org.apache.http.headers] http-outgoing-4 << HTTP/1.1 200 OK
<2017-09-26 13:04:17> DEBUG [org.apache.http.headers] http-outgoing-4 << Server: nginx
<2017-09-26 13:04:17> DEBUG [org.apache.http.headers] http-outgoing-4 << Date: Tue, 26 Sep 2017 10:04:13 GMT
<2017-09-26 13:04:17> DEBUG [org.apache.http.headers] http-outgoing-4 << Content-Type: application/json;charset=utf-8
<2017-09-26 13:04:17> DEBUG [org.apache.http.headers] http-outgoing-4 << Transfer-Encoding: chunked
<2017-09-26 13:04:17> DEBUG [org.apache.http.headers] http-outgoing-4 << Connection: keep-alive
<2017-09-26 13:04:17> DEBUG [org.apache.http.headers] http-outgoing-4 << Set-Cookie: JSESSIONID=F6E28E4994D1584E597DBDFCCCB1737E; Path=/nexperience/; HttpOnly
<2017-09-26 13:04:17> DEBUG [org.apache.http.headers] http-outgoing-4 << Expires: Thu, 01 Jan 1970 00:00:00 GMT
<2017-09-26 13:04:17> DEBUG [org.apache.http.headers] http-outgoing-4 << Cache-Control: no-cache
<2017-09-26 13:04:17> DEBUG [org.apache.http.headers] http-outgoing-4 << Cache-Control: no-cache
<2017-09-26 13:04:17> DEBUG [org.apache.http.headers] http-outgoing-4 << Expires: Thu, 01 Jan 1970 00:00:00 GMT
<2017-09-26 13:04:17> DEBUG [org.apache.http.headers] http-outgoing-4 << Set-Cookie: fast_failed=true
<2017-09-26 13:04:17> DEBUG [org.apache.http.headers] http-outgoing-4 << X-XSS-Protection: 2; mode=block
<2017-09-26 13:04:17> DEBUG [org.apache.http.headers] http-outgoing-4 << Content-Encoding: gzip
<2017-09-26 13:04:17> DEBUG [o.a.h.i.execchain.MainClientExec] Connection can be kept alive indefinitely
<2017-09-26 13:04:17> DEBUG [o.a.h.c.p.ResponseProcessCookies] Cookie accepted [JSESSIONID="F6E28E4994D1584E597DBDFCCCB1737E", version:0, domain:branchtest.perfectomobile.com, path:/nexperience/, expiry:null]
<2017-09-26 13:04:17> DEBUG [o.a.h.c.p.ResponseProcessCookies] Cookie accepted [fast_failed="true", version:0, domain:branchtest.perfectomobile.com, path:/nexperience/perfectomobile/wd/hub/session/58e9750c-b4d6-4ed9-a103-01f993e76832/element/3, expiry:null]
<2017-09-26 13:04:17> DEBUG [o.a.h.i.c.PoolingHttpClientConnectionManager] Connection [id: 4][route: {s}->https://branchtest.perfectomobile.com:443] can be kept alive indefinitely
<2017-09-26 13:04:17> DEBUG [o.a.h.i.c.PoolingHttpClientConnectionManager] Connection released: [id: 4][route: {s}->https://branchtest.perfectomobile.com:443][total kept alive: 2; route allocated: 5 of 2000; total allocated: 5 of 2000]
<2017-09-26 13:04:22> DEBUG [o.a.h.c.p.RequestAddCookies] CookieSpec selected: default
<2017-09-26 13:04:22> DEBUG [o.a.h.c.p.RequestAddCookies] Cookie [version: 0][name: JSESSIONID][value: F6E28E4994D1584E597DBDFCCCB1737E][domain: branchtest.perfectomobile.com][path: /nexperience/][expiry: null] match [(secure)branchtest.perfectomobile.com:443/nexperience/perfectomobile/wd/hub/session/0f3f5f1e-acfb-4373-a011-faaf2224e779/execute]
<2017-09-26 13:04:22> DEBUG [o.a.h.c.p.RequestAddCookies] Cookie [version: 0][name: fast_failed][value: true][domain: branchtest.perfectomobile.com][path: /nexperience/perfectomobile/wd/hub][expiry: null] match [(secure)branchtest.perfectomobile.com:443/nexperience/perfectomobile/wd/hub/session/0f3f5f1e-acfb-4373-a011-faaf2224e779/execute]
<2017-09-26 13:04:22> DEBUG [o.a.h.c.p.RequestAddCookies] Cookie [version: 0][name: fast_failed][value: true][domain: branchtest.perfectomobile.com][path: /nexperience/perfectomobile/wd/hub/session/0f3f5f1e-acfb-4373-a011-faaf2224e779][expiry: null] match [(secure)branchtest.perfectomobile.com:443/nexperience/perfectomobile/wd/hub/session/0f3f5f1e-acfb-4373-a011-faaf2224e779/execute]
<2017-09-26 13:04:22> DEBUG [o.a.h.c.p.RequestAuthCache] Auth cache not set in the context
<2017-09-26 13:04:22> DEBUG [o.a.h.i.c.PoolingHttpClientConnectionManager] Connection request: [route: {s}->https://branchtest.perfectomobile.com:443][total kept alive: 2; route allocated: 5 of 2000; total allocated: 5 of 2000]
<2017-09-26 13:04:22> DEBUG [org.apache.http.wire] http-outgoing-4 << "[read] I/O error: Read timed out"
<2017-09-26 13:04:22> DEBUG [o.a.h.i.c.PoolingHttpClientConnectionManager] Connection leased: [id: 4][route: {s}->https://branchtest.perfectomobile.com:443][total kept alive: 1; route allocated: 5 of 2000; total allocated: 5 of 2000]
<2017-09-26 13:04:22> DEBUG [o.a.h.i.execchain.MainClientExec] Stale connection check
<2017-09-26 13:04:22> DEBUG [org.apache.http.wire] http-outgoing-4 << "[read] I/O error: Read timed out"
<2017-09-26 13:04:22> DEBUG [o.a.h.i.c.DefaultManagedHttpClientConnection] http-outgoing-4: set socket timeout to 10800000
<2017-09-26 13:04:22> DEBUG [o.a.h.i.execchain.MainClientExec] Executing request POST /nexperience/perfectomobile/wd/hub/session/0f3f5f1e-acfb-4373-a011-faaf2224e779/execute HTTP/1.1
<2017-09-26 13:04:22> DEBUG [o.a.h.i.execchain.MainClientExec] Target auth state: UNCHALLENGED
<2017-09-26 13:04:22> DEBUG [o.a.h.i.execchain.MainClientExec] Proxy auth state: UNCHALLENGED
<2017-09-26 13:04:22> DEBUG [org.apache.http.headers] http-outgoing-4 >> POST /nexperience/perfectomobile/wd/hub/session/0f3f5f1e-acfb-4373-a011-faaf2224e779/execute HTTP/1.1
<2017-09-26 13:04:22> DEBUG [org.apache.http.headers] http-outgoing-4 >> Content-Type: application/json; charset=utf-8
<2017-09-26 13:04:22> DEBUG [org.apache.http.headers] http-outgoing-4 >> Content-Length: 54
<2017-09-26 13:04:22> DEBUG [org.apache.http.headers] http-outgoing-4 >> Host: branchtest.perfectomobile.com
<2017-09-26 13:04:22> DEBUG [org.apache.http.headers] http-outgoing-4 >> Connection: Keep-Alive
<2017-09-26 13:04:22> DEBUG [org.apache.http.headers] http-outgoing-4 >> User-Agent: Apache-HttpClient/4.5.2 (Java/1.8.0_121)
<2017-09-26 13:04:22> DEBUG [org.apache.http.headers] http-outgoing-4 >> Cookie: JSESSIONID=F6E28E4994D1584E597DBDFCCCB1737E; fast_failed=true; fast_failed=true
<2017-09-26 13:04:22> DEBUG [org.apache.http.headers] http-outgoing-4 >> Accept-Encoding: gzip,deflate
<2017-09-26 13:04:22> DEBUG [org.apache.http.wire] http-outgoing-4 >> "POST /nexperience/perfectomobile/wd/hub/session/0f3f5f1e-acfb-4373-a011-faaf2224e779/execute HTTP/1.1[\r][\n]"
<2017-09-26 13:04:22> DEBUG [org.apache.http.wire] http-outgoing-4 >> "Content-Type: application/json; charset=utf-8[\r][\n]"
<2017-09-26 13:04:22> DEBUG [org.apache.http.wire] http-outgoing-4 >> "Content-Length: 54[\r][\n]"
<2017-09-26 13:04:22> DEBUG [org.apache.http.wire] http-outgoing-4 >> "Host: branchtest.perfectomobile.com[\r][\n]"
<2017-09-26 13:04:22> DEBUG [org.apache.http.wire] http-outgoing-4 >> "Connection: Keep-Alive[\r][\n]"
<2017-09-26 13:04:22> DEBUG [org.apache.http.wire] http-outgoing-4 >> "User-Agent: Apache-HttpClient/4.5.2 (Java/1.8.0_121)[\r][\n]"
<2017-09-26 13:04:22> DEBUG [org.apache.http.wire] http-outgoing-4 >> "Cookie: JSESSIONID=F6E28E4994D1584E597DBDFCCCB1737E; fast_failed=true; fast_failed=true[\r][\n]"
<2017-09-26 13:04:22> DEBUG [org.apache.http.wire] http-outgoing-4 >> "Accept-Encoding: gzip,deflate[\r][\n]"
<2017-09-26 13:04:22> DEBUG [org.apache.http.wire] http-outgoing-4 >> "[\r][\n]"
<2017-09-26 13:04:22> DEBUG [org.apache.http.wire] http-outgoing-4 >> "{"script":"mobile:step:end","args":[{"message":null}]}"
<2017-09-26 13:04:22> DEBUG [org.apache.http.wire] http-outgoing-4 << "HTTP/1.1 200 OK[\r][\n]"
<2017-09-26 13:04:22> DEBUG [org.apache.http.wire] http-outgoing-4 << "Server: nginx[\r][\n]"
<2017-09-26 13:04:22> DEBUG [org.apache.http.wire] http-outgoing-4 << "Date: Tue, 26 Sep 2017 10:04:18 GMT[\r][\n]"
<2017-09-26 13:04:22> DEBUG [org.apache.http.wire] http-outgoing-4 << "Content-Type: application/json;charset=utf-8[\r][\n]"
<2017-09-26 13:04:22> DEBUG [org.apache.http.wire] http-outgoing-4 << "Transfer-Encoding: chunked[\r][\n]"
<2017-09-26 13:04:22> DEBUG [org.apache.http.wire] http-outgoing-4 << "Connection: keep-alive[\r][\n]"
<2017-09-26 13:04:22> DEBUG [org.apache.http.wire] http-outgoing-4 << "Set-Cookie: JSESSIONID=F6E28E4994D1584E597DBDFCCCB1737E; Path=/nexperience/; HttpOnly[\r][\n]"
<2017-09-26 13:04:22> DEBUG [org.apache.http.wire] http-outgoing-4 << "Expires: Thu, 01 Jan 1970 00:00:00 GMT[\r][\n]"
<2017-09-26 13:04:22> DEBUG [org.apache.http.wire] http-outgoing-4 << "Cache-Control: no-cache[\r][\n]"
<2017-09-26 13:04:22> DEBUG [org.apache.http.wire] http-outgoing-4 << "Cache-Control: no-cache[\r][\n]"
<2017-09-26 13:04:22> DEBUG [org.apache.http.wire] http-outgoing-4 << "Expires: Thu, 01 Jan 1970 00:00:00 GMT[\r][\n]"
<2017-09-26 13:04:22> DEBUG [org.apache.http.wire] http-outgoing-4 << "Set-Cookie: fast_failed=true[\r][\n]"
<2017-09-26 13:04:22> DEBUG [org.apache.http.wire] http-outgoing-4 << "X-XSS-Protection: 2; mode=block[\r][\n]"
<2017-09-26 13:04:22> DEBUG [org.apache.http.wire] http-outgoing-4 << "Content-Encoding: gzip[\r][\n]"
<2017-09-26 13:04:22> DEBUG [org.apache.http.wire] http-outgoing-4 << "[\r][\n]"
<2017-09-26 13:04:22> DEBUG [org.apache.http.wire] http-outgoing-4 << "95[\r][\n]"
<2017-09-26 13:04:22> DEBUG [org.apache.http.wire] http-outgoing-4 << "[0x1f][0x8b][0x8][0x0][0x0][0x0][0x0][0x0][0x0][0x3]-[0xcc]1[0x12][0x82]0[0x10][0x85][0xe1][0xbb]lM2$[0x1][0x3][0xb4]V[0xb6][0xde]`[\r][0x1b]e&$[0xc0][0x12][0x1b][0xc7][0xbb][0xbb][0x85][0xed]?[0xdf]{[0x1f]`b^J[0xbe][0xcd]0A[0x1b]][0xec][0xa3]![0x85]!>T[0xe7][0xbc]S[0xd8][0x1a][0xa3]"b[0xb4][0xd6]v[0xe4][0xfd][0x8][\r][0xf0][0x89]'[0x9][0xe7][0x1a][0x82][0xac][0xa5][0xbc][0xae]e[0x96]b[0xbd][0x19]/n[0x18][0xfa][0x6][0xde][0x98][0xaa][0x94]\Sj $[0x14]6A9[0x9e][0xba]l[0x94]w[0xd4]L[0x89][0xf2]RW}[0xd0]ZN[0xd2]w[0xe2][0xad]d[0xa6][0xff]}[0x15][0xde]~]]>&#x7f;<![CDATA[{[0x18]X[0xec][0x9e][0x0][0x0][0x0][\r][\n]"
<2017-09-26 13:04:22> DEBUG [org.apache.http.wire] http-outgoing-4 << "0[\r][\n]"
<2017-09-26 13:04:22> DEBUG [org.apache.http.wire] http-outgoing-4 << "[\r][\n]"
<2017-09-26 13:04:22> DEBUG [org.apache.http.headers] http-outgoing-4 << HTTP/1.1 200 OK
<2017-09-26 13:04:22> DEBUG [org.apache.http.headers] http-outgoing-4 << Server: nginx
<2017-09-26 13:04:22> DEBUG [org.apache.http.headers] http-outgoing-4 << Date: Tue, 26 Sep 2017 10:04:18 GMT
<2017-09-26 13:04:22> DEBUG [org.apache.http.headers] http-outgoing-4 << Content-Type: application/json;charset=utf-8
<2017-09-26 13:04:22> DEBUG [org.apache.http.headers] http-outgoing-4 << Transfer-Encoding: chunked
<2017-09-26 13:04:22> DEBUG [org.apache.http.headers] http-outgoing-4 << Connection: keep-alive
<2017-09-26 13:04:22> DEBUG [org.apache.http.headers] http-outgoing-4 << Set-Cookie: JSESSIONID=F6E28E4994D1584E597DBDFCCCB1737E; Path=/nexperience/; HttpOnly
<2017-09-26 13:04:22> DEBUG [org.apache.http.headers] http-outgoing-4 << Expires: Thu, 01 Jan 1970 00:00:00 GMT
<2017-09-26 13:04:22> DEBUG [org.apache.http.headers] http-outgoing-4 << Cache-Control: no-cache
<2017-09-26 13:04:22> DEBUG [org.apache.http.headers] http-outgoing-4 << Cache-Control: no-cache
<2017-09-26 13:04:22> DEBUG [org.apache.http.headers] http-outgoing-4 << Expires: Thu, 01 Jan 1970 00:00:00 GMT
<2017-09-26 13:04:22> DEBUG [org.apache.http.headers] http-outgoing-4 << Set-Cookie: fast_failed=true
<2017-09-26 13:04:22> DEBUG [org.apache.http.headers] http-outgoing-4 << X-XSS-Protection: 2; mode=block
<2017-09-26 13:04:22> DEBUG [org.apache.http.headers] http-outgoing-4 << Content-Encoding: gzip
<2017-09-26 13:04:22> DEBUG [o.a.h.i.execchain.MainClientExec] Connection can be kept alive indefinitely
<2017-09-26 13:04:22> DEBUG [o.a.h.c.p.ResponseProcessCookies] Cookie accepted [JSESSIONID="F6E28E4994D1584E597DBDFCCCB1737E", version:0, domain:branchtest.perfectomobile.com, path:/nexperience/, expiry:null]
<2017-09-26 13:04:22> DEBUG [o.a.h.c.p.ResponseProcessCookies] Cookie accepted [fast_failed="true", version:0, domain:branchtest.perfectomobile.com, path:/nexperience/perfectomobile/wd/hub/session/0f3f5f1e-acfb-4373-a011-faaf2224e779, expiry:null]
<2017-09-26 13:04:22> DEBUG [o.a.h.i.c.PoolingHttpClientConnectionManager] Connection [id: 4][route: {s}->https://branchtest.perfectomobile.com:443] can be kept alive indefinitely
<2017-09-26 13:04:22> DEBUG [o.a.h.i.c.PoolingHttpClientConnectionManager] Connection released: [id: 4][route: {s}->https://branchtest.perfectomobile.com:443][total kept alive: 2; route allocated: 5 of 2000; total allocated: 5 of 2000]
<2017-09-26 13:04:22> DEBUG [o.a.h.c.p.RequestAddCookies] CookieSpec selected: default
<2017-09-26 13:04:22> DEBUG [o.a.h.c.p.RequestAddCookies] Cookie [version: 0][name: JSESSIONID][value: F6E28E4994D1584E597DBDFCCCB1737E][domain: branchtest.perfectomobile.com][path: /nexperience/][expiry: null] match [(secure)branchtest.perfectomobile.com:443/nexperience/perfectomobile/wd/hub/session/0f3f5f1e-acfb-4373-a011-faaf2224e779/execute]
<2017-09-26 13:04:22> DEBUG [o.a.h.c.p.RequestAddCookies] Cookie [version: 0][name: fast_failed][value: true][domain: branchtest.perfectomobile.com][path: /nexperience/perfectomobile/wd/hub][expiry: null] match [(secure)branchtest.perfectomobile.com:443/nexperience/perfectomobile/wd/hub/session/0f3f5f1e-acfb-4373-a011-faaf2224e779/execute]
<2017-09-26 13:04:22> DEBUG [o.a.h.c.p.RequestAddCookies] Cookie [version: 0][name: fast_failed][value: true][domain: branchtest.perfectomobile.com][path: /nexperience/perfectomobile/wd/hub/session/0f3f5f1e-acfb-4373-a011-faaf2224e779][expiry: null] match [(secure)branchtest.perfectomobile.com:443/nexperience/perfectomobile/wd/hub/session/0f3f5f1e-acfb-4373-a011-faaf2224e779/execute]
<2017-09-26 13:04:22> DEBUG [o.a.h.c.p.RequestAuthCache] Auth cache not set in the context
<2017-09-26 13:04:22> DEBUG [o.a.h.i.c.PoolingHttpClientConnectionManager] Connection request: [route: {s}->https://branchtest.perfectomobile.com:443][total kept alive: 2; route allocated: 5 of 2000; total allocated: 5 of 2000]
<2017-09-26 13:04:22> DEBUG [o.a.h.i.c.PoolingHttpClientConnectionManager] Connection leased: [id: 4][route: {s}->https://branchtest.perfectomobile.com:443][total kept alive: 1; route allocated: 5 of 2000; total allocated: 5 of 2000]
<2017-09-26 13:04:22> DEBUG [o.a.h.i.execchain.MainClientExec] Stale connection check
<2017-09-26 13:04:22> DEBUG [org.apache.http.wire] http-outgoing-4 << "[read] I/O error: Read timed out"
<2017-09-26 13:04:22> DEBUG [o.a.h.i.c.DefaultManagedHttpClientConnection] http-outgoing-4: set socket timeout to 10800000
<2017-09-26 13:04:22> DEBUG [o.a.h.i.execchain.MainClientExec] Executing request POST /nexperience/perfectomobile/wd/hub/session/0f3f5f1e-acfb-4373-a011-faaf2224e779/execute HTTP/1.1
<2017-09-26 13:04:22> DEBUG [o.a.h.i.execchain.MainClientExec] Target auth state: UNCHALLENGED
<2017-09-26 13:04:22> DEBUG [o.a.h.i.execchain.MainClientExec] Proxy auth state: UNCHALLENGED
<2017-09-26 13:04:22> DEBUG [org.apache.http.headers] http-outgoing-4 >> POST /nexperience/perfectomobile/wd/hub/session/0f3f5f1e-acfb-4373-a011-faaf2224e779/execute HTTP/1.1
<2017-09-26 13:04:22> DEBUG [org.apache.http.headers] http-outgoing-4 >> Content-Type: application/json; charset=utf-8
<2017-09-26 13:04:22> DEBUG [org.apache.http.headers] http-outgoing-4 >> Content-Length: 68
<2017-09-26 13:04:22> DEBUG [org.apache.http.headers] http-outgoing-4 >> Host: branchtest.perfectomobile.com
<2017-09-26 13:04:22> DEBUG [org.apache.http.headers] http-outgoing-4 >> Connection: Keep-Alive
<2017-09-26 13:04:22> DEBUG [org.apache.http.headers] http-outgoing-4 >> User-Agent: Apache-HttpClient/4.5.2 (Java/1.8.0_121)
<2017-09-26 13:04:22> DEBUG [org.apache.http.headers] http-outgoing-4 >> Cookie: JSESSIONID=F6E28E4994D1584E597DBDFCCCB1737E; fast_failed=true; fast_failed=true
<2017-09-26 13:04:22> DEBUG [org.apache.http.headers] http-outgoing-4 >> Accept-Encoding: gzip,deflate
<2017-09-26 13:04:22> DEBUG [org.apache.http.wire] http-outgoing-4 >> "POST /nexperience/perfectomobile/wd/hub/session/0f3f5f1e-acfb-4373-a011-faaf2224e779/execute HTTP/1.1[\r][\n]"
<2017-09-26 13:04:22> DEBUG [org.apache.http.wire] http-outgoing-4 >> "Content-Type: application/json; charset=utf-8[\r][\n]"
<2017-09-26 13:04:22> DEBUG [org.apache.http.wire] http-outgoing-4 >> "Content-Length: 68[\r][\n]"
<2017-09-26 13:04:22> DEBUG [org.apache.http.wire] http-outgoing-4 >> "Host: branchtest.perfectomobile.com[\r][\n]"
<2017-09-26 13:04:22> DEBUG [org.apache.http.wire] http-outgoing-4 >> "Connection: Keep-Alive[\r][\n]"
<2017-09-26 13:04:22> DEBUG [org.apache.http.wire] http-outgoing-4 >> "User-Agent: Apache-HttpClient/4.5.2 (Java/1.8.0_121)[\r][\n]"
<2017-09-26 13:04:22> DEBUG [org.apache.http.wire] http-outgoing-4 >> "Cookie: JSESSIONID=F6E28E4994D1584E597DBDFCCCB1737E; fast_failed=true; fast_failed=true[\r][\n]"
<2017-09-26 13:04:22> DEBUG [org.apache.http.wire] http-outgoing-4 >> "Accept-Encoding: gzip,deflate[\r][\n]"
<2017-09-26 13:04:22> DEBUG [org.apache.http.wire] http-outgoing-4 >> "[\r][\n]"
<2017-09-26 13:04:22> DEBUG [org.apache.http.wire] http-outgoing-4 >> "{"script":"mobile:step:start","args":[{"name":"Test Registration"}]}"
<2017-09-26 13:04:22> DEBUG [org.apache.http.wire] http-outgoing-4 << "HTTP/1.1 200 OK[\r][\n]"
<2017-09-26 13:04:22> DEBUG [org.apache.http.wire] http-outgoing-4 << "Server: nginx[\r][\n]"
<2017-09-26 13:04:22> DEBUG [org.apache.http.wire] http-outgoing-4 << "Date: Tue, 26 Sep 2017 10:04:18 GMT[\r][\n]"
<2017-09-26 13:04:22> DEBUG [org.apache.http.wire] http-outgoing-4 << "Content-Type: application/json;charset=utf-8[\r][\n]"
<2017-09-26 13:04:22> DEBUG [org.apache.http.wire] http-outgoing-4 << "Transfer-Encoding: chunked[\r][\n]"
<2017-09-26 13:04:22> DEBUG [org.apache.http.wire] http-outgoing-4 << "Connection: keep-alive[\r][\n]"
<2017-09-26 13:04:22> DEBUG [org.apache.http.wire] http-outgoing-4 << "Set-Cookie: JSESSIONID=F6E28E4994D1584E597DBDFCCCB1737E; Path=/nexperience/; HttpOnly[\r][\n]"
<2017-09-26 13:04:22> DEBUG [org.apache.http.wire] http-outgoing-4 << "Expires: Thu, 01 Jan 1970 00:00:00 GMT[\r][\n]"
<2017-09-26 13:04:22> DEBUG [org.apache.http.wire] http-outgoing-4 << "Cache-Control: no-cache[\r][\n]"
<2017-09-26 13:04:22> DEBUG [org.apache.http.wire] http-outgoing-4 << "Cache-Control: no-cache[\r][\n]"
<2017-09-26 13:04:22> DEBUG [org.apache.http.wire] http-outgoing-4 << "Expires: Thu, 01 Jan 1970 00:00:00 GMT[\r][\n]"
<2017-09-26 13:04:22> DEBUG [org.apache.http.wire] http-outgoing-4 << "Set-Cookie: fast_failed=true[\r][\n]"
<2017-09-26 13:04:22> DEBUG [org.apache.http.wire] http-outgoing-4 << "X-XSS-Protection: 2; mode=block[\r][\n]"
<2017-09-26 13:04:22> DEBUG [org.apache.http.wire] http-outgoing-4 << "Content-Encoding: gzip[\r][\n]"
<2017-09-26 13:04:22> DEBUG [org.apache.http.wire] http-outgoing-4 << "[\r][\n]"
<2017-09-26 13:04:22> DEBUG [org.apache.http.wire] http-outgoing-4 << "94[\r][\n]"
<2017-09-26 13:04:22> DEBUG [org.apache.http.wire] http-outgoing-4 << "[0x1f][0x8b][0x8][0x0][0x0][0x0][0x0][0x0][0x0][0x3]-[0xcc][0xc1][0xe][0xc2] [0x10][0x4][0xd0]]]>&#x7f;<![CDATA[[0xd9]s!@i[0x89][0xbd]z[0xf2][0xea][0x1f][0xac]t[0xd1]&[0x14]j[0xb7]x1[0xfe][0xbb]k[0xe2]u[0xe6][0xcd][0xbc][0x81][0x89]y[0xa9][0xe5]2[0xc3][0x4]&[0xf5]iH[0x96][0x14][0xc6]tS[0xbe][0xf][0xbd]Bc[0xad]J[0x88][0xc9]9[0xe7])[0x84][0x13]t[0xc0][0x7][0x1e]$[0x9c][[0x8c][0xb2][0x96][0xe4]q[0xae][0xb3]$[0x83][\r][0xe3][0xe8][0xbd][0x1b];xan?#e[0xcc](h[0x82][0xba][0xdf]u[0xdd][0xa8]<Q3e*K[[0xf5]Nk=H_[0x89][0xb7]Z[0x98][0xfe][0xe7]M[0xb8][0xf9]|[0x1][0xf3][0xec]I[0xb5][0x9c][0x0][0x0][0x0][\r][\n]"
<2017-09-26 13:04:22> DEBUG [org.apache.http.wire] http-outgoing-4 << "0[\r][\n]"
<2017-09-26 13:04:22> DEBUG [org.apache.http.wire] http-outgoing-4 << "[\r][\n]"
<2017-09-26 13:04:22> DEBUG [org.apache.http.headers] http-outgoing-4 << HTTP/1.1 200 OK
<2017-09-26 13:04:22> DEBUG [org.apache.http.headers] http-outgoing-4 << Server: nginx
<2017-09-26 13:04:22> DEBUG [org.apache.http.headers] http-outgoing-4 << Date: Tue, 26 Sep 2017 10:04:18 GMT
<2017-09-26 13:04:22> DEBUG [org.apache.http.headers] http-outgoing-4 << Content-Type: application/json;charset=utf-8
<2017-09-26 13:04:22> DEBUG [org.apache.http.headers] http-outgoing-4 << Transfer-Encoding: chunked
<2017-09-26 13:04:22> DEBUG [org.apache.http.headers] http-outgoing-4 << Connection: keep-alive
<2017-09-26 13:04:22> DEBUG [org.apache.http.headers] http-outgoing-4 << Set-Cookie: JSESSIONID=F6E28E4994D1584E597DBDFCCCB1737E; Path=/nexperience/; HttpOnly
<2017-09-26 13:04:22> DEBUG [org.apache.http.headers] http-outgoing-4 << Expires: Thu, 01 Jan 1970 00:00:00 GMT
<2017-09-26 13:04:22> DEBUG [org.apache.http.headers] http-outgoing-4 << Cache-Control: no-cache
<2017-09-26 13:04:22> DEBUG [org.apache.http.headers] http-outgoing-4 << Cache-Control: no-cache
<2017-09-26 13:04:22> DEBUG [org.apache.http.headers] http-outgoing-4 << Expires: Thu, 01 Jan 1970 00:00:00 GMT
<2017-09-26 13:04:22> DEBUG [org.apache.http.headers] http-outgoing-4 << Set-Cookie: fast_failed=true
<2017-09-26 13:04:22> DEBUG [org.apache.http.headers] http-outgoing-4 << X-XSS-Protection: 2; mode=block
<2017-09-26 13:04:22> DEBUG [org.apache.http.headers] http-outgoing-4 << Content-Encoding: gzip
<2017-09-26 13:04:22> DEBUG [o.a.h.i.execchain.MainClientExec] Connection can be kept alive indefinitely
<2017-09-26 13:04:22> DEBUG [o.a.h.c.p.ResponseProcessCookies] Cookie accepted [JSESSIONID="F6E28E4994D1584E597DBDFCCCB1737E", version:0, domain:branchtest.perfectomobile.com, path:/nexperience/, expiry:null]
<2017-09-26 13:04:22> DEBUG [o.a.h.c.p.ResponseProcessCookies] Cookie accepted [fast_failed="true", version:0, domain:branchtest.perfectomobile.com, path:/nexperience/perfectomobile/wd/hub/session/0f3f5f1e-acfb-4373-a011-faaf2224e779, expiry:null]
<2017-09-26 13:04:22> DEBUG [o.a.h.i.c.PoolingHttpClientConnectionManager] Connection [id: 4][route: {s}->https://branchtest.perfectomobile.com:443] can be kept alive indefinitely
<2017-09-26 13:04:22> DEBUG [o.a.h.i.c.PoolingHttpClientConnectionManager] Connection released: [id: 4][route: {s}->https://branchtest.perfectomobile.com:443][total kept alive: 2; route allocated: 5 of 2000; total allocated: 5 of 2000]
<2017-09-26 13:04:22> DEBUG [o.a.h.c.p.RequestAddCookies] CookieSpec selected: default
<2017-09-26 13:04:22> DEBUG [o.a.h.c.p.RequestAddCookies] Cookie [version: 0][name: JSESSIONID][value: F6E28E4994D1584E597DBDFCCCB1737E][domain: branchtest.perfectomobile.com][path: /nexperience/][expiry: null] match [(secure)branchtest.perfectomobile.com:443/nexperience/perfectomobile/wd/hub/session/0f3f5f1e-acfb-4373-a011-faaf2224e779/element]
<2017-09-26 13:04:22> DEBUG [o.a.h.c.p.RequestAddCookies] Cookie [version: 0][name: fast_failed][value: true][domain: branchtest.perfectomobile.com][path: /nexperience/perfectomobile/wd/hub][expiry: null] match [(secure)branchtest.perfectomobile.com:443/nexperience/perfectomobile/wd/hub/session/0f3f5f1e-acfb-4373-a011-faaf2224e779/element]
<2017-09-26 13:04:22> DEBUG [o.a.h.c.p.RequestAddCookies] Cookie [version: 0][name: fast_failed][value: true][domain: branchtest.perfectomobile.com][path: /nexperience/perfectomobile/wd/hub/session/0f3f5f1e-acfb-4373-a011-faaf2224e779][expiry: null] match [(secure)branchtest.perfectomobile.com:443/nexperience/perfectomobile/wd/hub/session/0f3f5f1e-acfb-4373-a011-faaf2224e779/element]
<2017-09-26 13:04:22> DEBUG [o.a.h.c.p.RequestAuthCache] Auth cache not set in the context
<2017-09-26 13:04:22> DEBUG [o.a.h.i.c.PoolingHttpClientConnectionManager] Connection request: [route: {s}->https://branchtest.perfectomobile.com:443][total kept alive: 2; route allocated: 5 of 2000; total allocated: 5 of 2000]
<2017-09-26 13:04:22> DEBUG [o.a.h.i.c.PoolingHttpClientConnectionManager] Connection leased: [id: 4][route: {s}->https://branchtest.perfectomobile.com:443][total kept alive: 1; route allocated: 5 of 2000; total allocated: 5 of 2000]
<2017-09-26 13:04:22> DEBUG [o.a.h.i.execchain.MainClientExec] Stale connection check
<2017-09-26 13:04:22> DEBUG [org.apache.http.wire] http-outgoing-4 << "[read] I/O error: Read timed out"
<2017-09-26 13:04:22> DEBUG [o.a.h.i.c.DefaultManagedHttpClientConnection] http-outgoing-4: set socket timeout to 10800000
<2017-09-26 13:04:22> DEBUG [o.a.h.i.execchain.MainClientExec] Executing request POST /nexperience/perfectomobile/wd/hub/session/0f3f5f1e-acfb-4373-a011-faaf2224e779/element HTTP/1.1
<2017-09-26 13:04:22> DEBUG [o.a.h.i.execchain.MainClientExec] Target auth state: UNCHALLENGED
<2017-09-26 13:04:22> DEBUG [o.a.h.i.execchain.MainClientExec] Proxy auth state: UNCHALLENGED
<2017-09-26 13:04:22> DEBUG [org.apache.http.headers] http-outgoing-4 >> POST /nexperience/perfectomobile/wd/hub/session/0f3f5f1e-acfb-4373-a011-faaf2224e779/element HTTP/1.1
<2017-09-26 13:04:22> DEBUG [org.apache.http.headers] http-outgoing-4 >> Content-Type: application/json; charset=utf-8
<2017-09-26 13:04:22> DEBUG [org.apache.http.headers] http-outgoing-4 >> Content-Length: 77
<2017-09-26 13:04:22> DEBUG [org.apache.http.headers] http-outgoing-4 >> Host: branchtest.perfectomobile.com
<2017-09-26 13:04:22> DEBUG [org.apache.http.headers] http-outgoing-4 >> Connection: Keep-Alive
<2017-09-26 13:04:22> DEBUG [org.apache.http.headers] http-outgoing-4 >> User-Agent: Apache-HttpClient/4.5.2 (Java/1.8.0_121)
<2017-09-26 13:04:22> DEBUG [org.apache.http.headers] http-outgoing-4 >> Cookie: JSESSIONID=F6E28E4994D1584E597DBDFCCCB1737E; fast_failed=true; fast_failed=true
<2017-09-26 13:04:22> DEBUG [org.apache.http.headers] http-outgoing-4 >> Accept-Encoding: gzip,deflate
<2017-09-26 13:04:22> DEBUG [org.apache.http.wire] http-outgoing-4 >> "POST /nexperience/perfectomobile/wd/hub/session/0f3f5f1e-acfb-4373-a011-faaf2224e779/element HTTP/1.1[\r][\n]"
<2017-09-26 13:04:22> DEBUG [org.apache.http.wire] http-outgoing-4 >> "Content-Type: application/json; charset=utf-8[\r][\n]"
<2017-09-26 13:04:22> DEBUG [org.apache.http.wire] http-outgoing-4 >> "Content-Length: 77[\r][\n]"
<2017-09-26 13:04:22> DEBUG [org.apache.http.wire] http-outgoing-4 >> "Host: branchtest.perfectomobile.com[\r][\n]"
<2017-09-26 13:04:22> DEBUG [org.apache.http.wire] http-outgoing-4 >> "Connection: Keep-Alive[\r][\n]"
<2017-09-26 13:04:22> DEBUG [org.apache.http.wire] http-outgoing-4 >> "User-Agent: Apache-HttpClient/4.5.2 (Java/1.8.0_121)[\r][\n]"
<2017-09-26 13:04:22> DEBUG [org.apache.http.wire] http-outgoing-4 >> "Cookie: JSESSIONID=F6E28E4994D1584E597DBDFCCCB1737E; fast_failed=true; fast_failed=true[\r][\n]"
<2017-09-26 13:04:22> DEBUG [org.apache.http.wire] http-outgoing-4 >> "Accept-Encoding: gzip,deflate[\r][\n]"
<2017-09-26 13:04:22> DEBUG [org.apache.http.wire] http-outgoing-4 >> "[\r][\n]"
<2017-09-26 13:04:22> DEBUG [org.apache.http.wire] http-outgoing-4 >> "{"using":"xpath","value":"//*[@id=\"register_form\"]/fieldset[1]/p[1]/input"}"
<2017-09-26 13:04:22> DEBUG [org.apache.http.wire] http-outgoing-4 << "HTTP/1.1 200 OK[\r][\n]"
<2017-09-26 13:04:22> DEBUG [org.apache.http.wire] http-outgoing-4 << "Server: nginx[\r][\n]"
<2017-09-26 13:04:22> DEBUG [org.apache.http.wire] http-outgoing-4 << "Date: Tue, 26 Sep 2017 10:04:19 GMT[\r][\n]"
<2017-09-26 13:04:22> DEBUG [org.apache.http.wire] http-outgoing-4 << "Content-Type: application/json;charset=utf-8[\r][\n]"
<2017-09-26 13:04:22> DEBUG [org.apache.http.wire] http-outgoing-4 << "Transfer-Encoding: chunked[\r][\n]"
<2017-09-26 13:04:22> DEBUG [org.apache.http.wire] http-outgoing-4 << "Connection: keep-alive[\r][\n]"
<2017-09-26 13:04:22> DEBUG [org.apache.http.wire] http-outgoing-4 << "Set-Cookie: JSESSIONID=F6E28E4994D1584E597DBDFCCCB1737E; Path=/nexperience/; HttpOnly[\r][\n]"
<2017-09-26 13:04:22> DEBUG [org.apache.http.wire] http-outgoing-4 << "Expires: Thu, 01 Jan 1970 00:00:00 GMT[\r][\n]"
<2017-09-26 13:04:22> DEBUG [org.apache.http.wire] http-outgoing-4 << "Cache-Control: no-cache[\r][\n]"
<2017-09-26 13:04:22> DEBUG [org.apache.http.wire] http-outgoing-4 << "Cache-Control: no-cache[\r][\n]"
<2017-09-26 13:04:22> DEBUG [org.apache.http.wire] http-outgoing-4 << "Expires: Thu, 01 Jan 1970 00:00:00 GMT[\r][\n]"
<2017-09-26 13:04:22> DEBUG [org.apache.http.wire] http-outgoing-4 << "Set-Cookie: fast_failed=true[\r][\n]"
<2017-09-26 13:04:22> DEBUG [org.apache.http.wire] http-outgoing-4 << "X-XSS-Protection: 2; mode=block[\r][\n]"
<2017-09-26 13:04:22> DEBUG [org.apache.http.wire] http-outgoing-4 << "Content-Encoding: gzip[\r][\n]"
<2017-09-26 13:04:22> DEBUG [org.apache.http.wire] http-outgoing-4 << "[\r][\n]"
<2017-09-26 13:04:22> DEBUG [org.apache.http.wire] http-outgoing-4 << "a0[\r][\n]"
<2017-09-26 13:04:22> DEBUG [org.apache.http.wire] http-outgoing-4 << "[0x1f][0x8b][0x8][0x0][0x0][0x0][0x0][0x0][0x0][0x3]-[0x8d]A[0xe][0x82]0[0x10][0x0][0xff][0xb2]ghh[0xa9]6p5[0x1c]L[0xd4][0x83][0xf1][0x3]k[0xd9]*[0x9][0xb4][0xc8]R/[0x84][0xbf][0xbb][0x7][0xaf][0x93][0x99][0xcc][0x6]L[0xcc]C[0x8a][0xe7][0x1e]Z[0xa8]B[0x1d][0xe]AS[0x89]><K[[0xbb][0xba][0xc4]J[0xeb]2 [0x6]c[0x8c]%[0xe7][0x1a]([0x80]W\It[0xce][0xde]K-[0xe4]}J[0xbd][0x10]-IcMst[0x5]|q[0xcc][0x82]6[0xe8].[0xdd][0xb5][0xbb]=[0xc4][0xb7][0xb0][0x17][0xe0]G[0x94][0xa4][0x85][0xb4][0xbc]T[0x9a])~P1[0x8d][0x14][0x87]<[0xa9][0x85][0xa6][0xb4][0x92][0xba][0x13][0xcf])2[0xfd]WY[0xf4]j[0xff][0x1]`YL|[0xaa][0x0][0x0][0x0][\r][\n]"
<2017-09-26 13:04:22> DEBUG [org.apache.http.wire] http-outgoing-4 << "0[\r][\n]"
<2017-09-26 13:04:22> DEBUG [org.apache.http.wire] http-outgoing-4 << "[\r][\n]"
<2017-09-26 13:04:22> DEBUG [org.apache.http.headers] http-outgoing-4 << HTTP/1.1 200 OK
<2017-09-26 13:04:22> DEBUG [org.apache.http.headers] http-outgoing-4 << Server: nginx
<2017-09-26 13:04:22> DEBUG [org.apache.http.headers] http-outgoing-4 << Date: Tue, 26 Sep 2017 10:04:19 GMT
<2017-09-26 13:04:22> DEBUG [org.apache.http.headers] http-outgoing-4 << Content-Type: application/json;charset=utf-8
<2017-09-26 13:04:22> DEBUG [org.apache.http.headers] http-outgoing-4 << Transfer-Encoding: chunked
<2017-09-26 13:04:22> DEBUG [org.apache.http.headers] http-outgoing-4 << Connection: keep-alive
<2017-09-26 13:04:22> DEBUG [org.apache.http.headers] http-outgoing-4 << Set-Cookie: JSESSIONID=F6E28E4994D1584E597DBDFCCCB1737E; Path=/nexperience/; HttpOnly
<2017-09-26 13:04:22> DEBUG [org.apache.http.headers] http-outgoing-4 << Expires: Thu, 01 Jan 1970 00:00:00 GMT
<2017-09-26 13:04:22> DEBUG [org.apache.http.headers] http-outgoing-4 << Cache-Control: no-cache
<2017-09-26 13:04:22> DEBUG [org.apache.http.headers] http-outgoing-4 << Cache-Control: no-cache
<2017-09-26 13:04:22> DEBUG [org.apache.http.headers] http-outgoing-4 << Expires: Thu, 01 Jan 1970 00:00:00 GMT
<2017-09-26 13:04:22> DEBUG [org.apache.http.headers] http-outgoing-4 << Set-Cookie: fast_failed=true
<2017-09-26 13:04:22> DEBUG [org.apache.http.headers] http-outgoing-4 << X-XSS-Protection: 2; mode=block
<2017-09-26 13:04:22> DEBUG [org.apache.http.headers] http-outgoing-4 << Content-Encoding: gzip
<2017-09-26 13:04:22> DEBUG [o.a.h.i.execchain.MainClientExec] Connection can be kept alive indefinitely
<2017-09-26 13:04:22> DEBUG [o.a.h.c.p.ResponseProcessCookies] Cookie accepted [JSESSIONID="F6E28E4994D1584E597DBDFCCCB1737E", version:0, domain:branchtest.perfectomobile.com, path:/nexperience/, expiry:null]
<2017-09-26 13:04:22> DEBUG [o.a.h.c.p.ResponseProcessCookies] Cookie accepted [fast_failed="true", version:0, domain:branchtest.perfectomobile.com, path:/nexperience/perfectomobile/wd/hub/session/0f3f5f1e-acfb-4373-a011-faaf2224e779, expiry:null]
<2017-09-26 13:04:22> DEBUG [o.a.h.i.c.PoolingHttpClientConnectionManager] Connection [id: 4][route: {s}->https://branchtest.perfectomobile.com:443] can be kept alive indefinitely
<2017-09-26 13:04:22> DEBUG [o.a.h.i.c.PoolingHttpClientConnectionManager] Connection released: [id: 4][route: {s}->https://branchtest.perfectomobile.com:443][total kept alive: 2; route allocated: 5 of 2000; total allocated: 5 of 2000]
<2017-09-26 13:04:22> DEBUG [o.a.h.c.p.RequestAddCookies] CookieSpec selected: default
<2017-09-26 13:04:22> DEBUG [o.a.h.c.p.RequestAddCookies] Cookie [version: 0][name: JSESSIONID][value: F6E28E4994D1584E597DBDFCCCB1737E][domain: branchtest.perfectomobile.com][path: /nexperience/][expiry: null] match [(secure)branchtest.perfectomobile.com:443/nexperience/perfectomobile/wd/hub/session/0f3f5f1e-acfb-4373-a011-faaf2224e779/element/4/value]
<2017-09-26 13:04:22> DEBUG [o.a.h.c.p.RequestAddCookies] Cookie [version: 0][name: fast_failed][value: true][domain: branchtest.perfectomobile.com][path: /nexperience/perfectomobile/wd/hub][expiry: null] match [(secure)branchtest.perfectomobile.com:443/nexperience/perfectomobile/wd/hub/session/0f3f5f1e-acfb-4373-a011-faaf2224e779/element/4/value]
<2017-09-26 13:04:22> DEBUG [o.a.h.c.p.RequestAddCookies] Cookie [version: 0][name: fast_failed][value: true][domain: branchtest.perfectomobile.com][path: /nexperience/perfectomobile/wd/hub/session/0f3f5f1e-acfb-4373-a011-faaf2224e779][expiry: null] match [(secure)branchtest.perfectomobile.com:443/nexperience/perfectomobile/wd/hub/session/0f3f5f1e-acfb-4373-a011-faaf2224e779/element/4/value]
<2017-09-26 13:04:22> DEBUG [o.a.h.c.p.RequestAuthCache] Auth cache not set in the context
<2017-09-26 13:04:22> DEBUG [o.a.h.i.c.PoolingHttpClientConnectionManager] Connection request: [route: {s}->https://branchtest.perfectomobile.com:443][total kept alive: 2; route allocated: 5 of 2000; total allocated: 5 of 2000]
<2017-09-26 13:04:22> DEBUG [o.a.h.i.c.PoolingHttpClientConnectionManager] Connection leased: [id: 4][route: {s}->https://branchtest.perfectomobile.com:443][total kept alive: 1; route allocated: 5 of 2000; total allocated: 5 of 2000]
<2017-09-26 13:04:22> DEBUG [o.a.h.i.execchain.MainClientExec] Stale connection check
<2017-09-26 13:04:22> DEBUG [org.apache.http.wire] http-outgoing-4 << "[read] I/O error: Read timed out"
<2017-09-26 13:04:22> DEBUG [o.a.h.i.c.DefaultManagedHttpClientConnection] http-outgoing-4: set socket timeout to 10800000
<2017-09-26 13:04:22> DEBUG [o.a.h.i.execchain.MainClientExec] Executing request POST /nexperience/perfectomobile/wd/hub/session/0f3f5f1e-acfb-4373-a011-faaf2224e779/element/4/value HTTP/1.1
<2017-09-26 13:04:22> DEBUG [o.a.h.i.execchain.MainClientExec] Target auth state: UNCHALLENGED
<2017-09-26 13:04:22> DEBUG [o.a.h.i.execchain.MainClientExec] Proxy auth state: UNCHALLENGED
<2017-09-26 13:04:22> DEBUG [org.apache.http.headers] http-outgoing-4 >> POST /nexperience/perfectomobile/wd/hub/session/0f3f5f1e-acfb-4373-a011-faaf2224e779/element/4/value HTTP/1.1
<2017-09-26 13:04:22> DEBUG [org.apache.http.headers] http-outgoing-4 >> Content-Type: application/json; charset=utf-8
<2017-09-26 13:04:22> DEBUG [org.apache.http.headers] http-outgoing-4 >> Content-Length: 33
<2017-09-26 13:04:22> DEBUG [org.apache.http.headers] http-outgoing-4 >> Host: branchtest.perfectomobile.com
<2017-09-26 13:04:22> DEBUG [org.apache.http.headers] http-outgoing-4 >> Connection: Keep-Alive
<2017-09-26 13:04:22> DEBUG [org.apache.http.headers] http-outgoing-4 >> User-Agent: Apache-HttpClient/4.5.2 (Java/1.8.0_121)
<2017-09-26 13:04:22> DEBUG [org.apache.http.headers] http-outgoing-4 >> Cookie: JSESSIONID=F6E28E4994D1584E597DBDFCCCB1737E; fast_failed=true; fast_failed=true
<2017-09-26 13:04:22> DEBUG [org.apache.http.headers] http-outgoing-4 >> Accept-Encoding: gzip,deflate
<2017-09-26 13:04:22> DEBUG [org.apache.http.wire] http-outgoing-4 >> "POST /nexperience/perfectomobile/wd/hub/session/0f3f5f1e-acfb-4373-a011-faaf2224e779/element/4/value HTTP/1.1[\r][\n]"
<2017-09-26 13:04:22> DEBUG [org.apache.http.wire] http-outgoing-4 >> "Content-Type: application/json; charset=utf-8[\r][\n]"
<2017-09-26 13:04:22> DEBUG [org.apache.http.wire] http-outgoing-4 >> "Content-Length: 33[\r][\n]"
<2017-09-26 13:04:22> DEBUG [org.apache.http.wire] http-outgoing-4 >> "Host: branchtest.perfectomobile.com[\r][\n]"
<2017-09-26 13:04:22> DEBUG [org.apache.http.wire] http-outgoing-4 >> "Connection: Keep-Alive[\r][\n]"
<2017-09-26 13:04:22> DEBUG [org.apache.http.wire] http-outgoing-4 >> "User-Agent: Apache-HttpClient/4.5.2 (Java/1.8.0_121)[\r][\n]"
<2017-09-26 13:04:22> DEBUG [org.apache.http.wire] http-outgoing-4 >> "Cookie: JSESSIONID=F6E28E4994D1584E597DBDFCCCB1737E; fast_failed=true; fast_failed=true[\r][\n]"
<2017-09-26 13:04:22> DEBUG [org.apache.http.wire] http-outgoing-4 >> "Accept-Encoding: gzip,deflate[\r][\n]"
<2017-09-26 13:04:22> DEBUG [org.apache.http.wire] http-outgoing-4 >> "[\r][\n]"
<2017-09-26 13:04:22> DEBUG [org.apache.http.wire] http-outgoing-4 >> "{"id":"4","value":["first name"]}"
<2017-09-26 13:04:22> DEBUG [org.apache.http.wire] http-outgoing-0 << "HTTP/1.1 200 OK[\r][\n]"
<2017-09-26 13:04:22> DEBUG [org.apache.http.wire] http-outgoing-0 << "Server: nginx[\r][\n]"
<2017-09-26 13:04:22> DEBUG [org.apache.http.wire] http-outgoing-0 << "Date: Tue, 26 Sep 2017 10:04:19 GMT[\r][\n]"
<2017-09-26 13:04:22> DEBUG [org.apache.http.wire] http-outgoing-0 << "Content-Type: application/json;charset=utf-8[\r][\n]"
<2017-09-26 13:04:22> DEBUG [org.apache.http.wire] http-outgoing-0 << "Transfer-Encoding: chunked[\r][\n]"
<2017-09-26 13:04:22> DEBUG [org.apache.http.wire] http-outgoing-0 << "Connection: keep-alive[\r][\n]"
<2017-09-26 13:04:22> DEBUG [org.apache.http.wire] http-outgoing-0 << "Set-Cookie: JSESSIONID=F6E28E4994D1584E597DBDFCCCB1737E; Path=/nexperience/; HttpOnly[\r][\n]"
<2017-09-26 13:04:22> DEBUG [org.apache.http.wire] http-outgoing-0 << "Expires: Thu, 01 Jan 1970 00:00:00 GMT[\r][\n]"
<2017-09-26 13:04:22> DEBUG [org.apache.http.wire] http-outgoing-0 << "Cache-Control: no-cache[\r][\n]"
<2017-09-26 13:04:22> DEBUG [org.apache.http.wire] http-outgoing-0 << "Cache-Control: no-cache[\r][\n]"
<2017-09-26 13:04:22> DEBUG [org.apache.http.wire] http-outgoing-0 << "Expires: Thu, 01 Jan 1970 00:00:00 GMT[\r][\n]"
<2017-09-26 13:04:22> DEBUG [org.apache.http.wire] http-outgoing-0 << "Set-Cookie: fast_failed=true[\r][\n]"
<2017-09-26 13:04:22> DEBUG [org.apache.http.wire] http-outgoing-0 << "X-XSS-Protection: 2; mode=block[\r][\n]"
<2017-09-26 13:04:22> DEBUG [org.apache.http.wire] http-outgoing-0 << "Content-Encoding: gzip[\r][\n]"
<2017-09-26 13:04:22> DEBUG [org.apache.http.wire] http-outgoing-0 << "[\r][\n]"
<2017-09-26 13:04:22> DEBUG [org.apache.http.wire] http-outgoing-0 << "96[\r][\n]"
<2017-09-26 13:04:22> DEBUG [org.apache.http.wire] http-outgoing-0 << "[0x1f][0x8b][0x8][0x0][0x0][0x0][0x0][0x0][0x0][0x3]-[0xcc]1[0x12][0xc2] [0x10][0x85][0xe1][0xbb]l[0x1d][0x18][0x8][0x11]![0xad][0x95][0xad]7@X43[0x4]b6[0xd8]8[0xde][0xdd]-l[0xff][0xf9][0xde][0xfb][0x0]![0xd1][0xd2][0xea]5[0xc1][0xc][0xde][0x9e][0x8c][0x9e]l[0x14]>9#&e[0xb5]p*gq[0xb6]w[0x87]Y[0xe7]4N[0x1e][0x6][0xa0]#[0x1c][0xc8][0x9c]z[0x8c][0xbc][0xe6][0xf2][0xbc][0xb4][0xc4]E[0x8f][0xc6]([0xef][0x9d][0xb3][0x3][0xbc]C[0xe9][0x9c]j/e[0x80]X[0x2][0xbb][0x19][0xda][0xfe][0x90]m[0xc3][0xfa][\n]"
<2017-09-26 13:04:22> DEBUG [org.apache.http.wire] http-outgoing-0 << "[0x92][0xb0]`][0xfa]*w\[0xdb][0x81][0xf2][0x86][0xb4][0xb5]J[0xf8][0xff][0xef][0xcc][0xd5][0xf7][0x7][0x85][0xb8][0xa0][0x9d][0x9f][0x0][0x0][0x0][\r][\n]"
<2017-09-26 13:04:22> DEBUG [org.apache.http.wire] http-outgoing-0 << "0[\r][\n]"
<2017-09-26 13:04:22> DEBUG [org.apache.http.wire] http-outgoing-0 << "[\r][\n]"
<2017-09-26 13:04:22> DEBUG [org.apache.http.headers] http-outgoing-0 << HTTP/1.1 200 OK
<2017-09-26 13:04:22> DEBUG [org.apache.http.headers] http-outgoing-0 << Server: nginx
<2017-09-26 13:04:22> DEBUG [org.apache.http.headers] http-outgoing-0 << Date: Tue, 26 Sep 2017 10:04:19 GMT
<2017-09-26 13:04:22> DEBUG [org.apache.http.headers] http-outgoing-0 << Content-Type: application/json;charset=utf-8
<2017-09-26 13:04:22> DEBUG [org.apache.http.headers] http-outgoing-0 << Transfer-Encoding: chunked
<2017-09-26 13:04:22> DEBUG [org.apache.http.headers] http-outgoing-0 << Connection: keep-alive
<2017-09-26 13:04:22> DEBUG [org.apache.http.headers] http-outgoing-0 << Set-Cookie: JSESSIONID=F6E28E4994D1584E597DBDFCCCB1737E; Path=/nexperience/; HttpOnly
<2017-09-26 13:04:22> DEBUG [org.apache.http.headers] http-outgoing-0 << Expires: Thu, 01 Jan 1970 00:00:00 GMT
<2017-09-26 13:04:22> DEBUG [org.apache.http.headers] http-outgoing-0 << Cache-Control: no-cache
<2017-09-26 13:04:22> DEBUG [org.apache.http.headers] http-outgoing-0 << Cache-Control: no-cache
<2017-09-26 13:04:22> DEBUG [org.apache.http.headers] http-outgoing-0 << Expires: Thu, 01 Jan 1970 00:00:00 GMT
<2017-09-26 13:04:22> DEBUG [org.apache.http.headers] http-outgoing-0 << Set-Cookie: fast_failed=true
<2017-09-26 13:04:22> DEBUG [org.apache.http.headers] http-outgoing-0 << X-XSS-Protection: 2; mode=block
<2017-09-26 13:04:22> DEBUG [org.apache.http.headers] http-outgoing-0 << Content-Encoding: gzip
<2017-09-26 13:04:22> DEBUG [o.a.h.i.execchain.MainClientExec] Connection can be kept alive indefinitely
<2017-09-26 13:04:22> DEBUG [o.a.h.c.p.ResponseProcessCookies] Cookie accepted [JSESSIONID="F6E28E4994D1584E597DBDFCCCB1737E", version:0, domain:branchtest.perfectomobile.com, path:/nexperience/, expiry:null]
<2017-09-26 13:04:22> DEBUG [o.a.h.c.p.ResponseProcessCookies] Cookie accepted [fast_failed="true", version:0, domain:branchtest.perfectomobile.com, path:/nexperience/perfectomobile/wd/hub/session/9653146c-9d83-4061-80ff-76b8ef1fd249/element/3, expiry:null]
<2017-09-26 13:04:22> DEBUG [o.a.h.i.c.PoolingHttpClientConnectionManager] Connection [id: 0][route: {s}->https://branchtest.perfectomobile.com:443] can be kept alive indefinitely
<2017-09-26 13:04:22> DEBUG [o.a.h.i.c.PoolingHttpClientConnectionManager] Connection released: [id: 0][route: {s}->https://branchtest.perfectomobile.com:443][total kept alive: 2; route allocated: 5 of 2000; total allocated: 5 of 2000]
<2017-09-26 13:04:23> DEBUG [org.apache.http.wire] http-outgoing-4 << "HTTP/1.1 200 OK[\r][\n]"
<2017-09-26 13:04:23> DEBUG [org.apache.http.wire] http-outgoing-4 << "Server: nginx[\r][\n]"
<2017-09-26 13:04:23> DEBUG [org.apache.http.wire] http-outgoing-4 << "Date: Tue, 26 Sep 2017 10:04:19 GMT[\r][\n]"
<2017-09-26 13:04:23> DEBUG [org.apache.http.wire] http-outgoing-4 << "Content-Type: application/json;charset=utf-8[\r][\n]"
<2017-09-26 13:04:23> DEBUG [org.apache.http.wire] http-outgoing-4 << "Transfer-Encoding: chunked[\r][\n]"
<2017-09-26 13:04:23> DEBUG [org.apache.http.wire] http-outgoing-4 << "Connection: keep-alive[\r][\n]"
<2017-09-26 13:04:23> DEBUG [org.apache.http.wire] http-outgoing-4 << "Set-Cookie: JSESSIONID=F6E28E4994D1584E597DBDFCCCB1737E; Path=/nexperience/; HttpOnly[\r][\n]"
<2017-09-26 13:04:23> DEBUG [org.apache.http.wire] http-outgoing-4 << "Expires: Thu, 01 Jan 1970 00:00:00 GMT[\r][\n]"
<2017-09-26 13:04:23> DEBUG [org.apache.http.wire] http-outgoing-4 << "Cache-Control: no-cache[\r][\n]"
<2017-09-26 13:04:23> DEBUG [org.apache.http.wire] http-outgoing-4 << "Cache-Control: no-cache[\r][\n]"
<2017-09-26 13:04:23> DEBUG [org.apache.http.wire] http-outgoing-4 << "Expires: Thu, 01 Jan 1970 00:00:00 GMT[\r][\n]"
<2017-09-26 13:04:23> DEBUG [org.apache.http.wire] http-outgoing-4 << "Set-Cookie: fast_failed=true[\r][\n]"
<2017-09-26 13:04:23> DEBUG [org.apache.http.wire] http-outgoing-4 << "X-XSS-Protection: 2; mode=block[\r][\n]"
<2017-09-26 13:04:23> DEBUG [org.apache.http.wire] http-outgoing-4 << "Content-Encoding: gzip[\r][\n]"
<2017-09-26 13:04:23> DEBUG [org.apache.http.wire] http-outgoing-4 << "[\r][\n]"
<2017-09-26 13:04:23> DEBUG [org.apache.http.wire] http-outgoing-4 << "95[\r][\n]"
<2017-09-26 13:04:23> DEBUG [org.apache.http.wire] http-outgoing-4 << "[0x1f][0x8b][0x8][0x0][0x0][0x0][0x0][0x0][0x0][0x3]-[0xcc][0xbb][0x12][0x82]0[0x10][0x85][0xe1]w[0xd9][0x9a]drA#[0xb4]V[0xb6][0xbe][0xc1][0x1a]6[0xca]LH[0x80]%6[0x8e][0xef][0xee][0x16][0xb6][0xff]|[0xe7]|[0x80][0x89]y[0xae][0xe5]6[0xc1][0x8]&[0xf9]tJ[0x96][0x14][0xc6][0xf4]P[0xbd][0xf]^[0xa1][0xb1]V%[0xc4][0xe4][0x9c][0xeb])[0x84][0x1]:[0xe0][0x3][0xf][0x12][0xce]-FYKy][0xeb]$[0xc5]][0x6][0xeb][0xcf][0xc6][0x87][0xe][0xde][0x98][0x9b][0x94][0xd2]r[0xee] f[0x14]6B[0xdd][0x9f][0xba][0xae]T6[0xd4]L[0x99][0xca][0xdc][0x16][0xbd][0xd3]R[0xf][0xd2]w[0xe2][0xb5][0x16][0xa6][0xff]}[0x13]n[0xbe]?[0x83][0xa6][0xcf]n[0x9e][0x0][0x0][0x0][\r][\n]"
<2017-09-26 13:04:23> DEBUG [org.apache.http.wire] http-outgoing-4 << "0[\r][\n]"
<2017-09-26 13:04:23> DEBUG [org.apache.http.wire] http-outgoing-4 << "[\r][\n]"
<2017-09-26 13:04:23> DEBUG [org.apache.http.headers] http-outgoing-4 << HTTP/1.1 200 OK
<2017-09-26 13:04:23> DEBUG [org.apache.http.headers] http-outgoing-4 << Server: nginx
<2017-09-26 13:04:23> DEBUG [org.apache.http.headers] http-outgoing-4 << Date: Tue, 26 Sep 2017 10:04:19 GMT
<2017-09-26 13:04:23> DEBUG [org.apache.http.headers] http-outgoing-4 << Content-Type: application/json;charset=utf-8
<2017-09-26 13:04:23> DEBUG [org.apache.http.headers] http-outgoing-4 << Transfer-Encoding: chunked
<2017-09-26 13:04:23> DEBUG [org.apache.http.headers] http-outgoing-4 << Connection: keep-alive
<2017-09-26 13:04:23> DEBUG [org.apache.http.headers] http-outgoing-4 << Set-Cookie: JSESSIONID=F6E28E4994D1584E597DBDFCCCB1737E; Path=/nexperience/; HttpOnly
<2017-09-26 13:04:23> DEBUG [org.apache.http.headers] http-outgoing-4 << Expires: Thu, 01 Jan 1970 00:00:00 GMT
<2017-09-26 13:04:23> DEBUG [org.apache.http.headers] http-outgoing-4 << Cache-Control: no-cache
<2017-09-26 13:04:23> DEBUG [org.apache.http.headers] http-outgoing-4 << Cache-Control: no-cache
<2017-09-26 13:04:23> DEBUG [org.apache.http.headers] http-outgoing-4 << Expires: Thu, 01 Jan 1970 00:00:00 GMT
<2017-09-26 13:04:23> DEBUG [org.apache.http.headers] http-outgoing-4 << Set-Cookie: fast_failed=true
<2017-09-26 13:04:23> DEBUG [org.apache.http.headers] http-outgoing-4 << X-XSS-Protection: 2; mode=block
<2017-09-26 13:04:23> DEBUG [org.apache.http.headers] http-outgoing-4 << Content-Encoding: gzip
<2017-09-26 13:04:23> DEBUG [o.a.h.i.execchain.MainClientExec] Connection can be kept alive indefinitely
<2017-09-26 13:04:23> DEBUG [o.a.h.c.p.ResponseProcessCookies] Cookie accepted [JSESSIONID="F6E28E4994D1584E597DBDFCCCB1737E", version:0, domain:branchtest.perfectomobile.com, path:/nexperience/, expiry:null]
<2017-09-26 13:04:23> DEBUG [o.a.h.c.p.ResponseProcessCookies] Cookie accepted [fast_failed="true", version:0, domain:branchtest.perfectomobile.com, path:/nexperience/perfectomobile/wd/hub/session/0f3f5f1e-acfb-4373-a011-faaf2224e779/element/4, expiry:null]
<2017-09-26 13:04:23> DEBUG [o.a.h.i.c.PoolingHttpClientConnectionManager] Connection [id: 4][route: {s}->https://branchtest.perfectomobile.com:443] can be kept alive indefinitely
<2017-09-26 13:04:23> DEBUG [o.a.h.i.c.PoolingHttpClientConnectionManager] Connection released: [id: 4][route: {s}->https://branchtest.perfectomobile.com:443][total kept alive: 3; route allocated: 5 of 2000; total allocated: 5 of 2000]
<2017-09-26 13:04:23> DEBUG [o.a.h.c.p.RequestAddCookies] CookieSpec selected: default
<2017-09-26 13:04:23> DEBUG [o.a.h.c.p.RequestAddCookies] Cookie [version: 0][name: JSESSIONID][value: F6E28E4994D1584E597DBDFCCCB1737E][domain: branchtest.perfectomobile.com][path: /nexperience/][expiry: null] match [(secure)branchtest.perfectomobile.com:443/nexperience/perfectomobile/wd/hub/session/0f3f5f1e-acfb-4373-a011-faaf2224e779/element]
<2017-09-26 13:04:23> DEBUG [o.a.h.c.p.RequestAddCookies] Cookie [version: 0][name: fast_failed][value: true][domain: branchtest.perfectomobile.com][path: /nexperience/perfectomobile/wd/hub][expiry: null] match [(secure)branchtest.perfectomobile.com:443/nexperience/perfectomobile/wd/hub/session/0f3f5f1e-acfb-4373-a011-faaf2224e779/element]
<2017-09-26 13:04:23> DEBUG [o.a.h.c.p.RequestAddCookies] Cookie [version: 0][name: fast_failed][value: true][domain: branchtest.perfectomobile.com][path: /nexperience/perfectomobile/wd/hub/session/0f3f5f1e-acfb-4373-a011-faaf2224e779][expiry: null] match [(secure)branchtest.perfectomobile.com:443/nexperience/perfectomobile/wd/hub/session/0f3f5f1e-acfb-4373-a011-faaf2224e779/element]
<2017-09-26 13:04:23> DEBUG [o.a.h.c.p.RequestAuthCache] Auth cache not set in the context
<2017-09-26 13:04:23> DEBUG [o.a.h.i.c.PoolingHttpClientConnectionManager] Connection request: [route: {s}->https://branchtest.perfectomobile.com:443][total kept alive: 3; route allocated: 5 of 2000; total allocated: 5 of 2000]
<2017-09-26 13:04:23> DEBUG [o.a.h.i.c.PoolingHttpClientConnectionManager] Connection leased: [id: 4][route: {s}->https://branchtest.perfectomobile.com:443][total kept alive: 2; route allocated: 5 of 2000; total allocated: 5 of 2000]
<2017-09-26 13:04:23> DEBUG [o.a.h.i.execchain.MainClientExec] Stale connection check
<2017-09-26 13:04:23> DEBUG [org.apache.http.wire] http-outgoing-4 << "[read] I/O error: Read timed out"
<2017-09-26 13:04:23> DEBUG [o.a.h.i.c.DefaultManagedHttpClientConnection] http-outgoing-4: set socket timeout to 10800000
<2017-09-26 13:04:23> DEBUG [o.a.h.i.execchain.MainClientExec] Executing request POST /nexperience/perfectomobile/wd/hub/session/0f3f5f1e-acfb-4373-a011-faaf2224e779/element HTTP/1.1
<2017-09-26 13:04:23> DEBUG [o.a.h.i.execchain.MainClientExec] Target auth state: UNCHALLENGED
<2017-09-26 13:04:23> DEBUG [o.a.h.i.execchain.MainClientExec] Proxy auth state: UNCHALLENGED
<2017-09-26 13:04:23> DEBUG [org.apache.http.headers] http-outgoing-4 >> POST /nexperience/perfectomobile/wd/hub/session/0f3f5f1e-acfb-4373-a011-faaf2224e779/element HTTP/1.1
<2017-09-26 13:04:23> DEBUG [org.apache.http.headers] http-outgoing-4 >> Content-Type: application/json; charset=utf-8
<2017-09-26 13:04:23> DEBUG [org.apache.http.headers] http-outgoing-4 >> Content-Length: 77
<2017-09-26 13:04:23> DEBUG [org.apache.http.headers] http-outgoing-4 >> Host: branchtest.perfectomobile.com
<2017-09-26 13:04:23> DEBUG [org.apache.http.headers] http-outgoing-4 >> Connection: Keep-Alive
<2017-09-26 13:04:23> DEBUG [org.apache.http.headers] http-outgoing-4 >> User-Agent: Apache-HttpClient/4.5.2 (Java/1.8.0_121)
<2017-09-26 13:04:23> DEBUG [org.apache.http.headers] http-outgoing-4 >> Cookie: JSESSIONID=F6E28E4994D1584E597DBDFCCCB1737E; fast_failed=true; fast_failed=true
<2017-09-26 13:04:23> DEBUG [org.apache.http.headers] http-outgoing-4 >> Accept-Encoding: gzip,deflate
<2017-09-26 13:04:23> DEBUG [org.apache.http.wire] http-outgoing-4 >> "POST /nexperience/perfectomobile/wd/hub/session/0f3f5f1e-acfb-4373-a011-faaf2224e779/element HTTP/1.1[\r][\n]"
<2017-09-26 13:04:23> DEBUG [org.apache.http.wire] http-outgoing-4 >> "Content-Type: application/json; charset=utf-8[\r][\n]"
<2017-09-26 13:04:23> DEBUG [org.apache.http.wire] http-outgoing-4 >> "Content-Length: 77[\r][\n]"
<2017-09-26 13:04:23> DEBUG [org.apache.http.wire] http-outgoing-4 >> "Host: branchtest.perfectomobile.com[\r][\n]"
<2017-09-26 13:04:23> DEBUG [org.apache.http.wire] http-outgoing-4 >> "Connection: Keep-Alive[\r][\n]"
<2017-09-26 13:04:23> DEBUG [org.apache.http.wire] http-outgoing-4 >> "User-Agent: Apache-HttpClient/4.5.2 (Java/1.8.0_121)[\r][\n]"
<2017-09-26 13:04:23> DEBUG [org.apache.http.wire] http-outgoing-4 >> "Cookie: JSESSIONID=F6E28E4994D1584E597DBDFCCCB1737E; fast_failed=true; fast_failed=true[\r][\n]"
<2017-09-26 13:04:23> DEBUG [org.apache.http.wire] http-outgoing-4 >> "Accept-Encoding: gzip,deflate[\r][\n]"
<2017-09-26 13:04:23> DEBUG [org.apache.http.wire] http-outgoing-4 >> "[\r][\n]"
<2017-09-26 13:04:23> DEBUG [org.apache.http.wire] http-outgoing-4 >> "{"using":"xpath","value":"//*[@id=\"register_form\"]/fieldset[1]/p[2]/input"}"
<2017-09-26 13:04:23> DEBUG [org.apache.http.wire] http-outgoing-4 << "HTTP/1.1 200 OK[\r][\n]"
<2017-09-26 13:04:23> DEBUG [org.apache.http.wire] http-outgoing-4 << "Server: nginx[\r][\n]"
<2017-09-26 13:04:23> DEBUG [org.apache.http.wire] http-outgoing-4 << "Date: Tue, 26 Sep 2017 10:04:19 GMT[\r][\n]"
<2017-09-26 13:04:23> DEBUG [org.apache.http.wire] http-outgoing-4 << "Content-Type: application/json;charset=utf-8[\r][\n]"
<2017-09-26 13:04:23> DEBUG [org.apache.http.wire] http-outgoing-4 << "Transfer-Encoding: chunked[\r][\n]"
<2017-09-26 13:04:23> DEBUG [org.apache.http.wire] http-outgoing-4 << "Connection: keep-alive[\r][\n]"
<2017-09-26 13:04:23> DEBUG [org.apache.http.wire] http-outgoing-4 << "Set-Cookie: JSESSIONID=F6E28E4994D1584E597DBDFCCCB1737E; Path=/nexperience/; HttpOnly[\r][\n]"
<2017-09-26 13:04:23> DEBUG [org.apache.http.wire] http-outgoing-4 << "Expires: Thu, 01 Jan 1970 00:00:00 GMT[\r][\n]"
<2017-09-26 13:04:23> DEBUG [org.apache.http.wire] http-outgoing-4 << "Cache-Control: no-cache[\r][\n]"
<2017-09-26 13:04:23> DEBUG [org.apache.http.wire] http-outgoing-4 << "Cache-Control: no-cache[\r][\n]"
<2017-09-26 13:04:23> DEBUG [org.apache.http.wire] http-outgoing-4 << "Expires: Thu, 01 Jan 1970 00:00:00 GMT[\r][\n]"
<2017-09-26 13:04:23> DEBUG [org.apache.http.wire] http-outgoing-4 << "Set-Cookie: fast_failed=true[\r][\n]"
<2017-09-26 13:04:23> DEBUG [org.apache.http.wire] http-outgoing-4 << "X-XSS-Protection: 2; mode=block[\r][\n]"
<2017-09-26 13:04:23> DEBUG [org.apache.http.wire] http-outgoing-4 << "Content-Encoding: gzip[\r][\n]"
<2017-09-26 13:04:23> DEBUG [org.apache.http.wire] http-outgoing-4 << "[\r][\n]"
<2017-09-26 13:04:23> DEBUG [org.apache.http.wire] http-outgoing-4 << "a0[\r][\n]"
<2017-09-26 13:04:23> DEBUG [org.apache.http.wire] http-outgoing-4 << "[0x1f][0x8b][0x8][0x0][0x0][0x0][0x0][0x0][0x0][0x3]-[0x8d]A[0xe][0x82]0[0x10][0x0][0xff][0xb2]g[0xda][0xb4][0x85][0xda][0xc8][0xd5]p0Q[0xf][0xc6][0xf][0xac]e[0xab]$[0xd0]"[0xa5]^[0x8]]]>&#x7f;<![CDATA[w[0xf]^'3[0x99][\r]2[0xe5]<[0xa4]x[0xee][0xa1][0x5][0x15][0xea]`[0x83]&[0x81]><ES[0xbb]Z[0xa0][0xd2]Z[0x4][0xc4]`[0x8c]i[0xc8][0xb9]#T[0x90]W\[0x89][0xf5]\[0xbc][0xe7][0x9a][0xc9][0xfb][0x94]z&[0xda]*k[0x8d];(S[0xc1][0x17][0xc7][0xc2]h[0x83][0xee][0xd2]][0xbb][0xdb][0x83]}[0xb]{[0x5]~DNZH[0xcb]K[0xa6][0x99][0xe2][0x7]e[0xa6][0x91][0xe2]P&[0xb9][0xd0][0x94]V[0x92]w[0xca]s[0x8a][0x99][0xfe][0xab][0xc2][0xba][0xda]]]>&#x7f;<![CDATA[[0xea]Sm[0x11][0xaa][0x0][0x0][0x0][\r][\n]"
<2017-09-26 13:04:23> DEBUG [org.apache.http.wire] http-outgoing-4 << "0[\r][\n]"
<2017-09-26 13:04:23> DEBUG [org.apache.http.wire] http-outgoing-4 << "[\r][\n]"
<2017-09-26 13:04:23> DEBUG [org.apache.http.headers] http-outgoing-4 << HTTP/1.1 200 OK
<2017-09-26 13:04:23> DEBUG [org.apache.http.headers] http-outgoing-4 << Server: nginx
<2017-09-26 13:04:23> DEBUG [org.apache.http.headers] http-outgoing-4 << Date: Tue, 26 Sep 2017 10:04:19 GMT
<2017-09-26 13:04:23> DEBUG [org.apache.http.headers] http-outgoing-4 << Content-Type: application/json;charset=utf-8
<2017-09-26 13:04:23> DEBUG [org.apache.http.headers] http-outgoing-4 << Transfer-Encoding: chunked
<2017-09-26 13:04:23> DEBUG [org.apache.http.headers] http-outgoing-4 << Connection: keep-alive
<2017-09-26 13:04:23> DEBUG [org.apache.http.headers] http-outgoing-4 << Set-Cookie: JSESSIONID=F6E28E4994D1584E597DBDFCCCB1737E; Path=/nexperience/; HttpOnly
<2017-09-26 13:04:23> DEBUG [org.apache.http.headers] http-outgoing-4 << Expires: Thu, 01 Jan 1970 00:00:00 GMT
<2017-09-26 13:04:23> DEBUG [org.apache.http.headers] http-outgoing-4 << Cache-Control: no-cache
<2017-09-26 13:04:23> DEBUG [org.apache.http.headers] http-outgoing-4 << Cache-Control: no-cache
<2017-09-26 13:04:23> DEBUG [org.apache.http.headers] http-outgoing-4 << Expires: Thu, 01 Jan 1970 00:00:00 GMT
<2017-09-26 13:04:23> DEBUG [org.apache.http.headers] http-outgoing-4 << Set-Cookie: fast_failed=true
<2017-09-26 13:04:23> DEBUG [org.apache.http.headers] http-outgoing-4 << X-XSS-Protection: 2; mode=block
<2017-09-26 13:04:23> DEBUG [org.apache.http.headers] http-outgoing-4 << Content-Encoding: gzip
<2017-09-26 13:04:23> DEBUG [o.a.h.i.execchain.MainClientExec] Connection can be kept alive indefinitely
<2017-09-26 13:04:23> DEBUG [o.a.h.c.p.ResponseProcessCookies] Cookie accepted [JSESSIONID="F6E28E4994D1584E597DBDFCCCB1737E", version:0, domain:branchtest.perfectomobile.com, path:/nexperience/, expiry:null]
<2017-09-26 13:04:23> DEBUG [o.a.h.c.p.ResponseProcessCookies] Cookie accepted [fast_failed="true", version:0, domain:branchtest.perfectomobile.com, path:/nexperience/perfectomobile/wd/hub/session/0f3f5f1e-acfb-4373-a011-faaf2224e779, expiry:null]
<2017-09-26 13:04:23> DEBUG [o.a.h.i.c.PoolingHttpClientConnectionManager] Connection [id: 4][route: {s}->https://branchtest.perfectomobile.com:443] can be kept alive indefinitely
<2017-09-26 13:04:23> DEBUG [o.a.h.i.c.PoolingHttpClientConnectionManager] Connection released: [id: 4][route: {s}->https://branchtest.perfectomobile.com:443][total kept alive: 3; route allocated: 5 of 2000; total allocated: 5 of 2000]
<2017-09-26 13:04:23> DEBUG [o.a.h.c.p.RequestAddCookies] CookieSpec selected: default
<2017-09-26 13:04:23> DEBUG [o.a.h.c.p.RequestAddCookies] Cookie [version: 0][name: JSESSIONID][value: F6E28E4994D1584E597DBDFCCCB1737E][domain: branchtest.perfectomobile.com][path: /nexperience/][expiry: null] match [(secure)branchtest.perfectomobile.com:443/nexperience/perfectomobile/wd/hub/session/0f3f5f1e-acfb-4373-a011-faaf2224e779/element/5/value]
<2017-09-26 13:04:23> DEBUG [o.a.h.c.p.RequestAddCookies] Cookie [version: 0][name: fast_failed][value: true][domain: branchtest.perfectomobile.com][path: /nexperience/perfectomobile/wd/hub][expiry: null] match [(secure)branchtest.perfectomobile.com:443/nexperience/perfectomobile/wd/hub/session/0f3f5f1e-acfb-4373-a011-faaf2224e779/element/5/value]
<2017-09-26 13:04:23> DEBUG [o.a.h.c.p.RequestAddCookies] Cookie [version: 0][name: fast_failed][value: true][domain: branchtest.perfectomobile.com][path: /nexperience/perfectomobile/wd/hub/session/0f3f5f1e-acfb-4373-a011-faaf2224e779][expiry: null] match [(secure)branchtest.perfectomobile.com:443/nexperience/perfectomobile/wd/hub/session/0f3f5f1e-acfb-4373-a011-faaf2224e779/element/5/value]
<2017-09-26 13:04:23> DEBUG [o.a.h.c.p.RequestAuthCache] Auth cache not set in the context
<2017-09-26 13:04:23> DEBUG [o.a.h.i.c.PoolingHttpClientConnectionManager] Connection request: [route: {s}->https://branchtest.perfectomobile.com:443][total kept alive: 3; route allocated: 5 of 2000; total allocated: 5 of 2000]
<2017-09-26 13:04:23> DEBUG [o.a.h.i.c.PoolingHttpClientConnectionManager] Connection leased: [id: 4][route: {s}->https://branchtest.perfectomobile.com:443][total kept alive: 2; route allocated: 5 of 2000; total allocated: 5 of 2000]
<2017-09-26 13:04:23> DEBUG [o.a.h.i.execchain.MainClientExec] Stale connection check
<2017-09-26 13:04:23> DEBUG [org.apache.http.wire] http-outgoing-4 << "[read] I/O error: Read timed out"
<2017-09-26 13:04:23> DEBUG [o.a.h.i.c.DefaultManagedHttpClientConnection] http-outgoing-4: set socket timeout to 10800000
<2017-09-26 13:04:23> DEBUG [o.a.h.i.execchain.MainClientExec] Executing request POST /nexperience/perfectomobile/wd/hub/session/0f3f5f1e-acfb-4373-a011-faaf2224e779/element/5/value HTTP/1.1
<2017-09-26 13:04:23> DEBUG [o.a.h.i.execchain.MainClientExec] Target auth state: UNCHALLENGED
<2017-09-26 13:04:23> DEBUG [o.a.h.i.execchain.MainClientExec] Proxy auth state: UNCHALLENGED
<2017-09-26 13:04:23> DEBUG [org.apache.http.headers] http-outgoing-4 >> POST /nexperience/perfectomobile/wd/hub/session/0f3f5f1e-acfb-4373-a011-faaf2224e779/element/5/value HTTP/1.1
<2017-09-26 13:04:23> DEBUG [org.apache.http.headers] http-outgoing-4 >> Content-Type: application/json; charset=utf-8
<2017-09-26 13:04:23> DEBUG [org.apache.http.headers] http-outgoing-4 >> Content-Length: 32
<2017-09-26 13:04:23> DEBUG [org.apache.http.headers] http-outgoing-4 >> Host: branchtest.perfectomobile.com
<2017-09-26 13:04:23> DEBUG [org.apache.http.headers] http-outgoing-4 >> Connection: Keep-Alive
<2017-09-26 13:04:23> DEBUG [org.apache.http.headers] http-outgoing-4 >> User-Agent: Apache-HttpClient/4.5.2 (Java/1.8.0_121)
<2017-09-26 13:04:23> DEBUG [org.apache.http.headers] http-outgoing-4 >> Cookie: JSESSIONID=F6E28E4994D1584E597DBDFCCCB1737E; fast_failed=true; fast_failed=true
<2017-09-26 13:04:23> DEBUG [org.apache.http.headers] http-outgoing-4 >> Accept-Encoding: gzip,deflate
<2017-09-26 13:04:23> DEBUG [org.apache.http.wire] http-outgoing-4 >> "POST /nexperience/perfectomobile/wd/hub/session/0f3f5f1e-acfb-4373-a011-faaf2224e779/element/5/value HTTP/1.1[\r][\n]"
<2017-09-26 13:04:23> DEBUG [org.apache.http.wire] http-outgoing-4 >> "Content-Type: application/json; charset=utf-8[\r][\n]"
<2017-09-26 13:04:23> DEBUG [org.apache.http.wire] http-outgoing-4 >> "Content-Length: 32[\r][\n]"
<2017-09-26 13:04:23> DEBUG [org.apache.http.wire] http-outgoing-4 >> "Host: branchtest.perfectomobile.com[\r][\n]"
<2017-09-26 13:04:23> DEBUG [org.apache.http.wire] http-outgoing-4 >> "Connection: Keep-Alive[\r][\n]"
<2017-09-26 13:04:23> DEBUG [org.apache.http.wire] http-outgoing-4 >> "User-Agent: Apache-HttpClient/4.5.2 (Java/1.8.0_121)[\r][\n]"
<2017-09-26 13:04:23> DEBUG [org.apache.http.wire] http-outgoing-4 >> "Cookie: JSESSIONID=F6E28E4994D1584E597DBDFCCCB1737E; fast_failed=true; fast_failed=true[\r][\n]"
<2017-09-26 13:04:23> DEBUG [org.apache.http.wire] http-outgoing-4 >> "Accept-Encoding: gzip,deflate[\r][\n]"
<2017-09-26 13:04:23> DEBUG [org.apache.http.wire] http-outgoing-4 >> "[\r][\n]"
<2017-09-26 13:04:23> DEBUG [org.apache.http.wire] http-outgoing-4 >> "{"id":"5","value":["last name"]}"
<2017-09-26 13:04:23> DEBUG [org.apache.http.wire] http-outgoing-4 << "HTTP/1.1 200 OK[\r][\n]"
<2017-09-26 13:04:23> DEBUG [org.apache.http.wire] http-outgoing-4 << "Server: nginx[\r][\n]"
<2017-09-26 13:04:23> DEBUG [org.apache.http.wire] http-outgoing-4 << "Date: Tue, 26 Sep 2017 10:04:20 GMT[\r][\n]"
<2017-09-26 13:04:23> DEBUG [org.apache.http.wire] http-outgoing-4 << "Content-Type: application/json;charset=utf-8[\r][\n]"
<2017-09-26 13:04:23> DEBUG [org.apache.http.wire] http-outgoing-4 << "Transfer-Encoding: chunked[\r][\n]"
<2017-09-26 13:04:23> DEBUG [org.apache.http.wire] http-outgoing-4 << "Connection: keep-alive[\r][\n]"
<2017-09-26 13:04:23> DEBUG [org.apache.http.wire] http-outgoing-4 << "Set-Cookie: JSESSIONID=F6E28E4994D1584E597DBDFCCCB1737E; Path=/nexperience/; HttpOnly[\r][\n]"
<2017-09-26 13:04:23> DEBUG [org.apache.http.wire] http-outgoing-4 << "Expires: Thu, 01 Jan 1970 00:00:00 GMT[\r][\n]"
<2017-09-26 13:04:23> DEBUG [org.apache.http.wire] http-outgoing-4 << "Cache-Control: no-cache[\r][\n]"
<2017-09-26 13:04:23> DEBUG [org.apache.http.wire] http-outgoing-4 << "Cache-Control: no-cache[\r][\n]"
<2017-09-26 13:04:23> DEBUG [org.apache.http.wire] http-outgoing-4 << "Expires: Thu, 01 Jan 1970 00:00:00 GMT[\r][\n]"
<2017-09-26 13:04:23> DEBUG [org.apache.http.wire] http-outgoing-4 << "Set-Cookie: fast_failed=true[\r][\n]"
<2017-09-26 13:04:23> DEBUG [org.apache.http.wire] http-outgoing-4 << "X-XSS-Protection: 2; mode=block[\r][\n]"
<2017-09-26 13:04:23> DEBUG [org.apache.http.wire] http-outgoing-4 << "Content-Encoding: gzip[\r][\n]"
<2017-09-26 13:04:23> DEBUG [org.apache.http.wire] http-outgoing-4 << "[\r][\n]"
<2017-09-26 13:04:23> DEBUG [org.apache.http.wire] http-outgoing-4 << "96[\r][\n]"
<2017-09-26 13:04:23> DEBUG [org.apache.http.wire] http-outgoing-4 << "[0x1f][0x8b][0x8][0x0][0x0][0x0][0x0][0x0][0x0][0x3]-[0xcc][0xbb][0x12][0x82]0[0x10][0x85][0xe1]w[0xd9][0x9a]dr[0x3]FZ+[[0xdf]`[\r][0x1b]e&$[0xc0][0x12][0x1b][0xc7]ww[0xb][0xdb]]]>&#x7f;<![CDATA[[0xbe]s>[0xc0][0xc4][0xbc][0xd4]r[0x9b]a[0x2][0x93]|[0xea][0x93]%[0x85]1=T[0xf0][0xa3]Wh[0xac]U[0x9]19[0xe7][0x2][0x8d][0xe3][0x5]:[0xe0][0x13]O[0x12][0xce]-FYKy][0xeb],[0xc5][0x19][0x13]l[0x18]\?t[0xf0][0xc6][0xdc]$[0x95][0x96]s[0x7]1[0xa3][0xb8][0x9][0xea][0xf1][0xd4]u[0xa3][0xb2][0xa3]f[0xca]T[0x96][0xb6][0xea][0x83][0xd6]z[0x92][0xbe][0x13]o[0xb5]0[0xfd][0xff][0x9b]p[0xf3][0xfd][0x1]*[0x7][0x2]V[0x9f][0x0][0x0][0x0][\r][\n]"
<2017-09-26 13:04:23> DEBUG [org.apache.http.wire] http-outgoing-4 << "0[\r][\n]"
<2017-09-26 13:04:23> DEBUG [org.apache.http.wire] http-outgoing-4 << "[\r][\n]"
<2017-09-26 13:04:23> DEBUG [org.apache.http.headers] http-outgoing-4 << HTTP/1.1 200 OK
<2017-09-26 13:04:23> DEBUG [org.apache.http.headers] http-outgoing-4 << Server: nginx
<2017-09-26 13:04:23> DEBUG [org.apache.http.headers] http-outgoing-4 << Date: Tue, 26 Sep 2017 10:04:20 GMT
<2017-09-26 13:04:23> DEBUG [org.apache.http.headers] http-outgoing-4 << Content-Type: application/json;charset=utf-8
<2017-09-26 13:04:23> DEBUG [org.apache.http.headers] http-outgoing-4 << Transfer-Encoding: chunked
<2017-09-26 13:04:23> DEBUG [org.apache.http.headers] http-outgoing-4 << Connection: keep-alive
<2017-09-26 13:04:23> DEBUG [org.apache.http.headers] http-outgoing-4 << Set-Cookie: JSESSIONID=F6E28E4994D1584E597DBDFCCCB1737E; Path=/nexperience/; HttpOnly
<2017-09-26 13:04:23> DEBUG [org.apache.http.headers] http-outgoing-4 << Expires: Thu, 01 Jan 1970 00:00:00 GMT
<2017-09-26 13:04:23> DEBUG [org.apache.http.headers] http-outgoing-4 << Cache-Control: no-cache
<2017-09-26 13:04:23> DEBUG [org.apache.http.headers] http-outgoing-4 << Cache-Control: no-cache
<2017-09-26 13:04:23> DEBUG [org.apache.http.headers] http-outgoing-4 << Expires: Thu, 01 Jan 1970 00:00:00 GMT
<2017-09-26 13:04:23> DEBUG [org.apache.http.headers] http-outgoing-4 << Set-Cookie: fast_failed=true
<2017-09-26 13:04:23> DEBUG [org.apache.http.headers] http-outgoing-4 << X-XSS-Protection: 2; mode=block
<2017-09-26 13:04:23> DEBUG [org.apache.http.headers] http-outgoing-4 << Content-Encoding: gzip
<2017-09-26 13:04:23> DEBUG [o.a.h.i.execchain.MainClientExec] Connection can be kept alive indefinitely
<2017-09-26 13:04:23> DEBUG [o.a.h.c.p.ResponseProcessCookies] Cookie accepted [JSESSIONID="F6E28E4994D1584E597DBDFCCCB1737E", version:0, domain:branchtest.perfectomobile.com, path:/nexperience/, expiry:null]
<2017-09-26 13:04:23> DEBUG [o.a.h.c.p.ResponseProcessCookies] Cookie accepted [fast_failed="true", version:0, domain:branchtest.perfectomobile.com, path:/nexperience/perfectomobile/wd/hub/session/0f3f5f1e-acfb-4373-a011-faaf2224e779/element/5, expiry:null]
<2017-09-26 13:04:23> DEBUG [o.a.h.i.c.PoolingHttpClientConnectionManager] Connection [id: 4][route: {s}->https://branchtest.perfectomobile.com:443] can be kept alive indefinitely
<2017-09-26 13:04:23> DEBUG [o.a.h.i.c.PoolingHttpClientConnectionManager] Connection released: [id: 4][route: {s}->https://branchtest.perfectomobile.com:443][total kept alive: 3; route allocated: 5 of 2000; total allocated: 5 of 2000]
<2017-09-26 13:04:23> DEBUG [o.a.h.c.p.RequestAddCookies] CookieSpec selected: default
<2017-09-26 13:04:23> DEBUG [o.a.h.c.p.RequestAddCookies] Cookie [version: 0][name: JSESSIONID][value: F6E28E4994D1584E597DBDFCCCB1737E][domain: branchtest.perfectomobile.com][path: /nexperience/][expiry: null] match [(secure)branchtest.perfectomobile.com:443/nexperience/perfectomobile/wd/hub/session/0f3f5f1e-acfb-4373-a011-faaf2224e779/element]
<2017-09-26 13:04:23> DEBUG [o.a.h.c.p.RequestAddCookies] Cookie [version: 0][name: fast_failed][value: true][domain: branchtest.perfectomobile.com][path: /nexperience/perfectomobile/wd/hub][expiry: null] match [(secure)branchtest.perfectomobile.com:443/nexperience/perfectomobile/wd/hub/session/0f3f5f1e-acfb-4373-a011-faaf2224e779/element]
<2017-09-26 13:04:23> DEBUG [o.a.h.c.p.RequestAddCookies] Cookie [version: 0][name: fast_failed][value: true][domain: branchtest.perfectomobile.com][path: /nexperience/perfectomobile/wd/hub/session/0f3f5f1e-acfb-4373-a011-faaf2224e779][expiry: null] match [(secure)branchtest.perfectomobile.com:443/nexperience/perfectomobile/wd/hub/session/0f3f5f1e-acfb-4373-a011-faaf2224e779/element]
<2017-09-26 13:04:23> DEBUG [o.a.h.c.p.RequestAuthCache] Auth cache not set in the context
<2017-09-26 13:04:23> DEBUG [o.a.h.i.c.PoolingHttpClientConnectionManager] Connection request: [route: {s}->https://branchtest.perfectomobile.com:443][total kept alive: 3; route allocated: 5 of 2000; total allocated: 5 of 2000]
<2017-09-26 13:04:23> DEBUG [o.a.h.i.c.PoolingHttpClientConnectionManager] Connection leased: [id: 4][route: {s}->https://branchtest.perfectomobile.com:443][total kept alive: 2; route allocated: 5 of 2000; total allocated: 5 of 2000]
<2017-09-26 13:04:23> DEBUG [o.a.h.i.execchain.MainClientExec] Stale connection check
<2017-09-26 13:04:23> DEBUG [org.apache.http.wire] http-outgoing-4 << "[read] I/O error: Read timed out"
<2017-09-26 13:04:23> DEBUG [o.a.h.i.c.DefaultManagedHttpClientConnection] http-outgoing-4: set socket timeout to 10800000
<2017-09-26 13:04:23> DEBUG [o.a.h.i.execchain.MainClientExec] Executing request POST /nexperience/perfectomobile/wd/hub/session/0f3f5f1e-acfb-4373-a011-faaf2224e779/element HTTP/1.1
<2017-09-26 13:04:23> DEBUG [o.a.h.i.execchain.MainClientExec] Target auth state: UNCHALLENGED
<2017-09-26 13:04:23> DEBUG [o.a.h.i.execchain.MainClientExec] Proxy auth state: UNCHALLENGED
<2017-09-26 13:04:23> DEBUG [org.apache.http.headers] http-outgoing-4 >> POST /nexperience/perfectomobile/wd/hub/session/0f3f5f1e-acfb-4373-a011-faaf2224e779/element HTTP/1.1
<2017-09-26 13:04:23> DEBUG [org.apache.http.headers] http-outgoing-4 >> Content-Type: application/json; charset=utf-8
<2017-09-26 13:04:23> DEBUG [org.apache.http.headers] http-outgoing-4 >> Content-Length: 85
<2017-09-26 13:04:23> DEBUG [org.apache.http.headers] http-outgoing-4 >> Host: branchtest.perfectomobile.com
<2017-09-26 13:04:23> DEBUG [org.apache.http.headers] http-outgoing-4 >> Connection: Keep-Alive
<2017-09-26 13:04:23> DEBUG [org.apache.http.headers] http-outgoing-4 >> User-Agent: Apache-HttpClient/4.5.2 (Java/1.8.0_121)
<2017-09-26 13:04:23> DEBUG [org.apache.http.headers] http-outgoing-4 >> Cookie: JSESSIONID=F6E28E4994D1584E597DBDFCCCB1737E; fast_failed=true; fast_failed=true
<2017-09-26 13:04:23> DEBUG [org.apache.http.headers] http-outgoing-4 >> Accept-Encoding: gzip,deflate
<2017-09-26 13:04:23> DEBUG [org.apache.http.wire] http-outgoing-4 >> "POST /nexperience/perfectomobile/wd/hub/session/0f3f5f1e-acfb-4373-a011-faaf2224e779/element HTTP/1.1[\r][\n]"
<2017-09-26 13:04:23> DEBUG [org.apache.http.wire] http-outgoing-4 >> "Content-Type: application/json; charset=utf-8[\r][\n]"
<2017-09-26 13:04:23> DEBUG [org.apache.http.wire] http-outgoing-4 >> "Content-Length: 85[\r][\n]"
<2017-09-26 13:04:23> DEBUG [org.apache.http.wire] http-outgoing-4 >> "Host: branchtest.perfectomobile.com[\r][\n]"
<2017-09-26 13:04:23> DEBUG [org.apache.http.wire] http-outgoing-4 >> "Connection: Keep-Alive[\r][\n]"
<2017-09-26 13:04:23> DEBUG [org.apache.http.wire] http-outgoing-4 >> "User-Agent: Apache-HttpClient/4.5.2 (Java/1.8.0_121)[\r][\n]"
<2017-09-26 13:04:23> DEBUG [org.apache.http.wire] http-outgoing-4 >> "Cookie: JSESSIONID=F6E28E4994D1584E597DBDFCCCB1737E; fast_failed=true; fast_failed=true[\r][\n]"
<2017-09-26 13:04:23> DEBUG [org.apache.http.wire] http-outgoing-4 >> "Accept-Encoding: gzip,deflate[\r][\n]"
<2017-09-26 13:04:23> DEBUG [org.apache.http.wire] http-outgoing-4 >> "[\r][\n]"
<2017-09-26 13:04:23> DEBUG [org.apache.http.wire] http-outgoing-4 >> "{"using":"xpath","value":"//*[@id=\"register_form\"]/fieldset[2]/div/label[1]/input"}"
<2017-09-26 13:04:23> DEBUG [org.apache.http.wire] http-outgoing-4 << "HTTP/1.1 200 OK[\r][\n]"
<2017-09-26 13:04:23> DEBUG [org.apache.http.wire] http-outgoing-4 << "Server: nginx[\r][\n]"
<2017-09-26 13:04:23> DEBUG [org.apache.http.wire] http-outgoing-4 << "Date: Tue, 26 Sep 2017 10:04:20 GMT[\r][\n]"
<2017-09-26 13:04:23> DEBUG [org.apache.http.wire] http-outgoing-4 << "Content-Type: application/json;charset=utf-8[\r][\n]"
<2017-09-26 13:04:23> DEBUG [org.apache.http.wire] http-outgoing-4 << "Transfer-Encoding: chunked[\r][\n]"
<2017-09-26 13:04:23> DEBUG [org.apache.http.wire] http-outgoing-4 << "Connection: keep-alive[\r][\n]"
<2017-09-26 13:04:23> DEBUG [org.apache.http.wire] http-outgoing-4 << "Set-Cookie: JSESSIONID=F6E28E4994D1584E597DBDFCCCB1737E; Path=/nexperience/; HttpOnly[\r][\n]"
<2017-09-26 13:04:23> DEBUG [org.apache.http.wire] http-outgoing-4 << "Expires: Thu, 01 Jan 1970 00:00:00 GMT[\r][\n]"
<2017-09-26 13:04:23> DEBUG [org.apache.http.wire] http-outgoing-4 << "Cache-Control: no-cache[\r][\n]"
<2017-09-26 13:04:23> DEBUG [org.apache.http.wire] http-outgoing-4 << "Cache-Control: no-cache[\r][\n]"
<2017-09-26 13:04:23> DEBUG [org.apache.http.wire] http-outgoing-4 << "Expires: Thu, 01 Jan 1970 00:00:00 GMT[\r][\n]"
<2017-09-26 13:04:23> DEBUG [org.apache.http.wire] http-outgoing-4 << "Set-Cookie: fast_failed=true[\r][\n]"
<2017-09-26 13:04:23> DEBUG [org.apache.http.wire] http-outgoing-4 << "X-XSS-Protection: 2; mode=block[\r][\n]"
<2017-09-26 13:04:23> DEBUG [org.apache.http.wire] http-outgoing-4 << "Content-Encoding: gzip[\r][\n]"
<2017-09-26 13:04:23> DEBUG [org.apache.http.wire] http-outgoing-4 << "[\r][\n]"
<2017-09-26 13:04:23> DEBUG [org.apache.http.wire] http-outgoing-4 << "a1[\r][\n]"
<2017-09-26 13:04:23> DEBUG [org.apache.http.wire] http-outgoing-4 << "[0x1f][0x8b][0x8][0x0][0x0][0x0][0x0][0x0][0x0][0x3]-[0x8d]A[0xe][0x82]0[0x10][0x0][0xff][0xb2]g[0xda][0xd0][0x16]A[0xbd][0x1a][0xe]&[0xea][0xc1][0xf8][0x81][0xb5]l[0x95][0x4]Zd[0xa9][0x17][0xc2][0xdf][0xdd][0x83][0xd7][0xc9]Lf[0x5]&[0xe6]>[0xc5]s[0x7]G([0x83][0xb][0xbb]`H[0xa1][0xf]OU[0xb9][0xc6]),[0x8d]Q[0x1]1Xk+j[0x9a][0x3][0x14][0xc0][0xb].$:g[0xef][0xa5][0x16][0xf2]>[0xa5]N[0x88]1[0xd6][0xec]m[0xed][0xea][0xaa][0x80]/[0xe]Y[0xd0][\n]"
<2017-09-26 13:04:23> DEBUG [org.apache.http.wire] http-outgoing-4 << "[0xed][0xa5][0xbd][0xb6][0xb7][0x87][0xf8]5l[0x5][0xf8][0x1]%9B[0x9a]_:M[0x14]?[0xa8][0x99][0x6][0x8a]}[0x1e][0xf5]LcZH[0xdf][0x89][0xa7][0x14][0x99][0xfe][0xab],z[0xb9][0xfd][0x0][0xa0]x[0x10][0xdb][0xaa][0x0][0x0][0x0][\r][\n]"
<2017-09-26 13:04:23> DEBUG [org.apache.http.wire] http-outgoing-4 << "0[\r][\n]"
<2017-09-26 13:04:23> DEBUG [org.apache.http.wire] http-outgoing-4 << "[\r][\n]"
<2017-09-26 13:04:23> DEBUG [org.apache.http.headers] http-outgoing-4 << HTTP/1.1 200 OK
<2017-09-26 13:04:23> DEBUG [org.apache.http.headers] http-outgoing-4 << Server: nginx
<2017-09-26 13:04:23> DEBUG [org.apache.http.headers] http-outgoing-4 << Date: Tue, 26 Sep 2017 10:04:20 GMT
<2017-09-26 13:04:23> DEBUG [org.apache.http.headers] http-outgoing-4 << Content-Type: application/json;charset=utf-8
<2017-09-26 13:04:23> DEBUG [org.apache.http.headers] http-outgoing-4 << Transfer-Encoding: chunked
<2017-09-26 13:04:23> DEBUG [org.apache.http.headers] http-outgoing-4 << Connection: keep-alive
<2017-09-26 13:04:23> DEBUG [org.apache.http.headers] http-outgoing-4 << Set-Cookie: JSESSIONID=F6E28E4994D1584E597DBDFCCCB1737E; Path=/nexperience/; HttpOnly
<2017-09-26 13:04:23> DEBUG [org.apache.http.headers] http-outgoing-4 << Expires: Thu, 01 Jan 1970 00:00:00 GMT
<2017-09-26 13:04:23> DEBUG [org.apache.http.headers] http-outgoing-4 << Cache-Control: no-cache
<2017-09-26 13:04:23> DEBUG [org.apache.http.headers] http-outgoing-4 << Cache-Control: no-cache
<2017-09-26 13:04:23> DEBUG [org.apache.http.headers] http-outgoing-4 << Expires: Thu, 01 Jan 1970 00:00:00 GMT
<2017-09-26 13:04:23> DEBUG [org.apache.http.headers] http-outgoing-4 << Set-Cookie: fast_failed=true
<2017-09-26 13:04:23> DEBUG [org.apache.http.headers] http-outgoing-4 << X-XSS-Protection: 2; mode=block
<2017-09-26 13:04:23> DEBUG [org.apache.http.headers] http-outgoing-4 << Content-Encoding: gzip
<2017-09-26 13:04:23> DEBUG [o.a.h.i.execchain.MainClientExec] Connection can be kept alive indefinitely
<2017-09-26 13:04:23> DEBUG [o.a.h.c.p.ResponseProcessCookies] Cookie accepted [JSESSIONID="F6E28E4994D1584E597DBDFCCCB1737E", version:0, domain:branchtest.perfectomobile.com, path:/nexperience/, expiry:null]
<2017-09-26 13:04:23> DEBUG [o.a.h.c.p.ResponseProcessCookies] Cookie accepted [fast_failed="true", version:0, domain:branchtest.perfectomobile.com, path:/nexperience/perfectomobile/wd/hub/session/0f3f5f1e-acfb-4373-a011-faaf2224e779, expiry:null]
<2017-09-26 13:04:23> DEBUG [o.a.h.i.c.PoolingHttpClientConnectionManager] Connection [id: 4][route: {s}->https://branchtest.perfectomobile.com:443] can be kept alive indefinitely
<2017-09-26 13:04:23> DEBUG [o.a.h.i.c.PoolingHttpClientConnectionManager] Connection released: [id: 4][route: {s}->https://branchtest.perfectomobile.com:443][total kept alive: 3; route allocated: 5 of 2000; total allocated: 5 of 2000]
<2017-09-26 13:04:23> DEBUG [o.a.h.c.p.RequestAddCookies] CookieSpec selected: default
<2017-09-26 13:04:23> DEBUG [o.a.h.c.p.RequestAddCookies] Cookie [version: 0][name: JSESSIONID][value: F6E28E4994D1584E597DBDFCCCB1737E][domain: branchtest.perfectomobile.com][path: /nexperience/][expiry: null] match [(secure)branchtest.perfectomobile.com:443/nexperience/perfectomobile/wd/hub/session/0f3f5f1e-acfb-4373-a011-faaf2224e779/element/6/click]
<2017-09-26 13:04:23> DEBUG [o.a.h.c.p.RequestAddCookies] Cookie [version: 0][name: fast_failed][value: true][domain: branchtest.perfectomobile.com][path: /nexperience/perfectomobile/wd/hub][expiry: null] match [(secure)branchtest.perfectomobile.com:443/nexperience/perfectomobile/wd/hub/session/0f3f5f1e-acfb-4373-a011-faaf2224e779/element/6/click]
<2017-09-26 13:04:23> DEBUG [o.a.h.c.p.RequestAddCookies] Cookie [version: 0][name: fast_failed][value: true][domain: branchtest.perfectomobile.com][path: /nexperience/perfectomobile/wd/hub/session/0f3f5f1e-acfb-4373-a011-faaf2224e779][expiry: null] match [(secure)branchtest.perfectomobile.com:443/nexperience/perfectomobile/wd/hub/session/0f3f5f1e-acfb-4373-a011-faaf2224e779/element/6/click]
<2017-09-26 13:04:23> DEBUG [o.a.h.c.p.RequestAuthCache] Auth cache not set in the context
<2017-09-26 13:04:23> DEBUG [o.a.h.i.c.PoolingHttpClientConnectionManager] Connection request: [route: {s}->https://branchtest.perfectomobile.com:443][total kept alive: 3; route allocated: 5 of 2000; total allocated: 5 of 2000]
<2017-09-26 13:04:23> DEBUG [o.a.h.i.c.PoolingHttpClientConnectionManager] Connection leased: [id: 4][route: {s}->https://branchtest.perfectomobile.com:443][total kept alive: 2; route allocated: 5 of 2000; total allocated: 5 of 2000]
<2017-09-26 13:04:23> DEBUG [o.a.h.i.execchain.MainClientExec] Stale connection check
<2017-09-26 13:04:23> DEBUG [org.apache.http.wire] http-outgoing-4 << "[read] I/O error: Read timed out"
<2017-09-26 13:04:23> DEBUG [o.a.h.i.c.DefaultManagedHttpClientConnection] http-outgoing-4: set socket timeout to 10800000
<2017-09-26 13:04:23> DEBUG [o.a.h.i.execchain.MainClientExec] Executing request POST /nexperience/perfectomobile/wd/hub/session/0f3f5f1e-acfb-4373-a011-faaf2224e779/element/6/click HTTP/1.1
<2017-09-26 13:04:23> DEBUG [o.a.h.i.execchain.MainClientExec] Target auth state: UNCHALLENGED
<2017-09-26 13:04:23> DEBUG [o.a.h.i.execchain.MainClientExec] Proxy auth state: UNCHALLENGED
<2017-09-26 13:04:23> DEBUG [org.apache.http.headers] http-outgoing-4 >> POST /nexperience/perfectomobile/wd/hub/session/0f3f5f1e-acfb-4373-a011-faaf2224e779/element/6/click HTTP/1.1
<2017-09-26 13:04:23> DEBUG [org.apache.http.headers] http-outgoing-4 >> Content-Type: application/json; charset=utf-8
<2017-09-26 13:04:23> DEBUG [org.apache.http.headers] http-outgoing-4 >> Content-Length: 10
<2017-09-26 13:04:23> DEBUG [org.apache.http.headers] http-outgoing-4 >> Host: branchtest.perfectomobile.com
<2017-09-26 13:04:23> DEBUG [org.apache.http.headers] http-outgoing-4 >> Connection: Keep-Alive
<2017-09-26 13:04:23> DEBUG [org.apache.http.headers] http-outgoing-4 >> User-Agent: Apache-HttpClient/4.5.2 (Java/1.8.0_121)
<2017-09-26 13:04:23> DEBUG [org.apache.http.headers] http-outgoing-4 >> Cookie: JSESSIONID=F6E28E4994D1584E597DBDFCCCB1737E; fast_failed=true; fast_failed=true
<2017-09-26 13:04:23> DEBUG [org.apache.http.headers] http-outgoing-4 >> Accept-Encoding: gzip,deflate
<2017-09-26 13:04:23> DEBUG [org.apache.http.wire] http-outgoing-4 >> "POST /nexperience/perfectomobile/wd/hub/session/0f3f5f1e-acfb-4373-a011-faaf2224e779/element/6/click HTTP/1.1[\r][\n]"
<2017-09-26 13:04:23> DEBUG [org.apache.http.wire] http-outgoing-4 >> "Content-Type: application/json; charset=utf-8[\r][\n]"
<2017-09-26 13:04:23> DEBUG [org.apache.http.wire] http-outgoing-4 >> "Content-Length: 10[\r][\n]"
<2017-09-26 13:04:23> DEBUG [org.apache.http.wire] http-outgoing-4 >> "Host: branchtest.perfectomobile.com[\r][\n]"
<2017-09-26 13:04:23> DEBUG [org.apache.http.wire] http-outgoing-4 >> "Connection: Keep-Alive[\r][\n]"
<2017-09-26 13:04:23> DEBUG [org.apache.http.wire] http-outgoing-4 >> "User-Agent: Apache-HttpClient/4.5.2 (Java/1.8.0_121)[\r][\n]"
<2017-09-26 13:04:23> DEBUG [org.apache.http.wire] http-outgoing-4 >> "Cookie: JSESSIONID=F6E28E4994D1584E597DBDFCCCB1737E; fast_failed=true; fast_failed=true[\r][\n]"
<2017-09-26 13:04:23> DEBUG [org.apache.http.wire] http-outgoing-4 >> "Accept-Encoding: gzip,deflate[\r][\n]"
<2017-09-26 13:04:23> DEBUG [org.apache.http.wire] http-outgoing-4 >> "[\r][\n]"
<2017-09-26 13:04:23> DEBUG [org.apache.http.wire] http-outgoing-4 >> "{"id":"6"}"
<2017-09-26 13:04:24> DEBUG [org.apache.http.wire] http-outgoing-4 << "HTTP/1.1 200 OK[\r][\n]"
<2017-09-26 13:04:24> DEBUG [org.apache.http.wire] http-outgoing-4 << "Server: nginx[\r][\n]"
<2017-09-26 13:04:24> DEBUG [org.apache.http.wire] http-outgoing-4 << "Date: Tue, 26 Sep 2017 10:04:20 GMT[\r][\n]"
<2017-09-26 13:04:24> DEBUG [org.apache.http.wire] http-outgoing-4 << "Content-Type: application/json;charset=utf-8[\r][\n]"
<2017-09-26 13:04:24> DEBUG [org.apache.http.wire] http-outgoing-4 << "Transfer-Encoding: chunked[\r][\n]"
<2017-09-26 13:04:24> DEBUG [org.apache.http.wire] http-outgoing-4 << "Connection: keep-alive[\r][\n]"
<2017-09-26 13:04:24> DEBUG [org.apache.http.wire] http-outgoing-4 << "Set-Cookie: JSESSIONID=F6E28E4994D1584E597DBDFCCCB1737E; Path=/nexperience/; HttpOnly[\r][\n]"
<2017-09-26 13:04:24> DEBUG [org.apache.http.wire] http-outgoing-4 << "Expires: Thu, 01 Jan 1970 00:00:00 GMT[\r][\n]"
<2017-09-26 13:04:24> DEBUG [org.apache.http.wire] http-outgoing-4 << "Cache-Control: no-cache[\r][\n]"
<2017-09-26 13:04:24> DEBUG [org.apache.http.wire] http-outgoing-4 << "Cache-Control: no-cache[\r][\n]"
<2017-09-26 13:04:24> DEBUG [org.apache.http.wire] http-outgoing-4 << "Expires: Thu, 01 Jan 1970 00:00:00 GMT[\r][\n]"
<2017-09-26 13:04:24> DEBUG [org.apache.http.wire] http-outgoing-4 << "Set-Cookie: fast_failed=true[\r][\n]"
<2017-09-26 13:04:24> DEBUG [org.apache.http.wire] http-outgoing-4 << "X-XSS-Protection: 2; mode=block[\r][\n]"
<2017-09-26 13:04:24> DEBUG [org.apache.http.wire] http-outgoing-4 << "Content-Encoding: gzip[\r][\n]"
<2017-09-26 13:04:24> DEBUG [org.apache.http.wire] http-outgoing-4 << "[\r][\n]"
<2017-09-26 13:04:24> DEBUG [org.apache.http.wire] http-outgoing-4 << "95[\r][\n]"
<2017-09-26 13:04:24> DEBUG [org.apache.http.wire] http-outgoing-4 << "[0x1f][0x8b][0x8][0x0][0x0][0x0][0x0][0x0][0x0][0x3]-[0xcc][0xbb][0x12][0x82]0[0x10][0x85][0xe1]w[0xd9][0x9a]dr[0x81]Ah[0xad]l}[0x83]5l[0x94][0x99][0x90][0x0][0x9b][0xd8]8[0xbe][0xbb][[0xd8][0xfe][0xf3][0x9d][0xf3][0x1]&[0xe6][0xb5][0xe4][0xdb][0x2]3[0x98][0xe8][0xe3][0x10]-)[0xc][0xf1][0xa1]z?z[0x85][0xc6]Z[0x15][0x11][0xa3]s[0xae][0xa7]q[0x9c][0xa0][0x3][0xae]XI8[0xb7][0x10]d-[0xe5]u-[0x8b][0x14][0xe7][0xcd]t[0x19][0x8c][0x1d]:xcjRrK[0xa9][0x83][0x90]P[0xd8][0xc][0xe5]|[0xea][0xb2]S>P3%[0xca]k[0xdb][0xf4]I[[0xa9][0xa4][0xef][0xc4]{[0xc9]L[0xff][0xfb]&[0xdc]|]]>&#x7f;<![CDATA[[0x0][0xce][0xb5][0xc8][0x9e][0x0][0x0][0x0][\r][\n]"
<2017-09-26 13:04:24> DEBUG [org.apache.http.wire] http-outgoing-4 << "0[\r][\n]"
<2017-09-26 13:04:24> DEBUG [org.apache.http.wire] http-outgoing-4 << "[\r][\n]"
<2017-09-26 13:04:24> DEBUG [org.apache.http.headers] http-outgoing-4 << HTTP/1.1 200 OK
<2017-09-26 13:04:24> DEBUG [org.apache.http.headers] http-outgoing-4 << Server: nginx
<2017-09-26 13:04:24> DEBUG [org.apache.http.headers] http-outgoing-4 << Date: Tue, 26 Sep 2017 10:04:20 GMT
<2017-09-26 13:04:24> DEBUG [org.apache.http.headers] http-outgoing-4 << Content-Type: application/json;charset=utf-8
<2017-09-26 13:04:24> DEBUG [org.apache.http.headers] http-outgoing-4 << Transfer-Encoding: chunked
<2017-09-26 13:04:24> DEBUG [org.apache.http.headers] http-outgoing-4 << Connection: keep-alive
<2017-09-26 13:04:24> DEBUG [org.apache.http.headers] http-outgoing-4 << Set-Cookie: JSESSIONID=F6E28E4994D1584E597DBDFCCCB1737E; Path=/nexperience/; HttpOnly
<2017-09-26 13:04:24> DEBUG [org.apache.http.headers] http-outgoing-4 << Expires: Thu, 01 Jan 1970 00:00:00 GMT
<2017-09-26 13:04:24> DEBUG [org.apache.http.headers] http-outgoing-4 << Cache-Control: no-cache
<2017-09-26 13:04:24> DEBUG [org.apache.http.headers] http-outgoing-4 << Cache-Control: no-cache
<2017-09-26 13:04:24> DEBUG [org.apache.http.headers] http-outgoing-4 << Expires: Thu, 01 Jan 1970 00:00:00 GMT
<2017-09-26 13:04:24> DEBUG [org.apache.http.headers] http-outgoing-4 << Set-Cookie: fast_failed=true
<2017-09-26 13:04:24> DEBUG [org.apache.http.headers] http-outgoing-4 << X-XSS-Protection: 2; mode=block
<2017-09-26 13:04:24> DEBUG [org.apache.http.headers] http-outgoing-4 << Content-Encoding: gzip
<2017-09-26 13:04:24> DEBUG [o.a.h.i.execchain.MainClientExec] Connection can be kept alive indefinitely
<2017-09-26 13:04:24> DEBUG [o.a.h.c.p.ResponseProcessCookies] Cookie accepted [JSESSIONID="F6E28E4994D1584E597DBDFCCCB1737E", version:0, domain:branchtest.perfectomobile.com, path:/nexperience/, expiry:null]
<2017-09-26 13:04:24> DEBUG [o.a.h.c.p.ResponseProcessCookies] Cookie accepted [fast_failed="true", version:0, domain:branchtest.perfectomobile.com, path:/nexperience/perfectomobile/wd/hub/session/0f3f5f1e-acfb-4373-a011-faaf2224e779/element/6, expiry:null]
<2017-09-26 13:04:24> DEBUG [o.a.h.i.c.PoolingHttpClientConnectionManager] Connection [id: 4][route: {s}->https://branchtest.perfectomobile.com:443] can be kept alive indefinitely
<2017-09-26 13:04:24> DEBUG [o.a.h.i.c.PoolingHttpClientConnectionManager] Connection released: [id: 4][route: {s}->https://branchtest.perfectomobile.com:443][total kept alive: 3; route allocated: 5 of 2000; total allocated: 5 of 2000]
<2017-09-26 13:04:24> DEBUG [o.a.h.c.p.RequestAddCookies] CookieSpec selected: default
<2017-09-26 13:04:24> DEBUG [o.a.h.c.p.RequestAddCookies] Cookie [version: 0][name: JSESSIONID][value: F6E28E4994D1584E597DBDFCCCB1737E][domain: branchtest.perfectomobile.com][path: /nexperience/][expiry: null] match [(secure)branchtest.perfectomobile.com:443/nexperience/perfectomobile/wd/hub/session/0f3f5f1e-acfb-4373-a011-faaf2224e779/element]
<2017-09-26 13:04:24> DEBUG [o.a.h.c.p.RequestAddCookies] Cookie [version: 0][name: fast_failed][value: true][domain: branchtest.perfectomobile.com][path: /nexperience/perfectomobile/wd/hub][expiry: null] match [(secure)branchtest.perfectomobile.com:443/nexperience/perfectomobile/wd/hub/session/0f3f5f1e-acfb-4373-a011-faaf2224e779/element]
<2017-09-26 13:04:24> DEBUG [o.a.h.c.p.RequestAddCookies] Cookie [version: 0][name: fast_failed][value: true][domain: branchtest.perfectomobile.com][path: /nexperience/perfectomobile/wd/hub/session/0f3f5f1e-acfb-4373-a011-faaf2224e779][expiry: null] match [(secure)branchtest.perfectomobile.com:443/nexperience/perfectomobile/wd/hub/session/0f3f5f1e-acfb-4373-a011-faaf2224e779/element]
<2017-09-26 13:04:24> DEBUG [o.a.h.c.p.RequestAuthCache] Auth cache not set in the context
<2017-09-26 13:04:24> DEBUG [o.a.h.i.c.PoolingHttpClientConnectionManager] Connection request: [route: {s}->https://branchtest.perfectomobile.com:443][total kept alive: 3; route allocated: 5 of 2000; total allocated: 5 of 2000]
<2017-09-26 13:04:24> DEBUG [o.a.h.i.c.PoolingHttpClientConnectionManager] Connection leased: [id: 4][route: {s}->https://branchtest.perfectomobile.com:443][total kept alive: 2; route allocated: 5 of 2000; total allocated: 5 of 2000]
<2017-09-26 13:04:24> DEBUG [o.a.h.i.execchain.MainClientExec] Stale connection check
<2017-09-26 13:04:24> DEBUG [org.apache.http.wire] http-outgoing-4 << "[read] I/O error: Read timed out"
<2017-09-26 13:04:24> DEBUG [o.a.h.i.c.DefaultManagedHttpClientConnection] http-outgoing-4: set socket timeout to 10800000
<2017-09-26 13:04:24> DEBUG [o.a.h.i.execchain.MainClientExec] Executing request POST /nexperience/perfectomobile/wd/hub/session/0f3f5f1e-acfb-4373-a011-faaf2224e779/element HTTP/1.1
<2017-09-26 13:04:24> DEBUG [o.a.h.i.execchain.MainClientExec] Target auth state: UNCHALLENGED
<2017-09-26 13:04:24> DEBUG [o.a.h.i.execchain.MainClientExec] Proxy auth state: UNCHALLENGED
<2017-09-26 13:04:24> DEBUG [org.apache.http.headers] http-outgoing-4 >> POST /nexperience/perfectomobile/wd/hub/session/0f3f5f1e-acfb-4373-a011-faaf2224e779/element HTTP/1.1
<2017-09-26 13:04:24> DEBUG [org.apache.http.headers] http-outgoing-4 >> Content-Type: application/json; charset=utf-8
<2017-09-26 13:04:24> DEBUG [org.apache.http.headers] http-outgoing-4 >> Content-Length: 85
<2017-09-26 13:04:24> DEBUG [org.apache.http.headers] http-outgoing-4 >> Host: branchtest.perfectomobile.com
<2017-09-26 13:04:24> DEBUG [org.apache.http.headers] http-outgoing-4 >> Connection: Keep-Alive
<2017-09-26 13:04:24> DEBUG [org.apache.http.headers] http-outgoing-4 >> User-Agent: Apache-HttpClient/4.5.2 (Java/1.8.0_121)
<2017-09-26 13:04:24> DEBUG [org.apache.http.headers] http-outgoing-4 >> Cookie: JSESSIONID=F6E28E4994D1584E597DBDFCCCB1737E; fast_failed=true; fast_failed=true
<2017-09-26 13:04:24> DEBUG [org.apache.http.headers] http-outgoing-4 >> Accept-Encoding: gzip,deflate
<2017-09-26 13:04:24> DEBUG [org.apache.http.wire] http-outgoing-4 >> "POST /nexperience/perfectomobile/wd/hub/session/0f3f5f1e-acfb-4373-a011-faaf2224e779/element HTTP/1.1[\r][\n]"
<2017-09-26 13:04:24> DEBUG [org.apache.http.wire] http-outgoing-4 >> "Content-Type: application/json; charset=utf-8[\r][\n]"
<2017-09-26 13:04:24> DEBUG [org.apache.http.wire] http-outgoing-4 >> "Content-Length: 85[\r][\n]"
<2017-09-26 13:04:24> DEBUG [org.apache.http.wire] http-outgoing-4 >> "Host: branchtest.perfectomobile.com[\r][\n]"
<2017-09-26 13:04:24> DEBUG [org.apache.http.wire] http-outgoing-4 >> "Connection: Keep-Alive[\r][\n]"
<2017-09-26 13:04:24> DEBUG [org.apache.http.wire] http-outgoing-4 >> "User-Agent: Apache-HttpClient/4.5.2 (Java/1.8.0_121)[\r][\n]"
<2017-09-26 13:04:24> DEBUG [org.apache.http.wire] http-outgoing-4 >> "Cookie: JSESSIONID=F6E28E4994D1584E597DBDFCCCB1737E; fast_failed=true; fast_failed=true[\r][\n]"
<2017-09-26 13:04:24> DEBUG [org.apache.http.wire] http-outgoing-4 >> "Accept-Encoding: gzip,deflate[\r][\n]"
<2017-09-26 13:04:24> DEBUG [org.apache.http.wire] http-outgoing-4 >> "[\r][\n]"
<2017-09-26 13:04:24> DEBUG [org.apache.http.wire] http-outgoing-4 >> "{"using":"xpath","value":"//*[@id=\"register_form\"]/fieldset[3]/div/label[1]/input"}"
<2017-09-26 13:04:24> DEBUG [org.apache.http.wire] http-outgoing-4 << "HTTP/1.1 200 OK[\r][\n]"
<2017-09-26 13:04:24> DEBUG [org.apache.http.wire] http-outgoing-4 << "Server: nginx[\r][\n]"
<2017-09-26 13:04:24> DEBUG [org.apache.http.wire] http-outgoing-4 << "Date: Tue, 26 Sep 2017 10:04:20 GMT[\r][\n]"
<2017-09-26 13:04:24> DEBUG [org.apache.http.wire] http-outgoing-4 << "Content-Type: application/json;charset=utf-8[\r][\n]"
<2017-09-26 13:04:24> DEBUG [org.apache.http.wire] http-outgoing-4 << "Transfer-Encoding: chunked[\r][\n]"
<2017-09-26 13:04:24> DEBUG [org.apache.http.wire] http-outgoing-4 << "Connection: keep-alive[\r][\n]"
<2017-09-26 13:04:24> DEBUG [org.apache.http.wire] http-outgoing-4 << "Set-Cookie: JSESSIONID=F6E28E4994D1584E597DBDFCCCB1737E; Path=/nexperience/; HttpOnly[\r][\n]"
<2017-09-26 13:04:24> DEBUG [org.apache.http.wire] http-outgoing-4 << "Expires: Thu, 01 Jan 1970 00:00:00 GMT[\r][\n]"
<2017-09-26 13:04:24> DEBUG [org.apache.http.wire] http-outgoing-4 << "Cache-Control: no-cache[\r][\n]"
<2017-09-26 13:04:24> DEBUG [org.apache.http.wire] http-outgoing-4 << "Cache-Control: no-cache[\r][\n]"
<2017-09-26 13:04:24> DEBUG [org.apache.http.wire] http-outgoing-4 << "Expires: Thu, 01 Jan 1970 00:00:00 GMT[\r][\n]"
<2017-09-26 13:04:24> DEBUG [org.apache.http.wire] http-outgoing-4 << "Set-Cookie: fast_failed=true[\r][\n]"
<2017-09-26 13:04:24> DEBUG [org.apache.http.wire] http-outgoing-4 << "X-XSS-Protection: 2; mode=block[\r][\n]"
<2017-09-26 13:04:24> DEBUG [org.apache.http.wire] http-outgoing-4 << "Content-Encoding: gzip[\r][\n]"
<2017-09-26 13:04:24> DEBUG [org.apache.http.wire] http-outgoing-4 << "[\r][\n]"
<2017-09-26 13:04:24> DEBUG [org.apache.http.wire] http-outgoing-4 << "a0[\r][\n]"
<2017-09-26 13:04:24> DEBUG [org.apache.http.wire] http-outgoing-4 << "[0x1f][0x8b][0x8][0x0][0x0][0x0][0x0][0x0][0x0][0x3]-[0x8d]A[0xe][0x82]0[0x10][0x0][0xff][0xb2]gh[0xda][0x82])p5[0x1c]L[0xd4][0x83][0xf1][0x3]k[0xd9][0xaa][0x9][0xb4][0xc8]R/[0x84][0xbf][0xbb][0x7][0xaf][0x93][0x99][0xcc][0x6]L[0xcc][0xef][0x14]O[0x3]t[0xa0]C[0x15][0xe][0xc1]P[0x89]><[0xca][0xba]rU[0x89][0xda][0x98]2 [0x6]kmM[0xce][0xb5]P[0x0][0xaf][0xb8][0x92][0xe8][0x9c][0xbd][0x97]Z[0xc8][0xeb][0x98][0x6]![0x8d]5[0x8d]mm[0xab][0xb][0xf8][0xe2][0x98][0x85]l[0xd0][0x9f][0xfb]K]]>&#x7f;<![CDATA[[0xbd][0x8b][0xee]`/[0xc0][0x8f](E[0x7]iy[0xaa]4S[0xfc][0xa0]b[0x1a])[0xbe][0xf3][0xa4][0x16][0x9a][0xd2]J[0xea]F<[0xa7][0xc8][0xf4]?e[0xd1][0xf5][0xfe][0x3][0xe9][0x1d][0xaa][0xc9][0xa9][0x0][0x0][0x0][\r][\n]"
<2017-09-26 13:04:24> DEBUG [org.apache.http.wire] http-outgoing-4 << "0[\r][\n]"
<2017-09-26 13:04:24> DEBUG [org.apache.http.wire] http-outgoing-4 << "[\r][\n]"
<2017-09-26 13:04:24> DEBUG [org.apache.http.headers] http-outgoing-4 << HTTP/1.1 200 OK
<2017-09-26 13:04:24> DEBUG [org.apache.http.headers] http-outgoing-4 << Server: nginx
<2017-09-26 13:04:24> DEBUG [org.apache.http.headers] http-outgoing-4 << Date: Tue, 26 Sep 2017 10:04:20 GMT
<2017-09-26 13:04:24> DEBUG [org.apache.http.headers] http-outgoing-4 << Content-Type: application/json;charset=utf-8
<2017-09-26 13:04:24> DEBUG [org.apache.http.headers] http-outgoing-4 << Transfer-Encoding: chunked
<2017-09-26 13:04:24> DEBUG [org.apache.http.headers] http-outgoing-4 << Connection: keep-alive
<2017-09-26 13:04:24> DEBUG [org.apache.http.headers] http-outgoing-4 << Set-Cookie: JSESSIONID=F6E28E4994D1584E597DBDFCCCB1737E; Path=/nexperience/; HttpOnly
<2017-09-26 13:04:24> DEBUG [org.apache.http.headers] http-outgoing-4 << Expires: Thu, 01 Jan 1970 00:00:00 GMT
<2017-09-26 13:04:24> DEBUG [org.apache.http.headers] http-outgoing-4 << Cache-Control: no-cache
<2017-09-26 13:04:24> DEBUG [org.apache.http.headers] http-outgoing-4 << Cache-Control: no-cache
<2017-09-26 13:04:24> DEBUG [org.apache.http.headers] http-outgoing-4 << Expires: Thu, 01 Jan 1970 00:00:00 GMT
<2017-09-26 13:04:24> DEBUG [org.apache.http.headers] http-outgoing-4 << Set-Cookie: fast_failed=true
<2017-09-26 13:04:24> DEBUG [org.apache.http.headers] http-outgoing-4 << X-XSS-Protection: 2; mode=block
<2017-09-26 13:04:24> DEBUG [org.apache.http.headers] http-outgoing-4 << Content-Encoding: gzip
<2017-09-26 13:04:24> DEBUG [o.a.h.i.execchain.MainClientExec] Connection can be kept alive indefinitely
<2017-09-26 13:04:24> DEBUG [o.a.h.c.p.ResponseProcessCookies] Cookie accepted [JSESSIONID="F6E28E4994D1584E597DBDFCCCB1737E", version:0, domain:branchtest.perfectomobile.com, path:/nexperience/, expiry:null]
<2017-09-26 13:04:24> DEBUG [o.a.h.c.p.ResponseProcessCookies] Cookie accepted [fast_failed="true", version:0, domain:branchtest.perfectomobile.com, path:/nexperience/perfectomobile/wd/hub/session/0f3f5f1e-acfb-4373-a011-faaf2224e779, expiry:null]
<2017-09-26 13:04:24> DEBUG [o.a.h.i.c.PoolingHttpClientConnectionManager] Connection [id: 4][route: {s}->https://branchtest.perfectomobile.com:443] can be kept alive indefinitely
<2017-09-26 13:04:24> DEBUG [o.a.h.i.c.PoolingHttpClientConnectionManager] Connection released: [id: 4][route: {s}->https://branchtest.perfectomobile.com:443][total kept alive: 3; route allocated: 5 of 2000; total allocated: 5 of 2000]
<2017-09-26 13:04:24> DEBUG [o.a.h.c.p.RequestAddCookies] CookieSpec selected: default
<2017-09-26 13:04:24> DEBUG [o.a.h.c.p.RequestAddCookies] Cookie [version: 0][name: JSESSIONID][value: F6E28E4994D1584E597DBDFCCCB1737E][domain: branchtest.perfectomobile.com][path: /nexperience/][expiry: null] match [(secure)branchtest.perfectomobile.com:443/nexperience/perfectomobile/wd/hub/session/0f3f5f1e-acfb-4373-a011-faaf2224e779/element/7/click]
<2017-09-26 13:04:24> DEBUG [o.a.h.c.p.RequestAddCookies] Cookie [version: 0][name: fast_failed][value: true][domain: branchtest.perfectomobile.com][path: /nexperience/perfectomobile/wd/hub][expiry: null] match [(secure)branchtest.perfectomobile.com:443/nexperience/perfectomobile/wd/hub/session/0f3f5f1e-acfb-4373-a011-faaf2224e779/element/7/click]
<2017-09-26 13:04:24> DEBUG [o.a.h.c.p.RequestAddCookies] Cookie [version: 0][name: fast_failed][value: true][domain: branchtest.perfectomobile.com][path: /nexperience/perfectomobile/wd/hub/session/0f3f5f1e-acfb-4373-a011-faaf2224e779][expiry: null] match [(secure)branchtest.perfectomobile.com:443/nexperience/perfectomobile/wd/hub/session/0f3f5f1e-acfb-4373-a011-faaf2224e779/element/7/click]
<2017-09-26 13:04:24> DEBUG [o.a.h.c.p.RequestAuthCache] Auth cache not set in the context
<2017-09-26 13:04:24> DEBUG [o.a.h.i.c.PoolingHttpClientConnectionManager] Connection request: [route: {s}->https://branchtest.perfectomobile.com:443][total kept alive: 3; route allocated: 5 of 2000; total allocated: 5 of 2000]
<2017-09-26 13:04:24> DEBUG [o.a.h.i.c.PoolingHttpClientConnectionManager] Connection leased: [id: 4][route: {s}->https://branchtest.perfectomobile.com:443][total kept alive: 2; route allocated: 5 of 2000; total allocated: 5 of 2000]
<2017-09-26 13:04:24> DEBUG [o.a.h.i.execchain.MainClientExec] Stale connection check
<2017-09-26 13:04:24> DEBUG [org.apache.http.wire] http-outgoing-4 << "[read] I/O error: Read timed out"
<2017-09-26 13:04:24> DEBUG [o.a.h.i.c.DefaultManagedHttpClientConnection] http-outgoing-4: set socket timeout to 10800000
<2017-09-26 13:04:24> DEBUG [o.a.h.i.execchain.MainClientExec] Executing request POST /nexperience/perfectomobile/wd/hub/session/0f3f5f1e-acfb-4373-a011-faaf2224e779/element/7/click HTTP/1.1
<2017-09-26 13:04:24> DEBUG [o.a.h.i.execchain.MainClientExec] Target auth state: UNCHALLENGED
<2017-09-26 13:04:24> DEBUG [o.a.h.i.execchain.MainClientExec] Proxy auth state: UNCHALLENGED
<2017-09-26 13:04:24> DEBUG [org.apache.http.headers] http-outgoing-4 >> POST /nexperience/perfectomobile/wd/hub/session/0f3f5f1e-acfb-4373-a011-faaf2224e779/element/7/click HTTP/1.1
<2017-09-26 13:04:24> DEBUG [org.apache.http.headers] http-outgoing-4 >> Content-Type: application/json; charset=utf-8
<2017-09-26 13:04:24> DEBUG [org.apache.http.headers] http-outgoing-4 >> Content-Length: 10
<2017-09-26 13:04:24> DEBUG [org.apache.http.headers] http-outgoing-4 >> Host: branchtest.perfectomobile.com
<2017-09-26 13:04:24> DEBUG [org.apache.http.headers] http-outgoing-4 >> Connection: Keep-Alive
<2017-09-26 13:04:24> DEBUG [org.apache.http.headers] http-outgoing-4 >> User-Agent: Apache-HttpClient/4.5.2 (Java/1.8.0_121)
<2017-09-26 13:04:24> DEBUG [org.apache.http.headers] http-outgoing-4 >> Cookie: JSESSIONID=F6E28E4994D1584E597DBDFCCCB1737E; fast_failed=true; fast_failed=true
<2017-09-26 13:04:24> DEBUG [org.apache.http.headers] http-outgoing-4 >> Accept-Encoding: gzip,deflate
<2017-09-26 13:04:24> DEBUG [org.apache.http.wire] http-outgoing-4 >> "POST /nexperience/perfectomobile/wd/hub/session/0f3f5f1e-acfb-4373-a011-faaf2224e779/element/7/click HTTP/1.1[\r][\n]"
<2017-09-26 13:04:24> DEBUG [org.apache.http.wire] http-outgoing-4 >> "Content-Type: application/json; charset=utf-8[\r][\n]"
<2017-09-26 13:04:24> DEBUG [org.apache.http.wire] http-outgoing-4 >> "Content-Length: 10[\r][\n]"
<2017-09-26 13:04:24> DEBUG [org.apache.http.wire] http-outgoing-4 >> "Host: branchtest.perfectomobile.com[\r][\n]"
<2017-09-26 13:04:24> DEBUG [org.apache.http.wire] http-outgoing-4 >> "Connection: Keep-Alive[\r][\n]"
<2017-09-26 13:04:24> DEBUG [org.apache.http.wire] http-outgoing-4 >> "User-Agent: Apache-HttpClient/4.5.2 (Java/1.8.0_121)[\r][\n]"
<2017-09-26 13:04:24> DEBUG [org.apache.http.wire] http-outgoing-4 >> "Cookie: JSESSIONID=F6E28E4994D1584E597DBDFCCCB1737E; fast_failed=true; fast_failed=true[\r][\n]"
<2017-09-26 13:04:24> DEBUG [org.apache.http.wire] http-outgoing-4 >> "Accept-Encoding: gzip,deflate[\r][\n]"
<2017-09-26 13:04:24> DEBUG [org.apache.http.wire] http-outgoing-4 >> "[\r][\n]"
<2017-09-26 13:04:24> DEBUG [org.apache.http.wire] http-outgoing-4 >> "{"id":"7"}"
<2017-09-26 13:04:24> DEBUG [org.apache.http.wire] http-outgoing-4 << "HTTP/1.1 200 OK[\r][\n]"
<2017-09-26 13:04:24> DEBUG [org.apache.http.wire] http-outgoing-4 << "Server: nginx[\r][\n]"
<2017-09-26 13:04:24> DEBUG [org.apache.http.wire] http-outgoing-4 << "Date: Tue, 26 Sep 2017 10:04:21 GMT[\r][\n]"
<2017-09-26 13:04:24> DEBUG [org.apache.http.wire] http-outgoing-4 << "Content-Type: application/json;charset=utf-8[\r][\n]"
<2017-09-26 13:04:24> DEBUG [org.apache.http.wire] http-outgoing-4 << "Transfer-Encoding: chunked[\r][\n]"
<2017-09-26 13:04:24> DEBUG [org.apache.http.wire] http-outgoing-4 << "Connection: keep-alive[\r][\n]"
<2017-09-26 13:04:24> DEBUG [org.apache.http.wire] http-outgoing-4 << "Set-Cookie: JSESSIONID=F6E28E4994D1584E597DBDFCCCB1737E; Path=/nexperience/; HttpOnly[\r][\n]"
<2017-09-26 13:04:24> DEBUG [org.apache.http.wire] http-outgoing-4 << "Expires: Thu, 01 Jan 1970 00:00:00 GMT[\r][\n]"
<2017-09-26 13:04:24> DEBUG [org.apache.http.wire] http-outgoing-4 << "Cache-Control: no-cache[\r][\n]"
<2017-09-26 13:04:24> DEBUG [org.apache.http.wire] http-outgoing-4 << "Cache-Control: no-cache[\r][\n]"
<2017-09-26 13:04:24> DEBUG [org.apache.http.wire] http-outgoing-4 << "Expires: Thu, 01 Jan 1970 00:00:00 GMT[\r][\n]"
<2017-09-26 13:04:24> DEBUG [org.apache.http.wire] http-outgoing-4 << "Set-Cookie: fast_failed=true[\r][\n]"
<2017-09-26 13:04:24> DEBUG [org.apache.http.wire] http-outgoing-4 << "X-XSS-Protection: 2; mode=block[\r][\n]"
<2017-09-26 13:04:24> DEBUG [org.apache.http.wire] http-outgoing-4 << "Content-Encoding: gzip[\r][\n]"
<2017-09-26 13:04:24> DEBUG [org.apache.http.wire] http-outgoing-4 << "[\r][\n]"
<2017-09-26 13:04:24> DEBUG [org.apache.http.wire] http-outgoing-4 << "96[\r][\n]"
<2017-09-26 13:04:24> DEBUG [org.apache.http.wire] http-outgoing-4 << "[0x1f][0x8b][0x8][0x0][0x0][0x0][0x0][0x0][0x0][0x3]-[0xcc][0xbb][0x12][0x82]0[0x10][0x85][0xe1]w[0xd9]:[0xc9][0xe4][0x82]"[0xb4]V[0xb6][0xbe][0xc1][0x1a]6[0xca]LH[0x80]%6[0x8e][0xef][0xee][0x16][0xb6][0xff]|[0xe7]|[0x80][0x89]y[0xae][0xe5]6[0xc1][0x8]6[0x85]tJ[0x8e]4[0xc6][0xf4][0xd0]][0xe8][0x83]F[0xeb][0x9c]N[0x88][0xc9]{[0xdf]Q[0xdf][0xf][0xa0][0x80][0xf]<H8[0xb7][0x18]e-[0xe5]u[0xad][0x93][0x14]w[0xf6][0x83]w[0x97]n[0x8][\n]"
<2017-09-26 13:04:24> DEBUG [org.apache.http.wire] http-outgoing-4 << "[0xde][0x98][0x9b][0xa4][0xd2]rV[0x10]3[0x8a][0x1b][0xa1][0xee]OSW*[0x1b][0x1a][0xa6]Len[0x8b][0xd9]i[0xa9][0x7][0x99];[0xf1]Z[0xb][0xd3][0xff][0xbf][0x9][0xb7][0xdf][0x1f][0xa7][0xef]}U[0x9f][0x0][0x0][0x0][\r][\n]"
<2017-09-26 13:04:24> DEBUG [org.apache.http.wire] http-outgoing-4 << "0[\r][\n]"
<2017-09-26 13:04:24> DEBUG [org.apache.http.wire] http-outgoing-4 << "[\r][\n]"
<2017-09-26 13:04:24> DEBUG [org.apache.http.headers] http-outgoing-4 << HTTP/1.1 200 OK
<2017-09-26 13:04:24> DEBUG [org.apache.http.headers] http-outgoing-4 << Server: nginx
<2017-09-26 13:04:24> DEBUG [org.apache.http.headers] http-outgoing-4 << Date: Tue, 26 Sep 2017 10:04:21 GMT
<2017-09-26 13:04:24> DEBUG [org.apache.http.headers] http-outgoing-4 << Content-Type: application/json;charset=utf-8
<2017-09-26 13:04:24> DEBUG [org.apache.http.headers] http-outgoing-4 << Transfer-Encoding: chunked
<2017-09-26 13:04:24> DEBUG [org.apache.http.headers] http-outgoing-4 << Connection: keep-alive
<2017-09-26 13:04:24> DEBUG [org.apache.http.headers] http-outgoing-4 << Set-Cookie: JSESSIONID=F6E28E4994D1584E597DBDFCCCB1737E; Path=/nexperience/; HttpOnly
<2017-09-26 13:04:24> DEBUG [org.apache.http.headers] http-outgoing-4 << Expires: Thu, 01 Jan 1970 00:00:00 GMT
<2017-09-26 13:04:24> DEBUG [org.apache.http.headers] http-outgoing-4 << Cache-Control: no-cache
<2017-09-26 13:04:24> DEBUG [org.apache.http.headers] http-outgoing-4 << Cache-Control: no-cache
<2017-09-26 13:04:24> DEBUG [org.apache.http.headers] http-outgoing-4 << Expires: Thu, 01 Jan 1970 00:00:00 GMT
<2017-09-26 13:04:24> DEBUG [org.apache.http.headers] http-outgoing-4 << Set-Cookie: fast_failed=true
<2017-09-26 13:04:24> DEBUG [org.apache.http.headers] http-outgoing-4 << X-XSS-Protection: 2; mode=block
<2017-09-26 13:04:24> DEBUG [org.apache.http.headers] http-outgoing-4 << Content-Encoding: gzip
<2017-09-26 13:04:24> DEBUG [o.a.h.i.execchain.MainClientExec] Connection can be kept alive indefinitely
<2017-09-26 13:04:24> DEBUG [o.a.h.c.p.ResponseProcessCookies] Cookie accepted [JSESSIONID="F6E28E4994D1584E597DBDFCCCB1737E", version:0, domain:branchtest.perfectomobile.com, path:/nexperience/, expiry:null]
<2017-09-26 13:04:24> DEBUG [o.a.h.c.p.ResponseProcessCookies] Cookie accepted [fast_failed="true", version:0, domain:branchtest.perfectomobile.com, path:/nexperience/perfectomobile/wd/hub/session/0f3f5f1e-acfb-4373-a011-faaf2224e779/element/7, expiry:null]
<2017-09-26 13:04:24> DEBUG [o.a.h.i.c.PoolingHttpClientConnectionManager] Connection [id: 4][route: {s}->https://branchtest.perfectomobile.com:443] can be kept alive indefinitely
<2017-09-26 13:04:24> DEBUG [o.a.h.i.c.PoolingHttpClientConnectionManager] Connection released: [id: 4][route: {s}->https://branchtest.perfectomobile.com:443][total kept alive: 3; route allocated: 5 of 2000; total allocated: 5 of 2000]
<2017-09-26 13:04:24> DEBUG [o.a.h.c.p.RequestAddCookies] CookieSpec selected: default
<2017-09-26 13:04:24> DEBUG [o.a.h.c.p.RequestAddCookies] Cookie [version: 0][name: JSESSIONID][value: F6E28E4994D1584E597DBDFCCCB1737E][domain: branchtest.perfectomobile.com][path: /nexperience/][expiry: null] match [(secure)branchtest.perfectomobile.com:443/nexperience/perfectomobile/wd/hub/session/0f3f5f1e-acfb-4373-a011-faaf2224e779/element]
<2017-09-26 13:04:24> DEBUG [o.a.h.c.p.RequestAddCookies] Cookie [version: 0][name: fast_failed][value: true][domain: branchtest.perfectomobile.com][path: /nexperience/perfectomobile/wd/hub][expiry: null] match [(secure)branchtest.perfectomobile.com:443/nexperience/perfectomobile/wd/hub/session/0f3f5f1e-acfb-4373-a011-faaf2224e779/element]
<2017-09-26 13:04:24> DEBUG [o.a.h.c.p.RequestAddCookies] Cookie [version: 0][name: fast_failed][value: true][domain: branchtest.perfectomobile.com][path: /nexperience/perfectomobile/wd/hub/session/0f3f5f1e-acfb-4373-a011-faaf2224e779][expiry: null] match [(secure)branchtest.perfectomobile.com:443/nexperience/perfectomobile/wd/hub/session/0f3f5f1e-acfb-4373-a011-faaf2224e779/element]
<2017-09-26 13:04:24> DEBUG [o.a.h.c.p.RequestAuthCache] Auth cache not set in the context
<2017-09-26 13:04:24> DEBUG [o.a.h.i.c.PoolingHttpClientConnectionManager] Connection request: [route: {s}->https://branchtest.perfectomobile.com:443][total kept alive: 3; route allocated: 5 of 2000; total allocated: 5 of 2000]
<2017-09-26 13:04:24> DEBUG [o.a.h.i.c.PoolingHttpClientConnectionManager] Connection leased: [id: 4][route: {s}->https://branchtest.perfectomobile.com:443][total kept alive: 2; route allocated: 5 of 2000; total allocated: 5 of 2000]
<2017-09-26 13:04:24> DEBUG [o.a.h.i.execchain.MainClientExec] Stale connection check
<2017-09-26 13:04:24> DEBUG [org.apache.http.wire] http-outgoing-4 << "[read] I/O error: Read timed out"
<2017-09-26 13:04:24> DEBUG [o.a.h.i.c.DefaultManagedHttpClientConnection] http-outgoing-4: set socket timeout to 10800000
<2017-09-26 13:04:24> DEBUG [o.a.h.i.execchain.MainClientExec] Executing request POST /nexperience/perfectomobile/wd/hub/session/0f3f5f1e-acfb-4373-a011-faaf2224e779/element HTTP/1.1
<2017-09-26 13:04:24> DEBUG [o.a.h.i.execchain.MainClientExec] Target auth state: UNCHALLENGED
<2017-09-26 13:04:24> DEBUG [o.a.h.i.execchain.MainClientExec] Proxy auth state: UNCHALLENGED
<2017-09-26 13:04:24> DEBUG [org.apache.http.headers] http-outgoing-4 >> POST /nexperience/perfectomobile/wd/hub/session/0f3f5f1e-acfb-4373-a011-faaf2224e779/element HTTP/1.1
<2017-09-26 13:04:24> DEBUG [org.apache.http.headers] http-outgoing-4 >> Content-Type: application/json; charset=utf-8
<2017-09-26 13:04:24> DEBUG [org.apache.http.headers] http-outgoing-4 >> Content-Length: 85
<2017-09-26 13:04:24> DEBUG [org.apache.http.headers] http-outgoing-4 >> Host: branchtest.perfectomobile.com
<2017-09-26 13:04:24> DEBUG [org.apache.http.headers] http-outgoing-4 >> Connection: Keep-Alive
<2017-09-26 13:04:24> DEBUG [org.apache.http.headers] http-outgoing-4 >> User-Agent: Apache-HttpClient/4.5.2 (Java/1.8.0_121)
<2017-09-26 13:04:24> DEBUG [org.apache.http.headers] http-outgoing-4 >> Cookie: JSESSIONID=F6E28E4994D1584E597DBDFCCCB1737E; fast_failed=true; fast_failed=true
<2017-09-26 13:04:24> DEBUG [org.apache.http.headers] http-outgoing-4 >> Accept-Encoding: gzip,deflate
<2017-09-26 13:04:24> DEBUG [org.apache.http.wire] http-outgoing-4 >> "POST /nexperience/perfectomobile/wd/hub/session/0f3f5f1e-acfb-4373-a011-faaf2224e779/element HTTP/1.1[\r][\n]"
<2017-09-26 13:04:24> DEBUG [org.apache.http.wire] http-outgoing-4 >> "Content-Type: application/json; charset=utf-8[\r][\n]"
<2017-09-26 13:04:24> DEBUG [org.apache.http.wire] http-outgoing-4 >> "Content-Length: 85[\r][\n]"
<2017-09-26 13:04:24> DEBUG [org.apache.http.wire] http-outgoing-4 >> "Host: branchtest.perfectomobile.com[\r][\n]"
<2017-09-26 13:04:24> DEBUG [org.apache.http.wire] http-outgoing-4 >> "Connection: Keep-Alive[\r][\n]"
<2017-09-26 13:04:24> DEBUG [org.apache.http.wire] http-outgoing-4 >> "User-Agent: Apache-HttpClient/4.5.2 (Java/1.8.0_121)[\r][\n]"
<2017-09-26 13:04:24> DEBUG [org.apache.http.wire] http-outgoing-4 >> "Cookie: JSESSIONID=F6E28E4994D1584E597DBDFCCCB1737E; fast_failed=true; fast_failed=true[\r][\n]"
<2017-09-26 13:04:24> DEBUG [org.apache.http.wire] http-outgoing-4 >> "Accept-Encoding: gzip,deflate[\r][\n]"
<2017-09-26 13:04:24> DEBUG [org.apache.http.wire] http-outgoing-4 >> "[\r][\n]"
<2017-09-26 13:04:24> DEBUG [org.apache.http.wire] http-outgoing-4 >> "{"using":"xpath","value":"//*[@id=\"register_form\"]/fieldset[3]/div/label[2]/input"}"
<2017-09-26 13:04:25> DEBUG [org.apache.http.wire] http-outgoing-4 << "HTTP/1.1 200 OK[\r][\n]"
<2017-09-26 13:04:25> DEBUG [org.apache.http.wire] http-outgoing-4 << "Server: nginx[\r][\n]"
<2017-09-26 13:04:25> DEBUG [org.apache.http.wire] http-outgoing-4 << "Date: Tue, 26 Sep 2017 10:04:21 GMT[\r][\n]"
<2017-09-26 13:04:25> DEBUG [org.apache.http.wire] http-outgoing-4 << "Content-Type: application/json;charset=utf-8[\r][\n]"
<2017-09-26 13:04:25> DEBUG [org.apache.http.wire] http-outgoing-4 << "Transfer-Encoding: chunked[\r][\n]"
<2017-09-26 13:04:25> DEBUG [org.apache.http.wire] http-outgoing-4 << "Connection: keep-alive[\r][\n]"
<2017-09-26 13:04:25> DEBUG [org.apache.http.wire] http-outgoing-4 << "Set-Cookie: JSESSIONID=F6E28E4994D1584E597DBDFCCCB1737E; Path=/nexperience/; HttpOnly[\r][\n]"
<2017-09-26 13:04:25> DEBUG [org.apache.http.wire] http-outgoing-4 << "Expires: Thu, 01 Jan 1970 00:00:00 GMT[\r][\n]"
<2017-09-26 13:04:25> DEBUG [org.apache.http.wire] http-outgoing-4 << "Cache-Control: no-cache[\r][\n]"
<2017-09-26 13:04:25> DEBUG [org.apache.http.wire] http-outgoing-4 << "Cache-Control: no-cache[\r][\n]"
<2017-09-26 13:04:25> DEBUG [org.apache.http.wire] http-outgoing-4 << "Expires: Thu, 01 Jan 1970 00:00:00 GMT[\r][\n]"
<2017-09-26 13:04:25> DEBUG [org.apache.http.wire] http-outgoing-4 << "Set-Cookie: fast_failed=true[\r][\n]"
<2017-09-26 13:04:25> DEBUG [org.apache.http.wire] http-outgoing-4 << "X-XSS-Protection: 2; mode=block[\r][\n]"
<2017-09-26 13:04:25> DEBUG [org.apache.http.wire] http-outgoing-4 << "Content-Encoding: gzip[\r][\n]"
<2017-09-26 13:04:25> DEBUG [org.apache.http.wire] http-outgoing-4 << "[\r][\n]"
<2017-09-26 13:04:25> DEBUG [org.apache.http.wire] http-outgoing-4 << "a0[\r][\n]"
<2017-09-26 13:04:25> DEBUG [org.apache.http.wire] http-outgoing-4 << "[0x1f][0x8b][0x8][0x0][0x0][0x0][0x0][0x0][0x0][0x3]-[0x8d][0xcb][0xe][0x82]0[0x10][0x0][0xff]e[0xcf][0xd0][0xd0][0x87]A[0xb8][0x1a][0xe]&[0xea][0xc1][0xf8][0x3]k[0xd9]*[0x9][0xb4][0xc8]R/[0x84]]]>&#x7f;<![CDATA[w[0xf]^'3[0x99][\r][0x98][0x98][0x87][0x14][0xcf]=[0xb4]P[0x5][0x1b][0xe]AS[0x89]><Kgk[b[0xa5]u[0x19][0x10][0x83]1[0xc6]Q]7P[0x0][0xaf][0xb8][0x92][0xe8][0x9c][0xbd][0x97]Z[0xc8][0xfb][0x94]z![0xda]j[0xe7]l[0xe3][0xb4])[0xe0][0x8b]c[0x16][0xb4]Aw[0xe9][0xae][0xdd][0xed]![0xfe][0x11][0xf6][0x2][0xfc][0x88][0x92][0xb4][0x90][0x96][0x97]J3[0xc5][0xf]*[0xa6][0x91][0xe2][0x90]'[0xb5][0xd0][0x94]VRw[0xe2]9E[0xa6][0xff]*[0x8b]^[0xed]?[0xf2]*[0xf6]#[0xaa][0x0][0x0][0x0][\r][\n]"
<2017-09-26 13:04:25> DEBUG [org.apache.http.wire] http-outgoing-4 << "0[\r][\n]"
<2017-09-26 13:04:25> DEBUG [org.apache.http.wire] http-outgoing-4 << "[\r][\n]"
<2017-09-26 13:04:25> DEBUG [org.apache.http.headers] http-outgoing-4 << HTTP/1.1 200 OK
<2017-09-26 13:04:25> DEBUG [org.apache.http.headers] http-outgoing-4 << Server: nginx
<2017-09-26 13:04:25> DEBUG [org.apache.http.headers] http-outgoing-4 << Date: Tue, 26 Sep 2017 10:04:21 GMT
<2017-09-26 13:04:25> DEBUG [org.apache.http.headers] http-outgoing-4 << Content-Type: application/json;charset=utf-8
<2017-09-26 13:04:25> DEBUG [org.apache.http.headers] http-outgoing-4 << Transfer-Encoding: chunked
<2017-09-26 13:04:25> DEBUG [org.apache.http.headers] http-outgoing-4 << Connection: keep-alive
<2017-09-26 13:04:25> DEBUG [org.apache.http.headers] http-outgoing-4 << Set-Cookie: JSESSIONID=F6E28E4994D1584E597DBDFCCCB1737E; Path=/nexperience/; HttpOnly
<2017-09-26 13:04:25> DEBUG [org.apache.http.headers] http-outgoing-4 << Expires: Thu, 01 Jan 1970 00:00:00 GMT
<2017-09-26 13:04:25> DEBUG [org.apache.http.headers] http-outgoing-4 << Cache-Control: no-cache
<2017-09-26 13:04:25> DEBUG [org.apache.http.headers] http-outgoing-4 << Cache-Control: no-cache
<2017-09-26 13:04:25> DEBUG [org.apache.http.headers] http-outgoing-4 << Expires: Thu, 01 Jan 1970 00:00:00 GMT
<2017-09-26 13:04:25> DEBUG [org.apache.http.headers] http-outgoing-4 << Set-Cookie: fast_failed=true
<2017-09-26 13:04:25> DEBUG [org.apache.http.headers] http-outgoing-4 << X-XSS-Protection: 2; mode=block
<2017-09-26 13:04:25> DEBUG [org.apache.http.headers] http-outgoing-4 << Content-Encoding: gzip
<2017-09-26 13:04:25> DEBUG [o.a.h.i.execchain.MainClientExec] Connection can be kept alive indefinitely
<2017-09-26 13:04:25> DEBUG [o.a.h.c.p.ResponseProcessCookies] Cookie accepted [JSESSIONID="F6E28E4994D1584E597DBDFCCCB1737E", version:0, domain:branchtest.perfectomobile.com, path:/nexperience/, expiry:null]
<2017-09-26 13:04:25> DEBUG [o.a.h.c.p.ResponseProcessCookies] Cookie accepted [fast_failed="true", version:0, domain:branchtest.perfectomobile.com, path:/nexperience/perfectomobile/wd/hub/session/0f3f5f1e-acfb-4373-a011-faaf2224e779, expiry:null]
<2017-09-26 13:04:25> DEBUG [o.a.h.i.c.PoolingHttpClientConnectionManager] Connection [id: 4][route: {s}->https://branchtest.perfectomobile.com:443] can be kept alive indefinitely
<2017-09-26 13:04:25> DEBUG [o.a.h.i.c.PoolingHttpClientConnectionManager] Connection released: [id: 4][route: {s}->https://branchtest.perfectomobile.com:443][total kept alive: 3; route allocated: 5 of 2000; total allocated: 5 of 2000]
<2017-09-26 13:04:25> DEBUG [o.a.h.c.p.RequestAddCookies] CookieSpec selected: default
<2017-09-26 13:04:25> DEBUG [o.a.h.c.p.RequestAddCookies] Cookie [version: 0][name: JSESSIONID][value: F6E28E4994D1584E597DBDFCCCB1737E][domain: branchtest.perfectomobile.com][path: /nexperience/][expiry: null] match [(secure)branchtest.perfectomobile.com:443/nexperience/perfectomobile/wd/hub/session/0f3f5f1e-acfb-4373-a011-faaf2224e779/element/8/click]
<2017-09-26 13:04:25> DEBUG [o.a.h.c.p.RequestAddCookies] Cookie [version: 0][name: fast_failed][value: true][domain: branchtest.perfectomobile.com][path: /nexperience/perfectomobile/wd/hub][expiry: null] match [(secure)branchtest.perfectomobile.com:443/nexperience/perfectomobile/wd/hub/session/0f3f5f1e-acfb-4373-a011-faaf2224e779/element/8/click]
<2017-09-26 13:04:25> DEBUG [o.a.h.c.p.RequestAddCookies] Cookie [version: 0][name: fast_failed][value: true][domain: branchtest.perfectomobile.com][path: /nexperience/perfectomobile/wd/hub/session/0f3f5f1e-acfb-4373-a011-faaf2224e779][expiry: null] match [(secure)branchtest.perfectomobile.com:443/nexperience/perfectomobile/wd/hub/session/0f3f5f1e-acfb-4373-a011-faaf2224e779/element/8/click]
<2017-09-26 13:04:25> DEBUG [o.a.h.c.p.RequestAuthCache] Auth cache not set in the context
<2017-09-26 13:04:25> DEBUG [o.a.h.i.c.PoolingHttpClientConnectionManager] Connection request: [route: {s}->https://branchtest.perfectomobile.com:443][total kept alive: 3; route allocated: 5 of 2000; total allocated: 5 of 2000]
<2017-09-26 13:04:25> DEBUG [o.a.h.i.c.PoolingHttpClientConnectionManager] Connection leased: [id: 4][route: {s}->https://branchtest.perfectomobile.com:443][total kept alive: 2; route allocated: 5 of 2000; total allocated: 5 of 2000]
<2017-09-26 13:04:25> DEBUG [o.a.h.i.execchain.MainClientExec] Stale connection check
<2017-09-26 13:04:25> DEBUG [org.apache.http.wire] http-outgoing-4 << "[read] I/O error: Read timed out"
<2017-09-26 13:04:25> DEBUG [o.a.h.i.c.DefaultManagedHttpClientConnection] http-outgoing-4: set socket timeout to 10800000
<2017-09-26 13:04:25> DEBUG [o.a.h.i.execchain.MainClientExec] Executing request POST /nexperience/perfectomobile/wd/hub/session/0f3f5f1e-acfb-4373-a011-faaf2224e779/element/8/click HTTP/1.1
<2017-09-26 13:04:25> DEBUG [o.a.h.i.execchain.MainClientExec] Target auth state: UNCHALLENGED
<2017-09-26 13:04:25> DEBUG [o.a.h.i.execchain.MainClientExec] Proxy auth state: UNCHALLENGED
<2017-09-26 13:04:25> DEBUG [org.apache.http.headers] http-outgoing-4 >> POST /nexperience/perfectomobile/wd/hub/session/0f3f5f1e-acfb-4373-a011-faaf2224e779/element/8/click HTTP/1.1
<2017-09-26 13:04:25> DEBUG [org.apache.http.headers] http-outgoing-4 >> Content-Type: application/json; charset=utf-8
<2017-09-26 13:04:25> DEBUG [org.apache.http.headers] http-outgoing-4 >> Content-Length: 10
<2017-09-26 13:04:25> DEBUG [org.apache.http.headers] http-outgoing-4 >> Host: branchtest.perfectomobile.com
<2017-09-26 13:04:25> DEBUG [org.apache.http.headers] http-outgoing-4 >> Connection: Keep-Alive
<2017-09-26 13:04:25> DEBUG [org.apache.http.headers] http-outgoing-4 >> User-Agent: Apache-HttpClient/4.5.2 (Java/1.8.0_121)
<2017-09-26 13:04:25> DEBUG [org.apache.http.headers] http-outgoing-4 >> Cookie: JSESSIONID=F6E28E4994D1584E597DBDFCCCB1737E; fast_failed=true; fast_failed=true
<2017-09-26 13:04:25> DEBUG [org.apache.http.headers] http-outgoing-4 >> Accept-Encoding: gzip,deflate
<2017-09-26 13:04:25> DEBUG [org.apache.http.wire] http-outgoing-4 >> "POST /nexperience/perfectomobile/wd/hub/session/0f3f5f1e-acfb-4373-a011-faaf2224e779/element/8/click HTTP/1.1[\r][\n]"
<2017-09-26 13:04:25> DEBUG [org.apache.http.wire] http-outgoing-4 >> "Content-Type: application/json; charset=utf-8[\r][\n]"
<2017-09-26 13:04:25> DEBUG [org.apache.http.wire] http-outgoing-4 >> "Content-Length: 10[\r][\n]"
<2017-09-26 13:04:25> DEBUG [org.apache.http.wire] http-outgoing-4 >> "Host: branchtest.perfectomobile.com[\r][\n]"
<2017-09-26 13:04:25> DEBUG [org.apache.http.wire] http-outgoing-4 >> "Connection: Keep-Alive[\r][\n]"
<2017-09-26 13:04:25> DEBUG [org.apache.http.wire] http-outgoing-4 >> "User-Agent: Apache-HttpClient/4.5.2 (Java/1.8.0_121)[\r][\n]"
<2017-09-26 13:04:25> DEBUG [org.apache.http.wire] http-outgoing-4 >> "Cookie: JSESSIONID=F6E28E4994D1584E597DBDFCCCB1737E; fast_failed=true; fast_failed=true[\r][\n]"
<2017-09-26 13:04:25> DEBUG [org.apache.http.wire] http-outgoing-4 >> "Accept-Encoding: gzip,deflate[\r][\n]"
<2017-09-26 13:04:25> DEBUG [org.apache.http.wire] http-outgoing-4 >> "[\r][\n]"
<2017-09-26 13:04:25> DEBUG [org.apache.http.wire] http-outgoing-4 >> "{"id":"8"}"
<2017-09-26 13:04:25> DEBUG [org.apache.http.wire] http-outgoing-4 << "HTTP/1.1 200 OK[\r][\n]"
<2017-09-26 13:04:25> DEBUG [org.apache.http.wire] http-outgoing-4 << "Server: nginx[\r][\n]"
<2017-09-26 13:04:25> DEBUG [org.apache.http.wire] http-outgoing-4 << "Date: Tue, 26 Sep 2017 10:04:21 GMT[\r][\n]"
<2017-09-26 13:04:25> DEBUG [org.apache.http.wire] http-outgoing-4 << "Content-Type: application/json;charset=utf-8[\r][\n]"
<2017-09-26 13:04:25> DEBUG [org.apache.http.wire] http-outgoing-4 << "Transfer-Encoding: chunked[\r][\n]"
<2017-09-26 13:04:25> DEBUG [org.apache.http.wire] http-outgoing-4 << "Connection: keep-alive[\r][\n]"
<2017-09-26 13:04:25> DEBUG [org.apache.http.wire] http-outgoing-4 << "Set-Cookie: JSESSIONID=F6E28E4994D1584E597DBDFCCCB1737E; Path=/nexperience/; HttpOnly[\r][\n]"
<2017-09-26 13:04:25> DEBUG [org.apache.http.wire] http-outgoing-4 << "Expires: Thu, 01 Jan 1970 00:00:00 GMT[\r][\n]"
<2017-09-26 13:04:25> DEBUG [org.apache.http.wire] http-outgoing-4 << "Cache-Control: no-cache[\r][\n]"
<2017-09-26 13:04:25> DEBUG [org.apache.http.wire] http-outgoing-4 << "Cache-Control: no-cache[\r][\n]"
<2017-09-26 13:04:25> DEBUG [org.apache.http.wire] http-outgoing-4 << "Expires: Thu, 01 Jan 1970 00:00:00 GMT[\r][\n]"
<2017-09-26 13:04:25> DEBUG [org.apache.http.wire] http-outgoing-4 << "Set-Cookie: fast_failed=true[\r][\n]"
<2017-09-26 13:04:25> DEBUG [org.apache.http.wire] http-outgoing-4 << "X-XSS-Protection: 2; mode=block[\r][\n]"
<2017-09-26 13:04:25> DEBUG [org.apache.http.wire] http-outgoing-4 << "Content-Encoding: gzip[\r][\n]"
<2017-09-26 13:04:25> DEBUG [org.apache.http.wire] http-outgoing-4 << "[\r][\n]"
<2017-09-26 13:04:25> DEBUG [org.apache.http.wire] http-outgoing-4 << "96[\r][\n]"
<2017-09-26 13:04:25> DEBUG [org.apache.http.wire] http-outgoing-4 << "[0x1f][0x8b][0x8][0x0][0x0][0x0][0x0][0x0][0x0][0x3]-[0xcc][0xbb][0x12][0x82]0[0x10][0x85][0xe1]w[0xd9][0x9a]d[0xc8]E[0x3][0xb4]V[0xb6][0xbe][0xc1][0x1a]6[0xca]LH[0x90]%6[0x8e][0xef][0xee][0x16][0xb6][0xff]|[0xe7]|[0x80][0x89]y[0xa9][0xe5]:[0xc3][0x4]}r[0xe9][0x94][0xc])[0x8c][0xe9][0xae][0xbc][0xb]Nao[0x8c]J[0x88][0xc9]Z[0xeb])[0x84][0x11]:[0xe0][0x3][0xf][0x12][0xce]-FYKy^[0xea],[0xc5][0x4]o[0xfd][0x10][0x86][0xf3][0xd8][0xc1][0x1b]s[0x93]TZ[0xce][0x1d][0xc4][0x8c][0xe2]&[0xa8][0xfb]C[0xd7][0x8d][0xca][0xb]5S[0xa6][0xb2][0xb4]U[0xef][0xb4][0xd6][0x83][0xf4][0x8d]x[0xab][0x85][0xe9][0xff][0xdf][0x84][0xf7][0xdf][0x1f][0x9d][0x99][0x90]\[0x9f][0x0][0x0][0x0][\r][\n]"
<2017-09-26 13:04:25> DEBUG [org.apache.http.wire] http-outgoing-4 << "0[\r][\n]"
<2017-09-26 13:04:25> DEBUG [org.apache.http.wire] http-outgoing-4 << "[\r][\n]"
<2017-09-26 13:04:25> DEBUG [org.apache.http.headers] http-outgoing-4 << HTTP/1.1 200 OK
<2017-09-26 13:04:25> DEBUG [org.apache.http.headers] http-outgoing-4 << Server: nginx
<2017-09-26 13:04:25> DEBUG [org.apache.http.headers] http-outgoing-4 << Date: Tue, 26 Sep 2017 10:04:21 GMT
<2017-09-26 13:04:25> DEBUG [org.apache.http.headers] http-outgoing-4 << Content-Type: application/json;charset=utf-8
<2017-09-26 13:04:25> DEBUG [org.apache.http.headers] http-outgoing-4 << Transfer-Encoding: chunked
<2017-09-26 13:04:25> DEBUG [org.apache.http.headers] http-outgoing-4 << Connection: keep-alive
<2017-09-26 13:04:25> DEBUG [org.apache.http.headers] http-outgoing-4 << Set-Cookie: JSESSIONID=F6E28E4994D1584E597DBDFCCCB1737E; Path=/nexperience/; HttpOnly
<2017-09-26 13:04:25> DEBUG [org.apache.http.headers] http-outgoing-4 << Expires: Thu, 01 Jan 1970 00:00:00 GMT
<2017-09-26 13:04:25> DEBUG [org.apache.http.headers] http-outgoing-4 << Cache-Control: no-cache
<2017-09-26 13:04:25> DEBUG [org.apache.http.headers] http-outgoing-4 << Cache-Control: no-cache
<2017-09-26 13:04:25> DEBUG [org.apache.http.headers] http-outgoing-4 << Expires: Thu, 01 Jan 1970 00:00:00 GMT
<2017-09-26 13:04:25> DEBUG [org.apache.http.headers] http-outgoing-4 << Set-Cookie: fast_failed=true
<2017-09-26 13:04:25> DEBUG [org.apache.http.headers] http-outgoing-4 << X-XSS-Protection: 2; mode=block
<2017-09-26 13:04:25> DEBUG [org.apache.http.headers] http-outgoing-4 << Content-Encoding: gzip
<2017-09-26 13:04:25> DEBUG [o.a.h.i.execchain.MainClientExec] Connection can be kept alive indefinitely
<2017-09-26 13:04:25> DEBUG [o.a.h.c.p.ResponseProcessCookies] Cookie accepted [JSESSIONID="F6E28E4994D1584E597DBDFCCCB1737E", version:0, domain:branchtest.perfectomobile.com, path:/nexperience/, expiry:null]
<2017-09-26 13:04:25> DEBUG [o.a.h.c.p.ResponseProcessCookies] Cookie accepted [fast_failed="true", version:0, domain:branchtest.perfectomobile.com, path:/nexperience/perfectomobile/wd/hub/session/0f3f5f1e-acfb-4373-a011-faaf2224e779/element/8, expiry:null]
<2017-09-26 13:04:25> DEBUG [o.a.h.i.c.PoolingHttpClientConnectionManager] Connection [id: 4][route: {s}->https://branchtest.perfectomobile.com:443] can be kept alive indefinitely
<2017-09-26 13:04:25> DEBUG [o.a.h.i.c.PoolingHttpClientConnectionManager] Connection released: [id: 4][route: {s}->https://branchtest.perfectomobile.com:443][total kept alive: 3; route allocated: 5 of 2000; total allocated: 5 of 2000]
<2017-09-26 13:04:25> DEBUG [o.a.h.c.p.RequestAddCookies] CookieSpec selected: default
<2017-09-26 13:04:25> DEBUG [o.a.h.c.p.RequestAddCookies] Cookie [version: 0][name: JSESSIONID][value: F6E28E4994D1584E597DBDFCCCB1737E][domain: branchtest.perfectomobile.com][path: /nexperience/][expiry: null] match [(secure)branchtest.perfectomobile.com:443/nexperience/perfectomobile/wd/hub/session/0f3f5f1e-acfb-4373-a011-faaf2224e779/element]
<2017-09-26 13:04:25> DEBUG [o.a.h.c.p.RequestAddCookies] Cookie [version: 0][name: fast_failed][value: true][domain: branchtest.perfectomobile.com][path: /nexperience/perfectomobile/wd/hub][expiry: null] match [(secure)branchtest.perfectomobile.com:443/nexperience/perfectomobile/wd/hub/session/0f3f5f1e-acfb-4373-a011-faaf2224e779/element]
<2017-09-26 13:04:25> DEBUG [o.a.h.c.p.RequestAddCookies] Cookie [version: 0][name: fast_failed][value: true][domain: branchtest.perfectomobile.com][path: /nexperience/perfectomobile/wd/hub/session/0f3f5f1e-acfb-4373-a011-faaf2224e779][expiry: null] match [(secure)branchtest.perfectomobile.com:443/nexperience/perfectomobile/wd/hub/session/0f3f5f1e-acfb-4373-a011-faaf2224e779/element]
<2017-09-26 13:04:25> DEBUG [o.a.h.c.p.RequestAuthCache] Auth cache not set in the context
<2017-09-26 13:04:25> DEBUG [o.a.h.i.c.PoolingHttpClientConnectionManager] Connection request: [route: {s}->https://branchtest.perfectomobile.com:443][total kept alive: 3; route allocated: 5 of 2000; total allocated: 5 of 2000]
<2017-09-26 13:04:25> DEBUG [o.a.h.i.c.PoolingHttpClientConnectionManager] Connection leased: [id: 4][route: {s}->https://branchtest.perfectomobile.com:443][total kept alive: 2; route allocated: 5 of 2000; total allocated: 5 of 2000]
<2017-09-26 13:04:25> DEBUG [o.a.h.i.execchain.MainClientExec] Stale connection check
<2017-09-26 13:04:25> DEBUG [org.apache.http.wire] http-outgoing-4 << "[read] I/O error: Read timed out"
<2017-09-26 13:04:25> DEBUG [o.a.h.i.c.DefaultManagedHttpClientConnection] http-outgoing-4: set socket timeout to 10800000
<2017-09-26 13:04:25> DEBUG [o.a.h.i.execchain.MainClientExec] Executing request POST /nexperience/perfectomobile/wd/hub/session/0f3f5f1e-acfb-4373-a011-faaf2224e779/element HTTP/1.1
<2017-09-26 13:04:25> DEBUG [o.a.h.i.execchain.MainClientExec] Target auth state: UNCHALLENGED
<2017-09-26 13:04:25> DEBUG [o.a.h.i.execchain.MainClientExec] Proxy auth state: UNCHALLENGED
<2017-09-26 13:04:25> DEBUG [org.apache.http.headers] http-outgoing-4 >> POST /nexperience/perfectomobile/wd/hub/session/0f3f5f1e-acfb-4373-a011-faaf2224e779/element HTTP/1.1
<2017-09-26 13:04:25> DEBUG [org.apache.http.headers] http-outgoing-4 >> Content-Type: application/json; charset=utf-8
<2017-09-26 13:04:25> DEBUG [org.apache.http.headers] http-outgoing-4 >> Content-Length: 72
<2017-09-26 13:04:25> DEBUG [org.apache.http.headers] http-outgoing-4 >> Host: branchtest.perfectomobile.com
<2017-09-26 13:04:25> DEBUG [org.apache.http.headers] http-outgoing-4 >> Connection: Keep-Alive
<2017-09-26 13:04:25> DEBUG [org.apache.http.headers] http-outgoing-4 >> User-Agent: Apache-HttpClient/4.5.2 (Java/1.8.0_121)
<2017-09-26 13:04:25> DEBUG [org.apache.http.headers] http-outgoing-4 >> Cookie: JSESSIONID=F6E28E4994D1584E597DBDFCCCB1737E; fast_failed=true; fast_failed=true
<2017-09-26 13:04:25> DEBUG [org.apache.http.headers] http-outgoing-4 >> Accept-Encoding: gzip,deflate
<2017-09-26 13:04:25> DEBUG [org.apache.http.wire] http-outgoing-4 >> "POST /nexperience/perfectomobile/wd/hub/session/0f3f5f1e-acfb-4373-a011-faaf2224e779/element HTTP/1.1[\r][\n]"
<2017-09-26 13:04:25> DEBUG [org.apache.http.wire] http-outgoing-4 >> "Content-Type: application/json; charset=utf-8[\r][\n]"
<2017-09-26 13:04:25> DEBUG [org.apache.http.wire] http-outgoing-4 >> "Content-Length: 72[\r][\n]"
<2017-09-26 13:04:25> DEBUG [org.apache.http.wire] http-outgoing-4 >> "Host: branchtest.perfectomobile.com[\r][\n]"
<2017-09-26 13:04:25> DEBUG [org.apache.http.wire] http-outgoing-4 >> "Connection: Keep-Alive[\r][\n]"
<2017-09-26 13:04:25> DEBUG [org.apache.http.wire] http-outgoing-4 >> "User-Agent: Apache-HttpClient/4.5.2 (Java/1.8.0_121)[\r][\n]"
<2017-09-26 13:04:25> DEBUG [org.apache.http.wire] http-outgoing-4 >> "Cookie: JSESSIONID=F6E28E4994D1584E597DBDFCCCB1737E; fast_failed=true; fast_failed=true[\r][\n]"
<2017-09-26 13:04:25> DEBUG [org.apache.http.wire] http-outgoing-4 >> "Accept-Encoding: gzip,deflate[\r][\n]"
<2017-09-26 13:04:25> DEBUG [org.apache.http.wire] http-outgoing-4 >> "[\r][\n]"
<2017-09-26 13:04:25> DEBUG [org.apache.http.wire] http-outgoing-4 >> "{"using":"xpath","value":"//*[@id=\"register_form\"]/fieldset[6]/input"}"
<2017-09-26 13:04:25> DEBUG [org.apache.http.wire] http-outgoing-4 << "HTTP/1.1 200 OK[\r][\n]"
<2017-09-26 13:04:25> DEBUG [org.apache.http.wire] http-outgoing-4 << "Server: nginx[\r][\n]"
<2017-09-26 13:04:25> DEBUG [org.apache.http.wire] http-outgoing-4 << "Date: Tue, 26 Sep 2017 10:04:22 GMT[\r][\n]"
<2017-09-26 13:04:25> DEBUG [org.apache.http.wire] http-outgoing-4 << "Content-Type: application/json;charset=utf-8[\r][\n]"
<2017-09-26 13:04:25> DEBUG [org.apache.http.wire] http-outgoing-4 << "Transfer-Encoding: chunked[\r][\n]"
<2017-09-26 13:04:25> DEBUG [org.apache.http.wire] http-outgoing-4 << "Connection: keep-alive[\r][\n]"
<2017-09-26 13:04:25> DEBUG [org.apache.http.wire] http-outgoing-4 << "Set-Cookie: JSESSIONID=F6E28E4994D1584E597DBDFCCCB1737E; Path=/nexperience/; HttpOnly[\r][\n]"
<2017-09-26 13:04:25> DEBUG [org.apache.http.wire] http-outgoing-4 << "Expires: Thu, 01 Jan 1970 00:00:00 GMT[\r][\n]"
<2017-09-26 13:04:25> DEBUG [org.apache.http.wire] http-outgoing-4 << "Cache-Control: no-cache[\r][\n]"
<2017-09-26 13:04:25> DEBUG [org.apache.http.wire] http-outgoing-4 << "Cache-Control: no-cache[\r][\n]"
<2017-09-26 13:04:25> DEBUG [org.apache.http.wire] http-outgoing-4 << "Expires: Thu, 01 Jan 1970 00:00:00 GMT[\r][\n]"
<2017-09-26 13:04:25> DEBUG [org.apache.http.wire] http-outgoing-4 << "Set-Cookie: fast_failed=true[\r][\n]"
<2017-09-26 13:04:25> DEBUG [org.apache.http.wire] http-outgoing-4 << "X-XSS-Protection: 2; mode=block[\r][\n]"
<2017-09-26 13:04:25> DEBUG [org.apache.http.wire] http-outgoing-4 << "Content-Encoding: gzip[\r][\n]"
<2017-09-26 13:04:25> DEBUG [org.apache.http.wire] http-outgoing-4 << "[\r][\n]"
<2017-09-26 13:04:25> DEBUG [org.apache.http.wire] http-outgoing-4 << "a0[\r][\n]"
<2017-09-26 13:04:25> DEBUG [org.apache.http.wire] http-outgoing-4 << "[0x1f][0x8b][0x8][0x0][0x0][0x0][0x0][0x0][0x0][0x3]-[0x8d]A[0xe][0x82]0[0x10][0x0][0xff][0xb2]gh([0x5][0xa1]^[\r][0x7][0x13][0xf5]`[0xfc][0xc0]Z[0xb6]J[0x2]-[0xb2][0xd4][0xb][0xe1][0xef][0xee][0xc1][0xeb]d&[0xb3][0x1][0x13][0xf3][0x10][0xc3][0xb9][0x87]#[0x14][0xde][0xf8][0xda]k[0xca][0xd1][0xf9]g^[0x99][0xc6][0xe4]Xh[0x9d]{D_[0x96]eEMc![0x3]^q%[0xd1]99'[0xb5][0x90][0xf7])[0xf6]B[0xac][0xd1][0xd5][0xc1][0xb6]u[0x9b][0xc1][0x17][0xc7]$d[0x83][0xee][0xd2]][0xbb][0xdb]Ct[0xb]{[0x6]nD)[0x8e][0x10][0x97][0x97][0x8a]3[0x85][0xf]*[0xa6][0x91][0xc2][0x90]&[0xb5][0xd0][0x14]WRw[0xe2]9[0x6][0xa6][0xff])[0x89]^[0xec]?[0xb4]h[0x1a][0x9e][0xa9][0x0][0x0][0x0][\r][\n]"
<2017-09-26 13:04:25> DEBUG [org.apache.http.wire] http-outgoing-4 << "0[\r][\n]"
<2017-09-26 13:04:25> DEBUG [org.apache.http.wire] http-outgoing-4 << "[\r][\n]"
<2017-09-26 13:04:25> DEBUG [org.apache.http.headers] http-outgoing-4 << HTTP/1.1 200 OK
<2017-09-26 13:04:25> DEBUG [org.apache.http.headers] http-outgoing-4 << Server: nginx
<2017-09-26 13:04:25> DEBUG [org.apache.http.headers] http-outgoing-4 << Date: Tue, 26 Sep 2017 10:04:22 GMT
<2017-09-26 13:04:25> DEBUG [org.apache.http.headers] http-outgoing-4 << Content-Type: application/json;charset=utf-8
<2017-09-26 13:04:25> DEBUG [org.apache.http.headers] http-outgoing-4 << Transfer-Encoding: chunked
<2017-09-26 13:04:25> DEBUG [org.apache.http.headers] http-outgoing-4 << Connection: keep-alive
<2017-09-26 13:04:25> DEBUG [org.apache.http.headers] http-outgoing-4 << Set-Cookie: JSESSIONID=F6E28E4994D1584E597DBDFCCCB1737E; Path=/nexperience/; HttpOnly
<2017-09-26 13:04:25> DEBUG [org.apache.http.headers] http-outgoing-4 << Expires: Thu, 01 Jan 1970 00:00:00 GMT
<2017-09-26 13:04:25> DEBUG [org.apache.http.headers] http-outgoing-4 << Cache-Control: no-cache
<2017-09-26 13:04:25> DEBUG [org.apache.http.headers] http-outgoing-4 << Cache-Control: no-cache
<2017-09-26 13:04:25> DEBUG [org.apache.http.headers] http-outgoing-4 << Expires: Thu, 01 Jan 1970 00:00:00 GMT
<2017-09-26 13:04:25> DEBUG [org.apache.http.headers] http-outgoing-4 << Set-Cookie: fast_failed=true
<2017-09-26 13:04:25> DEBUG [org.apache.http.headers] http-outgoing-4 << X-XSS-Protection: 2; mode=block
<2017-09-26 13:04:25> DEBUG [org.apache.http.headers] http-outgoing-4 << Content-Encoding: gzip
<2017-09-26 13:04:25> DEBUG [o.a.h.i.execchain.MainClientExec] Connection can be kept alive indefinitely
<2017-09-26 13:04:25> DEBUG [o.a.h.c.p.ResponseProcessCookies] Cookie accepted [JSESSIONID="F6E28E4994D1584E597DBDFCCCB1737E", version:0, domain:branchtest.perfectomobile.com, path:/nexperience/, expiry:null]
<2017-09-26 13:04:25> DEBUG [o.a.h.c.p.ResponseProcessCookies] Cookie accepted [fast_failed="true", version:0, domain:branchtest.perfectomobile.com, path:/nexperience/perfectomobile/wd/hub/session/0f3f5f1e-acfb-4373-a011-faaf2224e779, expiry:null]
<2017-09-26 13:04:25> DEBUG [o.a.h.i.c.PoolingHttpClientConnectionManager] Connection [id: 4][route: {s}->https://branchtest.perfectomobile.com:443] can be kept alive indefinitely
<2017-09-26 13:04:25> DEBUG [o.a.h.i.c.PoolingHttpClientConnectionManager] Connection released: [id: 4][route: {s}->https://branchtest.perfectomobile.com:443][total kept alive: 3; route allocated: 5 of 2000; total allocated: 5 of 2000]
<2017-09-26 13:04:25> DEBUG [o.a.h.c.p.RequestAddCookies] CookieSpec selected: default
<2017-09-26 13:04:25> DEBUG [o.a.h.c.p.RequestAddCookies] Cookie [version: 0][name: JSESSIONID][value: F6E28E4994D1584E597DBDFCCCB1737E][domain: branchtest.perfectomobile.com][path: /nexperience/][expiry: null] match [(secure)branchtest.perfectomobile.com:443/nexperience/perfectomobile/wd/hub/session/0f3f5f1e-acfb-4373-a011-faaf2224e779/element/9/value]
<2017-09-26 13:04:25> DEBUG [o.a.h.c.p.RequestAddCookies] Cookie [version: 0][name: fast_failed][value: true][domain: branchtest.perfectomobile.com][path: /nexperience/perfectomobile/wd/hub][expiry: null] match [(secure)branchtest.perfectomobile.com:443/nexperience/perfectomobile/wd/hub/session/0f3f5f1e-acfb-4373-a011-faaf2224e779/element/9/value]
<2017-09-26 13:04:25> DEBUG [o.a.h.c.p.RequestAddCookies] Cookie [version: 0][name: fast_failed][value: true][domain: branchtest.perfectomobile.com][path: /nexperience/perfectomobile/wd/hub/session/0f3f5f1e-acfb-4373-a011-faaf2224e779][expiry: null] match [(secure)branchtest.perfectomobile.com:443/nexperience/perfectomobile/wd/hub/session/0f3f5f1e-acfb-4373-a011-faaf2224e779/element/9/value]
<2017-09-26 13:04:25> DEBUG [o.a.h.c.p.RequestAuthCache] Auth cache not set in the context
<2017-09-26 13:04:25> DEBUG [o.a.h.i.c.PoolingHttpClientConnectionManager] Connection request: [route: {s}->https://branchtest.perfectomobile.com:443][total kept alive: 3; route allocated: 5 of 2000; total allocated: 5 of 2000]
<2017-09-26 13:04:25> DEBUG [o.a.h.i.c.PoolingHttpClientConnectionManager] Connection leased: [id: 4][route: {s}->https://branchtest.perfectomobile.com:443][total kept alive: 2; route allocated: 5 of 2000; total allocated: 5 of 2000]
<2017-09-26 13:04:25> DEBUG [o.a.h.i.execchain.MainClientExec] Stale connection check
<2017-09-26 13:04:25> DEBUG [org.apache.http.wire] http-outgoing-4 << "[read] I/O error: Read timed out"
<2017-09-26 13:04:25> DEBUG [o.a.h.i.c.DefaultManagedHttpClientConnection] http-outgoing-4: set socket timeout to 10800000
<2017-09-26 13:04:25> DEBUG [o.a.h.i.execchain.MainClientExec] Executing request POST /nexperience/perfectomobile/wd/hub/session/0f3f5f1e-acfb-4373-a011-faaf2224e779/element/9/value HTTP/1.1
<2017-09-26 13:04:25> DEBUG [o.a.h.i.execchain.MainClientExec] Target auth state: UNCHALLENGED
<2017-09-26 13:04:25> DEBUG [o.a.h.i.execchain.MainClientExec] Proxy auth state: UNCHALLENGED
<2017-09-26 13:04:25> DEBUG [org.apache.http.headers] http-outgoing-4 >> POST /nexperience/perfectomobile/wd/hub/session/0f3f5f1e-acfb-4373-a011-faaf2224e779/element/9/value HTTP/1.1
<2017-09-26 13:04:25> DEBUG [org.apache.http.headers] http-outgoing-4 >> Content-Type: application/json; charset=utf-8
<2017-09-26 13:04:25> DEBUG [org.apache.http.headers] http-outgoing-4 >> Content-Length: 33
<2017-09-26 13:04:25> DEBUG [org.apache.http.headers] http-outgoing-4 >> Host: branchtest.perfectomobile.com
<2017-09-26 13:04:25> DEBUG [org.apache.http.headers] http-outgoing-4 >> Connection: Keep-Alive
<2017-09-26 13:04:25> DEBUG [org.apache.http.headers] http-outgoing-4 >> User-Agent: Apache-HttpClient/4.5.2 (Java/1.8.0_121)
<2017-09-26 13:04:25> DEBUG [org.apache.http.headers] http-outgoing-4 >> Cookie: JSESSIONID=F6E28E4994D1584E597DBDFCCCB1737E; fast_failed=true; fast_failed=true
<2017-09-26 13:04:25> DEBUG [org.apache.http.headers] http-outgoing-4 >> Accept-Encoding: gzip,deflate
<2017-09-26 13:04:25> DEBUG [org.apache.http.wire] http-outgoing-4 >> "POST /nexperience/perfectomobile/wd/hub/session/0f3f5f1e-acfb-4373-a011-faaf2224e779/element/9/value HTTP/1.1[\r][\n]"
<2017-09-26 13:04:25> DEBUG [org.apache.http.wire] http-outgoing-4 >> "Content-Type: application/json; charset=utf-8[\r][\n]"
<2017-09-26 13:04:25> DEBUG [org.apache.http.wire] http-outgoing-4 >> "Content-Length: 33[\r][\n]"
<2017-09-26 13:04:25> DEBUG [org.apache.http.wire] http-outgoing-4 >> "Host: branchtest.perfectomobile.com[\r][\n]"
<2017-09-26 13:04:25> DEBUG [org.apache.http.wire] http-outgoing-4 >> "Connection: Keep-Alive[\r][\n]"
<2017-09-26 13:04:25> DEBUG [org.apache.http.wire] http-outgoing-4 >> "User-Agent: Apache-HttpClient/4.5.2 (Java/1.8.0_121)[\r][\n]"
<2017-09-26 13:04:25> DEBUG [org.apache.http.wire] http-outgoing-4 >> "Cookie: JSESSIONID=F6E28E4994D1584E597DBDFCCCB1737E; fast_failed=true; fast_failed=true[\r][\n]"
<2017-09-26 13:04:25> DEBUG [org.apache.http.wire] http-outgoing-4 >> "Accept-Encoding: gzip,deflate[\r][\n]"
<2017-09-26 13:04:25> DEBUG [org.apache.http.wire] http-outgoing-4 >> "[\r][\n]"
<2017-09-26 13:04:25> DEBUG [org.apache.http.wire] http-outgoing-4 >> "{"id":"9","value":["1234567890"]}"
<2017-09-26 13:04:26> DEBUG [org.apache.http.wire] http-outgoing-4 << "HTTP/1.1 200 OK[\r][\n]"
<2017-09-26 13:04:26> DEBUG [org.apache.http.wire] http-outgoing-4 << "Server: nginx[\r][\n]"
<2017-09-26 13:04:26> DEBUG [org.apache.http.wire] http-outgoing-4 << "Date: Tue, 26 Sep 2017 10:04:22 GMT[\r][\n]"
<2017-09-26 13:04:26> DEBUG [org.apache.http.wire] http-outgoing-4 << "Content-Type: application/json;charset=utf-8[\r][\n]"
<2017-09-26 13:04:26> DEBUG [org.apache.http.wire] http-outgoing-4 << "Transfer-Encoding: chunked[\r][\n]"
<2017-09-26 13:04:26> DEBUG [org.apache.http.wire] http-outgoing-4 << "Connection: keep-alive[\r][\n]"
<2017-09-26 13:04:26> DEBUG [org.apache.http.wire] http-outgoing-4 << "Set-Cookie: JSESSIONID=F6E28E4994D1584E597DBDFCCCB1737E; Path=/nexperience/; HttpOnly[\r][\n]"
<2017-09-26 13:04:26> DEBUG [org.apache.http.wire] http-outgoing-4 << "Expires: Thu, 01 Jan 1970 00:00:00 GMT[\r][\n]"
<2017-09-26 13:04:26> DEBUG [org.apache.http.wire] http-outgoing-4 << "Cache-Control: no-cache[\r][\n]"
<2017-09-26 13:04:26> DEBUG [org.apache.http.wire] http-outgoing-4 << "Cache-Control: no-cache[\r][\n]"
<2017-09-26 13:04:26> DEBUG [org.apache.http.wire] http-outgoing-4 << "Expires: Thu, 01 Jan 1970 00:00:00 GMT[\r][\n]"
<2017-09-26 13:04:26> DEBUG [org.apache.http.wire] http-outgoing-4 << "Set-Cookie: fast_failed=true[\r][\n]"
<2017-09-26 13:04:26> DEBUG [org.apache.http.wire] http-outgoing-4 << "X-XSS-Protection: 2; mode=block[\r][\n]"
<2017-09-26 13:04:26> DEBUG [org.apache.http.wire] http-outgoing-4 << "Content-Encoding: gzip[\r][\n]"
<2017-09-26 13:04:26> DEBUG [org.apache.http.wire] http-outgoing-4 << "[\r][\n]"
<2017-09-26 13:04:26> DEBUG [org.apache.http.wire] http-outgoing-4 << "95[\r][\n]"
<2017-09-26 13:04:26> DEBUG [org.apache.http.wire] http-outgoing-4 << "[0x1f][0x8b][0x8][0x0][0x0][0x0][0x0][0x0][0x0][0x3]-[0xcc]1[0x12][0xc2] [0x10][0x85][0xe1][0xbb]l[0x1d][0x18] 1L[0xd2]Z[0xd9]z[0x83][0x95],[0x9a][0x19][0x2]I[0x16]l[0x1c][0xef][0xee][0x16][0xb6][0xff]|[0xef]}[0x80][0x89]y-[0xf9][0xb6][0xc0][0xc]&[0xf6][0xf1][0x12]-)[0xc][0xf1][0xa1][0x86][0xde][0xf7][\n]"
<2017-09-26 13:04:26> DEBUG [org.apache.http.wire] http-outgoing-4 << "[0x8d][0xb5]*"F[0xe7][0xdc]@[0xde]O[0xd0][0x1]W[0xac]$[0x9c][[0x8][0xb2][0x96][0xf2][0xba][0x96]E[0x8a][0x1d][0x8d][0xf7][0xd6][0x8e]S[0x7]oLMJn)u[0x10][0x12][\n]"
<2017-09-26 13:04:26> DEBUG [org.apache.http.wire] http-outgoing-4 << "[0x9b][0xa1][0x9c]O]v[0xca][0x7]j[0xa6]Dym[0x9b]>i+[0x95][0xf4][0x9d]x/[0x99][0xe9]]]>&#x7f;<![CDATA[[0xdf][0x84][0x9b][0xef][0xf][0x9f][0xc4][0x0][0x18][0x9e][0x0][0x0][0x0][\r][\n]"
<2017-09-26 13:04:26> DEBUG [org.apache.http.wire] http-outgoing-4 << "0[\r][\n]"
<2017-09-26 13:04:26> DEBUG [org.apache.http.wire] http-outgoing-4 << "[\r][\n]"
<2017-09-26 13:04:26> DEBUG [org.apache.http.headers] http-outgoing-4 << HTTP/1.1 200 OK
<2017-09-26 13:04:26> DEBUG [org.apache.http.headers] http-outgoing-4 << Server: nginx
<2017-09-26 13:04:26> DEBUG [org.apache.http.headers] http-outgoing-4 << Date: Tue, 26 Sep 2017 10:04:22 GMT
<2017-09-26 13:04:26> DEBUG [org.apache.http.headers] http-outgoing-4 << Content-Type: application/json;charset=utf-8
<2017-09-26 13:04:26> DEBUG [org.apache.http.headers] http-outgoing-4 << Transfer-Encoding: chunked
<2017-09-26 13:04:26> DEBUG [org.apache.http.headers] http-outgoing-4 << Connection: keep-alive
<2017-09-26 13:04:26> DEBUG [org.apache.http.headers] http-outgoing-4 << Set-Cookie: JSESSIONID=F6E28E4994D1584E597DBDFCCCB1737E; Path=/nexperience/; HttpOnly
<2017-09-26 13:04:26> DEBUG [org.apache.http.headers] http-outgoing-4 << Expires: Thu, 01 Jan 1970 00:00:00 GMT
<2017-09-26 13:04:26> DEBUG [org.apache.http.headers] http-outgoing-4 << Cache-Control: no-cache
<2017-09-26 13:04:26> DEBUG [org.apache.http.headers] http-outgoing-4 << Cache-Control: no-cache
<2017-09-26 13:04:26> DEBUG [org.apache.http.headers] http-outgoing-4 << Expires: Thu, 01 Jan 1970 00:00:00 GMT
<2017-09-26 13:04:26> DEBUG [org.apache.http.headers] http-outgoing-4 << Set-Cookie: fast_failed=true
<2017-09-26 13:04:26> DEBUG [org.apache.http.headers] http-outgoing-4 << X-XSS-Protection: 2; mode=block
<2017-09-26 13:04:26> DEBUG [org.apache.http.headers] http-outgoing-4 << Content-Encoding: gzip
<2017-09-26 13:04:26> DEBUG [o.a.h.i.execchain.MainClientExec] Connection can be kept alive indefinitely
<2017-09-26 13:04:26> DEBUG [o.a.h.c.p.ResponseProcessCookies] Cookie accepted [JSESSIONID="F6E28E4994D1584E597DBDFCCCB1737E", version:0, domain:branchtest.perfectomobile.com, path:/nexperience/, expiry:null]
<2017-09-26 13:04:26> DEBUG [o.a.h.c.p.ResponseProcessCookies] Cookie accepted [fast_failed="true", version:0, domain:branchtest.perfectomobile.com, path:/nexperience/perfectomobile/wd/hub/session/0f3f5f1e-acfb-4373-a011-faaf2224e779/element/9, expiry:null]
<2017-09-26 13:04:26> DEBUG [o.a.h.i.c.PoolingHttpClientConnectionManager] Connection [id: 4][route: {s}->https://branchtest.perfectomobile.com:443] can be kept alive indefinitely
<2017-09-26 13:04:26> DEBUG [o.a.h.i.c.PoolingHttpClientConnectionManager] Connection released: [id: 4][route: {s}->https://branchtest.perfectomobile.com:443][total kept alive: 3; route allocated: 5 of 2000; total allocated: 5 of 2000]
<2017-09-26 13:04:26> DEBUG [o.a.h.c.p.RequestAddCookies] CookieSpec selected: default
<2017-09-26 13:04:26> DEBUG [o.a.h.c.p.RequestAddCookies] Cookie [version: 0][name: JSESSIONID][value: F6E28E4994D1584E597DBDFCCCB1737E][domain: branchtest.perfectomobile.com][path: /nexperience/][expiry: null] match [(secure)branchtest.perfectomobile.com:443/nexperience/perfectomobile/wd/hub/session/0f3f5f1e-acfb-4373-a011-faaf2224e779/element]
<2017-09-26 13:04:26> DEBUG [o.a.h.c.p.RequestAddCookies] Cookie [version: 0][name: fast_failed][value: true][domain: branchtest.perfectomobile.com][path: /nexperience/perfectomobile/wd/hub][expiry: null] match [(secure)branchtest.perfectomobile.com:443/nexperience/perfectomobile/wd/hub/session/0f3f5f1e-acfb-4373-a011-faaf2224e779/element]
<2017-09-26 13:04:26> DEBUG [o.a.h.c.p.RequestAddCookies] Cookie [version: 0][name: fast_failed][value: true][domain: branchtest.perfectomobile.com][path: /nexperience/perfectomobile/wd/hub/session/0f3f5f1e-acfb-4373-a011-faaf2224e779][expiry: null] match [(secure)branchtest.perfectomobile.com:443/nexperience/perfectomobile/wd/hub/session/0f3f5f1e-acfb-4373-a011-faaf2224e779/element]
<2017-09-26 13:04:26> DEBUG [o.a.h.c.p.RequestAuthCache] Auth cache not set in the context
<2017-09-26 13:04:26> DEBUG [o.a.h.i.c.PoolingHttpClientConnectionManager] Connection request: [route: {s}->https://branchtest.perfectomobile.com:443][total kept alive: 3; route allocated: 5 of 2000; total allocated: 5 of 2000]
<2017-09-26 13:04:26> DEBUG [o.a.h.i.c.PoolingHttpClientConnectionManager] Connection leased: [id: 4][route: {s}->https://branchtest.perfectomobile.com:443][total kept alive: 2; route allocated: 5 of 2000; total allocated: 5 of 2000]
<2017-09-26 13:04:26> DEBUG [o.a.h.i.execchain.MainClientExec] Stale connection check
<2017-09-26 13:04:26> DEBUG [org.apache.http.wire] http-outgoing-4 << "[read] I/O error: Read timed out"
<2017-09-26 13:04:26> DEBUG [o.a.h.i.c.DefaultManagedHttpClientConnection] http-outgoing-4: set socket timeout to 10800000
<2017-09-26 13:04:26> DEBUG [o.a.h.i.execchain.MainClientExec] Executing request POST /nexperience/perfectomobile/wd/hub/session/0f3f5f1e-acfb-4373-a011-faaf2224e779/element HTTP/1.1
<2017-09-26 13:04:26> DEBUG [o.a.h.i.execchain.MainClientExec] Target auth state: UNCHALLENGED
<2017-09-26 13:04:26> DEBUG [o.a.h.i.execchain.MainClientExec] Proxy auth state: UNCHALLENGED
<2017-09-26 13:04:26> DEBUG [org.apache.http.headers] http-outgoing-4 >> POST /nexperience/perfectomobile/wd/hub/session/0f3f5f1e-acfb-4373-a011-faaf2224e779/element HTTP/1.1
<2017-09-26 13:04:26> DEBUG [org.apache.http.headers] http-outgoing-4 >> Content-Type: application/json; charset=utf-8
<2017-09-26 13:04:26> DEBUG [org.apache.http.headers] http-outgoing-4 >> Content-Length: 72
<2017-09-26 13:04:26> DEBUG [org.apache.http.headers] http-outgoing-4 >> Host: branchtest.perfectomobile.com
<2017-09-26 13:04:26> DEBUG [org.apache.http.headers] http-outgoing-4 >> Connection: Keep-Alive
<2017-09-26 13:04:26> DEBUG [org.apache.http.headers] http-outgoing-4 >> User-Agent: Apache-HttpClient/4.5.2 (Java/1.8.0_121)
<2017-09-26 13:04:26> DEBUG [org.apache.http.headers] http-outgoing-4 >> Cookie: JSESSIONID=F6E28E4994D1584E597DBDFCCCB1737E; fast_failed=true; fast_failed=true
<2017-09-26 13:04:26> DEBUG [org.apache.http.headers] http-outgoing-4 >> Accept-Encoding: gzip,deflate
<2017-09-26 13:04:26> DEBUG [org.apache.http.wire] http-outgoing-4 >> "POST /nexperience/perfectomobile/wd/hub/session/0f3f5f1e-acfb-4373-a011-faaf2224e779/element HTTP/1.1[\r][\n]"
<2017-09-26 13:04:26> DEBUG [org.apache.http.wire] http-outgoing-4 >> "Content-Type: application/json; charset=utf-8[\r][\n]"
<2017-09-26 13:04:26> DEBUG [org.apache.http.wire] http-outgoing-4 >> "Content-Length: 72[\r][\n]"
<2017-09-26 13:04:26> DEBUG [org.apache.http.wire] http-outgoing-4 >> "Host: branchtest.perfectomobile.com[\r][\n]"
<2017-09-26 13:04:26> DEBUG [org.apache.http.wire] http-outgoing-4 >> "Connection: Keep-Alive[\r][\n]"
<2017-09-26 13:04:26> DEBUG [org.apache.http.wire] http-outgoing-4 >> "User-Agent: Apache-HttpClient/4.5.2 (Java/1.8.0_121)[\r][\n]"
<2017-09-26 13:04:26> DEBUG [org.apache.http.wire] http-outgoing-4 >> "Cookie: JSESSIONID=F6E28E4994D1584E597DBDFCCCB1737E; fast_failed=true; fast_failed=true[\r][\n]"
<2017-09-26 13:04:26> DEBUG [org.apache.http.wire] http-outgoing-4 >> "Accept-Encoding: gzip,deflate[\r][\n]"
<2017-09-26 13:04:26> DEBUG [org.apache.http.wire] http-outgoing-4 >> "[\r][\n]"
<2017-09-26 13:04:26> DEBUG [org.apache.http.wire] http-outgoing-4 >> "{"using":"xpath","value":"//*[@id=\"register_form\"]/fieldset[7]/input"}"
<2017-09-26 13:04:26> DEBUG [org.apache.http.wire] http-outgoing-4 << "HTTP/1.1 200 OK[\r][\n]"
<2017-09-26 13:04:26> DEBUG [org.apache.http.wire] http-outgoing-4 << "Server: nginx[\r][\n]"
<2017-09-26 13:04:26> DEBUG [org.apache.http.wire] http-outgoing-4 << "Date: Tue, 26 Sep 2017 10:04:22 GMT[\r][\n]"
<2017-09-26 13:04:26> DEBUG [org.apache.http.wire] http-outgoing-4 << "Content-Type: application/json;charset=utf-8[\r][\n]"
<2017-09-26 13:04:26> DEBUG [org.apache.http.wire] http-outgoing-4 << "Transfer-Encoding: chunked[\r][\n]"
<2017-09-26 13:04:26> DEBUG [org.apache.http.wire] http-outgoing-4 << "Connection: keep-alive[\r][\n]"
<2017-09-26 13:04:26> DEBUG [org.apache.http.wire] http-outgoing-4 << "Set-Cookie: JSESSIONID=F6E28E4994D1584E597DBDFCCCB1737E; Path=/nexperience/; HttpOnly[\r][\n]"
<2017-09-26 13:04:26> DEBUG [org.apache.http.wire] http-outgoing-4 << "Expires: Thu, 01 Jan 1970 00:00:00 GMT[\r][\n]"
<2017-09-26 13:04:26> DEBUG [org.apache.http.wire] http-outgoing-4 << "Cache-Control: no-cache[\r][\n]"
<2017-09-26 13:04:26> DEBUG [org.apache.http.wire] http-outgoing-4 << "Cache-Control: no-cache[\r][\n]"
<2017-09-26 13:04:26> DEBUG [org.apache.http.wire] http-outgoing-4 << "Expires: Thu, 01 Jan 1970 00:00:00 GMT[\r][\n]"
<2017-09-26 13:04:26> DEBUG [org.apache.http.wire] http-outgoing-4 << "Set-Cookie: fast_failed=true[\r][\n]"
<2017-09-26 13:04:26> DEBUG [org.apache.http.wire] http-outgoing-4 << "X-XSS-Protection: 2; mode=block[\r][\n]"
<2017-09-26 13:04:26> DEBUG [org.apache.http.wire] http-outgoing-4 << "Content-Encoding: gzip[\r][\n]"
<2017-09-26 13:04:26> DEBUG [org.apache.http.wire] http-outgoing-4 << "[\r][\n]"
<2017-09-26 13:04:26> DEBUG [org.apache.http.wire] http-outgoing-4 << "9f[\r][\n]"
<2017-09-26 13:04:26> DEBUG [org.apache.http.wire] http-outgoing-4 << "[0x1f][0x8b][0x8][0x0][0x0][0x0][0x0][0x0][0x0][0x3]-[0x8d]A[0xe][0x82]0[0x10][0x0][0xff][0xb2]g[0xda][0xb4][0x5]C[0xca][0xd5]p0Q[0xf][0xc6][0xf][0xac]e[0xab]&[0xd0]"K[0xbd][0x10][0xfe][0xee][0x1e][0xbc]Nf2[0x1b]01[0xbf]s:[\r][0xd0][0x81][0x89]u<DK[\n]"
<2017-09-26 13:04:26> DEBUG [org.apache.http.wire] http-outgoing-4 << "C|[0xa8][0xa6]nk[0x85][0xc6]Z[0x15][0x11][0xa3]s[0xae][0xa1][0xb6][0xf5]P[0x1][0xaf][0xb8][0x92][0xe8]\B[0x90]Z[0xc8][0xeb][0x98][0x7]![0xce]7[0xde]zk+[0xf8][0xe2]X[0x4]l[0xd0][0x9f][0xfb]K]]>&#x7f;<![CDATA[[0xbd][0x8b]m[\r][0xec][0x15][0x84][0x11][0xa5][0xe8] /O[0x9d]gJ[0x1f][0xd4]L#[0xa5]w[0x99][0xf4]BS^I[0xdf][0x88][0xe7][0x9c][0x98][0xfe][0xa7]"[0xba][0xd9]]]>&#x7f;<![CDATA[[0xe1] -A[0xa9][0x0][0x0][0x0][\r][\n]"
<2017-09-26 13:04:26> DEBUG [org.apache.http.wire] http-outgoing-4 << "0[\r][\n]"
<2017-09-26 13:04:26> DEBUG [org.apache.http.wire] http-outgoing-4 << "[\r][\n]"
<2017-09-26 13:04:26> DEBUG [org.apache.http.headers] http-outgoing-4 << HTTP/1.1 200 OK
<2017-09-26 13:04:26> DEBUG [org.apache.http.headers] http-outgoing-4 << Server: nginx
<2017-09-26 13:04:26> DEBUG [org.apache.http.headers] http-outgoing-4 << Date: Tue, 26 Sep 2017 10:04:22 GMT
<2017-09-26 13:04:26> DEBUG [org.apache.http.headers] http-outgoing-4 << Content-Type: application/json;charset=utf-8
<2017-09-26 13:04:26> DEBUG [org.apache.http.headers] http-outgoing-4 << Transfer-Encoding: chunked
<2017-09-26 13:04:26> DEBUG [org.apache.http.headers] http-outgoing-4 << Connection: keep-alive
<2017-09-26 13:04:26> DEBUG [org.apache.http.headers] http-outgoing-4 << Set-Cookie: JSESSIONID=F6E28E4994D1584E597DBDFCCCB1737E; Path=/nexperience/; HttpOnly
<2017-09-26 13:04:26> DEBUG [org.apache.http.headers] http-outgoing-4 << Expires: Thu, 01 Jan 1970 00:00:00 GMT
<2017-09-26 13:04:26> DEBUG [org.apache.http.headers] http-outgoing-4 << Cache-Control: no-cache
<2017-09-26 13:04:26> DEBUG [org.apache.http.headers] http-outgoing-4 << Cache-Control: no-cache
<2017-09-26 13:04:26> DEBUG [org.apache.http.headers] http-outgoing-4 << Expires: Thu, 01 Jan 1970 00:00:00 GMT
<2017-09-26 13:04:26> DEBUG [org.apache.http.headers] http-outgoing-4 << Set-Cookie: fast_failed=true
<2017-09-26 13:04:26> DEBUG [org.apache.http.headers] http-outgoing-4 << X-XSS-Protection: 2; mode=block
<2017-09-26 13:04:26> DEBUG [org.apache.http.headers] http-outgoing-4 << Content-Encoding: gzip
<2017-09-26 13:04:26> DEBUG [o.a.h.i.execchain.MainClientExec] Connection can be kept alive indefinitely
<2017-09-26 13:04:26> DEBUG [o.a.h.c.p.ResponseProcessCookies] Cookie accepted [JSESSIONID="F6E28E4994D1584E597DBDFCCCB1737E", version:0, domain:branchtest.perfectomobile.com, path:/nexperience/, expiry:null]
<2017-09-26 13:04:26> DEBUG [o.a.h.c.p.ResponseProcessCookies] Cookie accepted [fast_failed="true", version:0, domain:branchtest.perfectomobile.com, path:/nexperience/perfectomobile/wd/hub/session/0f3f5f1e-acfb-4373-a011-faaf2224e779, expiry:null]
<2017-09-26 13:04:26> DEBUG [o.a.h.i.c.PoolingHttpClientConnectionManager] Connection [id: 4][route: {s}->https://branchtest.perfectomobile.com:443] can be kept alive indefinitely
<2017-09-26 13:04:26> DEBUG [o.a.h.i.c.PoolingHttpClientConnectionManager] Connection released: [id: 4][route: {s}->https://branchtest.perfectomobile.com:443][total kept alive: 3; route allocated: 5 of 2000; total allocated: 5 of 2000]
<2017-09-26 13:04:26> DEBUG [o.a.h.c.p.RequestAddCookies] CookieSpec selected: default
<2017-09-26 13:04:26> DEBUG [o.a.h.c.p.RequestAddCookies] Cookie [version: 0][name: JSESSIONID][value: F6E28E4994D1584E597DBDFCCCB1737E][domain: branchtest.perfectomobile.com][path: /nexperience/][expiry: null] match [(secure)branchtest.perfectomobile.com:443/nexperience/perfectomobile/wd/hub/session/0f3f5f1e-acfb-4373-a011-faaf2224e779/element/10/value]
<2017-09-26 13:04:26> DEBUG [o.a.h.c.p.RequestAddCookies] Cookie [version: 0][name: fast_failed][value: true][domain: branchtest.perfectomobile.com][path: /nexperience/perfectomobile/wd/hub][expiry: null] match [(secure)branchtest.perfectomobile.com:443/nexperience/perfectomobile/wd/hub/session/0f3f5f1e-acfb-4373-a011-faaf2224e779/element/10/value]
<2017-09-26 13:04:26> DEBUG [o.a.h.c.p.RequestAddCookies] Cookie [version: 0][name: fast_failed][value: true][domain: branchtest.perfectomobile.com][path: /nexperience/perfectomobile/wd/hub/session/0f3f5f1e-acfb-4373-a011-faaf2224e779][expiry: null] match [(secure)branchtest.perfectomobile.com:443/nexperience/perfectomobile/wd/hub/session/0f3f5f1e-acfb-4373-a011-faaf2224e779/element/10/value]
<2017-09-26 13:04:26> DEBUG [o.a.h.c.p.RequestAuthCache] Auth cache not set in the context
<2017-09-26 13:04:26> DEBUG [o.a.h.i.c.PoolingHttpClientConnectionManager] Connection request: [route: {s}->https://branchtest.perfectomobile.com:443][total kept alive: 3; route allocated: 5 of 2000; total allocated: 5 of 2000]
<2017-09-26 13:04:26> DEBUG [o.a.h.i.c.PoolingHttpClientConnectionManager] Connection leased: [id: 4][route: {s}->https://branchtest.perfectomobile.com:443][total kept alive: 2; route allocated: 5 of 2000; total allocated: 5 of 2000]
<2017-09-26 13:04:26> DEBUG [o.a.h.i.execchain.MainClientExec] Stale connection check
<2017-09-26 13:04:26> DEBUG [org.apache.http.wire] http-outgoing-4 << "[read] I/O error: Read timed out"
<2017-09-26 13:04:26> DEBUG [o.a.h.i.c.DefaultManagedHttpClientConnection] http-outgoing-4: set socket timeout to 10800000
<2017-09-26 13:04:26> DEBUG [o.a.h.i.execchain.MainClientExec] Executing request POST /nexperience/perfectomobile/wd/hub/session/0f3f5f1e-acfb-4373-a011-faaf2224e779/element/10/value HTTP/1.1
<2017-09-26 13:04:26> DEBUG [o.a.h.i.execchain.MainClientExec] Target auth state: UNCHALLENGED
<2017-09-26 13:04:26> DEBUG [o.a.h.i.execchain.MainClientExec] Proxy auth state: UNCHALLENGED
<2017-09-26 13:04:26> DEBUG [org.apache.http.headers] http-outgoing-4 >> POST /nexperience/perfectomobile/wd/hub/session/0f3f5f1e-acfb-4373-a011-faaf2224e779/element/10/value HTTP/1.1
<2017-09-26 13:04:26> DEBUG [org.apache.http.headers] http-outgoing-4 >> Content-Type: application/json; charset=utf-8
<2017-09-26 13:04:26> DEBUG [org.apache.http.headers] http-outgoing-4 >> Content-Length: 32
<2017-09-26 13:04:26> DEBUG [org.apache.http.headers] http-outgoing-4 >> Host: branchtest.perfectomobile.com
<2017-09-26 13:04:26> DEBUG [org.apache.http.headers] http-outgoing-4 >> Connection: Keep-Alive
<2017-09-26 13:04:26> DEBUG [org.apache.http.headers] http-outgoing-4 >> User-Agent: Apache-HttpClient/4.5.2 (Java/1.8.0_121)
<2017-09-26 13:04:26> DEBUG [org.apache.http.headers] http-outgoing-4 >> Cookie: JSESSIONID=F6E28E4994D1584E597DBDFCCCB1737E; fast_failed=true; fast_failed=true
<2017-09-26 13:04:26> DEBUG [org.apache.http.headers] http-outgoing-4 >> Accept-Encoding: gzip,deflate
<2017-09-26 13:04:26> DEBUG [org.apache.http.wire] http-outgoing-4 >> "POST /nexperience/perfectomobile/wd/hub/session/0f3f5f1e-acfb-4373-a011-faaf2224e779/element/10/value HTTP/1.1[\r][\n]"
<2017-09-26 13:04:26> DEBUG [org.apache.http.wire] http-outgoing-4 >> "Content-Type: application/json; charset=utf-8[\r][\n]"
<2017-09-26 13:04:26> DEBUG [org.apache.http.wire] http-outgoing-4 >> "Content-Length: 32[\r][\n]"
<2017-09-26 13:04:26> DEBUG [org.apache.http.wire] http-outgoing-4 >> "Host: branchtest.perfectomobile.com[\r][\n]"
<2017-09-26 13:04:26> DEBUG [org.apache.http.wire] http-outgoing-4 >> "Connection: Keep-Alive[\r][\n]"
<2017-09-26 13:04:26> DEBUG [org.apache.http.wire] http-outgoing-4 >> "User-Agent: Apache-HttpClient/4.5.2 (Java/1.8.0_121)[\r][\n]"
<2017-09-26 13:04:26> DEBUG [org.apache.http.wire] http-outgoing-4 >> "Cookie: JSESSIONID=F6E28E4994D1584E597DBDFCCCB1737E; fast_failed=true; fast_failed=true[\r][\n]"
<2017-09-26 13:04:26> DEBUG [org.apache.http.wire] http-outgoing-4 >> "Accept-Encoding: gzip,deflate[\r][\n]"
<2017-09-26 13:04:26> DEBUG [org.apache.http.wire] http-outgoing-4 >> "[\r][\n]"
<2017-09-26 13:04:26> DEBUG [org.apache.http.wire] http-outgoing-4 >> "{"id":"10","value":["username"]}"
<2017-09-26 13:04:26> DEBUG [org.apache.http.wire] http-outgoing-4 << "HTTP/1.1 200 OK[\r][\n]"
<2017-09-26 13:04:26> DEBUG [org.apache.http.wire] http-outgoing-4 << "Server: nginx[\r][\n]"
<2017-09-26 13:04:26> DEBUG [org.apache.http.wire] http-outgoing-4 << "Date: Tue, 26 Sep 2017 10:04:23 GMT[\r][\n]"
<2017-09-26 13:04:26> DEBUG [org.apache.http.wire] http-outgoing-4 << "Content-Type: application/json;charset=utf-8[\r][\n]"
<2017-09-26 13:04:26> DEBUG [org.apache.http.wire] http-outgoing-4 << "Transfer-Encoding: chunked[\r][\n]"
<2017-09-26 13:04:26> DEBUG [org.apache.http.wire] http-outgoing-4 << "Connection: keep-alive[\r][\n]"
<2017-09-26 13:04:26> DEBUG [org.apache.http.wire] http-outgoing-4 << "Set-Cookie: JSESSIONID=F6E28E4994D1584E597DBDFCCCB1737E; Path=/nexperience/; HttpOnly[\r][\n]"
<2017-09-26 13:04:26> DEBUG [org.apache.http.wire] http-outgoing-4 << "Expires: Thu, 01 Jan 1970 00:00:00 GMT[\r][\n]"
<2017-09-26 13:04:26> DEBUG [org.apache.http.wire] http-outgoing-4 << "Cache-Control: no-cache[\r][\n]"
<2017-09-26 13:04:26> DEBUG [org.apache.http.wire] http-outgoing-4 << "Cache-Control: no-cache[\r][\n]"
<2017-09-26 13:04:26> DEBUG [org.apache.http.wire] http-outgoing-4 << "Expires: Thu, 01 Jan 1970 00:00:00 GMT[\r][\n]"
<2017-09-26 13:04:26> DEBUG [org.apache.http.wire] http-outgoing-4 << "Set-Cookie: fast_failed=true[\r][\n]"
<2017-09-26 13:04:26> DEBUG [org.apache.http.wire] http-outgoing-4 << "X-XSS-Protection: 2; mode=block[\r][\n]"
<2017-09-26 13:04:26> DEBUG [org.apache.http.wire] http-outgoing-4 << "Content-Encoding: gzip[\r][\n]"
<2017-09-26 13:04:26> DEBUG [org.apache.http.wire] http-outgoing-4 << "[\r][\n]"
<2017-09-26 13:04:26> DEBUG [org.apache.http.wire] http-outgoing-4 << "94[\r][\n]"
<2017-09-26 13:04:26> DEBUG [org.apache.http.wire] http-outgoing-4 << "[0x1f][0x8b][0x8][0x0][0x0][0x0][0x0][0x0][0x0][0x3]-[0xcc]1[0x12][0xc2] [0x10][0x85][0xe1][0xbb]l[\r][0xc][0x84][0x98]hZ+[o[0xb0][0x92]E3C [0xc9][0x82][0x8d][0xe3][0xdd][0xdd][0xc2][0xf6][0x9f][0xef][0xbd][0xf]01/%[0xdf]f[0x98][0xc0]F[0x1f]O[0xd1][0x91][0xc6][0x10][0x1f][0xba][0xf7][0xa3][0xd7]h[0x9d][0xd3][0x11]1v][0xd7][0xd3]8^@[0x1]W[0xac]$[0x9c][[0x8][0xb2][0x96][0xf2][0xba][0x96]Y[0xca]p[0xf6]n[0x10][0xa3][0xe0][0x8d][0xa9]I[0xc8]-%[0x5]![0xa1][0xa8][0x9][0xca][0xf1]4e[0xa3][0xbc][0xa3]aJ[0x94][0x97][0xb6][0x9a][0x83][0xd6]R[0xc9][0xdc][0x89][0xb7][0x92][0x99][0xfe][0xef]M[0xb8][0xfd][0xfe][0x0]qiB [0x9d][0x0][0x0][0x0][\r][\n]"
<2017-09-26 13:04:26> DEBUG [org.apache.http.wire] http-outgoing-4 << "0[\r][\n]"
<2017-09-26 13:04:26> DEBUG [org.apache.http.wire] http-outgoing-4 << "[\r][\n]"
<2017-09-26 13:04:26> DEBUG [org.apache.http.headers] http-outgoing-4 << HTTP/1.1 200 OK
<2017-09-26 13:04:26> DEBUG [org.apache.http.headers] http-outgoing-4 << Server: nginx
<2017-09-26 13:04:26> DEBUG [org.apache.http.headers] http-outgoing-4 << Date: Tue, 26 Sep 2017 10:04:23 GMT
<2017-09-26 13:04:26> DEBUG [org.apache.http.headers] http-outgoing-4 << Content-Type: application/json;charset=utf-8
<2017-09-26 13:04:26> DEBUG [org.apache.http.headers] http-outgoing-4 << Transfer-Encoding: chunked
<2017-09-26 13:04:26> DEBUG [org.apache.http.headers] http-outgoing-4 << Connection: keep-alive
<2017-09-26 13:04:26> DEBUG [org.apache.http.headers] http-outgoing-4 << Set-Cookie: JSESSIONID=F6E28E4994D1584E597DBDFCCCB1737E; Path=/nexperience/; HttpOnly
<2017-09-26 13:04:26> DEBUG [org.apache.http.headers] http-outgoing-4 << Expires: Thu, 01 Jan 1970 00:00:00 GMT
<2017-09-26 13:04:26> DEBUG [org.apache.http.headers] http-outgoing-4 << Cache-Control: no-cache
<2017-09-26 13:04:26> DEBUG [org.apache.http.headers] http-outgoing-4 << Cache-Control: no-cache
<2017-09-26 13:04:26> DEBUG [org.apache.http.headers] http-outgoing-4 << Expires: Thu, 01 Jan 1970 00:00:00 GMT
<2017-09-26 13:04:26> DEBUG [org.apache.http.headers] http-outgoing-4 << Set-Cookie: fast_failed=true
<2017-09-26 13:04:26> DEBUG [org.apache.http.headers] http-outgoing-4 << X-XSS-Protection: 2; mode=block
<2017-09-26 13:04:26> DEBUG [org.apache.http.headers] http-outgoing-4 << Content-Encoding: gzip
<2017-09-26 13:04:26> DEBUG [o.a.h.i.execchain.MainClientExec] Connection can be kept alive indefinitely
<2017-09-26 13:04:26> DEBUG [o.a.h.c.p.ResponseProcessCookies] Cookie accepted [JSESSIONID="F6E28E4994D1584E597DBDFCCCB1737E", version:0, domain:branchtest.perfectomobile.com, path:/nexperience/, expiry:null]
<2017-09-26 13:04:26> DEBUG [o.a.h.c.p.ResponseProcessCookies] Cookie accepted [fast_failed="true", version:0, domain:branchtest.perfectomobile.com, path:/nexperience/perfectomobile/wd/hub/session/0f3f5f1e-acfb-4373-a011-faaf2224e779/element/10, expiry:null]
<2017-09-26 13:04:26> DEBUG [o.a.h.i.c.PoolingHttpClientConnectionManager] Connection [id: 4][route: {s}->https://branchtest.perfectomobile.com:443] can be kept alive indefinitely
<2017-09-26 13:04:26> DEBUG [o.a.h.i.c.PoolingHttpClientConnectionManager] Connection released: [id: 4][route: {s}->https://branchtest.perfectomobile.com:443][total kept alive: 3; route allocated: 5 of 2000; total allocated: 5 of 2000]
<2017-09-26 13:04:26> DEBUG [o.a.h.c.p.RequestAddCookies] CookieSpec selected: default
<2017-09-26 13:04:26> DEBUG [o.a.h.c.p.RequestAddCookies] Cookie [version: 0][name: JSESSIONID][value: F6E28E4994D1584E597DBDFCCCB1737E][domain: branchtest.perfectomobile.com][path: /nexperience/][expiry: null] match [(secure)branchtest.perfectomobile.com:443/nexperience/perfectomobile/wd/hub/session/0f3f5f1e-acfb-4373-a011-faaf2224e779/element]
<2017-09-26 13:04:26> DEBUG [o.a.h.c.p.RequestAddCookies] Cookie [version: 0][name: fast_failed][value: true][domain: branchtest.perfectomobile.com][path: /nexperience/perfectomobile/wd/hub][expiry: null] match [(secure)branchtest.perfectomobile.com:443/nexperience/perfectomobile/wd/hub/session/0f3f5f1e-acfb-4373-a011-faaf2224e779/element]
<2017-09-26 13:04:26> DEBUG [o.a.h.c.p.RequestAddCookies] Cookie [version: 0][name: fast_failed][value: true][domain: branchtest.perfectomobile.com][path: /nexperience/perfectomobile/wd/hub/session/0f3f5f1e-acfb-4373-a011-faaf2224e779][expiry: null] match [(secure)branchtest.perfectomobile.com:443/nexperience/perfectomobile/wd/hub/session/0f3f5f1e-acfb-4373-a011-faaf2224e779/element]
<2017-09-26 13:04:26> DEBUG [o.a.h.c.p.RequestAuthCache] Auth cache not set in the context
<2017-09-26 13:04:26> DEBUG [o.a.h.i.c.PoolingHttpClientConnectionManager] Connection request: [route: {s}->https://branchtest.perfectomobile.com:443][total kept alive: 3; route allocated: 5 of 2000; total allocated: 5 of 2000]
<2017-09-26 13:04:26> DEBUG [o.a.h.i.c.PoolingHttpClientConnectionManager] Connection leased: [id: 4][route: {s}->https://branchtest.perfectomobile.com:443][total kept alive: 2; route allocated: 5 of 2000; total allocated: 5 of 2000]
<2017-09-26 13:04:26> DEBUG [o.a.h.i.execchain.MainClientExec] Stale connection check
<2017-09-26 13:04:26> DEBUG [org.apache.http.wire] http-outgoing-4 << "[read] I/O error: Read timed out"
<2017-09-26 13:04:26> DEBUG [o.a.h.i.c.DefaultManagedHttpClientConnection] http-outgoing-4: set socket timeout to 10800000
<2017-09-26 13:04:26> DEBUG [o.a.h.i.execchain.MainClientExec] Executing request POST /nexperience/perfectomobile/wd/hub/session/0f3f5f1e-acfb-4373-a011-faaf2224e779/element HTTP/1.1
<2017-09-26 13:04:26> DEBUG [o.a.h.i.execchain.MainClientExec] Target auth state: UNCHALLENGED
<2017-09-26 13:04:26> DEBUG [o.a.h.i.execchain.MainClientExec] Proxy auth state: UNCHALLENGED
<2017-09-26 13:04:26> DEBUG [org.apache.http.headers] http-outgoing-4 >> POST /nexperience/perfectomobile/wd/hub/session/0f3f5f1e-acfb-4373-a011-faaf2224e779/element HTTP/1.1
<2017-09-26 13:04:26> DEBUG [org.apache.http.headers] http-outgoing-4 >> Content-Type: application/json; charset=utf-8
<2017-09-26 13:04:26> DEBUG [org.apache.http.headers] http-outgoing-4 >> Content-Length: 72
<2017-09-26 13:04:26> DEBUG [org.apache.http.headers] http-outgoing-4 >> Host: branchtest.perfectomobile.com
<2017-09-26 13:04:26> DEBUG [org.apache.http.headers] http-outgoing-4 >> Connection: Keep-Alive
<2017-09-26 13:04:26> DEBUG [org.apache.http.headers] http-outgoing-4 >> User-Agent: Apache-HttpClient/4.5.2 (Java/1.8.0_121)
<2017-09-26 13:04:26> DEBUG [org.apache.http.headers] http-outgoing-4 >> Cookie: JSESSIONID=F6E28E4994D1584E597DBDFCCCB1737E; fast_failed=true; fast_failed=true
<2017-09-26 13:04:26> DEBUG [org.apache.http.headers] http-outgoing-4 >> Accept-Encoding: gzip,deflate
<2017-09-26 13:04:26> DEBUG [org.apache.http.wire] http-outgoing-4 >> "POST /nexperience/perfectomobile/wd/hub/session/0f3f5f1e-acfb-4373-a011-faaf2224e779/element HTTP/1.1[\r][\n]"
<2017-09-26 13:04:26> DEBUG [org.apache.http.wire] http-outgoing-4 >> "Content-Type: application/json; charset=utf-8[\r][\n]"
<2017-09-26 13:04:26> DEBUG [org.apache.http.wire] http-outgoing-4 >> "Content-Length: 72[\r][\n]"
<2017-09-26 13:04:26> DEBUG [org.apache.http.wire] http-outgoing-4 >> "Host: branchtest.perfectomobile.com[\r][\n]"
<2017-09-26 13:04:26> DEBUG [org.apache.http.wire] http-outgoing-4 >> "Connection: Keep-Alive[\r][\n]"
<2017-09-26 13:04:26> DEBUG [org.apache.http.wire] http-outgoing-4 >> "User-Agent: Apache-HttpClient/4.5.2 (Java/1.8.0_121)[\r][\n]"
<2017-09-26 13:04:26> DEBUG [org.apache.http.wire] http-outgoing-4 >> "Cookie: JSESSIONID=F6E28E4994D1584E597DBDFCCCB1737E; fast_failed=true; fast_failed=true[\r][\n]"
<2017-09-26 13:04:26> DEBUG [org.apache.http.wire] http-outgoing-4 >> "Accept-Encoding: gzip,deflate[\r][\n]"
<2017-09-26 13:04:26> DEBUG [org.apache.http.wire] http-outgoing-4 >> "[\r][\n]"
<2017-09-26 13:04:26> DEBUG [org.apache.http.wire] http-outgoing-4 >> "{"using":"xpath","value":"//*[@id=\"register_form\"]/fieldset[8]/input"}"
<2017-09-26 13:04:26> DEBUG [org.apache.http.wire] http-outgoing-4 << "HTTP/1.1 200 OK[\r][\n]"
<2017-09-26 13:04:26> DEBUG [org.apache.http.wire] http-outgoing-4 << "Server: nginx[\r][\n]"
<2017-09-26 13:04:26> DEBUG [org.apache.http.wire] http-outgoing-4 << "Date: Tue, 26 Sep 2017 10:04:23 GMT[\r][\n]"
<2017-09-26 13:04:26> DEBUG [org.apache.http.wire] http-outgoing-4 << "Content-Type: application/json;charset=utf-8[\r][\n]"
<2017-09-26 13:04:26> DEBUG [org.apache.http.wire] http-outgoing-4 << "Transfer-Encoding: chunked[\r][\n]"
<2017-09-26 13:04:26> DEBUG [org.apache.http.wire] http-outgoing-4 << "Connection: keep-alive[\r][\n]"
<2017-09-26 13:04:26> DEBUG [org.apache.http.wire] http-outgoing-4 << "Set-Cookie: JSESSIONID=F6E28E4994D1584E597DBDFCCCB1737E; Path=/nexperience/; HttpOnly[\r][\n]"
<2017-09-26 13:04:26> DEBUG [org.apache.http.wire] http-outgoing-4 << "Expires: Thu, 01 Jan 1970 00:00:00 GMT[\r][\n]"
<2017-09-26 13:04:26> DEBUG [org.apache.http.wire] http-outgoing-4 << "Cache-Control: no-cache[\r][\n]"
<2017-09-26 13:04:26> DEBUG [org.apache.http.wire] http-outgoing-4 << "Cache-Control: no-cache[\r][\n]"
<2017-09-26 13:04:26> DEBUG [org.apache.http.wire] http-outgoing-4 << "Expires: Thu, 01 Jan 1970 00:00:00 GMT[\r][\n]"
<2017-09-26 13:04:26> DEBUG [org.apache.http.wire] http-outgoing-4 << "Set-Cookie: fast_failed=true[\r][\n]"
<2017-09-26 13:04:26> DEBUG [org.apache.http.wire] http-outgoing-4 << "X-XSS-Protection: 2; mode=block[\r][\n]"
<2017-09-26 13:04:26> DEBUG [org.apache.http.wire] http-outgoing-4 << "Content-Encoding: gzip[\r][\n]"
<2017-09-26 13:04:26> DEBUG [org.apache.http.wire] http-outgoing-4 << "[\r][\n]"
<2017-09-26 13:04:26> DEBUG [org.apache.http.wire] http-outgoing-4 << "a0[\r][\n]"
<2017-09-26 13:04:26> DEBUG [org.apache.http.wire] http-outgoing-4 << "[0x1f][0x8b][0x8][0x0][0x0][0x0][0x0][0x0][0x0][0x3]-[0x8d]A[0xe][0x82]0[0x10][0x0][0xff][0xb2]ghh)6p5[0x1c]L[0xd4][0x83][0xf1][0x3]k[0xd9][0xaa][0x9][0xb4][0xc8]R/[0x84][0xbf][0xbb][0x7][0xaf][0x93][0x99][0xcc][0x6]L[0xcc][0xef][0x14]O[0x3]tP[0x85]:4AS[0x89]><J[[0xbb][0xba][0xc4]J[0xeb]2 [0x6]c[0x8c]%[0xe7]Z([0x80]W\It[0xce][0xde]K-[0xe4]uL[0x83][0x10]{pF[0xdb][0xc6][0xb4][0x5]|q[0xcc]B6[0xe8][0xcf][0xfd][0xa5][0xbf][0xde]E[0xd7][0x1a][0xf6][0x2][0xfc][0x88][0x92]t[0x90][0x96][0xa7]J3[0xc5][0xf]*[0xa6][0x91][0xe2];Oj[0xa1])[0xad][0xa4]n[0xc4]s[0x8a]L[0xff]U[0x16][0xbd][0xda]]]>&#x7f;<![CDATA[[0xb1]C[0xc8][0x92][0xaa][0x0][0x0][0x0][\r][\n]"
<2017-09-26 13:04:26> DEBUG [org.apache.http.wire] http-outgoing-4 << "0[\r][\n]"
<2017-09-26 13:04:26> DEBUG [org.apache.http.wire] http-outgoing-4 << "[\r][\n]"
<2017-09-26 13:04:26> DEBUG [org.apache.http.headers] http-outgoing-4 << HTTP/1.1 200 OK
<2017-09-26 13:04:26> DEBUG [org.apache.http.headers] http-outgoing-4 << Server: nginx
<2017-09-26 13:04:26> DEBUG [org.apache.http.headers] http-outgoing-4 << Date: Tue, 26 Sep 2017 10:04:23 GMT
<2017-09-26 13:04:26> DEBUG [org.apache.http.headers] http-outgoing-4 << Content-Type: application/json;charset=utf-8
<2017-09-26 13:04:26> DEBUG [org.apache.http.headers] http-outgoing-4 << Transfer-Encoding: chunked
<2017-09-26 13:04:26> DEBUG [org.apache.http.headers] http-outgoing-4 << Connection: keep-alive
<2017-09-26 13:04:26> DEBUG [org.apache.http.headers] http-outgoing-4 << Set-Cookie: JSESSIONID=F6E28E4994D1584E597DBDFCCCB1737E; Path=/nexperience/; HttpOnly
<2017-09-26 13:04:26> DEBUG [org.apache.http.headers] http-outgoing-4 << Expires: Thu, 01 Jan 1970 00:00:00 GMT
<2017-09-26 13:04:26> DEBUG [org.apache.http.headers] http-outgoing-4 << Cache-Control: no-cache
<2017-09-26 13:04:26> DEBUG [org.apache.http.headers] http-outgoing-4 << Cache-Control: no-cache
<2017-09-26 13:04:26> DEBUG [org.apache.http.headers] http-outgoing-4 << Expires: Thu, 01 Jan 1970 00:00:00 GMT
<2017-09-26 13:04:26> DEBUG [org.apache.http.headers] http-outgoing-4 << Set-Cookie: fast_failed=true
<2017-09-26 13:04:26> DEBUG [org.apache.http.headers] http-outgoing-4 << X-XSS-Protection: 2; mode=block
<2017-09-26 13:04:26> DEBUG [org.apache.http.headers] http-outgoing-4 << Content-Encoding: gzip
<2017-09-26 13:04:26> DEBUG [o.a.h.i.execchain.MainClientExec] Connection can be kept alive indefinitely
<2017-09-26 13:04:26> DEBUG [o.a.h.c.p.ResponseProcessCookies] Cookie accepted [JSESSIONID="F6E28E4994D1584E597DBDFCCCB1737E", version:0, domain:branchtest.perfectomobile.com, path:/nexperience/, expiry:null]
<2017-09-26 13:04:26> DEBUG [o.a.h.c.p.ResponseProcessCookies] Cookie accepted [fast_failed="true", version:0, domain:branchtest.perfectomobile.com, path:/nexperience/perfectomobile/wd/hub/session/0f3f5f1e-acfb-4373-a011-faaf2224e779, expiry:null]
<2017-09-26 13:04:26> DEBUG [o.a.h.i.c.PoolingHttpClientConnectionManager] Connection [id: 4][route: {s}->https://branchtest.perfectomobile.com:443] can be kept alive indefinitely
<2017-09-26 13:04:26> DEBUG [o.a.h.i.c.PoolingHttpClientConnectionManager] Connection released: [id: 4][route: {s}->https://branchtest.perfectomobile.com:443][total kept alive: 3; route allocated: 5 of 2000; total allocated: 5 of 2000]
<2017-09-26 13:04:26> DEBUG [o.a.h.c.p.RequestAddCookies] CookieSpec selected: default
<2017-09-26 13:04:26> DEBUG [o.a.h.c.p.RequestAddCookies] Cookie [version: 0][name: JSESSIONID][value: F6E28E4994D1584E597DBDFCCCB1737E][domain: branchtest.perfectomobile.com][path: /nexperience/][expiry: null] match [(secure)branchtest.perfectomobile.com:443/nexperience/perfectomobile/wd/hub/session/0f3f5f1e-acfb-4373-a011-faaf2224e779/element/11/value]
<2017-09-26 13:04:26> DEBUG [o.a.h.c.p.RequestAddCookies] Cookie [version: 0][name: fast_failed][value: true][domain: branchtest.perfectomobile.com][path: /nexperience/perfectomobile/wd/hub][expiry: null] match [(secure)branchtest.perfectomobile.com:443/nexperience/perfectomobile/wd/hub/session/0f3f5f1e-acfb-4373-a011-faaf2224e779/element/11/value]
<2017-09-26 13:04:26> DEBUG [o.a.h.c.p.RequestAddCookies] Cookie [version: 0][name: fast_failed][value: true][domain: branchtest.perfectomobile.com][path: /nexperience/perfectomobile/wd/hub/session/0f3f5f1e-acfb-4373-a011-faaf2224e779][expiry: null] match [(secure)branchtest.perfectomobile.com:443/nexperience/perfectomobile/wd/hub/session/0f3f5f1e-acfb-4373-a011-faaf2224e779/element/11/value]
<2017-09-26 13:04:26> DEBUG [o.a.h.c.p.RequestAuthCache] Auth cache not set in the context
<2017-09-26 13:04:26> DEBUG [o.a.h.i.c.PoolingHttpClientConnectionManager] Connection request: [route: {s}->https://branchtest.perfectomobile.com:443][total kept alive: 3; route allocated: 5 of 2000; total allocated: 5 of 2000]
<2017-09-26 13:04:26> DEBUG [o.a.h.i.c.PoolingHttpClientConnectionManager] Connection leased: [id: 4][route: {s}->https://branchtest.perfectomobile.com:443][total kept alive: 2; route allocated: 5 of 2000; total allocated: 5 of 2000]
<2017-09-26 13:04:26> DEBUG [o.a.h.i.execchain.MainClientExec] Stale connection check
<2017-09-26 13:04:26> DEBUG [org.apache.http.wire] http-outgoing-4 << "[read] I/O error: Read timed out"
<2017-09-26 13:04:26> DEBUG [o.a.h.i.c.DefaultManagedHttpClientConnection] http-outgoing-4: set socket timeout to 10800000
<2017-09-26 13:04:26> DEBUG [o.a.h.i.execchain.MainClientExec] Executing request POST /nexperience/perfectomobile/wd/hub/session/0f3f5f1e-acfb-4373-a011-faaf2224e779/element/11/value HTTP/1.1
<2017-09-26 13:04:26> DEBUG [o.a.h.i.execchain.MainClientExec] Target auth state: UNCHALLENGED
<2017-09-26 13:04:26> DEBUG [o.a.h.i.execchain.MainClientExec] Proxy auth state: UNCHALLENGED
<2017-09-26 13:04:26> DEBUG [org.apache.http.headers] http-outgoing-4 >> POST /nexperience/perfectomobile/wd/hub/session/0f3f5f1e-acfb-4373-a011-faaf2224e779/element/11/value HTTP/1.1
<2017-09-26 13:04:26> DEBUG [org.apache.http.headers] http-outgoing-4 >> Content-Type: application/json; charset=utf-8
<2017-09-26 13:04:26> DEBUG [org.apache.http.headers] http-outgoing-4 >> Content-Length: 39
<2017-09-26 13:04:26> DEBUG [org.apache.http.headers] http-outgoing-4 >> Host: branchtest.perfectomobile.com
<2017-09-26 13:04:26> DEBUG [org.apache.http.headers] http-outgoing-4 >> Connection: Keep-Alive
<2017-09-26 13:04:26> DEBUG [org.apache.http.headers] http-outgoing-4 >> User-Agent: Apache-HttpClient/4.5.2 (Java/1.8.0_121)
<2017-09-26 13:04:26> DEBUG [org.apache.http.headers] http-outgoing-4 >> Cookie: JSESSIONID=F6E28E4994D1584E597DBDFCCCB1737E; fast_failed=true; fast_failed=true
<2017-09-26 13:04:26> DEBUG [org.apache.http.headers] http-outgoing-4 >> Accept-Encoding: gzip,deflate
<2017-09-26 13:04:26> DEBUG [org.apache.http.wire] http-outgoing-4 >> "POST /nexperience/perfectomobile/wd/hub/session/0f3f5f1e-acfb-4373-a011-faaf2224e779/element/11/value HTTP/1.1[\r][\n]"
<2017-09-26 13:04:26> DEBUG [org.apache.http.wire] http-outgoing-4 >> "Content-Type: application/json; charset=utf-8[\r][\n]"
<2017-09-26 13:04:26> DEBUG [org.apache.http.wire] http-outgoing-4 >> "Content-Length: 39[\r][\n]"
<2017-09-26 13:04:26> DEBUG [org.apache.http.wire] http-outgoing-4 >> "Host: branchtest.perfectomobile.com[\r][\n]"
<2017-09-26 13:04:26> DEBUG [org.apache.http.wire] http-outgoing-4 >> "Connection: Keep-Alive[\r][\n]"
<2017-09-26 13:04:26> DEBUG [org.apache.http.wire] http-outgoing-4 >> "User-Agent: Apache-HttpClient/4.5.2 (Java/1.8.0_121)[\r][\n]"
<2017-09-26 13:04:26> DEBUG [org.apache.http.wire] http-outgoing-4 >> "Cookie: JSESSIONID=F6E28E4994D1584E597DBDFCCCB1737E; fast_failed=true; fast_failed=true[\r][\n]"
<2017-09-26 13:04:26> DEBUG [org.apache.http.wire] http-outgoing-4 >> "Accept-Encoding: gzip,deflate[\r][\n]"
<2017-09-26 13:04:26> DEBUG [org.apache.http.wire] http-outgoing-4 >> "[\r][\n]"
<2017-09-26 13:04:26> DEBUG [org.apache.http.wire] http-outgoing-4 >> "{"id":"11","value":["Email@gmail.com"]}"
<2017-09-26 13:04:27> DEBUG [org.apache.http.wire] http-outgoing-4 << "HTTP/1.1 200 OK[\r][\n]"
<2017-09-26 13:04:27> DEBUG [org.apache.http.wire] http-outgoing-4 << "Server: nginx[\r][\n]"
<2017-09-26 13:04:27> DEBUG [org.apache.http.wire] http-outgoing-4 << "Date: Tue, 26 Sep 2017 10:04:23 GMT[\r][\n]"
<2017-09-26 13:04:27> DEBUG [org.apache.http.wire] http-outgoing-4 << "Content-Type: application/json;charset=utf-8[\r][\n]"
<2017-09-26 13:04:27> DEBUG [org.apache.http.wire] http-outgoing-4 << "Transfer-Encoding: chunked[\r][\n]"
<2017-09-26 13:04:27> DEBUG [org.apache.http.wire] http-outgoing-4 << "Connection: keep-alive[\r][\n]"
<2017-09-26 13:04:27> DEBUG [org.apache.http.wire] http-outgoing-4 << "Set-Cookie: JSESSIONID=F6E28E4994D1584E597DBDFCCCB1737E; Path=/nexperience/; HttpOnly[\r][\n]"
<2017-09-26 13:04:27> DEBUG [org.apache.http.wire] http-outgoing-4 << "Expires: Thu, 01 Jan 1970 00:00:00 GMT[\r][\n]"
<2017-09-26 13:04:27> DEBUG [org.apache.http.wire] http-outgoing-4 << "Cache-Control: no-cache[\r][\n]"
<2017-09-26 13:04:27> DEBUG [org.apache.http.wire] http-outgoing-4 << "Cache-Control: no-cache[\r][\n]"
<2017-09-26 13:04:27> DEBUG [org.apache.http.wire] http-outgoing-4 << "Expires: Thu, 01 Jan 1970 00:00:00 GMT[\r][\n]"
<2017-09-26 13:04:27> DEBUG [org.apache.http.wire] http-outgoing-4 << "Set-Cookie: fast_failed=true[\r][\n]"
<2017-09-26 13:04:27> DEBUG [org.apache.http.wire] http-outgoing-4 << "X-XSS-Protection: 2; mode=block[\r][\n]"
<2017-09-26 13:04:27> DEBUG [org.apache.http.wire] http-outgoing-4 << "Content-Encoding: gzip[\r][\n]"
<2017-09-26 13:04:27> DEBUG [org.apache.http.wire] http-outgoing-4 << "[\r][\n]"
<2017-09-26 13:04:27> DEBUG [org.apache.http.wire] http-outgoing-4 << "95[\r][\n]"
<2017-09-26 13:04:27> DEBUG [org.apache.http.wire] http-outgoing-4 << "[0x1f][0x8b][0x8][0x0][0x0][0x0][0x0][0x0][0x0][0x3]-[0xcc]1[0xe][0xc3] [0xc][0x85][0xe1][0xbb]x[0xe][0x8]B"D[0xd6]N]{[0x3][0x97][0x98]6[0x12][0x81]4[0x86].U[0xef]^[0xf]]]]>&#x7f;<![CDATA[}[0xef]}[0x80][0x89]y[0xab][0xe5][0xba][0xc2][0x2]&[0xb9]4'K[\n]"
<2017-09-26 13:04:27> DEBUG [org.apache.http.wire] http-outgoing-4 << "c[0xba][0xab][0xc9]y[0xa7][0xd0]X[0xab][0x12]b[0x1a][0xc7]q"[0xef][0x3][0xc][0xc0][\r][0x1b][0x9][0xe7][0x1e][0xa3][0xac][0xa5]</u[0x95][0x12][0x82][0x9][0xc6]x7[0xf][0xf0][0xc6][0xdc][0xa5][0x94][0x9e][0xf3][0x0]1[0xa3][0xb0][0x5][0xea][0xf9][0xd0][0xf5][0xa0][0xf2]B[0xcd][0x94][0xa9]l}[0xd7]'[0xed][0xb5][0x91][0xbe][0x11][0x1f][0xb5]0[0xfd][0xef][0xbb]p[0xf3][0xfd][0x1]|[0xa3]*W[0x9e][0x0][0x0][0x0][\r][\n]"
<2017-09-26 13:04:27> DEBUG [org.apache.http.wire] http-outgoing-4 << "0[\r][\n]"
<2017-09-26 13:04:27> DEBUG [org.apache.http.wire] http-outgoing-4 << "[\r][\n]"
<2017-09-26 13:04:27> DEBUG [org.apache.http.headers] http-outgoing-4 << HTTP/1.1 200 OK
<2017-09-26 13:04:27> DEBUG [org.apache.http.headers] http-outgoing-4 << Server: nginx
<2017-09-26 13:04:27> DEBUG [org.apache.http.headers] http-outgoing-4 << Date: Tue, 26 Sep 2017 10:04:23 GMT
<2017-09-26 13:04:27> DEBUG [org.apache.http.headers] http-outgoing-4 << Content-Type: application/json;charset=utf-8
<2017-09-26 13:04:27> DEBUG [org.apache.http.headers] http-outgoing-4 << Transfer-Encoding: chunked
<2017-09-26 13:04:27> DEBUG [org.apache.http.headers] http-outgoing-4 << Connection: keep-alive
<2017-09-26 13:04:27> DEBUG [org.apache.http.headers] http-outgoing-4 << Set-Cookie: JSESSIONID=F6E28E4994D1584E597DBDFCCCB1737E; Path=/nexperience/; HttpOnly
<2017-09-26 13:04:27> DEBUG [org.apache.http.headers] http-outgoing-4 << Expires: Thu, 01 Jan 1970 00:00:00 GMT
<2017-09-26 13:04:27> DEBUG [org.apache.http.headers] http-outgoing-4 << Cache-Control: no-cache
<2017-09-26 13:04:27> DEBUG [org.apache.http.headers] http-outgoing-4 << Cache-Control: no-cache
<2017-09-26 13:04:27> DEBUG [org.apache.http.headers] http-outgoing-4 << Expires: Thu, 01 Jan 1970 00:00:00 GMT
<2017-09-26 13:04:27> DEBUG [org.apache.http.headers] http-outgoing-4 << Set-Cookie: fast_failed=true
<2017-09-26 13:04:27> DEBUG [org.apache.http.headers] http-outgoing-4 << X-XSS-Protection: 2; mode=block
<2017-09-26 13:04:27> DEBUG [org.apache.http.headers] http-outgoing-4 << Content-Encoding: gzip
<2017-09-26 13:04:27> DEBUG [o.a.h.i.execchain.MainClientExec] Connection can be kept alive indefinitely
<2017-09-26 13:04:27> DEBUG [o.a.h.c.p.ResponseProcessCookies] Cookie accepted [JSESSIONID="F6E28E4994D1584E597DBDFCCCB1737E", version:0, domain:branchtest.perfectomobile.com, path:/nexperience/, expiry:null]
<2017-09-26 13:04:27> DEBUG [o.a.h.c.p.ResponseProcessCookies] Cookie accepted [fast_failed="true", version:0, domain:branchtest.perfectomobile.com, path:/nexperience/perfectomobile/wd/hub/session/0f3f5f1e-acfb-4373-a011-faaf2224e779/element/11, expiry:null]
<2017-09-26 13:04:27> DEBUG [o.a.h.i.c.PoolingHttpClientConnectionManager] Connection [id: 4][route: {s}->https://branchtest.perfectomobile.com:443] can be kept alive indefinitely
<2017-09-26 13:04:27> DEBUG [o.a.h.i.c.PoolingHttpClientConnectionManager] Connection released: [id: 4][route: {s}->https://branchtest.perfectomobile.com:443][total kept alive: 3; route allocated: 5 of 2000; total allocated: 5 of 2000]
<2017-09-26 13:04:27> DEBUG [o.a.h.c.p.RequestAddCookies] CookieSpec selected: default
<2017-09-26 13:04:27> DEBUG [o.a.h.c.p.RequestAddCookies] Cookie [version: 0][name: JSESSIONID][value: F6E28E4994D1584E597DBDFCCCB1737E][domain: branchtest.perfectomobile.com][path: /nexperience/][expiry: null] match [(secure)branchtest.perfectomobile.com:443/nexperience/perfectomobile/wd/hub/session/0f3f5f1e-acfb-4373-a011-faaf2224e779/element]
<2017-09-26 13:04:27> DEBUG [o.a.h.c.p.RequestAddCookies] Cookie [version: 0][name: fast_failed][value: true][domain: branchtest.perfectomobile.com][path: /nexperience/perfectomobile/wd/hub][expiry: null] match [(secure)branchtest.perfectomobile.com:443/nexperience/perfectomobile/wd/hub/session/0f3f5f1e-acfb-4373-a011-faaf2224e779/element]
<2017-09-26 13:04:27> DEBUG [o.a.h.c.p.RequestAddCookies] Cookie [version: 0][name: fast_failed][value: true][domain: branchtest.perfectomobile.com][path: /nexperience/perfectomobile/wd/hub/session/0f3f5f1e-acfb-4373-a011-faaf2224e779][expiry: null] match [(secure)branchtest.perfectomobile.com:443/nexperience/perfectomobile/wd/hub/session/0f3f5f1e-acfb-4373-a011-faaf2224e779/element]
<2017-09-26 13:04:27> DEBUG [o.a.h.c.p.RequestAuthCache] Auth cache not set in the context
<2017-09-26 13:04:27> DEBUG [o.a.h.i.c.PoolingHttpClientConnectionManager] Connection request: [route: {s}->https://branchtest.perfectomobile.com:443][total kept alive: 3; route allocated: 5 of 2000; total allocated: 5 of 2000]
<2017-09-26 13:04:27> DEBUG [o.a.h.i.c.PoolingHttpClientConnectionManager] Connection leased: [id: 4][route: {s}->https://branchtest.perfectomobile.com:443][total kept alive: 2; route allocated: 5 of 2000; total allocated: 5 of 2000]
<2017-09-26 13:04:27> DEBUG [o.a.h.i.execchain.MainClientExec] Stale connection check
<2017-09-26 13:04:27> DEBUG [org.apache.http.wire] http-outgoing-4 << "[read] I/O error: Read timed out"
<2017-09-26 13:04:27> DEBUG [o.a.h.i.c.DefaultManagedHttpClientConnection] http-outgoing-4: set socket timeout to 10800000
<2017-09-26 13:04:27> DEBUG [o.a.h.i.execchain.MainClientExec] Executing request POST /nexperience/perfectomobile/wd/hub/session/0f3f5f1e-acfb-4373-a011-faaf2224e779/element HTTP/1.1
<2017-09-26 13:04:27> DEBUG [o.a.h.i.execchain.MainClientExec] Target auth state: UNCHALLENGED
<2017-09-26 13:04:27> DEBUG [o.a.h.i.execchain.MainClientExec] Proxy auth state: UNCHALLENGED
<2017-09-26 13:04:27> DEBUG [org.apache.http.headers] http-outgoing-4 >> POST /nexperience/perfectomobile/wd/hub/session/0f3f5f1e-acfb-4373-a011-faaf2224e779/element HTTP/1.1
<2017-09-26 13:04:27> DEBUG [org.apache.http.headers] http-outgoing-4 >> Content-Type: application/json; charset=utf-8
<2017-09-26 13:04:27> DEBUG [org.apache.http.headers] http-outgoing-4 >> Content-Length: 73
<2017-09-26 13:04:27> DEBUG [org.apache.http.headers] http-outgoing-4 >> Host: branchtest.perfectomobile.com
<2017-09-26 13:04:27> DEBUG [org.apache.http.headers] http-outgoing-4 >> Connection: Keep-Alive
<2017-09-26 13:04:27> DEBUG [org.apache.http.headers] http-outgoing-4 >> User-Agent: Apache-HttpClient/4.5.2 (Java/1.8.0_121)
<2017-09-26 13:04:27> DEBUG [org.apache.http.headers] http-outgoing-4 >> Cookie: JSESSIONID=F6E28E4994D1584E597DBDFCCCB1737E; fast_failed=true; fast_failed=true
<2017-09-26 13:04:27> DEBUG [org.apache.http.headers] http-outgoing-4 >> Accept-Encoding: gzip,deflate
<2017-09-26 13:04:27> DEBUG [org.apache.http.wire] http-outgoing-4 >> "POST /nexperience/perfectomobile/wd/hub/session/0f3f5f1e-acfb-4373-a011-faaf2224e779/element HTTP/1.1[\r][\n]"
<2017-09-26 13:04:27> DEBUG [org.apache.http.wire] http-outgoing-4 >> "Content-Type: application/json; charset=utf-8[\r][\n]"
<2017-09-26 13:04:27> DEBUG [org.apache.http.wire] http-outgoing-4 >> "Content-Length: 73[\r][\n]"
<2017-09-26 13:04:27> DEBUG [org.apache.http.wire] http-outgoing-4 >> "Host: branchtest.perfectomobile.com[\r][\n]"
<2017-09-26 13:04:27> DEBUG [org.apache.http.wire] http-outgoing-4 >> "Connection: Keep-Alive[\r][\n]"
<2017-09-26 13:04:27> DEBUG [org.apache.http.wire] http-outgoing-4 >> "User-Agent: Apache-HttpClient/4.5.2 (Java/1.8.0_121)[\r][\n]"
<2017-09-26 13:04:27> DEBUG [org.apache.http.wire] http-outgoing-4 >> "Cookie: JSESSIONID=F6E28E4994D1584E597DBDFCCCB1737E; fast_failed=true; fast_failed=true[\r][\n]"
<2017-09-26 13:04:27> DEBUG [org.apache.http.wire] http-outgoing-4 >> "Accept-Encoding: gzip,deflate[\r][\n]"
<2017-09-26 13:04:27> DEBUG [org.apache.http.wire] http-outgoing-4 >> "[\r][\n]"
<2017-09-26 13:04:27> DEBUG [org.apache.http.wire] http-outgoing-4 >> "{"using":"xpath","value":"//*[@id=\"register_form\"]/fieldset[11]/input"}"
<2017-09-26 13:04:27> DEBUG [org.apache.http.wire] http-outgoing-4 << "HTTP/1.1 200 OK[\r][\n]"
<2017-09-26 13:04:27> DEBUG [org.apache.http.wire] http-outgoing-4 << "Server: nginx[\r][\n]"
<2017-09-26 13:04:27> DEBUG [org.apache.http.wire] http-outgoing-4 << "Date: Tue, 26 Sep 2017 10:04:23 GMT[\r][\n]"
<2017-09-26 13:04:27> DEBUG [org.apache.http.wire] http-outgoing-4 << "Content-Type: application/json;charset=utf-8[\r][\n]"
<2017-09-26 13:04:27> DEBUG [org.apache.http.wire] http-outgoing-4 << "Transfer-Encoding: chunked[\r][\n]"
<2017-09-26 13:04:27> DEBUG [org.apache.http.wire] http-outgoing-4 << "Connection: keep-alive[\r][\n]"
<2017-09-26 13:04:27> DEBUG [org.apache.http.wire] http-outgoing-4 << "Set-Cookie: JSESSIONID=F6E28E4994D1584E597DBDFCCCB1737E; Path=/nexperience/; HttpOnly[\r][\n]"
<2017-09-26 13:04:27> DEBUG [org.apache.http.wire] http-outgoing-4 << "Expires: Thu, 01 Jan 1970 00:00:00 GMT[\r][\n]"
<2017-09-26 13:04:27> DEBUG [org.apache.http.wire] http-outgoing-4 << "Cache-Control: no-cache[\r][\n]"
<2017-09-26 13:04:27> DEBUG [org.apache.http.wire] http-outgoing-4 << "Cache-Control: no-cache[\r][\n]"
<2017-09-26 13:04:27> DEBUG [org.apache.http.wire] http-outgoing-4 << "Expires: Thu, 01 Jan 1970 00:00:00 GMT[\r][\n]"
<2017-09-26 13:04:27> DEBUG [org.apache.http.wire] http-outgoing-4 << "Set-Cookie: fast_failed=true[\r][\n]"
<2017-09-26 13:04:27> DEBUG [org.apache.http.wire] http-outgoing-4 << "X-XSS-Protection: 2; mode=block[\r][\n]"
<2017-09-26 13:04:27> DEBUG [org.apache.http.wire] http-outgoing-4 << "Content-Encoding: gzip[\r][\n]"
<2017-09-26 13:04:27> DEBUG [org.apache.http.wire] http-outgoing-4 << "[\r][\n]"
<2017-09-26 13:04:27> DEBUG [org.apache.http.wire] http-outgoing-4 << "a1[\r][\n]"
<2017-09-26 13:04:27> DEBUG [org.apache.http.wire] http-outgoing-4 << "[0x1f][0x8b][0x8][0x0][0x0][0x0][0x0][0x0][0x0][0x3]-[0x8d]A[0xe][0x82]0[0x10][0x0][0xff][0xb2]g[0xda][0xb4][0x5]S[0xcb][0xd5]p0Q[0xf][0xc6][0xf][0xac]e[0xab]$[0xd0]"K[0xbd][0x10][0xfe]n[0xf]^'3[0x99][\r][0x98][0x98][0x87][0x14][0xcf]=[0xb4][0xa0]B[0x1d][0xe]A[0x93]@[0x1f][0x9e][0xa2][0xa9]m-Pi-[0x2]b0[0xc6]4d[0xad][0x83][\n]"
<2017-09-26 13:04:27> DEBUG [org.apache.http.wire] http-outgoing-4 << "x[0xc5][0x95][0x8a][0xce][0xd9][0xfb]R[0x17][0xf2]>[0xa5][0xbe][0x10][0xab]\[0xe3][0x8e][0xce][0xba][\n]"
<2017-09-26 13:04:27> DEBUG [org.apache.http.wire] http-outgoing-4 << "[0xbe]8[0xe6]B6[0xe8].[0xdd][0xb5][0xbb]=[0x8a][0xae][\r][0xec][0x15][0xf8][0x11]K[0xd2]BZ^2[0xcd][0x14]?([0x99]F[0x8a]C[0x9e][0xe4]BSZI[0xde][0x89][0xe7][0x14][0x99][0xfe][0xab]\t[0xb5][0xff][0x0]7XSS[0xaa][0x0][0x0][0x0][\r][\n]"
<2017-09-26 13:04:27> DEBUG [org.apache.http.wire] http-outgoing-4 << "0[\r][\n]"
<2017-09-26 13:04:27> DEBUG [org.apache.http.wire] http-outgoing-4 << "[\r][\n]"
<2017-09-26 13:04:27> DEBUG [org.apache.http.headers] http-outgoing-4 << HTTP/1.1 200 OK
<2017-09-26 13:04:27> DEBUG [org.apache.http.headers] http-outgoing-4 << Server: nginx
<2017-09-26 13:04:27> DEBUG [org.apache.http.headers] http-outgoing-4 << Date: Tue, 26 Sep 2017 10:04:23 GMT
<2017-09-26 13:04:27> DEBUG [org.apache.http.headers] http-outgoing-4 << Content-Type: application/json;charset=utf-8
<2017-09-26 13:04:27> DEBUG [org.apache.http.headers] http-outgoing-4 << Transfer-Encoding: chunked
<2017-09-26 13:04:27> DEBUG [org.apache.http.headers] http-outgoing-4 << Connection: keep-alive
<2017-09-26 13:04:27> DEBUG [org.apache.http.headers] http-outgoing-4 << Set-Cookie: JSESSIONID=F6E28E4994D1584E597DBDFCCCB1737E; Path=/nexperience/; HttpOnly
<2017-09-26 13:04:27> DEBUG [org.apache.http.headers] http-outgoing-4 << Expires: Thu, 01 Jan 1970 00:00:00 GMT
<2017-09-26 13:04:27> DEBUG [org.apache.http.headers] http-outgoing-4 << Cache-Control: no-cache
<2017-09-26 13:04:27> DEBUG [org.apache.http.headers] http-outgoing-4 << Cache-Control: no-cache
<2017-09-26 13:04:27> DEBUG [org.apache.http.headers] http-outgoing-4 << Expires: Thu, 01 Jan 1970 00:00:00 GMT
<2017-09-26 13:04:27> DEBUG [org.apache.http.headers] http-outgoing-4 << Set-Cookie: fast_failed=true
<2017-09-26 13:04:27> DEBUG [org.apache.http.headers] http-outgoing-4 << X-XSS-Protection: 2; mode=block
<2017-09-26 13:04:27> DEBUG [org.apache.http.headers] http-outgoing-4 << Content-Encoding: gzip
<2017-09-26 13:04:27> DEBUG [o.a.h.i.execchain.MainClientExec] Connection can be kept alive indefinitely
<2017-09-26 13:04:27> DEBUG [o.a.h.c.p.ResponseProcessCookies] Cookie accepted [JSESSIONID="F6E28E4994D1584E597DBDFCCCB1737E", version:0, domain:branchtest.perfectomobile.com, path:/nexperience/, expiry:null]
<2017-09-26 13:04:27> DEBUG [o.a.h.c.p.ResponseProcessCookies] Cookie accepted [fast_failed="true", version:0, domain:branchtest.perfectomobile.com, path:/nexperience/perfectomobile/wd/hub/session/0f3f5f1e-acfb-4373-a011-faaf2224e779, expiry:null]
<2017-09-26 13:04:27> DEBUG [o.a.h.i.c.PoolingHttpClientConnectionManager] Connection [id: 4][route: {s}->https://branchtest.perfectomobile.com:443] can be kept alive indefinitely
<2017-09-26 13:04:27> DEBUG [o.a.h.i.c.PoolingHttpClientConnectionManager] Connection released: [id: 4][route: {s}->https://branchtest.perfectomobile.com:443][total kept alive: 3; route allocated: 5 of 2000; total allocated: 5 of 2000]
<2017-09-26 13:04:27> DEBUG [o.a.h.c.p.RequestAddCookies] CookieSpec selected: default
<2017-09-26 13:04:27> DEBUG [o.a.h.c.p.RequestAddCookies] Cookie [version: 0][name: JSESSIONID][value: F6E28E4994D1584E597DBDFCCCB1737E][domain: branchtest.perfectomobile.com][path: /nexperience/][expiry: null] match [(secure)branchtest.perfectomobile.com:443/nexperience/perfectomobile/wd/hub/session/0f3f5f1e-acfb-4373-a011-faaf2224e779/element/12/value]
<2017-09-26 13:04:27> DEBUG [o.a.h.c.p.RequestAddCookies] Cookie [version: 0][name: fast_failed][value: true][domain: branchtest.perfectomobile.com][path: /nexperience/perfectomobile/wd/hub][expiry: null] match [(secure)branchtest.perfectomobile.com:443/nexperience/perfectomobile/wd/hub/session/0f3f5f1e-acfb-4373-a011-faaf2224e779/element/12/value]
<2017-09-26 13:04:27> DEBUG [o.a.h.c.p.RequestAddCookies] Cookie [version: 0][name: fast_failed][value: true][domain: branchtest.perfectomobile.com][path: /nexperience/perfectomobile/wd/hub/session/0f3f5f1e-acfb-4373-a011-faaf2224e779][expiry: null] match [(secure)branchtest.perfectomobile.com:443/nexperience/perfectomobile/wd/hub/session/0f3f5f1e-acfb-4373-a011-faaf2224e779/element/12/value]
<2017-09-26 13:04:27> DEBUG [o.a.h.c.p.RequestAuthCache] Auth cache not set in the context
<2017-09-26 13:04:27> DEBUG [o.a.h.i.c.PoolingHttpClientConnectionManager] Connection request: [route: {s}->https://branchtest.perfectomobile.com:443][total kept alive: 3; route allocated: 5 of 2000; total allocated: 5 of 2000]
<2017-09-26 13:04:27> DEBUG [o.a.h.i.c.PoolingHttpClientConnectionManager] Connection leased: [id: 4][route: {s}->https://branchtest.perfectomobile.com:443][total kept alive: 2; route allocated: 5 of 2000; total allocated: 5 of 2000]
<2017-09-26 13:04:27> DEBUG [o.a.h.i.execchain.MainClientExec] Stale connection check
<2017-09-26 13:04:27> DEBUG [org.apache.http.wire] http-outgoing-4 << "[read] I/O error: Read timed out"
<2017-09-26 13:04:27> DEBUG [o.a.h.i.c.DefaultManagedHttpClientConnection] http-outgoing-4: set socket timeout to 10800000
<2017-09-26 13:04:27> DEBUG [o.a.h.i.execchain.MainClientExec] Executing request POST /nexperience/perfectomobile/wd/hub/session/0f3f5f1e-acfb-4373-a011-faaf2224e779/element/12/value HTTP/1.1
<2017-09-26 13:04:27> DEBUG [o.a.h.i.execchain.MainClientExec] Target auth state: UNCHALLENGED
<2017-09-26 13:04:27> DEBUG [o.a.h.i.execchain.MainClientExec] Proxy auth state: UNCHALLENGED
<2017-09-26 13:04:27> DEBUG [org.apache.http.headers] http-outgoing-4 >> POST /nexperience/perfectomobile/wd/hub/session/0f3f5f1e-acfb-4373-a011-faaf2224e779/element/12/value HTTP/1.1
<2017-09-26 13:04:27> DEBUG [org.apache.http.headers] http-outgoing-4 >> Content-Type: application/json; charset=utf-8
<2017-09-26 13:04:27> DEBUG [org.apache.http.headers] http-outgoing-4 >> Content-Length: 32
<2017-09-26 13:04:27> DEBUG [org.apache.http.headers] http-outgoing-4 >> Host: branchtest.perfectomobile.com
<2017-09-26 13:04:27> DEBUG [org.apache.http.headers] http-outgoing-4 >> Connection: Keep-Alive
<2017-09-26 13:04:27> DEBUG [org.apache.http.headers] http-outgoing-4 >> User-Agent: Apache-HttpClient/4.5.2 (Java/1.8.0_121)
<2017-09-26 13:04:27> DEBUG [org.apache.http.headers] http-outgoing-4 >> Cookie: JSESSIONID=F6E28E4994D1584E597DBDFCCCB1737E; fast_failed=true; fast_failed=true
<2017-09-26 13:04:27> DEBUG [org.apache.http.headers] http-outgoing-4 >> Accept-Encoding: gzip,deflate
<2017-09-26 13:04:27> DEBUG [org.apache.http.wire] http-outgoing-4 >> "POST /nexperience/perfectomobile/wd/hub/session/0f3f5f1e-acfb-4373-a011-faaf2224e779/element/12/value HTTP/1.1[\r][\n]"
<2017-09-26 13:04:27> DEBUG [org.apache.http.wire] http-outgoing-4 >> "Content-Type: application/json; charset=utf-8[\r][\n]"
<2017-09-26 13:04:27> DEBUG [org.apache.http.wire] http-outgoing-4 >> "Content-Length: 32[\r][\n]"
<2017-09-26 13:04:27> DEBUG [org.apache.http.wire] http-outgoing-4 >> "Host: branchtest.perfectomobile.com[\r][\n]"
<2017-09-26 13:04:27> DEBUG [org.apache.http.wire] http-outgoing-4 >> "Connection: Keep-Alive[\r][\n]"
<2017-09-26 13:04:27> DEBUG [org.apache.http.wire] http-outgoing-4 >> "User-Agent: Apache-HttpClient/4.5.2 (Java/1.8.0_121)[\r][\n]"
<2017-09-26 13:04:27> DEBUG [org.apache.http.wire] http-outgoing-4 >> "Cookie: JSESSIONID=F6E28E4994D1584E597DBDFCCCB1737E; fast_failed=true; fast_failed=true[\r][\n]"
<2017-09-26 13:04:27> DEBUG [org.apache.http.wire] http-outgoing-4 >> "Accept-Encoding: gzip,deflate[\r][\n]"
<2017-09-26 13:04:27> DEBUG [org.apache.http.wire] http-outgoing-4 >> "[\r][\n]"
<2017-09-26 13:04:27> DEBUG [org.apache.http.wire] http-outgoing-4 >> "{"id":"12","value":["Password"]}"
<2017-09-26 13:04:27> DEBUG [o.a.h.c.p.RequestAddCookies] CookieSpec selected: default
<2017-09-26 13:04:27> DEBUG [o.a.h.c.p.RequestAddCookies] Cookie [version: 0][name: JSESSIONID][value: F6E28E4994D1584E597DBDFCCCB1737E][domain: branchtest.perfectomobile.com][path: /nexperience/][expiry: null] match [(secure)branchtest.perfectomobile.com:443/nexperience/perfectomobile/wd/hub/session/58e9750c-b4d6-4ed9-a103-01f993e76832/execute]
<2017-09-26 13:04:27> DEBUG [o.a.h.c.p.RequestAddCookies] Cookie [version: 0][name: fast_failed][value: true][domain: branchtest.perfectomobile.com][path: /nexperience/perfectomobile/wd/hub][expiry: null] match [(secure)branchtest.perfectomobile.com:443/nexperience/perfectomobile/wd/hub/session/58e9750c-b4d6-4ed9-a103-01f993e76832/execute]
<2017-09-26 13:04:27> DEBUG [o.a.h.c.p.RequestAddCookies] Cookie [version: 0][name: fast_failed][value: true][domain: branchtest.perfectomobile.com][path: /nexperience/perfectomobile/wd/hub/session/58e9750c-b4d6-4ed9-a103-01f993e76832][expiry: null] match [(secure)branchtest.perfectomobile.com:443/nexperience/perfectomobile/wd/hub/session/58e9750c-b4d6-4ed9-a103-01f993e76832/execute]
<2017-09-26 13:04:27> DEBUG [o.a.h.c.p.RequestAuthCache] Auth cache not set in the context
<2017-09-26 13:04:27> DEBUG [o.a.h.i.c.PoolingHttpClientConnectionManager] Connection request: [route: {s}->https://branchtest.perfectomobile.com:443][total kept alive: 2; route allocated: 5 of 2000; total allocated: 5 of 2000]
<2017-09-26 13:04:27> DEBUG [org.apache.http.wire] http-outgoing-0 << "[read] I/O error: Read timed out"
<2017-09-26 13:04:27> DEBUG [o.a.h.i.c.PoolingHttpClientConnectionManager] Connection leased: [id: 0][route: {s}->https://branchtest.perfectomobile.com:443][total kept alive: 1; route allocated: 5 of 2000; total allocated: 5 of 2000]
<2017-09-26 13:04:27> DEBUG [o.a.h.i.execchain.MainClientExec] Stale connection check
<2017-09-26 13:04:27> DEBUG [org.apache.http.wire] http-outgoing-0 << "[read] I/O error: Read timed out"
<2017-09-26 13:04:27> DEBUG [o.a.h.i.c.DefaultManagedHttpClientConnection] http-outgoing-0: set socket timeout to 10800000
<2017-09-26 13:04:27> DEBUG [o.a.h.i.execchain.MainClientExec] Executing request POST /nexperience/perfectomobile/wd/hub/session/58e9750c-b4d6-4ed9-a103-01f993e76832/execute HTTP/1.1
<2017-09-26 13:04:27> DEBUG [o.a.h.i.execchain.MainClientExec] Target auth state: UNCHALLENGED
<2017-09-26 13:04:27> DEBUG [o.a.h.i.execchain.MainClientExec] Proxy auth state: UNCHALLENGED
<2017-09-26 13:04:27> DEBUG [org.apache.http.headers] http-outgoing-0 >> POST /nexperience/perfectomobile/wd/hub/session/58e9750c-b4d6-4ed9-a103-01f993e76832/execute HTTP/1.1
<2017-09-26 13:04:27> DEBUG [org.apache.http.headers] http-outgoing-0 >> Content-Type: application/json; charset=utf-8
<2017-09-26 13:04:27> DEBUG [org.apache.http.headers] http-outgoing-0 >> Content-Length: 54
<2017-09-26 13:04:27> DEBUG [org.apache.http.headers] http-outgoing-0 >> Host: branchtest.perfectomobile.com
<2017-09-26 13:04:27> DEBUG [org.apache.http.headers] http-outgoing-0 >> Connection: Keep-Alive
<2017-09-26 13:04:27> DEBUG [org.apache.http.headers] http-outgoing-0 >> User-Agent: Apache-HttpClient/4.5.2 (Java/1.8.0_121)
<2017-09-26 13:04:27> DEBUG [org.apache.http.headers] http-outgoing-0 >> Cookie: JSESSIONID=F6E28E4994D1584E597DBDFCCCB1737E; fast_failed=true; fast_failed=true
<2017-09-26 13:04:27> DEBUG [org.apache.http.headers] http-outgoing-0 >> Accept-Encoding: gzip,deflate
<2017-09-26 13:04:27> DEBUG [org.apache.http.wire] http-outgoing-0 >> "POST /nexperience/perfectomobile/wd/hub/session/58e9750c-b4d6-4ed9-a103-01f993e76832/execute HTTP/1.1[\r][\n]"
<2017-09-26 13:04:27> DEBUG [org.apache.http.wire] http-outgoing-0 >> "Content-Type: application/json; charset=utf-8[\r][\n]"
<2017-09-26 13:04:27> DEBUG [org.apache.http.wire] http-outgoing-0 >> "Content-Length: 54[\r][\n]"
<2017-09-26 13:04:27> DEBUG [org.apache.http.wire] http-outgoing-0 >> "Host: branchtest.perfectomobile.com[\r][\n]"
<2017-09-26 13:04:27> DEBUG [org.apache.http.wire] http-outgoing-0 >> "Connection: Keep-Alive[\r][\n]"
<2017-09-26 13:04:27> DEBUG [org.apache.http.wire] http-outgoing-0 >> "User-Agent: Apache-HttpClient/4.5.2 (Java/1.8.0_121)[\r][\n]"
<2017-09-26 13:04:27> DEBUG [org.apache.http.wire] http-outgoing-0 >> "Cookie: JSESSIONID=F6E28E4994D1584E597DBDFCCCB1737E; fast_failed=true; fast_failed=true[\r][\n]"
<2017-09-26 13:04:27> DEBUG [org.apache.http.wire] http-outgoing-0 >> "Accept-Encoding: gzip,deflate[\r][\n]"
<2017-09-26 13:04:27> DEBUG [org.apache.http.wire] http-outgoing-0 >> "[\r][\n]"
<2017-09-26 13:04:27> DEBUG [org.apache.http.wire] http-outgoing-0 >> "{"script":"mobile:step:end","args":[{"message":null}]}"
<2017-09-26 13:04:27> DEBUG [org.apache.http.wire] http-outgoing-0 << "HTTP/1.1 200 OK[\r][\n]"
<2017-09-26 13:04:27> DEBUG [org.apache.http.wire] http-outgoing-0 << "Server: nginx[\r][\n]"
<2017-09-26 13:04:27> DEBUG [org.apache.http.wire] http-outgoing-0 << "Date: Tue, 26 Sep 2017 10:04:24 GMT[\r][\n]"
<2017-09-26 13:04:27> DEBUG [org.apache.http.wire] http-outgoing-0 << "Content-Type: application/json;charset=utf-8[\r][\n]"
<2017-09-26 13:04:27> DEBUG [org.apache.http.wire] http-outgoing-0 << "Transfer-Encoding: chunked[\r][\n]"
<2017-09-26 13:04:27> DEBUG [org.apache.http.wire] http-outgoing-0 << "Connection: keep-alive[\r][\n]"
<2017-09-26 13:04:27> DEBUG [org.apache.http.wire] http-outgoing-0 << "Set-Cookie: JSESSIONID=F6E28E4994D1584E597DBDFCCCB1737E; Path=/nexperience/; HttpOnly[\r][\n]"
<2017-09-26 13:04:27> DEBUG [org.apache.http.wire] http-outgoing-0 << "Expires: Thu, 01 Jan 1970 00:00:00 GMT[\r][\n]"
<2017-09-26 13:04:27> DEBUG [org.apache.http.wire] http-outgoing-0 << "Cache-Control: no-cache[\r][\n]"
<2017-09-26 13:04:27> DEBUG [org.apache.http.wire] http-outgoing-0 << "Cache-Control: no-cache[\r][\n]"
<2017-09-26 13:04:27> DEBUG [org.apache.http.wire] http-outgoing-0 << "Expires: Thu, 01 Jan 1970 00:00:00 GMT[\r][\n]"
<2017-09-26 13:04:27> DEBUG [org.apache.http.wire] http-outgoing-0 << "Set-Cookie: fast_failed=true[\r][\n]"
<2017-09-26 13:04:27> DEBUG [org.apache.http.wire] http-outgoing-0 << "X-XSS-Protection: 2; mode=block[\r][\n]"
<2017-09-26 13:04:27> DEBUG [org.apache.http.wire] http-outgoing-0 << "Content-Encoding: gzip[\r][\n]"
<2017-09-26 13:04:27> DEBUG [org.apache.http.wire] http-outgoing-0 << "[\r][\n]"
<2017-09-26 13:04:27> DEBUG [org.apache.http.wire] http-outgoing-0 << "96[\r][\n]"
<2017-09-26 13:04:27> DEBUG [org.apache.http.wire] http-outgoing-0 << "[0x1f][0x8b][0x8][0x0][0x0][0x0][0x0][0x0][0x0][0x3]-[0xcc]1[0x12][0xc2] [0x10][0x85][0xe1][0xbb]l[0x1d][0x18]0[0x84]d[0xd3]Z[0xd9]z[0x3][0x84]U3C f[0x83][0x8d][0xe3][0xdd][0xdd][0xc2][0xf6][0x9f][0xef][0xbd][0xf]01/[0xb5]\[0x12][0xcc]0L[0x84][0xe3]`[0xa2][0xba][0xb9][0xe4][0x95][0xa3][0x84]*X[0xd3]+c[0xef][0x88]=[0x8d]~[0xea]O[0xd0][0x1][0x1f][0xe1] [0xe1][0xdc]b[0x94][0xb5][0x94][0xe7][0xb9]&)[0x16]'o[0x1d][0xa2][0xc1][0xe][0xde]!7I[0xa5][0xe5][0xdc]A[0xcc]A[0xdc][0xc]u]]>&#x7f;<![CDATA[[0xe8][0xba]Qy[0x5][0xcd][0x94][0xa9],m[0xd5];[0xad][0xf5] }%[0xde]ja[0xfa][0xff]7[0xe1][0xe6][0xfb][0x3][0xea][0xac]jY[0x9f][0x0][0x0][0x0][\r][\n]"
<2017-09-26 13:04:27> DEBUG [org.apache.http.wire] http-outgoing-0 << "0[\r][\n]"
<2017-09-26 13:04:27> DEBUG [org.apache.http.wire] http-outgoing-0 << "[\r][\n]"
<2017-09-26 13:04:27> DEBUG [org.apache.http.headers] http-outgoing-0 << HTTP/1.1 200 OK
<2017-09-26 13:04:27> DEBUG [org.apache.http.headers] http-outgoing-0 << Server: nginx
<2017-09-26 13:04:27> DEBUG [org.apache.http.headers] http-outgoing-0 << Date: Tue, 26 Sep 2017 10:04:24 GMT
<2017-09-26 13:04:27> DEBUG [org.apache.http.headers] http-outgoing-0 << Content-Type: application/json;charset=utf-8
<2017-09-26 13:04:27> DEBUG [org.apache.http.headers] http-outgoing-0 << Transfer-Encoding: chunked
<2017-09-26 13:04:27> DEBUG [org.apache.http.headers] http-outgoing-0 << Connection: keep-alive
<2017-09-26 13:04:27> DEBUG [org.apache.http.headers] http-outgoing-0 << Set-Cookie: JSESSIONID=F6E28E4994D1584E597DBDFCCCB1737E; Path=/nexperience/; HttpOnly
<2017-09-26 13:04:27> DEBUG [org.apache.http.headers] http-outgoing-0 << Expires: Thu, 01 Jan 1970 00:00:00 GMT
<2017-09-26 13:04:27> DEBUG [org.apache.http.headers] http-outgoing-0 << Cache-Control: no-cache
<2017-09-26 13:04:27> DEBUG [org.apache.http.headers] http-outgoing-0 << Cache-Control: no-cache
<2017-09-26 13:04:27> DEBUG [org.apache.http.headers] http-outgoing-0 << Expires: Thu, 01 Jan 1970 00:00:00 GMT
<2017-09-26 13:04:27> DEBUG [org.apache.http.headers] http-outgoing-0 << Set-Cookie: fast_failed=true
<2017-09-26 13:04:27> DEBUG [org.apache.http.headers] http-outgoing-0 << X-XSS-Protection: 2; mode=block
<2017-09-26 13:04:27> DEBUG [org.apache.http.headers] http-outgoing-0 << Content-Encoding: gzip
<2017-09-26 13:04:27> DEBUG [o.a.h.i.execchain.MainClientExec] Connection can be kept alive indefinitely
<2017-09-26 13:04:27> DEBUG [o.a.h.c.p.ResponseProcessCookies] Cookie accepted [JSESSIONID="F6E28E4994D1584E597DBDFCCCB1737E", version:0, domain:branchtest.perfectomobile.com, path:/nexperience/, expiry:null]
<2017-09-26 13:04:27> DEBUG [o.a.h.c.p.ResponseProcessCookies] Cookie accepted [fast_failed="true", version:0, domain:branchtest.perfectomobile.com, path:/nexperience/perfectomobile/wd/hub/session/58e9750c-b4d6-4ed9-a103-01f993e76832, expiry:null]
<2017-09-26 13:04:27> DEBUG [o.a.h.i.c.PoolingHttpClientConnectionManager] Connection [id: 0][route: {s}->https://branchtest.perfectomobile.com:443] can be kept alive indefinitely
<2017-09-26 13:04:27> DEBUG [o.a.h.i.c.PoolingHttpClientConnectionManager] Connection released: [id: 0][route: {s}->https://branchtest.perfectomobile.com:443][total kept alive: 2; route allocated: 5 of 2000; total allocated: 5 of 2000]
<2017-09-26 13:04:27> DEBUG [o.a.h.c.p.RequestAddCookies] CookieSpec selected: default
<2017-09-26 13:04:27> DEBUG [o.a.h.c.p.RequestAddCookies] Cookie [version: 0][name: JSESSIONID][value: F6E28E4994D1584E597DBDFCCCB1737E][domain: branchtest.perfectomobile.com][path: /nexperience/][expiry: null] match [(secure)branchtest.perfectomobile.com:443/nexperience/perfectomobile/wd/hub/session/58e9750c-b4d6-4ed9-a103-01f993e76832/execute]
<2017-09-26 13:04:27> DEBUG [o.a.h.c.p.RequestAddCookies] Cookie [version: 0][name: fast_failed][value: true][domain: branchtest.perfectomobile.com][path: /nexperience/perfectomobile/wd/hub][expiry: null] match [(secure)branchtest.perfectomobile.com:443/nexperience/perfectomobile/wd/hub/session/58e9750c-b4d6-4ed9-a103-01f993e76832/execute]
<2017-09-26 13:04:27> DEBUG [o.a.h.c.p.RequestAddCookies] Cookie [version: 0][name: fast_failed][value: true][domain: branchtest.perfectomobile.com][path: /nexperience/perfectomobile/wd/hub/session/58e9750c-b4d6-4ed9-a103-01f993e76832][expiry: null] match [(secure)branchtest.perfectomobile.com:443/nexperience/perfectomobile/wd/hub/session/58e9750c-b4d6-4ed9-a103-01f993e76832/execute]
<2017-09-26 13:04:27> DEBUG [o.a.h.c.p.RequestAuthCache] Auth cache not set in the context
<2017-09-26 13:04:27> DEBUG [o.a.h.i.c.PoolingHttpClientConnectionManager] Connection request: [route: {s}->https://branchtest.perfectomobile.com:443][total kept alive: 2; route allocated: 5 of 2000; total allocated: 5 of 2000]
<2017-09-26 13:04:27> DEBUG [o.a.h.i.c.PoolingHttpClientConnectionManager] Connection leased: [id: 0][route: {s}->https://branchtest.perfectomobile.com:443][total kept alive: 1; route allocated: 5 of 2000; total allocated: 5 of 2000]
<2017-09-26 13:04:27> DEBUG [o.a.h.i.execchain.MainClientExec] Stale connection check
<2017-09-26 13:04:27> DEBUG [org.apache.http.wire] http-outgoing-0 << "[read] I/O error: Read timed out"
<2017-09-26 13:04:27> DEBUG [o.a.h.i.c.DefaultManagedHttpClientConnection] http-outgoing-0: set socket timeout to 10800000
<2017-09-26 13:04:27> DEBUG [o.a.h.i.execchain.MainClientExec] Executing request POST /nexperience/perfectomobile/wd/hub/session/58e9750c-b4d6-4ed9-a103-01f993e76832/execute HTTP/1.1
<2017-09-26 13:04:27> DEBUG [o.a.h.i.execchain.MainClientExec] Target auth state: UNCHALLENGED
<2017-09-26 13:04:27> DEBUG [o.a.h.i.execchain.MainClientExec] Proxy auth state: UNCHALLENGED
<2017-09-26 13:04:27> DEBUG [org.apache.http.headers] http-outgoing-0 >> POST /nexperience/perfectomobile/wd/hub/session/58e9750c-b4d6-4ed9-a103-01f993e76832/execute HTTP/1.1
<2017-09-26 13:04:27> DEBUG [org.apache.http.headers] http-outgoing-0 >> Content-Type: application/json; charset=utf-8
<2017-09-26 13:04:27> DEBUG [org.apache.http.headers] http-outgoing-0 >> Content-Length: 68
<2017-09-26 13:04:27> DEBUG [org.apache.http.headers] http-outgoing-0 >> Host: branchtest.perfectomobile.com
<2017-09-26 13:04:27> DEBUG [org.apache.http.headers] http-outgoing-0 >> Connection: Keep-Alive
<2017-09-26 13:04:27> DEBUG [org.apache.http.headers] http-outgoing-0 >> User-Agent: Apache-HttpClient/4.5.2 (Java/1.8.0_121)
<2017-09-26 13:04:27> DEBUG [org.apache.http.headers] http-outgoing-0 >> Cookie: JSESSIONID=F6E28E4994D1584E597DBDFCCCB1737E; fast_failed=true; fast_failed=true
<2017-09-26 13:04:27> DEBUG [org.apache.http.headers] http-outgoing-0 >> Accept-Encoding: gzip,deflate
<2017-09-26 13:04:27> DEBUG [org.apache.http.wire] http-outgoing-0 >> "POST /nexperience/perfectomobile/wd/hub/session/58e9750c-b4d6-4ed9-a103-01f993e76832/execute HTTP/1.1[\r][\n]"
<2017-09-26 13:04:27> DEBUG [org.apache.http.wire] http-outgoing-0 >> "Content-Type: application/json; charset=utf-8[\r][\n]"
<2017-09-26 13:04:27> DEBUG [org.apache.http.wire] http-outgoing-0 >> "Content-Length: 68[\r][\n]"
<2017-09-26 13:04:27> DEBUG [org.apache.http.wire] http-outgoing-0 >> "Host: branchtest.perfectomobile.com[\r][\n]"
<2017-09-26 13:04:27> DEBUG [org.apache.http.wire] http-outgoing-0 >> "Connection: Keep-Alive[\r][\n]"
<2017-09-26 13:04:27> DEBUG [org.apache.http.wire] http-outgoing-0 >> "User-Agent: Apache-HttpClient/4.5.2 (Java/1.8.0_121)[\r][\n]"
<2017-09-26 13:04:27> DEBUG [org.apache.http.wire] http-outgoing-0 >> "Cookie: JSESSIONID=F6E28E4994D1584E597DBDFCCCB1737E; fast_failed=true; fast_failed=true[\r][\n]"
<2017-09-26 13:04:27> DEBUG [org.apache.http.wire] http-outgoing-0 >> "Accept-Encoding: gzip,deflate[\r][\n]"
<2017-09-26 13:04:27> DEBUG [org.apache.http.wire] http-outgoing-0 >> "[\r][\n]"
<2017-09-26 13:04:27> DEBUG [org.apache.http.wire] http-outgoing-0 >> "{"script":"mobile:step:start","args":[{"name":"Test Registration"}]}"
<2017-09-26 13:04:27> DEBUG [org.apache.http.wire] http-outgoing-0 << "HTTP/1.1 200 OK[\r][\n]"
<2017-09-26 13:04:27> DEBUG [org.apache.http.wire] http-outgoing-0 << "Server: nginx[\r][\n]"
<2017-09-26 13:04:27> DEBUG [org.apache.http.wire] http-outgoing-0 << "Date: Tue, 26 Sep 2017 10:04:24 GMT[\r][\n]"
<2017-09-26 13:04:27> DEBUG [org.apache.http.wire] http-outgoing-0 << "Content-Type: application/json;charset=utf-8[\r][\n]"
<2017-09-26 13:04:27> DEBUG [org.apache.http.wire] http-outgoing-0 << "Transfer-Encoding: chunked[\r][\n]"
<2017-09-26 13:04:27> DEBUG [org.apache.http.wire] http-outgoing-0 << "Connection: keep-alive[\r][\n]"
<2017-09-26 13:04:27> DEBUG [org.apache.http.wire] http-outgoing-0 << "Set-Cookie: JSESSIONID=F6E28E4994D1584E597DBDFCCCB1737E; Path=/nexperience/; HttpOnly[\r][\n]"
<2017-09-26 13:04:27> DEBUG [org.apache.http.wire] http-outgoing-0 << "Expires: Thu, 01 Jan 1970 00:00:00 GMT[\r][\n]"
<2017-09-26 13:04:27> DEBUG [org.apache.http.wire] http-outgoing-0 << "Cache-Control: no-cache[\r][\n]"
<2017-09-26 13:04:27> DEBUG [org.apache.http.wire] http-outgoing-0 << "Cache-Control: no-cache[\r][\n]"
<2017-09-26 13:04:27> DEBUG [org.apache.http.wire] http-outgoing-0 << "Expires: Thu, 01 Jan 1970 00:00:00 GMT[\r][\n]"
<2017-09-26 13:04:27> DEBUG [org.apache.http.wire] http-outgoing-0 << "Set-Cookie: fast_failed=true[\r][\n]"
<2017-09-26 13:04:27> DEBUG [org.apache.http.wire] http-outgoing-0 << "X-XSS-Protection: 2; mode=block[\r][\n]"
<2017-09-26 13:04:27> DEBUG [org.apache.http.wire] http-outgoing-0 << "Content-Encoding: gzip[\r][\n]"
<2017-09-26 13:04:27> DEBUG [org.apache.http.wire] http-outgoing-0 << "[\r][\n]"
<2017-09-26 13:04:27> DEBUG [org.apache.http.wire] http-outgoing-0 << "95[\r][\n]"
<2017-09-26 13:04:27> DEBUG [org.apache.http.wire] http-outgoing-0 << "[0x1f][0x8b][0x8][0x0][0x0][0x0][0x0][0x0][0x0][0x3]-[0xcc][0xc1][0xe][0xc2] [0x10][0x4][0xd0]]]>&#x7f;<![CDATA[[0xd9]s!@K[0xb][0xbd]z[0xf2][0xea][0x1f] [0xac][0xda][0x84]B[0xed][0x16]/[0xc6]]]>&#x7f;<![CDATA[wM[0xbc][0xce][0xbc][0x99]7[0x10][0x12]-[0xb5][0x9c][0x13][0xcc]`[0x1d][0xfa][0xc9][0xaa]([0xae]C[0x1a][0xc5][0x80][0xc9][0x8b][0xa0]U/[0x94][0xbe]y[0xdf][0xe3]4[0xba][0xde]@[0x7]t[0x84][0x3][0x99]S[0x8b][0x91][0xd7][0x9c]<N5q[0xa2][0x8d]1V[gU[0x7][0xaf][0x90][0xdb][0xf]q[0x1b]s`5C[0xdd][0xef][0xb2]nX[0x9e]A[0x12]f,K[[0xe5][0x8e]k=P^[0x90][0xb6]Z[0x8][0xff][0xef][0x8d][0xb9][0xfa]|[0x1][0xa9][0x89]g[0xe6][0x9d][0x0][0x0][0x0][\r][\n]"
<2017-09-26 13:04:27> DEBUG [org.apache.http.wire] http-outgoing-0 << "0[\r][\n]"
<2017-09-26 13:04:27> DEBUG [org.apache.http.wire] http-outgoing-0 << "[\r][\n]"
<2017-09-26 13:04:27> DEBUG [org.apache.http.headers] http-outgoing-0 << HTTP/1.1 200 OK
<2017-09-26 13:04:27> DEBUG [org.apache.http.headers] http-outgoing-0 << Server: nginx
<2017-09-26 13:04:27> DEBUG [org.apache.http.headers] http-outgoing-0 << Date: Tue, 26 Sep 2017 10:04:24 GMT
<2017-09-26 13:04:27> DEBUG [org.apache.http.headers] http-outgoing-0 << Content-Type: application/json;charset=utf-8
<2017-09-26 13:04:27> DEBUG [org.apache.http.headers] http-outgoing-0 << Transfer-Encoding: chunked
<2017-09-26 13:04:27> DEBUG [org.apache.http.headers] http-outgoing-0 << Connection: keep-alive
<2017-09-26 13:04:27> DEBUG [org.apache.http.headers] http-outgoing-0 << Set-Cookie: JSESSIONID=F6E28E4994D1584E597DBDFCCCB1737E; Path=/nexperience/; HttpOnly
<2017-09-26 13:04:27> DEBUG [org.apache.http.headers] http-outgoing-0 << Expires: Thu, 01 Jan 1970 00:00:00 GMT
<2017-09-26 13:04:27> DEBUG [org.apache.http.headers] http-outgoing-0 << Cache-Control: no-cache
<2017-09-26 13:04:27> DEBUG [org.apache.http.headers] http-outgoing-0 << Cache-Control: no-cache
<2017-09-26 13:04:27> DEBUG [org.apache.http.headers] http-outgoing-0 << Expires: Thu, 01 Jan 1970 00:00:00 GMT
<2017-09-26 13:04:27> DEBUG [org.apache.http.headers] http-outgoing-0 << Set-Cookie: fast_failed=true
<2017-09-26 13:04:27> DEBUG [org.apache.http.headers] http-outgoing-0 << X-XSS-Protection: 2; mode=block
<2017-09-26 13:04:27> DEBUG [org.apache.http.headers] http-outgoing-0 << Content-Encoding: gzip
<2017-09-26 13:04:27> DEBUG [o.a.h.i.execchain.MainClientExec] Connection can be kept alive indefinitely
<2017-09-26 13:04:27> DEBUG [o.a.h.c.p.ResponseProcessCookies] Cookie accepted [JSESSIONID="F6E28E4994D1584E597DBDFCCCB1737E", version:0, domain:branchtest.perfectomobile.com, path:/nexperience/, expiry:null]
<2017-09-26 13:04:27> DEBUG [o.a.h.c.p.ResponseProcessCookies] Cookie accepted [fast_failed="true", version:0, domain:branchtest.perfectomobile.com, path:/nexperience/perfectomobile/wd/hub/session/58e9750c-b4d6-4ed9-a103-01f993e76832, expiry:null]
<2017-09-26 13:04:27> DEBUG [o.a.h.i.c.PoolingHttpClientConnectionManager] Connection [id: 0][route: {s}->https://branchtest.perfectomobile.com:443] can be kept alive indefinitely
<2017-09-26 13:04:27> DEBUG [o.a.h.i.c.PoolingHttpClientConnectionManager] Connection released: [id: 0][route: {s}->https://branchtest.perfectomobile.com:443][total kept alive: 2; route allocated: 5 of 2000; total allocated: 5 of 2000]
<2017-09-26 13:04:27> DEBUG [o.a.h.c.p.RequestAddCookies] CookieSpec selected: default
<2017-09-26 13:04:27> DEBUG [o.a.h.c.p.RequestAddCookies] Cookie [version: 0][name: JSESSIONID][value: F6E28E4994D1584E597DBDFCCCB1737E][domain: branchtest.perfectomobile.com][path: /nexperience/][expiry: null] match [(secure)branchtest.perfectomobile.com:443/nexperience/perfectomobile/wd/hub/session/58e9750c-b4d6-4ed9-a103-01f993e76832/element]
<2017-09-26 13:04:27> DEBUG [o.a.h.c.p.RequestAddCookies] Cookie [version: 0][name: fast_failed][value: true][domain: branchtest.perfectomobile.com][path: /nexperience/perfectomobile/wd/hub][expiry: null] match [(secure)branchtest.perfectomobile.com:443/nexperience/perfectomobile/wd/hub/session/58e9750c-b4d6-4ed9-a103-01f993e76832/element]
<2017-09-26 13:04:27> DEBUG [o.a.h.c.p.RequestAddCookies] Cookie [version: 0][name: fast_failed][value: true][domain: branchtest.perfectomobile.com][path: /nexperience/perfectomobile/wd/hub/session/58e9750c-b4d6-4ed9-a103-01f993e76832][expiry: null] match [(secure)branchtest.perfectomobile.com:443/nexperience/perfectomobile/wd/hub/session/58e9750c-b4d6-4ed9-a103-01f993e76832/element]
<2017-09-26 13:04:27> DEBUG [o.a.h.c.p.RequestAuthCache] Auth cache not set in the context
<2017-09-26 13:04:27> DEBUG [o.a.h.i.c.PoolingHttpClientConnectionManager] Connection request: [route: {s}->https://branchtest.perfectomobile.com:443][total kept alive: 2; route allocated: 5 of 2000; total allocated: 5 of 2000]
<2017-09-26 13:04:27> DEBUG [o.a.h.i.c.PoolingHttpClientConnectionManager] Connection leased: [id: 0][route: {s}->https://branchtest.perfectomobile.com:443][total kept alive: 1; route allocated: 5 of 2000; total allocated: 5 of 2000]
<2017-09-26 13:04:27> DEBUG [o.a.h.i.execchain.MainClientExec] Stale connection check
<2017-09-26 13:04:27> DEBUG [org.apache.http.wire] http-outgoing-0 << "[read] I/O error: Read timed out"
<2017-09-26 13:04:27> DEBUG [o.a.h.i.c.DefaultManagedHttpClientConnection] http-outgoing-0: set socket timeout to 10800000
<2017-09-26 13:04:27> DEBUG [o.a.h.i.execchain.MainClientExec] Executing request POST /nexperience/perfectomobile/wd/hub/session/58e9750c-b4d6-4ed9-a103-01f993e76832/element HTTP/1.1
<2017-09-26 13:04:27> DEBUG [o.a.h.i.execchain.MainClientExec] Target auth state: UNCHALLENGED
<2017-09-26 13:04:27> DEBUG [o.a.h.i.execchain.MainClientExec] Proxy auth state: UNCHALLENGED
<2017-09-26 13:04:27> DEBUG [org.apache.http.headers] http-outgoing-0 >> POST /nexperience/perfectomobile/wd/hub/session/58e9750c-b4d6-4ed9-a103-01f993e76832/element HTTP/1.1
<2017-09-26 13:04:27> DEBUG [org.apache.http.headers] http-outgoing-0 >> Content-Type: application/json; charset=utf-8
<2017-09-26 13:04:27> DEBUG [org.apache.http.headers] http-outgoing-0 >> Content-Length: 77
<2017-09-26 13:04:27> DEBUG [org.apache.http.headers] http-outgoing-0 >> Host: branchtest.perfectomobile.com
<2017-09-26 13:04:27> DEBUG [org.apache.http.headers] http-outgoing-0 >> Connection: Keep-Alive
<2017-09-26 13:04:27> DEBUG [org.apache.http.headers] http-outgoing-0 >> User-Agent: Apache-HttpClient/4.5.2 (Java/1.8.0_121)
<2017-09-26 13:04:27> DEBUG [org.apache.http.headers] http-outgoing-0 >> Cookie: JSESSIONID=F6E28E4994D1584E597DBDFCCCB1737E; fast_failed=true; fast_failed=true
<2017-09-26 13:04:27> DEBUG [org.apache.http.headers] http-outgoing-0 >> Accept-Encoding: gzip,deflate
<2017-09-26 13:04:27> DEBUG [org.apache.http.wire] http-outgoing-0 >> "POST /nexperience/perfectomobile/wd/hub/session/58e9750c-b4d6-4ed9-a103-01f993e76832/element HTTP/1.1[\r][\n]"
<2017-09-26 13:04:27> DEBUG [org.apache.http.wire] http-outgoing-0 >> "Content-Type: application/json; charset=utf-8[\r][\n]"
<2017-09-26 13:04:27> DEBUG [org.apache.http.wire] http-outgoing-0 >> "Content-Length: 77[\r][\n]"
<2017-09-26 13:04:27> DEBUG [org.apache.http.wire] http-outgoing-0 >> "Host: branchtest.perfectomobile.com[\r][\n]"
<2017-09-26 13:04:27> DEBUG [org.apache.http.wire] http-outgoing-0 >> "Connection: Keep-Alive[\r][\n]"
<2017-09-26 13:04:27> DEBUG [org.apache.http.wire] http-outgoing-0 >> "User-Agent: Apache-HttpClient/4.5.2 (Java/1.8.0_121)[\r][\n]"
<2017-09-26 13:04:27> DEBUG [org.apache.http.wire] http-outgoing-0 >> "Cookie: JSESSIONID=F6E28E4994D1584E597DBDFCCCB1737E; fast_failed=true; fast_failed=true[\r][\n]"
<2017-09-26 13:04:27> DEBUG [org.apache.http.wire] http-outgoing-0 >> "Accept-Encoding: gzip,deflate[\r][\n]"
<2017-09-26 13:04:27> DEBUG [org.apache.http.wire] http-outgoing-0 >> "[\r][\n]"
<2017-09-26 13:04:27> DEBUG [org.apache.http.wire] http-outgoing-0 >> "{"using":"xpath","value":"//*[@id=\"register_form\"]/fieldset[1]/p[1]/input"}"
<2017-09-26 13:04:28> DEBUG [org.apache.http.wire] http-outgoing-4 << "HTTP/1.1 200 OK[\r][\n]"
<2017-09-26 13:04:28> DEBUG [org.apache.http.wire] http-outgoing-4 << "Server: nginx[\r][\n]"
<2017-09-26 13:04:28> DEBUG [org.apache.http.wire] http-outgoing-4 << "Date: Tue, 26 Sep 2017 10:04:24 GMT[\r][\n]"
<2017-09-26 13:04:28> DEBUG [org.apache.http.wire] http-outgoing-4 << "Content-Type: application/json;charset=utf-8[\r][\n]"
<2017-09-26 13:04:28> DEBUG [org.apache.http.wire] http-outgoing-4 << "Transfer-Encoding: chunked[\r][\n]"
<2017-09-26 13:04:28> DEBUG [org.apache.http.wire] http-outgoing-4 << "Connection: keep-alive[\r][\n]"
<2017-09-26 13:04:28> DEBUG [org.apache.http.wire] http-outgoing-4 << "Set-Cookie: JSESSIONID=F6E28E4994D1584E597DBDFCCCB1737E; Path=/nexperience/; HttpOnly[\r][\n]"
<2017-09-26 13:04:28> DEBUG [org.apache.http.wire] http-outgoing-4 << "Expires: Thu, 01 Jan 1970 00:00:00 GMT[\r][\n]"
<2017-09-26 13:04:28> DEBUG [org.apache.http.wire] http-outgoing-4 << "Cache-Control: no-cache[\r][\n]"
<2017-09-26 13:04:28> DEBUG [org.apache.http.wire] http-outgoing-4 << "Cache-Control: no-cache[\r][\n]"
<2017-09-26 13:04:28> DEBUG [org.apache.http.wire] http-outgoing-4 << "Expires: Thu, 01 Jan 1970 00:00:00 GMT[\r][\n]"
<2017-09-26 13:04:28> DEBUG [org.apache.http.wire] http-outgoing-4 << "Set-Cookie: fast_failed=true[\r][\n]"
<2017-09-26 13:04:28> DEBUG [org.apache.http.wire] http-outgoing-4 << "X-XSS-Protection: 2; mode=block[\r][\n]"
<2017-09-26 13:04:28> DEBUG [org.apache.http.wire] http-outgoing-4 << "Content-Encoding: gzip[\r][\n]"
<2017-09-26 13:04:28> DEBUG [org.apache.http.wire] http-outgoing-4 << "[\r][\n]"
<2017-09-26 13:04:28> DEBUG [org.apache.http.wire] http-outgoing-4 << "96[\r][\n]"
<2017-09-26 13:04:28> DEBUG [org.apache.http.wire] http-outgoing-4 << "[0x1f][0x8b][0x8][0x0][0x0][0x0][0x0][0x0][0x0][0x3]-[0xcc][0xbb][0x12][0x82]0[0x10][0x85][0xe1]w[0xd9][0x9a]dr[0x1]3[0xd0]Z[0xd9][0xfa][0x6]k[0xd8](3![0x1][0x96][0xd8]8[0xbe][0xbb][[0xd8][0xfe][0xf3][0x9d][0xf3][0x1]&[0xe6][0xa5][0x96][0xdb][0xc][0x13][0x98][0xe4][0xd3][0x90],)[0x8c][0xe9][0xa1]z[0x1f][0xbc]Bc[0xad]J[0x88][0xc9]9[0xd7]S[0x8]#t[0xc0]'[0x9e]$[0x9c][[0x8c][0xb2][0x96][0xf2][0xba][0xd6]Y[0x8a]5.[0xf8][0xcb][0xd0][0x8f]C[0x7]o[0xcc]MRi9w[0x10]3[0x8a][0x9b][0xa0][0x1e]O]7*;j[0xa6]Lei[0xab]>h[0xad]'[0xe9];[0xf1]V[0xb][0xd3][0xff][0xbf][0x9]7[0xdf][0x1f][0xb7]8[0xc5]G[0x9f][0x0][0x0][0x0][\r][\n]"
<2017-09-26 13:04:28> DEBUG [org.apache.http.wire] http-outgoing-4 << "0[\r][\n]"
<2017-09-26 13:04:28> DEBUG [org.apache.http.wire] http-outgoing-4 << "[\r][\n]"
<2017-09-26 13:04:28> DEBUG [org.apache.http.headers] http-outgoing-4 << HTTP/1.1 200 OK
<2017-09-26 13:04:28> DEBUG [org.apache.http.headers] http-outgoing-4 << Server: nginx
<2017-09-26 13:04:28> DEBUG [org.apache.http.headers] http-outgoing-4 << Date: Tue, 26 Sep 2017 10:04:24 GMT
<2017-09-26 13:04:28> DEBUG [org.apache.http.headers] http-outgoing-4 << Content-Type: application/json;charset=utf-8
<2017-09-26 13:04:28> DEBUG [org.apache.http.headers] http-outgoing-4 << Transfer-Encoding: chunked
<2017-09-26 13:04:28> DEBUG [org.apache.http.headers] http-outgoing-4 << Connection: keep-alive
<2017-09-26 13:04:28> DEBUG [org.apache.http.headers] http-outgoing-4 << Set-Cookie: JSESSIONID=F6E28E4994D1584E597DBDFCCCB1737E; Path=/nexperience/; HttpOnly
<2017-09-26 13:04:28> DEBUG [org.apache.http.headers] http-outgoing-4 << Expires: Thu, 01 Jan 1970 00:00:00 GMT
<2017-09-26 13:04:28> DEBUG [org.apache.http.headers] http-outgoing-4 << Cache-Control: no-cache
<2017-09-26 13:04:28> DEBUG [org.apache.http.headers] http-outgoing-4 << Cache-Control: no-cache
<2017-09-26 13:04:28> DEBUG [org.apache.http.headers] http-outgoing-4 << Expires: Thu, 01 Jan 1970 00:00:00 GMT
<2017-09-26 13:04:28> DEBUG [org.apache.http.headers] http-outgoing-4 << Set-Cookie: fast_failed=true
<2017-09-26 13:04:28> DEBUG [org.apache.http.headers] http-outgoing-4 << X-XSS-Protection: 2; mode=block
<2017-09-26 13:04:28> DEBUG [org.apache.http.headers] http-outgoing-4 << Content-Encoding: gzip
<2017-09-26 13:04:28> DEBUG [o.a.h.i.execchain.MainClientExec] Connection can be kept alive indefinitely
<2017-09-26 13:04:28> DEBUG [o.a.h.c.p.ResponseProcessCookies] Cookie accepted [JSESSIONID="F6E28E4994D1584E597DBDFCCCB1737E", version:0, domain:branchtest.perfectomobile.com, path:/nexperience/, expiry:null]
<2017-09-26 13:04:28> DEBUG [o.a.h.c.p.ResponseProcessCookies] Cookie accepted [fast_failed="true", version:0, domain:branchtest.perfectomobile.com, path:/nexperience/perfectomobile/wd/hub/session/0f3f5f1e-acfb-4373-a011-faaf2224e779/element/12, expiry:null]
<2017-09-26 13:04:28> DEBUG [o.a.h.i.c.PoolingHttpClientConnectionManager] Connection [id: 4][route: {s}->https://branchtest.perfectomobile.com:443] can be kept alive indefinitely
<2017-09-26 13:04:28> DEBUG [o.a.h.i.c.PoolingHttpClientConnectionManager] Connection released: [id: 4][route: {s}->https://branchtest.perfectomobile.com:443][total kept alive: 2; route allocated: 5 of 2000; total allocated: 5 of 2000]
<2017-09-26 13:04:28> DEBUG [o.a.h.c.p.RequestAddCookies] CookieSpec selected: default
<2017-09-26 13:04:28> DEBUG [o.a.h.c.p.RequestAddCookies] Cookie [version: 0][name: JSESSIONID][value: F6E28E4994D1584E597DBDFCCCB1737E][domain: branchtest.perfectomobile.com][path: /nexperience/][expiry: null] match [(secure)branchtest.perfectomobile.com:443/nexperience/perfectomobile/wd/hub/session/0f3f5f1e-acfb-4373-a011-faaf2224e779/element]
<2017-09-26 13:04:28> DEBUG [o.a.h.c.p.RequestAddCookies] Cookie [version: 0][name: fast_failed][value: true][domain: branchtest.perfectomobile.com][path: /nexperience/perfectomobile/wd/hub][expiry: null] match [(secure)branchtest.perfectomobile.com:443/nexperience/perfectomobile/wd/hub/session/0f3f5f1e-acfb-4373-a011-faaf2224e779/element]
<2017-09-26 13:04:28> DEBUG [o.a.h.c.p.RequestAddCookies] Cookie [version: 0][name: fast_failed][value: true][domain: branchtest.perfectomobile.com][path: /nexperience/perfectomobile/wd/hub/session/0f3f5f1e-acfb-4373-a011-faaf2224e779][expiry: null] match [(secure)branchtest.perfectomobile.com:443/nexperience/perfectomobile/wd/hub/session/0f3f5f1e-acfb-4373-a011-faaf2224e779/element]
<2017-09-26 13:04:28> DEBUG [o.a.h.c.p.RequestAuthCache] Auth cache not set in the context
<2017-09-26 13:04:28> DEBUG [o.a.h.i.c.PoolingHttpClientConnectionManager] Connection request: [route: {s}->https://branchtest.perfectomobile.com:443][total kept alive: 2; route allocated: 5 of 2000; total allocated: 5 of 2000]
<2017-09-26 13:04:28> DEBUG [o.a.h.i.c.PoolingHttpClientConnectionManager] Connection leased: [id: 4][route: {s}->https://branchtest.perfectomobile.com:443][total kept alive: 1; route allocated: 5 of 2000; total allocated: 5 of 2000]
<2017-09-26 13:04:28> DEBUG [o.a.h.i.execchain.MainClientExec] Stale connection check
<2017-09-26 13:04:28> DEBUG [org.apache.http.wire] http-outgoing-4 << "[read] I/O error: Read timed out"
<2017-09-26 13:04:28> DEBUG [o.a.h.i.c.DefaultManagedHttpClientConnection] http-outgoing-4: set socket timeout to 10800000
<2017-09-26 13:04:28> DEBUG [o.a.h.i.execchain.MainClientExec] Executing request POST /nexperience/perfectomobile/wd/hub/session/0f3f5f1e-acfb-4373-a011-faaf2224e779/element HTTP/1.1
<2017-09-26 13:04:28> DEBUG [o.a.h.i.execchain.MainClientExec] Target auth state: UNCHALLENGED
<2017-09-26 13:04:28> DEBUG [o.a.h.i.execchain.MainClientExec] Proxy auth state: UNCHALLENGED
<2017-09-26 13:04:28> DEBUG [org.apache.http.headers] http-outgoing-4 >> POST /nexperience/perfectomobile/wd/hub/session/0f3f5f1e-acfb-4373-a011-faaf2224e779/element HTTP/1.1
<2017-09-26 13:04:28> DEBUG [org.apache.http.headers] http-outgoing-4 >> Content-Type: application/json; charset=utf-8
<2017-09-26 13:04:28> DEBUG [org.apache.http.headers] http-outgoing-4 >> Content-Length: 73
<2017-09-26 13:04:28> DEBUG [org.apache.http.headers] http-outgoing-4 >> Host: branchtest.perfectomobile.com
<2017-09-26 13:04:28> DEBUG [org.apache.http.headers] http-outgoing-4 >> Connection: Keep-Alive
<2017-09-26 13:04:28> DEBUG [org.apache.http.headers] http-outgoing-4 >> User-Agent: Apache-HttpClient/4.5.2 (Java/1.8.0_121)
<2017-09-26 13:04:28> DEBUG [org.apache.http.headers] http-outgoing-4 >> Cookie: JSESSIONID=F6E28E4994D1584E597DBDFCCCB1737E; fast_failed=true; fast_failed=true
<2017-09-26 13:04:28> DEBUG [org.apache.http.headers] http-outgoing-4 >> Accept-Encoding: gzip,deflate
<2017-09-26 13:04:28> DEBUG [org.apache.http.wire] http-outgoing-4 >> "POST /nexperience/perfectomobile/wd/hub/session/0f3f5f1e-acfb-4373-a011-faaf2224e779/element HTTP/1.1[\r][\n]"
<2017-09-26 13:04:28> DEBUG [org.apache.http.wire] http-outgoing-4 >> "Content-Type: application/json; charset=utf-8[\r][\n]"
<2017-09-26 13:04:28> DEBUG [org.apache.http.wire] http-outgoing-4 >> "Content-Length: 73[\r][\n]"
<2017-09-26 13:04:28> DEBUG [org.apache.http.wire] http-outgoing-4 >> "Host: branchtest.perfectomobile.com[\r][\n]"
<2017-09-26 13:04:28> DEBUG [org.apache.http.wire] http-outgoing-4 >> "Connection: Keep-Alive[\r][\n]"
<2017-09-26 13:04:28> DEBUG [org.apache.http.wire] http-outgoing-4 >> "User-Agent: Apache-HttpClient/4.5.2 (Java/1.8.0_121)[\r][\n]"
<2017-09-26 13:04:28> DEBUG [org.apache.http.wire] http-outgoing-4 >> "Cookie: JSESSIONID=F6E28E4994D1584E597DBDFCCCB1737E; fast_failed=true; fast_failed=true[\r][\n]"
<2017-09-26 13:04:28> DEBUG [org.apache.http.wire] http-outgoing-4 >> "Accept-Encoding: gzip,deflate[\r][\n]"
<2017-09-26 13:04:28> DEBUG [org.apache.http.wire] http-outgoing-4 >> "[\r][\n]"
<2017-09-26 13:04:28> DEBUG [org.apache.http.wire] http-outgoing-4 >> "{"using":"xpath","value":"//*[@id=\"register_form\"]/fieldset[12]/input"}"
<2017-09-26 13:04:28> DEBUG [org.apache.http.wire] http-outgoing-0 << "HTTP/1.1 200 OK[\r][\n]"
<2017-09-26 13:04:28> DEBUG [org.apache.http.wire] http-outgoing-0 << "Server: nginx[\r][\n]"
<2017-09-26 13:04:28> DEBUG [org.apache.http.wire] http-outgoing-0 << "Date: Tue, 26 Sep 2017 10:04:24 GMT[\r][\n]"
<2017-09-26 13:04:28> DEBUG [org.apache.http.wire] http-outgoing-0 << "Content-Type: application/json;charset=utf-8[\r][\n]"
<2017-09-26 13:04:28> DEBUG [org.apache.http.wire] http-outgoing-0 << "Transfer-Encoding: chunked[\r][\n]"
<2017-09-26 13:04:28> DEBUG [org.apache.http.wire] http-outgoing-0 << "Connection: keep-alive[\r][\n]"
<2017-09-26 13:04:28> DEBUG [org.apache.http.wire] http-outgoing-0 << "Set-Cookie: JSESSIONID=F6E28E4994D1584E597DBDFCCCB1737E; Path=/nexperience/; HttpOnly[\r][\n]"
<2017-09-26 13:04:28> DEBUG [org.apache.http.wire] http-outgoing-0 << "Expires: Thu, 01 Jan 1970 00:00:00 GMT[\r][\n]"
<2017-09-26 13:04:28> DEBUG [org.apache.http.wire] http-outgoing-0 << "Cache-Control: no-cache[\r][\n]"
<2017-09-26 13:04:28> DEBUG [org.apache.http.wire] http-outgoing-0 << "Cache-Control: no-cache[\r][\n]"
<2017-09-26 13:04:28> DEBUG [org.apache.http.wire] http-outgoing-0 << "Expires: Thu, 01 Jan 1970 00:00:00 GMT[\r][\n]"
<2017-09-26 13:04:28> DEBUG [org.apache.http.wire] http-outgoing-0 << "Set-Cookie: fast_failed=true[\r][\n]"
<2017-09-26 13:04:28> DEBUG [org.apache.http.wire] http-outgoing-0 << "X-XSS-Protection: 2; mode=block[\r][\n]"
<2017-09-26 13:04:28> DEBUG [org.apache.http.wire] http-outgoing-0 << "Content-Encoding: gzip[\r][\n]"
<2017-09-26 13:04:28> DEBUG [org.apache.http.wire] http-outgoing-0 << "[\r][\n]"
<2017-09-26 13:04:28> DEBUG [org.apache.http.wire] http-outgoing-0 << "a1[\r][\n]"
<2017-09-26 13:04:28> DEBUG [org.apache.http.wire] http-outgoing-0 << "[0x1f][0x8b][0x8][0x0][0x0][0x0][0x0][0x0][0x0][0x3]-[0x8d]A[0xe][0x82]0[0x10][0x0][0xff][0xb2]ghZJ[0x81]z5[0x1c]L[0xd4][0x83][0xf1][0x3][0xb5]][0x95][0x4]Zd[0xa9][0x17][0xc2][0xdf][0xdd][0x83][0xd7][0xc9]Lf[0x3]B[0xa2]![0xc5]S[0x80][0x3][0x98][0xe]mk[0xa4]/[0x1f]uh[0xca][0x1a][0x83]-[0x9d][0x92][0xba][0x94][0xea]i[0xad][0xc6][0xb6][0xe9]t[0x5][0x5][0xd0][0xea]Vd[0x9d][0xb2][0xf7]\3y[0x1f]S`[0xa2][0xba][0xc6][0x98][0xca]Z[0xa5][0xb][0xf8][0xba]13[0xda][0xa0]?[0xf7][0x97][0xfe]zg[0xbf][0x86][0xbd][0x0]?:N[0xe][0x90][0x96][0x97]H3[0xc6][0x8f][0x13][0x84]#[0xc6]!Ob[0xc1])[0xad](nHs[0x8a][0x84][0xff]Uf][0xee]?[0xe0]m[0xb5][0x9e][0xaa][0x0][0x0][0x0][\r][\n]"
<2017-09-26 13:04:28> DEBUG [org.apache.http.wire] http-outgoing-0 << "0[\r][\n]"
<2017-09-26 13:04:28> DEBUG [org.apache.http.wire] http-outgoing-0 << "[\r][\n]"
<2017-09-26 13:04:28> DEBUG [org.apache.http.headers] http-outgoing-0 << HTTP/1.1 200 OK
<2017-09-26 13:04:28> DEBUG [org.apache.http.headers] http-outgoing-0 << Server: nginx
<2017-09-26 13:04:28> DEBUG [org.apache.http.headers] http-outgoing-0 << Date: Tue, 26 Sep 2017 10:04:24 GMT
<2017-09-26 13:04:28> DEBUG [org.apache.http.headers] http-outgoing-0 << Content-Type: application/json;charset=utf-8
<2017-09-26 13:04:28> DEBUG [org.apache.http.headers] http-outgoing-0 << Transfer-Encoding: chunked
<2017-09-26 13:04:28> DEBUG [org.apache.http.headers] http-outgoing-0 << Connection: keep-alive
<2017-09-26 13:04:28> DEBUG [org.apache.http.headers] http-outgoing-0 << Set-Cookie: JSESSIONID=F6E28E4994D1584E597DBDFCCCB1737E; Path=/nexperience/; HttpOnly
<2017-09-26 13:04:28> DEBUG [org.apache.http.headers] http-outgoing-0 << Expires: Thu, 01 Jan 1970 00:00:00 GMT
<2017-09-26 13:04:28> DEBUG [org.apache.http.headers] http-outgoing-0 << Cache-Control: no-cache
<2017-09-26 13:04:28> DEBUG [org.apache.http.headers] http-outgoing-0 << Cache-Control: no-cache
<2017-09-26 13:04:28> DEBUG [org.apache.http.headers] http-outgoing-0 << Expires: Thu, 01 Jan 1970 00:00:00 GMT
<2017-09-26 13:04:28> DEBUG [org.apache.http.headers] http-outgoing-0 << Set-Cookie: fast_failed=true
<2017-09-26 13:04:28> DEBUG [org.apache.http.headers] http-outgoing-0 << X-XSS-Protection: 2; mode=block
<2017-09-26 13:04:28> DEBUG [org.apache.http.headers] http-outgoing-0 << Content-Encoding: gzip
<2017-09-26 13:04:28> DEBUG [o.a.h.i.execchain.MainClientExec] Connection can be kept alive indefinitely
<2017-09-26 13:04:28> DEBUG [o.a.h.c.p.ResponseProcessCookies] Cookie accepted [JSESSIONID="F6E28E4994D1584E597DBDFCCCB1737E", version:0, domain:branchtest.perfectomobile.com, path:/nexperience/, expiry:null]
<2017-09-26 13:04:28> DEBUG [o.a.h.c.p.ResponseProcessCookies] Cookie accepted [fast_failed="true", version:0, domain:branchtest.perfectomobile.com, path:/nexperience/perfectomobile/wd/hub/session/58e9750c-b4d6-4ed9-a103-01f993e76832, expiry:null]
<2017-09-26 13:04:28> DEBUG [o.a.h.i.c.PoolingHttpClientConnectionManager] Connection [id: 0][route: {s}->https://branchtest.perfectomobile.com:443] can be kept alive indefinitely
<2017-09-26 13:04:28> DEBUG [o.a.h.i.c.PoolingHttpClientConnectionManager] Connection released: [id: 0][route: {s}->https://branchtest.perfectomobile.com:443][total kept alive: 2; route allocated: 5 of 2000; total allocated: 5 of 2000]
<2017-09-26 13:04:28> DEBUG [o.a.h.c.p.RequestAddCookies] CookieSpec selected: default
<2017-09-26 13:04:28> DEBUG [o.a.h.c.p.RequestAddCookies] Cookie [version: 0][name: JSESSIONID][value: F6E28E4994D1584E597DBDFCCCB1737E][domain: branchtest.perfectomobile.com][path: /nexperience/][expiry: null] match [(secure)branchtest.perfectomobile.com:443/nexperience/perfectomobile/wd/hub/session/58e9750c-b4d6-4ed9-a103-01f993e76832/element/4/value]
<2017-09-26 13:04:28> DEBUG [o.a.h.c.p.RequestAddCookies] Cookie [version: 0][name: fast_failed][value: true][domain: branchtest.perfectomobile.com][path: /nexperience/perfectomobile/wd/hub][expiry: null] match [(secure)branchtest.perfectomobile.com:443/nexperience/perfectomobile/wd/hub/session/58e9750c-b4d6-4ed9-a103-01f993e76832/element/4/value]
<2017-09-26 13:04:28> DEBUG [o.a.h.c.p.RequestAddCookies] Cookie [version: 0][name: fast_failed][value: true][domain: branchtest.perfectomobile.com][path: /nexperience/perfectomobile/wd/hub/session/58e9750c-b4d6-4ed9-a103-01f993e76832][expiry: null] match [(secure)branchtest.perfectomobile.com:443/nexperience/perfectomobile/wd/hub/session/58e9750c-b4d6-4ed9-a103-01f993e76832/element/4/value]
<2017-09-26 13:04:28> DEBUG [o.a.h.c.p.RequestAuthCache] Auth cache not set in the context
<2017-09-26 13:04:28> DEBUG [o.a.h.i.c.PoolingHttpClientConnectionManager] Connection request: [route: {s}->https://branchtest.perfectomobile.com:443][total kept alive: 2; route allocated: 5 of 2000; total allocated: 5 of 2000]
<2017-09-26 13:04:28> DEBUG [o.a.h.i.c.PoolingHttpClientConnectionManager] Connection leased: [id: 0][route: {s}->https://branchtest.perfectomobile.com:443][total kept alive: 1; route allocated: 5 of 2000; total allocated: 5 of 2000]
<2017-09-26 13:04:28> DEBUG [o.a.h.i.execchain.MainClientExec] Stale connection check
<2017-09-26 13:04:28> DEBUG [org.apache.http.wire] http-outgoing-0 << "[read] I/O error: Read timed out"
<2017-09-26 13:04:28> DEBUG [o.a.h.i.c.DefaultManagedHttpClientConnection] http-outgoing-0: set socket timeout to 10800000
<2017-09-26 13:04:28> DEBUG [o.a.h.i.execchain.MainClientExec] Executing request POST /nexperience/perfectomobile/wd/hub/session/58e9750c-b4d6-4ed9-a103-01f993e76832/element/4/value HTTP/1.1
<2017-09-26 13:04:28> DEBUG [o.a.h.i.execchain.MainClientExec] Target auth state: UNCHALLENGED
<2017-09-26 13:04:28> DEBUG [o.a.h.i.execchain.MainClientExec] Proxy auth state: UNCHALLENGED
<2017-09-26 13:04:28> DEBUG [org.apache.http.headers] http-outgoing-0 >> POST /nexperience/perfectomobile/wd/hub/session/58e9750c-b4d6-4ed9-a103-01f993e76832/element/4/value HTTP/1.1
<2017-09-26 13:04:28> DEBUG [org.apache.http.headers] http-outgoing-0 >> Content-Type: application/json; charset=utf-8
<2017-09-26 13:04:28> DEBUG [org.apache.http.headers] http-outgoing-0 >> Content-Length: 33
<2017-09-26 13:04:28> DEBUG [org.apache.http.headers] http-outgoing-0 >> Host: branchtest.perfectomobile.com
<2017-09-26 13:04:28> DEBUG [org.apache.http.headers] http-outgoing-0 >> Connection: Keep-Alive
<2017-09-26 13:04:28> DEBUG [org.apache.http.headers] http-outgoing-0 >> User-Agent: Apache-HttpClient/4.5.2 (Java/1.8.0_121)
<2017-09-26 13:04:28> DEBUG [org.apache.http.headers] http-outgoing-0 >> Cookie: JSESSIONID=F6E28E4994D1584E597DBDFCCCB1737E; fast_failed=true; fast_failed=true
<2017-09-26 13:04:28> DEBUG [org.apache.http.headers] http-outgoing-0 >> Accept-Encoding: gzip,deflate
<2017-09-26 13:04:28> DEBUG [org.apache.http.wire] http-outgoing-0 >> "POST /nexperience/perfectomobile/wd/hub/session/58e9750c-b4d6-4ed9-a103-01f993e76832/element/4/value HTTP/1.1[\r][\n]"
<2017-09-26 13:04:28> DEBUG [org.apache.http.wire] http-outgoing-0 >> "Content-Type: application/json; charset=utf-8[\r][\n]"
<2017-09-26 13:04:28> DEBUG [org.apache.http.wire] http-outgoing-0 >> "Content-Length: 33[\r][\n]"
<2017-09-26 13:04:28> DEBUG [org.apache.http.wire] http-outgoing-0 >> "Host: branchtest.perfectomobile.com[\r][\n]"
<2017-09-26 13:04:28> DEBUG [org.apache.http.wire] http-outgoing-0 >> "Connection: Keep-Alive[\r][\n]"
<2017-09-26 13:04:28> DEBUG [org.apache.http.wire] http-outgoing-0 >> "User-Agent: Apache-HttpClient/4.5.2 (Java/1.8.0_121)[\r][\n]"
<2017-09-26 13:04:28> DEBUG [org.apache.http.wire] http-outgoing-0 >> "Cookie: JSESSIONID=F6E28E4994D1584E597DBDFCCCB1737E; fast_failed=true; fast_failed=true[\r][\n]"
<2017-09-26 13:04:28> DEBUG [org.apache.http.wire] http-outgoing-0 >> "Accept-Encoding: gzip,deflate[\r][\n]"
<2017-09-26 13:04:28> DEBUG [org.apache.http.wire] http-outgoing-0 >> "[\r][\n]"
<2017-09-26 13:04:28> DEBUG [org.apache.http.wire] http-outgoing-0 >> "{"id":"4","value":["first name"]}"
<2017-09-26 13:04:28> DEBUG [org.apache.http.wire] http-outgoing-4 << "HTTP/1.1 200 OK[\r][\n]"
<2017-09-26 13:04:28> DEBUG [org.apache.http.wire] http-outgoing-4 << "Server: nginx[\r][\n]"
<2017-09-26 13:04:28> DEBUG [org.apache.http.wire] http-outgoing-4 << "Date: Tue, 26 Sep 2017 10:04:24 GMT[\r][\n]"
<2017-09-26 13:04:28> DEBUG [org.apache.http.wire] http-outgoing-4 << "Content-Type: application/json;charset=utf-8[\r][\n]"
<2017-09-26 13:04:28> DEBUG [org.apache.http.wire] http-outgoing-4 << "Transfer-Encoding: chunked[\r][\n]"
<2017-09-26 13:04:28> DEBUG [org.apache.http.wire] http-outgoing-4 << "Connection: keep-alive[\r][\n]"
<2017-09-26 13:04:28> DEBUG [org.apache.http.wire] http-outgoing-4 << "Set-Cookie: JSESSIONID=F6E28E4994D1584E597DBDFCCCB1737E; Path=/nexperience/; HttpOnly[\r][\n]"
<2017-09-26 13:04:28> DEBUG [org.apache.http.wire] http-outgoing-4 << "Expires: Thu, 01 Jan 1970 00:00:00 GMT[\r][\n]"
<2017-09-26 13:04:28> DEBUG [org.apache.http.wire] http-outgoing-4 << "Cache-Control: no-cache[\r][\n]"
<2017-09-26 13:04:28> DEBUG [org.apache.http.wire] http-outgoing-4 << "Cache-Control: no-cache[\r][\n]"
<2017-09-26 13:04:28> DEBUG [org.apache.http.wire] http-outgoing-4 << "Expires: Thu, 01 Jan 1970 00:00:00 GMT[\r][\n]"
<2017-09-26 13:04:28> DEBUG [org.apache.http.wire] http-outgoing-4 << "Set-Cookie: fast_failed=true[\r][\n]"
<2017-09-26 13:04:28> DEBUG [org.apache.http.wire] http-outgoing-4 << "X-XSS-Protection: 2; mode=block[\r][\n]"
<2017-09-26 13:04:28> DEBUG [org.apache.http.wire] http-outgoing-4 << "Content-Encoding: gzip[\r][\n]"
<2017-09-26 13:04:28> DEBUG [org.apache.http.wire] http-outgoing-4 << "[\r][\n]"
<2017-09-26 13:04:28> DEBUG [org.apache.http.wire] http-outgoing-4 << "a0[\r][\n]"
<2017-09-26 13:04:28> DEBUG [org.apache.http.wire] http-outgoing-4 << "[0x1f][0x8b][0x8][0x0][0x0][0x0][0x0][0x0][0x0][0x3]-[0x8d]A[0xe][0x82]0[0x10][0x0][0xff][0xb2]ghh[0xb]i[0xe0]j8[0x98][0xa8][0x7][0xe3][0x7][0xd6][0xb2]U[0x12]h[0x91][0xa5]^[0x8]]]>&#x7f;<![CDATA[w[0xf]^'3[0x99][0x1d][0x98][0x98][0xc7][0x14][0xcf][0x3]tP[0x5][0x1b][0x9a][0xa0][0xa9]D[0x1f][0x9e]em[0x9d]-[0xb1][0xd2][0xba][0xc][0x88][0xc1][0x18]S[0x93]s-[0x14][0xc0][0x1b]n$:g[0xef][0xa5][0x16][0xf2]>[0xa5]A[0x88][0xb3][0xae]nMct[0x1]_[0x9c][0xb2][0x90][0x1d][0xfa]K]]>&#x7f;<![CDATA[[0xed]o[0xf][0xd1][0xb5][0x85][0xa3][0x0]?[0xa1]$[0x1d][0xa4][0xf5][0xa5][0xd2]B[0xf1][0x83][0x8a]i[0xa2]8[0xe6]Y[0xad]4[0xa7][0x8d][0xd4][0x9d]xI[0x91][0xe9][0xbf][0xca][0xa2]W[0xc7][0xf][0x97][0xdd][0x81][0x99][0xaa][0x0][0x0][0x0][\r][\n]"
<2017-09-26 13:04:28> DEBUG [org.apache.http.wire] http-outgoing-4 << "0[\r][\n]"
<2017-09-26 13:04:28> DEBUG [org.apache.http.wire] http-outgoing-4 << "[\r][\n]"
<2017-09-26 13:04:28> DEBUG [org.apache.http.headers] http-outgoing-4 << HTTP/1.1 200 OK
<2017-09-26 13:04:28> DEBUG [org.apache.http.headers] http-outgoing-4 << Server: nginx
<2017-09-26 13:04:28> DEBUG [org.apache.http.headers] http-outgoing-4 << Date: Tue, 26 Sep 2017 10:04:24 GMT
<2017-09-26 13:04:28> DEBUG [org.apache.http.headers] http-outgoing-4 << Content-Type: application/json;charset=utf-8
<2017-09-26 13:04:28> DEBUG [org.apache.http.headers] http-outgoing-4 << Transfer-Encoding: chunked
<2017-09-26 13:04:28> DEBUG [org.apache.http.headers] http-outgoing-4 << Connection: keep-alive
<2017-09-26 13:04:28> DEBUG [org.apache.http.headers] http-outgoing-4 << Set-Cookie: JSESSIONID=F6E28E4994D1584E597DBDFCCCB1737E; Path=/nexperience/; HttpOnly
<2017-09-26 13:04:28> DEBUG [org.apache.http.headers] http-outgoing-4 << Expires: Thu, 01 Jan 1970 00:00:00 GMT
<2017-09-26 13:04:28> DEBUG [org.apache.http.headers] http-outgoing-4 << Cache-Control: no-cache
<2017-09-26 13:04:28> DEBUG [org.apache.http.headers] http-outgoing-4 << Cache-Control: no-cache
<2017-09-26 13:04:28> DEBUG [org.apache.http.headers] http-outgoing-4 << Expires: Thu, 01 Jan 1970 00:00:00 GMT
<2017-09-26 13:04:28> DEBUG [org.apache.http.headers] http-outgoing-4 << Set-Cookie: fast_failed=true
<2017-09-26 13:04:28> DEBUG [org.apache.http.headers] http-outgoing-4 << X-XSS-Protection: 2; mode=block
<2017-09-26 13:04:28> DEBUG [org.apache.http.headers] http-outgoing-4 << Content-Encoding: gzip
<2017-09-26 13:04:28> DEBUG [o.a.h.i.execchain.MainClientExec] Connection can be kept alive indefinitely
<2017-09-26 13:04:28> DEBUG [o.a.h.c.p.ResponseProcessCookies] Cookie accepted [JSESSIONID="F6E28E4994D1584E597DBDFCCCB1737E", version:0, domain:branchtest.perfectomobile.com, path:/nexperience/, expiry:null]
<2017-09-26 13:04:28> DEBUG [o.a.h.c.p.ResponseProcessCookies] Cookie accepted [fast_failed="true", version:0, domain:branchtest.perfectomobile.com, path:/nexperience/perfectomobile/wd/hub/session/0f3f5f1e-acfb-4373-a011-faaf2224e779, expiry:null]
<2017-09-26 13:04:28> DEBUG [o.a.h.i.c.PoolingHttpClientConnectionManager] Connection [id: 4][route: {s}->https://branchtest.perfectomobile.com:443] can be kept alive indefinitely
<2017-09-26 13:04:28> DEBUG [o.a.h.i.c.PoolingHttpClientConnectionManager] Connection released: [id: 4][route: {s}->https://branchtest.perfectomobile.com:443][total kept alive: 2; route allocated: 5 of 2000; total allocated: 5 of 2000]
<2017-09-26 13:04:28> DEBUG [o.a.h.c.p.RequestAddCookies] CookieSpec selected: default
<2017-09-26 13:04:28> DEBUG [o.a.h.c.p.RequestAddCookies] Cookie [version: 0][name: JSESSIONID][value: F6E28E4994D1584E597DBDFCCCB1737E][domain: branchtest.perfectomobile.com][path: /nexperience/][expiry: null] match [(secure)branchtest.perfectomobile.com:443/nexperience/perfectomobile/wd/hub/session/0f3f5f1e-acfb-4373-a011-faaf2224e779/element/13/value]
<2017-09-26 13:04:28> DEBUG [o.a.h.c.p.RequestAddCookies] Cookie [version: 0][name: fast_failed][value: true][domain: branchtest.perfectomobile.com][path: /nexperience/perfectomobile/wd/hub][expiry: null] match [(secure)branchtest.perfectomobile.com:443/nexperience/perfectomobile/wd/hub/session/0f3f5f1e-acfb-4373-a011-faaf2224e779/element/13/value]
<2017-09-26 13:04:28> DEBUG [o.a.h.c.p.RequestAddCookies] Cookie [version: 0][name: fast_failed][value: true][domain: branchtest.perfectomobile.com][path: /nexperience/perfectomobile/wd/hub/session/0f3f5f1e-acfb-4373-a011-faaf2224e779][expiry: null] match [(secure)branchtest.perfectomobile.com:443/nexperience/perfectomobile/wd/hub/session/0f3f5f1e-acfb-4373-a011-faaf2224e779/element/13/value]
<2017-09-26 13:04:28> DEBUG [o.a.h.c.p.RequestAuthCache] Auth cache not set in the context
<2017-09-26 13:04:28> DEBUG [o.a.h.i.c.PoolingHttpClientConnectionManager] Connection request: [route: {s}->https://branchtest.perfectomobile.com:443][total kept alive: 2; route allocated: 5 of 2000; total allocated: 5 of 2000]
<2017-09-26 13:04:28> DEBUG [o.a.h.i.c.PoolingHttpClientConnectionManager] Connection leased: [id: 4][route: {s}->https://branchtest.perfectomobile.com:443][total kept alive: 1; route allocated: 5 of 2000; total allocated: 5 of 2000]
<2017-09-26 13:04:28> DEBUG [o.a.h.i.execchain.MainClientExec] Stale connection check
<2017-09-26 13:04:28> DEBUG [org.apache.http.wire] http-outgoing-4 << "[read] I/O error: Read timed out"
<2017-09-26 13:04:28> DEBUG [o.a.h.i.c.DefaultManagedHttpClientConnection] http-outgoing-4: set socket timeout to 10800000
<2017-09-26 13:04:28> DEBUG [o.a.h.i.execchain.MainClientExec] Executing request POST /nexperience/perfectomobile/wd/hub/session/0f3f5f1e-acfb-4373-a011-faaf2224e779/element/13/value HTTP/1.1
<2017-09-26 13:04:28> DEBUG [o.a.h.i.execchain.MainClientExec] Target auth state: UNCHALLENGED
<2017-09-26 13:04:28> DEBUG [o.a.h.i.execchain.MainClientExec] Proxy auth state: UNCHALLENGED
<2017-09-26 13:04:28> DEBUG [org.apache.http.headers] http-outgoing-4 >> POST /nexperience/perfectomobile/wd/hub/session/0f3f5f1e-acfb-4373-a011-faaf2224e779/element/13/value HTTP/1.1
<2017-09-26 13:04:28> DEBUG [org.apache.http.headers] http-outgoing-4 >> Content-Type: application/json; charset=utf-8
<2017-09-26 13:04:28> DEBUG [org.apache.http.headers] http-outgoing-4 >> Content-Length: 32
<2017-09-26 13:04:28> DEBUG [org.apache.http.headers] http-outgoing-4 >> Host: branchtest.perfectomobile.com
<2017-09-26 13:04:28> DEBUG [org.apache.http.headers] http-outgoing-4 >> Connection: Keep-Alive
<2017-09-26 13:04:28> DEBUG [org.apache.http.headers] http-outgoing-4 >> User-Agent: Apache-HttpClient/4.5.2 (Java/1.8.0_121)
<2017-09-26 13:04:28> DEBUG [org.apache.http.headers] http-outgoing-4 >> Cookie: JSESSIONID=F6E28E4994D1584E597DBDFCCCB1737E; fast_failed=true; fast_failed=true
<2017-09-26 13:04:28> DEBUG [org.apache.http.headers] http-outgoing-4 >> Accept-Encoding: gzip,deflate
<2017-09-26 13:04:28> DEBUG [org.apache.http.wire] http-outgoing-4 >> "POST /nexperience/perfectomobile/wd/hub/session/0f3f5f1e-acfb-4373-a011-faaf2224e779/element/13/value HTTP/1.1[\r][\n]"
<2017-09-26 13:04:28> DEBUG [org.apache.http.wire] http-outgoing-4 >> "Content-Type: application/json; charset=utf-8[\r][\n]"
<2017-09-26 13:04:28> DEBUG [org.apache.http.wire] http-outgoing-4 >> "Content-Length: 32[\r][\n]"
<2017-09-26 13:04:28> DEBUG [org.apache.http.wire] http-outgoing-4 >> "Host: branchtest.perfectomobile.com[\r][\n]"
<2017-09-26 13:04:28> DEBUG [org.apache.http.wire] http-outgoing-4 >> "Connection: Keep-Alive[\r][\n]"
<2017-09-26 13:04:28> DEBUG [org.apache.http.wire] http-outgoing-4 >> "User-Agent: Apache-HttpClient/4.5.2 (Java/1.8.0_121)[\r][\n]"
<2017-09-26 13:04:28> DEBUG [org.apache.http.wire] http-outgoing-4 >> "Cookie: JSESSIONID=F6E28E4994D1584E597DBDFCCCB1737E; fast_failed=true; fast_failed=true[\r][\n]"
<2017-09-26 13:04:28> DEBUG [org.apache.http.wire] http-outgoing-4 >> "Accept-Encoding: gzip,deflate[\r][\n]"
<2017-09-26 13:04:28> DEBUG [org.apache.http.wire] http-outgoing-4 >> "[\r][\n]"
<2017-09-26 13:04:28> DEBUG [org.apache.http.wire] http-outgoing-4 >> "{"id":"13","value":["Password"]}"
<2017-09-26 13:04:28> DEBUG [org.apache.http.wire] http-outgoing-4 << "HTTP/1.1 200 OK[\r][\n]"
<2017-09-26 13:04:28> DEBUG [org.apache.http.wire] http-outgoing-4 << "Server: nginx[\r][\n]"
<2017-09-26 13:04:28> DEBUG [org.apache.http.wire] http-outgoing-4 << "Date: Tue, 26 Sep 2017 10:04:24 GMT[\r][\n]"
<2017-09-26 13:04:28> DEBUG [org.apache.http.wire] http-outgoing-4 << "Content-Type: application/json;charset=utf-8[\r][\n]"
<2017-09-26 13:04:28> DEBUG [org.apache.http.wire] http-outgoing-4 << "Transfer-Encoding: chunked[\r][\n]"
<2017-09-26 13:04:28> DEBUG [org.apache.http.wire] http-outgoing-4 << "Connection: keep-alive[\r][\n]"
<2017-09-26 13:04:28> DEBUG [org.apache.http.wire] http-outgoing-4 << "Set-Cookie: JSESSIONID=F6E28E4994D1584E597DBDFCCCB1737E; Path=/nexperience/; HttpOnly[\r][\n]"
<2017-09-26 13:04:28> DEBUG [org.apache.http.wire] http-outgoing-4 << "Expires: Thu, 01 Jan 1970 00:00:00 GMT[\r][\n]"
<2017-09-26 13:04:28> DEBUG [org.apache.http.wire] http-outgoing-4 << "Cache-Control: no-cache[\r][\n]"
<2017-09-26 13:04:28> DEBUG [org.apache.http.wire] http-outgoing-4 << "Cache-Control: no-cache[\r][\n]"
<2017-09-26 13:04:28> DEBUG [org.apache.http.wire] http-outgoing-4 << "Expires: Thu, 01 Jan 1970 00:00:00 GMT[\r][\n]"
<2017-09-26 13:04:28> DEBUG [org.apache.http.wire] http-outgoing-4 << "Set-Cookie: fast_failed=true[\r][\n]"
<2017-09-26 13:04:28> DEBUG [org.apache.http.wire] http-outgoing-4 << "X-XSS-Protection: 2; mode=block[\r][\n]"
<2017-09-26 13:04:28> DEBUG [org.apache.http.wire] http-outgoing-4 << "Content-Encoding: gzip[\r][\n]"
<2017-09-26 13:04:28> DEBUG [org.apache.http.wire] http-outgoing-4 << "[\r][\n]"
<2017-09-26 13:04:28> DEBUG [org.apache.http.wire] http-outgoing-4 << "95[\r][\n]"
<2017-09-26 13:04:28> DEBUG [org.apache.http.wire] http-outgoing-4 << "[0x1f][0x8b][0x8][0x0][0x0][0x0][0x0][0x0][0x0][0x3]-[0xcc];[0xe][0xc2]0[0x10]E[0xd1][0xbd]L[0x1d][[0xfe][0x4][0xe5][0xd3]R[0xd1][0xb2][0x83][0xc1][0x19]C$[0xc7]N26[\r]b[0xef]LA{u[0xde][0xfb][0x0][0x13][0xf3]Z[0xf2]m[0x81][0x19]L[0xf4][0xf1][0x12]-)[0xc][0xf1][0xa1]z?x[0x85][0xc6]Z[0x15][0x11][0xa3]s[0xae][0xa7]a[0x98][0xa0][0x3][0xae]XI8[0xb7][0x10]d-[0xe5]u-[0x8b][0x14]7[0x8e][0xbd]5[0x93][0xef][0xe0][0x8d][0xa9]I[0xc8]-[0xa5][0xe]BBQ3[0x94][0xf3][0xa9][0xcb]N[0xf9]@[0xcd][0x94]([0xaf]m[0xd3]'m[0xa5][0x92][0xbe][0x13][0xef]%3[0xfd][0xdf][0x9b]p[0xf3][0xfd][0x1]D([0x3][0x16][0x9d][0x0][0x0][0x0][\r][\n]"
<2017-09-26 13:04:28> DEBUG [org.apache.http.wire] http-outgoing-4 << "0[\r][\n]"
<2017-09-26 13:04:28> DEBUG [org.apache.http.wire] http-outgoing-4 << "[\r][\n]"
<2017-09-26 13:04:28> DEBUG [org.apache.http.headers] http-outgoing-4 << HTTP/1.1 200 OK
<2017-09-26 13:04:28> DEBUG [org.apache.http.headers] http-outgoing-4 << Server: nginx
<2017-09-26 13:04:28> DEBUG [org.apache.http.headers] http-outgoing-4 << Date: Tue, 26 Sep 2017 10:04:24 GMT
<2017-09-26 13:04:28> DEBUG [org.apache.http.headers] http-outgoing-4 << Content-Type: application/json;charset=utf-8
<2017-09-26 13:04:28> DEBUG [org.apache.http.headers] http-outgoing-4 << Transfer-Encoding: chunked
<2017-09-26 13:04:28> DEBUG [org.apache.http.headers] http-outgoing-4 << Connection: keep-alive
<2017-09-26 13:04:28> DEBUG [org.apache.http.headers] http-outgoing-4 << Set-Cookie: JSESSIONID=F6E28E4994D1584E597DBDFCCCB1737E; Path=/nexperience/; HttpOnly
<2017-09-26 13:04:28> DEBUG [org.apache.http.headers] http-outgoing-4 << Expires: Thu, 01 Jan 1970 00:00:00 GMT
<2017-09-26 13:04:28> DEBUG [org.apache.http.headers] http-outgoing-4 << Cache-Control: no-cache
<2017-09-26 13:04:28> DEBUG [org.apache.http.headers] http-outgoing-4 << Cache-Control: no-cache
<2017-09-26 13:04:28> DEBUG [org.apache.http.headers] http-outgoing-4 << Expires: Thu, 01 Jan 1970 00:00:00 GMT
<2017-09-26 13:04:28> DEBUG [org.apache.http.headers] http-outgoing-4 << Set-Cookie: fast_failed=true
<2017-09-26 13:04:28> DEBUG [org.apache.http.headers] http-outgoing-4 << X-XSS-Protection: 2; mode=block
<2017-09-26 13:04:28> DEBUG [org.apache.http.headers] http-outgoing-4 << Content-Encoding: gzip
<2017-09-26 13:04:28> DEBUG [o.a.h.i.execchain.MainClientExec] Connection can be kept alive indefinitely
<2017-09-26 13:04:28> DEBUG [o.a.h.c.p.ResponseProcessCookies] Cookie accepted [JSESSIONID="F6E28E4994D1584E597DBDFCCCB1737E", version:0, domain:branchtest.perfectomobile.com, path:/nexperience/, expiry:null]
<2017-09-26 13:04:28> DEBUG [o.a.h.c.p.ResponseProcessCookies] Cookie accepted [fast_failed="true", version:0, domain:branchtest.perfectomobile.com, path:/nexperience/perfectomobile/wd/hub/session/0f3f5f1e-acfb-4373-a011-faaf2224e779/element/13, expiry:null]
<2017-09-26 13:04:28> DEBUG [o.a.h.i.c.PoolingHttpClientConnectionManager] Connection [id: 4][route: {s}->https://branchtest.perfectomobile.com:443] can be kept alive indefinitely
<2017-09-26 13:04:28> DEBUG [o.a.h.i.c.PoolingHttpClientConnectionManager] Connection released: [id: 4][route: {s}->https://branchtest.perfectomobile.com:443][total kept alive: 2; route allocated: 5 of 2000; total allocated: 5 of 2000]
<2017-09-26 13:04:28> DEBUG [o.a.h.c.p.RequestAddCookies] CookieSpec selected: default
<2017-09-26 13:04:28> DEBUG [o.a.h.c.p.RequestAddCookies] Cookie [version: 0][name: JSESSIONID][value: F6E28E4994D1584E597DBDFCCCB1737E][domain: branchtest.perfectomobile.com][path: /nexperience/][expiry: null] match [(secure)branchtest.perfectomobile.com:443/nexperience/perfectomobile/wd/hub/session/0f3f5f1e-acfb-4373-a011-faaf2224e779/element]
<2017-09-26 13:04:28> DEBUG [o.a.h.c.p.RequestAddCookies] Cookie [version: 0][name: fast_failed][value: true][domain: branchtest.perfectomobile.com][path: /nexperience/perfectomobile/wd/hub][expiry: null] match [(secure)branchtest.perfectomobile.com:443/nexperience/perfectomobile/wd/hub/session/0f3f5f1e-acfb-4373-a011-faaf2224e779/element]
<2017-09-26 13:04:28> DEBUG [o.a.h.c.p.RequestAddCookies] Cookie [version: 0][name: fast_failed][value: true][domain: branchtest.perfectomobile.com][path: /nexperience/perfectomobile/wd/hub/session/0f3f5f1e-acfb-4373-a011-faaf2224e779][expiry: null] match [(secure)branchtest.perfectomobile.com:443/nexperience/perfectomobile/wd/hub/session/0f3f5f1e-acfb-4373-a011-faaf2224e779/element]
<2017-09-26 13:04:28> DEBUG [o.a.h.c.p.RequestAuthCache] Auth cache not set in the context
<2017-09-26 13:04:28> DEBUG [o.a.h.i.c.PoolingHttpClientConnectionManager] Connection request: [route: {s}->https://branchtest.perfectomobile.com:443][total kept alive: 2; route allocated: 5 of 2000; total allocated: 5 of 2000]
<2017-09-26 13:04:28> DEBUG [o.a.h.i.c.PoolingHttpClientConnectionManager] Connection leased: [id: 4][route: {s}->https://branchtest.perfectomobile.com:443][total kept alive: 1; route allocated: 5 of 2000; total allocated: 5 of 2000]
<2017-09-26 13:04:28> DEBUG [o.a.h.i.execchain.MainClientExec] Stale connection check
<2017-09-26 13:04:28> DEBUG [org.apache.http.wire] http-outgoing-4 << "[read] I/O error: Read timed out"
<2017-09-26 13:04:28> DEBUG [o.a.h.i.c.DefaultManagedHttpClientConnection] http-outgoing-4: set socket timeout to 10800000
<2017-09-26 13:04:28> DEBUG [o.a.h.i.execchain.MainClientExec] Executing request POST /nexperience/perfectomobile/wd/hub/session/0f3f5f1e-acfb-4373-a011-faaf2224e779/element HTTP/1.1
<2017-09-26 13:04:28> DEBUG [o.a.h.i.execchain.MainClientExec] Target auth state: UNCHALLENGED
<2017-09-26 13:04:28> DEBUG [o.a.h.i.execchain.MainClientExec] Proxy auth state: UNCHALLENGED
<2017-09-26 13:04:28> DEBUG [org.apache.http.headers] http-outgoing-4 >> POST /nexperience/perfectomobile/wd/hub/session/0f3f5f1e-acfb-4373-a011-faaf2224e779/element HTTP/1.1
<2017-09-26 13:04:28> DEBUG [org.apache.http.headers] http-outgoing-4 >> Content-Type: application/json; charset=utf-8
<2017-09-26 13:04:28> DEBUG [org.apache.http.headers] http-outgoing-4 >> Content-Length: 73
<2017-09-26 13:04:28> DEBUG [org.apache.http.headers] http-outgoing-4 >> Host: branchtest.perfectomobile.com
<2017-09-26 13:04:28> DEBUG [org.apache.http.headers] http-outgoing-4 >> Connection: Keep-Alive
<2017-09-26 13:04:28> DEBUG [org.apache.http.headers] http-outgoing-4 >> User-Agent: Apache-HttpClient/4.5.2 (Java/1.8.0_121)
<2017-09-26 13:04:28> DEBUG [org.apache.http.headers] http-outgoing-4 >> Cookie: JSESSIONID=F6E28E4994D1584E597DBDFCCCB1737E; fast_failed=true; fast_failed=true
<2017-09-26 13:04:28> DEBUG [org.apache.http.headers] http-outgoing-4 >> Accept-Encoding: gzip,deflate
<2017-09-26 13:04:28> DEBUG [org.apache.http.wire] http-outgoing-4 >> "POST /nexperience/perfectomobile/wd/hub/session/0f3f5f1e-acfb-4373-a011-faaf2224e779/element HTTP/1.1[\r][\n]"
<2017-09-26 13:04:28> DEBUG [org.apache.http.wire] http-outgoing-4 >> "Content-Type: application/json; charset=utf-8[\r][\n]"
<2017-09-26 13:04:28> DEBUG [org.apache.http.wire] http-outgoing-4 >> "Content-Length: 73[\r][\n]"
<2017-09-26 13:04:28> DEBUG [org.apache.http.wire] http-outgoing-4 >> "Host: branchtest.perfectomobile.com[\r][\n]"
<2017-09-26 13:04:28> DEBUG [org.apache.http.wire] http-outgoing-4 >> "Connection: Keep-Alive[\r][\n]"
<2017-09-26 13:04:28> DEBUG [org.apache.http.wire] http-outgoing-4 >> "User-Agent: Apache-HttpClient/4.5.2 (Java/1.8.0_121)[\r][\n]"
<2017-09-26 13:04:28> DEBUG [org.apache.http.wire] http-outgoing-4 >> "Cookie: JSESSIONID=F6E28E4994D1584E597DBDFCCCB1737E; fast_failed=true; fast_failed=true[\r][\n]"
<2017-09-26 13:04:28> DEBUG [org.apache.http.wire] http-outgoing-4 >> "Accept-Encoding: gzip,deflate[\r][\n]"
<2017-09-26 13:04:28> DEBUG [org.apache.http.wire] http-outgoing-4 >> "[\r][\n]"
<2017-09-26 13:04:28> DEBUG [org.apache.http.wire] http-outgoing-4 >> "{"using":"xpath","value":"//*[@id=\"register_form\"]/fieldset[13]/input"}"
<2017-09-26 13:04:28> DEBUG [org.apache.http.wire] http-outgoing-0 << "HTTP/1.1 200 OK[\r][\n]"
<2017-09-26 13:04:28> DEBUG [org.apache.http.wire] http-outgoing-0 << "Server: nginx[\r][\n]"
<2017-09-26 13:04:28> DEBUG [org.apache.http.wire] http-outgoing-0 << "Date: Tue, 26 Sep 2017 10:04:25 GMT[\r][\n]"
<2017-09-26 13:04:28> DEBUG [org.apache.http.wire] http-outgoing-0 << "Content-Type: application/json;charset=utf-8[\r][\n]"
<2017-09-26 13:04:28> DEBUG [org.apache.http.wire] http-outgoing-0 << "Transfer-Encoding: chunked[\r][\n]"
<2017-09-26 13:04:28> DEBUG [org.apache.http.wire] http-outgoing-0 << "Connection: keep-alive[\r][\n]"
<2017-09-26 13:04:28> DEBUG [org.apache.http.wire] http-outgoing-0 << "Set-Cookie: JSESSIONID=F6E28E4994D1584E597DBDFCCCB1737E; Path=/nexperience/; HttpOnly[\r][\n]"
<2017-09-26 13:04:28> DEBUG [org.apache.http.wire] http-outgoing-0 << "Expires: Thu, 01 Jan 1970 00:00:00 GMT[\r][\n]"
<2017-09-26 13:04:28> DEBUG [org.apache.http.wire] http-outgoing-0 << "Cache-Control: no-cache[\r][\n]"
<2017-09-26 13:04:28> DEBUG [org.apache.http.wire] http-outgoing-0 << "Cache-Control: no-cache[\r][\n]"
<2017-09-26 13:04:28> DEBUG [org.apache.http.wire] http-outgoing-0 << "Expires: Thu, 01 Jan 1970 00:00:00 GMT[\r][\n]"
<2017-09-26 13:04:28> DEBUG [org.apache.http.wire] http-outgoing-0 << "Set-Cookie: fast_failed=true[\r][\n]"
<2017-09-26 13:04:28> DEBUG [org.apache.http.wire] http-outgoing-0 << "X-XSS-Protection: 2; mode=block[\r][\n]"
<2017-09-26 13:04:28> DEBUG [org.apache.http.wire] http-outgoing-0 << "Content-Encoding: gzip[\r][\n]"
<2017-09-26 13:04:28> DEBUG [org.apache.http.wire] http-outgoing-0 << "[\r][\n]"
<2017-09-26 13:04:28> DEBUG [org.apache.http.wire] http-outgoing-0 << "96[\r][\n]"
<2017-09-26 13:04:28> DEBUG [org.apache.http.wire] http-outgoing-0 << "[0x1f][0x8b][0x8][0x0][0x0][0x0][0x0][0x0][0x0][0x3]-[0xcc][0xbb][0x12][0xc2] [0x10][0x85][0xe1]w[0xd9]:0 [0x9][0x97][0xb4]V[0xb6][0xbe][0x1][0xc2][0xaa][0x99]![0x10][0xb3][0xc1][0xc6][0xf1][0xdd][0xdd][0xc2][0xf6][0x9f][0xef][0x9c][0xf][0x10][0x12]-[0xad]^2[0xcc]0y[0xc]nRI[0xdc][0xc6]l[0xc5][0x88]9[0x88][0xa8][0x95][0x11]J[0xdf]C0[0xe8][0xac]7'[0x18][0x80][0x8e]x s[0xea])[0xf1][0x9a][0xcb][0xf3][0xdc]2[0x17]m[0xac]s^[0x87]Q[\r][0xf0][0x8e][0xa5]s[0xaa][0xbd][0x94][0x1]R[0x89][0xec]fh[0xfb]C[0xb6][\r][0xeb]+J[0xc2][0x82]u[0xe9][0xab][0xdc]qm[0x7][0xca]+[0xd2][0xd6]*[0xe1][0xff][0xbf]3W[0xdf][0x1f][0xd6][0xd0]9[0x0][0x9f][0x0][0x0][0x0][\r][\n]"
<2017-09-26 13:04:28> DEBUG [org.apache.http.wire] http-outgoing-0 << "0[\r][\n]"
<2017-09-26 13:04:28> DEBUG [org.apache.http.wire] http-outgoing-0 << "[\r][\n]"
<2017-09-26 13:04:28> DEBUG [org.apache.http.headers] http-outgoing-0 << HTTP/1.1 200 OK
<2017-09-26 13:04:28> DEBUG [org.apache.http.headers] http-outgoing-0 << Server: nginx
<2017-09-26 13:04:28> DEBUG [org.apache.http.headers] http-outgoing-0 << Date: Tue, 26 Sep 2017 10:04:25 GMT
<2017-09-26 13:04:28> DEBUG [org.apache.http.headers] http-outgoing-0 << Content-Type: application/json;charset=utf-8
<2017-09-26 13:04:28> DEBUG [org.apache.http.headers] http-outgoing-0 << Transfer-Encoding: chunked
<2017-09-26 13:04:28> DEBUG [org.apache.http.headers] http-outgoing-0 << Connection: keep-alive
<2017-09-26 13:04:28> DEBUG [org.apache.http.headers] http-outgoing-0 << Set-Cookie: JSESSIONID=F6E28E4994D1584E597DBDFCCCB1737E; Path=/nexperience/; HttpOnly
<2017-09-26 13:04:28> DEBUG [org.apache.http.headers] http-outgoing-0 << Expires: Thu, 01 Jan 1970 00:00:00 GMT
<2017-09-26 13:04:28> DEBUG [org.apache.http.headers] http-outgoing-0 << Cache-Control: no-cache
<2017-09-26 13:04:28> DEBUG [org.apache.http.headers] http-outgoing-0 << Cache-Control: no-cache
<2017-09-26 13:04:28> DEBUG [org.apache.http.headers] http-outgoing-0 << Expires: Thu, 01 Jan 1970 00:00:00 GMT
<2017-09-26 13:04:28> DEBUG [org.apache.http.headers] http-outgoing-0 << Set-Cookie: fast_failed=true
<2017-09-26 13:04:28> DEBUG [org.apache.http.headers] http-outgoing-0 << X-XSS-Protection: 2; mode=block
<2017-09-26 13:04:28> DEBUG [org.apache.http.headers] http-outgoing-0 << Content-Encoding: gzip
<2017-09-26 13:04:28> DEBUG [o.a.h.i.execchain.MainClientExec] Connection can be kept alive indefinitely
<2017-09-26 13:04:28> DEBUG [o.a.h.c.p.ResponseProcessCookies] Cookie accepted [JSESSIONID="F6E28E4994D1584E597DBDFCCCB1737E", version:0, domain:branchtest.perfectomobile.com, path:/nexperience/, expiry:null]
<2017-09-26 13:04:28> DEBUG [o.a.h.c.p.ResponseProcessCookies] Cookie accepted [fast_failed="true", version:0, domain:branchtest.perfectomobile.com, path:/nexperience/perfectomobile/wd/hub/session/58e9750c-b4d6-4ed9-a103-01f993e76832/element/4, expiry:null]
<2017-09-26 13:04:28> DEBUG [o.a.h.i.c.PoolingHttpClientConnectionManager] Connection [id: 0][route: {s}->https://branchtest.perfectomobile.com:443] can be kept alive indefinitely
<2017-09-26 13:04:28> DEBUG [o.a.h.i.c.PoolingHttpClientConnectionManager] Connection released: [id: 0][route: {s}->https://branchtest.perfectomobile.com:443][total kept alive: 2; route allocated: 5 of 2000; total allocated: 5 of 2000]
<2017-09-26 13:04:28> DEBUG [o.a.h.c.p.RequestAddCookies] CookieSpec selected: default
<2017-09-26 13:04:28> DEBUG [o.a.h.c.p.RequestAddCookies] Cookie [version: 0][name: JSESSIONID][value: F6E28E4994D1584E597DBDFCCCB1737E][domain: branchtest.perfectomobile.com][path: /nexperience/][expiry: null] match [(secure)branchtest.perfectomobile.com:443/nexperience/perfectomobile/wd/hub/session/58e9750c-b4d6-4ed9-a103-01f993e76832/element]
<2017-09-26 13:04:28> DEBUG [o.a.h.c.p.RequestAddCookies] Cookie [version: 0][name: fast_failed][value: true][domain: branchtest.perfectomobile.com][path: /nexperience/perfectomobile/wd/hub][expiry: null] match [(secure)branchtest.perfectomobile.com:443/nexperience/perfectomobile/wd/hub/session/58e9750c-b4d6-4ed9-a103-01f993e76832/element]
<2017-09-26 13:04:28> DEBUG [o.a.h.c.p.RequestAddCookies] Cookie [version: 0][name: fast_failed][value: true][domain: branchtest.perfectomobile.com][path: /nexperience/perfectomobile/wd/hub/session/58e9750c-b4d6-4ed9-a103-01f993e76832][expiry: null] match [(secure)branchtest.perfectomobile.com:443/nexperience/perfectomobile/wd/hub/session/58e9750c-b4d6-4ed9-a103-01f993e76832/element]
<2017-09-26 13:04:28> DEBUG [o.a.h.c.p.RequestAuthCache] Auth cache not set in the context
<2017-09-26 13:04:28> DEBUG [o.a.h.i.c.PoolingHttpClientConnectionManager] Connection request: [route: {s}->https://branchtest.perfectomobile.com:443][total kept alive: 2; route allocated: 5 of 2000; total allocated: 5 of 2000]
<2017-09-26 13:04:28> DEBUG [o.a.h.i.c.PoolingHttpClientConnectionManager] Connection leased: [id: 0][route: {s}->https://branchtest.perfectomobile.com:443][total kept alive: 1; route allocated: 5 of 2000; total allocated: 5 of 2000]
<2017-09-26 13:04:28> DEBUG [o.a.h.i.execchain.MainClientExec] Stale connection check
<2017-09-26 13:04:28> DEBUG [org.apache.http.wire] http-outgoing-0 << "[read] I/O error: Read timed out"
<2017-09-26 13:04:28> DEBUG [o.a.h.i.c.DefaultManagedHttpClientConnection] http-outgoing-0: set socket timeout to 10800000
<2017-09-26 13:04:28> DEBUG [o.a.h.i.execchain.MainClientExec] Executing request POST /nexperience/perfectomobile/wd/hub/session/58e9750c-b4d6-4ed9-a103-01f993e76832/element HTTP/1.1
<2017-09-26 13:04:28> DEBUG [o.a.h.i.execchain.MainClientExec] Target auth state: UNCHALLENGED
<2017-09-26 13:04:28> DEBUG [o.a.h.i.execchain.MainClientExec] Proxy auth state: UNCHALLENGED
<2017-09-26 13:04:28> DEBUG [org.apache.http.headers] http-outgoing-0 >> POST /nexperience/perfectomobile/wd/hub/session/58e9750c-b4d6-4ed9-a103-01f993e76832/element HTTP/1.1
<2017-09-26 13:04:28> DEBUG [org.apache.http.headers] http-outgoing-0 >> Content-Type: application/json; charset=utf-8
<2017-09-26 13:04:28> DEBUG [org.apache.http.headers] http-outgoing-0 >> Content-Length: 77
<2017-09-26 13:04:28> DEBUG [org.apache.http.headers] http-outgoing-0 >> Host: branchtest.perfectomobile.com
<2017-09-26 13:04:28> DEBUG [org.apache.http.headers] http-outgoing-0 >> Connection: Keep-Alive
<2017-09-26 13:04:28> DEBUG [org.apache.http.headers] http-outgoing-0 >> User-Agent: Apache-HttpClient/4.5.2 (Java/1.8.0_121)
<2017-09-26 13:04:28> DEBUG [org.apache.http.headers] http-outgoing-0 >> Cookie: JSESSIONID=F6E28E4994D1584E597DBDFCCCB1737E; fast_failed=true; fast_failed=true
<2017-09-26 13:04:28> DEBUG [org.apache.http.headers] http-outgoing-0 >> Accept-Encoding: gzip,deflate
<2017-09-26 13:04:28> DEBUG [org.apache.http.wire] http-outgoing-0 >> "POST /nexperience/perfectomobile/wd/hub/session/58e9750c-b4d6-4ed9-a103-01f993e76832/element HTTP/1.1[\r][\n]"
<2017-09-26 13:04:28> DEBUG [org.apache.http.wire] http-outgoing-0 >> "Content-Type: application/json; charset=utf-8[\r][\n]"
<2017-09-26 13:04:28> DEBUG [org.apache.http.wire] http-outgoing-0 >> "Content-Length: 77[\r][\n]"
<2017-09-26 13:04:28> DEBUG [org.apache.http.wire] http-outgoing-0 >> "Host: branchtest.perfectomobile.com[\r][\n]"
<2017-09-26 13:04:28> DEBUG [org.apache.http.wire] http-outgoing-0 >> "Connection: Keep-Alive[\r][\n]"
<2017-09-26 13:04:28> DEBUG [org.apache.http.wire] http-outgoing-0 >> "User-Agent: Apache-HttpClient/4.5.2 (Java/1.8.0_121)[\r][\n]"
<2017-09-26 13:04:28> DEBUG [org.apache.http.wire] http-outgoing-0 >> "Cookie: JSESSIONID=F6E28E4994D1584E597DBDFCCCB1737E; fast_failed=true; fast_failed=true[\r][\n]"
<2017-09-26 13:04:28> DEBUG [org.apache.http.wire] http-outgoing-0 >> "Accept-Encoding: gzip,deflate[\r][\n]"
<2017-09-26 13:04:28> DEBUG [org.apache.http.wire] http-outgoing-0 >> "[\r][\n]"
<2017-09-26 13:04:28> DEBUG [org.apache.http.wire] http-outgoing-0 >> "{"using":"xpath","value":"//*[@id=\"register_form\"]/fieldset[1]/p[2]/input"}"
<2017-09-26 13:04:28> DEBUG [org.apache.http.wire] http-outgoing-4 << "HTTP/1.1 200 OK[\r][\n]"
<2017-09-26 13:04:28> DEBUG [org.apache.http.wire] http-outgoing-4 << "Server: nginx[\r][\n]"
<2017-09-26 13:04:28> DEBUG [org.apache.http.wire] http-outgoing-4 << "Date: Tue, 26 Sep 2017 10:04:25 GMT[\r][\n]"
<2017-09-26 13:04:28> DEBUG [org.apache.http.wire] http-outgoing-4 << "Content-Type: application/json;charset=utf-8[\r][\n]"
<2017-09-26 13:04:28> DEBUG [org.apache.http.wire] http-outgoing-4 << "Transfer-Encoding: chunked[\r][\n]"
<2017-09-26 13:04:28> DEBUG [org.apache.http.wire] http-outgoing-4 << "Connection: keep-alive[\r][\n]"
<2017-09-26 13:04:28> DEBUG [org.apache.http.wire] http-outgoing-4 << "Set-Cookie: JSESSIONID=F6E28E4994D1584E597DBDFCCCB1737E; Path=/nexperience/; HttpOnly[\r][\n]"
<2017-09-26 13:04:28> DEBUG [org.apache.http.wire] http-outgoing-4 << "Expires: Thu, 01 Jan 1970 00:00:00 GMT[\r][\n]"
<2017-09-26 13:04:28> DEBUG [org.apache.http.wire] http-outgoing-4 << "Cache-Control: no-cache[\r][\n]"
<2017-09-26 13:04:28> DEBUG [org.apache.http.wire] http-outgoing-4 << "Cache-Control: no-cache[\r][\n]"
<2017-09-26 13:04:28> DEBUG [org.apache.http.wire] http-outgoing-4 << "Expires: Thu, 01 Jan 1970 00:00:00 GMT[\r][\n]"
<2017-09-26 13:04:28> DEBUG [org.apache.http.wire] http-outgoing-4 << "Set-Cookie: fast_failed=true[\r][\n]"
<2017-09-26 13:04:28> DEBUG [org.apache.http.wire] http-outgoing-4 << "X-XSS-Protection: 2; mode=block[\r][\n]"
<2017-09-26 13:04:28> DEBUG [org.apache.http.wire] http-outgoing-4 << "Content-Encoding: gzip[\r][\n]"
<2017-09-26 13:04:28> DEBUG [org.apache.http.wire] http-outgoing-4 << "[\r][\n]"
<2017-09-26 13:04:28> DEBUG [org.apache.http.wire] http-outgoing-4 << "a1[\r][\n]"
<2017-09-26 13:04:28> DEBUG [org.apache.http.wire] http-outgoing-4 << "[0x1f][0x8b][0x8][0x0][0x0][0x0][0x0][0x0][0x0][0x3]-[0x8d][0xcb][0xe][0x82]0[0x10][0x0][0xff]e[0xcf][0xb4][0xa1][0xf]D[0xbd][0x1a][0xe]&[0xea][0xc1][0xf8][0x3]k[0xd9]*[0x9]Pd[0xa9][0x17][0xc2][0xbf][0xbb][0x7][0xaf][0x93][0x99][0xcc][\n]"
<2017-09-26 13:04:28> DEBUG [org.apache.http.wire] http-outgoing-4 << "L[0xcc]][0x1a][0xcf]-[0x1c][0xa1][0x8c].V[0xd1][0x90][0xc2][0x10][0x9f][0xca][0xbb][0xda]),[0x8d]Q[0x11]1Zk=[0xd5][0xf5][0x1][\n]"
<2017-09-26 13:04:28> DEBUG [org.apache.http.wire] http-outgoing-4 << "[0xe0][0x5][0x17][0x12][0x9d]s[0x8]R[0xb]y[0x9f]R+[0xc4][0xba][0xbd][0xdf]YW[0xb9][0x2][0xbe][0xd8]g!+4[0x97][0xe6][0xda][0xdc][0x1e][0xa2][0x1b][0xf][[0x1][0xa1]GI[0x8e][0x90][0xe6][0x97]N[0x13][0x8d][0x1f][0xd4]L=[0x8d]][0x1e][0xf4]LCZH[0xdf][0x89][0xa7]42[0xfd]WY[0xf4]r[0xfb][0x1]>[0xf8][0xd1][0x12][0xaa][0x0][0x0][0x0][\r][\n]"
<2017-09-26 13:04:28> DEBUG [org.apache.http.wire] http-outgoing-4 << "0[\r][\n]"
<2017-09-26 13:04:28> DEBUG [org.apache.http.wire] http-outgoing-4 << "[\r][\n]"
<2017-09-26 13:04:28> DEBUG [org.apache.http.headers] http-outgoing-4 << HTTP/1.1 200 OK
<2017-09-26 13:04:28> DEBUG [org.apache.http.headers] http-outgoing-4 << Server: nginx
<2017-09-26 13:04:28> DEBUG [org.apache.http.headers] http-outgoing-4 << Date: Tue, 26 Sep 2017 10:04:25 GMT
<2017-09-26 13:04:28> DEBUG [org.apache.http.headers] http-outgoing-4 << Content-Type: application/json;charset=utf-8
<2017-09-26 13:04:28> DEBUG [org.apache.http.headers] http-outgoing-4 << Transfer-Encoding: chunked
<2017-09-26 13:04:28> DEBUG [org.apache.http.headers] http-outgoing-4 << Connection: keep-alive
<2017-09-26 13:04:28> DEBUG [org.apache.http.headers] http-outgoing-4 << Set-Cookie: JSESSIONID=F6E28E4994D1584E597DBDFCCCB1737E; Path=/nexperience/; HttpOnly
<2017-09-26 13:04:28> DEBUG [org.apache.http.headers] http-outgoing-4 << Expires: Thu, 01 Jan 1970 00:00:00 GMT
<2017-09-26 13:04:28> DEBUG [org.apache.http.headers] http-outgoing-4 << Cache-Control: no-cache
<2017-09-26 13:04:28> DEBUG [org.apache.http.headers] http-outgoing-4 << Cache-Control: no-cache
<2017-09-26 13:04:28> DEBUG [org.apache.http.headers] http-outgoing-4 << Expires: Thu, 01 Jan 1970 00:00:00 GMT
<2017-09-26 13:04:28> DEBUG [org.apache.http.headers] http-outgoing-4 << Set-Cookie: fast_failed=true
<2017-09-26 13:04:28> DEBUG [org.apache.http.headers] http-outgoing-4 << X-XSS-Protection: 2; mode=block
<2017-09-26 13:04:28> DEBUG [org.apache.http.headers] http-outgoing-4 << Content-Encoding: gzip
<2017-09-26 13:04:28> DEBUG [o.a.h.i.execchain.MainClientExec] Connection can be kept alive indefinitely
<2017-09-26 13:04:28> DEBUG [o.a.h.c.p.ResponseProcessCookies] Cookie accepted [JSESSIONID="F6E28E4994D1584E597DBDFCCCB1737E", version:0, domain:branchtest.perfectomobile.com, path:/nexperience/, expiry:null]
<2017-09-26 13:04:28> DEBUG [o.a.h.c.p.ResponseProcessCookies] Cookie accepted [fast_failed="true", version:0, domain:branchtest.perfectomobile.com, path:/nexperience/perfectomobile/wd/hub/session/0f3f5f1e-acfb-4373-a011-faaf2224e779, expiry:null]
<2017-09-26 13:04:28> DEBUG [o.a.h.i.c.PoolingHttpClientConnectionManager] Connection [id: 4][route: {s}->https://branchtest.perfectomobile.com:443] can be kept alive indefinitely
<2017-09-26 13:04:28> DEBUG [o.a.h.i.c.PoolingHttpClientConnectionManager] Connection released: [id: 4][route: {s}->https://branchtest.perfectomobile.com:443][total kept alive: 2; route allocated: 5 of 2000; total allocated: 5 of 2000]
<2017-09-26 13:04:28> DEBUG [o.a.h.c.p.RequestAddCookies] CookieSpec selected: default
<2017-09-26 13:04:28> DEBUG [o.a.h.c.p.RequestAddCookies] Cookie [version: 0][name: JSESSIONID][value: F6E28E4994D1584E597DBDFCCCB1737E][domain: branchtest.perfectomobile.com][path: /nexperience/][expiry: null] match [(secure)branchtest.perfectomobile.com:443/nexperience/perfectomobile/wd/hub/session/0f3f5f1e-acfb-4373-a011-faaf2224e779/element/14/click]
<2017-09-26 13:04:28> DEBUG [o.a.h.c.p.RequestAddCookies] Cookie [version: 0][name: fast_failed][value: true][domain: branchtest.perfectomobile.com][path: /nexperience/perfectomobile/wd/hub][expiry: null] match [(secure)branchtest.perfectomobile.com:443/nexperience/perfectomobile/wd/hub/session/0f3f5f1e-acfb-4373-a011-faaf2224e779/element/14/click]
<2017-09-26 13:04:28> DEBUG [o.a.h.c.p.RequestAddCookies] Cookie [version: 0][name: fast_failed][value: true][domain: branchtest.perfectomobile.com][path: /nexperience/perfectomobile/wd/hub/session/0f3f5f1e-acfb-4373-a011-faaf2224e779][expiry: null] match [(secure)branchtest.perfectomobile.com:443/nexperience/perfectomobile/wd/hub/session/0f3f5f1e-acfb-4373-a011-faaf2224e779/element/14/click]
<2017-09-26 13:04:28> DEBUG [o.a.h.c.p.RequestAuthCache] Auth cache not set in the context
<2017-09-26 13:04:28> DEBUG [o.a.h.i.c.PoolingHttpClientConnectionManager] Connection request: [route: {s}->https://branchtest.perfectomobile.com:443][total kept alive: 2; route allocated: 5 of 2000; total allocated: 5 of 2000]
<2017-09-26 13:04:28> DEBUG [o.a.h.i.c.PoolingHttpClientConnectionManager] Connection leased: [id: 4][route: {s}->https://branchtest.perfectomobile.com:443][total kept alive: 1; route allocated: 5 of 2000; total allocated: 5 of 2000]
<2017-09-26 13:04:28> DEBUG [o.a.h.i.execchain.MainClientExec] Stale connection check
<2017-09-26 13:04:28> DEBUG [org.apache.http.wire] http-outgoing-4 << "[read] I/O error: Read timed out"
<2017-09-26 13:04:28> DEBUG [o.a.h.i.c.DefaultManagedHttpClientConnection] http-outgoing-4: set socket timeout to 10800000
<2017-09-26 13:04:28> DEBUG [o.a.h.i.execchain.MainClientExec] Executing request POST /nexperience/perfectomobile/wd/hub/session/0f3f5f1e-acfb-4373-a011-faaf2224e779/element/14/click HTTP/1.1
<2017-09-26 13:04:28> DEBUG [o.a.h.i.execchain.MainClientExec] Target auth state: UNCHALLENGED
<2017-09-26 13:04:28> DEBUG [o.a.h.i.execchain.MainClientExec] Proxy auth state: UNCHALLENGED
<2017-09-26 13:04:28> DEBUG [org.apache.http.headers] http-outgoing-4 >> POST /nexperience/perfectomobile/wd/hub/session/0f3f5f1e-acfb-4373-a011-faaf2224e779/element/14/click HTTP/1.1
<2017-09-26 13:04:28> DEBUG [org.apache.http.headers] http-outgoing-4 >> Content-Type: application/json; charset=utf-8
<2017-09-26 13:04:28> DEBUG [org.apache.http.headers] http-outgoing-4 >> Content-Length: 11
<2017-09-26 13:04:28> DEBUG [org.apache.http.headers] http-outgoing-4 >> Host: branchtest.perfectomobile.com
<2017-09-26 13:04:28> DEBUG [org.apache.http.headers] http-outgoing-4 >> Connection: Keep-Alive
<2017-09-26 13:04:28> DEBUG [org.apache.http.headers] http-outgoing-4 >> User-Agent: Apache-HttpClient/4.5.2 (Java/1.8.0_121)
<2017-09-26 13:04:28> DEBUG [org.apache.http.headers] http-outgoing-4 >> Cookie: JSESSIONID=F6E28E4994D1584E597DBDFCCCB1737E; fast_failed=true; fast_failed=true
<2017-09-26 13:04:28> DEBUG [org.apache.http.headers] http-outgoing-4 >> Accept-Encoding: gzip,deflate
<2017-09-26 13:04:28> DEBUG [org.apache.http.wire] http-outgoing-4 >> "POST /nexperience/perfectomobile/wd/hub/session/0f3f5f1e-acfb-4373-a011-faaf2224e779/element/14/click HTTP/1.1[\r][\n]"
<2017-09-26 13:04:28> DEBUG [org.apache.http.wire] http-outgoing-4 >> "Content-Type: application/json; charset=utf-8[\r][\n]"
<2017-09-26 13:04:28> DEBUG [org.apache.http.wire] http-outgoing-4 >> "Content-Length: 11[\r][\n]"
<2017-09-26 13:04:28> DEBUG [org.apache.http.wire] http-outgoing-4 >> "Host: branchtest.perfectomobile.com[\r][\n]"
<2017-09-26 13:04:28> DEBUG [org.apache.http.wire] http-outgoing-4 >> "Connection: Keep-Alive[\r][\n]"
<2017-09-26 13:04:28> DEBUG [org.apache.http.wire] http-outgoing-4 >> "User-Agent: Apache-HttpClient/4.5.2 (Java/1.8.0_121)[\r][\n]"
<2017-09-26 13:04:28> DEBUG [org.apache.http.wire] http-outgoing-4 >> "Cookie: JSESSIONID=F6E28E4994D1584E597DBDFCCCB1737E; fast_failed=true; fast_failed=true[\r][\n]"
<2017-09-26 13:04:28> DEBUG [org.apache.http.wire] http-outgoing-4 >> "Accept-Encoding: gzip,deflate[\r][\n]"
<2017-09-26 13:04:28> DEBUG [org.apache.http.wire] http-outgoing-4 >> "[\r][\n]"
<2017-09-26 13:04:28> DEBUG [org.apache.http.wire] http-outgoing-4 >> "{"id":"14"}"
<2017-09-26 13:04:28> DEBUG [org.apache.http.wire] http-outgoing-0 << "HTTP/1.1 200 OK[\r][\n]"
<2017-09-26 13:04:28> DEBUG [org.apache.http.wire] http-outgoing-0 << "Server: nginx[\r][\n]"
<2017-09-26 13:04:28> DEBUG [org.apache.http.wire] http-outgoing-0 << "Date: Tue, 26 Sep 2017 10:04:25 GMT[\r][\n]"
<2017-09-26 13:04:28> DEBUG [org.apache.http.wire] http-outgoing-0 << "Content-Type: application/json;charset=utf-8[\r][\n]"
<2017-09-26 13:04:28> DEBUG [org.apache.http.wire] http-outgoing-0 << "Transfer-Encoding: chunked[\r][\n]"
<2017-09-26 13:04:28> DEBUG [org.apache.http.wire] http-outgoing-0 << "Connection: keep-alive[\r][\n]"
<2017-09-26 13:04:28> DEBUG [org.apache.http.wire] http-outgoing-0 << "Set-Cookie: JSESSIONID=F6E28E4994D1584E597DBDFCCCB1737E; Path=/nexperience/; HttpOnly[\r][\n]"
<2017-09-26 13:04:28> DEBUG [org.apache.http.wire] http-outgoing-0 << "Expires: Thu, 01 Jan 1970 00:00:00 GMT[\r][\n]"
<2017-09-26 13:04:28> DEBUG [org.apache.http.wire] http-outgoing-0 << "Cache-Control: no-cache[\r][\n]"
<2017-09-26 13:04:28> DEBUG [org.apache.http.wire] http-outgoing-0 << "Cache-Control: no-cache[\r][\n]"
<2017-09-26 13:04:28> DEBUG [org.apache.http.wire] http-outgoing-0 << "Expires: Thu, 01 Jan 1970 00:00:00 GMT[\r][\n]"
<2017-09-26 13:04:28> DEBUG [org.apache.http.wire] http-outgoing-0 << "Set-Cookie: fast_failed=true[\r][\n]"
<2017-09-26 13:04:28> DEBUG [org.apache.http.wire] http-outgoing-0 << "X-XSS-Protection: 2; mode=block[\r][\n]"
<2017-09-26 13:04:28> DEBUG [org.apache.http.wire] http-outgoing-0 << "Content-Encoding: gzip[\r][\n]"
<2017-09-26 13:04:28> DEBUG [org.apache.http.wire] http-outgoing-0 << "[\r][\n]"
<2017-09-26 13:04:28> DEBUG [org.apache.http.wire] http-outgoing-0 << "a2[\r][\n]"
<2017-09-26 13:04:28> DEBUG [org.apache.http.wire] http-outgoing-0 << "[0x1f][0x8b][0x8][0x0][0x0][0x0][0x0][0x0][0x0][0x3]-[0x8d][0xc1][0xe][0xc2] [0x10][0x5][0xff]e[0xcf][0x85][0x80][0x14]Z[0xbc][0x9a][0x1e]L[0xd4][0x83][0xf1][0x7][0x10]Vm[0xd2]B[0xed][0x16]/M[0xff]]L[0xbc]Nf[0xde][[0x81][0x90][0xa8]O[0xf1][0x18]`[0xf][0xba]E[0xdb]h[0xe1][0xd9][0xbd][0xe][0x86][0xd5][0x18],sR(&[0xe4][0xc3]Z[0x85][0x8d]i[0xd5][0xe]*[0xa0][0xc5]-Xt[0xca][0xde][0x97][0xba][0x90][0xd7]![0x85]Bd+[0xb5][0xd2][0xc6]jS[0xc1][0xc7][\r][0xb9][0xa0][0x15][0xba]Sw[0xee].[0xb7][0xdf]<l[0x15][0xf8][0xc1][0x95]d[0xf]i~[0xf2]4a|;N8`[0xec][0xf3][0xc8]g[0x1c][0xd3][0x82][0xfc][0x8a]4[0xa5]H[0xf8][0xbf][0xca]E[0x17][0xdb][0x17][0x81][0xb6][0x97]*[0xaa][0x0][0x0][0x0][\r][\n]"
<2017-09-26 13:04:28> DEBUG [org.apache.http.wire] http-outgoing-0 << "0[\r][\n]"
<2017-09-26 13:04:28> DEBUG [org.apache.http.wire] http-outgoing-0 << "[\r][\n]"
<2017-09-26 13:04:28> DEBUG [org.apache.http.headers] http-outgoing-0 << HTTP/1.1 200 OK
<2017-09-26 13:04:28> DEBUG [org.apache.http.headers] http-outgoing-0 << Server: nginx
<2017-09-26 13:04:28> DEBUG [org.apache.http.headers] http-outgoing-0 << Date: Tue, 26 Sep 2017 10:04:25 GMT
<2017-09-26 13:04:28> DEBUG [org.apache.http.headers] http-outgoing-0 << Content-Type: application/json;charset=utf-8
<2017-09-26 13:04:28> DEBUG [org.apache.http.headers] http-outgoing-0 << Transfer-Encoding: chunked
<2017-09-26 13:04:28> DEBUG [org.apache.http.headers] http-outgoing-0 << Connection: keep-alive
<2017-09-26 13:04:28> DEBUG [org.apache.http.headers] http-outgoing-0 << Set-Cookie: JSESSIONID=F6E28E4994D1584E597DBDFCCCB1737E; Path=/nexperience/; HttpOnly
<2017-09-26 13:04:28> DEBUG [org.apache.http.headers] http-outgoing-0 << Expires: Thu, 01 Jan 1970 00:00:00 GMT
<2017-09-26 13:04:28> DEBUG [org.apache.http.headers] http-outgoing-0 << Cache-Control: no-cache
<2017-09-26 13:04:28> DEBUG [org.apache.http.headers] http-outgoing-0 << Cache-Control: no-cache
<2017-09-26 13:04:28> DEBUG [org.apache.http.headers] http-outgoing-0 << Expires: Thu, 01 Jan 1970 00:00:00 GMT
<2017-09-26 13:04:28> DEBUG [org.apache.http.headers] http-outgoing-0 << Set-Cookie: fast_failed=true
<2017-09-26 13:04:28> DEBUG [org.apache.http.headers] http-outgoing-0 << X-XSS-Protection: 2; mode=block
<2017-09-26 13:04:28> DEBUG [org.apache.http.headers] http-outgoing-0 << Content-Encoding: gzip
<2017-09-26 13:04:28> DEBUG [o.a.h.i.execchain.MainClientExec] Connection can be kept alive indefinitely
<2017-09-26 13:04:28> DEBUG [o.a.h.c.p.ResponseProcessCookies] Cookie accepted [JSESSIONID="F6E28E4994D1584E597DBDFCCCB1737E", version:0, domain:branchtest.perfectomobile.com, path:/nexperience/, expiry:null]
<2017-09-26 13:04:28> DEBUG [o.a.h.c.p.ResponseProcessCookies] Cookie accepted [fast_failed="true", version:0, domain:branchtest.perfectomobile.com, path:/nexperience/perfectomobile/wd/hub/session/58e9750c-b4d6-4ed9-a103-01f993e76832, expiry:null]
<2017-09-26 13:04:28> DEBUG [o.a.h.i.c.PoolingHttpClientConnectionManager] Connection [id: 0][route: {s}->https://branchtest.perfectomobile.com:443] can be kept alive indefinitely
<2017-09-26 13:04:28> DEBUG [o.a.h.i.c.PoolingHttpClientConnectionManager] Connection released: [id: 0][route: {s}->https://branchtest.perfectomobile.com:443][total kept alive: 2; route allocated: 5 of 2000; total allocated: 5 of 2000]
<2017-09-26 13:04:28> DEBUG [o.a.h.c.p.RequestAddCookies] CookieSpec selected: default
<2017-09-26 13:04:28> DEBUG [o.a.h.c.p.RequestAddCookies] Cookie [version: 0][name: JSESSIONID][value: F6E28E4994D1584E597DBDFCCCB1737E][domain: branchtest.perfectomobile.com][path: /nexperience/][expiry: null] match [(secure)branchtest.perfectomobile.com:443/nexperience/perfectomobile/wd/hub/session/58e9750c-b4d6-4ed9-a103-01f993e76832/element/5/value]
<2017-09-26 13:04:28> DEBUG [o.a.h.c.p.RequestAddCookies] Cookie [version: 0][name: fast_failed][value: true][domain: branchtest.perfectomobile.com][path: /nexperience/perfectomobile/wd/hub][expiry: null] match [(secure)branchtest.perfectomobile.com:443/nexperience/perfectomobile/wd/hub/session/58e9750c-b4d6-4ed9-a103-01f993e76832/element/5/value]
<2017-09-26 13:04:28> DEBUG [o.a.h.c.p.RequestAddCookies] Cookie [version: 0][name: fast_failed][value: true][domain: branchtest.perfectomobile.com][path: /nexperience/perfectomobile/wd/hub/session/58e9750c-b4d6-4ed9-a103-01f993e76832][expiry: null] match [(secure)branchtest.perfectomobile.com:443/nexperience/perfectomobile/wd/hub/session/58e9750c-b4d6-4ed9-a103-01f993e76832/element/5/value]
<2017-09-26 13:04:28> DEBUG [o.a.h.c.p.RequestAuthCache] Auth cache not set in the context
<2017-09-26 13:04:28> DEBUG [o.a.h.i.c.PoolingHttpClientConnectionManager] Connection request: [route: {s}->https://branchtest.perfectomobile.com:443][total kept alive: 2; route allocated: 5 of 2000; total allocated: 5 of 2000]
<2017-09-26 13:04:28> DEBUG [o.a.h.i.c.PoolingHttpClientConnectionManager] Connection leased: [id: 0][route: {s}->https://branchtest.perfectomobile.com:443][total kept alive: 1; route allocated: 5 of 2000; total allocated: 5 of 2000]
<2017-09-26 13:04:28> DEBUG [o.a.h.i.execchain.MainClientExec] Stale connection check
<2017-09-26 13:04:28> DEBUG [org.apache.http.wire] http-outgoing-0 << "[read] I/O error: Read timed out"
<2017-09-26 13:04:28> DEBUG [o.a.h.i.c.DefaultManagedHttpClientConnection] http-outgoing-0: set socket timeout to 10800000
<2017-09-26 13:04:28> DEBUG [o.a.h.i.execchain.MainClientExec] Executing request POST /nexperience/perfectomobile/wd/hub/session/58e9750c-b4d6-4ed9-a103-01f993e76832/element/5/value HTTP/1.1
<2017-09-26 13:04:28> DEBUG [o.a.h.i.execchain.MainClientExec] Target auth state: UNCHALLENGED
<2017-09-26 13:04:28> DEBUG [o.a.h.i.execchain.MainClientExec] Proxy auth state: UNCHALLENGED
<2017-09-26 13:04:28> DEBUG [org.apache.http.headers] http-outgoing-0 >> POST /nexperience/perfectomobile/wd/hub/session/58e9750c-b4d6-4ed9-a103-01f993e76832/element/5/value HTTP/1.1
<2017-09-26 13:04:28> DEBUG [org.apache.http.headers] http-outgoing-0 >> Content-Type: application/json; charset=utf-8
<2017-09-26 13:04:28> DEBUG [org.apache.http.headers] http-outgoing-0 >> Content-Length: 32
<2017-09-26 13:04:28> DEBUG [org.apache.http.headers] http-outgoing-0 >> Host: branchtest.perfectomobile.com
<2017-09-26 13:04:28> DEBUG [org.apache.http.headers] http-outgoing-0 >> Connection: Keep-Alive
<2017-09-26 13:04:28> DEBUG [org.apache.http.headers] http-outgoing-0 >> User-Agent: Apache-HttpClient/4.5.2 (Java/1.8.0_121)
<2017-09-26 13:04:28> DEBUG [org.apache.http.headers] http-outgoing-0 >> Cookie: JSESSIONID=F6E28E4994D1584E597DBDFCCCB1737E; fast_failed=true; fast_failed=true
<2017-09-26 13:04:28> DEBUG [org.apache.http.headers] http-outgoing-0 >> Accept-Encoding: gzip,deflate
<2017-09-26 13:04:28> DEBUG [org.apache.http.wire] http-outgoing-0 >> "POST /nexperience/perfectomobile/wd/hub/session/58e9750c-b4d6-4ed9-a103-01f993e76832/element/5/value HTTP/1.1[\r][\n]"
<2017-09-26 13:04:28> DEBUG [org.apache.http.wire] http-outgoing-0 >> "Content-Type: application/json; charset=utf-8[\r][\n]"
<2017-09-26 13:04:28> DEBUG [org.apache.http.wire] http-outgoing-0 >> "Content-Length: 32[\r][\n]"
<2017-09-26 13:04:28> DEBUG [org.apache.http.wire] http-outgoing-0 >> "Host: branchtest.perfectomobile.com[\r][\n]"
<2017-09-26 13:04:28> DEBUG [org.apache.http.wire] http-outgoing-0 >> "Connection: Keep-Alive[\r][\n]"
<2017-09-26 13:04:28> DEBUG [org.apache.http.wire] http-outgoing-0 >> "User-Agent: Apache-HttpClient/4.5.2 (Java/1.8.0_121)[\r][\n]"
<2017-09-26 13:04:28> DEBUG [org.apache.http.wire] http-outgoing-0 >> "Cookie: JSESSIONID=F6E28E4994D1584E597DBDFCCCB1737E; fast_failed=true; fast_failed=true[\r][\n]"
<2017-09-26 13:04:28> DEBUG [org.apache.http.wire] http-outgoing-0 >> "Accept-Encoding: gzip,deflate[\r][\n]"
<2017-09-26 13:04:28> DEBUG [org.apache.http.wire] http-outgoing-0 >> "[\r][\n]"
<2017-09-26 13:04:28> DEBUG [org.apache.http.wire] http-outgoing-0 >> "{"id":"5","value":["last name"]}"
<2017-09-26 13:04:29> DEBUG [org.apache.http.wire] http-outgoing-0 << "HTTP/1.1 200 OK[\r][\n]"
<2017-09-26 13:04:29> DEBUG [org.apache.http.wire] http-outgoing-0 << "Server: nginx[\r][\n]"
<2017-09-26 13:04:29> DEBUG [org.apache.http.wire] http-outgoing-0 << "Date: Tue, 26 Sep 2017 10:04:25 GMT[\r][\n]"
<2017-09-26 13:04:29> DEBUG [org.apache.http.wire] http-outgoing-0 << "Content-Type: application/json;charset=utf-8[\r][\n]"
<2017-09-26 13:04:29> DEBUG [org.apache.http.wire] http-outgoing-0 << "Transfer-Encoding: chunked[\r][\n]"
<2017-09-26 13:04:29> DEBUG [org.apache.http.wire] http-outgoing-0 << "Connection: keep-alive[\r][\n]"
<2017-09-26 13:04:29> DEBUG [org.apache.http.wire] http-outgoing-0 << "Set-Cookie: JSESSIONID=F6E28E4994D1584E597DBDFCCCB1737E; Path=/nexperience/; HttpOnly[\r][\n]"
<2017-09-26 13:04:29> DEBUG [org.apache.http.wire] http-outgoing-0 << "Expires: Thu, 01 Jan 1970 00:00:00 GMT[\r][\n]"
<2017-09-26 13:04:29> DEBUG [org.apache.http.wire] http-outgoing-0 << "Cache-Control: no-cache[\r][\n]"
<2017-09-26 13:04:29> DEBUG [org.apache.http.wire] http-outgoing-0 << "Cache-Control: no-cache[\r][\n]"
<2017-09-26 13:04:29> DEBUG [org.apache.http.wire] http-outgoing-0 << "Expires: Thu, 01 Jan 1970 00:00:00 GMT[\r][\n]"
<2017-09-26 13:04:29> DEBUG [org.apache.http.wire] http-outgoing-0 << "Set-Cookie: fast_failed=true[\r][\n]"
<2017-09-26 13:04:29> DEBUG [org.apache.http.wire] http-outgoing-0 << "X-XSS-Protection: 2; mode=block[\r][\n]"
<2017-09-26 13:04:29> DEBUG [org.apache.http.wire] http-outgoing-0 << "Content-Encoding: gzip[\r][\n]"
<2017-09-26 13:04:29> DEBUG [org.apache.http.wire] http-outgoing-0 << "[\r][\n]"
<2017-09-26 13:04:29> DEBUG [org.apache.http.wire] http-outgoing-0 << "96[\r][\n]"
<2017-09-26 13:04:29> DEBUG [org.apache.http.wire] http-outgoing-0 << "[0x1f][0x8b][0x8][0x0][0x0][0x0][0x0][0x0][0x0][0x3]-[0xcc]1[0x12][0xc2] [0x10][0x85][0xe1][0xbb]l[\r][0xc]![0x90][0x84][0xb4]V[0xb6][0xde][0x0]a[0xd5][0xcc][0x10]H[0xb2][0xc1][0xc6][0xf1][0xee]na[0xfb][0xcf][0xf7][0xde][0x7][0x8][0x89][0x96]Z[0xae][0x9]fp[0x13][0xfa][0xd1][0xe9]([0xef]6[\r][0xd2]b[0xf2]2t[0xba][0x97][0xba]{x[0xdf][0xe3]8L[0xbd][0x1][0x1]t[0x86][0x13][0x99]S[0x8b][0x91][0xd7]\^[0x97][0x9a][0xb8][0x98][0xce]L[0xda]ik[0x9c][0x80]w[0xc8][0x8d]Si9[0xb][0x88]9[0xb0][0x9b][0xa1][0x1e]OU7,{P[0x84][0x19][0xcb][0xd2]Vu[0xe0]ZOT7[0xa4][0xad][0x16][0xc2][0xff]]]>&#x7f;<![CDATA[c[0xae][0xbf]?[0x9a][0xa3][0x89]}[0x9f][0x0][0x0][0x0][\r][\n]"
<2017-09-26 13:04:29> DEBUG [org.apache.http.wire] http-outgoing-0 << "0[\r][\n]"
<2017-09-26 13:04:29> DEBUG [org.apache.http.wire] http-outgoing-0 << "[\r][\n]"
<2017-09-26 13:04:29> DEBUG [org.apache.http.headers] http-outgoing-0 << HTTP/1.1 200 OK
<2017-09-26 13:04:29> DEBUG [org.apache.http.headers] http-outgoing-0 << Server: nginx
<2017-09-26 13:04:29> DEBUG [org.apache.http.headers] http-outgoing-0 << Date: Tue, 26 Sep 2017 10:04:25 GMT
<2017-09-26 13:04:29> DEBUG [org.apache.http.headers] http-outgoing-0 << Content-Type: application/json;charset=utf-8
<2017-09-26 13:04:29> DEBUG [org.apache.http.headers] http-outgoing-0 << Transfer-Encoding: chunked
<2017-09-26 13:04:29> DEBUG [org.apache.http.headers] http-outgoing-0 << Connection: keep-alive
<2017-09-26 13:04:29> DEBUG [org.apache.http.headers] http-outgoing-0 << Set-Cookie: JSESSIONID=F6E28E4994D1584E597DBDFCCCB1737E; Path=/nexperience/; HttpOnly
<2017-09-26 13:04:29> DEBUG [org.apache.http.headers] http-outgoing-0 << Expires: Thu, 01 Jan 1970 00:00:00 GMT
<2017-09-26 13:04:29> DEBUG [org.apache.http.headers] http-outgoing-0 << Cache-Control: no-cache
<2017-09-26 13:04:29> DEBUG [org.apache.http.headers] http-outgoing-0 << Cache-Control: no-cache
<2017-09-26 13:04:29> DEBUG [org.apache.http.headers] http-outgoing-0 << Expires: Thu, 01 Jan 1970 00:00:00 GMT
<2017-09-26 13:04:29> DEBUG [org.apache.http.headers] http-outgoing-0 << Set-Cookie: fast_failed=true
<2017-09-26 13:04:29> DEBUG [org.apache.http.headers] http-outgoing-0 << X-XSS-Protection: 2; mode=block
<2017-09-26 13:04:29> DEBUG [org.apache.http.headers] http-outgoing-0 << Content-Encoding: gzip
<2017-09-26 13:04:29> DEBUG [o.a.h.i.execchain.MainClientExec] Connection can be kept alive indefinitely
<2017-09-26 13:04:29> DEBUG [o.a.h.c.p.ResponseProcessCookies] Cookie accepted [JSESSIONID="F6E28E4994D1584E597DBDFCCCB1737E", version:0, domain:branchtest.perfectomobile.com, path:/nexperience/, expiry:null]
<2017-09-26 13:04:29> DEBUG [o.a.h.c.p.ResponseProcessCookies] Cookie accepted [fast_failed="true", version:0, domain:branchtest.perfectomobile.com, path:/nexperience/perfectomobile/wd/hub/session/58e9750c-b4d6-4ed9-a103-01f993e76832/element/5, expiry:null]
<2017-09-26 13:04:29> DEBUG [o.a.h.i.c.PoolingHttpClientConnectionManager] Connection [id: 0][route: {s}->https://branchtest.perfectomobile.com:443] can be kept alive indefinitely
<2017-09-26 13:04:29> DEBUG [o.a.h.i.c.PoolingHttpClientConnectionManager] Connection released: [id: 0][route: {s}->https://branchtest.perfectomobile.com:443][total kept alive: 2; route allocated: 5 of 2000; total allocated: 5 of 2000]
<2017-09-26 13:04:29> DEBUG [o.a.h.c.p.RequestAddCookies] CookieSpec selected: default
<2017-09-26 13:04:29> DEBUG [o.a.h.c.p.RequestAddCookies] Cookie [version: 0][name: JSESSIONID][value: F6E28E4994D1584E597DBDFCCCB1737E][domain: branchtest.perfectomobile.com][path: /nexperience/][expiry: null] match [(secure)branchtest.perfectomobile.com:443/nexperience/perfectomobile/wd/hub/session/58e9750c-b4d6-4ed9-a103-01f993e76832/element]
<2017-09-26 13:04:29> DEBUG [o.a.h.c.p.RequestAddCookies] Cookie [version: 0][name: fast_failed][value: true][domain: branchtest.perfectomobile.com][path: /nexperience/perfectomobile/wd/hub][expiry: null] match [(secure)branchtest.perfectomobile.com:443/nexperience/perfectomobile/wd/hub/session/58e9750c-b4d6-4ed9-a103-01f993e76832/element]
<2017-09-26 13:04:29> DEBUG [o.a.h.c.p.RequestAddCookies] Cookie [version: 0][name: fast_failed][value: true][domain: branchtest.perfectomobile.com][path: /nexperience/perfectomobile/wd/hub/session/58e9750c-b4d6-4ed9-a103-01f993e76832][expiry: null] match [(secure)branchtest.perfectomobile.com:443/nexperience/perfectomobile/wd/hub/session/58e9750c-b4d6-4ed9-a103-01f993e76832/element]
<2017-09-26 13:04:29> DEBUG [o.a.h.c.p.RequestAuthCache] Auth cache not set in the context
<2017-09-26 13:04:29> DEBUG [o.a.h.i.c.PoolingHttpClientConnectionManager] Connection request: [route: {s}->https://branchtest.perfectomobile.com:443][total kept alive: 2; route allocated: 5 of 2000; total allocated: 5 of 2000]
<2017-09-26 13:04:29> DEBUG [o.a.h.i.c.PoolingHttpClientConnectionManager] Connection leased: [id: 0][route: {s}->https://branchtest.perfectomobile.com:443][total kept alive: 1; route allocated: 5 of 2000; total allocated: 5 of 2000]
<2017-09-26 13:04:29> DEBUG [o.a.h.i.execchain.MainClientExec] Stale connection check
<2017-09-26 13:04:29> DEBUG [org.apache.http.wire] http-outgoing-0 << "[read] I/O error: Read timed out"
<2017-09-26 13:04:29> DEBUG [o.a.h.i.c.DefaultManagedHttpClientConnection] http-outgoing-0: set socket timeout to 10800000
<2017-09-26 13:04:29> DEBUG [o.a.h.i.execchain.MainClientExec] Executing request POST /nexperience/perfectomobile/wd/hub/session/58e9750c-b4d6-4ed9-a103-01f993e76832/element HTTP/1.1
<2017-09-26 13:04:29> DEBUG [o.a.h.i.execchain.MainClientExec] Target auth state: UNCHALLENGED
<2017-09-26 13:04:29> DEBUG [o.a.h.i.execchain.MainClientExec] Proxy auth state: UNCHALLENGED
<2017-09-26 13:04:29> DEBUG [org.apache.http.headers] http-outgoing-0 >> POST /nexperience/perfectomobile/wd/hub/session/58e9750c-b4d6-4ed9-a103-01f993e76832/element HTTP/1.1
<2017-09-26 13:04:29> DEBUG [org.apache.http.headers] http-outgoing-0 >> Content-Type: application/json; charset=utf-8
<2017-09-26 13:04:29> DEBUG [org.apache.http.headers] http-outgoing-0 >> Content-Length: 85
<2017-09-26 13:04:29> DEBUG [org.apache.http.headers] http-outgoing-0 >> Host: branchtest.perfectomobile.com
<2017-09-26 13:04:29> DEBUG [org.apache.http.headers] http-outgoing-0 >> Connection: Keep-Alive
<2017-09-26 13:04:29> DEBUG [org.apache.http.headers] http-outgoing-0 >> User-Agent: Apache-HttpClient/4.5.2 (Java/1.8.0_121)
<2017-09-26 13:04:29> DEBUG [org.apache.http.headers] http-outgoing-0 >> Cookie: JSESSIONID=F6E28E4994D1584E597DBDFCCCB1737E; fast_failed=true; fast_failed=true
<2017-09-26 13:04:29> DEBUG [org.apache.http.headers] http-outgoing-0 >> Accept-Encoding: gzip,deflate
<2017-09-26 13:04:29> DEBUG [org.apache.http.wire] http-outgoing-0 >> "POST /nexperience/perfectomobile/wd/hub/session/58e9750c-b4d6-4ed9-a103-01f993e76832/element HTTP/1.1[\r][\n]"
<2017-09-26 13:04:29> DEBUG [org.apache.http.wire] http-outgoing-0 >> "Content-Type: application/json; charset=utf-8[\r][\n]"
<2017-09-26 13:04:29> DEBUG [org.apache.http.wire] http-outgoing-0 >> "Content-Length: 85[\r][\n]"
<2017-09-26 13:04:29> DEBUG [org.apache.http.wire] http-outgoing-0 >> "Host: branchtest.perfectomobile.com[\r][\n]"
<2017-09-26 13:04:29> DEBUG [org.apache.http.wire] http-outgoing-0 >> "Connection: Keep-Alive[\r][\n]"
<2017-09-26 13:04:29> DEBUG [org.apache.http.wire] http-outgoing-0 >> "User-Agent: Apache-HttpClient/4.5.2 (Java/1.8.0_121)[\r][\n]"
<2017-09-26 13:04:29> DEBUG [org.apache.http.wire] http-outgoing-0 >> "Cookie: JSESSIONID=F6E28E4994D1584E597DBDFCCCB1737E; fast_failed=true; fast_failed=true[\r][\n]"
<2017-09-26 13:04:29> DEBUG [org.apache.http.wire] http-outgoing-0 >> "Accept-Encoding: gzip,deflate[\r][\n]"
<2017-09-26 13:04:29> DEBUG [org.apache.http.wire] http-outgoing-0 >> "[\r][\n]"
<2017-09-26 13:04:29> DEBUG [org.apache.http.wire] http-outgoing-0 >> "{"using":"xpath","value":"//*[@id=\"register_form\"]/fieldset[2]/div/label[1]/input"}"
<2017-09-26 13:04:29> DEBUG [org.apache.http.wire] http-outgoing-0 << "HTTP/1.1 200 OK[\r][\n]"
<2017-09-26 13:04:29> DEBUG [org.apache.http.wire] http-outgoing-0 << "Server: nginx[\r][\n]"
<2017-09-26 13:04:29> DEBUG [org.apache.http.wire] http-outgoing-0 << "Date: Tue, 26 Sep 2017 10:04:26 GMT[\r][\n]"
<2017-09-26 13:04:29> DEBUG [org.apache.http.wire] http-outgoing-0 << "Content-Type: application/json;charset=utf-8[\r][\n]"
<2017-09-26 13:04:29> DEBUG [org.apache.http.wire] http-outgoing-0 << "Transfer-Encoding: chunked[\r][\n]"
<2017-09-26 13:04:29> DEBUG [org.apache.http.wire] http-outgoing-0 << "Connection: keep-alive[\r][\n]"
<2017-09-26 13:04:29> DEBUG [org.apache.http.wire] http-outgoing-0 << "Set-Cookie: JSESSIONID=F6E28E4994D1584E597DBDFCCCB1737E; Path=/nexperience/; HttpOnly[\r][\n]"
<2017-09-26 13:04:29> DEBUG [org.apache.http.wire] http-outgoing-0 << "Expires: Thu, 01 Jan 1970 00:00:00 GMT[\r][\n]"
<2017-09-26 13:04:29> DEBUG [org.apache.http.wire] http-outgoing-0 << "Cache-Control: no-cache[\r][\n]"
<2017-09-26 13:04:29> DEBUG [org.apache.http.wire] http-outgoing-0 << "Cache-Control: no-cache[\r][\n]"
<2017-09-26 13:04:29> DEBUG [org.apache.http.wire] http-outgoing-0 << "Expires: Thu, 01 Jan 1970 00:00:00 GMT[\r][\n]"
<2017-09-26 13:04:29> DEBUG [org.apache.http.wire] http-outgoing-0 << "Set-Cookie: fast_failed=true[\r][\n]"
<2017-09-26 13:04:29> DEBUG [org.apache.http.wire] http-outgoing-0 << "X-XSS-Protection: 2; mode=block[\r][\n]"
<2017-09-26 13:04:29> DEBUG [org.apache.http.wire] http-outgoing-0 << "Content-Encoding: gzip[\r][\n]"
<2017-09-26 13:04:29> DEBUG [org.apache.http.wire] http-outgoing-0 << "[\r][\n]"
<2017-09-26 13:04:29> DEBUG [org.apache.http.wire] http-outgoing-0 << "a0[\r][\n]"
<2017-09-26 13:04:29> DEBUG [org.apache.http.wire] http-outgoing-0 << "[0x1f][0x8b][0x8][0x0][0x0][0x0][0x0][0x0][0x0][0x3]-[0x8d]A[0xe][0x82]0[0x10][0x0][0xff][0xb2]g[0xda][0x14][\n]"
<2017-09-26 13:04:29> DEBUG [org.apache.http.wire] http-outgoing-0 << "-[0xf5]j8[0x98][0xa8][0x7][0xe3][0x7]j[0xbb]*[0x9]Pd[0xa9][0x17][0xc2][0xdf][0xdd][0x83][0xd7][0xc9]Lf[0x3]B[0xa2]>M[0xa7][0x8][0x7]hZt[0xb6]QA<[0xea]hD[0x8d][0xd1][0x9]_*-T[0xf9]tN[0xa3]5[0xad][0xae][0xa0][0x0]Z[0xfd][0x8a][0xac]S[0xe][0x81]k&[0xef]c[0x8a]Lj[0xad][0x94][0xad][0xac]6[0x5]|[0xfd][0x90][0x99]l[0xd0][0x9d][0xbb]Kw[0xbd][0xb3]n`/ [0xc][0x9e][0x8b][0x3][0xa4][0xe5]%[0xd3][0x8c][0xd3][0xc7]K[0xc2][0x1][0xa7]>[0x8f]r[0xc1]1[0xad](oHs[0x9a][0x8][0xff][0xa7][0xcc][0xba][0xda]]]>&#x7f;<![CDATA[B[0x8f][0xcd][0xc5][0xa9][0x0][0x0][0x0][\r][\n]"
<2017-09-26 13:04:29> DEBUG [org.apache.http.wire] http-outgoing-0 << "0[\r][\n]"
<2017-09-26 13:04:29> DEBUG [org.apache.http.wire] http-outgoing-0 << "[\r][\n]"
<2017-09-26 13:04:29> DEBUG [org.apache.http.headers] http-outgoing-0 << HTTP/1.1 200 OK
<2017-09-26 13:04:29> DEBUG [org.apache.http.headers] http-outgoing-0 << Server: nginx
<2017-09-26 13:04:29> DEBUG [org.apache.http.headers] http-outgoing-0 << Date: Tue, 26 Sep 2017 10:04:26 GMT
<2017-09-26 13:04:29> DEBUG [org.apache.http.headers] http-outgoing-0 << Content-Type: application/json;charset=utf-8
<2017-09-26 13:04:29> DEBUG [org.apache.http.headers] http-outgoing-0 << Transfer-Encoding: chunked
<2017-09-26 13:04:29> DEBUG [org.apache.http.headers] http-outgoing-0 << Connection: keep-alive
<2017-09-26 13:04:29> DEBUG [org.apache.http.headers] http-outgoing-0 << Set-Cookie: JSESSIONID=F6E28E4994D1584E597DBDFCCCB1737E; Path=/nexperience/; HttpOnly
<2017-09-26 13:04:29> DEBUG [org.apache.http.headers] http-outgoing-0 << Expires: Thu, 01 Jan 1970 00:00:00 GMT
<2017-09-26 13:04:29> DEBUG [org.apache.http.headers] http-outgoing-0 << Cache-Control: no-cache
<2017-09-26 13:04:29> DEBUG [org.apache.http.headers] http-outgoing-0 << Cache-Control: no-cache
<2017-09-26 13:04:29> DEBUG [org.apache.http.headers] http-outgoing-0 << Expires: Thu, 01 Jan 1970 00:00:00 GMT
<2017-09-26 13:04:29> DEBUG [org.apache.http.headers] http-outgoing-0 << Set-Cookie: fast_failed=true
<2017-09-26 13:04:29> DEBUG [org.apache.http.headers] http-outgoing-0 << X-XSS-Protection: 2; mode=block
<2017-09-26 13:04:29> DEBUG [org.apache.http.headers] http-outgoing-0 << Content-Encoding: gzip
<2017-09-26 13:04:29> DEBUG [o.a.h.i.execchain.MainClientExec] Connection can be kept alive indefinitely
<2017-09-26 13:04:29> DEBUG [o.a.h.c.p.ResponseProcessCookies] Cookie accepted [JSESSIONID="F6E28E4994D1584E597DBDFCCCB1737E", version:0, domain:branchtest.perfectomobile.com, path:/nexperience/, expiry:null]
<2017-09-26 13:04:29> DEBUG [o.a.h.c.p.ResponseProcessCookies] Cookie accepted [fast_failed="true", version:0, domain:branchtest.perfectomobile.com, path:/nexperience/perfectomobile/wd/hub/session/58e9750c-b4d6-4ed9-a103-01f993e76832, expiry:null]
<2017-09-26 13:04:29> DEBUG [o.a.h.i.c.PoolingHttpClientConnectionManager] Connection [id: 0][route: {s}->https://branchtest.perfectomobile.com:443] can be kept alive indefinitely
<2017-09-26 13:04:29> DEBUG [o.a.h.i.c.PoolingHttpClientConnectionManager] Connection released: [id: 0][route: {s}->https://branchtest.perfectomobile.com:443][total kept alive: 2; route allocated: 5 of 2000; total allocated: 5 of 2000]
<2017-09-26 13:04:29> DEBUG [o.a.h.c.p.RequestAddCookies] CookieSpec selected: default
<2017-09-26 13:04:29> DEBUG [o.a.h.c.p.RequestAddCookies] Cookie [version: 0][name: JSESSIONID][value: F6E28E4994D1584E597DBDFCCCB1737E][domain: branchtest.perfectomobile.com][path: /nexperience/][expiry: null] match [(secure)branchtest.perfectomobile.com:443/nexperience/perfectomobile/wd/hub/session/58e9750c-b4d6-4ed9-a103-01f993e76832/element/6/click]
<2017-09-26 13:04:29> DEBUG [o.a.h.c.p.RequestAddCookies] Cookie [version: 0][name: fast_failed][value: true][domain: branchtest.perfectomobile.com][path: /nexperience/perfectomobile/wd/hub][expiry: null] match [(secure)branchtest.perfectomobile.com:443/nexperience/perfectomobile/wd/hub/session/58e9750c-b4d6-4ed9-a103-01f993e76832/element/6/click]
<2017-09-26 13:04:29> DEBUG [o.a.h.c.p.RequestAddCookies] Cookie [version: 0][name: fast_failed][value: true][domain: branchtest.perfectomobile.com][path: /nexperience/perfectomobile/wd/hub/session/58e9750c-b4d6-4ed9-a103-01f993e76832][expiry: null] match [(secure)branchtest.perfectomobile.com:443/nexperience/perfectomobile/wd/hub/session/58e9750c-b4d6-4ed9-a103-01f993e76832/element/6/click]
<2017-09-26 13:04:29> DEBUG [o.a.h.c.p.RequestAuthCache] Auth cache not set in the context
<2017-09-26 13:04:29> DEBUG [o.a.h.i.c.PoolingHttpClientConnectionManager] Connection request: [route: {s}->https://branchtest.perfectomobile.com:443][total kept alive: 2; route allocated: 5 of 2000; total allocated: 5 of 2000]
<2017-09-26 13:04:29> DEBUG [o.a.h.i.c.PoolingHttpClientConnectionManager] Connection leased: [id: 0][route: {s}->https://branchtest.perfectomobile.com:443][total kept alive: 1; route allocated: 5 of 2000; total allocated: 5 of 2000]
<2017-09-26 13:04:29> DEBUG [o.a.h.i.execchain.MainClientExec] Stale connection check
<2017-09-26 13:04:29> DEBUG [org.apache.http.wire] http-outgoing-0 << "[read] I/O error: Read timed out"
<2017-09-26 13:04:29> DEBUG [o.a.h.i.c.DefaultManagedHttpClientConnection] http-outgoing-0: set socket timeout to 10800000
<2017-09-26 13:04:29> DEBUG [o.a.h.i.execchain.MainClientExec] Executing request POST /nexperience/perfectomobile/wd/hub/session/58e9750c-b4d6-4ed9-a103-01f993e76832/element/6/click HTTP/1.1
<2017-09-26 13:04:29> DEBUG [o.a.h.i.execchain.MainClientExec] Target auth state: UNCHALLENGED
<2017-09-26 13:04:29> DEBUG [o.a.h.i.execchain.MainClientExec] Proxy auth state: UNCHALLENGED
<2017-09-26 13:04:29> DEBUG [org.apache.http.headers] http-outgoing-0 >> POST /nexperience/perfectomobile/wd/hub/session/58e9750c-b4d6-4ed9-a103-01f993e76832/element/6/click HTTP/1.1
<2017-09-26 13:04:29> DEBUG [org.apache.http.headers] http-outgoing-0 >> Content-Type: application/json; charset=utf-8
<2017-09-26 13:04:29> DEBUG [org.apache.http.headers] http-outgoing-0 >> Content-Length: 10
<2017-09-26 13:04:29> DEBUG [org.apache.http.headers] http-outgoing-0 >> Host: branchtest.perfectomobile.com
<2017-09-26 13:04:29> DEBUG [org.apache.http.headers] http-outgoing-0 >> Connection: Keep-Alive
<2017-09-26 13:04:29> DEBUG [org.apache.http.headers] http-outgoing-0 >> User-Agent: Apache-HttpClient/4.5.2 (Java/1.8.0_121)
<2017-09-26 13:04:29> DEBUG [org.apache.http.headers] http-outgoing-0 >> Cookie: JSESSIONID=F6E28E4994D1584E597DBDFCCCB1737E; fast_failed=true; fast_failed=true
<2017-09-26 13:04:29> DEBUG [org.apache.http.headers] http-outgoing-0 >> Accept-Encoding: gzip,deflate
<2017-09-26 13:04:29> DEBUG [org.apache.http.wire] http-outgoing-0 >> "POST /nexperience/perfectomobile/wd/hub/session/58e9750c-b4d6-4ed9-a103-01f993e76832/element/6/click HTTP/1.1[\r][\n]"
<2017-09-26 13:04:29> DEBUG [org.apache.http.wire] http-outgoing-0 >> "Content-Type: application/json; charset=utf-8[\r][\n]"
<2017-09-26 13:04:29> DEBUG [org.apache.http.wire] http-outgoing-0 >> "Content-Length: 10[\r][\n]"
<2017-09-26 13:04:29> DEBUG [org.apache.http.wire] http-outgoing-0 >> "Host: branchtest.perfectomobile.com[\r][\n]"
<2017-09-26 13:04:29> DEBUG [org.apache.http.wire] http-outgoing-0 >> "Connection: Keep-Alive[\r][\n]"
<2017-09-26 13:04:29> DEBUG [org.apache.http.wire] http-outgoing-0 >> "User-Agent: Apache-HttpClient/4.5.2 (Java/1.8.0_121)[\r][\n]"
<2017-09-26 13:04:29> DEBUG [org.apache.http.wire] http-outgoing-0 >> "Cookie: JSESSIONID=F6E28E4994D1584E597DBDFCCCB1737E; fast_failed=true; fast_failed=true[\r][\n]"
<2017-09-26 13:04:29> DEBUG [org.apache.http.wire] http-outgoing-0 >> "Accept-Encoding: gzip,deflate[\r][\n]"
<2017-09-26 13:04:29> DEBUG [org.apache.http.wire] http-outgoing-0 >> "[\r][\n]"
<2017-09-26 13:04:29> DEBUG [org.apache.http.wire] http-outgoing-0 >> "{"id":"6"}"
<2017-09-26 13:04:29> DEBUG [org.apache.http.wire] http-outgoing-4 << "HTTP/1.1 200 OK[\r][\n]"
<2017-09-26 13:04:29> DEBUG [org.apache.http.wire] http-outgoing-4 << "Server: nginx[\r][\n]"
<2017-09-26 13:04:29> DEBUG [org.apache.http.wire] http-outgoing-4 << "Date: Tue, 26 Sep 2017 10:04:26 GMT[\r][\n]"
<2017-09-26 13:04:29> DEBUG [org.apache.http.wire] http-outgoing-4 << "Content-Type: application/json;charset=utf-8[\r][\n]"
<2017-09-26 13:04:29> DEBUG [org.apache.http.wire] http-outgoing-4 << "Transfer-Encoding: chunked[\r][\n]"
<2017-09-26 13:04:29> DEBUG [org.apache.http.wire] http-outgoing-4 << "Connection: keep-alive[\r][\n]"
<2017-09-26 13:04:29> DEBUG [org.apache.http.wire] http-outgoing-4 << "Set-Cookie: JSESSIONID=F6E28E4994D1584E597DBDFCCCB1737E; Path=/nexperience/; HttpOnly[\r][\n]"
<2017-09-26 13:04:29> DEBUG [org.apache.http.wire] http-outgoing-4 << "Expires: Thu, 01 Jan 1970 00:00:00 GMT[\r][\n]"
<2017-09-26 13:04:29> DEBUG [org.apache.http.wire] http-outgoing-4 << "Cache-Control: no-cache[\r][\n]"
<2017-09-26 13:04:29> DEBUG [org.apache.http.wire] http-outgoing-4 << "Cache-Control: no-cache[\r][\n]"
<2017-09-26 13:04:29> DEBUG [org.apache.http.wire] http-outgoing-4 << "Expires: Thu, 01 Jan 1970 00:00:00 GMT[\r][\n]"
<2017-09-26 13:04:29> DEBUG [org.apache.http.wire] http-outgoing-4 << "Set-Cookie: fast_failed=true[\r][\n]"
<2017-09-26 13:04:29> DEBUG [org.apache.http.wire] http-outgoing-4 << "X-XSS-Protection: 2; mode=block[\r][\n]"
<2017-09-26 13:04:29> DEBUG [org.apache.http.wire] http-outgoing-4 << "Content-Encoding: gzip[\r][\n]"
<2017-09-26 13:04:29> DEBUG [org.apache.http.wire] http-outgoing-4 << "[\r][\n]"
<2017-09-26 13:04:29> DEBUG [org.apache.http.wire] http-outgoing-4 << "96[\r][\n]"
<2017-09-26 13:04:29> DEBUG [org.apache.http.wire] http-outgoing-4 << "[0x1f][0x8b][0x8][0x0][0x0][0x0][0x0][0x0][0x0][0x3]-[0xcc]1[0x12][0xc2] [0x10][0x85][0xe1][0xbb]l[\r]L [0xc9][0x90][0xa4][0xb5][0xb2][0xf5][0x6]+Y43[0x4]b[0x16]l[0x1c][0xef][0xee][0x16][0xb6][0xff]|[0xef]}[0x80][0x89]y+[0xf9][0xba][0xc2][0x2]][0xec][0xe3][0x18]-i[0xc][0xf1][0xae][0x87][0xde][0xf7][0x1a];kuD[0x8c][0xce][0xb9][0x81][0xbc][0x9f]A[0x1]W[0xac]$[0x9c][[0x8][0xb2][0x96][0xf2][0xbc][0x94]U[0x8a][0x9d]Fo'g[0x87]Y[0xc1][0x1b]S[0x93][0x94][J[\n]"
<2017-09-26 13:04:29> DEBUG [org.apache.http.wire] http-outgoing-4 << "BBq[0xb][0x94][0xf3]a[0xca]A[0xf9][0x85][0x86])Q[0xde][0xda]nN[0xda]K%s#>Jf[0xfa][0xff]7[0xe1][0xdd][0xf7][0x7]}[0x12][0x4]P[0x9f][0x0][0x0][0x0][\r][\n]"
<2017-09-26 13:04:29> DEBUG [org.apache.http.wire] http-outgoing-4 << "0[\r][\n]"
<2017-09-26 13:04:29> DEBUG [org.apache.http.wire] http-outgoing-4 << "[\r][\n]"
<2017-09-26 13:04:29> DEBUG [org.apache.http.headers] http-outgoing-4 << HTTP/1.1 200 OK
<2017-09-26 13:04:29> DEBUG [org.apache.http.headers] http-outgoing-4 << Server: nginx
<2017-09-26 13:04:29> DEBUG [org.apache.http.headers] http-outgoing-4 << Date: Tue, 26 Sep 2017 10:04:26 GMT
<2017-09-26 13:04:29> DEBUG [org.apache.http.headers] http-outgoing-4 << Content-Type: application/json;charset=utf-8
<2017-09-26 13:04:29> DEBUG [org.apache.http.headers] http-outgoing-4 << Transfer-Encoding: chunked
<2017-09-26 13:04:29> DEBUG [org.apache.http.headers] http-outgoing-4 << Connection: keep-alive
<2017-09-26 13:04:29> DEBUG [org.apache.http.headers] http-outgoing-4 << Set-Cookie: JSESSIONID=F6E28E4994D1584E597DBDFCCCB1737E; Path=/nexperience/; HttpOnly
<2017-09-26 13:04:29> DEBUG [org.apache.http.headers] http-outgoing-4 << Expires: Thu, 01 Jan 1970 00:00:00 GMT
<2017-09-26 13:04:29> DEBUG [org.apache.http.headers] http-outgoing-4 << Cache-Control: no-cache
<2017-09-26 13:04:29> DEBUG [org.apache.http.headers] http-outgoing-4 << Cache-Control: no-cache
<2017-09-26 13:04:29> DEBUG [org.apache.http.headers] http-outgoing-4 << Expires: Thu, 01 Jan 1970 00:00:00 GMT
<2017-09-26 13:04:29> DEBUG [org.apache.http.headers] http-outgoing-4 << Set-Cookie: fast_failed=true
<2017-09-26 13:04:29> DEBUG [org.apache.http.headers] http-outgoing-4 << X-XSS-Protection: 2; mode=block
<2017-09-26 13:04:29> DEBUG [org.apache.http.headers] http-outgoing-4 << Content-Encoding: gzip
<2017-09-26 13:04:29> DEBUG [o.a.h.i.execchain.MainClientExec] Connection can be kept alive indefinitely
<2017-09-26 13:04:29> DEBUG [o.a.h.c.p.ResponseProcessCookies] Cookie accepted [JSESSIONID="F6E28E4994D1584E597DBDFCCCB1737E", version:0, domain:branchtest.perfectomobile.com, path:/nexperience/, expiry:null]
<2017-09-26 13:04:29> DEBUG [o.a.h.c.p.ResponseProcessCookies] Cookie accepted [fast_failed="true", version:0, domain:branchtest.perfectomobile.com, path:/nexperience/perfectomobile/wd/hub/session/0f3f5f1e-acfb-4373-a011-faaf2224e779/element/14, expiry:null]
<2017-09-26 13:04:29> DEBUG [o.a.h.i.c.PoolingHttpClientConnectionManager] Connection [id: 4][route: {s}->https://branchtest.perfectomobile.com:443] can be kept alive indefinitely
<2017-09-26 13:04:29> DEBUG [o.a.h.i.c.PoolingHttpClientConnectionManager] Connection released: [id: 4][route: {s}->https://branchtest.perfectomobile.com:443][total kept alive: 2; route allocated: 5 of 2000; total allocated: 5 of 2000]
<2017-09-26 13:04:30> DEBUG [org.apache.http.wire] http-outgoing-1 << "HTTP/1.1 200 OK[\r][\n]"
<2017-09-26 13:04:30> DEBUG [org.apache.http.wire] http-outgoing-1 << "Server: nginx[\r][\n]"
<2017-09-26 13:04:30> DEBUG [org.apache.http.wire] http-outgoing-1 << "Date: Tue, 26 Sep 2017 10:04:26 GMT[\r][\n]"
<2017-09-26 13:04:30> DEBUG [org.apache.http.wire] http-outgoing-1 << "Content-Type: application/json;charset=utf-8[\r][\n]"
<2017-09-26 13:04:30> DEBUG [org.apache.http.wire] http-outgoing-1 << "Transfer-Encoding: chunked[\r][\n]"
<2017-09-26 13:04:30> DEBUG [org.apache.http.wire] http-outgoing-1 << "Connection: keep-alive[\r][\n]"
<2017-09-26 13:04:30> DEBUG [org.apache.http.wire] http-outgoing-1 << "Set-Cookie: JSESSIONID=F6E28E4994D1584E597DBDFCCCB1737E; Path=/nexperience/; HttpOnly[\r][\n]"
<2017-09-26 13:04:30> DEBUG [org.apache.http.wire] http-outgoing-1 << "Expires: Thu, 01 Jan 1970 00:00:00 GMT[\r][\n]"
<2017-09-26 13:04:30> DEBUG [org.apache.http.wire] http-outgoing-1 << "Cache-Control: no-cache[\r][\n]"
<2017-09-26 13:04:30> DEBUG [org.apache.http.wire] http-outgoing-1 << "Cache-Control: no-cache[\r][\n]"
<2017-09-26 13:04:30> DEBUG [org.apache.http.wire] http-outgoing-1 << "Expires: Thu, 01 Jan 1970 00:00:00 GMT[\r][\n]"
<2017-09-26 13:04:30> DEBUG [org.apache.http.wire] http-outgoing-1 << "Set-Cookie: fast_failed=true[\r][\n]"
<2017-09-26 13:04:30> DEBUG [org.apache.http.wire] http-outgoing-1 << "X-XSS-Protection: 2; mode=block[\r][\n]"
<2017-09-26 13:04:30> DEBUG [org.apache.http.wire] http-outgoing-1 << "Content-Encoding: gzip[\r][\n]"
<2017-09-26 13:04:30> DEBUG [org.apache.http.wire] http-outgoing-1 << "[\r][\n]"
<2017-09-26 13:04:30> DEBUG [org.apache.http.wire] http-outgoing-1 << "97[\r][\n]"
<2017-09-26 13:04:30> DEBUG [org.apache.http.wire] http-outgoing-1 << "[0x1f][0x8b][0x8][0x0][0x0][0x0][0x0][0x0][0x0][0x3]-[0xcc][0xbb][0x12][0x82]0[0x10][0x85][0xe1]w[0xd9][0x9a]d[0x2][0xc1][0x10]h[0xad]l}[0x83]\Ve&$[0xc0]&6[0x8e][0xef][0xee][0x16][0xb6][0xff]|[0xe7]|[0x80][0x90]h-[0xf9][0x16]a[0x81][0x80][0xc6][0xfa]~P[0xc2][0x98][0xd9][0x88][0xd1]][0xa2][0xb0][0xb3][0xb6]b[\n]"
<2017-09-26 13:04:30> DEBUG [org.apache.http.wire] http-outgoing-1 << "[0x8f][0xd1]{[0xb4]V[0xf7]3t@[0xd5]UdN-[0x4]^sy]K[0xe4]2[0xa8]i4JOz[0xe8][0xe0][0xed]R[0xe3][0x94][J[0x1d][0x84][0xe4][0xd8]-P[0xce][0xa7],;[0xe6][0xc3]I[0xc2][0x84]ym[0x9b]<q+[0x15][0xe5][0x1d]i/[0x99][0xf0][0xff][0xdf][0x98][0xab][0xef][0xf][0xec][0xae][0xbe][0x92][0x9f][0x0][0x0][0x0][\r][\n]"
<2017-09-26 13:04:30> DEBUG [org.apache.http.wire] http-outgoing-1 << "0[\r][\n]"
<2017-09-26 13:04:30> DEBUG [org.apache.http.wire] http-outgoing-1 << "[\r][\n]"
<2017-09-26 13:04:30> DEBUG [org.apache.http.headers] http-outgoing-1 << HTTP/1.1 200 OK
<2017-09-26 13:04:30> DEBUG [org.apache.http.headers] http-outgoing-1 << Server: nginx
<2017-09-26 13:04:30> DEBUG [org.apache.http.headers] http-outgoing-1 << Date: Tue, 26 Sep 2017 10:04:26 GMT
<2017-09-26 13:04:30> DEBUG [org.apache.http.headers] http-outgoing-1 << Content-Type: application/json;charset=utf-8
<2017-09-26 13:04:30> DEBUG [org.apache.http.headers] http-outgoing-1 << Transfer-Encoding: chunked
<2017-09-26 13:04:30> DEBUG [org.apache.http.headers] http-outgoing-1 << Connection: keep-alive
<2017-09-26 13:04:30> DEBUG [org.apache.http.headers] http-outgoing-1 << Set-Cookie: JSESSIONID=F6E28E4994D1584E597DBDFCCCB1737E; Path=/nexperience/; HttpOnly
<2017-09-26 13:04:30> DEBUG [org.apache.http.headers] http-outgoing-1 << Expires: Thu, 01 Jan 1970 00:00:00 GMT
<2017-09-26 13:04:30> DEBUG [org.apache.http.headers] http-outgoing-1 << Cache-Control: no-cache
<2017-09-26 13:04:30> DEBUG [org.apache.http.headers] http-outgoing-1 << Cache-Control: no-cache
<2017-09-26 13:04:30> DEBUG [org.apache.http.headers] http-outgoing-1 << Expires: Thu, 01 Jan 1970 00:00:00 GMT
<2017-09-26 13:04:30> DEBUG [org.apache.http.headers] http-outgoing-1 << Set-Cookie: fast_failed=true
<2017-09-26 13:04:30> DEBUG [org.apache.http.headers] http-outgoing-1 << X-XSS-Protection: 2; mode=block
<2017-09-26 13:04:30> DEBUG [org.apache.http.headers] http-outgoing-1 << Content-Encoding: gzip
<2017-09-26 13:04:30> DEBUG [o.a.h.i.execchain.MainClientExec] Connection can be kept alive indefinitely
<2017-09-26 13:04:30> DEBUG [o.a.h.c.p.ResponseProcessCookies] Cookie accepted [JSESSIONID="F6E28E4994D1584E597DBDFCCCB1737E", version:0, domain:branchtest.perfectomobile.com, path:/nexperience/, expiry:null]
<2017-09-26 13:04:30> DEBUG [o.a.h.c.p.ResponseProcessCookies] Cookie accepted [fast_failed="true", version:0, domain:branchtest.perfectomobile.com, path:/nexperience/perfectomobile/wd/hub/session/ce68b120-6696-4a5d-8938-7cf4bbe88319, expiry:null]
<2017-09-26 13:04:30> DEBUG [o.a.h.i.c.PoolingHttpClientConnectionManager] Connection [id: 1][route: {s}->https://branchtest.perfectomobile.com:443] can be kept alive indefinitely
<2017-09-26 13:04:30> DEBUG [o.a.h.i.c.PoolingHttpClientConnectionManager] Connection released: [id: 1][route: {s}->https://branchtest.perfectomobile.com:443][total kept alive: 3; route allocated: 5 of 2000; total allocated: 5 of 2000]
<2017-09-26 13:04:30> DEBUG [org.apache.http.wire] http-outgoing-0 << "HTTP/1.1 200 OK[\r][\n]"
<2017-09-26 13:04:30> DEBUG [org.apache.http.wire] http-outgoing-0 << "Server: nginx[\r][\n]"
<2017-09-26 13:04:30> DEBUG [org.apache.http.wire] http-outgoing-0 << "Date: Tue, 26 Sep 2017 10:04:27 GMT[\r][\n]"
<2017-09-26 13:04:30> DEBUG [org.apache.http.wire] http-outgoing-0 << "Content-Type: application/json;charset=utf-8[\r][\n]"
<2017-09-26 13:04:30> DEBUG [org.apache.http.wire] http-outgoing-0 << "Transfer-Encoding: chunked[\r][\n]"
<2017-09-26 13:04:30> DEBUG [org.apache.http.wire] http-outgoing-0 << "Connection: keep-alive[\r][\n]"
<2017-09-26 13:04:30> DEBUG [org.apache.http.wire] http-outgoing-0 << "Set-Cookie: JSESSIONID=F6E28E4994D1584E597DBDFCCCB1737E; Path=/nexperience/; HttpOnly[\r][\n]"
<2017-09-26 13:04:30> DEBUG [org.apache.http.wire] http-outgoing-0 << "Expires: Thu, 01 Jan 1970 00:00:00 GMT[\r][\n]"
<2017-09-26 13:04:30> DEBUG [org.apache.http.wire] http-outgoing-0 << "Cache-Control: no-cache[\r][\n]"
<2017-09-26 13:04:30> DEBUG [org.apache.http.wire] http-outgoing-0 << "Cache-Control: no-cache[\r][\n]"
<2017-09-26 13:04:30> DEBUG [org.apache.http.wire] http-outgoing-0 << "Expires: Thu, 01 Jan 1970 00:00:00 GMT[\r][\n]"
<2017-09-26 13:04:30> DEBUG [org.apache.http.wire] http-outgoing-0 << "Set-Cookie: fast_failed=true[\r][\n]"
<2017-09-26 13:04:30> DEBUG [org.apache.http.wire] http-outgoing-0 << "X-XSS-Protection: 2; mode=block[\r][\n]"
<2017-09-26 13:04:30> DEBUG [org.apache.http.wire] http-outgoing-0 << "Content-Encoding: gzip[\r][\n]"
<2017-09-26 13:04:30> DEBUG [org.apache.http.wire] http-outgoing-0 << "[\r][\n]"
<2017-09-26 13:04:30> DEBUG [org.apache.http.wire] http-outgoing-0 << "96[\r][\n]"
<2017-09-26 13:04:30> DEBUG [org.apache.http.wire] http-outgoing-0 << "[0x1f][0x8b][0x8][0x0][0x0][0x0][0x0][0x0][0x0][0x3]-[0xcc]1[0x12][0xc2] [0x10][0x85][0xe1][0xbb]l[0x1d][0x18][0x12][0x12][0x8]i[0xad]l[0xbd][0x1][0xc2][0xaa][0x99]![0x90]d[0xc1][0xc6][0xf1][0xee]na[0xfb][0xcf][0xf7][0xde][0x7][0x8][0x89][0xd6][0x92][0xaf][0x11][0x16][0x98]ftvRA[0xdc][0xc7]h[0xc4][0x88][0xd1][0x9][0xdf]+-T[0xff]pN[0xa3]5[0xb3][0x1e][0xa0][0x3][0xaa][0xbe]"sj![0xf0][0x9a][0xcb][0xeb]R"[0x97][0xde][0xe]j[0x9c][0x8d][0xd3][0x1d][0xbc]}j\rK[0xa9][0x83][0x90]<[0xb3][0x5][0xca][0xf9][0x94]e[0xc7]|xI[0x98]0[0xaf]m[0x93]'n[0xa5][0xa2][0xbc]![0xed]%[0x13][0xfe][0xef][0x1b]s[0xf5][0xfd][0x1]6[0x1e][0x11]2[0x9e][0x0][0x0][0x0][\r][\n]"
<2017-09-26 13:04:30> DEBUG [org.apache.http.wire] http-outgoing-0 << "0[\r][\n]"
<2017-09-26 13:04:30> DEBUG [org.apache.http.wire] http-outgoing-0 << "[\r][\n]"
<2017-09-26 13:04:30> DEBUG [org.apache.http.headers] http-outgoing-0 << HTTP/1.1 200 OK
<2017-09-26 13:04:30> DEBUG [org.apache.http.headers] http-outgoing-0 << Server: nginx
<2017-09-26 13:04:30> DEBUG [org.apache.http.headers] http-outgoing-0 << Date: Tue, 26 Sep 2017 10:04:27 GMT
<2017-09-26 13:04:30> DEBUG [org.apache.http.headers] http-outgoing-0 << Content-Type: application/json;charset=utf-8
<2017-09-26 13:04:30> DEBUG [org.apache.http.headers] http-outgoing-0 << Transfer-Encoding: chunked
<2017-09-26 13:04:30> DEBUG [org.apache.http.headers] http-outgoing-0 << Connection: keep-alive
<2017-09-26 13:04:30> DEBUG [org.apache.http.headers] http-outgoing-0 << Set-Cookie: JSESSIONID=F6E28E4994D1584E597DBDFCCCB1737E; Path=/nexperience/; HttpOnly
<2017-09-26 13:04:30> DEBUG [org.apache.http.headers] http-outgoing-0 << Expires: Thu, 01 Jan 1970 00:00:00 GMT
<2017-09-26 13:04:30> DEBUG [org.apache.http.headers] http-outgoing-0 << Cache-Control: no-cache
<2017-09-26 13:04:30> DEBUG [org.apache.http.headers] http-outgoing-0 << Cache-Control: no-cache
<2017-09-26 13:04:30> DEBUG [org.apache.http.headers] http-outgoing-0 << Expires: Thu, 01 Jan 1970 00:00:00 GMT
<2017-09-26 13:04:30> DEBUG [org.apache.http.headers] http-outgoing-0 << Set-Cookie: fast_failed=true
<2017-09-26 13:04:30> DEBUG [org.apache.http.headers] http-outgoing-0 << X-XSS-Protection: 2; mode=block
<2017-09-26 13:04:30> DEBUG [org.apache.http.headers] http-outgoing-0 << Content-Encoding: gzip
<2017-09-26 13:04:30> DEBUG [o.a.h.i.execchain.MainClientExec] Connection can be kept alive indefinitely
<2017-09-26 13:04:30> DEBUG [o.a.h.c.p.ResponseProcessCookies] Cookie accepted [JSESSIONID="F6E28E4994D1584E597DBDFCCCB1737E", version:0, domain:branchtest.perfectomobile.com, path:/nexperience/, expiry:null]
<2017-09-26 13:04:30> DEBUG [o.a.h.c.p.ResponseProcessCookies] Cookie accepted [fast_failed="true", version:0, domain:branchtest.perfectomobile.com, path:/nexperience/perfectomobile/wd/hub/session/58e9750c-b4d6-4ed9-a103-01f993e76832/element/6, expiry:null]
<2017-09-26 13:04:30> DEBUG [o.a.h.i.c.PoolingHttpClientConnectionManager] Connection [id: 0][route: {s}->https://branchtest.perfectomobile.com:443] can be kept alive indefinitely
<2017-09-26 13:04:30> DEBUG [o.a.h.i.c.PoolingHttpClientConnectionManager] Connection released: [id: 0][route: {s}->https://branchtest.perfectomobile.com:443][total kept alive: 4; route allocated: 5 of 2000; total allocated: 5 of 2000]
<2017-09-26 13:04:30> DEBUG [o.a.h.c.p.RequestAddCookies] CookieSpec selected: default
<2017-09-26 13:04:30> DEBUG [o.a.h.c.p.RequestAddCookies] Cookie [version: 0][name: JSESSIONID][value: F6E28E4994D1584E597DBDFCCCB1737E][domain: branchtest.perfectomobile.com][path: /nexperience/][expiry: null] match [(secure)branchtest.perfectomobile.com:443/nexperience/perfectomobile/wd/hub/session/58e9750c-b4d6-4ed9-a103-01f993e76832/element]
<2017-09-26 13:04:30> DEBUG [o.a.h.c.p.RequestAddCookies] Cookie [version: 0][name: fast_failed][value: true][domain: branchtest.perfectomobile.com][path: /nexperience/perfectomobile/wd/hub][expiry: null] match [(secure)branchtest.perfectomobile.com:443/nexperience/perfectomobile/wd/hub/session/58e9750c-b4d6-4ed9-a103-01f993e76832/element]
<2017-09-26 13:04:30> DEBUG [o.a.h.c.p.RequestAddCookies] Cookie [version: 0][name: fast_failed][value: true][domain: branchtest.perfectomobile.com][path: /nexperience/perfectomobile/wd/hub/session/58e9750c-b4d6-4ed9-a103-01f993e76832][expiry: null] match [(secure)branchtest.perfectomobile.com:443/nexperience/perfectomobile/wd/hub/session/58e9750c-b4d6-4ed9-a103-01f993e76832/element]
<2017-09-26 13:04:30> DEBUG [o.a.h.c.p.RequestAuthCache] Auth cache not set in the context
<2017-09-26 13:04:30> DEBUG [o.a.h.i.c.PoolingHttpClientConnectionManager] Connection request: [route: {s}->https://branchtest.perfectomobile.com:443][total kept alive: 4; route allocated: 5 of 2000; total allocated: 5 of 2000]
<2017-09-26 13:04:30> DEBUG [o.a.h.i.c.PoolingHttpClientConnectionManager] Connection leased: [id: 0][route: {s}->https://branchtest.perfectomobile.com:443][total kept alive: 3; route allocated: 5 of 2000; total allocated: 5 of 2000]
<2017-09-26 13:04:30> DEBUG [o.a.h.i.execchain.MainClientExec] Stale connection check
<2017-09-26 13:04:30> DEBUG [org.apache.http.wire] http-outgoing-0 << "[read] I/O error: Read timed out"
<2017-09-26 13:04:30> DEBUG [o.a.h.i.c.DefaultManagedHttpClientConnection] http-outgoing-0: set socket timeout to 10800000
<2017-09-26 13:04:30> DEBUG [o.a.h.i.execchain.MainClientExec] Executing request POST /nexperience/perfectomobile/wd/hub/session/58e9750c-b4d6-4ed9-a103-01f993e76832/element HTTP/1.1
<2017-09-26 13:04:30> DEBUG [o.a.h.i.execchain.MainClientExec] Target auth state: UNCHALLENGED
<2017-09-26 13:04:30> DEBUG [o.a.h.i.execchain.MainClientExec] Proxy auth state: UNCHALLENGED
<2017-09-26 13:04:30> DEBUG [org.apache.http.headers] http-outgoing-0 >> POST /nexperience/perfectomobile/wd/hub/session/58e9750c-b4d6-4ed9-a103-01f993e76832/element HTTP/1.1
<2017-09-26 13:04:30> DEBUG [org.apache.http.headers] http-outgoing-0 >> Content-Type: application/json; charset=utf-8
<2017-09-26 13:04:30> DEBUG [org.apache.http.headers] http-outgoing-0 >> Content-Length: 85
<2017-09-26 13:04:30> DEBUG [org.apache.http.headers] http-outgoing-0 >> Host: branchtest.perfectomobile.com
<2017-09-26 13:04:30> DEBUG [org.apache.http.headers] http-outgoing-0 >> Connection: Keep-Alive
<2017-09-26 13:04:30> DEBUG [org.apache.http.headers] http-outgoing-0 >> User-Agent: Apache-HttpClient/4.5.2 (Java/1.8.0_121)
<2017-09-26 13:04:30> DEBUG [org.apache.http.headers] http-outgoing-0 >> Cookie: JSESSIONID=F6E28E4994D1584E597DBDFCCCB1737E; fast_failed=true; fast_failed=true
<2017-09-26 13:04:30> DEBUG [org.apache.http.headers] http-outgoing-0 >> Accept-Encoding: gzip,deflate
<2017-09-26 13:04:30> DEBUG [org.apache.http.wire] http-outgoing-0 >> "POST /nexperience/perfectomobile/wd/hub/session/58e9750c-b4d6-4ed9-a103-01f993e76832/element HTTP/1.1[\r][\n]"
<2017-09-26 13:04:30> DEBUG [org.apache.http.wire] http-outgoing-0 >> "Content-Type: application/json; charset=utf-8[\r][\n]"
<2017-09-26 13:04:30> DEBUG [org.apache.http.wire] http-outgoing-0 >> "Content-Length: 85[\r][\n]"
<2017-09-26 13:04:30> DEBUG [org.apache.http.wire] http-outgoing-0 >> "Host: branchtest.perfectomobile.com[\r][\n]"
<2017-09-26 13:04:30> DEBUG [org.apache.http.wire] http-outgoing-0 >> "Connection: Keep-Alive[\r][\n]"
<2017-09-26 13:04:30> DEBUG [org.apache.http.wire] http-outgoing-0 >> "User-Agent: Apache-HttpClient/4.5.2 (Java/1.8.0_121)[\r][\n]"
<2017-09-26 13:04:30> DEBUG [org.apache.http.wire] http-outgoing-0 >> "Cookie: JSESSIONID=F6E28E4994D1584E597DBDFCCCB1737E; fast_failed=true; fast_failed=true[\r][\n]"
<2017-09-26 13:04:30> DEBUG [org.apache.http.wire] http-outgoing-0 >> "Accept-Encoding: gzip,deflate[\r][\n]"
<2017-09-26 13:04:30> DEBUG [org.apache.http.wire] http-outgoing-0 >> "[\r][\n]"
<2017-09-26 13:04:30> DEBUG [org.apache.http.wire] http-outgoing-0 >> "{"using":"xpath","value":"//*[@id=\"register_form\"]/fieldset[3]/div/label[1]/input"}"
<2017-09-26 13:04:30> DEBUG [org.apache.http.wire] http-outgoing-0 << "HTTP/1.1 200 OK[\r][\n]"
<2017-09-26 13:04:30> DEBUG [org.apache.http.wire] http-outgoing-0 << "Server: nginx[\r][\n]"
<2017-09-26 13:04:30> DEBUG [org.apache.http.wire] http-outgoing-0 << "Date: Tue, 26 Sep 2017 10:04:27 GMT[\r][\n]"
<2017-09-26 13:04:30> DEBUG [org.apache.http.wire] http-outgoing-0 << "Content-Type: application/json;charset=utf-8[\r][\n]"
<2017-09-26 13:04:30> DEBUG [org.apache.http.wire] http-outgoing-0 << "Transfer-Encoding: chunked[\r][\n]"
<2017-09-26 13:04:30> DEBUG [org.apache.http.wire] http-outgoing-0 << "Connection: keep-alive[\r][\n]"
<2017-09-26 13:04:30> DEBUG [org.apache.http.wire] http-outgoing-0 << "Set-Cookie: JSESSIONID=F6E28E4994D1584E597DBDFCCCB1737E; Path=/nexperience/; HttpOnly[\r][\n]"
<2017-09-26 13:04:30> DEBUG [org.apache.http.wire] http-outgoing-0 << "Expires: Thu, 01 Jan 1970 00:00:00 GMT[\r][\n]"
<2017-09-26 13:04:30> DEBUG [org.apache.http.wire] http-outgoing-0 << "Cache-Control: no-cache[\r][\n]"
<2017-09-26 13:04:30> DEBUG [org.apache.http.wire] http-outgoing-0 << "Cache-Control: no-cache[\r][\n]"
<2017-09-26 13:04:30> DEBUG [org.apache.http.wire] http-outgoing-0 << "Expires: Thu, 01 Jan 1970 00:00:00 GMT[\r][\n]"
<2017-09-26 13:04:30> DEBUG [org.apache.http.wire] http-outgoing-0 << "Set-Cookie: fast_failed=true[\r][\n]"
<2017-09-26 13:04:30> DEBUG [org.apache.http.wire] http-outgoing-0 << "X-XSS-Protection: 2; mode=block[\r][\n]"
<2017-09-26 13:04:30> DEBUG [org.apache.http.wire] http-outgoing-0 << "Content-Encoding: gzip[\r][\n]"
<2017-09-26 13:04:30> DEBUG [org.apache.http.wire] http-outgoing-0 << "[\r][\n]"
<2017-09-26 13:04:30> DEBUG [org.apache.http.wire] http-outgoing-0 << "a0[\r][\n]"
<2017-09-26 13:04:30> DEBUG [org.apache.http.wire] http-outgoing-0 << "[0x1f][0x8b][0x8][0x0][0x0][0x0][0x0][0x0][0x0][0x3]-[0x8d][0xcb][0xe][0xc2] [0x10][0x0][0xff]e[0xcf][0x85][0xd0]'[0xe0][0xd5][0xf4]`[0xa2][0x1e][0x8c]?[0x80][0xb0]j[0x93][0x16]j[0xb7]xi[0xfa][0xef][0xee][0xc1][0xeb]d&[0xb3][0x1]![0xd1][0x90][0xe2])[0xc0][0x1]Z[0x83]V[0xb7][0xca][0x8b]G[0x13]:[0xd1]`[0xb0][0xc2][0x95][0xaa][0x16][0xaa]|Z[[0xa3][0xee]L]A[0x1][0xb4][0xba][0x15]Y[0xa7][0xec]=[0xd7]L[0xde][0xc7][0x14][0x98][0x98][0xca]4[0xaa][0xed][0xac].[0xe0][0xeb][0xc6][0xcc]d[0x83][0xfe][0xdc]_[0xfa][0xeb][0x9d]u[\r]{[0x1]~t\[0x1c] -/[0x99]f[0x8c][0x1f]'[0x9]G[0x8c]C[0x9e][0xe4][0x82]SZQ[0xde][0x90][0xe6][0x14][0x9][0xff][0xa7][0xcc][0xba][0xda]]]>&#x7f;<![CDATA[[0x9a]=[0x13][0xcb][0xa9][0x0][0x0][0x0][\r][\n]"
<2017-09-26 13:04:30> DEBUG [org.apache.http.wire] http-outgoing-0 << "0[\r][\n]"
<2017-09-26 13:04:30> DEBUG [org.apache.http.wire] http-outgoing-0 << "[\r][\n]"
<2017-09-26 13:04:30> DEBUG [org.apache.http.headers] http-outgoing-0 << HTTP/1.1 200 OK
<2017-09-26 13:04:30> DEBUG [org.apache.http.headers] http-outgoing-0 << Server: nginx
<2017-09-26 13:04:30> DEBUG [org.apache.http.headers] http-outgoing-0 << Date: Tue, 26 Sep 2017 10:04:27 GMT
<2017-09-26 13:04:30> DEBUG [org.apache.http.headers] http-outgoing-0 << Content-Type: application/json;charset=utf-8
<2017-09-26 13:04:30> DEBUG [org.apache.http.headers] http-outgoing-0 << Transfer-Encoding: chunked
<2017-09-26 13:04:30> DEBUG [org.apache.http.headers] http-outgoing-0 << Connection: keep-alive
<2017-09-26 13:04:30> DEBUG [org.apache.http.headers] http-outgoing-0 << Set-Cookie: JSESSIONID=F6E28E4994D1584E597DBDFCCCB1737E; Path=/nexperience/; HttpOnly
<2017-09-26 13:04:30> DEBUG [org.apache.http.headers] http-outgoing-0 << Expires: Thu, 01 Jan 1970 00:00:00 GMT
<2017-09-26 13:04:30> DEBUG [org.apache.http.headers] http-outgoing-0 << Cache-Control: no-cache
<2017-09-26 13:04:30> DEBUG [org.apache.http.headers] http-outgoing-0 << Cache-Control: no-cache
<2017-09-26 13:04:30> DEBUG [org.apache.http.headers] http-outgoing-0 << Expires: Thu, 01 Jan 1970 00:00:00 GMT
<2017-09-26 13:04:30> DEBUG [org.apache.http.headers] http-outgoing-0 << Set-Cookie: fast_failed=true
<2017-09-26 13:04:30> DEBUG [org.apache.http.headers] http-outgoing-0 << X-XSS-Protection: 2; mode=block
<2017-09-26 13:04:30> DEBUG [org.apache.http.headers] http-outgoing-0 << Content-Encoding: gzip
<2017-09-26 13:04:30> DEBUG [o.a.h.i.execchain.MainClientExec] Connection can be kept alive indefinitely
<2017-09-26 13:04:30> DEBUG [o.a.h.c.p.ResponseProcessCookies] Cookie accepted [JSESSIONID="F6E28E4994D1584E597DBDFCCCB1737E", version:0, domain:branchtest.perfectomobile.com, path:/nexperience/, expiry:null]
<2017-09-26 13:04:30> DEBUG [o.a.h.c.p.ResponseProcessCookies] Cookie accepted [fast_failed="true", version:0, domain:branchtest.perfectomobile.com, path:/nexperience/perfectomobile/wd/hub/session/58e9750c-b4d6-4ed9-a103-01f993e76832, expiry:null]
<2017-09-26 13:04:30> DEBUG [o.a.h.i.c.PoolingHttpClientConnectionManager] Connection [id: 0][route: {s}->https://branchtest.perfectomobile.com:443] can be kept alive indefinitely
<2017-09-26 13:04:30> DEBUG [o.a.h.i.c.PoolingHttpClientConnectionManager] Connection released: [id: 0][route: {s}->https://branchtest.perfectomobile.com:443][total kept alive: 4; route allocated: 5 of 2000; total allocated: 5 of 2000]
<2017-09-26 13:04:30> DEBUG [o.a.h.c.p.RequestAddCookies] CookieSpec selected: default
<2017-09-26 13:04:30> DEBUG [o.a.h.c.p.RequestAddCookies] Cookie [version: 0][name: JSESSIONID][value: F6E28E4994D1584E597DBDFCCCB1737E][domain: branchtest.perfectomobile.com][path: /nexperience/][expiry: null] match [(secure)branchtest.perfectomobile.com:443/nexperience/perfectomobile/wd/hub/session/58e9750c-b4d6-4ed9-a103-01f993e76832/element/7/click]
<2017-09-26 13:04:30> DEBUG [o.a.h.c.p.RequestAddCookies] Cookie [version: 0][name: fast_failed][value: true][domain: branchtest.perfectomobile.com][path: /nexperience/perfectomobile/wd/hub][expiry: null] match [(secure)branchtest.perfectomobile.com:443/nexperience/perfectomobile/wd/hub/session/58e9750c-b4d6-4ed9-a103-01f993e76832/element/7/click]
<2017-09-26 13:04:30> DEBUG [o.a.h.c.p.RequestAddCookies] Cookie [version: 0][name: fast_failed][value: true][domain: branchtest.perfectomobile.com][path: /nexperience/perfectomobile/wd/hub/session/58e9750c-b4d6-4ed9-a103-01f993e76832][expiry: null] match [(secure)branchtest.perfectomobile.com:443/nexperience/perfectomobile/wd/hub/session/58e9750c-b4d6-4ed9-a103-01f993e76832/element/7/click]
<2017-09-26 13:04:30> DEBUG [o.a.h.c.p.RequestAuthCache] Auth cache not set in the context
<2017-09-26 13:04:30> DEBUG [o.a.h.i.c.PoolingHttpClientConnectionManager] Connection request: [route: {s}->https://branchtest.perfectomobile.com:443][total kept alive: 4; route allocated: 5 of 2000; total allocated: 5 of 2000]
<2017-09-26 13:04:30> DEBUG [o.a.h.i.c.PoolingHttpClientConnectionManager] Connection leased: [id: 0][route: {s}->https://branchtest.perfectomobile.com:443][total kept alive: 3; route allocated: 5 of 2000; total allocated: 5 of 2000]
<2017-09-26 13:04:30> DEBUG [o.a.h.i.execchain.MainClientExec] Stale connection check
<2017-09-26 13:04:30> DEBUG [org.apache.http.wire] http-outgoing-0 << "[read] I/O error: Read timed out"
<2017-09-26 13:04:30> DEBUG [o.a.h.i.c.DefaultManagedHttpClientConnection] http-outgoing-0: set socket timeout to 10800000
<2017-09-26 13:04:30> DEBUG [o.a.h.i.execchain.MainClientExec] Executing request POST /nexperience/perfectomobile/wd/hub/session/58e9750c-b4d6-4ed9-a103-01f993e76832/element/7/click HTTP/1.1
<2017-09-26 13:04:30> DEBUG [o.a.h.i.execchain.MainClientExec] Target auth state: UNCHALLENGED
<2017-09-26 13:04:30> DEBUG [o.a.h.i.execchain.MainClientExec] Proxy auth state: UNCHALLENGED
<2017-09-26 13:04:30> DEBUG [org.apache.http.headers] http-outgoing-0 >> POST /nexperience/perfectomobile/wd/hub/session/58e9750c-b4d6-4ed9-a103-01f993e76832/element/7/click HTTP/1.1
<2017-09-26 13:04:30> DEBUG [org.apache.http.headers] http-outgoing-0 >> Content-Type: application/json; charset=utf-8
<2017-09-26 13:04:30> DEBUG [org.apache.http.headers] http-outgoing-0 >> Content-Length: 10
<2017-09-26 13:04:30> DEBUG [org.apache.http.headers] http-outgoing-0 >> Host: branchtest.perfectomobile.com
<2017-09-26 13:04:30> DEBUG [org.apache.http.headers] http-outgoing-0 >> Connection: Keep-Alive
<2017-09-26 13:04:30> DEBUG [org.apache.http.headers] http-outgoing-0 >> User-Agent: Apache-HttpClient/4.5.2 (Java/1.8.0_121)
<2017-09-26 13:04:30> DEBUG [org.apache.http.headers] http-outgoing-0 >> Cookie: JSESSIONID=F6E28E4994D1584E597DBDFCCCB1737E; fast_failed=true; fast_failed=true
<2017-09-26 13:04:30> DEBUG [org.apache.http.headers] http-outgoing-0 >> Accept-Encoding: gzip,deflate
<2017-09-26 13:04:30> DEBUG [org.apache.http.wire] http-outgoing-0 >> "POST /nexperience/perfectomobile/wd/hub/session/58e9750c-b4d6-4ed9-a103-01f993e76832/element/7/click HTTP/1.1[\r][\n]"
<2017-09-26 13:04:30> DEBUG [org.apache.http.wire] http-outgoing-0 >> "Content-Type: application/json; charset=utf-8[\r][\n]"
<2017-09-26 13:04:30> DEBUG [org.apache.http.wire] http-outgoing-0 >> "Content-Length: 10[\r][\n]"
<2017-09-26 13:04:30> DEBUG [org.apache.http.wire] http-outgoing-0 >> "Host: branchtest.perfectomobile.com[\r][\n]"
<2017-09-26 13:04:30> DEBUG [org.apache.http.wire] http-outgoing-0 >> "Connection: Keep-Alive[\r][\n]"
<2017-09-26 13:04:30> DEBUG [org.apache.http.wire] http-outgoing-0 >> "User-Agent: Apache-HttpClient/4.5.2 (Java/1.8.0_121)[\r][\n]"
<2017-09-26 13:04:30> DEBUG [org.apache.http.wire] http-outgoing-0 >> "Cookie: JSESSIONID=F6E28E4994D1584E597DBDFCCCB1737E; fast_failed=true; fast_failed=true[\r][\n]"
<2017-09-26 13:04:30> DEBUG [org.apache.http.wire] http-outgoing-0 >> "Accept-Encoding: gzip,deflate[\r][\n]"
<2017-09-26 13:04:30> DEBUG [org.apache.http.wire] http-outgoing-0 >> "[\r][\n]"
<2017-09-26 13:04:30> DEBUG [org.apache.http.wire] http-outgoing-0 >> "{"id":"7"}"
<2017-09-26 13:04:31> DEBUG [org.apache.http.wire] http-outgoing-0 << "HTTP/1.1 200 OK[\r][\n]"
<2017-09-26 13:04:31> DEBUG [org.apache.http.wire] http-outgoing-0 << "Server: nginx[\r][\n]"
<2017-09-26 13:04:31> DEBUG [org.apache.http.wire] http-outgoing-0 << "Date: Tue, 26 Sep 2017 10:04:27 GMT[\r][\n]"
<2017-09-26 13:04:31> DEBUG [org.apache.http.wire] http-outgoing-0 << "Content-Type: application/json;charset=utf-8[\r][\n]"
<2017-09-26 13:04:31> DEBUG [org.apache.http.wire] http-outgoing-0 << "Transfer-Encoding: chunked[\r][\n]"
<2017-09-26 13:04:31> DEBUG [org.apache.http.wire] http-outgoing-0 << "Connection: keep-alive[\r][\n]"
<2017-09-26 13:04:31> DEBUG [org.apache.http.wire] http-outgoing-0 << "Set-Cookie: JSESSIONID=F6E28E4994D1584E597DBDFCCCB1737E; Path=/nexperience/; HttpOnly[\r][\n]"
<2017-09-26 13:04:31> DEBUG [org.apache.http.wire] http-outgoing-0 << "Expires: Thu, 01 Jan 1970 00:00:00 GMT[\r][\n]"
<2017-09-26 13:04:31> DEBUG [org.apache.http.wire] http-outgoing-0 << "Cache-Control: no-cache[\r][\n]"
<2017-09-26 13:04:31> DEBUG [org.apache.http.wire] http-outgoing-0 << "Cache-Control: no-cache[\r][\n]"
<2017-09-26 13:04:31> DEBUG [org.apache.http.wire] http-outgoing-0 << "Expires: Thu, 01 Jan 1970 00:00:00 GMT[\r][\n]"
<2017-09-26 13:04:31> DEBUG [org.apache.http.wire] http-outgoing-0 << "Set-Cookie: fast_failed=true[\r][\n]"
<2017-09-26 13:04:31> DEBUG [org.apache.http.wire] http-outgoing-0 << "X-XSS-Protection: 2; mode=block[\r][\n]"
<2017-09-26 13:04:31> DEBUG [org.apache.http.wire] http-outgoing-0 << "Content-Encoding: gzip[\r][\n]"
<2017-09-26 13:04:31> DEBUG [org.apache.http.wire] http-outgoing-0 << "[\r][\n]"
<2017-09-26 13:04:31> DEBUG [org.apache.http.wire] http-outgoing-0 << "96[\r][\n]"
<2017-09-26 13:04:31> DEBUG [org.apache.http.wire] http-outgoing-0 << "[0x1f][0x8b][0x8][0x0][0x0][0x0][0x0][0x0][0x0][0x3]-[0xcc]1[0x12][0xc2] [0x10][0x85][0xe1][0xbb]l[0x1d][0x18][0x12][0x8][0x84][0xb4]V[0xb6][0xde][0x0]a[0xd5][0xcc][0x10]H[0xb2][0xc1][0xc6][0xf1][0xee]na[0xfb][0xcf][0xf7][0xde][0x7][0x8][0x89][0x96]Z[0xae][0x9]f[0x18]'[0xf4]nTQ[0xdc]M[0xb2][0xc2]`[0xf2]"[0xf4]J[0xb][0xd5]?[0xbc][0xd7][0xe8][0xec][0xa4][0x7][0xe8][0x80][0xce]p"sj1[0xf2][0x9a][0xcb][0xeb]R[0x13][0x97]A[0xf9][0xde]x;[0x18][0xd7][0xc1];[0xe4][0xc6][0xa9][0xb4][0x9c];[0x88]9[0xb0][0x9b][0xa1][0x1e]OY7,{[0x90][0x84][0x19][0xcb][0xd2]Vy[0xe0]ZO[0x94]7[0xa4][0xad][0x16][0xc2][0xff]]]>&#x7f;<![CDATA[c[0xae][0xbe]?[0x83];L>[0x9f][0x0][0x0][0x0][\r][\n]"
<2017-09-26 13:04:31> DEBUG [org.apache.http.wire] http-outgoing-0 << "0[\r][\n]"
<2017-09-26 13:04:31> DEBUG [org.apache.http.wire] http-outgoing-0 << "[\r][\n]"
<2017-09-26 13:04:31> DEBUG [org.apache.http.headers] http-outgoing-0 << HTTP/1.1 200 OK
<2017-09-26 13:04:31> DEBUG [org.apache.http.headers] http-outgoing-0 << Server: nginx
<2017-09-26 13:04:31> DEBUG [org.apache.http.headers] http-outgoing-0 << Date: Tue, 26 Sep 2017 10:04:27 GMT
<2017-09-26 13:04:31> DEBUG [org.apache.http.headers] http-outgoing-0 << Content-Type: application/json;charset=utf-8
<2017-09-26 13:04:31> DEBUG [org.apache.http.headers] http-outgoing-0 << Transfer-Encoding: chunked
<2017-09-26 13:04:31> DEBUG [org.apache.http.headers] http-outgoing-0 << Connection: keep-alive
<2017-09-26 13:04:31> DEBUG [org.apache.http.headers] http-outgoing-0 << Set-Cookie: JSESSIONID=F6E28E4994D1584E597DBDFCCCB1737E; Path=/nexperience/; HttpOnly
<2017-09-26 13:04:31> DEBUG [org.apache.http.headers] http-outgoing-0 << Expires: Thu, 01 Jan 1970 00:00:00 GMT
<2017-09-26 13:04:31> DEBUG [org.apache.http.headers] http-outgoing-0 << Cache-Control: no-cache
<2017-09-26 13:04:31> DEBUG [org.apache.http.headers] http-outgoing-0 << Cache-Control: no-cache
<2017-09-26 13:04:31> DEBUG [org.apache.http.headers] http-outgoing-0 << Expires: Thu, 01 Jan 1970 00:00:00 GMT
<2017-09-26 13:04:31> DEBUG [org.apache.http.headers] http-outgoing-0 << Set-Cookie: fast_failed=true
<2017-09-26 13:04:31> DEBUG [org.apache.http.headers] http-outgoing-0 << X-XSS-Protection: 2; mode=block
<2017-09-26 13:04:31> DEBUG [org.apache.http.headers] http-outgoing-0 << Content-Encoding: gzip
<2017-09-26 13:04:31> DEBUG [o.a.h.i.execchain.MainClientExec] Connection can be kept alive indefinitely
<2017-09-26 13:04:31> DEBUG [o.a.h.c.p.ResponseProcessCookies] Cookie accepted [JSESSIONID="F6E28E4994D1584E597DBDFCCCB1737E", version:0, domain:branchtest.perfectomobile.com, path:/nexperience/, expiry:null]
<2017-09-26 13:04:31> DEBUG [o.a.h.c.p.ResponseProcessCookies] Cookie accepted [fast_failed="true", version:0, domain:branchtest.perfectomobile.com, path:/nexperience/perfectomobile/wd/hub/session/58e9750c-b4d6-4ed9-a103-01f993e76832/element/7, expiry:null]
<2017-09-26 13:04:31> DEBUG [o.a.h.i.c.PoolingHttpClientConnectionManager] Connection [id: 0][route: {s}->https://branchtest.perfectomobile.com:443] can be kept alive indefinitely
<2017-09-26 13:04:31> DEBUG [o.a.h.i.c.PoolingHttpClientConnectionManager] Connection released: [id: 0][route: {s}->https://branchtest.perfectomobile.com:443][total kept alive: 4; route allocated: 5 of 2000; total allocated: 5 of 2000]
<2017-09-26 13:04:31> DEBUG [o.a.h.c.p.RequestAddCookies] CookieSpec selected: default
<2017-09-26 13:04:31> DEBUG [o.a.h.c.p.RequestAddCookies] Cookie [version: 0][name: JSESSIONID][value: F6E28E4994D1584E597DBDFCCCB1737E][domain: branchtest.perfectomobile.com][path: /nexperience/][expiry: null] match [(secure)branchtest.perfectomobile.com:443/nexperience/perfectomobile/wd/hub/session/58e9750c-b4d6-4ed9-a103-01f993e76832/element]
<2017-09-26 13:04:31> DEBUG [o.a.h.c.p.RequestAddCookies] Cookie [version: 0][name: fast_failed][value: true][domain: branchtest.perfectomobile.com][path: /nexperience/perfectomobile/wd/hub][expiry: null] match [(secure)branchtest.perfectomobile.com:443/nexperience/perfectomobile/wd/hub/session/58e9750c-b4d6-4ed9-a103-01f993e76832/element]
<2017-09-26 13:04:31> DEBUG [o.a.h.c.p.RequestAddCookies] Cookie [version: 0][name: fast_failed][value: true][domain: branchtest.perfectomobile.com][path: /nexperience/perfectomobile/wd/hub/session/58e9750c-b4d6-4ed9-a103-01f993e76832][expiry: null] match [(secure)branchtest.perfectomobile.com:443/nexperience/perfectomobile/wd/hub/session/58e9750c-b4d6-4ed9-a103-01f993e76832/element]
<2017-09-26 13:04:31> DEBUG [o.a.h.c.p.RequestAuthCache] Auth cache not set in the context
<2017-09-26 13:04:31> DEBUG [o.a.h.i.c.PoolingHttpClientConnectionManager] Connection request: [route: {s}->https://branchtest.perfectomobile.com:443][total kept alive: 4; route allocated: 5 of 2000; total allocated: 5 of 2000]
<2017-09-26 13:04:31> DEBUG [o.a.h.i.c.PoolingHttpClientConnectionManager] Connection leased: [id: 0][route: {s}->https://branchtest.perfectomobile.com:443][total kept alive: 3; route allocated: 5 of 2000; total allocated: 5 of 2000]
<2017-09-26 13:04:31> DEBUG [o.a.h.i.execchain.MainClientExec] Stale connection check
<2017-09-26 13:04:31> DEBUG [org.apache.http.wire] http-outgoing-0 << "[read] I/O error: Read timed out"
<2017-09-26 13:04:31> DEBUG [o.a.h.i.c.DefaultManagedHttpClientConnection] http-outgoing-0: set socket timeout to 10800000
<2017-09-26 13:04:31> DEBUG [o.a.h.i.execchain.MainClientExec] Executing request POST /nexperience/perfectomobile/wd/hub/session/58e9750c-b4d6-4ed9-a103-01f993e76832/element HTTP/1.1
<2017-09-26 13:04:31> DEBUG [o.a.h.i.execchain.MainClientExec] Target auth state: UNCHALLENGED
<2017-09-26 13:04:31> DEBUG [o.a.h.i.execchain.MainClientExec] Proxy auth state: UNCHALLENGED
<2017-09-26 13:04:31> DEBUG [org.apache.http.headers] http-outgoing-0 >> POST /nexperience/perfectomobile/wd/hub/session/58e9750c-b4d6-4ed9-a103-01f993e76832/element HTTP/1.1
<2017-09-26 13:04:31> DEBUG [org.apache.http.headers] http-outgoing-0 >> Content-Type: application/json; charset=utf-8
<2017-09-26 13:04:31> DEBUG [org.apache.http.headers] http-outgoing-0 >> Content-Length: 85
<2017-09-26 13:04:31> DEBUG [org.apache.http.headers] http-outgoing-0 >> Host: branchtest.perfectomobile.com
<2017-09-26 13:04:31> DEBUG [org.apache.http.headers] http-outgoing-0 >> Connection: Keep-Alive
<2017-09-26 13:04:31> DEBUG [org.apache.http.headers] http-outgoing-0 >> User-Agent: Apache-HttpClient/4.5.2 (Java/1.8.0_121)
<2017-09-26 13:04:31> DEBUG [org.apache.http.headers] http-outgoing-0 >> Cookie: JSESSIONID=F6E28E4994D1584E597DBDFCCCB1737E; fast_failed=true; fast_failed=true
<2017-09-26 13:04:31> DEBUG [org.apache.http.headers] http-outgoing-0 >> Accept-Encoding: gzip,deflate
<2017-09-26 13:04:31> DEBUG [org.apache.http.wire] http-outgoing-0 >> "POST /nexperience/perfectomobile/wd/hub/session/58e9750c-b4d6-4ed9-a103-01f993e76832/element HTTP/1.1[\r][\n]"
<2017-09-26 13:04:31> DEBUG [org.apache.http.wire] http-outgoing-0 >> "Content-Type: application/json; charset=utf-8[\r][\n]"
<2017-09-26 13:04:31> DEBUG [org.apache.http.wire] http-outgoing-0 >> "Content-Length: 85[\r][\n]"
<2017-09-26 13:04:31> DEBUG [org.apache.http.wire] http-outgoing-0 >> "Host: branchtest.perfectomobile.com[\r][\n]"
<2017-09-26 13:04:31> DEBUG [org.apache.http.wire] http-outgoing-0 >> "Connection: Keep-Alive[\r][\n]"
<2017-09-26 13:04:31> DEBUG [org.apache.http.wire] http-outgoing-0 >> "User-Agent: Apache-HttpClient/4.5.2 (Java/1.8.0_121)[\r][\n]"
<2017-09-26 13:04:31> DEBUG [org.apache.http.wire] http-outgoing-0 >> "Cookie: JSESSIONID=F6E28E4994D1584E597DBDFCCCB1737E; fast_failed=true; fast_failed=true[\r][\n]"
<2017-09-26 13:04:31> DEBUG [org.apache.http.wire] http-outgoing-0 >> "Accept-Encoding: gzip,deflate[\r][\n]"
<2017-09-26 13:04:31> DEBUG [org.apache.http.wire] http-outgoing-0 >> "[\r][\n]"
<2017-09-26 13:04:31> DEBUG [org.apache.http.wire] http-outgoing-0 >> "{"using":"xpath","value":"//*[@id=\"register_form\"]/fieldset[3]/div/label[2]/input"}"
<2017-09-26 13:04:31> DEBUG [org.apache.http.wire] http-outgoing-0 << "HTTP/1.1 200 OK[\r][\n]"
<2017-09-26 13:04:31> DEBUG [org.apache.http.wire] http-outgoing-0 << "Server: nginx[\r][\n]"
<2017-09-26 13:04:31> DEBUG [org.apache.http.wire] http-outgoing-0 << "Date: Tue, 26 Sep 2017 10:04:27 GMT[\r][\n]"
<2017-09-26 13:04:31> DEBUG [org.apache.http.wire] http-outgoing-0 << "Content-Type: application/json;charset=utf-8[\r][\n]"
<2017-09-26 13:04:31> DEBUG [org.apache.http.wire] http-outgoing-0 << "Transfer-Encoding: chunked[\r][\n]"
<2017-09-26 13:04:31> DEBUG [org.apache.http.wire] http-outgoing-0 << "Connection: keep-alive[\r][\n]"
<2017-09-26 13:04:31> DEBUG [org.apache.http.wire] http-outgoing-0 << "Set-Cookie: JSESSIONID=F6E28E4994D1584E597DBDFCCCB1737E; Path=/nexperience/; HttpOnly[\r][\n]"
<2017-09-26 13:04:31> DEBUG [org.apache.http.wire] http-outgoing-0 << "Expires: Thu, 01 Jan 1970 00:00:00 GMT[\r][\n]"
<2017-09-26 13:04:31> DEBUG [org.apache.http.wire] http-outgoing-0 << "Cache-Control: no-cache[\r][\n]"
<2017-09-26 13:04:31> DEBUG [org.apache.http.wire] http-outgoing-0 << "Cache-Control: no-cache[\r][\n]"
<2017-09-26 13:04:31> DEBUG [org.apache.http.wire] http-outgoing-0 << "Expires: Thu, 01 Jan 1970 00:00:00 GMT[\r][\n]"
<2017-09-26 13:04:31> DEBUG [org.apache.http.wire] http-outgoing-0 << "Set-Cookie: fast_failed=true[\r][\n]"
<2017-09-26 13:04:31> DEBUG [org.apache.http.wire] http-outgoing-0 << "X-XSS-Protection: 2; mode=block[\r][\n]"
<2017-09-26 13:04:31> DEBUG [org.apache.http.wire] http-outgoing-0 << "Content-Encoding: gzip[\r][\n]"
<2017-09-26 13:04:31> DEBUG [org.apache.http.wire] http-outgoing-0 << "[\r][\n]"
<2017-09-26 13:04:31> DEBUG [org.apache.http.wire] http-outgoing-0 << "a0[\r][\n]"
<2017-09-26 13:04:31> DEBUG [org.apache.http.wire] http-outgoing-0 << "[0x1f][0x8b][0x8][0x0][0x0][0x0][0x0][0x0][0x0][0x3]-[0x8d];[0xe][0xc2]0[0x10][0x5][0xef][0xb2]ul9]]>&#x7f;<![CDATA[;m[0x94][0x2][0x9]([0x10][0x17]0[0xf6][0x2][0x91][0x12];dc[0x9a](wg[0xb]^9[0x9a][0xd1][0xdb][0x81][0x90]h[0x8c][0xe1][0xe4][0xa1][0x83]Z[0xa3]ik[0xe5][0xc4][0xa3][0xf2][0x8d][0xa8][0xd0][0x1b]asU[\n]"
<2017-09-26 13:04:31> DEBUG [org.apache.http.wire] http-outgoing-0 << "[0x95]?[0x8d])[0xb1]mtY@[0x6][0xb4][0xd9][\r]Y[0xa7][0xe4][0x1c][0xd7]L[0xde]}[0xf4]Lr^[0xa3][0x8b]"[0x83][0xaf][0x9d][0x12][0x83][0x1d][0x86][0xf3]p[0x19][0xae]w[0xb6]5[0x1c][0x19][0xb8][0xc9]r[0xd0]A\_2.[0x18]>V[0x12]N[0x18][0xc6]4[0xcb][0x15][0xe7][0xb8][0xa1][0xbc]!-1[0x10][0xfe][0x8f][0x12][0xeb][0xea][0xf8][0x1][0xe1]Zs~[0xa8][0x0][0x0][0x0][\r][\n]"
<2017-09-26 13:04:31> DEBUG [org.apache.http.wire] http-outgoing-0 << "0[\r][\n]"
<2017-09-26 13:04:31> DEBUG [org.apache.http.wire] http-outgoing-0 << "[\r][\n]"
<2017-09-26 13:04:31> DEBUG [org.apache.http.headers] http-outgoing-0 << HTTP/1.1 200 OK
<2017-09-26 13:04:31> DEBUG [org.apache.http.headers] http-outgoing-0 << Server: nginx
<2017-09-26 13:04:31> DEBUG [org.apache.http.headers] http-outgoing-0 << Date: Tue, 26 Sep 2017 10:04:27 GMT
<2017-09-26 13:04:31> DEBUG [org.apache.http.headers] http-outgoing-0 << Content-Type: application/json;charset=utf-8
<2017-09-26 13:04:31> DEBUG [org.apache.http.headers] http-outgoing-0 << Transfer-Encoding: chunked
<2017-09-26 13:04:31> DEBUG [org.apache.http.headers] http-outgoing-0 << Connection: keep-alive
<2017-09-26 13:04:31> DEBUG [org.apache.http.headers] http-outgoing-0 << Set-Cookie: JSESSIONID=F6E28E4994D1584E597DBDFCCCB1737E; Path=/nexperience/; HttpOnly
<2017-09-26 13:04:31> DEBUG [org.apache.http.headers] http-outgoing-0 << Expires: Thu, 01 Jan 1970 00:00:00 GMT
<2017-09-26 13:04:31> DEBUG [org.apache.http.headers] http-outgoing-0 << Cache-Control: no-cache
<2017-09-26 13:04:31> DEBUG [org.apache.http.headers] http-outgoing-0 << Cache-Control: no-cache
<2017-09-26 13:04:31> DEBUG [org.apache.http.headers] http-outgoing-0 << Expires: Thu, 01 Jan 1970 00:00:00 GMT
<2017-09-26 13:04:31> DEBUG [org.apache.http.headers] http-outgoing-0 << Set-Cookie: fast_failed=true
<2017-09-26 13:04:31> DEBUG [org.apache.http.headers] http-outgoing-0 << X-XSS-Protection: 2; mode=block
<2017-09-26 13:04:31> DEBUG [org.apache.http.headers] http-outgoing-0 << Content-Encoding: gzip
<2017-09-26 13:04:31> DEBUG [o.a.h.i.execchain.MainClientExec] Connection can be kept alive indefinitely
<2017-09-26 13:04:31> DEBUG [o.a.h.c.p.ResponseProcessCookies] Cookie accepted [JSESSIONID="F6E28E4994D1584E597DBDFCCCB1737E", version:0, domain:branchtest.perfectomobile.com, path:/nexperience/, expiry:null]
<2017-09-26 13:04:31> DEBUG [o.a.h.c.p.ResponseProcessCookies] Cookie accepted [fast_failed="true", version:0, domain:branchtest.perfectomobile.com, path:/nexperience/perfectomobile/wd/hub/session/58e9750c-b4d6-4ed9-a103-01f993e76832, expiry:null]
<2017-09-26 13:04:31> DEBUG [o.a.h.i.c.PoolingHttpClientConnectionManager] Connection [id: 0][route: {s}->https://branchtest.perfectomobile.com:443] can be kept alive indefinitely
<2017-09-26 13:04:31> DEBUG [o.a.h.i.c.PoolingHttpClientConnectionManager] Connection released: [id: 0][route: {s}->https://branchtest.perfectomobile.com:443][total kept alive: 4; route allocated: 5 of 2000; total allocated: 5 of 2000]
<2017-09-26 13:04:31> DEBUG [o.a.h.c.p.RequestAddCookies] CookieSpec selected: default
<2017-09-26 13:04:31> DEBUG [o.a.h.c.p.RequestAddCookies] Cookie [version: 0][name: JSESSIONID][value: F6E28E4994D1584E597DBDFCCCB1737E][domain: branchtest.perfectomobile.com][path: /nexperience/][expiry: null] match [(secure)branchtest.perfectomobile.com:443/nexperience/perfectomobile/wd/hub/session/58e9750c-b4d6-4ed9-a103-01f993e76832/element/8/click]
<2017-09-26 13:04:31> DEBUG [o.a.h.c.p.RequestAddCookies] Cookie [version: 0][name: fast_failed][value: true][domain: branchtest.perfectomobile.com][path: /nexperience/perfectomobile/wd/hub][expiry: null] match [(secure)branchtest.perfectomobile.com:443/nexperience/perfectomobile/wd/hub/session/58e9750c-b4d6-4ed9-a103-01f993e76832/element/8/click]
<2017-09-26 13:04:31> DEBUG [o.a.h.c.p.RequestAddCookies] Cookie [version: 0][name: fast_failed][value: true][domain: branchtest.perfectomobile.com][path: /nexperience/perfectomobile/wd/hub/session/58e9750c-b4d6-4ed9-a103-01f993e76832][expiry: null] match [(secure)branchtest.perfectomobile.com:443/nexperience/perfectomobile/wd/hub/session/58e9750c-b4d6-4ed9-a103-01f993e76832/element/8/click]
<2017-09-26 13:04:31> DEBUG [o.a.h.c.p.RequestAuthCache] Auth cache not set in the context
<2017-09-26 13:04:31> DEBUG [o.a.h.i.c.PoolingHttpClientConnectionManager] Connection request: [route: {s}->https://branchtest.perfectomobile.com:443][total kept alive: 4; route allocated: 5 of 2000; total allocated: 5 of 2000]
<2017-09-26 13:04:31> DEBUG [o.a.h.i.c.PoolingHttpClientConnectionManager] Connection leased: [id: 0][route: {s}->https://branchtest.perfectomobile.com:443][total kept alive: 3; route allocated: 5 of 2000; total allocated: 5 of 2000]
<2017-09-26 13:04:31> DEBUG [o.a.h.i.execchain.MainClientExec] Stale connection check
<2017-09-26 13:04:31> DEBUG [org.apache.http.wire] http-outgoing-0 << "[read] I/O error: Read timed out"
<2017-09-26 13:04:31> DEBUG [o.a.h.i.c.DefaultManagedHttpClientConnection] http-outgoing-0: set socket timeout to 10800000
<2017-09-26 13:04:31> DEBUG [o.a.h.i.execchain.MainClientExec] Executing request POST /nexperience/perfectomobile/wd/hub/session/58e9750c-b4d6-4ed9-a103-01f993e76832/element/8/click HTTP/1.1
<2017-09-26 13:04:31> DEBUG [o.a.h.i.execchain.MainClientExec] Target auth state: UNCHALLENGED
<2017-09-26 13:04:31> DEBUG [o.a.h.i.execchain.MainClientExec] Proxy auth state: UNCHALLENGED
<2017-09-26 13:04:31> DEBUG [org.apache.http.headers] http-outgoing-0 >> POST /nexperience/perfectomobile/wd/hub/session/58e9750c-b4d6-4ed9-a103-01f993e76832/element/8/click HTTP/1.1
<2017-09-26 13:04:31> DEBUG [org.apache.http.headers] http-outgoing-0 >> Content-Type: application/json; charset=utf-8
<2017-09-26 13:04:31> DEBUG [org.apache.http.headers] http-outgoing-0 >> Content-Length: 10
<2017-09-26 13:04:31> DEBUG [org.apache.http.headers] http-outgoing-0 >> Host: branchtest.perfectomobile.com
<2017-09-26 13:04:31> DEBUG [org.apache.http.headers] http-outgoing-0 >> Connection: Keep-Alive
<2017-09-26 13:04:31> DEBUG [org.apache.http.headers] http-outgoing-0 >> User-Agent: Apache-HttpClient/4.5.2 (Java/1.8.0_121)
<2017-09-26 13:04:31> DEBUG [org.apache.http.headers] http-outgoing-0 >> Cookie: JSESSIONID=F6E28E4994D1584E597DBDFCCCB1737E; fast_failed=true; fast_failed=true
<2017-09-26 13:04:31> DEBUG [org.apache.http.headers] http-outgoing-0 >> Accept-Encoding: gzip,deflate
<2017-09-26 13:04:31> DEBUG [org.apache.http.wire] http-outgoing-0 >> "POST /nexperience/perfectomobile/wd/hub/session/58e9750c-b4d6-4ed9-a103-01f993e76832/element/8/click HTTP/1.1[\r][\n]"
<2017-09-26 13:04:31> DEBUG [org.apache.http.wire] http-outgoing-0 >> "Content-Type: application/json; charset=utf-8[\r][\n]"
<2017-09-26 13:04:31> DEBUG [org.apache.http.wire] http-outgoing-0 >> "Content-Length: 10[\r][\n]"
<2017-09-26 13:04:31> DEBUG [org.apache.http.wire] http-outgoing-0 >> "Host: branchtest.perfectomobile.com[\r][\n]"
<2017-09-26 13:04:31> DEBUG [org.apache.http.wire] http-outgoing-0 >> "Connection: Keep-Alive[\r][\n]"
<2017-09-26 13:04:31> DEBUG [org.apache.http.wire] http-outgoing-0 >> "User-Agent: Apache-HttpClient/4.5.2 (Java/1.8.0_121)[\r][\n]"
<2017-09-26 13:04:31> DEBUG [org.apache.http.wire] http-outgoing-0 >> "Cookie: JSESSIONID=F6E28E4994D1584E597DBDFCCCB1737E; fast_failed=true; fast_failed=true[\r][\n]"
<2017-09-26 13:04:31> DEBUG [org.apache.http.wire] http-outgoing-0 >> "Accept-Encoding: gzip,deflate[\r][\n]"
<2017-09-26 13:04:31> DEBUG [org.apache.http.wire] http-outgoing-0 >> "[\r][\n]"
<2017-09-26 13:04:31> DEBUG [org.apache.http.wire] http-outgoing-0 >> "{"id":"8"}"
<2017-09-26 13:04:31> DEBUG [org.apache.http.wire] http-outgoing-0 << "HTTP/1.1 200 OK[\r][\n]"
<2017-09-26 13:04:31> DEBUG [org.apache.http.wire] http-outgoing-0 << "Server: nginx[\r][\n]"
<2017-09-26 13:04:31> DEBUG [org.apache.http.wire] http-outgoing-0 << "Date: Tue, 26 Sep 2017 10:04:28 GMT[\r][\n]"
<2017-09-26 13:04:31> DEBUG [org.apache.http.wire] http-outgoing-0 << "Content-Type: application/json;charset=utf-8[\r][\n]"
<2017-09-26 13:04:31> DEBUG [org.apache.http.wire] http-outgoing-0 << "Transfer-Encoding: chunked[\r][\n]"
<2017-09-26 13:04:31> DEBUG [org.apache.http.wire] http-outgoing-0 << "Connection: keep-alive[\r][\n]"
<2017-09-26 13:04:31> DEBUG [org.apache.http.wire] http-outgoing-0 << "Set-Cookie: JSESSIONID=F6E28E4994D1584E597DBDFCCCB1737E; Path=/nexperience/; HttpOnly[\r][\n]"
<2017-09-26 13:04:31> DEBUG [org.apache.http.wire] http-outgoing-0 << "Expires: Thu, 01 Jan 1970 00:00:00 GMT[\r][\n]"
<2017-09-26 13:04:31> DEBUG [org.apache.http.wire] http-outgoing-0 << "Cache-Control: no-cache[\r][\n]"
<2017-09-26 13:04:31> DEBUG [org.apache.http.wire] http-outgoing-0 << "Cache-Control: no-cache[\r][\n]"
<2017-09-26 13:04:31> DEBUG [org.apache.http.wire] http-outgoing-0 << "Expires: Thu, 01 Jan 1970 00:00:00 GMT[\r][\n]"
<2017-09-26 13:04:31> DEBUG [org.apache.http.wire] http-outgoing-0 << "Set-Cookie: fast_failed=true[\r][\n]"
<2017-09-26 13:04:31> DEBUG [org.apache.http.wire] http-outgoing-0 << "X-XSS-Protection: 2; mode=block[\r][\n]"
<2017-09-26 13:04:31> DEBUG [org.apache.http.wire] http-outgoing-0 << "Content-Encoding: gzip[\r][\n]"
<2017-09-26 13:04:31> DEBUG [org.apache.http.wire] http-outgoing-0 << "[\r][\n]"
<2017-09-26 13:04:31> DEBUG [org.apache.http.wire] http-outgoing-0 << "95[\r][\n]"
<2017-09-26 13:04:31> DEBUG [org.apache.http.wire] http-outgoing-0 << "[0x1f][0x8b][0x8][0x0][0x0][0x0][0x0][0x0][0x0][0x3]-[0xcc][0xbb][0x12][0xc2] [0x10][0x85][0xe1]w[0xd9]:0 [0xe4][0xb2]i[0xad]l}[0x3][0x84]U3C f[0x83][0x8d][0xe3][0xbb][0xbb][0x85][0xed]?[0xdf]9[0x1f]`b^j[0xb9]$[0x98][0xa1][0x9f][0x8][0xc7][0xde]Du[0xf3]iP[0x9e][0x12][0xaa]`[0x8d]S[0xc6][0xde][0x11][0x1d][0x8d][0xc3][0xe4]N[0xd0][0x1][0x1f][0xe1] [0xe1][0xdc]b[0x94][0xb5][0x94][0xe7][0xb9]&)[0xd6][0x8f][0x1e][0xd1]b[0x7][0xef][0x90][0x9b][0x84][0xd2]r[0xee] [0xe6] j[0x86][0xba]?t[0xdd][0xa8][0xbc][0x82]f[0xca]T[0x96][0xb6][0xea][0x9d][0xd6]z[0x90][0xbe][0x12]o[0xb5]0[0xfd][0xdf][0x9b]p[0xf3][0xfd][0x1][\n]"
<2017-09-26 13:04:31> DEBUG [org.apache.http.wire] http-outgoing-0 << "[0xfd][0x84][0x7][0x9d][0x0][0x0][0x0][\r][\n]"
<2017-09-26 13:04:31> DEBUG [org.apache.http.wire] http-outgoing-0 << "0[\r][\n]"
<2017-09-26 13:04:31> DEBUG [org.apache.http.wire] http-outgoing-0 << "[\r][\n]"
<2017-09-26 13:04:31> DEBUG [org.apache.http.headers] http-outgoing-0 << HTTP/1.1 200 OK
<2017-09-26 13:04:31> DEBUG [org.apache.http.headers] http-outgoing-0 << Server: nginx
<2017-09-26 13:04:31> DEBUG [org.apache.http.headers] http-outgoing-0 << Date: Tue, 26 Sep 2017 10:04:28 GMT
<2017-09-26 13:04:31> DEBUG [org.apache.http.headers] http-outgoing-0 << Content-Type: application/json;charset=utf-8
<2017-09-26 13:04:31> DEBUG [org.apache.http.headers] http-outgoing-0 << Transfer-Encoding: chunked
<2017-09-26 13:04:31> DEBUG [org.apache.http.headers] http-outgoing-0 << Connection: keep-alive
<2017-09-26 13:04:31> DEBUG [org.apache.http.headers] http-outgoing-0 << Set-Cookie: JSESSIONID=F6E28E4994D1584E597DBDFCCCB1737E; Path=/nexperience/; HttpOnly
<2017-09-26 13:04:31> DEBUG [org.apache.http.headers] http-outgoing-0 << Expires: Thu, 01 Jan 1970 00:00:00 GMT
<2017-09-26 13:04:31> DEBUG [org.apache.http.headers] http-outgoing-0 << Cache-Control: no-cache
<2017-09-26 13:04:31> DEBUG [org.apache.http.headers] http-outgoing-0 << Cache-Control: no-cache
<2017-09-26 13:04:31> DEBUG [org.apache.http.headers] http-outgoing-0 << Expires: Thu, 01 Jan 1970 00:00:00 GMT
<2017-09-26 13:04:31> DEBUG [org.apache.http.headers] http-outgoing-0 << Set-Cookie: fast_failed=true
<2017-09-26 13:04:31> DEBUG [org.apache.http.headers] http-outgoing-0 << X-XSS-Protection: 2; mode=block
<2017-09-26 13:04:31> DEBUG [org.apache.http.headers] http-outgoing-0 << Content-Encoding: gzip
<2017-09-26 13:04:31> DEBUG [o.a.h.i.execchain.MainClientExec] Connection can be kept alive indefinitely
<2017-09-26 13:04:31> DEBUG [o.a.h.c.p.ResponseProcessCookies] Cookie accepted [JSESSIONID="F6E28E4994D1584E597DBDFCCCB1737E", version:0, domain:branchtest.perfectomobile.com, path:/nexperience/, expiry:null]
<2017-09-26 13:04:31> DEBUG [o.a.h.c.p.ResponseProcessCookies] Cookie accepted [fast_failed="true", version:0, domain:branchtest.perfectomobile.com, path:/nexperience/perfectomobile/wd/hub/session/58e9750c-b4d6-4ed9-a103-01f993e76832/element/8, expiry:null]
<2017-09-26 13:04:31> DEBUG [o.a.h.i.c.PoolingHttpClientConnectionManager] Connection [id: 0][route: {s}->https://branchtest.perfectomobile.com:443] can be kept alive indefinitely
<2017-09-26 13:04:31> DEBUG [o.a.h.i.c.PoolingHttpClientConnectionManager] Connection released: [id: 0][route: {s}->https://branchtest.perfectomobile.com:443][total kept alive: 4; route allocated: 5 of 2000; total allocated: 5 of 2000]
<2017-09-26 13:04:31> DEBUG [o.a.h.c.p.RequestAddCookies] CookieSpec selected: default
<2017-09-26 13:04:31> DEBUG [o.a.h.c.p.RequestAddCookies] Cookie [version: 0][name: JSESSIONID][value: F6E28E4994D1584E597DBDFCCCB1737E][domain: branchtest.perfectomobile.com][path: /nexperience/][expiry: null] match [(secure)branchtest.perfectomobile.com:443/nexperience/perfectomobile/wd/hub/session/58e9750c-b4d6-4ed9-a103-01f993e76832/element]
<2017-09-26 13:04:31> DEBUG [o.a.h.c.p.RequestAddCookies] Cookie [version: 0][name: fast_failed][value: true][domain: branchtest.perfectomobile.com][path: /nexperience/perfectomobile/wd/hub][expiry: null] match [(secure)branchtest.perfectomobile.com:443/nexperience/perfectomobile/wd/hub/session/58e9750c-b4d6-4ed9-a103-01f993e76832/element]
<2017-09-26 13:04:31> DEBUG [o.a.h.c.p.RequestAddCookies] Cookie [version: 0][name: fast_failed][value: true][domain: branchtest.perfectomobile.com][path: /nexperience/perfectomobile/wd/hub/session/58e9750c-b4d6-4ed9-a103-01f993e76832][expiry: null] match [(secure)branchtest.perfectomobile.com:443/nexperience/perfectomobile/wd/hub/session/58e9750c-b4d6-4ed9-a103-01f993e76832/element]
<2017-09-26 13:04:31> DEBUG [o.a.h.c.p.RequestAuthCache] Auth cache not set in the context
<2017-09-26 13:04:31> DEBUG [o.a.h.i.c.PoolingHttpClientConnectionManager] Connection request: [route: {s}->https://branchtest.perfectomobile.com:443][total kept alive: 4; route allocated: 5 of 2000; total allocated: 5 of 2000]
<2017-09-26 13:04:31> DEBUG [o.a.h.i.c.PoolingHttpClientConnectionManager] Connection leased: [id: 0][route: {s}->https://branchtest.perfectomobile.com:443][total kept alive: 3; route allocated: 5 of 2000; total allocated: 5 of 2000]
<2017-09-26 13:04:31> DEBUG [o.a.h.i.execchain.MainClientExec] Stale connection check
<2017-09-26 13:04:31> DEBUG [org.apache.http.wire] http-outgoing-0 << "[read] I/O error: Read timed out"
<2017-09-26 13:04:31> DEBUG [o.a.h.i.c.DefaultManagedHttpClientConnection] http-outgoing-0: set socket timeout to 10800000
<2017-09-26 13:04:31> DEBUG [o.a.h.i.execchain.MainClientExec] Executing request POST /nexperience/perfectomobile/wd/hub/session/58e9750c-b4d6-4ed9-a103-01f993e76832/element HTTP/1.1
<2017-09-26 13:04:31> DEBUG [o.a.h.i.execchain.MainClientExec] Target auth state: UNCHALLENGED
<2017-09-26 13:04:31> DEBUG [o.a.h.i.execchain.MainClientExec] Proxy auth state: UNCHALLENGED
<2017-09-26 13:04:31> DEBUG [org.apache.http.headers] http-outgoing-0 >> POST /nexperience/perfectomobile/wd/hub/session/58e9750c-b4d6-4ed9-a103-01f993e76832/element HTTP/1.1
<2017-09-26 13:04:31> DEBUG [org.apache.http.headers] http-outgoing-0 >> Content-Type: application/json; charset=utf-8
<2017-09-26 13:04:31> DEBUG [org.apache.http.headers] http-outgoing-0 >> Content-Length: 72
<2017-09-26 13:04:31> DEBUG [org.apache.http.headers] http-outgoing-0 >> Host: branchtest.perfectomobile.com
<2017-09-26 13:04:31> DEBUG [org.apache.http.headers] http-outgoing-0 >> Connection: Keep-Alive
<2017-09-26 13:04:31> DEBUG [org.apache.http.headers] http-outgoing-0 >> User-Agent: Apache-HttpClient/4.5.2 (Java/1.8.0_121)
<2017-09-26 13:04:31> DEBUG [org.apache.http.headers] http-outgoing-0 >> Cookie: JSESSIONID=F6E28E4994D1584E597DBDFCCCB1737E; fast_failed=true; fast_failed=true
<2017-09-26 13:04:31> DEBUG [org.apache.http.headers] http-outgoing-0 >> Accept-Encoding: gzip,deflate
<2017-09-26 13:04:31> DEBUG [org.apache.http.wire] http-outgoing-0 >> "POST /nexperience/perfectomobile/wd/hub/session/58e9750c-b4d6-4ed9-a103-01f993e76832/element HTTP/1.1[\r][\n]"
<2017-09-26 13:04:31> DEBUG [org.apache.http.wire] http-outgoing-0 >> "Content-Type: application/json; charset=utf-8[\r][\n]"
<2017-09-26 13:04:31> DEBUG [org.apache.http.wire] http-outgoing-0 >> "Content-Length: 72[\r][\n]"
<2017-09-26 13:04:31> DEBUG [org.apache.http.wire] http-outgoing-0 >> "Host: branchtest.perfectomobile.com[\r][\n]"
<2017-09-26 13:04:31> DEBUG [org.apache.http.wire] http-outgoing-0 >> "Connection: Keep-Alive[\r][\n]"
<2017-09-26 13:04:31> DEBUG [org.apache.http.wire] http-outgoing-0 >> "User-Agent: Apache-HttpClient/4.5.2 (Java/1.8.0_121)[\r][\n]"
<2017-09-26 13:04:31> DEBUG [org.apache.http.wire] http-outgoing-0 >> "Cookie: JSESSIONID=F6E28E4994D1584E597DBDFCCCB1737E; fast_failed=true; fast_failed=true[\r][\n]"
<2017-09-26 13:04:31> DEBUG [org.apache.http.wire] http-outgoing-0 >> "Accept-Encoding: gzip,deflate[\r][\n]"
<2017-09-26 13:04:31> DEBUG [org.apache.http.wire] http-outgoing-0 >> "[\r][\n]"
<2017-09-26 13:04:31> DEBUG [org.apache.http.wire] http-outgoing-0 >> "{"using":"xpath","value":"//*[@id=\"register_form\"]/fieldset[6]/input"}"
<2017-09-26 13:04:32> DEBUG [org.apache.http.wire] http-outgoing-0 << "HTTP/1.1 200 OK[\r][\n]"
<2017-09-26 13:04:32> DEBUG [org.apache.http.wire] http-outgoing-0 << "Server: nginx[\r][\n]"
<2017-09-26 13:04:32> DEBUG [org.apache.http.wire] http-outgoing-0 << "Date: Tue, 26 Sep 2017 10:04:28 GMT[\r][\n]"
<2017-09-26 13:04:32> DEBUG [org.apache.http.wire] http-outgoing-0 << "Content-Type: application/json;charset=utf-8[\r][\n]"
<2017-09-26 13:04:32> DEBUG [org.apache.http.wire] http-outgoing-0 << "Transfer-Encoding: chunked[\r][\n]"
<2017-09-26 13:04:32> DEBUG [org.apache.http.wire] http-outgoing-0 << "Connection: keep-alive[\r][\n]"
<2017-09-26 13:04:32> DEBUG [org.apache.http.wire] http-outgoing-0 << "Set-Cookie: JSESSIONID=F6E28E4994D1584E597DBDFCCCB1737E; Path=/nexperience/; HttpOnly[\r][\n]"
<2017-09-26 13:04:32> DEBUG [org.apache.http.wire] http-outgoing-0 << "Expires: Thu, 01 Jan 1970 00:00:00 GMT[\r][\n]"
<2017-09-26 13:04:32> DEBUG [org.apache.http.wire] http-outgoing-0 << "Cache-Control: no-cache[\r][\n]"
<2017-09-26 13:04:32> DEBUG [org.apache.http.wire] http-outgoing-0 << "Cache-Control: no-cache[\r][\n]"
<2017-09-26 13:04:32> DEBUG [org.apache.http.wire] http-outgoing-0 << "Expires: Thu, 01 Jan 1970 00:00:00 GMT[\r][\n]"
<2017-09-26 13:04:32> DEBUG [org.apache.http.wire] http-outgoing-0 << "Set-Cookie: fast_failed=true[\r][\n]"
<2017-09-26 13:04:32> DEBUG [org.apache.http.wire] http-outgoing-0 << "X-XSS-Protection: 2; mode=block[\r][\n]"
<2017-09-26 13:04:32> DEBUG [org.apache.http.wire] http-outgoing-0 << "Content-Encoding: gzip[\r][\n]"
<2017-09-26 13:04:32> DEBUG [org.apache.http.wire] http-outgoing-0 << "[\r][\n]"
<2017-09-26 13:04:32> DEBUG [org.apache.http.wire] http-outgoing-0 << "a0[\r][\n]"
<2017-09-26 13:04:32> DEBUG [org.apache.http.wire] http-outgoing-0 << "[0x1f][0x8b][0x8][0x0][0x0][0x0][0x0][0x0][0x0][0x3]-[0x8d][0xcb][0xe][0xc2] [0x10][0x0][0xff]e[0xcf][0x85]P[0xe9][0x8b]^M[0xf]&[0xea][0xc1][0xf8][0x3][0x8][0xab]6[0xa1]P[0xbb][0xc5]K[0xd3]]]>&#x7f;<![CDATA[w[0xf]^'3[0x99][\r][0x8][0x89][0xc6][0x14]O[0x1e]z[0xa8];4m[0xad][0x9c]xT[0xbe][0x11][0x15]z#l[0xa9][0xb4]P[0xe5][0xd3][0x18][0x8d]m[0xd3][0xe9][0x3][0x14]@[0xab]][0x91]u[0xca][0xce]q[0xcd][0xe4]}L[0x9e]I[0xa7]9[0xaf]Je[\n]"
<2017-09-26 13:04:32> DEBUG [org.apache.http.wire] http-outgoing-0 << "[0xf8][0xda][0x90][0x99]l0[0x9c][0x87][0xcb]p[0xbd][0xb3]n`/[0xc0][0x5][0xcb]E[0xf]iy[0xc9]4c[0xfc]XI[0x18]0[0x8e]y[0x92][0xb]NiEyC[0x9a]S$[0xfc][0x9f]2[0xeb]j[0xff][0x1][0xf5]a[0xe9]%[0xa9][0x0][0x0][0x0][\r][\n]"
<2017-09-26 13:04:32> DEBUG [org.apache.http.wire] http-outgoing-0 << "0[\r][\n]"
<2017-09-26 13:04:32> DEBUG [org.apache.http.wire] http-outgoing-0 << "[\r][\n]"
<2017-09-26 13:04:32> DEBUG [org.apache.http.headers] http-outgoing-0 << HTTP/1.1 200 OK
<2017-09-26 13:04:32> DEBUG [org.apache.http.headers] http-outgoing-0 << Server: nginx
<2017-09-26 13:04:32> DEBUG [org.apache.http.headers] http-outgoing-0 << Date: Tue, 26 Sep 2017 10:04:28 GMT
<2017-09-26 13:04:32> DEBUG [org.apache.http.headers] http-outgoing-0 << Content-Type: application/json;charset=utf-8
<2017-09-26 13:04:32> DEBUG [org.apache.http.headers] http-outgoing-0 << Transfer-Encoding: chunked
<2017-09-26 13:04:32> DEBUG [org.apache.http.headers] http-outgoing-0 << Connection: keep-alive
<2017-09-26 13:04:32> DEBUG [org.apache.http.headers] http-outgoing-0 << Set-Cookie: JSESSIONID=F6E28E4994D1584E597DBDFCCCB1737E; Path=/nexperience/; HttpOnly
<2017-09-26 13:04:32> DEBUG [org.apache.http.headers] http-outgoing-0 << Expires: Thu, 01 Jan 1970 00:00:00 GMT
<2017-09-26 13:04:32> DEBUG [org.apache.http.headers] http-outgoing-0 << Cache-Control: no-cache
<2017-09-26 13:04:32> DEBUG [org.apache.http.headers] http-outgoing-0 << Cache-Control: no-cache
<2017-09-26 13:04:32> DEBUG [org.apache.http.headers] http-outgoing-0 << Expires: Thu, 01 Jan 1970 00:00:00 GMT
<2017-09-26 13:04:32> DEBUG [org.apache.http.headers] http-outgoing-0 << Set-Cookie: fast_failed=true
<2017-09-26 13:04:32> DEBUG [org.apache.http.headers] http-outgoing-0 << X-XSS-Protection: 2; mode=block
<2017-09-26 13:04:32> DEBUG [org.apache.http.headers] http-outgoing-0 << Content-Encoding: gzip
<2017-09-26 13:04:32> DEBUG [o.a.h.i.execchain.MainClientExec] Connection can be kept alive indefinitely
<2017-09-26 13:04:32> DEBUG [o.a.h.c.p.ResponseProcessCookies] Cookie accepted [JSESSIONID="F6E28E4994D1584E597DBDFCCCB1737E", version:0, domain:branchtest.perfectomobile.com, path:/nexperience/, expiry:null]
<2017-09-26 13:04:32> DEBUG [o.a.h.c.p.ResponseProcessCookies] Cookie accepted [fast_failed="true", version:0, domain:branchtest.perfectomobile.com, path:/nexperience/perfectomobile/wd/hub/session/58e9750c-b4d6-4ed9-a103-01f993e76832, expiry:null]
<2017-09-26 13:04:32> DEBUG [o.a.h.i.c.PoolingHttpClientConnectionManager] Connection [id: 0][route: {s}->https://branchtest.perfectomobile.com:443] can be kept alive indefinitely
<2017-09-26 13:04:32> DEBUG [o.a.h.i.c.PoolingHttpClientConnectionManager] Connection released: [id: 0][route: {s}->https://branchtest.perfectomobile.com:443][total kept alive: 4; route allocated: 5 of 2000; total allocated: 5 of 2000]
<2017-09-26 13:04:32> DEBUG [o.a.h.c.p.RequestAddCookies] CookieSpec selected: default
<2017-09-26 13:04:32> DEBUG [o.a.h.c.p.RequestAddCookies] Cookie [version: 0][name: JSESSIONID][value: F6E28E4994D1584E597DBDFCCCB1737E][domain: branchtest.perfectomobile.com][path: /nexperience/][expiry: null] match [(secure)branchtest.perfectomobile.com:443/nexperience/perfectomobile/wd/hub/session/58e9750c-b4d6-4ed9-a103-01f993e76832/element/9/value]
<2017-09-26 13:04:32> DEBUG [o.a.h.c.p.RequestAddCookies] Cookie [version: 0][name: fast_failed][value: true][domain: branchtest.perfectomobile.com][path: /nexperience/perfectomobile/wd/hub][expiry: null] match [(secure)branchtest.perfectomobile.com:443/nexperience/perfectomobile/wd/hub/session/58e9750c-b4d6-4ed9-a103-01f993e76832/element/9/value]
<2017-09-26 13:04:32> DEBUG [o.a.h.c.p.RequestAddCookies] Cookie [version: 0][name: fast_failed][value: true][domain: branchtest.perfectomobile.com][path: /nexperience/perfectomobile/wd/hub/session/58e9750c-b4d6-4ed9-a103-01f993e76832][expiry: null] match [(secure)branchtest.perfectomobile.com:443/nexperience/perfectomobile/wd/hub/session/58e9750c-b4d6-4ed9-a103-01f993e76832/element/9/value]
<2017-09-26 13:04:32> DEBUG [o.a.h.c.p.RequestAuthCache] Auth cache not set in the context
<2017-09-26 13:04:32> DEBUG [o.a.h.i.c.PoolingHttpClientConnectionManager] Connection request: [route: {s}->https://branchtest.perfectomobile.com:443][total kept alive: 4; route allocated: 5 of 2000; total allocated: 5 of 2000]
<2017-09-26 13:04:32> DEBUG [o.a.h.i.c.PoolingHttpClientConnectionManager] Connection leased: [id: 0][route: {s}->https://branchtest.perfectomobile.com:443][total kept alive: 3; route allocated: 5 of 2000; total allocated: 5 of 2000]
<2017-09-26 13:04:32> DEBUG [o.a.h.i.execchain.MainClientExec] Stale connection check
<2017-09-26 13:04:32> DEBUG [org.apache.http.wire] http-outgoing-0 << "[read] I/O error: Read timed out"
<2017-09-26 13:04:32> DEBUG [o.a.h.i.c.DefaultManagedHttpClientConnection] http-outgoing-0: set socket timeout to 10800000
<2017-09-26 13:04:32> DEBUG [o.a.h.i.execchain.MainClientExec] Executing request POST /nexperience/perfectomobile/wd/hub/session/58e9750c-b4d6-4ed9-a103-01f993e76832/element/9/value HTTP/1.1
<2017-09-26 13:04:32> DEBUG [o.a.h.i.execchain.MainClientExec] Target auth state: UNCHALLENGED
<2017-09-26 13:04:32> DEBUG [o.a.h.i.execchain.MainClientExec] Proxy auth state: UNCHALLENGED
<2017-09-26 13:04:32> DEBUG [org.apache.http.headers] http-outgoing-0 >> POST /nexperience/perfectomobile/wd/hub/session/58e9750c-b4d6-4ed9-a103-01f993e76832/element/9/value HTTP/1.1
<2017-09-26 13:04:32> DEBUG [org.apache.http.headers] http-outgoing-0 >> Content-Type: application/json; charset=utf-8
<2017-09-26 13:04:32> DEBUG [org.apache.http.headers] http-outgoing-0 >> Content-Length: 33
<2017-09-26 13:04:32> DEBUG [org.apache.http.headers] http-outgoing-0 >> Host: branchtest.perfectomobile.com
<2017-09-26 13:04:32> DEBUG [org.apache.http.headers] http-outgoing-0 >> Connection: Keep-Alive
<2017-09-26 13:04:32> DEBUG [org.apache.http.headers] http-outgoing-0 >> User-Agent: Apache-HttpClient/4.5.2 (Java/1.8.0_121)
<2017-09-26 13:04:32> DEBUG [org.apache.http.headers] http-outgoing-0 >> Cookie: JSESSIONID=F6E28E4994D1584E597DBDFCCCB1737E; fast_failed=true; fast_failed=true
<2017-09-26 13:04:32> DEBUG [org.apache.http.headers] http-outgoing-0 >> Accept-Encoding: gzip,deflate
<2017-09-26 13:04:32> DEBUG [org.apache.http.wire] http-outgoing-0 >> "POST /nexperience/perfectomobile/wd/hub/session/58e9750c-b4d6-4ed9-a103-01f993e76832/element/9/value HTTP/1.1[\r][\n]"
<2017-09-26 13:04:32> DEBUG [org.apache.http.wire] http-outgoing-0 >> "Content-Type: application/json; charset=utf-8[\r][\n]"
<2017-09-26 13:04:32> DEBUG [org.apache.http.wire] http-outgoing-0 >> "Content-Length: 33[\r][\n]"
<2017-09-26 13:04:32> DEBUG [org.apache.http.wire] http-outgoing-0 >> "Host: branchtest.perfectomobile.com[\r][\n]"
<2017-09-26 13:04:32> DEBUG [org.apache.http.wire] http-outgoing-0 >> "Connection: Keep-Alive[\r][\n]"
<2017-09-26 13:04:32> DEBUG [org.apache.http.wire] http-outgoing-0 >> "User-Agent: Apache-HttpClient/4.5.2 (Java/1.8.0_121)[\r][\n]"
<2017-09-26 13:04:32> DEBUG [org.apache.http.wire] http-outgoing-0 >> "Cookie: JSESSIONID=F6E28E4994D1584E597DBDFCCCB1737E; fast_failed=true; fast_failed=true[\r][\n]"
<2017-09-26 13:04:32> DEBUG [org.apache.http.wire] http-outgoing-0 >> "Accept-Encoding: gzip,deflate[\r][\n]"
<2017-09-26 13:04:32> DEBUG [org.apache.http.wire] http-outgoing-0 >> "[\r][\n]"
<2017-09-26 13:04:32> DEBUG [org.apache.http.wire] http-outgoing-0 >> "{"id":"9","value":["1234567890"]}"
<2017-09-26 13:04:32> DEBUG [org.apache.http.wire] http-outgoing-0 << "HTTP/1.1 200 OK[\r][\n]"
<2017-09-26 13:04:32> DEBUG [org.apache.http.wire] http-outgoing-0 << "Server: nginx[\r][\n]"
<2017-09-26 13:04:32> DEBUG [org.apache.http.wire] http-outgoing-0 << "Date: Tue, 26 Sep 2017 10:04:29 GMT[\r][\n]"
<2017-09-26 13:04:32> DEBUG [org.apache.http.wire] http-outgoing-0 << "Content-Type: application/json;charset=utf-8[\r][\n]"
<2017-09-26 13:04:32> DEBUG [org.apache.http.wire] http-outgoing-0 << "Transfer-Encoding: chunked[\r][\n]"
<2017-09-26 13:04:32> DEBUG [org.apache.http.wire] http-outgoing-0 << "Connection: keep-alive[\r][\n]"
<2017-09-26 13:04:32> DEBUG [org.apache.http.wire] http-outgoing-0 << "Set-Cookie: JSESSIONID=F6E28E4994D1584E597DBDFCCCB1737E; Path=/nexperience/; HttpOnly[\r][\n]"
<2017-09-26 13:04:32> DEBUG [org.apache.http.wire] http-outgoing-0 << "Expires: Thu, 01 Jan 1970 00:00:00 GMT[\r][\n]"
<2017-09-26 13:04:32> DEBUG [org.apache.http.wire] http-outgoing-0 << "Cache-Control: no-cache[\r][\n]"
<2017-09-26 13:04:32> DEBUG [org.apache.http.wire] http-outgoing-0 << "Cache-Control: no-cache[\r][\n]"
<2017-09-26 13:04:32> DEBUG [org.apache.http.wire] http-outgoing-0 << "Expires: Thu, 01 Jan 1970 00:00:00 GMT[\r][\n]"
<2017-09-26 13:04:32> DEBUG [org.apache.http.wire] http-outgoing-0 << "Set-Cookie: fast_failed=true[\r][\n]"
<2017-09-26 13:04:32> DEBUG [org.apache.http.wire] http-outgoing-0 << "X-XSS-Protection: 2; mode=block[\r][\n]"
<2017-09-26 13:04:32> DEBUG [org.apache.http.wire] http-outgoing-0 << "Content-Encoding: gzip[\r][\n]"
<2017-09-26 13:04:32> DEBUG [org.apache.http.wire] http-outgoing-0 << "[\r][\n]"
<2017-09-26 13:04:32> DEBUG [org.apache.http.wire] http-outgoing-0 << "95[\r][\n]"
<2017-09-26 13:04:32> DEBUG [org.apache.http.wire] http-outgoing-0 << "[0x1f][0x8b][0x8][0x0][0x0][0x0][0x0][0x0][0x0][0x3]-[0xcc]1[0x12][0xc2] [0x10][0x85][0xe1][0xbb]l[\r][0xc][0x9]![0x81][0xb4]V[0xb6][0xde][0x0]a[0xd5][0xcc][0x10]H[0xb2][0xc1][0xc6][0xf1][0xee]na[0xfb][0xcf][0xf7][0xde][0x7][0x8][0x89][0x96]Z[0xae][0x9]f[0xb0][0xe][0xfd]du[0x94][0xf7]![0x8d]r[0xc0][0xe4]e[0xe8][0xb4][0x91][0xba]{xop[0x1a][0x9d][0xe9]A[0x0][0x9d][0xe1]D[0xe6][0xd4]b[0xe4]5[0x97][0xd7][0xa5]&.[0xd6][0xdb][0xa1][0xb7][0xbd][0x13][0xf0][0xe][0xb9]q(-g[0x1]1[0x7]V3[0xd4][0xe3][0xa9][0xea][0x86]e[0xf][0x8a]0cY[0xda][0xaa][0xe]\[0xeb][0x89][0xea][0x86][0xb4][0xd5]B[0xf8]]]>&#x7f;<![CDATA[o[0xcc][0xf5][0xf7][0x7][0x9a]4F[0xd7][0x9d][0x0][0x0][0x0][\r][\n]"
<2017-09-26 13:04:32> DEBUG [org.apache.http.wire] http-outgoing-0 << "0[\r][\n]"
<2017-09-26 13:04:32> DEBUG [org.apache.http.wire] http-outgoing-0 << "[\r][\n]"
<2017-09-26 13:04:32> DEBUG [org.apache.http.headers] http-outgoing-0 << HTTP/1.1 200 OK
<2017-09-26 13:04:32> DEBUG [org.apache.http.headers] http-outgoing-0 << Server: nginx
<2017-09-26 13:04:32> DEBUG [org.apache.http.headers] http-outgoing-0 << Date: Tue, 26 Sep 2017 10:04:29 GMT
<2017-09-26 13:04:32> DEBUG [org.apache.http.headers] http-outgoing-0 << Content-Type: application/json;charset=utf-8
<2017-09-26 13:04:32> DEBUG [org.apache.http.headers] http-outgoing-0 << Transfer-Encoding: chunked
<2017-09-26 13:04:32> DEBUG [org.apache.http.headers] http-outgoing-0 << Connection: keep-alive
<2017-09-26 13:04:32> DEBUG [org.apache.http.headers] http-outgoing-0 << Set-Cookie: JSESSIONID=F6E28E4994D1584E597DBDFCCCB1737E; Path=/nexperience/; HttpOnly
<2017-09-26 13:04:32> DEBUG [org.apache.http.headers] http-outgoing-0 << Expires: Thu, 01 Jan 1970 00:00:00 GMT
<2017-09-26 13:04:32> DEBUG [org.apache.http.headers] http-outgoing-0 << Cache-Control: no-cache
<2017-09-26 13:04:32> DEBUG [org.apache.http.headers] http-outgoing-0 << Cache-Control: no-cache
<2017-09-26 13:04:32> DEBUG [org.apache.http.headers] http-outgoing-0 << Expires: Thu, 01 Jan 1970 00:00:00 GMT
<2017-09-26 13:04:32> DEBUG [org.apache.http.headers] http-outgoing-0 << Set-Cookie: fast_failed=true
<2017-09-26 13:04:32> DEBUG [org.apache.http.headers] http-outgoing-0 << X-XSS-Protection: 2; mode=block
<2017-09-26 13:04:32> DEBUG [org.apache.http.headers] http-outgoing-0 << Content-Encoding: gzip
<2017-09-26 13:04:32> DEBUG [o.a.h.i.execchain.MainClientExec] Connection can be kept alive indefinitely
<2017-09-26 13:04:32> DEBUG [o.a.h.c.p.ResponseProcessCookies] Cookie accepted [JSESSIONID="F6E28E4994D1584E597DBDFCCCB1737E", version:0, domain:branchtest.perfectomobile.com, path:/nexperience/, expiry:null]
<2017-09-26 13:04:32> DEBUG [o.a.h.c.p.ResponseProcessCookies] Cookie accepted [fast_failed="true", version:0, domain:branchtest.perfectomobile.com, path:/nexperience/perfectomobile/wd/hub/session/58e9750c-b4d6-4ed9-a103-01f993e76832/element/9, expiry:null]
<2017-09-26 13:04:32> DEBUG [o.a.h.i.c.PoolingHttpClientConnectionManager] Connection [id: 0][route: {s}->https://branchtest.perfectomobile.com:443] can be kept alive indefinitely
<2017-09-26 13:04:32> DEBUG [o.a.h.i.c.PoolingHttpClientConnectionManager] Connection released: [id: 0][route: {s}->https://branchtest.perfectomobile.com:443][total kept alive: 4; route allocated: 5 of 2000; total allocated: 5 of 2000]
<2017-09-26 13:04:32> DEBUG [o.a.h.c.p.RequestAddCookies] CookieSpec selected: default
<2017-09-26 13:04:32> DEBUG [o.a.h.c.p.RequestAddCookies] Cookie [version: 0][name: JSESSIONID][value: F6E28E4994D1584E597DBDFCCCB1737E][domain: branchtest.perfectomobile.com][path: /nexperience/][expiry: null] match [(secure)branchtest.perfectomobile.com:443/nexperience/perfectomobile/wd/hub/session/58e9750c-b4d6-4ed9-a103-01f993e76832/element]
<2017-09-26 13:04:32> DEBUG [o.a.h.c.p.RequestAddCookies] Cookie [version: 0][name: fast_failed][value: true][domain: branchtest.perfectomobile.com][path: /nexperience/perfectomobile/wd/hub][expiry: null] match [(secure)branchtest.perfectomobile.com:443/nexperience/perfectomobile/wd/hub/session/58e9750c-b4d6-4ed9-a103-01f993e76832/element]
<2017-09-26 13:04:32> DEBUG [o.a.h.c.p.RequestAddCookies] Cookie [version: 0][name: fast_failed][value: true][domain: branchtest.perfectomobile.com][path: /nexperience/perfectomobile/wd/hub/session/58e9750c-b4d6-4ed9-a103-01f993e76832][expiry: null] match [(secure)branchtest.perfectomobile.com:443/nexperience/perfectomobile/wd/hub/session/58e9750c-b4d6-4ed9-a103-01f993e76832/element]
<2017-09-26 13:04:32> DEBUG [o.a.h.c.p.RequestAuthCache] Auth cache not set in the context
<2017-09-26 13:04:32> DEBUG [o.a.h.i.c.PoolingHttpClientConnectionManager] Connection request: [route: {s}->https://branchtest.perfectomobile.com:443][total kept alive: 4; route allocated: 5 of 2000; total allocated: 5 of 2000]
<2017-09-26 13:04:32> DEBUG [o.a.h.i.c.PoolingHttpClientConnectionManager] Connection leased: [id: 0][route: {s}->https://branchtest.perfectomobile.com:443][total kept alive: 3; route allocated: 5 of 2000; total allocated: 5 of 2000]
<2017-09-26 13:04:32> DEBUG [o.a.h.i.execchain.MainClientExec] Stale connection check
<2017-09-26 13:04:32> DEBUG [org.apache.http.wire] http-outgoing-0 << "[read] I/O error: Read timed out"
<2017-09-26 13:04:32> DEBUG [o.a.h.i.c.DefaultManagedHttpClientConnection] http-outgoing-0: set socket timeout to 10800000
<2017-09-26 13:04:32> DEBUG [o.a.h.i.execchain.MainClientExec] Executing request POST /nexperience/perfectomobile/wd/hub/session/58e9750c-b4d6-4ed9-a103-01f993e76832/element HTTP/1.1
<2017-09-26 13:04:32> DEBUG [o.a.h.i.execchain.MainClientExec] Target auth state: UNCHALLENGED
<2017-09-26 13:04:32> DEBUG [o.a.h.i.execchain.MainClientExec] Proxy auth state: UNCHALLENGED
<2017-09-26 13:04:32> DEBUG [org.apache.http.headers] http-outgoing-0 >> POST /nexperience/perfectomobile/wd/hub/session/58e9750c-b4d6-4ed9-a103-01f993e76832/element HTTP/1.1
<2017-09-26 13:04:32> DEBUG [org.apache.http.headers] http-outgoing-0 >> Content-Type: application/json; charset=utf-8
<2017-09-26 13:04:32> DEBUG [org.apache.http.headers] http-outgoing-0 >> Content-Length: 72
<2017-09-26 13:04:32> DEBUG [org.apache.http.headers] http-outgoing-0 >> Host: branchtest.perfectomobile.com
<2017-09-26 13:04:32> DEBUG [org.apache.http.headers] http-outgoing-0 >> Connection: Keep-Alive
<2017-09-26 13:04:32> DEBUG [org.apache.http.headers] http-outgoing-0 >> User-Agent: Apache-HttpClient/4.5.2 (Java/1.8.0_121)
<2017-09-26 13:04:32> DEBUG [org.apache.http.headers] http-outgoing-0 >> Cookie: JSESSIONID=F6E28E4994D1584E597DBDFCCCB1737E; fast_failed=true; fast_failed=true
<2017-09-26 13:04:32> DEBUG [org.apache.http.headers] http-outgoing-0 >> Accept-Encoding: gzip,deflate
<2017-09-26 13:04:32> DEBUG [org.apache.http.wire] http-outgoing-0 >> "POST /nexperience/perfectomobile/wd/hub/session/58e9750c-b4d6-4ed9-a103-01f993e76832/element HTTP/1.1[\r][\n]"
<2017-09-26 13:04:32> DEBUG [org.apache.http.wire] http-outgoing-0 >> "Content-Type: application/json; charset=utf-8[\r][\n]"
<2017-09-26 13:04:32> DEBUG [org.apache.http.wire] http-outgoing-0 >> "Content-Length: 72[\r][\n]"
<2017-09-26 13:04:32> DEBUG [org.apache.http.wire] http-outgoing-0 >> "Host: branchtest.perfectomobile.com[\r][\n]"
<2017-09-26 13:04:32> DEBUG [org.apache.http.wire] http-outgoing-0 >> "Connection: Keep-Alive[\r][\n]"
<2017-09-26 13:04:32> DEBUG [org.apache.http.wire] http-outgoing-0 >> "User-Agent: Apache-HttpClient/4.5.2 (Java/1.8.0_121)[\r][\n]"
<2017-09-26 13:04:32> DEBUG [org.apache.http.wire] http-outgoing-0 >> "Cookie: JSESSIONID=F6E28E4994D1584E597DBDFCCCB1737E; fast_failed=true; fast_failed=true[\r][\n]"
<2017-09-26 13:04:32> DEBUG [org.apache.http.wire] http-outgoing-0 >> "Accept-Encoding: gzip,deflate[\r][\n]"
<2017-09-26 13:04:32> DEBUG [org.apache.http.wire] http-outgoing-0 >> "[\r][\n]"
<2017-09-26 13:04:32> DEBUG [org.apache.http.wire] http-outgoing-0 >> "{"using":"xpath","value":"//*[@id=\"register_form\"]/fieldset[7]/input"}"
<2017-09-26 13:04:32> DEBUG [o.a.h.c.p.RequestAddCookies] CookieSpec selected: default
<2017-09-26 13:04:32> DEBUG [o.a.h.c.p.RequestAddCookies] Cookie [version: 0][name: JSESSIONID][value: F6E28E4994D1584E597DBDFCCCB1737E][domain: branchtest.perfectomobile.com][path: /nexperience/][expiry: null] match [(secure)branchtest.perfectomobile.com:443/nexperience/perfectomobile/wd/hub/session/9653146c-9d83-4061-80ff-76b8ef1fd249/execute]
<2017-09-26 13:04:32> DEBUG [o.a.h.c.p.RequestAddCookies] Cookie [version: 0][name: fast_failed][value: true][domain: branchtest.perfectomobile.com][path: /nexperience/perfectomobile/wd/hub][expiry: null] match [(secure)branchtest.perfectomobile.com:443/nexperience/perfectomobile/wd/hub/session/9653146c-9d83-4061-80ff-76b8ef1fd249/execute]
<2017-09-26 13:04:32> DEBUG [o.a.h.c.p.RequestAddCookies] Cookie [version: 0][name: fast_failed][value: true][domain: branchtest.perfectomobile.com][path: /nexperience/perfectomobile/wd/hub/session/9653146c-9d83-4061-80ff-76b8ef1fd249][expiry: null] match [(secure)branchtest.perfectomobile.com:443/nexperience/perfectomobile/wd/hub/session/9653146c-9d83-4061-80ff-76b8ef1fd249/execute]
<2017-09-26 13:04:32> DEBUG [o.a.h.c.p.RequestAuthCache] Auth cache not set in the context
<2017-09-26 13:04:32> DEBUG [o.a.h.i.c.PoolingHttpClientConnectionManager] Connection request: [route: {s}->https://branchtest.perfectomobile.com:443][total kept alive: 3; route allocated: 5 of 2000; total allocated: 5 of 2000]
<2017-09-26 13:04:32> DEBUG [org.apache.http.wire] http-outgoing-1 << "[read] I/O error: Read timed out"
<2017-09-26 13:04:32> DEBUG [o.a.h.i.c.PoolingHttpClientConnectionManager] Connection leased: [id: 1][route: {s}->https://branchtest.perfectomobile.com:443][total kept alive: 2; route allocated: 5 of 2000; total allocated: 5 of 2000]
<2017-09-26 13:04:32> DEBUG [o.a.h.i.execchain.MainClientExec] Stale connection check
<2017-09-26 13:04:32> DEBUG [org.apache.http.wire] http-outgoing-1 << "[read] I/O error: Read timed out"
<2017-09-26 13:04:32> DEBUG [o.a.h.i.c.DefaultManagedHttpClientConnection] http-outgoing-1: set socket timeout to 10800000
<2017-09-26 13:04:32> DEBUG [o.a.h.i.execchain.MainClientExec] Executing request POST /nexperience/perfectomobile/wd/hub/session/9653146c-9d83-4061-80ff-76b8ef1fd249/execute HTTP/1.1
<2017-09-26 13:04:32> DEBUG [o.a.h.i.execchain.MainClientExec] Target auth state: UNCHALLENGED
<2017-09-26 13:04:32> DEBUG [o.a.h.i.execchain.MainClientExec] Proxy auth state: UNCHALLENGED
<2017-09-26 13:04:32> DEBUG [org.apache.http.headers] http-outgoing-1 >> POST /nexperience/perfectomobile/wd/hub/session/9653146c-9d83-4061-80ff-76b8ef1fd249/execute HTTP/1.1
<2017-09-26 13:04:32> DEBUG [org.apache.http.headers] http-outgoing-1 >> Content-Type: application/json; charset=utf-8
<2017-09-26 13:04:32> DEBUG [org.apache.http.headers] http-outgoing-1 >> Content-Length: 54
<2017-09-26 13:04:32> DEBUG [org.apache.http.headers] http-outgoing-1 >> Host: branchtest.perfectomobile.com
<2017-09-26 13:04:32> DEBUG [org.apache.http.headers] http-outgoing-1 >> Connection: Keep-Alive
<2017-09-26 13:04:32> DEBUG [org.apache.http.headers] http-outgoing-1 >> User-Agent: Apache-HttpClient/4.5.2 (Java/1.8.0_121)
<2017-09-26 13:04:32> DEBUG [org.apache.http.headers] http-outgoing-1 >> Cookie: JSESSIONID=F6E28E4994D1584E597DBDFCCCB1737E; fast_failed=true; fast_failed=true
<2017-09-26 13:04:32> DEBUG [org.apache.http.headers] http-outgoing-1 >> Accept-Encoding: gzip,deflate
<2017-09-26 13:04:32> DEBUG [org.apache.http.wire] http-outgoing-1 >> "POST /nexperience/perfectomobile/wd/hub/session/9653146c-9d83-4061-80ff-76b8ef1fd249/execute HTTP/1.1[\r][\n]"
<2017-09-26 13:04:32> DEBUG [org.apache.http.wire] http-outgoing-1 >> "Content-Type: application/json; charset=utf-8[\r][\n]"
<2017-09-26 13:04:32> DEBUG [org.apache.http.wire] http-outgoing-1 >> "Content-Length: 54[\r][\n]"
<2017-09-26 13:04:32> DEBUG [org.apache.http.wire] http-outgoing-1 >> "Host: branchtest.perfectomobile.com[\r][\n]"
<2017-09-26 13:04:32> DEBUG [org.apache.http.wire] http-outgoing-1 >> "Connection: Keep-Alive[\r][\n]"
<2017-09-26 13:04:32> DEBUG [org.apache.http.wire] http-outgoing-1 >> "User-Agent: Apache-HttpClient/4.5.2 (Java/1.8.0_121)[\r][\n]"
<2017-09-26 13:04:32> DEBUG [org.apache.http.wire] http-outgoing-1 >> "Cookie: JSESSIONID=F6E28E4994D1584E597DBDFCCCB1737E; fast_failed=true; fast_failed=true[\r][\n]"
<2017-09-26 13:04:32> DEBUG [org.apache.http.wire] http-outgoing-1 >> "Accept-Encoding: gzip,deflate[\r][\n]"
<2017-09-26 13:04:32> DEBUG [org.apache.http.wire] http-outgoing-1 >> "[\r][\n]"
<2017-09-26 13:04:32> DEBUG [org.apache.http.wire] http-outgoing-1 >> "{"script":"mobile:step:end","args":[{"message":null}]}"
<2017-09-26 13:04:32> DEBUG [org.apache.http.wire] http-outgoing-1 << "HTTP/1.1 200 OK[\r][\n]"
<2017-09-26 13:04:32> DEBUG [org.apache.http.wire] http-outgoing-1 << "Server: nginx[\r][\n]"
<2017-09-26 13:04:32> DEBUG [org.apache.http.wire] http-outgoing-1 << "Date: Tue, 26 Sep 2017 10:04:29 GMT[\r][\n]"
<2017-09-26 13:04:32> DEBUG [org.apache.http.wire] http-outgoing-1 << "Content-Type: application/json;charset=utf-8[\r][\n]"
<2017-09-26 13:04:32> DEBUG [org.apache.http.wire] http-outgoing-1 << "Transfer-Encoding: chunked[\r][\n]"
<2017-09-26 13:04:32> DEBUG [org.apache.http.wire] http-outgoing-1 << "Connection: keep-alive[\r][\n]"
<2017-09-26 13:04:32> DEBUG [org.apache.http.wire] http-outgoing-1 << "Set-Cookie: JSESSIONID=F6E28E4994D1584E597DBDFCCCB1737E; Path=/nexperience/; HttpOnly[\r][\n]"
<2017-09-26 13:04:32> DEBUG [org.apache.http.wire] http-outgoing-1 << "Expires: Thu, 01 Jan 1970 00:00:00 GMT[\r][\n]"
<2017-09-26 13:04:32> DEBUG [org.apache.http.wire] http-outgoing-1 << "Cache-Control: no-cache[\r][\n]"
<2017-09-26 13:04:32> DEBUG [org.apache.http.wire] http-outgoing-1 << "Cache-Control: no-cache[\r][\n]"
<2017-09-26 13:04:32> DEBUG [org.apache.http.wire] http-outgoing-1 << "Expires: Thu, 01 Jan 1970 00:00:00 GMT[\r][\n]"
<2017-09-26 13:04:32> DEBUG [org.apache.http.wire] http-outgoing-1 << "Set-Cookie: fast_failed=true[\r][\n]"
<2017-09-26 13:04:32> DEBUG [org.apache.http.wire] http-outgoing-1 << "X-XSS-Protection: 2; mode=block[\r][\n]"
<2017-09-26 13:04:32> DEBUG [org.apache.http.wire] http-outgoing-1 << "Content-Encoding: gzip[\r][\n]"
<2017-09-26 13:04:32> DEBUG [org.apache.http.wire] http-outgoing-1 << "[\r][\n]"
<2017-09-26 13:04:32> DEBUG [org.apache.http.wire] http-outgoing-1 << "95[\r][\n]"
<2017-09-26 13:04:32> DEBUG [org.apache.http.wire] http-outgoing-1 << "[0x1f][0x8b][0x8][0x0][0x0][0x0][0x0][0x0][0x0][0x3]-[0xcc]1[0x12][0xc2] [0x10][0x85][0xe1][0xbb]l[0x1d][0x18]"[0x4]![0xad][0x95][0xad]7@X43[0x4]b6[0xd8]8[0xde][0xdd]-l[0xff][0xf9][0xde][0xfb][0x0]![0xd1][0xd2][0xea]5[0xc1][0xc][0xde]Nz46[\n]"
<2017-09-26 13:04:32> DEBUG [org.apache.http.wire] http-outgoing-1 << "[0x9f][0x9c][0x16]F[0xd9]Q8[0x95][0xb3]8[0xdb][0xbb][0xc3]<[0xe6]t2[0x1e][0x6][0xa0]#[0x1c][0xc8][0x9c]z[0x8c][0xbc][0xe6][0xf2][0xbc][0xb4][0xc4]E+[0xe3][0x9d][0xd3][0xd3]4[0xc0];[0x94][0xce][0xa5][0xf6]R[0x6][0x88]%0[0x9b][0xa1][0xed][0xf][0xd9]6[0xac][0xaf] [0x9][0xb][0xd6][0xa5][0xaf]r[0xc7][0xb5][0x1d](oH[[0xab][0x84][0xff][0xfb][0xce]\}]]>&#x7f;<![CDATA[[0x89][0xdd][0xea][0xba][0x9e][0x0][0x0][0x0][\r][\n]"
<2017-09-26 13:04:32> DEBUG [org.apache.http.wire] http-outgoing-1 << "0[\r][\n]"
<2017-09-26 13:04:32> DEBUG [org.apache.http.wire] http-outgoing-1 << "[\r][\n]"
<2017-09-26 13:04:32> DEBUG [org.apache.http.headers] http-outgoing-1 << HTTP/1.1 200 OK
<2017-09-26 13:04:32> DEBUG [org.apache.http.headers] http-outgoing-1 << Server: nginx
<2017-09-26 13:04:32> DEBUG [org.apache.http.headers] http-outgoing-1 << Date: Tue, 26 Sep 2017 10:04:29 GMT
<2017-09-26 13:04:32> DEBUG [org.apache.http.headers] http-outgoing-1 << Content-Type: application/json;charset=utf-8
<2017-09-26 13:04:32> DEBUG [org.apache.http.headers] http-outgoing-1 << Transfer-Encoding: chunked
<2017-09-26 13:04:32> DEBUG [org.apache.http.headers] http-outgoing-1 << Connection: keep-alive
<2017-09-26 13:04:32> DEBUG [org.apache.http.headers] http-outgoing-1 << Set-Cookie: JSESSIONID=F6E28E4994D1584E597DBDFCCCB1737E; Path=/nexperience/; HttpOnly
<2017-09-26 13:04:32> DEBUG [org.apache.http.headers] http-outgoing-1 << Expires: Thu, 01 Jan 1970 00:00:00 GMT
<2017-09-26 13:04:32> DEBUG [org.apache.http.headers] http-outgoing-1 << Cache-Control: no-cache
<2017-09-26 13:04:32> DEBUG [org.apache.http.headers] http-outgoing-1 << Cache-Control: no-cache
<2017-09-26 13:04:32> DEBUG [org.apache.http.headers] http-outgoing-1 << Expires: Thu, 01 Jan 1970 00:00:00 GMT
<2017-09-26 13:04:32> DEBUG [org.apache.http.headers] http-outgoing-1 << Set-Cookie: fast_failed=true
<2017-09-26 13:04:32> DEBUG [org.apache.http.headers] http-outgoing-1 << X-XSS-Protection: 2; mode=block
<2017-09-26 13:04:32> DEBUG [org.apache.http.headers] http-outgoing-1 << Content-Encoding: gzip
<2017-09-26 13:04:32> DEBUG [o.a.h.i.execchain.MainClientExec] Connection can be kept alive indefinitely
<2017-09-26 13:04:32> DEBUG [o.a.h.c.p.ResponseProcessCookies] Cookie accepted [JSESSIONID="F6E28E4994D1584E597DBDFCCCB1737E", version:0, domain:branchtest.perfectomobile.com, path:/nexperience/, expiry:null]
<2017-09-26 13:04:32> DEBUG [o.a.h.c.p.ResponseProcessCookies] Cookie accepted [fast_failed="true", version:0, domain:branchtest.perfectomobile.com, path:/nexperience/perfectomobile/wd/hub/session/9653146c-9d83-4061-80ff-76b8ef1fd249, expiry:null]
<2017-09-26 13:04:32> DEBUG [o.a.h.i.c.PoolingHttpClientConnectionManager] Connection [id: 1][route: {s}->https://branchtest.perfectomobile.com:443] can be kept alive indefinitely
<2017-09-26 13:04:32> DEBUG [o.a.h.i.c.PoolingHttpClientConnectionManager] Connection released: [id: 1][route: {s}->https://branchtest.perfectomobile.com:443][total kept alive: 3; route allocated: 5 of 2000; total allocated: 5 of 2000]
<2017-09-26 13:04:32> DEBUG [o.a.h.c.p.RequestAddCookies] CookieSpec selected: default
<2017-09-26 13:04:32> DEBUG [o.a.h.c.p.RequestAddCookies] Cookie [version: 0][name: JSESSIONID][value: F6E28E4994D1584E597DBDFCCCB1737E][domain: branchtest.perfectomobile.com][path: /nexperience/][expiry: null] match [(secure)branchtest.perfectomobile.com:443/nexperience/perfectomobile/wd/hub/session/9653146c-9d83-4061-80ff-76b8ef1fd249/execute]
<2017-09-26 13:04:32> DEBUG [o.a.h.c.p.RequestAddCookies] Cookie [version: 0][name: fast_failed][value: true][domain: branchtest.perfectomobile.com][path: /nexperience/perfectomobile/wd/hub][expiry: null] match [(secure)branchtest.perfectomobile.com:443/nexperience/perfectomobile/wd/hub/session/9653146c-9d83-4061-80ff-76b8ef1fd249/execute]
<2017-09-26 13:04:32> DEBUG [o.a.h.c.p.RequestAddCookies] Cookie [version: 0][name: fast_failed][value: true][domain: branchtest.perfectomobile.com][path: /nexperience/perfectomobile/wd/hub/session/9653146c-9d83-4061-80ff-76b8ef1fd249][expiry: null] match [(secure)branchtest.perfectomobile.com:443/nexperience/perfectomobile/wd/hub/session/9653146c-9d83-4061-80ff-76b8ef1fd249/execute]
<2017-09-26 13:04:32> DEBUG [o.a.h.c.p.RequestAuthCache] Auth cache not set in the context
<2017-09-26 13:04:32> DEBUG [o.a.h.i.c.PoolingHttpClientConnectionManager] Connection request: [route: {s}->https://branchtest.perfectomobile.com:443][total kept alive: 3; route allocated: 5 of 2000; total allocated: 5 of 2000]
<2017-09-26 13:04:32> DEBUG [o.a.h.i.c.PoolingHttpClientConnectionManager] Connection leased: [id: 1][route: {s}->https://branchtest.perfectomobile.com:443][total kept alive: 2; route allocated: 5 of 2000; total allocated: 5 of 2000]
<2017-09-26 13:04:32> DEBUG [o.a.h.i.execchain.MainClientExec] Stale connection check
<2017-09-26 13:04:32> DEBUG [org.apache.http.wire] http-outgoing-1 << "[read] I/O error: Read timed out"
<2017-09-26 13:04:32> DEBUG [o.a.h.i.c.DefaultManagedHttpClientConnection] http-outgoing-1: set socket timeout to 10800000
<2017-09-26 13:04:32> DEBUG [o.a.h.i.execchain.MainClientExec] Executing request POST /nexperience/perfectomobile/wd/hub/session/9653146c-9d83-4061-80ff-76b8ef1fd249/execute HTTP/1.1
<2017-09-26 13:04:32> DEBUG [o.a.h.i.execchain.MainClientExec] Target auth state: UNCHALLENGED
<2017-09-26 13:04:32> DEBUG [o.a.h.i.execchain.MainClientExec] Proxy auth state: UNCHALLENGED
<2017-09-26 13:04:32> DEBUG [org.apache.http.headers] http-outgoing-1 >> POST /nexperience/perfectomobile/wd/hub/session/9653146c-9d83-4061-80ff-76b8ef1fd249/execute HTTP/1.1
<2017-09-26 13:04:32> DEBUG [org.apache.http.headers] http-outgoing-1 >> Content-Type: application/json; charset=utf-8
<2017-09-26 13:04:32> DEBUG [org.apache.http.headers] http-outgoing-1 >> Content-Length: 68
<2017-09-26 13:04:32> DEBUG [org.apache.http.headers] http-outgoing-1 >> Host: branchtest.perfectomobile.com
<2017-09-26 13:04:32> DEBUG [org.apache.http.headers] http-outgoing-1 >> Connection: Keep-Alive
<2017-09-26 13:04:32> DEBUG [org.apache.http.headers] http-outgoing-1 >> User-Agent: Apache-HttpClient/4.5.2 (Java/1.8.0_121)
<2017-09-26 13:04:32> DEBUG [org.apache.http.headers] http-outgoing-1 >> Cookie: JSESSIONID=F6E28E4994D1584E597DBDFCCCB1737E; fast_failed=true; fast_failed=true
<2017-09-26 13:04:32> DEBUG [org.apache.http.headers] http-outgoing-1 >> Accept-Encoding: gzip,deflate
<2017-09-26 13:04:32> DEBUG [org.apache.http.wire] http-outgoing-1 >> "POST /nexperience/perfectomobile/wd/hub/session/9653146c-9d83-4061-80ff-76b8ef1fd249/execute HTTP/1.1[\r][\n]"
<2017-09-26 13:04:32> DEBUG [org.apache.http.wire] http-outgoing-1 >> "Content-Type: application/json; charset=utf-8[\r][\n]"
<2017-09-26 13:04:32> DEBUG [org.apache.http.wire] http-outgoing-1 >> "Content-Length: 68[\r][\n]"
<2017-09-26 13:04:32> DEBUG [org.apache.http.wire] http-outgoing-1 >> "Host: branchtest.perfectomobile.com[\r][\n]"
<2017-09-26 13:04:32> DEBUG [org.apache.http.wire] http-outgoing-1 >> "Connection: Keep-Alive[\r][\n]"
<2017-09-26 13:04:32> DEBUG [org.apache.http.wire] http-outgoing-1 >> "User-Agent: Apache-HttpClient/4.5.2 (Java/1.8.0_121)[\r][\n]"
<2017-09-26 13:04:32> DEBUG [org.apache.http.wire] http-outgoing-1 >> "Cookie: JSESSIONID=F6E28E4994D1584E597DBDFCCCB1737E; fast_failed=true; fast_failed=true[\r][\n]"
<2017-09-26 13:04:32> DEBUG [org.apache.http.wire] http-outgoing-1 >> "Accept-Encoding: gzip,deflate[\r][\n]"
<2017-09-26 13:04:32> DEBUG [org.apache.http.wire] http-outgoing-1 >> "[\r][\n]"
<2017-09-26 13:04:32> DEBUG [org.apache.http.wire] http-outgoing-1 >> "{"script":"mobile:step:start","args":[{"name":"Test Registration"}]}"
<2017-09-26 13:04:32> DEBUG [org.apache.http.wire] http-outgoing-0 << "HTTP/1.1 200 OK[\r][\n]"
<2017-09-26 13:04:32> DEBUG [org.apache.http.wire] http-outgoing-0 << "Server: nginx[\r][\n]"
<2017-09-26 13:04:32> DEBUG [org.apache.http.wire] http-outgoing-0 << "Date: Tue, 26 Sep 2017 10:04:29 GMT[\r][\n]"
<2017-09-26 13:04:32> DEBUG [org.apache.http.wire] http-outgoing-0 << "Content-Type: application/json;charset=utf-8[\r][\n]"
<2017-09-26 13:04:32> DEBUG [org.apache.http.wire] http-outgoing-0 << "Transfer-Encoding: chunked[\r][\n]"
<2017-09-26 13:04:32> DEBUG [org.apache.http.wire] http-outgoing-0 << "Connection: keep-alive[\r][\n]"
<2017-09-26 13:04:32> DEBUG [org.apache.http.wire] http-outgoing-0 << "Set-Cookie: JSESSIONID=F6E28E4994D1584E597DBDFCCCB1737E; Path=/nexperience/; HttpOnly[\r][\n]"
<2017-09-26 13:04:32> DEBUG [org.apache.http.wire] http-outgoing-0 << "Expires: Thu, 01 Jan 1970 00:00:00 GMT[\r][\n]"
<2017-09-26 13:04:32> DEBUG [org.apache.http.wire] http-outgoing-0 << "Cache-Control: no-cache[\r][\n]"
<2017-09-26 13:04:32> DEBUG [org.apache.http.wire] http-outgoing-0 << "Cache-Control: no-cache[\r][\n]"
<2017-09-26 13:04:32> DEBUG [org.apache.http.wire] http-outgoing-0 << "Expires: Thu, 01 Jan 1970 00:00:00 GMT[\r][\n]"
<2017-09-26 13:04:32> DEBUG [org.apache.http.wire] http-outgoing-0 << "Set-Cookie: fast_failed=true[\r][\n]"
<2017-09-26 13:04:32> DEBUG [org.apache.http.wire] http-outgoing-0 << "X-XSS-Protection: 2; mode=block[\r][\n]"
<2017-09-26 13:04:32> DEBUG [org.apache.http.wire] http-outgoing-0 << "Content-Encoding: gzip[\r][\n]"
<2017-09-26 13:04:32> DEBUG [org.apache.http.wire] http-outgoing-0 << "[\r][\n]"
<2017-09-26 13:04:32> DEBUG [org.apache.http.wire] http-outgoing-0 << "a2[\r][\n]"
<2017-09-26 13:04:32> DEBUG [org.apache.http.wire] http-outgoing-0 << "[0x1f][0x8b][0x8][0x0][0x0][0x0][0x0][0x0][0x0][0x3]-[0x8d][0xcb][0xe][0xc2] [0x10][0x0][0xff]e[0xcf][0x85]@[0xe9][0xb][0xaf][0xa6][0x7][0x13][0xf5]`[0xfc][0x1][0x84]U[0x9b][0xb4]P[0xbb][0xc5]K[0xd3]]]>&#x7f;<![CDATA[w[0xf]^'3[0x99][\r][0x8][0x89][0x86][0x14]O[0x1][0xe]Pwh[0xdb]Zy[0xf1][0xa8]B#*[0xc]V8[0xad][0x8c]P[0xfa]i[0xad][0xc1][0xb6][0xe9]L[0x9][0x5][0xd0][0xea]Vd[0x9d][0xb2][0xf7]\3y[0x1f]S`[0xa2]Mi[0x8c][0xee][0x8c]U[0x5]|[0xdd][0x98][0x19]m[0xd0][0x9f][0xfb]K]]>&#x7f;<![CDATA[[0xbd][0xb3][0xaf][0x15][0xec][0x5][0xf8][0xd1]qs[0x80][0xb4][0xbc]d[0x9a]1~[0x9c]$[0x1c]1[0xe]y[0x92][0xb]NiEyC[0x9a]S$[0xfc][0xbf]2[0xeb]j[0xff][0x1][0xba][0xe2][0xb6][0x8][0xab][0x0][0x0][0x0][\r][\n]"
<2017-09-26 13:04:32> DEBUG [org.apache.http.wire] http-outgoing-0 << "0[\r][\n]"
<2017-09-26 13:04:32> DEBUG [org.apache.http.wire] http-outgoing-0 << "[\r][\n]"
<2017-09-26 13:04:32> DEBUG [org.apache.http.headers] http-outgoing-0 << HTTP/1.1 200 OK
<2017-09-26 13:04:32> DEBUG [org.apache.http.headers] http-outgoing-0 << Server: nginx
<2017-09-26 13:04:32> DEBUG [org.apache.http.headers] http-outgoing-0 << Date: Tue, 26 Sep 2017 10:04:29 GMT
<2017-09-26 13:04:32> DEBUG [org.apache.http.headers] http-outgoing-0 << Content-Type: application/json;charset=utf-8
<2017-09-26 13:04:32> DEBUG [org.apache.http.headers] http-outgoing-0 << Transfer-Encoding: chunked
<2017-09-26 13:04:32> DEBUG [org.apache.http.headers] http-outgoing-0 << Connection: keep-alive
<2017-09-26 13:04:32> DEBUG [org.apache.http.headers] http-outgoing-0 << Set-Cookie: JSESSIONID=F6E28E4994D1584E597DBDFCCCB1737E; Path=/nexperience/; HttpOnly
<2017-09-26 13:04:32> DEBUG [org.apache.http.headers] http-outgoing-0 << Expires: Thu, 01 Jan 1970 00:00:00 GMT
<2017-09-26 13:04:32> DEBUG [org.apache.http.headers] http-outgoing-0 << Cache-Control: no-cache
<2017-09-26 13:04:32> DEBUG [org.apache.http.headers] http-outgoing-0 << Cache-Control: no-cache
<2017-09-26 13:04:32> DEBUG [org.apache.http.headers] http-outgoing-0 << Expires: Thu, 01 Jan 1970 00:00:00 GMT
<2017-09-26 13:04:32> DEBUG [org.apache.http.headers] http-outgoing-0 << Set-Cookie: fast_failed=true
<2017-09-26 13:04:32> DEBUG [org.apache.http.headers] http-outgoing-0 << X-XSS-Protection: 2; mode=block
<2017-09-26 13:04:32> DEBUG [org.apache.http.headers] http-outgoing-0 << Content-Encoding: gzip
<2017-09-26 13:04:32> DEBUG [o.a.h.i.execchain.MainClientExec] Connection can be kept alive indefinitely
<2017-09-26 13:04:32> DEBUG [o.a.h.c.p.ResponseProcessCookies] Cookie accepted [JSESSIONID="F6E28E4994D1584E597DBDFCCCB1737E", version:0, domain:branchtest.perfectomobile.com, path:/nexperience/, expiry:null]
<2017-09-26 13:04:32> DEBUG [o.a.h.c.p.ResponseProcessCookies] Cookie accepted [fast_failed="true", version:0, domain:branchtest.perfectomobile.com, path:/nexperience/perfectomobile/wd/hub/session/58e9750c-b4d6-4ed9-a103-01f993e76832, expiry:null]
<2017-09-26 13:04:32> DEBUG [o.a.h.i.c.PoolingHttpClientConnectionManager] Connection [id: 0][route: {s}->https://branchtest.perfectomobile.com:443] can be kept alive indefinitely
<2017-09-26 13:04:32> DEBUG [o.a.h.i.c.PoolingHttpClientConnectionManager] Connection released: [id: 0][route: {s}->https://branchtest.perfectomobile.com:443][total kept alive: 3; route allocated: 5 of 2000; total allocated: 5 of 2000]
<2017-09-26 13:04:32> DEBUG [o.a.h.c.p.RequestAddCookies] CookieSpec selected: default
<2017-09-26 13:04:32> DEBUG [o.a.h.c.p.RequestAddCookies] Cookie [version: 0][name: JSESSIONID][value: F6E28E4994D1584E597DBDFCCCB1737E][domain: branchtest.perfectomobile.com][path: /nexperience/][expiry: null] match [(secure)branchtest.perfectomobile.com:443/nexperience/perfectomobile/wd/hub/session/58e9750c-b4d6-4ed9-a103-01f993e76832/element/10/value]
<2017-09-26 13:04:32> DEBUG [o.a.h.c.p.RequestAddCookies] Cookie [version: 0][name: fast_failed][value: true][domain: branchtest.perfectomobile.com][path: /nexperience/perfectomobile/wd/hub][expiry: null] match [(secure)branchtest.perfectomobile.com:443/nexperience/perfectomobile/wd/hub/session/58e9750c-b4d6-4ed9-a103-01f993e76832/element/10/value]
<2017-09-26 13:04:32> DEBUG [o.a.h.c.p.RequestAddCookies] Cookie [version: 0][name: fast_failed][value: true][domain: branchtest.perfectomobile.com][path: /nexperience/perfectomobile/wd/hub/session/58e9750c-b4d6-4ed9-a103-01f993e76832][expiry: null] match [(secure)branchtest.perfectomobile.com:443/nexperience/perfectomobile/wd/hub/session/58e9750c-b4d6-4ed9-a103-01f993e76832/element/10/value]
<2017-09-26 13:04:32> DEBUG [o.a.h.c.p.RequestAuthCache] Auth cache not set in the context
<2017-09-26 13:04:32> DEBUG [o.a.h.i.c.PoolingHttpClientConnectionManager] Connection request: [route: {s}->https://branchtest.perfectomobile.com:443][total kept alive: 3; route allocated: 5 of 2000; total allocated: 5 of 2000]
<2017-09-26 13:04:32> DEBUG [o.a.h.i.c.PoolingHttpClientConnectionManager] Connection leased: [id: 0][route: {s}->https://branchtest.perfectomobile.com:443][total kept alive: 2; route allocated: 5 of 2000; total allocated: 5 of 2000]
<2017-09-26 13:04:32> DEBUG [o.a.h.i.execchain.MainClientExec] Stale connection check
<2017-09-26 13:04:32> DEBUG [org.apache.http.wire] http-outgoing-0 << "[read] I/O error: Read timed out"
<2017-09-26 13:04:32> DEBUG [o.a.h.i.c.DefaultManagedHttpClientConnection] http-outgoing-0: set socket timeout to 10800000
<2017-09-26 13:04:32> DEBUG [o.a.h.i.execchain.MainClientExec] Executing request POST /nexperience/perfectomobile/wd/hub/session/58e9750c-b4d6-4ed9-a103-01f993e76832/element/10/value HTTP/1.1
<2017-09-26 13:04:32> DEBUG [o.a.h.i.execchain.MainClientExec] Target auth state: UNCHALLENGED
<2017-09-26 13:04:32> DEBUG [o.a.h.i.execchain.MainClientExec] Proxy auth state: UNCHALLENGED
<2017-09-26 13:04:32> DEBUG [org.apache.http.headers] http-outgoing-0 >> POST /nexperience/perfectomobile/wd/hub/session/58e9750c-b4d6-4ed9-a103-01f993e76832/element/10/value HTTP/1.1
<2017-09-26 13:04:32> DEBUG [org.apache.http.headers] http-outgoing-0 >> Content-Type: application/json; charset=utf-8
<2017-09-26 13:04:32> DEBUG [org.apache.http.headers] http-outgoing-0 >> Content-Length: 32
<2017-09-26 13:04:32> DEBUG [org.apache.http.headers] http-outgoing-0 >> Host: branchtest.perfectomobile.com
<2017-09-26 13:04:32> DEBUG [org.apache.http.headers] http-outgoing-0 >> Connection: Keep-Alive
<2017-09-26 13:04:32> DEBUG [org.apache.http.headers] http-outgoing-0 >> User-Agent: Apache-HttpClient/4.5.2 (Java/1.8.0_121)
<2017-09-26 13:04:32> DEBUG [org.apache.http.headers] http-outgoing-0 >> Cookie: JSESSIONID=F6E28E4994D1584E597DBDFCCCB1737E; fast_failed=true; fast_failed=true
<2017-09-26 13:04:32> DEBUG [org.apache.http.headers] http-outgoing-0 >> Accept-Encoding: gzip,deflate
<2017-09-26 13:04:32> DEBUG [org.apache.http.wire] http-outgoing-0 >> "POST /nexperience/perfectomobile/wd/hub/session/58e9750c-b4d6-4ed9-a103-01f993e76832/element/10/value HTTP/1.1[\r][\n]"
<2017-09-26 13:04:32> DEBUG [org.apache.http.wire] http-outgoing-0 >> "Content-Type: application/json; charset=utf-8[\r][\n]"
<2017-09-26 13:04:32> DEBUG [org.apache.http.wire] http-outgoing-0 >> "Content-Length: 32[\r][\n]"
<2017-09-26 13:04:32> DEBUG [org.apache.http.wire] http-outgoing-0 >> "Host: branchtest.perfectomobile.com[\r][\n]"
<2017-09-26 13:04:32> DEBUG [org.apache.http.wire] http-outgoing-0 >> "Connection: Keep-Alive[\r][\n]"
<2017-09-26 13:04:32> DEBUG [org.apache.http.wire] http-outgoing-0 >> "User-Agent: Apache-HttpClient/4.5.2 (Java/1.8.0_121)[\r][\n]"
<2017-09-26 13:04:32> DEBUG [org.apache.http.wire] http-outgoing-0 >> "Cookie: JSESSIONID=F6E28E4994D1584E597DBDFCCCB1737E; fast_failed=true; fast_failed=true[\r][\n]"
<2017-09-26 13:04:32> DEBUG [org.apache.http.wire] http-outgoing-0 >> "Accept-Encoding: gzip,deflate[\r][\n]"
<2017-09-26 13:04:32> DEBUG [org.apache.http.wire] http-outgoing-0 >> "[\r][\n]"
<2017-09-26 13:04:32> DEBUG [org.apache.http.wire] http-outgoing-0 >> "{"id":"10","value":["username"]}"
<2017-09-26 13:04:33> DEBUG [org.apache.http.wire] http-outgoing-1 << "HTTP/1.1 200 OK[\r][\n]"
<2017-09-26 13:04:33> DEBUG [org.apache.http.wire] http-outgoing-1 << "Server: nginx[\r][\n]"
<2017-09-26 13:04:33> DEBUG [org.apache.http.wire] http-outgoing-1 << "Date: Tue, 26 Sep 2017 10:04:29 GMT[\r][\n]"
<2017-09-26 13:04:33> DEBUG [org.apache.http.wire] http-outgoing-1 << "Content-Type: application/json;charset=utf-8[\r][\n]"
<2017-09-26 13:04:33> DEBUG [org.apache.http.wire] http-outgoing-1 << "Transfer-Encoding: chunked[\r][\n]"
<2017-09-26 13:04:33> DEBUG [org.apache.http.wire] http-outgoing-1 << "Connection: keep-alive[\r][\n]"
<2017-09-26 13:04:33> DEBUG [org.apache.http.wire] http-outgoing-1 << "Set-Cookie: JSESSIONID=F6E28E4994D1584E597DBDFCCCB1737E; Path=/nexperience/; HttpOnly[\r][\n]"
<2017-09-26 13:04:33> DEBUG [org.apache.http.wire] http-outgoing-1 << "Expires: Thu, 01 Jan 1970 00:00:00 GMT[\r][\n]"
<2017-09-26 13:04:33> DEBUG [org.apache.http.wire] http-outgoing-1 << "Cache-Control: no-cache[\r][\n]"
<2017-09-26 13:04:33> DEBUG [org.apache.http.wire] http-outgoing-1 << "Cache-Control: no-cache[\r][\n]"
<2017-09-26 13:04:33> DEBUG [org.apache.http.wire] http-outgoing-1 << "Expires: Thu, 01 Jan 1970 00:00:00 GMT[\r][\n]"
<2017-09-26 13:04:33> DEBUG [org.apache.http.wire] http-outgoing-1 << "Set-Cookie: fast_failed=true[\r][\n]"
<2017-09-26 13:04:33> DEBUG [org.apache.http.wire] http-outgoing-1 << "X-XSS-Protection: 2; mode=block[\r][\n]"
<2017-09-26 13:04:33> DEBUG [org.apache.http.wire] http-outgoing-1 << "Content-Encoding: gzip[\r][\n]"
<2017-09-26 13:04:33> DEBUG [org.apache.http.wire] http-outgoing-1 << "[\r][\n]"
<2017-09-26 13:04:33> DEBUG [org.apache.http.wire] http-outgoing-1 << "95[\r][\n]"
<2017-09-26 13:04:33> DEBUG [org.apache.http.wire] http-outgoing-1 << "[0x1f][0x8b][0x8][0x0][0x0][0x0][0x0][0x0][0x0][0x3]-[0xcc][0xc1][0xe][0xc2] [0x10][0x4][0xd0]]]>&#x7f;<![CDATA[[0xd9]s!E([0xa5][0xbd]z[0xf2][0xea][0x1f] ,[0xda][0xa4][0x85][0xda][0x5]/[0xc6]]]>&#x7f;<![CDATA[wM[0xbc][0xce][0xbc][0x99]7[0x10][0x12]-%_"[0xcc]0[0xd9]A+c[0x83][0x98][0xa2][0xd3][0xc2][0xf4]V[0x9][0xd7][0xa7]$F{s[0x98]T[0x8a]'3A[0x7]T}E[0xe6][0xd4]B[0xe0]5'[0x8f]s[0x89][0x9c](5[0xe]F+[0xa7][0xc7][0xe]^~m?[0xc4]mX=[0xab][0x19][0xca]q[0x97]e[0xc7][0xfc][0xf4][0x92]p[0xc5][0xbc][0xb4]M[0x1e][0xb8][0x95][0x8a][0xf2][0x8a][0xb4][0x97]L[0xf8]]]>&#x7f;<![CDATA[o[0xcc][0xfb][0xcf][0x17][0x0][0xb7][G[0x9d][0x0][0x0][0x0][\r][\n]"
<2017-09-26 13:04:33> DEBUG [org.apache.http.wire] http-outgoing-1 << "0[\r][\n]"
<2017-09-26 13:04:33> DEBUG [org.apache.http.wire] http-outgoing-1 << "[\r][\n]"
<2017-09-26 13:04:33> DEBUG [org.apache.http.headers] http-outgoing-1 << HTTP/1.1 200 OK
<2017-09-26 13:04:33> DEBUG [org.apache.http.headers] http-outgoing-1 << Server: nginx
<2017-09-26 13:04:33> DEBUG [org.apache.http.headers] http-outgoing-1 << Date: Tue, 26 Sep 2017 10:04:29 GMT
<2017-09-26 13:04:33> DEBUG [org.apache.http.headers] http-outgoing-1 << Content-Type: application/json;charset=utf-8
<2017-09-26 13:04:33> DEBUG [org.apache.http.headers] http-outgoing-1 << Transfer-Encoding: chunked
<2017-09-26 13:04:33> DEBUG [org.apache.http.headers] http-outgoing-1 << Connection: keep-alive
<2017-09-26 13:04:33> DEBUG [org.apache.http.headers] http-outgoing-1 << Set-Cookie: JSESSIONID=F6E28E4994D1584E597DBDFCCCB1737E; Path=/nexperience/; HttpOnly
<2017-09-26 13:04:33> DEBUG [org.apache.http.headers] http-outgoing-1 << Expires: Thu, 01 Jan 1970 00:00:00 GMT
<2017-09-26 13:04:33> DEBUG [org.apache.http.headers] http-outgoing-1 << Cache-Control: no-cache
<2017-09-26 13:04:33> DEBUG [org.apache.http.headers] http-outgoing-1 << Cache-Control: no-cache
<2017-09-26 13:04:33> DEBUG [org.apache.http.headers] http-outgoing-1 << Expires: Thu, 01 Jan 1970 00:00:00 GMT
<2017-09-26 13:04:33> DEBUG [org.apache.http.headers] http-outgoing-1 << Set-Cookie: fast_failed=true
<2017-09-26 13:04:33> DEBUG [org.apache.http.headers] http-outgoing-1 << X-XSS-Protection: 2; mode=block
<2017-09-26 13:04:33> DEBUG [org.apache.http.headers] http-outgoing-1 << Content-Encoding: gzip
<2017-09-26 13:04:33> DEBUG [o.a.h.i.execchain.MainClientExec] Connection can be kept alive indefinitely
<2017-09-26 13:04:33> DEBUG [o.a.h.c.p.ResponseProcessCookies] Cookie accepted [JSESSIONID="F6E28E4994D1584E597DBDFCCCB1737E", version:0, domain:branchtest.perfectomobile.com, path:/nexperience/, expiry:null]
<2017-09-26 13:04:33> DEBUG [o.a.h.c.p.ResponseProcessCookies] Cookie accepted [fast_failed="true", version:0, domain:branchtest.perfectomobile.com, path:/nexperience/perfectomobile/wd/hub/session/9653146c-9d83-4061-80ff-76b8ef1fd249, expiry:null]
<2017-09-26 13:04:33> DEBUG [o.a.h.i.c.PoolingHttpClientConnectionManager] Connection [id: 1][route: {s}->https://branchtest.perfectomobile.com:443] can be kept alive indefinitely
<2017-09-26 13:04:33> DEBUG [o.a.h.i.c.PoolingHttpClientConnectionManager] Connection released: [id: 1][route: {s}->https://branchtest.perfectomobile.com:443][total kept alive: 3; route allocated: 5 of 2000; total allocated: 5 of 2000]
<2017-09-26 13:04:33> DEBUG [o.a.h.c.p.RequestAddCookies] CookieSpec selected: default
<2017-09-26 13:04:33> DEBUG [o.a.h.c.p.RequestAddCookies] Cookie [version: 0][name: JSESSIONID][value: F6E28E4994D1584E597DBDFCCCB1737E][domain: branchtest.perfectomobile.com][path: /nexperience/][expiry: null] match [(secure)branchtest.perfectomobile.com:443/nexperience/perfectomobile/wd/hub/session/9653146c-9d83-4061-80ff-76b8ef1fd249/element]
<2017-09-26 13:04:33> DEBUG [o.a.h.c.p.RequestAddCookies] Cookie [version: 0][name: fast_failed][value: true][domain: branchtest.perfectomobile.com][path: /nexperience/perfectomobile/wd/hub][expiry: null] match [(secure)branchtest.perfectomobile.com:443/nexperience/perfectomobile/wd/hub/session/9653146c-9d83-4061-80ff-76b8ef1fd249/element]
<2017-09-26 13:04:33> DEBUG [o.a.h.c.p.RequestAddCookies] Cookie [version: 0][name: fast_failed][value: true][domain: branchtest.perfectomobile.com][path: /nexperience/perfectomobile/wd/hub/session/9653146c-9d83-4061-80ff-76b8ef1fd249][expiry: null] match [(secure)branchtest.perfectomobile.com:443/nexperience/perfectomobile/wd/hub/session/9653146c-9d83-4061-80ff-76b8ef1fd249/element]
<2017-09-26 13:04:33> DEBUG [o.a.h.c.p.RequestAuthCache] Auth cache not set in the context
<2017-09-26 13:04:33> DEBUG [o.a.h.i.c.PoolingHttpClientConnectionManager] Connection request: [route: {s}->https://branchtest.perfectomobile.com:443][total kept alive: 3; route allocated: 5 of 2000; total allocated: 5 of 2000]
<2017-09-26 13:04:33> DEBUG [o.a.h.i.c.PoolingHttpClientConnectionManager] Connection leased: [id: 1][route: {s}->https://branchtest.perfectomobile.com:443][total kept alive: 2; route allocated: 5 of 2000; total allocated: 5 of 2000]
<2017-09-26 13:04:33> DEBUG [o.a.h.i.execchain.MainClientExec] Stale connection check
<2017-09-26 13:04:33> DEBUG [org.apache.http.wire] http-outgoing-1 << "[read] I/O error: Read timed out"
<2017-09-26 13:04:33> DEBUG [o.a.h.i.c.DefaultManagedHttpClientConnection] http-outgoing-1: set socket timeout to 10800000
<2017-09-26 13:04:33> DEBUG [o.a.h.i.execchain.MainClientExec] Executing request POST /nexperience/perfectomobile/wd/hub/session/9653146c-9d83-4061-80ff-76b8ef1fd249/element HTTP/1.1
<2017-09-26 13:04:33> DEBUG [o.a.h.i.execchain.MainClientExec] Target auth state: UNCHALLENGED
<2017-09-26 13:04:33> DEBUG [o.a.h.i.execchain.MainClientExec] Proxy auth state: UNCHALLENGED
<2017-09-26 13:04:33> DEBUG [org.apache.http.headers] http-outgoing-1 >> POST /nexperience/perfectomobile/wd/hub/session/9653146c-9d83-4061-80ff-76b8ef1fd249/element HTTP/1.1
<2017-09-26 13:04:33> DEBUG [org.apache.http.headers] http-outgoing-1 >> Content-Type: application/json; charset=utf-8
<2017-09-26 13:04:33> DEBUG [org.apache.http.headers] http-outgoing-1 >> Content-Length: 77
<2017-09-26 13:04:33> DEBUG [org.apache.http.headers] http-outgoing-1 >> Host: branchtest.perfectomobile.com
<2017-09-26 13:04:33> DEBUG [org.apache.http.headers] http-outgoing-1 >> Connection: Keep-Alive
<2017-09-26 13:04:33> DEBUG [org.apache.http.headers] http-outgoing-1 >> User-Agent: Apache-HttpClient/4.5.2 (Java/1.8.0_121)
<2017-09-26 13:04:33> DEBUG [org.apache.http.headers] http-outgoing-1 >> Cookie: JSESSIONID=F6E28E4994D1584E597DBDFCCCB1737E; fast_failed=true; fast_failed=true
<2017-09-26 13:04:33> DEBUG [org.apache.http.headers] http-outgoing-1 >> Accept-Encoding: gzip,deflate
<2017-09-26 13:04:33> DEBUG [org.apache.http.wire] http-outgoing-1 >> "POST /nexperience/perfectomobile/wd/hub/session/9653146c-9d83-4061-80ff-76b8ef1fd249/element HTTP/1.1[\r][\n]"
<2017-09-26 13:04:33> DEBUG [org.apache.http.wire] http-outgoing-1 >> "Content-Type: application/json; charset=utf-8[\r][\n]"
<2017-09-26 13:04:33> DEBUG [org.apache.http.wire] http-outgoing-1 >> "Content-Length: 77[\r][\n]"
<2017-09-26 13:04:33> DEBUG [org.apache.http.wire] http-outgoing-1 >> "Host: branchtest.perfectomobile.com[\r][\n]"
<2017-09-26 13:04:33> DEBUG [org.apache.http.wire] http-outgoing-1 >> "Connection: Keep-Alive[\r][\n]"
<2017-09-26 13:04:33> DEBUG [org.apache.http.wire] http-outgoing-1 >> "User-Agent: Apache-HttpClient/4.5.2 (Java/1.8.0_121)[\r][\n]"
<2017-09-26 13:04:33> DEBUG [org.apache.http.wire] http-outgoing-1 >> "Cookie: JSESSIONID=F6E28E4994D1584E597DBDFCCCB1737E; fast_failed=true; fast_failed=true[\r][\n]"
<2017-09-26 13:04:33> DEBUG [org.apache.http.wire] http-outgoing-1 >> "Accept-Encoding: gzip,deflate[\r][\n]"
<2017-09-26 13:04:33> DEBUG [org.apache.http.wire] http-outgoing-1 >> "[\r][\n]"
<2017-09-26 13:04:33> DEBUG [org.apache.http.wire] http-outgoing-1 >> "{"using":"xpath","value":"//*[@id=\"register_form\"]/fieldset[1]/p[1]/input"}"
<2017-09-26 13:04:33> DEBUG [org.apache.http.wire] http-outgoing-0 << "HTTP/1.1 200 OK[\r][\n]"
<2017-09-26 13:04:33> DEBUG [org.apache.http.wire] http-outgoing-0 << "Server: nginx[\r][\n]"
<2017-09-26 13:04:33> DEBUG [org.apache.http.wire] http-outgoing-0 << "Date: Tue, 26 Sep 2017 10:04:29 GMT[\r][\n]"
<2017-09-26 13:04:33> DEBUG [org.apache.http.wire] http-outgoing-0 << "Content-Type: application/json;charset=utf-8[\r][\n]"
<2017-09-26 13:04:33> DEBUG [org.apache.http.wire] http-outgoing-0 << "Transfer-Encoding: chunked[\r][\n]"
<2017-09-26 13:04:33> DEBUG [org.apache.http.wire] http-outgoing-0 << "Connection: keep-alive[\r][\n]"
<2017-09-26 13:04:33> DEBUG [org.apache.http.wire] http-outgoing-0 << "Set-Cookie: JSESSIONID=F6E28E4994D1584E597DBDFCCCB1737E; Path=/nexperience/; HttpOnly[\r][\n]"
<2017-09-26 13:04:33> DEBUG [org.apache.http.wire] http-outgoing-0 << "Expires: Thu, 01 Jan 1970 00:00:00 GMT[\r][\n]"
<2017-09-26 13:04:33> DEBUG [org.apache.http.wire] http-outgoing-0 << "Cache-Control: no-cache[\r][\n]"
<2017-09-26 13:04:33> DEBUG [org.apache.http.wire] http-outgoing-0 << "Cache-Control: no-cache[\r][\n]"
<2017-09-26 13:04:33> DEBUG [org.apache.http.wire] http-outgoing-0 << "Expires: Thu, 01 Jan 1970 00:00:00 GMT[\r][\n]"
<2017-09-26 13:04:33> DEBUG [org.apache.http.wire] http-outgoing-0 << "Set-Cookie: fast_failed=true[\r][\n]"
<2017-09-26 13:04:33> DEBUG [org.apache.http.wire] http-outgoing-0 << "X-XSS-Protection: 2; mode=block[\r][\n]"
<2017-09-26 13:04:33> DEBUG [org.apache.http.wire] http-outgoing-0 << "Content-Encoding: gzip[\r][\n]"
<2017-09-26 13:04:33> DEBUG [org.apache.http.wire] http-outgoing-0 << "[\r][\n]"
<2017-09-26 13:04:33> DEBUG [org.apache.http.wire] http-outgoing-0 << "95[\r][\n]"
<2017-09-26 13:04:33> DEBUG [org.apache.http.wire] http-outgoing-0 << "[0x1f][0x8b][0x8][0x0][0x0][0x0][0x0][0x0][0x0][0x3]-[0xcc]1[0x12][0xc2] [0x10][0x85][0xe1][0xbb]l[\r][0xc]HH [0xad][0x95][0xad]7@X53[0x4]b6[0xd8]8[0xde][0xdd]-l[0xff][0xf9][0xde][0xfb][0x0]![0xd1][0xd2][0xea]%[0xc3][0xc][0xce]c[0x98][0x9c]N[0xf2]6[0xe4]Q[0xe][0x98][0x83][0x8c]F[[0xa9][0xcd]=[0x4][0x8b][0xd3][0xe8][0xed][0x9][0x4][0xd0][0x11][0xf]dN=%^sy[0x9e][[0xe6]2X[0xeb][0x8c][0xf3]^[0xb]x[0xc7][0xd2][0xb9][0xd4]^[0x8a][0x80]T"[0xb3][0x19][0xda][0xfe]Pm[0xc3][0xfa][0x8a][0x8a][0xb0]`][0xfa][0xaa]v\[0xdb][0x81][0xea][0x8a][0xb4][0xb5]J[0xf8][0xbf][0xef][0xcc][0xf5][0xf7][0x7][0x13]{)~[0x9e][0x0][0x0][0x0][\r][\n]"
<2017-09-26 13:04:33> DEBUG [org.apache.http.wire] http-outgoing-0 << "0[\r][\n]"
<2017-09-26 13:04:33> DEBUG [org.apache.http.wire] http-outgoing-0 << "[\r][\n]"
<2017-09-26 13:04:33> DEBUG [org.apache.http.headers] http-outgoing-0 << HTTP/1.1 200 OK
<2017-09-26 13:04:33> DEBUG [org.apache.http.headers] http-outgoing-0 << Server: nginx
<2017-09-26 13:04:33> DEBUG [org.apache.http.headers] http-outgoing-0 << Date: Tue, 26 Sep 2017 10:04:29 GMT
<2017-09-26 13:04:33> DEBUG [org.apache.http.headers] http-outgoing-0 << Content-Type: application/json;charset=utf-8
<2017-09-26 13:04:33> DEBUG [org.apache.http.headers] http-outgoing-0 << Transfer-Encoding: chunked
<2017-09-26 13:04:33> DEBUG [org.apache.http.headers] http-outgoing-0 << Connection: keep-alive
<2017-09-26 13:04:33> DEBUG [org.apache.http.headers] http-outgoing-0 << Set-Cookie: JSESSIONID=F6E28E4994D1584E597DBDFCCCB1737E; Path=/nexperience/; HttpOnly
<2017-09-26 13:04:33> DEBUG [org.apache.http.headers] http-outgoing-0 << Expires: Thu, 01 Jan 1970 00:00:00 GMT
<2017-09-26 13:04:33> DEBUG [org.apache.http.headers] http-outgoing-0 << Cache-Control: no-cache
<2017-09-26 13:04:33> DEBUG [org.apache.http.headers] http-outgoing-0 << Cache-Control: no-cache
<2017-09-26 13:04:33> DEBUG [org.apache.http.headers] http-outgoing-0 << Expires: Thu, 01 Jan 1970 00:00:00 GMT
<2017-09-26 13:04:33> DEBUG [org.apache.http.headers] http-outgoing-0 << Set-Cookie: fast_failed=true
<2017-09-26 13:04:33> DEBUG [org.apache.http.headers] http-outgoing-0 << X-XSS-Protection: 2; mode=block
<2017-09-26 13:04:33> DEBUG [org.apache.http.headers] http-outgoing-0 << Content-Encoding: gzip
<2017-09-26 13:04:33> DEBUG [o.a.h.i.execchain.MainClientExec] Connection can be kept alive indefinitely
<2017-09-26 13:04:33> DEBUG [o.a.h.c.p.ResponseProcessCookies] Cookie accepted [JSESSIONID="F6E28E4994D1584E597DBDFCCCB1737E", version:0, domain:branchtest.perfectomobile.com, path:/nexperience/, expiry:null]
<2017-09-26 13:04:33> DEBUG [o.a.h.c.p.ResponseProcessCookies] Cookie accepted [fast_failed="true", version:0, domain:branchtest.perfectomobile.com, path:/nexperience/perfectomobile/wd/hub/session/58e9750c-b4d6-4ed9-a103-01f993e76832/element/10, expiry:null]
<2017-09-26 13:04:33> DEBUG [o.a.h.i.c.PoolingHttpClientConnectionManager] Connection [id: 0][route: {s}->https://branchtest.perfectomobile.com:443] can be kept alive indefinitely
<2017-09-26 13:04:33> DEBUG [o.a.h.i.c.PoolingHttpClientConnectionManager] Connection released: [id: 0][route: {s}->https://branchtest.perfectomobile.com:443][total kept alive: 3; route allocated: 5 of 2000; total allocated: 5 of 2000]
<2017-09-26 13:04:33> DEBUG [o.a.h.c.p.RequestAddCookies] CookieSpec selected: default
<2017-09-26 13:04:33> DEBUG [o.a.h.c.p.RequestAddCookies] Cookie [version: 0][name: JSESSIONID][value: F6E28E4994D1584E597DBDFCCCB1737E][domain: branchtest.perfectomobile.com][path: /nexperience/][expiry: null] match [(secure)branchtest.perfectomobile.com:443/nexperience/perfectomobile/wd/hub/session/58e9750c-b4d6-4ed9-a103-01f993e76832/element]
<2017-09-26 13:04:33> DEBUG [o.a.h.c.p.RequestAddCookies] Cookie [version: 0][name: fast_failed][value: true][domain: branchtest.perfectomobile.com][path: /nexperience/perfectomobile/wd/hub][expiry: null] match [(secure)branchtest.perfectomobile.com:443/nexperience/perfectomobile/wd/hub/session/58e9750c-b4d6-4ed9-a103-01f993e76832/element]
<2017-09-26 13:04:33> DEBUG [o.a.h.c.p.RequestAddCookies] Cookie [version: 0][name: fast_failed][value: true][domain: branchtest.perfectomobile.com][path: /nexperience/perfectomobile/wd/hub/session/58e9750c-b4d6-4ed9-a103-01f993e76832][expiry: null] match [(secure)branchtest.perfectomobile.com:443/nexperience/perfectomobile/wd/hub/session/58e9750c-b4d6-4ed9-a103-01f993e76832/element]
<2017-09-26 13:04:33> DEBUG [o.a.h.c.p.RequestAuthCache] Auth cache not set in the context
<2017-09-26 13:04:33> DEBUG [o.a.h.i.c.PoolingHttpClientConnectionManager] Connection request: [route: {s}->https://branchtest.perfectomobile.com:443][total kept alive: 3; route allocated: 5 of 2000; total allocated: 5 of 2000]
<2017-09-26 13:04:33> DEBUG [o.a.h.i.c.PoolingHttpClientConnectionManager] Connection leased: [id: 0][route: {s}->https://branchtest.perfectomobile.com:443][total kept alive: 2; route allocated: 5 of 2000; total allocated: 5 of 2000]
<2017-09-26 13:04:33> DEBUG [o.a.h.i.execchain.MainClientExec] Stale connection check
<2017-09-26 13:04:33> DEBUG [org.apache.http.wire] http-outgoing-0 << "[read] I/O error: Read timed out"
<2017-09-26 13:04:33> DEBUG [o.a.h.i.c.DefaultManagedHttpClientConnection] http-outgoing-0: set socket timeout to 10800000
<2017-09-26 13:04:33> DEBUG [o.a.h.i.execchain.MainClientExec] Executing request POST /nexperience/perfectomobile/wd/hub/session/58e9750c-b4d6-4ed9-a103-01f993e76832/element HTTP/1.1
<2017-09-26 13:04:33> DEBUG [o.a.h.i.execchain.MainClientExec] Target auth state: UNCHALLENGED
<2017-09-26 13:04:33> DEBUG [o.a.h.i.execchain.MainClientExec] Proxy auth state: UNCHALLENGED
<2017-09-26 13:04:33> DEBUG [org.apache.http.headers] http-outgoing-0 >> POST /nexperience/perfectomobile/wd/hub/session/58e9750c-b4d6-4ed9-a103-01f993e76832/element HTTP/1.1
<2017-09-26 13:04:33> DEBUG [org.apache.http.headers] http-outgoing-0 >> Content-Type: application/json; charset=utf-8
<2017-09-26 13:04:33> DEBUG [org.apache.http.headers] http-outgoing-0 >> Content-Length: 72
<2017-09-26 13:04:33> DEBUG [org.apache.http.headers] http-outgoing-0 >> Host: branchtest.perfectomobile.com
<2017-09-26 13:04:33> DEBUG [org.apache.http.headers] http-outgoing-0 >> Connection: Keep-Alive
<2017-09-26 13:04:33> DEBUG [org.apache.http.headers] http-outgoing-0 >> User-Agent: Apache-HttpClient/4.5.2 (Java/1.8.0_121)
<2017-09-26 13:04:33> DEBUG [org.apache.http.headers] http-outgoing-0 >> Cookie: JSESSIONID=F6E28E4994D1584E597DBDFCCCB1737E; fast_failed=true; fast_failed=true
<2017-09-26 13:04:33> DEBUG [org.apache.http.headers] http-outgoing-0 >> Accept-Encoding: gzip,deflate
<2017-09-26 13:04:33> DEBUG [org.apache.http.wire] http-outgoing-0 >> "POST /nexperience/perfectomobile/wd/hub/session/58e9750c-b4d6-4ed9-a103-01f993e76832/element HTTP/1.1[\r][\n]"
<2017-09-26 13:04:33> DEBUG [org.apache.http.wire] http-outgoing-0 >> "Content-Type: application/json; charset=utf-8[\r][\n]"
<2017-09-26 13:04:33> DEBUG [org.apache.http.wire] http-outgoing-0 >> "Content-Length: 72[\r][\n]"
<2017-09-26 13:04:33> DEBUG [org.apache.http.wire] http-outgoing-0 >> "Host: branchtest.perfectomobile.com[\r][\n]"
<2017-09-26 13:04:33> DEBUG [org.apache.http.wire] http-outgoing-0 >> "Connection: Keep-Alive[\r][\n]"
<2017-09-26 13:04:33> DEBUG [org.apache.http.wire] http-outgoing-0 >> "User-Agent: Apache-HttpClient/4.5.2 (Java/1.8.0_121)[\r][\n]"
<2017-09-26 13:04:33> DEBUG [org.apache.http.wire] http-outgoing-0 >> "Cookie: JSESSIONID=F6E28E4994D1584E597DBDFCCCB1737E; fast_failed=true; fast_failed=true[\r][\n]"
<2017-09-26 13:04:33> DEBUG [org.apache.http.wire] http-outgoing-0 >> "Accept-Encoding: gzip,deflate[\r][\n]"
<2017-09-26 13:04:33> DEBUG [org.apache.http.wire] http-outgoing-0 >> "[\r][\n]"
<2017-09-26 13:04:33> DEBUG [org.apache.http.wire] http-outgoing-0 >> "{"using":"xpath","value":"//*[@id=\"register_form\"]/fieldset[8]/input"}"
<2017-09-26 13:04:33> DEBUG [org.apache.http.wire] http-outgoing-0 << "HTTP/1.1 200 OK[\r][\n]"
<2017-09-26 13:04:33> DEBUG [org.apache.http.wire] http-outgoing-0 << "Server: nginx[\r][\n]"
<2017-09-26 13:04:33> DEBUG [org.apache.http.wire] http-outgoing-0 << "Date: Tue, 26 Sep 2017 10:04:30 GMT[\r][\n]"
<2017-09-26 13:04:33> DEBUG [org.apache.http.wire] http-outgoing-0 << "Content-Type: application/json;charset=utf-8[\r][\n]"
<2017-09-26 13:04:33> DEBUG [org.apache.http.wire] http-outgoing-0 << "Transfer-Encoding: chunked[\r][\n]"
<2017-09-26 13:04:33> DEBUG [org.apache.http.wire] http-outgoing-0 << "Connection: keep-alive[\r][\n]"
<2017-09-26 13:04:33> DEBUG [org.apache.http.wire] http-outgoing-0 << "Set-Cookie: JSESSIONID=F6E28E4994D1584E597DBDFCCCB1737E; Path=/nexperience/; HttpOnly[\r][\n]"
<2017-09-26 13:04:33> DEBUG [org.apache.http.wire] http-outgoing-0 << "Expires: Thu, 01 Jan 1970 00:00:00 GMT[\r][\n]"
<2017-09-26 13:04:33> DEBUG [org.apache.http.wire] http-outgoing-0 << "Cache-Control: no-cache[\r][\n]"
<2017-09-26 13:04:33> DEBUG [org.apache.http.wire] http-outgoing-0 << "Cache-Control: no-cache[\r][\n]"
<2017-09-26 13:04:33> DEBUG [org.apache.http.wire] http-outgoing-0 << "Expires: Thu, 01 Jan 1970 00:00:00 GMT[\r][\n]"
<2017-09-26 13:04:33> DEBUG [org.apache.http.wire] http-outgoing-0 << "Set-Cookie: fast_failed=true[\r][\n]"
<2017-09-26 13:04:33> DEBUG [org.apache.http.wire] http-outgoing-0 << "X-XSS-Protection: 2; mode=block[\r][\n]"
<2017-09-26 13:04:33> DEBUG [org.apache.http.wire] http-outgoing-0 << "Content-Encoding: gzip[\r][\n]"
<2017-09-26 13:04:33> DEBUG [org.apache.http.wire] http-outgoing-0 << "[\r][\n]"
<2017-09-26 13:04:33> DEBUG [org.apache.http.wire] http-outgoing-0 << "a2[\r][\n]"
<2017-09-26 13:04:33> DEBUG [org.apache.http.wire] http-outgoing-0 << "[0x1f][0x8b][0x8][0x0][0x0][0x0][0x0][0x0][0x0][0x3]-[0x8d][0xcb][0xe][0x82]0[0x10][0x0][0xff]e[0xcf][0xd0][0xb4][0xb4]<[0xea][0xd5]p0Q[0xf][0xc6][0x1f][0xa8][0xed][0xaa]$[0xd0]"K[0xbd][0x10][0xfe][0xdd]=x[0x9d][0xcc]d6 $[0x1a]R<[0x5]8@[0xdd][0xa1]mk[0xe9][0xcb][0x87][0x9]Mi0[0xd8][0xd2])[0xa9]K[0xa9][0x9e][0xd6]jl[0x9b]NWP[0x0][0xad]nE[0xd6]){[0xcf]5[0x93][0xf7]1[0x5]&[0x95][0xaa][0xa4]lL[0xab]M[0x1]_7fF[0x1b][0xf4][0xe7][0xfe][0xd2]_[0xef][0xec]+[0x5]{[0x1]~t[0xdc][0x1c] -/[0x91]f[0x8c][0x1f]'[0x8]G[0x8c]C[0x9e][0xc4][0x82]SZQ[0xdc][0x90][0xe6][0x14][0x9][0xff][0xaf][0xcc][0xba][0xdc]]]>&#x7f;<![CDATA[[0xf2][0xc0][0xe2][0xc3][0xab][0x0][0x0][0x0][\r][\n]"
<2017-09-26 13:04:33> DEBUG [org.apache.http.wire] http-outgoing-0 << "0[\r][\n]"
<2017-09-26 13:04:33> DEBUG [org.apache.http.wire] http-outgoing-0 << "[\r][\n]"
<2017-09-26 13:04:33> DEBUG [org.apache.http.headers] http-outgoing-0 << HTTP/1.1 200 OK
<2017-09-26 13:04:33> DEBUG [org.apache.http.headers] http-outgoing-0 << Server: nginx
<2017-09-26 13:04:33> DEBUG [org.apache.http.headers] http-outgoing-0 << Date: Tue, 26 Sep 2017 10:04:30 GMT
<2017-09-26 13:04:33> DEBUG [org.apache.http.headers] http-outgoing-0 << Content-Type: application/json;charset=utf-8
<2017-09-26 13:04:33> DEBUG [org.apache.http.headers] http-outgoing-0 << Transfer-Encoding: chunked
<2017-09-26 13:04:33> DEBUG [org.apache.http.headers] http-outgoing-0 << Connection: keep-alive
<2017-09-26 13:04:33> DEBUG [org.apache.http.headers] http-outgoing-0 << Set-Cookie: JSESSIONID=F6E28E4994D1584E597DBDFCCCB1737E; Path=/nexperience/; HttpOnly
<2017-09-26 13:04:33> DEBUG [org.apache.http.headers] http-outgoing-0 << Expires: Thu, 01 Jan 1970 00:00:00 GMT
<2017-09-26 13:04:33> DEBUG [org.apache.http.headers] http-outgoing-0 << Cache-Control: no-cache
<2017-09-26 13:04:33> DEBUG [org.apache.http.headers] http-outgoing-0 << Cache-Control: no-cache
<2017-09-26 13:04:33> DEBUG [org.apache.http.headers] http-outgoing-0 << Expires: Thu, 01 Jan 1970 00:00:00 GMT
<2017-09-26 13:04:33> DEBUG [org.apache.http.headers] http-outgoing-0 << Set-Cookie: fast_failed=true
<2017-09-26 13:04:33> DEBUG [org.apache.http.headers] http-outgoing-0 << X-XSS-Protection: 2; mode=block
<2017-09-26 13:04:33> DEBUG [org.apache.http.headers] http-outgoing-0 << Content-Encoding: gzip
<2017-09-26 13:04:33> DEBUG [o.a.h.i.execchain.MainClientExec] Connection can be kept alive indefinitely
<2017-09-26 13:04:33> DEBUG [o.a.h.c.p.ResponseProcessCookies] Cookie accepted [JSESSIONID="F6E28E4994D1584E597DBDFCCCB1737E", version:0, domain:branchtest.perfectomobile.com, path:/nexperience/, expiry:null]
<2017-09-26 13:04:33> DEBUG [o.a.h.c.p.ResponseProcessCookies] Cookie accepted [fast_failed="true", version:0, domain:branchtest.perfectomobile.com, path:/nexperience/perfectomobile/wd/hub/session/58e9750c-b4d6-4ed9-a103-01f993e76832, expiry:null]
<2017-09-26 13:04:33> DEBUG [o.a.h.i.c.PoolingHttpClientConnectionManager] Connection [id: 0][route: {s}->https://branchtest.perfectomobile.com:443] can be kept alive indefinitely
<2017-09-26 13:04:33> DEBUG [o.a.h.i.c.PoolingHttpClientConnectionManager] Connection released: [id: 0][route: {s}->https://branchtest.perfectomobile.com:443][total kept alive: 3; route allocated: 5 of 2000; total allocated: 5 of 2000]
<2017-09-26 13:04:33> DEBUG [o.a.h.c.p.RequestAddCookies] CookieSpec selected: default
<2017-09-26 13:04:33> DEBUG [o.a.h.c.p.RequestAddCookies] Cookie [version: 0][name: JSESSIONID][value: F6E28E4994D1584E597DBDFCCCB1737E][domain: branchtest.perfectomobile.com][path: /nexperience/][expiry: null] match [(secure)branchtest.perfectomobile.com:443/nexperience/perfectomobile/wd/hub/session/58e9750c-b4d6-4ed9-a103-01f993e76832/element/11/value]
<2017-09-26 13:04:33> DEBUG [o.a.h.c.p.RequestAddCookies] Cookie [version: 0][name: fast_failed][value: true][domain: branchtest.perfectomobile.com][path: /nexperience/perfectomobile/wd/hub][expiry: null] match [(secure)branchtest.perfectomobile.com:443/nexperience/perfectomobile/wd/hub/session/58e9750c-b4d6-4ed9-a103-01f993e76832/element/11/value]
<2017-09-26 13:04:33> DEBUG [o.a.h.c.p.RequestAddCookies] Cookie [version: 0][name: fast_failed][value: true][domain: branchtest.perfectomobile.com][path: /nexperience/perfectomobile/wd/hub/session/58e9750c-b4d6-4ed9-a103-01f993e76832][expiry: null] match [(secure)branchtest.perfectomobile.com:443/nexperience/perfectomobile/wd/hub/session/58e9750c-b4d6-4ed9-a103-01f993e76832/element/11/value]
<2017-09-26 13:04:33> DEBUG [o.a.h.c.p.RequestAuthCache] Auth cache not set in the context
<2017-09-26 13:04:33> DEBUG [o.a.h.i.c.PoolingHttpClientConnectionManager] Connection request: [route: {s}->https://branchtest.perfectomobile.com:443][total kept alive: 3; route allocated: 5 of 2000; total allocated: 5 of 2000]
<2017-09-26 13:04:33> DEBUG [o.a.h.i.c.PoolingHttpClientConnectionManager] Connection leased: [id: 0][route: {s}->https://branchtest.perfectomobile.com:443][total kept alive: 2; route allocated: 5 of 2000; total allocated: 5 of 2000]
<2017-09-26 13:04:33> DEBUG [o.a.h.i.execchain.MainClientExec] Stale connection check
<2017-09-26 13:04:33> DEBUG [org.apache.http.wire] http-outgoing-0 << "[read] I/O error: Read timed out"
<2017-09-26 13:04:33> DEBUG [o.a.h.i.c.DefaultManagedHttpClientConnection] http-outgoing-0: set socket timeout to 10800000
<2017-09-26 13:04:33> DEBUG [o.a.h.i.execchain.MainClientExec] Executing request POST /nexperience/perfectomobile/wd/hub/session/58e9750c-b4d6-4ed9-a103-01f993e76832/element/11/value HTTP/1.1
<2017-09-26 13:04:33> DEBUG [o.a.h.i.execchain.MainClientExec] Target auth state: UNCHALLENGED
<2017-09-26 13:04:33> DEBUG [o.a.h.i.execchain.MainClientExec] Proxy auth state: UNCHALLENGED
<2017-09-26 13:04:33> DEBUG [org.apache.http.headers] http-outgoing-0 >> POST /nexperience/perfectomobile/wd/hub/session/58e9750c-b4d6-4ed9-a103-01f993e76832/element/11/value HTTP/1.1
<2017-09-26 13:04:33> DEBUG [org.apache.http.headers] http-outgoing-0 >> Content-Type: application/json; charset=utf-8
<2017-09-26 13:04:33> DEBUG [org.apache.http.headers] http-outgoing-0 >> Content-Length: 39
<2017-09-26 13:04:33> DEBUG [org.apache.http.headers] http-outgoing-0 >> Host: branchtest.perfectomobile.com
<2017-09-26 13:04:33> DEBUG [org.apache.http.headers] http-outgoing-0 >> Connection: Keep-Alive
<2017-09-26 13:04:33> DEBUG [org.apache.http.headers] http-outgoing-0 >> User-Agent: Apache-HttpClient/4.5.2 (Java/1.8.0_121)
<2017-09-26 13:04:33> DEBUG [org.apache.http.headers] http-outgoing-0 >> Cookie: JSESSIONID=F6E28E4994D1584E597DBDFCCCB1737E; fast_failed=true; fast_failed=true
<2017-09-26 13:04:33> DEBUG [org.apache.http.headers] http-outgoing-0 >> Accept-Encoding: gzip,deflate
<2017-09-26 13:04:33> DEBUG [org.apache.http.wire] http-outgoing-0 >> "POST /nexperience/perfectomobile/wd/hub/session/58e9750c-b4d6-4ed9-a103-01f993e76832/element/11/value HTTP/1.1[\r][\n]"
<2017-09-26 13:04:33> DEBUG [org.apache.http.wire] http-outgoing-0 >> "Content-Type: application/json; charset=utf-8[\r][\n]"
<2017-09-26 13:04:33> DEBUG [org.apache.http.wire] http-outgoing-0 >> "Content-Length: 39[\r][\n]"
<2017-09-26 13:04:33> DEBUG [org.apache.http.wire] http-outgoing-0 >> "Host: branchtest.perfectomobile.com[\r][\n]"
<2017-09-26 13:04:33> DEBUG [org.apache.http.wire] http-outgoing-0 >> "Connection: Keep-Alive[\r][\n]"
<2017-09-26 13:04:33> DEBUG [org.apache.http.wire] http-outgoing-0 >> "User-Agent: Apache-HttpClient/4.5.2 (Java/1.8.0_121)[\r][\n]"
<2017-09-26 13:04:33> DEBUG [org.apache.http.wire] http-outgoing-0 >> "Cookie: JSESSIONID=F6E28E4994D1584E597DBDFCCCB1737E; fast_failed=true; fast_failed=true[\r][\n]"
<2017-09-26 13:04:33> DEBUG [org.apache.http.wire] http-outgoing-0 >> "Accept-Encoding: gzip,deflate[\r][\n]"
<2017-09-26 13:04:33> DEBUG [org.apache.http.wire] http-outgoing-0 >> "[\r][\n]"
<2017-09-26 13:04:33> DEBUG [org.apache.http.wire] http-outgoing-0 >> "{"id":"11","value":["Email@gmail.com"]}"
<2017-09-26 13:04:34> DEBUG [org.apache.http.wire] http-outgoing-0 << "HTTP/1.1 200 OK[\r][\n]"
<2017-09-26 13:04:34> DEBUG [org.apache.http.wire] http-outgoing-0 << "Server: nginx[\r][\n]"
<2017-09-26 13:04:34> DEBUG [org.apache.http.wire] http-outgoing-0 << "Date: Tue, 26 Sep 2017 10:04:30 GMT[\r][\n]"
<2017-09-26 13:04:34> DEBUG [org.apache.http.wire] http-outgoing-0 << "Content-Type: application/json;charset=utf-8[\r][\n]"
<2017-09-26 13:04:34> DEBUG [org.apache.http.wire] http-outgoing-0 << "Transfer-Encoding: chunked[\r][\n]"
<2017-09-26 13:04:34> DEBUG [org.apache.http.wire] http-outgoing-0 << "Connection: keep-alive[\r][\n]"
<2017-09-26 13:04:34> DEBUG [org.apache.http.wire] http-outgoing-0 << "Set-Cookie: JSESSIONID=F6E28E4994D1584E597DBDFCCCB1737E; Path=/nexperience/; HttpOnly[\r][\n]"
<2017-09-26 13:04:34> DEBUG [org.apache.http.wire] http-outgoing-0 << "Expires: Thu, 01 Jan 1970 00:00:00 GMT[\r][\n]"
<2017-09-26 13:04:34> DEBUG [org.apache.http.wire] http-outgoing-0 << "Cache-Control: no-cache[\r][\n]"
<2017-09-26 13:04:34> DEBUG [org.apache.http.wire] http-outgoing-0 << "Cache-Control: no-cache[\r][\n]"
<2017-09-26 13:04:34> DEBUG [org.apache.http.wire] http-outgoing-0 << "Expires: Thu, 01 Jan 1970 00:00:00 GMT[\r][\n]"
<2017-09-26 13:04:34> DEBUG [org.apache.http.wire] http-outgoing-0 << "Set-Cookie: fast_failed=true[\r][\n]"
<2017-09-26 13:04:34> DEBUG [org.apache.http.wire] http-outgoing-0 << "X-XSS-Protection: 2; mode=block[\r][\n]"
<2017-09-26 13:04:34> DEBUG [org.apache.http.wire] http-outgoing-0 << "Content-Encoding: gzip[\r][\n]"
<2017-09-26 13:04:34> DEBUG [org.apache.http.wire] http-outgoing-0 << "[\r][\n]"
<2017-09-26 13:04:34> DEBUG [org.apache.http.wire] http-outgoing-0 << "96[\r][\n]"
<2017-09-26 13:04:34> DEBUG [org.apache.http.wire] http-outgoing-0 << "[0x1f][0x8b][0x8][0x0][0x0][0x0][0x0][0x0][0x0][0x3]-[0xcc]1[0x12][0xc2] [0x10][0x85][0xe1][0xbb]l[0x1d][0x18][0x8]![0x84][0xb4]V[0xb6][0xde][0x0]a[0xd5][0xcc][0x10]H[0xb2][0xc1][0xc6][0xf1][0xee]na[0xfb][0xcf][0xf7][0xde][0x7][0x8][0x89][0x96]Z[0xae][0x9]f[0xb0][0x13]zgU[0x14][0xf7]![0x8d]b[0xc0][0xe4]E[0xd0][0xca][0x8][0xa5][0x1f][0xde][0x1b]t[0xe3]dz[0xe8][0x80][0xce]p"sj1[0xf2][0x9a][0xcb][0xeb]R[0x13][0x97][0xc9]h[0xeb][0x95][0xee]][0x7][0xef][0x90][0x1b][0x97][0xd2]r[0xee] [0xe6][0xc0]l[0x86]z<e[0xdd][0xb0][0xec]A[0x12]f,K[[0xe5][0x81]k=Q[0xde][0x90][0xb6]Z[0x8][0xff][0xf7][0x8d][0xb9][0xfa][0xfe][0x0]9[0xbb]!v[0x9e][0x0][0x0][0x0][\r][\n]"
<2017-09-26 13:04:34> DEBUG [org.apache.http.wire] http-outgoing-0 << "0[\r][\n]"
<2017-09-26 13:04:34> DEBUG [org.apache.http.wire] http-outgoing-0 << "[\r][\n]"
<2017-09-26 13:04:34> DEBUG [org.apache.http.headers] http-outgoing-0 << HTTP/1.1 200 OK
<2017-09-26 13:04:34> DEBUG [org.apache.http.headers] http-outgoing-0 << Server: nginx
<2017-09-26 13:04:34> DEBUG [org.apache.http.headers] http-outgoing-0 << Date: Tue, 26 Sep 2017 10:04:30 GMT
<2017-09-26 13:04:34> DEBUG [org.apache.http.headers] http-outgoing-0 << Content-Type: application/json;charset=utf-8
<2017-09-26 13:04:34> DEBUG [org.apache.http.headers] http-outgoing-0 << Transfer-Encoding: chunked
<2017-09-26 13:04:34> DEBUG [org.apache.http.headers] http-outgoing-0 << Connection: keep-alive
<2017-09-26 13:04:34> DEBUG [org.apache.http.headers] http-outgoing-0 << Set-Cookie: JSESSIONID=F6E28E4994D1584E597DBDFCCCB1737E; Path=/nexperience/; HttpOnly
<2017-09-26 13:04:34> DEBUG [org.apache.http.headers] http-outgoing-0 << Expires: Thu, 01 Jan 1970 00:00:00 GMT
<2017-09-26 13:04:34> DEBUG [org.apache.http.headers] http-outgoing-0 << Cache-Control: no-cache
<2017-09-26 13:04:34> DEBUG [org.apache.http.headers] http-outgoing-0 << Cache-Control: no-cache
<2017-09-26 13:04:34> DEBUG [org.apache.http.headers] http-outgoing-0 << Expires: Thu, 01 Jan 1970 00:00:00 GMT
<2017-09-26 13:04:34> DEBUG [org.apache.http.headers] http-outgoing-0 << Set-Cookie: fast_failed=true
<2017-09-26 13:04:34> DEBUG [org.apache.http.headers] http-outgoing-0 << X-XSS-Protection: 2; mode=block
<2017-09-26 13:04:34> DEBUG [org.apache.http.headers] http-outgoing-0 << Content-Encoding: gzip
<2017-09-26 13:04:34> DEBUG [o.a.h.i.execchain.MainClientExec] Connection can be kept alive indefinitely
<2017-09-26 13:04:34> DEBUG [o.a.h.c.p.ResponseProcessCookies] Cookie accepted [JSESSIONID="F6E28E4994D1584E597DBDFCCCB1737E", version:0, domain:branchtest.perfectomobile.com, path:/nexperience/, expiry:null]
<2017-09-26 13:04:34> DEBUG [o.a.h.c.p.ResponseProcessCookies] Cookie accepted [fast_failed="true", version:0, domain:branchtest.perfectomobile.com, path:/nexperience/perfectomobile/wd/hub/session/58e9750c-b4d6-4ed9-a103-01f993e76832/element/11, expiry:null]
<2017-09-26 13:04:34> DEBUG [o.a.h.i.c.PoolingHttpClientConnectionManager] Connection [id: 0][route: {s}->https://branchtest.perfectomobile.com:443] can be kept alive indefinitely
<2017-09-26 13:04:34> DEBUG [o.a.h.i.c.PoolingHttpClientConnectionManager] Connection released: [id: 0][route: {s}->https://branchtest.perfectomobile.com:443][total kept alive: 3; route allocated: 5 of 2000; total allocated: 5 of 2000]
<2017-09-26 13:04:34> DEBUG [o.a.h.c.p.RequestAddCookies] CookieSpec selected: default
<2017-09-26 13:04:34> DEBUG [o.a.h.c.p.RequestAddCookies] Cookie [version: 0][name: JSESSIONID][value: F6E28E4994D1584E597DBDFCCCB1737E][domain: branchtest.perfectomobile.com][path: /nexperience/][expiry: null] match [(secure)branchtest.perfectomobile.com:443/nexperience/perfectomobile/wd/hub/session/58e9750c-b4d6-4ed9-a103-01f993e76832/element]
<2017-09-26 13:04:34> DEBUG [o.a.h.c.p.RequestAddCookies] Cookie [version: 0][name: fast_failed][value: true][domain: branchtest.perfectomobile.com][path: /nexperience/perfectomobile/wd/hub][expiry: null] match [(secure)branchtest.perfectomobile.com:443/nexperience/perfectomobile/wd/hub/session/58e9750c-b4d6-4ed9-a103-01f993e76832/element]
<2017-09-26 13:04:34> DEBUG [o.a.h.c.p.RequestAddCookies] Cookie [version: 0][name: fast_failed][value: true][domain: branchtest.perfectomobile.com][path: /nexperience/perfectomobile/wd/hub/session/58e9750c-b4d6-4ed9-a103-01f993e76832][expiry: null] match [(secure)branchtest.perfectomobile.com:443/nexperience/perfectomobile/wd/hub/session/58e9750c-b4d6-4ed9-a103-01f993e76832/element]
<2017-09-26 13:04:34> DEBUG [o.a.h.c.p.RequestAuthCache] Auth cache not set in the context
<2017-09-26 13:04:34> DEBUG [o.a.h.i.c.PoolingHttpClientConnectionManager] Connection request: [route: {s}->https://branchtest.perfectomobile.com:443][total kept alive: 3; route allocated: 5 of 2000; total allocated: 5 of 2000]
<2017-09-26 13:04:34> DEBUG [o.a.h.i.c.PoolingHttpClientConnectionManager] Connection leased: [id: 0][route: {s}->https://branchtest.perfectomobile.com:443][total kept alive: 2; route allocated: 5 of 2000; total allocated: 5 of 2000]
<2017-09-26 13:04:34> DEBUG [o.a.h.i.execchain.MainClientExec] Stale connection check
<2017-09-26 13:04:34> DEBUG [org.apache.http.wire] http-outgoing-0 << "[read] I/O error: Read timed out"
<2017-09-26 13:04:34> DEBUG [o.a.h.i.c.DefaultManagedHttpClientConnection] http-outgoing-0: set socket timeout to 10800000
<2017-09-26 13:04:34> DEBUG [o.a.h.i.execchain.MainClientExec] Executing request POST /nexperience/perfectomobile/wd/hub/session/58e9750c-b4d6-4ed9-a103-01f993e76832/element HTTP/1.1
<2017-09-26 13:04:34> DEBUG [o.a.h.i.execchain.MainClientExec] Target auth state: UNCHALLENGED
<2017-09-26 13:04:34> DEBUG [o.a.h.i.execchain.MainClientExec] Proxy auth state: UNCHALLENGED
<2017-09-26 13:04:34> DEBUG [org.apache.http.headers] http-outgoing-0 >> POST /nexperience/perfectomobile/wd/hub/session/58e9750c-b4d6-4ed9-a103-01f993e76832/element HTTP/1.1
<2017-09-26 13:04:34> DEBUG [org.apache.http.headers] http-outgoing-0 >> Content-Type: application/json; charset=utf-8
<2017-09-26 13:04:34> DEBUG [org.apache.http.headers] http-outgoing-0 >> Content-Length: 73
<2017-09-26 13:04:34> DEBUG [org.apache.http.headers] http-outgoing-0 >> Host: branchtest.perfectomobile.com
<2017-09-26 13:04:34> DEBUG [org.apache.http.headers] http-outgoing-0 >> Connection: Keep-Alive
<2017-09-26 13:04:34> DEBUG [org.apache.http.headers] http-outgoing-0 >> User-Agent: Apache-HttpClient/4.5.2 (Java/1.8.0_121)
<2017-09-26 13:04:34> DEBUG [org.apache.http.headers] http-outgoing-0 >> Cookie: JSESSIONID=F6E28E4994D1584E597DBDFCCCB1737E; fast_failed=true; fast_failed=true
<2017-09-26 13:04:34> DEBUG [org.apache.http.headers] http-outgoing-0 >> Accept-Encoding: gzip,deflate
<2017-09-26 13:04:34> DEBUG [org.apache.http.wire] http-outgoing-0 >> "POST /nexperience/perfectomobile/wd/hub/session/58e9750c-b4d6-4ed9-a103-01f993e76832/element HTTP/1.1[\r][\n]"
<2017-09-26 13:04:34> DEBUG [org.apache.http.wire] http-outgoing-0 >> "Content-Type: application/json; charset=utf-8[\r][\n]"
<2017-09-26 13:04:34> DEBUG [org.apache.http.wire] http-outgoing-0 >> "Content-Length: 73[\r][\n]"
<2017-09-26 13:04:34> DEBUG [org.apache.http.wire] http-outgoing-0 >> "Host: branchtest.perfectomobile.com[\r][\n]"
<2017-09-26 13:04:34> DEBUG [org.apache.http.wire] http-outgoing-0 >> "Connection: Keep-Alive[\r][\n]"
<2017-09-26 13:04:34> DEBUG [org.apache.http.wire] http-outgoing-0 >> "User-Agent: Apache-HttpClient/4.5.2 (Java/1.8.0_121)[\r][\n]"
<2017-09-26 13:04:34> DEBUG [org.apache.http.wire] http-outgoing-0 >> "Cookie: JSESSIONID=F6E28E4994D1584E597DBDFCCCB1737E; fast_failed=true; fast_failed=true[\r][\n]"
<2017-09-26 13:04:34> DEBUG [org.apache.http.wire] http-outgoing-0 >> "Accept-Encoding: gzip,deflate[\r][\n]"
<2017-09-26 13:04:34> DEBUG [org.apache.http.wire] http-outgoing-0 >> "[\r][\n]"
<2017-09-26 13:04:34> DEBUG [org.apache.http.wire] http-outgoing-0 >> "{"using":"xpath","value":"//*[@id=\"register_form\"]/fieldset[11]/input"}"
<2017-09-26 13:04:34> DEBUG [org.apache.http.wire] http-outgoing-0 << "HTTP/1.1 200 OK[\r][\n]"
<2017-09-26 13:04:34> DEBUG [org.apache.http.wire] http-outgoing-0 << "Server: nginx[\r][\n]"
<2017-09-26 13:04:34> DEBUG [org.apache.http.wire] http-outgoing-0 << "Date: Tue, 26 Sep 2017 10:04:31 GMT[\r][\n]"
<2017-09-26 13:04:34> DEBUG [org.apache.http.wire] http-outgoing-0 << "Content-Type: application/json;charset=utf-8[\r][\n]"
<2017-09-26 13:04:34> DEBUG [org.apache.http.wire] http-outgoing-0 << "Transfer-Encoding: chunked[\r][\n]"
<2017-09-26 13:04:34> DEBUG [org.apache.http.wire] http-outgoing-0 << "Connection: keep-alive[\r][\n]"
<2017-09-26 13:04:34> DEBUG [org.apache.http.wire] http-outgoing-0 << "Set-Cookie: JSESSIONID=F6E28E4994D1584E597DBDFCCCB1737E; Path=/nexperience/; HttpOnly[\r][\n]"
<2017-09-26 13:04:34> DEBUG [org.apache.http.wire] http-outgoing-0 << "Expires: Thu, 01 Jan 1970 00:00:00 GMT[\r][\n]"
<2017-09-26 13:04:34> DEBUG [org.apache.http.wire] http-outgoing-0 << "Cache-Control: no-cache[\r][\n]"
<2017-09-26 13:04:34> DEBUG [org.apache.http.wire] http-outgoing-0 << "Cache-Control: no-cache[\r][\n]"
<2017-09-26 13:04:34> DEBUG [org.apache.http.wire] http-outgoing-0 << "Expires: Thu, 01 Jan 1970 00:00:00 GMT[\r][\n]"
<2017-09-26 13:04:34> DEBUG [org.apache.http.wire] http-outgoing-0 << "Set-Cookie: fast_failed=true[\r][\n]"
<2017-09-26 13:04:34> DEBUG [org.apache.http.wire] http-outgoing-0 << "X-XSS-Protection: 2; mode=block[\r][\n]"
<2017-09-26 13:04:34> DEBUG [org.apache.http.wire] http-outgoing-0 << "Content-Encoding: gzip[\r][\n]"
<2017-09-26 13:04:34> DEBUG [org.apache.http.wire] http-outgoing-0 << "[\r][\n]"
<2017-09-26 13:04:34> DEBUG [org.apache.http.wire] http-outgoing-0 << "a1[\r][\n]"
<2017-09-26 13:04:34> DEBUG [org.apache.http.wire] http-outgoing-0 << "[0x1f][0x8b][0x8][0x0][0x0][0x0][0x0][0x0][0x0][0x3]-[0x8d][0xcb][0xe][0xc2] [0x10][0x0][0xff]e[0xcf][0x85]@[0xe9][0xb][0xaf][0xa6][0x7][0x13][0xf5]`[0xfc][0x1][0x84]U[0x9b][0xb4]P[0xbb][0xc5]K[0xd3]]]>&#x7f;<![CDATA[w[0xf]^'3[0x99][\r][0x8][0x89][0x86][0x14]O[0x1][0xe]Pwh[0xdb]Zy[0xf1][0xa8]B#*[0xc]V8[0xad][0x8c]P[0xfa]i[0xad][0xc1][0xb6][0xe9]L[0x9][0x5][0xd0][0xea]Vd[0x9d][0xb2][0xf7]\3y[0x1f]S`[0xa2];S[0xb7][0xaa][0xb1][0xaa][0x80][0xaf][0x1b]3[0x93][\r][0xfa]s]]>&#x7f;<![CDATA[[0xe9][0xaf]w[0xd6]u[0x9]{[0x1]~t[0x9c][0x1c] -/[0x99]f[0x8c][0x1f]'[0x9]G[0x8c]C[0x9e][0xe4][0x82]SZQ[0xde][0x90][0xe6][0x14][0x9][0xff][0xab][0xcc][0xba][0xda]]]>&#x7f;<![CDATA[[0xb][0xc][0xd6] [0xaa][0x0][0x0][0x0][\r][\n]"
<2017-09-26 13:04:34> DEBUG [org.apache.http.wire] http-outgoing-0 << "0[\r][\n]"
<2017-09-26 13:04:34> DEBUG [org.apache.http.wire] http-outgoing-0 << "[\r][\n]"
<2017-09-26 13:04:34> DEBUG [org.apache.http.headers] http-outgoing-0 << HTTP/1.1 200 OK
<2017-09-26 13:04:34> DEBUG [org.apache.http.headers] http-outgoing-0 << Server: nginx
<2017-09-26 13:04:34> DEBUG [org.apache.http.headers] http-outgoing-0 << Date: Tue, 26 Sep 2017 10:04:31 GMT
<2017-09-26 13:04:34> DEBUG [org.apache.http.headers] http-outgoing-0 << Content-Type: application/json;charset=utf-8
<2017-09-26 13:04:34> DEBUG [org.apache.http.headers] http-outgoing-0 << Transfer-Encoding: chunked
<2017-09-26 13:04:34> DEBUG [org.apache.http.headers] http-outgoing-0 << Connection: keep-alive
<2017-09-26 13:04:34> DEBUG [org.apache.http.headers] http-outgoing-0 << Set-Cookie: JSESSIONID=F6E28E4994D1584E597DBDFCCCB1737E; Path=/nexperience/; HttpOnly
<2017-09-26 13:04:34> DEBUG [org.apache.http.headers] http-outgoing-0 << Expires: Thu, 01 Jan 1970 00:00:00 GMT
<2017-09-26 13:04:34> DEBUG [org.apache.http.headers] http-outgoing-0 << Cache-Control: no-cache
<2017-09-26 13:04:34> DEBUG [org.apache.http.headers] http-outgoing-0 << Cache-Control: no-cache
<2017-09-26 13:04:34> DEBUG [org.apache.http.headers] http-outgoing-0 << Expires: Thu, 01 Jan 1970 00:00:00 GMT
<2017-09-26 13:04:34> DEBUG [org.apache.http.headers] http-outgoing-0 << Set-Cookie: fast_failed=true
<2017-09-26 13:04:34> DEBUG [org.apache.http.headers] http-outgoing-0 << X-XSS-Protection: 2; mode=block
<2017-09-26 13:04:34> DEBUG [org.apache.http.headers] http-outgoing-0 << Content-Encoding: gzip
<2017-09-26 13:04:34> DEBUG [o.a.h.i.execchain.MainClientExec] Connection can be kept alive indefinitely
<2017-09-26 13:04:34> DEBUG [o.a.h.c.p.ResponseProcessCookies] Cookie accepted [JSESSIONID="F6E28E4994D1584E597DBDFCCCB1737E", version:0, domain:branchtest.perfectomobile.com, path:/nexperience/, expiry:null]
<2017-09-26 13:04:34> DEBUG [o.a.h.c.p.ResponseProcessCookies] Cookie accepted [fast_failed="true", version:0, domain:branchtest.perfectomobile.com, path:/nexperience/perfectomobile/wd/hub/session/58e9750c-b4d6-4ed9-a103-01f993e76832, expiry:null]
<2017-09-26 13:04:34> DEBUG [o.a.h.i.c.PoolingHttpClientConnectionManager] Connection [id: 0][route: {s}->https://branchtest.perfectomobile.com:443] can be kept alive indefinitely
<2017-09-26 13:04:34> DEBUG [o.a.h.i.c.PoolingHttpClientConnectionManager] Connection released: [id: 0][route: {s}->https://branchtest.perfectomobile.com:443][total kept alive: 3; route allocated: 5 of 2000; total allocated: 5 of 2000]
<2017-09-26 13:04:34> DEBUG [o.a.h.c.p.RequestAddCookies] CookieSpec selected: default
<2017-09-26 13:04:34> DEBUG [o.a.h.c.p.RequestAddCookies] Cookie [version: 0][name: JSESSIONID][value: F6E28E4994D1584E597DBDFCCCB1737E][domain: branchtest.perfectomobile.com][path: /nexperience/][expiry: null] match [(secure)branchtest.perfectomobile.com:443/nexperience/perfectomobile/wd/hub/session/58e9750c-b4d6-4ed9-a103-01f993e76832/element/12/value]
<2017-09-26 13:04:34> DEBUG [o.a.h.c.p.RequestAddCookies] Cookie [version: 0][name: fast_failed][value: true][domain: branchtest.perfectomobile.com][path: /nexperience/perfectomobile/wd/hub][expiry: null] match [(secure)branchtest.perfectomobile.com:443/nexperience/perfectomobile/wd/hub/session/58e9750c-b4d6-4ed9-a103-01f993e76832/element/12/value]
<2017-09-26 13:04:34> DEBUG [o.a.h.c.p.RequestAddCookies] Cookie [version: 0][name: fast_failed][value: true][domain: branchtest.perfectomobile.com][path: /nexperience/perfectomobile/wd/hub/session/58e9750c-b4d6-4ed9-a103-01f993e76832][expiry: null] match [(secure)branchtest.perfectomobile.com:443/nexperience/perfectomobile/wd/hub/session/58e9750c-b4d6-4ed9-a103-01f993e76832/element/12/value]
<2017-09-26 13:04:34> DEBUG [o.a.h.c.p.RequestAuthCache] Auth cache not set in the context
<2017-09-26 13:04:34> DEBUG [o.a.h.i.c.PoolingHttpClientConnectionManager] Connection request: [route: {s}->https://branchtest.perfectomobile.com:443][total kept alive: 3; route allocated: 5 of 2000; total allocated: 5 of 2000]
<2017-09-26 13:04:34> DEBUG [o.a.h.i.c.PoolingHttpClientConnectionManager] Connection leased: [id: 0][route: {s}->https://branchtest.perfectomobile.com:443][total kept alive: 2; route allocated: 5 of 2000; total allocated: 5 of 2000]
<2017-09-26 13:04:34> DEBUG [o.a.h.i.execchain.MainClientExec] Stale connection check
<2017-09-26 13:04:34> DEBUG [org.apache.http.wire] http-outgoing-0 << "[read] I/O error: Read timed out"
<2017-09-26 13:04:34> DEBUG [o.a.h.i.c.DefaultManagedHttpClientConnection] http-outgoing-0: set socket timeout to 10800000
<2017-09-26 13:04:34> DEBUG [o.a.h.i.execchain.MainClientExec] Executing request POST /nexperience/perfectomobile/wd/hub/session/58e9750c-b4d6-4ed9-a103-01f993e76832/element/12/value HTTP/1.1
<2017-09-26 13:04:34> DEBUG [o.a.h.i.execchain.MainClientExec] Target auth state: UNCHALLENGED
<2017-09-26 13:04:34> DEBUG [o.a.h.i.execchain.MainClientExec] Proxy auth state: UNCHALLENGED
<2017-09-26 13:04:34> DEBUG [org.apache.http.headers] http-outgoing-0 >> POST /nexperience/perfectomobile/wd/hub/session/58e9750c-b4d6-4ed9-a103-01f993e76832/element/12/value HTTP/1.1
<2017-09-26 13:04:34> DEBUG [org.apache.http.headers] http-outgoing-0 >> Content-Type: application/json; charset=utf-8
<2017-09-26 13:04:34> DEBUG [org.apache.http.headers] http-outgoing-0 >> Content-Length: 32
<2017-09-26 13:04:34> DEBUG [org.apache.http.headers] http-outgoing-0 >> Host: branchtest.perfectomobile.com
<2017-09-26 13:04:34> DEBUG [org.apache.http.headers] http-outgoing-0 >> Connection: Keep-Alive
<2017-09-26 13:04:34> DEBUG [org.apache.http.headers] http-outgoing-0 >> User-Agent: Apache-HttpClient/4.5.2 (Java/1.8.0_121)
<2017-09-26 13:04:34> DEBUG [org.apache.http.headers] http-outgoing-0 >> Cookie: JSESSIONID=F6E28E4994D1584E597DBDFCCCB1737E; fast_failed=true; fast_failed=true
<2017-09-26 13:04:34> DEBUG [org.apache.http.headers] http-outgoing-0 >> Accept-Encoding: gzip,deflate
<2017-09-26 13:04:34> DEBUG [org.apache.http.wire] http-outgoing-0 >> "POST /nexperience/perfectomobile/wd/hub/session/58e9750c-b4d6-4ed9-a103-01f993e76832/element/12/value HTTP/1.1[\r][\n]"
<2017-09-26 13:04:34> DEBUG [org.apache.http.wire] http-outgoing-0 >> "Content-Type: application/json; charset=utf-8[\r][\n]"
<2017-09-26 13:04:34> DEBUG [org.apache.http.wire] http-outgoing-0 >> "Content-Length: 32[\r][\n]"
<2017-09-26 13:04:34> DEBUG [org.apache.http.wire] http-outgoing-0 >> "Host: branchtest.perfectomobile.com[\r][\n]"
<2017-09-26 13:04:34> DEBUG [org.apache.http.wire] http-outgoing-0 >> "Connection: Keep-Alive[\r][\n]"
<2017-09-26 13:04:34> DEBUG [org.apache.http.wire] http-outgoing-0 >> "User-Agent: Apache-HttpClient/4.5.2 (Java/1.8.0_121)[\r][\n]"
<2017-09-26 13:04:34> DEBUG [org.apache.http.wire] http-outgoing-0 >> "Cookie: JSESSIONID=F6E28E4994D1584E597DBDFCCCB1737E; fast_failed=true; fast_failed=true[\r][\n]"
<2017-09-26 13:04:34> DEBUG [org.apache.http.wire] http-outgoing-0 >> "Accept-Encoding: gzip,deflate[\r][\n]"
<2017-09-26 13:04:34> DEBUG [org.apache.http.wire] http-outgoing-0 >> "[\r][\n]"
<2017-09-26 13:04:34> DEBUG [org.apache.http.wire] http-outgoing-0 >> "{"id":"12","value":["Password"]}"
<2017-09-26 13:04:35> DEBUG [org.apache.http.wire] http-outgoing-0 << "HTTP/1.1 200 OK[\r][\n]"
<2017-09-26 13:04:35> DEBUG [org.apache.http.wire] http-outgoing-0 << "Server: nginx[\r][\n]"
<2017-09-26 13:04:35> DEBUG [org.apache.http.wire] http-outgoing-0 << "Date: Tue, 26 Sep 2017 10:04:31 GMT[\r][\n]"
<2017-09-26 13:04:35> DEBUG [org.apache.http.wire] http-outgoing-0 << "Content-Type: application/json;charset=utf-8[\r][\n]"
<2017-09-26 13:04:35> DEBUG [org.apache.http.wire] http-outgoing-0 << "Transfer-Encoding: chunked[\r][\n]"
<2017-09-26 13:04:35> DEBUG [org.apache.http.wire] http-outgoing-0 << "Connection: keep-alive[\r][\n]"
<2017-09-26 13:04:35> DEBUG [org.apache.http.wire] http-outgoing-0 << "Set-Cookie: JSESSIONID=F6E28E4994D1584E597DBDFCCCB1737E; Path=/nexperience/; HttpOnly[\r][\n]"
<2017-09-26 13:04:35> DEBUG [org.apache.http.wire] http-outgoing-0 << "Expires: Thu, 01 Jan 1970 00:00:00 GMT[\r][\n]"
<2017-09-26 13:04:35> DEBUG [org.apache.http.wire] http-outgoing-0 << "Cache-Control: no-cache[\r][\n]"
<2017-09-26 13:04:35> DEBUG [org.apache.http.wire] http-outgoing-0 << "Cache-Control: no-cache[\r][\n]"
<2017-09-26 13:04:35> DEBUG [org.apache.http.wire] http-outgoing-0 << "Expires: Thu, 01 Jan 1970 00:00:00 GMT[\r][\n]"
<2017-09-26 13:04:35> DEBUG [org.apache.http.wire] http-outgoing-0 << "Set-Cookie: fast_failed=true[\r][\n]"
<2017-09-26 13:04:35> DEBUG [org.apache.http.wire] http-outgoing-0 << "X-XSS-Protection: 2; mode=block[\r][\n]"
<2017-09-26 13:04:35> DEBUG [org.apache.http.wire] http-outgoing-0 << "Content-Encoding: gzip[\r][\n]"
<2017-09-26 13:04:35> DEBUG [org.apache.http.wire] http-outgoing-0 << "[\r][\n]"
<2017-09-26 13:04:35> DEBUG [org.apache.http.wire] http-outgoing-0 << "96[\r][\n]"
<2017-09-26 13:04:35> DEBUG [org.apache.http.wire] http-outgoing-0 << "[0x1f][0x8b][0x8][0x0][0x0][0x0][0x0][0x0][0x0][0x3]-[0xcc]1[0x12][0xc2] [0x10][0x85][0xe1][0xbb]l[\r][0xc]I [0x9]i[0xad]l[0xbd][0x1][0xc2][0xaa][0x99]![0x90]d[0xc1][0xc6][0xf1][0xee]na[0xfb][0xcf][0xf7][0xde][0x7][0x8][0x89][0xd6][0x92][0xaf][0x11][0x16][0xb0]3[0xba][0xc9][0xea] [0xef]&[0x8e][0xd2]`t[0xd2]wz[0x90][0xba]{87[0xe0]4[0xce]C[0xf][0x2][0xa8][0xfa][0x8a][0xcc][0xa9][0x85][0xc0]k.[0xaf]K[0x89]\[0xc6]N[0x1b][0xdd][0x1b];[0x9]x[0xfb][0xd4][0xb8][0xe4][0x96][0x92][0x80][0x90]<[0xb3][0x5][0xca][0xf9]Te[0xc7]|xE[0x98]0[0xaf]mS'n[0xa5][0xa2][0xba]![0xed]%[0x13][0xfe][0xef][0x1b]s[0xfd][0xfd][0x1][0x1d][0xde][0xab][0x16][0x9e][0x0][0x0][0x0][\r][\n]"
<2017-09-26 13:04:35> DEBUG [org.apache.http.wire] http-outgoing-0 << "0[\r][\n]"
<2017-09-26 13:04:35> DEBUG [org.apache.http.wire] http-outgoing-0 << "[\r][\n]"
<2017-09-26 13:04:35> DEBUG [org.apache.http.headers] http-outgoing-0 << HTTP/1.1 200 OK
<2017-09-26 13:04:35> DEBUG [org.apache.http.headers] http-outgoing-0 << Server: nginx
<2017-09-26 13:04:35> DEBUG [org.apache.http.headers] http-outgoing-0 << Date: Tue, 26 Sep 2017 10:04:31 GMT
<2017-09-26 13:04:35> DEBUG [org.apache.http.headers] http-outgoing-0 << Content-Type: application/json;charset=utf-8
<2017-09-26 13:04:35> DEBUG [org.apache.http.headers] http-outgoing-0 << Transfer-Encoding: chunked
<2017-09-26 13:04:35> DEBUG [org.apache.http.headers] http-outgoing-0 << Connection: keep-alive
<2017-09-26 13:04:35> DEBUG [org.apache.http.headers] http-outgoing-0 << Set-Cookie: JSESSIONID=F6E28E4994D1584E597DBDFCCCB1737E; Path=/nexperience/; HttpOnly
<2017-09-26 13:04:35> DEBUG [org.apache.http.headers] http-outgoing-0 << Expires: Thu, 01 Jan 1970 00:00:00 GMT
<2017-09-26 13:04:35> DEBUG [org.apache.http.headers] http-outgoing-0 << Cache-Control: no-cache
<2017-09-26 13:04:35> DEBUG [org.apache.http.headers] http-outgoing-0 << Cache-Control: no-cache
<2017-09-26 13:04:35> DEBUG [org.apache.http.headers] http-outgoing-0 << Expires: Thu, 01 Jan 1970 00:00:00 GMT
<2017-09-26 13:04:35> DEBUG [org.apache.http.headers] http-outgoing-0 << Set-Cookie: fast_failed=true
<2017-09-26 13:04:35> DEBUG [org.apache.http.headers] http-outgoing-0 << X-XSS-Protection: 2; mode=block
<2017-09-26 13:04:35> DEBUG [org.apache.http.headers] http-outgoing-0 << Content-Encoding: gzip
<2017-09-26 13:04:35> DEBUG [o.a.h.i.execchain.MainClientExec] Connection can be kept alive indefinitely
<2017-09-26 13:04:35> DEBUG [o.a.h.c.p.ResponseProcessCookies] Cookie accepted [JSESSIONID="F6E28E4994D1584E597DBDFCCCB1737E", version:0, domain:branchtest.perfectomobile.com, path:/nexperience/, expiry:null]
<2017-09-26 13:04:35> DEBUG [o.a.h.c.p.ResponseProcessCookies] Cookie accepted [fast_failed="true", version:0, domain:branchtest.perfectomobile.com, path:/nexperience/perfectomobile/wd/hub/session/58e9750c-b4d6-4ed9-a103-01f993e76832/element/12, expiry:null]
<2017-09-26 13:04:35> DEBUG [o.a.h.i.c.PoolingHttpClientConnectionManager] Connection [id: 0][route: {s}->https://branchtest.perfectomobile.com:443] can be kept alive indefinitely
<2017-09-26 13:04:35> DEBUG [o.a.h.i.c.PoolingHttpClientConnectionManager] Connection released: [id: 0][route: {s}->https://branchtest.perfectomobile.com:443][total kept alive: 3; route allocated: 5 of 2000; total allocated: 5 of 2000]
<2017-09-26 13:04:35> DEBUG [o.a.h.c.p.RequestAddCookies] CookieSpec selected: default
<2017-09-26 13:04:35> DEBUG [o.a.h.c.p.RequestAddCookies] Cookie [version: 0][name: JSESSIONID][value: F6E28E4994D1584E597DBDFCCCB1737E][domain: branchtest.perfectomobile.com][path: /nexperience/][expiry: null] match [(secure)branchtest.perfectomobile.com:443/nexperience/perfectomobile/wd/hub/session/58e9750c-b4d6-4ed9-a103-01f993e76832/element]
<2017-09-26 13:04:35> DEBUG [o.a.h.c.p.RequestAddCookies] Cookie [version: 0][name: fast_failed][value: true][domain: branchtest.perfectomobile.com][path: /nexperience/perfectomobile/wd/hub][expiry: null] match [(secure)branchtest.perfectomobile.com:443/nexperience/perfectomobile/wd/hub/session/58e9750c-b4d6-4ed9-a103-01f993e76832/element]
<2017-09-26 13:04:35> DEBUG [o.a.h.c.p.RequestAddCookies] Cookie [version: 0][name: fast_failed][value: true][domain: branchtest.perfectomobile.com][path: /nexperience/perfectomobile/wd/hub/session/58e9750c-b4d6-4ed9-a103-01f993e76832][expiry: null] match [(secure)branchtest.perfectomobile.com:443/nexperience/perfectomobile/wd/hub/session/58e9750c-b4d6-4ed9-a103-01f993e76832/element]
<2017-09-26 13:04:35> DEBUG [o.a.h.c.p.RequestAuthCache] Auth cache not set in the context
<2017-09-26 13:04:35> DEBUG [o.a.h.i.c.PoolingHttpClientConnectionManager] Connection request: [route: {s}->https://branchtest.perfectomobile.com:443][total kept alive: 3; route allocated: 5 of 2000; total allocated: 5 of 2000]
<2017-09-26 13:04:35> DEBUG [o.a.h.i.c.PoolingHttpClientConnectionManager] Connection leased: [id: 0][route: {s}->https://branchtest.perfectomobile.com:443][total kept alive: 2; route allocated: 5 of 2000; total allocated: 5 of 2000]
<2017-09-26 13:04:35> DEBUG [o.a.h.i.execchain.MainClientExec] Stale connection check
<2017-09-26 13:04:35> DEBUG [org.apache.http.wire] http-outgoing-0 << "[read] I/O error: Read timed out"
<2017-09-26 13:04:35> DEBUG [o.a.h.i.c.DefaultManagedHttpClientConnection] http-outgoing-0: set socket timeout to 10800000
<2017-09-26 13:04:35> DEBUG [o.a.h.i.execchain.MainClientExec] Executing request POST /nexperience/perfectomobile/wd/hub/session/58e9750c-b4d6-4ed9-a103-01f993e76832/element HTTP/1.1
<2017-09-26 13:04:35> DEBUG [o.a.h.i.execchain.MainClientExec] Target auth state: UNCHALLENGED
<2017-09-26 13:04:35> DEBUG [o.a.h.i.execchain.MainClientExec] Proxy auth state: UNCHALLENGED
<2017-09-26 13:04:35> DEBUG [org.apache.http.headers] http-outgoing-0 >> POST /nexperience/perfectomobile/wd/hub/session/58e9750c-b4d6-4ed9-a103-01f993e76832/element HTTP/1.1
<2017-09-26 13:04:35> DEBUG [org.apache.http.headers] http-outgoing-0 >> Content-Type: application/json; charset=utf-8
<2017-09-26 13:04:35> DEBUG [org.apache.http.headers] http-outgoing-0 >> Content-Length: 73
<2017-09-26 13:04:35> DEBUG [org.apache.http.headers] http-outgoing-0 >> Host: branchtest.perfectomobile.com
<2017-09-26 13:04:35> DEBUG [org.apache.http.headers] http-outgoing-0 >> Connection: Keep-Alive
<2017-09-26 13:04:35> DEBUG [org.apache.http.headers] http-outgoing-0 >> User-Agent: Apache-HttpClient/4.5.2 (Java/1.8.0_121)
<2017-09-26 13:04:35> DEBUG [org.apache.http.headers] http-outgoing-0 >> Cookie: JSESSIONID=F6E28E4994D1584E597DBDFCCCB1737E; fast_failed=true; fast_failed=true
<2017-09-26 13:04:35> DEBUG [org.apache.http.headers] http-outgoing-0 >> Accept-Encoding: gzip,deflate
<2017-09-26 13:04:35> DEBUG [org.apache.http.wire] http-outgoing-0 >> "POST /nexperience/perfectomobile/wd/hub/session/58e9750c-b4d6-4ed9-a103-01f993e76832/element HTTP/1.1[\r][\n]"
<2017-09-26 13:04:35> DEBUG [org.apache.http.wire] http-outgoing-0 >> "Content-Type: application/json; charset=utf-8[\r][\n]"
<2017-09-26 13:04:35> DEBUG [org.apache.http.wire] http-outgoing-0 >> "Content-Length: 73[\r][\n]"
<2017-09-26 13:04:35> DEBUG [org.apache.http.wire] http-outgoing-0 >> "Host: branchtest.perfectomobile.com[\r][\n]"
<2017-09-26 13:04:35> DEBUG [org.apache.http.wire] http-outgoing-0 >> "Connection: Keep-Alive[\r][\n]"
<2017-09-26 13:04:35> DEBUG [org.apache.http.wire] http-outgoing-0 >> "User-Agent: Apache-HttpClient/4.5.2 (Java/1.8.0_121)[\r][\n]"
<2017-09-26 13:04:35> DEBUG [org.apache.http.wire] http-outgoing-0 >> "Cookie: JSESSIONID=F6E28E4994D1584E597DBDFCCCB1737E; fast_failed=true; fast_failed=true[\r][\n]"
<2017-09-26 13:04:35> DEBUG [org.apache.http.wire] http-outgoing-0 >> "Accept-Encoding: gzip,deflate[\r][\n]"
<2017-09-26 13:04:35> DEBUG [org.apache.http.wire] http-outgoing-0 >> "[\r][\n]"
<2017-09-26 13:04:35> DEBUG [org.apache.http.wire] http-outgoing-0 >> "{"using":"xpath","value":"//*[@id=\"register_form\"]/fieldset[12]/input"}"
<2017-09-26 13:04:35> DEBUG [org.apache.http.wire] http-outgoing-0 << "HTTP/1.1 200 OK[\r][\n]"
<2017-09-26 13:04:35> DEBUG [org.apache.http.wire] http-outgoing-0 << "Server: nginx[\r][\n]"
<2017-09-26 13:04:35> DEBUG [org.apache.http.wire] http-outgoing-0 << "Date: Tue, 26 Sep 2017 10:04:32 GMT[\r][\n]"
<2017-09-26 13:04:35> DEBUG [org.apache.http.wire] http-outgoing-0 << "Content-Type: application/json;charset=utf-8[\r][\n]"
<2017-09-26 13:04:35> DEBUG [org.apache.http.wire] http-outgoing-0 << "Transfer-Encoding: chunked[\r][\n]"
<2017-09-26 13:04:35> DEBUG [org.apache.http.wire] http-outgoing-0 << "Connection: keep-alive[\r][\n]"
<2017-09-26 13:04:35> DEBUG [org.apache.http.wire] http-outgoing-0 << "Set-Cookie: JSESSIONID=F6E28E4994D1584E597DBDFCCCB1737E; Path=/nexperience/; HttpOnly[\r][\n]"
<2017-09-26 13:04:35> DEBUG [org.apache.http.wire] http-outgoing-0 << "Expires: Thu, 01 Jan 1970 00:00:00 GMT[\r][\n]"
<2017-09-26 13:04:35> DEBUG [org.apache.http.wire] http-outgoing-0 << "Cache-Control: no-cache[\r][\n]"
<2017-09-26 13:04:35> DEBUG [org.apache.http.wire] http-outgoing-0 << "Cache-Control: no-cache[\r][\n]"
<2017-09-26 13:04:35> DEBUG [org.apache.http.wire] http-outgoing-0 << "Expires: Thu, 01 Jan 1970 00:00:00 GMT[\r][\n]"
<2017-09-26 13:04:35> DEBUG [org.apache.http.wire] http-outgoing-0 << "Set-Cookie: fast_failed=true[\r][\n]"
<2017-09-26 13:04:35> DEBUG [org.apache.http.wire] http-outgoing-0 << "X-XSS-Protection: 2; mode=block[\r][\n]"
<2017-09-26 13:04:35> DEBUG [org.apache.http.wire] http-outgoing-0 << "Content-Encoding: gzip[\r][\n]"
<2017-09-26 13:04:35> DEBUG [org.apache.http.wire] http-outgoing-0 << "[\r][\n]"
<2017-09-26 13:04:35> DEBUG [org.apache.http.wire] http-outgoing-0 << "a1[\r][\n]"
<2017-09-26 13:04:35> DEBUG [org.apache.http.wire] http-outgoing-0 << "[0x1f][0x8b][0x8][0x0][0x0][0x0][0x0][0x0][0x0][0x3]-[0x8d][0xcb][0xe][0xc2] [0x10][0x0][0xff]e[0xcf][0x85]@[0xe9][0xb][0xaf][0xa6][0x7][0x13][0xf5]`[0xfc][0x1][0x84]U[0x9b][0xb4]P[0xbb][0xc5]K[0xd3]]]>&#x7f;<![CDATA[w[0xf]^'3[0x99][\r][0x8][0x89][0x86][0x14]O[0x1][0xe]Pwh[0xdb]Zy[0xf1][0xa8]B#*[0xc]V8[0xad][0x8c]P[0xfa]i[0xad][0xc1][0xb6][0xe9]L[0x9][0x5][0xd0][0xea]Vd[0x9d][0xb2][0xf7]\3y[0x1f]S`bKeZ[0xdd][0x94][0xba][0x80][0xaf][0x1b]3[0x93][\r][0xfa]s]]>&#x7f;<![CDATA[[0xe9][0xaf]w[0xd6][0xb5][0x81][0xbd][0x0]?:N[0xe][0x90][0x96][0x97]L3[0xc6][0x8f][0x93][0x84]#[0xc6]!Or[0xc1])[0xad](oHs[0x8a][0x84][0xff]Uf][0xed]?[0xdd][0xe3][0x85][0xf8][0xaa][0x0][0x0][0x0][\r][\n]"
<2017-09-26 13:04:35> DEBUG [org.apache.http.wire] http-outgoing-0 << "0[\r][\n]"
<2017-09-26 13:04:35> DEBUG [org.apache.http.wire] http-outgoing-0 << "[\r][\n]"
<2017-09-26 13:04:35> DEBUG [org.apache.http.headers] http-outgoing-0 << HTTP/1.1 200 OK
<2017-09-26 13:04:35> DEBUG [org.apache.http.headers] http-outgoing-0 << Server: nginx
<2017-09-26 13:04:35> DEBUG [org.apache.http.headers] http-outgoing-0 << Date: Tue, 26 Sep 2017 10:04:32 GMT
<2017-09-26 13:04:35> DEBUG [org.apache.http.headers] http-outgoing-0 << Content-Type: application/json;charset=utf-8
<2017-09-26 13:04:35> DEBUG [org.apache.http.headers] http-outgoing-0 << Transfer-Encoding: chunked
<2017-09-26 13:04:35> DEBUG [org.apache.http.headers] http-outgoing-0 << Connection: keep-alive
<2017-09-26 13:04:35> DEBUG [org.apache.http.headers] http-outgoing-0 << Set-Cookie: JSESSIONID=F6E28E4994D1584E597DBDFCCCB1737E; Path=/nexperience/; HttpOnly
<2017-09-26 13:04:35> DEBUG [org.apache.http.headers] http-outgoing-0 << Expires: Thu, 01 Jan 1970 00:00:00 GMT
<2017-09-26 13:04:35> DEBUG [org.apache.http.headers] http-outgoing-0 << Cache-Control: no-cache
<2017-09-26 13:04:35> DEBUG [org.apache.http.headers] http-outgoing-0 << Cache-Control: no-cache
<2017-09-26 13:04:35> DEBUG [org.apache.http.headers] http-outgoing-0 << Expires: Thu, 01 Jan 1970 00:00:00 GMT
<2017-09-26 13:04:35> DEBUG [org.apache.http.headers] http-outgoing-0 << Set-Cookie: fast_failed=true
<2017-09-26 13:04:35> DEBUG [org.apache.http.headers] http-outgoing-0 << X-XSS-Protection: 2; mode=block
<2017-09-26 13:04:35> DEBUG [org.apache.http.headers] http-outgoing-0 << Content-Encoding: gzip
<2017-09-26 13:04:35> DEBUG [o.a.h.i.execchain.MainClientExec] Connection can be kept alive indefinitely
<2017-09-26 13:04:35> DEBUG [o.a.h.c.p.ResponseProcessCookies] Cookie accepted [JSESSIONID="F6E28E4994D1584E597DBDFCCCB1737E", version:0, domain:branchtest.perfectomobile.com, path:/nexperience/, expiry:null]
<2017-09-26 13:04:35> DEBUG [o.a.h.c.p.ResponseProcessCookies] Cookie accepted [fast_failed="true", version:0, domain:branchtest.perfectomobile.com, path:/nexperience/perfectomobile/wd/hub/session/58e9750c-b4d6-4ed9-a103-01f993e76832, expiry:null]
<2017-09-26 13:04:35> DEBUG [o.a.h.i.c.PoolingHttpClientConnectionManager] Connection [id: 0][route: {s}->https://branchtest.perfectomobile.com:443] can be kept alive indefinitely
<2017-09-26 13:04:35> DEBUG [o.a.h.i.c.PoolingHttpClientConnectionManager] Connection released: [id: 0][route: {s}->https://branchtest.perfectomobile.com:443][total kept alive: 3; route allocated: 5 of 2000; total allocated: 5 of 2000]
<2017-09-26 13:04:35> DEBUG [o.a.h.c.p.RequestAddCookies] CookieSpec selected: default
<2017-09-26 13:04:35> DEBUG [o.a.h.c.p.RequestAddCookies] Cookie [version: 0][name: JSESSIONID][value: F6E28E4994D1584E597DBDFCCCB1737E][domain: branchtest.perfectomobile.com][path: /nexperience/][expiry: null] match [(secure)branchtest.perfectomobile.com:443/nexperience/perfectomobile/wd/hub/session/58e9750c-b4d6-4ed9-a103-01f993e76832/element/13/value]
<2017-09-26 13:04:35> DEBUG [o.a.h.c.p.RequestAddCookies] Cookie [version: 0][name: fast_failed][value: true][domain: branchtest.perfectomobile.com][path: /nexperience/perfectomobile/wd/hub][expiry: null] match [(secure)branchtest.perfectomobile.com:443/nexperience/perfectomobile/wd/hub/session/58e9750c-b4d6-4ed9-a103-01f993e76832/element/13/value]
<2017-09-26 13:04:35> DEBUG [o.a.h.c.p.RequestAddCookies] Cookie [version: 0][name: fast_failed][value: true][domain: branchtest.perfectomobile.com][path: /nexperience/perfectomobile/wd/hub/session/58e9750c-b4d6-4ed9-a103-01f993e76832][expiry: null] match [(secure)branchtest.perfectomobile.com:443/nexperience/perfectomobile/wd/hub/session/58e9750c-b4d6-4ed9-a103-01f993e76832/element/13/value]
<2017-09-26 13:04:35> DEBUG [o.a.h.c.p.RequestAuthCache] Auth cache not set in the context
<2017-09-26 13:04:35> DEBUG [o.a.h.i.c.PoolingHttpClientConnectionManager] Connection request: [route: {s}->https://branchtest.perfectomobile.com:443][total kept alive: 3; route allocated: 5 of 2000; total allocated: 5 of 2000]
<2017-09-26 13:04:35> DEBUG [o.a.h.i.c.PoolingHttpClientConnectionManager] Connection leased: [id: 0][route: {s}->https://branchtest.perfectomobile.com:443][total kept alive: 2; route allocated: 5 of 2000; total allocated: 5 of 2000]
<2017-09-26 13:04:35> DEBUG [o.a.h.i.execchain.MainClientExec] Stale connection check
<2017-09-26 13:04:35> DEBUG [org.apache.http.wire] http-outgoing-0 << "[read] I/O error: Read timed out"
<2017-09-26 13:04:35> DEBUG [o.a.h.i.c.DefaultManagedHttpClientConnection] http-outgoing-0: set socket timeout to 10800000
<2017-09-26 13:04:35> DEBUG [o.a.h.i.execchain.MainClientExec] Executing request POST /nexperience/perfectomobile/wd/hub/session/58e9750c-b4d6-4ed9-a103-01f993e76832/element/13/value HTTP/1.1
<2017-09-26 13:04:35> DEBUG [o.a.h.i.execchain.MainClientExec] Target auth state: UNCHALLENGED
<2017-09-26 13:04:35> DEBUG [o.a.h.i.execchain.MainClientExec] Proxy auth state: UNCHALLENGED
<2017-09-26 13:04:35> DEBUG [org.apache.http.headers] http-outgoing-0 >> POST /nexperience/perfectomobile/wd/hub/session/58e9750c-b4d6-4ed9-a103-01f993e76832/element/13/value HTTP/1.1
<2017-09-26 13:04:35> DEBUG [org.apache.http.headers] http-outgoing-0 >> Content-Type: application/json; charset=utf-8
<2017-09-26 13:04:35> DEBUG [org.apache.http.headers] http-outgoing-0 >> Content-Length: 32
<2017-09-26 13:04:35> DEBUG [org.apache.http.headers] http-outgoing-0 >> Host: branchtest.perfectomobile.com
<2017-09-26 13:04:35> DEBUG [org.apache.http.headers] http-outgoing-0 >> Connection: Keep-Alive
<2017-09-26 13:04:35> DEBUG [org.apache.http.headers] http-outgoing-0 >> User-Agent: Apache-HttpClient/4.5.2 (Java/1.8.0_121)
<2017-09-26 13:04:35> DEBUG [org.apache.http.headers] http-outgoing-0 >> Cookie: JSESSIONID=F6E28E4994D1584E597DBDFCCCB1737E; fast_failed=true; fast_failed=true
<2017-09-26 13:04:35> DEBUG [org.apache.http.headers] http-outgoing-0 >> Accept-Encoding: gzip,deflate
<2017-09-26 13:04:35> DEBUG [org.apache.http.wire] http-outgoing-0 >> "POST /nexperience/perfectomobile/wd/hub/session/58e9750c-b4d6-4ed9-a103-01f993e76832/element/13/value HTTP/1.1[\r][\n]"
<2017-09-26 13:04:35> DEBUG [org.apache.http.wire] http-outgoing-0 >> "Content-Type: application/json; charset=utf-8[\r][\n]"
<2017-09-26 13:04:35> DEBUG [org.apache.http.wire] http-outgoing-0 >> "Content-Length: 32[\r][\n]"
<2017-09-26 13:04:35> DEBUG [org.apache.http.wire] http-outgoing-0 >> "Host: branchtest.perfectomobile.com[\r][\n]"
<2017-09-26 13:04:35> DEBUG [org.apache.http.wire] http-outgoing-0 >> "Connection: Keep-Alive[\r][\n]"
<2017-09-26 13:04:35> DEBUG [org.apache.http.wire] http-outgoing-0 >> "User-Agent: Apache-HttpClient/4.5.2 (Java/1.8.0_121)[\r][\n]"
<2017-09-26 13:04:35> DEBUG [org.apache.http.wire] http-outgoing-0 >> "Cookie: JSESSIONID=F6E28E4994D1584E597DBDFCCCB1737E; fast_failed=true; fast_failed=true[\r][\n]"
<2017-09-26 13:04:35> DEBUG [org.apache.http.wire] http-outgoing-0 >> "Accept-Encoding: gzip,deflate[\r][\n]"
<2017-09-26 13:04:35> DEBUG [org.apache.http.wire] http-outgoing-0 >> "[\r][\n]"
<2017-09-26 13:04:35> DEBUG [org.apache.http.wire] http-outgoing-0 >> "{"id":"13","value":["Password"]}"
<2017-09-26 13:04:36> DEBUG [org.apache.http.wire] http-outgoing-0 << "HTTP/1.1 200 OK[\r][\n]"
<2017-09-26 13:04:36> DEBUG [org.apache.http.wire] http-outgoing-0 << "Server: nginx[\r][\n]"
<2017-09-26 13:04:36> DEBUG [org.apache.http.wire] http-outgoing-0 << "Date: Tue, 26 Sep 2017 10:04:32 GMT[\r][\n]"
<2017-09-26 13:04:36> DEBUG [org.apache.http.wire] http-outgoing-0 << "Content-Type: application/json;charset=utf-8[\r][\n]"
<2017-09-26 13:04:36> DEBUG [org.apache.http.wire] http-outgoing-0 << "Transfer-Encoding: chunked[\r][\n]"
<2017-09-26 13:04:36> DEBUG [org.apache.http.wire] http-outgoing-0 << "Connection: keep-alive[\r][\n]"
<2017-09-26 13:04:36> DEBUG [org.apache.http.wire] http-outgoing-0 << "Set-Cookie: JSESSIONID=F6E28E4994D1584E597DBDFCCCB1737E; Path=/nexperience/; HttpOnly[\r][\n]"
<2017-09-26 13:04:36> DEBUG [org.apache.http.wire] http-outgoing-0 << "Expires: Thu, 01 Jan 1970 00:00:00 GMT[\r][\n]"
<2017-09-26 13:04:36> DEBUG [org.apache.http.wire] http-outgoing-0 << "Cache-Control: no-cache[\r][\n]"
<2017-09-26 13:04:36> DEBUG [org.apache.http.wire] http-outgoing-0 << "Cache-Control: no-cache[\r][\n]"
<2017-09-26 13:04:36> DEBUG [org.apache.http.wire] http-outgoing-0 << "Expires: Thu, 01 Jan 1970 00:00:00 GMT[\r][\n]"
<2017-09-26 13:04:36> DEBUG [org.apache.http.wire] http-outgoing-0 << "Set-Cookie: fast_failed=true[\r][\n]"
<2017-09-26 13:04:36> DEBUG [org.apache.http.wire] http-outgoing-0 << "X-XSS-Protection: 2; mode=block[\r][\n]"
<2017-09-26 13:04:36> DEBUG [org.apache.http.wire] http-outgoing-0 << "Content-Encoding: gzip[\r][\n]"
<2017-09-26 13:04:36> DEBUG [org.apache.http.wire] http-outgoing-0 << "[\r][\n]"
<2017-09-26 13:04:36> DEBUG [org.apache.http.wire] http-outgoing-0 << "96[\r][\n]"
<2017-09-26 13:04:36> DEBUG [org.apache.http.wire] http-outgoing-0 << "[0x1f][0x8b][0x8][0x0][0x0][0x0][0x0][0x0][0x0][0x3]-[0xcc]1[0x12][0xc2] [0x10][0x85][0xe1][0xbb]l[0x1d][0x18][0x12][0x2][0x9]i[0xad]l[0xbd][0x1][0xc2][0xaa][0x99]![0x90]d[0xc1][0xc6][0xf1][0xee]na[0xfb][0xcf][0xf7][0xde][0x7][0x8][0x89][0xd6][0x92][0xaf][0x11][0x16]03[0xba][0xc9][0xa8] [0xee]c[0xb4]b[0xc4][0xe8][0x84][0xef][0x95][0x16][0xaa]]]>&#x7f;<![CDATA[8[0xa7]q[0xb2][0xb3][0x1e][0xa0][0x3][0xaa][0xbe]"sj![0xf0][0x9a][0xcb][0xeb]R"[0x97][0xc1]*[0xad][0xfb][0xd1][0x99][0xe][0xde]>5.[0xb9][0xa5][0xd4]AH[0x9e][0xd9][0x2][0xe5]|[0xca][0xb2]c>[0xbc]$L[0x98][0xd7][0xb6][0xc9][0x13][0xb7]RQ[0xde][0x90][0xf6][0x92][0x9][0xff][0xf7][0x8d][0xb9][0xfa][0xfe][0x0]x[0xd4][0x83][0xcd][0x9e][0x0][0x0][0x0][\r][\n]"
<2017-09-26 13:04:36> DEBUG [org.apache.http.wire] http-outgoing-0 << "0[\r][\n]"
<2017-09-26 13:04:36> DEBUG [org.apache.http.wire] http-outgoing-0 << "[\r][\n]"
<2017-09-26 13:04:36> DEBUG [org.apache.http.headers] http-outgoing-0 << HTTP/1.1 200 OK
<2017-09-26 13:04:36> DEBUG [org.apache.http.headers] http-outgoing-0 << Server: nginx
<2017-09-26 13:04:36> DEBUG [org.apache.http.headers] http-outgoing-0 << Date: Tue, 26 Sep 2017 10:04:32 GMT
<2017-09-26 13:04:36> DEBUG [org.apache.http.headers] http-outgoing-0 << Content-Type: application/json;charset=utf-8
<2017-09-26 13:04:36> DEBUG [org.apache.http.headers] http-outgoing-0 << Transfer-Encoding: chunked
<2017-09-26 13:04:36> DEBUG [org.apache.http.headers] http-outgoing-0 << Connection: keep-alive
<2017-09-26 13:04:36> DEBUG [org.apache.http.headers] http-outgoing-0 << Set-Cookie: JSESSIONID=F6E28E4994D1584E597DBDFCCCB1737E; Path=/nexperience/; HttpOnly
<2017-09-26 13:04:36> DEBUG [org.apache.http.headers] http-outgoing-0 << Expires: Thu, 01 Jan 1970 00:00:00 GMT
<2017-09-26 13:04:36> DEBUG [org.apache.http.headers] http-outgoing-0 << Cache-Control: no-cache
<2017-09-26 13:04:36> DEBUG [org.apache.http.headers] http-outgoing-0 << Cache-Control: no-cache
<2017-09-26 13:04:36> DEBUG [org.apache.http.headers] http-outgoing-0 << Expires: Thu, 01 Jan 1970 00:00:00 GMT
<2017-09-26 13:04:36> DEBUG [org.apache.http.headers] http-outgoing-0 << Set-Cookie: fast_failed=true
<2017-09-26 13:04:36> DEBUG [org.apache.http.headers] http-outgoing-0 << X-XSS-Protection: 2; mode=block
<2017-09-26 13:04:36> DEBUG [org.apache.http.headers] http-outgoing-0 << Content-Encoding: gzip
<2017-09-26 13:04:36> DEBUG [o.a.h.i.execchain.MainClientExec] Connection can be kept alive indefinitely
<2017-09-26 13:04:36> DEBUG [o.a.h.c.p.ResponseProcessCookies] Cookie accepted [JSESSIONID="F6E28E4994D1584E597DBDFCCCB1737E", version:0, domain:branchtest.perfectomobile.com, path:/nexperience/, expiry:null]
<2017-09-26 13:04:36> DEBUG [o.a.h.c.p.ResponseProcessCookies] Cookie accepted [fast_failed="true", version:0, domain:branchtest.perfectomobile.com, path:/nexperience/perfectomobile/wd/hub/session/58e9750c-b4d6-4ed9-a103-01f993e76832/element/13, expiry:null]
<2017-09-26 13:04:36> DEBUG [o.a.h.i.c.PoolingHttpClientConnectionManager] Connection [id: 0][route: {s}->https://branchtest.perfectomobile.com:443] can be kept alive indefinitely
<2017-09-26 13:04:36> DEBUG [o.a.h.i.c.PoolingHttpClientConnectionManager] Connection released: [id: 0][route: {s}->https://branchtest.perfectomobile.com:443][total kept alive: 3; route allocated: 5 of 2000; total allocated: 5 of 2000]
<2017-09-26 13:04:36> DEBUG [o.a.h.c.p.RequestAddCookies] CookieSpec selected: default
<2017-09-26 13:04:36> DEBUG [o.a.h.c.p.RequestAddCookies] Cookie [version: 0][name: JSESSIONID][value: F6E28E4994D1584E597DBDFCCCB1737E][domain: branchtest.perfectomobile.com][path: /nexperience/][expiry: null] match [(secure)branchtest.perfectomobile.com:443/nexperience/perfectomobile/wd/hub/session/58e9750c-b4d6-4ed9-a103-01f993e76832/element]
<2017-09-26 13:04:36> DEBUG [o.a.h.c.p.RequestAddCookies] Cookie [version: 0][name: fast_failed][value: true][domain: branchtest.perfectomobile.com][path: /nexperience/perfectomobile/wd/hub][expiry: null] match [(secure)branchtest.perfectomobile.com:443/nexperience/perfectomobile/wd/hub/session/58e9750c-b4d6-4ed9-a103-01f993e76832/element]
<2017-09-26 13:04:36> DEBUG [o.a.h.c.p.RequestAddCookies] Cookie [version: 0][name: fast_failed][value: true][domain: branchtest.perfectomobile.com][path: /nexperience/perfectomobile/wd/hub/session/58e9750c-b4d6-4ed9-a103-01f993e76832][expiry: null] match [(secure)branchtest.perfectomobile.com:443/nexperience/perfectomobile/wd/hub/session/58e9750c-b4d6-4ed9-a103-01f993e76832/element]
<2017-09-26 13:04:36> DEBUG [o.a.h.c.p.RequestAuthCache] Auth cache not set in the context
<2017-09-26 13:04:36> DEBUG [o.a.h.i.c.PoolingHttpClientConnectionManager] Connection request: [route: {s}->https://branchtest.perfectomobile.com:443][total kept alive: 3; route allocated: 5 of 2000; total allocated: 5 of 2000]
<2017-09-26 13:04:36> DEBUG [o.a.h.i.c.PoolingHttpClientConnectionManager] Connection leased: [id: 0][route: {s}->https://branchtest.perfectomobile.com:443][total kept alive: 2; route allocated: 5 of 2000; total allocated: 5 of 2000]
<2017-09-26 13:04:36> DEBUG [o.a.h.i.execchain.MainClientExec] Stale connection check
<2017-09-26 13:04:36> DEBUG [org.apache.http.wire] http-outgoing-0 << "[read] I/O error: Read timed out"
<2017-09-26 13:04:36> DEBUG [o.a.h.i.c.DefaultManagedHttpClientConnection] http-outgoing-0: set socket timeout to 10800000
<2017-09-26 13:04:36> DEBUG [o.a.h.i.execchain.MainClientExec] Executing request POST /nexperience/perfectomobile/wd/hub/session/58e9750c-b4d6-4ed9-a103-01f993e76832/element HTTP/1.1
<2017-09-26 13:04:36> DEBUG [o.a.h.i.execchain.MainClientExec] Target auth state: UNCHALLENGED
<2017-09-26 13:04:36> DEBUG [o.a.h.i.execchain.MainClientExec] Proxy auth state: UNCHALLENGED
<2017-09-26 13:04:36> DEBUG [org.apache.http.headers] http-outgoing-0 >> POST /nexperience/perfectomobile/wd/hub/session/58e9750c-b4d6-4ed9-a103-01f993e76832/element HTTP/1.1
<2017-09-26 13:04:36> DEBUG [org.apache.http.headers] http-outgoing-0 >> Content-Type: application/json; charset=utf-8
<2017-09-26 13:04:36> DEBUG [org.apache.http.headers] http-outgoing-0 >> Content-Length: 73
<2017-09-26 13:04:36> DEBUG [org.apache.http.headers] http-outgoing-0 >> Host: branchtest.perfectomobile.com
<2017-09-26 13:04:36> DEBUG [org.apache.http.headers] http-outgoing-0 >> Connection: Keep-Alive
<2017-09-26 13:04:36> DEBUG [org.apache.http.headers] http-outgoing-0 >> User-Agent: Apache-HttpClient/4.5.2 (Java/1.8.0_121)
<2017-09-26 13:04:36> DEBUG [org.apache.http.headers] http-outgoing-0 >> Cookie: JSESSIONID=F6E28E4994D1584E597DBDFCCCB1737E; fast_failed=true; fast_failed=true
<2017-09-26 13:04:36> DEBUG [org.apache.http.headers] http-outgoing-0 >> Accept-Encoding: gzip,deflate
<2017-09-26 13:04:36> DEBUG [org.apache.http.wire] http-outgoing-0 >> "POST /nexperience/perfectomobile/wd/hub/session/58e9750c-b4d6-4ed9-a103-01f993e76832/element HTTP/1.1[\r][\n]"
<2017-09-26 13:04:36> DEBUG [org.apache.http.wire] http-outgoing-0 >> "Content-Type: application/json; charset=utf-8[\r][\n]"
<2017-09-26 13:04:36> DEBUG [org.apache.http.wire] http-outgoing-0 >> "Content-Length: 73[\r][\n]"
<2017-09-26 13:04:36> DEBUG [org.apache.http.wire] http-outgoing-0 >> "Host: branchtest.perfectomobile.com[\r][\n]"
<2017-09-26 13:04:36> DEBUG [org.apache.http.wire] http-outgoing-0 >> "Connection: Keep-Alive[\r][\n]"
<2017-09-26 13:04:36> DEBUG [org.apache.http.wire] http-outgoing-0 >> "User-Agent: Apache-HttpClient/4.5.2 (Java/1.8.0_121)[\r][\n]"
<2017-09-26 13:04:36> DEBUG [org.apache.http.wire] http-outgoing-0 >> "Cookie: JSESSIONID=F6E28E4994D1584E597DBDFCCCB1737E; fast_failed=true; fast_failed=true[\r][\n]"
<2017-09-26 13:04:36> DEBUG [org.apache.http.wire] http-outgoing-0 >> "Accept-Encoding: gzip,deflate[\r][\n]"
<2017-09-26 13:04:36> DEBUG [org.apache.http.wire] http-outgoing-0 >> "[\r][\n]"
<2017-09-26 13:04:36> DEBUG [org.apache.http.wire] http-outgoing-0 >> "{"using":"xpath","value":"//*[@id=\"register_form\"]/fieldset[13]/input"}"
<2017-09-26 13:04:36> DEBUG [org.apache.http.wire] http-outgoing-0 << "HTTP/1.1 200 OK[\r][\n]"
<2017-09-26 13:04:36> DEBUG [org.apache.http.wire] http-outgoing-0 << "Server: nginx[\r][\n]"
<2017-09-26 13:04:36> DEBUG [org.apache.http.wire] http-outgoing-0 << "Date: Tue, 26 Sep 2017 10:04:33 GMT[\r][\n]"
<2017-09-26 13:04:36> DEBUG [org.apache.http.wire] http-outgoing-0 << "Content-Type: application/json;charset=utf-8[\r][\n]"
<2017-09-26 13:04:36> DEBUG [org.apache.http.wire] http-outgoing-0 << "Transfer-Encoding: chunked[\r][\n]"
<2017-09-26 13:04:36> DEBUG [org.apache.http.wire] http-outgoing-0 << "Connection: keep-alive[\r][\n]"
<2017-09-26 13:04:36> DEBUG [org.apache.http.wire] http-outgoing-0 << "Set-Cookie: JSESSIONID=F6E28E4994D1584E597DBDFCCCB1737E; Path=/nexperience/; HttpOnly[\r][\n]"
<2017-09-26 13:04:36> DEBUG [org.apache.http.wire] http-outgoing-0 << "Expires: Thu, 01 Jan 1970 00:00:00 GMT[\r][\n]"
<2017-09-26 13:04:36> DEBUG [org.apache.http.wire] http-outgoing-0 << "Cache-Control: no-cache[\r][\n]"
<2017-09-26 13:04:36> DEBUG [org.apache.http.wire] http-outgoing-0 << "Cache-Control: no-cache[\r][\n]"
<2017-09-26 13:04:36> DEBUG [org.apache.http.wire] http-outgoing-0 << "Expires: Thu, 01 Jan 1970 00:00:00 GMT[\r][\n]"
<2017-09-26 13:04:36> DEBUG [org.apache.http.wire] http-outgoing-0 << "Set-Cookie: fast_failed=true[\r][\n]"
<2017-09-26 13:04:36> DEBUG [org.apache.http.wire] http-outgoing-0 << "X-XSS-Protection: 2; mode=block[\r][\n]"
<2017-09-26 13:04:36> DEBUG [org.apache.http.wire] http-outgoing-0 << "Content-Encoding: gzip[\r][\n]"
<2017-09-26 13:04:36> DEBUG [org.apache.http.wire] http-outgoing-0 << "[\r][\n]"
<2017-09-26 13:04:36> DEBUG [org.apache.http.wire] http-outgoing-0 << "a1[\r][\n]"
<2017-09-26 13:04:36> DEBUG [org.apache.http.wire] http-outgoing-0 << "[0x1f][0x8b][0x8][0x0][0x0][0x0][0x0][0x0][0x0][0x3]-[0x8d]A[0xe][0x82]0[0x10][0x0][0xff][0xb2]ghJ)[0x94]z5[0x1c]L[0xd4][0x83][0xf1][0x3][0xb5]][0x95][0x4]Zd[0xa9][0x17][0xc2][0xdf][0xdd][0x83][0xd7][0xc9]Lf[0x3]B[0xa2]![0xc5]S[0x80][0x3]4[0x1d]Z[0xd3]H_>thK[0x8d][0xc1][0x96][0xae][0x92]u)[0xab][0xa7][0xb5]5[0x9a][0xb6][0xab][0x15][0x14]@[0xab][[0x91]u[0xca][0xde]s[0xcd][0xe4]}L[0x81][0x89]R[0xad][0xd6][0xca][0x18]U[0xc0][0xd7][0x8d][0x99][0xc9][0x6][0xfd][0xb9][0xbf][0xf4][0xd7];[0xeb][0x95][0x86][0xbd][0x0]?:N[0xe][0x90][0x96][0x97]H3[0xc6][0x8f][0x13][0x84]#[0xc6]!Ob[0xc1])[0xad](nHs[0x8a][0x84][0xff]Uf][0xee]?[0x8a]"#[0xa6][0xaa][0x0][0x0][0x0][\r][\n]"
<2017-09-26 13:04:36> DEBUG [org.apache.http.wire] http-outgoing-0 << "0[\r][\n]"
<2017-09-26 13:04:36> DEBUG [org.apache.http.wire] http-outgoing-0 << "[\r][\n]"
<2017-09-26 13:04:36> DEBUG [org.apache.http.headers] http-outgoing-0 << HTTP/1.1 200 OK
<2017-09-26 13:04:36> DEBUG [org.apache.http.headers] http-outgoing-0 << Server: nginx
<2017-09-26 13:04:36> DEBUG [org.apache.http.headers] http-outgoing-0 << Date: Tue, 26 Sep 2017 10:04:33 GMT
<2017-09-26 13:04:36> DEBUG [org.apache.http.headers] http-outgoing-0 << Content-Type: application/json;charset=utf-8
<2017-09-26 13:04:36> DEBUG [org.apache.http.headers] http-outgoing-0 << Transfer-Encoding: chunked
<2017-09-26 13:04:36> DEBUG [org.apache.http.headers] http-outgoing-0 << Connection: keep-alive
<2017-09-26 13:04:36> DEBUG [org.apache.http.headers] http-outgoing-0 << Set-Cookie: JSESSIONID=F6E28E4994D1584E597DBDFCCCB1737E; Path=/nexperience/; HttpOnly
<2017-09-26 13:04:36> DEBUG [org.apache.http.headers] http-outgoing-0 << Expires: Thu, 01 Jan 1970 00:00:00 GMT
<2017-09-26 13:04:36> DEBUG [org.apache.http.headers] http-outgoing-0 << Cache-Control: no-cache
<2017-09-26 13:04:36> DEBUG [org.apache.http.headers] http-outgoing-0 << Cache-Control: no-cache
<2017-09-26 13:04:36> DEBUG [org.apache.http.headers] http-outgoing-0 << Expires: Thu, 01 Jan 1970 00:00:00 GMT
<2017-09-26 13:04:36> DEBUG [org.apache.http.headers] http-outgoing-0 << Set-Cookie: fast_failed=true
<2017-09-26 13:04:36> DEBUG [org.apache.http.headers] http-outgoing-0 << X-XSS-Protection: 2; mode=block
<2017-09-26 13:04:36> DEBUG [org.apache.http.headers] http-outgoing-0 << Content-Encoding: gzip
<2017-09-26 13:04:36> DEBUG [o.a.h.i.execchain.MainClientExec] Connection can be kept alive indefinitely
<2017-09-26 13:04:36> DEBUG [o.a.h.c.p.ResponseProcessCookies] Cookie accepted [JSESSIONID="F6E28E4994D1584E597DBDFCCCB1737E", version:0, domain:branchtest.perfectomobile.com, path:/nexperience/, expiry:null]
<2017-09-26 13:04:36> DEBUG [o.a.h.c.p.ResponseProcessCookies] Cookie accepted [fast_failed="true", version:0, domain:branchtest.perfectomobile.com, path:/nexperience/perfectomobile/wd/hub/session/58e9750c-b4d6-4ed9-a103-01f993e76832, expiry:null]
<2017-09-26 13:04:36> DEBUG [o.a.h.i.c.PoolingHttpClientConnectionManager] Connection [id: 0][route: {s}->https://branchtest.perfectomobile.com:443] can be kept alive indefinitely
<2017-09-26 13:04:36> DEBUG [o.a.h.i.c.PoolingHttpClientConnectionManager] Connection released: [id: 0][route: {s}->https://branchtest.perfectomobile.com:443][total kept alive: 3; route allocated: 5 of 2000; total allocated: 5 of 2000]
<2017-09-26 13:04:36> DEBUG [o.a.h.c.p.RequestAddCookies] CookieSpec selected: default
<2017-09-26 13:04:36> DEBUG [o.a.h.c.p.RequestAddCookies] Cookie [version: 0][name: JSESSIONID][value: F6E28E4994D1584E597DBDFCCCB1737E][domain: branchtest.perfectomobile.com][path: /nexperience/][expiry: null] match [(secure)branchtest.perfectomobile.com:443/nexperience/perfectomobile/wd/hub/session/58e9750c-b4d6-4ed9-a103-01f993e76832/element/14/click]
<2017-09-26 13:04:36> DEBUG [o.a.h.c.p.RequestAddCookies] Cookie [version: 0][name: fast_failed][value: true][domain: branchtest.perfectomobile.com][path: /nexperience/perfectomobile/wd/hub][expiry: null] match [(secure)branchtest.perfectomobile.com:443/nexperience/perfectomobile/wd/hub/session/58e9750c-b4d6-4ed9-a103-01f993e76832/element/14/click]
<2017-09-26 13:04:36> DEBUG [o.a.h.c.p.RequestAddCookies] Cookie [version: 0][name: fast_failed][value: true][domain: branchtest.perfectomobile.com][path: /nexperience/perfectomobile/wd/hub/session/58e9750c-b4d6-4ed9-a103-01f993e76832][expiry: null] match [(secure)branchtest.perfectomobile.com:443/nexperience/perfectomobile/wd/hub/session/58e9750c-b4d6-4ed9-a103-01f993e76832/element/14/click]
<2017-09-26 13:04:36> DEBUG [o.a.h.c.p.RequestAuthCache] Auth cache not set in the context
<2017-09-26 13:04:36> DEBUG [o.a.h.i.c.PoolingHttpClientConnectionManager] Connection request: [route: {s}->https://branchtest.perfectomobile.com:443][total kept alive: 3; route allocated: 5 of 2000; total allocated: 5 of 2000]
<2017-09-26 13:04:36> DEBUG [o.a.h.i.c.PoolingHttpClientConnectionManager] Connection leased: [id: 0][route: {s}->https://branchtest.perfectomobile.com:443][total kept alive: 2; route allocated: 5 of 2000; total allocated: 5 of 2000]
<2017-09-26 13:04:36> DEBUG [o.a.h.i.execchain.MainClientExec] Stale connection check
<2017-09-26 13:04:36> DEBUG [org.apache.http.wire] http-outgoing-0 << "[read] I/O error: Read timed out"
<2017-09-26 13:04:36> DEBUG [o.a.h.i.c.DefaultManagedHttpClientConnection] http-outgoing-0: set socket timeout to 10800000
<2017-09-26 13:04:36> DEBUG [o.a.h.i.execchain.MainClientExec] Executing request POST /nexperience/perfectomobile/wd/hub/session/58e9750c-b4d6-4ed9-a103-01f993e76832/element/14/click HTTP/1.1
<2017-09-26 13:04:36> DEBUG [o.a.h.i.execchain.MainClientExec] Target auth state: UNCHALLENGED
<2017-09-26 13:04:36> DEBUG [o.a.h.i.execchain.MainClientExec] Proxy auth state: UNCHALLENGED
<2017-09-26 13:04:36> DEBUG [org.apache.http.headers] http-outgoing-0 >> POST /nexperience/perfectomobile/wd/hub/session/58e9750c-b4d6-4ed9-a103-01f993e76832/element/14/click HTTP/1.1
<2017-09-26 13:04:36> DEBUG [org.apache.http.headers] http-outgoing-0 >> Content-Type: application/json; charset=utf-8
<2017-09-26 13:04:36> DEBUG [org.apache.http.headers] http-outgoing-0 >> Content-Length: 11
<2017-09-26 13:04:36> DEBUG [org.apache.http.headers] http-outgoing-0 >> Host: branchtest.perfectomobile.com
<2017-09-26 13:04:36> DEBUG [org.apache.http.headers] http-outgoing-0 >> Connection: Keep-Alive
<2017-09-26 13:04:36> DEBUG [org.apache.http.headers] http-outgoing-0 >> User-Agent: Apache-HttpClient/4.5.2 (Java/1.8.0_121)
<2017-09-26 13:04:36> DEBUG [org.apache.http.headers] http-outgoing-0 >> Cookie: JSESSIONID=F6E28E4994D1584E597DBDFCCCB1737E; fast_failed=true; fast_failed=true
<2017-09-26 13:04:36> DEBUG [org.apache.http.headers] http-outgoing-0 >> Accept-Encoding: gzip,deflate
<2017-09-26 13:04:36> DEBUG [org.apache.http.wire] http-outgoing-0 >> "POST /nexperience/perfectomobile/wd/hub/session/58e9750c-b4d6-4ed9-a103-01f993e76832/element/14/click HTTP/1.1[\r][\n]"
<2017-09-26 13:04:36> DEBUG [org.apache.http.wire] http-outgoing-0 >> "Content-Type: application/json; charset=utf-8[\r][\n]"
<2017-09-26 13:04:36> DEBUG [org.apache.http.wire] http-outgoing-0 >> "Content-Length: 11[\r][\n]"
<2017-09-26 13:04:36> DEBUG [org.apache.http.wire] http-outgoing-0 >> "Host: branchtest.perfectomobile.com[\r][\n]"
<2017-09-26 13:04:36> DEBUG [org.apache.http.wire] http-outgoing-0 >> "Connection: Keep-Alive[\r][\n]"
<2017-09-26 13:04:36> DEBUG [org.apache.http.wire] http-outgoing-0 >> "User-Agent: Apache-HttpClient/4.5.2 (Java/1.8.0_121)[\r][\n]"
<2017-09-26 13:04:36> DEBUG [org.apache.http.wire] http-outgoing-0 >> "Cookie: JSESSIONID=F6E28E4994D1584E597DBDFCCCB1737E; fast_failed=true; fast_failed=true[\r][\n]"
<2017-09-26 13:04:36> DEBUG [org.apache.http.wire] http-outgoing-0 >> "Accept-Encoding: gzip,deflate[\r][\n]"
<2017-09-26 13:04:36> DEBUG [org.apache.http.wire] http-outgoing-0 >> "[\r][\n]"
<2017-09-26 13:04:36> DEBUG [org.apache.http.wire] http-outgoing-0 >> "{"id":"14"}"
<2017-09-26 13:04:37> DEBUG [org.apache.http.wire] http-outgoing-0 << "HTTP/1.1 200 OK[\r][\n]"
<2017-09-26 13:04:37> DEBUG [org.apache.http.wire] http-outgoing-0 << "Server: nginx[\r][\n]"
<2017-09-26 13:04:37> DEBUG [org.apache.http.wire] http-outgoing-0 << "Date: Tue, 26 Sep 2017 10:04:34 GMT[\r][\n]"
<2017-09-26 13:04:37> DEBUG [org.apache.http.wire] http-outgoing-0 << "Content-Type: application/json;charset=utf-8[\r][\n]"
<2017-09-26 13:04:37> DEBUG [org.apache.http.wire] http-outgoing-0 << "Transfer-Encoding: chunked[\r][\n]"
<2017-09-26 13:04:37> DEBUG [org.apache.http.wire] http-outgoing-0 << "Connection: keep-alive[\r][\n]"
<2017-09-26 13:04:37> DEBUG [org.apache.http.wire] http-outgoing-0 << "Set-Cookie: JSESSIONID=F6E28E4994D1584E597DBDFCCCB1737E; Path=/nexperience/; HttpOnly[\r][\n]"
<2017-09-26 13:04:37> DEBUG [org.apache.http.wire] http-outgoing-0 << "Expires: Thu, 01 Jan 1970 00:00:00 GMT[\r][\n]"
<2017-09-26 13:04:37> DEBUG [org.apache.http.wire] http-outgoing-0 << "Cache-Control: no-cache[\r][\n]"
<2017-09-26 13:04:37> DEBUG [org.apache.http.wire] http-outgoing-0 << "Cache-Control: no-cache[\r][\n]"
<2017-09-26 13:04:37> DEBUG [org.apache.http.wire] http-outgoing-0 << "Expires: Thu, 01 Jan 1970 00:00:00 GMT[\r][\n]"
<2017-09-26 13:04:37> DEBUG [org.apache.http.wire] http-outgoing-0 << "Set-Cookie: fast_failed=true[\r][\n]"
<2017-09-26 13:04:37> DEBUG [org.apache.http.wire] http-outgoing-0 << "X-XSS-Protection: 2; mode=block[\r][\n]"
<2017-09-26 13:04:37> DEBUG [org.apache.http.wire] http-outgoing-0 << "Content-Encoding: gzip[\r][\n]"
<2017-09-26 13:04:37> DEBUG [org.apache.http.wire] http-outgoing-0 << "[\r][\n]"
<2017-09-26 13:04:37> DEBUG [org.apache.http.wire] http-outgoing-0 << "96[\r][\n]"
<2017-09-26 13:04:37> DEBUG [org.apache.http.wire] http-outgoing-0 << "[0x1f][0x8b][0x8][0x0][0x0][0x0][0x0][0x0][0x0][0x3]-[0xcc][0xbb][0x12][0xc2] [0x10][0x85][0xe1]w[0xd9][0x1a][0x18]r!@Z+[[0xdf][0x0]a[0xd5][0xcc][0x10]H[0xb2][0xc1][0xc6][0xf1][0xdd][0xdd][0xc2][0xf6][0x9f][0xef][0x9c][0xf][0x10][0x12]-[0xb5]\[0x13][0xcc]`[0x1c]zkt[0x94][0xf7]1Mr[0xc4][0xe4]e[0xe8][0xf4] u[0xf7][0xf0]~@;[0xb9][0xa1][0x7][0x1]t[0x86][0x13][0x99]S[0x8b][0x91][0xd7]\^[0x97][0x9a][0xb8]x[0xe3]{g[0xad][0x9b][0x4][0xbc]Cn\J[0xcb]Y@[0xcc][0x81][0xd9][0xc][0xf5]x[0xaa][0xba]a[0xd9][0x83]"[0xcc]X[0x96][0xb6][0xaa][0x3][0xd7]z[0xa2][0xba]!m[0xb5][0x10][0xfe][0xef][0x1b]s[0xfd][0xfd][0x1][0xa8][0x9d][0x9d][0xc0][0x9e][0x0][0x0][0x0][\r][\n]"
<2017-09-26 13:04:37> DEBUG [org.apache.http.wire] http-outgoing-0 << "0[\r][\n]"
<2017-09-26 13:04:37> DEBUG [org.apache.http.wire] http-outgoing-0 << "[\r][\n]"
<2017-09-26 13:04:37> DEBUG [org.apache.http.headers] http-outgoing-0 << HTTP/1.1 200 OK
<2017-09-26 13:04:37> DEBUG [org.apache.http.headers] http-outgoing-0 << Server: nginx
<2017-09-26 13:04:37> DEBUG [org.apache.http.headers] http-outgoing-0 << Date: Tue, 26 Sep 2017 10:04:34 GMT
<2017-09-26 13:04:37> DEBUG [org.apache.http.headers] http-outgoing-0 << Content-Type: application/json;charset=utf-8
<2017-09-26 13:04:37> DEBUG [org.apache.http.headers] http-outgoing-0 << Transfer-Encoding: chunked
<2017-09-26 13:04:37> DEBUG [org.apache.http.headers] http-outgoing-0 << Connection: keep-alive
<2017-09-26 13:04:37> DEBUG [org.apache.http.headers] http-outgoing-0 << Set-Cookie: JSESSIONID=F6E28E4994D1584E597DBDFCCCB1737E; Path=/nexperience/; HttpOnly
<2017-09-26 13:04:37> DEBUG [org.apache.http.headers] http-outgoing-0 << Expires: Thu, 01 Jan 1970 00:00:00 GMT
<2017-09-26 13:04:37> DEBUG [org.apache.http.headers] http-outgoing-0 << Cache-Control: no-cache
<2017-09-26 13:04:37> DEBUG [org.apache.http.headers] http-outgoing-0 << Cache-Control: no-cache
<2017-09-26 13:04:37> DEBUG [org.apache.http.headers] http-outgoing-0 << Expires: Thu, 01 Jan 1970 00:00:00 GMT
<2017-09-26 13:04:37> DEBUG [org.apache.http.headers] http-outgoing-0 << Set-Cookie: fast_failed=true
<2017-09-26 13:04:37> DEBUG [org.apache.http.headers] http-outgoing-0 << X-XSS-Protection: 2; mode=block
<2017-09-26 13:04:37> DEBUG [org.apache.http.headers] http-outgoing-0 << Content-Encoding: gzip
<2017-09-26 13:04:37> DEBUG [o.a.h.i.execchain.MainClientExec] Connection can be kept alive indefinitely
<2017-09-26 13:04:37> DEBUG [o.a.h.c.p.ResponseProcessCookies] Cookie accepted [JSESSIONID="F6E28E4994D1584E597DBDFCCCB1737E", version:0, domain:branchtest.perfectomobile.com, path:/nexperience/, expiry:null]
<2017-09-26 13:04:37> DEBUG [o.a.h.c.p.ResponseProcessCookies] Cookie accepted [fast_failed="true", version:0, domain:branchtest.perfectomobile.com, path:/nexperience/perfectomobile/wd/hub/session/58e9750c-b4d6-4ed9-a103-01f993e76832/element/14, expiry:null]
<2017-09-26 13:04:37> DEBUG [o.a.h.i.c.PoolingHttpClientConnectionManager] Connection [id: 0][route: {s}->https://branchtest.perfectomobile.com:443] can be kept alive indefinitely
<2017-09-26 13:04:37> DEBUG [o.a.h.i.c.PoolingHttpClientConnectionManager] Connection released: [id: 0][route: {s}->https://branchtest.perfectomobile.com:443][total kept alive: 3; route allocated: 5 of 2000; total allocated: 5 of 2000]
<2017-09-26 13:04:39> DEBUG [o.a.h.c.p.RequestAddCookies] CookieSpec selected: default
<2017-09-26 13:04:39> DEBUG [o.a.h.c.p.RequestAddCookies] Cookie [version: 0][name: JSESSIONID][value: F6E28E4994D1584E597DBDFCCCB1737E][domain: branchtest.perfectomobile.com][path: /nexperience/][expiry: null] match [(secure)branchtest.perfectomobile.com:443/nexperience/perfectomobile/wd/hub/session/0f3f5f1e-acfb-4373-a011-faaf2224e779/execute]
<2017-09-26 13:04:39> DEBUG [o.a.h.c.p.RequestAddCookies] Cookie [version: 0][name: fast_failed][value: true][domain: branchtest.perfectomobile.com][path: /nexperience/perfectomobile/wd/hub][expiry: null] match [(secure)branchtest.perfectomobile.com:443/nexperience/perfectomobile/wd/hub/session/0f3f5f1e-acfb-4373-a011-faaf2224e779/execute]
<2017-09-26 13:04:39> DEBUG [o.a.h.c.p.RequestAddCookies] Cookie [version: 0][name: fast_failed][value: true][domain: branchtest.perfectomobile.com][path: /nexperience/perfectomobile/wd/hub/session/0f3f5f1e-acfb-4373-a011-faaf2224e779][expiry: null] match [(secure)branchtest.perfectomobile.com:443/nexperience/perfectomobile/wd/hub/session/0f3f5f1e-acfb-4373-a011-faaf2224e779/execute]
<2017-09-26 13:04:39> DEBUG [o.a.h.c.p.RequestAuthCache] Auth cache not set in the context
<2017-09-26 13:04:39> DEBUG [o.a.h.i.c.PoolingHttpClientConnectionManager] Connection request: [route: {s}->https://branchtest.perfectomobile.com:443][total kept alive: 3; route allocated: 5 of 2000; total allocated: 5 of 2000]
<2017-09-26 13:04:39> DEBUG [o.a.h.i.c.PoolingHttpClientConnectionManager] Connection leased: [id: 0][route: {s}->https://branchtest.perfectomobile.com:443][total kept alive: 2; route allocated: 5 of 2000; total allocated: 5 of 2000]
<2017-09-26 13:04:39> DEBUG [o.a.h.i.execchain.MainClientExec] Stale connection check
<2017-09-26 13:04:39> DEBUG [org.apache.http.wire] http-outgoing-0 << "[read] I/O error: Read timed out"
<2017-09-26 13:04:39> DEBUG [o.a.h.i.c.DefaultManagedHttpClientConnection] http-outgoing-0: set socket timeout to 10800000
<2017-09-26 13:04:39> DEBUG [o.a.h.i.execchain.MainClientExec] Executing request POST /nexperience/perfectomobile/wd/hub/session/0f3f5f1e-acfb-4373-a011-faaf2224e779/execute HTTP/1.1
<2017-09-26 13:04:39> DEBUG [o.a.h.i.execchain.MainClientExec] Target auth state: UNCHALLENGED
<2017-09-26 13:04:39> DEBUG [o.a.h.i.execchain.MainClientExec] Proxy auth state: UNCHALLENGED
<2017-09-26 13:04:39> DEBUG [org.apache.http.headers] http-outgoing-0 >> POST /nexperience/perfectomobile/wd/hub/session/0f3f5f1e-acfb-4373-a011-faaf2224e779/execute HTTP/1.1
<2017-09-26 13:04:39> DEBUG [org.apache.http.headers] http-outgoing-0 >> Content-Type: application/json; charset=utf-8
<2017-09-26 13:04:39> DEBUG [org.apache.http.headers] http-outgoing-0 >> Content-Length: 54
<2017-09-26 13:04:39> DEBUG [org.apache.http.headers] http-outgoing-0 >> Host: branchtest.perfectomobile.com
<2017-09-26 13:04:39> DEBUG [org.apache.http.headers] http-outgoing-0 >> Connection: Keep-Alive
<2017-09-26 13:04:39> DEBUG [org.apache.http.headers] http-outgoing-0 >> User-Agent: Apache-HttpClient/4.5.2 (Java/1.8.0_121)
<2017-09-26 13:04:39> DEBUG [org.apache.http.headers] http-outgoing-0 >> Cookie: JSESSIONID=F6E28E4994D1584E597DBDFCCCB1737E; fast_failed=true; fast_failed=true
<2017-09-26 13:04:39> DEBUG [org.apache.http.headers] http-outgoing-0 >> Accept-Encoding: gzip,deflate
<2017-09-26 13:04:39> DEBUG [org.apache.http.wire] http-outgoing-0 >> "POST /nexperience/perfectomobile/wd/hub/session/0f3f5f1e-acfb-4373-a011-faaf2224e779/execute HTTP/1.1[\r][\n]"
<2017-09-26 13:04:39> DEBUG [org.apache.http.wire] http-outgoing-0 >> "Content-Type: application/json; charset=utf-8[\r][\n]"
<2017-09-26 13:04:39> DEBUG [org.apache.http.wire] http-outgoing-0 >> "Content-Length: 54[\r][\n]"
<2017-09-26 13:04:39> DEBUG [org.apache.http.wire] http-outgoing-0 >> "Host: branchtest.perfectomobile.com[\r][\n]"
<2017-09-26 13:04:39> DEBUG [org.apache.http.wire] http-outgoing-0 >> "Connection: Keep-Alive[\r][\n]"
<2017-09-26 13:04:39> DEBUG [org.apache.http.wire] http-outgoing-0 >> "User-Agent: Apache-HttpClient/4.5.2 (Java/1.8.0_121)[\r][\n]"
<2017-09-26 13:04:39> DEBUG [org.apache.http.wire] http-outgoing-0 >> "Cookie: JSESSIONID=F6E28E4994D1584E597DBDFCCCB1737E; fast_failed=true; fast_failed=true[\r][\n]"
<2017-09-26 13:04:39> DEBUG [org.apache.http.wire] http-outgoing-0 >> "Accept-Encoding: gzip,deflate[\r][\n]"
<2017-09-26 13:04:39> DEBUG [org.apache.http.wire] http-outgoing-0 >> "[\r][\n]"
<2017-09-26 13:04:39> DEBUG [org.apache.http.wire] http-outgoing-0 >> "{"script":"mobile:step:end","args":[{"message":null}]}"
<2017-09-26 13:04:40> DEBUG [org.apache.http.wire] http-outgoing-0 << "HTTP/1.1 200 OK[\r][\n]"
<2017-09-26 13:04:40> DEBUG [org.apache.http.wire] http-outgoing-0 << "Server: nginx[\r][\n]"
<2017-09-26 13:04:40> DEBUG [org.apache.http.wire] http-outgoing-0 << "Date: Tue, 26 Sep 2017 10:04:36 GMT[\r][\n]"
<2017-09-26 13:04:40> DEBUG [org.apache.http.wire] http-outgoing-0 << "Content-Type: application/json;charset=utf-8[\r][\n]"
<2017-09-26 13:04:40> DEBUG [org.apache.http.wire] http-outgoing-0 << "Transfer-Encoding: chunked[\r][\n]"
<2017-09-26 13:04:40> DEBUG [org.apache.http.wire] http-outgoing-0 << "Connection: keep-alive[\r][\n]"
<2017-09-26 13:04:40> DEBUG [org.apache.http.wire] http-outgoing-0 << "Set-Cookie: JSESSIONID=F6E28E4994D1584E597DBDFCCCB1737E; Path=/nexperience/; HttpOnly[\r][\n]"
<2017-09-26 13:04:40> DEBUG [org.apache.http.wire] http-outgoing-0 << "Expires: Thu, 01 Jan 1970 00:00:00 GMT[\r][\n]"
<2017-09-26 13:04:40> DEBUG [org.apache.http.wire] http-outgoing-0 << "Cache-Control: no-cache[\r][\n]"
<2017-09-26 13:04:40> DEBUG [org.apache.http.wire] http-outgoing-0 << "Cache-Control: no-cache[\r][\n]"
<2017-09-26 13:04:40> DEBUG [org.apache.http.wire] http-outgoing-0 << "Expires: Thu, 01 Jan 1970 00:00:00 GMT[\r][\n]"
<2017-09-26 13:04:40> DEBUG [org.apache.http.wire] http-outgoing-0 << "Set-Cookie: fast_failed=true[\r][\n]"
<2017-09-26 13:04:40> DEBUG [org.apache.http.wire] http-outgoing-0 << "X-XSS-Protection: 2; mode=block[\r][\n]"
<2017-09-26 13:04:40> DEBUG [org.apache.http.wire] http-outgoing-0 << "Content-Encoding: gzip[\r][\n]"
<2017-09-26 13:04:40> DEBUG [org.apache.http.wire] http-outgoing-0 << "[\r][\n]"
<2017-09-26 13:04:40> DEBUG [org.apache.http.wire] http-outgoing-0 << "96[\r][\n]"
<2017-09-26 13:04:40> DEBUG [org.apache.http.wire] http-outgoing-0 << "[0x1f][0x8b][0x8][0x0][0x0][0x0][0x0][0x0][0x0][0x3]-[0xcc];[0xe][0xc2]0[0x10]E[0xd1][0xbd]L[0x1d][[0xfe]$X[0xa4][0xa5][0xa2]e[0x7][0x83]3[0x86]H[0x8e][0x1d]26[\r]b[0xef]LA{u[0xde][0xfb][0x0][0x13][0xf3]Z[0xcb]u[0x81][0x19]L[0xf2]iJ[0x96][0x14][0xc6]tW[0xa3][0xf]^[0xa1][0xb1]V%[0xc4][0xe4][0x9c][0x1b])[0x84]3[0xc][0xc0][\r][0x1b][0x9][0xe7][0x1e][0xa3][0xac][0xa5]</u[0x91]b[0xfd][0xc9][0xb8][0xd1][0x9b]0[\r][0xf0][0xc6][0xdc]%[0x95][0x9e][0xf3][0x0]1[0xa3][0xb8][0x19][0xea][0xf1][0xd0]u[0xa7][0xf2]B[0xcd][0x94][0xa9][0xac]}[0xd3][0x7]m[0xb5][0x91][0xbe][0x11][0xef][0xb5]0[0xfd][0xff][0xbb]p[0xf3][0xfd][0x1]b1[0xcc][0xcd][0x9f][0x0][0x0][0x0][\r][\n]"
<2017-09-26 13:04:40> DEBUG [org.apache.http.wire] http-outgoing-0 << "0[\r][\n]"
<2017-09-26 13:04:40> DEBUG [org.apache.http.wire] http-outgoing-0 << "[\r][\n]"
<2017-09-26 13:04:40> DEBUG [org.apache.http.headers] http-outgoing-0 << HTTP/1.1 200 OK
<2017-09-26 13:04:40> DEBUG [org.apache.http.headers] http-outgoing-0 << Server: nginx
<2017-09-26 13:04:40> DEBUG [org.apache.http.headers] http-outgoing-0 << Date: Tue, 26 Sep 2017 10:04:36 GMT
<2017-09-26 13:04:40> DEBUG [org.apache.http.headers] http-outgoing-0 << Content-Type: application/json;charset=utf-8
<2017-09-26 13:04:40> DEBUG [org.apache.http.headers] http-outgoing-0 << Transfer-Encoding: chunked
<2017-09-26 13:04:40> DEBUG [org.apache.http.headers] http-outgoing-0 << Connection: keep-alive
<2017-09-26 13:04:40> DEBUG [org.apache.http.headers] http-outgoing-0 << Set-Cookie: JSESSIONID=F6E28E4994D1584E597DBDFCCCB1737E; Path=/nexperience/; HttpOnly
<2017-09-26 13:04:40> DEBUG [org.apache.http.headers] http-outgoing-0 << Expires: Thu, 01 Jan 1970 00:00:00 GMT
<2017-09-26 13:04:40> DEBUG [org.apache.http.headers] http-outgoing-0 << Cache-Control: no-cache
<2017-09-26 13:04:40> DEBUG [org.apache.http.headers] http-outgoing-0 << Cache-Control: no-cache
<2017-09-26 13:04:40> DEBUG [org.apache.http.headers] http-outgoing-0 << Expires: Thu, 01 Jan 1970 00:00:00 GMT
<2017-09-26 13:04:40> DEBUG [org.apache.http.headers] http-outgoing-0 << Set-Cookie: fast_failed=true
<2017-09-26 13:04:40> DEBUG [org.apache.http.headers] http-outgoing-0 << X-XSS-Protection: 2; mode=block
<2017-09-26 13:04:40> DEBUG [org.apache.http.headers] http-outgoing-0 << Content-Encoding: gzip
<2017-09-26 13:04:40> DEBUG [o.a.h.i.execchain.MainClientExec] Connection can be kept alive indefinitely
<2017-09-26 13:04:40> DEBUG [o.a.h.c.p.ResponseProcessCookies] Cookie accepted [JSESSIONID="F6E28E4994D1584E597DBDFCCCB1737E", version:0, domain:branchtest.perfectomobile.com, path:/nexperience/, expiry:null]
<2017-09-26 13:04:40> DEBUG [o.a.h.c.p.ResponseProcessCookies] Cookie accepted [fast_failed="true", version:0, domain:branchtest.perfectomobile.com, path:/nexperience/perfectomobile/wd/hub/session/0f3f5f1e-acfb-4373-a011-faaf2224e779, expiry:null]
<2017-09-26 13:04:40> DEBUG [o.a.h.i.c.PoolingHttpClientConnectionManager] Connection [id: 0][route: {s}->https://branchtest.perfectomobile.com:443] can be kept alive indefinitely
<2017-09-26 13:04:40> DEBUG [o.a.h.i.c.PoolingHttpClientConnectionManager] Connection released: [id: 0][route: {s}->https://branchtest.perfectomobile.com:443][total kept alive: 3; route allocated: 5 of 2000; total allocated: 5 of 2000]
<2017-09-26 13:04:40> DEBUG [o.a.h.c.p.RequestAddCookies] CookieSpec selected: default
<2017-09-26 13:04:40> DEBUG [o.a.h.c.p.RequestAddCookies] Cookie [version: 0][name: JSESSIONID][value: F6E28E4994D1584E597DBDFCCCB1737E][domain: branchtest.perfectomobile.com][path: /nexperience/][expiry: null] match [(secure)branchtest.perfectomobile.com:443/nexperience/perfectomobile/wd/hub/session/0f3f5f1e-acfb-4373-a011-faaf2224e779/execute]
<2017-09-26 13:04:40> DEBUG [o.a.h.c.p.RequestAddCookies] Cookie [version: 0][name: fast_failed][value: true][domain: branchtest.perfectomobile.com][path: /nexperience/perfectomobile/wd/hub][expiry: null] match [(secure)branchtest.perfectomobile.com:443/nexperience/perfectomobile/wd/hub/session/0f3f5f1e-acfb-4373-a011-faaf2224e779/execute]
<2017-09-26 13:04:40> DEBUG [o.a.h.c.p.RequestAddCookies] Cookie [version: 0][name: fast_failed][value: true][domain: branchtest.perfectomobile.com][path: /nexperience/perfectomobile/wd/hub/session/0f3f5f1e-acfb-4373-a011-faaf2224e779][expiry: null] match [(secure)branchtest.perfectomobile.com:443/nexperience/perfectomobile/wd/hub/session/0f3f5f1e-acfb-4373-a011-faaf2224e779/execute]
<2017-09-26 13:04:40> DEBUG [o.a.h.c.p.RequestAuthCache] Auth cache not set in the context
<2017-09-26 13:04:40> DEBUG [o.a.h.i.c.PoolingHttpClientConnectionManager] Connection request: [route: {s}->https://branchtest.perfectomobile.com:443][total kept alive: 3; route allocated: 5 of 2000; total allocated: 5 of 2000]
<2017-09-26 13:04:40> DEBUG [o.a.h.i.c.PoolingHttpClientConnectionManager] Connection leased: [id: 0][route: {s}->https://branchtest.perfectomobile.com:443][total kept alive: 2; route allocated: 5 of 2000; total allocated: 5 of 2000]
<2017-09-26 13:04:40> DEBUG [o.a.h.i.execchain.MainClientExec] Stale connection check
<2017-09-26 13:04:40> DEBUG [org.apache.http.wire] http-outgoing-0 << "[read] I/O error: Read timed out"
<2017-09-26 13:04:40> DEBUG [o.a.h.i.c.DefaultManagedHttpClientConnection] http-outgoing-0: set socket timeout to 10800000
<2017-09-26 13:04:40> DEBUG [o.a.h.i.execchain.MainClientExec] Executing request POST /nexperience/perfectomobile/wd/hub/session/0f3f5f1e-acfb-4373-a011-faaf2224e779/execute HTTP/1.1
<2017-09-26 13:04:40> DEBUG [o.a.h.i.execchain.MainClientExec] Target auth state: UNCHALLENGED
<2017-09-26 13:04:40> DEBUG [o.a.h.i.execchain.MainClientExec] Proxy auth state: UNCHALLENGED
<2017-09-26 13:04:40> DEBUG [org.apache.http.headers] http-outgoing-0 >> POST /nexperience/perfectomobile/wd/hub/session/0f3f5f1e-acfb-4373-a011-faaf2224e779/execute HTTP/1.1
<2017-09-26 13:04:40> DEBUG [org.apache.http.headers] http-outgoing-0 >> Content-Type: application/json; charset=utf-8
<2017-09-26 13:04:40> DEBUG [org.apache.http.headers] http-outgoing-0 >> Content-Length: 54
<2017-09-26 13:04:40> DEBUG [org.apache.http.headers] http-outgoing-0 >> Host: branchtest.perfectomobile.com
<2017-09-26 13:04:40> DEBUG [org.apache.http.headers] http-outgoing-0 >> Connection: Keep-Alive
<2017-09-26 13:04:40> DEBUG [org.apache.http.headers] http-outgoing-0 >> User-Agent: Apache-HttpClient/4.5.2 (Java/1.8.0_121)
<2017-09-26 13:04:40> DEBUG [org.apache.http.headers] http-outgoing-0 >> Cookie: JSESSIONID=F6E28E4994D1584E597DBDFCCCB1737E; fast_failed=true; fast_failed=true
<2017-09-26 13:04:40> DEBUG [org.apache.http.headers] http-outgoing-0 >> Accept-Encoding: gzip,deflate
<2017-09-26 13:04:40> DEBUG [org.apache.http.wire] http-outgoing-0 >> "POST /nexperience/perfectomobile/wd/hub/session/0f3f5f1e-acfb-4373-a011-faaf2224e779/execute HTTP/1.1[\r][\n]"
<2017-09-26 13:04:40> DEBUG [org.apache.http.wire] http-outgoing-0 >> "Content-Type: application/json; charset=utf-8[\r][\n]"
<2017-09-26 13:04:40> DEBUG [org.apache.http.wire] http-outgoing-0 >> "Content-Length: 54[\r][\n]"
<2017-09-26 13:04:40> DEBUG [org.apache.http.wire] http-outgoing-0 >> "Host: branchtest.perfectomobile.com[\r][\n]"
<2017-09-26 13:04:40> DEBUG [org.apache.http.wire] http-outgoing-0 >> "Connection: Keep-Alive[\r][\n]"
<2017-09-26 13:04:40> DEBUG [org.apache.http.wire] http-outgoing-0 >> "User-Agent: Apache-HttpClient/4.5.2 (Java/1.8.0_121)[\r][\n]"
<2017-09-26 13:04:40> DEBUG [org.apache.http.wire] http-outgoing-0 >> "Cookie: JSESSIONID=F6E28E4994D1584E597DBDFCCCB1737E; fast_failed=true; fast_failed=true[\r][\n]"
<2017-09-26 13:04:40> DEBUG [org.apache.http.wire] http-outgoing-0 >> "Accept-Encoding: gzip,deflate[\r][\n]"
<2017-09-26 13:04:40> DEBUG [org.apache.http.wire] http-outgoing-0 >> "[\r][\n]"
<2017-09-26 13:04:40> DEBUG [org.apache.http.wire] http-outgoing-0 >> "{"script":"mobile:test:end","args":[{"success":true}]}"
<2017-09-26 13:04:40> DEBUG [o.a.h.c.p.RequestAddCookies] CookieSpec selected: default
<2017-09-26 13:04:40> DEBUG [o.a.h.c.p.RequestAddCookies] Cookie [version: 0][name: JSESSIONID][value: F6E28E4994D1584E597DBDFCCCB1737E][domain: branchtest.perfectomobile.com][path: /nexperience/][expiry: null] match [(secure)branchtest.perfectomobile.com:443/nexperience/perfectomobile/wd/hub/session/ce68b120-6696-4a5d-8938-7cf4bbe88319/execute]
<2017-09-26 13:04:40> DEBUG [o.a.h.c.p.RequestAddCookies] Cookie [version: 0][name: fast_failed][value: true][domain: branchtest.perfectomobile.com][path: /nexperience/perfectomobile/wd/hub][expiry: null] match [(secure)branchtest.perfectomobile.com:443/nexperience/perfectomobile/wd/hub/session/ce68b120-6696-4a5d-8938-7cf4bbe88319/execute]
<2017-09-26 13:04:40> DEBUG [o.a.h.c.p.RequestAddCookies] Cookie [version: 0][name: fast_failed][value: true][domain: branchtest.perfectomobile.com][path: /nexperience/perfectomobile/wd/hub/session/ce68b120-6696-4a5d-8938-7cf4bbe88319][expiry: null] match [(secure)branchtest.perfectomobile.com:443/nexperience/perfectomobile/wd/hub/session/ce68b120-6696-4a5d-8938-7cf4bbe88319/execute]
<2017-09-26 13:04:40> DEBUG [o.a.h.c.p.RequestAuthCache] Auth cache not set in the context
<2017-09-26 13:04:40> DEBUG [o.a.h.i.c.PoolingHttpClientConnectionManager] Connection request: [route: {s}->https://branchtest.perfectomobile.com:443][total kept alive: 2; route allocated: 5 of 2000; total allocated: 5 of 2000]
<2017-09-26 13:04:40> DEBUG [org.apache.http.wire] http-outgoing-4 << "[read] I/O error: Read timed out"
<2017-09-26 13:04:40> DEBUG [o.a.h.i.c.PoolingHttpClientConnectionManager] Connection leased: [id: 4][route: {s}->https://branchtest.perfectomobile.com:443][total kept alive: 1; route allocated: 5 of 2000; total allocated: 5 of 2000]
<2017-09-26 13:04:40> DEBUG [o.a.h.i.execchain.MainClientExec] Stale connection check
<2017-09-26 13:04:40> DEBUG [org.apache.http.wire] http-outgoing-4 << "[read] I/O error: Read timed out"
<2017-09-26 13:04:40> DEBUG [o.a.h.i.c.DefaultManagedHttpClientConnection] http-outgoing-4: set socket timeout to 10800000
<2017-09-26 13:04:40> DEBUG [o.a.h.i.execchain.MainClientExec] Executing request POST /nexperience/perfectomobile/wd/hub/session/ce68b120-6696-4a5d-8938-7cf4bbe88319/execute HTTP/1.1
<2017-09-26 13:04:40> DEBUG [o.a.h.i.execchain.MainClientExec] Target auth state: UNCHALLENGED
<2017-09-26 13:04:40> DEBUG [o.a.h.i.execchain.MainClientExec] Proxy auth state: UNCHALLENGED
<2017-09-26 13:04:40> DEBUG [org.apache.http.headers] http-outgoing-4 >> POST /nexperience/perfectomobile/wd/hub/session/ce68b120-6696-4a5d-8938-7cf4bbe88319/execute HTTP/1.1
<2017-09-26 13:04:40> DEBUG [org.apache.http.headers] http-outgoing-4 >> Content-Type: application/json; charset=utf-8
<2017-09-26 13:04:40> DEBUG [org.apache.http.headers] http-outgoing-4 >> Content-Length: 54
<2017-09-26 13:04:40> DEBUG [org.apache.http.headers] http-outgoing-4 >> Host: branchtest.perfectomobile.com
<2017-09-26 13:04:40> DEBUG [org.apache.http.headers] http-outgoing-4 >> Connection: Keep-Alive
<2017-09-26 13:04:40> DEBUG [org.apache.http.headers] http-outgoing-4 >> User-Agent: Apache-HttpClient/4.5.2 (Java/1.8.0_121)
<2017-09-26 13:04:40> DEBUG [org.apache.http.headers] http-outgoing-4 >> Cookie: JSESSIONID=F6E28E4994D1584E597DBDFCCCB1737E; fast_failed=true; fast_failed=true
<2017-09-26 13:04:40> DEBUG [org.apache.http.headers] http-outgoing-4 >> Accept-Encoding: gzip,deflate
<2017-09-26 13:04:40> DEBUG [org.apache.http.wire] http-outgoing-4 >> "POST /nexperience/perfectomobile/wd/hub/session/ce68b120-6696-4a5d-8938-7cf4bbe88319/execute HTTP/1.1[\r][\n]"
<2017-09-26 13:04:40> DEBUG [org.apache.http.wire] http-outgoing-4 >> "Content-Type: application/json; charset=utf-8[\r][\n]"
<2017-09-26 13:04:40> DEBUG [org.apache.http.wire] http-outgoing-4 >> "Content-Length: 54[\r][\n]"
<2017-09-26 13:04:40> DEBUG [org.apache.http.wire] http-outgoing-4 >> "Host: branchtest.perfectomobile.com[\r][\n]"
<2017-09-26 13:04:40> DEBUG [org.apache.http.wire] http-outgoing-4 >> "Connection: Keep-Alive[\r][\n]"
<2017-09-26 13:04:40> DEBUG [org.apache.http.wire] http-outgoing-4 >> "User-Agent: Apache-HttpClient/4.5.2 (Java/1.8.0_121)[\r][\n]"
<2017-09-26 13:04:40> DEBUG [org.apache.http.wire] http-outgoing-4 >> "Cookie: JSESSIONID=F6E28E4994D1584E597DBDFCCCB1737E; fast_failed=true; fast_failed=true[\r][\n]"
<2017-09-26 13:04:40> DEBUG [org.apache.http.wire] http-outgoing-4 >> "Accept-Encoding: gzip,deflate[\r][\n]"
<2017-09-26 13:04:40> DEBUG [org.apache.http.wire] http-outgoing-4 >> "[\r][\n]"
<2017-09-26 13:04:40> DEBUG [org.apache.http.wire] http-outgoing-4 >> "{"script":"mobile:step:end","args":[{"message":null}]}"
<2017-09-26 13:04:40> DEBUG [org.apache.http.wire] http-outgoing-0 << "HTTP/1.1 200 OK[\r][\n]"
<2017-09-26 13:04:40> DEBUG [org.apache.http.wire] http-outgoing-0 << "Server: nginx[\r][\n]"
<2017-09-26 13:04:40> DEBUG [org.apache.http.wire] http-outgoing-0 << "Date: Tue, 26 Sep 2017 10:04:36 GMT[\r][\n]"
<2017-09-26 13:04:40> DEBUG [org.apache.http.wire] http-outgoing-0 << "Content-Type: application/json;charset=utf-8[\r][\n]"
<2017-09-26 13:04:40> DEBUG [org.apache.http.wire] http-outgoing-0 << "Transfer-Encoding: chunked[\r][\n]"
<2017-09-26 13:04:40> DEBUG [org.apache.http.wire] http-outgoing-0 << "Connection: keep-alive[\r][\n]"
<2017-09-26 13:04:40> DEBUG [org.apache.http.wire] http-outgoing-0 << "Set-Cookie: JSESSIONID=F6E28E4994D1584E597DBDFCCCB1737E; Path=/nexperience/; HttpOnly[\r][\n]"
<2017-09-26 13:04:40> DEBUG [org.apache.http.wire] http-outgoing-0 << "Expires: Thu, 01 Jan 1970 00:00:00 GMT[\r][\n]"
<2017-09-26 13:04:40> DEBUG [org.apache.http.wire] http-outgoing-0 << "Cache-Control: no-cache[\r][\n]"
<2017-09-26 13:04:40> DEBUG [org.apache.http.wire] http-outgoing-0 << "Cache-Control: no-cache[\r][\n]"
<2017-09-26 13:04:40> DEBUG [org.apache.http.wire] http-outgoing-0 << "Expires: Thu, 01 Jan 1970 00:00:00 GMT[\r][\n]"
<2017-09-26 13:04:40> DEBUG [org.apache.http.wire] http-outgoing-0 << "Set-Cookie: fast_failed=true[\r][\n]"
<2017-09-26 13:04:40> DEBUG [org.apache.http.wire] http-outgoing-0 << "X-XSS-Protection: 2; mode=block[\r][\n]"
<2017-09-26 13:04:40> DEBUG [org.apache.http.wire] http-outgoing-0 << "Content-Encoding: gzip[\r][\n]"
<2017-09-26 13:04:40> DEBUG [org.apache.http.wire] http-outgoing-0 << "[\r][\n]"
<2017-09-26 13:04:40> DEBUG [org.apache.http.wire] http-outgoing-0 << "96[\r][\n]"
<2017-09-26 13:04:40> DEBUG [org.apache.http.wire] http-outgoing-0 << "[0x1f][0x8b][0x8][0x0][0x0][0x0][0x0][0x0][0x0][0x3]-[0xcc]1[0x12][0xc2] [0x10][0x85][0xe1][0xbb]l[\r][0xc][0x90]d0i[0xad]l[0xbd][0xc1]J[0x16][0xcd][0xc][0x81]$[0x1b]l[0x1c][0xef][0xee][0x16][0xb6][0xff]|[0xef]}[0x80][0x89]y[0xa9][0xe5]6[0xc3][0x4]6uiH[0x8e]4[0xc6][0xf4][0xd0]}[0x17]:[0x8d][0xd6]9[0x9d][0x10][0x93][0xf7][0xbe][0xa7][0x10]FP[0xc0]'[0x9e]$[0x9c][[0x8c][0xb2][0x96][0xf2][0xba][0xd6]Y[0x8a][0xb7][0x97][0xd1][\r][0xd6][0xf7][0xa3][0x82]7[0xe6]&[0xa9][0xb4][0x9c][0x15][0xc4][0x8c][0xe2]&[0xa8][0xc7][0xd3][0xd4][0x8d][0xca][0x8e][0x86])SY[0xda]j[0xe]Z[0xeb]I[0xe6]N[0xbc][0xd5][0xc2][0xf4][0xff]o[0xc2][0xed][0xf7][0x7][0xca][0x12]O[0xc8][0x9f][0x0][0x0][0x0][\r][\n]"
<2017-09-26 13:04:40> DEBUG [org.apache.http.wire] http-outgoing-0 << "0[\r][\n]"
<2017-09-26 13:04:40> DEBUG [org.apache.http.wire] http-outgoing-0 << "[\r][\n]"
<2017-09-26 13:04:40> DEBUG [org.apache.http.headers] http-outgoing-0 << HTTP/1.1 200 OK
<2017-09-26 13:04:40> DEBUG [org.apache.http.headers] http-outgoing-0 << Server: nginx
<2017-09-26 13:04:40> DEBUG [org.apache.http.headers] http-outgoing-0 << Date: Tue, 26 Sep 2017 10:04:36 GMT
<2017-09-26 13:04:40> DEBUG [org.apache.http.headers] http-outgoing-0 << Content-Type: application/json;charset=utf-8
<2017-09-26 13:04:40> DEBUG [org.apache.http.headers] http-outgoing-0 << Transfer-Encoding: chunked
<2017-09-26 13:04:40> DEBUG [org.apache.http.headers] http-outgoing-0 << Connection: keep-alive
<2017-09-26 13:04:40> DEBUG [org.apache.http.headers] http-outgoing-0 << Set-Cookie: JSESSIONID=F6E28E4994D1584E597DBDFCCCB1737E; Path=/nexperience/; HttpOnly
<2017-09-26 13:04:40> DEBUG [org.apache.http.headers] http-outgoing-0 << Expires: Thu, 01 Jan 1970 00:00:00 GMT
<2017-09-26 13:04:40> DEBUG [org.apache.http.headers] http-outgoing-0 << Cache-Control: no-cache
<2017-09-26 13:04:40> DEBUG [org.apache.http.headers] http-outgoing-0 << Cache-Control: no-cache
<2017-09-26 13:04:40> DEBUG [org.apache.http.headers] http-outgoing-0 << Expires: Thu, 01 Jan 1970 00:00:00 GMT
<2017-09-26 13:04:40> DEBUG [org.apache.http.headers] http-outgoing-0 << Set-Cookie: fast_failed=true
<2017-09-26 13:04:40> DEBUG [org.apache.http.headers] http-outgoing-0 << X-XSS-Protection: 2; mode=block
<2017-09-26 13:04:40> DEBUG [org.apache.http.headers] http-outgoing-0 << Content-Encoding: gzip
<2017-09-26 13:04:40> DEBUG [o.a.h.i.execchain.MainClientExec] Connection can be kept alive indefinitely
<2017-09-26 13:04:40> DEBUG [o.a.h.c.p.ResponseProcessCookies] Cookie accepted [JSESSIONID="F6E28E4994D1584E597DBDFCCCB1737E", version:0, domain:branchtest.perfectomobile.com, path:/nexperience/, expiry:null]
<2017-09-26 13:04:40> DEBUG [o.a.h.c.p.ResponseProcessCookies] Cookie accepted [fast_failed="true", version:0, domain:branchtest.perfectomobile.com, path:/nexperience/perfectomobile/wd/hub/session/0f3f5f1e-acfb-4373-a011-faaf2224e779, expiry:null]
<2017-09-26 13:04:40> DEBUG [o.a.h.i.c.PoolingHttpClientConnectionManager] Connection [id: 0][route: {s}->https://branchtest.perfectomobile.com:443] can be kept alive indefinitely
<2017-09-26 13:04:40> DEBUG [o.a.h.i.c.PoolingHttpClientConnectionManager] Connection released: [id: 0][route: {s}->https://branchtest.perfectomobile.com:443][total kept alive: 2; route allocated: 5 of 2000; total allocated: 5 of 2000]
Report URL:https://branchtest.reporting.perfectomobile.com?externalId[0]=lirona@perfectomobile.com_ParallelWeb_17-09-26_10_01_49_147&_timestamp[0]=1506420109305
Capabilities [{reportPdfUrl=https://branchtest.reporting.perfectomobile.com/export/api/v1/test-executions/pdf?externalId[0]=lirona@perfectomobile.com_ParallelWeb_17-09-26_10_01_49_147&_timestamp[0]=1506420109306, deviceName=1_B831FC95-F6C3-498F-B7E4-1CEE2F2110EC, platform=ANY, password=, platformVersion=10, browserVersion=latest, host=branchtest.perfectomobile.com, singleTestReportUrl=https://branchtest.reporting.perfectomobile.com?externalId[0]=lirona@perfectomobile.com_ParallelWeb_17-09-26_10_01_49_147&_timestamp[0]=1506420109305, browserName=Firefox, takesScreenshot=true, javascriptEnabled=true, platformName=Windows, rotatable=true, testGridReportUrl=https://branchtest.reporting.perfectomobile.com?externalId[0]=lirona@perfectomobile.com_ParallelWeb_17-09-26_10_01_49_147&_timestamp[0]=1506420109305, entityType=remote_web_driver, serverConnector=, securityToken=, executionId=lirona@perfectomobile.com_ParallelWeb_17-09-26_10_01_49_147, webdriver.remote.sessionid=0f3f5f1e-acfb-4373-a011-faaf2224e779, locationContextEnabled=true, scriptName=ParallelWeb, location=null, reportKey=lirona@perfectomobile.com_ParallelWeb_17-09-26_10_01_49_147, windTunnelReportUrl=https://branchtest.reporting.perfectomobile.com?externalId[0]=lirona@perfectomobile.com_ParallelWeb_17-09-26_10_01_49_147&_timestamp[0]=1506420109305, user=, cssSelectorsEnabled=true}]
Way2automation flow ended
<2017-09-26 13:05:20> DEBUG [o.a.h.c.p.RequestAddCookies] CookieSpec selected: default
<2017-09-26 13:05:20> DEBUG [o.a.h.c.p.RequestAddCookies] Cookie [version: 0][name: JSESSIONID][value: F6E28E4994D1584E597DBDFCCCB1737E][domain: branchtest.perfectomobile.com][path: /nexperience/][expiry: null] match [(secure)branchtest.perfectomobile.com:443/nexperience/perfectomobile/wd/hub/session/0bb5ccaf-7de4-4682-9e6c-c5841ee5c6a7/url]
<2017-09-26 13:05:20> DEBUG [o.a.h.c.p.RequestAddCookies] Cookie [version: 0][name: fast_failed][value: true][domain: branchtest.perfectomobile.com][path: /nexperience/perfectomobile/wd/hub][expiry: null] match [(secure)branchtest.perfectomobile.com:443/nexperience/perfectomobile/wd/hub/session/0bb5ccaf-7de4-4682-9e6c-c5841ee5c6a7/url]
<2017-09-26 13:05:20> DEBUG [o.a.h.c.p.RequestAddCookies] Cookie [version: 0][name: fast_failed][value: true][domain: branchtest.perfectomobile.com][path: /nexperience/perfectomobile/wd/hub/session][expiry: null] match [(secure)branchtest.perfectomobile.com:443/nexperience/perfectomobile/wd/hub/session/0bb5ccaf-7de4-4682-9e6c-c5841ee5c6a7/url]
<2017-09-26 13:05:20> DEBUG [o.a.h.c.p.RequestAddCookies] Cookie [version: 0][name: fast_failed][value: true][domain: branchtest.perfectomobile.com][path: /nexperience/perfectomobile/wd/hub/session/0bb5ccaf-7de4-4682-9e6c-c5841ee5c6a7][expiry: null] match [(secure)branchtest.perfectomobile.com:443/nexperience/perfectomobile/wd/hub/session/0bb5ccaf-7de4-4682-9e6c-c5841ee5c6a7/url]
<2017-09-26 13:05:20> DEBUG [o.a.h.c.p.RequestAuthCache] Auth cache not set in the context
<2017-09-26 13:05:20> DEBUG [o.a.h.i.c.PoolingHttpClientConnectionManager] Connection request: [route: {s}->https://branchtest.perfectomobile.com:443][total kept alive: 1; route allocated: 3 of 2000; total allocated: 3 of 2000]
<2017-09-26 13:05:20> DEBUG [o.a.h.i.c.PoolingHttpClientConnectionManager] Connection leased: [id: 6][route: {s}->https://branchtest.perfectomobile.com:443][total kept alive: 0; route allocated: 3 of 2000; total allocated: 3 of 2000]
<2017-09-26 13:05:20> DEBUG [o.a.h.i.execchain.MainClientExec] Stale connection check
<2017-09-26 13:05:20> DEBUG [org.apache.http.wire] http-outgoing-6 << "[read] I/O error: Read timed out"
<2017-09-26 13:05:20> DEBUG [o.a.h.i.c.DefaultManagedHttpClientConnection] http-outgoing-6: set socket timeout to 10800000
<2017-09-26 13:05:20> DEBUG [o.a.h.i.execchain.MainClientExec] Executing request POST /nexperience/perfectomobile/wd/hub/session/0bb5ccaf-7de4-4682-9e6c-c5841ee5c6a7/url HTTP/1.1
<2017-09-26 13:05:20> DEBUG [o.a.h.i.execchain.MainClientExec] Target auth state: UNCHALLENGED
<2017-09-26 13:05:20> DEBUG [o.a.h.i.execchain.MainClientExec] Proxy auth state: UNCHALLENGED
<2017-09-26 13:05:20> DEBUG [org.apache.http.headers] http-outgoing-6 >> POST /nexperience/perfectomobile/wd/hub/session/0bb5ccaf-7de4-4682-9e6c-c5841ee5c6a7/url HTTP/1.1
<2017-09-26 13:05:20> DEBUG [org.apache.http.headers] http-outgoing-6 >> Content-Type: application/json; charset=utf-8
<2017-09-26 13:05:20> DEBUG [org.apache.http.headers] http-outgoing-6 >> Content-Length: 31
<2017-09-26 13:05:20> DEBUG [org.apache.http.headers] http-outgoing-6 >> Host: branchtest.perfectomobile.com
<2017-09-26 13:05:20> DEBUG [org.apache.http.headers] http-outgoing-6 >> Connection: Keep-Alive
<2017-09-26 13:05:20> DEBUG [org.apache.http.headers] http-outgoing-6 >> User-Agent: Apache-HttpClient/4.5.2 (Java/1.8.0_121)
<2017-09-26 13:05:20> DEBUG [org.apache.http.headers] http-outgoing-6 >> Cookie: JSESSIONID=F6E28E4994D1584E597DBDFCCCB1737E; fast_failed=true; fast_failed=true; fast_failed=true
<2017-09-26 13:05:20> DEBUG [org.apache.http.headers] http-outgoing-6 >> Accept-Encoding: gzip,deflate
<2017-09-26 13:05:20> DEBUG [org.apache.http.wire] http-outgoing-6 >> "POST /nexperience/perfectomobile/wd/hub/session/0bb5ccaf-7de4-4682-9e6c-c5841ee5c6a7/url HTTP/1.1[\r][\n]"
<2017-09-26 13:05:20> DEBUG [org.apache.http.wire] http-outgoing-6 >> "Content-Type: application/json; charset=utf-8[\r][\n]"
<2017-09-26 13:05:20> DEBUG [org.apache.http.wire] http-outgoing-6 >> "Content-Length: 31[\r][\n]"
<2017-09-26 13:05:20> DEBUG [org.apache.http.wire] http-outgoing-6 >> "Host: branchtest.perfectomobile.com[\r][\n]"
<2017-09-26 13:05:20> DEBUG [org.apache.http.wire] http-outgoing-6 >> "Connection: Keep-Alive[\r][\n]"
<2017-09-26 13:05:20> DEBUG [org.apache.http.wire] http-outgoing-6 >> "User-Agent: Apache-HttpClient/4.5.2 (Java/1.8.0_121)[\r][\n]"
<2017-09-26 13:05:20> DEBUG [org.apache.http.wire] http-outgoing-6 >> "Cookie: JSESSIONID=F6E28E4994D1584E597DBDFCCCB1737E; fast_failed=true; fast_failed=true; fast_failed=true[\r][\n]"
<2017-09-26 13:05:20> DEBUG [org.apache.http.wire] http-outgoing-6 >> "Accept-Encoding: gzip,deflate[\r][\n]"
<2017-09-26 13:05:20> DEBUG [org.apache.http.wire] http-outgoing-6 >> "[\r][\n]"
<2017-09-26 13:05:20> DEBUG [org.apache.http.wire] http-outgoing-6 >> "{"url":"http://www.google.com"}"
<2017-09-26 13:05:21> DEBUG [org.apache.http.wire] http-outgoing-6 << "HTTP/1.1 200 OK[\r][\n]"
<2017-09-26 13:05:21> DEBUG [org.apache.http.wire] http-outgoing-6 << "Server: nginx[\r][\n]"
<2017-09-26 13:05:21> DEBUG [org.apache.http.wire] http-outgoing-6 << "Date: Tue, 26 Sep 2017 10:05:18 GMT[\r][\n]"
<2017-09-26 13:05:21> DEBUG [org.apache.http.wire] http-outgoing-6 << "Content-Type: application/json;charset=utf-8[\r][\n]"
<2017-09-26 13:05:21> DEBUG [org.apache.http.wire] http-outgoing-6 << "Transfer-Encoding: chunked[\r][\n]"
<2017-09-26 13:05:21> DEBUG [org.apache.http.wire] http-outgoing-6 << "Connection: keep-alive[\r][\n]"
<2017-09-26 13:05:21> DEBUG [org.apache.http.wire] http-outgoing-6 << "Set-Cookie: JSESSIONID=F6E28E4994D1584E597DBDFCCCB1737E; Path=/nexperience/; HttpOnly[\r][\n]"
<2017-09-26 13:05:21> DEBUG [org.apache.http.wire] http-outgoing-6 << "Expires: Thu, 01 Jan 1970 00:00:00 GMT[\r][\n]"
<2017-09-26 13:05:21> DEBUG [org.apache.http.wire] http-outgoing-6 << "Cache-Control: no-cache[\r][\n]"
<2017-09-26 13:05:21> DEBUG [org.apache.http.wire] http-outgoing-6 << "Cache-Control: no-cache[\r][\n]"
<2017-09-26 13:05:21> DEBUG [org.apache.http.wire] http-outgoing-6 << "Expires: Thu, 01 Jan 1970 00:00:00 GMT[\r][\n]"
<2017-09-26 13:05:21> DEBUG [org.apache.http.wire] http-outgoing-6 << "Set-Cookie: fast_failed=true[\r][\n]"
<2017-09-26 13:05:21> DEBUG [org.apache.http.wire] http-outgoing-6 << "X-XSS-Protection: 2; mode=block[\r][\n]"
<2017-09-26 13:05:21> DEBUG [org.apache.http.wire] http-outgoing-6 << "Content-Encoding: gzip[\r][\n]"
<2017-09-26 13:05:21> DEBUG [org.apache.http.wire] http-outgoing-6 << "[\r][\n]"
<2017-09-26 13:05:21> DEBUG [org.apache.http.wire] http-outgoing-6 << "96[\r][\n]"
<2017-09-26 13:05:21> DEBUG [org.apache.http.wire] http-outgoing-6 << "[0x1f][0x8b][0x8][0x0][0x0][0x0][0x0][0x0][0x0][0x3]-[0xcc][0xbb][0x12][0x82]0[0x10][0x85][0xe1]w[0xd9][0x9a]d[0x8]C.[0xd0]Z[0xd9][0xfa][0x6]a[0xb3]*3!A[0x96][0xd8]8[0xbe][0xbb][[0xd8][0xfe][0xf3][0x9d][0xf3][0x1]&[0xe6][0xb5][0x96]k[0x82][0x19][0xfa]e[0xb1][0x88][0xf1][0xae]|[0xa2]Q[0x8d].[0xc]j"[0x87][\n]"
<2017-09-26 13:05:21> DEBUG [org.apache.http.wire] http-outgoing-6 << "m[0x18][\r][0x91]E[0x17]=t[0xc0]g<I87DYKy^j[0x92]b[0x82][0x9d][0xc2]`[0xbc]w[0x1d][0xbc]cn[0x92]J[0xcb][0xb9][0x3][0xcc]Q[0xdc][0xc][0xf5]x[0xe8][0xba]SyE[0xcd][0x94][0xa9][0xac]m[0xd3][0x7]m[0xf5]$}#[0xde]ka[0xfa][0xff]7[0xe1][0xfd][0xf7][0x7]V[0xb8];[0xf4][0x9f][0x0][0x0][0x0][\r][\n]"
<2017-09-26 13:05:21> DEBUG [org.apache.http.wire] http-outgoing-6 << "0[\r][\n]"
<2017-09-26 13:05:21> DEBUG [org.apache.http.wire] http-outgoing-6 << "[\r][\n]"
<2017-09-26 13:05:21> DEBUG [org.apache.http.headers] http-outgoing-6 << HTTP/1.1 200 OK
<2017-09-26 13:05:21> DEBUG [org.apache.http.headers] http-outgoing-6 << Server: nginx
<2017-09-26 13:05:21> DEBUG [org.apache.http.headers] http-outgoing-6 << Date: Tue, 26 Sep 2017 10:05:18 GMT
<2017-09-26 13:05:21> DEBUG [org.apache.http.headers] http-outgoing-6 << Content-Type: application/json;charset=utf-8
<2017-09-26 13:05:21> DEBUG [org.apache.http.headers] http-outgoing-6 << Transfer-Encoding: chunked
<2017-09-26 13:05:21> DEBUG [org.apache.http.headers] http-outgoing-6 << Connection: keep-alive
<2017-09-26 13:05:21> DEBUG [org.apache.http.headers] http-outgoing-6 << Set-Cookie: JSESSIONID=F6E28E4994D1584E597DBDFCCCB1737E; Path=/nexperience/; HttpOnly
<2017-09-26 13:05:21> DEBUG [org.apache.http.headers] http-outgoing-6 << Expires: Thu, 01 Jan 1970 00:00:00 GMT
<2017-09-26 13:05:21> DEBUG [org.apache.http.headers] http-outgoing-6 << Cache-Control: no-cache
<2017-09-26 13:05:21> DEBUG [org.apache.http.headers] http-outgoing-6 << Cache-Control: no-cache
<2017-09-26 13:05:21> DEBUG [org.apache.http.headers] http-outgoing-6 << Expires: Thu, 01 Jan 1970 00:00:00 GMT
<2017-09-26 13:05:21> DEBUG [org.apache.http.headers] http-outgoing-6 << Set-Cookie: fast_failed=true
<2017-09-26 13:05:21> DEBUG [org.apache.http.headers] http-outgoing-6 << X-XSS-Protection: 2; mode=block
<2017-09-26 13:05:21> DEBUG [org.apache.http.headers] http-outgoing-6 << Content-Encoding: gzip
<2017-09-26 13:05:21> DEBUG [o.a.h.i.execchain.MainClientExec] Connection can be kept alive indefinitely
<2017-09-26 13:05:21> DEBUG [o.a.h.c.p.ResponseProcessCookies] Cookie accepted [JSESSIONID="F6E28E4994D1584E597DBDFCCCB1737E", version:0, domain:branchtest.perfectomobile.com, path:/nexperience/, expiry:null]
<2017-09-26 13:05:21> DEBUG [o.a.h.c.p.ResponseProcessCookies] Cookie accepted [fast_failed="true", version:0, domain:branchtest.perfectomobile.com, path:/nexperience/perfectomobile/wd/hub/session/0bb5ccaf-7de4-4682-9e6c-c5841ee5c6a7, expiry:null]
<2017-09-26 13:05:21> DEBUG [o.a.h.i.c.PoolingHttpClientConnectionManager] Connection [id: 6][route: {s}->https://branchtest.perfectomobile.com:443] can be kept alive indefinitely
<2017-09-26 13:05:21> DEBUG [o.a.h.i.c.PoolingHttpClientConnectionManager] Connection released: [id: 6][route: {s}->https://branchtest.perfectomobile.com:443][total kept alive: 1; route allocated: 3 of 2000; total allocated: 3 of 2000]
<2017-09-26 13:05:21> DEBUG [o.a.h.c.p.RequestAddCookies] CookieSpec selected: default
<2017-09-26 13:05:21> DEBUG [o.a.h.c.p.RequestAddCookies] Cookie [version: 0][name: JSESSIONID][value: F6E28E4994D1584E597DBDFCCCB1737E][domain: branchtest.perfectomobile.com][path: /nexperience/][expiry: null] match [(secure)branchtest.perfectomobile.com:443/nexperience/perfectomobile/wd/hub/session/0bb5ccaf-7de4-4682-9e6c-c5841ee5c6a7/element]
<2017-09-26 13:05:21> DEBUG [o.a.h.c.p.RequestAddCookies] Cookie [version: 0][name: fast_failed][value: true][domain: branchtest.perfectomobile.com][path: /nexperience/perfectomobile/wd/hub][expiry: null] match [(secure)branchtest.perfectomobile.com:443/nexperience/perfectomobile/wd/hub/session/0bb5ccaf-7de4-4682-9e6c-c5841ee5c6a7/element]
<2017-09-26 13:05:21> DEBUG [o.a.h.c.p.RequestAddCookies] Cookie [version: 0][name: fast_failed][value: true][domain: branchtest.perfectomobile.com][path: /nexperience/perfectomobile/wd/hub/session][expiry: null] match [(secure)branchtest.perfectomobile.com:443/nexperience/perfectomobile/wd/hub/session/0bb5ccaf-7de4-4682-9e6c-c5841ee5c6a7/element]
<2017-09-26 13:05:21> DEBUG [o.a.h.c.p.RequestAddCookies] Cookie [version: 0][name: fast_failed][value: true][domain: branchtest.perfectomobile.com][path: /nexperience/perfectomobile/wd/hub/session/0bb5ccaf-7de4-4682-9e6c-c5841ee5c6a7][expiry: null] match [(secure)branchtest.perfectomobile.com:443/nexperience/perfectomobile/wd/hub/session/0bb5ccaf-7de4-4682-9e6c-c5841ee5c6a7/element]
<2017-09-26 13:05:21> DEBUG [o.a.h.c.p.RequestAuthCache] Auth cache not set in the context
<2017-09-26 13:05:21> DEBUG [o.a.h.i.c.PoolingHttpClientConnectionManager] Connection request: [route: {s}->https://branchtest.perfectomobile.com:443][total kept alive: 1; route allocated: 3 of 2000; total allocated: 3 of 2000]
<2017-09-26 13:05:21> DEBUG [o.a.h.i.c.PoolingHttpClientConnectionManager] Connection leased: [id: 6][route: {s}->https://branchtest.perfectomobile.com:443][total kept alive: 0; route allocated: 3 of 2000; total allocated: 3 of 2000]
<2017-09-26 13:05:21> DEBUG [o.a.h.i.execchain.MainClientExec] Stale connection check
<2017-09-26 13:05:21> DEBUG [org.apache.http.wire] http-outgoing-6 << "[read] I/O error: Read timed out"
<2017-09-26 13:05:21> DEBUG [o.a.h.i.c.DefaultManagedHttpClientConnection] http-outgoing-6: set socket timeout to 10800000
<2017-09-26 13:05:21> DEBUG [o.a.h.i.execchain.MainClientExec] Executing request POST /nexperience/perfectomobile/wd/hub/session/0bb5ccaf-7de4-4682-9e6c-c5841ee5c6a7/element HTTP/1.1
<2017-09-26 13:05:21> DEBUG [o.a.h.i.execchain.MainClientExec] Target auth state: UNCHALLENGED
<2017-09-26 13:05:21> DEBUG [o.a.h.i.execchain.MainClientExec] Proxy auth state: UNCHALLENGED
<2017-09-26 13:05:21> DEBUG [org.apache.http.headers] http-outgoing-6 >> POST /nexperience/perfectomobile/wd/hub/session/0bb5ccaf-7de4-4682-9e6c-c5841ee5c6a7/element HTTP/1.1
<2017-09-26 13:05:21> DEBUG [org.apache.http.headers] http-outgoing-6 >> Content-Type: application/json; charset=utf-8
<2017-09-26 13:05:21> DEBUG [org.apache.http.headers] http-outgoing-6 >> Content-Length: 28
<2017-09-26 13:05:21> DEBUG [org.apache.http.headers] http-outgoing-6 >> Host: branchtest.perfectomobile.com
<2017-09-26 13:05:21> DEBUG [org.apache.http.headers] http-outgoing-6 >> Connection: Keep-Alive
<2017-09-26 13:05:21> DEBUG [org.apache.http.headers] http-outgoing-6 >> User-Agent: Apache-HttpClient/4.5.2 (Java/1.8.0_121)
<2017-09-26 13:05:21> DEBUG [org.apache.http.headers] http-outgoing-6 >> Cookie: JSESSIONID=F6E28E4994D1584E597DBDFCCCB1737E; fast_failed=true; fast_failed=true; fast_failed=true
<2017-09-26 13:05:21> DEBUG [org.apache.http.headers] http-outgoing-6 >> Accept-Encoding: gzip,deflate
<2017-09-26 13:05:21> DEBUG [org.apache.http.wire] http-outgoing-6 >> "POST /nexperience/perfectomobile/wd/hub/session/0bb5ccaf-7de4-4682-9e6c-c5841ee5c6a7/element HTTP/1.1[\r][\n]"
<2017-09-26 13:05:21> DEBUG [org.apache.http.wire] http-outgoing-6 >> "Content-Type: application/json; charset=utf-8[\r][\n]"
<2017-09-26 13:05:21> DEBUG [org.apache.http.wire] http-outgoing-6 >> "Content-Length: 28[\r][\n]"
<2017-09-26 13:05:21> DEBUG [org.apache.http.wire] http-outgoing-6 >> "Host: branchtest.perfectomobile.com[\r][\n]"
<2017-09-26 13:05:21> DEBUG [org.apache.http.wire] http-outgoing-6 >> "Connection: Keep-Alive[\r][\n]"
<2017-09-26 13:05:21> DEBUG [org.apache.http.wire] http-outgoing-6 >> "User-Agent: Apache-HttpClient/4.5.2 (Java/1.8.0_121)[\r][\n]"
<2017-09-26 13:05:21> DEBUG [org.apache.http.wire] http-outgoing-6 >> "Cookie: JSESSIONID=F6E28E4994D1584E597DBDFCCCB1737E; fast_failed=true; fast_failed=true; fast_failed=true[\r][\n]"
<2017-09-26 13:05:21> DEBUG [org.apache.http.wire] http-outgoing-6 >> "Accept-Encoding: gzip,deflate[\r][\n]"
<2017-09-26 13:05:21> DEBUG [org.apache.http.wire] http-outgoing-6 >> "[\r][\n]"
<2017-09-26 13:05:21> DEBUG [org.apache.http.wire] http-outgoing-6 >> "{"using":"name","value":"q"}"
<2017-09-26 13:05:22> DEBUG [org.apache.http.wire] http-outgoing-6 << "HTTP/1.1 200 OK[\r][\n]"
<2017-09-26 13:05:22> DEBUG [org.apache.http.wire] http-outgoing-6 << "Server: nginx[\r][\n]"
<2017-09-26 13:05:22> DEBUG [org.apache.http.wire] http-outgoing-6 << "Date: Tue, 26 Sep 2017 10:05:18 GMT[\r][\n]"
<2017-09-26 13:05:22> DEBUG [org.apache.http.wire] http-outgoing-6 << "Content-Type: application/json;charset=utf-8[\r][\n]"
<2017-09-26 13:05:22> DEBUG [org.apache.http.wire] http-outgoing-6 << "Transfer-Encoding: chunked[\r][\n]"
<2017-09-26 13:05:22> DEBUG [org.apache.http.wire] http-outgoing-6 << "Connection: keep-alive[\r][\n]"
<2017-09-26 13:05:22> DEBUG [org.apache.http.wire] http-outgoing-6 << "Set-Cookie: JSESSIONID=F6E28E4994D1584E597DBDFCCCB1737E; Path=/nexperience/; HttpOnly[\r][\n]"
<2017-09-26 13:05:22> DEBUG [org.apache.http.wire] http-outgoing-6 << "Expires: Thu, 01 Jan 1970 00:00:00 GMT[\r][\n]"
<2017-09-26 13:05:22> DEBUG [org.apache.http.wire] http-outgoing-6 << "Cache-Control: no-cache[\r][\n]"
<2017-09-26 13:05:22> DEBUG [org.apache.http.wire] http-outgoing-6 << "Cache-Control: no-cache[\r][\n]"
<2017-09-26 13:05:22> DEBUG [org.apache.http.wire] http-outgoing-6 << "Expires: Thu, 01 Jan 1970 00:00:00 GMT[\r][\n]"
<2017-09-26 13:05:22> DEBUG [org.apache.http.wire] http-outgoing-6 << "Set-Cookie: fast_failed=true[\r][\n]"
<2017-09-26 13:05:22> DEBUG [org.apache.http.wire] http-outgoing-6 << "X-XSS-Protection: 2; mode=block[\r][\n]"
<2017-09-26 13:05:22> DEBUG [org.apache.http.wire] http-outgoing-6 << "Content-Encoding: gzip[\r][\n]"
<2017-09-26 13:05:22> DEBUG [org.apache.http.wire] http-outgoing-6 << "[\r][\n]"
<2017-09-26 13:05:22> DEBUG [org.apache.http.wire] http-outgoing-6 << "a2[\r][\n]"
<2017-09-26 13:05:22> DEBUG [org.apache.http.wire] http-outgoing-6 << "[0x1f][0x8b][0x8][0x0][0x0][0x0][0x0][0x0][0x0][0x3]-[0x8d]A[0xe][0x82]0[0x10]E[0xef]2k[0xda][0x14][0x85]R[0xdc][0x1a][0x16]&[0xea][0xc2]x[0x81]2[0x8c]J[0x2]-2[0xd4][\r][0xe1][0xee][0x8e][0x89][0xdb][0x97][0xf7][0xfe]_[0x81][0x89][0xb9][0x8f][0xe1][0xd4][0xc1][0x1]L[0xdb][0x96][0x88][0xfe][0xa1][0xaa][0x8e][\n]"
<2017-09-26 13:05:22> DEBUG [org.apache.http.wire] http-outgoing-6 << "UX[0xb7]S5YTX[0xba]"'*[0xd1][0xfa][\n]"
<2017-09-26 13:05:22> DEBUG [org.apache.http.wire] http-outgoing-6 << "2[0xe0][0xc5]/$:'D[0xa9][0x85][0xbc][0x8e][0xb1][0x13][0x92][0x1b][0xe7][0xaa]|oM[0x9d][0xc1][0xc7][0xf]I[0xd0][\n]"
<2017-09-26 13:05:22> DEBUG [org.apache.http.wire] http-outgoing-6 << "[0xcd][0xb9][0xb9]4[0xd7][0xfb]o[0x1e][0xb6][0xc]p[0xf0][0x92][0x1c] [0xce]O[0x1d]'[\n]"
<2017-09-26 13:05:22> DEBUG [org.apache.http.wire] http-outgoing-6 << "o[0xaf][0x99][0x6][\n]"
<2017-09-26 13:05:22> DEBUG [org.apache.http.wire] http-outgoing-6 << "}[0x1a][0xf5]Lc\H[0xdf][0x88][0xa7][0x18][0x98][0xfe]WIt[0xb3]}[0x1][0x8a]1o~[0xaa][0x0][0x0][0x0][\r][\n]"
<2017-09-26 13:05:22> DEBUG [org.apache.http.wire] http-outgoing-6 << "0[\r][\n]"
<2017-09-26 13:05:22> DEBUG [org.apache.http.wire] http-outgoing-6 << "[\r][\n]"
<2017-09-26 13:05:22> DEBUG [org.apache.http.headers] http-outgoing-6 << HTTP/1.1 200 OK
<2017-09-26 13:05:22> DEBUG [org.apache.http.headers] http-outgoing-6 << Server: nginx
<2017-09-26 13:05:22> DEBUG [org.apache.http.headers] http-outgoing-6 << Date: Tue, 26 Sep 2017 10:05:18 GMT
<2017-09-26 13:05:22> DEBUG [org.apache.http.headers] http-outgoing-6 << Content-Type: application/json;charset=utf-8
<2017-09-26 13:05:22> DEBUG [org.apache.http.headers] http-outgoing-6 << Transfer-Encoding: chunked
<2017-09-26 13:05:22> DEBUG [org.apache.http.headers] http-outgoing-6 << Connection: keep-alive
<2017-09-26 13:05:22> DEBUG [org.apache.http.headers] http-outgoing-6 << Set-Cookie: JSESSIONID=F6E28E4994D1584E597DBDFCCCB1737E; Path=/nexperience/; HttpOnly
<2017-09-26 13:05:22> DEBUG [org.apache.http.headers] http-outgoing-6 << Expires: Thu, 01 Jan 1970 00:00:00 GMT
<2017-09-26 13:05:22> DEBUG [org.apache.http.headers] http-outgoing-6 << Cache-Control: no-cache
<2017-09-26 13:05:22> DEBUG [org.apache.http.headers] http-outgoing-6 << Cache-Control: no-cache
<2017-09-26 13:05:22> DEBUG [org.apache.http.headers] http-outgoing-6 << Expires: Thu, 01 Jan 1970 00:00:00 GMT
<2017-09-26 13:05:22> DEBUG [org.apache.http.headers] http-outgoing-6 << Set-Cookie: fast_failed=true
<2017-09-26 13:05:22> DEBUG [org.apache.http.headers] http-outgoing-6 << X-XSS-Protection: 2; mode=block
<2017-09-26 13:05:22> DEBUG [org.apache.http.headers] http-outgoing-6 << Content-Encoding: gzip
<2017-09-26 13:05:22> DEBUG [o.a.h.i.execchain.MainClientExec] Connection can be kept alive indefinitely
<2017-09-26 13:05:22> DEBUG [o.a.h.c.p.ResponseProcessCookies] Cookie accepted [JSESSIONID="F6E28E4994D1584E597DBDFCCCB1737E", version:0, domain:branchtest.perfectomobile.com, path:/nexperience/, expiry:null]
<2017-09-26 13:05:22> DEBUG [o.a.h.c.p.ResponseProcessCookies] Cookie accepted [fast_failed="true", version:0, domain:branchtest.perfectomobile.com, path:/nexperience/perfectomobile/wd/hub/session/0bb5ccaf-7de4-4682-9e6c-c5841ee5c6a7, expiry:null]
<2017-09-26 13:05:22> DEBUG [o.a.h.i.c.PoolingHttpClientConnectionManager] Connection [id: 6][route: {s}->https://branchtest.perfectomobile.com:443] can be kept alive indefinitely
<2017-09-26 13:05:22> DEBUG [o.a.h.i.c.PoolingHttpClientConnectionManager] Connection released: [id: 6][route: {s}->https://branchtest.perfectomobile.com:443][total kept alive: 1; route allocated: 3 of 2000; total allocated: 3 of 2000]
<2017-09-26 13:05:22> DEBUG [o.a.h.c.p.RequestAddCookies] CookieSpec selected: default
<2017-09-26 13:05:22> DEBUG [o.a.h.c.p.RequestAddCookies] Cookie [version: 0][name: JSESSIONID][value: F6E28E4994D1584E597DBDFCCCB1737E][domain: branchtest.perfectomobile.com][path: /nexperience/][expiry: null] match [(secure)branchtest.perfectomobile.com:443/nexperience/perfectomobile/wd/hub/session/0bb5ccaf-7de4-4682-9e6c-c5841ee5c6a7/element/0/value]
<2017-09-26 13:05:22> DEBUG [o.a.h.c.p.RequestAddCookies] Cookie [version: 0][name: fast_failed][value: true][domain: branchtest.perfectomobile.com][path: /nexperience/perfectomobile/wd/hub][expiry: null] match [(secure)branchtest.perfectomobile.com:443/nexperience/perfectomobile/wd/hub/session/0bb5ccaf-7de4-4682-9e6c-c5841ee5c6a7/element/0/value]
<2017-09-26 13:05:22> DEBUG [o.a.h.c.p.RequestAddCookies] Cookie [version: 0][name: fast_failed][value: true][domain: branchtest.perfectomobile.com][path: /nexperience/perfectomobile/wd/hub/session][expiry: null] match [(secure)branchtest.perfectomobile.com:443/nexperience/perfectomobile/wd/hub/session/0bb5ccaf-7de4-4682-9e6c-c5841ee5c6a7/element/0/value]
<2017-09-26 13:05:22> DEBUG [o.a.h.c.p.RequestAddCookies] Cookie [version: 0][name: fast_failed][value: true][domain: branchtest.perfectomobile.com][path: /nexperience/perfectomobile/wd/hub/session/0bb5ccaf-7de4-4682-9e6c-c5841ee5c6a7][expiry: null] match [(secure)branchtest.perfectomobile.com:443/nexperience/perfectomobile/wd/hub/session/0bb5ccaf-7de4-4682-9e6c-c5841ee5c6a7/element/0/value]
<2017-09-26 13:05:22> DEBUG [o.a.h.c.p.RequestAuthCache] Auth cache not set in the context
<2017-09-26 13:05:22> DEBUG [o.a.h.i.c.PoolingHttpClientConnectionManager] Connection request: [route: {s}->https://branchtest.perfectomobile.com:443][total kept alive: 1; route allocated: 3 of 2000; total allocated: 3 of 2000]
<2017-09-26 13:05:22> DEBUG [o.a.h.i.c.PoolingHttpClientConnectionManager] Connection leased: [id: 6][route: {s}->https://branchtest.perfectomobile.com:443][total kept alive: 0; route allocated: 3 of 2000; total allocated: 3 of 2000]
<2017-09-26 13:05:22> DEBUG [o.a.h.i.execchain.MainClientExec] Stale connection check
<2017-09-26 13:05:22> DEBUG [org.apache.http.wire] http-outgoing-6 << "[read] I/O error: Read timed out"
<2017-09-26 13:05:22> DEBUG [o.a.h.i.c.DefaultManagedHttpClientConnection] http-outgoing-6: set socket timeout to 10800000
<2017-09-26 13:05:22> DEBUG [o.a.h.i.execchain.MainClientExec] Executing request POST /nexperience/perfectomobile/wd/hub/session/0bb5ccaf-7de4-4682-9e6c-c5841ee5c6a7/element/0/value HTTP/1.1
<2017-09-26 13:05:22> DEBUG [o.a.h.i.execchain.MainClientExec] Target auth state: UNCHALLENGED
<2017-09-26 13:05:22> DEBUG [o.a.h.i.execchain.MainClientExec] Proxy auth state: UNCHALLENGED
<2017-09-26 13:05:22> DEBUG [org.apache.http.headers] http-outgoing-6 >> POST /nexperience/perfectomobile/wd/hub/session/0bb5ccaf-7de4-4682-9e6c-c5841ee5c6a7/element/0/value HTTP/1.1
<2017-09-26 13:05:22> DEBUG [org.apache.http.headers] http-outgoing-6 >> Content-Type: application/json; charset=utf-8
<2017-09-26 13:05:22> DEBUG [org.apache.http.headers] http-outgoing-6 >> Content-Length: 38
<2017-09-26 13:05:22> DEBUG [org.apache.http.headers] http-outgoing-6 >> Host: branchtest.perfectomobile.com
<2017-09-26 13:05:22> DEBUG [org.apache.http.headers] http-outgoing-6 >> Connection: Keep-Alive
<2017-09-26 13:05:22> DEBUG [org.apache.http.headers] http-outgoing-6 >> User-Agent: Apache-HttpClient/4.5.2 (Java/1.8.0_121)
<2017-09-26 13:05:22> DEBUG [org.apache.http.headers] http-outgoing-6 >> Cookie: JSESSIONID=F6E28E4994D1584E597DBDFCCCB1737E; fast_failed=true; fast_failed=true; fast_failed=true
<2017-09-26 13:05:22> DEBUG [org.apache.http.headers] http-outgoing-6 >> Accept-Encoding: gzip,deflate
<2017-09-26 13:05:22> DEBUG [org.apache.http.wire] http-outgoing-6 >> "POST /nexperience/perfectomobile/wd/hub/session/0bb5ccaf-7de4-4682-9e6c-c5841ee5c6a7/element/0/value HTTP/1.1[\r][\n]"
<2017-09-26 13:05:22> DEBUG [org.apache.http.wire] http-outgoing-6 >> "Content-Type: application/json; charset=utf-8[\r][\n]"
<2017-09-26 13:05:22> DEBUG [org.apache.http.wire] http-outgoing-6 >> "Content-Length: 38[\r][\n]"
<2017-09-26 13:05:22> DEBUG [org.apache.http.wire] http-outgoing-6 >> "Host: branchtest.perfectomobile.com[\r][\n]"
<2017-09-26 13:05:22> DEBUG [org.apache.http.wire] http-outgoing-6 >> "Connection: Keep-Alive[\r][\n]"
<2017-09-26 13:05:22> DEBUG [org.apache.http.wire] http-outgoing-6 >> "User-Agent: Apache-HttpClient/4.5.2 (Java/1.8.0_121)[\r][\n]"
<2017-09-26 13:05:22> DEBUG [org.apache.http.wire] http-outgoing-6 >> "Cookie: JSESSIONID=F6E28E4994D1584E597DBDFCCCB1737E; fast_failed=true; fast_failed=true; fast_failed=true[\r][\n]"
<2017-09-26 13:05:22> DEBUG [org.apache.http.wire] http-outgoing-6 >> "Accept-Encoding: gzip,deflate[\r][\n]"
<2017-09-26 13:05:22> DEBUG [org.apache.http.wire] http-outgoing-6 >> "[\r][\n]"
<2017-09-26 13:05:22> DEBUG [org.apache.http.wire] http-outgoing-6 >> "{"id":"0","value":["Perfecto Mobile"]}"
<2017-09-26 13:05:22> DEBUG [org.apache.http.wire] http-outgoing-6 << "HTTP/1.1 200 OK[\r][\n]"
<2017-09-26 13:05:22> DEBUG [org.apache.http.wire] http-outgoing-6 << "Server: nginx[\r][\n]"
<2017-09-26 13:05:22> DEBUG [org.apache.http.wire] http-outgoing-6 << "Date: Tue, 26 Sep 2017 10:05:18 GMT[\r][\n]"
<2017-09-26 13:05:22> DEBUG [org.apache.http.wire] http-outgoing-6 << "Content-Type: application/json;charset=utf-8[\r][\n]"
<2017-09-26 13:05:22> DEBUG [org.apache.http.wire] http-outgoing-6 << "Transfer-Encoding: chunked[\r][\n]"
<2017-09-26 13:05:22> DEBUG [org.apache.http.wire] http-outgoing-6 << "Connection: keep-alive[\r][\n]"
<2017-09-26 13:05:22> DEBUG [org.apache.http.wire] http-outgoing-6 << "Set-Cookie: JSESSIONID=F6E28E4994D1584E597DBDFCCCB1737E; Path=/nexperience/; HttpOnly[\r][\n]"
<2017-09-26 13:05:22> DEBUG [org.apache.http.wire] http-outgoing-6 << "Expires: Thu, 01 Jan 1970 00:00:00 GMT[\r][\n]"
<2017-09-26 13:05:22> DEBUG [org.apache.http.wire] http-outgoing-6 << "Cache-Control: no-cache[\r][\n]"
<2017-09-26 13:05:22> DEBUG [org.apache.http.wire] http-outgoing-6 << "Cache-Control: no-cache[\r][\n]"
<2017-09-26 13:05:22> DEBUG [org.apache.http.wire] http-outgoing-6 << "Expires: Thu, 01 Jan 1970 00:00:00 GMT[\r][\n]"
<2017-09-26 13:05:22> DEBUG [org.apache.http.wire] http-outgoing-6 << "Set-Cookie: fast_failed=true[\r][\n]"
<2017-09-26 13:05:22> DEBUG [org.apache.http.wire] http-outgoing-6 << "X-XSS-Protection: 2; mode=block[\r][\n]"
<2017-09-26 13:05:22> DEBUG [org.apache.http.wire] http-outgoing-6 << "Content-Encoding: gzip[\r][\n]"
<2017-09-26 13:05:22> DEBUG [org.apache.http.wire] http-outgoing-6 << "[\r][\n]"
<2017-09-26 13:05:22> DEBUG [org.apache.http.wire] http-outgoing-6 << "95[\r][\n]"
<2017-09-26 13:05:22> DEBUG [org.apache.http.wire] http-outgoing-6 << "[0x1f][0x8b][0x8][0x0][0x0][0x0][0x0][0x0][0x0][0x3]-[0xcc];[0xe][0xc2]0[0x10][0x84][0xe1][0xbb]l[0x1d][Id[0xe7][0xd5]R[0xd1]r[0x3]g3@$[0xc7][0xe][0xd9][0x98][0x6]qw[0xb6][0xa0][0xfd][0xf5][0xcd]|H [0xb2][0xe6]t]h[0xa2]z[0x9e]=s[0xb8][0x9b]~[0x81]3[0xae][0x1b]Z3[0xa2]c[0xc3]~p[\r][0xe0][0xb9][0xb]=U$g8[0xa1]\[\n]"
<2017-09-26 13:05:22> DEBUG [org.apache.http.wire] http-outgoing-6 << "[0xb3][0xae][0xb5]</y[0xd1][0xd2][0x8c]C[0xdf]x[0xe7][0xda][0x8a][0xde]![0x16]-[0xa9][0xc4]X[0x11][0xc7][0xa0]l[0xa2]|<l[0xde][0x91]^[0xc1][\n]"
<2017-09-26 13:05:22> DEBUG [org.apache.http.wire] http-outgoing-6 << ""[0xd2]Z6{`[0xcb]'[0xec][\r][0xb2][0xe7]$[0xf8][0xdf][0x17][0xe5][0xf5][0xf7][0x7][0xd7][0x8a][0x99]H[0x9e][0x0][0x0][0x0][\r][\n]"
<2017-09-26 13:05:22> DEBUG [org.apache.http.wire] http-outgoing-6 << "0[\r][\n]"
<2017-09-26 13:05:22> DEBUG [org.apache.http.wire] http-outgoing-6 << "[\r][\n]"
<2017-09-26 13:05:22> DEBUG [org.apache.http.headers] http-outgoing-6 << HTTP/1.1 200 OK
<2017-09-26 13:05:22> DEBUG [org.apache.http.headers] http-outgoing-6 << Server: nginx
<2017-09-26 13:05:22> DEBUG [org.apache.http.headers] http-outgoing-6 << Date: Tue, 26 Sep 2017 10:05:18 GMT
<2017-09-26 13:05:22> DEBUG [org.apache.http.headers] http-outgoing-6 << Content-Type: application/json;charset=utf-8
<2017-09-26 13:05:22> DEBUG [org.apache.http.headers] http-outgoing-6 << Transfer-Encoding: chunked
<2017-09-26 13:05:22> DEBUG [org.apache.http.headers] http-outgoing-6 << Connection: keep-alive
<2017-09-26 13:05:22> DEBUG [org.apache.http.headers] http-outgoing-6 << Set-Cookie: JSESSIONID=F6E28E4994D1584E597DBDFCCCB1737E; Path=/nexperience/; HttpOnly
<2017-09-26 13:05:22> DEBUG [org.apache.http.headers] http-outgoing-6 << Expires: Thu, 01 Jan 1970 00:00:00 GMT
<2017-09-26 13:05:22> DEBUG [org.apache.http.headers] http-outgoing-6 << Cache-Control: no-cache
<2017-09-26 13:05:22> DEBUG [org.apache.http.headers] http-outgoing-6 << Cache-Control: no-cache
<2017-09-26 13:05:22> DEBUG [org.apache.http.headers] http-outgoing-6 << Expires: Thu, 01 Jan 1970 00:00:00 GMT
<2017-09-26 13:05:22> DEBUG [org.apache.http.headers] http-outgoing-6 << Set-Cookie: fast_failed=true
<2017-09-26 13:05:22> DEBUG [org.apache.http.headers] http-outgoing-6 << X-XSS-Protection: 2; mode=block
<2017-09-26 13:05:22> DEBUG [org.apache.http.headers] http-outgoing-6 << Content-Encoding: gzip
<2017-09-26 13:05:22> DEBUG [o.a.h.i.execchain.MainClientExec] Connection can be kept alive indefinitely
<2017-09-26 13:05:22> DEBUG [o.a.h.c.p.ResponseProcessCookies] Cookie accepted [JSESSIONID="F6E28E4994D1584E597DBDFCCCB1737E", version:0, domain:branchtest.perfectomobile.com, path:/nexperience/, expiry:null]
<2017-09-26 13:05:22> DEBUG [o.a.h.c.p.ResponseProcessCookies] Cookie accepted [fast_failed="true", version:0, domain:branchtest.perfectomobile.com, path:/nexperience/perfectomobile/wd/hub/session/0bb5ccaf-7de4-4682-9e6c-c5841ee5c6a7/element/0, expiry:null]
<2017-09-26 13:05:22> DEBUG [o.a.h.i.c.PoolingHttpClientConnectionManager] Connection [id: 6][route: {s}->https://branchtest.perfectomobile.com:443] can be kept alive indefinitely
<2017-09-26 13:05:22> DEBUG [o.a.h.i.c.PoolingHttpClientConnectionManager] Connection released: [id: 6][route: {s}->https://branchtest.perfectomobile.com:443][total kept alive: 1; route allocated: 3 of 2000; total allocated: 3 of 2000]
<2017-09-26 13:05:22> DEBUG [o.a.h.c.p.RequestAddCookies] CookieSpec selected: default
<2017-09-26 13:05:22> DEBUG [o.a.h.c.p.RequestAddCookies] Cookie [version: 0][name: JSESSIONID][value: F6E28E4994D1584E597DBDFCCCB1737E][domain: branchtest.perfectomobile.com][path: /nexperience/][expiry: null] match [(secure)branchtest.perfectomobile.com:443/nexperience/perfectomobile/wd/hub/session/0bb5ccaf-7de4-4682-9e6c-c5841ee5c6a7/element/0/submit]
<2017-09-26 13:05:22> DEBUG [o.a.h.c.p.RequestAddCookies] Cookie [version: 0][name: fast_failed][value: true][domain: branchtest.perfectomobile.com][path: /nexperience/perfectomobile/wd/hub][expiry: null] match [(secure)branchtest.perfectomobile.com:443/nexperience/perfectomobile/wd/hub/session/0bb5ccaf-7de4-4682-9e6c-c5841ee5c6a7/element/0/submit]
<2017-09-26 13:05:22> DEBUG [o.a.h.c.p.RequestAddCookies] Cookie [version: 0][name: fast_failed][value: true][domain: branchtest.perfectomobile.com][path: /nexperience/perfectomobile/wd/hub/session][expiry: null] match [(secure)branchtest.perfectomobile.com:443/nexperience/perfectomobile/wd/hub/session/0bb5ccaf-7de4-4682-9e6c-c5841ee5c6a7/element/0/submit]
<2017-09-26 13:05:22> DEBUG [o.a.h.c.p.RequestAddCookies] Cookie [version: 0][name: fast_failed][value: true][domain: branchtest.perfectomobile.com][path: /nexperience/perfectomobile/wd/hub/session/0bb5ccaf-7de4-4682-9e6c-c5841ee5c6a7][expiry: null] match [(secure)branchtest.perfectomobile.com:443/nexperience/perfectomobile/wd/hub/session/0bb5ccaf-7de4-4682-9e6c-c5841ee5c6a7/element/0/submit]
<2017-09-26 13:05:22> DEBUG [o.a.h.c.p.RequestAddCookies] Cookie [version: 0][name: fast_failed][value: true][domain: branchtest.perfectomobile.com][path: /nexperience/perfectomobile/wd/hub/session/0bb5ccaf-7de4-4682-9e6c-c5841ee5c6a7/element/0][expiry: null] match [(secure)branchtest.perfectomobile.com:443/nexperience/perfectomobile/wd/hub/session/0bb5ccaf-7de4-4682-9e6c-c5841ee5c6a7/element/0/submit]
<2017-09-26 13:05:22> DEBUG [o.a.h.c.p.RequestAuthCache] Auth cache not set in the context
<2017-09-26 13:05:22> DEBUG [o.a.h.i.c.PoolingHttpClientConnectionManager] Connection request: [route: {s}->https://branchtest.perfectomobile.com:443][total kept alive: 1; route allocated: 3 of 2000; total allocated: 3 of 2000]
<2017-09-26 13:05:22> DEBUG [o.a.h.i.c.PoolingHttpClientConnectionManager] Connection leased: [id: 6][route: {s}->https://branchtest.perfectomobile.com:443][total kept alive: 0; route allocated: 3 of 2000; total allocated: 3 of 2000]
<2017-09-26 13:05:22> DEBUG [o.a.h.i.execchain.MainClientExec] Stale connection check
<2017-09-26 13:05:22> DEBUG [org.apache.http.wire] http-outgoing-6 << "[read] I/O error: Read timed out"
<2017-09-26 13:05:22> DEBUG [o.a.h.i.c.DefaultManagedHttpClientConnection] http-outgoing-6: set socket timeout to 10800000
<2017-09-26 13:05:22> DEBUG [o.a.h.i.execchain.MainClientExec] Executing request POST /nexperience/perfectomobile/wd/hub/session/0bb5ccaf-7de4-4682-9e6c-c5841ee5c6a7/element/0/submit HTTP/1.1
<2017-09-26 13:05:22> DEBUG [o.a.h.i.execchain.MainClientExec] Target auth state: UNCHALLENGED
<2017-09-26 13:05:22> DEBUG [o.a.h.i.execchain.MainClientExec] Proxy auth state: UNCHALLENGED
<2017-09-26 13:05:22> DEBUG [org.apache.http.headers] http-outgoing-6 >> POST /nexperience/perfectomobile/wd/hub/session/0bb5ccaf-7de4-4682-9e6c-c5841ee5c6a7/element/0/submit HTTP/1.1
<2017-09-26 13:05:22> DEBUG [org.apache.http.headers] http-outgoing-6 >> Content-Type: application/json; charset=utf-8
<2017-09-26 13:05:22> DEBUG [org.apache.http.headers] http-outgoing-6 >> Content-Length: 10
<2017-09-26 13:05:22> DEBUG [org.apache.http.headers] http-outgoing-6 >> Host: branchtest.perfectomobile.com
<2017-09-26 13:05:22> DEBUG [org.apache.http.headers] http-outgoing-6 >> Connection: Keep-Alive
<2017-09-26 13:05:22> DEBUG [org.apache.http.headers] http-outgoing-6 >> User-Agent: Apache-HttpClient/4.5.2 (Java/1.8.0_121)
<2017-09-26 13:05:22> DEBUG [org.apache.http.headers] http-outgoing-6 >> Cookie: JSESSIONID=F6E28E4994D1584E597DBDFCCCB1737E; fast_failed=true; fast_failed=true; fast_failed=true; fast_failed=true
<2017-09-26 13:05:22> DEBUG [org.apache.http.headers] http-outgoing-6 >> Accept-Encoding: gzip,deflate
<2017-09-26 13:05:22> DEBUG [org.apache.http.wire] http-outgoing-6 >> "POST /nexperience/perfectomobile/wd/hub/session/0bb5ccaf-7de4-4682-9e6c-c5841ee5c6a7/element/0/submit HTTP/1.1[\r][\n]"
<2017-09-26 13:05:22> DEBUG [org.apache.http.wire] http-outgoing-6 >> "Content-Type: application/json; charset=utf-8[\r][\n]"
<2017-09-26 13:05:22> DEBUG [org.apache.http.wire] http-outgoing-6 >> "Content-Length: 10[\r][\n]"
<2017-09-26 13:05:22> DEBUG [org.apache.http.wire] http-outgoing-6 >> "Host: branchtest.perfectomobile.com[\r][\n]"
<2017-09-26 13:05:22> DEBUG [org.apache.http.wire] http-outgoing-6 >> "Connection: Keep-Alive[\r][\n]"
<2017-09-26 13:05:22> DEBUG [org.apache.http.wire] http-outgoing-6 >> "User-Agent: Apache-HttpClient/4.5.2 (Java/1.8.0_121)[\r][\n]"
<2017-09-26 13:05:22> DEBUG [org.apache.http.wire] http-outgoing-6 >> "Cookie: JSESSIONID=F6E28E4994D1584E597DBDFCCCB1737E; fast_failed=true; fast_failed=true; fast_failed=true; fast_failed=true[\r][\n]"
<2017-09-26 13:05:22> DEBUG [org.apache.http.wire] http-outgoing-6 >> "Accept-Encoding: gzip,deflate[\r][\n]"
<2017-09-26 13:05:22> DEBUG [org.apache.http.wire] http-outgoing-6 >> "[\r][\n]"
<2017-09-26 13:05:22> DEBUG [org.apache.http.wire] http-outgoing-6 >> "{"id":"0"}"
<2017-09-26 13:05:22> DEBUG [org.apache.http.wire] http-outgoing-6 << "HTTP/1.1 200 OK[\r][\n]"
<2017-09-26 13:05:22> DEBUG [org.apache.http.wire] http-outgoing-6 << "Server: nginx[\r][\n]"
<2017-09-26 13:05:22> DEBUG [org.apache.http.wire] http-outgoing-6 << "Date: Tue, 26 Sep 2017 10:05:19 GMT[\r][\n]"
<2017-09-26 13:05:22> DEBUG [org.apache.http.wire] http-outgoing-6 << "Content-Type: application/json;charset=utf-8[\r][\n]"
<2017-09-26 13:05:22> DEBUG [org.apache.http.wire] http-outgoing-6 << "Transfer-Encoding: chunked[\r][\n]"
<2017-09-26 13:05:22> DEBUG [org.apache.http.wire] http-outgoing-6 << "Connection: keep-alive[\r][\n]"
<2017-09-26 13:05:22> DEBUG [org.apache.http.wire] http-outgoing-6 << "Set-Cookie: JSESSIONID=F6E28E4994D1584E597DBDFCCCB1737E; Path=/nexperience/; HttpOnly[\r][\n]"
<2017-09-26 13:05:22> DEBUG [org.apache.http.wire] http-outgoing-6 << "Expires: Thu, 01 Jan 1970 00:00:00 GMT[\r][\n]"
<2017-09-26 13:05:22> DEBUG [org.apache.http.wire] http-outgoing-6 << "Cache-Control: no-cache[\r][\n]"
<2017-09-26 13:05:22> DEBUG [org.apache.http.wire] http-outgoing-6 << "Cache-Control: no-cache[\r][\n]"
<2017-09-26 13:05:22> DEBUG [org.apache.http.wire] http-outgoing-6 << "Expires: Thu, 01 Jan 1970 00:00:00 GMT[\r][\n]"
<2017-09-26 13:05:22> DEBUG [org.apache.http.wire] http-outgoing-6 << "Set-Cookie: fast_failed=true[\r][\n]"
<2017-09-26 13:05:22> DEBUG [org.apache.http.wire] http-outgoing-6 << "X-XSS-Protection: 2; mode=block[\r][\n]"
<2017-09-26 13:05:22> DEBUG [org.apache.http.wire] http-outgoing-6 << "Content-Encoding: gzip[\r][\n]"
<2017-09-26 13:05:22> DEBUG [org.apache.http.wire] http-outgoing-6 << "[\r][\n]"
<2017-09-26 13:05:22> DEBUG [org.apache.http.wire] http-outgoing-6 << "95[\r][\n]"
<2017-09-26 13:05:22> DEBUG [org.apache.http.wire] http-outgoing-6 << "[0x1f][0x8b][0x8][0x0][0x0][0x0][0x0][0x0][0x0][0x3]-[0xcc][0xbb][0x12][0x82]0[0x10][0x85][0xe1]w[0xd9][0x9a]d[0x90][0xc9][\r]Z+[[0xdf] lVe&$[0xc0][0x12][0x1b][0xc7]ww[0xb][0xdb]]]>&#x7f;<![CDATA[[0xbe]s>[0xc0][0xc4][0xbc][0xd4]rK0A?[0xcf][0x16]1>[0x94]Od[0x94]qaP#9Th[0x83][0xb9][0x10]Yt[0xd1]C[0x7]|[0xc6][0x93][0x84]sC[0x94][0xb5][0x94][0xd7][0xb5]&)>[0x98][0xd1][0xf5][0xc1][0xe][0x1d][0xbc]cnRJ[0xcb][0xb9][0x3][0xcc]Q[0xd8][0x4][0xf5]x[0xea][0xba]Q[0xd9][0xa3]f[0xca]T[0x96][0xb6][0xea][0x83][0xd6]z[0x92][0xbe][0x13]o[0xb5]0[0xfd][0xef][0x9b][0xf0][0xfe][0xfb][0x3][0xa7]v~[0xf6][0x9e][0x0][0x0][0x0][\r][\n]"
<2017-09-26 13:05:22> DEBUG [org.apache.http.wire] http-outgoing-6 << "0[\r][\n]"
<2017-09-26 13:05:22> DEBUG [org.apache.http.wire] http-outgoing-6 << "[\r][\n]"
<2017-09-26 13:05:22> DEBUG [org.apache.http.headers] http-outgoing-6 << HTTP/1.1 200 OK
<2017-09-26 13:05:22> DEBUG [org.apache.http.headers] http-outgoing-6 << Server: nginx
<2017-09-26 13:05:22> DEBUG [org.apache.http.headers] http-outgoing-6 << Date: Tue, 26 Sep 2017 10:05:19 GMT
<2017-09-26 13:05:22> DEBUG [org.apache.http.headers] http-outgoing-6 << Content-Type: application/json;charset=utf-8
<2017-09-26 13:05:22> DEBUG [org.apache.http.headers] http-outgoing-6 << Transfer-Encoding: chunked
<2017-09-26 13:05:22> DEBUG [org.apache.http.headers] http-outgoing-6 << Connection: keep-alive
<2017-09-26 13:05:22> DEBUG [org.apache.http.headers] http-outgoing-6 << Set-Cookie: JSESSIONID=F6E28E4994D1584E597DBDFCCCB1737E; Path=/nexperience/; HttpOnly
<2017-09-26 13:05:22> DEBUG [org.apache.http.headers] http-outgoing-6 << Expires: Thu, 01 Jan 1970 00:00:00 GMT
<2017-09-26 13:05:22> DEBUG [org.apache.http.headers] http-outgoing-6 << Cache-Control: no-cache
<2017-09-26 13:05:22> DEBUG [org.apache.http.headers] http-outgoing-6 << Cache-Control: no-cache
<2017-09-26 13:05:22> DEBUG [org.apache.http.headers] http-outgoing-6 << Expires: Thu, 01 Jan 1970 00:00:00 GMT
<2017-09-26 13:05:22> DEBUG [org.apache.http.headers] http-outgoing-6 << Set-Cookie: fast_failed=true
<2017-09-26 13:05:22> DEBUG [org.apache.http.headers] http-outgoing-6 << X-XSS-Protection: 2; mode=block
<2017-09-26 13:05:22> DEBUG [org.apache.http.headers] http-outgoing-6 << Content-Encoding: gzip
<2017-09-26 13:05:22> DEBUG [o.a.h.i.execchain.MainClientExec] Connection can be kept alive indefinitely
<2017-09-26 13:05:22> DEBUG [o.a.h.c.p.ResponseProcessCookies] Cookie accepted [JSESSIONID="F6E28E4994D1584E597DBDFCCCB1737E", version:0, domain:branchtest.perfectomobile.com, path:/nexperience/, expiry:null]
<2017-09-26 13:05:22> DEBUG [o.a.h.c.p.ResponseProcessCookies] Cookie accepted [fast_failed="true", version:0, domain:branchtest.perfectomobile.com, path:/nexperience/perfectomobile/wd/hub/session/0bb5ccaf-7de4-4682-9e6c-c5841ee5c6a7/element/0, expiry:null]
<2017-09-26 13:05:22> DEBUG [o.a.h.i.c.PoolingHttpClientConnectionManager] Connection [id: 6][route: {s}->https://branchtest.perfectomobile.com:443] can be kept alive indefinitely
<2017-09-26 13:05:22> DEBUG [o.a.h.i.c.PoolingHttpClientConnectionManager] Connection released: [id: 6][route: {s}->https://branchtest.perfectomobile.com:443][total kept alive: 1; route allocated: 3 of 2000; total allocated: 3 of 2000]
<2017-09-26 13:05:22> DEBUG [o.a.h.c.p.RequestAddCookies] CookieSpec selected: default
<2017-09-26 13:05:22> DEBUG [o.a.h.c.p.RequestAddCookies] Cookie [version: 0][name: JSESSIONID][value: F6E28E4994D1584E597DBDFCCCB1737E][domain: branchtest.perfectomobile.com][path: /nexperience/][expiry: null] match [(secure)branchtest.perfectomobile.com:443/nexperience/perfectomobile/wd/hub/session/0bb5ccaf-7de4-4682-9e6c-c5841ee5c6a7/title]
<2017-09-26 13:05:22> DEBUG [o.a.h.c.p.RequestAddCookies] Cookie [version: 0][name: fast_failed][value: true][domain: branchtest.perfectomobile.com][path: /nexperience/perfectomobile/wd/hub][expiry: null] match [(secure)branchtest.perfectomobile.com:443/nexperience/perfectomobile/wd/hub/session/0bb5ccaf-7de4-4682-9e6c-c5841ee5c6a7/title]
<2017-09-26 13:05:22> DEBUG [o.a.h.c.p.RequestAddCookies] Cookie [version: 0][name: fast_failed][value: true][domain: branchtest.perfectomobile.com][path: /nexperience/perfectomobile/wd/hub/session][expiry: null] match [(secure)branchtest.perfectomobile.com:443/nexperience/perfectomobile/wd/hub/session/0bb5ccaf-7de4-4682-9e6c-c5841ee5c6a7/title]
<2017-09-26 13:05:22> DEBUG [o.a.h.c.p.RequestAddCookies] Cookie [version: 0][name: fast_failed][value: true][domain: branchtest.perfectomobile.com][path: /nexperience/perfectomobile/wd/hub/session/0bb5ccaf-7de4-4682-9e6c-c5841ee5c6a7][expiry: null] match [(secure)branchtest.perfectomobile.com:443/nexperience/perfectomobile/wd/hub/session/0bb5ccaf-7de4-4682-9e6c-c5841ee5c6a7/title]
<2017-09-26 13:05:22> DEBUG [o.a.h.c.p.RequestAuthCache] Auth cache not set in the context
<2017-09-26 13:05:22> DEBUG [o.a.h.i.c.PoolingHttpClientConnectionManager] Connection request: [route: {s}->https://branchtest.perfectomobile.com:443][total kept alive: 1; route allocated: 3 of 2000; total allocated: 3 of 2000]
<2017-09-26 13:05:22> DEBUG [o.a.h.i.c.PoolingHttpClientConnectionManager] Connection leased: [id: 6][route: {s}->https://branchtest.perfectomobile.com:443][total kept alive: 0; route allocated: 3 of 2000; total allocated: 3 of 2000]
<2017-09-26 13:05:22> DEBUG [o.a.h.i.execchain.MainClientExec] Stale connection check
<2017-09-26 13:05:22> DEBUG [org.apache.http.wire] http-outgoing-6 << "[read] I/O error: Read timed out"
<2017-09-26 13:05:22> DEBUG [o.a.h.i.c.DefaultManagedHttpClientConnection] http-outgoing-6: set socket timeout to 10800000
<2017-09-26 13:05:22> DEBUG [o.a.h.i.execchain.MainClientExec] Executing request GET /nexperience/perfectomobile/wd/hub/session/0bb5ccaf-7de4-4682-9e6c-c5841ee5c6a7/title HTTP/1.1
<2017-09-26 13:05:22> DEBUG [o.a.h.i.execchain.MainClientExec] Target auth state: UNCHALLENGED
<2017-09-26 13:05:22> DEBUG [o.a.h.i.execchain.MainClientExec] Proxy auth state: UNCHALLENGED
<2017-09-26 13:05:22> DEBUG [org.apache.http.headers] http-outgoing-6 >> GET /nexperience/perfectomobile/wd/hub/session/0bb5ccaf-7de4-4682-9e6c-c5841ee5c6a7/title HTTP/1.1
<2017-09-26 13:05:22> DEBUG [org.apache.http.headers] http-outgoing-6 >> Cache-Control: no-cache
<2017-09-26 13:05:22> DEBUG [org.apache.http.headers] http-outgoing-6 >> Host: branchtest.perfectomobile.com
<2017-09-26 13:05:22> DEBUG [org.apache.http.headers] http-outgoing-6 >> Connection: Keep-Alive
<2017-09-26 13:05:22> DEBUG [org.apache.http.headers] http-outgoing-6 >> User-Agent: Apache-HttpClient/4.5.2 (Java/1.8.0_121)
<2017-09-26 13:05:22> DEBUG [org.apache.http.headers] http-outgoing-6 >> Cookie: JSESSIONID=F6E28E4994D1584E597DBDFCCCB1737E; fast_failed=true; fast_failed=true; fast_failed=true
<2017-09-26 13:05:22> DEBUG [org.apache.http.headers] http-outgoing-6 >> Accept-Encoding: gzip,deflate
<2017-09-26 13:05:22> DEBUG [org.apache.http.wire] http-outgoing-6 >> "GET /nexperience/perfectomobile/wd/hub/session/0bb5ccaf-7de4-4682-9e6c-c5841ee5c6a7/title HTTP/1.1[\r][\n]"
<2017-09-26 13:05:22> DEBUG [org.apache.http.wire] http-outgoing-6 >> "Cache-Control: no-cache[\r][\n]"
<2017-09-26 13:05:22> DEBUG [org.apache.http.wire] http-outgoing-6 >> "Host: branchtest.perfectomobile.com[\r][\n]"
<2017-09-26 13:05:22> DEBUG [org.apache.http.wire] http-outgoing-6 >> "Connection: Keep-Alive[\r][\n]"
<2017-09-26 13:05:22> DEBUG [org.apache.http.wire] http-outgoing-6 >> "User-Agent: Apache-HttpClient/4.5.2 (Java/1.8.0_121)[\r][\n]"
<2017-09-26 13:05:22> DEBUG [org.apache.http.wire] http-outgoing-6 >> "Cookie: JSESSIONID=F6E28E4994D1584E597DBDFCCCB1737E; fast_failed=true; fast_failed=true; fast_failed=true[\r][\n]"
<2017-09-26 13:05:22> DEBUG [org.apache.http.wire] http-outgoing-6 >> "Accept-Encoding: gzip,deflate[\r][\n]"
<2017-09-26 13:05:22> DEBUG [org.apache.http.wire] http-outgoing-6 >> "[\r][\n]"
<2017-09-26 13:05:22> DEBUG [org.apache.http.wire] http-outgoing-6 << "HTTP/1.1 200 OK[\r][\n]"
<2017-09-26 13:05:22> DEBUG [org.apache.http.wire] http-outgoing-6 << "Server: nginx[\r][\n]"
<2017-09-26 13:05:22> DEBUG [org.apache.http.wire] http-outgoing-6 << "Date: Tue, 26 Sep 2017 10:05:19 GMT[\r][\n]"
<2017-09-26 13:05:22> DEBUG [org.apache.http.wire] http-outgoing-6 << "Content-Type: application/json;charset=utf-8[\r][\n]"
<2017-09-26 13:05:22> DEBUG [org.apache.http.wire] http-outgoing-6 << "Transfer-Encoding: chunked[\r][\n]"
<2017-09-26 13:05:22> DEBUG [org.apache.http.wire] http-outgoing-6 << "Connection: keep-alive[\r][\n]"
<2017-09-26 13:05:22> DEBUG [org.apache.http.wire] http-outgoing-6 << "Set-Cookie: JSESSIONID=F6E28E4994D1584E597DBDFCCCB1737E; Path=/nexperience/; HttpOnly[\r][\n]"
<2017-09-26 13:05:22> DEBUG [org.apache.http.wire] http-outgoing-6 << "Expires: Thu, 01 Jan 1970 00:00:00 GMT[\r][\n]"
<2017-09-26 13:05:22> DEBUG [org.apache.http.wire] http-outgoing-6 << "Cache-Control: no-cache[\r][\n]"
<2017-09-26 13:05:22> DEBUG [org.apache.http.wire] http-outgoing-6 << "Cache-Control: no-cache[\r][\n]"
<2017-09-26 13:05:22> DEBUG [org.apache.http.wire] http-outgoing-6 << "Expires: Thu, 01 Jan 1970 00:00:00 GMT[\r][\n]"
<2017-09-26 13:05:22> DEBUG [org.apache.http.wire] http-outgoing-6 << "Set-Cookie: fast_failed=true[\r][\n]"
<2017-09-26 13:05:22> DEBUG [org.apache.http.wire] http-outgoing-6 << "X-XSS-Protection: 2; mode=block[\r][\n]"
<2017-09-26 13:05:22> DEBUG [org.apache.http.wire] http-outgoing-6 << "Content-Encoding: gzip[\r][\n]"
<2017-09-26 13:05:22> DEBUG [org.apache.http.wire] http-outgoing-6 << "[\r][\n]"
<2017-09-26 13:05:22> DEBUG [org.apache.http.wire] http-outgoing-6 << "ad[\r][\n]"
<2017-09-26 13:05:22> DEBUG [org.apache.http.wire] http-outgoing-6 << "[0x1f][0x8b][0x8][0x0][0x0][0x0][0x0][0x0][0x0][0x3]-[0x8d][0xcb][0xe][0x82]0[0x14]D]]>&#x7f;<![CDATA[[0x85]tM[0x9][0x2][0x5]d[0xeb][0xc2][0xb8]01[0xfa][0x5][0xe5]2<[0x92][0xc2][0xc5]^pc[0xfc]wk[0xe2]n29g[0xe6][0xad][0x4]"[0x13]/[0x97]N5*m[Cd{]u(tQ[0xd6][0x99]>[0xa2]$M[0xa6].[0xe][0x80][0xa1][0xd2]V*V[0xb2][0xd9][\r][0x1][0x97][0x9d]([0xd8][0xa1][0x19]O[0xdc][0x85]&/[0xf3][0xca][0xa4]&3[0xb1]zY[0xb7][0xff][0x98][0x1b]|[0xf][0xda]8[0xba]r;9D::3[0xf]!<`=[0x8d][0xc1]%g[0xc3]F[0xa3][0xd8][0xf][0x9][0xaf]X[0x9e]6[0x11]8,[0xd3]>'[0x1e]3oH[0xee][0x90][0x95][0x17][0xc1][0xff]{[0xf]x[0xfa][0xf9][0x2][0xa1][0x8a]8[0xaf][0xbb][0x0][0x0][0x0][\r][\n]"
<2017-09-26 13:05:22> DEBUG [org.apache.http.wire] http-outgoing-6 << "0[\r][\n]"
<2017-09-26 13:05:22> DEBUG [org.apache.http.wire] http-outgoing-6 << "[\r][\n]"
<2017-09-26 13:05:22> DEBUG [org.apache.http.headers] http-outgoing-6 << HTTP/1.1 200 OK
<2017-09-26 13:05:22> DEBUG [org.apache.http.headers] http-outgoing-6 << Server: nginx
<2017-09-26 13:05:22> DEBUG [org.apache.http.headers] http-outgoing-6 << Date: Tue, 26 Sep 2017 10:05:19 GMT
<2017-09-26 13:05:22> DEBUG [org.apache.http.headers] http-outgoing-6 << Content-Type: application/json;charset=utf-8
<2017-09-26 13:05:22> DEBUG [org.apache.http.headers] http-outgoing-6 << Transfer-Encoding: chunked
<2017-09-26 13:05:22> DEBUG [org.apache.http.headers] http-outgoing-6 << Connection: keep-alive
<2017-09-26 13:05:22> DEBUG [org.apache.http.headers] http-outgoing-6 << Set-Cookie: JSESSIONID=F6E28E4994D1584E597DBDFCCCB1737E; Path=/nexperience/; HttpOnly
<2017-09-26 13:05:22> DEBUG [org.apache.http.headers] http-outgoing-6 << Expires: Thu, 01 Jan 1970 00:00:00 GMT
<2017-09-26 13:05:22> DEBUG [org.apache.http.headers] http-outgoing-6 << Cache-Control: no-cache
<2017-09-26 13:05:22> DEBUG [org.apache.http.headers] http-outgoing-6 << Cache-Control: no-cache
<2017-09-26 13:05:22> DEBUG [org.apache.http.headers] http-outgoing-6 << Expires: Thu, 01 Jan 1970 00:00:00 GMT
<2017-09-26 13:05:22> DEBUG [org.apache.http.headers] http-outgoing-6 << Set-Cookie: fast_failed=true
<2017-09-26 13:05:22> DEBUG [org.apache.http.headers] http-outgoing-6 << X-XSS-Protection: 2; mode=block
<2017-09-26 13:05:22> DEBUG [org.apache.http.headers] http-outgoing-6 << Content-Encoding: gzip
<2017-09-26 13:05:22> DEBUG [o.a.h.i.execchain.MainClientExec] Connection can be kept alive indefinitely
<2017-09-26 13:05:22> DEBUG [o.a.h.c.p.ResponseProcessCookies] Cookie accepted [JSESSIONID="F6E28E4994D1584E597DBDFCCCB1737E", version:0, domain:branchtest.perfectomobile.com, path:/nexperience/, expiry:null]
<2017-09-26 13:05:22> DEBUG [o.a.h.c.p.ResponseProcessCookies] Cookie accepted [fast_failed="true", version:0, domain:branchtest.perfectomobile.com, path:/nexperience/perfectomobile/wd/hub/session/0bb5ccaf-7de4-4682-9e6c-c5841ee5c6a7, expiry:null]
<2017-09-26 13:05:22> DEBUG [o.a.h.i.c.PoolingHttpClientConnectionManager] Connection [id: 6][route: {s}->https://branchtest.perfectomobile.com:443] can be kept alive indefinitely
<2017-09-26 13:05:22> DEBUG [o.a.h.i.c.PoolingHttpClientConnectionManager] Connection released: [id: 6][route: {s}->https://branchtest.perfectomobile.com:443][total kept alive: 1; route allocated: 3 of 2000; total allocated: 3 of 2000]
Done: searchGoogle
<2017-09-26 13:05:22> DEBUG [o.a.h.c.p.RequestAddCookies] CookieSpec selected: default
<2017-09-26 13:05:22> DEBUG [o.a.h.c.p.RequestAddCookies] Cookie [version: 0][name: JSESSIONID][value: F6E28E4994D1584E597DBDFCCCB1737E][domain: branchtest.perfectomobile.com][path: /nexperience/][expiry: null] match [(secure)branchtest.perfectomobile.com:443/nexperience/perfectomobile/wd/hub/session/0bb5ccaf-7de4-4682-9e6c-c5841ee5c6a7/execute]
<2017-09-26 13:05:22> DEBUG [o.a.h.c.p.RequestAddCookies] Cookie [version: 0][name: fast_failed][value: true][domain: branchtest.perfectomobile.com][path: /nexperience/perfectomobile/wd/hub][expiry: null] match [(secure)branchtest.perfectomobile.com:443/nexperience/perfectomobile/wd/hub/session/0bb5ccaf-7de4-4682-9e6c-c5841ee5c6a7/execute]
<2017-09-26 13:05:22> DEBUG [o.a.h.c.p.RequestAddCookies] Cookie [version: 0][name: fast_failed][value: true][domain: branchtest.perfectomobile.com][path: /nexperience/perfectomobile/wd/hub/session][expiry: null] match [(secure)branchtest.perfectomobile.com:443/nexperience/perfectomobile/wd/hub/session/0bb5ccaf-7de4-4682-9e6c-c5841ee5c6a7/execute]
<2017-09-26 13:05:22> DEBUG [o.a.h.c.p.RequestAddCookies] Cookie [version: 0][name: fast_failed][value: true][domain: branchtest.perfectomobile.com][path: /nexperience/perfectomobile/wd/hub/session/0bb5ccaf-7de4-4682-9e6c-c5841ee5c6a7][expiry: null] match [(secure)branchtest.perfectomobile.com:443/nexperience/perfectomobile/wd/hub/session/0bb5ccaf-7de4-4682-9e6c-c5841ee5c6a7/execute]
<2017-09-26 13:05:22> DEBUG [o.a.h.c.p.RequestAuthCache] Auth cache not set in the context
<2017-09-26 13:05:22> DEBUG [o.a.h.i.c.PoolingHttpClientConnectionManager] Connection request: [route: {s}->https://branchtest.perfectomobile.com:443][total kept alive: 1; route allocated: 3 of 2000; total allocated: 3 of 2000]
<2017-09-26 13:05:22> DEBUG [o.a.h.i.c.PoolingHttpClientConnectionManager] Connection leased: [id: 6][route: {s}->https://branchtest.perfectomobile.com:443][total kept alive: 0; route allocated: 3 of 2000; total allocated: 3 of 2000]
<2017-09-26 13:05:22> DEBUG [o.a.h.i.execchain.MainClientExec] Stale connection check
<2017-09-26 13:05:22> DEBUG [org.apache.http.wire] http-outgoing-6 << "[read] I/O error: Read timed out"
<2017-09-26 13:05:22> DEBUG [o.a.h.i.c.DefaultManagedHttpClientConnection] http-outgoing-6: set socket timeout to 10800000
<2017-09-26 13:05:22> DEBUG [o.a.h.i.execchain.MainClientExec] Executing request POST /nexperience/perfectomobile/wd/hub/session/0bb5ccaf-7de4-4682-9e6c-c5841ee5c6a7/execute HTTP/1.1
<2017-09-26 13:05:22> DEBUG [o.a.h.i.execchain.MainClientExec] Target auth state: UNCHALLENGED
<2017-09-26 13:05:22> DEBUG [o.a.h.i.execchain.MainClientExec] Proxy auth state: UNCHALLENGED
<2017-09-26 13:05:22> DEBUG [org.apache.http.headers] http-outgoing-6 >> POST /nexperience/perfectomobile/wd/hub/session/0bb5ccaf-7de4-4682-9e6c-c5841ee5c6a7/execute HTTP/1.1
<2017-09-26 13:05:22> DEBUG [org.apache.http.headers] http-outgoing-6 >> Content-Type: application/json; charset=utf-8
<2017-09-26 13:05:22> DEBUG [org.apache.http.headers] http-outgoing-6 >> Content-Length: 195
<2017-09-26 13:05:22> DEBUG [org.apache.http.headers] http-outgoing-6 >> Host: branchtest.perfectomobile.com
<2017-09-26 13:05:22> DEBUG [org.apache.http.headers] http-outgoing-6 >> Connection: Keep-Alive
<2017-09-26 13:05:22> DEBUG [org.apache.http.headers] http-outgoing-6 >> User-Agent: Apache-HttpClient/4.5.2 (Java/1.8.0_121)
<2017-09-26 13:05:22> DEBUG [org.apache.http.headers] http-outgoing-6 >> Cookie: JSESSIONID=F6E28E4994D1584E597DBDFCCCB1737E; fast_failed=true; fast_failed=true; fast_failed=true
<2017-09-26 13:05:22> DEBUG [org.apache.http.headers] http-outgoing-6 >> Accept-Encoding: gzip,deflate
<2017-09-26 13:05:22> DEBUG [org.apache.http.wire] http-outgoing-6 >> "POST /nexperience/perfectomobile/wd/hub/session/0bb5ccaf-7de4-4682-9e6c-c5841ee5c6a7/execute HTTP/1.1[\r][\n]"
<2017-09-26 13:05:22> DEBUG [org.apache.http.wire] http-outgoing-6 >> "Content-Type: application/json; charset=utf-8[\r][\n]"
<2017-09-26 13:05:22> DEBUG [org.apache.http.wire] http-outgoing-6 >> "Content-Length: 195[\r][\n]"
<2017-09-26 13:05:22> DEBUG [org.apache.http.wire] http-outgoing-6 >> "Host: branchtest.perfectomobile.com[\r][\n]"
<2017-09-26 13:05:22> DEBUG [org.apache.http.wire] http-outgoing-6 >> "Connection: Keep-Alive[\r][\n]"
<2017-09-26 13:05:22> DEBUG [org.apache.http.wire] http-outgoing-6 >> "User-Agent: Apache-HttpClient/4.5.2 (Java/1.8.0_121)[\r][\n]"
<2017-09-26 13:05:22> DEBUG [org.apache.http.wire] http-outgoing-6 >> "Cookie: JSESSIONID=F6E28E4994D1584E597DBDFCCCB1737E; fast_failed=true; fast_failed=true; fast_failed=true[\r][\n]"
<2017-09-26 13:05:22> DEBUG [org.apache.http.wire] http-outgoing-6 >> "Accept-Encoding: gzip,deflate[\r][\n]"
<2017-09-26 13:05:22> DEBUG [org.apache.http.wire] http-outgoing-6 >> "[\r][\n]"
<2017-09-26 13:05:22> DEBUG [org.apache.http.wire] http-outgoing-6 >> "{"script":"mobile:test:start","args":[{"jobName":"Sample Job","name":"Way2Automation Flow","projectName":"Sample Script","jobNumber":45,"projectVersion":"1.0","tags":["Java","Sample","Native"]}]}"
<2017-09-26 13:05:23> DEBUG [org.apache.http.wire] http-outgoing-6 << "HTTP/1.1 200 OK[\r][\n]"
<2017-09-26 13:05:23> DEBUG [org.apache.http.wire] http-outgoing-6 << "Server: nginx[\r][\n]"
<2017-09-26 13:05:23> DEBUG [org.apache.http.wire] http-outgoing-6 << "Date: Tue, 26 Sep 2017 10:05:19 GMT[\r][\n]"
<2017-09-26 13:05:23> DEBUG [org.apache.http.wire] http-outgoing-6 << "Content-Type: application/json;charset=utf-8[\r][\n]"
<2017-09-26 13:05:23> DEBUG [org.apache.http.wire] http-outgoing-6 << "Transfer-Encoding: chunked[\r][\n]"
<2017-09-26 13:05:23> DEBUG [org.apache.http.wire] http-outgoing-6 << "Connection: keep-alive[\r][\n]"
<2017-09-26 13:05:23> DEBUG [org.apache.http.wire] http-outgoing-6 << "Set-Cookie: JSESSIONID=F6E28E4994D1584E597DBDFCCCB1737E; Path=/nexperience/; HttpOnly[\r][\n]"
<2017-09-26 13:05:23> DEBUG [org.apache.http.wire] http-outgoing-6 << "Expires: Thu, 01 Jan 1970 00:00:00 GMT[\r][\n]"
<2017-09-26 13:05:23> DEBUG [org.apache.http.wire] http-outgoing-6 << "Cache-Control: no-cache[\r][\n]"
<2017-09-26 13:05:23> DEBUG [org.apache.http.wire] http-outgoing-6 << "Cache-Control: no-cache[\r][\n]"
<2017-09-26 13:05:23> DEBUG [org.apache.http.wire] http-outgoing-6 << "Expires: Thu, 01 Jan 1970 00:00:00 GMT[\r][\n]"
<2017-09-26 13:05:23> DEBUG [org.apache.http.wire] http-outgoing-6 << "Set-Cookie: fast_failed=true[\r][\n]"
<2017-09-26 13:05:23> DEBUG [org.apache.http.wire] http-outgoing-6 << "X-XSS-Protection: 2; mode=block[\r][\n]"
<2017-09-26 13:05:23> DEBUG [org.apache.http.wire] http-outgoing-6 << "Content-Encoding: gzip[\r][\n]"
<2017-09-26 13:05:23> DEBUG [org.apache.http.wire] http-outgoing-6 << "[\r][\n]"
<2017-09-26 13:05:23> DEBUG [org.apache.http.wire] http-outgoing-6 << "99[\r][\n]"
<2017-09-26 13:05:23> DEBUG [org.apache.http.wire] http-outgoing-6 << "[0x1f][0x8b][0x8][0x0][0x0][0x0][0x0][0x0][0x0][0x3]-[0xcd]A[0xe][0x82]0[0x10][0x85][0xe1][0xbb][0xcc][0x9a]VPZZv[0xc6][0x95][0x1b][0x17][0xde][0xa0]LG%[0x81][0x16][0x19][0xea][0xc6]xw[0xc7][0xc4][0xed][0x9f][0xef][0xe5][0xbd][0x81][0x89]y[0xcc][0xe9][0x1c][0xa1][0x87]z[0x18][0xc]b[0xb8][0xa9].R[0xab]Z[0xeb][0xf6][0xca][0x93]E[0x85][0xc6][0xb5][\r][0x91]A[0x1b]:[0xa8][0x80][0xb7][0xb0][0x91]p.[0x88][0xb2][0x96][0xf2]8[0xe5]([0xa5][0xf1][0xbe]1[0xee]P{W[0xc1]+L[0xe5][0x87].[0xbb][0xa3][0x0][0x9c][0x82][0xc0][0x1e][0xf2]z[0xd7]y[0xa1][0xf4][0xc][0x9a]i[0xa2]4[0x96]Y[0xaf]4[0xe7][0x8d][0xf4][0x95]x[0xc9][0x89][0xe9]]]>&#x7f;<![CDATA[P[0x84][0xd7][0x9f]/[0x12][0x81][\r]'[0xa0][0x0][0x0][0x0][\r][\n]"
<2017-09-26 13:05:23> DEBUG [org.apache.http.wire] http-outgoing-6 << "0[\r][\n]"
<2017-09-26 13:05:23> DEBUG [org.apache.http.wire] http-outgoing-6 << "[\r][\n]"
<2017-09-26 13:05:23> DEBUG [org.apache.http.headers] http-outgoing-6 << HTTP/1.1 200 OK
<2017-09-26 13:05:23> DEBUG [org.apache.http.headers] http-outgoing-6 << Server: nginx
<2017-09-26 13:05:23> DEBUG [org.apache.http.headers] http-outgoing-6 << Date: Tue, 26 Sep 2017 10:05:19 GMT
<2017-09-26 13:05:23> DEBUG [org.apache.http.headers] http-outgoing-6 << Content-Type: application/json;charset=utf-8
<2017-09-26 13:05:23> DEBUG [org.apache.http.headers] http-outgoing-6 << Transfer-Encoding: chunked
<2017-09-26 13:05:23> DEBUG [org.apache.http.headers] http-outgoing-6 << Connection: keep-alive
<2017-09-26 13:05:23> DEBUG [org.apache.http.headers] http-outgoing-6 << Set-Cookie: JSESSIONID=F6E28E4994D1584E597DBDFCCCB1737E; Path=/nexperience/; HttpOnly
<2017-09-26 13:05:23> DEBUG [org.apache.http.headers] http-outgoing-6 << Expires: Thu, 01 Jan 1970 00:00:00 GMT
<2017-09-26 13:05:23> DEBUG [org.apache.http.headers] http-outgoing-6 << Cache-Control: no-cache
<2017-09-26 13:05:23> DEBUG [org.apache.http.headers] http-outgoing-6 << Cache-Control: no-cache
<2017-09-26 13:05:23> DEBUG [org.apache.http.headers] http-outgoing-6 << Expires: Thu, 01 Jan 1970 00:00:00 GMT
<2017-09-26 13:05:23> DEBUG [org.apache.http.headers] http-outgoing-6 << Set-Cookie: fast_failed=true
<2017-09-26 13:05:23> DEBUG [org.apache.http.headers] http-outgoing-6 << X-XSS-Protection: 2; mode=block
<2017-09-26 13:05:23> DEBUG [org.apache.http.headers] http-outgoing-6 << Content-Encoding: gzip
<2017-09-26 13:05:23> DEBUG [o.a.h.i.execchain.MainClientExec] Connection can be kept alive indefinitely
<2017-09-26 13:05:23> DEBUG [o.a.h.c.p.ResponseProcessCookies] Cookie accepted [JSESSIONID="F6E28E4994D1584E597DBDFCCCB1737E", version:0, domain:branchtest.perfectomobile.com, path:/nexperience/, expiry:null]
<2017-09-26 13:05:23> DEBUG [o.a.h.c.p.ResponseProcessCookies] Cookie accepted [fast_failed="true", version:0, domain:branchtest.perfectomobile.com, path:/nexperience/perfectomobile/wd/hub/session/0bb5ccaf-7de4-4682-9e6c-c5841ee5c6a7, expiry:null]
<2017-09-26 13:05:23> DEBUG [o.a.h.i.c.PoolingHttpClientConnectionManager] Connection [id: 6][route: {s}->https://branchtest.perfectomobile.com:443] can be kept alive indefinitely
<2017-09-26 13:05:23> DEBUG [o.a.h.i.c.PoolingHttpClientConnectionManager] Connection released: [id: 6][route: {s}->https://branchtest.perfectomobile.com:443][total kept alive: 1; route allocated: 3 of 2000; total allocated: 3 of 2000]
<2017-09-26 13:05:23> DEBUG [o.a.h.c.p.RequestAddCookies] CookieSpec selected: default
<2017-09-26 13:05:23> DEBUG [o.a.h.c.p.RequestAddCookies] Cookie [version: 0][name: JSESSIONID][value: F6E28E4994D1584E597DBDFCCCB1737E][domain: branchtest.perfectomobile.com][path: /nexperience/][expiry: null] match [(secure)branchtest.perfectomobile.com:443/nexperience/perfectomobile/wd/hub/session/0bb5ccaf-7de4-4682-9e6c-c5841ee5c6a7/execute]
<2017-09-26 13:05:23> DEBUG [o.a.h.c.p.RequestAddCookies] Cookie [version: 0][name: fast_failed][value: true][domain: branchtest.perfectomobile.com][path: /nexperience/perfectomobile/wd/hub][expiry: null] match [(secure)branchtest.perfectomobile.com:443/nexperience/perfectomobile/wd/hub/session/0bb5ccaf-7de4-4682-9e6c-c5841ee5c6a7/execute]
<2017-09-26 13:05:23> DEBUG [o.a.h.c.p.RequestAddCookies] Cookie [version: 0][name: fast_failed][value: true][domain: branchtest.perfectomobile.com][path: /nexperience/perfectomobile/wd/hub/session][expiry: null] match [(secure)branchtest.perfectomobile.com:443/nexperience/perfectomobile/wd/hub/session/0bb5ccaf-7de4-4682-9e6c-c5841ee5c6a7/execute]
<2017-09-26 13:05:23> DEBUG [o.a.h.c.p.RequestAddCookies] Cookie [version: 0][name: fast_failed][value: true][domain: branchtest.perfectomobile.com][path: /nexperience/perfectomobile/wd/hub/session/0bb5ccaf-7de4-4682-9e6c-c5841ee5c6a7][expiry: null] match [(secure)branchtest.perfectomobile.com:443/nexperience/perfectomobile/wd/hub/session/0bb5ccaf-7de4-4682-9e6c-c5841ee5c6a7/execute]
<2017-09-26 13:05:23> DEBUG [o.a.h.c.p.RequestAuthCache] Auth cache not set in the context
<2017-09-26 13:05:23> DEBUG [o.a.h.i.c.PoolingHttpClientConnectionManager] Connection request: [route: {s}->https://branchtest.perfectomobile.com:443][total kept alive: 1; route allocated: 3 of 2000; total allocated: 3 of 2000]
<2017-09-26 13:05:23> DEBUG [o.a.h.i.c.PoolingHttpClientConnectionManager] Connection leased: [id: 6][route: {s}->https://branchtest.perfectomobile.com:443][total kept alive: 0; route allocated: 3 of 2000; total allocated: 3 of 2000]
<2017-09-26 13:05:23> DEBUG [o.a.h.i.execchain.MainClientExec] Stale connection check
<2017-09-26 13:05:23> DEBUG [org.apache.http.wire] http-outgoing-6 << "[read] I/O error: Read timed out"
<2017-09-26 13:05:23> DEBUG [o.a.h.i.c.DefaultManagedHttpClientConnection] http-outgoing-6: set socket timeout to 10800000
<2017-09-26 13:05:23> DEBUG [o.a.h.i.execchain.MainClientExec] Executing request POST /nexperience/perfectomobile/wd/hub/session/0bb5ccaf-7de4-4682-9e6c-c5841ee5c6a7/execute HTTP/1.1
<2017-09-26 13:05:23> DEBUG [o.a.h.i.execchain.MainClientExec] Target auth state: UNCHALLENGED
<2017-09-26 13:05:23> DEBUG [o.a.h.i.execchain.MainClientExec] Proxy auth state: UNCHALLENGED
<2017-09-26 13:05:23> DEBUG [org.apache.http.headers] http-outgoing-6 >> POST /nexperience/perfectomobile/wd/hub/session/0bb5ccaf-7de4-4682-9e6c-c5841ee5c6a7/execute HTTP/1.1
<2017-09-26 13:05:23> DEBUG [org.apache.http.headers] http-outgoing-6 >> Content-Type: application/json; charset=utf-8
<2017-09-26 13:05:23> DEBUG [org.apache.http.headers] http-outgoing-6 >> Content-Length: 67
<2017-09-26 13:05:23> DEBUG [org.apache.http.headers] http-outgoing-6 >> Host: branchtest.perfectomobile.com
<2017-09-26 13:05:23> DEBUG [org.apache.http.headers] http-outgoing-6 >> Connection: Keep-Alive
<2017-09-26 13:05:23> DEBUG [org.apache.http.headers] http-outgoing-6 >> User-Agent: Apache-HttpClient/4.5.2 (Java/1.8.0_121)
<2017-09-26 13:05:23> DEBUG [org.apache.http.headers] http-outgoing-6 >> Cookie: JSESSIONID=F6E28E4994D1584E597DBDFCCCB1737E; fast_failed=true; fast_failed=true; fast_failed=true
<2017-09-26 13:05:23> DEBUG [org.apache.http.headers] http-outgoing-6 >> Accept-Encoding: gzip,deflate
<2017-09-26 13:05:23> DEBUG [org.apache.http.wire] http-outgoing-6 >> "POST /nexperience/perfectomobile/wd/hub/session/0bb5ccaf-7de4-4682-9e6c-c5841ee5c6a7/execute HTTP/1.1[\r][\n]"
<2017-09-26 13:05:23> DEBUG [org.apache.http.wire] http-outgoing-6 >> "Content-Type: application/json; charset=utf-8[\r][\n]"
<2017-09-26 13:05:23> DEBUG [org.apache.http.wire] http-outgoing-6 >> "Content-Length: 67[\r][\n]"
<2017-09-26 13:05:23> DEBUG [org.apache.http.wire] http-outgoing-6 >> "Host: branchtest.perfectomobile.com[\r][\n]"
<2017-09-26 13:05:23> DEBUG [org.apache.http.wire] http-outgoing-6 >> "Connection: Keep-Alive[\r][\n]"
<2017-09-26 13:05:23> DEBUG [org.apache.http.wire] http-outgoing-6 >> "User-Agent: Apache-HttpClient/4.5.2 (Java/1.8.0_121)[\r][\n]"
<2017-09-26 13:05:23> DEBUG [org.apache.http.wire] http-outgoing-6 >> "Cookie: JSESSIONID=F6E28E4994D1584E597DBDFCCCB1737E; fast_failed=true; fast_failed=true; fast_failed=true[\r][\n]"
<2017-09-26 13:05:23> DEBUG [org.apache.http.wire] http-outgoing-6 >> "Accept-Encoding: gzip,deflate[\r][\n]"
<2017-09-26 13:05:23> DEBUG [org.apache.http.wire] http-outgoing-6 >> "[\r][\n]"
<2017-09-26 13:05:23> DEBUG [org.apache.http.wire] http-outgoing-6 >> "{"script":"mobile:step:start","args":[{"name":"Navigate to site"}]}"
<2017-09-26 13:05:23> DEBUG [org.apache.http.wire] http-outgoing-6 << "HTTP/1.1 200 OK[\r][\n]"
<2017-09-26 13:05:23> DEBUG [org.apache.http.wire] http-outgoing-6 << "Server: nginx[\r][\n]"
<2017-09-26 13:05:23> DEBUG [org.apache.http.wire] http-outgoing-6 << "Date: Tue, 26 Sep 2017 10:05:19 GMT[\r][\n]"
<2017-09-26 13:05:23> DEBUG [org.apache.http.wire] http-outgoing-6 << "Content-Type: application/json;charset=utf-8[\r][\n]"
<2017-09-26 13:05:23> DEBUG [org.apache.http.wire] http-outgoing-6 << "Transfer-Encoding: chunked[\r][\n]"
<2017-09-26 13:05:23> DEBUG [org.apache.http.wire] http-outgoing-6 << "Connection: keep-alive[\r][\n]"
<2017-09-26 13:05:23> DEBUG [org.apache.http.wire] http-outgoing-6 << "Set-Cookie: JSESSIONID=F6E28E4994D1584E597DBDFCCCB1737E; Path=/nexperience/; HttpOnly[\r][\n]"
<2017-09-26 13:05:23> DEBUG [org.apache.http.wire] http-outgoing-6 << "Expires: Thu, 01 Jan 1970 00:00:00 GMT[\r][\n]"
<2017-09-26 13:05:23> DEBUG [org.apache.http.wire] http-outgoing-6 << "Cache-Control: no-cache[\r][\n]"
<2017-09-26 13:05:23> DEBUG [org.apache.http.wire] http-outgoing-6 << "Cache-Control: no-cache[\r][\n]"
<2017-09-26 13:05:23> DEBUG [org.apache.http.wire] http-outgoing-6 << "Expires: Thu, 01 Jan 1970 00:00:00 GMT[\r][\n]"
<2017-09-26 13:05:23> DEBUG [org.apache.http.wire] http-outgoing-6 << "Set-Cookie: fast_failed=true[\r][\n]"
<2017-09-26 13:05:23> DEBUG [org.apache.http.wire] http-outgoing-6 << "X-XSS-Protection: 2; mode=block[\r][\n]"
<2017-09-26 13:05:23> DEBUG [org.apache.http.wire] http-outgoing-6 << "Content-Encoding: gzip[\r][\n]"
<2017-09-26 13:05:23> DEBUG [org.apache.http.wire] http-outgoing-6 << "[\r][\n]"
<2017-09-26 13:05:23> DEBUG [org.apache.http.wire] http-outgoing-6 << "94[\r][\n]"
<2017-09-26 13:05:23> DEBUG [org.apache.http.wire] http-outgoing-6 << "[0x1f][0x8b][0x8][0x0][0x0][0x0][0x0][0x0][0x0][0x3]-[0xcc][0xbd][0x12][0x82]0[0x10][0x4][0xe0]w[0xb9][0x9a]d[0x2][0xf2][0x13]i[0xad]l}[0x83]p[0xac][0xca][0xc]$[0xc0][0x11][0x1b][0xc7]w[0xf7][0x9c][0xb1][0xdd][0xfd]v[0xdf]$[0x10][0x99]R[0xbc][0x8e][0xd4][0x93][0x1b][0x86][0x86]9[0xdc]M7[0xa2]6u[0xeb]+sF[0xcb][0x86][0x1b]_[0x97]@[0xc3]m[0xe8][0xa8] 9[0xc2][0x1][0xe5][0x92][0x99]u[0xad][0xc9][0xf3][0x92]FMJW[0x95][0x9d][0xf3][0xfe][0xe4][0xb]z[0x85]9[0xff][0x90][0xb6]<[0x7]U=[0xa5][0xfd]a[0xd3][0x8a][0xb8][0x5]+[0x98][0x11][0xa7][0xbc][0xd8][0x1d]K:`o[0x90]5E[0xc1][0xff]=+w[0x9f]/[0xdc]O[0xfb]*[0x9d][0x0][0x0][0x0][\r][\n]"
<2017-09-26 13:05:23> DEBUG [org.apache.http.wire] http-outgoing-6 << "0[\r][\n]"
<2017-09-26 13:05:23> DEBUG [org.apache.http.wire] http-outgoing-6 << "[\r][\n]"
<2017-09-26 13:05:23> DEBUG [org.apache.http.headers] http-outgoing-6 << HTTP/1.1 200 OK
<2017-09-26 13:05:23> DEBUG [org.apache.http.headers] http-outgoing-6 << Server: nginx
<2017-09-26 13:05:23> DEBUG [org.apache.http.headers] http-outgoing-6 << Date: Tue, 26 Sep 2017 10:05:19 GMT
<2017-09-26 13:05:23> DEBUG [org.apache.http.headers] http-outgoing-6 << Content-Type: application/json;charset=utf-8
<2017-09-26 13:05:23> DEBUG [org.apache.http.headers] http-outgoing-6 << Transfer-Encoding: chunked
<2017-09-26 13:05:23> DEBUG [org.apache.http.headers] http-outgoing-6 << Connection: keep-alive
<2017-09-26 13:05:23> DEBUG [org.apache.http.headers] http-outgoing-6 << Set-Cookie: JSESSIONID=F6E28E4994D1584E597DBDFCCCB1737E; Path=/nexperience/; HttpOnly
<2017-09-26 13:05:23> DEBUG [org.apache.http.headers] http-outgoing-6 << Expires: Thu, 01 Jan 1970 00:00:00 GMT
<2017-09-26 13:05:23> DEBUG [org.apache.http.headers] http-outgoing-6 << Cache-Control: no-cache
<2017-09-26 13:05:23> DEBUG [org.apache.http.headers] http-outgoing-6 << Cache-Control: no-cache
<2017-09-26 13:05:23> DEBUG [org.apache.http.headers] http-outgoing-6 << Expires: Thu, 01 Jan 1970 00:00:00 GMT
<2017-09-26 13:05:23> DEBUG [org.apache.http.headers] http-outgoing-6 << Set-Cookie: fast_failed=true
<2017-09-26 13:05:23> DEBUG [org.apache.http.headers] http-outgoing-6 << X-XSS-Protection: 2; mode=block
<2017-09-26 13:05:23> DEBUG [org.apache.http.headers] http-outgoing-6 << Content-Encoding: gzip
<2017-09-26 13:05:23> DEBUG [o.a.h.i.execchain.MainClientExec] Connection can be kept alive indefinitely
<2017-09-26 13:05:23> DEBUG [o.a.h.c.p.ResponseProcessCookies] Cookie accepted [JSESSIONID="F6E28E4994D1584E597DBDFCCCB1737E", version:0, domain:branchtest.perfectomobile.com, path:/nexperience/, expiry:null]
<2017-09-26 13:05:23> DEBUG [o.a.h.c.p.ResponseProcessCookies] Cookie accepted [fast_failed="true", version:0, domain:branchtest.perfectomobile.com, path:/nexperience/perfectomobile/wd/hub/session/0bb5ccaf-7de4-4682-9e6c-c5841ee5c6a7, expiry:null]
<2017-09-26 13:05:23> DEBUG [o.a.h.i.c.PoolingHttpClientConnectionManager] Connection [id: 6][route: {s}->https://branchtest.perfectomobile.com:443] can be kept alive indefinitely
<2017-09-26 13:05:23> DEBUG [o.a.h.i.c.PoolingHttpClientConnectionManager] Connection released: [id: 6][route: {s}->https://branchtest.perfectomobile.com:443][total kept alive: 1; route allocated: 3 of 2000; total allocated: 3 of 2000]
<2017-09-26 13:05:23> DEBUG [o.a.h.c.p.RequestAddCookies] CookieSpec selected: default
<2017-09-26 13:05:23> DEBUG [o.a.h.c.p.RequestAddCookies] Cookie [version: 0][name: JSESSIONID][value: F6E28E4994D1584E597DBDFCCCB1737E][domain: branchtest.perfectomobile.com][path: /nexperience/][expiry: null] match [(secure)branchtest.perfectomobile.com:443/nexperience/perfectomobile/wd/hub/session/0bb5ccaf-7de4-4682-9e6c-c5841ee5c6a7/url]
<2017-09-26 13:05:23> DEBUG [o.a.h.c.p.RequestAddCookies] Cookie [version: 0][name: fast_failed][value: true][domain: branchtest.perfectomobile.com][path: /nexperience/perfectomobile/wd/hub][expiry: null] match [(secure)branchtest.perfectomobile.com:443/nexperience/perfectomobile/wd/hub/session/0bb5ccaf-7de4-4682-9e6c-c5841ee5c6a7/url]
<2017-09-26 13:05:23> DEBUG [o.a.h.c.p.RequestAddCookies] Cookie [version: 0][name: fast_failed][value: true][domain: branchtest.perfectomobile.com][path: /nexperience/perfectomobile/wd/hub/session][expiry: null] match [(secure)branchtest.perfectomobile.com:443/nexperience/perfectomobile/wd/hub/session/0bb5ccaf-7de4-4682-9e6c-c5841ee5c6a7/url]
<2017-09-26 13:05:23> DEBUG [o.a.h.c.p.RequestAddCookies] Cookie [version: 0][name: fast_failed][value: true][domain: branchtest.perfectomobile.com][path: /nexperience/perfectomobile/wd/hub/session/0bb5ccaf-7de4-4682-9e6c-c5841ee5c6a7][expiry: null] match [(secure)branchtest.perfectomobile.com:443/nexperience/perfectomobile/wd/hub/session/0bb5ccaf-7de4-4682-9e6c-c5841ee5c6a7/url]
<2017-09-26 13:05:23> DEBUG [o.a.h.c.p.RequestAuthCache] Auth cache not set in the context
<2017-09-26 13:05:23> DEBUG [o.a.h.i.c.PoolingHttpClientConnectionManager] Connection request: [route: {s}->https://branchtest.perfectomobile.com:443][total kept alive: 1; route allocated: 3 of 2000; total allocated: 3 of 2000]
<2017-09-26 13:05:23> DEBUG [o.a.h.i.c.PoolingHttpClientConnectionManager] Connection leased: [id: 6][route: {s}->https://branchtest.perfectomobile.com:443][total kept alive: 0; route allocated: 3 of 2000; total allocated: 3 of 2000]
<2017-09-26 13:05:23> DEBUG [o.a.h.i.execchain.MainClientExec] Stale connection check
<2017-09-26 13:05:23> DEBUG [org.apache.http.wire] http-outgoing-6 << "[read] I/O error: Read timed out"
<2017-09-26 13:05:23> DEBUG [o.a.h.i.c.DefaultManagedHttpClientConnection] http-outgoing-6: set socket timeout to 10800000
<2017-09-26 13:05:23> DEBUG [o.a.h.i.execchain.MainClientExec] Executing request POST /nexperience/perfectomobile/wd/hub/session/0bb5ccaf-7de4-4682-9e6c-c5841ee5c6a7/url HTTP/1.1
<2017-09-26 13:05:23> DEBUG [o.a.h.i.execchain.MainClientExec] Target auth state: UNCHALLENGED
<2017-09-26 13:05:23> DEBUG [o.a.h.i.execchain.MainClientExec] Proxy auth state: UNCHALLENGED
<2017-09-26 13:05:23> DEBUG [org.apache.http.headers] http-outgoing-6 >> POST /nexperience/perfectomobile/wd/hub/session/0bb5ccaf-7de4-4682-9e6c-c5841ee5c6a7/url HTTP/1.1
<2017-09-26 13:05:23> DEBUG [org.apache.http.headers] http-outgoing-6 >> Content-Type: application/json; charset=utf-8
<2017-09-26 13:05:23> DEBUG [org.apache.http.headers] http-outgoing-6 >> Content-Length: 61
<2017-09-26 13:05:23> DEBUG [org.apache.http.headers] http-outgoing-6 >> Host: branchtest.perfectomobile.com
<2017-09-26 13:05:23> DEBUG [org.apache.http.headers] http-outgoing-6 >> Connection: Keep-Alive
<2017-09-26 13:05:23> DEBUG [org.apache.http.headers] http-outgoing-6 >> User-Agent: Apache-HttpClient/4.5.2 (Java/1.8.0_121)
<2017-09-26 13:05:23> DEBUG [org.apache.http.headers] http-outgoing-6 >> Cookie: JSESSIONID=F6E28E4994D1584E597DBDFCCCB1737E; fast_failed=true; fast_failed=true; fast_failed=true
<2017-09-26 13:05:23> DEBUG [org.apache.http.headers] http-outgoing-6 >> Accept-Encoding: gzip,deflate
<2017-09-26 13:05:23> DEBUG [org.apache.http.wire] http-outgoing-6 >> "POST /nexperience/perfectomobile/wd/hub/session/0bb5ccaf-7de4-4682-9e6c-c5841ee5c6a7/url HTTP/1.1[\r][\n]"
<2017-09-26 13:05:23> DEBUG [org.apache.http.wire] http-outgoing-6 >> "Content-Type: application/json; charset=utf-8[\r][\n]"
<2017-09-26 13:05:23> DEBUG [org.apache.http.wire] http-outgoing-6 >> "Content-Length: 61[\r][\n]"
<2017-09-26 13:05:23> DEBUG [org.apache.http.wire] http-outgoing-6 >> "Host: branchtest.perfectomobile.com[\r][\n]"
<2017-09-26 13:05:23> DEBUG [org.apache.http.wire] http-outgoing-6 >> "Connection: Keep-Alive[\r][\n]"
<2017-09-26 13:05:23> DEBUG [org.apache.http.wire] http-outgoing-6 >> "User-Agent: Apache-HttpClient/4.5.2 (Java/1.8.0_121)[\r][\n]"
<2017-09-26 13:05:23> DEBUG [org.apache.http.wire] http-outgoing-6 >> "Cookie: JSESSIONID=F6E28E4994D1584E597DBDFCCCB1737E; fast_failed=true; fast_failed=true; fast_failed=true[\r][\n]"
<2017-09-26 13:05:23> DEBUG [org.apache.http.wire] http-outgoing-6 >> "Accept-Encoding: gzip,deflate[\r][\n]"
<2017-09-26 13:05:23> DEBUG [org.apache.http.wire] http-outgoing-6 >> "[\r][\n]"
<2017-09-26 13:05:23> DEBUG [org.apache.http.wire] http-outgoing-6 >> "{"url":"http://way2automation.com/way2auto_jquery/index.php"}"
<2017-09-26 13:05:23> DEBUG [org.apache.http.wire] http-outgoing-6 << "HTTP/1.1 200 OK[\r][\n]"
<2017-09-26 13:05:23> DEBUG [org.apache.http.wire] http-outgoing-6 << "Server: nginx[\r][\n]"
<2017-09-26 13:05:23> DEBUG [org.apache.http.wire] http-outgoing-6 << "Date: Tue, 26 Sep 2017 10:05:19 GMT[\r][\n]"
<2017-09-26 13:05:23> DEBUG [org.apache.http.wire] http-outgoing-6 << "Content-Type: application/json;charset=utf-8[\r][\n]"
<2017-09-26 13:05:23> DEBUG [org.apache.http.wire] http-outgoing-6 << "Transfer-Encoding: chunked[\r][\n]"
<2017-09-26 13:05:23> DEBUG [org.apache.http.wire] http-outgoing-6 << "Connection: keep-alive[\r][\n]"
<2017-09-26 13:05:23> DEBUG [org.apache.http.wire] http-outgoing-6 << "Set-Cookie: JSESSIONID=F6E28E4994D1584E597DBDFCCCB1737E; Path=/nexperience/; HttpOnly[\r][\n]"
<2017-09-26 13:05:23> DEBUG [org.apache.http.wire] http-outgoing-6 << "Expires: Thu, 01 Jan 1970 00:00:00 GMT[\r][\n]"
<2017-09-26 13:05:23> DEBUG [org.apache.http.wire] http-outgoing-6 << "Cache-Control: no-cache[\r][\n]"
<2017-09-26 13:05:23> DEBUG [org.apache.http.wire] http-outgoing-6 << "Cache-Control: no-cache[\r][\n]"
<2017-09-26 13:05:23> DEBUG [org.apache.http.wire] http-outgoing-6 << "Expires: Thu, 01 Jan 1970 00:00:00 GMT[\r][\n]"
<2017-09-26 13:05:23> DEBUG [org.apache.http.wire] http-outgoing-6 << "Set-Cookie: fast_failed=true[\r][\n]"
<2017-09-26 13:05:23> DEBUG [org.apache.http.wire] http-outgoing-6 << "X-XSS-Protection: 2; mode=block[\r][\n]"
<2017-09-26 13:05:23> DEBUG [org.apache.http.wire] http-outgoing-6 << "Content-Encoding: gzip[\r][\n]"
<2017-09-26 13:05:23> DEBUG [org.apache.http.wire] http-outgoing-6 << "[\r][\n]"
<2017-09-26 13:05:23> DEBUG [org.apache.http.wire] http-outgoing-6 << "95[\r][\n]"
<2017-09-26 13:05:23> DEBUG [org.apache.http.wire] http-outgoing-6 << "[0x1f][0x8b][0x8][0x0][0x0][0x0][0x0][0x0][0x0][0x3]-[0xcc]1[0x12][0xc2] [0x10][0x85][0xe1][0xbb]l[0x1d][0x18][0xa2]@0[0xad][0x95][0xad]7 [0x9b]U3C [0xc9][0x82][0x8d][0xe3][0xdd][0xdd][0xc2][0xf6][0x9f][0xef][0xbd][0xf]01/%[0xdf]f[0x18][0xc1]L[0x93]C[0x8c][0xf]5[0xcc]d[0x95][0xf5][0xe1][0xa4].[0xe4]Q[0xa1][0xb][0xb6]'r[0xe8][0xe3][0x0][0x1d]p[0x8d][0x95][0x84]sC[0x94][0xb5][0x94][0xd7][0xb5][0xcc]Rz[0x17][0x82][0xb1][0xc6][0xdb]s[0x7][0xef][0x98][0x9a][0xa4][0xdc]R[0xea][0x0]S[0x14]7B9[0x9e][0xba]l[0x94][0xf7][0xa8][0x99][0x12][0xe5][0xa5][0xad][0xfa][0xa0][0xb5]T[0xd2]w[0xe2][0xad]d[0xa6][0xff]]]>&#x7f;<![CDATA[[0x13]n[0xbe]?[0x84][0x14][0xb][0x80][0x9f][0x0][0x0][0x0][\r][\n]"
<2017-09-26 13:05:23> DEBUG [org.apache.http.wire] http-outgoing-6 << "0[\r][\n]"
<2017-09-26 13:05:23> DEBUG [org.apache.http.wire] http-outgoing-6 << "[\r][\n]"
<2017-09-26 13:05:23> DEBUG [org.apache.http.headers] http-outgoing-6 << HTTP/1.1 200 OK
<2017-09-26 13:05:23> DEBUG [org.apache.http.headers] http-outgoing-6 << Server: nginx
<2017-09-26 13:05:23> DEBUG [org.apache.http.headers] http-outgoing-6 << Date: Tue, 26 Sep 2017 10:05:19 GMT
<2017-09-26 13:05:23> DEBUG [org.apache.http.headers] http-outgoing-6 << Content-Type: application/json;charset=utf-8
<2017-09-26 13:05:23> DEBUG [org.apache.http.headers] http-outgoing-6 << Transfer-Encoding: chunked
<2017-09-26 13:05:23> DEBUG [org.apache.http.headers] http-outgoing-6 << Connection: keep-alive
<2017-09-26 13:05:23> DEBUG [org.apache.http.headers] http-outgoing-6 << Set-Cookie: JSESSIONID=F6E28E4994D1584E597DBDFCCCB1737E; Path=/nexperience/; HttpOnly
<2017-09-26 13:05:23> DEBUG [org.apache.http.headers] http-outgoing-6 << Expires: Thu, 01 Jan 1970 00:00:00 GMT
<2017-09-26 13:05:23> DEBUG [org.apache.http.headers] http-outgoing-6 << Cache-Control: no-cache
<2017-09-26 13:05:23> DEBUG [org.apache.http.headers] http-outgoing-6 << Cache-Control: no-cache
<2017-09-26 13:05:23> DEBUG [org.apache.http.headers] http-outgoing-6 << Expires: Thu, 01 Jan 1970 00:00:00 GMT
<2017-09-26 13:05:23> DEBUG [org.apache.http.headers] http-outgoing-6 << Set-Cookie: fast_failed=true
<2017-09-26 13:05:23> DEBUG [org.apache.http.headers] http-outgoing-6 << X-XSS-Protection: 2; mode=block
<2017-09-26 13:05:23> DEBUG [org.apache.http.headers] http-outgoing-6 << Content-Encoding: gzip
<2017-09-26 13:05:23> DEBUG [o.a.h.i.execchain.MainClientExec] Connection can be kept alive indefinitely
<2017-09-26 13:05:23> DEBUG [o.a.h.c.p.ResponseProcessCookies] Cookie accepted [JSESSIONID="F6E28E4994D1584E597DBDFCCCB1737E", version:0, domain:branchtest.perfectomobile.com, path:/nexperience/, expiry:null]
<2017-09-26 13:05:23> DEBUG [o.a.h.c.p.ResponseProcessCookies] Cookie accepted [fast_failed="true", version:0, domain:branchtest.perfectomobile.com, path:/nexperience/perfectomobile/wd/hub/session/0bb5ccaf-7de4-4682-9e6c-c5841ee5c6a7, expiry:null]
<2017-09-26 13:05:23> DEBUG [o.a.h.i.c.PoolingHttpClientConnectionManager] Connection [id: 6][route: {s}->https://branchtest.perfectomobile.com:443] can be kept alive indefinitely
<2017-09-26 13:05:23> DEBUG [o.a.h.i.c.PoolingHttpClientConnectionManager] Connection released: [id: 6][route: {s}->https://branchtest.perfectomobile.com:443][total kept alive: 1; route allocated: 3 of 2000; total allocated: 3 of 2000]
<2017-09-26 13:05:33> DEBUG [o.a.h.c.p.RequestAddCookies] CookieSpec selected: default
<2017-09-26 13:05:33> DEBUG [o.a.h.c.p.RequestAddCookies] Cookie [version: 0][name: JSESSIONID][value: F6E28E4994D1584E597DBDFCCCB1737E][domain: branchtest.perfectomobile.com][path: /nexperience/][expiry: null] match [(secure)branchtest.perfectomobile.com:443/nexperience/perfectomobile/wd/hub/session/0bb5ccaf-7de4-4682-9e6c-c5841ee5c6a7/execute]
<2017-09-26 13:05:33> DEBUG [o.a.h.c.p.RequestAddCookies] Cookie [version: 0][name: fast_failed][value: true][domain: branchtest.perfectomobile.com][path: /nexperience/perfectomobile/wd/hub][expiry: null] match [(secure)branchtest.perfectomobile.com:443/nexperience/perfectomobile/wd/hub/session/0bb5ccaf-7de4-4682-9e6c-c5841ee5c6a7/execute]
<2017-09-26 13:05:33> DEBUG [o.a.h.c.p.RequestAddCookies] Cookie [version: 0][name: fast_failed][value: true][domain: branchtest.perfectomobile.com][path: /nexperience/perfectomobile/wd/hub/session][expiry: null] match [(secure)branchtest.perfectomobile.com:443/nexperience/perfectomobile/wd/hub/session/0bb5ccaf-7de4-4682-9e6c-c5841ee5c6a7/execute]
<2017-09-26 13:05:33> DEBUG [o.a.h.c.p.RequestAddCookies] Cookie [version: 0][name: fast_failed][value: true][domain: branchtest.perfectomobile.com][path: /nexperience/perfectomobile/wd/hub/session/0bb5ccaf-7de4-4682-9e6c-c5841ee5c6a7][expiry: null] match [(secure)branchtest.perfectomobile.com:443/nexperience/perfectomobile/wd/hub/session/0bb5ccaf-7de4-4682-9e6c-c5841ee5c6a7/execute]
<2017-09-26 13:05:33> DEBUG [o.a.h.c.p.RequestAuthCache] Auth cache not set in the context
<2017-09-26 13:05:33> DEBUG [o.a.h.i.c.PoolingHttpClientConnectionManager] Connection request: [route: {s}->https://branchtest.perfectomobile.com:443][total kept alive: 1; route allocated: 3 of 2000; total allocated: 3 of 2000]
<2017-09-26 13:05:33> DEBUG [org.apache.http.wire] http-outgoing-6 << "[read] I/O error: Read timed out"
<2017-09-26 13:05:33> DEBUG [o.a.h.i.c.PoolingHttpClientConnectionManager] Connection leased: [id: 6][route: {s}->https://branchtest.perfectomobile.com:443][total kept alive: 0; route allocated: 3 of 2000; total allocated: 3 of 2000]
<2017-09-26 13:05:33> DEBUG [o.a.h.i.execchain.MainClientExec] Stale connection check
<2017-09-26 13:05:33> DEBUG [org.apache.http.wire] http-outgoing-6 << "[read] I/O error: Read timed out"
<2017-09-26 13:05:33> DEBUG [o.a.h.i.c.DefaultManagedHttpClientConnection] http-outgoing-6: set socket timeout to 10800000
<2017-09-26 13:05:33> DEBUG [o.a.h.i.execchain.MainClientExec] Executing request POST /nexperience/perfectomobile/wd/hub/session/0bb5ccaf-7de4-4682-9e6c-c5841ee5c6a7/execute HTTP/1.1
<2017-09-26 13:05:33> DEBUG [o.a.h.i.execchain.MainClientExec] Target auth state: UNCHALLENGED
<2017-09-26 13:05:33> DEBUG [o.a.h.i.execchain.MainClientExec] Proxy auth state: UNCHALLENGED
<2017-09-26 13:05:33> DEBUG [org.apache.http.headers] http-outgoing-6 >> POST /nexperience/perfectomobile/wd/hub/session/0bb5ccaf-7de4-4682-9e6c-c5841ee5c6a7/execute HTTP/1.1
<2017-09-26 13:05:33> DEBUG [org.apache.http.headers] http-outgoing-6 >> Content-Type: application/json; charset=utf-8
<2017-09-26 13:05:33> DEBUG [org.apache.http.headers] http-outgoing-6 >> Content-Length: 54
<2017-09-26 13:05:33> DEBUG [org.apache.http.headers] http-outgoing-6 >> Host: branchtest.perfectomobile.com
<2017-09-26 13:05:33> DEBUG [org.apache.http.headers] http-outgoing-6 >> Connection: Keep-Alive
<2017-09-26 13:05:33> DEBUG [org.apache.http.headers] http-outgoing-6 >> User-Agent: Apache-HttpClient/4.5.2 (Java/1.8.0_121)
<2017-09-26 13:05:33> DEBUG [org.apache.http.headers] http-outgoing-6 >> Cookie: JSESSIONID=F6E28E4994D1584E597DBDFCCCB1737E; fast_failed=true; fast_failed=true; fast_failed=true
<2017-09-26 13:05:33> DEBUG [org.apache.http.headers] http-outgoing-6 >> Accept-Encoding: gzip,deflate
<2017-09-26 13:05:33> DEBUG [org.apache.http.wire] http-outgoing-6 >> "POST /nexperience/perfectomobile/wd/hub/session/0bb5ccaf-7de4-4682-9e6c-c5841ee5c6a7/execute HTTP/1.1[\r][\n]"
<2017-09-26 13:05:33> DEBUG [org.apache.http.wire] http-outgoing-6 >> "Content-Type: application/json; charset=utf-8[\r][\n]"
<2017-09-26 13:05:33> DEBUG [org.apache.http.wire] http-outgoing-6 >> "Content-Length: 54[\r][\n]"
<2017-09-26 13:05:33> DEBUG [org.apache.http.wire] http-outgoing-6 >> "Host: branchtest.perfectomobile.com[\r][\n]"
<2017-09-26 13:05:33> DEBUG [org.apache.http.wire] http-outgoing-6 >> "Connection: Keep-Alive[\r][\n]"
<2017-09-26 13:05:33> DEBUG [org.apache.http.wire] http-outgoing-6 >> "User-Agent: Apache-HttpClient/4.5.2 (Java/1.8.0_121)[\r][\n]"
<2017-09-26 13:05:33> DEBUG [org.apache.http.wire] http-outgoing-6 >> "Cookie: JSESSIONID=F6E28E4994D1584E597DBDFCCCB1737E; fast_failed=true; fast_failed=true; fast_failed=true[\r][\n]"
<2017-09-26 13:05:33> DEBUG [org.apache.http.wire] http-outgoing-6 >> "Accept-Encoding: gzip,deflate[\r][\n]"
<2017-09-26 13:05:33> DEBUG [org.apache.http.wire] http-outgoing-6 >> "[\r][\n]"
<2017-09-26 13:05:33> DEBUG [org.apache.http.wire] http-outgoing-6 >> "{"script":"mobile:step:end","args":[{"message":null}]}"
<2017-09-26 13:05:33> DEBUG [org.apache.http.wire] http-outgoing-6 << "HTTP/1.1 200 OK[\r][\n]"
<2017-09-26 13:05:33> DEBUG [org.apache.http.wire] http-outgoing-6 << "Server: nginx[\r][\n]"
<2017-09-26 13:05:33> DEBUG [org.apache.http.wire] http-outgoing-6 << "Date: Tue, 26 Sep 2017 10:05:30 GMT[\r][\n]"
<2017-09-26 13:05:33> DEBUG [org.apache.http.wire] http-outgoing-6 << "Content-Type: application/json;charset=utf-8[\r][\n]"
<2017-09-26 13:05:33> DEBUG [org.apache.http.wire] http-outgoing-6 << "Transfer-Encoding: chunked[\r][\n]"
<2017-09-26 13:05:33> DEBUG [org.apache.http.wire] http-outgoing-6 << "Connection: keep-alive[\r][\n]"
<2017-09-26 13:05:33> DEBUG [org.apache.http.wire] http-outgoing-6 << "Set-Cookie: JSESSIONID=F6E28E4994D1584E597DBDFCCCB1737E; Path=/nexperience/; HttpOnly[\r][\n]"
<2017-09-26 13:05:33> DEBUG [org.apache.http.wire] http-outgoing-6 << "Expires: Thu, 01 Jan 1970 00:00:00 GMT[\r][\n]"
<2017-09-26 13:05:33> DEBUG [org.apache.http.wire] http-outgoing-6 << "Cache-Control: no-cache[\r][\n]"
<2017-09-26 13:05:33> DEBUG [org.apache.http.wire] http-outgoing-6 << "Cache-Control: no-cache[\r][\n]"
<2017-09-26 13:05:33> DEBUG [org.apache.http.wire] http-outgoing-6 << "Expires: Thu, 01 Jan 1970 00:00:00 GMT[\r][\n]"
<2017-09-26 13:05:33> DEBUG [org.apache.http.wire] http-outgoing-6 << "Set-Cookie: fast_failed=true[\r][\n]"
<2017-09-26 13:05:33> DEBUG [org.apache.http.wire] http-outgoing-6 << "X-XSS-Protection: 2; mode=block[\r][\n]"
<2017-09-26 13:05:33> DEBUG [org.apache.http.wire] http-outgoing-6 << "Content-Encoding: gzip[\r][\n]"
<2017-09-26 13:05:33> DEBUG [org.apache.http.wire] http-outgoing-6 << "[\r][\n]"
<2017-09-26 13:05:33> DEBUG [org.apache.http.wire] http-outgoing-6 << "95[\r][\n]"
<2017-09-26 13:05:33> DEBUG [org.apache.http.wire] http-outgoing-6 << "[0x1f][0x8b][0x8][0x0][0x0][0x0][0x0][0x0][0x0][0x3]-[0xcc];[0x12][0xc2]0[0xc]E[0xd1][0xbd][0xa8][0x8e]=![0xc8][0xce][0xa7][0xa5][0xa2]e[0x7][0x8e], 3[0x8e][0x1d][0xa2][0x98][0x86]a[0xef][0xa8][0xa0][0xbd]s[0xde][0xfb][0x80][0xb0][0xc8]R[0xf2]5[0xc2][0x4][0xed]<;[0xa2]p7}d4[0xe8][0x87][0xce][0x8c][0xec][0xc9][0x90][0x1b][0xf0][0xc4][0xec][0xc8][0x87][0x1e][0x1a][0x90]#[0x1c][0xac]\*[0x91][0xae][0xb5]</%j[0x19][0x11][0x1d]bwn[0x1b]x[0x87]T[0xb5][0xe4][0x9a]R[0x3][0x94][0x82][0xb2][0x9][0xca][0xfe][0xb0]e[0xe3][0xfc][\n]"
<2017-09-26 13:05:33> DEBUG [org.apache.http.wire] http-outgoing-6 << "V8q^[0xea]jw^[0xcb][0xc1][0xf6][0xc6][0xb2][0x95],[0xfc][0xbf][0xaf][0xca][0xdb][0xef][0xf].[0xd8][0xaa][0x89][0x9e][0x0][0x0][0x0][\r][\n]"
<2017-09-26 13:05:33> DEBUG [org.apache.http.wire] http-outgoing-6 << "0[\r][\n]"
<2017-09-26 13:05:33> DEBUG [org.apache.http.wire] http-outgoing-6 << "[\r][\n]"
<2017-09-26 13:05:33> DEBUG [org.apache.http.headers] http-outgoing-6 << HTTP/1.1 200 OK
<2017-09-26 13:05:33> DEBUG [org.apache.http.headers] http-outgoing-6 << Server: nginx
<2017-09-26 13:05:33> DEBUG [org.apache.http.headers] http-outgoing-6 << Date: Tue, 26 Sep 2017 10:05:30 GMT
<2017-09-26 13:05:33> DEBUG [org.apache.http.headers] http-outgoing-6 << Content-Type: application/json;charset=utf-8
<2017-09-26 13:05:33> DEBUG [org.apache.http.headers] http-outgoing-6 << Transfer-Encoding: chunked
<2017-09-26 13:05:33> DEBUG [org.apache.http.headers] http-outgoing-6 << Connection: keep-alive
<2017-09-26 13:05:33> DEBUG [org.apache.http.headers] http-outgoing-6 << Set-Cookie: JSESSIONID=F6E28E4994D1584E597DBDFCCCB1737E; Path=/nexperience/; HttpOnly
<2017-09-26 13:05:33> DEBUG [org.apache.http.headers] http-outgoing-6 << Expires: Thu, 01 Jan 1970 00:00:00 GMT
<2017-09-26 13:05:33> DEBUG [org.apache.http.headers] http-outgoing-6 << Cache-Control: no-cache
<2017-09-26 13:05:33> DEBUG [org.apache.http.headers] http-outgoing-6 << Cache-Control: no-cache
<2017-09-26 13:05:33> DEBUG [org.apache.http.headers] http-outgoing-6 << Expires: Thu, 01 Jan 1970 00:00:00 GMT
<2017-09-26 13:05:33> DEBUG [org.apache.http.headers] http-outgoing-6 << Set-Cookie: fast_failed=true
<2017-09-26 13:05:33> DEBUG [org.apache.http.headers] http-outgoing-6 << X-XSS-Protection: 2; mode=block
<2017-09-26 13:05:33> DEBUG [org.apache.http.headers] http-outgoing-6 << Content-Encoding: gzip
<2017-09-26 13:05:33> DEBUG [o.a.h.i.execchain.MainClientExec] Connection can be kept alive indefinitely
<2017-09-26 13:05:33> DEBUG [o.a.h.c.p.ResponseProcessCookies] Cookie accepted [JSESSIONID="F6E28E4994D1584E597DBDFCCCB1737E", version:0, domain:branchtest.perfectomobile.com, path:/nexperience/, expiry:null]
<2017-09-26 13:05:33> DEBUG [o.a.h.c.p.ResponseProcessCookies] Cookie accepted [fast_failed="true", version:0, domain:branchtest.perfectomobile.com, path:/nexperience/perfectomobile/wd/hub/session/0bb5ccaf-7de4-4682-9e6c-c5841ee5c6a7, expiry:null]
<2017-09-26 13:05:33> DEBUG [o.a.h.i.c.PoolingHttpClientConnectionManager] Connection [id: 6][route: {s}->https://branchtest.perfectomobile.com:443] can be kept alive indefinitely
<2017-09-26 13:05:33> DEBUG [o.a.h.i.c.PoolingHttpClientConnectionManager] Connection released: [id: 6][route: {s}->https://branchtest.perfectomobile.com:443][total kept alive: 1; route allocated: 3 of 2000; total allocated: 3 of 2000]
<2017-09-26 13:05:33> DEBUG [o.a.h.c.p.RequestAddCookies] CookieSpec selected: default
<2017-09-26 13:05:33> DEBUG [o.a.h.c.p.RequestAddCookies] Cookie [version: 0][name: JSESSIONID][value: F6E28E4994D1584E597DBDFCCCB1737E][domain: branchtest.perfectomobile.com][path: /nexperience/][expiry: null] match [(secure)branchtest.perfectomobile.com:443/nexperience/perfectomobile/wd/hub/session/0bb5ccaf-7de4-4682-9e6c-c5841ee5c6a7/execute]
<2017-09-26 13:05:33> DEBUG [o.a.h.c.p.RequestAddCookies] Cookie [version: 0][name: fast_failed][value: true][domain: branchtest.perfectomobile.com][path: /nexperience/perfectomobile/wd/hub][expiry: null] match [(secure)branchtest.perfectomobile.com:443/nexperience/perfectomobile/wd/hub/session/0bb5ccaf-7de4-4682-9e6c-c5841ee5c6a7/execute]
<2017-09-26 13:05:33> DEBUG [o.a.h.c.p.RequestAddCookies] Cookie [version: 0][name: fast_failed][value: true][domain: branchtest.perfectomobile.com][path: /nexperience/perfectomobile/wd/hub/session][expiry: null] match [(secure)branchtest.perfectomobile.com:443/nexperience/perfectomobile/wd/hub/session/0bb5ccaf-7de4-4682-9e6c-c5841ee5c6a7/execute]
<2017-09-26 13:05:33> DEBUG [o.a.h.c.p.RequestAddCookies] Cookie [version: 0][name: fast_failed][value: true][domain: branchtest.perfectomobile.com][path: /nexperience/perfectomobile/wd/hub/session/0bb5ccaf-7de4-4682-9e6c-c5841ee5c6a7][expiry: null] match [(secure)branchtest.perfectomobile.com:443/nexperience/perfectomobile/wd/hub/session/0bb5ccaf-7de4-4682-9e6c-c5841ee5c6a7/execute]
<2017-09-26 13:05:33> DEBUG [o.a.h.c.p.RequestAuthCache] Auth cache not set in the context
<2017-09-26 13:05:33> DEBUG [o.a.h.i.c.PoolingHttpClientConnectionManager] Connection request: [route: {s}->https://branchtest.perfectomobile.com:443][total kept alive: 1; route allocated: 3 of 2000; total allocated: 3 of 2000]
<2017-09-26 13:05:33> DEBUG [o.a.h.i.c.PoolingHttpClientConnectionManager] Connection leased: [id: 6][route: {s}->https://branchtest.perfectomobile.com:443][total kept alive: 0; route allocated: 3 of 2000; total allocated: 3 of 2000]
<2017-09-26 13:05:33> DEBUG [o.a.h.i.execchain.MainClientExec] Stale connection check
<2017-09-26 13:05:33> DEBUG [org.apache.http.wire] http-outgoing-6 << "[read] I/O error: Read timed out"
<2017-09-26 13:05:33> DEBUG [o.a.h.i.c.DefaultManagedHttpClientConnection] http-outgoing-6: set socket timeout to 10800000
<2017-09-26 13:05:33> DEBUG [o.a.h.i.execchain.MainClientExec] Executing request POST /nexperience/perfectomobile/wd/hub/session/0bb5ccaf-7de4-4682-9e6c-c5841ee5c6a7/execute HTTP/1.1
<2017-09-26 13:05:33> DEBUG [o.a.h.i.execchain.MainClientExec] Target auth state: UNCHALLENGED
<2017-09-26 13:05:33> DEBUG [o.a.h.i.execchain.MainClientExec] Proxy auth state: UNCHALLENGED
<2017-09-26 13:05:33> DEBUG [org.apache.http.headers] http-outgoing-6 >> POST /nexperience/perfectomobile/wd/hub/session/0bb5ccaf-7de4-4682-9e6c-c5841ee5c6a7/execute HTTP/1.1
<2017-09-26 13:05:33> DEBUG [org.apache.http.headers] http-outgoing-6 >> Content-Type: application/json; charset=utf-8
<2017-09-26 13:05:33> DEBUG [org.apache.http.headers] http-outgoing-6 >> Content-Length: 72
<2017-09-26 13:05:33> DEBUG [org.apache.http.headers] http-outgoing-6 >> Host: branchtest.perfectomobile.com
<2017-09-26 13:05:33> DEBUG [org.apache.http.headers] http-outgoing-6 >> Connection: Keep-Alive
<2017-09-26 13:05:33> DEBUG [org.apache.http.headers] http-outgoing-6 >> User-Agent: Apache-HttpClient/4.5.2 (Java/1.8.0_121)
<2017-09-26 13:05:33> DEBUG [org.apache.http.headers] http-outgoing-6 >> Cookie: JSESSIONID=F6E28E4994D1584E597DBDFCCCB1737E; fast_failed=true; fast_failed=true; fast_failed=true
<2017-09-26 13:05:33> DEBUG [org.apache.http.headers] http-outgoing-6 >> Accept-Encoding: gzip,deflate
<2017-09-26 13:05:33> DEBUG [org.apache.http.wire] http-outgoing-6 >> "POST /nexperience/perfectomobile/wd/hub/session/0bb5ccaf-7de4-4682-9e6c-c5841ee5c6a7/execute HTTP/1.1[\r][\n]"
<2017-09-26 13:05:33> DEBUG [org.apache.http.wire] http-outgoing-6 >> "Content-Type: application/json; charset=utf-8[\r][\n]"
<2017-09-26 13:05:33> DEBUG [org.apache.http.wire] http-outgoing-6 >> "Content-Length: 72[\r][\n]"
<2017-09-26 13:05:33> DEBUG [org.apache.http.wire] http-outgoing-6 >> "Host: branchtest.perfectomobile.com[\r][\n]"
<2017-09-26 13:05:33> DEBUG [org.apache.http.wire] http-outgoing-6 >> "Connection: Keep-Alive[\r][\n]"
<2017-09-26 13:05:33> DEBUG [org.apache.http.wire] http-outgoing-6 >> "User-Agent: Apache-HttpClient/4.5.2 (Java/1.8.0_121)[\r][\n]"
<2017-09-26 13:05:33> DEBUG [org.apache.http.wire] http-outgoing-6 >> "Cookie: JSESSIONID=F6E28E4994D1584E597DBDFCCCB1737E; fast_failed=true; fast_failed=true; fast_failed=true[\r][\n]"
<2017-09-26 13:05:33> DEBUG [org.apache.http.wire] http-outgoing-6 >> "Accept-Encoding: gzip,deflate[\r][\n]"
<2017-09-26 13:05:33> DEBUG [org.apache.http.wire] http-outgoing-6 >> "[\r][\n]"
<2017-09-26 13:05:33> DEBUG [org.apache.http.wire] http-outgoing-6 >> "{"script":"mobile:step:start","args":[{"name":"Opening signin window"}]}"
<2017-09-26 13:05:33> DEBUG [org.apache.http.wire] http-outgoing-6 << "HTTP/1.1 200 OK[\r][\n]"
<2017-09-26 13:05:33> DEBUG [org.apache.http.wire] http-outgoing-6 << "Server: nginx[\r][\n]"
<2017-09-26 13:05:33> DEBUG [org.apache.http.wire] http-outgoing-6 << "Date: Tue, 26 Sep 2017 10:05:30 GMT[\r][\n]"
<2017-09-26 13:05:33> DEBUG [org.apache.http.wire] http-outgoing-6 << "Content-Type: application/json;charset=utf-8[\r][\n]"
<2017-09-26 13:05:33> DEBUG [org.apache.http.wire] http-outgoing-6 << "Transfer-Encoding: chunked[\r][\n]"
<2017-09-26 13:05:33> DEBUG [org.apache.http.wire] http-outgoing-6 << "Connection: keep-alive[\r][\n]"
<2017-09-26 13:05:33> DEBUG [org.apache.http.wire] http-outgoing-6 << "Set-Cookie: JSESSIONID=F6E28E4994D1584E597DBDFCCCB1737E; Path=/nexperience/; HttpOnly[\r][\n]"
<2017-09-26 13:05:33> DEBUG [org.apache.http.wire] http-outgoing-6 << "Expires: Thu, 01 Jan 1970 00:00:00 GMT[\r][\n]"
<2017-09-26 13:05:33> DEBUG [org.apache.http.wire] http-outgoing-6 << "Cache-Control: no-cache[\r][\n]"
<2017-09-26 13:05:33> DEBUG [org.apache.http.wire] http-outgoing-6 << "Cache-Control: no-cache[\r][\n]"
<2017-09-26 13:05:33> DEBUG [org.apache.http.wire] http-outgoing-6 << "Expires: Thu, 01 Jan 1970 00:00:00 GMT[\r][\n]"
<2017-09-26 13:05:33> DEBUG [org.apache.http.wire] http-outgoing-6 << "Set-Cookie: fast_failed=true[\r][\n]"
<2017-09-26 13:05:33> DEBUG [org.apache.http.wire] http-outgoing-6 << "X-XSS-Protection: 2; mode=block[\r][\n]"
<2017-09-26 13:05:33> DEBUG [org.apache.http.wire] http-outgoing-6 << "Content-Encoding: gzip[\r][\n]"
<2017-09-26 13:05:33> DEBUG [org.apache.http.wire] http-outgoing-6 << "[\r][\n]"
<2017-09-26 13:05:33> DEBUG [org.apache.http.wire] http-outgoing-6 << "94[\r][\n]"
<2017-09-26 13:05:33> DEBUG [org.apache.http.wire] http-outgoing-6 << "[0x1f][0x8b][0x8][0x0][0x0][0x0][0x0][0x0][0x0][0x3]-[0xcc][0xc1][0xe][0x82]0[0x10][0x4][0xd0]]]>&#x7f;<![CDATA[[0xd9]3m[0x0][0xa1][0x14][0xae][0x9e][0xbc][0xfa][0x7]e[0x19][0x95][0x4]Zd[0xa9][0x17][0xe3][0xbf][0xbb]&^g[0xde][0xcc][0x9b][0x4]"s[0x8a][0x97][0x89][0x6]*[0xc7][0xb1]e[0xe]7[0xd3]MhL[0xe3]|mz86[0xdc][0xfa][0xa6][0x2]Zv[0xa1][0xa3][0x82][0xe4][0x8][0x7][0x94]Kf[0xd6][0xb5]&[0x8f]s[0x9a]4[0xa9][0xba][0xda][0xf7][0xce][0x97][0xa7][0xba][0xa0]WX[0xf2][0xf]i[0xcb]KP5P[0xda][0xef]6m[0x88][0xcf]`[0x5][0xb][0xe2][0x9c]W[0xbb]cM[0x7][0xec][0x15][0xb2][0xa5]([0xf8][0xbf]g[0xe5][0xe5][0xe7][0xb][0xfe][0xcf]G![0x9d][0x0][0x0][0x0][\r][\n]"
<2017-09-26 13:05:33> DEBUG [org.apache.http.wire] http-outgoing-6 << "0[\r][\n]"
<2017-09-26 13:05:33> DEBUG [org.apache.http.wire] http-outgoing-6 << "[\r][\n]"
<2017-09-26 13:05:33> DEBUG [org.apache.http.headers] http-outgoing-6 << HTTP/1.1 200 OK
<2017-09-26 13:05:33> DEBUG [org.apache.http.headers] http-outgoing-6 << Server: nginx
<2017-09-26 13:05:33> DEBUG [org.apache.http.headers] http-outgoing-6 << Date: Tue, 26 Sep 2017 10:05:30 GMT
<2017-09-26 13:05:33> DEBUG [org.apache.http.headers] http-outgoing-6 << Content-Type: application/json;charset=utf-8
<2017-09-26 13:05:33> DEBUG [org.apache.http.headers] http-outgoing-6 << Transfer-Encoding: chunked
<2017-09-26 13:05:33> DEBUG [org.apache.http.headers] http-outgoing-6 << Connection: keep-alive
<2017-09-26 13:05:33> DEBUG [org.apache.http.headers] http-outgoing-6 << Set-Cookie: JSESSIONID=F6E28E4994D1584E597DBDFCCCB1737E; Path=/nexperience/; HttpOnly
<2017-09-26 13:05:33> DEBUG [org.apache.http.headers] http-outgoing-6 << Expires: Thu, 01 Jan 1970 00:00:00 GMT
<2017-09-26 13:05:33> DEBUG [org.apache.http.headers] http-outgoing-6 << Cache-Control: no-cache
<2017-09-26 13:05:33> DEBUG [org.apache.http.headers] http-outgoing-6 << Cache-Control: no-cache
<2017-09-26 13:05:33> DEBUG [org.apache.http.headers] http-outgoing-6 << Expires: Thu, 01 Jan 1970 00:00:00 GMT
<2017-09-26 13:05:33> DEBUG [org.apache.http.headers] http-outgoing-6 << Set-Cookie: fast_failed=true
<2017-09-26 13:05:33> DEBUG [org.apache.http.headers] http-outgoing-6 << X-XSS-Protection: 2; mode=block
<2017-09-26 13:05:33> DEBUG [org.apache.http.headers] http-outgoing-6 << Content-Encoding: gzip
<2017-09-26 13:05:33> DEBUG [o.a.h.i.execchain.MainClientExec] Connection can be kept alive indefinitely
<2017-09-26 13:05:33> DEBUG [o.a.h.c.p.ResponseProcessCookies] Cookie accepted [JSESSIONID="F6E28E4994D1584E597DBDFCCCB1737E", version:0, domain:branchtest.perfectomobile.com, path:/nexperience/, expiry:null]
<2017-09-26 13:05:33> DEBUG [o.a.h.c.p.ResponseProcessCookies] Cookie accepted [fast_failed="true", version:0, domain:branchtest.perfectomobile.com, path:/nexperience/perfectomobile/wd/hub/session/0bb5ccaf-7de4-4682-9e6c-c5841ee5c6a7, expiry:null]
<2017-09-26 13:05:33> DEBUG [o.a.h.i.c.PoolingHttpClientConnectionManager] Connection [id: 6][route: {s}->https://branchtest.perfectomobile.com:443] can be kept alive indefinitely
<2017-09-26 13:05:33> DEBUG [o.a.h.i.c.PoolingHttpClientConnectionManager] Connection released: [id: 6][route: {s}->https://branchtest.perfectomobile.com:443][total kept alive: 1; route allocated: 3 of 2000; total allocated: 3 of 2000]
<2017-09-26 13:05:33> DEBUG [o.a.h.c.p.RequestAddCookies] CookieSpec selected: default
<2017-09-26 13:05:33> DEBUG [o.a.h.c.p.RequestAddCookies] Cookie [version: 0][name: JSESSIONID][value: F6E28E4994D1584E597DBDFCCCB1737E][domain: branchtest.perfectomobile.com][path: /nexperience/][expiry: null] match [(secure)branchtest.perfectomobile.com:443/nexperience/perfectomobile/wd/hub/session/0bb5ccaf-7de4-4682-9e6c-c5841ee5c6a7/execute]
<2017-09-26 13:05:33> DEBUG [o.a.h.c.p.RequestAddCookies] Cookie [version: 0][name: fast_failed][value: true][domain: branchtest.perfectomobile.com][path: /nexperience/perfectomobile/wd/hub][expiry: null] match [(secure)branchtest.perfectomobile.com:443/nexperience/perfectomobile/wd/hub/session/0bb5ccaf-7de4-4682-9e6c-c5841ee5c6a7/execute]
<2017-09-26 13:05:33> DEBUG [o.a.h.c.p.RequestAddCookies] Cookie [version: 0][name: fast_failed][value: true][domain: branchtest.perfectomobile.com][path: /nexperience/perfectomobile/wd/hub/session][expiry: null] match [(secure)branchtest.perfectomobile.com:443/nexperience/perfectomobile/wd/hub/session/0bb5ccaf-7de4-4682-9e6c-c5841ee5c6a7/execute]
<2017-09-26 13:05:33> DEBUG [o.a.h.c.p.RequestAddCookies] Cookie [version: 0][name: fast_failed][value: true][domain: branchtest.perfectomobile.com][path: /nexperience/perfectomobile/wd/hub/session/0bb5ccaf-7de4-4682-9e6c-c5841ee5c6a7][expiry: null] match [(secure)branchtest.perfectomobile.com:443/nexperience/perfectomobile/wd/hub/session/0bb5ccaf-7de4-4682-9e6c-c5841ee5c6a7/execute]
<2017-09-26 13:05:33> DEBUG [o.a.h.c.p.RequestAuthCache] Auth cache not set in the context
<2017-09-26 13:05:33> DEBUG [o.a.h.i.c.PoolingHttpClientConnectionManager] Connection request: [route: {s}->https://branchtest.perfectomobile.com:443][total kept alive: 1; route allocated: 3 of 2000; total allocated: 3 of 2000]
<2017-09-26 13:05:33> DEBUG [o.a.h.i.c.PoolingHttpClientConnectionManager] Connection leased: [id: 6][route: {s}->https://branchtest.perfectomobile.com:443][total kept alive: 0; route allocated: 3 of 2000; total allocated: 3 of 2000]
<2017-09-26 13:05:33> DEBUG [o.a.h.i.execchain.MainClientExec] Stale connection check
<2017-09-26 13:05:33> DEBUG [org.apache.http.wire] http-outgoing-6 << "[read] I/O error: Read timed out"
<2017-09-26 13:05:33> DEBUG [o.a.h.i.c.DefaultManagedHttpClientConnection] http-outgoing-6: set socket timeout to 10800000
<2017-09-26 13:05:33> DEBUG [o.a.h.i.execchain.MainClientExec] Executing request POST /nexperience/perfectomobile/wd/hub/session/0bb5ccaf-7de4-4682-9e6c-c5841ee5c6a7/execute HTTP/1.1
<2017-09-26 13:05:33> DEBUG [o.a.h.i.execchain.MainClientExec] Target auth state: UNCHALLENGED
<2017-09-26 13:05:33> DEBUG [o.a.h.i.execchain.MainClientExec] Proxy auth state: UNCHALLENGED
<2017-09-26 13:05:33> DEBUG [org.apache.http.headers] http-outgoing-6 >> POST /nexperience/perfectomobile/wd/hub/session/0bb5ccaf-7de4-4682-9e6c-c5841ee5c6a7/execute HTTP/1.1
<2017-09-26 13:05:33> DEBUG [org.apache.http.headers] http-outgoing-6 >> Content-Type: application/json; charset=utf-8
<2017-09-26 13:05:33> DEBUG [org.apache.http.headers] http-outgoing-6 >> Content-Length: 97
<2017-09-26 13:05:33> DEBUG [org.apache.http.headers] http-outgoing-6 >> Host: branchtest.perfectomobile.com
<2017-09-26 13:05:33> DEBUG [org.apache.http.headers] http-outgoing-6 >> Connection: Keep-Alive
<2017-09-26 13:05:33> DEBUG [org.apache.http.headers] http-outgoing-6 >> User-Agent: Apache-HttpClient/4.5.2 (Java/1.8.0_121)
<2017-09-26 13:05:33> DEBUG [org.apache.http.headers] http-outgoing-6 >> Cookie: JSESSIONID=F6E28E4994D1584E597DBDFCCCB1737E; fast_failed=true; fast_failed=true; fast_failed=true
<2017-09-26 13:05:33> DEBUG [org.apache.http.headers] http-outgoing-6 >> Accept-Encoding: gzip,deflate
<2017-09-26 13:05:33> DEBUG [org.apache.http.wire] http-outgoing-6 >> "POST /nexperience/perfectomobile/wd/hub/session/0bb5ccaf-7de4-4682-9e6c-c5841ee5c6a7/execute HTTP/1.1[\r][\n]"
<2017-09-26 13:05:33> DEBUG [org.apache.http.wire] http-outgoing-6 >> "Content-Type: application/json; charset=utf-8[\r][\n]"
<2017-09-26 13:05:33> DEBUG [org.apache.http.wire] http-outgoing-6 >> "Content-Length: 97[\r][\n]"
<2017-09-26 13:05:33> DEBUG [org.apache.http.wire] http-outgoing-6 >> "Host: branchtest.perfectomobile.com[\r][\n]"
<2017-09-26 13:05:33> DEBUG [org.apache.http.wire] http-outgoing-6 >> "Connection: Keep-Alive[\r][\n]"
<2017-09-26 13:05:33> DEBUG [org.apache.http.wire] http-outgoing-6 >> "User-Agent: Apache-HttpClient/4.5.2 (Java/1.8.0_121)[\r][\n]"
<2017-09-26 13:05:33> DEBUG [org.apache.http.wire] http-outgoing-6 >> "Cookie: JSESSIONID=F6E28E4994D1584E597DBDFCCCB1737E; fast_failed=true; fast_failed=true; fast_failed=true[\r][\n]"
<2017-09-26 13:05:33> DEBUG [org.apache.http.wire] http-outgoing-6 >> "Accept-Encoding: gzip,deflate[\r][\n]"
<2017-09-26 13:05:33> DEBUG [org.apache.http.wire] http-outgoing-6 >> "[\r][\n]"
<2017-09-26 13:05:33> DEBUG [org.apache.http.wire] http-outgoing-6 >> "{"script":"mobile:text:select","args":[{"scrolling":"scroll","threshold":60,"content":"Signin"}]}"
<2017-09-26 13:05:34> DEBUG [org.apache.http.wire] http-outgoing-8 << "HTTP/1.1 200 OK[\r][\n]"
<2017-09-26 13:05:34> DEBUG [org.apache.http.wire] http-outgoing-8 << "Server: nginx[\r][\n]"
<2017-09-26 13:05:34> DEBUG [org.apache.http.wire] http-outgoing-8 << "Date: Tue, 26 Sep 2017 10:05:30 GMT[\r][\n]"
<2017-09-26 13:05:34> DEBUG [org.apache.http.wire] http-outgoing-8 << "Content-Type: application/json;charset=utf-8[\r][\n]"
<2017-09-26 13:05:34> DEBUG [org.apache.http.wire] http-outgoing-8 << "Transfer-Encoding: chunked[\r][\n]"
<2017-09-26 13:05:34> DEBUG [org.apache.http.wire] http-outgoing-8 << "Connection: keep-alive[\r][\n]"
<2017-09-26 13:05:34> DEBUG [org.apache.http.wire] http-outgoing-8 << "Set-Cookie: JSESSIONID=F6E28E4994D1584E597DBDFCCCB1737E; Path=/nexperience/; HttpOnly[\r][\n]"
<2017-09-26 13:05:34> DEBUG [org.apache.http.wire] http-outgoing-8 << "Expires: Thu, 01 Jan 1970 00:00:00 GMT[\r][\n]"
<2017-09-26 13:05:34> DEBUG [org.apache.http.wire] http-outgoing-8 << "Cache-Control: no-cache[\r][\n]"
<2017-09-26 13:05:34> DEBUG [org.apache.http.wire] http-outgoing-8 << "Cache-Control: no-cache[\r][\n]"
<2017-09-26 13:05:34> DEBUG [org.apache.http.wire] http-outgoing-8 << "Expires: Thu, 01 Jan 1970 00:00:00 GMT[\r][\n]"
<2017-09-26 13:05:34> DEBUG [org.apache.http.wire] http-outgoing-8 << "Set-Cookie: fast_failed=true[\r][\n]"
<2017-09-26 13:05:34> DEBUG [org.apache.http.wire] http-outgoing-8 << "X-XSS-Protection: 2; mode=block[\r][\n]"
<2017-09-26 13:05:34> DEBUG [org.apache.http.wire] http-outgoing-8 << "Content-Encoding: gzip[\r][\n]"
<2017-09-26 13:05:34> DEBUG [org.apache.http.wire] http-outgoing-8 << "[\r][\n]"
<2017-09-26 13:05:34> DEBUG [org.apache.http.wire] http-outgoing-8 << "26b[\r][\n]"
<2017-09-26 13:05:34> DEBUG [org.apache.http.wire] http-outgoing-8 << "[0x1f][0x8b][0x8][0x0][0x0][0x0][0x0][0x0][0x0][0x3][0xd5]TQO[0xdb]0[0x10][0xfe]+[0x93][0x1f][0xf6][0xd4]4N[0x9b][0x86][0x6]i[0xda][0xa0][0xc0][0x84][0xa6][0x1][0xa2][0xb0]=LS[0xe4]8[0x17][0xea][0xe1][0xd8][0xd9][0xd9]i[0x8b][0x10][0xff]}[0xe7][0xa6][0xdd][0xd8]x[0x99][0x86]4[0x89][0xb7][0xf8][0xf2][0xf9][0xce][0xf7][0xdd][0xf7][0xdd]=s[0xe0][0x9c][0xb2][0xe6][0xb4]b[0xfb]L[0x8a]R&<[0xd9][0x8b][0xf2][0x11][0xf0]([0x85]RF[0xd3][0x8a][0x8e]u]W"[0x91]i2[0x16][0x19][0x1b]0[0xe7][0x85][0x7][0xb6]o:[0xad][0x7]l1[0xb3][0x15][0x1d][0x92][0xd1]8[0x9b]&[0xe3][0xf1]^:`K[0xa1];[\n]"
<2017-09-26 13:05:34> DEBUG [org.apache.http.wire] http-outgoing-8 << "[0xdd]3[0x84][0xd6][0xa2][0xbf][0xa8][0xea]k[0xd4][0x94]~[0xe1]}[0xeb][0xf6][0xe3][0xb8]Da[0xe4][0xc2][0x83][0xf3][0xc3][0x1e][0xa1][0xcc][0xcd][0xb0][0x5][0xac]Az[0xdb][0xd8]Ri[0x18]J[0xdb][0xc4][0xb0][0xe][0xd7]c[0xd1][0xaa]x[0x99][0xc4][0x1][0x1f][0xc1][0x1a]d[0xe7][0xe9][0xbd].n[0xab][0xfa]-[0xac]=[0xa0][0x11][0xfa][0xb4][0xfa][0xc2][0xbf][0xbe][0xd1][\n]"
<2017-09-26 13:05:34> DEBUG [org.apache.http.wire] http-outgoing-8 << "[0xad][0x11][0xef][0x9e]f*.[0x4][\n]"
<2017-09-26 13:05:34> DEBUG [org.apache.http.wire] http-outgoing-8 << "[0xad]A]]>&#x7f;<![CDATA[[0x86][0xb2][0xa0]~x[0x1e][0x8d][0xb2]"[0xe1][0x5]O[0x8b]I^$S[0xfe][0xba][0xf0][0xaa][0xa1][0x2][0xa2]iC[0xa6]d[0xc2][0xb3]t[0xc4]Gy[0x9e]N[0xc6][0xd4]1[0x82][0xb3]zS[0x97][0xda]H[0xd2][0x94][0xaf]s[0xce])^[0xc1]RI8[0x13][\r][0xb5][0xcb]FE[0x9a]O[0x92]Iz[0xc4][0xa3][0xa3]C>[0x89][0xd2][0xc3][0xa3],[0x9a][0x9e][0xa4][0x7][0xd1][0xec] [0xe3]3~2[0x9e][0x1d]'![+[0x9c][Y[0xc][0x8c][0x87][0x93][0x16][0xbe][0xb6][0xd8]|[0x2][0xc][0x83][0xa0]`#[0xe4][0xf9][0xfc][0xd5]\[0x1][0xa2] @[0x89]v[0xe5][0x0]]]>&#x7f;<![CDATA[[0xfd][0xcf]B[0xe9][0x85]u[0x9e][0xb0][0x8f][0xb8]|[0xda]7[0xc1][0x1c]q[0xab][0xe1][0x8a]Z[0xbb][0xdc][0xc][0xe3][0x9f]&[0xf1][0xdf]x[0xde][0xb6][0xba]%t[0xb6]@K[0xcc][0xe][0x98][0x17][0xb7][0xe0][0xe6][0x12][0x1][0x8c][Xj[0xdb]c[0x7][0x3][0xf6]M,[0x85][0x93][0xa8]Z]]>&#x7f;<![CDATA[lD[0xa9][0x81][0x8][0xed]]]>&#x7f;<![CDATA[[0xec]([0xdd][0xe6][0xf9]($%AK[0xb2][\r][0xb0][0x1d]*[0x8][0xea]=[0xaa][0xea]%[0x10][0x3][0xc6]+]]>&#x7f;<![CDATA[wu[0xd7][0x6][0xa1]!4[0xd6]C[0xb1]"1W[0xa8][0x96][0x80]a[0xce][0x80][0xf4]1[0xb3][0xc6][0x4][0x13]a/-Gf[0xc1]p[0xcf][0xde]B[0x10][0x16][0xe1]~[0x1a]hc[0xf8]g8[0x86]r[0xd1][0x3][0xfa][0xfa]d[0xe3][0xf0][0xa2][0xe1]v[0x97][0xa8][0xa0][0xec][0xbf][0xdc]%[0xda]J[0x11][0xfc]L/[0xf7][0xe4][0xe6]?[0x6][0xd9]Ow;[0xc6]G&[0xa6][0xe2][0xbb][0x8b]T[0xea][0xec] [0xba][0x9e]G[0x87][0xe7]s[\n]"
<2017-09-26 13:05:34> DEBUG [org.apache.http.wire] http-outgoing-8 << "[0xf7][0xb][0xe5][0x3][0xdc]Q[0xfc][0x99][0xdd])S]u[0xc4][0xa7]~[0x9][0x2][0xe9]H[0x0][0xfd][0x84][0xa5]ss[0xd0][0x1b][0x15][0xb8][0xdf][0xe8]|[0x18]0[0xa9]i[0xf5][0x10][0xcc][0xe2][0xcd][0xd0][0xb6]`[0xbe][0xb][0x9a][0x99][0x6][0xa3][0xba]f7[0xc3]Kp-[0xad][0xd7]`[0xbb][0xb0][0xe7];[0x82][0xf3][0x87][0x1f]>[0x98][0x1a][0x9a]'[0x6][0x0][0x0][\r][\n]"
<2017-09-26 13:05:34> DEBUG [org.apache.http.wire] http-outgoing-8 << "0[\r][\n]"
<2017-09-26 13:05:34> DEBUG [org.apache.http.wire] http-outgoing-8 << "[\r][\n]"
<2017-09-26 13:05:34> DEBUG [org.apache.http.headers] http-outgoing-8 << HTTP/1.1 200 OK
<2017-09-26 13:05:34> DEBUG [org.apache.http.headers] http-outgoing-8 << Server: nginx
<2017-09-26 13:05:34> DEBUG [org.apache.http.headers] http-outgoing-8 << Date: Tue, 26 Sep 2017 10:05:30 GMT
<2017-09-26 13:05:34> DEBUG [org.apache.http.headers] http-outgoing-8 << Content-Type: application/json;charset=utf-8
<2017-09-26 13:05:34> DEBUG [org.apache.http.headers] http-outgoing-8 << Transfer-Encoding: chunked
<2017-09-26 13:05:34> DEBUG [org.apache.http.headers] http-outgoing-8 << Connection: keep-alive
<2017-09-26 13:05:34> DEBUG [org.apache.http.headers] http-outgoing-8 << Set-Cookie: JSESSIONID=F6E28E4994D1584E597DBDFCCCB1737E; Path=/nexperience/; HttpOnly
<2017-09-26 13:05:34> DEBUG [org.apache.http.headers] http-outgoing-8 << Expires: Thu, 01 Jan 1970 00:00:00 GMT
<2017-09-26 13:05:34> DEBUG [org.apache.http.headers] http-outgoing-8 << Cache-Control: no-cache
<2017-09-26 13:05:34> DEBUG [org.apache.http.headers] http-outgoing-8 << Cache-Control: no-cache
<2017-09-26 13:05:34> DEBUG [org.apache.http.headers] http-outgoing-8 << Expires: Thu, 01 Jan 1970 00:00:00 GMT
<2017-09-26 13:05:34> DEBUG [org.apache.http.headers] http-outgoing-8 << Set-Cookie: fast_failed=true
<2017-09-26 13:05:34> DEBUG [org.apache.http.headers] http-outgoing-8 << X-XSS-Protection: 2; mode=block
<2017-09-26 13:05:34> DEBUG [org.apache.http.headers] http-outgoing-8 << Content-Encoding: gzip
<2017-09-26 13:05:34> DEBUG [o.a.h.i.execchain.MainClientExec] Connection can be kept alive indefinitely
<2017-09-26 13:05:34> DEBUG [o.a.h.c.p.ResponseProcessCookies] Cookie accepted [JSESSIONID="F6E28E4994D1584E597DBDFCCCB1737E", version:0, domain:branchtest.perfectomobile.com, path:/nexperience/, expiry:null]
<2017-09-26 13:05:34> DEBUG [o.a.h.c.p.ResponseProcessCookies] Cookie accepted [fast_failed="true", version:0, domain:branchtest.perfectomobile.com, path:/nexperience/perfectomobile/wd/hub, expiry:null]
<2017-09-26 13:05:34> DEBUG [o.a.h.i.c.PoolingHttpClientConnectionManager] Connection [id: 8][route: {s}->https://branchtest.perfectomobile.com:443] can be kept alive indefinitely
<2017-09-26 13:05:34> DEBUG [o.a.h.i.c.PoolingHttpClientConnectionManager] Connection released: [id: 8][route: {s}->https://branchtest.perfectomobile.com:443][total kept alive: 1; route allocated: 3 of 2000; total allocated: 3 of 2000]
<2017-09-26 13:05:34> DEBUG [o.a.h.c.p.RequestAddCookies] CookieSpec selected: default
<2017-09-26 13:05:34> DEBUG [o.a.h.c.p.RequestAddCookies] Cookie [version: 0][name: JSESSIONID][value: F6E28E4994D1584E597DBDFCCCB1737E][domain: branchtest.perfectomobile.com][path: /nexperience/][expiry: null] match [(secure)branchtest.perfectomobile.com:443/nexperience/perfectomobile/wd/hub/session/cabc1017-92e0-4ebc-8d17-fffda1c413a6/timeouts]
<2017-09-26 13:05:34> DEBUG [o.a.h.c.p.RequestAddCookies] Cookie [version: 0][name: fast_failed][value: true][domain: branchtest.perfectomobile.com][path: /nexperience/perfectomobile/wd/hub][expiry: null] match [(secure)branchtest.perfectomobile.com:443/nexperience/perfectomobile/wd/hub/session/cabc1017-92e0-4ebc-8d17-fffda1c413a6/timeouts]
<2017-09-26 13:05:34> DEBUG [o.a.h.c.p.RequestAddCookies] Cookie [version: 0][name: fast_failed][value: true][domain: branchtest.perfectomobile.com][path: /nexperience/perfectomobile/wd/hub/session][expiry: null] match [(secure)branchtest.perfectomobile.com:443/nexperience/perfectomobile/wd/hub/session/cabc1017-92e0-4ebc-8d17-fffda1c413a6/timeouts]
<2017-09-26 13:05:34> DEBUG [o.a.h.c.p.RequestAuthCache] Auth cache not set in the context
<2017-09-26 13:05:34> DEBUG [o.a.h.i.c.PoolingHttpClientConnectionManager] Connection request: [route: {s}->https://branchtest.perfectomobile.com:443][total kept alive: 1; route allocated: 3 of 2000; total allocated: 3 of 2000]
<2017-09-26 13:05:34> DEBUG [o.a.h.i.c.PoolingHttpClientConnectionManager] Connection leased: [id: 8][route: {s}->https://branchtest.perfectomobile.com:443][total kept alive: 0; route allocated: 3 of 2000; total allocated: 3 of 2000]
<2017-09-26 13:05:34> DEBUG [o.a.h.i.execchain.MainClientExec] Stale connection check
<2017-09-26 13:05:34> DEBUG [org.apache.http.wire] http-outgoing-8 << "[read] I/O error: Read timed out"
<2017-09-26 13:05:34> DEBUG [o.a.h.i.c.DefaultManagedHttpClientConnection] http-outgoing-8: set socket timeout to 10800000
<2017-09-26 13:05:34> DEBUG [o.a.h.i.execchain.MainClientExec] Executing request POST /nexperience/perfectomobile/wd/hub/session/cabc1017-92e0-4ebc-8d17-fffda1c413a6/timeouts HTTP/1.1
<2017-09-26 13:05:34> DEBUG [o.a.h.i.execchain.MainClientExec] Target auth state: UNCHALLENGED
<2017-09-26 13:05:34> DEBUG [o.a.h.i.execchain.MainClientExec] Proxy auth state: UNCHALLENGED
<2017-09-26 13:05:34> DEBUG [org.apache.http.headers] http-outgoing-8 >> POST /nexperience/perfectomobile/wd/hub/session/cabc1017-92e0-4ebc-8d17-fffda1c413a6/timeouts HTTP/1.1
<2017-09-26 13:05:34> DEBUG [org.apache.http.headers] http-outgoing-8 >> Content-Type: application/json; charset=utf-8
<2017-09-26 13:05:34> DEBUG [org.apache.http.headers] http-outgoing-8 >> Content-Length: 30
<2017-09-26 13:05:34> DEBUG [org.apache.http.headers] http-outgoing-8 >> Host: branchtest.perfectomobile.com
<2017-09-26 13:05:34> DEBUG [org.apache.http.headers] http-outgoing-8 >> Connection: Keep-Alive
<2017-09-26 13:05:34> DEBUG [org.apache.http.headers] http-outgoing-8 >> User-Agent: Apache-HttpClient/4.5.2 (Java/1.8.0_121)
<2017-09-26 13:05:34> DEBUG [org.apache.http.headers] http-outgoing-8 >> Cookie: JSESSIONID=F6E28E4994D1584E597DBDFCCCB1737E; fast_failed=true; fast_failed=true
<2017-09-26 13:05:34> DEBUG [org.apache.http.headers] http-outgoing-8 >> Accept-Encoding: gzip,deflate
<2017-09-26 13:05:34> DEBUG [org.apache.http.wire] http-outgoing-8 >> "POST /nexperience/perfectomobile/wd/hub/session/cabc1017-92e0-4ebc-8d17-fffda1c413a6/timeouts HTTP/1.1[\r][\n]"
<2017-09-26 13:05:34> DEBUG [org.apache.http.wire] http-outgoing-8 >> "Content-Type: application/json; charset=utf-8[\r][\n]"
<2017-09-26 13:05:34> DEBUG [org.apache.http.wire] http-outgoing-8 >> "Content-Length: 30[\r][\n]"
<2017-09-26 13:05:34> DEBUG [org.apache.http.wire] http-outgoing-8 >> "Host: branchtest.perfectomobile.com[\r][\n]"
<2017-09-26 13:05:34> DEBUG [org.apache.http.wire] http-outgoing-8 >> "Connection: Keep-Alive[\r][\n]"
<2017-09-26 13:05:34> DEBUG [org.apache.http.wire] http-outgoing-8 >> "User-Agent: Apache-HttpClient/4.5.2 (Java/1.8.0_121)[\r][\n]"
<2017-09-26 13:05:34> DEBUG [org.apache.http.wire] http-outgoing-8 >> "Cookie: JSESSIONID=F6E28E4994D1584E597DBDFCCCB1737E; fast_failed=true; fast_failed=true[\r][\n]"
<2017-09-26 13:05:34> DEBUG [org.apache.http.wire] http-outgoing-8 >> "Accept-Encoding: gzip,deflate[\r][\n]"
<2017-09-26 13:05:34> DEBUG [org.apache.http.wire] http-outgoing-8 >> "[\r][\n]"
<2017-09-26 13:05:34> DEBUG [org.apache.http.wire] http-outgoing-8 >> "{"type":"implicit","ms":30000}"
<2017-09-26 13:05:34> DEBUG [org.apache.http.wire] http-outgoing-8 << "HTTP/1.1 200 OK[\r][\n]"
<2017-09-26 13:05:34> DEBUG [org.apache.http.wire] http-outgoing-8 << "Server: nginx[\r][\n]"
<2017-09-26 13:05:34> DEBUG [org.apache.http.wire] http-outgoing-8 << "Date: Tue, 26 Sep 2017 10:05:30 GMT[\r][\n]"
<2017-09-26 13:05:34> DEBUG [org.apache.http.wire] http-outgoing-8 << "Content-Type: application/json;charset=utf-8[\r][\n]"
<2017-09-26 13:05:34> DEBUG [org.apache.http.wire] http-outgoing-8 << "Transfer-Encoding: chunked[\r][\n]"
<2017-09-26 13:05:34> DEBUG [org.apache.http.wire] http-outgoing-8 << "Connection: keep-alive[\r][\n]"
<2017-09-26 13:05:34> DEBUG [org.apache.http.wire] http-outgoing-8 << "Set-Cookie: JSESSIONID=F6E28E4994D1584E597DBDFCCCB1737E; Path=/nexperience/; HttpOnly[\r][\n]"
<2017-09-26 13:05:34> DEBUG [org.apache.http.wire] http-outgoing-8 << "Expires: Thu, 01 Jan 1970 00:00:00 GMT[\r][\n]"
<2017-09-26 13:05:34> DEBUG [org.apache.http.wire] http-outgoing-8 << "Cache-Control: no-cache[\r][\n]"
<2017-09-26 13:05:34> DEBUG [org.apache.http.wire] http-outgoing-8 << "Cache-Control: no-cache[\r][\n]"
<2017-09-26 13:05:34> DEBUG [org.apache.http.wire] http-outgoing-8 << "Expires: Thu, 01 Jan 1970 00:00:00 GMT[\r][\n]"
<2017-09-26 13:05:34> DEBUG [org.apache.http.wire] http-outgoing-8 << "Set-Cookie: fast_failed=true[\r][\n]"
<2017-09-26 13:05:34> DEBUG [org.apache.http.wire] http-outgoing-8 << "X-XSS-Protection: 2; mode=block[\r][\n]"
<2017-09-26 13:05:34> DEBUG [org.apache.http.wire] http-outgoing-8 << "Content-Encoding: gzip[\r][\n]"
<2017-09-26 13:05:34> DEBUG [org.apache.http.wire] http-outgoing-8 << "[\r][\n]"
<2017-09-26 13:05:34> DEBUG [org.apache.http.wire] http-outgoing-8 << "94[\r][\n]"
<2017-09-26 13:05:34> DEBUG [org.apache.http.wire] http-outgoing-8 << "[0x1f][0x8b][0x8][0x0][0x0][0x0][0x0][0x0][0x0][0x3]-[0x8c]1[0xe][0xc2]0[0xc]E[0xef][0xe2][0xb9][0x8d][0x12][0xa8]B[0xdb][0x95][0x89][0x95][0x1b][0xb8][0x8e][0x3][0x95][0xd2][0xa4][0xd4][0x9][0xb][0xe2][0xee]x`[0xfc]O[0xef][0xfd][0xf][0x8][0x8b][0xac]%[0xdf][0x2][0xcc]@[0xb8][0x90][0xb3][0xee][0xd2]O'[0xb6][0xfd][0xc0][0xb][0xf5]c[0xd0][0x19]c[0xc][0xe8]hpg[0xf4][0xd0][0x81]T[0xac][0xac][0xba]4"[0xad][0x95]<[0xaf]%([0x99][0xfc][0xe8][0xfd][0xe0][0xdd][0xd8][0xc1][0x1b]SS[0x92][J[0x1d]PB[0xd5]f([0xc7][0xc3][0x94][0x9d][0xf3][0xb][0x8d]p[0xe2][0xbc][0xb6][0xcd][0x1c][0xbc][0x95][0xca][0xe6][0xce][0xb2][0x97],[0xfc][0xbf]o[0xaa][0xdb][0xef][0xf]-[0x97]L/[0x9e][0x0][0x0][0x0][\r][\n]"
<2017-09-26 13:05:34> DEBUG [org.apache.http.wire] http-outgoing-8 << "0[\r][\n]"
<2017-09-26 13:05:34> DEBUG [org.apache.http.wire] http-outgoing-8 << "[\r][\n]"
<2017-09-26 13:05:34> DEBUG [org.apache.http.headers] http-outgoing-8 << HTTP/1.1 200 OK
<2017-09-26 13:05:34> DEBUG [org.apache.http.headers] http-outgoing-8 << Server: nginx
<2017-09-26 13:05:34> DEBUG [org.apache.http.headers] http-outgoing-8 << Date: Tue, 26 Sep 2017 10:05:30 GMT
<2017-09-26 13:05:34> DEBUG [org.apache.http.headers] http-outgoing-8 << Content-Type: application/json;charset=utf-8
<2017-09-26 13:05:34> DEBUG [org.apache.http.headers] http-outgoing-8 << Transfer-Encoding: chunked
<2017-09-26 13:05:34> DEBUG [org.apache.http.headers] http-outgoing-8 << Connection: keep-alive
<2017-09-26 13:05:34> DEBUG [org.apache.http.headers] http-outgoing-8 << Set-Cookie: JSESSIONID=F6E28E4994D1584E597DBDFCCCB1737E; Path=/nexperience/; HttpOnly
<2017-09-26 13:05:34> DEBUG [org.apache.http.headers] http-outgoing-8 << Expires: Thu, 01 Jan 1970 00:00:00 GMT
<2017-09-26 13:05:34> DEBUG [org.apache.http.headers] http-outgoing-8 << Cache-Control: no-cache
<2017-09-26 13:05:34> DEBUG [org.apache.http.headers] http-outgoing-8 << Cache-Control: no-cache
<2017-09-26 13:05:34> DEBUG [org.apache.http.headers] http-outgoing-8 << Expires: Thu, 01 Jan 1970 00:00:00 GMT
<2017-09-26 13:05:34> DEBUG [org.apache.http.headers] http-outgoing-8 << Set-Cookie: fast_failed=true
<2017-09-26 13:05:34> DEBUG [org.apache.http.headers] http-outgoing-8 << X-XSS-Protection: 2; mode=block
<2017-09-26 13:05:34> DEBUG [org.apache.http.headers] http-outgoing-8 << Content-Encoding: gzip
<2017-09-26 13:05:34> DEBUG [o.a.h.i.execchain.MainClientExec] Connection can be kept alive indefinitely
<2017-09-26 13:05:34> DEBUG [o.a.h.c.p.ResponseProcessCookies] Cookie accepted [JSESSIONID="F6E28E4994D1584E597DBDFCCCB1737E", version:0, domain:branchtest.perfectomobile.com, path:/nexperience/, expiry:null]
<2017-09-26 13:05:34> DEBUG [o.a.h.c.p.ResponseProcessCookies] Cookie accepted [fast_failed="true", version:0, domain:branchtest.perfectomobile.com, path:/nexperience/perfectomobile/wd/hub/session/cabc1017-92e0-4ebc-8d17-fffda1c413a6, expiry:null]
<2017-09-26 13:05:34> DEBUG [o.a.h.i.c.PoolingHttpClientConnectionManager] Connection [id: 8][route: {s}->https://branchtest.perfectomobile.com:443] can be kept alive indefinitely
<2017-09-26 13:05:34> DEBUG [o.a.h.i.c.PoolingHttpClientConnectionManager] Connection released: [id: 8][route: {s}->https://branchtest.perfectomobile.com:443][total kept alive: 1; route allocated: 3 of 2000; total allocated: 3 of 2000]
<2017-09-26 13:05:34> DEBUG [o.a.h.c.p.RequestAddCookies] CookieSpec selected: default
<2017-09-26 13:05:34> DEBUG [o.a.h.c.p.RequestAddCookies] Cookie [version: 0][name: JSESSIONID][value: F6E28E4994D1584E597DBDFCCCB1737E][domain: branchtest.perfectomobile.com][path: /nexperience/][expiry: null] match [(secure)branchtest.perfectomobile.com:443/nexperience/perfectomobile/wd/hub/session/cabc1017-92e0-4ebc-8d17-fffda1c413a6/timeouts]
<2017-09-26 13:05:34> DEBUG [o.a.h.c.p.RequestAddCookies] Cookie [version: 0][name: fast_failed][value: true][domain: branchtest.perfectomobile.com][path: /nexperience/perfectomobile/wd/hub][expiry: null] match [(secure)branchtest.perfectomobile.com:443/nexperience/perfectomobile/wd/hub/session/cabc1017-92e0-4ebc-8d17-fffda1c413a6/timeouts]
<2017-09-26 13:05:34> DEBUG [o.a.h.c.p.RequestAddCookies] Cookie [version: 0][name: fast_failed][value: true][domain: branchtest.perfectomobile.com][path: /nexperience/perfectomobile/wd/hub/session][expiry: null] match [(secure)branchtest.perfectomobile.com:443/nexperience/perfectomobile/wd/hub/session/cabc1017-92e0-4ebc-8d17-fffda1c413a6/timeouts]
<2017-09-26 13:05:34> DEBUG [o.a.h.c.p.RequestAddCookies] Cookie [version: 0][name: fast_failed][value: true][domain: branchtest.perfectomobile.com][path: /nexperience/perfectomobile/wd/hub/session/cabc1017-92e0-4ebc-8d17-fffda1c413a6][expiry: null] match [(secure)branchtest.perfectomobile.com:443/nexperience/perfectomobile/wd/hub/session/cabc1017-92e0-4ebc-8d17-fffda1c413a6/timeouts]
<2017-09-26 13:05:34> DEBUG [o.a.h.c.p.RequestAuthCache] Auth cache not set in the context
<2017-09-26 13:05:34> DEBUG [o.a.h.i.c.PoolingHttpClientConnectionManager] Connection request: [route: {s}->https://branchtest.perfectomobile.com:443][total kept alive: 1; route allocated: 3 of 2000; total allocated: 3 of 2000]
<2017-09-26 13:05:34> DEBUG [o.a.h.i.c.PoolingHttpClientConnectionManager] Connection leased: [id: 8][route: {s}->https://branchtest.perfectomobile.com:443][total kept alive: 0; route allocated: 3 of 2000; total allocated: 3 of 2000]
<2017-09-26 13:05:34> DEBUG [o.a.h.i.execchain.MainClientExec] Stale connection check
<2017-09-26 13:05:34> DEBUG [org.apache.http.wire] http-outgoing-8 << "[read] I/O error: Read timed out"
<2017-09-26 13:05:34> DEBUG [o.a.h.i.c.DefaultManagedHttpClientConnection] http-outgoing-8: set socket timeout to 10800000
<2017-09-26 13:05:34> DEBUG [o.a.h.i.execchain.MainClientExec] Executing request POST /nexperience/perfectomobile/wd/hub/session/cabc1017-92e0-4ebc-8d17-fffda1c413a6/timeouts HTTP/1.1
<2017-09-26 13:05:34> DEBUG [o.a.h.i.execchain.MainClientExec] Target auth state: UNCHALLENGED
<2017-09-26 13:05:34> DEBUG [o.a.h.i.execchain.MainClientExec] Proxy auth state: UNCHALLENGED
<2017-09-26 13:05:34> DEBUG [org.apache.http.headers] http-outgoing-8 >> POST /nexperience/perfectomobile/wd/hub/session/cabc1017-92e0-4ebc-8d17-fffda1c413a6/timeouts HTTP/1.1
<2017-09-26 13:05:34> DEBUG [org.apache.http.headers] http-outgoing-8 >> Content-Type: application/json; charset=utf-8
<2017-09-26 13:05:34> DEBUG [org.apache.http.headers] http-outgoing-8 >> Content-Length: 31
<2017-09-26 13:05:34> DEBUG [org.apache.http.headers] http-outgoing-8 >> Host: branchtest.perfectomobile.com
<2017-09-26 13:05:34> DEBUG [org.apache.http.headers] http-outgoing-8 >> Connection: Keep-Alive
<2017-09-26 13:05:34> DEBUG [org.apache.http.headers] http-outgoing-8 >> User-Agent: Apache-HttpClient/4.5.2 (Java/1.8.0_121)
<2017-09-26 13:05:34> DEBUG [org.apache.http.headers] http-outgoing-8 >> Cookie: JSESSIONID=F6E28E4994D1584E597DBDFCCCB1737E; fast_failed=true; fast_failed=true; fast_failed=true
<2017-09-26 13:05:34> DEBUG [org.apache.http.headers] http-outgoing-8 >> Accept-Encoding: gzip,deflate
<2017-09-26 13:05:34> DEBUG [org.apache.http.wire] http-outgoing-8 >> "POST /nexperience/perfectomobile/wd/hub/session/cabc1017-92e0-4ebc-8d17-fffda1c413a6/timeouts HTTP/1.1[\r][\n]"
<2017-09-26 13:05:34> DEBUG [org.apache.http.wire] http-outgoing-8 >> "Content-Type: application/json; charset=utf-8[\r][\n]"
<2017-09-26 13:05:34> DEBUG [org.apache.http.wire] http-outgoing-8 >> "Content-Length: 31[\r][\n]"
<2017-09-26 13:05:34> DEBUG [org.apache.http.wire] http-outgoing-8 >> "Host: branchtest.perfectomobile.com[\r][\n]"
<2017-09-26 13:05:34> DEBUG [org.apache.http.wire] http-outgoing-8 >> "Connection: Keep-Alive[\r][\n]"
<2017-09-26 13:05:34> DEBUG [org.apache.http.wire] http-outgoing-8 >> "User-Agent: Apache-HttpClient/4.5.2 (Java/1.8.0_121)[\r][\n]"
<2017-09-26 13:05:34> DEBUG [org.apache.http.wire] http-outgoing-8 >> "Cookie: JSESSIONID=F6E28E4994D1584E597DBDFCCCB1737E; fast_failed=true; fast_failed=true; fast_failed=true[\r][\n]"
<2017-09-26 13:05:34> DEBUG [org.apache.http.wire] http-outgoing-8 >> "Accept-Encoding: gzip,deflate[\r][\n]"
<2017-09-26 13:05:34> DEBUG [org.apache.http.wire] http-outgoing-8 >> "[\r][\n]"
<2017-09-26 13:05:34> DEBUG [org.apache.http.wire] http-outgoing-8 >> "{"type":"page load","ms":30000}"
<2017-09-26 13:05:34> DEBUG [org.apache.http.wire] http-outgoing-8 << "HTTP/1.1 200 OK[\r][\n]"
<2017-09-26 13:05:34> DEBUG [org.apache.http.wire] http-outgoing-8 << "Server: nginx[\r][\n]"
<2017-09-26 13:05:34> DEBUG [org.apache.http.wire] http-outgoing-8 << "Date: Tue, 26 Sep 2017 10:05:30 GMT[\r][\n]"
<2017-09-26 13:05:34> DEBUG [org.apache.http.wire] http-outgoing-8 << "Content-Type: application/json;charset=utf-8[\r][\n]"
<2017-09-26 13:05:34> DEBUG [org.apache.http.wire] http-outgoing-8 << "Transfer-Encoding: chunked[\r][\n]"
<2017-09-26 13:05:34> DEBUG [org.apache.http.wire] http-outgoing-8 << "Connection: keep-alive[\r][\n]"
<2017-09-26 13:05:34> DEBUG [org.apache.http.wire] http-outgoing-8 << "Set-Cookie: JSESSIONID=F6E28E4994D1584E597DBDFCCCB1737E; Path=/nexperience/; HttpOnly[\r][\n]"
<2017-09-26 13:05:34> DEBUG [org.apache.http.wire] http-outgoing-8 << "Expires: Thu, 01 Jan 1970 00:00:00 GMT[\r][\n]"
<2017-09-26 13:05:34> DEBUG [org.apache.http.wire] http-outgoing-8 << "Cache-Control: no-cache[\r][\n]"
<2017-09-26 13:05:34> DEBUG [org.apache.http.wire] http-outgoing-8 << "Cache-Control: no-cache[\r][\n]"
<2017-09-26 13:05:34> DEBUG [org.apache.http.wire] http-outgoing-8 << "Expires: Thu, 01 Jan 1970 00:00:00 GMT[\r][\n]"
<2017-09-26 13:05:34> DEBUG [org.apache.http.wire] http-outgoing-8 << "Set-Cookie: fast_failed=true[\r][\n]"
<2017-09-26 13:05:34> DEBUG [org.apache.http.wire] http-outgoing-8 << "X-XSS-Protection: 2; mode=block[\r][\n]"
<2017-09-26 13:05:34> DEBUG [org.apache.http.wire] http-outgoing-8 << "Content-Encoding: gzip[\r][\n]"
<2017-09-26 13:05:34> DEBUG [org.apache.http.wire] http-outgoing-8 << "[\r][\n]"
<2017-09-26 13:05:34> DEBUG [org.apache.http.wire] http-outgoing-8 << "94[\r][\n]"
<2017-09-26 13:05:34> DEBUG [org.apache.http.wire] http-outgoing-8 << "[0x1f][0x8b][0x8][0x0][0x0][0x0][0x0][0x0][0x0][0x3]-[0x8c]1[0x12][0x82]0[0x10]E[0xef][0xb2]5d[0x12][0x82]Di[0xad]l[0xbd][0xc1][0xb2]Y[0x94][0x99][0x90] Kl[0x1c][0xef][0xee][0x16][0x96][0xff][0xcd]{[0xff][0x3][0xc2]"K[0xc9][0xb7][0x8]#[0x10]N[0xe4][0xac][0xb][0xed][0xa5]c[0xdb][0xf6]<Q{[0x8e]:[0xe7]y[0x8e][0xe8][0xa8]w[0x1e][0x7]h@[0xe]<Xu[0xa9]DZ+y^KT[0xe2]mw[\n]"
<2017-09-26 13:05:34> DEBUG [org.apache.http.wire] http-outgoing-8 << "a[0xf0][0xa1][0x81]7[0xa6][0xaa]$[0xd7][0x94][0x1a][0xa0][0x84][0xaa][0x8d]P[0xf6][0x87])[0x1b][0xe7][0x17][0x1a][0xe1][0xc4]y[0xa9][0xab][0xd9]y-[0x7][0x9b];[0xcb]V[0xb2][0xf0][0xff][0xbe][0xaa]n[0xbf]?[0xcc]O[0x14]E[0x9e][0x0][0x0][0x0][\r][\n]"
<2017-09-26 13:05:34> DEBUG [org.apache.http.wire] http-outgoing-8 << "0[\r][\n]"
<2017-09-26 13:05:34> DEBUG [org.apache.http.wire] http-outgoing-8 << "[\r][\n]"
<2017-09-26 13:05:34> DEBUG [org.apache.http.headers] http-outgoing-8 << HTTP/1.1 200 OK
<2017-09-26 13:05:34> DEBUG [org.apache.http.headers] http-outgoing-8 << Server: nginx
<2017-09-26 13:05:34> DEBUG [org.apache.http.headers] http-outgoing-8 << Date: Tue, 26 Sep 2017 10:05:30 GMT
<2017-09-26 13:05:34> DEBUG [org.apache.http.headers] http-outgoing-8 << Content-Type: application/json;charset=utf-8
<2017-09-26 13:05:34> DEBUG [org.apache.http.headers] http-outgoing-8 << Transfer-Encoding: chunked
<2017-09-26 13:05:34> DEBUG [org.apache.http.headers] http-outgoing-8 << Connection: keep-alive
<2017-09-26 13:05:34> DEBUG [org.apache.http.headers] http-outgoing-8 << Set-Cookie: JSESSIONID=F6E28E4994D1584E597DBDFCCCB1737E; Path=/nexperience/; HttpOnly
<2017-09-26 13:05:34> DEBUG [org.apache.http.headers] http-outgoing-8 << Expires: Thu, 01 Jan 1970 00:00:00 GMT
<2017-09-26 13:05:34> DEBUG [org.apache.http.headers] http-outgoing-8 << Cache-Control: no-cache
<2017-09-26 13:05:34> DEBUG [org.apache.http.headers] http-outgoing-8 << Cache-Control: no-cache
<2017-09-26 13:05:34> DEBUG [org.apache.http.headers] http-outgoing-8 << Expires: Thu, 01 Jan 1970 00:00:00 GMT
<2017-09-26 13:05:34> DEBUG [org.apache.http.headers] http-outgoing-8 << Set-Cookie: fast_failed=true
<2017-09-26 13:05:34> DEBUG [org.apache.http.headers] http-outgoing-8 << X-XSS-Protection: 2; mode=block
<2017-09-26 13:05:34> DEBUG [org.apache.http.headers] http-outgoing-8 << Content-Encoding: gzip
<2017-09-26 13:05:34> DEBUG [o.a.h.i.execchain.MainClientExec] Connection can be kept alive indefinitely
<2017-09-26 13:05:34> DEBUG [o.a.h.c.p.ResponseProcessCookies] Cookie accepted [JSESSIONID="F6E28E4994D1584E597DBDFCCCB1737E", version:0, domain:branchtest.perfectomobile.com, path:/nexperience/, expiry:null]
<2017-09-26 13:05:34> DEBUG [o.a.h.c.p.ResponseProcessCookies] Cookie accepted [fast_failed="true", version:0, domain:branchtest.perfectomobile.com, path:/nexperience/perfectomobile/wd/hub/session/cabc1017-92e0-4ebc-8d17-fffda1c413a6, expiry:null]
<2017-09-26 13:05:34> DEBUG [o.a.h.i.c.PoolingHttpClientConnectionManager] Connection [id: 8][route: {s}->https://branchtest.perfectomobile.com:443] can be kept alive indefinitely
<2017-09-26 13:05:34> DEBUG [o.a.h.i.c.PoolingHttpClientConnectionManager] Connection released: [id: 8][route: {s}->https://branchtest.perfectomobile.com:443][total kept alive: 1; route allocated: 3 of 2000; total allocated: 3 of 2000]
<2017-09-26 13:05:34> DEBUG [o.a.h.c.p.RequestAddCookies] CookieSpec selected: default
<2017-09-26 13:05:34> DEBUG [o.a.h.c.p.RequestAddCookies] Cookie [version: 0][name: JSESSIONID][value: F6E28E4994D1584E597DBDFCCCB1737E][domain: branchtest.perfectomobile.com][path: /nexperience/][expiry: null] match [(secure)branchtest.perfectomobile.com:443/nexperience/perfectomobile/wd/hub/session/cabc1017-92e0-4ebc-8d17-fffda1c413a6/window/current/maximize]
<2017-09-26 13:05:34> DEBUG [o.a.h.c.p.RequestAddCookies] Cookie [version: 0][name: fast_failed][value: true][domain: branchtest.perfectomobile.com][path: /nexperience/perfectomobile/wd/hub][expiry: null] match [(secure)branchtest.perfectomobile.com:443/nexperience/perfectomobile/wd/hub/session/cabc1017-92e0-4ebc-8d17-fffda1c413a6/window/current/maximize]
<2017-09-26 13:05:34> DEBUG [o.a.h.c.p.RequestAddCookies] Cookie [version: 0][name: fast_failed][value: true][domain: branchtest.perfectomobile.com][path: /nexperience/perfectomobile/wd/hub/session][expiry: null] match [(secure)branchtest.perfectomobile.com:443/nexperience/perfectomobile/wd/hub/session/cabc1017-92e0-4ebc-8d17-fffda1c413a6/window/current/maximize]
<2017-09-26 13:05:34> DEBUG [o.a.h.c.p.RequestAddCookies] Cookie [version: 0][name: fast_failed][value: true][domain: branchtest.perfectomobile.com][path: /nexperience/perfectomobile/wd/hub/session/cabc1017-92e0-4ebc-8d17-fffda1c413a6][expiry: null] match [(secure)branchtest.perfectomobile.com:443/nexperience/perfectomobile/wd/hub/session/cabc1017-92e0-4ebc-8d17-fffda1c413a6/window/current/maximize]
<2017-09-26 13:05:34> DEBUG [o.a.h.c.p.RequestAuthCache] Auth cache not set in the context
<2017-09-26 13:05:34> DEBUG [o.a.h.i.c.PoolingHttpClientConnectionManager] Connection request: [route: {s}->https://branchtest.perfectomobile.com:443][total kept alive: 1; route allocated: 3 of 2000; total allocated: 3 of 2000]
<2017-09-26 13:05:34> DEBUG [o.a.h.i.c.PoolingHttpClientConnectionManager] Connection leased: [id: 8][route: {s}->https://branchtest.perfectomobile.com:443][total kept alive: 0; route allocated: 3 of 2000; total allocated: 3 of 2000]
<2017-09-26 13:05:34> DEBUG [o.a.h.i.execchain.MainClientExec] Stale connection check
<2017-09-26 13:05:34> DEBUG [org.apache.http.wire] http-outgoing-8 << "[read] I/O error: Read timed out"
<2017-09-26 13:05:34> DEBUG [o.a.h.i.c.DefaultManagedHttpClientConnection] http-outgoing-8: set socket timeout to 10800000
<2017-09-26 13:05:34> DEBUG [o.a.h.i.execchain.MainClientExec] Executing request POST /nexperience/perfectomobile/wd/hub/session/cabc1017-92e0-4ebc-8d17-fffda1c413a6/window/current/maximize HTTP/1.1
<2017-09-26 13:05:34> DEBUG [o.a.h.i.execchain.MainClientExec] Target auth state: UNCHALLENGED
<2017-09-26 13:05:34> DEBUG [o.a.h.i.execchain.MainClientExec] Proxy auth state: UNCHALLENGED
<2017-09-26 13:05:34> DEBUG [org.apache.http.headers] http-outgoing-8 >> POST /nexperience/perfectomobile/wd/hub/session/cabc1017-92e0-4ebc-8d17-fffda1c413a6/window/current/maximize HTTP/1.1
<2017-09-26 13:05:34> DEBUG [org.apache.http.headers] http-outgoing-8 >> Content-Type: application/json; charset=utf-8
<2017-09-26 13:05:34> DEBUG [org.apache.http.headers] http-outgoing-8 >> Content-Length: 26
<2017-09-26 13:05:34> DEBUG [org.apache.http.headers] http-outgoing-8 >> Host: branchtest.perfectomobile.com
<2017-09-26 13:05:34> DEBUG [org.apache.http.headers] http-outgoing-8 >> Connection: Keep-Alive
<2017-09-26 13:05:34> DEBUG [org.apache.http.headers] http-outgoing-8 >> User-Agent: Apache-HttpClient/4.5.2 (Java/1.8.0_121)
<2017-09-26 13:05:34> DEBUG [org.apache.http.headers] http-outgoing-8 >> Cookie: JSESSIONID=F6E28E4994D1584E597DBDFCCCB1737E; fast_failed=true; fast_failed=true; fast_failed=true
<2017-09-26 13:05:34> DEBUG [org.apache.http.headers] http-outgoing-8 >> Accept-Encoding: gzip,deflate
<2017-09-26 13:05:34> DEBUG [org.apache.http.wire] http-outgoing-8 >> "POST /nexperience/perfectomobile/wd/hub/session/cabc1017-92e0-4ebc-8d17-fffda1c413a6/window/current/maximize HTTP/1.1[\r][\n]"
<2017-09-26 13:05:34> DEBUG [org.apache.http.wire] http-outgoing-8 >> "Content-Type: application/json; charset=utf-8[\r][\n]"
<2017-09-26 13:05:34> DEBUG [org.apache.http.wire] http-outgoing-8 >> "Content-Length: 26[\r][\n]"
<2017-09-26 13:05:34> DEBUG [org.apache.http.wire] http-outgoing-8 >> "Host: branchtest.perfectomobile.com[\r][\n]"
<2017-09-26 13:05:34> DEBUG [org.apache.http.wire] http-outgoing-8 >> "Connection: Keep-Alive[\r][\n]"
<2017-09-26 13:05:34> DEBUG [org.apache.http.wire] http-outgoing-8 >> "User-Agent: Apache-HttpClient/4.5.2 (Java/1.8.0_121)[\r][\n]"
<2017-09-26 13:05:34> DEBUG [org.apache.http.wire] http-outgoing-8 >> "Cookie: JSESSIONID=F6E28E4994D1584E597DBDFCCCB1737E; fast_failed=true; fast_failed=true; fast_failed=true[\r][\n]"
<2017-09-26 13:05:34> DEBUG [org.apache.http.wire] http-outgoing-8 >> "Accept-Encoding: gzip,deflate[\r][\n]"
<2017-09-26 13:05:34> DEBUG [org.apache.http.wire] http-outgoing-8 >> "[\r][\n]"
<2017-09-26 13:05:34> DEBUG [org.apache.http.wire] http-outgoing-8 >> "{"windowHandle":"current"}"
<2017-09-26 13:05:34> DEBUG [org.apache.http.wire] http-outgoing-5 << "HTTP/1.1 200 OK[\r][\n]"
<2017-09-26 13:05:34> DEBUG [org.apache.http.wire] http-outgoing-5 << "Server: nginx[\r][\n]"
<2017-09-26 13:05:34> DEBUG [org.apache.http.wire] http-outgoing-5 << "Date: Tue, 26 Sep 2017 10:05:30 GMT[\r][\n]"
<2017-09-26 13:05:34> DEBUG [org.apache.http.wire] http-outgoing-5 << "Content-Type: application/json;charset=utf-8[\r][\n]"
<2017-09-26 13:05:34> DEBUG [org.apache.http.wire] http-outgoing-5 << "Transfer-Encoding: chunked[\r][\n]"
<2017-09-26 13:05:34> DEBUG [org.apache.http.wire] http-outgoing-5 << "Connection: keep-alive[\r][\n]"
<2017-09-26 13:05:34> DEBUG [org.apache.http.wire] http-outgoing-5 << "Set-Cookie: JSESSIONID=F6E28E4994D1584E597DBDFCCCB1737E; Path=/nexperience/; HttpOnly[\r][\n]"
<2017-09-26 13:05:34> DEBUG [org.apache.http.wire] http-outgoing-5 << "Expires: Thu, 01 Jan 1970 00:00:00 GMT[\r][\n]"
<2017-09-26 13:05:34> DEBUG [org.apache.http.wire] http-outgoing-5 << "Cache-Control: no-cache[\r][\n]"
<2017-09-26 13:05:34> DEBUG [org.apache.http.wire] http-outgoing-5 << "Cache-Control: no-cache[\r][\n]"
<2017-09-26 13:05:34> DEBUG [org.apache.http.wire] http-outgoing-5 << "Expires: Thu, 01 Jan 1970 00:00:00 GMT[\r][\n]"
<2017-09-26 13:05:34> DEBUG [org.apache.http.wire] http-outgoing-5 << "Set-Cookie: fast_failed=true[\r][\n]"
<2017-09-26 13:05:34> DEBUG [org.apache.http.wire] http-outgoing-5 << "X-XSS-Protection: 2; mode=block[\r][\n]"
<2017-09-26 13:05:34> DEBUG [org.apache.http.wire] http-outgoing-5 << "Content-Encoding: gzip[\r][\n]"
<2017-09-26 13:05:34> DEBUG [org.apache.http.wire] http-outgoing-5 << "[\r][\n]"
<2017-09-26 13:05:34> DEBUG [org.apache.http.wire] http-outgoing-5 << "256[\r][\n]"
<2017-09-26 13:05:34> DEBUG [org.apache.http.wire] http-outgoing-5 << "[0x1f][0x8b][0x8][0x0][0x0][0x0][0x0][0x0][0x0][0x3][0xd5][0x94][0xdf]k[0xdb]0[0x10][0xc7][0xff][0x95][0xe1][0x87]=[0xc5][0xb1]e;?[0x1c][0x18][0x1b][\r][0xc9][0x8][0x83]Q[0xda]l}[0x18][0xc3][0xc8][0xf2][0xb9][0xd1]*K[0xde]IN[0x13]J[0xff][0xf7][0x9e][0xe2]dd[0xeb][0xcb]Xa[0xd0]7K>[0xdd][0x8f][0xcf]}[0xef][0x1e][0x2][0xb][0xd6]J[0xa3]WU0[0xb][0x92]$[0xad][0x93]t[0x9c][0x85]"[0x1d][0xa7]aV[0xb3]2[0xcc]k[0x9e][0x86]b[0x94][0xa7][0xf9][0x94]U)[0x13]Y0[0x8][0xac][0xe3][0xe][0x82][0x99][0xee][0x94][0x1a][0x4][0x9b][0xb9][0xa9][0xe8][0xc0][0xa6][0xa3]<[0x19]%[0x93][0x94][\r][0x82]-W[0x1d]]=[0x4][0x8][0xad]AwY[0xd5]_P[0x91][0xfb][0x8d]s[0xad][0x9d]EQ[0x89]\[0x8b][0x8d][0x3][0xeb][0x86][0xbd][0x85][0xd4][0xb7][0xc3][0x16][0xb0][0x6][0xe1]LcJ[0xa9]`(L[0x13][0xc1][0xce]?[0x8f]x+[0xa3]-[0x8b][0xbc]}[0x8];[0x10][0x9d][0xa3]|m[0xd4]V[0xf5]{[0xd8]9@[0xcd][0xd5][0xaa][0xfa][0x16]]]>&#x7f;<![CDATA[]]>&#x7f;<![CDATA[[0xa7]$[0x1a][0xcd]?<[0xf7]T\r[0xe4]J[0x81][0xba][0x81][0xb2]`[0x93]0[0xce][0xc3]d\[0xb0][0xb8][0x88][0xb3]"[0x9b][0xd0][0xcd][0xe8]m[0xe1]dC[0x1]x[0xd3]zOl[0x14][0x8f][0xb3]$N[0xa6][0x93]<cTq[0x5][)[0xe0]3o[0xa8][0xac][0x80][0x15][0x17][0xd3][0x94]-[0xe7][0xf9](\[0x8e][0xe7][0xc4])[0x9f].[0xc3][0x8b][0xc9]"[0xb][0xd9]|[0xb1]H[0x96][0x9]c[0xf1]bN[0xaf]Zn[0xed][0xbd]AO[0xd6][0x9f][0x14]w[0xb5][0xc1][0xe6]+[0xa0][0x7][0xee][0x1d][0xc5]t][0xa2][0xb9][0xb7][0x80]g[0xb7]>[0xe0][0xc6]XG[0x16]g[0xa4][0x9e]WEf[0x96][0xc8])XS[0xe2]W[0x7][0xd4][0xff][0xc4][0xf9][0xbf]Q<[0x96]z[0xc4][0xb8][0xd2][0xbe]w[0xe0][0xde],v[0xad]2[0x8]H[0xf5]8~[0x7][0xf6]Z [0x80][0xb6][0x1b]C[0x4][0x1c]v0[0x8]~[0xf0]-[0xb7][0x2]e[0xeb][0x16][0x9a][0x97][\n]"
<2017-09-26 13:05:34> DEBUG [org.apache.http.wire] http-outgoing-5 << "[0x88]h[0xff][0xe3][0xc4][0xf4][0xe8][0xf2]F[0xea][0x8a]h[0x92]#4[0xa4]Qoz[0xb2][0xf4][0xea][0xf9][0x88][0xb2]z[\r][0x9c]@;[0xe9][0xf6][0xeb]}[0xeb][0xd5][0x86][0xd0][0x18][0x7][0xc5]=)[0xb7]B[0xb9]=`"[0xbd][0xd0][0xc7][0xdc]h[0xed]'[0x6]{}Y[0x9a][0xc][0xf4][0xef][0xcc][0x1d]xu[0x11][0x85]_[0xd3]r[0x98][0xee][0x17][0x8c][0x7][0xf9][0xa2][0x4][0xfa][0xf8]4[0xb3]>[0xa3][0xe1]qqH/[0xef][0xbf]\[0x1c][0xca][0x8][0xee][0x87][0x97]2w4[0xba]]]>&#x7f;<![CDATA[4[0xb3][0xef][0xf0][0xb1][0x95]g[0x13]K[0xc1]O[0xf]OK[0xa7]_[0x1b][0x9f]`O[0xb1]_X[0x16]If[0xdd][0x11]H[0xf5][0x1a][0x94][0xd1]Q[0xe7][0xfb][0xd6][\n]"
<2017-09-26 13:05:34> DEBUG [org.apache.http.wire] http-outgoing-5 << "k[0xaf]A[0x1d][0xda]o]]>&#x7f;<![CDATA[[0xe3][0xf8]8[0x8][0x84][0xa2][0xc5]Cf[0x6]o[0x87][0xa6][0x5][0xfd][0x93]S[0xb3][0x14]h[0xd9]5[0xa7][0xe6]][0x81]mi[0x89][0x2][0xb1][0xf5][0xdb][0xbc]#[0xf3][0xf8][0xf1][0x9][0xfa]p[0x8b]'[\r][0x6][0x0][0x0][\r][\n]"
<2017-09-26 13:05:34> DEBUG [org.apache.http.wire] http-outgoing-5 << "0[\r][\n]"
<2017-09-26 13:05:34> DEBUG [org.apache.http.wire] http-outgoing-5 << "[\r][\n]"
<2017-09-26 13:05:34> DEBUG [org.apache.http.headers] http-outgoing-5 << HTTP/1.1 200 OK
<2017-09-26 13:05:34> DEBUG [org.apache.http.headers] http-outgoing-5 << Server: nginx
<2017-09-26 13:05:34> DEBUG [org.apache.http.headers] http-outgoing-5 << Date: Tue, 26 Sep 2017 10:05:30 GMT
<2017-09-26 13:05:34> DEBUG [org.apache.http.headers] http-outgoing-5 << Content-Type: application/json;charset=utf-8
<2017-09-26 13:05:34> DEBUG [org.apache.http.headers] http-outgoing-5 << Transfer-Encoding: chunked
<2017-09-26 13:05:34> DEBUG [org.apache.http.headers] http-outgoing-5 << Connection: keep-alive
<2017-09-26 13:05:34> DEBUG [org.apache.http.headers] http-outgoing-5 << Set-Cookie: JSESSIONID=F6E28E4994D1584E597DBDFCCCB1737E; Path=/nexperience/; HttpOnly
<2017-09-26 13:05:34> DEBUG [org.apache.http.headers] http-outgoing-5 << Expires: Thu, 01 Jan 1970 00:00:00 GMT
<2017-09-26 13:05:34> DEBUG [org.apache.http.headers] http-outgoing-5 << Cache-Control: no-cache
<2017-09-26 13:05:34> DEBUG [org.apache.http.headers] http-outgoing-5 << Cache-Control: no-cache
<2017-09-26 13:05:34> DEBUG [org.apache.http.headers] http-outgoing-5 << Expires: Thu, 01 Jan 1970 00:00:00 GMT
<2017-09-26 13:05:34> DEBUG [org.apache.http.headers] http-outgoing-5 << Set-Cookie: fast_failed=true
<2017-09-26 13:05:34> DEBUG [org.apache.http.headers] http-outgoing-5 << X-XSS-Protection: 2; mode=block
<2017-09-26 13:05:34> DEBUG [org.apache.http.headers] http-outgoing-5 << Content-Encoding: gzip
<2017-09-26 13:05:34> DEBUG [o.a.h.i.execchain.MainClientExec] Connection can be kept alive indefinitely
<2017-09-26 13:05:34> DEBUG [o.a.h.c.p.ResponseProcessCookies] Cookie accepted [JSESSIONID="F6E28E4994D1584E597DBDFCCCB1737E", version:0, domain:branchtest.perfectomobile.com, path:/nexperience/, expiry:null]
<2017-09-26 13:05:34> DEBUG [o.a.h.c.p.ResponseProcessCookies] Cookie accepted [fast_failed="true", version:0, domain:branchtest.perfectomobile.com, path:/nexperience/perfectomobile/wd/hub, expiry:null]
<2017-09-26 13:05:34> DEBUG [o.a.h.i.c.PoolingHttpClientConnectionManager] Connection [id: 5][route: {s}->https://branchtest.perfectomobile.com:443] can be kept alive indefinitely
<2017-09-26 13:05:34> DEBUG [o.a.h.i.c.PoolingHttpClientConnectionManager] Connection released: [id: 5][route: {s}->https://branchtest.perfectomobile.com:443][total kept alive: 1; route allocated: 3 of 2000; total allocated: 3 of 2000]
<2017-09-26 13:05:34> DEBUG [o.a.h.c.p.RequestAddCookies] CookieSpec selected: default
<2017-09-26 13:05:34> DEBUG [o.a.h.c.p.RequestAddCookies] Cookie [version: 0][name: JSESSIONID][value: F6E28E4994D1584E597DBDFCCCB1737E][domain: branchtest.perfectomobile.com][path: /nexperience/][expiry: null] match [(secure)branchtest.perfectomobile.com:443/nexperience/perfectomobile/wd/hub/session/223f2364-c363-4f1b-9fa3-c593981d31c4/timeouts]
<2017-09-26 13:05:34> DEBUG [o.a.h.c.p.RequestAddCookies] Cookie [version: 0][name: fast_failed][value: true][domain: branchtest.perfectomobile.com][path: /nexperience/perfectomobile/wd/hub][expiry: null] match [(secure)branchtest.perfectomobile.com:443/nexperience/perfectomobile/wd/hub/session/223f2364-c363-4f1b-9fa3-c593981d31c4/timeouts]
<2017-09-26 13:05:34> DEBUG [o.a.h.c.p.RequestAddCookies] Cookie [version: 0][name: fast_failed][value: true][domain: branchtest.perfectomobile.com][path: /nexperience/perfectomobile/wd/hub/session][expiry: null] match [(secure)branchtest.perfectomobile.com:443/nexperience/perfectomobile/wd/hub/session/223f2364-c363-4f1b-9fa3-c593981d31c4/timeouts]
<2017-09-26 13:05:34> DEBUG [o.a.h.c.p.RequestAuthCache] Auth cache not set in the context
<2017-09-26 13:05:34> DEBUG [o.a.h.i.c.PoolingHttpClientConnectionManager] Connection request: [route: {s}->https://branchtest.perfectomobile.com:443][total kept alive: 1; route allocated: 3 of 2000; total allocated: 3 of 2000]
<2017-09-26 13:05:34> DEBUG [o.a.h.i.c.PoolingHttpClientConnectionManager] Connection leased: [id: 5][route: {s}->https://branchtest.perfectomobile.com:443][total kept alive: 0; route allocated: 3 of 2000; total allocated: 3 of 2000]
<2017-09-26 13:05:34> DEBUG [o.a.h.i.execchain.MainClientExec] Stale connection check
<2017-09-26 13:05:34> DEBUG [org.apache.http.wire] http-outgoing-5 << "[read] I/O error: Read timed out"
<2017-09-26 13:05:34> DEBUG [o.a.h.i.c.DefaultManagedHttpClientConnection] http-outgoing-5: set socket timeout to 10800000
<2017-09-26 13:05:34> DEBUG [o.a.h.i.execchain.MainClientExec] Executing request POST /nexperience/perfectomobile/wd/hub/session/223f2364-c363-4f1b-9fa3-c593981d31c4/timeouts HTTP/1.1
<2017-09-26 13:05:34> DEBUG [o.a.h.i.execchain.MainClientExec] Target auth state: UNCHALLENGED
<2017-09-26 13:05:34> DEBUG [o.a.h.i.execchain.MainClientExec] Proxy auth state: UNCHALLENGED
<2017-09-26 13:05:34> DEBUG [org.apache.http.headers] http-outgoing-5 >> POST /nexperience/perfectomobile/wd/hub/session/223f2364-c363-4f1b-9fa3-c593981d31c4/timeouts HTTP/1.1
<2017-09-26 13:05:34> DEBUG [org.apache.http.headers] http-outgoing-5 >> Content-Type: application/json; charset=utf-8
<2017-09-26 13:05:34> DEBUG [org.apache.http.headers] http-outgoing-5 >> Content-Length: 30
<2017-09-26 13:05:34> DEBUG [org.apache.http.headers] http-outgoing-5 >> Host: branchtest.perfectomobile.com
<2017-09-26 13:05:34> DEBUG [org.apache.http.headers] http-outgoing-5 >> Connection: Keep-Alive
<2017-09-26 13:05:34> DEBUG [org.apache.http.headers] http-outgoing-5 >> User-Agent: Apache-HttpClient/4.5.2 (Java/1.8.0_121)
<2017-09-26 13:05:34> DEBUG [org.apache.http.headers] http-outgoing-5 >> Cookie: JSESSIONID=F6E28E4994D1584E597DBDFCCCB1737E; fast_failed=true; fast_failed=true
<2017-09-26 13:05:34> DEBUG [org.apache.http.headers] http-outgoing-5 >> Accept-Encoding: gzip,deflate
<2017-09-26 13:05:34> DEBUG [org.apache.http.wire] http-outgoing-5 >> "POST /nexperience/perfectomobile/wd/hub/session/223f2364-c363-4f1b-9fa3-c593981d31c4/timeouts HTTP/1.1[\r][\n]"
<2017-09-26 13:05:34> DEBUG [org.apache.http.wire] http-outgoing-5 >> "Content-Type: application/json; charset=utf-8[\r][\n]"
<2017-09-26 13:05:34> DEBUG [org.apache.http.wire] http-outgoing-5 >> "Content-Length: 30[\r][\n]"
<2017-09-26 13:05:34> DEBUG [org.apache.http.wire] http-outgoing-5 >> "Host: branchtest.perfectomobile.com[\r][\n]"
<2017-09-26 13:05:34> DEBUG [org.apache.http.wire] http-outgoing-5 >> "Connection: Keep-Alive[\r][\n]"
<2017-09-26 13:05:34> DEBUG [org.apache.http.wire] http-outgoing-5 >> "User-Agent: Apache-HttpClient/4.5.2 (Java/1.8.0_121)[\r][\n]"
<2017-09-26 13:05:34> DEBUG [org.apache.http.wire] http-outgoing-5 >> "Cookie: JSESSIONID=F6E28E4994D1584E597DBDFCCCB1737E; fast_failed=true; fast_failed=true[\r][\n]"
<2017-09-26 13:05:34> DEBUG [org.apache.http.wire] http-outgoing-5 >> "Accept-Encoding: gzip,deflate[\r][\n]"
<2017-09-26 13:05:34> DEBUG [org.apache.http.wire] http-outgoing-5 >> "[\r][\n]"
<2017-09-26 13:05:34> DEBUG [org.apache.http.wire] http-outgoing-5 >> "{"type":"implicit","ms":30000}"
<2017-09-26 13:05:34> DEBUG [org.apache.http.wire] http-outgoing-5 << "HTTP/1.1 200 OK[\r][\n]"
<2017-09-26 13:05:34> DEBUG [org.apache.http.wire] http-outgoing-5 << "Server: nginx[\r][\n]"
<2017-09-26 13:05:34> DEBUG [org.apache.http.wire] http-outgoing-5 << "Date: Tue, 26 Sep 2017 10:05:31 GMT[\r][\n]"
<2017-09-26 13:05:34> DEBUG [org.apache.http.wire] http-outgoing-5 << "Content-Type: application/json;charset=utf-8[\r][\n]"
<2017-09-26 13:05:34> DEBUG [org.apache.http.wire] http-outgoing-5 << "Transfer-Encoding: chunked[\r][\n]"
<2017-09-26 13:05:34> DEBUG [org.apache.http.wire] http-outgoing-5 << "Connection: keep-alive[\r][\n]"
<2017-09-26 13:05:34> DEBUG [org.apache.http.wire] http-outgoing-5 << "Set-Cookie: JSESSIONID=F6E28E4994D1584E597DBDFCCCB1737E; Path=/nexperience/; HttpOnly[\r][\n]"
<2017-09-26 13:05:34> DEBUG [org.apache.http.wire] http-outgoing-5 << "Expires: Thu, 01 Jan 1970 00:00:00 GMT[\r][\n]"
<2017-09-26 13:05:34> DEBUG [org.apache.http.wire] http-outgoing-5 << "Cache-Control: no-cache[\r][\n]"
<2017-09-26 13:05:34> DEBUG [org.apache.http.wire] http-outgoing-5 << "Cache-Control: no-cache[\r][\n]"
<2017-09-26 13:05:34> DEBUG [org.apache.http.wire] http-outgoing-5 << "Expires: Thu, 01 Jan 1970 00:00:00 GMT[\r][\n]"
<2017-09-26 13:05:34> DEBUG [org.apache.http.wire] http-outgoing-5 << "Set-Cookie: fast_failed=true[\r][\n]"
<2017-09-26 13:05:34> DEBUG [org.apache.http.wire] http-outgoing-5 << "X-XSS-Protection: 2; mode=block[\r][\n]"
<2017-09-26 13:05:34> DEBUG [org.apache.http.wire] http-outgoing-5 << "Content-Encoding: gzip[\r][\n]"
<2017-09-26 13:05:34> DEBUG [org.apache.http.wire] http-outgoing-5 << "[\r][\n]"
<2017-09-26 13:05:34> DEBUG [org.apache.http.wire] http-outgoing-5 << "95[\r][\n]"
<2017-09-26 13:05:34> DEBUG [org.apache.http.wire] http-outgoing-5 << "[0x1f][0x8b][0x8][0x0][0x0][0x0][0x0][0x0][0x0][0x3]-[0xcc]1[0x12][0xc2] [0x10][0x85][0xe1][0xbb]l[\r]L`[0x93][0x8c][0xa4][0xb5][0xb2][0xf5][0x6]H[0x16][0xcd][0xc][0x81]$[0x1b]l[0x1c][0xef][0xee][0x16][0xb6][0xff]|[0xef]}[0x80][0x89]y[0xa9][0xe5]6[0xc3][0x4][0xce]ar8[0xf6]:[0xe2][0x88][0xba]O[0xf6][0xa1]}[\n]"
<2017-09-26 13:05:34> DEBUG [org.apache.http.wire] http-outgoing-5 << "[0xa8][0xe3][0xe0][0xd1]_[0xec][0x8c]6[0xf6][0xa0][0x80][0xcf]p[0x92]pn1[0xca]Z[0xca][0xeb]Zg)[0xd6]y[0x87][0xbe][0xb3][0x83][0x82]w[0xc8]MJi9+[0x88]9[0x8][0x9b][0xa0][0x1e]OS7*{0L[0x99][0xca][0xd2]Vs[0xd0]ZO2w[0xe2][0xad][0x16][0xa6][0xff]}[0x13][0xde]}]]>&#x7f;<![CDATA[[0xd7][0xd2]~a[0x9e][0x0][0x0][0x0][\r][\n]"
<2017-09-26 13:05:34> DEBUG [org.apache.http.wire] http-outgoing-5 << "0[\r][\n]"
<2017-09-26 13:05:34> DEBUG [org.apache.http.wire] http-outgoing-5 << "[\r][\n]"
<2017-09-26 13:05:34> DEBUG [org.apache.http.headers] http-outgoing-5 << HTTP/1.1 200 OK
<2017-09-26 13:05:34> DEBUG [org.apache.http.headers] http-outgoing-5 << Server: nginx
<2017-09-26 13:05:34> DEBUG [org.apache.http.headers] http-outgoing-5 << Date: Tue, 26 Sep 2017 10:05:31 GMT
<2017-09-26 13:05:34> DEBUG [org.apache.http.headers] http-outgoing-5 << Content-Type: application/json;charset=utf-8
<2017-09-26 13:05:34> DEBUG [org.apache.http.headers] http-outgoing-5 << Transfer-Encoding: chunked
<2017-09-26 13:05:34> DEBUG [org.apache.http.headers] http-outgoing-5 << Connection: keep-alive
<2017-09-26 13:05:34> DEBUG [org.apache.http.headers] http-outgoing-5 << Set-Cookie: JSESSIONID=F6E28E4994D1584E597DBDFCCCB1737E; Path=/nexperience/; HttpOnly
<2017-09-26 13:05:34> DEBUG [org.apache.http.headers] http-outgoing-5 << Expires: Thu, 01 Jan 1970 00:00:00 GMT
<2017-09-26 13:05:34> DEBUG [org.apache.http.headers] http-outgoing-5 << Cache-Control: no-cache
<2017-09-26 13:05:34> DEBUG [org.apache.http.headers] http-outgoing-5 << Cache-Control: no-cache
<2017-09-26 13:05:34> DEBUG [org.apache.http.headers] http-outgoing-5 << Expires: Thu, 01 Jan 1970 00:00:00 GMT
<2017-09-26 13:05:34> DEBUG [org.apache.http.headers] http-outgoing-5 << Set-Cookie: fast_failed=true
<2017-09-26 13:05:34> DEBUG [org.apache.http.headers] http-outgoing-5 << X-XSS-Protection: 2; mode=block
<2017-09-26 13:05:34> DEBUG [org.apache.http.headers] http-outgoing-5 << Content-Encoding: gzip
<2017-09-26 13:05:34> DEBUG [o.a.h.i.execchain.MainClientExec] Connection can be kept alive indefinitely
<2017-09-26 13:05:34> DEBUG [o.a.h.c.p.ResponseProcessCookies] Cookie accepted [JSESSIONID="F6E28E4994D1584E597DBDFCCCB1737E", version:0, domain:branchtest.perfectomobile.com, path:/nexperience/, expiry:null]
<2017-09-26 13:05:34> DEBUG [o.a.h.c.p.ResponseProcessCookies] Cookie accepted [fast_failed="true", version:0, domain:branchtest.perfectomobile.com, path:/nexperience/perfectomobile/wd/hub/session/223f2364-c363-4f1b-9fa3-c593981d31c4, expiry:null]
<2017-09-26 13:05:34> DEBUG [o.a.h.i.c.PoolingHttpClientConnectionManager] Connection [id: 5][route: {s}->https://branchtest.perfectomobile.com:443] can be kept alive indefinitely
<2017-09-26 13:05:34> DEBUG [o.a.h.i.c.PoolingHttpClientConnectionManager] Connection released: [id: 5][route: {s}->https://branchtest.perfectomobile.com:443][total kept alive: 1; route allocated: 3 of 2000; total allocated: 3 of 2000]
<2017-09-26 13:05:34> DEBUG [o.a.h.c.p.RequestAddCookies] CookieSpec selected: default
<2017-09-26 13:05:34> DEBUG [o.a.h.c.p.RequestAddCookies] Cookie [version: 0][name: JSESSIONID][value: F6E28E4994D1584E597DBDFCCCB1737E][domain: branchtest.perfectomobile.com][path: /nexperience/][expiry: null] match [(secure)branchtest.perfectomobile.com:443/nexperience/perfectomobile/wd/hub/session/223f2364-c363-4f1b-9fa3-c593981d31c4/timeouts]
<2017-09-26 13:05:34> DEBUG [o.a.h.c.p.RequestAddCookies] Cookie [version: 0][name: fast_failed][value: true][domain: branchtest.perfectomobile.com][path: /nexperience/perfectomobile/wd/hub][expiry: null] match [(secure)branchtest.perfectomobile.com:443/nexperience/perfectomobile/wd/hub/session/223f2364-c363-4f1b-9fa3-c593981d31c4/timeouts]
<2017-09-26 13:05:34> DEBUG [o.a.h.c.p.RequestAddCookies] Cookie [version: 0][name: fast_failed][value: true][domain: branchtest.perfectomobile.com][path: /nexperience/perfectomobile/wd/hub/session][expiry: null] match [(secure)branchtest.perfectomobile.com:443/nexperience/perfectomobile/wd/hub/session/223f2364-c363-4f1b-9fa3-c593981d31c4/timeouts]
<2017-09-26 13:05:34> DEBUG [o.a.h.c.p.RequestAddCookies] Cookie [version: 0][name: fast_failed][value: true][domain: branchtest.perfectomobile.com][path: /nexperience/perfectomobile/wd/hub/session/223f2364-c363-4f1b-9fa3-c593981d31c4][expiry: null] match [(secure)branchtest.perfectomobile.com:443/nexperience/perfectomobile/wd/hub/session/223f2364-c363-4f1b-9fa3-c593981d31c4/timeouts]
<2017-09-26 13:05:34> DEBUG [o.a.h.c.p.RequestAuthCache] Auth cache not set in the context
<2017-09-26 13:05:34> DEBUG [o.a.h.i.c.PoolingHttpClientConnectionManager] Connection request: [route: {s}->https://branchtest.perfectomobile.com:443][total kept alive: 1; route allocated: 3 of 2000; total allocated: 3 of 2000]
<2017-09-26 13:05:34> DEBUG [o.a.h.i.c.PoolingHttpClientConnectionManager] Connection leased: [id: 5][route: {s}->https://branchtest.perfectomobile.com:443][total kept alive: 0; route allocated: 3 of 2000; total allocated: 3 of 2000]
<2017-09-26 13:05:34> DEBUG [o.a.h.i.execchain.MainClientExec] Stale connection check
<2017-09-26 13:05:34> DEBUG [org.apache.http.wire] http-outgoing-5 << "[read] I/O error: Read timed out"
<2017-09-26 13:05:34> DEBUG [o.a.h.i.c.DefaultManagedHttpClientConnection] http-outgoing-5: set socket timeout to 10800000
<2017-09-26 13:05:34> DEBUG [o.a.h.i.execchain.MainClientExec] Executing request POST /nexperience/perfectomobile/wd/hub/session/223f2364-c363-4f1b-9fa3-c593981d31c4/timeouts HTTP/1.1
<2017-09-26 13:05:34> DEBUG [o.a.h.i.execchain.MainClientExec] Target auth state: UNCHALLENGED
<2017-09-26 13:05:34> DEBUG [o.a.h.i.execchain.MainClientExec] Proxy auth state: UNCHALLENGED
<2017-09-26 13:05:34> DEBUG [org.apache.http.headers] http-outgoing-5 >> POST /nexperience/perfectomobile/wd/hub/session/223f2364-c363-4f1b-9fa3-c593981d31c4/timeouts HTTP/1.1
<2017-09-26 13:05:34> DEBUG [org.apache.http.headers] http-outgoing-5 >> Content-Type: application/json; charset=utf-8
<2017-09-26 13:05:34> DEBUG [org.apache.http.headers] http-outgoing-5 >> Content-Length: 31
<2017-09-26 13:05:34> DEBUG [org.apache.http.headers] http-outgoing-5 >> Host: branchtest.perfectomobile.com
<2017-09-26 13:05:34> DEBUG [org.apache.http.headers] http-outgoing-5 >> Connection: Keep-Alive
<2017-09-26 13:05:34> DEBUG [org.apache.http.headers] http-outgoing-5 >> User-Agent: Apache-HttpClient/4.5.2 (Java/1.8.0_121)
<2017-09-26 13:05:34> DEBUG [org.apache.http.headers] http-outgoing-5 >> Cookie: JSESSIONID=F6E28E4994D1584E597DBDFCCCB1737E; fast_failed=true; fast_failed=true; fast_failed=true
<2017-09-26 13:05:34> DEBUG [org.apache.http.headers] http-outgoing-5 >> Accept-Encoding: gzip,deflate
<2017-09-26 13:05:34> DEBUG [org.apache.http.wire] http-outgoing-5 >> "POST /nexperience/perfectomobile/wd/hub/session/223f2364-c363-4f1b-9fa3-c593981d31c4/timeouts HTTP/1.1[\r][\n]"
<2017-09-26 13:05:34> DEBUG [org.apache.http.wire] http-outgoing-5 >> "Content-Type: application/json; charset=utf-8[\r][\n]"
<2017-09-26 13:05:34> DEBUG [org.apache.http.wire] http-outgoing-5 >> "Content-Length: 31[\r][\n]"
<2017-09-26 13:05:34> DEBUG [org.apache.http.wire] http-outgoing-5 >> "Host: branchtest.perfectomobile.com[\r][\n]"
<2017-09-26 13:05:34> DEBUG [org.apache.http.wire] http-outgoing-5 >> "Connection: Keep-Alive[\r][\n]"
<2017-09-26 13:05:34> DEBUG [org.apache.http.wire] http-outgoing-5 >> "User-Agent: Apache-HttpClient/4.5.2 (Java/1.8.0_121)[\r][\n]"
<2017-09-26 13:05:34> DEBUG [org.apache.http.wire] http-outgoing-5 >> "Cookie: JSESSIONID=F6E28E4994D1584E597DBDFCCCB1737E; fast_failed=true; fast_failed=true; fast_failed=true[\r][\n]"
<2017-09-26 13:05:34> DEBUG [org.apache.http.wire] http-outgoing-5 >> "Accept-Encoding: gzip,deflate[\r][\n]"
<2017-09-26 13:05:34> DEBUG [org.apache.http.wire] http-outgoing-5 >> "[\r][\n]"
<2017-09-26 13:05:34> DEBUG [org.apache.http.wire] http-outgoing-5 >> "{"type":"page load","ms":30000}"
<2017-09-26 13:05:34> DEBUG [org.apache.http.wire] http-outgoing-8 << "HTTP/1.1 200 OK[\r][\n]"
<2017-09-26 13:05:34> DEBUG [org.apache.http.wire] http-outgoing-8 << "Server: nginx[\r][\n]"
<2017-09-26 13:05:34> DEBUG [org.apache.http.wire] http-outgoing-8 << "Date: Tue, 26 Sep 2017 10:05:31 GMT[\r][\n]"
<2017-09-26 13:05:34> DEBUG [org.apache.http.wire] http-outgoing-8 << "Content-Type: application/json;charset=utf-8[\r][\n]"
<2017-09-26 13:05:34> DEBUG [org.apache.http.wire] http-outgoing-8 << "Transfer-Encoding: chunked[\r][\n]"
<2017-09-26 13:05:34> DEBUG [org.apache.http.wire] http-outgoing-8 << "Connection: keep-alive[\r][\n]"
<2017-09-26 13:05:34> DEBUG [org.apache.http.wire] http-outgoing-8 << "Set-Cookie: JSESSIONID=F6E28E4994D1584E597DBDFCCCB1737E; Path=/nexperience/; HttpOnly[\r][\n]"
<2017-09-26 13:05:34> DEBUG [org.apache.http.wire] http-outgoing-8 << "Expires: Thu, 01 Jan 1970 00:00:00 GMT[\r][\n]"
<2017-09-26 13:05:34> DEBUG [org.apache.http.wire] http-outgoing-8 << "Cache-Control: no-cache[\r][\n]"
<2017-09-26 13:05:34> DEBUG [org.apache.http.wire] http-outgoing-8 << "Cache-Control: no-cache[\r][\n]"
<2017-09-26 13:05:34> DEBUG [org.apache.http.wire] http-outgoing-8 << "Expires: Thu, 01 Jan 1970 00:00:00 GMT[\r][\n]"
<2017-09-26 13:05:34> DEBUG [org.apache.http.wire] http-outgoing-8 << "Set-Cookie: fast_failed=true[\r][\n]"
<2017-09-26 13:05:34> DEBUG [org.apache.http.wire] http-outgoing-8 << "X-XSS-Protection: 2; mode=block[\r][\n]"
<2017-09-26 13:05:34> DEBUG [org.apache.http.wire] http-outgoing-8 << "Content-Encoding: gzip[\r][\n]"
<2017-09-26 13:05:34> DEBUG [org.apache.http.wire] http-outgoing-8 << "[\r][\n]"
<2017-09-26 13:05:34> DEBUG [org.apache.http.wire] http-outgoing-8 << "94[\r][\n]"
<2017-09-26 13:05:34> DEBUG [org.apache.http.wire] http-outgoing-8 << "[0x1f][0x8b][0x8][0x0][0x0][0x0][0x0][0x0][0x0][0x3]-[0x8c]1[0x12][0x82]0[0x10]E[0xef][0xb2]5d[0x88][0x6][0xc][0xb4]V[0xb6][0xde]`[0xd9]l[0x94][0x99][0x90] Kl[0x1c][0xef][0xee][0x16][0x96][0xff][0xcd]{[0xff][0x3][0xc2]"K[0xc9][0xb7][0x0][0x13][0x10][0xce]d;{i[0xc7][0x13]w[0xad][0xe3][0x99]Z[0x1f]t[0xc6][0x18][0x3]Zr[0xf6][0x8c][0x3]4 [0x7][0x1e][0xac][0xba]T"[0xad][0x95]<[0xaf]%([0x19][0xbd][0xed]]?8[0xdf][0xc0][0x1b]SU[0x92]kJ[\r]PB[0xd5]&([0xfb][0xc3][0x94][0x8d][0xf3][0xb][0x8d]p[0xe2][0xbc][0xd4][0xd5][0xec][0xbc][0x96][0x83][0xcd][0x9d]e+Y[0xf8]]]>&#x7f;<![CDATA[_U[0xef][0xbe]?[0xb3][0xc8][0xf8]?[0x9e][0x0][0x0][0x0][\r][\n]"
<2017-09-26 13:05:34> DEBUG [org.apache.http.wire] http-outgoing-8 << "0[\r][\n]"
<2017-09-26 13:05:34> DEBUG [org.apache.http.wire] http-outgoing-8 << "[\r][\n]"
<2017-09-26 13:05:34> DEBUG [org.apache.http.headers] http-outgoing-8 << HTTP/1.1 200 OK
<2017-09-26 13:05:34> DEBUG [org.apache.http.headers] http-outgoing-8 << Server: nginx
<2017-09-26 13:05:34> DEBUG [org.apache.http.headers] http-outgoing-8 << Date: Tue, 26 Sep 2017 10:05:31 GMT
<2017-09-26 13:05:34> DEBUG [org.apache.http.headers] http-outgoing-8 << Content-Type: application/json;charset=utf-8
<2017-09-26 13:05:34> DEBUG [org.apache.http.headers] http-outgoing-8 << Transfer-Encoding: chunked
<2017-09-26 13:05:34> DEBUG [org.apache.http.headers] http-outgoing-8 << Connection: keep-alive
<2017-09-26 13:05:34> DEBUG [org.apache.http.headers] http-outgoing-8 << Set-Cookie: JSESSIONID=F6E28E4994D1584E597DBDFCCCB1737E; Path=/nexperience/; HttpOnly
<2017-09-26 13:05:34> DEBUG [org.apache.http.headers] http-outgoing-8 << Expires: Thu, 01 Jan 1970 00:00:00 GMT
<2017-09-26 13:05:34> DEBUG [org.apache.http.headers] http-outgoing-8 << Cache-Control: no-cache
<2017-09-26 13:05:34> DEBUG [org.apache.http.headers] http-outgoing-8 << Cache-Control: no-cache
<2017-09-26 13:05:34> DEBUG [org.apache.http.headers] http-outgoing-8 << Expires: Thu, 01 Jan 1970 00:00:00 GMT
<2017-09-26 13:05:34> DEBUG [org.apache.http.headers] http-outgoing-8 << Set-Cookie: fast_failed=true
<2017-09-26 13:05:34> DEBUG [org.apache.http.headers] http-outgoing-8 << X-XSS-Protection: 2; mode=block
<2017-09-26 13:05:34> DEBUG [org.apache.http.headers] http-outgoing-8 << Content-Encoding: gzip
<2017-09-26 13:05:34> DEBUG [o.a.h.i.execchain.MainClientExec] Connection can be kept alive indefinitely
<2017-09-26 13:05:34> DEBUG [o.a.h.c.p.ResponseProcessCookies] Cookie accepted [JSESSIONID="F6E28E4994D1584E597DBDFCCCB1737E", version:0, domain:branchtest.perfectomobile.com, path:/nexperience/, expiry:null]
<2017-09-26 13:05:34> DEBUG [o.a.h.c.p.ResponseProcessCookies] Cookie accepted [fast_failed="true", version:0, domain:branchtest.perfectomobile.com, path:/nexperience/perfectomobile/wd/hub/session/cabc1017-92e0-4ebc-8d17-fffda1c413a6/window/current, expiry:null]
<2017-09-26 13:05:34> DEBUG [o.a.h.i.c.PoolingHttpClientConnectionManager] Connection [id: 8][route: {s}->https://branchtest.perfectomobile.com:443] can be kept alive indefinitely
<2017-09-26 13:05:34> DEBUG [o.a.h.i.c.PoolingHttpClientConnectionManager] Connection released: [id: 8][route: {s}->https://branchtest.perfectomobile.com:443][total kept alive: 1; route allocated: 3 of 2000; total allocated: 3 of 2000]
<2017-09-26 13:05:34> DEBUG [o.a.h.c.p.RequestAddCookies] CookieSpec selected: default
<2017-09-26 13:05:34> DEBUG [o.a.h.c.p.RequestAddCookies] Cookie [version: 0][name: JSESSIONID][value: F6E28E4994D1584E597DBDFCCCB1737E][domain: branchtest.perfectomobile.com][path: /nexperience/][expiry: null] match [(secure)branchtest.perfectomobile.com:443/nexperience/perfectomobile/wd/hub/session/cabc1017-92e0-4ebc-8d17-fffda1c413a6/url]
<2017-09-26 13:05:34> DEBUG [o.a.h.c.p.RequestAddCookies] Cookie [version: 0][name: fast_failed][value: true][domain: branchtest.perfectomobile.com][path: /nexperience/perfectomobile/wd/hub][expiry: null] match [(secure)branchtest.perfectomobile.com:443/nexperience/perfectomobile/wd/hub/session/cabc1017-92e0-4ebc-8d17-fffda1c413a6/url]
<2017-09-26 13:05:34> DEBUG [o.a.h.c.p.RequestAddCookies] Cookie [version: 0][name: fast_failed][value: true][domain: branchtest.perfectomobile.com][path: /nexperience/perfectomobile/wd/hub/session][expiry: null] match [(secure)branchtest.perfectomobile.com:443/nexperience/perfectomobile/wd/hub/session/cabc1017-92e0-4ebc-8d17-fffda1c413a6/url]
<2017-09-26 13:05:34> DEBUG [o.a.h.c.p.RequestAddCookies] Cookie [version: 0][name: fast_failed][value: true][domain: branchtest.perfectomobile.com][path: /nexperience/perfectomobile/wd/hub/session/cabc1017-92e0-4ebc-8d17-fffda1c413a6][expiry: null] match [(secure)branchtest.perfectomobile.com:443/nexperience/perfectomobile/wd/hub/session/cabc1017-92e0-4ebc-8d17-fffda1c413a6/url]
<2017-09-26 13:05:34> DEBUG [o.a.h.c.p.RequestAuthCache] Auth cache not set in the context
<2017-09-26 13:05:34> DEBUG [o.a.h.i.c.PoolingHttpClientConnectionManager] Connection request: [route: {s}->https://branchtest.perfectomobile.com:443][total kept alive: 1; route allocated: 3 of 2000; total allocated: 3 of 2000]
<2017-09-26 13:05:34> DEBUG [o.a.h.i.c.PoolingHttpClientConnectionManager] Connection leased: [id: 8][route: {s}->https://branchtest.perfectomobile.com:443][total kept alive: 0; route allocated: 3 of 2000; total allocated: 3 of 2000]
<2017-09-26 13:05:34> DEBUG [o.a.h.i.execchain.MainClientExec] Stale connection check
<2017-09-26 13:05:34> DEBUG [org.apache.http.wire] http-outgoing-8 << "[read] I/O error: Read timed out"
<2017-09-26 13:05:34> DEBUG [o.a.h.i.c.DefaultManagedHttpClientConnection] http-outgoing-8: set socket timeout to 10800000
<2017-09-26 13:05:34> DEBUG [o.a.h.i.execchain.MainClientExec] Executing request POST /nexperience/perfectomobile/wd/hub/session/cabc1017-92e0-4ebc-8d17-fffda1c413a6/url HTTP/1.1
<2017-09-26 13:05:34> DEBUG [o.a.h.i.execchain.MainClientExec] Target auth state: UNCHALLENGED
<2017-09-26 13:05:34> DEBUG [o.a.h.i.execchain.MainClientExec] Proxy auth state: UNCHALLENGED
<2017-09-26 13:05:34> DEBUG [org.apache.http.headers] http-outgoing-8 >> POST /nexperience/perfectomobile/wd/hub/session/cabc1017-92e0-4ebc-8d17-fffda1c413a6/url HTTP/1.1
<2017-09-26 13:05:34> DEBUG [org.apache.http.headers] http-outgoing-8 >> Content-Type: application/json; charset=utf-8
<2017-09-26 13:05:34> DEBUG [org.apache.http.headers] http-outgoing-8 >> Content-Length: 31
<2017-09-26 13:05:34> DEBUG [org.apache.http.headers] http-outgoing-8 >> Host: branchtest.perfectomobile.com
<2017-09-26 13:05:34> DEBUG [org.apache.http.headers] http-outgoing-8 >> Connection: Keep-Alive
<2017-09-26 13:05:34> DEBUG [org.apache.http.headers] http-outgoing-8 >> User-Agent: Apache-HttpClient/4.5.2 (Java/1.8.0_121)
<2017-09-26 13:05:34> DEBUG [org.apache.http.headers] http-outgoing-8 >> Cookie: JSESSIONID=F6E28E4994D1584E597DBDFCCCB1737E; fast_failed=true; fast_failed=true; fast_failed=true
<2017-09-26 13:05:34> DEBUG [org.apache.http.headers] http-outgoing-8 >> Accept-Encoding: gzip,deflate
<2017-09-26 13:05:34> DEBUG [org.apache.http.wire] http-outgoing-8 >> "POST /nexperience/perfectomobile/wd/hub/session/cabc1017-92e0-4ebc-8d17-fffda1c413a6/url HTTP/1.1[\r][\n]"
<2017-09-26 13:05:34> DEBUG [org.apache.http.wire] http-outgoing-8 >> "Content-Type: application/json; charset=utf-8[\r][\n]"
<2017-09-26 13:05:34> DEBUG [org.apache.http.wire] http-outgoing-8 >> "Content-Length: 31[\r][\n]"
<2017-09-26 13:05:34> DEBUG [org.apache.http.wire] http-outgoing-8 >> "Host: branchtest.perfectomobile.com[\r][\n]"
<2017-09-26 13:05:34> DEBUG [org.apache.http.wire] http-outgoing-8 >> "Connection: Keep-Alive[\r][\n]"
<2017-09-26 13:05:34> DEBUG [org.apache.http.wire] http-outgoing-8 >> "User-Agent: Apache-HttpClient/4.5.2 (Java/1.8.0_121)[\r][\n]"
<2017-09-26 13:05:34> DEBUG [org.apache.http.wire] http-outgoing-8 >> "Cookie: JSESSIONID=F6E28E4994D1584E597DBDFCCCB1737E; fast_failed=true; fast_failed=true; fast_failed=true[\r][\n]"
<2017-09-26 13:05:34> DEBUG [org.apache.http.wire] http-outgoing-8 >> "Accept-Encoding: gzip,deflate[\r][\n]"
<2017-09-26 13:05:34> DEBUG [org.apache.http.wire] http-outgoing-8 >> "[\r][\n]"
<2017-09-26 13:05:34> DEBUG [org.apache.http.wire] http-outgoing-8 >> "{"url":"http://www.google.com"}"
<2017-09-26 13:05:34> DEBUG [org.apache.http.wire] http-outgoing-5 << "HTTP/1.1 200 OK[\r][\n]"
<2017-09-26 13:05:34> DEBUG [org.apache.http.wire] http-outgoing-5 << "Server: nginx[\r][\n]"
<2017-09-26 13:05:34> DEBUG [org.apache.http.wire] http-outgoing-5 << "Date: Tue, 26 Sep 2017 10:05:31 GMT[\r][\n]"
<2017-09-26 13:05:34> DEBUG [org.apache.http.wire] http-outgoing-5 << "Content-Type: application/json;charset=utf-8[\r][\n]"
<2017-09-26 13:05:34> DEBUG [org.apache.http.wire] http-outgoing-5 << "Transfer-Encoding: chunked[\r][\n]"
<2017-09-26 13:05:34> DEBUG [org.apache.http.wire] http-outgoing-5 << "Connection: keep-alive[\r][\n]"
<2017-09-26 13:05:34> DEBUG [org.apache.http.wire] http-outgoing-5 << "Set-Cookie: JSESSIONID=F6E28E4994D1584E597DBDFCCCB1737E; Path=/nexperience/; HttpOnly[\r][\n]"
<2017-09-26 13:05:34> DEBUG [org.apache.http.wire] http-outgoing-5 << "Expires: Thu, 01 Jan 1970 00:00:00 GMT[\r][\n]"
<2017-09-26 13:05:34> DEBUG [org.apache.http.wire] http-outgoing-5 << "Cache-Control: no-cache[\r][\n]"
<2017-09-26 13:05:34> DEBUG [org.apache.http.wire] http-outgoing-5 << "Cache-Control: no-cache[\r][\n]"
<2017-09-26 13:05:34> DEBUG [org.apache.http.wire] http-outgoing-5 << "Expires: Thu, 01 Jan 1970 00:00:00 GMT[\r][\n]"
<2017-09-26 13:05:34> DEBUG [org.apache.http.wire] http-outgoing-5 << "Set-Cookie: fast_failed=true[\r][\n]"
<2017-09-26 13:05:34> DEBUG [org.apache.http.wire] http-outgoing-5 << "X-XSS-Protection: 2; mode=block[\r][\n]"
<2017-09-26 13:05:34> DEBUG [org.apache.http.wire] http-outgoing-5 << "Content-Encoding: gzip[\r][\n]"
<2017-09-26 13:05:34> DEBUG [org.apache.http.wire] http-outgoing-5 << "[\r][\n]"
<2017-09-26 13:05:34> DEBUG [org.apache.http.wire] http-outgoing-5 << "96[\r][\n]"
<2017-09-26 13:05:34> DEBUG [org.apache.http.wire] http-outgoing-5 << "[0x1f][0x8b][0x8][0x0][0x0][0x0][0x0][0x0][0x0][0x3]-[0xcc]1[0x12][0xc2] [0x10][0x85][0xe1][0xbb]l[0x1d][0x98][0xc0]"JZ+[o[0x80]d[0xa3][0x99]![0x90]d[0x83][0x8d][0xe3][0xdd][0xdd][0xc2][0xf6][0x9f][0xef][0xbd][0xf]01[0xcf][0xb5][0xdc]F[0x18][0xc0]Z[0x9c],z[0xa7][0x12]zTn2[0xf][0x15][0xa6][0x88]*[0x9d][0x2][0x86][0x8b][0x19][0xd1]$[0x7][0x1d][0xf0][0x11][0xf][0x12][0xce]-%YKy][0xeb]([0xc5][0xb8][0xde];o[0xcf]}[0xe8][0xe0][0x1d]s[0x93]TZ[0xce][0x1d][0xa4][0x1c][0xc5][\r]P[0xf7][0xa7][0xae]+[0x95]-j[0xa6]Len[0x8b][0xde]i[0xa9][0x7][0xe9];[0xf1]Z[0xb][0xd3][0xff][0xbf][0x9][0xef][0xbf]?[0x97]p[0xd1][0xd5][0x9f][0x0][0x0][0x0][\r][\n]"
<2017-09-26 13:05:34> DEBUG [org.apache.http.wire] http-outgoing-5 << "0[\r][\n]"
<2017-09-26 13:05:34> DEBUG [org.apache.http.wire] http-outgoing-5 << "[\r][\n]"
<2017-09-26 13:05:34> DEBUG [org.apache.http.headers] http-outgoing-5 << HTTP/1.1 200 OK
<2017-09-26 13:05:34> DEBUG [org.apache.http.headers] http-outgoing-5 << Server: nginx
<2017-09-26 13:05:34> DEBUG [org.apache.http.headers] http-outgoing-5 << Date: Tue, 26 Sep 2017 10:05:31 GMT
<2017-09-26 13:05:34> DEBUG [org.apache.http.headers] http-outgoing-5 << Content-Type: application/json;charset=utf-8
<2017-09-26 13:05:34> DEBUG [org.apache.http.headers] http-outgoing-5 << Transfer-Encoding: chunked
<2017-09-26 13:05:34> DEBUG [org.apache.http.headers] http-outgoing-5 << Connection: keep-alive
<2017-09-26 13:05:34> DEBUG [org.apache.http.headers] http-outgoing-5 << Set-Cookie: JSESSIONID=F6E28E4994D1584E597DBDFCCCB1737E; Path=/nexperience/; HttpOnly
<2017-09-26 13:05:34> DEBUG [org.apache.http.headers] http-outgoing-5 << Expires: Thu, 01 Jan 1970 00:00:00 GMT
<2017-09-26 13:05:34> DEBUG [org.apache.http.headers] http-outgoing-5 << Cache-Control: no-cache
<2017-09-26 13:05:34> DEBUG [org.apache.http.headers] http-outgoing-5 << Cache-Control: no-cache
<2017-09-26 13:05:34> DEBUG [org.apache.http.headers] http-outgoing-5 << Expires: Thu, 01 Jan 1970 00:00:00 GMT
<2017-09-26 13:05:34> DEBUG [org.apache.http.headers] http-outgoing-5 << Set-Cookie: fast_failed=true
<2017-09-26 13:05:34> DEBUG [org.apache.http.headers] http-outgoing-5 << X-XSS-Protection: 2; mode=block
<2017-09-26 13:05:34> DEBUG [org.apache.http.headers] http-outgoing-5 << Content-Encoding: gzip
<2017-09-26 13:05:34> DEBUG [o.a.h.i.execchain.MainClientExec] Connection can be kept alive indefinitely
<2017-09-26 13:05:34> DEBUG [o.a.h.c.p.ResponseProcessCookies] Cookie accepted [JSESSIONID="F6E28E4994D1584E597DBDFCCCB1737E", version:0, domain:branchtest.perfectomobile.com, path:/nexperience/, expiry:null]
<2017-09-26 13:05:34> DEBUG [o.a.h.c.p.ResponseProcessCookies] Cookie accepted [fast_failed="true", version:0, domain:branchtest.perfectomobile.com, path:/nexperience/perfectomobile/wd/hub/session/223f2364-c363-4f1b-9fa3-c593981d31c4, expiry:null]
<2017-09-26 13:05:34> DEBUG [o.a.h.i.c.PoolingHttpClientConnectionManager] Connection [id: 5][route: {s}->https://branchtest.perfectomobile.com:443] can be kept alive indefinitely
<2017-09-26 13:05:34> DEBUG [o.a.h.i.c.PoolingHttpClientConnectionManager] Connection released: [id: 5][route: {s}->https://branchtest.perfectomobile.com:443][total kept alive: 1; route allocated: 3 of 2000; total allocated: 3 of 2000]
<2017-09-26 13:05:34> DEBUG [o.a.h.c.p.RequestAddCookies] CookieSpec selected: default
<2017-09-26 13:05:34> DEBUG [o.a.h.c.p.RequestAddCookies] Cookie [version: 0][name: JSESSIONID][value: F6E28E4994D1584E597DBDFCCCB1737E][domain: branchtest.perfectomobile.com][path: /nexperience/][expiry: null] match [(secure)branchtest.perfectomobile.com:443/nexperience/perfectomobile/wd/hub/session/223f2364-c363-4f1b-9fa3-c593981d31c4/url]
<2017-09-26 13:05:34> DEBUG [o.a.h.c.p.RequestAddCookies] Cookie [version: 0][name: fast_failed][value: true][domain: branchtest.perfectomobile.com][path: /nexperience/perfectomobile/wd/hub][expiry: null] match [(secure)branchtest.perfectomobile.com:443/nexperience/perfectomobile/wd/hub/session/223f2364-c363-4f1b-9fa3-c593981d31c4/url]
<2017-09-26 13:05:34> DEBUG [o.a.h.c.p.RequestAddCookies] Cookie [version: 0][name: fast_failed][value: true][domain: branchtest.perfectomobile.com][path: /nexperience/perfectomobile/wd/hub/session][expiry: null] match [(secure)branchtest.perfectomobile.com:443/nexperience/perfectomobile/wd/hub/session/223f2364-c363-4f1b-9fa3-c593981d31c4/url]
<2017-09-26 13:05:34> DEBUG [o.a.h.c.p.RequestAddCookies] Cookie [version: 0][name: fast_failed][value: true][domain: branchtest.perfectomobile.com][path: /nexperience/perfectomobile/wd/hub/session/223f2364-c363-4f1b-9fa3-c593981d31c4][expiry: null] match [(secure)branchtest.perfectomobile.com:443/nexperience/perfectomobile/wd/hub/session/223f2364-c363-4f1b-9fa3-c593981d31c4/url]
<2017-09-26 13:05:34> DEBUG [o.a.h.c.p.RequestAuthCache] Auth cache not set in the context
<2017-09-26 13:05:34> DEBUG [o.a.h.i.c.PoolingHttpClientConnectionManager] Connection request: [route: {s}->https://branchtest.perfectomobile.com:443][total kept alive: 1; route allocated: 3 of 2000; total allocated: 3 of 2000]
<2017-09-26 13:05:34> DEBUG [o.a.h.i.c.PoolingHttpClientConnectionManager] Connection leased: [id: 5][route: {s}->https://branchtest.perfectomobile.com:443][total kept alive: 0; route allocated: 3 of 2000; total allocated: 3 of 2000]
<2017-09-26 13:05:34> DEBUG [o.a.h.i.execchain.MainClientExec] Stale connection check
<2017-09-26 13:05:34> DEBUG [org.apache.http.wire] http-outgoing-5 << "[read] I/O error: Read timed out"
<2017-09-26 13:05:34> DEBUG [o.a.h.i.c.DefaultManagedHttpClientConnection] http-outgoing-5: set socket timeout to 10800000
<2017-09-26 13:05:34> DEBUG [o.a.h.i.execchain.MainClientExec] Executing request POST /nexperience/perfectomobile/wd/hub/session/223f2364-c363-4f1b-9fa3-c593981d31c4/url HTTP/1.1
<2017-09-26 13:05:34> DEBUG [o.a.h.i.execchain.MainClientExec] Target auth state: UNCHALLENGED
<2017-09-26 13:05:34> DEBUG [o.a.h.i.execchain.MainClientExec] Proxy auth state: UNCHALLENGED
<2017-09-26 13:05:34> DEBUG [org.apache.http.headers] http-outgoing-5 >> POST /nexperience/perfectomobile/wd/hub/session/223f2364-c363-4f1b-9fa3-c593981d31c4/url HTTP/1.1
<2017-09-26 13:05:34> DEBUG [org.apache.http.headers] http-outgoing-5 >> Content-Type: application/json; charset=utf-8
<2017-09-26 13:05:34> DEBUG [org.apache.http.headers] http-outgoing-5 >> Content-Length: 31
<2017-09-26 13:05:34> DEBUG [org.apache.http.headers] http-outgoing-5 >> Host: branchtest.perfectomobile.com
<2017-09-26 13:05:34> DEBUG [org.apache.http.headers] http-outgoing-5 >> Connection: Keep-Alive
<2017-09-26 13:05:34> DEBUG [org.apache.http.headers] http-outgoing-5 >> User-Agent: Apache-HttpClient/4.5.2 (Java/1.8.0_121)
<2017-09-26 13:05:34> DEBUG [org.apache.http.headers] http-outgoing-5 >> Cookie: JSESSIONID=F6E28E4994D1584E597DBDFCCCB1737E; fast_failed=true; fast_failed=true; fast_failed=true
<2017-09-26 13:05:34> DEBUG [org.apache.http.headers] http-outgoing-5 >> Accept-Encoding: gzip,deflate
<2017-09-26 13:05:34> DEBUG [org.apache.http.wire] http-outgoing-5 >> "POST /nexperience/perfectomobile/wd/hub/session/223f2364-c363-4f1b-9fa3-c593981d31c4/url HTTP/1.1[\r][\n]"
<2017-09-26 13:05:34> DEBUG [org.apache.http.wire] http-outgoing-5 >> "Content-Type: application/json; charset=utf-8[\r][\n]"
<2017-09-26 13:05:34> DEBUG [org.apache.http.wire] http-outgoing-5 >> "Content-Length: 31[\r][\n]"
<2017-09-26 13:05:34> DEBUG [org.apache.http.wire] http-outgoing-5 >> "Host: branchtest.perfectomobile.com[\r][\n]"
<2017-09-26 13:05:34> DEBUG [org.apache.http.wire] http-outgoing-5 >> "Connection: Keep-Alive[\r][\n]"
<2017-09-26 13:05:34> DEBUG [org.apache.http.wire] http-outgoing-5 >> "User-Agent: Apache-HttpClient/4.5.2 (Java/1.8.0_121)[\r][\n]"
<2017-09-26 13:05:34> DEBUG [org.apache.http.wire] http-outgoing-5 >> "Cookie: JSESSIONID=F6E28E4994D1584E597DBDFCCCB1737E; fast_failed=true; fast_failed=true; fast_failed=true[\r][\n]"
<2017-09-26 13:05:34> DEBUG [org.apache.http.wire] http-outgoing-5 >> "Accept-Encoding: gzip,deflate[\r][\n]"
<2017-09-26 13:05:34> DEBUG [org.apache.http.wire] http-outgoing-5 >> "[\r][\n]"
<2017-09-26 13:05:34> DEBUG [org.apache.http.wire] http-outgoing-5 >> "{"url":"http://www.google.com"}"
<2017-09-26 13:05:36> DEBUG [org.apache.http.wire] http-outgoing-8 << "HTTP/1.1 200 OK[\r][\n]"
<2017-09-26 13:05:36> DEBUG [org.apache.http.wire] http-outgoing-8 << "Server: nginx[\r][\n]"
<2017-09-26 13:05:36> DEBUG [org.apache.http.wire] http-outgoing-8 << "Date: Tue, 26 Sep 2017 10:05:33 GMT[\r][\n]"
<2017-09-26 13:05:36> DEBUG [org.apache.http.wire] http-outgoing-8 << "Content-Type: application/json;charset=utf-8[\r][\n]"
<2017-09-26 13:05:36> DEBUG [org.apache.http.wire] http-outgoing-8 << "Transfer-Encoding: chunked[\r][\n]"
<2017-09-26 13:05:36> DEBUG [org.apache.http.wire] http-outgoing-8 << "Connection: keep-alive[\r][\n]"
<2017-09-26 13:05:36> DEBUG [org.apache.http.wire] http-outgoing-8 << "Set-Cookie: JSESSIONID=F6E28E4994D1584E597DBDFCCCB1737E; Path=/nexperience/; HttpOnly[\r][\n]"
<2017-09-26 13:05:36> DEBUG [org.apache.http.wire] http-outgoing-8 << "Expires: Thu, 01 Jan 1970 00:00:00 GMT[\r][\n]"
<2017-09-26 13:05:36> DEBUG [org.apache.http.wire] http-outgoing-8 << "Cache-Control: no-cache[\r][\n]"
<2017-09-26 13:05:36> DEBUG [org.apache.http.wire] http-outgoing-8 << "Cache-Control: no-cache[\r][\n]"
<2017-09-26 13:05:36> DEBUG [org.apache.http.wire] http-outgoing-8 << "Expires: Thu, 01 Jan 1970 00:00:00 GMT[\r][\n]"
<2017-09-26 13:05:36> DEBUG [org.apache.http.wire] http-outgoing-8 << "Set-Cookie: fast_failed=true[\r][\n]"
<2017-09-26 13:05:36> DEBUG [org.apache.http.wire] http-outgoing-8 << "X-XSS-Protection: 2; mode=block[\r][\n]"
<2017-09-26 13:05:36> DEBUG [org.apache.http.wire] http-outgoing-8 << "Content-Encoding: gzip[\r][\n]"
<2017-09-26 13:05:36> DEBUG [org.apache.http.wire] http-outgoing-8 << "[\r][\n]"
<2017-09-26 13:05:36> DEBUG [org.apache.http.wire] http-outgoing-8 << "95[\r][\n]"
<2017-09-26 13:05:36> DEBUG [org.apache.http.wire] http-outgoing-8 << "[0x1f][0x8b][0x8][0x0][0x0][0x0][0x0][0x0][0x0][0x3]-[0x8c];[0x12][0xc2]0[0xc][0x5][0xef][0xa2]:[0xf1][0xd8][0xe4][0x87][0xd3]R[0xd1]r[0x3]EV 3[0x8e][0x9d]D1[\r][0xc3][0xdd]QA[0xf9]vv[0xdf][0x7][0x84]E[0x96][0x9c][0xee][0x1]F [0x9c][0xc8]Y7[0xd4][0xfe][0xc2][0xb6]ny[0xa2][0xfa][0x1a]t[0xce][0xf3][0x1c][0xd0]Q[0xeb][0x1a][0xec][0xa1][0x2]9[0xf1]d[0xd5][0xa5][0x10]i[0xad][0xe4]u[0xcb]AIc[0xfd][0xe0]{[0xdf]u[0x15][0xbc]1[0x16]%[0xa9][0xc4]X[0x1]ETm[0x84]|<M[0xde]8[0xed]h[0x84]#[0xa7][0xa5][0xac][0xe6][0xe0]5[0x9f]l[0x1e],[N[0xc2][0xff][0xfb][0xa2][0xba][0xfd][0xfe][0x0]FNi[0xd2][0x9e][0x0][0x0][0x0][\r][\n]"
<2017-09-26 13:05:36> DEBUG [org.apache.http.wire] http-outgoing-8 << "0[\r][\n]"
<2017-09-26 13:05:36> DEBUG [org.apache.http.wire] http-outgoing-8 << "[\r][\n]"
<2017-09-26 13:05:36> DEBUG [org.apache.http.headers] http-outgoing-8 << HTTP/1.1 200 OK
<2017-09-26 13:05:36> DEBUG [org.apache.http.headers] http-outgoing-8 << Server: nginx
<2017-09-26 13:05:36> DEBUG [org.apache.http.headers] http-outgoing-8 << Date: Tue, 26 Sep 2017 10:05:33 GMT
<2017-09-26 13:05:36> DEBUG [org.apache.http.headers] http-outgoing-8 << Content-Type: application/json;charset=utf-8
<2017-09-26 13:05:36> DEBUG [org.apache.http.headers] http-outgoing-8 << Transfer-Encoding: chunked
<2017-09-26 13:05:36> DEBUG [org.apache.http.headers] http-outgoing-8 << Connection: keep-alive
<2017-09-26 13:05:36> DEBUG [org.apache.http.headers] http-outgoing-8 << Set-Cookie: JSESSIONID=F6E28E4994D1584E597DBDFCCCB1737E; Path=/nexperience/; HttpOnly
<2017-09-26 13:05:36> DEBUG [org.apache.http.headers] http-outgoing-8 << Expires: Thu, 01 Jan 1970 00:00:00 GMT
<2017-09-26 13:05:36> DEBUG [org.apache.http.headers] http-outgoing-8 << Cache-Control: no-cache
<2017-09-26 13:05:36> DEBUG [org.apache.http.headers] http-outgoing-8 << Cache-Control: no-cache
<2017-09-26 13:05:36> DEBUG [org.apache.http.headers] http-outgoing-8 << Expires: Thu, 01 Jan 1970 00:00:00 GMT
<2017-09-26 13:05:36> DEBUG [org.apache.http.headers] http-outgoing-8 << Set-Cookie: fast_failed=true
<2017-09-26 13:05:36> DEBUG [org.apache.http.headers] http-outgoing-8 << X-XSS-Protection: 2; mode=block
<2017-09-26 13:05:36> DEBUG [org.apache.http.headers] http-outgoing-8 << Content-Encoding: gzip
<2017-09-26 13:05:36> DEBUG [o.a.h.i.execchain.MainClientExec] Connection can be kept alive indefinitely
<2017-09-26 13:05:36> DEBUG [o.a.h.c.p.ResponseProcessCookies] Cookie accepted [JSESSIONID="F6E28E4994D1584E597DBDFCCCB1737E", version:0, domain:branchtest.perfectomobile.com, path:/nexperience/, expiry:null]
<2017-09-26 13:05:36> DEBUG [o.a.h.c.p.ResponseProcessCookies] Cookie accepted [fast_failed="true", version:0, domain:branchtest.perfectomobile.com, path:/nexperience/perfectomobile/wd/hub/session/cabc1017-92e0-4ebc-8d17-fffda1c413a6, expiry:null]
<2017-09-26 13:05:36> DEBUG [o.a.h.i.c.PoolingHttpClientConnectionManager] Connection [id: 8][route: {s}->https://branchtest.perfectomobile.com:443] can be kept alive indefinitely
<2017-09-26 13:05:36> DEBUG [o.a.h.i.c.PoolingHttpClientConnectionManager] Connection released: [id: 8][route: {s}->https://branchtest.perfectomobile.com:443][total kept alive: 1; route allocated: 3 of 2000; total allocated: 3 of 2000]
<2017-09-26 13:05:36> DEBUG [o.a.h.c.p.RequestAddCookies] CookieSpec selected: default
<2017-09-26 13:05:36> DEBUG [o.a.h.c.p.RequestAddCookies] Cookie [version: 0][name: JSESSIONID][value: F6E28E4994D1584E597DBDFCCCB1737E][domain: branchtest.perfectomobile.com][path: /nexperience/][expiry: null] match [(secure)branchtest.perfectomobile.com:443/nexperience/perfectomobile/wd/hub/session/cabc1017-92e0-4ebc-8d17-fffda1c413a6/element]
<2017-09-26 13:05:36> DEBUG [o.a.h.c.p.RequestAddCookies] Cookie [version: 0][name: fast_failed][value: true][domain: branchtest.perfectomobile.com][path: /nexperience/perfectomobile/wd/hub][expiry: null] match [(secure)branchtest.perfectomobile.com:443/nexperience/perfectomobile/wd/hub/session/cabc1017-92e0-4ebc-8d17-fffda1c413a6/element]
<2017-09-26 13:05:36> DEBUG [o.a.h.c.p.RequestAddCookies] Cookie [version: 0][name: fast_failed][value: true][domain: branchtest.perfectomobile.com][path: /nexperience/perfectomobile/wd/hub/session][expiry: null] match [(secure)branchtest.perfectomobile.com:443/nexperience/perfectomobile/wd/hub/session/cabc1017-92e0-4ebc-8d17-fffda1c413a6/element]
<2017-09-26 13:05:36> DEBUG [o.a.h.c.p.RequestAddCookies] Cookie [version: 0][name: fast_failed][value: true][domain: branchtest.perfectomobile.com][path: /nexperience/perfectomobile/wd/hub/session/cabc1017-92e0-4ebc-8d17-fffda1c413a6][expiry: null] match [(secure)branchtest.perfectomobile.com:443/nexperience/perfectomobile/wd/hub/session/cabc1017-92e0-4ebc-8d17-fffda1c413a6/element]
<2017-09-26 13:05:36> DEBUG [o.a.h.c.p.RequestAuthCache] Auth cache not set in the context
<2017-09-26 13:05:36> DEBUG [o.a.h.i.c.PoolingHttpClientConnectionManager] Connection request: [route: {s}->https://branchtest.perfectomobile.com:443][total kept alive: 1; route allocated: 3 of 2000; total allocated: 3 of 2000]
<2017-09-26 13:05:36> DEBUG [o.a.h.i.c.PoolingHttpClientConnectionManager] Connection leased: [id: 8][route: {s}->https://branchtest.perfectomobile.com:443][total kept alive: 0; route allocated: 3 of 2000; total allocated: 3 of 2000]
<2017-09-26 13:05:36> DEBUG [o.a.h.i.execchain.MainClientExec] Stale connection check
<2017-09-26 13:05:36> DEBUG [org.apache.http.wire] http-outgoing-8 << "[read] I/O error: Read timed out"
<2017-09-26 13:05:36> DEBUG [o.a.h.i.c.DefaultManagedHttpClientConnection] http-outgoing-8: set socket timeout to 10800000
<2017-09-26 13:05:36> DEBUG [o.a.h.i.execchain.MainClientExec] Executing request POST /nexperience/perfectomobile/wd/hub/session/cabc1017-92e0-4ebc-8d17-fffda1c413a6/element HTTP/1.1
<2017-09-26 13:05:36> DEBUG [o.a.h.i.execchain.MainClientExec] Target auth state: UNCHALLENGED
<2017-09-26 13:05:36> DEBUG [o.a.h.i.execchain.MainClientExec] Proxy auth state: UNCHALLENGED
<2017-09-26 13:05:36> DEBUG [org.apache.http.headers] http-outgoing-8 >> POST /nexperience/perfectomobile/wd/hub/session/cabc1017-92e0-4ebc-8d17-fffda1c413a6/element HTTP/1.1
<2017-09-26 13:05:36> DEBUG [org.apache.http.headers] http-outgoing-8 >> Content-Type: application/json; charset=utf-8
<2017-09-26 13:05:36> DEBUG [org.apache.http.headers] http-outgoing-8 >> Content-Length: 28
<2017-09-26 13:05:36> DEBUG [org.apache.http.headers] http-outgoing-8 >> Host: branchtest.perfectomobile.com
<2017-09-26 13:05:36> DEBUG [org.apache.http.headers] http-outgoing-8 >> Connection: Keep-Alive
<2017-09-26 13:05:36> DEBUG [org.apache.http.headers] http-outgoing-8 >> User-Agent: Apache-HttpClient/4.5.2 (Java/1.8.0_121)
<2017-09-26 13:05:36> DEBUG [org.apache.http.headers] http-outgoing-8 >> Cookie: JSESSIONID=F6E28E4994D1584E597DBDFCCCB1737E; fast_failed=true; fast_failed=true; fast_failed=true
<2017-09-26 13:05:36> DEBUG [org.apache.http.headers] http-outgoing-8 >> Accept-Encoding: gzip,deflate
<2017-09-26 13:05:36> DEBUG [org.apache.http.wire] http-outgoing-8 >> "POST /nexperience/perfectomobile/wd/hub/session/cabc1017-92e0-4ebc-8d17-fffda1c413a6/element HTTP/1.1[\r][\n]"
<2017-09-26 13:05:36> DEBUG [org.apache.http.wire] http-outgoing-8 >> "Content-Type: application/json; charset=utf-8[\r][\n]"
<2017-09-26 13:05:36> DEBUG [org.apache.http.wire] http-outgoing-8 >> "Content-Length: 28[\r][\n]"
<2017-09-26 13:05:36> DEBUG [org.apache.http.wire] http-outgoing-8 >> "Host: branchtest.perfectomobile.com[\r][\n]"
<2017-09-26 13:05:36> DEBUG [org.apache.http.wire] http-outgoing-8 >> "Connection: Keep-Alive[\r][\n]"
<2017-09-26 13:05:36> DEBUG [org.apache.http.wire] http-outgoing-8 >> "User-Agent: Apache-HttpClient/4.5.2 (Java/1.8.0_121)[\r][\n]"
<2017-09-26 13:05:36> DEBUG [org.apache.http.wire] http-outgoing-8 >> "Cookie: JSESSIONID=F6E28E4994D1584E597DBDFCCCB1737E; fast_failed=true; fast_failed=true; fast_failed=true[\r][\n]"
<2017-09-26 13:05:36> DEBUG [org.apache.http.wire] http-outgoing-8 >> "Accept-Encoding: gzip,deflate[\r][\n]"
<2017-09-26 13:05:36> DEBUG [org.apache.http.wire] http-outgoing-8 >> "[\r][\n]"
<2017-09-26 13:05:36> DEBUG [org.apache.http.wire] http-outgoing-8 >> "{"using":"name","value":"q"}"
<2017-09-26 13:05:36> DEBUG [org.apache.http.wire] http-outgoing-8 << "HTTP/1.1 200 OK[\r][\n]"
<2017-09-26 13:05:36> DEBUG [org.apache.http.wire] http-outgoing-8 << "Server: nginx[\r][\n]"
<2017-09-26 13:05:36> DEBUG [org.apache.http.wire] http-outgoing-8 << "Date: Tue, 26 Sep 2017 10:05:33 GMT[\r][\n]"
<2017-09-26 13:05:36> DEBUG [org.apache.http.wire] http-outgoing-8 << "Content-Type: application/json;charset=utf-8[\r][\n]"
<2017-09-26 13:05:36> DEBUG [org.apache.http.wire] http-outgoing-8 << "Transfer-Encoding: chunked[\r][\n]"
<2017-09-26 13:05:36> DEBUG [org.apache.http.wire] http-outgoing-8 << "Connection: keep-alive[\r][\n]"
<2017-09-26 13:05:36> DEBUG [org.apache.http.wire] http-outgoing-8 << "Set-Cookie: JSESSIONID=F6E28E4994D1584E597DBDFCCCB1737E; Path=/nexperience/; HttpOnly[\r][\n]"
<2017-09-26 13:05:36> DEBUG [org.apache.http.wire] http-outgoing-8 << "Expires: Thu, 01 Jan 1970 00:00:00 GMT[\r][\n]"
<2017-09-26 13:05:36> DEBUG [org.apache.http.wire] http-outgoing-8 << "Cache-Control: no-cache[\r][\n]"
<2017-09-26 13:05:36> DEBUG [org.apache.http.wire] http-outgoing-8 << "Cache-Control: no-cache[\r][\n]"
<2017-09-26 13:05:36> DEBUG [org.apache.http.wire] http-outgoing-8 << "Expires: Thu, 01 Jan 1970 00:00:00 GMT[\r][\n]"
<2017-09-26 13:05:36> DEBUG [org.apache.http.wire] http-outgoing-8 << "Set-Cookie: fast_failed=true[\r][\n]"
<2017-09-26 13:05:36> DEBUG [org.apache.http.wire] http-outgoing-8 << "X-XSS-Protection: 2; mode=block[\r][\n]"
<2017-09-26 13:05:36> DEBUG [org.apache.http.wire] http-outgoing-8 << "Content-Encoding: gzip[\r][\n]"
<2017-09-26 13:05:36> DEBUG [org.apache.http.wire] http-outgoing-8 << "[\r][\n]"
<2017-09-26 13:05:36> DEBUG [org.apache.http.wire] http-outgoing-8 << "a1[\r][\n]"
<2017-09-26 13:05:36> DEBUG [org.apache.http.wire] http-outgoing-8 << "[0x1f][0x8b][0x8][0x0][0x0][0x0][0x0][0x0][0x0][0x3]-[0x8d]A[0xe][0x82]0[0x10]E[0xef]2khZ-[0x82]l[0x9][0xb][0x13]ua[0xbc][0xc0][0xd0][0xe]J[0x2]-2[0xd4][\r][0xe1][0xee][0xce][0xc2][0xe5]]]>&#x7f;<![CDATA[y/]]>&#x7f;<![CDATA[[0x3]&[0xe6]![0x86][0x8b][0x87][0x1a][0x1c]v[0xce]hS[0xe6][0xe7][0x3][0xe9][0xdc]R[0xe7][0xf2][0xca][0xcb][0xec][0xfb][0xde][0xa3]q[0xd6][0x1c][0xf1][0x4][0x19][0xf0][0x8a]+[0x89][0xce][0xc9]9[0xa9][0x85][0xbc][0x9b][0xe8][0x85][0x98]B[0xdb][0xc2][0xea]J[0x97][0x19]|qL[0x82]6h[0xaf][0xed][0xad][0xbd]?[0xc5][0xd7][0xb0]g[0xe0]F[0x94][0xa4][0x86][0xb8][0xbc]T[0x9c])|P1[0x8d][0x14][0x86]4[0xa9][0x85][0xa6][0xb8][0x92]z[0x10][0xcf]10[0xfd][0xaf][0x92][0xe8]z[0xff][0x1][0xf3][0xb4](j[0xaa][0x0][0x0][0x0][\r][\n]"
<2017-09-26 13:05:36> DEBUG [org.apache.http.wire] http-outgoing-8 << "0[\r][\n]"
<2017-09-26 13:05:36> DEBUG [org.apache.http.wire] http-outgoing-8 << "[\r][\n]"
<2017-09-26 13:05:36> DEBUG [org.apache.http.headers] http-outgoing-8 << HTTP/1.1 200 OK
<2017-09-26 13:05:36> DEBUG [org.apache.http.headers] http-outgoing-8 << Server: nginx
<2017-09-26 13:05:36> DEBUG [org.apache.http.headers] http-outgoing-8 << Date: Tue, 26 Sep 2017 10:05:33 GMT
<2017-09-26 13:05:36> DEBUG [org.apache.http.headers] http-outgoing-8 << Content-Type: application/json;charset=utf-8
<2017-09-26 13:05:36> DEBUG [org.apache.http.headers] http-outgoing-8 << Transfer-Encoding: chunked
<2017-09-26 13:05:36> DEBUG [org.apache.http.headers] http-outgoing-8 << Connection: keep-alive
<2017-09-26 13:05:36> DEBUG [org.apache.http.headers] http-outgoing-8 << Set-Cookie: JSESSIONID=F6E28E4994D1584E597DBDFCCCB1737E; Path=/nexperience/; HttpOnly
<2017-09-26 13:05:36> DEBUG [org.apache.http.headers] http-outgoing-8 << Expires: Thu, 01 Jan 1970 00:00:00 GMT
<2017-09-26 13:05:36> DEBUG [org.apache.http.headers] http-outgoing-8 << Cache-Control: no-cache
<2017-09-26 13:05:36> DEBUG [org.apache.http.headers] http-outgoing-8 << Cache-Control: no-cache
<2017-09-26 13:05:36> DEBUG [org.apache.http.headers] http-outgoing-8 << Expires: Thu, 01 Jan 1970 00:00:00 GMT
<2017-09-26 13:05:36> DEBUG [org.apache.http.headers] http-outgoing-8 << Set-Cookie: fast_failed=true
<2017-09-26 13:05:36> DEBUG [org.apache.http.headers] http-outgoing-8 << X-XSS-Protection: 2; mode=block
<2017-09-26 13:05:36> DEBUG [org.apache.http.headers] http-outgoing-8 << Content-Encoding: gzip
<2017-09-26 13:05:36> DEBUG [o.a.h.i.execchain.MainClientExec] Connection can be kept alive indefinitely
<2017-09-26 13:05:36> DEBUG [o.a.h.c.p.ResponseProcessCookies] Cookie accepted [JSESSIONID="F6E28E4994D1584E597DBDFCCCB1737E", version:0, domain:branchtest.perfectomobile.com, path:/nexperience/, expiry:null]
<2017-09-26 13:05:36> DEBUG [o.a.h.c.p.ResponseProcessCookies] Cookie accepted [fast_failed="true", version:0, domain:branchtest.perfectomobile.com, path:/nexperience/perfectomobile/wd/hub/session/cabc1017-92e0-4ebc-8d17-fffda1c413a6, expiry:null]
<2017-09-26 13:05:36> DEBUG [o.a.h.i.c.PoolingHttpClientConnectionManager] Connection [id: 8][route: {s}->https://branchtest.perfectomobile.com:443] can be kept alive indefinitely
<2017-09-26 13:05:36> DEBUG [o.a.h.i.c.PoolingHttpClientConnectionManager] Connection released: [id: 8][route: {s}->https://branchtest.perfectomobile.com:443][total kept alive: 1; route allocated: 3 of 2000; total allocated: 3 of 2000]
<2017-09-26 13:05:36> DEBUG [o.a.h.c.p.RequestAddCookies] CookieSpec selected: default
<2017-09-26 13:05:36> DEBUG [o.a.h.c.p.RequestAddCookies] Cookie [version: 0][name: JSESSIONID][value: F6E28E4994D1584E597DBDFCCCB1737E][domain: branchtest.perfectomobile.com][path: /nexperience/][expiry: null] match [(secure)branchtest.perfectomobile.com:443/nexperience/perfectomobile/wd/hub/session/cabc1017-92e0-4ebc-8d17-fffda1c413a6/element/0/value]
<2017-09-26 13:05:36> DEBUG [o.a.h.c.p.RequestAddCookies] Cookie [version: 0][name: fast_failed][value: true][domain: branchtest.perfectomobile.com][path: /nexperience/perfectomobile/wd/hub][expiry: null] match [(secure)branchtest.perfectomobile.com:443/nexperience/perfectomobile/wd/hub/session/cabc1017-92e0-4ebc-8d17-fffda1c413a6/element/0/value]
<2017-09-26 13:05:36> DEBUG [o.a.h.c.p.RequestAddCookies] Cookie [version: 0][name: fast_failed][value: true][domain: branchtest.perfectomobile.com][path: /nexperience/perfectomobile/wd/hub/session][expiry: null] match [(secure)branchtest.perfectomobile.com:443/nexperience/perfectomobile/wd/hub/session/cabc1017-92e0-4ebc-8d17-fffda1c413a6/element/0/value]
<2017-09-26 13:05:36> DEBUG [o.a.h.c.p.RequestAddCookies] Cookie [version: 0][name: fast_failed][value: true][domain: branchtest.perfectomobile.com][path: /nexperience/perfectomobile/wd/hub/session/cabc1017-92e0-4ebc-8d17-fffda1c413a6][expiry: null] match [(secure)branchtest.perfectomobile.com:443/nexperience/perfectomobile/wd/hub/session/cabc1017-92e0-4ebc-8d17-fffda1c413a6/element/0/value]
<2017-09-26 13:05:36> DEBUG [o.a.h.c.p.RequestAuthCache] Auth cache not set in the context
<2017-09-26 13:05:36> DEBUG [o.a.h.i.c.PoolingHttpClientConnectionManager] Connection request: [route: {s}->https://branchtest.perfectomobile.com:443][total kept alive: 1; route allocated: 3 of 2000; total allocated: 3 of 2000]
<2017-09-26 13:05:36> DEBUG [o.a.h.i.c.PoolingHttpClientConnectionManager] Connection leased: [id: 8][route: {s}->https://branchtest.perfectomobile.com:443][total kept alive: 0; route allocated: 3 of 2000; total allocated: 3 of 2000]
<2017-09-26 13:05:36> DEBUG [o.a.h.i.execchain.MainClientExec] Stale connection check
<2017-09-26 13:05:36> DEBUG [org.apache.http.wire] http-outgoing-8 << "[read] I/O error: Read timed out"
<2017-09-26 13:05:36> DEBUG [o.a.h.i.c.DefaultManagedHttpClientConnection] http-outgoing-8: set socket timeout to 10800000
<2017-09-26 13:05:36> DEBUG [o.a.h.i.execchain.MainClientExec] Executing request POST /nexperience/perfectomobile/wd/hub/session/cabc1017-92e0-4ebc-8d17-fffda1c413a6/element/0/value HTTP/1.1
<2017-09-26 13:05:36> DEBUG [o.a.h.i.execchain.MainClientExec] Target auth state: UNCHALLENGED
<2017-09-26 13:05:36> DEBUG [o.a.h.i.execchain.MainClientExec] Proxy auth state: UNCHALLENGED
<2017-09-26 13:05:36> DEBUG [org.apache.http.headers] http-outgoing-8 >> POST /nexperience/perfectomobile/wd/hub/session/cabc1017-92e0-4ebc-8d17-fffda1c413a6/element/0/value HTTP/1.1
<2017-09-26 13:05:36> DEBUG [org.apache.http.headers] http-outgoing-8 >> Content-Type: application/json; charset=utf-8
<2017-09-26 13:05:36> DEBUG [org.apache.http.headers] http-outgoing-8 >> Content-Length: 38
<2017-09-26 13:05:36> DEBUG [org.apache.http.headers] http-outgoing-8 >> Host: branchtest.perfectomobile.com
<2017-09-26 13:05:36> DEBUG [org.apache.http.headers] http-outgoing-8 >> Connection: Keep-Alive
<2017-09-26 13:05:36> DEBUG [org.apache.http.headers] http-outgoing-8 >> User-Agent: Apache-HttpClient/4.5.2 (Java/1.8.0_121)
<2017-09-26 13:05:36> DEBUG [org.apache.http.headers] http-outgoing-8 >> Cookie: JSESSIONID=F6E28E4994D1584E597DBDFCCCB1737E; fast_failed=true; fast_failed=true; fast_failed=true
<2017-09-26 13:05:36> DEBUG [org.apache.http.headers] http-outgoing-8 >> Accept-Encoding: gzip,deflate
<2017-09-26 13:05:36> DEBUG [org.apache.http.wire] http-outgoing-8 >> "POST /nexperience/perfectomobile/wd/hub/session/cabc1017-92e0-4ebc-8d17-fffda1c413a6/element/0/value HTTP/1.1[\r][\n]"
<2017-09-26 13:05:36> DEBUG [org.apache.http.wire] http-outgoing-8 >> "Content-Type: application/json; charset=utf-8[\r][\n]"
<2017-09-26 13:05:36> DEBUG [org.apache.http.wire] http-outgoing-8 >> "Content-Length: 38[\r][\n]"
<2017-09-26 13:05:36> DEBUG [org.apache.http.wire] http-outgoing-8 >> "Host: branchtest.perfectomobile.com[\r][\n]"
<2017-09-26 13:05:36> DEBUG [org.apache.http.wire] http-outgoing-8 >> "Connection: Keep-Alive[\r][\n]"
<2017-09-26 13:05:36> DEBUG [org.apache.http.wire] http-outgoing-8 >> "User-Agent: Apache-HttpClient/4.5.2 (Java/1.8.0_121)[\r][\n]"
<2017-09-26 13:05:36> DEBUG [org.apache.http.wire] http-outgoing-8 >> "Cookie: JSESSIONID=F6E28E4994D1584E597DBDFCCCB1737E; fast_failed=true; fast_failed=true; fast_failed=true[\r][\n]"
<2017-09-26 13:05:36> DEBUG [org.apache.http.wire] http-outgoing-8 >> "Accept-Encoding: gzip,deflate[\r][\n]"
<2017-09-26 13:05:36> DEBUG [org.apache.http.wire] http-outgoing-8 >> "[\r][\n]"
<2017-09-26 13:05:36> DEBUG [org.apache.http.wire] http-outgoing-8 >> "{"id":"0","value":["Perfecto Mobile"]}"
<2017-09-26 13:05:37> DEBUG [org.apache.http.wire] http-outgoing-8 << "HTTP/1.1 200 OK[\r][\n]"
<2017-09-26 13:05:37> DEBUG [org.apache.http.wire] http-outgoing-8 << "Server: nginx[\r][\n]"
<2017-09-26 13:05:37> DEBUG [org.apache.http.wire] http-outgoing-8 << "Date: Tue, 26 Sep 2017 10:05:33 GMT[\r][\n]"
<2017-09-26 13:05:37> DEBUG [org.apache.http.wire] http-outgoing-8 << "Content-Type: application/json;charset=utf-8[\r][\n]"
<2017-09-26 13:05:37> DEBUG [org.apache.http.wire] http-outgoing-8 << "Transfer-Encoding: chunked[\r][\n]"
<2017-09-26 13:05:37> DEBUG [org.apache.http.wire] http-outgoing-8 << "Connection: keep-alive[\r][\n]"
<2017-09-26 13:05:37> DEBUG [org.apache.http.wire] http-outgoing-8 << "Set-Cookie: JSESSIONID=F6E28E4994D1584E597DBDFCCCB1737E; Path=/nexperience/; HttpOnly[\r][\n]"
<2017-09-26 13:05:37> DEBUG [org.apache.http.wire] http-outgoing-8 << "Expires: Thu, 01 Jan 1970 00:00:00 GMT[\r][\n]"
<2017-09-26 13:05:37> DEBUG [org.apache.http.wire] http-outgoing-8 << "Cache-Control: no-cache[\r][\n]"
<2017-09-26 13:05:37> DEBUG [org.apache.http.wire] http-outgoing-8 << "Cache-Control: no-cache[\r][\n]"
<2017-09-26 13:05:37> DEBUG [org.apache.http.wire] http-outgoing-8 << "Expires: Thu, 01 Jan 1970 00:00:00 GMT[\r][\n]"
<2017-09-26 13:05:37> DEBUG [org.apache.http.wire] http-outgoing-8 << "Set-Cookie: fast_failed=true[\r][\n]"
<2017-09-26 13:05:37> DEBUG [org.apache.http.wire] http-outgoing-8 << "X-XSS-Protection: 2; mode=block[\r][\n]"
<2017-09-26 13:05:37> DEBUG [org.apache.http.wire] http-outgoing-8 << "Content-Encoding: gzip[\r][\n]"
<2017-09-26 13:05:37> DEBUG [org.apache.http.wire] http-outgoing-8 << "[\r][\n]"
<2017-09-26 13:05:37> DEBUG [org.apache.http.wire] http-outgoing-8 << "94[\r][\n]"
<2017-09-26 13:05:37> DEBUG [org.apache.http.wire] http-outgoing-8 << "[0x1f][0x8b][0x8][0x0][0x0][0x0][0x0][0x0][0x0][0x3]-[0x8c];[0x12][0xc2]0[0xc][0x5][0xef][0xa2]:[0xf1]X![0xe1][0x93][0x96][0x8a][0x96][0x1b]([0xb2][0x2][0x99]q[0xec][0x10][0xd9]4[0xc]wG[0x5][0xe5][0xdb][0xd9]}[0x1f]PQ]r[0xba][0x5][0x18][0x81]ib[0xf4]xj/[0x9d][0xf8][0xb6][0x97][0x89][0xdb]s[0xb0]9[0xcf]s [0xe4][0x1e][0xf]t[0x84][0x6][0xb4]P[0x11][0xd3][0xb5]2[m[0xe4]y[0xcd][0xc1][0xc8][0xe0][0x87][0xa1]G[0xec][0xb0][0x81]7[0xc5]j$[0xd5][0x18][0x1b][0xe0]H[0xa6][0x8d][0x90][0xf7][0x87][0xcb][0x9b][0xa4][0x17]9[0x95](i[0xa9][0xab][0xdb]e[0xcd]E[0xdc]]t[0xcb]I[0xe5]]]>&#x7f;<![CDATA[_M[0xf7][0xdf][0x1f][0xb2],[0xb5][0xc1][0x9e][0x0][0x0][0x0][\r][\n]"
<2017-09-26 13:05:37> DEBUG [org.apache.http.wire] http-outgoing-8 << "0[\r][\n]"
<2017-09-26 13:05:37> DEBUG [org.apache.http.wire] http-outgoing-8 << "[\r][\n]"
<2017-09-26 13:05:37> DEBUG [org.apache.http.headers] http-outgoing-8 << HTTP/1.1 200 OK
<2017-09-26 13:05:37> DEBUG [org.apache.http.headers] http-outgoing-8 << Server: nginx
<2017-09-26 13:05:37> DEBUG [org.apache.http.headers] http-outgoing-8 << Date: Tue, 26 Sep 2017 10:05:33 GMT
<2017-09-26 13:05:37> DEBUG [org.apache.http.headers] http-outgoing-8 << Content-Type: application/json;charset=utf-8
<2017-09-26 13:05:37> DEBUG [org.apache.http.headers] http-outgoing-8 << Transfer-Encoding: chunked
<2017-09-26 13:05:37> DEBUG [org.apache.http.headers] http-outgoing-8 << Connection: keep-alive
<2017-09-26 13:05:37> DEBUG [org.apache.http.headers] http-outgoing-8 << Set-Cookie: JSESSIONID=F6E28E4994D1584E597DBDFCCCB1737E; Path=/nexperience/; HttpOnly
<2017-09-26 13:05:37> DEBUG [org.apache.http.headers] http-outgoing-8 << Expires: Thu, 01 Jan 1970 00:00:00 GMT
<2017-09-26 13:05:37> DEBUG [org.apache.http.headers] http-outgoing-8 << Cache-Control: no-cache
<2017-09-26 13:05:37> DEBUG [org.apache.http.headers] http-outgoing-8 << Cache-Control: no-cache
<2017-09-26 13:05:37> DEBUG [org.apache.http.headers] http-outgoing-8 << Expires: Thu, 01 Jan 1970 00:00:00 GMT
<2017-09-26 13:05:37> DEBUG [org.apache.http.headers] http-outgoing-8 << Set-Cookie: fast_failed=true
<2017-09-26 13:05:37> DEBUG [org.apache.http.headers] http-outgoing-8 << X-XSS-Protection: 2; mode=block
<2017-09-26 13:05:37> DEBUG [org.apache.http.headers] http-outgoing-8 << Content-Encoding: gzip
<2017-09-26 13:05:37> DEBUG [o.a.h.i.execchain.MainClientExec] Connection can be kept alive indefinitely
<2017-09-26 13:05:37> DEBUG [o.a.h.c.p.ResponseProcessCookies] Cookie accepted [JSESSIONID="F6E28E4994D1584E597DBDFCCCB1737E", version:0, domain:branchtest.perfectomobile.com, path:/nexperience/, expiry:null]
<2017-09-26 13:05:37> DEBUG [o.a.h.c.p.ResponseProcessCookies] Cookie accepted [fast_failed="true", version:0, domain:branchtest.perfectomobile.com, path:/nexperience/perfectomobile/wd/hub/session/cabc1017-92e0-4ebc-8d17-fffda1c413a6/element/0, expiry:null]
<2017-09-26 13:05:37> DEBUG [o.a.h.i.c.PoolingHttpClientConnectionManager] Connection [id: 8][route: {s}->https://branchtest.perfectomobile.com:443] can be kept alive indefinitely
<2017-09-26 13:05:37> DEBUG [o.a.h.i.c.PoolingHttpClientConnectionManager] Connection released: [id: 8][route: {s}->https://branchtest.perfectomobile.com:443][total kept alive: 1; route allocated: 3 of 2000; total allocated: 3 of 2000]
<2017-09-26 13:05:37> DEBUG [o.a.h.c.p.RequestAddCookies] CookieSpec selected: default
<2017-09-26 13:05:37> DEBUG [o.a.h.c.p.RequestAddCookies] Cookie [version: 0][name: JSESSIONID][value: F6E28E4994D1584E597DBDFCCCB1737E][domain: branchtest.perfectomobile.com][path: /nexperience/][expiry: null] match [(secure)branchtest.perfectomobile.com:443/nexperience/perfectomobile/wd/hub/session/cabc1017-92e0-4ebc-8d17-fffda1c413a6/element/0/submit]
<2017-09-26 13:05:37> DEBUG [o.a.h.c.p.RequestAddCookies] Cookie [version: 0][name: fast_failed][value: true][domain: branchtest.perfectomobile.com][path: /nexperience/perfectomobile/wd/hub][expiry: null] match [(secure)branchtest.perfectomobile.com:443/nexperience/perfectomobile/wd/hub/session/cabc1017-92e0-4ebc-8d17-fffda1c413a6/element/0/submit]
<2017-09-26 13:05:37> DEBUG [o.a.h.c.p.RequestAddCookies] Cookie [version: 0][name: fast_failed][value: true][domain: branchtest.perfectomobile.com][path: /nexperience/perfectomobile/wd/hub/session][expiry: null] match [(secure)branchtest.perfectomobile.com:443/nexperience/perfectomobile/wd/hub/session/cabc1017-92e0-4ebc-8d17-fffda1c413a6/element/0/submit]
<2017-09-26 13:05:37> DEBUG [o.a.h.c.p.RequestAddCookies] Cookie [version: 0][name: fast_failed][value: true][domain: branchtest.perfectomobile.com][path: /nexperience/perfectomobile/wd/hub/session/cabc1017-92e0-4ebc-8d17-fffda1c413a6][expiry: null] match [(secure)branchtest.perfectomobile.com:443/nexperience/perfectomobile/wd/hub/session/cabc1017-92e0-4ebc-8d17-fffda1c413a6/element/0/submit]
<2017-09-26 13:05:37> DEBUG [o.a.h.c.p.RequestAddCookies] Cookie [version: 0][name: fast_failed][value: true][domain: branchtest.perfectomobile.com][path: /nexperience/perfectomobile/wd/hub/session/cabc1017-92e0-4ebc-8d17-fffda1c413a6/element/0][expiry: null] match [(secure)branchtest.perfectomobile.com:443/nexperience/perfectomobile/wd/hub/session/cabc1017-92e0-4ebc-8d17-fffda1c413a6/element/0/submit]
<2017-09-26 13:05:37> DEBUG [o.a.h.c.p.RequestAuthCache] Auth cache not set in the context
<2017-09-26 13:05:37> DEBUG [o.a.h.i.c.PoolingHttpClientConnectionManager] Connection request: [route: {s}->https://branchtest.perfectomobile.com:443][total kept alive: 1; route allocated: 3 of 2000; total allocated: 3 of 2000]
<2017-09-26 13:05:37> DEBUG [o.a.h.i.c.PoolingHttpClientConnectionManager] Connection leased: [id: 8][route: {s}->https://branchtest.perfectomobile.com:443][total kept alive: 0; route allocated: 3 of 2000; total allocated: 3 of 2000]
<2017-09-26 13:05:37> DEBUG [o.a.h.i.execchain.MainClientExec] Stale connection check
<2017-09-26 13:05:37> DEBUG [org.apache.http.wire] http-outgoing-8 << "[read] I/O error: Read timed out"
<2017-09-26 13:05:37> DEBUG [o.a.h.i.c.DefaultManagedHttpClientConnection] http-outgoing-8: set socket timeout to 10800000
<2017-09-26 13:05:37> DEBUG [o.a.h.i.execchain.MainClientExec] Executing request POST /nexperience/perfectomobile/wd/hub/session/cabc1017-92e0-4ebc-8d17-fffda1c413a6/element/0/submit HTTP/1.1
<2017-09-26 13:05:37> DEBUG [o.a.h.i.execchain.MainClientExec] Target auth state: UNCHALLENGED
<2017-09-26 13:05:37> DEBUG [o.a.h.i.execchain.MainClientExec] Proxy auth state: UNCHALLENGED
<2017-09-26 13:05:37> DEBUG [org.apache.http.headers] http-outgoing-8 >> POST /nexperience/perfectomobile/wd/hub/session/cabc1017-92e0-4ebc-8d17-fffda1c413a6/element/0/submit HTTP/1.1
<2017-09-26 13:05:37> DEBUG [org.apache.http.headers] http-outgoing-8 >> Content-Type: application/json; charset=utf-8
<2017-09-26 13:05:37> DEBUG [org.apache.http.headers] http-outgoing-8 >> Content-Length: 10
<2017-09-26 13:05:37> DEBUG [org.apache.http.headers] http-outgoing-8 >> Host: branchtest.perfectomobile.com
<2017-09-26 13:05:37> DEBUG [org.apache.http.headers] http-outgoing-8 >> Connection: Keep-Alive
<2017-09-26 13:05:37> DEBUG [org.apache.http.headers] http-outgoing-8 >> User-Agent: Apache-HttpClient/4.5.2 (Java/1.8.0_121)
<2017-09-26 13:05:37> DEBUG [org.apache.http.headers] http-outgoing-8 >> Cookie: JSESSIONID=F6E28E4994D1584E597DBDFCCCB1737E; fast_failed=true; fast_failed=true; fast_failed=true; fast_failed=true
<2017-09-26 13:05:37> DEBUG [org.apache.http.headers] http-outgoing-8 >> Accept-Encoding: gzip,deflate
<2017-09-26 13:05:37> DEBUG [org.apache.http.wire] http-outgoing-8 >> "POST /nexperience/perfectomobile/wd/hub/session/cabc1017-92e0-4ebc-8d17-fffda1c413a6/element/0/submit HTTP/1.1[\r][\n]"
<2017-09-26 13:05:37> DEBUG [org.apache.http.wire] http-outgoing-8 >> "Content-Type: application/json; charset=utf-8[\r][\n]"
<2017-09-26 13:05:37> DEBUG [org.apache.http.wire] http-outgoing-8 >> "Content-Length: 10[\r][\n]"
<2017-09-26 13:05:37> DEBUG [org.apache.http.wire] http-outgoing-8 >> "Host: branchtest.perfectomobile.com[\r][\n]"
<2017-09-26 13:05:37> DEBUG [org.apache.http.wire] http-outgoing-8 >> "Connection: Keep-Alive[\r][\n]"
<2017-09-26 13:05:37> DEBUG [org.apache.http.wire] http-outgoing-8 >> "User-Agent: Apache-HttpClient/4.5.2 (Java/1.8.0_121)[\r][\n]"
<2017-09-26 13:05:37> DEBUG [org.apache.http.wire] http-outgoing-8 >> "Cookie: JSESSIONID=F6E28E4994D1584E597DBDFCCCB1737E; fast_failed=true; fast_failed=true; fast_failed=true; fast_failed=true[\r][\n]"
<2017-09-26 13:05:37> DEBUG [org.apache.http.wire] http-outgoing-8 >> "Accept-Encoding: gzip,deflate[\r][\n]"
<2017-09-26 13:05:37> DEBUG [org.apache.http.wire] http-outgoing-8 >> "[\r][\n]"
<2017-09-26 13:05:37> DEBUG [org.apache.http.wire] http-outgoing-8 >> "{"id":"0"}"
<2017-09-26 13:05:38> DEBUG [org.apache.http.wire] http-outgoing-5 << "HTTP/1.1 200 OK[\r][\n]"
<2017-09-26 13:05:38> DEBUG [org.apache.http.wire] http-outgoing-5 << "Server: nginx[\r][\n]"
<2017-09-26 13:05:38> DEBUG [org.apache.http.wire] http-outgoing-5 << "Date: Tue, 26 Sep 2017 10:05:34 GMT[\r][\n]"
<2017-09-26 13:05:38> DEBUG [org.apache.http.wire] http-outgoing-5 << "Content-Type: application/json;charset=utf-8[\r][\n]"
<2017-09-26 13:05:38> DEBUG [org.apache.http.wire] http-outgoing-5 << "Transfer-Encoding: chunked[\r][\n]"
<2017-09-26 13:05:38> DEBUG [org.apache.http.wire] http-outgoing-5 << "Connection: keep-alive[\r][\n]"
<2017-09-26 13:05:38> DEBUG [org.apache.http.wire] http-outgoing-5 << "Set-Cookie: JSESSIONID=F6E28E4994D1584E597DBDFCCCB1737E; Path=/nexperience/; HttpOnly[\r][\n]"
<2017-09-26 13:05:38> DEBUG [org.apache.http.wire] http-outgoing-5 << "Expires: Thu, 01 Jan 1970 00:00:00 GMT[\r][\n]"
<2017-09-26 13:05:38> DEBUG [org.apache.http.wire] http-outgoing-5 << "Cache-Control: no-cache[\r][\n]"
<2017-09-26 13:05:38> DEBUG [org.apache.http.wire] http-outgoing-5 << "Cache-Control: no-cache[\r][\n]"
<2017-09-26 13:05:38> DEBUG [org.apache.http.wire] http-outgoing-5 << "Expires: Thu, 01 Jan 1970 00:00:00 GMT[\r][\n]"
<2017-09-26 13:05:38> DEBUG [org.apache.http.wire] http-outgoing-5 << "Set-Cookie: fast_failed=true[\r][\n]"
<2017-09-26 13:05:38> DEBUG [org.apache.http.wire] http-outgoing-5 << "X-XSS-Protection: 2; mode=block[\r][\n]"
<2017-09-26 13:05:38> DEBUG [org.apache.http.wire] http-outgoing-5 << "Content-Encoding: gzip[\r][\n]"
<2017-09-26 13:05:38> DEBUG [org.apache.http.wire] http-outgoing-5 << "[\r][\n]"
<2017-09-26 13:05:38> DEBUG [org.apache.http.wire] http-outgoing-5 << "96[\r][\n]"
<2017-09-26 13:05:38> DEBUG [org.apache.http.wire] http-outgoing-5 << "[0x1f][0x8b][0x8][0x0][0x0][0x0][0x0][0x0][0x0][0x3]-[0xcc]1[0x12][0x82]0[0x10][0x85][0xe1][0xbb]lM2![0xb]Hh[0xad]l[0xbd]AL[0x16]e&$[0xc0][0x12][0x1b][0xc7][0xbb][0xbb][0x85][0xed]?[0xdf]{[0x1f]`b^J[0xbe]E[0x98][0xc0]Z[0x9c]-[0xe][0x9d][\n]"
<2017-09-26 13:05:38> DEBUG [org.apache.http.wire] http-outgoing-5 << "8[0xa0][0xea][0xe6][0xf6][0xa1][0xdc][0xec]Q[0x85][0xde][0xa1][0x1b][0xdb][0x88]m[0xe8][0xa0][0x1]>[0xfd]I[0xc2][0xb9][0x86] k)[0xaf]k[0x89]R[0xac]3[0xc6]][0xec][0xd8]7[0xf0][0xf6][0xa9]J[0xc9]5[0xa5][0x6]B[0xf2][0xc2]&([0xc7]S[0x97][0x8d][0xf2][0xee]5S[0xa2][0xbc][0xd4]U[0x1f][0xb4][0x96][0x93][0xf4][0x9d]x+[0x99][0xe9]]]>&#x7f;<![CDATA[_[0x85][0x9b][0xef][0xf][0x8b]r[0xb1]:[0x9e][0x0][0x0][0x0][\r][\n]"
<2017-09-26 13:05:38> DEBUG [org.apache.http.wire] http-outgoing-5 << "0[\r][\n]"
<2017-09-26 13:05:38> DEBUG [org.apache.http.wire] http-outgoing-5 << "[\r][\n]"
<2017-09-26 13:05:38> DEBUG [org.apache.http.headers] http-outgoing-5 << HTTP/1.1 200 OK
<2017-09-26 13:05:38> DEBUG [org.apache.http.headers] http-outgoing-5 << Server: nginx
<2017-09-26 13:05:38> DEBUG [org.apache.http.headers] http-outgoing-5 << Date: Tue, 26 Sep 2017 10:05:34 GMT
<2017-09-26 13:05:38> DEBUG [org.apache.http.headers] http-outgoing-5 << Content-Type: application/json;charset=utf-8
<2017-09-26 13:05:38> DEBUG [org.apache.http.headers] http-outgoing-5 << Transfer-Encoding: chunked
<2017-09-26 13:05:38> DEBUG [org.apache.http.headers] http-outgoing-5 << Connection: keep-alive
<2017-09-26 13:05:38> DEBUG [org.apache.http.headers] http-outgoing-5 << Set-Cookie: JSESSIONID=F6E28E4994D1584E597DBDFCCCB1737E; Path=/nexperience/; HttpOnly
<2017-09-26 13:05:38> DEBUG [org.apache.http.headers] http-outgoing-5 << Expires: Thu, 01 Jan 1970 00:00:00 GMT
<2017-09-26 13:05:38> DEBUG [org.apache.http.headers] http-outgoing-5 << Cache-Control: no-cache
<2017-09-26 13:05:38> DEBUG [org.apache.http.headers] http-outgoing-5 << Cache-Control: no-cache
<2017-09-26 13:05:38> DEBUG [org.apache.http.headers] http-outgoing-5 << Expires: Thu, 01 Jan 1970 00:00:00 GMT
<2017-09-26 13:05:38> DEBUG [org.apache.http.headers] http-outgoing-5 << Set-Cookie: fast_failed=true
<2017-09-26 13:05:38> DEBUG [org.apache.http.headers] http-outgoing-5 << X-XSS-Protection: 2; mode=block
<2017-09-26 13:05:38> DEBUG [org.apache.http.headers] http-outgoing-5 << Content-Encoding: gzip
<2017-09-26 13:05:38> DEBUG [o.a.h.i.execchain.MainClientExec] Connection can be kept alive indefinitely
<2017-09-26 13:05:38> DEBUG [o.a.h.c.p.ResponseProcessCookies] Cookie accepted [JSESSIONID="F6E28E4994D1584E597DBDFCCCB1737E", version:0, domain:branchtest.perfectomobile.com, path:/nexperience/, expiry:null]
<2017-09-26 13:05:38> DEBUG [o.a.h.c.p.ResponseProcessCookies] Cookie accepted [fast_failed="true", version:0, domain:branchtest.perfectomobile.com, path:/nexperience/perfectomobile/wd/hub/session/223f2364-c363-4f1b-9fa3-c593981d31c4, expiry:null]
<2017-09-26 13:05:38> DEBUG [o.a.h.i.c.PoolingHttpClientConnectionManager] Connection [id: 5][route: {s}->https://branchtest.perfectomobile.com:443] can be kept alive indefinitely
<2017-09-26 13:05:38> DEBUG [o.a.h.i.c.PoolingHttpClientConnectionManager] Connection released: [id: 5][route: {s}->https://branchtest.perfectomobile.com:443][total kept alive: 1; route allocated: 3 of 2000; total allocated: 3 of 2000]
<2017-09-26 13:05:38> DEBUG [o.a.h.c.p.RequestAddCookies] CookieSpec selected: default
<2017-09-26 13:05:38> DEBUG [o.a.h.c.p.RequestAddCookies] Cookie [version: 0][name: JSESSIONID][value: F6E28E4994D1584E597DBDFCCCB1737E][domain: branchtest.perfectomobile.com][path: /nexperience/][expiry: null] match [(secure)branchtest.perfectomobile.com:443/nexperience/perfectomobile/wd/hub/session/223f2364-c363-4f1b-9fa3-c593981d31c4/element]
<2017-09-26 13:05:38> DEBUG [o.a.h.c.p.RequestAddCookies] Cookie [version: 0][name: fast_failed][value: true][domain: branchtest.perfectomobile.com][path: /nexperience/perfectomobile/wd/hub][expiry: null] match [(secure)branchtest.perfectomobile.com:443/nexperience/perfectomobile/wd/hub/session/223f2364-c363-4f1b-9fa3-c593981d31c4/element]
<2017-09-26 13:05:38> DEBUG [o.a.h.c.p.RequestAddCookies] Cookie [version: 0][name: fast_failed][value: true][domain: branchtest.perfectomobile.com][path: /nexperience/perfectomobile/wd/hub/session][expiry: null] match [(secure)branchtest.perfectomobile.com:443/nexperience/perfectomobile/wd/hub/session/223f2364-c363-4f1b-9fa3-c593981d31c4/element]
<2017-09-26 13:05:38> DEBUG [o.a.h.c.p.RequestAddCookies] Cookie [version: 0][name: fast_failed][value: true][domain: branchtest.perfectomobile.com][path: /nexperience/perfectomobile/wd/hub/session/223f2364-c363-4f1b-9fa3-c593981d31c4][expiry: null] match [(secure)branchtest.perfectomobile.com:443/nexperience/perfectomobile/wd/hub/session/223f2364-c363-4f1b-9fa3-c593981d31c4/element]
<2017-09-26 13:05:38> DEBUG [o.a.h.c.p.RequestAuthCache] Auth cache not set in the context
<2017-09-26 13:05:38> DEBUG [o.a.h.i.c.PoolingHttpClientConnectionManager] Connection request: [route: {s}->https://branchtest.perfectomobile.com:443][total kept alive: 1; route allocated: 3 of 2000; total allocated: 3 of 2000]
<2017-09-26 13:05:38> DEBUG [o.a.h.i.c.PoolingHttpClientConnectionManager] Connection leased: [id: 5][route: {s}->https://branchtest.perfectomobile.com:443][total kept alive: 0; route allocated: 3 of 2000; total allocated: 3 of 2000]
<2017-09-26 13:05:38> DEBUG [o.a.h.i.execchain.MainClientExec] Stale connection check
<2017-09-26 13:05:38> DEBUG [org.apache.http.wire] http-outgoing-5 << "[read] I/O error: Read timed out"
<2017-09-26 13:05:38> DEBUG [o.a.h.i.c.DefaultManagedHttpClientConnection] http-outgoing-5: set socket timeout to 10800000
<2017-09-26 13:05:38> DEBUG [o.a.h.i.execchain.MainClientExec] Executing request POST /nexperience/perfectomobile/wd/hub/session/223f2364-c363-4f1b-9fa3-c593981d31c4/element HTTP/1.1
<2017-09-26 13:05:38> DEBUG [o.a.h.i.execchain.MainClientExec] Target auth state: UNCHALLENGED
<2017-09-26 13:05:38> DEBUG [o.a.h.i.execchain.MainClientExec] Proxy auth state: UNCHALLENGED
<2017-09-26 13:05:38> DEBUG [org.apache.http.headers] http-outgoing-5 >> POST /nexperience/perfectomobile/wd/hub/session/223f2364-c363-4f1b-9fa3-c593981d31c4/element HTTP/1.1
<2017-09-26 13:05:38> DEBUG [org.apache.http.headers] http-outgoing-5 >> Content-Type: application/json; charset=utf-8
<2017-09-26 13:05:38> DEBUG [org.apache.http.headers] http-outgoing-5 >> Content-Length: 28
<2017-09-26 13:05:38> DEBUG [org.apache.http.headers] http-outgoing-5 >> Host: branchtest.perfectomobile.com
<2017-09-26 13:05:38> DEBUG [org.apache.http.headers] http-outgoing-5 >> Connection: Keep-Alive
<2017-09-26 13:05:38> DEBUG [org.apache.http.headers] http-outgoing-5 >> User-Agent: Apache-HttpClient/4.5.2 (Java/1.8.0_121)
<2017-09-26 13:05:38> DEBUG [org.apache.http.headers] http-outgoing-5 >> Cookie: JSESSIONID=F6E28E4994D1584E597DBDFCCCB1737E; fast_failed=true; fast_failed=true; fast_failed=true
<2017-09-26 13:05:38> DEBUG [org.apache.http.headers] http-outgoing-5 >> Accept-Encoding: gzip,deflate
<2017-09-26 13:05:38> DEBUG [org.apache.http.wire] http-outgoing-5 >> "POST /nexperience/perfectomobile/wd/hub/session/223f2364-c363-4f1b-9fa3-c593981d31c4/element HTTP/1.1[\r][\n]"
<2017-09-26 13:05:38> DEBUG [org.apache.http.wire] http-outgoing-5 >> "Content-Type: application/json; charset=utf-8[\r][\n]"
<2017-09-26 13:05:38> DEBUG [org.apache.http.wire] http-outgoing-5 >> "Content-Length: 28[\r][\n]"
<2017-09-26 13:05:38> DEBUG [org.apache.http.wire] http-outgoing-5 >> "Host: branchtest.perfectomobile.com[\r][\n]"
<2017-09-26 13:05:38> DEBUG [org.apache.http.wire] http-outgoing-5 >> "Connection: Keep-Alive[\r][\n]"
<2017-09-26 13:05:38> DEBUG [org.apache.http.wire] http-outgoing-5 >> "User-Agent: Apache-HttpClient/4.5.2 (Java/1.8.0_121)[\r][\n]"
<2017-09-26 13:05:38> DEBUG [org.apache.http.wire] http-outgoing-5 >> "Cookie: JSESSIONID=F6E28E4994D1584E597DBDFCCCB1737E; fast_failed=true; fast_failed=true; fast_failed=true[\r][\n]"
<2017-09-26 13:05:38> DEBUG [org.apache.http.wire] http-outgoing-5 >> "Accept-Encoding: gzip,deflate[\r][\n]"
<2017-09-26 13:05:38> DEBUG [org.apache.http.wire] http-outgoing-5 >> "[\r][\n]"
<2017-09-26 13:05:38> DEBUG [org.apache.http.wire] http-outgoing-5 >> "{"using":"name","value":"q"}"
<2017-09-26 13:05:38> DEBUG [org.apache.http.wire] http-outgoing-5 << "HTTP/1.1 200 OK[\r][\n]"
<2017-09-26 13:05:38> DEBUG [org.apache.http.wire] http-outgoing-5 << "Server: nginx[\r][\n]"
<2017-09-26 13:05:38> DEBUG [org.apache.http.wire] http-outgoing-5 << "Date: Tue, 26 Sep 2017 10:05:34 GMT[\r][\n]"
<2017-09-26 13:05:38> DEBUG [org.apache.http.wire] http-outgoing-5 << "Content-Type: application/json;charset=utf-8[\r][\n]"
<2017-09-26 13:05:38> DEBUG [org.apache.http.wire] http-outgoing-5 << "Transfer-Encoding: chunked[\r][\n]"
<2017-09-26 13:05:38> DEBUG [org.apache.http.wire] http-outgoing-5 << "Connection: keep-alive[\r][\n]"
<2017-09-26 13:05:38> DEBUG [org.apache.http.wire] http-outgoing-5 << "Set-Cookie: JSESSIONID=F6E28E4994D1584E597DBDFCCCB1737E; Path=/nexperience/; HttpOnly[\r][\n]"
<2017-09-26 13:05:38> DEBUG [org.apache.http.wire] http-outgoing-5 << "Expires: Thu, 01 Jan 1970 00:00:00 GMT[\r][\n]"
<2017-09-26 13:05:38> DEBUG [org.apache.http.wire] http-outgoing-5 << "Cache-Control: no-cache[\r][\n]"
<2017-09-26 13:05:38> DEBUG [org.apache.http.wire] http-outgoing-5 << "Cache-Control: no-cache[\r][\n]"
<2017-09-26 13:05:38> DEBUG [org.apache.http.wire] http-outgoing-5 << "Expires: Thu, 01 Jan 1970 00:00:00 GMT[\r][\n]"
<2017-09-26 13:05:38> DEBUG [org.apache.http.wire] http-outgoing-5 << "Set-Cookie: fast_failed=true[\r][\n]"
<2017-09-26 13:05:38> DEBUG [org.apache.http.wire] http-outgoing-5 << "X-XSS-Protection: 2; mode=block[\r][\n]"
<2017-09-26 13:05:38> DEBUG [org.apache.http.wire] http-outgoing-5 << "Content-Encoding: gzip[\r][\n]"
<2017-09-26 13:05:38> DEBUG [org.apache.http.wire] http-outgoing-5 << "[\r][\n]"
<2017-09-26 13:05:38> DEBUG [org.apache.http.wire] http-outgoing-5 << "a1[\r][\n]"
<2017-09-26 13:05:38> DEBUG [org.apache.http.wire] http-outgoing-5 << "[0x1f][0x8b][0x8][0x0][0x0][0x0][0x0][0x0][0x0][0x3]-[0x8d]A[0xe][0x82]0[0x10][0x0][0xff][0xb2]g[0xda]P[0x16][0x8][0xe5]j8[0x98][0xa8][0x7][0xe3][0x7]jY[0x94][0x4]Zd[0xa9][0x17][0xc2][0xdf][0xdd][0x83][0xd7][0xc9]Lf[0x7]&[0xe6]1[0x86]s[0xf]-[0x14][0x5][0xe][0x5][0xd6][0xa5][0xf2]X[0xa3]*[0x7][0xf3]Tvp[0xa8]|e[0xd1]6[0xa6]G[0xe3]K[0xc8][0x80]7[0xb7][0x91][0xe8][0x9c][0xbc][0x97]Z[0xc8][0xfb][0x14]{![0xa6][0xb1][0x95][0xa9]+4y[0x6]_7%A;t[0x97][0xee][0xda][0xdd][0x1e][0xe2][0xe7]pd[0xe0]''I[0xb]q}[0xe9][0xb8]P[0xf8]8[0xcd]4Q[0x18][0xd3][0xac]W[0x9a][0xe3]F[0xfa]N[0xbc][0xc4][0xc0][0xf4]_%[0xd1][0xf3][0xe3][0x7][0xd1][0xb4][0xa9]Q[0xaa][0x0][0x0][0x0][\r][\n]"
<2017-09-26 13:05:38> DEBUG [org.apache.http.wire] http-outgoing-5 << "0[\r][\n]"
<2017-09-26 13:05:38> DEBUG [org.apache.http.wire] http-outgoing-5 << "[\r][\n]"
<2017-09-26 13:05:38> DEBUG [org.apache.http.headers] http-outgoing-5 << HTTP/1.1 200 OK
<2017-09-26 13:05:38> DEBUG [org.apache.http.headers] http-outgoing-5 << Server: nginx
<2017-09-26 13:05:38> DEBUG [org.apache.http.headers] http-outgoing-5 << Date: Tue, 26 Sep 2017 10:05:34 GMT
<2017-09-26 13:05:38> DEBUG [org.apache.http.headers] http-outgoing-5 << Content-Type: application/json;charset=utf-8
<2017-09-26 13:05:38> DEBUG [org.apache.http.headers] http-outgoing-5 << Transfer-Encoding: chunked
<2017-09-26 13:05:38> DEBUG [org.apache.http.headers] http-outgoing-5 << Connection: keep-alive
<2017-09-26 13:05:38> DEBUG [org.apache.http.headers] http-outgoing-5 << Set-Cookie: JSESSIONID=F6E28E4994D1584E597DBDFCCCB1737E; Path=/nexperience/; HttpOnly
<2017-09-26 13:05:38> DEBUG [org.apache.http.headers] http-outgoing-5 << Expires: Thu, 01 Jan 1970 00:00:00 GMT
<2017-09-26 13:05:38> DEBUG [org.apache.http.headers] http-outgoing-5 << Cache-Control: no-cache
<2017-09-26 13:05:38> DEBUG [org.apache.http.headers] http-outgoing-5 << Cache-Control: no-cache
<2017-09-26 13:05:38> DEBUG [org.apache.http.headers] http-outgoing-5 << Expires: Thu, 01 Jan 1970 00:00:00 GMT
<2017-09-26 13:05:38> DEBUG [org.apache.http.headers] http-outgoing-5 << Set-Cookie: fast_failed=true
<2017-09-26 13:05:38> DEBUG [org.apache.http.headers] http-outgoing-5 << X-XSS-Protection: 2; mode=block
<2017-09-26 13:05:38> DEBUG [org.apache.http.headers] http-outgoing-5 << Content-Encoding: gzip
<2017-09-26 13:05:38> DEBUG [o.a.h.i.execchain.MainClientExec] Connection can be kept alive indefinitely
<2017-09-26 13:05:38> DEBUG [o.a.h.c.p.ResponseProcessCookies] Cookie accepted [JSESSIONID="F6E28E4994D1584E597DBDFCCCB1737E", version:0, domain:branchtest.perfectomobile.com, path:/nexperience/, expiry:null]
<2017-09-26 13:05:38> DEBUG [o.a.h.c.p.ResponseProcessCookies] Cookie accepted [fast_failed="true", version:0, domain:branchtest.perfectomobile.com, path:/nexperience/perfectomobile/wd/hub/session/223f2364-c363-4f1b-9fa3-c593981d31c4, expiry:null]
<2017-09-26 13:05:38> DEBUG [o.a.h.i.c.PoolingHttpClientConnectionManager] Connection [id: 5][route: {s}->https://branchtest.perfectomobile.com:443] can be kept alive indefinitely
<2017-09-26 13:05:38> DEBUG [o.a.h.i.c.PoolingHttpClientConnectionManager] Connection released: [id: 5][route: {s}->https://branchtest.perfectomobile.com:443][total kept alive: 1; route allocated: 3 of 2000; total allocated: 3 of 2000]
<2017-09-26 13:05:38> DEBUG [o.a.h.c.p.RequestAddCookies] CookieSpec selected: default
<2017-09-26 13:05:38> DEBUG [o.a.h.c.p.RequestAddCookies] Cookie [version: 0][name: JSESSIONID][value: F6E28E4994D1584E597DBDFCCCB1737E][domain: branchtest.perfectomobile.com][path: /nexperience/][expiry: null] match [(secure)branchtest.perfectomobile.com:443/nexperience/perfectomobile/wd/hub/session/223f2364-c363-4f1b-9fa3-c593981d31c4/element/0/value]
<2017-09-26 13:05:38> DEBUG [o.a.h.c.p.RequestAddCookies] Cookie [version: 0][name: fast_failed][value: true][domain: branchtest.perfectomobile.com][path: /nexperience/perfectomobile/wd/hub][expiry: null] match [(secure)branchtest.perfectomobile.com:443/nexperience/perfectomobile/wd/hub/session/223f2364-c363-4f1b-9fa3-c593981d31c4/element/0/value]
<2017-09-26 13:05:38> DEBUG [o.a.h.c.p.RequestAddCookies] Cookie [version: 0][name: fast_failed][value: true][domain: branchtest.perfectomobile.com][path: /nexperience/perfectomobile/wd/hub/session][expiry: null] match [(secure)branchtest.perfectomobile.com:443/nexperience/perfectomobile/wd/hub/session/223f2364-c363-4f1b-9fa3-c593981d31c4/element/0/value]
<2017-09-26 13:05:38> DEBUG [o.a.h.c.p.RequestAddCookies] Cookie [version: 0][name: fast_failed][value: true][domain: branchtest.perfectomobile.com][path: /nexperience/perfectomobile/wd/hub/session/223f2364-c363-4f1b-9fa3-c593981d31c4][expiry: null] match [(secure)branchtest.perfectomobile.com:443/nexperience/perfectomobile/wd/hub/session/223f2364-c363-4f1b-9fa3-c593981d31c4/element/0/value]
<2017-09-26 13:05:38> DEBUG [o.a.h.c.p.RequestAuthCache] Auth cache not set in the context
<2017-09-26 13:05:38> DEBUG [o.a.h.i.c.PoolingHttpClientConnectionManager] Connection request: [route: {s}->https://branchtest.perfectomobile.com:443][total kept alive: 1; route allocated: 3 of 2000; total allocated: 3 of 2000]
<2017-09-26 13:05:38> DEBUG [o.a.h.i.c.PoolingHttpClientConnectionManager] Connection leased: [id: 5][route: {s}->https://branchtest.perfectomobile.com:443][total kept alive: 0; route allocated: 3 of 2000; total allocated: 3 of 2000]
<2017-09-26 13:05:38> DEBUG [o.a.h.i.execchain.MainClientExec] Stale connection check
<2017-09-26 13:05:38> DEBUG [org.apache.http.wire] http-outgoing-5 << "[read] I/O error: Read timed out"
<2017-09-26 13:05:38> DEBUG [o.a.h.i.c.DefaultManagedHttpClientConnection] http-outgoing-5: set socket timeout to 10800000
<2017-09-26 13:05:38> DEBUG [o.a.h.i.execchain.MainClientExec] Executing request POST /nexperience/perfectomobile/wd/hub/session/223f2364-c363-4f1b-9fa3-c593981d31c4/element/0/value HTTP/1.1
<2017-09-26 13:05:38> DEBUG [o.a.h.i.execchain.MainClientExec] Target auth state: UNCHALLENGED
<2017-09-26 13:05:38> DEBUG [o.a.h.i.execchain.MainClientExec] Proxy auth state: UNCHALLENGED
<2017-09-26 13:05:38> DEBUG [org.apache.http.headers] http-outgoing-5 >> POST /nexperience/perfectomobile/wd/hub/session/223f2364-c363-4f1b-9fa3-c593981d31c4/element/0/value HTTP/1.1
<2017-09-26 13:05:38> DEBUG [org.apache.http.headers] http-outgoing-5 >> Content-Type: application/json; charset=utf-8
<2017-09-26 13:05:38> DEBUG [org.apache.http.headers] http-outgoing-5 >> Content-Length: 38
<2017-09-26 13:05:38> DEBUG [org.apache.http.headers] http-outgoing-5 >> Host: branchtest.perfectomobile.com
<2017-09-26 13:05:38> DEBUG [org.apache.http.headers] http-outgoing-5 >> Connection: Keep-Alive
<2017-09-26 13:05:38> DEBUG [org.apache.http.headers] http-outgoing-5 >> User-Agent: Apache-HttpClient/4.5.2 (Java/1.8.0_121)
<2017-09-26 13:05:38> DEBUG [org.apache.http.headers] http-outgoing-5 >> Cookie: JSESSIONID=F6E28E4994D1584E597DBDFCCCB1737E; fast_failed=true; fast_failed=true; fast_failed=true
<2017-09-26 13:05:38> DEBUG [org.apache.http.headers] http-outgoing-5 >> Accept-Encoding: gzip,deflate
<2017-09-26 13:05:38> DEBUG [org.apache.http.wire] http-outgoing-5 >> "POST /nexperience/perfectomobile/wd/hub/session/223f2364-c363-4f1b-9fa3-c593981d31c4/element/0/value HTTP/1.1[\r][\n]"
<2017-09-26 13:05:38> DEBUG [org.apache.http.wire] http-outgoing-5 >> "Content-Type: application/json; charset=utf-8[\r][\n]"
<2017-09-26 13:05:38> DEBUG [org.apache.http.wire] http-outgoing-5 >> "Content-Length: 38[\r][\n]"
<2017-09-26 13:05:38> DEBUG [org.apache.http.wire] http-outgoing-5 >> "Host: branchtest.perfectomobile.com[\r][\n]"
<2017-09-26 13:05:38> DEBUG [org.apache.http.wire] http-outgoing-5 >> "Connection: Keep-Alive[\r][\n]"
<2017-09-26 13:05:38> DEBUG [org.apache.http.wire] http-outgoing-5 >> "User-Agent: Apache-HttpClient/4.5.2 (Java/1.8.0_121)[\r][\n]"
<2017-09-26 13:05:38> DEBUG [org.apache.http.wire] http-outgoing-5 >> "Cookie: JSESSIONID=F6E28E4994D1584E597DBDFCCCB1737E; fast_failed=true; fast_failed=true; fast_failed=true[\r][\n]"
<2017-09-26 13:05:38> DEBUG [org.apache.http.wire] http-outgoing-5 >> "Accept-Encoding: gzip,deflate[\r][\n]"
<2017-09-26 13:05:38> DEBUG [org.apache.http.wire] http-outgoing-5 >> "[\r][\n]"
<2017-09-26 13:05:38> DEBUG [org.apache.http.wire] http-outgoing-5 >> "{"id":"0","value":["Perfecto Mobile"]}"
<2017-09-26 13:05:38> DEBUG [org.apache.http.wire] http-outgoing-8 << "HTTP/1.1 200 OK[\r][\n]"
<2017-09-26 13:05:38> DEBUG [org.apache.http.wire] http-outgoing-8 << "Server: nginx[\r][\n]"
<2017-09-26 13:05:38> DEBUG [org.apache.http.wire] http-outgoing-8 << "Date: Tue, 26 Sep 2017 10:05:35 GMT[\r][\n]"
<2017-09-26 13:05:38> DEBUG [org.apache.http.wire] http-outgoing-8 << "Content-Type: application/json;charset=utf-8[\r][\n]"
<2017-09-26 13:05:38> DEBUG [org.apache.http.wire] http-outgoing-8 << "Transfer-Encoding: chunked[\r][\n]"
<2017-09-26 13:05:38> DEBUG [org.apache.http.wire] http-outgoing-8 << "Connection: keep-alive[\r][\n]"
<2017-09-26 13:05:38> DEBUG [org.apache.http.wire] http-outgoing-8 << "Set-Cookie: JSESSIONID=F6E28E4994D1584E597DBDFCCCB1737E; Path=/nexperience/; HttpOnly[\r][\n]"
<2017-09-26 13:05:38> DEBUG [org.apache.http.wire] http-outgoing-8 << "Expires: Thu, 01 Jan 1970 00:00:00 GMT[\r][\n]"
<2017-09-26 13:05:38> DEBUG [org.apache.http.wire] http-outgoing-8 << "Cache-Control: no-cache[\r][\n]"
<2017-09-26 13:05:38> DEBUG [org.apache.http.wire] http-outgoing-8 << "Cache-Control: no-cache[\r][\n]"
<2017-09-26 13:05:38> DEBUG [org.apache.http.wire] http-outgoing-8 << "Expires: Thu, 01 Jan 1970 00:00:00 GMT[\r][\n]"
<2017-09-26 13:05:38> DEBUG [org.apache.http.wire] http-outgoing-8 << "Set-Cookie: fast_failed=true[\r][\n]"
<2017-09-26 13:05:38> DEBUG [org.apache.http.wire] http-outgoing-8 << "X-XSS-Protection: 2; mode=block[\r][\n]"
<2017-09-26 13:05:38> DEBUG [org.apache.http.wire] http-outgoing-8 << "Content-Encoding: gzip[\r][\n]"
<2017-09-26 13:05:38> DEBUG [org.apache.http.wire] http-outgoing-8 << "[\r][\n]"
<2017-09-26 13:05:38> DEBUG [org.apache.http.wire] http-outgoing-8 << "95[\r][\n]"
<2017-09-26 13:05:38> DEBUG [org.apache.http.wire] http-outgoing-8 << "[0x1f][0x8b][0x8][0x0][0x0][0x0][0x0][0x0][0x0][0x3]-[0x8c];[0x12][0x83]0[0xc][0x5][0xef][0xa2][0x1a]<6[0x90][0xf0]iS[0xa5][0xcd][\r][0x84],[0x12]f[0x8c][\r][0xc8]N[0x93][0xc9][0xdd][0xa3]"[0xe5][0xdb][0xd9]}[0x1f][0x10][0x16]YS[0xbc]{[0x98][0x80]p&g]_[0x8f][\r][0xdb][0xba][0xe3][0x99][0xea][0xc1][0xeb]\[0x96][0xc5][0xa3][0xa3][0xce][0xb5]x[0x85][\n]"
<2017-09-26 13:05:38> DEBUG [org.apache.http.wire] http-outgoing-8 << "$cf[0xd5][0xa5][0x10]i[0xad][0xe4]uK^[0x89][0x1b]/[0xb6][0x19][0xdb]~[0xa8][0xe0][0x8d][0xa1]([0x89]%[0x84][\n]"
<2017-09-26 13:05:38> DEBUG [org.apache.http.wire] http-outgoing-8 << "([0xa0]j[0x13][0xa4][0xf3]i[0xd2][0xce][0xf1]@#[0x1c]8[0xae]e3'o)[0xb3]y[0xb0][0xec])[\n]"
<2017-09-26 13:05:38> DEBUG [org.apache.http.wire] http-outgoing-8 << "[0xff][0xef][0x8b][0xea][0xf6][0xfb][0x3]V[0x13][0x92][0xf1][0x9e][0x0][0x0][0x0][\r][\n]"
<2017-09-26 13:05:38> DEBUG [org.apache.http.wire] http-outgoing-8 << "0[\r][\n]"
<2017-09-26 13:05:38> DEBUG [org.apache.http.wire] http-outgoing-8 << "[\r][\n]"
<2017-09-26 13:05:38> DEBUG [org.apache.http.headers] http-outgoing-8 << HTTP/1.1 200 OK
<2017-09-26 13:05:38> DEBUG [org.apache.http.headers] http-outgoing-8 << Server: nginx
<2017-09-26 13:05:38> DEBUG [org.apache.http.headers] http-outgoing-8 << Date: Tue, 26 Sep 2017 10:05:35 GMT
<2017-09-26 13:05:38> DEBUG [org.apache.http.headers] http-outgoing-8 << Content-Type: application/json;charset=utf-8
<2017-09-26 13:05:38> DEBUG [org.apache.http.headers] http-outgoing-8 << Transfer-Encoding: chunked
<2017-09-26 13:05:38> DEBUG [org.apache.http.headers] http-outgoing-8 << Connection: keep-alive
<2017-09-26 13:05:38> DEBUG [org.apache.http.headers] http-outgoing-8 << Set-Cookie: JSESSIONID=F6E28E4994D1584E597DBDFCCCB1737E; Path=/nexperience/; HttpOnly
<2017-09-26 13:05:38> DEBUG [org.apache.http.headers] http-outgoing-8 << Expires: Thu, 01 Jan 1970 00:00:00 GMT
<2017-09-26 13:05:38> DEBUG [org.apache.http.headers] http-outgoing-8 << Cache-Control: no-cache
<2017-09-26 13:05:38> DEBUG [org.apache.http.headers] http-outgoing-8 << Cache-Control: no-cache
<2017-09-26 13:05:38> DEBUG [org.apache.http.headers] http-outgoing-8 << Expires: Thu, 01 Jan 1970 00:00:00 GMT
<2017-09-26 13:05:38> DEBUG [org.apache.http.headers] http-outgoing-8 << Set-Cookie: fast_failed=true
<2017-09-26 13:05:38> DEBUG [org.apache.http.headers] http-outgoing-8 << X-XSS-Protection: 2; mode=block
<2017-09-26 13:05:38> DEBUG [org.apache.http.headers] http-outgoing-8 << Content-Encoding: gzip
<2017-09-26 13:05:38> DEBUG [o.a.h.i.execchain.MainClientExec] Connection can be kept alive indefinitely
<2017-09-26 13:05:38> DEBUG [o.a.h.c.p.ResponseProcessCookies] Cookie accepted [JSESSIONID="F6E28E4994D1584E597DBDFCCCB1737E", version:0, domain:branchtest.perfectomobile.com, path:/nexperience/, expiry:null]
<2017-09-26 13:05:38> DEBUG [o.a.h.c.p.ResponseProcessCookies] Cookie accepted [fast_failed="true", version:0, domain:branchtest.perfectomobile.com, path:/nexperience/perfectomobile/wd/hub/session/cabc1017-92e0-4ebc-8d17-fffda1c413a6/element/0, expiry:null]
<2017-09-26 13:05:38> DEBUG [o.a.h.i.c.PoolingHttpClientConnectionManager] Connection [id: 8][route: {s}->https://branchtest.perfectomobile.com:443] can be kept alive indefinitely
<2017-09-26 13:05:38> DEBUG [o.a.h.i.c.PoolingHttpClientConnectionManager] Connection released: [id: 8][route: {s}->https://branchtest.perfectomobile.com:443][total kept alive: 1; route allocated: 3 of 2000; total allocated: 3 of 2000]
<2017-09-26 13:05:38> DEBUG [o.a.h.c.p.RequestAddCookies] CookieSpec selected: default
<2017-09-26 13:05:38> DEBUG [o.a.h.c.p.RequestAddCookies] Cookie [version: 0][name: JSESSIONID][value: F6E28E4994D1584E597DBDFCCCB1737E][domain: branchtest.perfectomobile.com][path: /nexperience/][expiry: null] match [(secure)branchtest.perfectomobile.com:443/nexperience/perfectomobile/wd/hub/session/cabc1017-92e0-4ebc-8d17-fffda1c413a6/title]
<2017-09-26 13:05:38> DEBUG [o.a.h.c.p.RequestAddCookies] Cookie [version: 0][name: fast_failed][value: true][domain: branchtest.perfectomobile.com][path: /nexperience/perfectomobile/wd/hub][expiry: null] match [(secure)branchtest.perfectomobile.com:443/nexperience/perfectomobile/wd/hub/session/cabc1017-92e0-4ebc-8d17-fffda1c413a6/title]
<2017-09-26 13:05:38> DEBUG [o.a.h.c.p.RequestAddCookies] Cookie [version: 0][name: fast_failed][value: true][domain: branchtest.perfectomobile.com][path: /nexperience/perfectomobile/wd/hub/session][expiry: null] match [(secure)branchtest.perfectomobile.com:443/nexperience/perfectomobile/wd/hub/session/cabc1017-92e0-4ebc-8d17-fffda1c413a6/title]
<2017-09-26 13:05:38> DEBUG [o.a.h.c.p.RequestAddCookies] Cookie [version: 0][name: fast_failed][value: true][domain: branchtest.perfectomobile.com][path: /nexperience/perfectomobile/wd/hub/session/cabc1017-92e0-4ebc-8d17-fffda1c413a6][expiry: null] match [(secure)branchtest.perfectomobile.com:443/nexperience/perfectomobile/wd/hub/session/cabc1017-92e0-4ebc-8d17-fffda1c413a6/title]
<2017-09-26 13:05:38> DEBUG [o.a.h.c.p.RequestAuthCache] Auth cache not set in the context
<2017-09-26 13:05:38> DEBUG [o.a.h.i.c.PoolingHttpClientConnectionManager] Connection request: [route: {s}->https://branchtest.perfectomobile.com:443][total kept alive: 1; route allocated: 3 of 2000; total allocated: 3 of 2000]
<2017-09-26 13:05:38> DEBUG [o.a.h.i.c.PoolingHttpClientConnectionManager] Connection leased: [id: 8][route: {s}->https://branchtest.perfectomobile.com:443][total kept alive: 0; route allocated: 3 of 2000; total allocated: 3 of 2000]
<2017-09-26 13:05:38> DEBUG [o.a.h.i.execchain.MainClientExec] Stale connection check
<2017-09-26 13:05:38> DEBUG [org.apache.http.wire] http-outgoing-8 << "[read] I/O error: Read timed out"
<2017-09-26 13:05:38> DEBUG [o.a.h.i.c.DefaultManagedHttpClientConnection] http-outgoing-8: set socket timeout to 10800000
<2017-09-26 13:05:38> DEBUG [o.a.h.i.execchain.MainClientExec] Executing request GET /nexperience/perfectomobile/wd/hub/session/cabc1017-92e0-4ebc-8d17-fffda1c413a6/title HTTP/1.1
<2017-09-26 13:05:38> DEBUG [o.a.h.i.execchain.MainClientExec] Target auth state: UNCHALLENGED
<2017-09-26 13:05:38> DEBUG [o.a.h.i.execchain.MainClientExec] Proxy auth state: UNCHALLENGED
<2017-09-26 13:05:38> DEBUG [org.apache.http.headers] http-outgoing-8 >> GET /nexperience/perfectomobile/wd/hub/session/cabc1017-92e0-4ebc-8d17-fffda1c413a6/title HTTP/1.1
<2017-09-26 13:05:38> DEBUG [org.apache.http.headers] http-outgoing-8 >> Cache-Control: no-cache
<2017-09-26 13:05:38> DEBUG [org.apache.http.headers] http-outgoing-8 >> Host: branchtest.perfectomobile.com
<2017-09-26 13:05:38> DEBUG [org.apache.http.headers] http-outgoing-8 >> Connection: Keep-Alive
<2017-09-26 13:05:38> DEBUG [org.apache.http.headers] http-outgoing-8 >> User-Agent: Apache-HttpClient/4.5.2 (Java/1.8.0_121)
<2017-09-26 13:05:38> DEBUG [org.apache.http.headers] http-outgoing-8 >> Cookie: JSESSIONID=F6E28E4994D1584E597DBDFCCCB1737E; fast_failed=true; fast_failed=true; fast_failed=true
<2017-09-26 13:05:38> DEBUG [org.apache.http.headers] http-outgoing-8 >> Accept-Encoding: gzip,deflate
<2017-09-26 13:05:38> DEBUG [org.apache.http.wire] http-outgoing-8 >> "GET /nexperience/perfectomobile/wd/hub/session/cabc1017-92e0-4ebc-8d17-fffda1c413a6/title HTTP/1.1[\r][\n]"
<2017-09-26 13:05:38> DEBUG [org.apache.http.wire] http-outgoing-8 >> "Cache-Control: no-cache[\r][\n]"
<2017-09-26 13:05:38> DEBUG [org.apache.http.wire] http-outgoing-8 >> "Host: branchtest.perfectomobile.com[\r][\n]"
<2017-09-26 13:05:38> DEBUG [org.apache.http.wire] http-outgoing-8 >> "Connection: Keep-Alive[\r][\n]"
<2017-09-26 13:05:38> DEBUG [org.apache.http.wire] http-outgoing-8 >> "User-Agent: Apache-HttpClient/4.5.2 (Java/1.8.0_121)[\r][\n]"
<2017-09-26 13:05:38> DEBUG [org.apache.http.wire] http-outgoing-8 >> "Cookie: JSESSIONID=F6E28E4994D1584E597DBDFCCCB1737E; fast_failed=true; fast_failed=true; fast_failed=true[\r][\n]"
<2017-09-26 13:05:38> DEBUG [org.apache.http.wire] http-outgoing-8 >> "Accept-Encoding: gzip,deflate[\r][\n]"
<2017-09-26 13:05:38> DEBUG [org.apache.http.wire] http-outgoing-8 >> "[\r][\n]"
<2017-09-26 13:05:38> DEBUG [org.apache.http.wire] http-outgoing-8 << "HTTP/1.1 200 OK[\r][\n]"
<2017-09-26 13:05:38> DEBUG [org.apache.http.wire] http-outgoing-8 << "Server: nginx[\r][\n]"
<2017-09-26 13:05:38> DEBUG [org.apache.http.wire] http-outgoing-8 << "Date: Tue, 26 Sep 2017 10:05:35 GMT[\r][\n]"
<2017-09-26 13:05:38> DEBUG [org.apache.http.wire] http-outgoing-8 << "Content-Type: application/json;charset=utf-8[\r][\n]"
<2017-09-26 13:05:38> DEBUG [org.apache.http.wire] http-outgoing-8 << "Transfer-Encoding: chunked[\r][\n]"
<2017-09-26 13:05:38> DEBUG [org.apache.http.wire] http-outgoing-8 << "Connection: keep-alive[\r][\n]"
<2017-09-26 13:05:38> DEBUG [org.apache.http.wire] http-outgoing-8 << "Set-Cookie: JSESSIONID=F6E28E4994D1584E597DBDFCCCB1737E; Path=/nexperience/; HttpOnly[\r][\n]"
<2017-09-26 13:05:38> DEBUG [org.apache.http.wire] http-outgoing-8 << "Expires: Thu, 01 Jan 1970 00:00:00 GMT[\r][\n]"
<2017-09-26 13:05:38> DEBUG [org.apache.http.wire] http-outgoing-8 << "Cache-Control: no-cache[\r][\n]"
<2017-09-26 13:05:38> DEBUG [org.apache.http.wire] http-outgoing-8 << "Cache-Control: no-cache[\r][\n]"
<2017-09-26 13:05:38> DEBUG [org.apache.http.wire] http-outgoing-8 << "Expires: Thu, 01 Jan 1970 00:00:00 GMT[\r][\n]"
<2017-09-26 13:05:38> DEBUG [org.apache.http.wire] http-outgoing-8 << "Set-Cookie: fast_failed=true[\r][\n]"
<2017-09-26 13:05:38> DEBUG [org.apache.http.wire] http-outgoing-8 << "X-XSS-Protection: 2; mode=block[\r][\n]"
<2017-09-26 13:05:38> DEBUG [org.apache.http.wire] http-outgoing-8 << "Content-Encoding: gzip[\r][\n]"
<2017-09-26 13:05:38> DEBUG [org.apache.http.wire] http-outgoing-8 << "[\r][\n]"
<2017-09-26 13:05:38> DEBUG [org.apache.http.wire] http-outgoing-8 << "ad[\r][\n]"
<2017-09-26 13:05:38> DEBUG [org.apache.http.wire] http-outgoing-8 << "[0x1f][0x8b][0x8][0x0][0x0][0x0][0x0][0x0][0x0][0x3]-[0x8d][0xc1][0xe][0x82]0[0x10]D]]>&#x7f;<![CDATA[[0x85][0xf4]L[0x1b]@[0x10][0xe5][0xea][0xc1]x01[0xfa][0x5][0xcb]v[0xb]$[0xa5][0x8b][0x94]z1[0xfe][0xbb]k[0xe2]mf[0xf2]f[0xe6][0xad]"[0xc5]8q[0xb8]X[0xd5])[0x84][0x1e][0xcb][0xa2]l[0xf5][0xb1][0xa2]B[0xd7][0xd4][0xa3]>X[0xb1][0xce]9[0xb]%[0xd6][0xe5][0xe][0xf6]*Wq[0x83][0x8d][0x4][0x8f][0x9]Q[0xda][0x92][0x8c]'[0xb6][0x92]Tm[0xd5][0xd4]U[0xd1][0xb4][0xb9]z[0x81]O?[0xe6]F[0xab]#[0xdc]8[0xbb]r?y[0xca]tvf[0x1e]D<[0x8]V[0x1c][0xa5][0x8b][0x1e]d[0xa3]S[0xbc][0xe][0x86][0x17][\n]"
<2017-09-26 13:05:38> DEBUG [org.apache.http.wire] http-outgoing-8 << "O0[0x91]<[0x85])[0xcd]f[0xa5][0x99]72w[0x8a][0xb][0x87]H[0xff][0xef]$x[0xf1][0xf9][0x2]^[0xd7]]]>&#x7f;<![CDATA[[0x8e][0xbb][0x0][0x0][0x0][\r][\n]"
<2017-09-26 13:05:38> DEBUG [org.apache.http.wire] http-outgoing-8 << "0[\r][\n]"
<2017-09-26 13:05:38> DEBUG [org.apache.http.wire] http-outgoing-8 << "[\r][\n]"
<2017-09-26 13:05:38> DEBUG [org.apache.http.headers] http-outgoing-8 << HTTP/1.1 200 OK
<2017-09-26 13:05:38> DEBUG [org.apache.http.headers] http-outgoing-8 << Server: nginx
<2017-09-26 13:05:38> DEBUG [org.apache.http.headers] http-outgoing-8 << Date: Tue, 26 Sep 2017 10:05:35 GMT
<2017-09-26 13:05:38> DEBUG [org.apache.http.headers] http-outgoing-8 << Content-Type: application/json;charset=utf-8
<2017-09-26 13:05:38> DEBUG [org.apache.http.headers] http-outgoing-8 << Transfer-Encoding: chunked
<2017-09-26 13:05:38> DEBUG [org.apache.http.headers] http-outgoing-8 << Connection: keep-alive
<2017-09-26 13:05:38> DEBUG [org.apache.http.headers] http-outgoing-8 << Set-Cookie: JSESSIONID=F6E28E4994D1584E597DBDFCCCB1737E; Path=/nexperience/; HttpOnly
<2017-09-26 13:05:38> DEBUG [org.apache.http.headers] http-outgoing-8 << Expires: Thu, 01 Jan 1970 00:00:00 GMT
<2017-09-26 13:05:38> DEBUG [org.apache.http.headers] http-outgoing-8 << Cache-Control: no-cache
<2017-09-26 13:05:38> DEBUG [org.apache.http.headers] http-outgoing-8 << Cache-Control: no-cache
<2017-09-26 13:05:38> DEBUG [org.apache.http.headers] http-outgoing-8 << Expires: Thu, 01 Jan 1970 00:00:00 GMT
<2017-09-26 13:05:38> DEBUG [org.apache.http.headers] http-outgoing-8 << Set-Cookie: fast_failed=true
<2017-09-26 13:05:38> DEBUG [org.apache.http.headers] http-outgoing-8 << X-XSS-Protection: 2; mode=block
<2017-09-26 13:05:38> DEBUG [org.apache.http.headers] http-outgoing-8 << Content-Encoding: gzip
<2017-09-26 13:05:38> DEBUG [o.a.h.i.execchain.MainClientExec] Connection can be kept alive indefinitely
<2017-09-26 13:05:38> DEBUG [o.a.h.c.p.ResponseProcessCookies] Cookie accepted [JSESSIONID="F6E28E4994D1584E597DBDFCCCB1737E", version:0, domain:branchtest.perfectomobile.com, path:/nexperience/, expiry:null]
<2017-09-26 13:05:38> DEBUG [o.a.h.c.p.ResponseProcessCookies] Cookie accepted [fast_failed="true", version:0, domain:branchtest.perfectomobile.com, path:/nexperience/perfectomobile/wd/hub/session/cabc1017-92e0-4ebc-8d17-fffda1c413a6, expiry:null]
<2017-09-26 13:05:38> DEBUG [o.a.h.i.c.PoolingHttpClientConnectionManager] Connection [id: 8][route: {s}->https://branchtest.perfectomobile.com:443] can be kept alive indefinitely
<2017-09-26 13:05:38> DEBUG [o.a.h.i.c.PoolingHttpClientConnectionManager] Connection released: [id: 8][route: {s}->https://branchtest.perfectomobile.com:443][total kept alive: 1; route allocated: 3 of 2000; total allocated: 3 of 2000]
Done: searchGoogle
<2017-09-26 13:05:38> DEBUG [o.a.h.c.p.RequestAddCookies] CookieSpec selected: default
<2017-09-26 13:05:38> DEBUG [o.a.h.c.p.RequestAddCookies] Cookie [version: 0][name: JSESSIONID][value: F6E28E4994D1584E597DBDFCCCB1737E][domain: branchtest.perfectomobile.com][path: /nexperience/][expiry: null] match [(secure)branchtest.perfectomobile.com:443/nexperience/perfectomobile/wd/hub/session/cabc1017-92e0-4ebc-8d17-fffda1c413a6/execute]
<2017-09-26 13:05:38> DEBUG [o.a.h.c.p.RequestAddCookies] Cookie [version: 0][name: fast_failed][value: true][domain: branchtest.perfectomobile.com][path: /nexperience/perfectomobile/wd/hub][expiry: null] match [(secure)branchtest.perfectomobile.com:443/nexperience/perfectomobile/wd/hub/session/cabc1017-92e0-4ebc-8d17-fffda1c413a6/execute]
<2017-09-26 13:05:38> DEBUG [o.a.h.c.p.RequestAddCookies] Cookie [version: 0][name: fast_failed][value: true][domain: branchtest.perfectomobile.com][path: /nexperience/perfectomobile/wd/hub/session][expiry: null] match [(secure)branchtest.perfectomobile.com:443/nexperience/perfectomobile/wd/hub/session/cabc1017-92e0-4ebc-8d17-fffda1c413a6/execute]
<2017-09-26 13:05:38> DEBUG [o.a.h.c.p.RequestAddCookies] Cookie [version: 0][name: fast_failed][value: true][domain: branchtest.perfectomobile.com][path: /nexperience/perfectomobile/wd/hub/session/cabc1017-92e0-4ebc-8d17-fffda1c413a6][expiry: null] match [(secure)branchtest.perfectomobile.com:443/nexperience/perfectomobile/wd/hub/session/cabc1017-92e0-4ebc-8d17-fffda1c413a6/execute]
<2017-09-26 13:05:38> DEBUG [o.a.h.c.p.RequestAuthCache] Auth cache not set in the context
<2017-09-26 13:05:38> DEBUG [o.a.h.i.c.PoolingHttpClientConnectionManager] Connection request: [route: {s}->https://branchtest.perfectomobile.com:443][total kept alive: 1; route allocated: 3 of 2000; total allocated: 3 of 2000]
<2017-09-26 13:05:38> DEBUG [o.a.h.i.c.PoolingHttpClientConnectionManager] Connection leased: [id: 8][route: {s}->https://branchtest.perfectomobile.com:443][total kept alive: 0; route allocated: 3 of 2000; total allocated: 3 of 2000]
<2017-09-26 13:05:38> DEBUG [o.a.h.i.execchain.MainClientExec] Stale connection check
<2017-09-26 13:05:38> DEBUG [org.apache.http.wire] http-outgoing-8 << "[read] I/O error: Read timed out"
<2017-09-26 13:05:38> DEBUG [o.a.h.i.c.DefaultManagedHttpClientConnection] http-outgoing-8: set socket timeout to 10800000
<2017-09-26 13:05:38> DEBUG [o.a.h.i.execchain.MainClientExec] Executing request POST /nexperience/perfectomobile/wd/hub/session/cabc1017-92e0-4ebc-8d17-fffda1c413a6/execute HTTP/1.1
<2017-09-26 13:05:38> DEBUG [o.a.h.i.execchain.MainClientExec] Target auth state: UNCHALLENGED
<2017-09-26 13:05:38> DEBUG [o.a.h.i.execchain.MainClientExec] Proxy auth state: UNCHALLENGED
<2017-09-26 13:05:38> DEBUG [org.apache.http.headers] http-outgoing-8 >> POST /nexperience/perfectomobile/wd/hub/session/cabc1017-92e0-4ebc-8d17-fffda1c413a6/execute HTTP/1.1
<2017-09-26 13:05:38> DEBUG [org.apache.http.headers] http-outgoing-8 >> Content-Type: application/json; charset=utf-8
<2017-09-26 13:05:38> DEBUG [org.apache.http.headers] http-outgoing-8 >> Content-Length: 195
<2017-09-26 13:05:38> DEBUG [org.apache.http.headers] http-outgoing-8 >> Host: branchtest.perfectomobile.com
<2017-09-26 13:05:38> DEBUG [org.apache.http.headers] http-outgoing-8 >> Connection: Keep-Alive
<2017-09-26 13:05:38> DEBUG [org.apache.http.headers] http-outgoing-8 >> User-Agent: Apache-HttpClient/4.5.2 (Java/1.8.0_121)
<2017-09-26 13:05:38> DEBUG [org.apache.http.headers] http-outgoing-8 >> Cookie: JSESSIONID=F6E28E4994D1584E597DBDFCCCB1737E; fast_failed=true; fast_failed=true; fast_failed=true
<2017-09-26 13:05:38> DEBUG [org.apache.http.headers] http-outgoing-8 >> Accept-Encoding: gzip,deflate
<2017-09-26 13:05:38> DEBUG [org.apache.http.wire] http-outgoing-8 >> "POST /nexperience/perfectomobile/wd/hub/session/cabc1017-92e0-4ebc-8d17-fffda1c413a6/execute HTTP/1.1[\r][\n]"
<2017-09-26 13:05:38> DEBUG [org.apache.http.wire] http-outgoing-8 >> "Content-Type: application/json; charset=utf-8[\r][\n]"
<2017-09-26 13:05:38> DEBUG [org.apache.http.wire] http-outgoing-8 >> "Content-Length: 195[\r][\n]"
<2017-09-26 13:05:38> DEBUG [org.apache.http.wire] http-outgoing-8 >> "Host: branchtest.perfectomobile.com[\r][\n]"
<2017-09-26 13:05:38> DEBUG [org.apache.http.wire] http-outgoing-8 >> "Connection: Keep-Alive[\r][\n]"
<2017-09-26 13:05:38> DEBUG [org.apache.http.wire] http-outgoing-8 >> "User-Agent: Apache-HttpClient/4.5.2 (Java/1.8.0_121)[\r][\n]"
<2017-09-26 13:05:38> DEBUG [org.apache.http.wire] http-outgoing-8 >> "Cookie: JSESSIONID=F6E28E4994D1584E597DBDFCCCB1737E; fast_failed=true; fast_failed=true; fast_failed=true[\r][\n]"
<2017-09-26 13:05:38> DEBUG [org.apache.http.wire] http-outgoing-8 >> "Accept-Encoding: gzip,deflate[\r][\n]"
<2017-09-26 13:05:38> DEBUG [org.apache.http.wire] http-outgoing-8 >> "[\r][\n]"
<2017-09-26 13:05:38> DEBUG [org.apache.http.wire] http-outgoing-8 >> "{"script":"mobile:test:start","args":[{"jobName":"Sample Job","name":"Way2Automation Flow","projectName":"Sample Script","jobNumber":45,"projectVersion":"1.0","tags":["Java","Sample","Native"]}]}"
<2017-09-26 13:05:39> DEBUG [org.apache.http.wire] http-outgoing-8 << "HTTP/1.1 200 OK[\r][\n]"
<2017-09-26 13:05:39> DEBUG [org.apache.http.wire] http-outgoing-8 << "Server: nginx[\r][\n]"
<2017-09-26 13:05:39> DEBUG [org.apache.http.wire] http-outgoing-8 << "Date: Tue, 26 Sep 2017 10:05:35 GMT[\r][\n]"
<2017-09-26 13:05:39> DEBUG [org.apache.http.wire] http-outgoing-8 << "Content-Type: application/json;charset=utf-8[\r][\n]"
<2017-09-26 13:05:39> DEBUG [org.apache.http.wire] http-outgoing-8 << "Transfer-Encoding: chunked[\r][\n]"
<2017-09-26 13:05:39> DEBUG [org.apache.http.wire] http-outgoing-8 << "Connection: keep-alive[\r][\n]"
<2017-09-26 13:05:39> DEBUG [org.apache.http.wire] http-outgoing-8 << "Set-Cookie: JSESSIONID=F6E28E4994D1584E597DBDFCCCB1737E; Path=/nexperience/; HttpOnly[\r][\n]"
<2017-09-26 13:05:39> DEBUG [org.apache.http.wire] http-outgoing-8 << "Expires: Thu, 01 Jan 1970 00:00:00 GMT[\r][\n]"
<2017-09-26 13:05:39> DEBUG [org.apache.http.wire] http-outgoing-8 << "Cache-Control: no-cache[\r][\n]"
<2017-09-26 13:05:39> DEBUG [org.apache.http.wire] http-outgoing-8 << "Cache-Control: no-cache[\r][\n]"
<2017-09-26 13:05:39> DEBUG [org.apache.http.wire] http-outgoing-8 << "Expires: Thu, 01 Jan 1970 00:00:00 GMT[\r][\n]"
<2017-09-26 13:05:39> DEBUG [org.apache.http.wire] http-outgoing-8 << "Set-Cookie: fast_failed=true[\r][\n]"
<2017-09-26 13:05:39> DEBUG [org.apache.http.wire] http-outgoing-8 << "X-XSS-Protection: 2; mode=block[\r][\n]"
<2017-09-26 13:05:39> DEBUG [org.apache.http.wire] http-outgoing-8 << "Content-Encoding: gzip[\r][\n]"
<2017-09-26 13:05:39> DEBUG [org.apache.http.wire] http-outgoing-8 << "[\r][\n]"
<2017-09-26 13:05:39> DEBUG [org.apache.http.wire] http-outgoing-8 << "99[\r][\n]"
<2017-09-26 13:05:39> DEBUG [org.apache.http.wire] http-outgoing-8 << "[0x1f][0x8b][0x8][0x0][0x0][0x0][0x0][0x0][0x0][0x3]-[0xcd][0xc1][0xe][0x82]0[0x10][0x4][0xd0]]]>&#x7f;<![CDATA[[0xd9]3[0xd4][0x16][0x8]"7[0xe2][0xc9][0x8b][0x7][0xff]`[0xd9].J[0x2]-[0xb2][0xad][0x17][0xe3][0xbf][0xbb]&[0x1e]g[0xf2]&[0xf3][0x6]a[0x91]9[0x86][0x8b][0x87][0x1e][0x8]Gr[0xd6][0x1d][0xcb]S[0xc5][0xb6]lx[0xa4][0xb2][0xf3][0x1a][0xa7]i[0xf2][0xe8][0xa8]q5[0xb6]P[0x80]$L[0xac]\2[0x91][0xae][0xb5]y[0x9c][0xa3][0xd7][0xc6]u[0xd6][0xd5][0xb6]m[0x9b][0xaa][0x80][0x17].[0xf9][0x87][0xae][0x87]A[0x1]-[0xa8][0xb0][0x87][0xb8][0xdf]M[0xdc]8<[0xd1][0x8]/[0x1c][0xe6][0xbc][0x9a][0x9d][0xd7][0x98][0xd8][0xdc]X[0xb6][0x18][0x84][0xff][0x7]Y[0xb9][0xfd]|[0x1][0xc6]3[0x14][0xf7][0xa0][0x0][0x0][0x0][\r][\n]"
<2017-09-26 13:05:39> DEBUG [org.apache.http.wire] http-outgoing-8 << "0[\r][\n]"
<2017-09-26 13:05:39> DEBUG [org.apache.http.wire] http-outgoing-8 << "[\r][\n]"
<2017-09-26 13:05:39> DEBUG [org.apache.http.headers] http-outgoing-8 << HTTP/1.1 200 OK
<2017-09-26 13:05:39> DEBUG [org.apache.http.headers] http-outgoing-8 << Server: nginx
<2017-09-26 13:05:39> DEBUG [org.apache.http.headers] http-outgoing-8 << Date: Tue, 26 Sep 2017 10:05:35 GMT
<2017-09-26 13:05:39> DEBUG [org.apache.http.headers] http-outgoing-8 << Content-Type: application/json;charset=utf-8
<2017-09-26 13:05:39> DEBUG [org.apache.http.headers] http-outgoing-8 << Transfer-Encoding: chunked
<2017-09-26 13:05:39> DEBUG [org.apache.http.headers] http-outgoing-8 << Connection: keep-alive
<2017-09-26 13:05:39> DEBUG [org.apache.http.headers] http-outgoing-8 << Set-Cookie: JSESSIONID=F6E28E4994D1584E597DBDFCCCB1737E; Path=/nexperience/; HttpOnly
<2017-09-26 13:05:39> DEBUG [org.apache.http.headers] http-outgoing-8 << Expires: Thu, 01 Jan 1970 00:00:00 GMT
<2017-09-26 13:05:39> DEBUG [org.apache.http.headers] http-outgoing-8 << Cache-Control: no-cache
<2017-09-26 13:05:39> DEBUG [org.apache.http.headers] http-outgoing-8 << Cache-Control: no-cache
<2017-09-26 13:05:39> DEBUG [org.apache.http.headers] http-outgoing-8 << Expires: Thu, 01 Jan 1970 00:00:00 GMT
<2017-09-26 13:05:39> DEBUG [org.apache.http.headers] http-outgoing-8 << Set-Cookie: fast_failed=true
<2017-09-26 13:05:39> DEBUG [org.apache.http.headers] http-outgoing-8 << X-XSS-Protection: 2; mode=block
<2017-09-26 13:05:39> DEBUG [org.apache.http.headers] http-outgoing-8 << Content-Encoding: gzip
<2017-09-26 13:05:39> DEBUG [o.a.h.i.execchain.MainClientExec] Connection can be kept alive indefinitely
<2017-09-26 13:05:39> DEBUG [o.a.h.c.p.ResponseProcessCookies] Cookie accepted [JSESSIONID="F6E28E4994D1584E597DBDFCCCB1737E", version:0, domain:branchtest.perfectomobile.com, path:/nexperience/, expiry:null]
<2017-09-26 13:05:39> DEBUG [o.a.h.c.p.ResponseProcessCookies] Cookie accepted [fast_failed="true", version:0, domain:branchtest.perfectomobile.com, path:/nexperience/perfectomobile/wd/hub/session/cabc1017-92e0-4ebc-8d17-fffda1c413a6, expiry:null]
<2017-09-26 13:05:39> DEBUG [o.a.h.i.c.PoolingHttpClientConnectionManager] Connection [id: 8][route: {s}->https://branchtest.perfectomobile.com:443] can be kept alive indefinitely
<2017-09-26 13:05:39> DEBUG [o.a.h.i.c.PoolingHttpClientConnectionManager] Connection released: [id: 8][route: {s}->https://branchtest.perfectomobile.com:443][total kept alive: 1; route allocated: 3 of 2000; total allocated: 3 of 2000]
<2017-09-26 13:05:39> DEBUG [o.a.h.c.p.RequestAddCookies] CookieSpec selected: default
<2017-09-26 13:05:39> DEBUG [o.a.h.c.p.RequestAddCookies] Cookie [version: 0][name: JSESSIONID][value: F6E28E4994D1584E597DBDFCCCB1737E][domain: branchtest.perfectomobile.com][path: /nexperience/][expiry: null] match [(secure)branchtest.perfectomobile.com:443/nexperience/perfectomobile/wd/hub/session/cabc1017-92e0-4ebc-8d17-fffda1c413a6/execute]
<2017-09-26 13:05:39> DEBUG [o.a.h.c.p.RequestAddCookies] Cookie [version: 0][name: fast_failed][value: true][domain: branchtest.perfectomobile.com][path: /nexperience/perfectomobile/wd/hub][expiry: null] match [(secure)branchtest.perfectomobile.com:443/nexperience/perfectomobile/wd/hub/session/cabc1017-92e0-4ebc-8d17-fffda1c413a6/execute]
<2017-09-26 13:05:39> DEBUG [o.a.h.c.p.RequestAddCookies] Cookie [version: 0][name: fast_failed][value: true][domain: branchtest.perfectomobile.com][path: /nexperience/perfectomobile/wd/hub/session][expiry: null] match [(secure)branchtest.perfectomobile.com:443/nexperience/perfectomobile/wd/hub/session/cabc1017-92e0-4ebc-8d17-fffda1c413a6/execute]
<2017-09-26 13:05:39> DEBUG [o.a.h.c.p.RequestAddCookies] Cookie [version: 0][name: fast_failed][value: true][domain: branchtest.perfectomobile.com][path: /nexperience/perfectomobile/wd/hub/session/cabc1017-92e0-4ebc-8d17-fffda1c413a6][expiry: null] match [(secure)branchtest.perfectomobile.com:443/nexperience/perfectomobile/wd/hub/session/cabc1017-92e0-4ebc-8d17-fffda1c413a6/execute]
<2017-09-26 13:05:39> DEBUG [o.a.h.c.p.RequestAuthCache] Auth cache not set in the context
<2017-09-26 13:05:39> DEBUG [o.a.h.i.c.PoolingHttpClientConnectionManager] Connection request: [route: {s}->https://branchtest.perfectomobile.com:443][total kept alive: 1; route allocated: 3 of 2000; total allocated: 3 of 2000]
<2017-09-26 13:05:39> DEBUG [o.a.h.i.c.PoolingHttpClientConnectionManager] Connection leased: [id: 8][route: {s}->https://branchtest.perfectomobile.com:443][total kept alive: 0; route allocated: 3 of 2000; total allocated: 3 of 2000]
<2017-09-26 13:05:39> DEBUG [o.a.h.i.execchain.MainClientExec] Stale connection check
<2017-09-26 13:05:39> DEBUG [org.apache.http.wire] http-outgoing-8 << "[read] I/O error: Read timed out"
<2017-09-26 13:05:39> DEBUG [o.a.h.i.c.DefaultManagedHttpClientConnection] http-outgoing-8: set socket timeout to 10800000
<2017-09-26 13:05:39> DEBUG [o.a.h.i.execchain.MainClientExec] Executing request POST /nexperience/perfectomobile/wd/hub/session/cabc1017-92e0-4ebc-8d17-fffda1c413a6/execute HTTP/1.1
<2017-09-26 13:05:39> DEBUG [o.a.h.i.execchain.MainClientExec] Target auth state: UNCHALLENGED
<2017-09-26 13:05:39> DEBUG [o.a.h.i.execchain.MainClientExec] Proxy auth state: UNCHALLENGED
<2017-09-26 13:05:39> DEBUG [org.apache.http.headers] http-outgoing-8 >> POST /nexperience/perfectomobile/wd/hub/session/cabc1017-92e0-4ebc-8d17-fffda1c413a6/execute HTTP/1.1
<2017-09-26 13:05:39> DEBUG [org.apache.http.headers] http-outgoing-8 >> Content-Type: application/json; charset=utf-8
<2017-09-26 13:05:39> DEBUG [org.apache.http.headers] http-outgoing-8 >> Content-Length: 67
<2017-09-26 13:05:39> DEBUG [org.apache.http.headers] http-outgoing-8 >> Host: branchtest.perfectomobile.com
<2017-09-26 13:05:39> DEBUG [org.apache.http.headers] http-outgoing-8 >> Connection: Keep-Alive
<2017-09-26 13:05:39> DEBUG [org.apache.http.headers] http-outgoing-8 >> User-Agent: Apache-HttpClient/4.5.2 (Java/1.8.0_121)
<2017-09-26 13:05:39> DEBUG [org.apache.http.headers] http-outgoing-8 >> Cookie: JSESSIONID=F6E28E4994D1584E597DBDFCCCB1737E; fast_failed=true; fast_failed=true; fast_failed=true
<2017-09-26 13:05:39> DEBUG [org.apache.http.headers] http-outgoing-8 >> Accept-Encoding: gzip,deflate
<2017-09-26 13:05:39> DEBUG [org.apache.http.wire] http-outgoing-8 >> "POST /nexperience/perfectomobile/wd/hub/session/cabc1017-92e0-4ebc-8d17-fffda1c413a6/execute HTTP/1.1[\r][\n]"
<2017-09-26 13:05:39> DEBUG [org.apache.http.wire] http-outgoing-8 >> "Content-Type: application/json; charset=utf-8[\r][\n]"
<2017-09-26 13:05:39> DEBUG [org.apache.http.wire] http-outgoing-8 >> "Content-Length: 67[\r][\n]"
<2017-09-26 13:05:39> DEBUG [org.apache.http.wire] http-outgoing-8 >> "Host: branchtest.perfectomobile.com[\r][\n]"
<2017-09-26 13:05:39> DEBUG [org.apache.http.wire] http-outgoing-8 >> "Connection: Keep-Alive[\r][\n]"
<2017-09-26 13:05:39> DEBUG [org.apache.http.wire] http-outgoing-8 >> "User-Agent: Apache-HttpClient/4.5.2 (Java/1.8.0_121)[\r][\n]"
<2017-09-26 13:05:39> DEBUG [org.apache.http.wire] http-outgoing-8 >> "Cookie: JSESSIONID=F6E28E4994D1584E597DBDFCCCB1737E; fast_failed=true; fast_failed=true; fast_failed=true[\r][\n]"
<2017-09-26 13:05:39> DEBUG [org.apache.http.wire] http-outgoing-8 >> "Accept-Encoding: gzip,deflate[\r][\n]"
<2017-09-26 13:05:39> DEBUG [org.apache.http.wire] http-outgoing-8 >> "[\r][\n]"
<2017-09-26 13:05:39> DEBUG [org.apache.http.wire] http-outgoing-8 >> "{"script":"mobile:step:start","args":[{"name":"Navigate to site"}]}"
<2017-09-26 13:05:39> DEBUG [org.apache.http.wire] http-outgoing-8 << "HTTP/1.1 200 OK[\r][\n]"
<2017-09-26 13:05:39> DEBUG [org.apache.http.wire] http-outgoing-8 << "Server: nginx[\r][\n]"
<2017-09-26 13:05:39> DEBUG [org.apache.http.wire] http-outgoing-8 << "Date: Tue, 26 Sep 2017 10:05:35 GMT[\r][\n]"
<2017-09-26 13:05:39> DEBUG [org.apache.http.wire] http-outgoing-8 << "Content-Type: application/json;charset=utf-8[\r][\n]"
<2017-09-26 13:05:39> DEBUG [org.apache.http.wire] http-outgoing-8 << "Transfer-Encoding: chunked[\r][\n]"
<2017-09-26 13:05:39> DEBUG [org.apache.http.wire] http-outgoing-8 << "Connection: keep-alive[\r][\n]"
<2017-09-26 13:05:39> DEBUG [org.apache.http.wire] http-outgoing-8 << "Set-Cookie: JSESSIONID=F6E28E4994D1584E597DBDFCCCB1737E; Path=/nexperience/; HttpOnly[\r][\n]"
<2017-09-26 13:05:39> DEBUG [org.apache.http.wire] http-outgoing-8 << "Expires: Thu, 01 Jan 1970 00:00:00 GMT[\r][\n]"
<2017-09-26 13:05:39> DEBUG [org.apache.http.wire] http-outgoing-8 << "Cache-Control: no-cache[\r][\n]"
<2017-09-26 13:05:39> DEBUG [org.apache.http.wire] http-outgoing-8 << "Cache-Control: no-cache[\r][\n]"
<2017-09-26 13:05:39> DEBUG [org.apache.http.wire] http-outgoing-8 << "Expires: Thu, 01 Jan 1970 00:00:00 GMT[\r][\n]"
<2017-09-26 13:05:39> DEBUG [org.apache.http.wire] http-outgoing-8 << "Set-Cookie: fast_failed=true[\r][\n]"
<2017-09-26 13:05:39> DEBUG [org.apache.http.wire] http-outgoing-8 << "X-XSS-Protection: 2; mode=block[\r][\n]"
<2017-09-26 13:05:39> DEBUG [org.apache.http.wire] http-outgoing-8 << "Content-Encoding: gzip[\r][\n]"
<2017-09-26 13:05:39> DEBUG [org.apache.http.wire] http-outgoing-8 << "[\r][\n]"
<2017-09-26 13:05:39> DEBUG [org.apache.http.wire] http-outgoing-8 << "94[\r][\n]"
<2017-09-26 13:05:39> DEBUG [org.apache.http.wire] http-outgoing-8 << "[0x1f][0x8b][0x8][0x0][0x0][0x0][0x0][0x0][0x0][0x3]-[0x8c][0xc1][0xe][0x82]0[0x10]D[0xff]e[0xcf][0xd0][0xb4]PD[0xb9]z[0xf2][0xea][0x1f],[0xdb][0xad][0x92]@[0xb],[0xf5]b[0xfc]w[0xd7][0xc4][0xe3][0xbc]y3o[0x10][0x16][0x99]r[0xba][0x5][0x18][0x80]p$g]__[0x1a][0xb6][0xb5][0xe7][0x91][0xea]s[0xd0][0x18]c[0xc][0xe8][0xc8][0xbb][0x16]OP[0x81][0x1c]x[0xb0][0xea]R[0x88]t[0xad][0xe4]y[0xcd]A[0x89][0xeb]z[0xef];[0xdb][0xb4]}[0x5]/[0x9c][0xcb]O[0xd2][0x96]fTk[0x80][0xbc]?L^9mh[0x84]gNSY[0xcc][0xce]K>[0xd8][0xdc]Y[0xd6][0x9c][0x84][0xff][0xef]Eu[0xfb][0xf9][0x2][0x87]zzh[0x9d][0x0][0x0][0x0][\r][\n]"
<2017-09-26 13:05:39> DEBUG [org.apache.http.wire] http-outgoing-8 << "0[\r][\n]"
<2017-09-26 13:05:39> DEBUG [org.apache.http.wire] http-outgoing-8 << "[\r][\n]"
<2017-09-26 13:05:39> DEBUG [org.apache.http.headers] http-outgoing-8 << HTTP/1.1 200 OK
<2017-09-26 13:05:39> DEBUG [org.apache.http.headers] http-outgoing-8 << Server: nginx
<2017-09-26 13:05:39> DEBUG [org.apache.http.headers] http-outgoing-8 << Date: Tue, 26 Sep 2017 10:05:35 GMT
<2017-09-26 13:05:39> DEBUG [org.apache.http.headers] http-outgoing-8 << Content-Type: application/json;charset=utf-8
<2017-09-26 13:05:39> DEBUG [org.apache.http.headers] http-outgoing-8 << Transfer-Encoding: chunked
<2017-09-26 13:05:39> DEBUG [org.apache.http.headers] http-outgoing-8 << Connection: keep-alive
<2017-09-26 13:05:39> DEBUG [org.apache.http.headers] http-outgoing-8 << Set-Cookie: JSESSIONID=F6E28E4994D1584E597DBDFCCCB1737E; Path=/nexperience/; HttpOnly
<2017-09-26 13:05:39> DEBUG [org.apache.http.headers] http-outgoing-8 << Expires: Thu, 01 Jan 1970 00:00:00 GMT
<2017-09-26 13:05:39> DEBUG [org.apache.http.headers] http-outgoing-8 << Cache-Control: no-cache
<2017-09-26 13:05:39> DEBUG [org.apache.http.headers] http-outgoing-8 << Cache-Control: no-cache
<2017-09-26 13:05:39> DEBUG [org.apache.http.headers] http-outgoing-8 << Expires: Thu, 01 Jan 1970 00:00:00 GMT
<2017-09-26 13:05:39> DEBUG [org.apache.http.headers] http-outgoing-8 << Set-Cookie: fast_failed=true
<2017-09-26 13:05:39> DEBUG [org.apache.http.headers] http-outgoing-8 << X-XSS-Protection: 2; mode=block
<2017-09-26 13:05:39> DEBUG [org.apache.http.headers] http-outgoing-8 << Content-Encoding: gzip
<2017-09-26 13:05:39> DEBUG [o.a.h.i.execchain.MainClientExec] Connection can be kept alive indefinitely
<2017-09-26 13:05:39> DEBUG [o.a.h.c.p.ResponseProcessCookies] Cookie accepted [JSESSIONID="F6E28E4994D1584E597DBDFCCCB1737E", version:0, domain:branchtest.perfectomobile.com, path:/nexperience/, expiry:null]
<2017-09-26 13:05:39> DEBUG [o.a.h.c.p.ResponseProcessCookies] Cookie accepted [fast_failed="true", version:0, domain:branchtest.perfectomobile.com, path:/nexperience/perfectomobile/wd/hub/session/cabc1017-92e0-4ebc-8d17-fffda1c413a6, expiry:null]
<2017-09-26 13:05:39> DEBUG [o.a.h.i.c.PoolingHttpClientConnectionManager] Connection [id: 8][route: {s}->https://branchtest.perfectomobile.com:443] can be kept alive indefinitely
<2017-09-26 13:05:39> DEBUG [o.a.h.i.c.PoolingHttpClientConnectionManager] Connection released: [id: 8][route: {s}->https://branchtest.perfectomobile.com:443][total kept alive: 1; route allocated: 3 of 2000; total allocated: 3 of 2000]
<2017-09-26 13:05:39> DEBUG [o.a.h.c.p.RequestAddCookies] CookieSpec selected: default
<2017-09-26 13:05:39> DEBUG [o.a.h.c.p.RequestAddCookies] Cookie [version: 0][name: JSESSIONID][value: F6E28E4994D1584E597DBDFCCCB1737E][domain: branchtest.perfectomobile.com][path: /nexperience/][expiry: null] match [(secure)branchtest.perfectomobile.com:443/nexperience/perfectomobile/wd/hub/session/cabc1017-92e0-4ebc-8d17-fffda1c413a6/url]
<2017-09-26 13:05:39> DEBUG [o.a.h.c.p.RequestAddCookies] Cookie [version: 0][name: fast_failed][value: true][domain: branchtest.perfectomobile.com][path: /nexperience/perfectomobile/wd/hub][expiry: null] match [(secure)branchtest.perfectomobile.com:443/nexperience/perfectomobile/wd/hub/session/cabc1017-92e0-4ebc-8d17-fffda1c413a6/url]
<2017-09-26 13:05:39> DEBUG [o.a.h.c.p.RequestAddCookies] Cookie [version: 0][name: fast_failed][value: true][domain: branchtest.perfectomobile.com][path: /nexperience/perfectomobile/wd/hub/session][expiry: null] match [(secure)branchtest.perfectomobile.com:443/nexperience/perfectomobile/wd/hub/session/cabc1017-92e0-4ebc-8d17-fffda1c413a6/url]
<2017-09-26 13:05:39> DEBUG [o.a.h.c.p.RequestAddCookies] Cookie [version: 0][name: fast_failed][value: true][domain: branchtest.perfectomobile.com][path: /nexperience/perfectomobile/wd/hub/session/cabc1017-92e0-4ebc-8d17-fffda1c413a6][expiry: null] match [(secure)branchtest.perfectomobile.com:443/nexperience/perfectomobile/wd/hub/session/cabc1017-92e0-4ebc-8d17-fffda1c413a6/url]
<2017-09-26 13:05:39> DEBUG [o.a.h.c.p.RequestAuthCache] Auth cache not set in the context
<2017-09-26 13:05:39> DEBUG [o.a.h.i.c.PoolingHttpClientConnectionManager] Connection request: [route: {s}->https://branchtest.perfectomobile.com:443][total kept alive: 1; route allocated: 3 of 2000; total allocated: 3 of 2000]
<2017-09-26 13:05:39> DEBUG [o.a.h.i.c.PoolingHttpClientConnectionManager] Connection leased: [id: 8][route: {s}->https://branchtest.perfectomobile.com:443][total kept alive: 0; route allocated: 3 of 2000; total allocated: 3 of 2000]
<2017-09-26 13:05:39> DEBUG [o.a.h.i.execchain.MainClientExec] Stale connection check
<2017-09-26 13:05:39> DEBUG [org.apache.http.wire] http-outgoing-8 << "[read] I/O error: Read timed out"
<2017-09-26 13:05:39> DEBUG [o.a.h.i.c.DefaultManagedHttpClientConnection] http-outgoing-8: set socket timeout to 10800000
<2017-09-26 13:05:39> DEBUG [o.a.h.i.execchain.MainClientExec] Executing request POST /nexperience/perfectomobile/wd/hub/session/cabc1017-92e0-4ebc-8d17-fffda1c413a6/url HTTP/1.1
<2017-09-26 13:05:39> DEBUG [o.a.h.i.execchain.MainClientExec] Target auth state: UNCHALLENGED
<2017-09-26 13:05:39> DEBUG [o.a.h.i.execchain.MainClientExec] Proxy auth state: UNCHALLENGED
<2017-09-26 13:05:39> DEBUG [org.apache.http.headers] http-outgoing-8 >> POST /nexperience/perfectomobile/wd/hub/session/cabc1017-92e0-4ebc-8d17-fffda1c413a6/url HTTP/1.1
<2017-09-26 13:05:39> DEBUG [org.apache.http.headers] http-outgoing-8 >> Content-Type: application/json; charset=utf-8
<2017-09-26 13:05:39> DEBUG [org.apache.http.headers] http-outgoing-8 >> Content-Length: 61
<2017-09-26 13:05:39> DEBUG [org.apache.http.headers] http-outgoing-8 >> Host: branchtest.perfectomobile.com
<2017-09-26 13:05:39> DEBUG [org.apache.http.headers] http-outgoing-8 >> Connection: Keep-Alive
<2017-09-26 13:05:39> DEBUG [org.apache.http.headers] http-outgoing-8 >> User-Agent: Apache-HttpClient/4.5.2 (Java/1.8.0_121)
<2017-09-26 13:05:39> DEBUG [org.apache.http.headers] http-outgoing-8 >> Cookie: JSESSIONID=F6E28E4994D1584E597DBDFCCCB1737E; fast_failed=true; fast_failed=true; fast_failed=true
<2017-09-26 13:05:39> DEBUG [org.apache.http.headers] http-outgoing-8 >> Accept-Encoding: gzip,deflate
<2017-09-26 13:05:39> DEBUG [org.apache.http.wire] http-outgoing-8 >> "POST /nexperience/perfectomobile/wd/hub/session/cabc1017-92e0-4ebc-8d17-fffda1c413a6/url HTTP/1.1[\r][\n]"
<2017-09-26 13:05:39> DEBUG [org.apache.http.wire] http-outgoing-8 >> "Content-Type: application/json; charset=utf-8[\r][\n]"
<2017-09-26 13:05:39> DEBUG [org.apache.http.wire] http-outgoing-8 >> "Content-Length: 61[\r][\n]"
<2017-09-26 13:05:39> DEBUG [org.apache.http.wire] http-outgoing-8 >> "Host: branchtest.perfectomobile.com[\r][\n]"
<2017-09-26 13:05:39> DEBUG [org.apache.http.wire] http-outgoing-8 >> "Connection: Keep-Alive[\r][\n]"
<2017-09-26 13:05:39> DEBUG [org.apache.http.wire] http-outgoing-8 >> "User-Agent: Apache-HttpClient/4.5.2 (Java/1.8.0_121)[\r][\n]"
<2017-09-26 13:05:39> DEBUG [org.apache.http.wire] http-outgoing-8 >> "Cookie: JSESSIONID=F6E28E4994D1584E597DBDFCCCB1737E; fast_failed=true; fast_failed=true; fast_failed=true[\r][\n]"
<2017-09-26 13:05:39> DEBUG [org.apache.http.wire] http-outgoing-8 >> "Accept-Encoding: gzip,deflate[\r][\n]"
<2017-09-26 13:05:39> DEBUG [org.apache.http.wire] http-outgoing-8 >> "[\r][\n]"
<2017-09-26 13:05:39> DEBUG [org.apache.http.wire] http-outgoing-8 >> "{"url":"http://way2automation.com/way2auto_jquery/index.php"}"
<2017-09-26 13:05:39> DEBUG [org.apache.http.wire] http-outgoing-6 << "HTTP/1.1 200 OK[\r][\n]"
<2017-09-26 13:05:39> DEBUG [org.apache.http.wire] http-outgoing-6 << "Server: nginx[\r][\n]"
<2017-09-26 13:05:39> DEBUG [org.apache.http.wire] http-outgoing-6 << "Date: Tue, 26 Sep 2017 10:05:35 GMT[\r][\n]"
<2017-09-26 13:05:39> DEBUG [org.apache.http.wire] http-outgoing-6 << "Content-Type: application/json;charset=utf-8[\r][\n]"
<2017-09-26 13:05:39> DEBUG [org.apache.http.wire] http-outgoing-6 << "Transfer-Encoding: chunked[\r][\n]"
<2017-09-26 13:05:39> DEBUG [org.apache.http.wire] http-outgoing-6 << "Connection: keep-alive[\r][\n]"
<2017-09-26 13:05:39> DEBUG [org.apache.http.wire] http-outgoing-6 << "Set-Cookie: JSESSIONID=F6E28E4994D1584E597DBDFCCCB1737E; Path=/nexperience/; HttpOnly[\r][\n]"
<2017-09-26 13:05:39> DEBUG [org.apache.http.wire] http-outgoing-6 << "Expires: Thu, 01 Jan 1970 00:00:00 GMT[\r][\n]"
<2017-09-26 13:05:39> DEBUG [org.apache.http.wire] http-outgoing-6 << "Cache-Control: no-cache[\r][\n]"
<2017-09-26 13:05:39> DEBUG [org.apache.http.wire] http-outgoing-6 << "Cache-Control: no-cache[\r][\n]"
<2017-09-26 13:05:39> DEBUG [org.apache.http.wire] http-outgoing-6 << "Expires: Thu, 01 Jan 1970 00:00:00 GMT[\r][\n]"
<2017-09-26 13:05:39> DEBUG [org.apache.http.wire] http-outgoing-6 << "Set-Cookie: fast_failed=true[\r][\n]"
<2017-09-26 13:05:39> DEBUG [org.apache.http.wire] http-outgoing-6 << "X-XSS-Protection: 2; mode=block[\r][\n]"
<2017-09-26 13:05:39> DEBUG [org.apache.http.wire] http-outgoing-6 << "Content-Encoding: gzip[\r][\n]"
<2017-09-26 13:05:39> DEBUG [org.apache.http.wire] http-outgoing-6 << "[\r][\n]"
<2017-09-26 13:05:39> DEBUG [org.apache.http.wire] http-outgoing-6 << "96[\r][\n]"
<2017-09-26 13:05:39> DEBUG [org.apache.http.wire] http-outgoing-6 << "[0x1f][0x8b][0x8][0x0][0x0][0x0][0x0][0x0][0x0][0x3]-[0xcc]1[0x12][0x82]0[0x10][0x85][0xe1][0xbb]lM2[0x4]![0x9][0xb4]V[0xb6][0xde] ,[0xab]2[0x13][0x12]`[0x13][0x1b][0xc7][0xbb][0xbb][0x85][0xed]?[0xdf]{[0x1f]`b^s[0xba]-0A;[0xcf][0x3]bx([0xb7]P[0xaf]z[0xeb];5[0x92]E[0x85][0x83][0xef][\r][0xd1][0x80]68h[0x80]K($[0x9c]+[0xa2][0xac][0xa5][0xbc][0xae]y[0x91]b[0xdc][0xe8]]g[0xbd][0xb9]4[0xf0][0xe][0xb1]JJ5[0xc6][0x6]0[0x6]q[0x13][0xe4][0xf3][0xa9][0xf3]N[0xe9][0x8][0x9a])RZ[0xeb][0xa6]O[0xda]r!}'[0xde]sb[0xfa][0xff]W[0xe1][0xed][0xf7][0x7][0x80][0x8b][\r][0xdb][0x9f][0x0][0x0][0x0][\r][\n]"
<2017-09-26 13:05:39> DEBUG [org.apache.http.wire] http-outgoing-6 << "0[\r][\n]"
<2017-09-26 13:05:39> DEBUG [org.apache.http.wire] http-outgoing-6 << "[\r][\n]"
<2017-09-26 13:05:39> DEBUG [org.apache.http.headers] http-outgoing-6 << HTTP/1.1 200 OK
<2017-09-26 13:05:39> DEBUG [org.apache.http.headers] http-outgoing-6 << Server: nginx
<2017-09-26 13:05:39> DEBUG [org.apache.http.headers] http-outgoing-6 << Date: Tue, 26 Sep 2017 10:05:35 GMT
<2017-09-26 13:05:39> DEBUG [org.apache.http.headers] http-outgoing-6 << Content-Type: application/json;charset=utf-8
<2017-09-26 13:05:39> DEBUG [org.apache.http.headers] http-outgoing-6 << Transfer-Encoding: chunked
<2017-09-26 13:05:39> DEBUG [org.apache.http.headers] http-outgoing-6 << Connection: keep-alive
<2017-09-26 13:05:39> DEBUG [org.apache.http.headers] http-outgoing-6 << Set-Cookie: JSESSIONID=F6E28E4994D1584E597DBDFCCCB1737E; Path=/nexperience/; HttpOnly
<2017-09-26 13:05:39> DEBUG [org.apache.http.headers] http-outgoing-6 << Expires: Thu, 01 Jan 1970 00:00:00 GMT
<2017-09-26 13:05:39> DEBUG [org.apache.http.headers] http-outgoing-6 << Cache-Control: no-cache
<2017-09-26 13:05:39> DEBUG [org.apache.http.headers] http-outgoing-6 << Cache-Control: no-cache
<2017-09-26 13:05:39> DEBUG [org.apache.http.headers] http-outgoing-6 << Expires: Thu, 01 Jan 1970 00:00:00 GMT
<2017-09-26 13:05:39> DEBUG [org.apache.http.headers] http-outgoing-6 << Set-Cookie: fast_failed=true
<2017-09-26 13:05:39> DEBUG [org.apache.http.headers] http-outgoing-6 << X-XSS-Protection: 2; mode=block
<2017-09-26 13:05:39> DEBUG [org.apache.http.headers] http-outgoing-6 << Content-Encoding: gzip
<2017-09-26 13:05:39> DEBUG [o.a.h.i.execchain.MainClientExec] Connection can be kept alive indefinitely
<2017-09-26 13:05:39> DEBUG [o.a.h.c.p.ResponseProcessCookies] Cookie accepted [JSESSIONID="F6E28E4994D1584E597DBDFCCCB1737E", version:0, domain:branchtest.perfectomobile.com, path:/nexperience/, expiry:null]
<2017-09-26 13:05:39> DEBUG [o.a.h.c.p.ResponseProcessCookies] Cookie accepted [fast_failed="true", version:0, domain:branchtest.perfectomobile.com, path:/nexperience/perfectomobile/wd/hub/session/0bb5ccaf-7de4-4682-9e6c-c5841ee5c6a7, expiry:null]
<2017-09-26 13:05:39> DEBUG [o.a.h.i.c.PoolingHttpClientConnectionManager] Connection [id: 6][route: {s}->https://branchtest.perfectomobile.com:443] can be kept alive indefinitely
<2017-09-26 13:05:39> DEBUG [o.a.h.i.c.PoolingHttpClientConnectionManager] Connection released: [id: 6][route: {s}->https://branchtest.perfectomobile.com:443][total kept alive: 1; route allocated: 3 of 2000; total allocated: 3 of 2000]
<2017-09-26 13:05:39> DEBUG [org.apache.http.wire] http-outgoing-5 << "HTTP/1.1 200 OK[\r][\n]"
<2017-09-26 13:05:39> DEBUG [org.apache.http.wire] http-outgoing-5 << "Server: nginx[\r][\n]"
<2017-09-26 13:05:39> DEBUG [org.apache.http.wire] http-outgoing-5 << "Date: Tue, 26 Sep 2017 10:05:36 GMT[\r][\n]"
<2017-09-26 13:05:39> DEBUG [org.apache.http.wire] http-outgoing-5 << "Content-Type: application/json;charset=utf-8[\r][\n]"
<2017-09-26 13:05:39> DEBUG [org.apache.http.wire] http-outgoing-5 << "Transfer-Encoding: chunked[\r][\n]"
<2017-09-26 13:05:39> DEBUG [org.apache.http.wire] http-outgoing-5 << "Connection: keep-alive[\r][\n]"
<2017-09-26 13:05:39> DEBUG [org.apache.http.wire] http-outgoing-5 << "Set-Cookie: JSESSIONID=F6E28E4994D1584E597DBDFCCCB1737E; Path=/nexperience/; HttpOnly[\r][\n]"
<2017-09-26 13:05:39> DEBUG [org.apache.http.wire] http-outgoing-5 << "Expires: Thu, 01 Jan 1970 00:00:00 GMT[\r][\n]"
<2017-09-26 13:05:39> DEBUG [org.apache.http.wire] http-outgoing-5 << "Cache-Control: no-cache[\r][\n]"
<2017-09-26 13:05:39> DEBUG [org.apache.http.wire] http-outgoing-5 << "Cache-Control: no-cache[\r][\n]"
<2017-09-26 13:05:39> DEBUG [org.apache.http.wire] http-outgoing-5 << "Expires: Thu, 01 Jan 1970 00:00:00 GMT[\r][\n]"
<2017-09-26 13:05:39> DEBUG [org.apache.http.wire] http-outgoing-5 << "Set-Cookie: fast_failed=true[\r][\n]"
<2017-09-26 13:05:39> DEBUG [org.apache.http.wire] http-outgoing-5 << "X-XSS-Protection: 2; mode=block[\r][\n]"
<2017-09-26 13:05:39> DEBUG [org.apache.http.wire] http-outgoing-5 << "Content-Encoding: gzip[\r][\n]"
<2017-09-26 13:05:39> DEBUG [org.apache.http.wire] http-outgoing-5 << "[\r][\n]"
<2017-09-26 13:05:39> DEBUG [org.apache.http.wire] http-outgoing-5 << "97[\r][\n]"
<2017-09-26 13:05:39> DEBUG [org.apache.http.wire] http-outgoing-5 << "[0x1f][0x8b][0x8][0x0][0x0][0x0][0x0][0x0][0x0][0x3]-[0xcc]1[0x12][0x82]0[0x10][0x85][0xe1][0xbb]lM2[0x84][\r][0x11]h[0xad]l[0xbd]A[0xc][0x8b]2[0x13][0x12]`[0x13][0x1b][0xc7][0xbb][0xbb][0x85][0xed]?[0xdf]{[0x1f]`b^s[0xba][0xcd]0A[0xd7][0xe1][0xd2][0xa1][0xb3]*[0xa0]Ce[0x17][0xf3]P[0xe3][0xe2]Q[0x85]~[0xc4]q03[0x9a]`[0xa1][0x1].[0xbe][0x90]p[0xae]![0xc8]Z[0xca][0xeb][0x9a]g)[0xc6]^pp[0xa6]wm[0x3]o[0x1f][0xab][0xa4]Tcl D/n[0x82]|>u[0xde])[0x1d]^3EJk[0xdd][0xf4]I[.[0xa4][0xef][0xc4]{NL[0xff][0xff]*[0xbc][0xfd][0xfe][0x0](sS[0x1][0x9f][0x0][0x0][0x0][\r][\n]"
<2017-09-26 13:05:39> DEBUG [org.apache.http.wire] http-outgoing-5 << "0[\r][\n]"
<2017-09-26 13:05:39> DEBUG [org.apache.http.wire] http-outgoing-5 << "[\r][\n]"
<2017-09-26 13:05:39> DEBUG [org.apache.http.headers] http-outgoing-5 << HTTP/1.1 200 OK
<2017-09-26 13:05:39> DEBUG [org.apache.http.headers] http-outgoing-5 << Server: nginx
<2017-09-26 13:05:39> DEBUG [org.apache.http.headers] http-outgoing-5 << Date: Tue, 26 Sep 2017 10:05:36 GMT
<2017-09-26 13:05:39> DEBUG [org.apache.http.headers] http-outgoing-5 << Content-Type: application/json;charset=utf-8
<2017-09-26 13:05:39> DEBUG [org.apache.http.headers] http-outgoing-5 << Transfer-Encoding: chunked
<2017-09-26 13:05:39> DEBUG [org.apache.http.headers] http-outgoing-5 << Connection: keep-alive
<2017-09-26 13:05:39> DEBUG [org.apache.http.headers] http-outgoing-5 << Set-Cookie: JSESSIONID=F6E28E4994D1584E597DBDFCCCB1737E; Path=/nexperience/; HttpOnly
<2017-09-26 13:05:39> DEBUG [org.apache.http.headers] http-outgoing-5 << Expires: Thu, 01 Jan 1970 00:00:00 GMT
<2017-09-26 13:05:39> DEBUG [org.apache.http.headers] http-outgoing-5 << Cache-Control: no-cache
<2017-09-26 13:05:39> DEBUG [org.apache.http.headers] http-outgoing-5 << Cache-Control: no-cache
<2017-09-26 13:05:39> DEBUG [org.apache.http.headers] http-outgoing-5 << Expires: Thu, 01 Jan 1970 00:00:00 GMT
<2017-09-26 13:05:39> DEBUG [org.apache.http.headers] http-outgoing-5 << Set-Cookie: fast_failed=true
<2017-09-26 13:05:39> DEBUG [org.apache.http.headers] http-outgoing-5 << X-XSS-Protection: 2; mode=block
<2017-09-26 13:05:39> DEBUG [org.apache.http.headers] http-outgoing-5 << Content-Encoding: gzip
<2017-09-26 13:05:39> DEBUG [o.a.h.i.execchain.MainClientExec] Connection can be kept alive indefinitely
<2017-09-26 13:05:39> DEBUG [o.a.h.c.p.ResponseProcessCookies] Cookie accepted [JSESSIONID="F6E28E4994D1584E597DBDFCCCB1737E", version:0, domain:branchtest.perfectomobile.com, path:/nexperience/, expiry:null]
<2017-09-26 13:05:39> DEBUG [o.a.h.c.p.ResponseProcessCookies] Cookie accepted [fast_failed="true", version:0, domain:branchtest.perfectomobile.com, path:/nexperience/perfectomobile/wd/hub/session/223f2364-c363-4f1b-9fa3-c593981d31c4/element/0, expiry:null]
<2017-09-26 13:05:39> DEBUG [o.a.h.i.c.PoolingHttpClientConnectionManager] Connection [id: 5][route: {s}->https://branchtest.perfectomobile.com:443] can be kept alive indefinitely
<2017-09-26 13:05:39> DEBUG [o.a.h.i.c.PoolingHttpClientConnectionManager] Connection released: [id: 5][route: {s}->https://branchtest.perfectomobile.com:443][total kept alive: 2; route allocated: 3 of 2000; total allocated: 3 of 2000]
<2017-09-26 13:05:39> DEBUG [o.a.h.c.p.RequestAddCookies] CookieSpec selected: default
<2017-09-26 13:05:39> DEBUG [o.a.h.c.p.RequestAddCookies] Cookie [version: 0][name: JSESSIONID][value: F6E28E4994D1584E597DBDFCCCB1737E][domain: branchtest.perfectomobile.com][path: /nexperience/][expiry: null] match [(secure)branchtest.perfectomobile.com:443/nexperience/perfectomobile/wd/hub/session/223f2364-c363-4f1b-9fa3-c593981d31c4/element/0/submit]
<2017-09-26 13:05:39> DEBUG [o.a.h.c.p.RequestAddCookies] Cookie [version: 0][name: fast_failed][value: true][domain: branchtest.perfectomobile.com][path: /nexperience/perfectomobile/wd/hub][expiry: null] match [(secure)branchtest.perfectomobile.com:443/nexperience/perfectomobile/wd/hub/session/223f2364-c363-4f1b-9fa3-c593981d31c4/element/0/submit]
<2017-09-26 13:05:39> DEBUG [o.a.h.c.p.RequestAddCookies] Cookie [version: 0][name: fast_failed][value: true][domain: branchtest.perfectomobile.com][path: /nexperience/perfectomobile/wd/hub/session][expiry: null] match [(secure)branchtest.perfectomobile.com:443/nexperience/perfectomobile/wd/hub/session/223f2364-c363-4f1b-9fa3-c593981d31c4/element/0/submit]
<2017-09-26 13:05:39> DEBUG [o.a.h.c.p.RequestAddCookies] Cookie [version: 0][name: fast_failed][value: true][domain: branchtest.perfectomobile.com][path: /nexperience/perfectomobile/wd/hub/session/223f2364-c363-4f1b-9fa3-c593981d31c4][expiry: null] match [(secure)branchtest.perfectomobile.com:443/nexperience/perfectomobile/wd/hub/session/223f2364-c363-4f1b-9fa3-c593981d31c4/element/0/submit]
<2017-09-26 13:05:39> DEBUG [o.a.h.c.p.RequestAddCookies] Cookie [version: 0][name: fast_failed][value: true][domain: branchtest.perfectomobile.com][path: /nexperience/perfectomobile/wd/hub/session/223f2364-c363-4f1b-9fa3-c593981d31c4/element/0][expiry: null] match [(secure)branchtest.perfectomobile.com:443/nexperience/perfectomobile/wd/hub/session/223f2364-c363-4f1b-9fa3-c593981d31c4/element/0/submit]
<2017-09-26 13:05:39> DEBUG [o.a.h.c.p.RequestAuthCache] Auth cache not set in the context
<2017-09-26 13:05:39> DEBUG [o.a.h.i.c.PoolingHttpClientConnectionManager] Connection request: [route: {s}->https://branchtest.perfectomobile.com:443][total kept alive: 2; route allocated: 3 of 2000; total allocated: 3 of 2000]
<2017-09-26 13:05:39> DEBUG [o.a.h.i.c.PoolingHttpClientConnectionManager] Connection leased: [id: 5][route: {s}->https://branchtest.perfectomobile.com:443][total kept alive: 1; route allocated: 3 of 2000; total allocated: 3 of 2000]
<2017-09-26 13:05:39> DEBUG [o.a.h.i.execchain.MainClientExec] Stale connection check
<2017-09-26 13:05:39> DEBUG [org.apache.http.wire] http-outgoing-5 << "[read] I/O error: Read timed out"
<2017-09-26 13:05:39> DEBUG [o.a.h.i.c.DefaultManagedHttpClientConnection] http-outgoing-5: set socket timeout to 10800000
<2017-09-26 13:05:39> DEBUG [o.a.h.i.execchain.MainClientExec] Executing request POST /nexperience/perfectomobile/wd/hub/session/223f2364-c363-4f1b-9fa3-c593981d31c4/element/0/submit HTTP/1.1
<2017-09-26 13:05:39> DEBUG [o.a.h.i.execchain.MainClientExec] Target auth state: UNCHALLENGED
<2017-09-26 13:05:39> DEBUG [o.a.h.i.execchain.MainClientExec] Proxy auth state: UNCHALLENGED
<2017-09-26 13:05:39> DEBUG [org.apache.http.headers] http-outgoing-5 >> POST /nexperience/perfectomobile/wd/hub/session/223f2364-c363-4f1b-9fa3-c593981d31c4/element/0/submit HTTP/1.1
<2017-09-26 13:05:39> DEBUG [org.apache.http.headers] http-outgoing-5 >> Content-Type: application/json; charset=utf-8
<2017-09-26 13:05:39> DEBUG [org.apache.http.headers] http-outgoing-5 >> Content-Length: 10
<2017-09-26 13:05:39> DEBUG [org.apache.http.headers] http-outgoing-5 >> Host: branchtest.perfectomobile.com
<2017-09-26 13:05:39> DEBUG [org.apache.http.headers] http-outgoing-5 >> Connection: Keep-Alive
<2017-09-26 13:05:39> DEBUG [org.apache.http.headers] http-outgoing-5 >> User-Agent: Apache-HttpClient/4.5.2 (Java/1.8.0_121)
<2017-09-26 13:05:39> DEBUG [org.apache.http.headers] http-outgoing-5 >> Cookie: JSESSIONID=F6E28E4994D1584E597DBDFCCCB1737E; fast_failed=true; fast_failed=true; fast_failed=true; fast_failed=true
<2017-09-26 13:05:39> DEBUG [org.apache.http.headers] http-outgoing-5 >> Accept-Encoding: gzip,deflate
<2017-09-26 13:05:39> DEBUG [org.apache.http.wire] http-outgoing-5 >> "POST /nexperience/perfectomobile/wd/hub/session/223f2364-c363-4f1b-9fa3-c593981d31c4/element/0/submit HTTP/1.1[\r][\n]"
<2017-09-26 13:05:39> DEBUG [org.apache.http.wire] http-outgoing-5 >> "Content-Type: application/json; charset=utf-8[\r][\n]"
<2017-09-26 13:05:39> DEBUG [org.apache.http.wire] http-outgoing-5 >> "Content-Length: 10[\r][\n]"
<2017-09-26 13:05:39> DEBUG [org.apache.http.wire] http-outgoing-5 >> "Host: branchtest.perfectomobile.com[\r][\n]"
<2017-09-26 13:05:39> DEBUG [org.apache.http.wire] http-outgoing-5 >> "Connection: Keep-Alive[\r][\n]"
<2017-09-26 13:05:39> DEBUG [org.apache.http.wire] http-outgoing-5 >> "User-Agent: Apache-HttpClient/4.5.2 (Java/1.8.0_121)[\r][\n]"
<2017-09-26 13:05:39> DEBUG [org.apache.http.wire] http-outgoing-5 >> "Cookie: JSESSIONID=F6E28E4994D1584E597DBDFCCCB1737E; fast_failed=true; fast_failed=true; fast_failed=true; fast_failed=true[\r][\n]"
<2017-09-26 13:05:39> DEBUG [org.apache.http.wire] http-outgoing-5 >> "Accept-Encoding: gzip,deflate[\r][\n]"
<2017-09-26 13:05:39> DEBUG [org.apache.http.wire] http-outgoing-5 >> "[\r][\n]"
<2017-09-26 13:05:39> DEBUG [org.apache.http.wire] http-outgoing-5 >> "{"id":"0"}"
<2017-09-26 13:05:43> DEBUG [org.apache.http.wire] http-outgoing-5 << "HTTP/1.1 200 OK[\r][\n]"
<2017-09-26 13:05:43> DEBUG [org.apache.http.wire] http-outgoing-5 << "Server: nginx[\r][\n]"
<2017-09-26 13:05:43> DEBUG [org.apache.http.wire] http-outgoing-5 << "Date: Tue, 26 Sep 2017 10:05:40 GMT[\r][\n]"
<2017-09-26 13:05:43> DEBUG [org.apache.http.wire] http-outgoing-5 << "Content-Type: application/json;charset=utf-8[\r][\n]"
<2017-09-26 13:05:43> DEBUG [org.apache.http.wire] http-outgoing-5 << "Transfer-Encoding: chunked[\r][\n]"
<2017-09-26 13:05:43> DEBUG [org.apache.http.wire] http-outgoing-5 << "Connection: keep-alive[\r][\n]"
<2017-09-26 13:05:43> DEBUG [org.apache.http.wire] http-outgoing-5 << "Set-Cookie: JSESSIONID=F6E28E4994D1584E597DBDFCCCB1737E; Path=/nexperience/; HttpOnly[\r][\n]"
<2017-09-26 13:05:43> DEBUG [org.apache.http.wire] http-outgoing-5 << "Expires: Thu, 01 Jan 1970 00:00:00 GMT[\r][\n]"
<2017-09-26 13:05:43> DEBUG [org.apache.http.wire] http-outgoing-5 << "Cache-Control: no-cache[\r][\n]"
<2017-09-26 13:05:43> DEBUG [org.apache.http.wire] http-outgoing-5 << "Cache-Control: no-cache[\r][\n]"
<2017-09-26 13:05:43> DEBUG [org.apache.http.wire] http-outgoing-5 << "Expires: Thu, 01 Jan 1970 00:00:00 GMT[\r][\n]"
<2017-09-26 13:05:43> DEBUG [org.apache.http.wire] http-outgoing-5 << "Set-Cookie: fast_failed=true[\r][\n]"
<2017-09-26 13:05:43> DEBUG [org.apache.http.wire] http-outgoing-5 << "X-XSS-Protection: 2; mode=block[\r][\n]"
<2017-09-26 13:05:43> DEBUG [org.apache.http.wire] http-outgoing-5 << "Content-Encoding: gzip[\r][\n]"
<2017-09-26 13:05:43> DEBUG [org.apache.http.wire] http-outgoing-5 << "[\r][\n]"
<2017-09-26 13:05:43> DEBUG [org.apache.http.wire] http-outgoing-5 << "96[\r][\n]"
<2017-09-26 13:05:43> DEBUG [org.apache.http.wire] http-outgoing-5 << "[0x1f][0x8b][0x8][0x0][0x0][0x0][0x0][0x0][0x0][0x3]-[0xcc]1[0x12][0xc2] [0x10][0x85][0xe1][0xbb]l[0x1d][0x98][0x90]%LHke[0xeb][\r][0x90],[0x9a][0x19][0x2]1[0x1b]l[0x1c][0xef][0xee][0x16][0xb6][0xff]|[0xef]}[0x80][0x89]y[0xad][0xe5][0xba][0xc0][0xc][0xc3][0x80]i@gUD[0x87][0xca]&sW>[0x5]Tq[0xf4][0xe8]'[0xb3][0xa0][0x89][0x16]:[0xe0]3[0x9c]$[0x9c][[0x8c][0xb2][0x96][0xf2][0xbc][0xd4]E[0xca][0xe8]'g[0x8d][0xef][0xa7][0xe][0xde]!7)[0xa5][0xe5][0xdc]A[0xcc]A[0xd8][0xc][0xf5]x[0xe8][0xba]Sy[0x5][0xcd][0x94][0xa9][0xac]m[0xd3][0x7]m[0xf5]$}#[0xde]ka[0xfa][0xdf]7[0xe1][0xfd][0xf7][0x7][0xc9][0xf5][0xd2]m[0x9e][0x0][0x0][0x0][\r][\n]"
<2017-09-26 13:05:43> DEBUG [org.apache.http.wire] http-outgoing-5 << "0[\r][\n]"
<2017-09-26 13:05:43> DEBUG [org.apache.http.wire] http-outgoing-5 << "[\r][\n]"
<2017-09-26 13:05:43> DEBUG [org.apache.http.headers] http-outgoing-5 << HTTP/1.1 200 OK
<2017-09-26 13:05:43> DEBUG [org.apache.http.headers] http-outgoing-5 << Server: nginx
<2017-09-26 13:05:43> DEBUG [org.apache.http.headers] http-outgoing-5 << Date: Tue, 26 Sep 2017 10:05:40 GMT
<2017-09-26 13:05:43> DEBUG [org.apache.http.headers] http-outgoing-5 << Content-Type: application/json;charset=utf-8
<2017-09-26 13:05:43> DEBUG [org.apache.http.headers] http-outgoing-5 << Transfer-Encoding: chunked
<2017-09-26 13:05:43> DEBUG [org.apache.http.headers] http-outgoing-5 << Connection: keep-alive
<2017-09-26 13:05:43> DEBUG [org.apache.http.headers] http-outgoing-5 << Set-Cookie: JSESSIONID=F6E28E4994D1584E597DBDFCCCB1737E; Path=/nexperience/; HttpOnly
<2017-09-26 13:05:43> DEBUG [org.apache.http.headers] http-outgoing-5 << Expires: Thu, 01 Jan 1970 00:00:00 GMT
<2017-09-26 13:05:43> DEBUG [org.apache.http.headers] http-outgoing-5 << Cache-Control: no-cache
<2017-09-26 13:05:43> DEBUG [org.apache.http.headers] http-outgoing-5 << Cache-Control: no-cache
<2017-09-26 13:05:43> DEBUG [org.apache.http.headers] http-outgoing-5 << Expires: Thu, 01 Jan 1970 00:00:00 GMT
<2017-09-26 13:05:43> DEBUG [org.apache.http.headers] http-outgoing-5 << Set-Cookie: fast_failed=true
<2017-09-26 13:05:43> DEBUG [org.apache.http.headers] http-outgoing-5 << X-XSS-Protection: 2; mode=block
<2017-09-26 13:05:43> DEBUG [org.apache.http.headers] http-outgoing-5 << Content-Encoding: gzip
<2017-09-26 13:05:43> DEBUG [o.a.h.i.execchain.MainClientExec] Connection can be kept alive indefinitely
<2017-09-26 13:05:43> DEBUG [o.a.h.c.p.ResponseProcessCookies] Cookie accepted [JSESSIONID="F6E28E4994D1584E597DBDFCCCB1737E", version:0, domain:branchtest.perfectomobile.com, path:/nexperience/, expiry:null]
<2017-09-26 13:05:43> DEBUG [o.a.h.c.p.ResponseProcessCookies] Cookie accepted [fast_failed="true", version:0, domain:branchtest.perfectomobile.com, path:/nexperience/perfectomobile/wd/hub/session/223f2364-c363-4f1b-9fa3-c593981d31c4/element/0, expiry:null]
<2017-09-26 13:05:43> DEBUG [o.a.h.i.c.PoolingHttpClientConnectionManager] Connection [id: 5][route: {s}->https://branchtest.perfectomobile.com:443] can be kept alive indefinitely
<2017-09-26 13:05:43> DEBUG [o.a.h.i.c.PoolingHttpClientConnectionManager] Connection released: [id: 5][route: {s}->https://branchtest.perfectomobile.com:443][total kept alive: 2; route allocated: 3 of 2000; total allocated: 3 of 2000]
<2017-09-26 13:05:43> DEBUG [o.a.h.c.p.RequestAddCookies] CookieSpec selected: default
<2017-09-26 13:05:43> DEBUG [o.a.h.c.p.RequestAddCookies] Cookie [version: 0][name: JSESSIONID][value: F6E28E4994D1584E597DBDFCCCB1737E][domain: branchtest.perfectomobile.com][path: /nexperience/][expiry: null] match [(secure)branchtest.perfectomobile.com:443/nexperience/perfectomobile/wd/hub/session/223f2364-c363-4f1b-9fa3-c593981d31c4/title]
<2017-09-26 13:05:43> DEBUG [o.a.h.c.p.RequestAddCookies] Cookie [version: 0][name: fast_failed][value: true][domain: branchtest.perfectomobile.com][path: /nexperience/perfectomobile/wd/hub][expiry: null] match [(secure)branchtest.perfectomobile.com:443/nexperience/perfectomobile/wd/hub/session/223f2364-c363-4f1b-9fa3-c593981d31c4/title]
<2017-09-26 13:05:43> DEBUG [o.a.h.c.p.RequestAddCookies] Cookie [version: 0][name: fast_failed][value: true][domain: branchtest.perfectomobile.com][path: /nexperience/perfectomobile/wd/hub/session][expiry: null] match [(secure)branchtest.perfectomobile.com:443/nexperience/perfectomobile/wd/hub/session/223f2364-c363-4f1b-9fa3-c593981d31c4/title]
<2017-09-26 13:05:43> DEBUG [o.a.h.c.p.RequestAddCookies] Cookie [version: 0][name: fast_failed][value: true][domain: branchtest.perfectomobile.com][path: /nexperience/perfectomobile/wd/hub/session/223f2364-c363-4f1b-9fa3-c593981d31c4][expiry: null] match [(secure)branchtest.perfectomobile.com:443/nexperience/perfectomobile/wd/hub/session/223f2364-c363-4f1b-9fa3-c593981d31c4/title]
<2017-09-26 13:05:43> DEBUG [o.a.h.c.p.RequestAuthCache] Auth cache not set in the context
<2017-09-26 13:05:43> DEBUG [o.a.h.i.c.PoolingHttpClientConnectionManager] Connection request: [route: {s}->https://branchtest.perfectomobile.com:443][total kept alive: 2; route allocated: 3 of 2000; total allocated: 3 of 2000]
<2017-09-26 13:05:43> DEBUG [o.a.h.i.c.PoolingHttpClientConnectionManager] Connection leased: [id: 5][route: {s}->https://branchtest.perfectomobile.com:443][total kept alive: 1; route allocated: 3 of 2000; total allocated: 3 of 2000]
<2017-09-26 13:05:43> DEBUG [o.a.h.i.execchain.MainClientExec] Stale connection check
<2017-09-26 13:05:43> DEBUG [org.apache.http.wire] http-outgoing-5 << "[read] I/O error: Read timed out"
<2017-09-26 13:05:43> DEBUG [o.a.h.i.c.DefaultManagedHttpClientConnection] http-outgoing-5: set socket timeout to 10800000
<2017-09-26 13:05:43> DEBUG [o.a.h.i.execchain.MainClientExec] Executing request GET /nexperience/perfectomobile/wd/hub/session/223f2364-c363-4f1b-9fa3-c593981d31c4/title HTTP/1.1
<2017-09-26 13:05:43> DEBUG [o.a.h.i.execchain.MainClientExec] Target auth state: UNCHALLENGED
<2017-09-26 13:05:43> DEBUG [o.a.h.i.execchain.MainClientExec] Proxy auth state: UNCHALLENGED
<2017-09-26 13:05:43> DEBUG [org.apache.http.headers] http-outgoing-5 >> GET /nexperience/perfectomobile/wd/hub/session/223f2364-c363-4f1b-9fa3-c593981d31c4/title HTTP/1.1
<2017-09-26 13:05:43> DEBUG [org.apache.http.headers] http-outgoing-5 >> Cache-Control: no-cache
<2017-09-26 13:05:43> DEBUG [org.apache.http.headers] http-outgoing-5 >> Host: branchtest.perfectomobile.com
<2017-09-26 13:05:43> DEBUG [org.apache.http.headers] http-outgoing-5 >> Connection: Keep-Alive
<2017-09-26 13:05:43> DEBUG [org.apache.http.headers] http-outgoing-5 >> User-Agent: Apache-HttpClient/4.5.2 (Java/1.8.0_121)
<2017-09-26 13:05:43> DEBUG [org.apache.http.headers] http-outgoing-5 >> Cookie: JSESSIONID=F6E28E4994D1584E597DBDFCCCB1737E; fast_failed=true; fast_failed=true; fast_failed=true
<2017-09-26 13:05:43> DEBUG [org.apache.http.headers] http-outgoing-5 >> Accept-Encoding: gzip,deflate
<2017-09-26 13:05:43> DEBUG [org.apache.http.wire] http-outgoing-5 >> "GET /nexperience/perfectomobile/wd/hub/session/223f2364-c363-4f1b-9fa3-c593981d31c4/title HTTP/1.1[\r][\n]"
<2017-09-26 13:05:43> DEBUG [org.apache.http.wire] http-outgoing-5 >> "Cache-Control: no-cache[\r][\n]"
<2017-09-26 13:05:43> DEBUG [org.apache.http.wire] http-outgoing-5 >> "Host: branchtest.perfectomobile.com[\r][\n]"
<2017-09-26 13:05:43> DEBUG [org.apache.http.wire] http-outgoing-5 >> "Connection: Keep-Alive[\r][\n]"
<2017-09-26 13:05:43> DEBUG [org.apache.http.wire] http-outgoing-5 >> "User-Agent: Apache-HttpClient/4.5.2 (Java/1.8.0_121)[\r][\n]"
<2017-09-26 13:05:43> DEBUG [org.apache.http.wire] http-outgoing-5 >> "Cookie: JSESSIONID=F6E28E4994D1584E597DBDFCCCB1737E; fast_failed=true; fast_failed=true; fast_failed=true[\r][\n]"
<2017-09-26 13:05:43> DEBUG [org.apache.http.wire] http-outgoing-5 >> "Accept-Encoding: gzip,deflate[\r][\n]"
<2017-09-26 13:05:43> DEBUG [org.apache.http.wire] http-outgoing-5 >> "[\r][\n]"
<2017-09-26 13:05:44> DEBUG [org.apache.http.wire] http-outgoing-5 << "HTTP/1.1 200 OK[\r][\n]"
<2017-09-26 13:05:44> DEBUG [org.apache.http.wire] http-outgoing-5 << "Server: nginx[\r][\n]"
<2017-09-26 13:05:44> DEBUG [org.apache.http.wire] http-outgoing-5 << "Date: Tue, 26 Sep 2017 10:05:40 GMT[\r][\n]"
<2017-09-26 13:05:44> DEBUG [org.apache.http.wire] http-outgoing-5 << "Content-Type: application/json;charset=utf-8[\r][\n]"
<2017-09-26 13:05:44> DEBUG [org.apache.http.wire] http-outgoing-5 << "Transfer-Encoding: chunked[\r][\n]"
<2017-09-26 13:05:44> DEBUG [org.apache.http.wire] http-outgoing-5 << "Connection: keep-alive[\r][\n]"
<2017-09-26 13:05:44> DEBUG [org.apache.http.wire] http-outgoing-5 << "Set-Cookie: JSESSIONID=F6E28E4994D1584E597DBDFCCCB1737E; Path=/nexperience/; HttpOnly[\r][\n]"
<2017-09-26 13:05:44> DEBUG [org.apache.http.wire] http-outgoing-5 << "Expires: Thu, 01 Jan 1970 00:00:00 GMT[\r][\n]"
<2017-09-26 13:05:44> DEBUG [org.apache.http.wire] http-outgoing-5 << "Cache-Control: no-cache[\r][\n]"
<2017-09-26 13:05:44> DEBUG [org.apache.http.wire] http-outgoing-5 << "Cache-Control: no-cache[\r][\n]"
<2017-09-26 13:05:44> DEBUG [org.apache.http.wire] http-outgoing-5 << "Expires: Thu, 01 Jan 1970 00:00:00 GMT[\r][\n]"
<2017-09-26 13:05:44> DEBUG [org.apache.http.wire] http-outgoing-5 << "Set-Cookie: fast_failed=true[\r][\n]"
<2017-09-26 13:05:44> DEBUG [org.apache.http.wire] http-outgoing-5 << "X-XSS-Protection: 2; mode=block[\r][\n]"
<2017-09-26 13:05:44> DEBUG [org.apache.http.wire] http-outgoing-5 << "Content-Encoding: gzip[\r][\n]"
<2017-09-26 13:05:44> DEBUG [org.apache.http.wire] http-outgoing-5 << "[\r][\n]"
<2017-09-26 13:05:44> DEBUG [org.apache.http.wire] http-outgoing-5 << "af[\r][\n]"
<2017-09-26 13:05:44> DEBUG [org.apache.http.wire] http-outgoing-5 << "[0x1f][0x8b][0x8][0x0][0x0][0x0][0x0][0x0][0x0][0x3]-[0x8d][0xcb][0xe][0xc2] [0x14]D]]>&#x7f;<![CDATA[[0xa5]a-[0x4]J[0x1f][0xd2][0xad][0xb][0xe3][0xc2][0xc4][0xe8][0x17]Pzi[0x9b]Pn[0xe5][0xe1][0xc6][0xf8][0xef]b[0xe2]n29g[0xe6]M"[0xc4][0xb8][0xa2][0xbf]Ld u-m-[0xbb][0x86][0x1a][0xd9]I[0xda]X1Re[0xb5][0xa4][0xa6]UR[0x1d][0xc5]$[0x85]i[0xc8][0x81][0xc4][0xa4][0x13][0x14]<fc[0x8a]][0x9a][0xe5][0x84]SiD/z[0xc5][[0xde][0xf1][0x3]yi[0x97]]]>&#x7f;<![CDATA[[0xd0][\r][0x82][0x5][0x93][0xb0][0xba][0xe2][0xb8]:[0xa8]huF[0x9c]Kx[0x80][0xe]f)[0xb2]q[0xba][0x8c][0xc][0x4][0xc3][0xcc]p[0x7][0xff][0xd4],[0x82][0x3][0xbf][0xe6][0x8d][0x5][0xd8]0[0x1][0xbb]C[0xdc][0xd1]G[0xf8][0x9f][0xe7][0x82][0xf3][0xcf][0x17]3[0x9a]+[0xf][0xbc][0x0][0x0][0x0][\r][\n]"
<2017-09-26 13:05:44> DEBUG [org.apache.http.wire] http-outgoing-5 << "0[\r][\n]"
<2017-09-26 13:05:44> DEBUG [org.apache.http.wire] http-outgoing-5 << "[\r][\n]"
<2017-09-26 13:05:44> DEBUG [org.apache.http.headers] http-outgoing-5 << HTTP/1.1 200 OK
<2017-09-26 13:05:44> DEBUG [org.apache.http.headers] http-outgoing-5 << Server: nginx
<2017-09-26 13:05:44> DEBUG [org.apache.http.headers] http-outgoing-5 << Date: Tue, 26 Sep 2017 10:05:40 GMT
<2017-09-26 13:05:44> DEBUG [org.apache.http.headers] http-outgoing-5 << Content-Type: application/json;charset=utf-8
<2017-09-26 13:05:44> DEBUG [org.apache.http.headers] http-outgoing-5 << Transfer-Encoding: chunked
<2017-09-26 13:05:44> DEBUG [org.apache.http.headers] http-outgoing-5 << Connection: keep-alive
<2017-09-26 13:05:44> DEBUG [org.apache.http.headers] http-outgoing-5 << Set-Cookie: JSESSIONID=F6E28E4994D1584E597DBDFCCCB1737E; Path=/nexperience/; HttpOnly
<2017-09-26 13:05:44> DEBUG [org.apache.http.headers] http-outgoing-5 << Expires: Thu, 01 Jan 1970 00:00:00 GMT
<2017-09-26 13:05:44> DEBUG [org.apache.http.headers] http-outgoing-5 << Cache-Control: no-cache
<2017-09-26 13:05:44> DEBUG [org.apache.http.headers] http-outgoing-5 << Cache-Control: no-cache
<2017-09-26 13:05:44> DEBUG [org.apache.http.headers] http-outgoing-5 << Expires: Thu, 01 Jan 1970 00:00:00 GMT
<2017-09-26 13:05:44> DEBUG [org.apache.http.headers] http-outgoing-5 << Set-Cookie: fast_failed=true
<2017-09-26 13:05:44> DEBUG [org.apache.http.headers] http-outgoing-5 << X-XSS-Protection: 2; mode=block
<2017-09-26 13:05:44> DEBUG [org.apache.http.headers] http-outgoing-5 << Content-Encoding: gzip
<2017-09-26 13:05:44> DEBUG [o.a.h.i.execchain.MainClientExec] Connection can be kept alive indefinitely
<2017-09-26 13:05:44> DEBUG [o.a.h.c.p.ResponseProcessCookies] Cookie accepted [JSESSIONID="F6E28E4994D1584E597DBDFCCCB1737E", version:0, domain:branchtest.perfectomobile.com, path:/nexperience/, expiry:null]
<2017-09-26 13:05:44> DEBUG [o.a.h.c.p.ResponseProcessCookies] Cookie accepted [fast_failed="true", version:0, domain:branchtest.perfectomobile.com, path:/nexperience/perfectomobile/wd/hub/session/223f2364-c363-4f1b-9fa3-c593981d31c4, expiry:null]
<2017-09-26 13:05:44> DEBUG [o.a.h.i.c.PoolingHttpClientConnectionManager] Connection [id: 5][route: {s}->https://branchtest.perfectomobile.com:443] can be kept alive indefinitely
<2017-09-26 13:05:44> DEBUG [o.a.h.i.c.PoolingHttpClientConnectionManager] Connection released: [id: 5][route: {s}->https://branchtest.perfectomobile.com:443][total kept alive: 2; route allocated: 3 of 2000; total allocated: 3 of 2000]
Done: searchGoogle
<2017-09-26 13:05:44> DEBUG [o.a.h.c.p.RequestAddCookies] CookieSpec selected: default
<2017-09-26 13:05:44> DEBUG [o.a.h.c.p.RequestAddCookies] Cookie [version: 0][name: JSESSIONID][value: F6E28E4994D1584E597DBDFCCCB1737E][domain: branchtest.perfectomobile.com][path: /nexperience/][expiry: null] match [(secure)branchtest.perfectomobile.com:443/nexperience/perfectomobile/wd/hub/session/223f2364-c363-4f1b-9fa3-c593981d31c4/execute]
<2017-09-26 13:05:44> DEBUG [o.a.h.c.p.RequestAddCookies] Cookie [version: 0][name: fast_failed][value: true][domain: branchtest.perfectomobile.com][path: /nexperience/perfectomobile/wd/hub][expiry: null] match [(secure)branchtest.perfectomobile.com:443/nexperience/perfectomobile/wd/hub/session/223f2364-c363-4f1b-9fa3-c593981d31c4/execute]
<2017-09-26 13:05:44> DEBUG [o.a.h.c.p.RequestAddCookies] Cookie [version: 0][name: fast_failed][value: true][domain: branchtest.perfectomobile.com][path: /nexperience/perfectomobile/wd/hub/session][expiry: null] match [(secure)branchtest.perfectomobile.com:443/nexperience/perfectomobile/wd/hub/session/223f2364-c363-4f1b-9fa3-c593981d31c4/execute]
<2017-09-26 13:05:44> DEBUG [o.a.h.c.p.RequestAddCookies] Cookie [version: 0][name: fast_failed][value: true][domain: branchtest.perfectomobile.com][path: /nexperience/perfectomobile/wd/hub/session/223f2364-c363-4f1b-9fa3-c593981d31c4][expiry: null] match [(secure)branchtest.perfectomobile.com:443/nexperience/perfectomobile/wd/hub/session/223f2364-c363-4f1b-9fa3-c593981d31c4/execute]
<2017-09-26 13:05:44> DEBUG [o.a.h.c.p.RequestAuthCache] Auth cache not set in the context
<2017-09-26 13:05:44> DEBUG [o.a.h.i.c.PoolingHttpClientConnectionManager] Connection request: [route: {s}->https://branchtest.perfectomobile.com:443][total kept alive: 2; route allocated: 3 of 2000; total allocated: 3 of 2000]
<2017-09-26 13:05:44> DEBUG [o.a.h.i.c.PoolingHttpClientConnectionManager] Connection leased: [id: 5][route: {s}->https://branchtest.perfectomobile.com:443][total kept alive: 1; route allocated: 3 of 2000; total allocated: 3 of 2000]
<2017-09-26 13:05:44> DEBUG [o.a.h.i.execchain.MainClientExec] Stale connection check
<2017-09-26 13:05:44> DEBUG [org.apache.http.wire] http-outgoing-5 << "[read] I/O error: Read timed out"
<2017-09-26 13:05:44> DEBUG [o.a.h.i.c.DefaultManagedHttpClientConnection] http-outgoing-5: set socket timeout to 10800000
<2017-09-26 13:05:44> DEBUG [o.a.h.i.execchain.MainClientExec] Executing request POST /nexperience/perfectomobile/wd/hub/session/223f2364-c363-4f1b-9fa3-c593981d31c4/execute HTTP/1.1
<2017-09-26 13:05:44> DEBUG [o.a.h.i.execchain.MainClientExec] Target auth state: UNCHALLENGED
<2017-09-26 13:05:44> DEBUG [o.a.h.i.execchain.MainClientExec] Proxy auth state: UNCHALLENGED
<2017-09-26 13:05:44> DEBUG [org.apache.http.headers] http-outgoing-5 >> POST /nexperience/perfectomobile/wd/hub/session/223f2364-c363-4f1b-9fa3-c593981d31c4/execute HTTP/1.1
<2017-09-26 13:05:44> DEBUG [org.apache.http.headers] http-outgoing-5 >> Content-Type: application/json; charset=utf-8
<2017-09-26 13:05:44> DEBUG [org.apache.http.headers] http-outgoing-5 >> Content-Length: 195
<2017-09-26 13:05:44> DEBUG [org.apache.http.headers] http-outgoing-5 >> Host: branchtest.perfectomobile.com
<2017-09-26 13:05:44> DEBUG [org.apache.http.headers] http-outgoing-5 >> Connection: Keep-Alive
<2017-09-26 13:05:44> DEBUG [org.apache.http.headers] http-outgoing-5 >> User-Agent: Apache-HttpClient/4.5.2 (Java/1.8.0_121)
<2017-09-26 13:05:44> DEBUG [org.apache.http.headers] http-outgoing-5 >> Cookie: JSESSIONID=F6E28E4994D1584E597DBDFCCCB1737E; fast_failed=true; fast_failed=true; fast_failed=true
<2017-09-26 13:05:44> DEBUG [org.apache.http.headers] http-outgoing-5 >> Accept-Encoding: gzip,deflate
<2017-09-26 13:05:44> DEBUG [org.apache.http.wire] http-outgoing-5 >> "POST /nexperience/perfectomobile/wd/hub/session/223f2364-c363-4f1b-9fa3-c593981d31c4/execute HTTP/1.1[\r][\n]"
<2017-09-26 13:05:44> DEBUG [org.apache.http.wire] http-outgoing-5 >> "Content-Type: application/json; charset=utf-8[\r][\n]"
<2017-09-26 13:05:44> DEBUG [org.apache.http.wire] http-outgoing-5 >> "Content-Length: 195[\r][\n]"
<2017-09-26 13:05:44> DEBUG [org.apache.http.wire] http-outgoing-5 >> "Host: branchtest.perfectomobile.com[\r][\n]"
<2017-09-26 13:05:44> DEBUG [org.apache.http.wire] http-outgoing-5 >> "Connection: Keep-Alive[\r][\n]"
<2017-09-26 13:05:44> DEBUG [org.apache.http.wire] http-outgoing-5 >> "User-Agent: Apache-HttpClient/4.5.2 (Java/1.8.0_121)[\r][\n]"
<2017-09-26 13:05:44> DEBUG [org.apache.http.wire] http-outgoing-5 >> "Cookie: JSESSIONID=F6E28E4994D1584E597DBDFCCCB1737E; fast_failed=true; fast_failed=true; fast_failed=true[\r][\n]"
<2017-09-26 13:05:44> DEBUG [org.apache.http.wire] http-outgoing-5 >> "Accept-Encoding: gzip,deflate[\r][\n]"
<2017-09-26 13:05:44> DEBUG [org.apache.http.wire] http-outgoing-5 >> "[\r][\n]"
<2017-09-26 13:05:44> DEBUG [org.apache.http.wire] http-outgoing-5 >> "{"script":"mobile:test:start","args":[{"jobName":"Sample Job","name":"Way2Automation Flow","projectName":"Sample Script","jobNumber":45,"projectVersion":"1.0","tags":["Java","Sample","Native"]}]}"
<2017-09-26 13:05:44> DEBUG [org.apache.http.wire] http-outgoing-5 << "HTTP/1.1 200 OK[\r][\n]"
<2017-09-26 13:05:44> DEBUG [org.apache.http.wire] http-outgoing-8 << "HTTP/1.1 200 OK[\r][\n]"
<2017-09-26 13:05:44> DEBUG [org.apache.http.wire] http-outgoing-5 << "Server: nginx[\r][\n]"
<2017-09-26 13:05:44> DEBUG [org.apache.http.wire] http-outgoing-8 << "Server: nginx[\r][\n]"
<2017-09-26 13:05:44> DEBUG [org.apache.http.wire] http-outgoing-5 << "Date: Tue, 26 Sep 2017 10:05:40 GMT[\r][\n]"
<2017-09-26 13:05:44> DEBUG [org.apache.http.wire] http-outgoing-8 << "Date: Tue, 26 Sep 2017 10:05:40 GMT[\r][\n]"
<2017-09-26 13:05:44> DEBUG [org.apache.http.wire] http-outgoing-5 << "Content-Type: application/json;charset=utf-8[\r][\n]"
<2017-09-26 13:05:44> DEBUG [org.apache.http.wire] http-outgoing-8 << "Content-Type: application/json;charset=utf-8[\r][\n]"
<2017-09-26 13:05:44> DEBUG [org.apache.http.wire] http-outgoing-5 << "Transfer-Encoding: chunked[\r][\n]"
<2017-09-26 13:05:44> DEBUG [org.apache.http.wire] http-outgoing-8 << "Transfer-Encoding: chunked[\r][\n]"
<2017-09-26 13:05:44> DEBUG [org.apache.http.wire] http-outgoing-5 << "Connection: keep-alive[\r][\n]"
<2017-09-26 13:05:44> DEBUG [org.apache.http.wire] http-outgoing-8 << "Connection: keep-alive[\r][\n]"
<2017-09-26 13:05:44> DEBUG [org.apache.http.wire] http-outgoing-5 << "Set-Cookie: JSESSIONID=F6E28E4994D1584E597DBDFCCCB1737E; Path=/nexperience/; HttpOnly[\r][\n]"
<2017-09-26 13:05:44> DEBUG [org.apache.http.wire] http-outgoing-8 << "Set-Cookie: JSESSIONID=F6E28E4994D1584E597DBDFCCCB1737E; Path=/nexperience/; HttpOnly[\r][\n]"
<2017-09-26 13:05:44> DEBUG [org.apache.http.wire] http-outgoing-5 << "Expires: Thu, 01 Jan 1970 00:00:00 GMT[\r][\n]"
<2017-09-26 13:05:44> DEBUG [org.apache.http.wire] http-outgoing-8 << "Expires: Thu, 01 Jan 1970 00:00:00 GMT[\r][\n]"
<2017-09-26 13:05:44> DEBUG [org.apache.http.wire] http-outgoing-5 << "Cache-Control: no-cache[\r][\n]"
<2017-09-26 13:05:44> DEBUG [org.apache.http.wire] http-outgoing-8 << "Cache-Control: no-cache[\r][\n]"
<2017-09-26 13:05:44> DEBUG [org.apache.http.wire] http-outgoing-5 << "Cache-Control: no-cache[\r][\n]"
<2017-09-26 13:05:44> DEBUG [org.apache.http.wire] http-outgoing-8 << "Cache-Control: no-cache[\r][\n]"
<2017-09-26 13:05:44> DEBUG [org.apache.http.wire] http-outgoing-5 << "Expires: Thu, 01 Jan 1970 00:00:00 GMT[\r][\n]"
<2017-09-26 13:05:44> DEBUG [org.apache.http.wire] http-outgoing-8 << "Expires: Thu, 01 Jan 1970 00:00:00 GMT[\r][\n]"
<2017-09-26 13:05:44> DEBUG [org.apache.http.wire] http-outgoing-5 << "Set-Cookie: fast_failed=true[\r][\n]"
<2017-09-26 13:05:44> DEBUG [org.apache.http.wire] http-outgoing-8 << "Set-Cookie: fast_failed=true[\r][\n]"
<2017-09-26 13:05:44> DEBUG [org.apache.http.wire] http-outgoing-5 << "X-XSS-Protection: 2; mode=block[\r][\n]"
<2017-09-26 13:05:44> DEBUG [org.apache.http.wire] http-outgoing-8 << "X-XSS-Protection: 2; mode=block[\r][\n]"
<2017-09-26 13:05:44> DEBUG [org.apache.http.wire] http-outgoing-5 << "Content-Encoding: gzip[\r][\n]"
<2017-09-26 13:05:44> DEBUG [org.apache.http.wire] http-outgoing-8 << "Content-Encoding: gzip[\r][\n]"
<2017-09-26 13:05:44> DEBUG [org.apache.http.wire] http-outgoing-5 << "[\r][\n]"
<2017-09-26 13:05:44> DEBUG [org.apache.http.wire] http-outgoing-8 << "[\r][\n]"
<2017-09-26 13:05:44> DEBUG [org.apache.http.wire] http-outgoing-5 << "9a[\r][\n]"
<2017-09-26 13:05:44> DEBUG [org.apache.http.wire] http-outgoing-8 << "94[\r][\n]"
<2017-09-26 13:05:44> DEBUG [org.apache.http.wire] http-outgoing-5 << "[0x1f][0x8b][0x8][0x0][0x0][0x0][0x0][0x0][0x0][0x3]-[0xcc][0xbd][0x12][0x82]0[0x10][0x4][0xe0]w[0xb9][0x9a]D[0xe0][0xc2]O[0xe8][0x1c]+[0x1b][0xb][0xdf] &[0x87]2[0x3][0x9]r[0xc4][0xc6][0xf1][0xdd]=glw[0xbf][0xdd]701O)[0x9e][0x3][0xc]P[0xd7]8[0xd6][0xd8][0x1a][0xe5][0xb1]Ee[0xc6][0xea][0xa6][0xec][0xe8]P[0xf9][0xc6][0xa2][0xed][0xab][0x80][0x95]7P[0x0][0xef]n'[0xe1][0x9c][0xbd][0x97][0xb5]$[0x8f]S[\n]"
<2017-09-26 13:05:44> DEBUG [org.apache.http.wire] http-outgoing-8 << "[0x1f][0x8b][0x8][0x0][0x0][0x0][0x0][0x0][0x0][0x3]-[0x8c]1[0x12][0xc2]0[0xc][0x4][0xff][0xa2]:[0xf1][0xd8]`[0xc0]IKE[0xcb][0xf][0x14]Y[0x86][0xcc]8v[0x88]b[0x1a][0x86][0xbf][0xa3][0x82][0xf2]vv[0xef][0x3][0xc2]"s-[0xb7][0x8]#[0x10]N[0xe4][0xac][0xbb][0xf4][0xc3][0x81]m[0xef]y[0xa2]>D[0x9d])[0xa5][0x88][0x8e][0xbc];[0xe2][0x19]:[0x90][0x1d]wV][0x1a][0x91][0xd6]J[0x9e][0xd7][0x1a][0x95][0x9c]B[0xf0]n[0xb0]~[0xe8][0xe0][0x8d][0xb9]))-[0xe7][0xe]([0xa3]j#[0xd4][0xed]a[0xea][0xca][0xe5][0x85]F8s[0x99][0xdb]b6^[0xea][0xce][0xe6][0xce][0xb2][0xd6]"[0xfc][0xbf]o[0xaa][0xdb][0xef][0xf][0xce][0xdf][0x82][0x90][0x9e][0x0][0x0][0x0][\r][\n]"
<2017-09-26 13:05:44> DEBUG [org.apache.http.wire] http-outgoing-5 << "[0x92][0xd8][0xa6][0xef][0xca][0xce]v[0xb6][0x80][0x97][0x9b][0xf3][0xcf]\[0xe]G[0xe9][0xfd][0xec][0xc4][\r][0x90][0xb6][0xbb]N+[0xc5][0xa7][0xd3]L3[0xc5])/z[0xa3]%[0xed][0xa4][0xaf][0xc4]k[0x8a]L[0xff][0xff],[0xbc][0xfc]|[0x1]$][0x9c]9[0x9f][0x0][0x0][0x0][\r][\n]"
<2017-09-26 13:05:44> DEBUG [org.apache.http.wire] http-outgoing-8 << "0[\r][\n]"
<2017-09-26 13:05:44> DEBUG [org.apache.http.wire] http-outgoing-5 << "0[\r][\n]"
<2017-09-26 13:05:44> DEBUG [org.apache.http.wire] http-outgoing-8 << "[\r][\n]"
<2017-09-26 13:05:44> DEBUG [org.apache.http.wire] http-outgoing-5 << "[\r][\n]"
<2017-09-26 13:05:44> DEBUG [org.apache.http.headers] http-outgoing-8 << HTTP/1.1 200 OK
<2017-09-26 13:05:44> DEBUG [org.apache.http.headers] http-outgoing-5 << HTTP/1.1 200 OK
<2017-09-26 13:05:44> DEBUG [org.apache.http.headers] http-outgoing-8 << Server: nginx
<2017-09-26 13:05:44> DEBUG [org.apache.http.headers] http-outgoing-5 << Server: nginx
<2017-09-26 13:05:44> DEBUG [org.apache.http.headers] http-outgoing-8 << Date: Tue, 26 Sep 2017 10:05:40 GMT
<2017-09-26 13:05:44> DEBUG [org.apache.http.headers] http-outgoing-5 << Date: Tue, 26 Sep 2017 10:05:40 GMT
<2017-09-26 13:05:44> DEBUG [org.apache.http.headers] http-outgoing-8 << Content-Type: application/json;charset=utf-8
<2017-09-26 13:05:44> DEBUG [org.apache.http.headers] http-outgoing-5 << Content-Type: application/json;charset=utf-8
<2017-09-26 13:05:44> DEBUG [org.apache.http.headers] http-outgoing-8 << Transfer-Encoding: chunked
<2017-09-26 13:05:44> DEBUG [org.apache.http.headers] http-outgoing-5 << Transfer-Encoding: chunked
<2017-09-26 13:05:44> DEBUG [org.apache.http.headers] http-outgoing-8 << Connection: keep-alive
<2017-09-26 13:05:44> DEBUG [org.apache.http.headers] http-outgoing-5 << Connection: keep-alive
<2017-09-26 13:05:44> DEBUG [org.apache.http.headers] http-outgoing-8 << Set-Cookie: JSESSIONID=F6E28E4994D1584E597DBDFCCCB1737E; Path=/nexperience/; HttpOnly
<2017-09-26 13:05:44> DEBUG [org.apache.http.headers] http-outgoing-5 << Set-Cookie: JSESSIONID=F6E28E4994D1584E597DBDFCCCB1737E; Path=/nexperience/; HttpOnly
<2017-09-26 13:05:44> DEBUG [org.apache.http.headers] http-outgoing-8 << Expires: Thu, 01 Jan 1970 00:00:00 GMT
<2017-09-26 13:05:44> DEBUG [org.apache.http.headers] http-outgoing-5 << Expires: Thu, 01 Jan 1970 00:00:00 GMT
<2017-09-26 13:05:44> DEBUG [org.apache.http.headers] http-outgoing-8 << Cache-Control: no-cache
<2017-09-26 13:05:44> DEBUG [org.apache.http.headers] http-outgoing-5 << Cache-Control: no-cache
<2017-09-26 13:05:44> DEBUG [org.apache.http.headers] http-outgoing-8 << Cache-Control: no-cache
<2017-09-26 13:05:44> DEBUG [org.apache.http.headers] http-outgoing-5 << Cache-Control: no-cache
<2017-09-26 13:05:44> DEBUG [org.apache.http.headers] http-outgoing-8 << Expires: Thu, 01 Jan 1970 00:00:00 GMT
<2017-09-26 13:05:44> DEBUG [org.apache.http.headers] http-outgoing-5 << Expires: Thu, 01 Jan 1970 00:00:00 GMT
<2017-09-26 13:05:44> DEBUG [org.apache.http.headers] http-outgoing-8 << Set-Cookie: fast_failed=true
<2017-09-26 13:05:44> DEBUG [org.apache.http.headers] http-outgoing-5 << Set-Cookie: fast_failed=true
<2017-09-26 13:05:44> DEBUG [org.apache.http.headers] http-outgoing-8 << X-XSS-Protection: 2; mode=block
<2017-09-26 13:05:44> DEBUG [org.apache.http.headers] http-outgoing-5 << X-XSS-Protection: 2; mode=block
<2017-09-26 13:05:44> DEBUG [org.apache.http.headers] http-outgoing-8 << Content-Encoding: gzip
<2017-09-26 13:05:44> DEBUG [org.apache.http.headers] http-outgoing-5 << Content-Encoding: gzip
<2017-09-26 13:05:44> DEBUG [o.a.h.i.execchain.MainClientExec] Connection can be kept alive indefinitely
<2017-09-26 13:05:44> DEBUG [o.a.h.i.execchain.MainClientExec] Connection can be kept alive indefinitely
<2017-09-26 13:05:44> DEBUG [o.a.h.c.p.ResponseProcessCookies] Cookie accepted [JSESSIONID="F6E28E4994D1584E597DBDFCCCB1737E", version:0, domain:branchtest.perfectomobile.com, path:/nexperience/, expiry:null]
<2017-09-26 13:05:44> DEBUG [o.a.h.c.p.ResponseProcessCookies] Cookie accepted [fast_failed="true", version:0, domain:branchtest.perfectomobile.com, path:/nexperience/perfectomobile/wd/hub/session/cabc1017-92e0-4ebc-8d17-fffda1c413a6, expiry:null]
<2017-09-26 13:05:44> DEBUG [o.a.h.c.p.ResponseProcessCookies] Cookie accepted [JSESSIONID="F6E28E4994D1584E597DBDFCCCB1737E", version:0, domain:branchtest.perfectomobile.com, path:/nexperience/, expiry:null]
<2017-09-26 13:05:44> DEBUG [o.a.h.c.p.ResponseProcessCookies] Cookie accepted [fast_failed="true", version:0, domain:branchtest.perfectomobile.com, path:/nexperience/perfectomobile/wd/hub/session/223f2364-c363-4f1b-9fa3-c593981d31c4, expiry:null]
<2017-09-26 13:05:44> DEBUG [o.a.h.i.c.PoolingHttpClientConnectionManager] Connection [id: 8][route: {s}->https://branchtest.perfectomobile.com:443] can be kept alive indefinitely
<2017-09-26 13:05:44> DEBUG [o.a.h.i.c.PoolingHttpClientConnectionManager] Connection released: [id: 8][route: {s}->https://branchtest.perfectomobile.com:443][total kept alive: 2; route allocated: 3 of 2000; total allocated: 3 of 2000]
<2017-09-26 13:05:44> DEBUG [o.a.h.i.c.PoolingHttpClientConnectionManager] Connection [id: 5][route: {s}->https://branchtest.perfectomobile.com:443] can be kept alive indefinitely
<2017-09-26 13:05:44> DEBUG [o.a.h.i.c.PoolingHttpClientConnectionManager] Connection released: [id: 5][route: {s}->https://branchtest.perfectomobile.com:443][total kept alive: 3; route allocated: 3 of 2000; total allocated: 3 of 2000]
<2017-09-26 13:05:44> DEBUG [o.a.h.c.p.RequestAddCookies] CookieSpec selected: default
<2017-09-26 13:05:44> DEBUG [o.a.h.c.p.RequestAddCookies] Cookie [version: 0][name: JSESSIONID][value: F6E28E4994D1584E597DBDFCCCB1737E][domain: branchtest.perfectomobile.com][path: /nexperience/][expiry: null] match [(secure)branchtest.perfectomobile.com:443/nexperience/perfectomobile/wd/hub/session/223f2364-c363-4f1b-9fa3-c593981d31c4/execute]
<2017-09-26 13:05:44> DEBUG [o.a.h.c.p.RequestAddCookies] Cookie [version: 0][name: fast_failed][value: true][domain: branchtest.perfectomobile.com][path: /nexperience/perfectomobile/wd/hub][expiry: null] match [(secure)branchtest.perfectomobile.com:443/nexperience/perfectomobile/wd/hub/session/223f2364-c363-4f1b-9fa3-c593981d31c4/execute]
<2017-09-26 13:05:44> DEBUG [o.a.h.c.p.RequestAddCookies] Cookie [version: 0][name: fast_failed][value: true][domain: branchtest.perfectomobile.com][path: /nexperience/perfectomobile/wd/hub/session][expiry: null] match [(secure)branchtest.perfectomobile.com:443/nexperience/perfectomobile/wd/hub/session/223f2364-c363-4f1b-9fa3-c593981d31c4/execute]
<2017-09-26 13:05:44> DEBUG [o.a.h.c.p.RequestAddCookies] Cookie [version: 0][name: fast_failed][value: true][domain: branchtest.perfectomobile.com][path: /nexperience/perfectomobile/wd/hub/session/223f2364-c363-4f1b-9fa3-c593981d31c4][expiry: null] match [(secure)branchtest.perfectomobile.com:443/nexperience/perfectomobile/wd/hub/session/223f2364-c363-4f1b-9fa3-c593981d31c4/execute]
<2017-09-26 13:05:44> DEBUG [o.a.h.c.p.RequestAuthCache] Auth cache not set in the context
<2017-09-26 13:05:44> DEBUG [o.a.h.i.c.PoolingHttpClientConnectionManager] Connection request: [route: {s}->https://branchtest.perfectomobile.com:443][total kept alive: 3; route allocated: 3 of 2000; total allocated: 3 of 2000]
<2017-09-26 13:05:44> DEBUG [o.a.h.i.c.PoolingHttpClientConnectionManager] Connection leased: [id: 5][route: {s}->https://branchtest.perfectomobile.com:443][total kept alive: 2; route allocated: 3 of 2000; total allocated: 3 of 2000]
<2017-09-26 13:05:44> DEBUG [o.a.h.i.execchain.MainClientExec] Stale connection check
<2017-09-26 13:05:44> DEBUG [org.apache.http.wire] http-outgoing-5 << "[read] I/O error: Read timed out"
<2017-09-26 13:05:44> DEBUG [o.a.h.i.c.DefaultManagedHttpClientConnection] http-outgoing-5: set socket timeout to 10800000
<2017-09-26 13:05:44> DEBUG [o.a.h.i.execchain.MainClientExec] Executing request POST /nexperience/perfectomobile/wd/hub/session/223f2364-c363-4f1b-9fa3-c593981d31c4/execute HTTP/1.1
<2017-09-26 13:05:44> DEBUG [o.a.h.i.execchain.MainClientExec] Target auth state: UNCHALLENGED
<2017-09-26 13:05:44> DEBUG [o.a.h.i.execchain.MainClientExec] Proxy auth state: UNCHALLENGED
<2017-09-26 13:05:44> DEBUG [org.apache.http.headers] http-outgoing-5 >> POST /nexperience/perfectomobile/wd/hub/session/223f2364-c363-4f1b-9fa3-c593981d31c4/execute HTTP/1.1
<2017-09-26 13:05:44> DEBUG [org.apache.http.headers] http-outgoing-5 >> Content-Type: application/json; charset=utf-8
<2017-09-26 13:05:44> DEBUG [org.apache.http.headers] http-outgoing-5 >> Content-Length: 67
<2017-09-26 13:05:44> DEBUG [org.apache.http.headers] http-outgoing-5 >> Host: branchtest.perfectomobile.com
<2017-09-26 13:05:44> DEBUG [org.apache.http.headers] http-outgoing-5 >> Connection: Keep-Alive
<2017-09-26 13:05:44> DEBUG [org.apache.http.headers] http-outgoing-5 >> User-Agent: Apache-HttpClient/4.5.2 (Java/1.8.0_121)
<2017-09-26 13:05:44> DEBUG [org.apache.http.headers] http-outgoing-5 >> Cookie: JSESSIONID=F6E28E4994D1584E597DBDFCCCB1737E; fast_failed=true; fast_failed=true; fast_failed=true
<2017-09-26 13:05:44> DEBUG [org.apache.http.headers] http-outgoing-5 >> Accept-Encoding: gzip,deflate
<2017-09-26 13:05:44> DEBUG [org.apache.http.wire] http-outgoing-5 >> "POST /nexperience/perfectomobile/wd/hub/session/223f2364-c363-4f1b-9fa3-c593981d31c4/execute HTTP/1.1[\r][\n]"
<2017-09-26 13:05:44> DEBUG [org.apache.http.wire] http-outgoing-5 >> "Content-Type: application/json; charset=utf-8[\r][\n]"
<2017-09-26 13:05:44> DEBUG [org.apache.http.wire] http-outgoing-5 >> "Content-Length: 67[\r][\n]"
<2017-09-26 13:05:44> DEBUG [org.apache.http.wire] http-outgoing-5 >> "Host: branchtest.perfectomobile.com[\r][\n]"
<2017-09-26 13:05:44> DEBUG [org.apache.http.wire] http-outgoing-5 >> "Connection: Keep-Alive[\r][\n]"
<2017-09-26 13:05:44> DEBUG [org.apache.http.wire] http-outgoing-5 >> "User-Agent: Apache-HttpClient/4.5.2 (Java/1.8.0_121)[\r][\n]"
<2017-09-26 13:05:44> DEBUG [org.apache.http.wire] http-outgoing-5 >> "Cookie: JSESSIONID=F6E28E4994D1584E597DBDFCCCB1737E; fast_failed=true; fast_failed=true; fast_failed=true[\r][\n]"
<2017-09-26 13:05:44> DEBUG [org.apache.http.wire] http-outgoing-5 >> "Accept-Encoding: gzip,deflate[\r][\n]"
<2017-09-26 13:05:44> DEBUG [org.apache.http.wire] http-outgoing-5 >> "[\r][\n]"
<2017-09-26 13:05:44> DEBUG [org.apache.http.wire] http-outgoing-5 >> "{"script":"mobile:step:start","args":[{"name":"Navigate to site"}]}"
<2017-09-26 13:05:44> DEBUG [org.apache.http.wire] http-outgoing-5 << "HTTP/1.1 200 OK[\r][\n]"
<2017-09-26 13:05:44> DEBUG [org.apache.http.wire] http-outgoing-5 << "Server: nginx[\r][\n]"
<2017-09-26 13:05:44> DEBUG [org.apache.http.wire] http-outgoing-5 << "Date: Tue, 26 Sep 2017 10:05:40 GMT[\r][\n]"
<2017-09-26 13:05:44> DEBUG [org.apache.http.wire] http-outgoing-5 << "Content-Type: application/json;charset=utf-8[\r][\n]"
<2017-09-26 13:05:44> DEBUG [org.apache.http.wire] http-outgoing-5 << "Transfer-Encoding: chunked[\r][\n]"
<2017-09-26 13:05:44> DEBUG [org.apache.http.wire] http-outgoing-5 << "Connection: keep-alive[\r][\n]"
<2017-09-26 13:05:44> DEBUG [org.apache.http.wire] http-outgoing-5 << "Set-Cookie: JSESSIONID=F6E28E4994D1584E597DBDFCCCB1737E; Path=/nexperience/; HttpOnly[\r][\n]"
<2017-09-26 13:05:44> DEBUG [org.apache.http.wire] http-outgoing-5 << "Expires: Thu, 01 Jan 1970 00:00:00 GMT[\r][\n]"
<2017-09-26 13:05:44> DEBUG [org.apache.http.wire] http-outgoing-5 << "Cache-Control: no-cache[\r][\n]"
<2017-09-26 13:05:44> DEBUG [org.apache.http.wire] http-outgoing-5 << "Cache-Control: no-cache[\r][\n]"
<2017-09-26 13:05:44> DEBUG [org.apache.http.wire] http-outgoing-5 << "Expires: Thu, 01 Jan 1970 00:00:00 GMT[\r][\n]"
<2017-09-26 13:05:44> DEBUG [org.apache.http.wire] http-outgoing-5 << "Set-Cookie: fast_failed=true[\r][\n]"
<2017-09-26 13:05:44> DEBUG [org.apache.http.wire] http-outgoing-5 << "X-XSS-Protection: 2; mode=block[\r][\n]"
<2017-09-26 13:05:44> DEBUG [org.apache.http.wire] http-outgoing-5 << "Content-Encoding: gzip[\r][\n]"
<2017-09-26 13:05:44> DEBUG [org.apache.http.wire] http-outgoing-5 << "[\r][\n]"
<2017-09-26 13:05:44> DEBUG [org.apache.http.wire] http-outgoing-5 << "94[\r][\n]"
<2017-09-26 13:05:44> DEBUG [org.apache.http.wire] http-outgoing-5 << "[0x1f][0x8b][0x8][0x0][0x0][0x0][0x0][0x0][0x0][0x3]-[0xcc][0xc1][0xe][0xc2] [0x10][0x4][0xd0]]]>&#x7f;<![CDATA[[0xd9]s![0xa5][0x8b]Dz[0xf5][0xe4][0xd5]?@[0xd8]j[0x13][\n]"
<2017-09-26 13:05:44> DEBUG [org.apache.http.wire] http-outgoing-5 << "m[0xb7]x1[0xfe][0xbb]k[0xe2]u[0xe6][0xcd][0xbc][0x81][0x89]y[0xae][0xe5][0x9a]`[0x84]a[0xc0]i@gUD[0x87][0xca]N[0xe6][0xae][0xfc][0x14]P[0xc5][0x93]G]]>&#x7f;<![CDATA[6[0x9]M[0xb4][0xd0][0x1][0x1f][0xe1] [0xe1][0xdc]b[0x94][0xb5]$[0xcf]KM[0x92]8[0xd3][0xf7][0xde]"[0xba][0xe]^![0xb7][0x9f][0x91]2[0xe6] h[0x84][0xba]?t][0xa9]lA3e*s[[0xf4]NK=H[0xdf][0x88][0xd7]Z[0x98][0xfe][0xe7]Mx[0xff][0xf9][0x2][0xb9]k[0xfa]x[0x9c][0x0][0x0][0x0][\r][\n]"
<2017-09-26 13:05:44> DEBUG [org.apache.http.wire] http-outgoing-5 << "0[\r][\n]"
<2017-09-26 13:05:44> DEBUG [org.apache.http.wire] http-outgoing-5 << "[\r][\n]"
<2017-09-26 13:05:44> DEBUG [org.apache.http.headers] http-outgoing-5 << HTTP/1.1 200 OK
<2017-09-26 13:05:44> DEBUG [org.apache.http.headers] http-outgoing-5 << Server: nginx
<2017-09-26 13:05:44> DEBUG [org.apache.http.headers] http-outgoing-5 << Date: Tue, 26 Sep 2017 10:05:40 GMT
<2017-09-26 13:05:44> DEBUG [org.apache.http.headers] http-outgoing-5 << Content-Type: application/json;charset=utf-8
<2017-09-26 13:05:44> DEBUG [org.apache.http.headers] http-outgoing-5 << Transfer-Encoding: chunked
<2017-09-26 13:05:44> DEBUG [org.apache.http.headers] http-outgoing-5 << Connection: keep-alive
<2017-09-26 13:05:44> DEBUG [org.apache.http.headers] http-outgoing-5 << Set-Cookie: JSESSIONID=F6E28E4994D1584E597DBDFCCCB1737E; Path=/nexperience/; HttpOnly
<2017-09-26 13:05:44> DEBUG [org.apache.http.headers] http-outgoing-5 << Expires: Thu, 01 Jan 1970 00:00:00 GMT
<2017-09-26 13:05:44> DEBUG [org.apache.http.headers] http-outgoing-5 << Cache-Control: no-cache
<2017-09-26 13:05:44> DEBUG [org.apache.http.headers] http-outgoing-5 << Cache-Control: no-cache
<2017-09-26 13:05:44> DEBUG [org.apache.http.headers] http-outgoing-5 << Expires: Thu, 01 Jan 1970 00:00:00 GMT
<2017-09-26 13:05:44> DEBUG [org.apache.http.headers] http-outgoing-5 << Set-Cookie: fast_failed=true
<2017-09-26 13:05:44> DEBUG [org.apache.http.headers] http-outgoing-5 << X-XSS-Protection: 2; mode=block
<2017-09-26 13:05:44> DEBUG [org.apache.http.headers] http-outgoing-5 << Content-Encoding: gzip
<2017-09-26 13:05:44> DEBUG [o.a.h.i.execchain.MainClientExec] Connection can be kept alive indefinitely
<2017-09-26 13:05:44> DEBUG [o.a.h.c.p.ResponseProcessCookies] Cookie accepted [JSESSIONID="F6E28E4994D1584E597DBDFCCCB1737E", version:0, domain:branchtest.perfectomobile.com, path:/nexperience/, expiry:null]
<2017-09-26 13:05:44> DEBUG [o.a.h.c.p.ResponseProcessCookies] Cookie accepted [fast_failed="true", version:0, domain:branchtest.perfectomobile.com, path:/nexperience/perfectomobile/wd/hub/session/223f2364-c363-4f1b-9fa3-c593981d31c4, expiry:null]
<2017-09-26 13:05:44> DEBUG [o.a.h.i.c.PoolingHttpClientConnectionManager] Connection [id: 5][route: {s}->https://branchtest.perfectomobile.com:443] can be kept alive indefinitely
<2017-09-26 13:05:44> DEBUG [o.a.h.i.c.PoolingHttpClientConnectionManager] Connection released: [id: 5][route: {s}->https://branchtest.perfectomobile.com:443][total kept alive: 3; route allocated: 3 of 2000; total allocated: 3 of 2000]
<2017-09-26 13:05:44> DEBUG [o.a.h.c.p.RequestAddCookies] CookieSpec selected: default
<2017-09-26 13:05:44> DEBUG [o.a.h.c.p.RequestAddCookies] Cookie [version: 0][name: JSESSIONID][value: F6E28E4994D1584E597DBDFCCCB1737E][domain: branchtest.perfectomobile.com][path: /nexperience/][expiry: null] match [(secure)branchtest.perfectomobile.com:443/nexperience/perfectomobile/wd/hub/session/223f2364-c363-4f1b-9fa3-c593981d31c4/url]
<2017-09-26 13:05:44> DEBUG [o.a.h.c.p.RequestAddCookies] Cookie [version: 0][name: fast_failed][value: true][domain: branchtest.perfectomobile.com][path: /nexperience/perfectomobile/wd/hub][expiry: null] match [(secure)branchtest.perfectomobile.com:443/nexperience/perfectomobile/wd/hub/session/223f2364-c363-4f1b-9fa3-c593981d31c4/url]
<2017-09-26 13:05:44> DEBUG [o.a.h.c.p.RequestAddCookies] Cookie [version: 0][name: fast_failed][value: true][domain: branchtest.perfectomobile.com][path: /nexperience/perfectomobile/wd/hub/session][expiry: null] match [(secure)branchtest.perfectomobile.com:443/nexperience/perfectomobile/wd/hub/session/223f2364-c363-4f1b-9fa3-c593981d31c4/url]
<2017-09-26 13:05:44> DEBUG [o.a.h.c.p.RequestAddCookies] Cookie [version: 0][name: fast_failed][value: true][domain: branchtest.perfectomobile.com][path: /nexperience/perfectomobile/wd/hub/session/223f2364-c363-4f1b-9fa3-c593981d31c4][expiry: null] match [(secure)branchtest.perfectomobile.com:443/nexperience/perfectomobile/wd/hub/session/223f2364-c363-4f1b-9fa3-c593981d31c4/url]
<2017-09-26 13:05:44> DEBUG [o.a.h.c.p.RequestAuthCache] Auth cache not set in the context
<2017-09-26 13:05:44> DEBUG [o.a.h.i.c.PoolingHttpClientConnectionManager] Connection request: [route: {s}->https://branchtest.perfectomobile.com:443][total kept alive: 3; route allocated: 3 of 2000; total allocated: 3 of 2000]
<2017-09-26 13:05:44> DEBUG [o.a.h.i.c.PoolingHttpClientConnectionManager] Connection leased: [id: 5][route: {s}->https://branchtest.perfectomobile.com:443][total kept alive: 2; route allocated: 3 of 2000; total allocated: 3 of 2000]
<2017-09-26 13:05:44> DEBUG [o.a.h.i.execchain.MainClientExec] Stale connection check
<2017-09-26 13:05:44> DEBUG [org.apache.http.wire] http-outgoing-5 << "[read] I/O error: Read timed out"
<2017-09-26 13:05:44> DEBUG [o.a.h.i.c.DefaultManagedHttpClientConnection] http-outgoing-5: set socket timeout to 10800000
<2017-09-26 13:05:44> DEBUG [o.a.h.i.execchain.MainClientExec] Executing request POST /nexperience/perfectomobile/wd/hub/session/223f2364-c363-4f1b-9fa3-c593981d31c4/url HTTP/1.1
<2017-09-26 13:05:44> DEBUG [o.a.h.i.execchain.MainClientExec] Target auth state: UNCHALLENGED
<2017-09-26 13:05:44> DEBUG [o.a.h.i.execchain.MainClientExec] Proxy auth state: UNCHALLENGED
<2017-09-26 13:05:44> DEBUG [org.apache.http.headers] http-outgoing-5 >> POST /nexperience/perfectomobile/wd/hub/session/223f2364-c363-4f1b-9fa3-c593981d31c4/url HTTP/1.1
<2017-09-26 13:05:44> DEBUG [org.apache.http.headers] http-outgoing-5 >> Content-Type: application/json; charset=utf-8
<2017-09-26 13:05:44> DEBUG [org.apache.http.headers] http-outgoing-5 >> Content-Length: 61
<2017-09-26 13:05:44> DEBUG [org.apache.http.headers] http-outgoing-5 >> Host: branchtest.perfectomobile.com
<2017-09-26 13:05:44> DEBUG [org.apache.http.headers] http-outgoing-5 >> Connection: Keep-Alive
<2017-09-26 13:05:44> DEBUG [org.apache.http.headers] http-outgoing-5 >> User-Agent: Apache-HttpClient/4.5.2 (Java/1.8.0_121)
<2017-09-26 13:05:44> DEBUG [org.apache.http.headers] http-outgoing-5 >> Cookie: JSESSIONID=F6E28E4994D1584E597DBDFCCCB1737E; fast_failed=true; fast_failed=true; fast_failed=true
<2017-09-26 13:05:44> DEBUG [org.apache.http.headers] http-outgoing-5 >> Accept-Encoding: gzip,deflate
<2017-09-26 13:05:44> DEBUG [org.apache.http.wire] http-outgoing-5 >> "POST /nexperience/perfectomobile/wd/hub/session/223f2364-c363-4f1b-9fa3-c593981d31c4/url HTTP/1.1[\r][\n]"
<2017-09-26 13:05:44> DEBUG [org.apache.http.wire] http-outgoing-5 >> "Content-Type: application/json; charset=utf-8[\r][\n]"
<2017-09-26 13:05:44> DEBUG [org.apache.http.wire] http-outgoing-5 >> "Content-Length: 61[\r][\n]"
<2017-09-26 13:05:44> DEBUG [org.apache.http.wire] http-outgoing-5 >> "Host: branchtest.perfectomobile.com[\r][\n]"
<2017-09-26 13:05:44> DEBUG [org.apache.http.wire] http-outgoing-5 >> "Connection: Keep-Alive[\r][\n]"
<2017-09-26 13:05:44> DEBUG [org.apache.http.wire] http-outgoing-5 >> "User-Agent: Apache-HttpClient/4.5.2 (Java/1.8.0_121)[\r][\n]"
<2017-09-26 13:05:44> DEBUG [org.apache.http.wire] http-outgoing-5 >> "Cookie: JSESSIONID=F6E28E4994D1584E597DBDFCCCB1737E; fast_failed=true; fast_failed=true; fast_failed=true[\r][\n]"
<2017-09-26 13:05:44> DEBUG [org.apache.http.wire] http-outgoing-5 >> "Accept-Encoding: gzip,deflate[\r][\n]"
<2017-09-26 13:05:44> DEBUG [org.apache.http.wire] http-outgoing-5 >> "[\r][\n]"
<2017-09-26 13:05:44> DEBUG [org.apache.http.wire] http-outgoing-5 >> "{"url":"http://way2automation.com/way2auto_jquery/index.php"}"
<2017-09-26 13:05:49> DEBUG [o.a.h.c.p.RequestAddCookies] CookieSpec selected: default
<2017-09-26 13:05:49> DEBUG [o.a.h.c.p.RequestAddCookies] Cookie [version: 0][name: JSESSIONID][value: F6E28E4994D1584E597DBDFCCCB1737E][domain: branchtest.perfectomobile.com][path: /nexperience/][expiry: null] match [(secure)branchtest.perfectomobile.com:443/nexperience/perfectomobile/wd/hub/session/0bb5ccaf-7de4-4682-9e6c-c5841ee5c6a7/execute]
<2017-09-26 13:05:49> DEBUG [o.a.h.c.p.RequestAddCookies] Cookie [version: 0][name: fast_failed][value: true][domain: branchtest.perfectomobile.com][path: /nexperience/perfectomobile/wd/hub][expiry: null] match [(secure)branchtest.perfectomobile.com:443/nexperience/perfectomobile/wd/hub/session/0bb5ccaf-7de4-4682-9e6c-c5841ee5c6a7/execute]
<2017-09-26 13:05:49> DEBUG [o.a.h.c.p.RequestAddCookies] Cookie [version: 0][name: fast_failed][value: true][domain: branchtest.perfectomobile.com][path: /nexperience/perfectomobile/wd/hub/session][expiry: null] match [(secure)branchtest.perfectomobile.com:443/nexperience/perfectomobile/wd/hub/session/0bb5ccaf-7de4-4682-9e6c-c5841ee5c6a7/execute]
<2017-09-26 13:05:49> DEBUG [o.a.h.c.p.RequestAddCookies] Cookie [version: 0][name: fast_failed][value: true][domain: branchtest.perfectomobile.com][path: /nexperience/perfectomobile/wd/hub/session/0bb5ccaf-7de4-4682-9e6c-c5841ee5c6a7][expiry: null] match [(secure)branchtest.perfectomobile.com:443/nexperience/perfectomobile/wd/hub/session/0bb5ccaf-7de4-4682-9e6c-c5841ee5c6a7/execute]
<2017-09-26 13:05:49> DEBUG [o.a.h.c.p.RequestAuthCache] Auth cache not set in the context
<2017-09-26 13:05:49> DEBUG [o.a.h.i.c.PoolingHttpClientConnectionManager] Connection request: [route: {s}->https://branchtest.perfectomobile.com:443][total kept alive: 2; route allocated: 3 of 2000; total allocated: 3 of 2000]
<2017-09-26 13:05:49> DEBUG [org.apache.http.wire] http-outgoing-8 << "[read] I/O error: Read timed out"
<2017-09-26 13:05:49> DEBUG [o.a.h.i.c.PoolingHttpClientConnectionManager] Connection leased: [id: 8][route: {s}->https://branchtest.perfectomobile.com:443][total kept alive: 1; route allocated: 3 of 2000; total allocated: 3 of 2000]
<2017-09-26 13:05:49> DEBUG [o.a.h.i.execchain.MainClientExec] Stale connection check
<2017-09-26 13:05:49> DEBUG [org.apache.http.wire] http-outgoing-8 << "[read] I/O error: Read timed out"
<2017-09-26 13:05:49> DEBUG [o.a.h.i.c.DefaultManagedHttpClientConnection] http-outgoing-8: set socket timeout to 10800000
<2017-09-26 13:05:49> DEBUG [o.a.h.i.execchain.MainClientExec] Executing request POST /nexperience/perfectomobile/wd/hub/session/0bb5ccaf-7de4-4682-9e6c-c5841ee5c6a7/execute HTTP/1.1
<2017-09-26 13:05:49> DEBUG [o.a.h.i.execchain.MainClientExec] Target auth state: UNCHALLENGED
<2017-09-26 13:05:49> DEBUG [o.a.h.i.execchain.MainClientExec] Proxy auth state: UNCHALLENGED
<2017-09-26 13:05:49> DEBUG [org.apache.http.headers] http-outgoing-8 >> POST /nexperience/perfectomobile/wd/hub/session/0bb5ccaf-7de4-4682-9e6c-c5841ee5c6a7/execute HTTP/1.1
<2017-09-26 13:05:49> DEBUG [org.apache.http.headers] http-outgoing-8 >> Content-Type: application/json; charset=utf-8
<2017-09-26 13:05:49> DEBUG [org.apache.http.headers] http-outgoing-8 >> Content-Length: 54
<2017-09-26 13:05:49> DEBUG [org.apache.http.headers] http-outgoing-8 >> Host: branchtest.perfectomobile.com
<2017-09-26 13:05:49> DEBUG [org.apache.http.headers] http-outgoing-8 >> Connection: Keep-Alive
<2017-09-26 13:05:49> DEBUG [org.apache.http.headers] http-outgoing-8 >> User-Agent: Apache-HttpClient/4.5.2 (Java/1.8.0_121)
<2017-09-26 13:05:49> DEBUG [org.apache.http.headers] http-outgoing-8 >> Cookie: JSESSIONID=F6E28E4994D1584E597DBDFCCCB1737E; fast_failed=true; fast_failed=true; fast_failed=true
<2017-09-26 13:05:49> DEBUG [org.apache.http.headers] http-outgoing-8 >> Accept-Encoding: gzip,deflate
<2017-09-26 13:05:49> DEBUG [org.apache.http.wire] http-outgoing-8 >> "POST /nexperience/perfectomobile/wd/hub/session/0bb5ccaf-7de4-4682-9e6c-c5841ee5c6a7/execute HTTP/1.1[\r][\n]"
<2017-09-26 13:05:49> DEBUG [org.apache.http.wire] http-outgoing-8 >> "Content-Type: application/json; charset=utf-8[\r][\n]"
<2017-09-26 13:05:49> DEBUG [org.apache.http.wire] http-outgoing-8 >> "Content-Length: 54[\r][\n]"
<2017-09-26 13:05:49> DEBUG [org.apache.http.wire] http-outgoing-8 >> "Host: branchtest.perfectomobile.com[\r][\n]"
<2017-09-26 13:05:49> DEBUG [org.apache.http.wire] http-outgoing-8 >> "Connection: Keep-Alive[\r][\n]"
<2017-09-26 13:05:49> DEBUG [org.apache.http.wire] http-outgoing-8 >> "User-Agent: Apache-HttpClient/4.5.2 (Java/1.8.0_121)[\r][\n]"
<2017-09-26 13:05:49> DEBUG [org.apache.http.wire] http-outgoing-8 >> "Cookie: JSESSIONID=F6E28E4994D1584E597DBDFCCCB1737E; fast_failed=true; fast_failed=true; fast_failed=true[\r][\n]"
<2017-09-26 13:05:49> DEBUG [org.apache.http.wire] http-outgoing-8 >> "Accept-Encoding: gzip,deflate[\r][\n]"
<2017-09-26 13:05:49> DEBUG [org.apache.http.wire] http-outgoing-8 >> "[\r][\n]"
<2017-09-26 13:05:49> DEBUG [org.apache.http.wire] http-outgoing-8 >> "{"script":"mobile:step:end","args":[{"message":null}]}"
<2017-09-26 13:05:49> DEBUG [org.apache.http.wire] http-outgoing-8 << "HTTP/1.1 200 OK[\r][\n]"
<2017-09-26 13:05:49> DEBUG [org.apache.http.wire] http-outgoing-8 << "Server: nginx[\r][\n]"
<2017-09-26 13:05:49> DEBUG [org.apache.http.wire] http-outgoing-8 << "Date: Tue, 26 Sep 2017 10:05:46 GMT[\r][\n]"
<2017-09-26 13:05:49> DEBUG [org.apache.http.wire] http-outgoing-8 << "Content-Type: application/json;charset=utf-8[\r][\n]"
<2017-09-26 13:05:49> DEBUG [org.apache.http.wire] http-outgoing-8 << "Transfer-Encoding: chunked[\r][\n]"
<2017-09-26 13:05:49> DEBUG [org.apache.http.wire] http-outgoing-8 << "Connection: keep-alive[\r][\n]"
<2017-09-26 13:05:49> DEBUG [org.apache.http.wire] http-outgoing-8 << "Set-Cookie: JSESSIONID=F6E28E4994D1584E597DBDFCCCB1737E; Path=/nexperience/; HttpOnly[\r][\n]"
<2017-09-26 13:05:49> DEBUG [org.apache.http.wire] http-outgoing-8 << "Expires: Thu, 01 Jan 1970 00:00:00 GMT[\r][\n]"
<2017-09-26 13:05:49> DEBUG [org.apache.http.wire] http-outgoing-8 << "Cache-Control: no-cache[\r][\n]"
<2017-09-26 13:05:49> DEBUG [org.apache.http.wire] http-outgoing-8 << "Cache-Control: no-cache[\r][\n]"
<2017-09-26 13:05:49> DEBUG [org.apache.http.wire] http-outgoing-8 << "Expires: Thu, 01 Jan 1970 00:00:00 GMT[\r][\n]"
<2017-09-26 13:05:49> DEBUG [org.apache.http.wire] http-outgoing-8 << "Set-Cookie: fast_failed=true[\r][\n]"
<2017-09-26 13:05:49> DEBUG [org.apache.http.wire] http-outgoing-8 << "X-XSS-Protection: 2; mode=block[\r][\n]"
<2017-09-26 13:05:49> DEBUG [org.apache.http.wire] http-outgoing-8 << "Content-Encoding: gzip[\r][\n]"
<2017-09-26 13:05:49> DEBUG [org.apache.http.wire] http-outgoing-8 << "[\r][\n]"
<2017-09-26 13:05:49> DEBUG [org.apache.http.wire] http-outgoing-8 << "95[\r][\n]"
<2017-09-26 13:05:49> DEBUG [org.apache.http.wire] http-outgoing-8 << "[0x1f][0x8b][0x8][0x0][0x0][0x0][0x0][0x0][0x0][0x3]-[0xcc][0xb1][0x12][0x82]0[0x10][0x84][0xe1]w[0xb9][0x9a]d@[0x9][0x1]Z+[[0xdf] [0x1c][0xab]2[0x13][0x12][0xe4][0x88][0x8d][0xe3][0xbb]{[0x85][0xed]?[0xdf][0xee][0x87][0x4]"KN[0xd7][0x99]F[0xaa][0xa7][0xc9]1[0x87][0xbb][0xf1]3Z[0xd3]v[0xfd][0xc9][0xc][0xe8][0xd8][0xb0][0xeb][0xdb][0x6]p[0xdc][0x5]O[0x15][0xc9][0x11][0xe]([0x97][0xc2][0xac]k-[0xcf]K[0x9e][0xb5]4[0x83]w}sv~[0xa8][0xe8][0x1d]b[0xd1][0x94]J[0x8c][0x15]q[0xc][0xea]F[0xca][0xfb][0xc3][0xe6][\r][0xe9][0x15][0xac] "-e[0xb5];[0xd6]|[0xc0][0xde] [N[0x82][0xff]]]>&#x7f;<![CDATA[Q^]]>&#x7f;<![CDATA[]]>&#x7f;<![CDATA[][0x93][0x17]L[0x9f][0x0][0x0][0x0][\r][\n]"
<2017-09-26 13:05:49> DEBUG [org.apache.http.wire] http-outgoing-8 << "0[\r][\n]"
<2017-09-26 13:05:49> DEBUG [org.apache.http.wire] http-outgoing-8 << "[\r][\n]"
<2017-09-26 13:05:49> DEBUG [org.apache.http.headers] http-outgoing-8 << HTTP/1.1 200 OK
<2017-09-26 13:05:49> DEBUG [org.apache.http.headers] http-outgoing-8 << Server: nginx
<2017-09-26 13:05:49> DEBUG [org.apache.http.headers] http-outgoing-8 << Date: Tue, 26 Sep 2017 10:05:46 GMT
<2017-09-26 13:05:49> DEBUG [org.apache.http.headers] http-outgoing-8 << Content-Type: application/json;charset=utf-8
<2017-09-26 13:05:49> DEBUG [org.apache.http.headers] http-outgoing-8 << Transfer-Encoding: chunked
<2017-09-26 13:05:49> DEBUG [org.apache.http.headers] http-outgoing-8 << Connection: keep-alive
<2017-09-26 13:05:49> DEBUG [org.apache.http.headers] http-outgoing-8 << Set-Cookie: JSESSIONID=F6E28E4994D1584E597DBDFCCCB1737E; Path=/nexperience/; HttpOnly
<2017-09-26 13:05:49> DEBUG [org.apache.http.headers] http-outgoing-8 << Expires: Thu, 01 Jan 1970 00:00:00 GMT
<2017-09-26 13:05:49> DEBUG [org.apache.http.headers] http-outgoing-8 << Cache-Control: no-cache
<2017-09-26 13:05:49> DEBUG [org.apache.http.headers] http-outgoing-8 << Cache-Control: no-cache
<2017-09-26 13:05:49> DEBUG [org.apache.http.headers] http-outgoing-8 << Expires: Thu, 01 Jan 1970 00:00:00 GMT
<2017-09-26 13:05:49> DEBUG [org.apache.http.headers] http-outgoing-8 << Set-Cookie: fast_failed=true
<2017-09-26 13:05:49> DEBUG [org.apache.http.headers] http-outgoing-8 << X-XSS-Protection: 2; mode=block
<2017-09-26 13:05:49> DEBUG [org.apache.http.headers] http-outgoing-8 << Content-Encoding: gzip
<2017-09-26 13:05:49> DEBUG [o.a.h.i.execchain.MainClientExec] Connection can be kept alive indefinitely
<2017-09-26 13:05:49> DEBUG [o.a.h.c.p.ResponseProcessCookies] Cookie accepted [JSESSIONID="F6E28E4994D1584E597DBDFCCCB1737E", version:0, domain:branchtest.perfectomobile.com, path:/nexperience/, expiry:null]
<2017-09-26 13:05:49> DEBUG [o.a.h.c.p.ResponseProcessCookies] Cookie accepted [fast_failed="true", version:0, domain:branchtest.perfectomobile.com, path:/nexperience/perfectomobile/wd/hub/session/0bb5ccaf-7de4-4682-9e6c-c5841ee5c6a7, expiry:null]
<2017-09-26 13:05:49> DEBUG [o.a.h.i.c.PoolingHttpClientConnectionManager] Connection [id: 8][route: {s}->https://branchtest.perfectomobile.com:443] can be kept alive indefinitely
<2017-09-26 13:05:49> DEBUG [o.a.h.i.c.PoolingHttpClientConnectionManager] Connection released: [id: 8][route: {s}->https://branchtest.perfectomobile.com:443][total kept alive: 2; route allocated: 3 of 2000; total allocated: 3 of 2000]
<2017-09-26 13:05:49> DEBUG [o.a.h.c.p.RequestAddCookies] CookieSpec selected: default
<2017-09-26 13:05:49> DEBUG [o.a.h.c.p.RequestAddCookies] Cookie [version: 0][name: JSESSIONID][value: F6E28E4994D1584E597DBDFCCCB1737E][domain: branchtest.perfectomobile.com][path: /nexperience/][expiry: null] match [(secure)branchtest.perfectomobile.com:443/nexperience/perfectomobile/wd/hub/session/0bb5ccaf-7de4-4682-9e6c-c5841ee5c6a7/execute]
<2017-09-26 13:05:49> DEBUG [o.a.h.c.p.RequestAddCookies] Cookie [version: 0][name: fast_failed][value: true][domain: branchtest.perfectomobile.com][path: /nexperience/perfectomobile/wd/hub][expiry: null] match [(secure)branchtest.perfectomobile.com:443/nexperience/perfectomobile/wd/hub/session/0bb5ccaf-7de4-4682-9e6c-c5841ee5c6a7/execute]
<2017-09-26 13:05:49> DEBUG [o.a.h.c.p.RequestAddCookies] Cookie [version: 0][name: fast_failed][value: true][domain: branchtest.perfectomobile.com][path: /nexperience/perfectomobile/wd/hub/session][expiry: null] match [(secure)branchtest.perfectomobile.com:443/nexperience/perfectomobile/wd/hub/session/0bb5ccaf-7de4-4682-9e6c-c5841ee5c6a7/execute]
<2017-09-26 13:05:49> DEBUG [o.a.h.c.p.RequestAddCookies] Cookie [version: 0][name: fast_failed][value: true][domain: branchtest.perfectomobile.com][path: /nexperience/perfectomobile/wd/hub/session/0bb5ccaf-7de4-4682-9e6c-c5841ee5c6a7][expiry: null] match [(secure)branchtest.perfectomobile.com:443/nexperience/perfectomobile/wd/hub/session/0bb5ccaf-7de4-4682-9e6c-c5841ee5c6a7/execute]
<2017-09-26 13:05:49> DEBUG [o.a.h.c.p.RequestAuthCache] Auth cache not set in the context
<2017-09-26 13:05:49> DEBUG [o.a.h.i.c.PoolingHttpClientConnectionManager] Connection request: [route: {s}->https://branchtest.perfectomobile.com:443][total kept alive: 2; route allocated: 3 of 2000; total allocated: 3 of 2000]
<2017-09-26 13:05:49> DEBUG [o.a.h.i.c.PoolingHttpClientConnectionManager] Connection leased: [id: 8][route: {s}->https://branchtest.perfectomobile.com:443][total kept alive: 1; route allocated: 3 of 2000; total allocated: 3 of 2000]
<2017-09-26 13:05:49> DEBUG [o.a.h.i.execchain.MainClientExec] Stale connection check
<2017-09-26 13:05:49> DEBUG [org.apache.http.wire] http-outgoing-8 << "[read] I/O error: Read timed out"
<2017-09-26 13:05:49> DEBUG [o.a.h.i.c.DefaultManagedHttpClientConnection] http-outgoing-8: set socket timeout to 10800000
<2017-09-26 13:05:49> DEBUG [o.a.h.i.execchain.MainClientExec] Executing request POST /nexperience/perfectomobile/wd/hub/session/0bb5ccaf-7de4-4682-9e6c-c5841ee5c6a7/execute HTTP/1.1
<2017-09-26 13:05:49> DEBUG [o.a.h.i.execchain.MainClientExec] Target auth state: UNCHALLENGED
<2017-09-26 13:05:49> DEBUG [o.a.h.i.execchain.MainClientExec] Proxy auth state: UNCHALLENGED
<2017-09-26 13:05:49> DEBUG [org.apache.http.headers] http-outgoing-8 >> POST /nexperience/perfectomobile/wd/hub/session/0bb5ccaf-7de4-4682-9e6c-c5841ee5c6a7/execute HTTP/1.1
<2017-09-26 13:05:49> DEBUG [org.apache.http.headers] http-outgoing-8 >> Content-Type: application/json; charset=utf-8
<2017-09-26 13:05:49> DEBUG [org.apache.http.headers] http-outgoing-8 >> Content-Length: 61
<2017-09-26 13:05:49> DEBUG [org.apache.http.headers] http-outgoing-8 >> Host: branchtest.perfectomobile.com
<2017-09-26 13:05:49> DEBUG [org.apache.http.headers] http-outgoing-8 >> Connection: Keep-Alive
<2017-09-26 13:05:49> DEBUG [org.apache.http.headers] http-outgoing-8 >> User-Agent: Apache-HttpClient/4.5.2 (Java/1.8.0_121)
<2017-09-26 13:05:49> DEBUG [org.apache.http.headers] http-outgoing-8 >> Cookie: JSESSIONID=F6E28E4994D1584E597DBDFCCCB1737E; fast_failed=true; fast_failed=true; fast_failed=true
<2017-09-26 13:05:49> DEBUG [org.apache.http.headers] http-outgoing-8 >> Accept-Encoding: gzip,deflate
<2017-09-26 13:05:49> DEBUG [org.apache.http.wire] http-outgoing-8 >> "POST /nexperience/perfectomobile/wd/hub/session/0bb5ccaf-7de4-4682-9e6c-c5841ee5c6a7/execute HTTP/1.1[\r][\n]"
<2017-09-26 13:05:49> DEBUG [org.apache.http.wire] http-outgoing-8 >> "Content-Type: application/json; charset=utf-8[\r][\n]"
<2017-09-26 13:05:49> DEBUG [org.apache.http.wire] http-outgoing-8 >> "Content-Length: 61[\r][\n]"
<2017-09-26 13:05:49> DEBUG [org.apache.http.wire] http-outgoing-8 >> "Host: branchtest.perfectomobile.com[\r][\n]"
<2017-09-26 13:05:49> DEBUG [org.apache.http.wire] http-outgoing-8 >> "Connection: Keep-Alive[\r][\n]"
<2017-09-26 13:05:49> DEBUG [org.apache.http.wire] http-outgoing-8 >> "User-Agent: Apache-HttpClient/4.5.2 (Java/1.8.0_121)[\r][\n]"
<2017-09-26 13:05:49> DEBUG [org.apache.http.wire] http-outgoing-8 >> "Cookie: JSESSIONID=F6E28E4994D1584E597DBDFCCCB1737E; fast_failed=true; fast_failed=true; fast_failed=true[\r][\n]"
<2017-09-26 13:05:49> DEBUG [org.apache.http.wire] http-outgoing-8 >> "Accept-Encoding: gzip,deflate[\r][\n]"
<2017-09-26 13:05:49> DEBUG [org.apache.http.wire] http-outgoing-8 >> "[\r][\n]"
<2017-09-26 13:05:49> DEBUG [org.apache.http.wire] http-outgoing-8 >> "{"script":"mobile:step:start","args":[{"name":"Signing in"}]}"
<2017-09-26 13:05:49> DEBUG [org.apache.http.wire] http-outgoing-5 << "HTTP/1.1 200 OK[\r][\n]"
<2017-09-26 13:05:49> DEBUG [org.apache.http.wire] http-outgoing-5 << "Server: nginx[\r][\n]"
<2017-09-26 13:05:49> DEBUG [org.apache.http.wire] http-outgoing-5 << "Date: Tue, 26 Sep 2017 10:05:46 GMT[\r][\n]"
<2017-09-26 13:05:49> DEBUG [org.apache.http.wire] http-outgoing-5 << "Content-Type: application/json;charset=utf-8[\r][\n]"
<2017-09-26 13:05:49> DEBUG [org.apache.http.wire] http-outgoing-5 << "Transfer-Encoding: chunked[\r][\n]"
<2017-09-26 13:05:49> DEBUG [org.apache.http.wire] http-outgoing-5 << "Connection: keep-alive[\r][\n]"
<2017-09-26 13:05:49> DEBUG [org.apache.http.wire] http-outgoing-5 << "Set-Cookie: JSESSIONID=F6E28E4994D1584E597DBDFCCCB1737E; Path=/nexperience/; HttpOnly[\r][\n]"
<2017-09-26 13:05:49> DEBUG [org.apache.http.wire] http-outgoing-5 << "Expires: Thu, 01 Jan 1970 00:00:00 GMT[\r][\n]"
<2017-09-26 13:05:49> DEBUG [org.apache.http.wire] http-outgoing-5 << "Cache-Control: no-cache[\r][\n]"
<2017-09-26 13:05:49> DEBUG [org.apache.http.wire] http-outgoing-5 << "Cache-Control: no-cache[\r][\n]"
<2017-09-26 13:05:49> DEBUG [org.apache.http.wire] http-outgoing-5 << "Expires: Thu, 01 Jan 1970 00:00:00 GMT[\r][\n]"
<2017-09-26 13:05:49> DEBUG [org.apache.http.wire] http-outgoing-5 << "Set-Cookie: fast_failed=true[\r][\n]"
<2017-09-26 13:05:49> DEBUG [org.apache.http.wire] http-outgoing-5 << "X-XSS-Protection: 2; mode=block[\r][\n]"
<2017-09-26 13:05:49> DEBUG [org.apache.http.wire] http-outgoing-5 << "Content-Encoding: gzip[\r][\n]"
<2017-09-26 13:05:49> DEBUG [org.apache.http.wire] http-outgoing-5 << "[\r][\n]"
<2017-09-26 13:05:49> DEBUG [org.apache.http.wire] http-outgoing-5 << "96[\r][\n]"
<2017-09-26 13:05:49> DEBUG [org.apache.http.wire] http-outgoing-5 << "[0x1f][0x8b][0x8][0x0][0x0][0x0][0x0][0x0][0x0][0x3]-[0xcc]1[0x12][0xc2] [0x10][0x85][0xe1][0xbb]l[\r]L`I[0x94][0xb4]V[0xb6][0xde][0x0][0xc9]F3C f[0x83][0x8d][0xe3][0xdd][0xdd][0xc2][0xf6][0x9f][0xef][0xbd][0xf]01/[0xb5]\'[0x18][0xc1]9[0x9c][0x1d][0xe]^'[0x1c]P[0xfb][0xd9][0xde]u[0x98]#[0xea][0xd4][0x7][0xc]g;[0xa1]M[0x1e][0x14][0xf0][0x11][0xf][0x12][0xce]-%YKy^[0xea]$[0xc5][0x6][0xef]\[0x87][0xfe][0xd4]+x[0xc7][0xdc]$[0x95][0x96][0xb3][0x82][0x94][0xa3][0xb8][0x11][0xea][0xfe]0u[0xa3][0xf2][0x8a][0x86])SY[0xda]jvZ[0xeb]A[0xe6]F[0xbc][0xd5][0xc2][0xf4][0xff]o[0xc2][0xbb][0xef][0xf][0xd8][0x12][0x89][0x97][0x9f][0x0][0x0][0x0][\r][\n]"
<2017-09-26 13:05:49> DEBUG [org.apache.http.wire] http-outgoing-5 << "0[\r][\n]"
<2017-09-26 13:05:49> DEBUG [org.apache.http.wire] http-outgoing-5 << "[\r][\n]"
<2017-09-26 13:05:49> DEBUG [org.apache.http.headers] http-outgoing-5 << HTTP/1.1 200 OK
<2017-09-26 13:05:49> DEBUG [org.apache.http.headers] http-outgoing-5 << Server: nginx
<2017-09-26 13:05:49> DEBUG [org.apache.http.headers] http-outgoing-5 << Date: Tue, 26 Sep 2017 10:05:46 GMT
<2017-09-26 13:05:49> DEBUG [org.apache.http.headers] http-outgoing-5 << Content-Type: application/json;charset=utf-8
<2017-09-26 13:05:49> DEBUG [org.apache.http.headers] http-outgoing-5 << Transfer-Encoding: chunked
<2017-09-26 13:05:49> DEBUG [org.apache.http.headers] http-outgoing-5 << Connection: keep-alive
<2017-09-26 13:05:49> DEBUG [org.apache.http.headers] http-outgoing-5 << Set-Cookie: JSESSIONID=F6E28E4994D1584E597DBDFCCCB1737E; Path=/nexperience/; HttpOnly
<2017-09-26 13:05:49> DEBUG [org.apache.http.headers] http-outgoing-5 << Expires: Thu, 01 Jan 1970 00:00:00 GMT
<2017-09-26 13:05:49> DEBUG [org.apache.http.headers] http-outgoing-5 << Cache-Control: no-cache
<2017-09-26 13:05:49> DEBUG [org.apache.http.headers] http-outgoing-5 << Cache-Control: no-cache
<2017-09-26 13:05:49> DEBUG [org.apache.http.headers] http-outgoing-5 << Expires: Thu, 01 Jan 1970 00:00:00 GMT
<2017-09-26 13:05:49> DEBUG [org.apache.http.headers] http-outgoing-5 << Set-Cookie: fast_failed=true
<2017-09-26 13:05:49> DEBUG [org.apache.http.headers] http-outgoing-5 << X-XSS-Protection: 2; mode=block
<2017-09-26 13:05:49> DEBUG [org.apache.http.headers] http-outgoing-5 << Content-Encoding: gzip
<2017-09-26 13:05:49> DEBUG [o.a.h.i.execchain.MainClientExec] Connection can be kept alive indefinitely
<2017-09-26 13:05:49> DEBUG [o.a.h.c.p.ResponseProcessCookies] Cookie accepted [JSESSIONID="F6E28E4994D1584E597DBDFCCCB1737E", version:0, domain:branchtest.perfectomobile.com, path:/nexperience/, expiry:null]
<2017-09-26 13:05:49> DEBUG [o.a.h.c.p.ResponseProcessCookies] Cookie accepted [fast_failed="true", version:0, domain:branchtest.perfectomobile.com, path:/nexperience/perfectomobile/wd/hub/session/223f2364-c363-4f1b-9fa3-c593981d31c4, expiry:null]
<2017-09-26 13:05:49> DEBUG [o.a.h.i.c.PoolingHttpClientConnectionManager] Connection [id: 5][route: {s}->https://branchtest.perfectomobile.com:443] can be kept alive indefinitely
<2017-09-26 13:05:49> DEBUG [o.a.h.i.c.PoolingHttpClientConnectionManager] Connection released: [id: 5][route: {s}->https://branchtest.perfectomobile.com:443][total kept alive: 2; route allocated: 3 of 2000; total allocated: 3 of 2000]
<2017-09-26 13:05:49> DEBUG [org.apache.http.wire] http-outgoing-8 << "HTTP/1.1 200 OK[\r][\n]"
<2017-09-26 13:05:49> DEBUG [org.apache.http.wire] http-outgoing-8 << "Server: nginx[\r][\n]"
<2017-09-26 13:05:49> DEBUG [org.apache.http.wire] http-outgoing-8 << "Date: Tue, 26 Sep 2017 10:05:46 GMT[\r][\n]"
<2017-09-26 13:05:49> DEBUG [org.apache.http.wire] http-outgoing-8 << "Content-Type: application/json;charset=utf-8[\r][\n]"
<2017-09-26 13:05:49> DEBUG [org.apache.http.wire] http-outgoing-8 << "Transfer-Encoding: chunked[\r][\n]"
<2017-09-26 13:05:49> DEBUG [org.apache.http.wire] http-outgoing-8 << "Connection: keep-alive[\r][\n]"
<2017-09-26 13:05:49> DEBUG [org.apache.http.wire] http-outgoing-8 << "Set-Cookie: JSESSIONID=F6E28E4994D1584E597DBDFCCCB1737E; Path=/nexperience/; HttpOnly[\r][\n]"
<2017-09-26 13:05:49> DEBUG [org.apache.http.wire] http-outgoing-8 << "Expires: Thu, 01 Jan 1970 00:00:00 GMT[\r][\n]"
<2017-09-26 13:05:49> DEBUG [org.apache.http.wire] http-outgoing-8 << "Cache-Control: no-cache[\r][\n]"
<2017-09-26 13:05:49> DEBUG [org.apache.http.wire] http-outgoing-8 << "Cache-Control: no-cache[\r][\n]"
<2017-09-26 13:05:49> DEBUG [org.apache.http.wire] http-outgoing-8 << "Expires: Thu, 01 Jan 1970 00:00:00 GMT[\r][\n]"
<2017-09-26 13:05:49> DEBUG [org.apache.http.wire] http-outgoing-8 << "Set-Cookie: fast_failed=true[\r][\n]"
<2017-09-26 13:05:49> DEBUG [org.apache.http.wire] http-outgoing-8 << "X-XSS-Protection: 2; mode=block[\r][\n]"
<2017-09-26 13:05:49> DEBUG [org.apache.http.wire] http-outgoing-8 << "Content-Encoding: gzip[\r][\n]"
<2017-09-26 13:05:49> DEBUG [org.apache.http.wire] http-outgoing-8 << "[\r][\n]"
<2017-09-26 13:05:49> DEBUG [org.apache.http.wire] http-outgoing-8 << "93[\r][\n]"
<2017-09-26 13:05:49> DEBUG [org.apache.http.wire] http-outgoing-8 << "[0x1f][0x8b][0x8][0x0][0x0][0x0][0x0][0x0][0x0][0x3]-[0xcc][0xc1][0xe][0x82]0[0x10][0x4][0xd0]]]>&#x7f;<![CDATA[[0xd9]3m[0xaa]R[0xa0]\=y[0xf5][0xf][0xca]2*[0x9][0xb4][0xc8]R/[0xc6]]]>&#x7f;<![CDATA[wM[0xbc][0xce][0xbc][0x99]7[0x9]D[0xa6][0x9c].#[0xf5][0xe4][0x86][0xc1]3[0xc7][0x9b]iG[0xd4][0xa6]n[0xba][0xa3][0x9]h[0xd8][0xb0][0xef][0xea][0x3][0xe0][0xb9][0x89]-U${[0xdc][0xa1]\[\n]"
<2017-09-26 13:05:49> DEBUG [org.apache.http.wire] http-outgoing-8 << "[0xb3][0xae]5y[0x9c][0xf3][0xa8]IhO.[0xf8]pt[0x15][0xbd][0xe2]\~FK[0x9e][0xa3][0xa2][0x9e][0xf2]v[0xb7]yEzF+[0x98][0x91][0xa6][0xb2][0xd8][\r]K[0xde]a[0xaf][0x90]5'[0xc1][0xff][0xbc](w[0x9f]/[0x9a]H[0x9f][0xd2][0x9c][0x0][0x0][0x0][\r][\n]"
<2017-09-26 13:05:49> DEBUG [org.apache.http.wire] http-outgoing-8 << "0[\r][\n]"
<2017-09-26 13:05:49> DEBUG [org.apache.http.wire] http-outgoing-8 << "[\r][\n]"
<2017-09-26 13:05:49> DEBUG [org.apache.http.headers] http-outgoing-8 << HTTP/1.1 200 OK
<2017-09-26 13:05:49> DEBUG [org.apache.http.headers] http-outgoing-8 << Server: nginx
<2017-09-26 13:05:49> DEBUG [org.apache.http.headers] http-outgoing-8 << Date: Tue, 26 Sep 2017 10:05:46 GMT
<2017-09-26 13:05:49> DEBUG [org.apache.http.headers] http-outgoing-8 << Content-Type: application/json;charset=utf-8
<2017-09-26 13:05:49> DEBUG [org.apache.http.headers] http-outgoing-8 << Transfer-Encoding: chunked
<2017-09-26 13:05:49> DEBUG [org.apache.http.headers] http-outgoing-8 << Connection: keep-alive
<2017-09-26 13:05:49> DEBUG [org.apache.http.headers] http-outgoing-8 << Set-Cookie: JSESSIONID=F6E28E4994D1584E597DBDFCCCB1737E; Path=/nexperience/; HttpOnly
<2017-09-26 13:05:49> DEBUG [org.apache.http.headers] http-outgoing-8 << Expires: Thu, 01 Jan 1970 00:00:00 GMT
<2017-09-26 13:05:49> DEBUG [org.apache.http.headers] http-outgoing-8 << Cache-Control: no-cache
<2017-09-26 13:05:49> DEBUG [org.apache.http.headers] http-outgoing-8 << Cache-Control: no-cache
<2017-09-26 13:05:49> DEBUG [org.apache.http.headers] http-outgoing-8 << Expires: Thu, 01 Jan 1970 00:00:00 GMT
<2017-09-26 13:05:49> DEBUG [org.apache.http.headers] http-outgoing-8 << Set-Cookie: fast_failed=true
<2017-09-26 13:05:49> DEBUG [org.apache.http.headers] http-outgoing-8 << X-XSS-Protection: 2; mode=block
<2017-09-26 13:05:49> DEBUG [org.apache.http.headers] http-outgoing-8 << Content-Encoding: gzip
<2017-09-26 13:05:49> DEBUG [o.a.h.i.execchain.MainClientExec] Connection can be kept alive indefinitely
<2017-09-26 13:05:49> DEBUG [o.a.h.c.p.ResponseProcessCookies] Cookie accepted [JSESSIONID="F6E28E4994D1584E597DBDFCCCB1737E", version:0, domain:branchtest.perfectomobile.com, path:/nexperience/, expiry:null]
<2017-09-26 13:05:49> DEBUG [o.a.h.c.p.ResponseProcessCookies] Cookie accepted [fast_failed="true", version:0, domain:branchtest.perfectomobile.com, path:/nexperience/perfectomobile/wd/hub/session/0bb5ccaf-7de4-4682-9e6c-c5841ee5c6a7, expiry:null]
<2017-09-26 13:05:49> DEBUG [o.a.h.i.c.PoolingHttpClientConnectionManager] Connection [id: 8][route: {s}->https://branchtest.perfectomobile.com:443] can be kept alive indefinitely
<2017-09-26 13:05:49> DEBUG [o.a.h.i.c.PoolingHttpClientConnectionManager] Connection released: [id: 8][route: {s}->https://branchtest.perfectomobile.com:443][total kept alive: 3; route allocated: 3 of 2000; total allocated: 3 of 2000]
<2017-09-26 13:05:49> DEBUG [o.a.h.c.p.RequestAddCookies] CookieSpec selected: default
<2017-09-26 13:05:49> DEBUG [o.a.h.c.p.RequestAddCookies] Cookie [version: 0][name: JSESSIONID][value: F6E28E4994D1584E597DBDFCCCB1737E][domain: branchtest.perfectomobile.com][path: /nexperience/][expiry: null] match [(secure)branchtest.perfectomobile.com:443/nexperience/perfectomobile/wd/hub/session/0bb5ccaf-7de4-4682-9e6c-c5841ee5c6a7/element]
<2017-09-26 13:05:49> DEBUG [o.a.h.c.p.RequestAddCookies] Cookie [version: 0][name: fast_failed][value: true][domain: branchtest.perfectomobile.com][path: /nexperience/perfectomobile/wd/hub][expiry: null] match [(secure)branchtest.perfectomobile.com:443/nexperience/perfectomobile/wd/hub/session/0bb5ccaf-7de4-4682-9e6c-c5841ee5c6a7/element]
<2017-09-26 13:05:49> DEBUG [o.a.h.c.p.RequestAddCookies] Cookie [version: 0][name: fast_failed][value: true][domain: branchtest.perfectomobile.com][path: /nexperience/perfectomobile/wd/hub/session][expiry: null] match [(secure)branchtest.perfectomobile.com:443/nexperience/perfectomobile/wd/hub/session/0bb5ccaf-7de4-4682-9e6c-c5841ee5c6a7/element]
<2017-09-26 13:05:49> DEBUG [o.a.h.c.p.RequestAddCookies] Cookie [version: 0][name: fast_failed][value: true][domain: branchtest.perfectomobile.com][path: /nexperience/perfectomobile/wd/hub/session/0bb5ccaf-7de4-4682-9e6c-c5841ee5c6a7][expiry: null] match [(secure)branchtest.perfectomobile.com:443/nexperience/perfectomobile/wd/hub/session/0bb5ccaf-7de4-4682-9e6c-c5841ee5c6a7/element]
<2017-09-26 13:05:49> DEBUG [o.a.h.c.p.RequestAuthCache] Auth cache not set in the context
<2017-09-26 13:05:49> DEBUG [o.a.h.i.c.PoolingHttpClientConnectionManager] Connection request: [route: {s}->https://branchtest.perfectomobile.com:443][total kept alive: 3; route allocated: 3 of 2000; total allocated: 3 of 2000]
<2017-09-26 13:05:49> DEBUG [o.a.h.i.c.PoolingHttpClientConnectionManager] Connection leased: [id: 8][route: {s}->https://branchtest.perfectomobile.com:443][total kept alive: 2; route allocated: 3 of 2000; total allocated: 3 of 2000]
<2017-09-26 13:05:49> DEBUG [o.a.h.i.execchain.MainClientExec] Stale connection check
<2017-09-26 13:05:49> DEBUG [org.apache.http.wire] http-outgoing-8 << "[read] I/O error: Read timed out"
<2017-09-26 13:05:49> DEBUG [o.a.h.i.c.DefaultManagedHttpClientConnection] http-outgoing-8: set socket timeout to 10800000
<2017-09-26 13:05:49> DEBUG [o.a.h.i.execchain.MainClientExec] Executing request POST /nexperience/perfectomobile/wd/hub/session/0bb5ccaf-7de4-4682-9e6c-c5841ee5c6a7/element HTTP/1.1
<2017-09-26 13:05:49> DEBUG [o.a.h.i.execchain.MainClientExec] Target auth state: UNCHALLENGED
<2017-09-26 13:05:49> DEBUG [o.a.h.i.execchain.MainClientExec] Proxy auth state: UNCHALLENGED
<2017-09-26 13:05:49> DEBUG [org.apache.http.headers] http-outgoing-8 >> POST /nexperience/perfectomobile/wd/hub/session/0bb5ccaf-7de4-4682-9e6c-c5841ee5c6a7/element HTTP/1.1
<2017-09-26 13:05:49> DEBUG [org.apache.http.headers] http-outgoing-8 >> Content-Type: application/json; charset=utf-8
<2017-09-26 13:05:49> DEBUG [org.apache.http.headers] http-outgoing-8 >> Content-Length: 54
<2017-09-26 13:05:49> DEBUG [org.apache.http.headers] http-outgoing-8 >> Host: branchtest.perfectomobile.com
<2017-09-26 13:05:49> DEBUG [org.apache.http.headers] http-outgoing-8 >> Connection: Keep-Alive
<2017-09-26 13:05:49> DEBUG [org.apache.http.headers] http-outgoing-8 >> User-Agent: Apache-HttpClient/4.5.2 (Java/1.8.0_121)
<2017-09-26 13:05:49> DEBUG [org.apache.http.headers] http-outgoing-8 >> Cookie: JSESSIONID=F6E28E4994D1584E597DBDFCCCB1737E; fast_failed=true; fast_failed=true; fast_failed=true
<2017-09-26 13:05:49> DEBUG [org.apache.http.headers] http-outgoing-8 >> Accept-Encoding: gzip,deflate
<2017-09-26 13:05:49> DEBUG [org.apache.http.wire] http-outgoing-8 >> "POST /nexperience/perfectomobile/wd/hub/session/0bb5ccaf-7de4-4682-9e6c-c5841ee5c6a7/element HTTP/1.1[\r][\n]"
<2017-09-26 13:05:49> DEBUG [org.apache.http.wire] http-outgoing-8 >> "Content-Type: application/json; charset=utf-8[\r][\n]"
<2017-09-26 13:05:49> DEBUG [org.apache.http.wire] http-outgoing-8 >> "Content-Length: 54[\r][\n]"
<2017-09-26 13:05:49> DEBUG [org.apache.http.wire] http-outgoing-8 >> "Host: branchtest.perfectomobile.com[\r][\n]"
<2017-09-26 13:05:49> DEBUG [org.apache.http.wire] http-outgoing-8 >> "Connection: Keep-Alive[\r][\n]"
<2017-09-26 13:05:49> DEBUG [org.apache.http.wire] http-outgoing-8 >> "User-Agent: Apache-HttpClient/4.5.2 (Java/1.8.0_121)[\r][\n]"
<2017-09-26 13:05:49> DEBUG [org.apache.http.wire] http-outgoing-8 >> "Cookie: JSESSIONID=F6E28E4994D1584E597DBDFCCCB1737E; fast_failed=true; fast_failed=true; fast_failed=true[\r][\n]"
<2017-09-26 13:05:49> DEBUG [org.apache.http.wire] http-outgoing-8 >> "Accept-Encoding: gzip,deflate[\r][\n]"
<2017-09-26 13:05:49> DEBUG [org.apache.http.wire] http-outgoing-8 >> "[\r][\n]"
<2017-09-26 13:05:49> DEBUG [org.apache.http.wire] http-outgoing-8 >> "{"using":"xpath","value":"(//*[@name='username'])[2]"}"
<2017-09-26 13:05:50> DEBUG [org.apache.http.wire] http-outgoing-8 << "HTTP/1.1 200 OK[\r][\n]"
<2017-09-26 13:05:50> DEBUG [org.apache.http.wire] http-outgoing-8 << "Server: nginx[\r][\n]"
<2017-09-26 13:05:50> DEBUG [org.apache.http.wire] http-outgoing-8 << "Date: Tue, 26 Sep 2017 10:05:46 GMT[\r][\n]"
<2017-09-26 13:05:50> DEBUG [org.apache.http.wire] http-outgoing-8 << "Content-Type: application/json;charset=utf-8[\r][\n]"
<2017-09-26 13:05:50> DEBUG [org.apache.http.wire] http-outgoing-8 << "Transfer-Encoding: chunked[\r][\n]"
<2017-09-26 13:05:50> DEBUG [org.apache.http.wire] http-outgoing-8 << "Connection: keep-alive[\r][\n]"
<2017-09-26 13:05:50> DEBUG [org.apache.http.wire] http-outgoing-8 << "Set-Cookie: JSESSIONID=F6E28E4994D1584E597DBDFCCCB1737E; Path=/nexperience/; HttpOnly[\r][\n]"
<2017-09-26 13:05:50> DEBUG [org.apache.http.wire] http-outgoing-8 << "Expires: Thu, 01 Jan 1970 00:00:00 GMT[\r][\n]"
<2017-09-26 13:05:50> DEBUG [org.apache.http.wire] http-outgoing-8 << "Cache-Control: no-cache[\r][\n]"
<2017-09-26 13:05:50> DEBUG [org.apache.http.wire] http-outgoing-8 << "Cache-Control: no-cache[\r][\n]"
<2017-09-26 13:05:50> DEBUG [org.apache.http.wire] http-outgoing-8 << "Expires: Thu, 01 Jan 1970 00:00:00 GMT[\r][\n]"
<2017-09-26 13:05:50> DEBUG [org.apache.http.wire] http-outgoing-8 << "Set-Cookie: fast_failed=true[\r][\n]"
<2017-09-26 13:05:50> DEBUG [org.apache.http.wire] http-outgoing-8 << "X-XSS-Protection: 2; mode=block[\r][\n]"
<2017-09-26 13:05:50> DEBUG [org.apache.http.wire] http-outgoing-8 << "Content-Encoding: gzip[\r][\n]"
<2017-09-26 13:05:50> DEBUG [org.apache.http.wire] http-outgoing-8 << "[\r][\n]"
<2017-09-26 13:05:50> DEBUG [org.apache.http.wire] http-outgoing-8 << "a0[\r][\n]"
<2017-09-26 13:05:50> DEBUG [org.apache.http.wire] http-outgoing-8 << "[0x1f][0x8b][0x8][0x0][0x0][0x0][0x0][0x0][0x0][0x3]-[0x8d]A[0xe][0x82]0[0x10][0x0][0xff][0xb2]g[0xda]@[0xd3][0x2]r5[0x1c]H[0xd4][0x83][0xf1][0x3]eY[0x95][0x4]Zd[0xa9][0x17][0xc2][0xdf][0xdd][0x83][0xd7][0xc9]Lf[0x7]&[0xe6]1[0x86]n[0x80][0x6][0xf2][0xbe]w[0x88][0xfe][0xa9][0xaa][0x81][0xac][0xb2]em[0xd4][0x89]JT[0xe8]j[[0x10]9,}[0x5][0x19][0xf0][0xe6]7[0x12][0x9d][0x13][0xa2][0xd4]B[0xde][0xe7]8[0x8])[0x8c]s[0xce][0x9a][0xca][0x98][0xc][0xbe]~J[0x82]vh/[0xed][0xb5][0xbd]=[0xc4]/[0xe0][0xc8][0x0]'/I[0x3]q}[0xe9][0xb8]P[0xf8]x[0xcd]4Q[0x18][0xd3][0xac]W[0x9a][0xe3]F[0xfa]N[0xbc][0xc4][0xc0][0xf4]_%[0xd1][0xf3][0xe3][0x7][0xc4]v[0x84][0x88][0xaa][0x0][0x0][0x0][\r][\n]"
<2017-09-26 13:05:50> DEBUG [org.apache.http.wire] http-outgoing-8 << "0[\r][\n]"
<2017-09-26 13:05:50> DEBUG [org.apache.http.wire] http-outgoing-8 << "[\r][\n]"
<2017-09-26 13:05:50> DEBUG [org.apache.http.headers] http-outgoing-8 << HTTP/1.1 200 OK
<2017-09-26 13:05:50> DEBUG [org.apache.http.headers] http-outgoing-8 << Server: nginx
<2017-09-26 13:05:50> DEBUG [org.apache.http.headers] http-outgoing-8 << Date: Tue, 26 Sep 2017 10:05:46 GMT
<2017-09-26 13:05:50> DEBUG [org.apache.http.headers] http-outgoing-8 << Content-Type: application/json;charset=utf-8
<2017-09-26 13:05:50> DEBUG [org.apache.http.headers] http-outgoing-8 << Transfer-Encoding: chunked
<2017-09-26 13:05:50> DEBUG [org.apache.http.headers] http-outgoing-8 << Connection: keep-alive
<2017-09-26 13:05:50> DEBUG [org.apache.http.headers] http-outgoing-8 << Set-Cookie: JSESSIONID=F6E28E4994D1584E597DBDFCCCB1737E; Path=/nexperience/; HttpOnly
<2017-09-26 13:05:50> DEBUG [org.apache.http.headers] http-outgoing-8 << Expires: Thu, 01 Jan 1970 00:00:00 GMT
<2017-09-26 13:05:50> DEBUG [org.apache.http.headers] http-outgoing-8 << Cache-Control: no-cache
<2017-09-26 13:05:50> DEBUG [org.apache.http.headers] http-outgoing-8 << Cache-Control: no-cache
<2017-09-26 13:05:50> DEBUG [org.apache.http.headers] http-outgoing-8 << Expires: Thu, 01 Jan 1970 00:00:00 GMT
<2017-09-26 13:05:50> DEBUG [org.apache.http.headers] http-outgoing-8 << Set-Cookie: fast_failed=true
<2017-09-26 13:05:50> DEBUG [org.apache.http.headers] http-outgoing-8 << X-XSS-Protection: 2; mode=block
<2017-09-26 13:05:50> DEBUG [org.apache.http.headers] http-outgoing-8 << Content-Encoding: gzip
<2017-09-26 13:05:50> DEBUG [o.a.h.i.execchain.MainClientExec] Connection can be kept alive indefinitely
<2017-09-26 13:05:50> DEBUG [o.a.h.c.p.ResponseProcessCookies] Cookie accepted [JSESSIONID="F6E28E4994D1584E597DBDFCCCB1737E", version:0, domain:branchtest.perfectomobile.com, path:/nexperience/, expiry:null]
<2017-09-26 13:05:50> DEBUG [o.a.h.c.p.ResponseProcessCookies] Cookie accepted [fast_failed="true", version:0, domain:branchtest.perfectomobile.com, path:/nexperience/perfectomobile/wd/hub/session/0bb5ccaf-7de4-4682-9e6c-c5841ee5c6a7, expiry:null]
<2017-09-26 13:05:50> DEBUG [o.a.h.i.c.PoolingHttpClientConnectionManager] Connection [id: 8][route: {s}->https://branchtest.perfectomobile.com:443] can be kept alive indefinitely
<2017-09-26 13:05:50> DEBUG [o.a.h.i.c.PoolingHttpClientConnectionManager] Connection released: [id: 8][route: {s}->https://branchtest.perfectomobile.com:443][total kept alive: 3; route allocated: 3 of 2000; total allocated: 3 of 2000]
<2017-09-26 13:05:50> DEBUG [o.a.h.c.p.RequestAddCookies] CookieSpec selected: default
<2017-09-26 13:05:50> DEBUG [o.a.h.c.p.RequestAddCookies] Cookie [version: 0][name: JSESSIONID][value: F6E28E4994D1584E597DBDFCCCB1737E][domain: branchtest.perfectomobile.com][path: /nexperience/][expiry: null] match [(secure)branchtest.perfectomobile.com:443/nexperience/perfectomobile/wd/hub/session/0bb5ccaf-7de4-4682-9e6c-c5841ee5c6a7/element/1/value]
<2017-09-26 13:05:50> DEBUG [o.a.h.c.p.RequestAddCookies] Cookie [version: 0][name: fast_failed][value: true][domain: branchtest.perfectomobile.com][path: /nexperience/perfectomobile/wd/hub][expiry: null] match [(secure)branchtest.perfectomobile.com:443/nexperience/perfectomobile/wd/hub/session/0bb5ccaf-7de4-4682-9e6c-c5841ee5c6a7/element/1/value]
<2017-09-26 13:05:50> DEBUG [o.a.h.c.p.RequestAddCookies] Cookie [version: 0][name: fast_failed][value: true][domain: branchtest.perfectomobile.com][path: /nexperience/perfectomobile/wd/hub/session][expiry: null] match [(secure)branchtest.perfectomobile.com:443/nexperience/perfectomobile/wd/hub/session/0bb5ccaf-7de4-4682-9e6c-c5841ee5c6a7/element/1/value]
<2017-09-26 13:05:50> DEBUG [o.a.h.c.p.RequestAddCookies] Cookie [version: 0][name: fast_failed][value: true][domain: branchtest.perfectomobile.com][path: /nexperience/perfectomobile/wd/hub/session/0bb5ccaf-7de4-4682-9e6c-c5841ee5c6a7][expiry: null] match [(secure)branchtest.perfectomobile.com:443/nexperience/perfectomobile/wd/hub/session/0bb5ccaf-7de4-4682-9e6c-c5841ee5c6a7/element/1/value]
<2017-09-26 13:05:50> DEBUG [o.a.h.c.p.RequestAuthCache] Auth cache not set in the context
<2017-09-26 13:05:50> DEBUG [o.a.h.i.c.PoolingHttpClientConnectionManager] Connection request: [route: {s}->https://branchtest.perfectomobile.com:443][total kept alive: 3; route allocated: 3 of 2000; total allocated: 3 of 2000]
<2017-09-26 13:05:50> DEBUG [o.a.h.i.c.PoolingHttpClientConnectionManager] Connection leased: [id: 8][route: {s}->https://branchtest.perfectomobile.com:443][total kept alive: 2; route allocated: 3 of 2000; total allocated: 3 of 2000]
<2017-09-26 13:05:50> DEBUG [o.a.h.i.execchain.MainClientExec] Stale connection check
<2017-09-26 13:05:50> DEBUG [org.apache.http.wire] http-outgoing-8 << "[read] I/O error: Read timed out"
<2017-09-26 13:05:50> DEBUG [o.a.h.i.c.DefaultManagedHttpClientConnection] http-outgoing-8: set socket timeout to 10800000
<2017-09-26 13:05:50> DEBUG [o.a.h.i.execchain.MainClientExec] Executing request POST /nexperience/perfectomobile/wd/hub/session/0bb5ccaf-7de4-4682-9e6c-c5841ee5c6a7/element/1/value HTTP/1.1
<2017-09-26 13:05:50> DEBUG [o.a.h.i.execchain.MainClientExec] Target auth state: UNCHALLENGED
<2017-09-26 13:05:50> DEBUG [o.a.h.i.execchain.MainClientExec] Proxy auth state: UNCHALLENGED
<2017-09-26 13:05:50> DEBUG [org.apache.http.headers] http-outgoing-8 >> POST /nexperience/perfectomobile/wd/hub/session/0bb5ccaf-7de4-4682-9e6c-c5841ee5c6a7/element/1/value HTTP/1.1
<2017-09-26 13:05:50> DEBUG [org.apache.http.headers] http-outgoing-8 >> Content-Type: application/json; charset=utf-8
<2017-09-26 13:05:50> DEBUG [org.apache.http.headers] http-outgoing-8 >> Content-Length: 28
<2017-09-26 13:05:50> DEBUG [org.apache.http.headers] http-outgoing-8 >> Host: branchtest.perfectomobile.com
<2017-09-26 13:05:50> DEBUG [org.apache.http.headers] http-outgoing-8 >> Connection: Keep-Alive
<2017-09-26 13:05:50> DEBUG [org.apache.http.headers] http-outgoing-8 >> User-Agent: Apache-HttpClient/4.5.2 (Java/1.8.0_121)
<2017-09-26 13:05:50> DEBUG [org.apache.http.headers] http-outgoing-8 >> Cookie: JSESSIONID=F6E28E4994D1584E597DBDFCCCB1737E; fast_failed=true; fast_failed=true; fast_failed=true
<2017-09-26 13:05:50> DEBUG [org.apache.http.headers] http-outgoing-8 >> Accept-Encoding: gzip,deflate
<2017-09-26 13:05:50> DEBUG [org.apache.http.wire] http-outgoing-8 >> "POST /nexperience/perfectomobile/wd/hub/session/0bb5ccaf-7de4-4682-9e6c-c5841ee5c6a7/element/1/value HTTP/1.1[\r][\n]"
<2017-09-26 13:05:50> DEBUG [org.apache.http.wire] http-outgoing-8 >> "Content-Type: application/json; charset=utf-8[\r][\n]"
<2017-09-26 13:05:50> DEBUG [org.apache.http.wire] http-outgoing-8 >> "Content-Length: 28[\r][\n]"
<2017-09-26 13:05:50> DEBUG [org.apache.http.wire] http-outgoing-8 >> "Host: branchtest.perfectomobile.com[\r][\n]"
<2017-09-26 13:05:50> DEBUG [org.apache.http.wire] http-outgoing-8 >> "Connection: Keep-Alive[\r][\n]"
<2017-09-26 13:05:50> DEBUG [org.apache.http.wire] http-outgoing-8 >> "User-Agent: Apache-HttpClient/4.5.2 (Java/1.8.0_121)[\r][\n]"
<2017-09-26 13:05:50> DEBUG [org.apache.http.wire] http-outgoing-8 >> "Cookie: JSESSIONID=F6E28E4994D1584E597DBDFCCCB1737E; fast_failed=true; fast_failed=true; fast_failed=true[\r][\n]"
<2017-09-26 13:05:50> DEBUG [org.apache.http.wire] http-outgoing-8 >> "Accept-Encoding: gzip,deflate[\r][\n]"
<2017-09-26 13:05:50> DEBUG [org.apache.http.wire] http-outgoing-8 >> "[\r][\n]"
<2017-09-26 13:05:50> DEBUG [org.apache.http.wire] http-outgoing-8 >> "{"id":"1","value":["liron"]}"
<2017-09-26 13:05:50> DEBUG [org.apache.http.wire] http-outgoing-8 << "HTTP/1.1 200 OK[\r][\n]"
<2017-09-26 13:05:50> DEBUG [org.apache.http.wire] http-outgoing-8 << "Server: nginx[\r][\n]"
<2017-09-26 13:05:50> DEBUG [org.apache.http.wire] http-outgoing-8 << "Date: Tue, 26 Sep 2017 10:05:47 GMT[\r][\n]"
<2017-09-26 13:05:50> DEBUG [org.apache.http.wire] http-outgoing-8 << "Content-Type: application/json;charset=utf-8[\r][\n]"
<2017-09-26 13:05:50> DEBUG [org.apache.http.wire] http-outgoing-8 << "Transfer-Encoding: chunked[\r][\n]"
<2017-09-26 13:05:50> DEBUG [org.apache.http.wire] http-outgoing-8 << "Connection: keep-alive[\r][\n]"
<2017-09-26 13:05:50> DEBUG [org.apache.http.wire] http-outgoing-8 << "Set-Cookie: JSESSIONID=F6E28E4994D1584E597DBDFCCCB1737E; Path=/nexperience/; HttpOnly[\r][\n]"
<2017-09-26 13:05:50> DEBUG [org.apache.http.wire] http-outgoing-8 << "Expires: Thu, 01 Jan 1970 00:00:00 GMT[\r][\n]"
<2017-09-26 13:05:50> DEBUG [org.apache.http.wire] http-outgoing-8 << "Cache-Control: no-cache[\r][\n]"
<2017-09-26 13:05:50> DEBUG [org.apache.http.wire] http-outgoing-8 << "Cache-Control: no-cache[\r][\n]"
<2017-09-26 13:05:50> DEBUG [org.apache.http.wire] http-outgoing-8 << "Expires: Thu, 01 Jan 1970 00:00:00 GMT[\r][\n]"
<2017-09-26 13:05:50> DEBUG [org.apache.http.wire] http-outgoing-8 << "Set-Cookie: fast_failed=true[\r][\n]"
<2017-09-26 13:05:50> DEBUG [org.apache.http.wire] http-outgoing-8 << "X-XSS-Protection: 2; mode=block[\r][\n]"
<2017-09-26 13:05:50> DEBUG [org.apache.http.wire] http-outgoing-8 << "Content-Encoding: gzip[\r][\n]"
<2017-09-26 13:05:50> DEBUG [org.apache.http.wire] http-outgoing-8 << "[\r][\n]"
<2017-09-26 13:05:50> DEBUG [org.apache.http.wire] http-outgoing-8 << "96[\r][\n]"
<2017-09-26 13:05:50> DEBUG [org.apache.http.wire] http-outgoing-8 << "[0x1f][0x8b][0x8][0x0][0x0][0x0][0x0][0x0][0x0][0x3]-[0xcc]1[0x12][0xc2] [0x10][0x85][0xe1][0xbb]l[0x1d][0x18][0x88][0x9]`Z+[o@6[0xab]f[0x86]@[0xcc][0x82][0x8d][0xe3][0xdd][0xdd][0xc2][0xf6][0x9f][0xef][0xbd][0xf]01[0xaf]%_[0x17][0x98][0xc0][0xcc][0xf3][0x88][0x18][0xef][0xca]/4[0xa8][0xc1][0x85]^[0x9d][0xc9][0xa1][0xc2]1[0xc][0x96]hD[0x17]=t[0xc0]5V[0x12][0xce][\r]Q[0xd6]R[0x9e][0x97][0xb2]H[0xb1][0xe1]d[0xac][0xb7][0xbd][0xf1][0x1d][0xbc]cj[0x92]rK[0xa9][0x3]LQ[0xdc][0x4][0xe5]x[0xe8][0xb2]S~E[0xcd][0x94]([0xaf]m[0xd3][0x7]m[0xa5][0x92][0xbe][0x11][0xef]%3[0xfd][0xff][0x9b]p[0xf3][0xfd][0x1][0xba]Q[0xb6][0x80][0x9f][0x0][0x0][0x0][\r][\n]"
<2017-09-26 13:05:50> DEBUG [org.apache.http.wire] http-outgoing-8 << "0[\r][\n]"
<2017-09-26 13:05:50> DEBUG [org.apache.http.wire] http-outgoing-8 << "[\r][\n]"
<2017-09-26 13:05:50> DEBUG [org.apache.http.headers] http-outgoing-8 << HTTP/1.1 200 OK
<2017-09-26 13:05:50> DEBUG [org.apache.http.headers] http-outgoing-8 << Server: nginx
<2017-09-26 13:05:50> DEBUG [org.apache.http.headers] http-outgoing-8 << Date: Tue, 26 Sep 2017 10:05:47 GMT
<2017-09-26 13:05:50> DEBUG [org.apache.http.headers] http-outgoing-8 << Content-Type: application/json;charset=utf-8
<2017-09-26 13:05:50> DEBUG [org.apache.http.headers] http-outgoing-8 << Transfer-Encoding: chunked
<2017-09-26 13:05:50> DEBUG [org.apache.http.headers] http-outgoing-8 << Connection: keep-alive
<2017-09-26 13:05:50> DEBUG [org.apache.http.headers] http-outgoing-8 << Set-Cookie: JSESSIONID=F6E28E4994D1584E597DBDFCCCB1737E; Path=/nexperience/; HttpOnly
<2017-09-26 13:05:50> DEBUG [org.apache.http.headers] http-outgoing-8 << Expires: Thu, 01 Jan 1970 00:00:00 GMT
<2017-09-26 13:05:50> DEBUG [org.apache.http.headers] http-outgoing-8 << Cache-Control: no-cache
<2017-09-26 13:05:50> DEBUG [org.apache.http.headers] http-outgoing-8 << Cache-Control: no-cache
<2017-09-26 13:05:50> DEBUG [org.apache.http.headers] http-outgoing-8 << Expires: Thu, 01 Jan 1970 00:00:00 GMT
<2017-09-26 13:05:50> DEBUG [org.apache.http.headers] http-outgoing-8 << Set-Cookie: fast_failed=true
<2017-09-26 13:05:50> DEBUG [org.apache.http.headers] http-outgoing-8 << X-XSS-Protection: 2; mode=block
<2017-09-26 13:05:50> DEBUG [org.apache.http.headers] http-outgoing-8 << Content-Encoding: gzip
<2017-09-26 13:05:50> DEBUG [o.a.h.i.execchain.MainClientExec] Connection can be kept alive indefinitely
<2017-09-26 13:05:50> DEBUG [o.a.h.c.p.ResponseProcessCookies] Cookie accepted [JSESSIONID="F6E28E4994D1584E597DBDFCCCB1737E", version:0, domain:branchtest.perfectomobile.com, path:/nexperience/, expiry:null]
<2017-09-26 13:05:50> DEBUG [o.a.h.c.p.ResponseProcessCookies] Cookie accepted [fast_failed="true", version:0, domain:branchtest.perfectomobile.com, path:/nexperience/perfectomobile/wd/hub/session/0bb5ccaf-7de4-4682-9e6c-c5841ee5c6a7/element/1, expiry:null]
<2017-09-26 13:05:50> DEBUG [o.a.h.i.c.PoolingHttpClientConnectionManager] Connection [id: 8][route: {s}->https://branchtest.perfectomobile.com:443] can be kept alive indefinitely
<2017-09-26 13:05:50> DEBUG [o.a.h.i.c.PoolingHttpClientConnectionManager] Connection released: [id: 8][route: {s}->https://branchtest.perfectomobile.com:443][total kept alive: 3; route allocated: 3 of 2000; total allocated: 3 of 2000]
<2017-09-26 13:05:50> DEBUG [o.a.h.c.p.RequestAddCookies] CookieSpec selected: default
<2017-09-26 13:05:50> DEBUG [o.a.h.c.p.RequestAddCookies] Cookie [version: 0][name: JSESSIONID][value: F6E28E4994D1584E597DBDFCCCB1737E][domain: branchtest.perfectomobile.com][path: /nexperience/][expiry: null] match [(secure)branchtest.perfectomobile.com:443/nexperience/perfectomobile/wd/hub/session/0bb5ccaf-7de4-4682-9e6c-c5841ee5c6a7/element]
<2017-09-26 13:05:50> DEBUG [o.a.h.c.p.RequestAddCookies] Cookie [version: 0][name: fast_failed][value: true][domain: branchtest.perfectomobile.com][path: /nexperience/perfectomobile/wd/hub][expiry: null] match [(secure)branchtest.perfectomobile.com:443/nexperience/perfectomobile/wd/hub/session/0bb5ccaf-7de4-4682-9e6c-c5841ee5c6a7/element]
<2017-09-26 13:05:50> DEBUG [o.a.h.c.p.RequestAddCookies] Cookie [version: 0][name: fast_failed][value: true][domain: branchtest.perfectomobile.com][path: /nexperience/perfectomobile/wd/hub/session][expiry: null] match [(secure)branchtest.perfectomobile.com:443/nexperience/perfectomobile/wd/hub/session/0bb5ccaf-7de4-4682-9e6c-c5841ee5c6a7/element]
<2017-09-26 13:05:50> DEBUG [o.a.h.c.p.RequestAddCookies] Cookie [version: 0][name: fast_failed][value: true][domain: branchtest.perfectomobile.com][path: /nexperience/perfectomobile/wd/hub/session/0bb5ccaf-7de4-4682-9e6c-c5841ee5c6a7][expiry: null] match [(secure)branchtest.perfectomobile.com:443/nexperience/perfectomobile/wd/hub/session/0bb5ccaf-7de4-4682-9e6c-c5841ee5c6a7/element]
<2017-09-26 13:05:50> DEBUG [o.a.h.c.p.RequestAuthCache] Auth cache not set in the context
<2017-09-26 13:05:50> DEBUG [o.a.h.i.c.PoolingHttpClientConnectionManager] Connection request: [route: {s}->https://branchtest.perfectomobile.com:443][total kept alive: 3; route allocated: 3 of 2000; total allocated: 3 of 2000]
<2017-09-26 13:05:50> DEBUG [o.a.h.i.c.PoolingHttpClientConnectionManager] Connection leased: [id: 8][route: {s}->https://branchtest.perfectomobile.com:443][total kept alive: 2; route allocated: 3 of 2000; total allocated: 3 of 2000]
<2017-09-26 13:05:50> DEBUG [o.a.h.i.execchain.MainClientExec] Stale connection check
<2017-09-26 13:05:50> DEBUG [org.apache.http.wire] http-outgoing-8 << "[read] I/O error: Read timed out"
<2017-09-26 13:05:50> DEBUG [o.a.h.i.c.DefaultManagedHttpClientConnection] http-outgoing-8: set socket timeout to 10800000
<2017-09-26 13:05:50> DEBUG [o.a.h.i.execchain.MainClientExec] Executing request POST /nexperience/perfectomobile/wd/hub/session/0bb5ccaf-7de4-4682-9e6c-c5841ee5c6a7/element HTTP/1.1
<2017-09-26 13:05:50> DEBUG [o.a.h.i.execchain.MainClientExec] Target auth state: UNCHALLENGED
<2017-09-26 13:05:50> DEBUG [o.a.h.i.execchain.MainClientExec] Proxy auth state: UNCHALLENGED
<2017-09-26 13:05:50> DEBUG [org.apache.http.headers] http-outgoing-8 >> POST /nexperience/perfectomobile/wd/hub/session/0bb5ccaf-7de4-4682-9e6c-c5841ee5c6a7/element HTTP/1.1
<2017-09-26 13:05:50> DEBUG [org.apache.http.headers] http-outgoing-8 >> Content-Type: application/json; charset=utf-8
<2017-09-26 13:05:50> DEBUG [org.apache.http.headers] http-outgoing-8 >> Content-Length: 54
<2017-09-26 13:05:50> DEBUG [org.apache.http.headers] http-outgoing-8 >> Host: branchtest.perfectomobile.com
<2017-09-26 13:05:50> DEBUG [org.apache.http.headers] http-outgoing-8 >> Connection: Keep-Alive
<2017-09-26 13:05:50> DEBUG [org.apache.http.headers] http-outgoing-8 >> User-Agent: Apache-HttpClient/4.5.2 (Java/1.8.0_121)
<2017-09-26 13:05:50> DEBUG [org.apache.http.headers] http-outgoing-8 >> Cookie: JSESSIONID=F6E28E4994D1584E597DBDFCCCB1737E; fast_failed=true; fast_failed=true; fast_failed=true
<2017-09-26 13:05:50> DEBUG [org.apache.http.headers] http-outgoing-8 >> Accept-Encoding: gzip,deflate
<2017-09-26 13:05:50> DEBUG [org.apache.http.wire] http-outgoing-8 >> "POST /nexperience/perfectomobile/wd/hub/session/0bb5ccaf-7de4-4682-9e6c-c5841ee5c6a7/element HTTP/1.1[\r][\n]"
<2017-09-26 13:05:50> DEBUG [org.apache.http.wire] http-outgoing-8 >> "Content-Type: application/json; charset=utf-8[\r][\n]"
<2017-09-26 13:05:50> DEBUG [org.apache.http.wire] http-outgoing-8 >> "Content-Length: 54[\r][\n]"
<2017-09-26 13:05:50> DEBUG [org.apache.http.wire] http-outgoing-8 >> "Host: branchtest.perfectomobile.com[\r][\n]"
<2017-09-26 13:05:50> DEBUG [org.apache.http.wire] http-outgoing-8 >> "Connection: Keep-Alive[\r][\n]"
<2017-09-26 13:05:50> DEBUG [org.apache.http.wire] http-outgoing-8 >> "User-Agent: Apache-HttpClient/4.5.2 (Java/1.8.0_121)[\r][\n]"
<2017-09-26 13:05:50> DEBUG [org.apache.http.wire] http-outgoing-8 >> "Cookie: JSESSIONID=F6E28E4994D1584E597DBDFCCCB1737E; fast_failed=true; fast_failed=true; fast_failed=true[\r][\n]"
<2017-09-26 13:05:50> DEBUG [org.apache.http.wire] http-outgoing-8 >> "Accept-Encoding: gzip,deflate[\r][\n]"
<2017-09-26 13:05:50> DEBUG [org.apache.http.wire] http-outgoing-8 >> "[\r][\n]"
<2017-09-26 13:05:50> DEBUG [org.apache.http.wire] http-outgoing-8 >> "{"using":"xpath","value":"(//*[@name='password'])[2]"}"
<2017-09-26 13:05:51> DEBUG [org.apache.http.wire] http-outgoing-8 << "HTTP/1.1 200 OK[\r][\n]"
<2017-09-26 13:05:51> DEBUG [org.apache.http.wire] http-outgoing-8 << "Server: nginx[\r][\n]"
<2017-09-26 13:05:51> DEBUG [org.apache.http.wire] http-outgoing-8 << "Date: Tue, 26 Sep 2017 10:05:47 GMT[\r][\n]"
<2017-09-26 13:05:51> DEBUG [org.apache.http.wire] http-outgoing-8 << "Content-Type: application/json;charset=utf-8[\r][\n]"
<2017-09-26 13:05:51> DEBUG [org.apache.http.wire] http-outgoing-8 << "Transfer-Encoding: chunked[\r][\n]"
<2017-09-26 13:05:51> DEBUG [org.apache.http.wire] http-outgoing-8 << "Connection: keep-alive[\r][\n]"
<2017-09-26 13:05:51> DEBUG [org.apache.http.wire] http-outgoing-8 << "Set-Cookie: JSESSIONID=F6E28E4994D1584E597DBDFCCCB1737E; Path=/nexperience/; HttpOnly[\r][\n]"
<2017-09-26 13:05:51> DEBUG [org.apache.http.wire] http-outgoing-8 << "Expires: Thu, 01 Jan 1970 00:00:00 GMT[\r][\n]"
<2017-09-26 13:05:51> DEBUG [org.apache.http.wire] http-outgoing-8 << "Cache-Control: no-cache[\r][\n]"
<2017-09-26 13:05:51> DEBUG [org.apache.http.wire] http-outgoing-8 << "Cache-Control: no-cache[\r][\n]"
<2017-09-26 13:05:51> DEBUG [org.apache.http.wire] http-outgoing-8 << "Expires: Thu, 01 Jan 1970 00:00:00 GMT[\r][\n]"
<2017-09-26 13:05:51> DEBUG [org.apache.http.wire] http-outgoing-8 << "Set-Cookie: fast_failed=true[\r][\n]"
<2017-09-26 13:05:51> DEBUG [org.apache.http.wire] http-outgoing-8 << "X-XSS-Protection: 2; mode=block[\r][\n]"
<2017-09-26 13:05:51> DEBUG [org.apache.http.wire] http-outgoing-8 << "Content-Encoding: gzip[\r][\n]"
<2017-09-26 13:05:51> DEBUG [org.apache.http.wire] http-outgoing-8 << "[\r][\n]"
<2017-09-26 13:05:51> DEBUG [org.apache.http.wire] http-outgoing-8 << "a1[\r][\n]"
<2017-09-26 13:05:51> DEBUG [org.apache.http.wire] http-outgoing-8 << "[0x1f][0x8b][0x8][0x0][0x0][0x0][0x0][0x0][0x0][0x3]-[0x8d]A[0xe][0x82]0[0x10][0x0][0xff][0xb2]g[0xda]@-P[0xbc][0x1a][0xe]&[0xea][0xc1][0xf8][0x81][0xb2][0xac]J[0x2]-[0xb2][0xd4][0xb][0xe1][0xef][0xee][0xc1][0xeb]d&[0xb3][0x1][0x13][0xf3][0x10][0xc3][0xb9][0x87]#[0xe4]]W"[0xfa][0xa7][0xaa]{[0xb2][0xca]V[0xce][0xa8][0x86]*TX:[[0x10][0x95]X[0xf9][0x1a]2[0xe0][0xd5][0xaf]$:'D[0xa9][0x85][0xbc]O[0xb1][0x17]R[0x18]g[\n]"
<2017-09-26 13:05:51> DEBUG [org.apache.http.wire] http-outgoing-8 << "g[0xf]y[0x93][0xc1][0xd7][0x8f]I[0xd0][0x6][0xed][0xa5][0xbd][0xb6][0xb7][0x87][0xf8][0x6][0xf6][0xc]p[0xf4][0x92][0x1c]!./[0x1d]g[\n]"
<2017-09-26 13:05:51> DEBUG [org.apache.http.wire] http-outgoing-8 << "[0x1f][0xaf][0x99]F[\n]"
<2017-09-26 13:05:51> DEBUG [org.apache.http.wire] http-outgoing-8 << "C[0x9a][0xf4]BS\I[0xdf][0x89][0xe7][0x18][0x98][0xfe][0xab]$z[0xbe][0xff][0x0]F[0x86][0x8a]>[0xaa][0x0][0x0][0x0][\r][\n]"
<2017-09-26 13:05:51> DEBUG [org.apache.http.wire] http-outgoing-8 << "0[\r][\n]"
<2017-09-26 13:05:51> DEBUG [org.apache.http.wire] http-outgoing-8 << "[\r][\n]"
<2017-09-26 13:05:51> DEBUG [org.apache.http.headers] http-outgoing-8 << HTTP/1.1 200 OK
<2017-09-26 13:05:51> DEBUG [org.apache.http.headers] http-outgoing-8 << Server: nginx
<2017-09-26 13:05:51> DEBUG [org.apache.http.headers] http-outgoing-8 << Date: Tue, 26 Sep 2017 10:05:47 GMT
<2017-09-26 13:05:51> DEBUG [org.apache.http.headers] http-outgoing-8 << Content-Type: application/json;charset=utf-8
<2017-09-26 13:05:51> DEBUG [org.apache.http.headers] http-outgoing-8 << Transfer-Encoding: chunked
<2017-09-26 13:05:51> DEBUG [org.apache.http.headers] http-outgoing-8 << Connection: keep-alive
<2017-09-26 13:05:51> DEBUG [org.apache.http.headers] http-outgoing-8 << Set-Cookie: JSESSIONID=F6E28E4994D1584E597DBDFCCCB1737E; Path=/nexperience/; HttpOnly
<2017-09-26 13:05:51> DEBUG [org.apache.http.headers] http-outgoing-8 << Expires: Thu, 01 Jan 1970 00:00:00 GMT
<2017-09-26 13:05:51> DEBUG [org.apache.http.headers] http-outgoing-8 << Cache-Control: no-cache
<2017-09-26 13:05:51> DEBUG [org.apache.http.headers] http-outgoing-8 << Cache-Control: no-cache
<2017-09-26 13:05:51> DEBUG [org.apache.http.headers] http-outgoing-8 << Expires: Thu, 01 Jan 1970 00:00:00 GMT
<2017-09-26 13:05:51> DEBUG [org.apache.http.headers] http-outgoing-8 << Set-Cookie: fast_failed=true
<2017-09-26 13:05:51> DEBUG [org.apache.http.headers] http-outgoing-8 << X-XSS-Protection: 2; mode=block
<2017-09-26 13:05:51> DEBUG [org.apache.http.headers] http-outgoing-8 << Content-Encoding: gzip
<2017-09-26 13:05:51> DEBUG [o.a.h.i.execchain.MainClientExec] Connection can be kept alive indefinitely
<2017-09-26 13:05:51> DEBUG [o.a.h.c.p.ResponseProcessCookies] Cookie accepted [JSESSIONID="F6E28E4994D1584E597DBDFCCCB1737E", version:0, domain:branchtest.perfectomobile.com, path:/nexperience/, expiry:null]
<2017-09-26 13:05:51> DEBUG [o.a.h.c.p.ResponseProcessCookies] Cookie accepted [fast_failed="true", version:0, domain:branchtest.perfectomobile.com, path:/nexperience/perfectomobile/wd/hub/session/0bb5ccaf-7de4-4682-9e6c-c5841ee5c6a7, expiry:null]
<2017-09-26 13:05:51> DEBUG [o.a.h.i.c.PoolingHttpClientConnectionManager] Connection [id: 8][route: {s}->https://branchtest.perfectomobile.com:443] can be kept alive indefinitely
<2017-09-26 13:05:51> DEBUG [o.a.h.i.c.PoolingHttpClientConnectionManager] Connection released: [id: 8][route: {s}->https://branchtest.perfectomobile.com:443][total kept alive: 3; route allocated: 3 of 2000; total allocated: 3 of 2000]
<2017-09-26 13:05:51> DEBUG [o.a.h.c.p.RequestAddCookies] CookieSpec selected: default
<2017-09-26 13:05:51> DEBUG [o.a.h.c.p.RequestAddCookies] Cookie [version: 0][name: JSESSIONID][value: F6E28E4994D1584E597DBDFCCCB1737E][domain: branchtest.perfectomobile.com][path: /nexperience/][expiry: null] match [(secure)branchtest.perfectomobile.com:443/nexperience/perfectomobile/wd/hub/session/0bb5ccaf-7de4-4682-9e6c-c5841ee5c6a7/element/2/value]
<2017-09-26 13:05:51> DEBUG [o.a.h.c.p.RequestAddCookies] Cookie [version: 0][name: fast_failed][value: true][domain: branchtest.perfectomobile.com][path: /nexperience/perfectomobile/wd/hub][expiry: null] match [(secure)branchtest.perfectomobile.com:443/nexperience/perfectomobile/wd/hub/session/0bb5ccaf-7de4-4682-9e6c-c5841ee5c6a7/element/2/value]
<2017-09-26 13:05:51> DEBUG [o.a.h.c.p.RequestAddCookies] Cookie [version: 0][name: fast_failed][value: true][domain: branchtest.perfectomobile.com][path: /nexperience/perfectomobile/wd/hub/session][expiry: null] match [(secure)branchtest.perfectomobile.com:443/nexperience/perfectomobile/wd/hub/session/0bb5ccaf-7de4-4682-9e6c-c5841ee5c6a7/element/2/value]
<2017-09-26 13:05:51> DEBUG [o.a.h.c.p.RequestAddCookies] Cookie [version: 0][name: fast_failed][value: true][domain: branchtest.perfectomobile.com][path: /nexperience/perfectomobile/wd/hub/session/0bb5ccaf-7de4-4682-9e6c-c5841ee5c6a7][expiry: null] match [(secure)branchtest.perfectomobile.com:443/nexperience/perfectomobile/wd/hub/session/0bb5ccaf-7de4-4682-9e6c-c5841ee5c6a7/element/2/value]
<2017-09-26 13:05:51> DEBUG [o.a.h.c.p.RequestAuthCache] Auth cache not set in the context
<2017-09-26 13:05:51> DEBUG [o.a.h.i.c.PoolingHttpClientConnectionManager] Connection request: [route: {s}->https://branchtest.perfectomobile.com:443][total kept alive: 3; route allocated: 3 of 2000; total allocated: 3 of 2000]
<2017-09-26 13:05:51> DEBUG [o.a.h.i.c.PoolingHttpClientConnectionManager] Connection leased: [id: 8][route: {s}->https://branchtest.perfectomobile.com:443][total kept alive: 2; route allocated: 3 of 2000; total allocated: 3 of 2000]
<2017-09-26 13:05:51> DEBUG [o.a.h.i.execchain.MainClientExec] Stale connection check
<2017-09-26 13:05:51> DEBUG [org.apache.http.wire] http-outgoing-8 << "[read] I/O error: Read timed out"
<2017-09-26 13:05:51> DEBUG [o.a.h.i.c.DefaultManagedHttpClientConnection] http-outgoing-8: set socket timeout to 10800000
<2017-09-26 13:05:51> DEBUG [o.a.h.i.execchain.MainClientExec] Executing request POST /nexperience/perfectomobile/wd/hub/session/0bb5ccaf-7de4-4682-9e6c-c5841ee5c6a7/element/2/value HTTP/1.1
<2017-09-26 13:05:51> DEBUG [o.a.h.i.execchain.MainClientExec] Target auth state: UNCHALLENGED
<2017-09-26 13:05:51> DEBUG [o.a.h.i.execchain.MainClientExec] Proxy auth state: UNCHALLENGED
<2017-09-26 13:05:51> DEBUG [org.apache.http.headers] http-outgoing-8 >> POST /nexperience/perfectomobile/wd/hub/session/0bb5ccaf-7de4-4682-9e6c-c5841ee5c6a7/element/2/value HTTP/1.1
<2017-09-26 13:05:51> DEBUG [org.apache.http.headers] http-outgoing-8 >> Content-Type: application/json; charset=utf-8
<2017-09-26 13:05:51> DEBUG [org.apache.http.headers] http-outgoing-8 >> Content-Length: 29
<2017-09-26 13:05:51> DEBUG [org.apache.http.headers] http-outgoing-8 >> Host: branchtest.perfectomobile.com
<2017-09-26 13:05:51> DEBUG [org.apache.http.headers] http-outgoing-8 >> Connection: Keep-Alive
<2017-09-26 13:05:51> DEBUG [org.apache.http.headers] http-outgoing-8 >> User-Agent: Apache-HttpClient/4.5.2 (Java/1.8.0_121)
<2017-09-26 13:05:51> DEBUG [org.apache.http.headers] http-outgoing-8 >> Cookie: JSESSIONID=F6E28E4994D1584E597DBDFCCCB1737E; fast_failed=true; fast_failed=true; fast_failed=true
<2017-09-26 13:05:51> DEBUG [org.apache.http.headers] http-outgoing-8 >> Accept-Encoding: gzip,deflate
<2017-09-26 13:05:51> DEBUG [org.apache.http.wire] http-outgoing-8 >> "POST /nexperience/perfectomobile/wd/hub/session/0bb5ccaf-7de4-4682-9e6c-c5841ee5c6a7/element/2/value HTTP/1.1[\r][\n]"
<2017-09-26 13:05:51> DEBUG [org.apache.http.wire] http-outgoing-8 >> "Content-Type: application/json; charset=utf-8[\r][\n]"
<2017-09-26 13:05:51> DEBUG [org.apache.http.wire] http-outgoing-8 >> "Content-Length: 29[\r][\n]"
<2017-09-26 13:05:51> DEBUG [org.apache.http.wire] http-outgoing-8 >> "Host: branchtest.perfectomobile.com[\r][\n]"
<2017-09-26 13:05:51> DEBUG [org.apache.http.wire] http-outgoing-8 >> "Connection: Keep-Alive[\r][\n]"
<2017-09-26 13:05:51> DEBUG [org.apache.http.wire] http-outgoing-8 >> "User-Agent: Apache-HttpClient/4.5.2 (Java/1.8.0_121)[\r][\n]"
<2017-09-26 13:05:51> DEBUG [org.apache.http.wire] http-outgoing-8 >> "Cookie: JSESSIONID=F6E28E4994D1584E597DBDFCCCB1737E; fast_failed=true; fast_failed=true; fast_failed=true[\r][\n]"
<2017-09-26 13:05:51> DEBUG [org.apache.http.wire] http-outgoing-8 >> "Accept-Encoding: gzip,deflate[\r][\n]"
<2017-09-26 13:05:51> DEBUG [org.apache.http.wire] http-outgoing-8 >> "[\r][\n]"
<2017-09-26 13:05:51> DEBUG [org.apache.http.wire] http-outgoing-8 >> "{"id":"2","value":["123456"]}"
<2017-09-26 13:05:51> DEBUG [org.apache.http.wire] http-outgoing-8 << "HTTP/1.1 200 OK[\r][\n]"
<2017-09-26 13:05:51> DEBUG [org.apache.http.wire] http-outgoing-8 << "Server: nginx[\r][\n]"
<2017-09-26 13:05:51> DEBUG [org.apache.http.wire] http-outgoing-8 << "Date: Tue, 26 Sep 2017 10:05:47 GMT[\r][\n]"
<2017-09-26 13:05:51> DEBUG [org.apache.http.wire] http-outgoing-8 << "Content-Type: application/json;charset=utf-8[\r][\n]"
<2017-09-26 13:05:51> DEBUG [org.apache.http.wire] http-outgoing-8 << "Transfer-Encoding: chunked[\r][\n]"
<2017-09-26 13:05:51> DEBUG [org.apache.http.wire] http-outgoing-8 << "Connection: keep-alive[\r][\n]"
<2017-09-26 13:05:51> DEBUG [org.apache.http.wire] http-outgoing-8 << "Set-Cookie: JSESSIONID=F6E28E4994D1584E597DBDFCCCB1737E; Path=/nexperience/; HttpOnly[\r][\n]"
<2017-09-26 13:05:51> DEBUG [org.apache.http.wire] http-outgoing-8 << "Expires: Thu, 01 Jan 1970 00:00:00 GMT[\r][\n]"
<2017-09-26 13:05:51> DEBUG [org.apache.http.wire] http-outgoing-8 << "Cache-Control: no-cache[\r][\n]"
<2017-09-26 13:05:51> DEBUG [org.apache.http.wire] http-outgoing-8 << "Cache-Control: no-cache[\r][\n]"
<2017-09-26 13:05:51> DEBUG [org.apache.http.wire] http-outgoing-8 << "Expires: Thu, 01 Jan 1970 00:00:00 GMT[\r][\n]"
<2017-09-26 13:05:51> DEBUG [org.apache.http.wire] http-outgoing-8 << "Set-Cookie: fast_failed=true[\r][\n]"
<2017-09-26 13:05:51> DEBUG [org.apache.http.wire] http-outgoing-8 << "X-XSS-Protection: 2; mode=block[\r][\n]"
<2017-09-26 13:05:51> DEBUG [org.apache.http.wire] http-outgoing-8 << "Content-Encoding: gzip[\r][\n]"
<2017-09-26 13:05:51> DEBUG [org.apache.http.wire] http-outgoing-8 << "[\r][\n]"
<2017-09-26 13:05:51> DEBUG [org.apache.http.wire] http-outgoing-8 << "95[\r][\n]"
<2017-09-26 13:05:51> DEBUG [org.apache.http.wire] http-outgoing-8 << "[0x1f][0x8b][0x8][0x0][0x0][0x0][0x0][0x0][0x0][0x3]-[0xcc][0xb1][0x12][0x82]0[0x10][0x84][0xe1]w[0xb9][0x9a]d[0xc0]![0x9][0xd2]Z[0xd9][0xfa][0x6][0xe1]X[0x95][0x99][0x90] Gl[0x1c][0xdf][0xdd]+l[0xff][0xf9]v?$[0x10]YJ[0xbe][0xce]4R;M[0x8e]9[0xde]M[0x98][0xd1][0x9b][0xde][0xf]'s[0x86]g[0xc3]n[0xe8];[0xc0][0xb1][0x8f][0x81][0x1a][0x92]#[0x1e]P.[0x95]Y[0xd7]Z[0x9e][0x97]2k9[0xb5][0xce];[0x1f]:[0x17][0x1a]z[0xc7]T5[0xe5][0x9a]RC[0x9c][0xa2][0xba][0x91][0xca][0xfe][0xb0]eC~E+H[0xc8]K][0xed][0x8e][0xb5][0x1c][0xb0]7[0xc8]V[0xb2][0xe0][0xff]_[0x95][0xb7][0xdf][0x1f]|[0xc0][0x1][0xe3][0x9f][0x0][0x0][0x0][\r][\n]"
<2017-09-26 13:05:51> DEBUG [org.apache.http.wire] http-outgoing-8 << "0[\r][\n]"
<2017-09-26 13:05:51> DEBUG [org.apache.http.wire] http-outgoing-8 << "[\r][\n]"
<2017-09-26 13:05:51> DEBUG [org.apache.http.headers] http-outgoing-8 << HTTP/1.1 200 OK
<2017-09-26 13:05:51> DEBUG [org.apache.http.headers] http-outgoing-8 << Server: nginx
<2017-09-26 13:05:51> DEBUG [org.apache.http.headers] http-outgoing-8 << Date: Tue, 26 Sep 2017 10:05:47 GMT
<2017-09-26 13:05:51> DEBUG [org.apache.http.headers] http-outgoing-8 << Content-Type: application/json;charset=utf-8
<2017-09-26 13:05:51> DEBUG [org.apache.http.headers] http-outgoing-8 << Transfer-Encoding: chunked
<2017-09-26 13:05:51> DEBUG [org.apache.http.headers] http-outgoing-8 << Connection: keep-alive
<2017-09-26 13:05:51> DEBUG [org.apache.http.headers] http-outgoing-8 << Set-Cookie: JSESSIONID=F6E28E4994D1584E597DBDFCCCB1737E; Path=/nexperience/; HttpOnly
<2017-09-26 13:05:51> DEBUG [org.apache.http.headers] http-outgoing-8 << Expires: Thu, 01 Jan 1970 00:00:00 GMT
<2017-09-26 13:05:51> DEBUG [org.apache.http.headers] http-outgoing-8 << Cache-Control: no-cache
<2017-09-26 13:05:51> DEBUG [org.apache.http.headers] http-outgoing-8 << Cache-Control: no-cache
<2017-09-26 13:05:51> DEBUG [org.apache.http.headers] http-outgoing-8 << Expires: Thu, 01 Jan 1970 00:00:00 GMT
<2017-09-26 13:05:51> DEBUG [org.apache.http.headers] http-outgoing-8 << Set-Cookie: fast_failed=true
<2017-09-26 13:05:51> DEBUG [org.apache.http.headers] http-outgoing-8 << X-XSS-Protection: 2; mode=block
<2017-09-26 13:05:51> DEBUG [org.apache.http.headers] http-outgoing-8 << Content-Encoding: gzip
<2017-09-26 13:05:51> DEBUG [o.a.h.i.execchain.MainClientExec] Connection can be kept alive indefinitely
<2017-09-26 13:05:51> DEBUG [o.a.h.c.p.ResponseProcessCookies] Cookie accepted [JSESSIONID="F6E28E4994D1584E597DBDFCCCB1737E", version:0, domain:branchtest.perfectomobile.com, path:/nexperience/, expiry:null]
<2017-09-26 13:05:51> DEBUG [o.a.h.c.p.ResponseProcessCookies] Cookie accepted [fast_failed="true", version:0, domain:branchtest.perfectomobile.com, path:/nexperience/perfectomobile/wd/hub/session/0bb5ccaf-7de4-4682-9e6c-c5841ee5c6a7/element/2, expiry:null]
<2017-09-26 13:05:51> DEBUG [o.a.h.i.c.PoolingHttpClientConnectionManager] Connection [id: 8][route: {s}->https://branchtest.perfectomobile.com:443] can be kept alive indefinitely
<2017-09-26 13:05:51> DEBUG [o.a.h.i.c.PoolingHttpClientConnectionManager] Connection released: [id: 8][route: {s}->https://branchtest.perfectomobile.com:443][total kept alive: 3; route allocated: 3 of 2000; total allocated: 3 of 2000]
<2017-09-26 13:05:54> DEBUG [o.a.h.c.p.RequestAddCookies] CookieSpec selected: default
<2017-09-26 13:05:54> DEBUG [o.a.h.c.p.RequestAddCookies] Cookie [version: 0][name: JSESSIONID][value: F6E28E4994D1584E597DBDFCCCB1737E][domain: branchtest.perfectomobile.com][path: /nexperience/][expiry: null] match [(secure)branchtest.perfectomobile.com:443/nexperience/perfectomobile/wd/hub/session/cabc1017-92e0-4ebc-8d17-fffda1c413a6/execute]
<2017-09-26 13:05:54> DEBUG [o.a.h.c.p.RequestAddCookies] Cookie [version: 0][name: fast_failed][value: true][domain: branchtest.perfectomobile.com][path: /nexperience/perfectomobile/wd/hub][expiry: null] match [(secure)branchtest.perfectomobile.com:443/nexperience/perfectomobile/wd/hub/session/cabc1017-92e0-4ebc-8d17-fffda1c413a6/execute]
<2017-09-26 13:05:54> DEBUG [o.a.h.c.p.RequestAddCookies] Cookie [version: 0][name: fast_failed][value: true][domain: branchtest.perfectomobile.com][path: /nexperience/perfectomobile/wd/hub/session][expiry: null] match [(secure)branchtest.perfectomobile.com:443/nexperience/perfectomobile/wd/hub/session/cabc1017-92e0-4ebc-8d17-fffda1c413a6/execute]
<2017-09-26 13:05:54> DEBUG [o.a.h.c.p.RequestAddCookies] Cookie [version: 0][name: fast_failed][value: true][domain: branchtest.perfectomobile.com][path: /nexperience/perfectomobile/wd/hub/session/cabc1017-92e0-4ebc-8d17-fffda1c413a6][expiry: null] match [(secure)branchtest.perfectomobile.com:443/nexperience/perfectomobile/wd/hub/session/cabc1017-92e0-4ebc-8d17-fffda1c413a6/execute]
<2017-09-26 13:05:54> DEBUG [o.a.h.c.p.RequestAuthCache] Auth cache not set in the context
<2017-09-26 13:05:54> DEBUG [o.a.h.i.c.PoolingHttpClientConnectionManager] Connection request: [route: {s}->https://branchtest.perfectomobile.com:443][total kept alive: 3; route allocated: 3 of 2000; total allocated: 3 of 2000]
<2017-09-26 13:05:54> DEBUG [org.apache.http.wire] http-outgoing-8 << "[read] I/O error: Read timed out"
<2017-09-26 13:05:54> DEBUG [o.a.h.i.c.PoolingHttpClientConnectionManager] Connection leased: [id: 8][route: {s}->https://branchtest.perfectomobile.com:443][total kept alive: 2; route allocated: 3 of 2000; total allocated: 3 of 2000]
<2017-09-26 13:05:54> DEBUG [o.a.h.i.execchain.MainClientExec] Stale connection check
<2017-09-26 13:05:54> DEBUG [org.apache.http.wire] http-outgoing-8 << "[read] I/O error: Read timed out"
<2017-09-26 13:05:54> DEBUG [o.a.h.i.c.DefaultManagedHttpClientConnection] http-outgoing-8: set socket timeout to 10800000
<2017-09-26 13:05:54> DEBUG [o.a.h.i.execchain.MainClientExec] Executing request POST /nexperience/perfectomobile/wd/hub/session/cabc1017-92e0-4ebc-8d17-fffda1c413a6/execute HTTP/1.1
<2017-09-26 13:05:54> DEBUG [o.a.h.i.execchain.MainClientExec] Target auth state: UNCHALLENGED
<2017-09-26 13:05:54> DEBUG [o.a.h.i.execchain.MainClientExec] Proxy auth state: UNCHALLENGED
<2017-09-26 13:05:54> DEBUG [org.apache.http.headers] http-outgoing-8 >> POST /nexperience/perfectomobile/wd/hub/session/cabc1017-92e0-4ebc-8d17-fffda1c413a6/execute HTTP/1.1
<2017-09-26 13:05:54> DEBUG [org.apache.http.headers] http-outgoing-8 >> Content-Type: application/json; charset=utf-8
<2017-09-26 13:05:54> DEBUG [org.apache.http.headers] http-outgoing-8 >> Content-Length: 54
<2017-09-26 13:05:54> DEBUG [org.apache.http.headers] http-outgoing-8 >> Host: branchtest.perfectomobile.com
<2017-09-26 13:05:54> DEBUG [org.apache.http.headers] http-outgoing-8 >> Connection: Keep-Alive
<2017-09-26 13:05:54> DEBUG [org.apache.http.headers] http-outgoing-8 >> User-Agent: Apache-HttpClient/4.5.2 (Java/1.8.0_121)
<2017-09-26 13:05:54> DEBUG [org.apache.http.headers] http-outgoing-8 >> Cookie: JSESSIONID=F6E28E4994D1584E597DBDFCCCB1737E; fast_failed=true; fast_failed=true; fast_failed=true
<2017-09-26 13:05:54> DEBUG [org.apache.http.headers] http-outgoing-8 >> Accept-Encoding: gzip,deflate
<2017-09-26 13:05:54> DEBUG [org.apache.http.wire] http-outgoing-8 >> "POST /nexperience/perfectomobile/wd/hub/session/cabc1017-92e0-4ebc-8d17-fffda1c413a6/execute HTTP/1.1[\r][\n]"
<2017-09-26 13:05:54> DEBUG [org.apache.http.wire] http-outgoing-8 >> "Content-Type: application/json; charset=utf-8[\r][\n]"
<2017-09-26 13:05:54> DEBUG [org.apache.http.wire] http-outgoing-8 >> "Content-Length: 54[\r][\n]"
<2017-09-26 13:05:54> DEBUG [org.apache.http.wire] http-outgoing-8 >> "Host: branchtest.perfectomobile.com[\r][\n]"
<2017-09-26 13:05:54> DEBUG [org.apache.http.wire] http-outgoing-8 >> "Connection: Keep-Alive[\r][\n]"
<2017-09-26 13:05:54> DEBUG [org.apache.http.wire] http-outgoing-8 >> "User-Agent: Apache-HttpClient/4.5.2 (Java/1.8.0_121)[\r][\n]"
<2017-09-26 13:05:54> DEBUG [org.apache.http.wire] http-outgoing-8 >> "Cookie: JSESSIONID=F6E28E4994D1584E597DBDFCCCB1737E; fast_failed=true; fast_failed=true; fast_failed=true[\r][\n]"
<2017-09-26 13:05:54> DEBUG [org.apache.http.wire] http-outgoing-8 >> "Accept-Encoding: gzip,deflate[\r][\n]"
<2017-09-26 13:05:54> DEBUG [org.apache.http.wire] http-outgoing-8 >> "[\r][\n]"
<2017-09-26 13:05:54> DEBUG [org.apache.http.wire] http-outgoing-8 >> "{"script":"mobile:step:end","args":[{"message":null}]}"
<2017-09-26 13:05:54> DEBUG [org.apache.http.wire] http-outgoing-8 << "HTTP/1.1 200 OK[\r][\n]"
<2017-09-26 13:05:54> DEBUG [org.apache.http.wire] http-outgoing-8 << "Server: nginx[\r][\n]"
<2017-09-26 13:05:54> DEBUG [org.apache.http.wire] http-outgoing-8 << "Date: Tue, 26 Sep 2017 10:05:50 GMT[\r][\n]"
<2017-09-26 13:05:54> DEBUG [org.apache.http.wire] http-outgoing-8 << "Content-Type: application/json;charset=utf-8[\r][\n]"
<2017-09-26 13:05:54> DEBUG [org.apache.http.wire] http-outgoing-8 << "Transfer-Encoding: chunked[\r][\n]"
<2017-09-26 13:05:54> DEBUG [org.apache.http.wire] http-outgoing-8 << "Connection: keep-alive[\r][\n]"
<2017-09-26 13:05:54> DEBUG [org.apache.http.wire] http-outgoing-8 << "Set-Cookie: JSESSIONID=F6E28E4994D1584E597DBDFCCCB1737E; Path=/nexperience/; HttpOnly[\r][\n]"
<2017-09-26 13:05:54> DEBUG [org.apache.http.wire] http-outgoing-8 << "Expires: Thu, 01 Jan 1970 00:00:00 GMT[\r][\n]"
<2017-09-26 13:05:54> DEBUG [org.apache.http.wire] http-outgoing-8 << "Cache-Control: no-cache[\r][\n]"
<2017-09-26 13:05:54> DEBUG [org.apache.http.wire] http-outgoing-8 << "Cache-Control: no-cache[\r][\n]"
<2017-09-26 13:05:54> DEBUG [org.apache.http.wire] http-outgoing-8 << "Expires: Thu, 01 Jan 1970 00:00:00 GMT[\r][\n]"
<2017-09-26 13:05:54> DEBUG [org.apache.http.wire] http-outgoing-8 << "Set-Cookie: fast_failed=true[\r][\n]"
<2017-09-26 13:05:54> DEBUG [org.apache.http.wire] http-outgoing-8 << "X-XSS-Protection: 2; mode=block[\r][\n]"
<2017-09-26 13:05:54> DEBUG [org.apache.http.wire] http-outgoing-8 << "Content-Encoding: gzip[\r][\n]"
<2017-09-26 13:05:54> DEBUG [org.apache.http.wire] http-outgoing-8 << "[\r][\n]"
<2017-09-26 13:05:54> DEBUG [org.apache.http.wire] http-outgoing-8 << "94[\r][\n]"
<2017-09-26 13:05:54> DEBUG [org.apache.http.wire] http-outgoing-8 << "[0x1f][0x8b][0x8][0x0][0x0][0x0][0x0][0x0][0x0][0x3]-[0x8c]1[0xe][0x83]0[0xc]E[0xef][0xe2][0x19][0xa2][0x4][0x10][0xa4][0xac][0x9d][0xba][0xf6][0x6][0xc6]qZ[0xa4][0x90]PL[0xba]T[0xbd]{=t[0xfc]O[0xef][0xfd][0xf][0x8][0x8b][0xac]%[0xdf][0x2][0xcc]@[0xb8][0x90][0xb3]nj/[0x1d][0xdb]v[0xe0][0x85]Z[0x1f]t[0xc6][0x18][0x3]:[0x1a]\[0x8f]#4 '[0x9e][0xac][0xba]T"[0xad][0x95]<[0xaf]%([0xf1][0xc3][0xd4];[0xeb][0xbb][0xb1][0x81]7[0xa6][0xaa]$[0xd7][0x94][0x1a][0xa0][0x84][0xaa][0xcd]P[0x8e][0x87]);[0xe7][0x17][0x1a][0xe1][0xc4]y[0xad][0x9b]9x+'[0x9b];[0xcb]^[0xb2][0xf0][0xff][0xbe][0xaa]n[0xbf]?[0xbb][0xd1][0xc0][0x1b][0x9e][0x0][0x0][0x0][\r][\n]"
<2017-09-26 13:05:54> DEBUG [org.apache.http.wire] http-outgoing-8 << "0[\r][\n]"
<2017-09-26 13:05:54> DEBUG [org.apache.http.wire] http-outgoing-8 << "[\r][\n]"
<2017-09-26 13:05:54> DEBUG [org.apache.http.headers] http-outgoing-8 << HTTP/1.1 200 OK
<2017-09-26 13:05:54> DEBUG [org.apache.http.headers] http-outgoing-8 << Server: nginx
<2017-09-26 13:05:54> DEBUG [org.apache.http.headers] http-outgoing-8 << Date: Tue, 26 Sep 2017 10:05:50 GMT
<2017-09-26 13:05:54> DEBUG [org.apache.http.headers] http-outgoing-8 << Content-Type: application/json;charset=utf-8
<2017-09-26 13:05:54> DEBUG [org.apache.http.headers] http-outgoing-8 << Transfer-Encoding: chunked
<2017-09-26 13:05:54> DEBUG [org.apache.http.headers] http-outgoing-8 << Connection: keep-alive
<2017-09-26 13:05:54> DEBUG [org.apache.http.headers] http-outgoing-8 << Set-Cookie: JSESSIONID=F6E28E4994D1584E597DBDFCCCB1737E; Path=/nexperience/; HttpOnly
<2017-09-26 13:05:54> DEBUG [org.apache.http.headers] http-outgoing-8 << Expires: Thu, 01 Jan 1970 00:00:00 GMT
<2017-09-26 13:05:54> DEBUG [org.apache.http.headers] http-outgoing-8 << Cache-Control: no-cache
<2017-09-26 13:05:54> DEBUG [org.apache.http.headers] http-outgoing-8 << Cache-Control: no-cache
<2017-09-26 13:05:54> DEBUG [org.apache.http.headers] http-outgoing-8 << Expires: Thu, 01 Jan 1970 00:00:00 GMT
<2017-09-26 13:05:54> DEBUG [org.apache.http.headers] http-outgoing-8 << Set-Cookie: fast_failed=true
<2017-09-26 13:05:54> DEBUG [org.apache.http.headers] http-outgoing-8 << X-XSS-Protection: 2; mode=block
<2017-09-26 13:05:54> DEBUG [org.apache.http.headers] http-outgoing-8 << Content-Encoding: gzip
<2017-09-26 13:05:54> DEBUG [o.a.h.i.execchain.MainClientExec] Connection can be kept alive indefinitely
<2017-09-26 13:05:54> DEBUG [o.a.h.c.p.ResponseProcessCookies] Cookie accepted [JSESSIONID="F6E28E4994D1584E597DBDFCCCB1737E", version:0, domain:branchtest.perfectomobile.com, path:/nexperience/, expiry:null]
<2017-09-26 13:05:54> DEBUG [o.a.h.c.p.ResponseProcessCookies] Cookie accepted [fast_failed="true", version:0, domain:branchtest.perfectomobile.com, path:/nexperience/perfectomobile/wd/hub/session/cabc1017-92e0-4ebc-8d17-fffda1c413a6, expiry:null]
<2017-09-26 13:05:54> DEBUG [o.a.h.i.c.PoolingHttpClientConnectionManager] Connection [id: 8][route: {s}->https://branchtest.perfectomobile.com:443] can be kept alive indefinitely
<2017-09-26 13:05:54> DEBUG [o.a.h.i.c.PoolingHttpClientConnectionManager] Connection released: [id: 8][route: {s}->https://branchtest.perfectomobile.com:443][total kept alive: 3; route allocated: 3 of 2000; total allocated: 3 of 2000]
<2017-09-26 13:05:54> DEBUG [o.a.h.c.p.RequestAddCookies] CookieSpec selected: default
<2017-09-26 13:05:54> DEBUG [o.a.h.c.p.RequestAddCookies] Cookie [version: 0][name: JSESSIONID][value: F6E28E4994D1584E597DBDFCCCB1737E][domain: branchtest.perfectomobile.com][path: /nexperience/][expiry: null] match [(secure)branchtest.perfectomobile.com:443/nexperience/perfectomobile/wd/hub/session/cabc1017-92e0-4ebc-8d17-fffda1c413a6/execute]
<2017-09-26 13:05:54> DEBUG [o.a.h.c.p.RequestAddCookies] Cookie [version: 0][name: fast_failed][value: true][domain: branchtest.perfectomobile.com][path: /nexperience/perfectomobile/wd/hub][expiry: null] match [(secure)branchtest.perfectomobile.com:443/nexperience/perfectomobile/wd/hub/session/cabc1017-92e0-4ebc-8d17-fffda1c413a6/execute]
<2017-09-26 13:05:54> DEBUG [o.a.h.c.p.RequestAddCookies] Cookie [version: 0][name: fast_failed][value: true][domain: branchtest.perfectomobile.com][path: /nexperience/perfectomobile/wd/hub/session][expiry: null] match [(secure)branchtest.perfectomobile.com:443/nexperience/perfectomobile/wd/hub/session/cabc1017-92e0-4ebc-8d17-fffda1c413a6/execute]
<2017-09-26 13:05:54> DEBUG [o.a.h.c.p.RequestAddCookies] Cookie [version: 0][name: fast_failed][value: true][domain: branchtest.perfectomobile.com][path: /nexperience/perfectomobile/wd/hub/session/cabc1017-92e0-4ebc-8d17-fffda1c413a6][expiry: null] match [(secure)branchtest.perfectomobile.com:443/nexperience/perfectomobile/wd/hub/session/cabc1017-92e0-4ebc-8d17-fffda1c413a6/execute]
<2017-09-26 13:05:54> DEBUG [o.a.h.c.p.RequestAuthCache] Auth cache not set in the context
<2017-09-26 13:05:54> DEBUG [o.a.h.i.c.PoolingHttpClientConnectionManager] Connection request: [route: {s}->https://branchtest.perfectomobile.com:443][total kept alive: 3; route allocated: 3 of 2000; total allocated: 3 of 2000]
<2017-09-26 13:05:54> DEBUG [o.a.h.i.c.PoolingHttpClientConnectionManager] Connection leased: [id: 8][route: {s}->https://branchtest.perfectomobile.com:443][total kept alive: 2; route allocated: 3 of 2000; total allocated: 3 of 2000]
<2017-09-26 13:05:54> DEBUG [o.a.h.i.execchain.MainClientExec] Stale connection check
<2017-09-26 13:05:54> DEBUG [org.apache.http.wire] http-outgoing-8 << "[read] I/O error: Read timed out"
<2017-09-26 13:05:54> DEBUG [o.a.h.i.c.DefaultManagedHttpClientConnection] http-outgoing-8: set socket timeout to 10800000
<2017-09-26 13:05:54> DEBUG [o.a.h.i.execchain.MainClientExec] Executing request POST /nexperience/perfectomobile/wd/hub/session/cabc1017-92e0-4ebc-8d17-fffda1c413a6/execute HTTP/1.1
<2017-09-26 13:05:54> DEBUG [o.a.h.i.execchain.MainClientExec] Target auth state: UNCHALLENGED
<2017-09-26 13:05:54> DEBUG [o.a.h.i.execchain.MainClientExec] Proxy auth state: UNCHALLENGED
<2017-09-26 13:05:54> DEBUG [org.apache.http.headers] http-outgoing-8 >> POST /nexperience/perfectomobile/wd/hub/session/cabc1017-92e0-4ebc-8d17-fffda1c413a6/execute HTTP/1.1
<2017-09-26 13:05:54> DEBUG [org.apache.http.headers] http-outgoing-8 >> Content-Type: application/json; charset=utf-8
<2017-09-26 13:05:54> DEBUG [org.apache.http.headers] http-outgoing-8 >> Content-Length: 72
<2017-09-26 13:05:54> DEBUG [org.apache.http.headers] http-outgoing-8 >> Host: branchtest.perfectomobile.com
<2017-09-26 13:05:54> DEBUG [org.apache.http.headers] http-outgoing-8 >> Connection: Keep-Alive
<2017-09-26 13:05:54> DEBUG [org.apache.http.headers] http-outgoing-8 >> User-Agent: Apache-HttpClient/4.5.2 (Java/1.8.0_121)
<2017-09-26 13:05:54> DEBUG [org.apache.http.headers] http-outgoing-8 >> Cookie: JSESSIONID=F6E28E4994D1584E597DBDFCCCB1737E; fast_failed=true; fast_failed=true; fast_failed=true
<2017-09-26 13:05:54> DEBUG [org.apache.http.headers] http-outgoing-8 >> Accept-Encoding: gzip,deflate
<2017-09-26 13:05:54> DEBUG [org.apache.http.wire] http-outgoing-8 >> "POST /nexperience/perfectomobile/wd/hub/session/cabc1017-92e0-4ebc-8d17-fffda1c413a6/execute HTTP/1.1[\r][\n]"
<2017-09-26 13:05:54> DEBUG [org.apache.http.wire] http-outgoing-8 >> "Content-Type: application/json; charset=utf-8[\r][\n]"
<2017-09-26 13:05:54> DEBUG [org.apache.http.wire] http-outgoing-8 >> "Content-Length: 72[\r][\n]"
<2017-09-26 13:05:54> DEBUG [org.apache.http.wire] http-outgoing-8 >> "Host: branchtest.perfectomobile.com[\r][\n]"
<2017-09-26 13:05:54> DEBUG [org.apache.http.wire] http-outgoing-8 >> "Connection: Keep-Alive[\r][\n]"
<2017-09-26 13:05:54> DEBUG [org.apache.http.wire] http-outgoing-8 >> "User-Agent: Apache-HttpClient/4.5.2 (Java/1.8.0_121)[\r][\n]"
<2017-09-26 13:05:54> DEBUG [org.apache.http.wire] http-outgoing-8 >> "Cookie: JSESSIONID=F6E28E4994D1584E597DBDFCCCB1737E; fast_failed=true; fast_failed=true; fast_failed=true[\r][\n]"
<2017-09-26 13:05:54> DEBUG [org.apache.http.wire] http-outgoing-8 >> "Accept-Encoding: gzip,deflate[\r][\n]"
<2017-09-26 13:05:54> DEBUG [org.apache.http.wire] http-outgoing-8 >> "[\r][\n]"
<2017-09-26 13:05:54> DEBUG [org.apache.http.wire] http-outgoing-8 >> "{"script":"mobile:step:start","args":[{"name":"Opening signin window"}]}"
<2017-09-26 13:05:54> DEBUG [org.apache.http.wire] http-outgoing-8 << "HTTP/1.1 200 OK[\r][\n]"
<2017-09-26 13:05:54> DEBUG [org.apache.http.wire] http-outgoing-8 << "Server: nginx[\r][\n]"
<2017-09-26 13:05:54> DEBUG [org.apache.http.wire] http-outgoing-8 << "Date: Tue, 26 Sep 2017 10:05:50 GMT[\r][\n]"
<2017-09-26 13:05:54> DEBUG [org.apache.http.wire] http-outgoing-8 << "Content-Type: application/json;charset=utf-8[\r][\n]"
<2017-09-26 13:05:54> DEBUG [org.apache.http.wire] http-outgoing-8 << "Transfer-Encoding: chunked[\r][\n]"
<2017-09-26 13:05:54> DEBUG [org.apache.http.wire] http-outgoing-8 << "Connection: keep-alive[\r][\n]"
<2017-09-26 13:05:54> DEBUG [org.apache.http.wire] http-outgoing-8 << "Set-Cookie: JSESSIONID=F6E28E4994D1584E597DBDFCCCB1737E; Path=/nexperience/; HttpOnly[\r][\n]"
<2017-09-26 13:05:54> DEBUG [org.apache.http.wire] http-outgoing-8 << "Expires: Thu, 01 Jan 1970 00:00:00 GMT[\r][\n]"
<2017-09-26 13:05:54> DEBUG [org.apache.http.wire] http-outgoing-8 << "Cache-Control: no-cache[\r][\n]"
<2017-09-26 13:05:54> DEBUG [org.apache.http.wire] http-outgoing-8 << "Cache-Control: no-cache[\r][\n]"
<2017-09-26 13:05:54> DEBUG [org.apache.http.wire] http-outgoing-8 << "Expires: Thu, 01 Jan 1970 00:00:00 GMT[\r][\n]"
<2017-09-26 13:05:54> DEBUG [org.apache.http.wire] http-outgoing-8 << "Set-Cookie: fast_failed=true[\r][\n]"
<2017-09-26 13:05:54> DEBUG [org.apache.http.wire] http-outgoing-8 << "X-XSS-Protection: 2; mode=block[\r][\n]"
<2017-09-26 13:05:54> DEBUG [org.apache.http.wire] http-outgoing-8 << "Content-Encoding: gzip[\r][\n]"
<2017-09-26 13:05:54> DEBUG [org.apache.http.wire] http-outgoing-8 << "[\r][\n]"
<2017-09-26 13:05:54> DEBUG [org.apache.http.wire] http-outgoing-8 << "93[\r][\n]"
<2017-09-26 13:05:54> DEBUG [org.apache.http.wire] http-outgoing-8 << "[0x1f][0x8b][0x8][0x0][0x0][0x0][0x0][0x0][0x0][0x3]-[0x8c][0xc1][0xe][0x82]0[0x10]D[0xff]e[0xcf][0xd0][0xb4][0xb4][\n]"
<2017-09-26 13:05:54> DEBUG [org.apache.http.wire] http-outgoing-8 << "r[0xf5][0xe4][0xd5]?X[0xb6][0x8b][0x92]@[0xb],[0xf5]b[0xfc]w[0xd7][0xc4][0xe3][0xbc]y3o[0x10][0x16][0x99]r[0xba]E[0xe8][0x81]p g][_[0x1a][0xb6]u[0xe0][0x81][0xea].j[0x1c][0xc7]1[0xa2][0xa3][0xe0]<[0x9e][0xa1][0x2]9[0xf0]`[0xd5][0xa5][0x10][0xe9]Z[0xc9][0xf3][0x9a][0xa3][0x12]o}[0xd3][0xf9]pj+x[0xe1]\~[0x8e][0x96]4[0xa3]J=[0xe4][0xfd]a[0xf2][0xca]iC#<s[0x9a][0xca]bv^[0xf2][0xc1][0xe6][0xce][0xb2][0xe6]$[0xfc]?/[0xaa][0xdb][0xcf][0x17][0xda]:[0xcb][0x98][0x9c][0x0][0x0][0x0][\r][\n]"
<2017-09-26 13:05:54> DEBUG [org.apache.http.wire] http-outgoing-8 << "0[\r][\n]"
<2017-09-26 13:05:54> DEBUG [org.apache.http.wire] http-outgoing-8 << "[\r][\n]"
<2017-09-26 13:05:54> DEBUG [org.apache.http.headers] http-outgoing-8 << HTTP/1.1 200 OK
<2017-09-26 13:05:54> DEBUG [org.apache.http.headers] http-outgoing-8 << Server: nginx
<2017-09-26 13:05:54> DEBUG [org.apache.http.headers] http-outgoing-8 << Date: Tue, 26 Sep 2017 10:05:50 GMT
<2017-09-26 13:05:54> DEBUG [org.apache.http.headers] http-outgoing-8 << Content-Type: application/json;charset=utf-8
<2017-09-26 13:05:54> DEBUG [org.apache.http.headers] http-outgoing-8 << Transfer-Encoding: chunked
<2017-09-26 13:05:54> DEBUG [org.apache.http.headers] http-outgoing-8 << Connection: keep-alive
<2017-09-26 13:05:54> DEBUG [org.apache.http.headers] http-outgoing-8 << Set-Cookie: JSESSIONID=F6E28E4994D1584E597DBDFCCCB1737E; Path=/nexperience/; HttpOnly
<2017-09-26 13:05:54> DEBUG [org.apache.http.headers] http-outgoing-8 << Expires: Thu, 01 Jan 1970 00:00:00 GMT
<2017-09-26 13:05:54> DEBUG [org.apache.http.headers] http-outgoing-8 << Cache-Control: no-cache
<2017-09-26 13:05:54> DEBUG [org.apache.http.headers] http-outgoing-8 << Cache-Control: no-cache
<2017-09-26 13:05:54> DEBUG [org.apache.http.headers] http-outgoing-8 << Expires: Thu, 01 Jan 1970 00:00:00 GMT
<2017-09-26 13:05:54> DEBUG [org.apache.http.headers] http-outgoing-8 << Set-Cookie: fast_failed=true
<2017-09-26 13:05:54> DEBUG [org.apache.http.headers] http-outgoing-8 << X-XSS-Protection: 2; mode=block
<2017-09-26 13:05:54> DEBUG [org.apache.http.headers] http-outgoing-8 << Content-Encoding: gzip
<2017-09-26 13:05:54> DEBUG [o.a.h.i.execchain.MainClientExec] Connection can be kept alive indefinitely
<2017-09-26 13:05:54> DEBUG [o.a.h.c.p.ResponseProcessCookies] Cookie accepted [JSESSIONID="F6E28E4994D1584E597DBDFCCCB1737E", version:0, domain:branchtest.perfectomobile.com, path:/nexperience/, expiry:null]
<2017-09-26 13:05:54> DEBUG [o.a.h.c.p.ResponseProcessCookies] Cookie accepted [fast_failed="true", version:0, domain:branchtest.perfectomobile.com, path:/nexperience/perfectomobile/wd/hub/session/cabc1017-92e0-4ebc-8d17-fffda1c413a6, expiry:null]
<2017-09-26 13:05:54> DEBUG [o.a.h.i.c.PoolingHttpClientConnectionManager] Connection [id: 8][route: {s}->https://branchtest.perfectomobile.com:443] can be kept alive indefinitely
<2017-09-26 13:05:54> DEBUG [o.a.h.i.c.PoolingHttpClientConnectionManager] Connection released: [id: 8][route: {s}->https://branchtest.perfectomobile.com:443][total kept alive: 3; route allocated: 3 of 2000; total allocated: 3 of 2000]
<2017-09-26 13:05:54> DEBUG [o.a.h.c.p.RequestAddCookies] CookieSpec selected: default
<2017-09-26 13:05:54> DEBUG [o.a.h.c.p.RequestAddCookies] Cookie [version: 0][name: JSESSIONID][value: F6E28E4994D1584E597DBDFCCCB1737E][domain: branchtest.perfectomobile.com][path: /nexperience/][expiry: null] match [(secure)branchtest.perfectomobile.com:443/nexperience/perfectomobile/wd/hub/session/cabc1017-92e0-4ebc-8d17-fffda1c413a6/execute]
<2017-09-26 13:05:54> DEBUG [o.a.h.c.p.RequestAddCookies] Cookie [version: 0][name: fast_failed][value: true][domain: branchtest.perfectomobile.com][path: /nexperience/perfectomobile/wd/hub][expiry: null] match [(secure)branchtest.perfectomobile.com:443/nexperience/perfectomobile/wd/hub/session/cabc1017-92e0-4ebc-8d17-fffda1c413a6/execute]
<2017-09-26 13:05:54> DEBUG [o.a.h.c.p.RequestAddCookies] Cookie [version: 0][name: fast_failed][value: true][domain: branchtest.perfectomobile.com][path: /nexperience/perfectomobile/wd/hub/session][expiry: null] match [(secure)branchtest.perfectomobile.com:443/nexperience/perfectomobile/wd/hub/session/cabc1017-92e0-4ebc-8d17-fffda1c413a6/execute]
<2017-09-26 13:05:54> DEBUG [o.a.h.c.p.RequestAddCookies] Cookie [version: 0][name: fast_failed][value: true][domain: branchtest.perfectomobile.com][path: /nexperience/perfectomobile/wd/hub/session/cabc1017-92e0-4ebc-8d17-fffda1c413a6][expiry: null] match [(secure)branchtest.perfectomobile.com:443/nexperience/perfectomobile/wd/hub/session/cabc1017-92e0-4ebc-8d17-fffda1c413a6/execute]
<2017-09-26 13:05:54> DEBUG [o.a.h.c.p.RequestAuthCache] Auth cache not set in the context
<2017-09-26 13:05:54> DEBUG [o.a.h.i.c.PoolingHttpClientConnectionManager] Connection request: [route: {s}->https://branchtest.perfectomobile.com:443][total kept alive: 3; route allocated: 3 of 2000; total allocated: 3 of 2000]
<2017-09-26 13:05:54> DEBUG [o.a.h.i.c.PoolingHttpClientConnectionManager] Connection leased: [id: 8][route: {s}->https://branchtest.perfectomobile.com:443][total kept alive: 2; route allocated: 3 of 2000; total allocated: 3 of 2000]
<2017-09-26 13:05:54> DEBUG [o.a.h.i.execchain.MainClientExec] Stale connection check
<2017-09-26 13:05:54> DEBUG [org.apache.http.wire] http-outgoing-8 << "[read] I/O error: Read timed out"
<2017-09-26 13:05:54> DEBUG [o.a.h.i.c.DefaultManagedHttpClientConnection] http-outgoing-8: set socket timeout to 10800000
<2017-09-26 13:05:54> DEBUG [o.a.h.i.execchain.MainClientExec] Executing request POST /nexperience/perfectomobile/wd/hub/session/cabc1017-92e0-4ebc-8d17-fffda1c413a6/execute HTTP/1.1
<2017-09-26 13:05:54> DEBUG [o.a.h.i.execchain.MainClientExec] Target auth state: UNCHALLENGED
<2017-09-26 13:05:54> DEBUG [o.a.h.i.execchain.MainClientExec] Proxy auth state: UNCHALLENGED
<2017-09-26 13:05:54> DEBUG [org.apache.http.headers] http-outgoing-8 >> POST /nexperience/perfectomobile/wd/hub/session/cabc1017-92e0-4ebc-8d17-fffda1c413a6/execute HTTP/1.1
<2017-09-26 13:05:54> DEBUG [org.apache.http.headers] http-outgoing-8 >> Content-Type: application/json; charset=utf-8
<2017-09-26 13:05:54> DEBUG [org.apache.http.headers] http-outgoing-8 >> Content-Length: 97
<2017-09-26 13:05:54> DEBUG [org.apache.http.headers] http-outgoing-8 >> Host: branchtest.perfectomobile.com
<2017-09-26 13:05:54> DEBUG [org.apache.http.headers] http-outgoing-8 >> Connection: Keep-Alive
<2017-09-26 13:05:54> DEBUG [org.apache.http.headers] http-outgoing-8 >> User-Agent: Apache-HttpClient/4.5.2 (Java/1.8.0_121)
<2017-09-26 13:05:54> DEBUG [org.apache.http.headers] http-outgoing-8 >> Cookie: JSESSIONID=F6E28E4994D1584E597DBDFCCCB1737E; fast_failed=true; fast_failed=true; fast_failed=true
<2017-09-26 13:05:54> DEBUG [org.apache.http.headers] http-outgoing-8 >> Accept-Encoding: gzip,deflate
<2017-09-26 13:05:54> DEBUG [org.apache.http.wire] http-outgoing-8 >> "POST /nexperience/perfectomobile/wd/hub/session/cabc1017-92e0-4ebc-8d17-fffda1c413a6/execute HTTP/1.1[\r][\n]"
<2017-09-26 13:05:54> DEBUG [org.apache.http.wire] http-outgoing-8 >> "Content-Type: application/json; charset=utf-8[\r][\n]"
<2017-09-26 13:05:54> DEBUG [org.apache.http.wire] http-outgoing-8 >> "Content-Length: 97[\r][\n]"
<2017-09-26 13:05:54> DEBUG [org.apache.http.wire] http-outgoing-8 >> "Host: branchtest.perfectomobile.com[\r][\n]"
<2017-09-26 13:05:54> DEBUG [org.apache.http.wire] http-outgoing-8 >> "Connection: Keep-Alive[\r][\n]"
<2017-09-26 13:05:54> DEBUG [org.apache.http.wire] http-outgoing-8 >> "User-Agent: Apache-HttpClient/4.5.2 (Java/1.8.0_121)[\r][\n]"
<2017-09-26 13:05:54> DEBUG [org.apache.http.wire] http-outgoing-8 >> "Cookie: JSESSIONID=F6E28E4994D1584E597DBDFCCCB1737E; fast_failed=true; fast_failed=true; fast_failed=true[\r][\n]"
<2017-09-26 13:05:54> DEBUG [org.apache.http.wire] http-outgoing-8 >> "Accept-Encoding: gzip,deflate[\r][\n]"
<2017-09-26 13:05:54> DEBUG [org.apache.http.wire] http-outgoing-8 >> "[\r][\n]"
<2017-09-26 13:05:54> DEBUG [org.apache.http.wire] http-outgoing-8 >> "{"script":"mobile:text:select","args":[{"scrolling":"scroll","threshold":60,"content":"Signin"}]}"
<2017-09-26 13:05:59> DEBUG [o.a.h.c.p.RequestAddCookies] CookieSpec selected: default
<2017-09-26 13:05:59> DEBUG [o.a.h.c.p.RequestAddCookies] Cookie [version: 0][name: JSESSIONID][value: F6E28E4994D1584E597DBDFCCCB1737E][domain: branchtest.perfectomobile.com][path: /nexperience/][expiry: null] match [(secure)branchtest.perfectomobile.com:443/nexperience/perfectomobile/wd/hub/session/223f2364-c363-4f1b-9fa3-c593981d31c4/execute]
<2017-09-26 13:05:59> DEBUG [o.a.h.c.p.RequestAddCookies] Cookie [version: 0][name: fast_failed][value: true][domain: branchtest.perfectomobile.com][path: /nexperience/perfectomobile/wd/hub][expiry: null] match [(secure)branchtest.perfectomobile.com:443/nexperience/perfectomobile/wd/hub/session/223f2364-c363-4f1b-9fa3-c593981d31c4/execute]
<2017-09-26 13:05:59> DEBUG [o.a.h.c.p.RequestAddCookies] Cookie [version: 0][name: fast_failed][value: true][domain: branchtest.perfectomobile.com][path: /nexperience/perfectomobile/wd/hub/session][expiry: null] match [(secure)branchtest.perfectomobile.com:443/nexperience/perfectomobile/wd/hub/session/223f2364-c363-4f1b-9fa3-c593981d31c4/execute]
<2017-09-26 13:05:59> DEBUG [o.a.h.c.p.RequestAddCookies] Cookie [version: 0][name: fast_failed][value: true][domain: branchtest.perfectomobile.com][path: /nexperience/perfectomobile/wd/hub/session/223f2364-c363-4f1b-9fa3-c593981d31c4][expiry: null] match [(secure)branchtest.perfectomobile.com:443/nexperience/perfectomobile/wd/hub/session/223f2364-c363-4f1b-9fa3-c593981d31c4/execute]
<2017-09-26 13:05:59> DEBUG [o.a.h.c.p.RequestAuthCache] Auth cache not set in the context
<2017-09-26 13:05:59> DEBUG [o.a.h.i.c.PoolingHttpClientConnectionManager] Connection request: [route: {s}->https://branchtest.perfectomobile.com:443][total kept alive: 2; route allocated: 3 of 2000; total allocated: 3 of 2000]
<2017-09-26 13:05:59> DEBUG [org.apache.http.wire] http-outgoing-5 << "[read] I/O error: Read timed out"
<2017-09-26 13:05:59> DEBUG [o.a.h.i.c.PoolingHttpClientConnectionManager] Connection leased: [id: 5][route: {s}->https://branchtest.perfectomobile.com:443][total kept alive: 1; route allocated: 3 of 2000; total allocated: 3 of 2000]
<2017-09-26 13:05:59> DEBUG [o.a.h.i.execchain.MainClientExec] Stale connection check
<2017-09-26 13:05:59> DEBUG [org.apache.http.wire] http-outgoing-5 << "[read] I/O error: Read timed out"
<2017-09-26 13:05:59> DEBUG [o.a.h.i.c.DefaultManagedHttpClientConnection] http-outgoing-5: set socket timeout to 10800000
<2017-09-26 13:05:59> DEBUG [o.a.h.i.execchain.MainClientExec] Executing request POST /nexperience/perfectomobile/wd/hub/session/223f2364-c363-4f1b-9fa3-c593981d31c4/execute HTTP/1.1
<2017-09-26 13:05:59> DEBUG [o.a.h.i.execchain.MainClientExec] Target auth state: UNCHALLENGED
<2017-09-26 13:05:59> DEBUG [o.a.h.i.execchain.MainClientExec] Proxy auth state: UNCHALLENGED
<2017-09-26 13:05:59> DEBUG [org.apache.http.headers] http-outgoing-5 >> POST /nexperience/perfectomobile/wd/hub/session/223f2364-c363-4f1b-9fa3-c593981d31c4/execute HTTP/1.1
<2017-09-26 13:05:59> DEBUG [org.apache.http.headers] http-outgoing-5 >> Content-Type: application/json; charset=utf-8
<2017-09-26 13:05:59> DEBUG [org.apache.http.headers] http-outgoing-5 >> Content-Length: 54
<2017-09-26 13:05:59> DEBUG [org.apache.http.headers] http-outgoing-5 >> Host: branchtest.perfectomobile.com
<2017-09-26 13:05:59> DEBUG [org.apache.http.headers] http-outgoing-5 >> Connection: Keep-Alive
<2017-09-26 13:05:59> DEBUG [org.apache.http.headers] http-outgoing-5 >> User-Agent: Apache-HttpClient/4.5.2 (Java/1.8.0_121)
<2017-09-26 13:05:59> DEBUG [org.apache.http.headers] http-outgoing-5 >> Cookie: JSESSIONID=F6E28E4994D1584E597DBDFCCCB1737E; fast_failed=true; fast_failed=true; fast_failed=true
<2017-09-26 13:05:59> DEBUG [org.apache.http.headers] http-outgoing-5 >> Accept-Encoding: gzip,deflate
<2017-09-26 13:05:59> DEBUG [org.apache.http.wire] http-outgoing-5 >> "POST /nexperience/perfectomobile/wd/hub/session/223f2364-c363-4f1b-9fa3-c593981d31c4/execute HTTP/1.1[\r][\n]"
<2017-09-26 13:05:59> DEBUG [org.apache.http.wire] http-outgoing-5 >> "Content-Type: application/json; charset=utf-8[\r][\n]"
<2017-09-26 13:05:59> DEBUG [org.apache.http.wire] http-outgoing-5 >> "Content-Length: 54[\r][\n]"
<2017-09-26 13:05:59> DEBUG [org.apache.http.wire] http-outgoing-5 >> "Host: branchtest.perfectomobile.com[\r][\n]"
<2017-09-26 13:05:59> DEBUG [org.apache.http.wire] http-outgoing-5 >> "Connection: Keep-Alive[\r][\n]"
<2017-09-26 13:05:59> DEBUG [org.apache.http.wire] http-outgoing-5 >> "User-Agent: Apache-HttpClient/4.5.2 (Java/1.8.0_121)[\r][\n]"
<2017-09-26 13:05:59> DEBUG [org.apache.http.wire] http-outgoing-5 >> "Cookie: JSESSIONID=F6E28E4994D1584E597DBDFCCCB1737E; fast_failed=true; fast_failed=true; fast_failed=true[\r][\n]"
<2017-09-26 13:05:59> DEBUG [org.apache.http.wire] http-outgoing-5 >> "Accept-Encoding: gzip,deflate[\r][\n]"
<2017-09-26 13:05:59> DEBUG [org.apache.http.wire] http-outgoing-5 >> "[\r][\n]"
<2017-09-26 13:05:59> DEBUG [org.apache.http.wire] http-outgoing-5 >> "{"script":"mobile:step:end","args":[{"message":null}]}"
<2017-09-26 13:06:00> DEBUG [org.apache.http.wire] http-outgoing-5 << "HTTP/1.1 200 OK[\r][\n]"
<2017-09-26 13:06:00> DEBUG [org.apache.http.wire] http-outgoing-5 << "Server: nginx[\r][\n]"
<2017-09-26 13:06:00> DEBUG [org.apache.http.wire] http-outgoing-5 << "Date: Tue, 26 Sep 2017 10:05:56 GMT[\r][\n]"
<2017-09-26 13:06:00> DEBUG [org.apache.http.wire] http-outgoing-5 << "Content-Type: application/json;charset=utf-8[\r][\n]"
<2017-09-26 13:06:00> DEBUG [org.apache.http.wire] http-outgoing-5 << "Transfer-Encoding: chunked[\r][\n]"
<2017-09-26 13:06:00> DEBUG [org.apache.http.wire] http-outgoing-5 << "Connection: keep-alive[\r][\n]"
<2017-09-26 13:06:00> DEBUG [org.apache.http.wire] http-outgoing-5 << "Set-Cookie: JSESSIONID=F6E28E4994D1584E597DBDFCCCB1737E; Path=/nexperience/; HttpOnly[\r][\n]"
<2017-09-26 13:06:00> DEBUG [org.apache.http.wire] http-outgoing-5 << "Expires: Thu, 01 Jan 1970 00:00:00 GMT[\r][\n]"
<2017-09-26 13:06:00> DEBUG [org.apache.http.wire] http-outgoing-5 << "Cache-Control: no-cache[\r][\n]"
<2017-09-26 13:06:00> DEBUG [org.apache.http.wire] http-outgoing-5 << "Cache-Control: no-cache[\r][\n]"
<2017-09-26 13:06:00> DEBUG [org.apache.http.wire] http-outgoing-5 << "Expires: Thu, 01 Jan 1970 00:00:00 GMT[\r][\n]"
<2017-09-26 13:06:00> DEBUG [org.apache.http.wire] http-outgoing-5 << "Set-Cookie: fast_failed=true[\r][\n]"
<2017-09-26 13:06:00> DEBUG [org.apache.http.wire] http-outgoing-5 << "X-XSS-Protection: 2; mode=block[\r][\n]"
<2017-09-26 13:06:00> DEBUG [org.apache.http.wire] http-outgoing-5 << "Content-Encoding: gzip[\r][\n]"
<2017-09-26 13:06:00> DEBUG [org.apache.http.wire] http-outgoing-5 << "[\r][\n]"
<2017-09-26 13:06:00> DEBUG [org.apache.http.wire] http-outgoing-5 << "96[\r][\n]"
<2017-09-26 13:06:00> DEBUG [org.apache.http.wire] http-outgoing-5 << "[0x1f][0x8b][0x8][0x0][0x0][0x0][0x0][0x0][0x0][0x3]-[0xcc][0xbb][0x12][0xc2] [0x10][0x85][0xe1]w[0xd9]:0[0x81][0xc5][0xdc]Z+[[0xdf][0x0][0xc9]F3C [0xc9][0x82][0x8d][0xe3][0xbb][0xbb][0x85][0xed]?[0xdf]9[0x1f]`b^s[0xba][0xcd]0[0x81][0xb5][0xb8]X[0xec][0x9c][\n]"
<2017-09-26 13:06:00> DEBUG [org.apache.http.wire] http-outgoing-5 << "[0xd8][0xa1]r[0x8b]y[0xa8]q[0xf1][0xa8][0xc2]e[0xc4]q03[0x9a][0xe0][0xa0][0x1].[0xbe][0x90]p[0xae]![0xc8]Z[0xca][0xeb][0x9a]g)[0xa6]5[0xb6][0xb7]n[0xe8][0xb1][0x81][0xb7][0x8f]UR[0xaa]16[0x10][0xa2][0x17]7A>[0x9f]:[0xef][0x94][0xe][0xaf][0x99]"[0xa5][0xb5]n[0xfa][0xa4]-[0x17][0xd2]w[0xe2]='[0xa6][0xff]]]>&#x7f;<![CDATA[[0x15][0xde]~]]>&#x7f;<![CDATA[$[0x8e][0xf][0xd4][0x9f][0x0][0x0][0x0][\r][\n]"
<2017-09-26 13:06:00> DEBUG [org.apache.http.wire] http-outgoing-5 << "0[\r][\n]"
<2017-09-26 13:06:00> DEBUG [org.apache.http.wire] http-outgoing-5 << "[\r][\n]"
<2017-09-26 13:06:00> DEBUG [org.apache.http.headers] http-outgoing-5 << HTTP/1.1 200 OK
<2017-09-26 13:06:00> DEBUG [org.apache.http.headers] http-outgoing-5 << Server: nginx
<2017-09-26 13:06:00> DEBUG [org.apache.http.headers] http-outgoing-5 << Date: Tue, 26 Sep 2017 10:05:56 GMT
<2017-09-26 13:06:00> DEBUG [org.apache.http.headers] http-outgoing-5 << Content-Type: application/json;charset=utf-8
<2017-09-26 13:06:00> DEBUG [org.apache.http.headers] http-outgoing-5 << Transfer-Encoding: chunked
<2017-09-26 13:06:00> DEBUG [org.apache.http.headers] http-outgoing-5 << Connection: keep-alive
<2017-09-26 13:06:00> DEBUG [org.apache.http.headers] http-outgoing-5 << Set-Cookie: JSESSIONID=F6E28E4994D1584E597DBDFCCCB1737E; Path=/nexperience/; HttpOnly
<2017-09-26 13:06:00> DEBUG [org.apache.http.headers] http-outgoing-5 << Expires: Thu, 01 Jan 1970 00:00:00 GMT
<2017-09-26 13:06:00> DEBUG [org.apache.http.headers] http-outgoing-5 << Cache-Control: no-cache
<2017-09-26 13:06:00> DEBUG [org.apache.http.headers] http-outgoing-5 << Cache-Control: no-cache
<2017-09-26 13:06:00> DEBUG [org.apache.http.headers] http-outgoing-5 << Expires: Thu, 01 Jan 1970 00:00:00 GMT
<2017-09-26 13:06:00> DEBUG [org.apache.http.headers] http-outgoing-5 << Set-Cookie: fast_failed=true
<2017-09-26 13:06:00> DEBUG [org.apache.http.headers] http-outgoing-5 << X-XSS-Protection: 2; mode=block
<2017-09-26 13:06:00> DEBUG [org.apache.http.headers] http-outgoing-5 << Content-Encoding: gzip
<2017-09-26 13:06:00> DEBUG [o.a.h.i.execchain.MainClientExec] Connection can be kept alive indefinitely
<2017-09-26 13:06:00> DEBUG [o.a.h.c.p.ResponseProcessCookies] Cookie accepted [JSESSIONID="F6E28E4994D1584E597DBDFCCCB1737E", version:0, domain:branchtest.perfectomobile.com, path:/nexperience/, expiry:null]
<2017-09-26 13:06:00> DEBUG [o.a.h.c.p.ResponseProcessCookies] Cookie accepted [fast_failed="true", version:0, domain:branchtest.perfectomobile.com, path:/nexperience/perfectomobile/wd/hub/session/223f2364-c363-4f1b-9fa3-c593981d31c4, expiry:null]
<2017-09-26 13:06:00> DEBUG [o.a.h.i.c.PoolingHttpClientConnectionManager] Connection [id: 5][route: {s}->https://branchtest.perfectomobile.com:443] can be kept alive indefinitely
<2017-09-26 13:06:00> DEBUG [o.a.h.i.c.PoolingHttpClientConnectionManager] Connection released: [id: 5][route: {s}->https://branchtest.perfectomobile.com:443][total kept alive: 2; route allocated: 3 of 2000; total allocated: 3 of 2000]
<2017-09-26 13:06:00> DEBUG [o.a.h.c.p.RequestAddCookies] CookieSpec selected: default
<2017-09-26 13:06:00> DEBUG [o.a.h.c.p.RequestAddCookies] Cookie [version: 0][name: JSESSIONID][value: F6E28E4994D1584E597DBDFCCCB1737E][domain: branchtest.perfectomobile.com][path: /nexperience/][expiry: null] match [(secure)branchtest.perfectomobile.com:443/nexperience/perfectomobile/wd/hub/session/223f2364-c363-4f1b-9fa3-c593981d31c4/execute]
<2017-09-26 13:06:00> DEBUG [o.a.h.c.p.RequestAddCookies] Cookie [version: 0][name: fast_failed][value: true][domain: branchtest.perfectomobile.com][path: /nexperience/perfectomobile/wd/hub][expiry: null] match [(secure)branchtest.perfectomobile.com:443/nexperience/perfectomobile/wd/hub/session/223f2364-c363-4f1b-9fa3-c593981d31c4/execute]
<2017-09-26 13:06:00> DEBUG [o.a.h.c.p.RequestAddCookies] Cookie [version: 0][name: fast_failed][value: true][domain: branchtest.perfectomobile.com][path: /nexperience/perfectomobile/wd/hub/session][expiry: null] match [(secure)branchtest.perfectomobile.com:443/nexperience/perfectomobile/wd/hub/session/223f2364-c363-4f1b-9fa3-c593981d31c4/execute]
<2017-09-26 13:06:00> DEBUG [o.a.h.c.p.RequestAddCookies] Cookie [version: 0][name: fast_failed][value: true][domain: branchtest.perfectomobile.com][path: /nexperience/perfectomobile/wd/hub/session/223f2364-c363-4f1b-9fa3-c593981d31c4][expiry: null] match [(secure)branchtest.perfectomobile.com:443/nexperience/perfectomobile/wd/hub/session/223f2364-c363-4f1b-9fa3-c593981d31c4/execute]
<2017-09-26 13:06:00> DEBUG [o.a.h.c.p.RequestAuthCache] Auth cache not set in the context
<2017-09-26 13:06:00> DEBUG [o.a.h.i.c.PoolingHttpClientConnectionManager] Connection request: [route: {s}->https://branchtest.perfectomobile.com:443][total kept alive: 2; route allocated: 3 of 2000; total allocated: 3 of 2000]
<2017-09-26 13:06:00> DEBUG [o.a.h.i.c.PoolingHttpClientConnectionManager] Connection leased: [id: 5][route: {s}->https://branchtest.perfectomobile.com:443][total kept alive: 1; route allocated: 3 of 2000; total allocated: 3 of 2000]
<2017-09-26 13:06:00> DEBUG [o.a.h.i.execchain.MainClientExec] Stale connection check
<2017-09-26 13:06:00> DEBUG [org.apache.http.wire] http-outgoing-5 << "[read] I/O error: Read timed out"
<2017-09-26 13:06:00> DEBUG [o.a.h.i.c.DefaultManagedHttpClientConnection] http-outgoing-5: set socket timeout to 10800000
<2017-09-26 13:06:00> DEBUG [o.a.h.i.execchain.MainClientExec] Executing request POST /nexperience/perfectomobile/wd/hub/session/223f2364-c363-4f1b-9fa3-c593981d31c4/execute HTTP/1.1
<2017-09-26 13:06:00> DEBUG [o.a.h.i.execchain.MainClientExec] Target auth state: UNCHALLENGED
<2017-09-26 13:06:00> DEBUG [o.a.h.i.execchain.MainClientExec] Proxy auth state: UNCHALLENGED
<2017-09-26 13:06:00> DEBUG [org.apache.http.headers] http-outgoing-5 >> POST /nexperience/perfectomobile/wd/hub/session/223f2364-c363-4f1b-9fa3-c593981d31c4/execute HTTP/1.1
<2017-09-26 13:06:00> DEBUG [org.apache.http.headers] http-outgoing-5 >> Content-Type: application/json; charset=utf-8
<2017-09-26 13:06:00> DEBUG [org.apache.http.headers] http-outgoing-5 >> Content-Length: 72
<2017-09-26 13:06:00> DEBUG [org.apache.http.headers] http-outgoing-5 >> Host: branchtest.perfectomobile.com
<2017-09-26 13:06:00> DEBUG [org.apache.http.headers] http-outgoing-5 >> Connection: Keep-Alive
<2017-09-26 13:06:00> DEBUG [org.apache.http.headers] http-outgoing-5 >> User-Agent: Apache-HttpClient/4.5.2 (Java/1.8.0_121)
<2017-09-26 13:06:00> DEBUG [org.apache.http.headers] http-outgoing-5 >> Cookie: JSESSIONID=F6E28E4994D1584E597DBDFCCCB1737E; fast_failed=true; fast_failed=true; fast_failed=true
<2017-09-26 13:06:00> DEBUG [org.apache.http.headers] http-outgoing-5 >> Accept-Encoding: gzip,deflate
<2017-09-26 13:06:00> DEBUG [org.apache.http.wire] http-outgoing-5 >> "POST /nexperience/perfectomobile/wd/hub/session/223f2364-c363-4f1b-9fa3-c593981d31c4/execute HTTP/1.1[\r][\n]"
<2017-09-26 13:06:00> DEBUG [org.apache.http.wire] http-outgoing-5 >> "Content-Type: application/json; charset=utf-8[\r][\n]"
<2017-09-26 13:06:00> DEBUG [org.apache.http.wire] http-outgoing-5 >> "Content-Length: 72[\r][\n]"
<2017-09-26 13:06:00> DEBUG [org.apache.http.wire] http-outgoing-5 >> "Host: branchtest.perfectomobile.com[\r][\n]"
<2017-09-26 13:06:00> DEBUG [org.apache.http.wire] http-outgoing-5 >> "Connection: Keep-Alive[\r][\n]"
<2017-09-26 13:06:00> DEBUG [org.apache.http.wire] http-outgoing-5 >> "User-Agent: Apache-HttpClient/4.5.2 (Java/1.8.0_121)[\r][\n]"
<2017-09-26 13:06:00> DEBUG [org.apache.http.wire] http-outgoing-5 >> "Cookie: JSESSIONID=F6E28E4994D1584E597DBDFCCCB1737E; fast_failed=true; fast_failed=true; fast_failed=true[\r][\n]"
<2017-09-26 13:06:00> DEBUG [org.apache.http.wire] http-outgoing-5 >> "Accept-Encoding: gzip,deflate[\r][\n]"
<2017-09-26 13:06:00> DEBUG [org.apache.http.wire] http-outgoing-5 >> "[\r][\n]"
<2017-09-26 13:06:00> DEBUG [org.apache.http.wire] http-outgoing-5 >> "{"script":"mobile:step:start","args":[{"name":"Opening signin window"}]}"
<2017-09-26 13:06:00> DEBUG [org.apache.http.wire] http-outgoing-5 << "HTTP/1.1 200 OK[\r][\n]"
<2017-09-26 13:06:00> DEBUG [org.apache.http.wire] http-outgoing-5 << "Server: nginx[\r][\n]"
<2017-09-26 13:06:00> DEBUG [org.apache.http.wire] http-outgoing-5 << "Date: Tue, 26 Sep 2017 10:05:56 GMT[\r][\n]"
<2017-09-26 13:06:00> DEBUG [org.apache.http.wire] http-outgoing-5 << "Content-Type: application/json;charset=utf-8[\r][\n]"
<2017-09-26 13:06:00> DEBUG [org.apache.http.wire] http-outgoing-5 << "Transfer-Encoding: chunked[\r][\n]"
<2017-09-26 13:06:00> DEBUG [org.apache.http.wire] http-outgoing-5 << "Connection: keep-alive[\r][\n]"
<2017-09-26 13:06:00> DEBUG [org.apache.http.wire] http-outgoing-5 << "Set-Cookie: JSESSIONID=F6E28E4994D1584E597DBDFCCCB1737E; Path=/nexperience/; HttpOnly[\r][\n]"
<2017-09-26 13:06:00> DEBUG [org.apache.http.wire] http-outgoing-5 << "Expires: Thu, 01 Jan 1970 00:00:00 GMT[\r][\n]"
<2017-09-26 13:06:00> DEBUG [org.apache.http.wire] http-outgoing-5 << "Cache-Control: no-cache[\r][\n]"
<2017-09-26 13:06:00> DEBUG [org.apache.http.wire] http-outgoing-5 << "Cache-Control: no-cache[\r][\n]"
<2017-09-26 13:06:00> DEBUG [org.apache.http.wire] http-outgoing-5 << "Expires: Thu, 01 Jan 1970 00:00:00 GMT[\r][\n]"
<2017-09-26 13:06:00> DEBUG [org.apache.http.wire] http-outgoing-5 << "Set-Cookie: fast_failed=true[\r][\n]"
<2017-09-26 13:06:00> DEBUG [org.apache.http.wire] http-outgoing-5 << "X-XSS-Protection: 2; mode=block[\r][\n]"
<2017-09-26 13:06:00> DEBUG [org.apache.http.wire] http-outgoing-5 << "Content-Encoding: gzip[\r][\n]"
<2017-09-26 13:06:00> DEBUG [org.apache.http.wire] http-outgoing-5 << "[\r][\n]"
<2017-09-26 13:06:00> DEBUG [org.apache.http.wire] http-outgoing-5 << "94[\r][\n]"
<2017-09-26 13:06:00> DEBUG [org.apache.http.wire] http-outgoing-5 << "[0x1f][0x8b][0x8][0x0][0x0][0x0][0x0][0x0][0x0][0x3]-[0xcc][0xc1][0xe][0x82]0[0x10][0x4][0xd0]]]>&#x7f;<![CDATA[[0xd9]3mh[0xb7][0x10][0xca][0xd5][0x93]W[0xff][0xa0][0x96]EI[0xa0][0x5][0xb6][0xf5]b[0xfc]w[0xd7][0xc4][0xeb][0xcc][0x9b]y[0x3][0x13][0xf3][0x92][0xd3]u[0x82][0x11][0xac][0xc5][0xd9]b[0xef]T[0xc4][0x1e][0x95][0x9b][0xcd]][0xf9]9[0xa0][0x8a][0x9d]G?[0x98][0x9]Mt[0xd0][0x0][0x97]PH8[0xd7][0x18]e-[0xc9][0xf3][0x92]'I:7[0xd8][0xd6][0xd9][0xde]5[0xf0][\n]"
<2017-09-26 13:06:00> DEBUG [org.apache.http.wire] http-outgoing-5 << "k[0xfd][0x19])[0xe3][0x1a][0x4][0x8d][0x90][0xcf][0x87][0xce];[0xa5]#h[0xa6][0x95][0xd2]R7}[0xd2][0x96][0xb][0xe9][0x1b][0xf1][0x9e][0x13][0xd3][0xff][0xbc][\n]"
<2017-09-26 13:06:00> DEBUG [org.apache.http.wire] http-outgoing-5 << "o?_e[0x15].[0xf7][0x9c][0x0][0x0][0x0][\r][\n]"
<2017-09-26 13:06:00> DEBUG [org.apache.http.wire] http-outgoing-5 << "0[\r][\n]"
<2017-09-26 13:06:00> DEBUG [org.apache.http.wire] http-outgoing-5 << "[\r][\n]"
<2017-09-26 13:06:00> DEBUG [org.apache.http.headers] http-outgoing-5 << HTTP/1.1 200 OK
<2017-09-26 13:06:00> DEBUG [org.apache.http.headers] http-outgoing-5 << Server: nginx
<2017-09-26 13:06:00> DEBUG [org.apache.http.headers] http-outgoing-5 << Date: Tue, 26 Sep 2017 10:05:56 GMT
<2017-09-26 13:06:00> DEBUG [org.apache.http.headers] http-outgoing-5 << Content-Type: application/json;charset=utf-8
<2017-09-26 13:06:00> DEBUG [org.apache.http.headers] http-outgoing-5 << Transfer-Encoding: chunked
<2017-09-26 13:06:00> DEBUG [org.apache.http.headers] http-outgoing-5 << Connection: keep-alive
<2017-09-26 13:06:00> DEBUG [org.apache.http.headers] http-outgoing-5 << Set-Cookie: JSESSIONID=F6E28E4994D1584E597DBDFCCCB1737E; Path=/nexperience/; HttpOnly
<2017-09-26 13:06:00> DEBUG [org.apache.http.headers] http-outgoing-5 << Expires: Thu, 01 Jan 1970 00:00:00 GMT
<2017-09-26 13:06:00> DEBUG [org.apache.http.headers] http-outgoing-5 << Cache-Control: no-cache
<2017-09-26 13:06:00> DEBUG [org.apache.http.headers] http-outgoing-5 << Cache-Control: no-cache
<2017-09-26 13:06:00> DEBUG [org.apache.http.headers] http-outgoing-5 << Expires: Thu, 01 Jan 1970 00:00:00 GMT
<2017-09-26 13:06:00> DEBUG [org.apache.http.headers] http-outgoing-5 << Set-Cookie: fast_failed=true
<2017-09-26 13:06:00> DEBUG [org.apache.http.headers] http-outgoing-5 << X-XSS-Protection: 2; mode=block
<2017-09-26 13:06:00> DEBUG [org.apache.http.headers] http-outgoing-5 << Content-Encoding: gzip
<2017-09-26 13:06:00> DEBUG [o.a.h.i.execchain.MainClientExec] Connection can be kept alive indefinitely
<2017-09-26 13:06:00> DEBUG [o.a.h.c.p.ResponseProcessCookies] Cookie accepted [JSESSIONID="F6E28E4994D1584E597DBDFCCCB1737E", version:0, domain:branchtest.perfectomobile.com, path:/nexperience/, expiry:null]
<2017-09-26 13:06:00> DEBUG [o.a.h.c.p.ResponseProcessCookies] Cookie accepted [fast_failed="true", version:0, domain:branchtest.perfectomobile.com, path:/nexperience/perfectomobile/wd/hub/session/223f2364-c363-4f1b-9fa3-c593981d31c4, expiry:null]
<2017-09-26 13:06:00> DEBUG [o.a.h.i.c.PoolingHttpClientConnectionManager] Connection [id: 5][route: {s}->https://branchtest.perfectomobile.com:443] can be kept alive indefinitely
<2017-09-26 13:06:00> DEBUG [o.a.h.i.c.PoolingHttpClientConnectionManager] Connection released: [id: 5][route: {s}->https://branchtest.perfectomobile.com:443][total kept alive: 2; route allocated: 3 of 2000; total allocated: 3 of 2000]
<2017-09-26 13:06:00> DEBUG [o.a.h.c.p.RequestAddCookies] CookieSpec selected: default
<2017-09-26 13:06:00> DEBUG [o.a.h.c.p.RequestAddCookies] Cookie [version: 0][name: JSESSIONID][value: F6E28E4994D1584E597DBDFCCCB1737E][domain: branchtest.perfectomobile.com][path: /nexperience/][expiry: null] match [(secure)branchtest.perfectomobile.com:443/nexperience/perfectomobile/wd/hub/session/223f2364-c363-4f1b-9fa3-c593981d31c4/execute]
<2017-09-26 13:06:00> DEBUG [o.a.h.c.p.RequestAddCookies] Cookie [version: 0][name: fast_failed][value: true][domain: branchtest.perfectomobile.com][path: /nexperience/perfectomobile/wd/hub][expiry: null] match [(secure)branchtest.perfectomobile.com:443/nexperience/perfectomobile/wd/hub/session/223f2364-c363-4f1b-9fa3-c593981d31c4/execute]
<2017-09-26 13:06:00> DEBUG [o.a.h.c.p.RequestAddCookies] Cookie [version: 0][name: fast_failed][value: true][domain: branchtest.perfectomobile.com][path: /nexperience/perfectomobile/wd/hub/session][expiry: null] match [(secure)branchtest.perfectomobile.com:443/nexperience/perfectomobile/wd/hub/session/223f2364-c363-4f1b-9fa3-c593981d31c4/execute]
<2017-09-26 13:06:00> DEBUG [o.a.h.c.p.RequestAddCookies] Cookie [version: 0][name: fast_failed][value: true][domain: branchtest.perfectomobile.com][path: /nexperience/perfectomobile/wd/hub/session/223f2364-c363-4f1b-9fa3-c593981d31c4][expiry: null] match [(secure)branchtest.perfectomobile.com:443/nexperience/perfectomobile/wd/hub/session/223f2364-c363-4f1b-9fa3-c593981d31c4/execute]
<2017-09-26 13:06:00> DEBUG [o.a.h.c.p.RequestAuthCache] Auth cache not set in the context
<2017-09-26 13:06:00> DEBUG [o.a.h.i.c.PoolingHttpClientConnectionManager] Connection request: [route: {s}->https://branchtest.perfectomobile.com:443][total kept alive: 2; route allocated: 3 of 2000; total allocated: 3 of 2000]
<2017-09-26 13:06:00> DEBUG [o.a.h.i.c.PoolingHttpClientConnectionManager] Connection leased: [id: 5][route: {s}->https://branchtest.perfectomobile.com:443][total kept alive: 1; route allocated: 3 of 2000; total allocated: 3 of 2000]
<2017-09-26 13:06:00> DEBUG [o.a.h.i.execchain.MainClientExec] Stale connection check
<2017-09-26 13:06:00> DEBUG [org.apache.http.wire] http-outgoing-5 << "[read] I/O error: Read timed out"
<2017-09-26 13:06:00> DEBUG [o.a.h.i.c.DefaultManagedHttpClientConnection] http-outgoing-5: set socket timeout to 10800000
<2017-09-26 13:06:00> DEBUG [o.a.h.i.execchain.MainClientExec] Executing request POST /nexperience/perfectomobile/wd/hub/session/223f2364-c363-4f1b-9fa3-c593981d31c4/execute HTTP/1.1
<2017-09-26 13:06:00> DEBUG [o.a.h.i.execchain.MainClientExec] Target auth state: UNCHALLENGED
<2017-09-26 13:06:00> DEBUG [o.a.h.i.execchain.MainClientExec] Proxy auth state: UNCHALLENGED
<2017-09-26 13:06:00> DEBUG [org.apache.http.headers] http-outgoing-5 >> POST /nexperience/perfectomobile/wd/hub/session/223f2364-c363-4f1b-9fa3-c593981d31c4/execute HTTP/1.1
<2017-09-26 13:06:00> DEBUG [org.apache.http.headers] http-outgoing-5 >> Content-Type: application/json; charset=utf-8
<2017-09-26 13:06:00> DEBUG [org.apache.http.headers] http-outgoing-5 >> Content-Length: 97
<2017-09-26 13:06:00> DEBUG [org.apache.http.headers] http-outgoing-5 >> Host: branchtest.perfectomobile.com
<2017-09-26 13:06:00> DEBUG [org.apache.http.headers] http-outgoing-5 >> Connection: Keep-Alive
<2017-09-26 13:06:00> DEBUG [org.apache.http.headers] http-outgoing-5 >> User-Agent: Apache-HttpClient/4.5.2 (Java/1.8.0_121)
<2017-09-26 13:06:00> DEBUG [org.apache.http.headers] http-outgoing-5 >> Cookie: JSESSIONID=F6E28E4994D1584E597DBDFCCCB1737E; fast_failed=true; fast_failed=true; fast_failed=true
<2017-09-26 13:06:00> DEBUG [org.apache.http.headers] http-outgoing-5 >> Accept-Encoding: gzip,deflate
<2017-09-26 13:06:00> DEBUG [org.apache.http.wire] http-outgoing-5 >> "POST /nexperience/perfectomobile/wd/hub/session/223f2364-c363-4f1b-9fa3-c593981d31c4/execute HTTP/1.1[\r][\n]"
<2017-09-26 13:06:00> DEBUG [org.apache.http.wire] http-outgoing-5 >> "Content-Type: application/json; charset=utf-8[\r][\n]"
<2017-09-26 13:06:00> DEBUG [org.apache.http.wire] http-outgoing-5 >> "Content-Length: 97[\r][\n]"
<2017-09-26 13:06:00> DEBUG [org.apache.http.wire] http-outgoing-5 >> "Host: branchtest.perfectomobile.com[\r][\n]"
<2017-09-26 13:06:00> DEBUG [org.apache.http.wire] http-outgoing-5 >> "Connection: Keep-Alive[\r][\n]"
<2017-09-26 13:06:00> DEBUG [org.apache.http.wire] http-outgoing-5 >> "User-Agent: Apache-HttpClient/4.5.2 (Java/1.8.0_121)[\r][\n]"
<2017-09-26 13:06:00> DEBUG [org.apache.http.wire] http-outgoing-5 >> "Cookie: JSESSIONID=F6E28E4994D1584E597DBDFCCCB1737E; fast_failed=true; fast_failed=true; fast_failed=true[\r][\n]"
<2017-09-26 13:06:00> DEBUG [org.apache.http.wire] http-outgoing-5 >> "Accept-Encoding: gzip,deflate[\r][\n]"
<2017-09-26 13:06:00> DEBUG [org.apache.http.wire] http-outgoing-5 >> "[\r][\n]"
<2017-09-26 13:06:00> DEBUG [org.apache.http.wire] http-outgoing-5 >> "{"script":"mobile:text:select","args":[{"scrolling":"scroll","threshold":60,"content":"Signin"}]}"
<2017-09-26 13:06:01> DEBUG [o.a.h.c.p.RequestAddCookies] CookieSpec selected: default
<2017-09-26 13:06:01> DEBUG [o.a.h.c.p.RequestAddCookies] Cookie [version: 0][name: JSESSIONID][value: F6E28E4994D1584E597DBDFCCCB1737E][domain: branchtest.perfectomobile.com][path: /nexperience/][expiry: null] match [(secure)branchtest.perfectomobile.com:443/nexperience/perfectomobile/wd/hub/session/0bb5ccaf-7de4-4682-9e6c-c5841ee5c6a7/execute]
<2017-09-26 13:06:01> DEBUG [o.a.h.c.p.RequestAddCookies] Cookie [version: 0][name: fast_failed][value: true][domain: branchtest.perfectomobile.com][path: /nexperience/perfectomobile/wd/hub][expiry: null] match [(secure)branchtest.perfectomobile.com:443/nexperience/perfectomobile/wd/hub/session/0bb5ccaf-7de4-4682-9e6c-c5841ee5c6a7/execute]
<2017-09-26 13:06:01> DEBUG [o.a.h.c.p.RequestAddCookies] Cookie [version: 0][name: fast_failed][value: true][domain: branchtest.perfectomobile.com][path: /nexperience/perfectomobile/wd/hub/session][expiry: null] match [(secure)branchtest.perfectomobile.com:443/nexperience/perfectomobile/wd/hub/session/0bb5ccaf-7de4-4682-9e6c-c5841ee5c6a7/execute]
<2017-09-26 13:06:01> DEBUG [o.a.h.c.p.RequestAddCookies] Cookie [version: 0][name: fast_failed][value: true][domain: branchtest.perfectomobile.com][path: /nexperience/perfectomobile/wd/hub/session/0bb5ccaf-7de4-4682-9e6c-c5841ee5c6a7][expiry: null] match [(secure)branchtest.perfectomobile.com:443/nexperience/perfectomobile/wd/hub/session/0bb5ccaf-7de4-4682-9e6c-c5841ee5c6a7/execute]
<2017-09-26 13:06:01> DEBUG [o.a.h.c.p.RequestAuthCache] Auth cache not set in the context
<2017-09-26 13:06:01> DEBUG [o.a.h.i.c.PoolingHttpClientConnectionManager] Connection request: [route: {s}->https://branchtest.perfectomobile.com:443][total kept alive: 1; route allocated: 3 of 2000; total allocated: 3 of 2000]
<2017-09-26 13:06:01> DEBUG [org.apache.http.wire] http-outgoing-6 << "[read] I/O error: Read timed out"
<2017-09-26 13:06:01> DEBUG [o.a.h.i.c.PoolingHttpClientConnectionManager] Connection leased: [id: 6][route: {s}->https://branchtest.perfectomobile.com:443][total kept alive: 0; route allocated: 3 of 2000; total allocated: 3 of 2000]
<2017-09-26 13:06:01> DEBUG [o.a.h.i.execchain.MainClientExec] Stale connection check
<2017-09-26 13:06:01> DEBUG [org.apache.http.wire] http-outgoing-6 << "[read] I/O error: Read timed out"
<2017-09-26 13:06:01> DEBUG [o.a.h.i.c.DefaultManagedHttpClientConnection] http-outgoing-6: set socket timeout to 10800000
<2017-09-26 13:06:01> DEBUG [o.a.h.i.execchain.MainClientExec] Executing request POST /nexperience/perfectomobile/wd/hub/session/0bb5ccaf-7de4-4682-9e6c-c5841ee5c6a7/execute HTTP/1.1
<2017-09-26 13:06:01> DEBUG [o.a.h.i.execchain.MainClientExec] Target auth state: UNCHALLENGED
<2017-09-26 13:06:01> DEBUG [o.a.h.i.execchain.MainClientExec] Proxy auth state: UNCHALLENGED
<2017-09-26 13:06:01> DEBUG [org.apache.http.headers] http-outgoing-6 >> POST /nexperience/perfectomobile/wd/hub/session/0bb5ccaf-7de4-4682-9e6c-c5841ee5c6a7/execute HTTP/1.1
<2017-09-26 13:06:01> DEBUG [org.apache.http.headers] http-outgoing-6 >> Content-Type: application/json; charset=utf-8
<2017-09-26 13:06:01> DEBUG [org.apache.http.headers] http-outgoing-6 >> Content-Length: 97
<2017-09-26 13:06:01> DEBUG [org.apache.http.headers] http-outgoing-6 >> Host: branchtest.perfectomobile.com
<2017-09-26 13:06:01> DEBUG [org.apache.http.headers] http-outgoing-6 >> Connection: Keep-Alive
<2017-09-26 13:06:01> DEBUG [org.apache.http.headers] http-outgoing-6 >> User-Agent: Apache-HttpClient/4.5.2 (Java/1.8.0_121)
<2017-09-26 13:06:01> DEBUG [org.apache.http.headers] http-outgoing-6 >> Cookie: JSESSIONID=F6E28E4994D1584E597DBDFCCCB1737E; fast_failed=true; fast_failed=true; fast_failed=true
<2017-09-26 13:06:01> DEBUG [org.apache.http.headers] http-outgoing-6 >> Accept-Encoding: gzip,deflate
<2017-09-26 13:06:01> DEBUG [org.apache.http.wire] http-outgoing-6 >> "POST /nexperience/perfectomobile/wd/hub/session/0bb5ccaf-7de4-4682-9e6c-c5841ee5c6a7/execute HTTP/1.1[\r][\n]"
<2017-09-26 13:06:01> DEBUG [org.apache.http.wire] http-outgoing-6 >> "Content-Type: application/json; charset=utf-8[\r][\n]"
<2017-09-26 13:06:01> DEBUG [org.apache.http.wire] http-outgoing-6 >> "Content-Length: 97[\r][\n]"
<2017-09-26 13:06:01> DEBUG [org.apache.http.wire] http-outgoing-6 >> "Host: branchtest.perfectomobile.com[\r][\n]"
<2017-09-26 13:06:01> DEBUG [org.apache.http.wire] http-outgoing-6 >> "Connection: Keep-Alive[\r][\n]"
<2017-09-26 13:06:01> DEBUG [org.apache.http.wire] http-outgoing-6 >> "User-Agent: Apache-HttpClient/4.5.2 (Java/1.8.0_121)[\r][\n]"
<2017-09-26 13:06:01> DEBUG [org.apache.http.wire] http-outgoing-6 >> "Cookie: JSESSIONID=F6E28E4994D1584E597DBDFCCCB1737E; fast_failed=true; fast_failed=true; fast_failed=true[\r][\n]"
<2017-09-26 13:06:01> DEBUG [org.apache.http.wire] http-outgoing-6 >> "Accept-Encoding: gzip,deflate[\r][\n]"
<2017-09-26 13:06:01> DEBUG [org.apache.http.wire] http-outgoing-6 >> "[\r][\n]"
<2017-09-26 13:06:01> DEBUG [org.apache.http.wire] http-outgoing-6 >> "{"script":"mobile:text:select","args":[{"scrolling":"scroll","threshold":60,"content":"SUBMIT"}]}"
<2017-09-26 13:06:03> DEBUG [org.apache.http.wire] http-outgoing-8 << "HTTP/1.1 200 OK[\r][\n]"
<2017-09-26 13:06:03> DEBUG [org.apache.http.wire] http-outgoing-8 << "Server: nginx[\r][\n]"
<2017-09-26 13:06:03> DEBUG [org.apache.http.wire] http-outgoing-8 << "Date: Tue, 26 Sep 2017 10:06:00 GMT[\r][\n]"
<2017-09-26 13:06:03> DEBUG [org.apache.http.wire] http-outgoing-8 << "Content-Type: application/json;charset=utf-8[\r][\n]"
<2017-09-26 13:06:03> DEBUG [org.apache.http.wire] http-outgoing-8 << "Transfer-Encoding: chunked[\r][\n]"
<2017-09-26 13:06:03> DEBUG [org.apache.http.wire] http-outgoing-8 << "Connection: keep-alive[\r][\n]"
<2017-09-26 13:06:03> DEBUG [org.apache.http.wire] http-outgoing-8 << "Set-Cookie: JSESSIONID=F6E28E4994D1584E597DBDFCCCB1737E; Path=/nexperience/; HttpOnly[\r][\n]"
<2017-09-26 13:06:03> DEBUG [org.apache.http.wire] http-outgoing-8 << "Expires: Thu, 01 Jan 1970 00:00:00 GMT[\r][\n]"
<2017-09-26 13:06:03> DEBUG [org.apache.http.wire] http-outgoing-8 << "Cache-Control: no-cache[\r][\n]"
<2017-09-26 13:06:03> DEBUG [org.apache.http.wire] http-outgoing-8 << "Cache-Control: no-cache[\r][\n]"
<2017-09-26 13:06:03> DEBUG [org.apache.http.wire] http-outgoing-8 << "Expires: Thu, 01 Jan 1970 00:00:00 GMT[\r][\n]"
<2017-09-26 13:06:03> DEBUG [org.apache.http.wire] http-outgoing-8 << "Set-Cookie: fast_failed=true[\r][\n]"
<2017-09-26 13:06:03> DEBUG [org.apache.http.wire] http-outgoing-8 << "X-XSS-Protection: 2; mode=block[\r][\n]"
<2017-09-26 13:06:03> DEBUG [org.apache.http.wire] http-outgoing-8 << "Content-Encoding: gzip[\r][\n]"
<2017-09-26 13:06:03> DEBUG [org.apache.http.wire] http-outgoing-8 << "[\r][\n]"
<2017-09-26 13:06:03> DEBUG [org.apache.http.wire] http-outgoing-8 << "95[\r][\n]"
<2017-09-26 13:06:03> DEBUG [org.apache.http.wire] http-outgoing-8 << "[0x1f][0x8b][0x8][0x0][0x0][0x0][0x0][0x0][0x0][0x3]-[0x8c]1[0xe][0xc2]0[0xc]E[0xef][0xe2]9[0x8d][0x92][0x12]Q[0xda][0x95][0x89][0x95][0x1b][0xb8][0x8e][0x3][0x95][0xd2][0xa4][0xd4][\r][0xb][0xe2][0xee]x`[0xfc]O[0xef][0xfd][0xf][0x8][0x8b],[0xb5][0xdc]"L@8[0x93]w~[0xe8][0xc6][0x9e]][0x17]x[0xa6][0xee][0x12]u[0xa6][0x94]"z[\n]"
<2017-09-26 13:06:03> DEBUG [org.apache.http.wire] http-outgoing-8 << "[0xfe][0x84]g0 [0x7][0x1e][0xac][0xba]4"[0xad][0x95]<[0xaf]5*[0xf1][0xc1][0xbb]~[0x18]][0xef][0xc][0xbc]17E[0xa5][0xe5]l[0x80]2[0xaa]7A[0xdd][0x1f][0xb6]n\^h[0x85]3[0x97][0xa5][0xad]v[0xe7][0xb5][0x1e]l[0xef],[-[0xc2][0xff][0xff][0xa6][0xba][0xfb][0xfe][0x0][0x1c]V[0x87].[0x9f][0x0][0x0][0x0][\r][\n]"
<2017-09-26 13:06:03> DEBUG [org.apache.http.wire] http-outgoing-8 << "0[\r][\n]"
<2017-09-26 13:06:03> DEBUG [org.apache.http.wire] http-outgoing-8 << "[\r][\n]"
<2017-09-26 13:06:03> DEBUG [org.apache.http.headers] http-outgoing-8 << HTTP/1.1 200 OK
<2017-09-26 13:06:03> DEBUG [org.apache.http.headers] http-outgoing-8 << Server: nginx
<2017-09-26 13:06:03> DEBUG [org.apache.http.headers] http-outgoing-8 << Date: Tue, 26 Sep 2017 10:06:00 GMT
<2017-09-26 13:06:03> DEBUG [org.apache.http.headers] http-outgoing-8 << Content-Type: application/json;charset=utf-8
<2017-09-26 13:06:03> DEBUG [org.apache.http.headers] http-outgoing-8 << Transfer-Encoding: chunked
<2017-09-26 13:06:03> DEBUG [org.apache.http.headers] http-outgoing-8 << Connection: keep-alive
<2017-09-26 13:06:03> DEBUG [org.apache.http.headers] http-outgoing-8 << Set-Cookie: JSESSIONID=F6E28E4994D1584E597DBDFCCCB1737E; Path=/nexperience/; HttpOnly
<2017-09-26 13:06:03> DEBUG [org.apache.http.headers] http-outgoing-8 << Expires: Thu, 01 Jan 1970 00:00:00 GMT
<2017-09-26 13:06:03> DEBUG [org.apache.http.headers] http-outgoing-8 << Cache-Control: no-cache
<2017-09-26 13:06:03> DEBUG [org.apache.http.headers] http-outgoing-8 << Cache-Control: no-cache
<2017-09-26 13:06:03> DEBUG [org.apache.http.headers] http-outgoing-8 << Expires: Thu, 01 Jan 1970 00:00:00 GMT
<2017-09-26 13:06:03> DEBUG [org.apache.http.headers] http-outgoing-8 << Set-Cookie: fast_failed=true
<2017-09-26 13:06:03> DEBUG [org.apache.http.headers] http-outgoing-8 << X-XSS-Protection: 2; mode=block
<2017-09-26 13:06:03> DEBUG [org.apache.http.headers] http-outgoing-8 << Content-Encoding: gzip
<2017-09-26 13:06:03> DEBUG [o.a.h.i.execchain.MainClientExec] Connection can be kept alive indefinitely
<2017-09-26 13:06:03> DEBUG [o.a.h.c.p.ResponseProcessCookies] Cookie accepted [JSESSIONID="F6E28E4994D1584E597DBDFCCCB1737E", version:0, domain:branchtest.perfectomobile.com, path:/nexperience/, expiry:null]
<2017-09-26 13:06:03> DEBUG [o.a.h.c.p.ResponseProcessCookies] Cookie accepted [fast_failed="true", version:0, domain:branchtest.perfectomobile.com, path:/nexperience/perfectomobile/wd/hub/session/cabc1017-92e0-4ebc-8d17-fffda1c413a6, expiry:null]
<2017-09-26 13:06:03> DEBUG [o.a.h.i.c.PoolingHttpClientConnectionManager] Connection [id: 8][route: {s}->https://branchtest.perfectomobile.com:443] can be kept alive indefinitely
<2017-09-26 13:06:03> DEBUG [o.a.h.i.c.PoolingHttpClientConnectionManager] Connection released: [id: 8][route: {s}->https://branchtest.perfectomobile.com:443][total kept alive: 1; route allocated: 3 of 2000; total allocated: 3 of 2000]
<2017-09-26 13:06:04> DEBUG [org.apache.http.wire] http-outgoing-5 << "HTTP/1.1 200 OK[\r][\n]"
<2017-09-26 13:06:04> DEBUG [org.apache.http.wire] http-outgoing-5 << "Server: nginx[\r][\n]"
<2017-09-26 13:06:04> DEBUG [org.apache.http.wire] http-outgoing-5 << "Date: Tue, 26 Sep 2017 10:06:00 GMT[\r][\n]"
<2017-09-26 13:06:04> DEBUG [org.apache.http.wire] http-outgoing-5 << "Content-Type: application/json;charset=utf-8[\r][\n]"
<2017-09-26 13:06:04> DEBUG [org.apache.http.wire] http-outgoing-5 << "Transfer-Encoding: chunked[\r][\n]"
<2017-09-26 13:06:04> DEBUG [org.apache.http.wire] http-outgoing-5 << "Connection: keep-alive[\r][\n]"
<2017-09-26 13:06:04> DEBUG [org.apache.http.wire] http-outgoing-5 << "Set-Cookie: JSESSIONID=F6E28E4994D1584E597DBDFCCCB1737E; Path=/nexperience/; HttpOnly[\r][\n]"
<2017-09-26 13:06:04> DEBUG [org.apache.http.wire] http-outgoing-5 << "Expires: Thu, 01 Jan 1970 00:00:00 GMT[\r][\n]"
<2017-09-26 13:06:04> DEBUG [org.apache.http.wire] http-outgoing-5 << "Cache-Control: no-cache[\r][\n]"
<2017-09-26 13:06:04> DEBUG [org.apache.http.wire] http-outgoing-5 << "Cache-Control: no-cache[\r][\n]"
<2017-09-26 13:06:04> DEBUG [org.apache.http.wire] http-outgoing-5 << "Expires: Thu, 01 Jan 1970 00:00:00 GMT[\r][\n]"
<2017-09-26 13:06:04> DEBUG [org.apache.http.wire] http-outgoing-5 << "Set-Cookie: fast_failed=true[\r][\n]"
<2017-09-26 13:06:04> DEBUG [org.apache.http.wire] http-outgoing-5 << "X-XSS-Protection: 2; mode=block[\r][\n]"
<2017-09-26 13:06:04> DEBUG [org.apache.http.wire] http-outgoing-5 << "Content-Encoding: gzip[\r][\n]"
<2017-09-26 13:06:04> DEBUG [org.apache.http.wire] http-outgoing-5 << "[\r][\n]"
<2017-09-26 13:06:04> DEBUG [org.apache.http.wire] http-outgoing-5 << "96[\r][\n]"
<2017-09-26 13:06:04> DEBUG [org.apache.http.wire] http-outgoing-5 << "[0x1f][0x8b][0x8][0x0][0x0][0x0][0x0][0x0][0x0][0x3]-[0xcc]1[0x12][0xc2] [0x10][0x85][0xe1][0xbb]l[0x1d][0x18]aI[0x86][0xa4][0xb5][0xb2][0xf5][0x6]H6[0x9a][0x19][0x2]I[0x16]l[0x1c][0xef][0xee][0x16][0xb6][0xff]|[0xef]}[0x80][0x89]y-[0xf9]6[0xc3][0x4][0xd6][0xe2]bqp*[0xe2][0x80][0xca]-[0xe6][0xa1][0xc6]%[0xa0][0x8a][0xfd][0x88][0xa3]73[0x9a][0xe8][0xa0][0x3][0xae][0xa1][0x92]pn1[0xca]Z[0xca][0xeb]Zf)[0xc6][0xf7][0xc6]Z[0xef][0x9d][0xef][0xe0][0x1d]R[0x93][0x94][J[0x1d][0xc4][0x14][0xc4]MP[0xce][0xa7].;[0xe5]#h[0xa6]Dym[0x9b]>i+[0x95][0xf4][0x9d]x/[0x99][0xe9][0xff][0xdf][0x84]_[0xbe]?[0x84].l>[0x9f][0x0][0x0][0x0][\r][\n]"
<2017-09-26 13:06:04> DEBUG [org.apache.http.wire] http-outgoing-5 << "0[\r][\n]"
<2017-09-26 13:06:04> DEBUG [org.apache.http.wire] http-outgoing-5 << "[\r][\n]"
<2017-09-26 13:06:04> DEBUG [org.apache.http.headers] http-outgoing-5 << HTTP/1.1 200 OK
<2017-09-26 13:06:04> DEBUG [org.apache.http.headers] http-outgoing-5 << Server: nginx
<2017-09-26 13:06:04> DEBUG [org.apache.http.headers] http-outgoing-5 << Date: Tue, 26 Sep 2017 10:06:00 GMT
<2017-09-26 13:06:04> DEBUG [org.apache.http.headers] http-outgoing-5 << Content-Type: application/json;charset=utf-8
<2017-09-26 13:06:04> DEBUG [org.apache.http.headers] http-outgoing-5 << Transfer-Encoding: chunked
<2017-09-26 13:06:04> DEBUG [org.apache.http.headers] http-outgoing-5 << Connection: keep-alive
<2017-09-26 13:06:04> DEBUG [org.apache.http.headers] http-outgoing-5 << Set-Cookie: JSESSIONID=F6E28E4994D1584E597DBDFCCCB1737E; Path=/nexperience/; HttpOnly
<2017-09-26 13:06:04> DEBUG [org.apache.http.headers] http-outgoing-5 << Expires: Thu, 01 Jan 1970 00:00:00 GMT
<2017-09-26 13:06:04> DEBUG [org.apache.http.headers] http-outgoing-5 << Cache-Control: no-cache
<2017-09-26 13:06:04> DEBUG [org.apache.http.headers] http-outgoing-5 << Cache-Control: no-cache
<2017-09-26 13:06:04> DEBUG [org.apache.http.headers] http-outgoing-5 << Expires: Thu, 01 Jan 1970 00:00:00 GMT
<2017-09-26 13:06:04> DEBUG [org.apache.http.headers] http-outgoing-5 << Set-Cookie: fast_failed=true
<2017-09-26 13:06:04> DEBUG [org.apache.http.headers] http-outgoing-5 << X-XSS-Protection: 2; mode=block
<2017-09-26 13:06:04> DEBUG [org.apache.http.headers] http-outgoing-5 << Content-Encoding: gzip
<2017-09-26 13:06:04> DEBUG [o.a.h.i.execchain.MainClientExec] Connection can be kept alive indefinitely
<2017-09-26 13:06:04> DEBUG [o.a.h.c.p.ResponseProcessCookies] Cookie accepted [JSESSIONID="F6E28E4994D1584E597DBDFCCCB1737E", version:0, domain:branchtest.perfectomobile.com, path:/nexperience/, expiry:null]
<2017-09-26 13:06:04> DEBUG [o.a.h.c.p.ResponseProcessCookies] Cookie accepted [fast_failed="true", version:0, domain:branchtest.perfectomobile.com, path:/nexperience/perfectomobile/wd/hub/session/223f2364-c363-4f1b-9fa3-c593981d31c4, expiry:null]
<2017-09-26 13:06:04> DEBUG [o.a.h.i.c.PoolingHttpClientConnectionManager] Connection [id: 5][route: {s}->https://branchtest.perfectomobile.com:443] can be kept alive indefinitely
<2017-09-26 13:06:04> DEBUG [o.a.h.i.c.PoolingHttpClientConnectionManager] Connection released: [id: 5][route: {s}->https://branchtest.perfectomobile.com:443][total kept alive: 2; route allocated: 3 of 2000; total allocated: 3 of 2000]
<2017-09-26 13:06:13> DEBUG [o.a.h.c.p.RequestAddCookies] CookieSpec selected: default
<2017-09-26 13:06:13> DEBUG [o.a.h.c.p.RequestAddCookies] Cookie [version: 0][name: JSESSIONID][value: F6E28E4994D1584E597DBDFCCCB1737E][domain: branchtest.perfectomobile.com][path: /nexperience/][expiry: null] match [(secure)branchtest.perfectomobile.com:443/nexperience/perfectomobile/wd/hub/session/cabc1017-92e0-4ebc-8d17-fffda1c413a6/execute]
<2017-09-26 13:06:13> DEBUG [o.a.h.c.p.RequestAddCookies] Cookie [version: 0][name: fast_failed][value: true][domain: branchtest.perfectomobile.com][path: /nexperience/perfectomobile/wd/hub][expiry: null] match [(secure)branchtest.perfectomobile.com:443/nexperience/perfectomobile/wd/hub/session/cabc1017-92e0-4ebc-8d17-fffda1c413a6/execute]
<2017-09-26 13:06:13> DEBUG [o.a.h.c.p.RequestAddCookies] Cookie [version: 0][name: fast_failed][value: true][domain: branchtest.perfectomobile.com][path: /nexperience/perfectomobile/wd/hub/session][expiry: null] match [(secure)branchtest.perfectomobile.com:443/nexperience/perfectomobile/wd/hub/session/cabc1017-92e0-4ebc-8d17-fffda1c413a6/execute]
<2017-09-26 13:06:13> DEBUG [o.a.h.c.p.RequestAddCookies] Cookie [version: 0][name: fast_failed][value: true][domain: branchtest.perfectomobile.com][path: /nexperience/perfectomobile/wd/hub/session/cabc1017-92e0-4ebc-8d17-fffda1c413a6][expiry: null] match [(secure)branchtest.perfectomobile.com:443/nexperience/perfectomobile/wd/hub/session/cabc1017-92e0-4ebc-8d17-fffda1c413a6/execute]
<2017-09-26 13:06:13> DEBUG [o.a.h.c.p.RequestAuthCache] Auth cache not set in the context
<2017-09-26 13:06:13> DEBUG [o.a.h.i.c.PoolingHttpClientConnectionManager] Connection request: [route: {s}->https://branchtest.perfectomobile.com:443][total kept alive: 2; route allocated: 3 of 2000; total allocated: 3 of 2000]
<2017-09-26 13:06:13> DEBUG [org.apache.http.wire] http-outgoing-5 << "[read] I/O error: Read timed out"
<2017-09-26 13:06:13> DEBUG [o.a.h.i.c.PoolingHttpClientConnectionManager] Connection leased: [id: 5][route: {s}->https://branchtest.perfectomobile.com:443][total kept alive: 1; route allocated: 3 of 2000; total allocated: 3 of 2000]
<2017-09-26 13:06:13> DEBUG [o.a.h.i.execchain.MainClientExec] Stale connection check
<2017-09-26 13:06:13> DEBUG [org.apache.http.wire] http-outgoing-5 << "[read] I/O error: Read timed out"
<2017-09-26 13:06:13> DEBUG [o.a.h.i.c.DefaultManagedHttpClientConnection] http-outgoing-5: set socket timeout to 10800000
<2017-09-26 13:06:13> DEBUG [o.a.h.i.execchain.MainClientExec] Executing request POST /nexperience/perfectomobile/wd/hub/session/cabc1017-92e0-4ebc-8d17-fffda1c413a6/execute HTTP/1.1
<2017-09-26 13:06:13> DEBUG [o.a.h.i.execchain.MainClientExec] Target auth state: UNCHALLENGED
<2017-09-26 13:06:13> DEBUG [o.a.h.i.execchain.MainClientExec] Proxy auth state: UNCHALLENGED
<2017-09-26 13:06:13> DEBUG [org.apache.http.headers] http-outgoing-5 >> POST /nexperience/perfectomobile/wd/hub/session/cabc1017-92e0-4ebc-8d17-fffda1c413a6/execute HTTP/1.1
<2017-09-26 13:06:13> DEBUG [org.apache.http.headers] http-outgoing-5 >> Content-Type: application/json; charset=utf-8
<2017-09-26 13:06:13> DEBUG [org.apache.http.headers] http-outgoing-5 >> Content-Length: 54
<2017-09-26 13:06:13> DEBUG [org.apache.http.headers] http-outgoing-5 >> Host: branchtest.perfectomobile.com
<2017-09-26 13:06:13> DEBUG [org.apache.http.headers] http-outgoing-5 >> Connection: Keep-Alive
<2017-09-26 13:06:13> DEBUG [org.apache.http.headers] http-outgoing-5 >> User-Agent: Apache-HttpClient/4.5.2 (Java/1.8.0_121)
<2017-09-26 13:06:13> DEBUG [org.apache.http.headers] http-outgoing-5 >> Cookie: JSESSIONID=F6E28E4994D1584E597DBDFCCCB1737E; fast_failed=true; fast_failed=true; fast_failed=true
<2017-09-26 13:06:13> DEBUG [org.apache.http.headers] http-outgoing-5 >> Accept-Encoding: gzip,deflate
<2017-09-26 13:06:13> DEBUG [org.apache.http.wire] http-outgoing-5 >> "POST /nexperience/perfectomobile/wd/hub/session/cabc1017-92e0-4ebc-8d17-fffda1c413a6/execute HTTP/1.1[\r][\n]"
<2017-09-26 13:06:13> DEBUG [org.apache.http.wire] http-outgoing-5 >> "Content-Type: application/json; charset=utf-8[\r][\n]"
<2017-09-26 13:06:13> DEBUG [org.apache.http.wire] http-outgoing-5 >> "Content-Length: 54[\r][\n]"
<2017-09-26 13:06:13> DEBUG [org.apache.http.wire] http-outgoing-5 >> "Host: branchtest.perfectomobile.com[\r][\n]"
<2017-09-26 13:06:13> DEBUG [org.apache.http.wire] http-outgoing-5 >> "Connection: Keep-Alive[\r][\n]"
<2017-09-26 13:06:13> DEBUG [org.apache.http.wire] http-outgoing-5 >> "User-Agent: Apache-HttpClient/4.5.2 (Java/1.8.0_121)[\r][\n]"
<2017-09-26 13:06:13> DEBUG [org.apache.http.wire] http-outgoing-5 >> "Cookie: JSESSIONID=F6E28E4994D1584E597DBDFCCCB1737E; fast_failed=true; fast_failed=true; fast_failed=true[\r][\n]"
<2017-09-26 13:06:13> DEBUG [org.apache.http.wire] http-outgoing-5 >> "Accept-Encoding: gzip,deflate[\r][\n]"
<2017-09-26 13:06:13> DEBUG [org.apache.http.wire] http-outgoing-5 >> "[\r][\n]"
<2017-09-26 13:06:13> DEBUG [org.apache.http.wire] http-outgoing-5 >> "{"script":"mobile:step:end","args":[{"message":null}]}"
<2017-09-26 13:06:14> DEBUG [org.apache.http.wire] http-outgoing-5 << "HTTP/1.1 200 OK[\r][\n]"
<2017-09-26 13:06:14> DEBUG [org.apache.http.wire] http-outgoing-5 << "Server: nginx[\r][\n]"
<2017-09-26 13:06:14> DEBUG [org.apache.http.wire] http-outgoing-5 << "Date: Tue, 26 Sep 2017 10:06:10 GMT[\r][\n]"
<2017-09-26 13:06:14> DEBUG [org.apache.http.wire] http-outgoing-5 << "Content-Type: application/json;charset=utf-8[\r][\n]"
<2017-09-26 13:06:14> DEBUG [org.apache.http.wire] http-outgoing-5 << "Transfer-Encoding: chunked[\r][\n]"
<2017-09-26 13:06:14> DEBUG [org.apache.http.wire] http-outgoing-5 << "Connection: keep-alive[\r][\n]"
<2017-09-26 13:06:14> DEBUG [org.apache.http.wire] http-outgoing-5 << "Set-Cookie: JSESSIONID=F6E28E4994D1584E597DBDFCCCB1737E; Path=/nexperience/; HttpOnly[\r][\n]"
<2017-09-26 13:06:14> DEBUG [org.apache.http.wire] http-outgoing-5 << "Expires: Thu, 01 Jan 1970 00:00:00 GMT[\r][\n]"
<2017-09-26 13:06:14> DEBUG [org.apache.http.wire] http-outgoing-5 << "Cache-Control: no-cache[\r][\n]"
<2017-09-26 13:06:14> DEBUG [org.apache.http.wire] http-outgoing-5 << "Cache-Control: no-cache[\r][\n]"
<2017-09-26 13:06:14> DEBUG [org.apache.http.wire] http-outgoing-5 << "Expires: Thu, 01 Jan 1970 00:00:00 GMT[\r][\n]"
<2017-09-26 13:06:14> DEBUG [org.apache.http.wire] http-outgoing-5 << "Set-Cookie: fast_failed=true[\r][\n]"
<2017-09-26 13:06:14> DEBUG [org.apache.http.wire] http-outgoing-5 << "X-XSS-Protection: 2; mode=block[\r][\n]"
<2017-09-26 13:06:14> DEBUG [org.apache.http.wire] http-outgoing-5 << "Content-Encoding: gzip[\r][\n]"
<2017-09-26 13:06:14> DEBUG [org.apache.http.wire] http-outgoing-5 << "[\r][\n]"
<2017-09-26 13:06:14> DEBUG [org.apache.http.wire] http-outgoing-5 << "95[\r][\n]"
<2017-09-26 13:06:14> DEBUG [org.apache.http.wire] http-outgoing-5 << "[0x1f][0x8b][0x8][0x0][0x0][0x0][0x0][0x0][0x0][0x3]-[0x8c];[0x12][0xc2]0[0xc][0x5][0xef][0xa2][0xda][0xf1][0xd8][0xe0]![0x9f][0x96][0x8a][0x96][0x1b]([0xb2][0xc][0x99]q[0xec][0x10][0xc5]4[0xc]wG[0x5][0xe5][0xdb][0xd9]}[0x1f][0x10][0x16]Yj[0xb9]E[0x98][0x80]p&[0xef]|[0xdf][0x8d]'v][0xe0][0x99][0xba]![0xea]L)E[0xf4][0x14][0xfc][0x19]/`@[0xe]<XuiDZ+y^kT[0xe2][0x83][0x1b][0xc6]18[0xd7][0x1b]xcn[0x8a]J[0xcb][0xd9][0x0]eTo[0x82][0xba]?l[0xdd][0xb8][0xbc][0xd0][\n]"
<2017-09-26 13:06:14> DEBUG [org.apache.http.wire] http-outgoing-5 << "g.K[[0xed][0xce]k=[0xd8][0xde]Y[0xb6]Z[0x84][0xff][0xff]Mu[0xf7][0xfd][0x1]_G[0xbd][0x3][0x9f][0x0][0x0][0x0][\r][\n]"
<2017-09-26 13:06:14> DEBUG [org.apache.http.wire] http-outgoing-5 << "0[\r][\n]"
<2017-09-26 13:06:14> DEBUG [org.apache.http.wire] http-outgoing-5 << "[\r][\n]"
<2017-09-26 13:06:14> DEBUG [org.apache.http.headers] http-outgoing-5 << HTTP/1.1 200 OK
<2017-09-26 13:06:14> DEBUG [org.apache.http.headers] http-outgoing-5 << Server: nginx
<2017-09-26 13:06:14> DEBUG [org.apache.http.headers] http-outgoing-5 << Date: Tue, 26 Sep 2017 10:06:10 GMT
<2017-09-26 13:06:14> DEBUG [org.apache.http.headers] http-outgoing-5 << Content-Type: application/json;charset=utf-8
<2017-09-26 13:06:14> DEBUG [org.apache.http.headers] http-outgoing-5 << Transfer-Encoding: chunked
<2017-09-26 13:06:14> DEBUG [org.apache.http.headers] http-outgoing-5 << Connection: keep-alive
<2017-09-26 13:06:14> DEBUG [org.apache.http.headers] http-outgoing-5 << Set-Cookie: JSESSIONID=F6E28E4994D1584E597DBDFCCCB1737E; Path=/nexperience/; HttpOnly
<2017-09-26 13:06:14> DEBUG [org.apache.http.headers] http-outgoing-5 << Expires: Thu, 01 Jan 1970 00:00:00 GMT
<2017-09-26 13:06:14> DEBUG [org.apache.http.headers] http-outgoing-5 << Cache-Control: no-cache
<2017-09-26 13:06:14> DEBUG [org.apache.http.headers] http-outgoing-5 << Cache-Control: no-cache
<2017-09-26 13:06:14> DEBUG [org.apache.http.headers] http-outgoing-5 << Expires: Thu, 01 Jan 1970 00:00:00 GMT
<2017-09-26 13:06:14> DEBUG [org.apache.http.headers] http-outgoing-5 << Set-Cookie: fast_failed=true
<2017-09-26 13:06:14> DEBUG [org.apache.http.headers] http-outgoing-5 << X-XSS-Protection: 2; mode=block
<2017-09-26 13:06:14> DEBUG [org.apache.http.headers] http-outgoing-5 << Content-Encoding: gzip
<2017-09-26 13:06:14> DEBUG [o.a.h.i.execchain.MainClientExec] Connection can be kept alive indefinitely
<2017-09-26 13:06:14> DEBUG [o.a.h.c.p.ResponseProcessCookies] Cookie accepted [JSESSIONID="F6E28E4994D1584E597DBDFCCCB1737E", version:0, domain:branchtest.perfectomobile.com, path:/nexperience/, expiry:null]
<2017-09-26 13:06:14> DEBUG [o.a.h.c.p.ResponseProcessCookies] Cookie accepted [fast_failed="true", version:0, domain:branchtest.perfectomobile.com, path:/nexperience/perfectomobile/wd/hub/session/cabc1017-92e0-4ebc-8d17-fffda1c413a6, expiry:null]
<2017-09-26 13:06:14> DEBUG [o.a.h.i.c.PoolingHttpClientConnectionManager] Connection [id: 5][route: {s}->https://branchtest.perfectomobile.com:443] can be kept alive indefinitely
<2017-09-26 13:06:14> DEBUG [o.a.h.i.c.PoolingHttpClientConnectionManager] Connection released: [id: 5][route: {s}->https://branchtest.perfectomobile.com:443][total kept alive: 2; route allocated: 3 of 2000; total allocated: 3 of 2000]
<2017-09-26 13:06:14> DEBUG [o.a.h.c.p.RequestAddCookies] CookieSpec selected: default
<2017-09-26 13:06:14> DEBUG [o.a.h.c.p.RequestAddCookies] Cookie [version: 0][name: JSESSIONID][value: F6E28E4994D1584E597DBDFCCCB1737E][domain: branchtest.perfectomobile.com][path: /nexperience/][expiry: null] match [(secure)branchtest.perfectomobile.com:443/nexperience/perfectomobile/wd/hub/session/cabc1017-92e0-4ebc-8d17-fffda1c413a6/execute]
<2017-09-26 13:06:14> DEBUG [o.a.h.c.p.RequestAddCookies] Cookie [version: 0][name: fast_failed][value: true][domain: branchtest.perfectomobile.com][path: /nexperience/perfectomobile/wd/hub][expiry: null] match [(secure)branchtest.perfectomobile.com:443/nexperience/perfectomobile/wd/hub/session/cabc1017-92e0-4ebc-8d17-fffda1c413a6/execute]
<2017-09-26 13:06:14> DEBUG [o.a.h.c.p.RequestAddCookies] Cookie [version: 0][name: fast_failed][value: true][domain: branchtest.perfectomobile.com][path: /nexperience/perfectomobile/wd/hub/session][expiry: null] match [(secure)branchtest.perfectomobile.com:443/nexperience/perfectomobile/wd/hub/session/cabc1017-92e0-4ebc-8d17-fffda1c413a6/execute]
<2017-09-26 13:06:14> DEBUG [o.a.h.c.p.RequestAddCookies] Cookie [version: 0][name: fast_failed][value: true][domain: branchtest.perfectomobile.com][path: /nexperience/perfectomobile/wd/hub/session/cabc1017-92e0-4ebc-8d17-fffda1c413a6][expiry: null] match [(secure)branchtest.perfectomobile.com:443/nexperience/perfectomobile/wd/hub/session/cabc1017-92e0-4ebc-8d17-fffda1c413a6/execute]
<2017-09-26 13:06:14> DEBUG [o.a.h.c.p.RequestAuthCache] Auth cache not set in the context
<2017-09-26 13:06:14> DEBUG [o.a.h.i.c.PoolingHttpClientConnectionManager] Connection request: [route: {s}->https://branchtest.perfectomobile.com:443][total kept alive: 2; route allocated: 3 of 2000; total allocated: 3 of 2000]
<2017-09-26 13:06:14> DEBUG [o.a.h.i.c.PoolingHttpClientConnectionManager] Connection leased: [id: 5][route: {s}->https://branchtest.perfectomobile.com:443][total kept alive: 1; route allocated: 3 of 2000; total allocated: 3 of 2000]
<2017-09-26 13:06:14> DEBUG [o.a.h.i.execchain.MainClientExec] Stale connection check
<2017-09-26 13:06:14> DEBUG [org.apache.http.wire] http-outgoing-5 << "[read] I/O error: Read timed out"
<2017-09-26 13:06:14> DEBUG [o.a.h.i.c.DefaultManagedHttpClientConnection] http-outgoing-5: set socket timeout to 10800000
<2017-09-26 13:06:14> DEBUG [o.a.h.i.execchain.MainClientExec] Executing request POST /nexperience/perfectomobile/wd/hub/session/cabc1017-92e0-4ebc-8d17-fffda1c413a6/execute HTTP/1.1
<2017-09-26 13:06:14> DEBUG [o.a.h.i.execchain.MainClientExec] Target auth state: UNCHALLENGED
<2017-09-26 13:06:14> DEBUG [o.a.h.i.execchain.MainClientExec] Proxy auth state: UNCHALLENGED
<2017-09-26 13:06:14> DEBUG [org.apache.http.headers] http-outgoing-5 >> POST /nexperience/perfectomobile/wd/hub/session/cabc1017-92e0-4ebc-8d17-fffda1c413a6/execute HTTP/1.1
<2017-09-26 13:06:14> DEBUG [org.apache.http.headers] http-outgoing-5 >> Content-Type: application/json; charset=utf-8
<2017-09-26 13:06:14> DEBUG [org.apache.http.headers] http-outgoing-5 >> Content-Length: 61
<2017-09-26 13:06:14> DEBUG [org.apache.http.headers] http-outgoing-5 >> Host: branchtest.perfectomobile.com
<2017-09-26 13:06:14> DEBUG [org.apache.http.headers] http-outgoing-5 >> Connection: Keep-Alive
<2017-09-26 13:06:14> DEBUG [org.apache.http.headers] http-outgoing-5 >> User-Agent: Apache-HttpClient/4.5.2 (Java/1.8.0_121)
<2017-09-26 13:06:14> DEBUG [org.apache.http.headers] http-outgoing-5 >> Cookie: JSESSIONID=F6E28E4994D1584E597DBDFCCCB1737E; fast_failed=true; fast_failed=true; fast_failed=true
<2017-09-26 13:06:14> DEBUG [org.apache.http.headers] http-outgoing-5 >> Accept-Encoding: gzip,deflate
<2017-09-26 13:06:14> DEBUG [org.apache.http.wire] http-outgoing-5 >> "POST /nexperience/perfectomobile/wd/hub/session/cabc1017-92e0-4ebc-8d17-fffda1c413a6/execute HTTP/1.1[\r][\n]"
<2017-09-26 13:06:14> DEBUG [org.apache.http.wire] http-outgoing-5 >> "Content-Type: application/json; charset=utf-8[\r][\n]"
<2017-09-26 13:06:14> DEBUG [org.apache.http.wire] http-outgoing-5 >> "Content-Length: 61[\r][\n]"
<2017-09-26 13:06:14> DEBUG [org.apache.http.wire] http-outgoing-5 >> "Host: branchtest.perfectomobile.com[\r][\n]"
<2017-09-26 13:06:14> DEBUG [org.apache.http.wire] http-outgoing-5 >> "Connection: Keep-Alive[\r][\n]"
<2017-09-26 13:06:14> DEBUG [org.apache.http.wire] http-outgoing-5 >> "User-Agent: Apache-HttpClient/4.5.2 (Java/1.8.0_121)[\r][\n]"
<2017-09-26 13:06:14> DEBUG [org.apache.http.wire] http-outgoing-5 >> "Cookie: JSESSIONID=F6E28E4994D1584E597DBDFCCCB1737E; fast_failed=true; fast_failed=true; fast_failed=true[\r][\n]"
<2017-09-26 13:06:14> DEBUG [org.apache.http.wire] http-outgoing-5 >> "Accept-Encoding: gzip,deflate[\r][\n]"
<2017-09-26 13:06:14> DEBUG [org.apache.http.wire] http-outgoing-5 >> "[\r][\n]"
<2017-09-26 13:06:14> DEBUG [org.apache.http.wire] http-outgoing-5 >> "{"script":"mobile:step:start","args":[{"name":"Signing in"}]}"
<2017-09-26 13:06:14> DEBUG [o.a.h.c.p.RequestAddCookies] CookieSpec selected: default
<2017-09-26 13:06:14> DEBUG [o.a.h.c.p.RequestAddCookies] Cookie [version: 0][name: JSESSIONID][value: F6E28E4994D1584E597DBDFCCCB1737E][domain: branchtest.perfectomobile.com][path: /nexperience/][expiry: null] match [(secure)branchtest.perfectomobile.com:443/nexperience/perfectomobile/wd/hub/session/223f2364-c363-4f1b-9fa3-c593981d31c4/execute]
<2017-09-26 13:06:14> DEBUG [o.a.h.c.p.RequestAddCookies] Cookie [version: 0][name: fast_failed][value: true][domain: branchtest.perfectomobile.com][path: /nexperience/perfectomobile/wd/hub][expiry: null] match [(secure)branchtest.perfectomobile.com:443/nexperience/perfectomobile/wd/hub/session/223f2364-c363-4f1b-9fa3-c593981d31c4/execute]
<2017-09-26 13:06:14> DEBUG [o.a.h.c.p.RequestAddCookies] Cookie [version: 0][name: fast_failed][value: true][domain: branchtest.perfectomobile.com][path: /nexperience/perfectomobile/wd/hub/session][expiry: null] match [(secure)branchtest.perfectomobile.com:443/nexperience/perfectomobile/wd/hub/session/223f2364-c363-4f1b-9fa3-c593981d31c4/execute]
<2017-09-26 13:06:14> DEBUG [o.a.h.c.p.RequestAddCookies] Cookie [version: 0][name: fast_failed][value: true][domain: branchtest.perfectomobile.com][path: /nexperience/perfectomobile/wd/hub/session/223f2364-c363-4f1b-9fa3-c593981d31c4][expiry: null] match [(secure)branchtest.perfectomobile.com:443/nexperience/perfectomobile/wd/hub/session/223f2364-c363-4f1b-9fa3-c593981d31c4/execute]
<2017-09-26 13:06:14> DEBUG [o.a.h.c.p.RequestAuthCache] Auth cache not set in the context
<2017-09-26 13:06:14> DEBUG [o.a.h.i.c.PoolingHttpClientConnectionManager] Connection request: [route: {s}->https://branchtest.perfectomobile.com:443][total kept alive: 1; route allocated: 3 of 2000; total allocated: 3 of 2000]
<2017-09-26 13:06:14> DEBUG [org.apache.http.wire] http-outgoing-8 << "[read] I/O error: Read timed out"
<2017-09-26 13:06:14> DEBUG [o.a.h.i.c.PoolingHttpClientConnectionManager] Connection leased: [id: 8][route: {s}->https://branchtest.perfectomobile.com:443][total kept alive: 0; route allocated: 3 of 2000; total allocated: 3 of 2000]
<2017-09-26 13:06:14> DEBUG [o.a.h.i.execchain.MainClientExec] Stale connection check
<2017-09-26 13:06:14> DEBUG [org.apache.http.wire] http-outgoing-8 << "[read] I/O error: Read timed out"
<2017-09-26 13:06:14> DEBUG [o.a.h.i.c.DefaultManagedHttpClientConnection] http-outgoing-8: set socket timeout to 10800000
<2017-09-26 13:06:14> DEBUG [o.a.h.i.execchain.MainClientExec] Executing request POST /nexperience/perfectomobile/wd/hub/session/223f2364-c363-4f1b-9fa3-c593981d31c4/execute HTTP/1.1
<2017-09-26 13:06:14> DEBUG [o.a.h.i.execchain.MainClientExec] Target auth state: UNCHALLENGED
<2017-09-26 13:06:14> DEBUG [o.a.h.i.execchain.MainClientExec] Proxy auth state: UNCHALLENGED
<2017-09-26 13:06:14> DEBUG [org.apache.http.headers] http-outgoing-8 >> POST /nexperience/perfectomobile/wd/hub/session/223f2364-c363-4f1b-9fa3-c593981d31c4/execute HTTP/1.1
<2017-09-26 13:06:14> DEBUG [org.apache.http.headers] http-outgoing-8 >> Content-Type: application/json; charset=utf-8
<2017-09-26 13:06:14> DEBUG [org.apache.http.headers] http-outgoing-8 >> Content-Length: 54
<2017-09-26 13:06:14> DEBUG [org.apache.http.headers] http-outgoing-8 >> Host: branchtest.perfectomobile.com
<2017-09-26 13:06:14> DEBUG [org.apache.http.headers] http-outgoing-8 >> Connection: Keep-Alive
<2017-09-26 13:06:14> DEBUG [org.apache.http.headers] http-outgoing-8 >> User-Agent: Apache-HttpClient/4.5.2 (Java/1.8.0_121)
<2017-09-26 13:06:14> DEBUG [org.apache.http.headers] http-outgoing-8 >> Cookie: JSESSIONID=F6E28E4994D1584E597DBDFCCCB1737E; fast_failed=true; fast_failed=true; fast_failed=true
<2017-09-26 13:06:14> DEBUG [org.apache.http.headers] http-outgoing-8 >> Accept-Encoding: gzip,deflate
<2017-09-26 13:06:14> DEBUG [org.apache.http.wire] http-outgoing-8 >> "POST /nexperience/perfectomobile/wd/hub/session/223f2364-c363-4f1b-9fa3-c593981d31c4/execute HTTP/1.1[\r][\n]"
<2017-09-26 13:06:14> DEBUG [org.apache.http.wire] http-outgoing-8 >> "Content-Type: application/json; charset=utf-8[\r][\n]"
<2017-09-26 13:06:14> DEBUG [org.apache.http.wire] http-outgoing-8 >> "Content-Length: 54[\r][\n]"
<2017-09-26 13:06:14> DEBUG [org.apache.http.wire] http-outgoing-8 >> "Host: branchtest.perfectomobile.com[\r][\n]"
<2017-09-26 13:06:14> DEBUG [org.apache.http.wire] http-outgoing-8 >> "Connection: Keep-Alive[\r][\n]"
<2017-09-26 13:06:14> DEBUG [org.apache.http.wire] http-outgoing-8 >> "User-Agent: Apache-HttpClient/4.5.2 (Java/1.8.0_121)[\r][\n]"
<2017-09-26 13:06:14> DEBUG [org.apache.http.wire] http-outgoing-8 >> "Cookie: JSESSIONID=F6E28E4994D1584E597DBDFCCCB1737E; fast_failed=true; fast_failed=true; fast_failed=true[\r][\n]"
<2017-09-26 13:06:14> DEBUG [org.apache.http.wire] http-outgoing-8 >> "Accept-Encoding: gzip,deflate[\r][\n]"
<2017-09-26 13:06:14> DEBUG [org.apache.http.wire] http-outgoing-8 >> "[\r][\n]"
<2017-09-26 13:06:14> DEBUG [org.apache.http.wire] http-outgoing-8 >> "{"script":"mobile:step:end","args":[{"message":null}]}"
<2017-09-26 13:06:14> DEBUG [org.apache.http.wire] http-outgoing-5 << "HTTP/1.1 200 OK[\r][\n]"
<2017-09-26 13:06:14> DEBUG [org.apache.http.wire] http-outgoing-5 << "Server: nginx[\r][\n]"
<2017-09-26 13:06:14> DEBUG [org.apache.http.wire] http-outgoing-5 << "Date: Tue, 26 Sep 2017 10:06:10 GMT[\r][\n]"
<2017-09-26 13:06:14> DEBUG [org.apache.http.wire] http-outgoing-5 << "Content-Type: application/json;charset=utf-8[\r][\n]"
<2017-09-26 13:06:14> DEBUG [org.apache.http.wire] http-outgoing-5 << "Transfer-Encoding: chunked[\r][\n]"
<2017-09-26 13:06:14> DEBUG [org.apache.http.wire] http-outgoing-5 << "Connection: keep-alive[\r][\n]"
<2017-09-26 13:06:14> DEBUG [org.apache.http.wire] http-outgoing-5 << "Set-Cookie: JSESSIONID=F6E28E4994D1584E597DBDFCCCB1737E; Path=/nexperience/; HttpOnly[\r][\n]"
<2017-09-26 13:06:14> DEBUG [org.apache.http.wire] http-outgoing-5 << "Expires: Thu, 01 Jan 1970 00:00:00 GMT[\r][\n]"
<2017-09-26 13:06:14> DEBUG [org.apache.http.wire] http-outgoing-5 << "Cache-Control: no-cache[\r][\n]"
<2017-09-26 13:06:14> DEBUG [org.apache.http.wire] http-outgoing-5 << "Cache-Control: no-cache[\r][\n]"
<2017-09-26 13:06:14> DEBUG [org.apache.http.wire] http-outgoing-5 << "Expires: Thu, 01 Jan 1970 00:00:00 GMT[\r][\n]"
<2017-09-26 13:06:14> DEBUG [org.apache.http.wire] http-outgoing-5 << "Set-Cookie: fast_failed=true[\r][\n]"
<2017-09-26 13:06:14> DEBUG [org.apache.http.wire] http-outgoing-5 << "X-XSS-Protection: 2; mode=block[\r][\n]"
<2017-09-26 13:06:14> DEBUG [org.apache.http.wire] http-outgoing-5 << "Content-Encoding: gzip[\r][\n]"
<2017-09-26 13:06:14> DEBUG [org.apache.http.wire] http-outgoing-5 << "[\r][\n]"
<2017-09-26 13:06:14> DEBUG [org.apache.http.wire] http-outgoing-5 << "94[\r][\n]"
<2017-09-26 13:06:14> DEBUG [org.apache.http.wire] http-outgoing-5 << "[0x1f][0x8b][0x8][0x0][0x0][0x0][0x0][0x0][0x0][0x3]-[0x8c][0xb1][0xe][0x83]0[0xc]D[0xff][0xc5]3D[0x9]  [0xac][0x9d][0xba][0xf6][0xf][0x8c]cZ[0xa4][0x90]PL[0xba]T[0xfd][0xf7][0xba]R[0xc7]{[0xf7][0xee][0xde] ,[0xb2][0xe6]t[\r]0[0x1][0xe1]L[0xce][0xba][0xa1][0xf6][\r][0xdb][0xba][0xe3][0x99][0xea]1h\[0x96]%[0xa0][0xa3][0xce][0xb5][0xd8]C[0x5]r[0xe2][0xc9][0xaa]K![0xd2][0xb5][0x92][0xc7]%[0x7]%[0x8d][0xed][0xbd][0x1b]};[0xb4][0x15][0xbc]0[0x96][0x9f][0xa4]-ETk[0x82]|[0xdc]M[0xde]9=[0xd1][0x8]GNk[0xd9][0xcc][0xc1][>[0xd9][0xdc]X[0xf6][0x9c][0x84][0xff][0xef]Eu[0xfb][0xf9][0x2][\r][0xd5][0xd8]q[0x9d][0x0][0x0][0x0][\r][\n]"
<2017-09-26 13:06:14> DEBUG [org.apache.http.wire] http-outgoing-5 << "0[\r][\n]"
<2017-09-26 13:06:14> DEBUG [org.apache.http.wire] http-outgoing-5 << "[\r][\n]"
<2017-09-26 13:06:14> DEBUG [org.apache.http.headers] http-outgoing-5 << HTTP/1.1 200 OK
<2017-09-26 13:06:14> DEBUG [org.apache.http.headers] http-outgoing-5 << Server: nginx
<2017-09-26 13:06:14> DEBUG [org.apache.http.headers] http-outgoing-5 << Date: Tue, 26 Sep 2017 10:06:10 GMT
<2017-09-26 13:06:14> DEBUG [org.apache.http.headers] http-outgoing-5 << Content-Type: application/json;charset=utf-8
<2017-09-26 13:06:14> DEBUG [org.apache.http.headers] http-outgoing-5 << Transfer-Encoding: chunked
<2017-09-26 13:06:14> DEBUG [org.apache.http.headers] http-outgoing-5 << Connection: keep-alive
<2017-09-26 13:06:14> DEBUG [org.apache.http.headers] http-outgoing-5 << Set-Cookie: JSESSIONID=F6E28E4994D1584E597DBDFCCCB1737E; Path=/nexperience/; HttpOnly
<2017-09-26 13:06:14> DEBUG [org.apache.http.headers] http-outgoing-5 << Expires: Thu, 01 Jan 1970 00:00:00 GMT
<2017-09-26 13:06:14> DEBUG [org.apache.http.headers] http-outgoing-5 << Cache-Control: no-cache
<2017-09-26 13:06:14> DEBUG [org.apache.http.headers] http-outgoing-5 << Cache-Control: no-cache
<2017-09-26 13:06:14> DEBUG [org.apache.http.headers] http-outgoing-5 << Expires: Thu, 01 Jan 1970 00:00:00 GMT
<2017-09-26 13:06:14> DEBUG [org.apache.http.headers] http-outgoing-5 << Set-Cookie: fast_failed=true
<2017-09-26 13:06:14> DEBUG [org.apache.http.headers] http-outgoing-5 << X-XSS-Protection: 2; mode=block
<2017-09-26 13:06:14> DEBUG [org.apache.http.headers] http-outgoing-5 << Content-Encoding: gzip
<2017-09-26 13:06:14> DEBUG [o.a.h.i.execchain.MainClientExec] Connection can be kept alive indefinitely
<2017-09-26 13:06:14> DEBUG [o.a.h.c.p.ResponseProcessCookies] Cookie accepted [JSESSIONID="F6E28E4994D1584E597DBDFCCCB1737E", version:0, domain:branchtest.perfectomobile.com, path:/nexperience/, expiry:null]
<2017-09-26 13:06:14> DEBUG [o.a.h.c.p.ResponseProcessCookies] Cookie accepted [fast_failed="true", version:0, domain:branchtest.perfectomobile.com, path:/nexperience/perfectomobile/wd/hub/session/cabc1017-92e0-4ebc-8d17-fffda1c413a6, expiry:null]
<2017-09-26 13:06:14> DEBUG [o.a.h.i.c.PoolingHttpClientConnectionManager] Connection [id: 5][route: {s}->https://branchtest.perfectomobile.com:443] can be kept alive indefinitely
<2017-09-26 13:06:14> DEBUG [o.a.h.i.c.PoolingHttpClientConnectionManager] Connection released: [id: 5][route: {s}->https://branchtest.perfectomobile.com:443][total kept alive: 1; route allocated: 3 of 2000; total allocated: 3 of 2000]
<2017-09-26 13:06:14> DEBUG [o.a.h.c.p.RequestAddCookies] CookieSpec selected: default
<2017-09-26 13:06:14> DEBUG [o.a.h.c.p.RequestAddCookies] Cookie [version: 0][name: JSESSIONID][value: F6E28E4994D1584E597DBDFCCCB1737E][domain: branchtest.perfectomobile.com][path: /nexperience/][expiry: null] match [(secure)branchtest.perfectomobile.com:443/nexperience/perfectomobile/wd/hub/session/cabc1017-92e0-4ebc-8d17-fffda1c413a6/element]
<2017-09-26 13:06:14> DEBUG [o.a.h.c.p.RequestAddCookies] Cookie [version: 0][name: fast_failed][value: true][domain: branchtest.perfectomobile.com][path: /nexperience/perfectomobile/wd/hub][expiry: null] match [(secure)branchtest.perfectomobile.com:443/nexperience/perfectomobile/wd/hub/session/cabc1017-92e0-4ebc-8d17-fffda1c413a6/element]
<2017-09-26 13:06:14> DEBUG [o.a.h.c.p.RequestAddCookies] Cookie [version: 0][name: fast_failed][value: true][domain: branchtest.perfectomobile.com][path: /nexperience/perfectomobile/wd/hub/session][expiry: null] match [(secure)branchtest.perfectomobile.com:443/nexperience/perfectomobile/wd/hub/session/cabc1017-92e0-4ebc-8d17-fffda1c413a6/element]
<2017-09-26 13:06:14> DEBUG [o.a.h.c.p.RequestAddCookies] Cookie [version: 0][name: fast_failed][value: true][domain: branchtest.perfectomobile.com][path: /nexperience/perfectomobile/wd/hub/session/cabc1017-92e0-4ebc-8d17-fffda1c413a6][expiry: null] match [(secure)branchtest.perfectomobile.com:443/nexperience/perfectomobile/wd/hub/session/cabc1017-92e0-4ebc-8d17-fffda1c413a6/element]
<2017-09-26 13:06:14> DEBUG [o.a.h.c.p.RequestAuthCache] Auth cache not set in the context
<2017-09-26 13:06:14> DEBUG [o.a.h.i.c.PoolingHttpClientConnectionManager] Connection request: [route: {s}->https://branchtest.perfectomobile.com:443][total kept alive: 1; route allocated: 3 of 2000; total allocated: 3 of 2000]
<2017-09-26 13:06:14> DEBUG [o.a.h.i.c.PoolingHttpClientConnectionManager] Connection leased: [id: 5][route: {s}->https://branchtest.perfectomobile.com:443][total kept alive: 0; route allocated: 3 of 2000; total allocated: 3 of 2000]
<2017-09-26 13:06:14> DEBUG [o.a.h.i.execchain.MainClientExec] Stale connection check
<2017-09-26 13:06:14> DEBUG [org.apache.http.wire] http-outgoing-5 << "[read] I/O error: Read timed out"
<2017-09-26 13:06:14> DEBUG [o.a.h.i.c.DefaultManagedHttpClientConnection] http-outgoing-5: set socket timeout to 10800000
<2017-09-26 13:06:14> DEBUG [o.a.h.i.execchain.MainClientExec] Executing request POST /nexperience/perfectomobile/wd/hub/session/cabc1017-92e0-4ebc-8d17-fffda1c413a6/element HTTP/1.1
<2017-09-26 13:06:14> DEBUG [o.a.h.i.execchain.MainClientExec] Target auth state: UNCHALLENGED
<2017-09-26 13:06:14> DEBUG [o.a.h.i.execchain.MainClientExec] Proxy auth state: UNCHALLENGED
<2017-09-26 13:06:14> DEBUG [org.apache.http.headers] http-outgoing-5 >> POST /nexperience/perfectomobile/wd/hub/session/cabc1017-92e0-4ebc-8d17-fffda1c413a6/element HTTP/1.1
<2017-09-26 13:06:14> DEBUG [org.apache.http.headers] http-outgoing-5 >> Content-Type: application/json; charset=utf-8
<2017-09-26 13:06:14> DEBUG [org.apache.http.headers] http-outgoing-5 >> Content-Length: 54
<2017-09-26 13:06:14> DEBUG [org.apache.http.headers] http-outgoing-5 >> Host: branchtest.perfectomobile.com
<2017-09-26 13:06:14> DEBUG [org.apache.http.headers] http-outgoing-5 >> Connection: Keep-Alive
<2017-09-26 13:06:14> DEBUG [org.apache.http.headers] http-outgoing-5 >> User-Agent: Apache-HttpClient/4.5.2 (Java/1.8.0_121)
<2017-09-26 13:06:14> DEBUG [org.apache.http.headers] http-outgoing-5 >> Cookie: JSESSIONID=F6E28E4994D1584E597DBDFCCCB1737E; fast_failed=true; fast_failed=true; fast_failed=true
<2017-09-26 13:06:14> DEBUG [org.apache.http.headers] http-outgoing-5 >> Accept-Encoding: gzip,deflate
<2017-09-26 13:06:14> DEBUG [org.apache.http.wire] http-outgoing-5 >> "POST /nexperience/perfectomobile/wd/hub/session/cabc1017-92e0-4ebc-8d17-fffda1c413a6/element HTTP/1.1[\r][\n]"
<2017-09-26 13:06:14> DEBUG [org.apache.http.wire] http-outgoing-5 >> "Content-Type: application/json; charset=utf-8[\r][\n]"
<2017-09-26 13:06:14> DEBUG [org.apache.http.wire] http-outgoing-5 >> "Content-Length: 54[\r][\n]"
<2017-09-26 13:06:14> DEBUG [org.apache.http.wire] http-outgoing-5 >> "Host: branchtest.perfectomobile.com[\r][\n]"
<2017-09-26 13:06:14> DEBUG [org.apache.http.wire] http-outgoing-5 >> "Connection: Keep-Alive[\r][\n]"
<2017-09-26 13:06:14> DEBUG [org.apache.http.wire] http-outgoing-5 >> "User-Agent: Apache-HttpClient/4.5.2 (Java/1.8.0_121)[\r][\n]"
<2017-09-26 13:06:14> DEBUG [org.apache.http.wire] http-outgoing-5 >> "Cookie: JSESSIONID=F6E28E4994D1584E597DBDFCCCB1737E; fast_failed=true; fast_failed=true; fast_failed=true[\r][\n]"
<2017-09-26 13:06:14> DEBUG [org.apache.http.wire] http-outgoing-5 >> "Accept-Encoding: gzip,deflate[\r][\n]"
<2017-09-26 13:06:14> DEBUG [org.apache.http.wire] http-outgoing-5 >> "[\r][\n]"
<2017-09-26 13:06:14> DEBUG [org.apache.http.wire] http-outgoing-5 >> "{"using":"xpath","value":"(//*[@name='username'])[2]"}"
<2017-09-26 13:06:14> DEBUG [org.apache.http.wire] http-outgoing-8 << "HTTP/1.1 200 OK[\r][\n]"
<2017-09-26 13:06:14> DEBUG [org.apache.http.wire] http-outgoing-8 << "Server: nginx[\r][\n]"
<2017-09-26 13:06:14> DEBUG [org.apache.http.wire] http-outgoing-8 << "Date: Tue, 26 Sep 2017 10:06:10 GMT[\r][\n]"
<2017-09-26 13:06:14> DEBUG [org.apache.http.wire] http-outgoing-8 << "Content-Type: application/json;charset=utf-8[\r][\n]"
<2017-09-26 13:06:14> DEBUG [org.apache.http.wire] http-outgoing-8 << "Transfer-Encoding: chunked[\r][\n]"
<2017-09-26 13:06:14> DEBUG [org.apache.http.wire] http-outgoing-8 << "Connection: keep-alive[\r][\n]"
<2017-09-26 13:06:14> DEBUG [org.apache.http.wire] http-outgoing-8 << "Set-Cookie: JSESSIONID=F6E28E4994D1584E597DBDFCCCB1737E; Path=/nexperience/; HttpOnly[\r][\n]"
<2017-09-26 13:06:14> DEBUG [org.apache.http.wire] http-outgoing-8 << "Expires: Thu, 01 Jan 1970 00:00:00 GMT[\r][\n]"
<2017-09-26 13:06:14> DEBUG [org.apache.http.wire] http-outgoing-8 << "Cache-Control: no-cache[\r][\n]"
<2017-09-26 13:06:14> DEBUG [org.apache.http.wire] http-outgoing-8 << "Cache-Control: no-cache[\r][\n]"
<2017-09-26 13:06:14> DEBUG [org.apache.http.wire] http-outgoing-8 << "Expires: Thu, 01 Jan 1970 00:00:00 GMT[\r][\n]"
<2017-09-26 13:06:14> DEBUG [org.apache.http.wire] http-outgoing-8 << "Set-Cookie: fast_failed=true[\r][\n]"
<2017-09-26 13:06:14> DEBUG [org.apache.http.wire] http-outgoing-8 << "X-XSS-Protection: 2; mode=block[\r][\n]"
<2017-09-26 13:06:14> DEBUG [org.apache.http.wire] http-outgoing-8 << "Content-Encoding: gzip[\r][\n]"
<2017-09-26 13:06:14> DEBUG [org.apache.http.wire] http-outgoing-8 << "[\r][\n]"
<2017-09-26 13:06:14> DEBUG [org.apache.http.wire] http-outgoing-8 << "96[\r][\n]"
<2017-09-26 13:06:14> DEBUG [org.apache.http.wire] http-outgoing-8 << "[0x1f][0x8b][0x8][0x0][0x0][0x0][0x0][0x0][0x0][0x3]-[0x8c]1[0x12][0xc2] [0x10]E[0xef][0xb2]u`$[0x8b][0xc4][0xa4][0xb5][0xb2][0xf5][0x6]H[0x16][0xcd][0xc][0x81]$[0xb]6[0x8e]ww[0xb][0xe7]wo[0xde][0xfb][0x1f]`b^J[0xbe][0xcd]0A[0xdf]c[0xec][0xd1]Y[0x15][0xd0][0xa1][0xb2][0xd1]<[0xd4][0x18]=[0xaa]p[0x1e]q[0xbc][0x98][0x19]M[0xb0][0xd0][0x1]W_Itn!H-[0xe4]u-[0xb3][0x10][0xe3]d8[0xc][0x83][0xe9][0xe0][0xed]S[0x13][0x94][J[0x1d][0x84][0xe4][0xc5][0x9b][0xa0][0x1c]O]6[0xca][0xbb][0xd7]L[0x89][0xf2][0xd2]V}[0xd0]Z*[0xe9];[0xf1]V2[0xd3][0xff][0xbf][0x89]~[0xfa][0xfe][0x0][0xfc][0xa3]0m[0x9f][0x0][0x0][0x0][\r][\n]"
<2017-09-26 13:06:14> DEBUG [org.apache.http.wire] http-outgoing-8 << "0[\r][\n]"
<2017-09-26 13:06:14> DEBUG [org.apache.http.wire] http-outgoing-8 << "[\r][\n]"
<2017-09-26 13:06:14> DEBUG [org.apache.http.headers] http-outgoing-8 << HTTP/1.1 200 OK
<2017-09-26 13:06:14> DEBUG [org.apache.http.headers] http-outgoing-8 << Server: nginx
<2017-09-26 13:06:14> DEBUG [org.apache.http.headers] http-outgoing-8 << Date: Tue, 26 Sep 2017 10:06:10 GMT
<2017-09-26 13:06:14> DEBUG [org.apache.http.headers] http-outgoing-8 << Content-Type: application/json;charset=utf-8
<2017-09-26 13:06:14> DEBUG [org.apache.http.headers] http-outgoing-8 << Transfer-Encoding: chunked
<2017-09-26 13:06:14> DEBUG [org.apache.http.headers] http-outgoing-8 << Connection: keep-alive
<2017-09-26 13:06:14> DEBUG [org.apache.http.headers] http-outgoing-8 << Set-Cookie: JSESSIONID=F6E28E4994D1584E597DBDFCCCB1737E; Path=/nexperience/; HttpOnly
<2017-09-26 13:06:14> DEBUG [org.apache.http.headers] http-outgoing-8 << Expires: Thu, 01 Jan 1970 00:00:00 GMT
<2017-09-26 13:06:14> DEBUG [org.apache.http.headers] http-outgoing-8 << Cache-Control: no-cache
<2017-09-26 13:06:14> DEBUG [org.apache.http.headers] http-outgoing-8 << Cache-Control: no-cache
<2017-09-26 13:06:14> DEBUG [org.apache.http.headers] http-outgoing-8 << Expires: Thu, 01 Jan 1970 00:00:00 GMT
<2017-09-26 13:06:14> DEBUG [org.apache.http.headers] http-outgoing-8 << Set-Cookie: fast_failed=true
<2017-09-26 13:06:14> DEBUG [org.apache.http.headers] http-outgoing-8 << X-XSS-Protection: 2; mode=block
<2017-09-26 13:06:14> DEBUG [org.apache.http.headers] http-outgoing-8 << Content-Encoding: gzip
<2017-09-26 13:06:14> DEBUG [o.a.h.i.execchain.MainClientExec] Connection can be kept alive indefinitely
<2017-09-26 13:06:14> DEBUG [o.a.h.c.p.ResponseProcessCookies] Cookie accepted [JSESSIONID="F6E28E4994D1584E597DBDFCCCB1737E", version:0, domain:branchtest.perfectomobile.com, path:/nexperience/, expiry:null]
<2017-09-26 13:06:14> DEBUG [o.a.h.c.p.ResponseProcessCookies] Cookie accepted [fast_failed="true", version:0, domain:branchtest.perfectomobile.com, path:/nexperience/perfectomobile/wd/hub/session/223f2364-c363-4f1b-9fa3-c593981d31c4, expiry:null]
<2017-09-26 13:06:14> DEBUG [o.a.h.i.c.PoolingHttpClientConnectionManager] Connection [id: 8][route: {s}->https://branchtest.perfectomobile.com:443] can be kept alive indefinitely
<2017-09-26 13:06:14> DEBUG [o.a.h.i.c.PoolingHttpClientConnectionManager] Connection released: [id: 8][route: {s}->https://branchtest.perfectomobile.com:443][total kept alive: 1; route allocated: 3 of 2000; total allocated: 3 of 2000]
<2017-09-26 13:06:14> DEBUG [o.a.h.c.p.RequestAddCookies] CookieSpec selected: default
<2017-09-26 13:06:14> DEBUG [o.a.h.c.p.RequestAddCookies] Cookie [version: 0][name: JSESSIONID][value: F6E28E4994D1584E597DBDFCCCB1737E][domain: branchtest.perfectomobile.com][path: /nexperience/][expiry: null] match [(secure)branchtest.perfectomobile.com:443/nexperience/perfectomobile/wd/hub/session/223f2364-c363-4f1b-9fa3-c593981d31c4/execute]
<2017-09-26 13:06:14> DEBUG [o.a.h.c.p.RequestAddCookies] Cookie [version: 0][name: fast_failed][value: true][domain: branchtest.perfectomobile.com][path: /nexperience/perfectomobile/wd/hub][expiry: null] match [(secure)branchtest.perfectomobile.com:443/nexperience/perfectomobile/wd/hub/session/223f2364-c363-4f1b-9fa3-c593981d31c4/execute]
<2017-09-26 13:06:14> DEBUG [o.a.h.c.p.RequestAddCookies] Cookie [version: 0][name: fast_failed][value: true][domain: branchtest.perfectomobile.com][path: /nexperience/perfectomobile/wd/hub/session][expiry: null] match [(secure)branchtest.perfectomobile.com:443/nexperience/perfectomobile/wd/hub/session/223f2364-c363-4f1b-9fa3-c593981d31c4/execute]
<2017-09-26 13:06:14> DEBUG [o.a.h.c.p.RequestAddCookies] Cookie [version: 0][name: fast_failed][value: true][domain: branchtest.perfectomobile.com][path: /nexperience/perfectomobile/wd/hub/session/223f2364-c363-4f1b-9fa3-c593981d31c4][expiry: null] match [(secure)branchtest.perfectomobile.com:443/nexperience/perfectomobile/wd/hub/session/223f2364-c363-4f1b-9fa3-c593981d31c4/execute]
<2017-09-26 13:06:14> DEBUG [o.a.h.c.p.RequestAuthCache] Auth cache not set in the context
<2017-09-26 13:06:14> DEBUG [o.a.h.i.c.PoolingHttpClientConnectionManager] Connection request: [route: {s}->https://branchtest.perfectomobile.com:443][total kept alive: 1; route allocated: 3 of 2000; total allocated: 3 of 2000]
<2017-09-26 13:06:14> DEBUG [o.a.h.i.c.PoolingHttpClientConnectionManager] Connection leased: [id: 8][route: {s}->https://branchtest.perfectomobile.com:443][total kept alive: 0; route allocated: 3 of 2000; total allocated: 3 of 2000]
<2017-09-26 13:06:14> DEBUG [o.a.h.i.execchain.MainClientExec] Stale connection check
<2017-09-26 13:06:14> DEBUG [org.apache.http.wire] http-outgoing-8 << "[read] I/O error: Read timed out"
<2017-09-26 13:06:14> DEBUG [o.a.h.i.c.DefaultManagedHttpClientConnection] http-outgoing-8: set socket timeout to 10800000
<2017-09-26 13:06:14> DEBUG [o.a.h.i.execchain.MainClientExec] Executing request POST /nexperience/perfectomobile/wd/hub/session/223f2364-c363-4f1b-9fa3-c593981d31c4/execute HTTP/1.1
<2017-09-26 13:06:14> DEBUG [o.a.h.i.execchain.MainClientExec] Target auth state: UNCHALLENGED
<2017-09-26 13:06:14> DEBUG [o.a.h.i.execchain.MainClientExec] Proxy auth state: UNCHALLENGED
<2017-09-26 13:06:14> DEBUG [org.apache.http.headers] http-outgoing-8 >> POST /nexperience/perfectomobile/wd/hub/session/223f2364-c363-4f1b-9fa3-c593981d31c4/execute HTTP/1.1
<2017-09-26 13:06:14> DEBUG [org.apache.http.headers] http-outgoing-8 >> Content-Type: application/json; charset=utf-8
<2017-09-26 13:06:14> DEBUG [org.apache.http.headers] http-outgoing-8 >> Content-Length: 61
<2017-09-26 13:06:14> DEBUG [org.apache.http.headers] http-outgoing-8 >> Host: branchtest.perfectomobile.com
<2017-09-26 13:06:14> DEBUG [org.apache.http.headers] http-outgoing-8 >> Connection: Keep-Alive
<2017-09-26 13:06:14> DEBUG [org.apache.http.headers] http-outgoing-8 >> User-Agent: Apache-HttpClient/4.5.2 (Java/1.8.0_121)
<2017-09-26 13:06:14> DEBUG [org.apache.http.headers] http-outgoing-8 >> Cookie: JSESSIONID=F6E28E4994D1584E597DBDFCCCB1737E; fast_failed=true; fast_failed=true; fast_failed=true
<2017-09-26 13:06:14> DEBUG [org.apache.http.headers] http-outgoing-8 >> Accept-Encoding: gzip,deflate
<2017-09-26 13:06:14> DEBUG [org.apache.http.wire] http-outgoing-8 >> "POST /nexperience/perfectomobile/wd/hub/session/223f2364-c363-4f1b-9fa3-c593981d31c4/execute HTTP/1.1[\r][\n]"
<2017-09-26 13:06:14> DEBUG [org.apache.http.wire] http-outgoing-8 >> "Content-Type: application/json; charset=utf-8[\r][\n]"
<2017-09-26 13:06:14> DEBUG [org.apache.http.wire] http-outgoing-8 >> "Content-Length: 61[\r][\n]"
<2017-09-26 13:06:14> DEBUG [org.apache.http.wire] http-outgoing-8 >> "Host: branchtest.perfectomobile.com[\r][\n]"
<2017-09-26 13:06:14> DEBUG [org.apache.http.wire] http-outgoing-8 >> "Connection: Keep-Alive[\r][\n]"
<2017-09-26 13:06:14> DEBUG [org.apache.http.wire] http-outgoing-8 >> "User-Agent: Apache-HttpClient/4.5.2 (Java/1.8.0_121)[\r][\n]"
<2017-09-26 13:06:14> DEBUG [org.apache.http.wire] http-outgoing-8 >> "Cookie: JSESSIONID=F6E28E4994D1584E597DBDFCCCB1737E; fast_failed=true; fast_failed=true; fast_failed=true[\r][\n]"
<2017-09-26 13:06:14> DEBUG [org.apache.http.wire] http-outgoing-8 >> "Accept-Encoding: gzip,deflate[\r][\n]"
<2017-09-26 13:06:14> DEBUG [org.apache.http.wire] http-outgoing-8 >> "[\r][\n]"
<2017-09-26 13:06:14> DEBUG [org.apache.http.wire] http-outgoing-8 >> "{"script":"mobile:step:start","args":[{"name":"Signing in"}]}"
<2017-09-26 13:06:14> DEBUG [org.apache.http.wire] http-outgoing-5 << "HTTP/1.1 200 OK[\r][\n]"
<2017-09-26 13:06:14> DEBUG [org.apache.http.wire] http-outgoing-5 << "Server: nginx[\r][\n]"
<2017-09-26 13:06:14> DEBUG [org.apache.http.wire] http-outgoing-5 << "Date: Tue, 26 Sep 2017 10:06:10 GMT[\r][\n]"
<2017-09-26 13:06:14> DEBUG [org.apache.http.wire] http-outgoing-5 << "Content-Type: application/json;charset=utf-8[\r][\n]"
<2017-09-26 13:06:14> DEBUG [org.apache.http.wire] http-outgoing-5 << "Transfer-Encoding: chunked[\r][\n]"
<2017-09-26 13:06:14> DEBUG [org.apache.http.wire] http-outgoing-5 << "Connection: keep-alive[\r][\n]"
<2017-09-26 13:06:14> DEBUG [org.apache.http.wire] http-outgoing-5 << "Set-Cookie: JSESSIONID=F6E28E4994D1584E597DBDFCCCB1737E; Path=/nexperience/; HttpOnly[\r][\n]"
<2017-09-26 13:06:14> DEBUG [org.apache.http.wire] http-outgoing-5 << "Expires: Thu, 01 Jan 1970 00:00:00 GMT[\r][\n]"
<2017-09-26 13:06:14> DEBUG [org.apache.http.wire] http-outgoing-5 << "Cache-Control: no-cache[\r][\n]"
<2017-09-26 13:06:14> DEBUG [org.apache.http.wire] http-outgoing-5 << "Cache-Control: no-cache[\r][\n]"
<2017-09-26 13:06:14> DEBUG [org.apache.http.wire] http-outgoing-5 << "Expires: Thu, 01 Jan 1970 00:00:00 GMT[\r][\n]"
<2017-09-26 13:06:14> DEBUG [org.apache.http.wire] http-outgoing-5 << "Set-Cookie: fast_failed=true[\r][\n]"
<2017-09-26 13:06:14> DEBUG [org.apache.http.wire] http-outgoing-5 << "X-XSS-Protection: 2; mode=block[\r][\n]"
<2017-09-26 13:06:14> DEBUG [org.apache.http.wire] http-outgoing-5 << "Content-Encoding: gzip[\r][\n]"
<2017-09-26 13:06:14> DEBUG [org.apache.http.wire] http-outgoing-5 << "[\r][\n]"
<2017-09-26 13:06:14> DEBUG [org.apache.http.wire] http-outgoing-5 << "a0[\r][\n]"
<2017-09-26 13:06:14> DEBUG [org.apache.http.wire] http-outgoing-5 << "[0x1f][0x8b][0x8][0x0][0x0][0x0][0x0][0x0][0x0][0x3]-[0x8d]A[0xe][0x82]0[0x10]E[0xef]2khZD[0x10][0xb6][0x86][0x85][0x89][0xba]0^`h[0x7]%)-2[0xd4][\r][0xe1][0xee][0xce][0xc2][0xe5]]]>&#x7f;<![CDATA[y/]]>&#x7f;<![CDATA[[0x3]&[0xe6]1[0x86][0x8b][0x83][0x16],[0xf6][0xd6]hS[0xe7]MA:/[0xa9][0xb7][0xf9][0xc9][0xc9][0x1c][0x86][0xc1][0xa1][0xb1][0xa5]9`[0x5][0x19][0xf0][0x8a]+[0x89][0xce][0xc9]Z[0xa9][0x85][0xbc][0xcf][0xd1][0x9])[0x1a]}[0xac]t]e[0xf0]E[0x9f][0x4]l[0xd0]][0xbb][w]]>&#x7f;<![CDATA[[0x8a]m`[0xcf][0xc0]z[0x94][0xa0][0x85][0xb8][0xbc]T[0x9c])|P1y[\n]"
<2017-09-26 13:06:14> DEBUG [org.apache.http.wire] http-outgoing-5 << "c[0x9a][0xd4]BS\I=[0x88][0xe7][0x18][0x98][0xfe]GIt[0xbd][0xff][0x0][0x81]Hk+[0xa8][0x0][0x0][0x0][\r][\n]"
<2017-09-26 13:06:14> DEBUG [org.apache.http.wire] http-outgoing-5 << "0[\r][\n]"
<2017-09-26 13:06:14> DEBUG [org.apache.http.wire] http-outgoing-5 << "[\r][\n]"
<2017-09-26 13:06:14> DEBUG [org.apache.http.headers] http-outgoing-5 << HTTP/1.1 200 OK
<2017-09-26 13:06:14> DEBUG [org.apache.http.headers] http-outgoing-5 << Server: nginx
<2017-09-26 13:06:14> DEBUG [org.apache.http.headers] http-outgoing-5 << Date: Tue, 26 Sep 2017 10:06:10 GMT
<2017-09-26 13:06:14> DEBUG [org.apache.http.headers] http-outgoing-5 << Content-Type: application/json;charset=utf-8
<2017-09-26 13:06:14> DEBUG [org.apache.http.headers] http-outgoing-5 << Transfer-Encoding: chunked
<2017-09-26 13:06:14> DEBUG [org.apache.http.headers] http-outgoing-5 << Connection: keep-alive
<2017-09-26 13:06:14> DEBUG [org.apache.http.headers] http-outgoing-5 << Set-Cookie: JSESSIONID=F6E28E4994D1584E597DBDFCCCB1737E; Path=/nexperience/; HttpOnly
<2017-09-26 13:06:14> DEBUG [org.apache.http.headers] http-outgoing-5 << Expires: Thu, 01 Jan 1970 00:00:00 GMT
<2017-09-26 13:06:14> DEBUG [org.apache.http.headers] http-outgoing-5 << Cache-Control: no-cache
<2017-09-26 13:06:14> DEBUG [org.apache.http.headers] http-outgoing-5 << Cache-Control: no-cache
<2017-09-26 13:06:14> DEBUG [org.apache.http.headers] http-outgoing-5 << Expires: Thu, 01 Jan 1970 00:00:00 GMT
<2017-09-26 13:06:14> DEBUG [org.apache.http.headers] http-outgoing-5 << Set-Cookie: fast_failed=true
<2017-09-26 13:06:14> DEBUG [org.apache.http.headers] http-outgoing-5 << X-XSS-Protection: 2; mode=block
<2017-09-26 13:06:14> DEBUG [org.apache.http.headers] http-outgoing-5 << Content-Encoding: gzip
<2017-09-26 13:06:14> DEBUG [o.a.h.i.execchain.MainClientExec] Connection can be kept alive indefinitely
<2017-09-26 13:06:14> DEBUG [o.a.h.c.p.ResponseProcessCookies] Cookie accepted [JSESSIONID="F6E28E4994D1584E597DBDFCCCB1737E", version:0, domain:branchtest.perfectomobile.com, path:/nexperience/, expiry:null]
<2017-09-26 13:06:14> DEBUG [o.a.h.c.p.ResponseProcessCookies] Cookie accepted [fast_failed="true", version:0, domain:branchtest.perfectomobile.com, path:/nexperience/perfectomobile/wd/hub/session/cabc1017-92e0-4ebc-8d17-fffda1c413a6, expiry:null]
<2017-09-26 13:06:14> DEBUG [o.a.h.i.c.PoolingHttpClientConnectionManager] Connection [id: 5][route: {s}->https://branchtest.perfectomobile.com:443] can be kept alive indefinitely
<2017-09-26 13:06:14> DEBUG [o.a.h.i.c.PoolingHttpClientConnectionManager] Connection released: [id: 5][route: {s}->https://branchtest.perfectomobile.com:443][total kept alive: 1; route allocated: 3 of 2000; total allocated: 3 of 2000]
<2017-09-26 13:06:14> DEBUG [o.a.h.c.p.RequestAddCookies] CookieSpec selected: default
<2017-09-26 13:06:14> DEBUG [o.a.h.c.p.RequestAddCookies] Cookie [version: 0][name: JSESSIONID][value: F6E28E4994D1584E597DBDFCCCB1737E][domain: branchtest.perfectomobile.com][path: /nexperience/][expiry: null] match [(secure)branchtest.perfectomobile.com:443/nexperience/perfectomobile/wd/hub/session/cabc1017-92e0-4ebc-8d17-fffda1c413a6/element/1/value]
<2017-09-26 13:06:14> DEBUG [o.a.h.c.p.RequestAddCookies] Cookie [version: 0][name: fast_failed][value: true][domain: branchtest.perfectomobile.com][path: /nexperience/perfectomobile/wd/hub][expiry: null] match [(secure)branchtest.perfectomobile.com:443/nexperience/perfectomobile/wd/hub/session/cabc1017-92e0-4ebc-8d17-fffda1c413a6/element/1/value]
<2017-09-26 13:06:14> DEBUG [o.a.h.c.p.RequestAddCookies] Cookie [version: 0][name: fast_failed][value: true][domain: branchtest.perfectomobile.com][path: /nexperience/perfectomobile/wd/hub/session][expiry: null] match [(secure)branchtest.perfectomobile.com:443/nexperience/perfectomobile/wd/hub/session/cabc1017-92e0-4ebc-8d17-fffda1c413a6/element/1/value]
<2017-09-26 13:06:14> DEBUG [o.a.h.c.p.RequestAddCookies] Cookie [version: 0][name: fast_failed][value: true][domain: branchtest.perfectomobile.com][path: /nexperience/perfectomobile/wd/hub/session/cabc1017-92e0-4ebc-8d17-fffda1c413a6][expiry: null] match [(secure)branchtest.perfectomobile.com:443/nexperience/perfectomobile/wd/hub/session/cabc1017-92e0-4ebc-8d17-fffda1c413a6/element/1/value]
<2017-09-26 13:06:14> DEBUG [o.a.h.c.p.RequestAuthCache] Auth cache not set in the context
<2017-09-26 13:06:14> DEBUG [o.a.h.i.c.PoolingHttpClientConnectionManager] Connection request: [route: {s}->https://branchtest.perfectomobile.com:443][total kept alive: 1; route allocated: 3 of 2000; total allocated: 3 of 2000]
<2017-09-26 13:06:14> DEBUG [o.a.h.i.c.PoolingHttpClientConnectionManager] Connection leased: [id: 5][route: {s}->https://branchtest.perfectomobile.com:443][total kept alive: 0; route allocated: 3 of 2000; total allocated: 3 of 2000]
<2017-09-26 13:06:14> DEBUG [o.a.h.i.execchain.MainClientExec] Stale connection check
<2017-09-26 13:06:14> DEBUG [org.apache.http.wire] http-outgoing-5 << "[read] I/O error: Read timed out"
<2017-09-26 13:06:14> DEBUG [o.a.h.i.c.DefaultManagedHttpClientConnection] http-outgoing-5: set socket timeout to 10800000
<2017-09-26 13:06:14> DEBUG [o.a.h.i.execchain.MainClientExec] Executing request POST /nexperience/perfectomobile/wd/hub/session/cabc1017-92e0-4ebc-8d17-fffda1c413a6/element/1/value HTTP/1.1
<2017-09-26 13:06:14> DEBUG [o.a.h.i.execchain.MainClientExec] Target auth state: UNCHALLENGED
<2017-09-26 13:06:14> DEBUG [o.a.h.i.execchain.MainClientExec] Proxy auth state: UNCHALLENGED
<2017-09-26 13:06:14> DEBUG [org.apache.http.headers] http-outgoing-5 >> POST /nexperience/perfectomobile/wd/hub/session/cabc1017-92e0-4ebc-8d17-fffda1c413a6/element/1/value HTTP/1.1
<2017-09-26 13:06:14> DEBUG [org.apache.http.headers] http-outgoing-5 >> Content-Type: application/json; charset=utf-8
<2017-09-26 13:06:14> DEBUG [org.apache.http.headers] http-outgoing-5 >> Content-Length: 28
<2017-09-26 13:06:14> DEBUG [org.apache.http.headers] http-outgoing-5 >> Host: branchtest.perfectomobile.com
<2017-09-26 13:06:14> DEBUG [org.apache.http.headers] http-outgoing-5 >> Connection: Keep-Alive
<2017-09-26 13:06:14> DEBUG [org.apache.http.headers] http-outgoing-5 >> User-Agent: Apache-HttpClient/4.5.2 (Java/1.8.0_121)
<2017-09-26 13:06:14> DEBUG [org.apache.http.headers] http-outgoing-5 >> Cookie: JSESSIONID=F6E28E4994D1584E597DBDFCCCB1737E; fast_failed=true; fast_failed=true; fast_failed=true
<2017-09-26 13:06:14> DEBUG [org.apache.http.headers] http-outgoing-5 >> Accept-Encoding: gzip,deflate
<2017-09-26 13:06:14> DEBUG [org.apache.http.wire] http-outgoing-5 >> "POST /nexperience/perfectomobile/wd/hub/session/cabc1017-92e0-4ebc-8d17-fffda1c413a6/element/1/value HTTP/1.1[\r][\n]"
<2017-09-26 13:06:14> DEBUG [org.apache.http.wire] http-outgoing-5 >> "Content-Type: application/json; charset=utf-8[\r][\n]"
<2017-09-26 13:06:14> DEBUG [org.apache.http.wire] http-outgoing-5 >> "Content-Length: 28[\r][\n]"
<2017-09-26 13:06:14> DEBUG [org.apache.http.wire] http-outgoing-5 >> "Host: branchtest.perfectomobile.com[\r][\n]"
<2017-09-26 13:06:14> DEBUG [org.apache.http.wire] http-outgoing-5 >> "Connection: Keep-Alive[\r][\n]"
<2017-09-26 13:06:14> DEBUG [org.apache.http.wire] http-outgoing-5 >> "User-Agent: Apache-HttpClient/4.5.2 (Java/1.8.0_121)[\r][\n]"
<2017-09-26 13:06:14> DEBUG [org.apache.http.wire] http-outgoing-5 >> "Cookie: JSESSIONID=F6E28E4994D1584E597DBDFCCCB1737E; fast_failed=true; fast_failed=true; fast_failed=true[\r][\n]"
<2017-09-26 13:06:14> DEBUG [org.apache.http.wire] http-outgoing-5 >> "Accept-Encoding: gzip,deflate[\r][\n]"
<2017-09-26 13:06:14> DEBUG [org.apache.http.wire] http-outgoing-5 >> "[\r][\n]"
<2017-09-26 13:06:14> DEBUG [org.apache.http.wire] http-outgoing-5 >> "{"id":"1","value":["liron"]}"
<2017-09-26 13:06:14> DEBUG [org.apache.http.wire] http-outgoing-8 << "HTTP/1.1 200 OK[\r][\n]"
<2017-09-26 13:06:14> DEBUG [org.apache.http.wire] http-outgoing-8 << "Server: nginx[\r][\n]"
<2017-09-26 13:06:14> DEBUG [org.apache.http.wire] http-outgoing-8 << "Date: Tue, 26 Sep 2017 10:06:10 GMT[\r][\n]"
<2017-09-26 13:06:14> DEBUG [org.apache.http.wire] http-outgoing-8 << "Content-Type: application/json;charset=utf-8[\r][\n]"
<2017-09-26 13:06:14> DEBUG [org.apache.http.wire] http-outgoing-8 << "Transfer-Encoding: chunked[\r][\n]"
<2017-09-26 13:06:14> DEBUG [org.apache.http.wire] http-outgoing-8 << "Connection: keep-alive[\r][\n]"
<2017-09-26 13:06:14> DEBUG [org.apache.http.wire] http-outgoing-8 << "Set-Cookie: JSESSIONID=F6E28E4994D1584E597DBDFCCCB1737E; Path=/nexperience/; HttpOnly[\r][\n]"
<2017-09-26 13:06:14> DEBUG [org.apache.http.wire] http-outgoing-8 << "Expires: Thu, 01 Jan 1970 00:00:00 GMT[\r][\n]"
<2017-09-26 13:06:14> DEBUG [org.apache.http.wire] http-outgoing-8 << "Cache-Control: no-cache[\r][\n]"
<2017-09-26 13:06:14> DEBUG [org.apache.http.wire] http-outgoing-8 << "Cache-Control: no-cache[\r][\n]"
<2017-09-26 13:06:14> DEBUG [org.apache.http.wire] http-outgoing-8 << "Expires: Thu, 01 Jan 1970 00:00:00 GMT[\r][\n]"
<2017-09-26 13:06:14> DEBUG [org.apache.http.wire] http-outgoing-8 << "Set-Cookie: fast_failed=true[\r][\n]"
<2017-09-26 13:06:14> DEBUG [org.apache.http.wire] http-outgoing-8 << "X-XSS-Protection: 2; mode=block[\r][\n]"
<2017-09-26 13:06:14> DEBUG [org.apache.http.wire] http-outgoing-8 << "Content-Encoding: gzip[\r][\n]"
<2017-09-26 13:06:14> DEBUG [org.apache.http.wire] http-outgoing-8 << "[\r][\n]"
<2017-09-26 13:06:14> DEBUG [org.apache.http.wire] http-outgoing-8 << "95[\r][\n]"
<2017-09-26 13:06:14> DEBUG [org.apache.http.wire] http-outgoing-8 << "[0x1f][0x8b][0x8][0x0][0x0][0x0][0x0][0x0][0x0][0x3]-[0xcc][0xc1][0xe][0x82]0[0x10][0x4][0xd0]]]>&#x7f;<![CDATA[[0xd9]3mh[0x17][0xd0]r[0xf5][0xe4][0xd5]?[0xa8][0xed]VI[0xa0][0x5][0x96]z1[0xfe][0xbb]k[0xe2]u[0xe6][0xcd][0xbc][0x81][0x89]y*[0xf9][0x1a]a[0x4]k1Y[0x1c]:[0x15]p@[0xd5]%sW.yT[0xa1]w[0xe8][0xce]&[0xa2][0x9][0x1d]4[0xc0][0x87]?H8[0xd7][0x10]d-[0xc9][0xf3]R[0xa2]$[0xc6][0xba][0xfe][0xe4][0x10][0xdb][0xb6][0x81][0x97][0x9f][0xeb][0xf]I[0x1b]f/j[0x84][0xb2]?tY)o^3[0xcd][0x94][0xa7][0xba][0xe8][0x9d][0x96]r[0x90][0xbe][0x11][0xaf]%3[0xfd][0xdf][0xab][0xf0][0xf6][0xf3][0x5][0x5][0xd5]J[0xca][0x9d][0x0][0x0][0x0][\r][\n]"
<2017-09-26 13:06:14> DEBUG [org.apache.http.wire] http-outgoing-8 << "0[\r][\n]"
<2017-09-26 13:06:14> DEBUG [org.apache.http.wire] http-outgoing-8 << "[\r][\n]"
<2017-09-26 13:06:14> DEBUG [org.apache.http.headers] http-outgoing-8 << HTTP/1.1 200 OK
<2017-09-26 13:06:14> DEBUG [org.apache.http.headers] http-outgoing-8 << Server: nginx
<2017-09-26 13:06:14> DEBUG [org.apache.http.headers] http-outgoing-8 << Date: Tue, 26 Sep 2017 10:06:10 GMT
<2017-09-26 13:06:14> DEBUG [org.apache.http.headers] http-outgoing-8 << Content-Type: application/json;charset=utf-8
<2017-09-26 13:06:14> DEBUG [org.apache.http.headers] http-outgoing-8 << Transfer-Encoding: chunked
<2017-09-26 13:06:14> DEBUG [org.apache.http.headers] http-outgoing-8 << Connection: keep-alive
<2017-09-26 13:06:14> DEBUG [org.apache.http.headers] http-outgoing-8 << Set-Cookie: JSESSIONID=F6E28E4994D1584E597DBDFCCCB1737E; Path=/nexperience/; HttpOnly
<2017-09-26 13:06:14> DEBUG [org.apache.http.headers] http-outgoing-8 << Expires: Thu, 01 Jan 1970 00:00:00 GMT
<2017-09-26 13:06:14> DEBUG [org.apache.http.headers] http-outgoing-8 << Cache-Control: no-cache
<2017-09-26 13:06:14> DEBUG [org.apache.http.headers] http-outgoing-8 << Cache-Control: no-cache
<2017-09-26 13:06:14> DEBUG [org.apache.http.headers] http-outgoing-8 << Expires: Thu, 01 Jan 1970 00:00:00 GMT
<2017-09-26 13:06:14> DEBUG [org.apache.http.headers] http-outgoing-8 << Set-Cookie: fast_failed=true
<2017-09-26 13:06:14> DEBUG [org.apache.http.headers] http-outgoing-8 << X-XSS-Protection: 2; mode=block
<2017-09-26 13:06:14> DEBUG [org.apache.http.headers] http-outgoing-8 << Content-Encoding: gzip
<2017-09-26 13:06:14> DEBUG [o.a.h.i.execchain.MainClientExec] Connection can be kept alive indefinitely
<2017-09-26 13:06:14> DEBUG [o.a.h.c.p.ResponseProcessCookies] Cookie accepted [JSESSIONID="F6E28E4994D1584E597DBDFCCCB1737E", version:0, domain:branchtest.perfectomobile.com, path:/nexperience/, expiry:null]
<2017-09-26 13:06:14> DEBUG [o.a.h.c.p.ResponseProcessCookies] Cookie accepted [fast_failed="true", version:0, domain:branchtest.perfectomobile.com, path:/nexperience/perfectomobile/wd/hub/session/223f2364-c363-4f1b-9fa3-c593981d31c4, expiry:null]
<2017-09-26 13:06:14> DEBUG [o.a.h.i.c.PoolingHttpClientConnectionManager] Connection [id: 8][route: {s}->https://branchtest.perfectomobile.com:443] can be kept alive indefinitely
<2017-09-26 13:06:14> DEBUG [o.a.h.i.c.PoolingHttpClientConnectionManager] Connection released: [id: 8][route: {s}->https://branchtest.perfectomobile.com:443][total kept alive: 1; route allocated: 3 of 2000; total allocated: 3 of 2000]
<2017-09-26 13:06:14> DEBUG [o.a.h.c.p.RequestAddCookies] CookieSpec selected: default
<2017-09-26 13:06:14> DEBUG [o.a.h.c.p.RequestAddCookies] Cookie [version: 0][name: JSESSIONID][value: F6E28E4994D1584E597DBDFCCCB1737E][domain: branchtest.perfectomobile.com][path: /nexperience/][expiry: null] match [(secure)branchtest.perfectomobile.com:443/nexperience/perfectomobile/wd/hub/session/223f2364-c363-4f1b-9fa3-c593981d31c4/element]
<2017-09-26 13:06:14> DEBUG [o.a.h.c.p.RequestAddCookies] Cookie [version: 0][name: fast_failed][value: true][domain: branchtest.perfectomobile.com][path: /nexperience/perfectomobile/wd/hub][expiry: null] match [(secure)branchtest.perfectomobile.com:443/nexperience/perfectomobile/wd/hub/session/223f2364-c363-4f1b-9fa3-c593981d31c4/element]
<2017-09-26 13:06:14> DEBUG [o.a.h.c.p.RequestAddCookies] Cookie [version: 0][name: fast_failed][value: true][domain: branchtest.perfectomobile.com][path: /nexperience/perfectomobile/wd/hub/session][expiry: null] match [(secure)branchtest.perfectomobile.com:443/nexperience/perfectomobile/wd/hub/session/223f2364-c363-4f1b-9fa3-c593981d31c4/element]
<2017-09-26 13:06:14> DEBUG [o.a.h.c.p.RequestAddCookies] Cookie [version: 0][name: fast_failed][value: true][domain: branchtest.perfectomobile.com][path: /nexperience/perfectomobile/wd/hub/session/223f2364-c363-4f1b-9fa3-c593981d31c4][expiry: null] match [(secure)branchtest.perfectomobile.com:443/nexperience/perfectomobile/wd/hub/session/223f2364-c363-4f1b-9fa3-c593981d31c4/element]
<2017-09-26 13:06:14> DEBUG [o.a.h.c.p.RequestAuthCache] Auth cache not set in the context
<2017-09-26 13:06:14> DEBUG [o.a.h.i.c.PoolingHttpClientConnectionManager] Connection request: [route: {s}->https://branchtest.perfectomobile.com:443][total kept alive: 1; route allocated: 3 of 2000; total allocated: 3 of 2000]
<2017-09-26 13:06:14> DEBUG [o.a.h.i.c.PoolingHttpClientConnectionManager] Connection leased: [id: 8][route: {s}->https://branchtest.perfectomobile.com:443][total kept alive: 0; route allocated: 3 of 2000; total allocated: 3 of 2000]
<2017-09-26 13:06:14> DEBUG [o.a.h.i.execchain.MainClientExec] Stale connection check
<2017-09-26 13:06:14> DEBUG [org.apache.http.wire] http-outgoing-8 << "[read] I/O error: Read timed out"
<2017-09-26 13:06:14> DEBUG [o.a.h.i.c.DefaultManagedHttpClientConnection] http-outgoing-8: set socket timeout to 10800000
<2017-09-26 13:06:14> DEBUG [o.a.h.i.execchain.MainClientExec] Executing request POST /nexperience/perfectomobile/wd/hub/session/223f2364-c363-4f1b-9fa3-c593981d31c4/element HTTP/1.1
<2017-09-26 13:06:14> DEBUG [o.a.h.i.execchain.MainClientExec] Target auth state: UNCHALLENGED
<2017-09-26 13:06:14> DEBUG [o.a.h.i.execchain.MainClientExec] Proxy auth state: UNCHALLENGED
<2017-09-26 13:06:14> DEBUG [org.apache.http.headers] http-outgoing-8 >> POST /nexperience/perfectomobile/wd/hub/session/223f2364-c363-4f1b-9fa3-c593981d31c4/element HTTP/1.1
<2017-09-26 13:06:14> DEBUG [org.apache.http.headers] http-outgoing-8 >> Content-Type: application/json; charset=utf-8
<2017-09-26 13:06:14> DEBUG [org.apache.http.headers] http-outgoing-8 >> Content-Length: 54
<2017-09-26 13:06:14> DEBUG [org.apache.http.headers] http-outgoing-8 >> Host: branchtest.perfectomobile.com
<2017-09-26 13:06:14> DEBUG [org.apache.http.headers] http-outgoing-8 >> Connection: Keep-Alive
<2017-09-26 13:06:14> DEBUG [org.apache.http.headers] http-outgoing-8 >> User-Agent: Apache-HttpClient/4.5.2 (Java/1.8.0_121)
<2017-09-26 13:06:14> DEBUG [org.apache.http.headers] http-outgoing-8 >> Cookie: JSESSIONID=F6E28E4994D1584E597DBDFCCCB1737E; fast_failed=true; fast_failed=true; fast_failed=true
<2017-09-26 13:06:14> DEBUG [org.apache.http.headers] http-outgoing-8 >> Accept-Encoding: gzip,deflate
<2017-09-26 13:06:14> DEBUG [org.apache.http.wire] http-outgoing-8 >> "POST /nexperience/perfectomobile/wd/hub/session/223f2364-c363-4f1b-9fa3-c593981d31c4/element HTTP/1.1[\r][\n]"
<2017-09-26 13:06:14> DEBUG [org.apache.http.wire] http-outgoing-8 >> "Content-Type: application/json; charset=utf-8[\r][\n]"
<2017-09-26 13:06:14> DEBUG [org.apache.http.wire] http-outgoing-8 >> "Content-Length: 54[\r][\n]"
<2017-09-26 13:06:14> DEBUG [org.apache.http.wire] http-outgoing-8 >> "Host: branchtest.perfectomobile.com[\r][\n]"
<2017-09-26 13:06:14> DEBUG [org.apache.http.wire] http-outgoing-8 >> "Connection: Keep-Alive[\r][\n]"
<2017-09-26 13:06:14> DEBUG [org.apache.http.wire] http-outgoing-8 >> "User-Agent: Apache-HttpClient/4.5.2 (Java/1.8.0_121)[\r][\n]"
<2017-09-26 13:06:14> DEBUG [org.apache.http.wire] http-outgoing-8 >> "Cookie: JSESSIONID=F6E28E4994D1584E597DBDFCCCB1737E; fast_failed=true; fast_failed=true; fast_failed=true[\r][\n]"
<2017-09-26 13:06:14> DEBUG [org.apache.http.wire] http-outgoing-8 >> "Accept-Encoding: gzip,deflate[\r][\n]"
<2017-09-26 13:06:14> DEBUG [org.apache.http.wire] http-outgoing-8 >> "[\r][\n]"
<2017-09-26 13:06:14> DEBUG [org.apache.http.wire] http-outgoing-8 >> "{"using":"xpath","value":"(//*[@name='username'])[2]"}"
<2017-09-26 13:06:14> DEBUG [org.apache.http.wire] http-outgoing-8 << "HTTP/1.1 200 OK[\r][\n]"
<2017-09-26 13:06:14> DEBUG [org.apache.http.wire] http-outgoing-8 << "Server: nginx[\r][\n]"
<2017-09-26 13:06:14> DEBUG [org.apache.http.wire] http-outgoing-8 << "Date: Tue, 26 Sep 2017 10:06:11 GMT[\r][\n]"
<2017-09-26 13:06:14> DEBUG [org.apache.http.wire] http-outgoing-8 << "Content-Type: application/json;charset=utf-8[\r][\n]"
<2017-09-26 13:06:14> DEBUG [org.apache.http.wire] http-outgoing-8 << "Transfer-Encoding: chunked[\r][\n]"
<2017-09-26 13:06:14> DEBUG [org.apache.http.wire] http-outgoing-8 << "Connection: keep-alive[\r][\n]"
<2017-09-26 13:06:14> DEBUG [org.apache.http.wire] http-outgoing-8 << "Set-Cookie: JSESSIONID=F6E28E4994D1584E597DBDFCCCB1737E; Path=/nexperience/; HttpOnly[\r][\n]"
<2017-09-26 13:06:14> DEBUG [org.apache.http.wire] http-outgoing-8 << "Expires: Thu, 01 Jan 1970 00:00:00 GMT[\r][\n]"
<2017-09-26 13:06:14> DEBUG [org.apache.http.wire] http-outgoing-8 << "Cache-Control: no-cache[\r][\n]"
<2017-09-26 13:06:14> DEBUG [org.apache.http.wire] http-outgoing-8 << "Cache-Control: no-cache[\r][\n]"
<2017-09-26 13:06:14> DEBUG [org.apache.http.wire] http-outgoing-8 << "Expires: Thu, 01 Jan 1970 00:00:00 GMT[\r][\n]"
<2017-09-26 13:06:14> DEBUG [org.apache.http.wire] http-outgoing-8 << "Set-Cookie: fast_failed=true[\r][\n]"
<2017-09-26 13:06:14> DEBUG [org.apache.http.wire] http-outgoing-8 << "X-XSS-Protection: 2; mode=block[\r][\n]"
<2017-09-26 13:06:14> DEBUG [org.apache.http.wire] http-outgoing-8 << "Content-Encoding: gzip[\r][\n]"
<2017-09-26 13:06:14> DEBUG [org.apache.http.wire] http-outgoing-8 << "[\r][\n]"
<2017-09-26 13:06:14> DEBUG [org.apache.http.wire] http-outgoing-8 << "a0[\r][\n]"
<2017-09-26 13:06:14> DEBUG [org.apache.http.wire] http-outgoing-8 << "[0x1f][0x8b][0x8][0x0][0x0][0x0][0x0][0x0][0x0][0x3]-[0x8d]A[0xe][0x82]0[0x10][0x0][0xff][0xb2]gh([[0xab][0xf5]j8[0x98][0xa8][0x7][0xe3][0x7]jY[0x94][0x4]Zd[0xa9][0x17][0xc2][0xdf][0xdd][0x83][0xd7][0xc9]Lf[0x5]&[0xe6]>[0xc5]s[0xb]G[0xa8]k[0xec]j[0xb4][0xa6][0xc]h[0xb1]4[0x9d]~[0x96][0xae][0xf3]X[0x86][0x9d]Cw[0xd0]-[0xea]`[0xa0][0x0]^[0xfc]B[0xa2]s[0xe]Aj![0xef]Sj[0x85]X[0xb4][0xd5][0xde]T[0xd6][0x15][0xf0][0xf5]C[0x16][0xb2]Bsi[0xae][0xcd][0xed]![0xba][0x86][0xad][0x80]0x)[0x8e][0x90][0xe6][0x97]J[0x13][0xc5][0x8f]WL[0x3][0xc5]>[0x8f]j[0xa6]1-[0xa4][0xee][0xc4]S[0x8a]L[0xff]S[0x16][0xbd][0xda]~[0x17][0xf4][0x95][0xc8][0xa9][0x0][0x0][0x0][\r][\n]"
<2017-09-26 13:06:14> DEBUG [org.apache.http.wire] http-outgoing-8 << "0[\r][\n]"
<2017-09-26 13:06:14> DEBUG [org.apache.http.wire] http-outgoing-8 << "[\r][\n]"
<2017-09-26 13:06:14> DEBUG [org.apache.http.headers] http-outgoing-8 << HTTP/1.1 200 OK
<2017-09-26 13:06:14> DEBUG [org.apache.http.headers] http-outgoing-8 << Server: nginx
<2017-09-26 13:06:14> DEBUG [org.apache.http.headers] http-outgoing-8 << Date: Tue, 26 Sep 2017 10:06:11 GMT
<2017-09-26 13:06:14> DEBUG [org.apache.http.headers] http-outgoing-8 << Content-Type: application/json;charset=utf-8
<2017-09-26 13:06:14> DEBUG [org.apache.http.headers] http-outgoing-8 << Transfer-Encoding: chunked
<2017-09-26 13:06:14> DEBUG [org.apache.http.headers] http-outgoing-8 << Connection: keep-alive
<2017-09-26 13:06:14> DEBUG [org.apache.http.headers] http-outgoing-8 << Set-Cookie: JSESSIONID=F6E28E4994D1584E597DBDFCCCB1737E; Path=/nexperience/; HttpOnly
<2017-09-26 13:06:14> DEBUG [org.apache.http.headers] http-outgoing-8 << Expires: Thu, 01 Jan 1970 00:00:00 GMT
<2017-09-26 13:06:14> DEBUG [org.apache.http.headers] http-outgoing-8 << Cache-Control: no-cache
<2017-09-26 13:06:14> DEBUG [org.apache.http.headers] http-outgoing-8 << Cache-Control: no-cache
<2017-09-26 13:06:14> DEBUG [org.apache.http.headers] http-outgoing-8 << Expires: Thu, 01 Jan 1970 00:00:00 GMT
<2017-09-26 13:06:14> DEBUG [org.apache.http.headers] http-outgoing-8 << Set-Cookie: fast_failed=true
<2017-09-26 13:06:14> DEBUG [org.apache.http.headers] http-outgoing-8 << X-XSS-Protection: 2; mode=block
<2017-09-26 13:06:14> DEBUG [org.apache.http.headers] http-outgoing-8 << Content-Encoding: gzip
<2017-09-26 13:06:14> DEBUG [o.a.h.i.execchain.MainClientExec] Connection can be kept alive indefinitely
<2017-09-26 13:06:14> DEBUG [o.a.h.c.p.ResponseProcessCookies] Cookie accepted [JSESSIONID="F6E28E4994D1584E597DBDFCCCB1737E", version:0, domain:branchtest.perfectomobile.com, path:/nexperience/, expiry:null]
<2017-09-26 13:06:14> DEBUG [o.a.h.c.p.ResponseProcessCookies] Cookie accepted [fast_failed="true", version:0, domain:branchtest.perfectomobile.com, path:/nexperience/perfectomobile/wd/hub/session/223f2364-c363-4f1b-9fa3-c593981d31c4, expiry:null]
<2017-09-26 13:06:14> DEBUG [o.a.h.i.c.PoolingHttpClientConnectionManager] Connection [id: 8][route: {s}->https://branchtest.perfectomobile.com:443] can be kept alive indefinitely
<2017-09-26 13:06:14> DEBUG [o.a.h.i.c.PoolingHttpClientConnectionManager] Connection released: [id: 8][route: {s}->https://branchtest.perfectomobile.com:443][total kept alive: 1; route allocated: 3 of 2000; total allocated: 3 of 2000]
<2017-09-26 13:06:14> DEBUG [o.a.h.c.p.RequestAddCookies] CookieSpec selected: default
<2017-09-26 13:06:14> DEBUG [o.a.h.c.p.RequestAddCookies] Cookie [version: 0][name: JSESSIONID][value: F6E28E4994D1584E597DBDFCCCB1737E][domain: branchtest.perfectomobile.com][path: /nexperience/][expiry: null] match [(secure)branchtest.perfectomobile.com:443/nexperience/perfectomobile/wd/hub/session/223f2364-c363-4f1b-9fa3-c593981d31c4/element/1/value]
<2017-09-26 13:06:14> DEBUG [o.a.h.c.p.RequestAddCookies] Cookie [version: 0][name: fast_failed][value: true][domain: branchtest.perfectomobile.com][path: /nexperience/perfectomobile/wd/hub][expiry: null] match [(secure)branchtest.perfectomobile.com:443/nexperience/perfectomobile/wd/hub/session/223f2364-c363-4f1b-9fa3-c593981d31c4/element/1/value]
<2017-09-26 13:06:14> DEBUG [o.a.h.c.p.RequestAddCookies] Cookie [version: 0][name: fast_failed][value: true][domain: branchtest.perfectomobile.com][path: /nexperience/perfectomobile/wd/hub/session][expiry: null] match [(secure)branchtest.perfectomobile.com:443/nexperience/perfectomobile/wd/hub/session/223f2364-c363-4f1b-9fa3-c593981d31c4/element/1/value]
<2017-09-26 13:06:14> DEBUG [o.a.h.c.p.RequestAddCookies] Cookie [version: 0][name: fast_failed][value: true][domain: branchtest.perfectomobile.com][path: /nexperience/perfectomobile/wd/hub/session/223f2364-c363-4f1b-9fa3-c593981d31c4][expiry: null] match [(secure)branchtest.perfectomobile.com:443/nexperience/perfectomobile/wd/hub/session/223f2364-c363-4f1b-9fa3-c593981d31c4/element/1/value]
<2017-09-26 13:06:14> DEBUG [o.a.h.c.p.RequestAuthCache] Auth cache not set in the context
<2017-09-26 13:06:14> DEBUG [o.a.h.i.c.PoolingHttpClientConnectionManager] Connection request: [route: {s}->https://branchtest.perfectomobile.com:443][total kept alive: 1; route allocated: 3 of 2000; total allocated: 3 of 2000]
<2017-09-26 13:06:14> DEBUG [o.a.h.i.c.PoolingHttpClientConnectionManager] Connection leased: [id: 8][route: {s}->https://branchtest.perfectomobile.com:443][total kept alive: 0; route allocated: 3 of 2000; total allocated: 3 of 2000]
<2017-09-26 13:06:14> DEBUG [o.a.h.i.execchain.MainClientExec] Stale connection check
<2017-09-26 13:06:14> DEBUG [org.apache.http.wire] http-outgoing-8 << "[read] I/O error: Read timed out"
<2017-09-26 13:06:14> DEBUG [o.a.h.i.c.DefaultManagedHttpClientConnection] http-outgoing-8: set socket timeout to 10800000
<2017-09-26 13:06:14> DEBUG [o.a.h.i.execchain.MainClientExec] Executing request POST /nexperience/perfectomobile/wd/hub/session/223f2364-c363-4f1b-9fa3-c593981d31c4/element/1/value HTTP/1.1
<2017-09-26 13:06:14> DEBUG [o.a.h.i.execchain.MainClientExec] Target auth state: UNCHALLENGED
<2017-09-26 13:06:14> DEBUG [o.a.h.i.execchain.MainClientExec] Proxy auth state: UNCHALLENGED
<2017-09-26 13:06:14> DEBUG [org.apache.http.headers] http-outgoing-8 >> POST /nexperience/perfectomobile/wd/hub/session/223f2364-c363-4f1b-9fa3-c593981d31c4/element/1/value HTTP/1.1
<2017-09-26 13:06:14> DEBUG [org.apache.http.headers] http-outgoing-8 >> Content-Type: application/json; charset=utf-8
<2017-09-26 13:06:14> DEBUG [org.apache.http.headers] http-outgoing-8 >> Content-Length: 28
<2017-09-26 13:06:14> DEBUG [org.apache.http.headers] http-outgoing-8 >> Host: branchtest.perfectomobile.com
<2017-09-26 13:06:14> DEBUG [org.apache.http.headers] http-outgoing-8 >> Connection: Keep-Alive
<2017-09-26 13:06:14> DEBUG [org.apache.http.headers] http-outgoing-8 >> User-Agent: Apache-HttpClient/4.5.2 (Java/1.8.0_121)
<2017-09-26 13:06:14> DEBUG [org.apache.http.headers] http-outgoing-8 >> Cookie: JSESSIONID=F6E28E4994D1584E597DBDFCCCB1737E; fast_failed=true; fast_failed=true; fast_failed=true
<2017-09-26 13:06:14> DEBUG [org.apache.http.headers] http-outgoing-8 >> Accept-Encoding: gzip,deflate
<2017-09-26 13:06:14> DEBUG [org.apache.http.wire] http-outgoing-8 >> "POST /nexperience/perfectomobile/wd/hub/session/223f2364-c363-4f1b-9fa3-c593981d31c4/element/1/value HTTP/1.1[\r][\n]"
<2017-09-26 13:06:14> DEBUG [org.apache.http.wire] http-outgoing-8 >> "Content-Type: application/json; charset=utf-8[\r][\n]"
<2017-09-26 13:06:14> DEBUG [org.apache.http.wire] http-outgoing-8 >> "Content-Length: 28[\r][\n]"
<2017-09-26 13:06:14> DEBUG [org.apache.http.wire] http-outgoing-8 >> "Host: branchtest.perfectomobile.com[\r][\n]"
<2017-09-26 13:06:14> DEBUG [org.apache.http.wire] http-outgoing-8 >> "Connection: Keep-Alive[\r][\n]"
<2017-09-26 13:06:14> DEBUG [org.apache.http.wire] http-outgoing-8 >> "User-Agent: Apache-HttpClient/4.5.2 (Java/1.8.0_121)[\r][\n]"
<2017-09-26 13:06:14> DEBUG [org.apache.http.wire] http-outgoing-8 >> "Cookie: JSESSIONID=F6E28E4994D1584E597DBDFCCCB1737E; fast_failed=true; fast_failed=true; fast_failed=true[\r][\n]"
<2017-09-26 13:06:14> DEBUG [org.apache.http.wire] http-outgoing-8 >> "Accept-Encoding: gzip,deflate[\r][\n]"
<2017-09-26 13:06:14> DEBUG [org.apache.http.wire] http-outgoing-8 >> "[\r][\n]"
<2017-09-26 13:06:14> DEBUG [org.apache.http.wire] http-outgoing-8 >> "{"id":"1","value":["liron"]}"
<2017-09-26 13:06:15> DEBUG [org.apache.http.wire] http-outgoing-5 << "HTTP/1.1 200 OK[\r][\n]"
<2017-09-26 13:06:15> DEBUG [org.apache.http.wire] http-outgoing-5 << "Server: nginx[\r][\n]"
<2017-09-26 13:06:15> DEBUG [org.apache.http.wire] http-outgoing-5 << "Date: Tue, 26 Sep 2017 10:06:11 GMT[\r][\n]"
<2017-09-26 13:06:15> DEBUG [org.apache.http.wire] http-outgoing-5 << "Content-Type: application/json;charset=utf-8[\r][\n]"
<2017-09-26 13:06:15> DEBUG [org.apache.http.wire] http-outgoing-5 << "Transfer-Encoding: chunked[\r][\n]"
<2017-09-26 13:06:15> DEBUG [org.apache.http.wire] http-outgoing-5 << "Connection: keep-alive[\r][\n]"
<2017-09-26 13:06:15> DEBUG [org.apache.http.wire] http-outgoing-5 << "Set-Cookie: JSESSIONID=F6E28E4994D1584E597DBDFCCCB1737E; Path=/nexperience/; HttpOnly[\r][\n]"
<2017-09-26 13:06:15> DEBUG [org.apache.http.wire] http-outgoing-5 << "Expires: Thu, 01 Jan 1970 00:00:00 GMT[\r][\n]"
<2017-09-26 13:06:15> DEBUG [org.apache.http.wire] http-outgoing-5 << "Cache-Control: no-cache[\r][\n]"
<2017-09-26 13:06:15> DEBUG [org.apache.http.wire] http-outgoing-5 << "Cache-Control: no-cache[\r][\n]"
<2017-09-26 13:06:15> DEBUG [org.apache.http.wire] http-outgoing-5 << "Expires: Thu, 01 Jan 1970 00:00:00 GMT[\r][\n]"
<2017-09-26 13:06:15> DEBUG [org.apache.http.wire] http-outgoing-5 << "Set-Cookie: fast_failed=true[\r][\n]"
<2017-09-26 13:06:15> DEBUG [org.apache.http.wire] http-outgoing-5 << "X-XSS-Protection: 2; mode=block[\r][\n]"
<2017-09-26 13:06:15> DEBUG [org.apache.http.wire] http-outgoing-5 << "Content-Encoding: gzip[\r][\n]"
<2017-09-26 13:06:15> DEBUG [org.apache.http.wire] http-outgoing-5 << "[\r][\n]"
<2017-09-26 13:06:15> DEBUG [org.apache.http.wire] http-outgoing-5 << "95[\r][\n]"
<2017-09-26 13:06:15> DEBUG [org.apache.http.wire] http-outgoing-5 << "[0x1f][0x8b][0x8][0x0][0x0][0x0][0x0][0x0][0x0][0x3]-[0x8c]1[0x12][0x82]0[0x10]E[0xef][0xb2]5d[0x12][0x83]bh[0xad]l[0xbd][0xc1][0xb2]Y[0x94][0x99][0x90][0x0]Kl[0x1c][0xef][0xee][0x16][0x96][0xff][0xcd]{[0xff][0x3][0xc2]"s[0xc9][0xf7][0x8][0x3][0x10][0x8e][0xe4][0xac][0xeb][0xdb]pb[0xdb]v<R{[0x8d]:[0xa7]i[0x8a][0xe8][0xa8]s[0x1e]/[0xd0][0x80][0x1c]x[0xb0][0xea]R[0x89][0xb4]V[0xf2][0xba][0x95][0xa8][0xc4][0xf9]s[0xd7][0xfb][0x10][0x82]m[0xe0][0x8d][0xa9]*[0xca]5[0xa5][0x6]([0xa1]z[0x3][0x94][0xfd]i[0xca][0xca]yC#[0x9c]8[0xcf]u1;/[0xe5]`[0xf3]`YK[0x16][0xfe][0xff]W[0xd5][0xed][0xf7][0x7][0xf][0x19][0xd5]J[0x9f][0x0][0x0][0x0][\r][\n]"
<2017-09-26 13:06:15> DEBUG [org.apache.http.wire] http-outgoing-5 << "0[\r][\n]"
<2017-09-26 13:06:15> DEBUG [org.apache.http.wire] http-outgoing-5 << "[\r][\n]"
<2017-09-26 13:06:15> DEBUG [org.apache.http.headers] http-outgoing-5 << HTTP/1.1 200 OK
<2017-09-26 13:06:15> DEBUG [org.apache.http.headers] http-outgoing-5 << Server: nginx
<2017-09-26 13:06:15> DEBUG [org.apache.http.headers] http-outgoing-5 << Date: Tue, 26 Sep 2017 10:06:11 GMT
<2017-09-26 13:06:15> DEBUG [org.apache.http.headers] http-outgoing-5 << Content-Type: application/json;charset=utf-8
<2017-09-26 13:06:15> DEBUG [org.apache.http.headers] http-outgoing-5 << Transfer-Encoding: chunked
<2017-09-26 13:06:15> DEBUG [org.apache.http.headers] http-outgoing-5 << Connection: keep-alive
<2017-09-26 13:06:15> DEBUG [org.apache.http.headers] http-outgoing-5 << Set-Cookie: JSESSIONID=F6E28E4994D1584E597DBDFCCCB1737E; Path=/nexperience/; HttpOnly
<2017-09-26 13:06:15> DEBUG [org.apache.http.headers] http-outgoing-5 << Expires: Thu, 01 Jan 1970 00:00:00 GMT
<2017-09-26 13:06:15> DEBUG [org.apache.http.headers] http-outgoing-5 << Cache-Control: no-cache
<2017-09-26 13:06:15> DEBUG [org.apache.http.headers] http-outgoing-5 << Cache-Control: no-cache
<2017-09-26 13:06:15> DEBUG [org.apache.http.headers] http-outgoing-5 << Expires: Thu, 01 Jan 1970 00:00:00 GMT
<2017-09-26 13:06:15> DEBUG [org.apache.http.headers] http-outgoing-5 << Set-Cookie: fast_failed=true
<2017-09-26 13:06:15> DEBUG [org.apache.http.headers] http-outgoing-5 << X-XSS-Protection: 2; mode=block
<2017-09-26 13:06:15> DEBUG [org.apache.http.headers] http-outgoing-5 << Content-Encoding: gzip
<2017-09-26 13:06:15> DEBUG [o.a.h.i.execchain.MainClientExec] Connection can be kept alive indefinitely
<2017-09-26 13:06:15> DEBUG [o.a.h.c.p.ResponseProcessCookies] Cookie accepted [JSESSIONID="F6E28E4994D1584E597DBDFCCCB1737E", version:0, domain:branchtest.perfectomobile.com, path:/nexperience/, expiry:null]
<2017-09-26 13:06:15> DEBUG [o.a.h.c.p.ResponseProcessCookies] Cookie accepted [fast_failed="true", version:0, domain:branchtest.perfectomobile.com, path:/nexperience/perfectomobile/wd/hub/session/cabc1017-92e0-4ebc-8d17-fffda1c413a6/element/1, expiry:null]
<2017-09-26 13:06:15> DEBUG [o.a.h.i.c.PoolingHttpClientConnectionManager] Connection [id: 5][route: {s}->https://branchtest.perfectomobile.com:443] can be kept alive indefinitely
<2017-09-26 13:06:15> DEBUG [o.a.h.i.c.PoolingHttpClientConnectionManager] Connection released: [id: 5][route: {s}->https://branchtest.perfectomobile.com:443][total kept alive: 1; route allocated: 3 of 2000; total allocated: 3 of 2000]
<2017-09-26 13:06:15> DEBUG [o.a.h.c.p.RequestAddCookies] CookieSpec selected: default
<2017-09-26 13:06:15> DEBUG [o.a.h.c.p.RequestAddCookies] Cookie [version: 0][name: JSESSIONID][value: F6E28E4994D1584E597DBDFCCCB1737E][domain: branchtest.perfectomobile.com][path: /nexperience/][expiry: null] match [(secure)branchtest.perfectomobile.com:443/nexperience/perfectomobile/wd/hub/session/cabc1017-92e0-4ebc-8d17-fffda1c413a6/element]
<2017-09-26 13:06:15> DEBUG [o.a.h.c.p.RequestAddCookies] Cookie [version: 0][name: fast_failed][value: true][domain: branchtest.perfectomobile.com][path: /nexperience/perfectomobile/wd/hub][expiry: null] match [(secure)branchtest.perfectomobile.com:443/nexperience/perfectomobile/wd/hub/session/cabc1017-92e0-4ebc-8d17-fffda1c413a6/element]
<2017-09-26 13:06:15> DEBUG [o.a.h.c.p.RequestAddCookies] Cookie [version: 0][name: fast_failed][value: true][domain: branchtest.perfectomobile.com][path: /nexperience/perfectomobile/wd/hub/session][expiry: null] match [(secure)branchtest.perfectomobile.com:443/nexperience/perfectomobile/wd/hub/session/cabc1017-92e0-4ebc-8d17-fffda1c413a6/element]
<2017-09-26 13:06:15> DEBUG [o.a.h.c.p.RequestAddCookies] Cookie [version: 0][name: fast_failed][value: true][domain: branchtest.perfectomobile.com][path: /nexperience/perfectomobile/wd/hub/session/cabc1017-92e0-4ebc-8d17-fffda1c413a6][expiry: null] match [(secure)branchtest.perfectomobile.com:443/nexperience/perfectomobile/wd/hub/session/cabc1017-92e0-4ebc-8d17-fffda1c413a6/element]
<2017-09-26 13:06:15> DEBUG [o.a.h.c.p.RequestAuthCache] Auth cache not set in the context
<2017-09-26 13:06:15> DEBUG [o.a.h.i.c.PoolingHttpClientConnectionManager] Connection request: [route: {s}->https://branchtest.perfectomobile.com:443][total kept alive: 1; route allocated: 3 of 2000; total allocated: 3 of 2000]
<2017-09-26 13:06:15> DEBUG [o.a.h.i.c.PoolingHttpClientConnectionManager] Connection leased: [id: 5][route: {s}->https://branchtest.perfectomobile.com:443][total kept alive: 0; route allocated: 3 of 2000; total allocated: 3 of 2000]
<2017-09-26 13:06:15> DEBUG [o.a.h.i.execchain.MainClientExec] Stale connection check
<2017-09-26 13:06:15> DEBUG [org.apache.http.wire] http-outgoing-5 << "[read] I/O error: Read timed out"
<2017-09-26 13:06:15> DEBUG [o.a.h.i.c.DefaultManagedHttpClientConnection] http-outgoing-5: set socket timeout to 10800000
<2017-09-26 13:06:15> DEBUG [o.a.h.i.execchain.MainClientExec] Executing request POST /nexperience/perfectomobile/wd/hub/session/cabc1017-92e0-4ebc-8d17-fffda1c413a6/element HTTP/1.1
<2017-09-26 13:06:15> DEBUG [o.a.h.i.execchain.MainClientExec] Target auth state: UNCHALLENGED
<2017-09-26 13:06:15> DEBUG [o.a.h.i.execchain.MainClientExec] Proxy auth state: UNCHALLENGED
<2017-09-26 13:06:15> DEBUG [org.apache.http.headers] http-outgoing-5 >> POST /nexperience/perfectomobile/wd/hub/session/cabc1017-92e0-4ebc-8d17-fffda1c413a6/element HTTP/1.1
<2017-09-26 13:06:15> DEBUG [org.apache.http.headers] http-outgoing-5 >> Content-Type: application/json; charset=utf-8
<2017-09-26 13:06:15> DEBUG [org.apache.http.headers] http-outgoing-5 >> Content-Length: 54
<2017-09-26 13:06:15> DEBUG [org.apache.http.headers] http-outgoing-5 >> Host: branchtest.perfectomobile.com
<2017-09-26 13:06:15> DEBUG [org.apache.http.headers] http-outgoing-5 >> Connection: Keep-Alive
<2017-09-26 13:06:15> DEBUG [org.apache.http.headers] http-outgoing-5 >> User-Agent: Apache-HttpClient/4.5.2 (Java/1.8.0_121)
<2017-09-26 13:06:15> DEBUG [org.apache.http.headers] http-outgoing-5 >> Cookie: JSESSIONID=F6E28E4994D1584E597DBDFCCCB1737E; fast_failed=true; fast_failed=true; fast_failed=true
<2017-09-26 13:06:15> DEBUG [org.apache.http.headers] http-outgoing-5 >> Accept-Encoding: gzip,deflate
<2017-09-26 13:06:15> DEBUG [org.apache.http.wire] http-outgoing-5 >> "POST /nexperience/perfectomobile/wd/hub/session/cabc1017-92e0-4ebc-8d17-fffda1c413a6/element HTTP/1.1[\r][\n]"
<2017-09-26 13:06:15> DEBUG [org.apache.http.wire] http-outgoing-5 >> "Content-Type: application/json; charset=utf-8[\r][\n]"
<2017-09-26 13:06:15> DEBUG [org.apache.http.wire] http-outgoing-5 >> "Content-Length: 54[\r][\n]"
<2017-09-26 13:06:15> DEBUG [org.apache.http.wire] http-outgoing-5 >> "Host: branchtest.perfectomobile.com[\r][\n]"
<2017-09-26 13:06:15> DEBUG [org.apache.http.wire] http-outgoing-5 >> "Connection: Keep-Alive[\r][\n]"
<2017-09-26 13:06:15> DEBUG [org.apache.http.wire] http-outgoing-5 >> "User-Agent: Apache-HttpClient/4.5.2 (Java/1.8.0_121)[\r][\n]"
<2017-09-26 13:06:15> DEBUG [org.apache.http.wire] http-outgoing-5 >> "Cookie: JSESSIONID=F6E28E4994D1584E597DBDFCCCB1737E; fast_failed=true; fast_failed=true; fast_failed=true[\r][\n]"
<2017-09-26 13:06:15> DEBUG [org.apache.http.wire] http-outgoing-5 >> "Accept-Encoding: gzip,deflate[\r][\n]"
<2017-09-26 13:06:15> DEBUG [org.apache.http.wire] http-outgoing-5 >> "[\r][\n]"
<2017-09-26 13:06:15> DEBUG [org.apache.http.wire] http-outgoing-5 >> "{"using":"xpath","value":"(//*[@name='password'])[2]"}"
<2017-09-26 13:06:15> DEBUG [org.apache.http.wire] http-outgoing-5 << "HTTP/1.1 200 OK[\r][\n]"
<2017-09-26 13:06:15> DEBUG [org.apache.http.wire] http-outgoing-5 << "Server: nginx[\r][\n]"
<2017-09-26 13:06:15> DEBUG [org.apache.http.wire] http-outgoing-5 << "Date: Tue, 26 Sep 2017 10:06:11 GMT[\r][\n]"
<2017-09-26 13:06:15> DEBUG [org.apache.http.wire] http-outgoing-5 << "Content-Type: application/json;charset=utf-8[\r][\n]"
<2017-09-26 13:06:15> DEBUG [org.apache.http.wire] http-outgoing-5 << "Transfer-Encoding: chunked[\r][\n]"
<2017-09-26 13:06:15> DEBUG [org.apache.http.wire] http-outgoing-5 << "Connection: keep-alive[\r][\n]"
<2017-09-26 13:06:15> DEBUG [org.apache.http.wire] http-outgoing-5 << "Set-Cookie: JSESSIONID=F6E28E4994D1584E597DBDFCCCB1737E; Path=/nexperience/; HttpOnly[\r][\n]"
<2017-09-26 13:06:15> DEBUG [org.apache.http.wire] http-outgoing-5 << "Expires: Thu, 01 Jan 1970 00:00:00 GMT[\r][\n]"
<2017-09-26 13:06:15> DEBUG [org.apache.http.wire] http-outgoing-5 << "Cache-Control: no-cache[\r][\n]"
<2017-09-26 13:06:15> DEBUG [org.apache.http.wire] http-outgoing-5 << "Cache-Control: no-cache[\r][\n]"
<2017-09-26 13:06:15> DEBUG [org.apache.http.wire] http-outgoing-5 << "Expires: Thu, 01 Jan 1970 00:00:00 GMT[\r][\n]"
<2017-09-26 13:06:15> DEBUG [org.apache.http.wire] http-outgoing-5 << "Set-Cookie: fast_failed=true[\r][\n]"
<2017-09-26 13:06:15> DEBUG [org.apache.http.wire] http-outgoing-5 << "X-XSS-Protection: 2; mode=block[\r][\n]"
<2017-09-26 13:06:15> DEBUG [org.apache.http.wire] http-outgoing-5 << "Content-Encoding: gzip[\r][\n]"
<2017-09-26 13:06:15> DEBUG [org.apache.http.wire] http-outgoing-5 << "[\r][\n]"
<2017-09-26 13:06:15> DEBUG [org.apache.http.wire] http-outgoing-5 << "a1[\r][\n]"
<2017-09-26 13:06:15> DEBUG [org.apache.http.wire] http-outgoing-5 << "[0x1f][0x8b][0x8][0x0][0x0][0x0][0x0][0x0][0x0][0x3]-[0x8d]1[0xe][0x82]@[0x10]E[0xef]25lX@[0x10][Ca[0xa2][0x16][0xc6][0xb][0xc][0xb3][0x83][0x92][0xc0].2[0xac][\r][0xe1][0xee]Na[0xf9]_[0xde][0xcb][0xdf]@Xd[0x8][0xfe][0xe2][0xe0][0x4][0x84][0x1d][0xd9][0xcc][0xd6]i[0x93]s[0x96][0x96][0xdc]Qzt:[0xfb][0xbe]wh[0xa9][0xb4][0x5]V[0x90][0x80][0xac][0xb8][0xb2][0xea][0x12][0x89][0xb4]V[0xf2]>[0x7][0xa7][0xc4][0xe6]uq[0xa8][0x9b][0xd2]V[0x9]|q[0x8c][0x8a]6h[0xaf][0xed][0xad][0xbd]?[0xd5][0xcf]aO[0x80]F[0xd4][0xe4][0x4]ay[0x99]0[0xb3][0xff][0xa0][0x11][0x1e][0xd9][0xf]q2[0xb]Oae[0xf3]`[0x99][0x83][0x17][0xfe]_E[0xd5][0xb3][0xfd][0x7][0x93][0xaa][0xdd][0x9][0xaa][0x0][0x0][0x0][\r][\n]"
<2017-09-26 13:06:15> DEBUG [org.apache.http.wire] http-outgoing-5 << "0[\r][\n]"
<2017-09-26 13:06:15> DEBUG [org.apache.http.wire] http-outgoing-5 << "[\r][\n]"
<2017-09-26 13:06:15> DEBUG [org.apache.http.headers] http-outgoing-5 << HTTP/1.1 200 OK
<2017-09-26 13:06:15> DEBUG [org.apache.http.headers] http-outgoing-5 << Server: nginx
<2017-09-26 13:06:15> DEBUG [org.apache.http.headers] http-outgoing-5 << Date: Tue, 26 Sep 2017 10:06:11 GMT
<2017-09-26 13:06:15> DEBUG [org.apache.http.headers] http-outgoing-5 << Content-Type: application/json;charset=utf-8
<2017-09-26 13:06:15> DEBUG [org.apache.http.headers] http-outgoing-5 << Transfer-Encoding: chunked
<2017-09-26 13:06:15> DEBUG [org.apache.http.headers] http-outgoing-5 << Connection: keep-alive
<2017-09-26 13:06:15> DEBUG [org.apache.http.headers] http-outgoing-5 << Set-Cookie: JSESSIONID=F6E28E4994D1584E597DBDFCCCB1737E; Path=/nexperience/; HttpOnly
<2017-09-26 13:06:15> DEBUG [org.apache.http.headers] http-outgoing-5 << Expires: Thu, 01 Jan 1970 00:00:00 GMT
<2017-09-26 13:06:15> DEBUG [org.apache.http.headers] http-outgoing-5 << Cache-Control: no-cache
<2017-09-26 13:06:15> DEBUG [org.apache.http.headers] http-outgoing-5 << Cache-Control: no-cache
<2017-09-26 13:06:15> DEBUG [org.apache.http.headers] http-outgoing-5 << Expires: Thu, 01 Jan 1970 00:00:00 GMT
<2017-09-26 13:06:15> DEBUG [org.apache.http.headers] http-outgoing-5 << Set-Cookie: fast_failed=true
<2017-09-26 13:06:15> DEBUG [org.apache.http.headers] http-outgoing-5 << X-XSS-Protection: 2; mode=block
<2017-09-26 13:06:15> DEBUG [org.apache.http.headers] http-outgoing-5 << Content-Encoding: gzip
<2017-09-26 13:06:15> DEBUG [o.a.h.i.execchain.MainClientExec] Connection can be kept alive indefinitely
<2017-09-26 13:06:15> DEBUG [o.a.h.c.p.ResponseProcessCookies] Cookie accepted [JSESSIONID="F6E28E4994D1584E597DBDFCCCB1737E", version:0, domain:branchtest.perfectomobile.com, path:/nexperience/, expiry:null]
<2017-09-26 13:06:15> DEBUG [o.a.h.c.p.ResponseProcessCookies] Cookie accepted [fast_failed="true", version:0, domain:branchtest.perfectomobile.com, path:/nexperience/perfectomobile/wd/hub/session/cabc1017-92e0-4ebc-8d17-fffda1c413a6, expiry:null]
<2017-09-26 13:06:15> DEBUG [o.a.h.i.c.PoolingHttpClientConnectionManager] Connection [id: 5][route: {s}->https://branchtest.perfectomobile.com:443] can be kept alive indefinitely
<2017-09-26 13:06:15> DEBUG [o.a.h.i.c.PoolingHttpClientConnectionManager] Connection released: [id: 5][route: {s}->https://branchtest.perfectomobile.com:443][total kept alive: 1; route allocated: 3 of 2000; total allocated: 3 of 2000]
<2017-09-26 13:06:15> DEBUG [o.a.h.c.p.RequestAddCookies] CookieSpec selected: default
<2017-09-26 13:06:15> DEBUG [o.a.h.c.p.RequestAddCookies] Cookie [version: 0][name: JSESSIONID][value: F6E28E4994D1584E597DBDFCCCB1737E][domain: branchtest.perfectomobile.com][path: /nexperience/][expiry: null] match [(secure)branchtest.perfectomobile.com:443/nexperience/perfectomobile/wd/hub/session/cabc1017-92e0-4ebc-8d17-fffda1c413a6/element/2/value]
<2017-09-26 13:06:15> DEBUG [o.a.h.c.p.RequestAddCookies] Cookie [version: 0][name: fast_failed][value: true][domain: branchtest.perfectomobile.com][path: /nexperience/perfectomobile/wd/hub][expiry: null] match [(secure)branchtest.perfectomobile.com:443/nexperience/perfectomobile/wd/hub/session/cabc1017-92e0-4ebc-8d17-fffda1c413a6/element/2/value]
<2017-09-26 13:06:15> DEBUG [o.a.h.c.p.RequestAddCookies] Cookie [version: 0][name: fast_failed][value: true][domain: branchtest.perfectomobile.com][path: /nexperience/perfectomobile/wd/hub/session][expiry: null] match [(secure)branchtest.perfectomobile.com:443/nexperience/perfectomobile/wd/hub/session/cabc1017-92e0-4ebc-8d17-fffda1c413a6/element/2/value]
<2017-09-26 13:06:15> DEBUG [o.a.h.c.p.RequestAddCookies] Cookie [version: 0][name: fast_failed][value: true][domain: branchtest.perfectomobile.com][path: /nexperience/perfectomobile/wd/hub/session/cabc1017-92e0-4ebc-8d17-fffda1c413a6][expiry: null] match [(secure)branchtest.perfectomobile.com:443/nexperience/perfectomobile/wd/hub/session/cabc1017-92e0-4ebc-8d17-fffda1c413a6/element/2/value]
<2017-09-26 13:06:15> DEBUG [o.a.h.c.p.RequestAuthCache] Auth cache not set in the context
<2017-09-26 13:06:15> DEBUG [o.a.h.i.c.PoolingHttpClientConnectionManager] Connection request: [route: {s}->https://branchtest.perfectomobile.com:443][total kept alive: 1; route allocated: 3 of 2000; total allocated: 3 of 2000]
<2017-09-26 13:06:15> DEBUG [o.a.h.i.c.PoolingHttpClientConnectionManager] Connection leased: [id: 5][route: {s}->https://branchtest.perfectomobile.com:443][total kept alive: 0; route allocated: 3 of 2000; total allocated: 3 of 2000]
<2017-09-26 13:06:15> DEBUG [o.a.h.i.execchain.MainClientExec] Stale connection check
<2017-09-26 13:06:15> DEBUG [org.apache.http.wire] http-outgoing-5 << "[read] I/O error: Read timed out"
<2017-09-26 13:06:15> DEBUG [o.a.h.i.c.DefaultManagedHttpClientConnection] http-outgoing-5: set socket timeout to 10800000
<2017-09-26 13:06:15> DEBUG [o.a.h.i.execchain.MainClientExec] Executing request POST /nexperience/perfectomobile/wd/hub/session/cabc1017-92e0-4ebc-8d17-fffda1c413a6/element/2/value HTTP/1.1
<2017-09-26 13:06:15> DEBUG [o.a.h.i.execchain.MainClientExec] Target auth state: UNCHALLENGED
<2017-09-26 13:06:15> DEBUG [o.a.h.i.execchain.MainClientExec] Proxy auth state: UNCHALLENGED
<2017-09-26 13:06:15> DEBUG [org.apache.http.headers] http-outgoing-5 >> POST /nexperience/perfectomobile/wd/hub/session/cabc1017-92e0-4ebc-8d17-fffda1c413a6/element/2/value HTTP/1.1
<2017-09-26 13:06:15> DEBUG [org.apache.http.headers] http-outgoing-5 >> Content-Type: application/json; charset=utf-8
<2017-09-26 13:06:15> DEBUG [org.apache.http.headers] http-outgoing-5 >> Content-Length: 29
<2017-09-26 13:06:15> DEBUG [org.apache.http.headers] http-outgoing-5 >> Host: branchtest.perfectomobile.com
<2017-09-26 13:06:15> DEBUG [org.apache.http.headers] http-outgoing-5 >> Connection: Keep-Alive
<2017-09-26 13:06:15> DEBUG [org.apache.http.headers] http-outgoing-5 >> User-Agent: Apache-HttpClient/4.5.2 (Java/1.8.0_121)
<2017-09-26 13:06:15> DEBUG [org.apache.http.headers] http-outgoing-5 >> Cookie: JSESSIONID=F6E28E4994D1584E597DBDFCCCB1737E; fast_failed=true; fast_failed=true; fast_failed=true
<2017-09-26 13:06:15> DEBUG [org.apache.http.headers] http-outgoing-5 >> Accept-Encoding: gzip,deflate
<2017-09-26 13:06:15> DEBUG [org.apache.http.wire] http-outgoing-5 >> "POST /nexperience/perfectomobile/wd/hub/session/cabc1017-92e0-4ebc-8d17-fffda1c413a6/element/2/value HTTP/1.1[\r][\n]"
<2017-09-26 13:06:15> DEBUG [org.apache.http.wire] http-outgoing-5 >> "Content-Type: application/json; charset=utf-8[\r][\n]"
<2017-09-26 13:06:15> DEBUG [org.apache.http.wire] http-outgoing-5 >> "Content-Length: 29[\r][\n]"
<2017-09-26 13:06:15> DEBUG [org.apache.http.wire] http-outgoing-5 >> "Host: branchtest.perfectomobile.com[\r][\n]"
<2017-09-26 13:06:15> DEBUG [org.apache.http.wire] http-outgoing-5 >> "Connection: Keep-Alive[\r][\n]"
<2017-09-26 13:06:15> DEBUG [org.apache.http.wire] http-outgoing-5 >> "User-Agent: Apache-HttpClient/4.5.2 (Java/1.8.0_121)[\r][\n]"
<2017-09-26 13:06:15> DEBUG [org.apache.http.wire] http-outgoing-5 >> "Cookie: JSESSIONID=F6E28E4994D1584E597DBDFCCCB1737E; fast_failed=true; fast_failed=true; fast_failed=true[\r][\n]"
<2017-09-26 13:06:15> DEBUG [org.apache.http.wire] http-outgoing-5 >> "Accept-Encoding: gzip,deflate[\r][\n]"
<2017-09-26 13:06:15> DEBUG [org.apache.http.wire] http-outgoing-5 >> "[\r][\n]"
<2017-09-26 13:06:15> DEBUG [org.apache.http.wire] http-outgoing-5 >> "{"id":"2","value":["123456"]}"
<2017-09-26 13:06:15> DEBUG [org.apache.http.wire] http-outgoing-8 << "HTTP/1.1 200 OK[\r][\n]"
<2017-09-26 13:06:15> DEBUG [org.apache.http.wire] http-outgoing-8 << "Server: nginx[\r][\n]"
<2017-09-26 13:06:15> DEBUG [org.apache.http.wire] http-outgoing-8 << "Date: Tue, 26 Sep 2017 10:06:12 GMT[\r][\n]"
<2017-09-26 13:06:15> DEBUG [org.apache.http.wire] http-outgoing-8 << "Content-Type: application/json;charset=utf-8[\r][\n]"
<2017-09-26 13:06:15> DEBUG [org.apache.http.wire] http-outgoing-8 << "Transfer-Encoding: chunked[\r][\n]"
<2017-09-26 13:06:15> DEBUG [org.apache.http.wire] http-outgoing-8 << "Connection: keep-alive[\r][\n]"
<2017-09-26 13:06:15> DEBUG [org.apache.http.wire] http-outgoing-8 << "Set-Cookie: JSESSIONID=F6E28E4994D1584E597DBDFCCCB1737E; Path=/nexperience/; HttpOnly[\r][\n]"
<2017-09-26 13:06:15> DEBUG [org.apache.http.wire] http-outgoing-8 << "Expires: Thu, 01 Jan 1970 00:00:00 GMT[\r][\n]"
<2017-09-26 13:06:15> DEBUG [org.apache.http.wire] http-outgoing-8 << "Cache-Control: no-cache[\r][\n]"
<2017-09-26 13:06:15> DEBUG [org.apache.http.wire] http-outgoing-8 << "Cache-Control: no-cache[\r][\n]"
<2017-09-26 13:06:15> DEBUG [org.apache.http.wire] http-outgoing-8 << "Expires: Thu, 01 Jan 1970 00:00:00 GMT[\r][\n]"
<2017-09-26 13:06:15> DEBUG [org.apache.http.wire] http-outgoing-8 << "Set-Cookie: fast_failed=true[\r][\n]"
<2017-09-26 13:06:15> DEBUG [org.apache.http.wire] http-outgoing-8 << "X-XSS-Protection: 2; mode=block[\r][\n]"
<2017-09-26 13:06:15> DEBUG [org.apache.http.wire] http-outgoing-8 << "Content-Encoding: gzip[\r][\n]"
<2017-09-26 13:06:15> DEBUG [org.apache.http.wire] http-outgoing-8 << "[\r][\n]"
<2017-09-26 13:06:15> DEBUG [org.apache.http.wire] http-outgoing-8 << "96[\r][\n]"
<2017-09-26 13:06:15> DEBUG [org.apache.http.wire] http-outgoing-8 << "[0x1f][0x8b][0x8][0x0][0x0][0x0][0x0][0x0][0x0][0x3]-[0xcc]1[0x12][0xc2] [0x10][0x85][0xe1][0xbb]l[\r][0x8c]a#[0x86][0xb4]V[0xb6][0xde][0x0]a[0xa3][0x99]![0x90]d[0x83][0x8d][0xe3][0xdd][0xdd][0xc2][0xf6][0x9f][0xef][0xbd][0xf]01[0xcf][0xb5][0xdc][0x12][0x8c]`-N[0x16]][0xaf]#:[0xd4][0xfd][0xd4]=[0xb4][0x9f][0x2][0xea]x[0xf6][0xe8][0x87].a[0x17]{P[0xc0]G8H8[0xb7][0x18]e-[0xe5]u[0xad]I[0xca]e[0xb0][0xde][0xb9][0xc1]y[0x5][0xef][0x90][0x9b][0x94][0xd2]rV[0x10]s[0x10]6B[0xdd][0x9f][0xa6][0xae]T[0xb6]`[0x98]2[0x95][0xb9]-f[0xa7][0xa5][0x1e]d[0xee][0xc4]k-L[0xff][0xfb]&[0xfc][0xf4][0xfd][0x1][0x80][0x8][0xde]d[0x9e][0x0][0x0][0x0][\r][\n]"
<2017-09-26 13:06:15> DEBUG [org.apache.http.wire] http-outgoing-8 << "0[\r][\n]"
<2017-09-26 13:06:15> DEBUG [org.apache.http.wire] http-outgoing-8 << "[\r][\n]"
<2017-09-26 13:06:15> DEBUG [org.apache.http.headers] http-outgoing-8 << HTTP/1.1 200 OK
<2017-09-26 13:06:15> DEBUG [org.apache.http.headers] http-outgoing-8 << Server: nginx
<2017-09-26 13:06:15> DEBUG [org.apache.http.headers] http-outgoing-8 << Date: Tue, 26 Sep 2017 10:06:12 GMT
<2017-09-26 13:06:15> DEBUG [org.apache.http.headers] http-outgoing-8 << Content-Type: application/json;charset=utf-8
<2017-09-26 13:06:15> DEBUG [org.apache.http.headers] http-outgoing-8 << Transfer-Encoding: chunked
<2017-09-26 13:06:15> DEBUG [org.apache.http.headers] http-outgoing-8 << Connection: keep-alive
<2017-09-26 13:06:15> DEBUG [org.apache.http.headers] http-outgoing-8 << Set-Cookie: JSESSIONID=F6E28E4994D1584E597DBDFCCCB1737E; Path=/nexperience/; HttpOnly
<2017-09-26 13:06:15> DEBUG [org.apache.http.headers] http-outgoing-8 << Expires: Thu, 01 Jan 1970 00:00:00 GMT
<2017-09-26 13:06:15> DEBUG [org.apache.http.headers] http-outgoing-8 << Cache-Control: no-cache
<2017-09-26 13:06:15> DEBUG [org.apache.http.headers] http-outgoing-8 << Cache-Control: no-cache
<2017-09-26 13:06:15> DEBUG [org.apache.http.headers] http-outgoing-8 << Expires: Thu, 01 Jan 1970 00:00:00 GMT
<2017-09-26 13:06:15> DEBUG [org.apache.http.headers] http-outgoing-8 << Set-Cookie: fast_failed=true
<2017-09-26 13:06:15> DEBUG [org.apache.http.headers] http-outgoing-8 << X-XSS-Protection: 2; mode=block
<2017-09-26 13:06:15> DEBUG [org.apache.http.headers] http-outgoing-8 << Content-Encoding: gzip
<2017-09-26 13:06:15> DEBUG [o.a.h.i.execchain.MainClientExec] Connection can be kept alive indefinitely
<2017-09-26 13:06:15> DEBUG [o.a.h.c.p.ResponseProcessCookies] Cookie accepted [JSESSIONID="F6E28E4994D1584E597DBDFCCCB1737E", version:0, domain:branchtest.perfectomobile.com, path:/nexperience/, expiry:null]
<2017-09-26 13:06:15> DEBUG [o.a.h.c.p.ResponseProcessCookies] Cookie accepted [fast_failed="true", version:0, domain:branchtest.perfectomobile.com, path:/nexperience/perfectomobile/wd/hub/session/223f2364-c363-4f1b-9fa3-c593981d31c4/element/1, expiry:null]
<2017-09-26 13:06:15> DEBUG [o.a.h.i.c.PoolingHttpClientConnectionManager] Connection [id: 8][route: {s}->https://branchtest.perfectomobile.com:443] can be kept alive indefinitely
<2017-09-26 13:06:15> DEBUG [o.a.h.i.c.PoolingHttpClientConnectionManager] Connection released: [id: 8][route: {s}->https://branchtest.perfectomobile.com:443][total kept alive: 1; route allocated: 3 of 2000; total allocated: 3 of 2000]
<2017-09-26 13:06:15> DEBUG [o.a.h.c.p.RequestAddCookies] CookieSpec selected: default
<2017-09-26 13:06:15> DEBUG [o.a.h.c.p.RequestAddCookies] Cookie [version: 0][name: JSESSIONID][value: F6E28E4994D1584E597DBDFCCCB1737E][domain: branchtest.perfectomobile.com][path: /nexperience/][expiry: null] match [(secure)branchtest.perfectomobile.com:443/nexperience/perfectomobile/wd/hub/session/223f2364-c363-4f1b-9fa3-c593981d31c4/element]
<2017-09-26 13:06:15> DEBUG [o.a.h.c.p.RequestAddCookies] Cookie [version: 0][name: fast_failed][value: true][domain: branchtest.perfectomobile.com][path: /nexperience/perfectomobile/wd/hub][expiry: null] match [(secure)branchtest.perfectomobile.com:443/nexperience/perfectomobile/wd/hub/session/223f2364-c363-4f1b-9fa3-c593981d31c4/element]
<2017-09-26 13:06:15> DEBUG [o.a.h.c.p.RequestAddCookies] Cookie [version: 0][name: fast_failed][value: true][domain: branchtest.perfectomobile.com][path: /nexperience/perfectomobile/wd/hub/session][expiry: null] match [(secure)branchtest.perfectomobile.com:443/nexperience/perfectomobile/wd/hub/session/223f2364-c363-4f1b-9fa3-c593981d31c4/element]
<2017-09-26 13:06:15> DEBUG [o.a.h.c.p.RequestAddCookies] Cookie [version: 0][name: fast_failed][value: true][domain: branchtest.perfectomobile.com][path: /nexperience/perfectomobile/wd/hub/session/223f2364-c363-4f1b-9fa3-c593981d31c4][expiry: null] match [(secure)branchtest.perfectomobile.com:443/nexperience/perfectomobile/wd/hub/session/223f2364-c363-4f1b-9fa3-c593981d31c4/element]
<2017-09-26 13:06:15> DEBUG [o.a.h.c.p.RequestAuthCache] Auth cache not set in the context
<2017-09-26 13:06:15> DEBUG [o.a.h.i.c.PoolingHttpClientConnectionManager] Connection request: [route: {s}->https://branchtest.perfectomobile.com:443][total kept alive: 1; route allocated: 3 of 2000; total allocated: 3 of 2000]
<2017-09-26 13:06:15> DEBUG [o.a.h.i.c.PoolingHttpClientConnectionManager] Connection leased: [id: 8][route: {s}->https://branchtest.perfectomobile.com:443][total kept alive: 0; route allocated: 3 of 2000; total allocated: 3 of 2000]
<2017-09-26 13:06:15> DEBUG [o.a.h.i.execchain.MainClientExec] Stale connection check
<2017-09-26 13:06:15> DEBUG [org.apache.http.wire] http-outgoing-8 << "[read] I/O error: Read timed out"
<2017-09-26 13:06:15> DEBUG [o.a.h.i.c.DefaultManagedHttpClientConnection] http-outgoing-8: set socket timeout to 10800000
<2017-09-26 13:06:15> DEBUG [o.a.h.i.execchain.MainClientExec] Executing request POST /nexperience/perfectomobile/wd/hub/session/223f2364-c363-4f1b-9fa3-c593981d31c4/element HTTP/1.1
<2017-09-26 13:06:15> DEBUG [o.a.h.i.execchain.MainClientExec] Target auth state: UNCHALLENGED
<2017-09-26 13:06:15> DEBUG [o.a.h.i.execchain.MainClientExec] Proxy auth state: UNCHALLENGED
<2017-09-26 13:06:15> DEBUG [org.apache.http.headers] http-outgoing-8 >> POST /nexperience/perfectomobile/wd/hub/session/223f2364-c363-4f1b-9fa3-c593981d31c4/element HTTP/1.1
<2017-09-26 13:06:15> DEBUG [org.apache.http.headers] http-outgoing-8 >> Content-Type: application/json; charset=utf-8
<2017-09-26 13:06:15> DEBUG [org.apache.http.headers] http-outgoing-8 >> Content-Length: 54
<2017-09-26 13:06:15> DEBUG [org.apache.http.headers] http-outgoing-8 >> Host: branchtest.perfectomobile.com
<2017-09-26 13:06:15> DEBUG [org.apache.http.headers] http-outgoing-8 >> Connection: Keep-Alive
<2017-09-26 13:06:15> DEBUG [org.apache.http.headers] http-outgoing-8 >> User-Agent: Apache-HttpClient/4.5.2 (Java/1.8.0_121)
<2017-09-26 13:06:15> DEBUG [org.apache.http.headers] http-outgoing-8 >> Cookie: JSESSIONID=F6E28E4994D1584E597DBDFCCCB1737E; fast_failed=true; fast_failed=true; fast_failed=true
<2017-09-26 13:06:15> DEBUG [org.apache.http.headers] http-outgoing-8 >> Accept-Encoding: gzip,deflate
<2017-09-26 13:06:15> DEBUG [org.apache.http.wire] http-outgoing-8 >> "POST /nexperience/perfectomobile/wd/hub/session/223f2364-c363-4f1b-9fa3-c593981d31c4/element HTTP/1.1[\r][\n]"
<2017-09-26 13:06:15> DEBUG [org.apache.http.wire] http-outgoing-8 >> "Content-Type: application/json; charset=utf-8[\r][\n]"
<2017-09-26 13:06:15> DEBUG [org.apache.http.wire] http-outgoing-8 >> "Content-Length: 54[\r][\n]"
<2017-09-26 13:06:15> DEBUG [org.apache.http.wire] http-outgoing-8 >> "Host: branchtest.perfectomobile.com[\r][\n]"
<2017-09-26 13:06:15> DEBUG [org.apache.http.wire] http-outgoing-8 >> "Connection: Keep-Alive[\r][\n]"
<2017-09-26 13:06:15> DEBUG [org.apache.http.wire] http-outgoing-8 >> "User-Agent: Apache-HttpClient/4.5.2 (Java/1.8.0_121)[\r][\n]"
<2017-09-26 13:06:15> DEBUG [org.apache.http.wire] http-outgoing-8 >> "Cookie: JSESSIONID=F6E28E4994D1584E597DBDFCCCB1737E; fast_failed=true; fast_failed=true; fast_failed=true[\r][\n]"
<2017-09-26 13:06:15> DEBUG [org.apache.http.wire] http-outgoing-8 >> "Accept-Encoding: gzip,deflate[\r][\n]"
<2017-09-26 13:06:15> DEBUG [org.apache.http.wire] http-outgoing-8 >> "[\r][\n]"
<2017-09-26 13:06:15> DEBUG [org.apache.http.wire] http-outgoing-8 >> "{"using":"xpath","value":"(//*[@name='password'])[2]"}"
<2017-09-26 13:06:16> DEBUG [org.apache.http.wire] http-outgoing-8 << "HTTP/1.1 200 OK[\r][\n]"
<2017-09-26 13:06:16> DEBUG [org.apache.http.wire] http-outgoing-8 << "Server: nginx[\r][\n]"
<2017-09-26 13:06:16> DEBUG [org.apache.http.wire] http-outgoing-8 << "Date: Tue, 26 Sep 2017 10:06:12 GMT[\r][\n]"
<2017-09-26 13:06:16> DEBUG [org.apache.http.wire] http-outgoing-8 << "Content-Type: application/json;charset=utf-8[\r][\n]"
<2017-09-26 13:06:16> DEBUG [org.apache.http.wire] http-outgoing-8 << "Transfer-Encoding: chunked[\r][\n]"
<2017-09-26 13:06:16> DEBUG [org.apache.http.wire] http-outgoing-8 << "Connection: keep-alive[\r][\n]"
<2017-09-26 13:06:16> DEBUG [org.apache.http.wire] http-outgoing-8 << "Set-Cookie: JSESSIONID=F6E28E4994D1584E597DBDFCCCB1737E; Path=/nexperience/; HttpOnly[\r][\n]"
<2017-09-26 13:06:16> DEBUG [org.apache.http.wire] http-outgoing-8 << "Expires: Thu, 01 Jan 1970 00:00:00 GMT[\r][\n]"
<2017-09-26 13:06:16> DEBUG [org.apache.http.wire] http-outgoing-8 << "Cache-Control: no-cache[\r][\n]"
<2017-09-26 13:06:16> DEBUG [org.apache.http.wire] http-outgoing-8 << "Cache-Control: no-cache[\r][\n]"
<2017-09-26 13:06:16> DEBUG [org.apache.http.wire] http-outgoing-8 << "Expires: Thu, 01 Jan 1970 00:00:00 GMT[\r][\n]"
<2017-09-26 13:06:16> DEBUG [org.apache.http.wire] http-outgoing-8 << "Set-Cookie: fast_failed=true[\r][\n]"
<2017-09-26 13:06:16> DEBUG [org.apache.http.wire] http-outgoing-8 << "X-XSS-Protection: 2; mode=block[\r][\n]"
<2017-09-26 13:06:16> DEBUG [org.apache.http.wire] http-outgoing-8 << "Content-Encoding: gzip[\r][\n]"
<2017-09-26 13:06:16> DEBUG [org.apache.http.wire] http-outgoing-8 << "[\r][\n]"
<2017-09-26 13:06:16> DEBUG [org.apache.http.wire] http-outgoing-8 << "a2[\r][\n]"
<2017-09-26 13:06:16> DEBUG [org.apache.http.wire] http-outgoing-8 << "[0x1f][0x8b][0x8][0x0][0x0][0x0][0x0][0x0][0x0][0x3]-[0x8d]A[0xe][0x82]0[0x10]E[0xef]2k[0xda][0xd0]NE[0xcb][0xd6][0xb0]0Q[0x17][0xc6][0xb][0xd4]2([0x9][0xb4][0xc8]P7[0x84][0xbb][[0x13][0xb7]/[0xef][0xfd][0xbf][0x2][0x13]s[0x1f][0xc3][0xa9][0x85][0x1a][0xb4][0xc6]Nce[0x84][0xc7][\n]"
<2017-09-26 13:06:16> DEBUG [org.apache.http.wire] http-outgoing-8 << "[0x85][0xe9][0xd4]C[0xd8][0xce][0xa1][0xf0];[0x8b][0xf6][0xa0]ZT[0xde]@[0x1][0xbc][0xb8][0x85][0xb2][0xce][0xc9][0xfb]\g[0xf2]:[0xc6]6[0x13]Uikl[0xb9]GU[0xc0][0xc7][\r])[0xa3][0x15][0x9a]ssi[0xae][0xf7][0xdf]<l[0x5][0xf8][0xc1][0xe5][0xa4][0x86]8?e[0x9c]([0xbc][0x9d]d[0x1a]([0xf4]i[0x94]3[0x8d]q!y#[0x9e]b`[0xfa]_[0xa5][0xac][0x97][0xdb][0x17][0xca][0x2][0x8b][0xef][0xaa][0x0][0x0][0x0][\r][\n]"
<2017-09-26 13:06:16> DEBUG [org.apache.http.wire] http-outgoing-8 << "0[\r][\n]"
<2017-09-26 13:06:16> DEBUG [org.apache.http.wire] http-outgoing-8 << "[\r][\n]"
<2017-09-26 13:06:16> DEBUG [org.apache.http.headers] http-outgoing-8 << HTTP/1.1 200 OK
<2017-09-26 13:06:16> DEBUG [org.apache.http.headers] http-outgoing-8 << Server: nginx
<2017-09-26 13:06:16> DEBUG [org.apache.http.headers] http-outgoing-8 << Date: Tue, 26 Sep 2017 10:06:12 GMT
<2017-09-26 13:06:16> DEBUG [org.apache.http.headers] http-outgoing-8 << Content-Type: application/json;charset=utf-8
<2017-09-26 13:06:16> DEBUG [org.apache.http.headers] http-outgoing-8 << Transfer-Encoding: chunked
<2017-09-26 13:06:16> DEBUG [org.apache.http.headers] http-outgoing-8 << Connection: keep-alive
<2017-09-26 13:06:16> DEBUG [org.apache.http.headers] http-outgoing-8 << Set-Cookie: JSESSIONID=F6E28E4994D1584E597DBDFCCCB1737E; Path=/nexperience/; HttpOnly
<2017-09-26 13:06:16> DEBUG [org.apache.http.headers] http-outgoing-8 << Expires: Thu, 01 Jan 1970 00:00:00 GMT
<2017-09-26 13:06:16> DEBUG [org.apache.http.headers] http-outgoing-8 << Cache-Control: no-cache
<2017-09-26 13:06:16> DEBUG [org.apache.http.headers] http-outgoing-8 << Cache-Control: no-cache
<2017-09-26 13:06:16> DEBUG [org.apache.http.headers] http-outgoing-8 << Expires: Thu, 01 Jan 1970 00:00:00 GMT
<2017-09-26 13:06:16> DEBUG [org.apache.http.headers] http-outgoing-8 << Set-Cookie: fast_failed=true
<2017-09-26 13:06:16> DEBUG [org.apache.http.headers] http-outgoing-8 << X-XSS-Protection: 2; mode=block
<2017-09-26 13:06:16> DEBUG [org.apache.http.headers] http-outgoing-8 << Content-Encoding: gzip
<2017-09-26 13:06:16> DEBUG [o.a.h.i.execchain.MainClientExec] Connection can be kept alive indefinitely
<2017-09-26 13:06:16> DEBUG [o.a.h.c.p.ResponseProcessCookies] Cookie accepted [JSESSIONID="F6E28E4994D1584E597DBDFCCCB1737E", version:0, domain:branchtest.perfectomobile.com, path:/nexperience/, expiry:null]
<2017-09-26 13:06:16> DEBUG [o.a.h.c.p.ResponseProcessCookies] Cookie accepted [fast_failed="true", version:0, domain:branchtest.perfectomobile.com, path:/nexperience/perfectomobile/wd/hub/session/223f2364-c363-4f1b-9fa3-c593981d31c4, expiry:null]
<2017-09-26 13:06:16> DEBUG [o.a.h.i.c.PoolingHttpClientConnectionManager] Connection [id: 8][route: {s}->https://branchtest.perfectomobile.com:443] can be kept alive indefinitely
<2017-09-26 13:06:16> DEBUG [o.a.h.i.c.PoolingHttpClientConnectionManager] Connection released: [id: 8][route: {s}->https://branchtest.perfectomobile.com:443][total kept alive: 1; route allocated: 3 of 2000; total allocated: 3 of 2000]
<2017-09-26 13:06:16> DEBUG [o.a.h.c.p.RequestAddCookies] CookieSpec selected: default
<2017-09-26 13:06:16> DEBUG [o.a.h.c.p.RequestAddCookies] Cookie [version: 0][name: JSESSIONID][value: F6E28E4994D1584E597DBDFCCCB1737E][domain: branchtest.perfectomobile.com][path: /nexperience/][expiry: null] match [(secure)branchtest.perfectomobile.com:443/nexperience/perfectomobile/wd/hub/session/223f2364-c363-4f1b-9fa3-c593981d31c4/element/2/value]
<2017-09-26 13:06:16> DEBUG [o.a.h.c.p.RequestAddCookies] Cookie [version: 0][name: fast_failed][value: true][domain: branchtest.perfectomobile.com][path: /nexperience/perfectomobile/wd/hub][expiry: null] match [(secure)branchtest.perfectomobile.com:443/nexperience/perfectomobile/wd/hub/session/223f2364-c363-4f1b-9fa3-c593981d31c4/element/2/value]
<2017-09-26 13:06:16> DEBUG [o.a.h.c.p.RequestAddCookies] Cookie [version: 0][name: fast_failed][value: true][domain: branchtest.perfectomobile.com][path: /nexperience/perfectomobile/wd/hub/session][expiry: null] match [(secure)branchtest.perfectomobile.com:443/nexperience/perfectomobile/wd/hub/session/223f2364-c363-4f1b-9fa3-c593981d31c4/element/2/value]
<2017-09-26 13:06:16> DEBUG [o.a.h.c.p.RequestAddCookies] Cookie [version: 0][name: fast_failed][value: true][domain: branchtest.perfectomobile.com][path: /nexperience/perfectomobile/wd/hub/session/223f2364-c363-4f1b-9fa3-c593981d31c4][expiry: null] match [(secure)branchtest.perfectomobile.com:443/nexperience/perfectomobile/wd/hub/session/223f2364-c363-4f1b-9fa3-c593981d31c4/element/2/value]
<2017-09-26 13:06:16> DEBUG [o.a.h.c.p.RequestAuthCache] Auth cache not set in the context
<2017-09-26 13:06:16> DEBUG [o.a.h.i.c.PoolingHttpClientConnectionManager] Connection request: [route: {s}->https://branchtest.perfectomobile.com:443][total kept alive: 1; route allocated: 3 of 2000; total allocated: 3 of 2000]
<2017-09-26 13:06:16> DEBUG [o.a.h.i.c.PoolingHttpClientConnectionManager] Connection leased: [id: 8][route: {s}->https://branchtest.perfectomobile.com:443][total kept alive: 0; route allocated: 3 of 2000; total allocated: 3 of 2000]
<2017-09-26 13:06:16> DEBUG [o.a.h.i.execchain.MainClientExec] Stale connection check
<2017-09-26 13:06:16> DEBUG [org.apache.http.wire] http-outgoing-8 << "[read] I/O error: Read timed out"
<2017-09-26 13:06:16> DEBUG [o.a.h.i.c.DefaultManagedHttpClientConnection] http-outgoing-8: set socket timeout to 10800000
<2017-09-26 13:06:16> DEBUG [o.a.h.i.execchain.MainClientExec] Executing request POST /nexperience/perfectomobile/wd/hub/session/223f2364-c363-4f1b-9fa3-c593981d31c4/element/2/value HTTP/1.1
<2017-09-26 13:06:16> DEBUG [o.a.h.i.execchain.MainClientExec] Target auth state: UNCHALLENGED
<2017-09-26 13:06:16> DEBUG [o.a.h.i.execchain.MainClientExec] Proxy auth state: UNCHALLENGED
<2017-09-26 13:06:16> DEBUG [org.apache.http.headers] http-outgoing-8 >> POST /nexperience/perfectomobile/wd/hub/session/223f2364-c363-4f1b-9fa3-c593981d31c4/element/2/value HTTP/1.1
<2017-09-26 13:06:16> DEBUG [org.apache.http.headers] http-outgoing-8 >> Content-Type: application/json; charset=utf-8
<2017-09-26 13:06:16> DEBUG [org.apache.http.headers] http-outgoing-8 >> Content-Length: 29
<2017-09-26 13:06:16> DEBUG [org.apache.http.headers] http-outgoing-8 >> Host: branchtest.perfectomobile.com
<2017-09-26 13:06:16> DEBUG [org.apache.http.headers] http-outgoing-8 >> Connection: Keep-Alive
<2017-09-26 13:06:16> DEBUG [org.apache.http.headers] http-outgoing-8 >> User-Agent: Apache-HttpClient/4.5.2 (Java/1.8.0_121)
<2017-09-26 13:06:16> DEBUG [org.apache.http.headers] http-outgoing-8 >> Cookie: JSESSIONID=F6E28E4994D1584E597DBDFCCCB1737E; fast_failed=true; fast_failed=true; fast_failed=true
<2017-09-26 13:06:16> DEBUG [org.apache.http.headers] http-outgoing-8 >> Accept-Encoding: gzip,deflate
<2017-09-26 13:06:16> DEBUG [org.apache.http.wire] http-outgoing-8 >> "POST /nexperience/perfectomobile/wd/hub/session/223f2364-c363-4f1b-9fa3-c593981d31c4/element/2/value HTTP/1.1[\r][\n]"
<2017-09-26 13:06:16> DEBUG [org.apache.http.wire] http-outgoing-8 >> "Content-Type: application/json; charset=utf-8[\r][\n]"
<2017-09-26 13:06:16> DEBUG [org.apache.http.wire] http-outgoing-8 >> "Content-Length: 29[\r][\n]"
<2017-09-26 13:06:16> DEBUG [org.apache.http.wire] http-outgoing-8 >> "Host: branchtest.perfectomobile.com[\r][\n]"
<2017-09-26 13:06:16> DEBUG [org.apache.http.wire] http-outgoing-8 >> "Connection: Keep-Alive[\r][\n]"
<2017-09-26 13:06:16> DEBUG [org.apache.http.wire] http-outgoing-8 >> "User-Agent: Apache-HttpClient/4.5.2 (Java/1.8.0_121)[\r][\n]"
<2017-09-26 13:06:16> DEBUG [org.apache.http.wire] http-outgoing-8 >> "Cookie: JSESSIONID=F6E28E4994D1584E597DBDFCCCB1737E; fast_failed=true; fast_failed=true; fast_failed=true[\r][\n]"
<2017-09-26 13:06:16> DEBUG [org.apache.http.wire] http-outgoing-8 >> "Accept-Encoding: gzip,deflate[\r][\n]"
<2017-09-26 13:06:16> DEBUG [org.apache.http.wire] http-outgoing-8 >> "[\r][\n]"
<2017-09-26 13:06:16> DEBUG [org.apache.http.wire] http-outgoing-8 >> "{"id":"2","value":["123456"]}"
<2017-09-26 13:06:16> DEBUG [org.apache.http.wire] http-outgoing-5 << "HTTP/1.1 200 OK[\r][\n]"
<2017-09-26 13:06:16> DEBUG [org.apache.http.wire] http-outgoing-5 << "Server: nginx[\r][\n]"
<2017-09-26 13:06:16> DEBUG [org.apache.http.wire] http-outgoing-5 << "Date: Tue, 26 Sep 2017 10:06:12 GMT[\r][\n]"
<2017-09-26 13:06:16> DEBUG [org.apache.http.wire] http-outgoing-5 << "Content-Type: application/json;charset=utf-8[\r][\n]"
<2017-09-26 13:06:16> DEBUG [org.apache.http.wire] http-outgoing-5 << "Transfer-Encoding: chunked[\r][\n]"
<2017-09-26 13:06:16> DEBUG [org.apache.http.wire] http-outgoing-5 << "Connection: keep-alive[\r][\n]"
<2017-09-26 13:06:16> DEBUG [org.apache.http.wire] http-outgoing-5 << "Set-Cookie: JSESSIONID=F6E28E4994D1584E597DBDFCCCB1737E; Path=/nexperience/; HttpOnly[\r][\n]"
<2017-09-26 13:06:16> DEBUG [org.apache.http.wire] http-outgoing-5 << "Expires: Thu, 01 Jan 1970 00:00:00 GMT[\r][\n]"
<2017-09-26 13:06:16> DEBUG [org.apache.http.wire] http-outgoing-5 << "Cache-Control: no-cache[\r][\n]"
<2017-09-26 13:06:16> DEBUG [org.apache.http.wire] http-outgoing-5 << "Cache-Control: no-cache[\r][\n]"
<2017-09-26 13:06:16> DEBUG [org.apache.http.wire] http-outgoing-5 << "Expires: Thu, 01 Jan 1970 00:00:00 GMT[\r][\n]"
<2017-09-26 13:06:16> DEBUG [org.apache.http.wire] http-outgoing-5 << "Set-Cookie: fast_failed=true[\r][\n]"
<2017-09-26 13:06:16> DEBUG [org.apache.http.wire] http-outgoing-5 << "X-XSS-Protection: 2; mode=block[\r][\n]"
<2017-09-26 13:06:16> DEBUG [org.apache.http.wire] http-outgoing-5 << "Content-Encoding: gzip[\r][\n]"
<2017-09-26 13:06:16> DEBUG [org.apache.http.wire] http-outgoing-5 << "[\r][\n]"
<2017-09-26 13:06:16> DEBUG [org.apache.http.wire] http-outgoing-5 << "95[\r][\n]"
<2017-09-26 13:06:16> DEBUG [org.apache.http.wire] http-outgoing-5 << "[0x1f][0x8b][0x8][0x0][0x0][0x0][0x0][0x0][0x0][0x3]-[0x8c]1[0xe][0xc2]0[0xc]E[0xef][0xe2][0xb9][0x8d][0x92][0x10][0x11][0xe8][0xca][0xc4][0xca][\r]\[0xc7][0x85]Ji[0xd2][0xd6][\r][0xb][0xe2][0xee]x`[0xfc]O[0xef][0xfd][0xf][0x8][0x8b][0xcc][0xb5][0xdc][0x13][0xc]@8[0x92][0xb3].[0xf6]W[0xcf][0xb6][0xf]<R]]>&#x7f;<![CDATA[I:[0xa7]iJ[0xe8]([0xb8][0x13][0x9e][0xa1][0x3]9[0xf0]`[0xd5][0xa5][0x11]i[0xad][0xe4]u[0xab]I[0x89][0xb7][0xd1][0x87][0xe8]c[0x88][0x1d][0xbc]17E[0xa5][0xe5][0xdc][0x1]eTo[0x80][0xba]?M][0xb9]lh[0x84]3[0x97][0xb9]-f[0xe7][0xa5][0x1e]l[0x1e],k-[0xc2][0xff][0xff][0xa6][0xba][0xfd][0xfe][0x0]/[0x17][0xce]j[0x9f][0x0][0x0][0x0][\r][\n]"
<2017-09-26 13:06:16> DEBUG [org.apache.http.wire] http-outgoing-5 << "0[\r][\n]"
<2017-09-26 13:06:16> DEBUG [org.apache.http.wire] http-outgoing-5 << "[\r][\n]"
<2017-09-26 13:06:16> DEBUG [org.apache.http.headers] http-outgoing-5 << HTTP/1.1 200 OK
<2017-09-26 13:06:16> DEBUG [org.apache.http.headers] http-outgoing-5 << Server: nginx
<2017-09-26 13:06:16> DEBUG [org.apache.http.headers] http-outgoing-5 << Date: Tue, 26 Sep 2017 10:06:12 GMT
<2017-09-26 13:06:16> DEBUG [org.apache.http.headers] http-outgoing-5 << Content-Type: application/json;charset=utf-8
<2017-09-26 13:06:16> DEBUG [org.apache.http.headers] http-outgoing-5 << Transfer-Encoding: chunked
<2017-09-26 13:06:16> DEBUG [org.apache.http.headers] http-outgoing-5 << Connection: keep-alive
<2017-09-26 13:06:16> DEBUG [org.apache.http.headers] http-outgoing-5 << Set-Cookie: JSESSIONID=F6E28E4994D1584E597DBDFCCCB1737E; Path=/nexperience/; HttpOnly
<2017-09-26 13:06:16> DEBUG [org.apache.http.headers] http-outgoing-5 << Expires: Thu, 01 Jan 1970 00:00:00 GMT
<2017-09-26 13:06:16> DEBUG [org.apache.http.headers] http-outgoing-5 << Cache-Control: no-cache
<2017-09-26 13:06:16> DEBUG [org.apache.http.headers] http-outgoing-5 << Cache-Control: no-cache
<2017-09-26 13:06:16> DEBUG [org.apache.http.headers] http-outgoing-5 << Expires: Thu, 01 Jan 1970 00:00:00 GMT
<2017-09-26 13:06:16> DEBUG [org.apache.http.headers] http-outgoing-5 << Set-Cookie: fast_failed=true
<2017-09-26 13:06:16> DEBUG [org.apache.http.headers] http-outgoing-5 << X-XSS-Protection: 2; mode=block
<2017-09-26 13:06:16> DEBUG [org.apache.http.headers] http-outgoing-5 << Content-Encoding: gzip
<2017-09-26 13:06:16> DEBUG [o.a.h.i.execchain.MainClientExec] Connection can be kept alive indefinitely
<2017-09-26 13:06:16> DEBUG [o.a.h.c.p.ResponseProcessCookies] Cookie accepted [JSESSIONID="F6E28E4994D1584E597DBDFCCCB1737E", version:0, domain:branchtest.perfectomobile.com, path:/nexperience/, expiry:null]
<2017-09-26 13:06:16> DEBUG [o.a.h.c.p.ResponseProcessCookies] Cookie accepted [fast_failed="true", version:0, domain:branchtest.perfectomobile.com, path:/nexperience/perfectomobile/wd/hub/session/cabc1017-92e0-4ebc-8d17-fffda1c413a6/element/2, expiry:null]
<2017-09-26 13:06:16> DEBUG [o.a.h.i.c.PoolingHttpClientConnectionManager] Connection [id: 5][route: {s}->https://branchtest.perfectomobile.com:443] can be kept alive indefinitely
<2017-09-26 13:06:16> DEBUG [o.a.h.i.c.PoolingHttpClientConnectionManager] Connection released: [id: 5][route: {s}->https://branchtest.perfectomobile.com:443][total kept alive: 1; route allocated: 3 of 2000; total allocated: 3 of 2000]
<2017-09-26 13:06:17> DEBUG [org.apache.http.wire] http-outgoing-8 << "HTTP/1.1 200 OK[\r][\n]"
<2017-09-26 13:06:17> DEBUG [org.apache.http.wire] http-outgoing-8 << "Server: nginx[\r][\n]"
<2017-09-26 13:06:17> DEBUG [org.apache.http.wire] http-outgoing-8 << "Date: Tue, 26 Sep 2017 10:06:13 GMT[\r][\n]"
<2017-09-26 13:06:17> DEBUG [org.apache.http.wire] http-outgoing-8 << "Content-Type: application/json;charset=utf-8[\r][\n]"
<2017-09-26 13:06:17> DEBUG [org.apache.http.wire] http-outgoing-8 << "Transfer-Encoding: chunked[\r][\n]"
<2017-09-26 13:06:17> DEBUG [org.apache.http.wire] http-outgoing-8 << "Connection: keep-alive[\r][\n]"
<2017-09-26 13:06:17> DEBUG [org.apache.http.wire] http-outgoing-8 << "Set-Cookie: JSESSIONID=F6E28E4994D1584E597DBDFCCCB1737E; Path=/nexperience/; HttpOnly[\r][\n]"
<2017-09-26 13:06:17> DEBUG [org.apache.http.wire] http-outgoing-8 << "Expires: Thu, 01 Jan 1970 00:00:00 GMT[\r][\n]"
<2017-09-26 13:06:17> DEBUG [org.apache.http.wire] http-outgoing-8 << "Cache-Control: no-cache[\r][\n]"
<2017-09-26 13:06:17> DEBUG [org.apache.http.wire] http-outgoing-8 << "Cache-Control: no-cache[\r][\n]"
<2017-09-26 13:06:17> DEBUG [org.apache.http.wire] http-outgoing-8 << "Expires: Thu, 01 Jan 1970 00:00:00 GMT[\r][\n]"
<2017-09-26 13:06:17> DEBUG [org.apache.http.wire] http-outgoing-8 << "Set-Cookie: fast_failed=true[\r][\n]"
<2017-09-26 13:06:17> DEBUG [org.apache.http.wire] http-outgoing-8 << "X-XSS-Protection: 2; mode=block[\r][\n]"
<2017-09-26 13:06:17> DEBUG [org.apache.http.wire] http-outgoing-8 << "Content-Encoding: gzip[\r][\n]"
<2017-09-26 13:06:17> DEBUG [org.apache.http.wire] http-outgoing-8 << "[\r][\n]"
<2017-09-26 13:06:17> DEBUG [org.apache.http.wire] http-outgoing-8 << "96[\r][\n]"
<2017-09-26 13:06:17> DEBUG [org.apache.http.wire] http-outgoing-8 << "[0x1f][0x8b][0x8][0x0][0x0][0x0][0x0][0x0][0x0][0x3]-[0xcc]1[0x12][0xc2] [0x10][0x85][0xe1][0xbb]l[\r][0xc]d1#i[0xad]l[0xbd][0x1][0x92][0x8d]f[0x86]@[0xcc][0x82][0x8d][0xe3][0xdd][0xdd][0xc2][0xf6][0x9f][0xef][0xbd][0xf]01[0xaf][0xb5]\g[0x98]`[0x18]p[0x19]p[0xf4]:[0xe1][0x88][0xda]/[0xee][0xae][0xc3][0x12]Q[0xa7]S[0xc0]pv3[0xba][0xe4]A[0x1][0xb7][0xd8]H8[0xf7][0x94]d-[0xe5]y[0xa9][0xb3][0x14]7:[0xeb][0x83]G[0xb4][\n]"
<2017-09-26 13:06:17> DEBUG [org.apache.http.wire] http-outgoing-8 << "[0xde]1wI[0xa5][0xe7][0xac] [0xe5](n[0x82]z<L[0xdd][0xa9][0xbc][0xa2]a[0xca]T[0xd6][0xbe][0x99][0x83][0xb6][0xda][0xc8][0xdc][0x88][0xf7]Z[0x98][0xfe][0xff]][0xb8][0xfd][0xfe][0x0]|[0xe2][0x89] [0x9f][0x0][0x0][0x0][\r][\n]"
<2017-09-26 13:06:17> DEBUG [org.apache.http.wire] http-outgoing-8 << "0[\r][\n]"
<2017-09-26 13:06:17> DEBUG [org.apache.http.wire] http-outgoing-8 << "[\r][\n]"
<2017-09-26 13:06:17> DEBUG [org.apache.http.headers] http-outgoing-8 << HTTP/1.1 200 OK
<2017-09-26 13:06:17> DEBUG [org.apache.http.headers] http-outgoing-8 << Server: nginx
<2017-09-26 13:06:17> DEBUG [org.apache.http.headers] http-outgoing-8 << Date: Tue, 26 Sep 2017 10:06:13 GMT
<2017-09-26 13:06:17> DEBUG [org.apache.http.headers] http-outgoing-8 << Content-Type: application/json;charset=utf-8
<2017-09-26 13:06:17> DEBUG [org.apache.http.headers] http-outgoing-8 << Transfer-Encoding: chunked
<2017-09-26 13:06:17> DEBUG [org.apache.http.headers] http-outgoing-8 << Connection: keep-alive
<2017-09-26 13:06:17> DEBUG [org.apache.http.headers] http-outgoing-8 << Set-Cookie: JSESSIONID=F6E28E4994D1584E597DBDFCCCB1737E; Path=/nexperience/; HttpOnly
<2017-09-26 13:06:17> DEBUG [org.apache.http.headers] http-outgoing-8 << Expires: Thu, 01 Jan 1970 00:00:00 GMT
<2017-09-26 13:06:17> DEBUG [org.apache.http.headers] http-outgoing-8 << Cache-Control: no-cache
<2017-09-26 13:06:17> DEBUG [org.apache.http.headers] http-outgoing-8 << Cache-Control: no-cache
<2017-09-26 13:06:17> DEBUG [org.apache.http.headers] http-outgoing-8 << Expires: Thu, 01 Jan 1970 00:00:00 GMT
<2017-09-26 13:06:17> DEBUG [org.apache.http.headers] http-outgoing-8 << Set-Cookie: fast_failed=true
<2017-09-26 13:06:17> DEBUG [org.apache.http.headers] http-outgoing-8 << X-XSS-Protection: 2; mode=block
<2017-09-26 13:06:17> DEBUG [org.apache.http.headers] http-outgoing-8 << Content-Encoding: gzip
<2017-09-26 13:06:17> DEBUG [o.a.h.i.execchain.MainClientExec] Connection can be kept alive indefinitely
<2017-09-26 13:06:17> DEBUG [o.a.h.c.p.ResponseProcessCookies] Cookie accepted [JSESSIONID="F6E28E4994D1584E597DBDFCCCB1737E", version:0, domain:branchtest.perfectomobile.com, path:/nexperience/, expiry:null]
<2017-09-26 13:06:17> DEBUG [o.a.h.c.p.ResponseProcessCookies] Cookie accepted [fast_failed="true", version:0, domain:branchtest.perfectomobile.com, path:/nexperience/perfectomobile/wd/hub/session/223f2364-c363-4f1b-9fa3-c593981d31c4/element/2, expiry:null]
<2017-09-26 13:06:17> DEBUG [o.a.h.i.c.PoolingHttpClientConnectionManager] Connection [id: 8][route: {s}->https://branchtest.perfectomobile.com:443] can be kept alive indefinitely
<2017-09-26 13:06:17> DEBUG [o.a.h.i.c.PoolingHttpClientConnectionManager] Connection released: [id: 8][route: {s}->https://branchtest.perfectomobile.com:443][total kept alive: 2; route allocated: 3 of 2000; total allocated: 3 of 2000]
<2017-09-26 13:06:26> DEBUG [o.a.h.c.p.RequestAddCookies] CookieSpec selected: default
<2017-09-26 13:06:26> DEBUG [o.a.h.c.p.RequestAddCookies] Cookie [version: 0][name: JSESSIONID][value: F6E28E4994D1584E597DBDFCCCB1737E][domain: branchtest.perfectomobile.com][path: /nexperience/][expiry: null] match [(secure)branchtest.perfectomobile.com:443/nexperience/perfectomobile/wd/hub/session/cabc1017-92e0-4ebc-8d17-fffda1c413a6/execute]
<2017-09-26 13:06:26> DEBUG [o.a.h.c.p.RequestAddCookies] Cookie [version: 0][name: fast_failed][value: true][domain: branchtest.perfectomobile.com][path: /nexperience/perfectomobile/wd/hub][expiry: null] match [(secure)branchtest.perfectomobile.com:443/nexperience/perfectomobile/wd/hub/session/cabc1017-92e0-4ebc-8d17-fffda1c413a6/execute]
<2017-09-26 13:06:26> DEBUG [o.a.h.c.p.RequestAddCookies] Cookie [version: 0][name: fast_failed][value: true][domain: branchtest.perfectomobile.com][path: /nexperience/perfectomobile/wd/hub/session][expiry: null] match [(secure)branchtest.perfectomobile.com:443/nexperience/perfectomobile/wd/hub/session/cabc1017-92e0-4ebc-8d17-fffda1c413a6/execute]
<2017-09-26 13:06:26> DEBUG [o.a.h.c.p.RequestAddCookies] Cookie [version: 0][name: fast_failed][value: true][domain: branchtest.perfectomobile.com][path: /nexperience/perfectomobile/wd/hub/session/cabc1017-92e0-4ebc-8d17-fffda1c413a6][expiry: null] match [(secure)branchtest.perfectomobile.com:443/nexperience/perfectomobile/wd/hub/session/cabc1017-92e0-4ebc-8d17-fffda1c413a6/execute]
<2017-09-26 13:06:26> DEBUG [o.a.h.c.p.RequestAuthCache] Auth cache not set in the context
<2017-09-26 13:06:26> DEBUG [o.a.h.i.c.PoolingHttpClientConnectionManager] Connection request: [route: {s}->https://branchtest.perfectomobile.com:443][total kept alive: 2; route allocated: 3 of 2000; total allocated: 3 of 2000]
<2017-09-26 13:06:26> DEBUG [org.apache.http.wire] http-outgoing-8 << "[read] I/O error: Read timed out"
<2017-09-26 13:06:26> DEBUG [o.a.h.i.c.PoolingHttpClientConnectionManager] Connection leased: [id: 8][route: {s}->https://branchtest.perfectomobile.com:443][total kept alive: 1; route allocated: 3 of 2000; total allocated: 3 of 2000]
<2017-09-26 13:06:26> DEBUG [o.a.h.i.execchain.MainClientExec] Stale connection check
<2017-09-26 13:06:26> DEBUG [org.apache.http.wire] http-outgoing-8 << "[read] I/O error: Read timed out"
<2017-09-26 13:06:26> DEBUG [o.a.h.i.c.DefaultManagedHttpClientConnection] http-outgoing-8: set socket timeout to 10800000
<2017-09-26 13:06:26> DEBUG [o.a.h.i.execchain.MainClientExec] Executing request POST /nexperience/perfectomobile/wd/hub/session/cabc1017-92e0-4ebc-8d17-fffda1c413a6/execute HTTP/1.1
<2017-09-26 13:06:26> DEBUG [o.a.h.i.execchain.MainClientExec] Target auth state: UNCHALLENGED
<2017-09-26 13:06:26> DEBUG [o.a.h.i.execchain.MainClientExec] Proxy auth state: UNCHALLENGED
<2017-09-26 13:06:26> DEBUG [org.apache.http.headers] http-outgoing-8 >> POST /nexperience/perfectomobile/wd/hub/session/cabc1017-92e0-4ebc-8d17-fffda1c413a6/execute HTTP/1.1
<2017-09-26 13:06:26> DEBUG [org.apache.http.headers] http-outgoing-8 >> Content-Type: application/json; charset=utf-8
<2017-09-26 13:06:26> DEBUG [org.apache.http.headers] http-outgoing-8 >> Content-Length: 97
<2017-09-26 13:06:26> DEBUG [org.apache.http.headers] http-outgoing-8 >> Host: branchtest.perfectomobile.com
<2017-09-26 13:06:26> DEBUG [org.apache.http.headers] http-outgoing-8 >> Connection: Keep-Alive
<2017-09-26 13:06:26> DEBUG [org.apache.http.headers] http-outgoing-8 >> User-Agent: Apache-HttpClient/4.5.2 (Java/1.8.0_121)
<2017-09-26 13:06:26> DEBUG [org.apache.http.headers] http-outgoing-8 >> Cookie: JSESSIONID=F6E28E4994D1584E597DBDFCCCB1737E; fast_failed=true; fast_failed=true; fast_failed=true
<2017-09-26 13:06:26> DEBUG [org.apache.http.headers] http-outgoing-8 >> Accept-Encoding: gzip,deflate
<2017-09-26 13:06:26> DEBUG [org.apache.http.wire] http-outgoing-8 >> "POST /nexperience/perfectomobile/wd/hub/session/cabc1017-92e0-4ebc-8d17-fffda1c413a6/execute HTTP/1.1[\r][\n]"
<2017-09-26 13:06:26> DEBUG [org.apache.http.wire] http-outgoing-8 >> "Content-Type: application/json; charset=utf-8[\r][\n]"
<2017-09-26 13:06:26> DEBUG [org.apache.http.wire] http-outgoing-8 >> "Content-Length: 97[\r][\n]"
<2017-09-26 13:06:26> DEBUG [org.apache.http.wire] http-outgoing-8 >> "Host: branchtest.perfectomobile.com[\r][\n]"
<2017-09-26 13:06:26> DEBUG [org.apache.http.wire] http-outgoing-8 >> "Connection: Keep-Alive[\r][\n]"
<2017-09-26 13:06:26> DEBUG [org.apache.http.wire] http-outgoing-8 >> "User-Agent: Apache-HttpClient/4.5.2 (Java/1.8.0_121)[\r][\n]"
<2017-09-26 13:06:26> DEBUG [org.apache.http.wire] http-outgoing-8 >> "Cookie: JSESSIONID=F6E28E4994D1584E597DBDFCCCB1737E; fast_failed=true; fast_failed=true; fast_failed=true[\r][\n]"
<2017-09-26 13:06:26> DEBUG [org.apache.http.wire] http-outgoing-8 >> "Accept-Encoding: gzip,deflate[\r][\n]"
<2017-09-26 13:06:26> DEBUG [org.apache.http.wire] http-outgoing-8 >> "[\r][\n]"
<2017-09-26 13:06:26> DEBUG [org.apache.http.wire] http-outgoing-8 >> "{"script":"mobile:text:select","args":[{"scrolling":"scroll","threshold":60,"content":"SUBMIT"}]}"
<2017-09-26 13:06:27> DEBUG [o.a.h.c.p.RequestAddCookies] CookieSpec selected: default
<2017-09-26 13:06:27> DEBUG [o.a.h.c.p.RequestAddCookies] Cookie [version: 0][name: JSESSIONID][value: F6E28E4994D1584E597DBDFCCCB1737E][domain: branchtest.perfectomobile.com][path: /nexperience/][expiry: null] match [(secure)branchtest.perfectomobile.com:443/nexperience/perfectomobile/wd/hub/session/223f2364-c363-4f1b-9fa3-c593981d31c4/execute]
<2017-09-26 13:06:27> DEBUG [o.a.h.c.p.RequestAddCookies] Cookie [version: 0][name: fast_failed][value: true][domain: branchtest.perfectomobile.com][path: /nexperience/perfectomobile/wd/hub][expiry: null] match [(secure)branchtest.perfectomobile.com:443/nexperience/perfectomobile/wd/hub/session/223f2364-c363-4f1b-9fa3-c593981d31c4/execute]
<2017-09-26 13:06:27> DEBUG [o.a.h.c.p.RequestAddCookies] Cookie [version: 0][name: fast_failed][value: true][domain: branchtest.perfectomobile.com][path: /nexperience/perfectomobile/wd/hub/session][expiry: null] match [(secure)branchtest.perfectomobile.com:443/nexperience/perfectomobile/wd/hub/session/223f2364-c363-4f1b-9fa3-c593981d31c4/execute]
<2017-09-26 13:06:27> DEBUG [o.a.h.c.p.RequestAddCookies] Cookie [version: 0][name: fast_failed][value: true][domain: branchtest.perfectomobile.com][path: /nexperience/perfectomobile/wd/hub/session/223f2364-c363-4f1b-9fa3-c593981d31c4][expiry: null] match [(secure)branchtest.perfectomobile.com:443/nexperience/perfectomobile/wd/hub/session/223f2364-c363-4f1b-9fa3-c593981d31c4/execute]
<2017-09-26 13:06:27> DEBUG [o.a.h.c.p.RequestAuthCache] Auth cache not set in the context
<2017-09-26 13:06:27> DEBUG [o.a.h.i.c.PoolingHttpClientConnectionManager] Connection request: [route: {s}->https://branchtest.perfectomobile.com:443][total kept alive: 1; route allocated: 3 of 2000; total allocated: 3 of 2000]
<2017-09-26 13:06:27> DEBUG [org.apache.http.wire] http-outgoing-5 << "[read] I/O error: Read timed out"
<2017-09-26 13:06:27> DEBUG [o.a.h.i.c.PoolingHttpClientConnectionManager] Connection leased: [id: 5][route: {s}->https://branchtest.perfectomobile.com:443][total kept alive: 0; route allocated: 3 of 2000; total allocated: 3 of 2000]
<2017-09-26 13:06:27> DEBUG [o.a.h.i.execchain.MainClientExec] Stale connection check
<2017-09-26 13:06:27> DEBUG [org.apache.http.wire] http-outgoing-5 << "[read] I/O error: Read timed out"
<2017-09-26 13:06:27> DEBUG [o.a.h.i.c.DefaultManagedHttpClientConnection] http-outgoing-5: set socket timeout to 10800000
<2017-09-26 13:06:27> DEBUG [o.a.h.i.execchain.MainClientExec] Executing request POST /nexperience/perfectomobile/wd/hub/session/223f2364-c363-4f1b-9fa3-c593981d31c4/execute HTTP/1.1
<2017-09-26 13:06:27> DEBUG [o.a.h.i.execchain.MainClientExec] Target auth state: UNCHALLENGED
<2017-09-26 13:06:27> DEBUG [o.a.h.i.execchain.MainClientExec] Proxy auth state: UNCHALLENGED
<2017-09-26 13:06:27> DEBUG [org.apache.http.headers] http-outgoing-5 >> POST /nexperience/perfectomobile/wd/hub/session/223f2364-c363-4f1b-9fa3-c593981d31c4/execute HTTP/1.1
<2017-09-26 13:06:27> DEBUG [org.apache.http.headers] http-outgoing-5 >> Content-Type: application/json; charset=utf-8
<2017-09-26 13:06:27> DEBUG [org.apache.http.headers] http-outgoing-5 >> Content-Length: 97
<2017-09-26 13:06:27> DEBUG [org.apache.http.headers] http-outgoing-5 >> Host: branchtest.perfectomobile.com
<2017-09-26 13:06:27> DEBUG [org.apache.http.headers] http-outgoing-5 >> Connection: Keep-Alive
<2017-09-26 13:06:27> DEBUG [org.apache.http.headers] http-outgoing-5 >> User-Agent: Apache-HttpClient/4.5.2 (Java/1.8.0_121)
<2017-09-26 13:06:27> DEBUG [org.apache.http.headers] http-outgoing-5 >> Cookie: JSESSIONID=F6E28E4994D1584E597DBDFCCCB1737E; fast_failed=true; fast_failed=true; fast_failed=true
<2017-09-26 13:06:27> DEBUG [org.apache.http.headers] http-outgoing-5 >> Accept-Encoding: gzip,deflate
<2017-09-26 13:06:27> DEBUG [org.apache.http.wire] http-outgoing-5 >> "POST /nexperience/perfectomobile/wd/hub/session/223f2364-c363-4f1b-9fa3-c593981d31c4/execute HTTP/1.1[\r][\n]"
<2017-09-26 13:06:27> DEBUG [org.apache.http.wire] http-outgoing-5 >> "Content-Type: application/json; charset=utf-8[\r][\n]"
<2017-09-26 13:06:27> DEBUG [org.apache.http.wire] http-outgoing-5 >> "Content-Length: 97[\r][\n]"
<2017-09-26 13:06:27> DEBUG [org.apache.http.wire] http-outgoing-5 >> "Host: branchtest.perfectomobile.com[\r][\n]"
<2017-09-26 13:06:27> DEBUG [org.apache.http.wire] http-outgoing-5 >> "Connection: Keep-Alive[\r][\n]"
<2017-09-26 13:06:27> DEBUG [org.apache.http.wire] http-outgoing-5 >> "User-Agent: Apache-HttpClient/4.5.2 (Java/1.8.0_121)[\r][\n]"
<2017-09-26 13:06:27> DEBUG [org.apache.http.wire] http-outgoing-5 >> "Cookie: JSESSIONID=F6E28E4994D1584E597DBDFCCCB1737E; fast_failed=true; fast_failed=true; fast_failed=true[\r][\n]"
<2017-09-26 13:06:27> DEBUG [org.apache.http.wire] http-outgoing-5 >> "Accept-Encoding: gzip,deflate[\r][\n]"
<2017-09-26 13:06:27> DEBUG [org.apache.http.wire] http-outgoing-5 >> "[\r][\n]"
<2017-09-26 13:06:27> DEBUG [org.apache.http.wire] http-outgoing-5 >> "{"script":"mobile:text:select","args":[{"scrolling":"scroll","threshold":60,"content":"SUBMIT"}]}"
<2017-09-26 13:06:33> DEBUG [org.apache.http.wire] http-outgoing-5 << "HTTP/1.1 200 OK[\r][\n]"
<2017-09-26 13:06:33> DEBUG [org.apache.http.wire] http-outgoing-5 << "Server: nginx[\r][\n]"
<2017-09-26 13:06:33> DEBUG [org.apache.http.wire] http-outgoing-5 << "Date: Tue, 26 Sep 2017 10:06:29 GMT[\r][\n]"
<2017-09-26 13:06:33> DEBUG [org.apache.http.wire] http-outgoing-5 << "Content-Type: application/json;charset=utf-8[\r][\n]"
<2017-09-26 13:06:33> DEBUG [org.apache.http.wire] http-outgoing-5 << "Transfer-Encoding: chunked[\r][\n]"
<2017-09-26 13:06:33> DEBUG [org.apache.http.wire] http-outgoing-5 << "Connection: keep-alive[\r][\n]"
<2017-09-26 13:06:33> DEBUG [org.apache.http.wire] http-outgoing-5 << "Set-Cookie: JSESSIONID=F6E28E4994D1584E597DBDFCCCB1737E; Path=/nexperience/; HttpOnly[\r][\n]"
<2017-09-26 13:06:33> DEBUG [org.apache.http.wire] http-outgoing-5 << "Expires: Thu, 01 Jan 1970 00:00:00 GMT[\r][\n]"
<2017-09-26 13:06:33> DEBUG [org.apache.http.wire] http-outgoing-5 << "Cache-Control: no-cache[\r][\n]"
<2017-09-26 13:06:33> DEBUG [org.apache.http.wire] http-outgoing-5 << "Cache-Control: no-cache[\r][\n]"
<2017-09-26 13:06:33> DEBUG [org.apache.http.wire] http-outgoing-5 << "Expires: Thu, 01 Jan 1970 00:00:00 GMT[\r][\n]"
<2017-09-26 13:06:33> DEBUG [org.apache.http.wire] http-outgoing-5 << "Set-Cookie: fast_failed=true[\r][\n]"
<2017-09-26 13:06:33> DEBUG [org.apache.http.wire] http-outgoing-5 << "X-XSS-Protection: 2; mode=block[\r][\n]"
<2017-09-26 13:06:33> DEBUG [org.apache.http.wire] http-outgoing-5 << "Content-Encoding: gzip[\r][\n]"
<2017-09-26 13:06:33> DEBUG [org.apache.http.wire] http-outgoing-5 << "[\r][\n]"
<2017-09-26 13:06:33> DEBUG [org.apache.http.wire] http-outgoing-5 << "96[\r][\n]"
<2017-09-26 13:06:33> DEBUG [org.apache.http.wire] http-outgoing-5 << "[0x1f][0x8b][0x8][0x0][0x0][0x0][0x0][0x0][0x0][0x3]-[0xcc]1[0x12][0xc2] [0x10][0x85][0xe1][0xbb]l[\r]L[0xc8]"#i[0xad]l[0xbd][0x1][0x92][0x8d]f[0x86]@[0xcc][0x82][0x8d][0xe3][0xdd][0xdd][0xc2][0xf6][0x9f][0xef][0xbd][0xf]01[0xaf][0xb5]\g[0x98]`[0x1c]q[0x19][0xd1];[0x9d][0xd0][0xa3]v[0x8b][0xbd][0xeb][0xb0]D[0xd4][0xe9][0x14]0[0x9c][0xed][0x8c]69P[0xc0]-6[0x12][0xce]=%YKy^[0xea],[0xc5]:[0x1c][0xbc][0x1f]0x[0x5][0xef][0x98][0xbb][0xa4][0xd2]sV[0x90]r[0x14]7A=[0x1e][0xa6][0xee]T^[0xd1]0e*k[0xdf][0xcc]A[mdn[0xc4]{-L[0xff][0xff].|[0xf8][0xfe][0x0][0xea][0xb3][0x88][0x91][0x9f][0x0][0x0][0x0][\r][\n]"
<2017-09-26 13:06:33> DEBUG [org.apache.http.wire] http-outgoing-5 << "0[\r][\n]"
<2017-09-26 13:06:33> DEBUG [org.apache.http.wire] http-outgoing-5 << "[\r][\n]"
<2017-09-26 13:06:33> DEBUG [org.apache.http.headers] http-outgoing-5 << HTTP/1.1 200 OK
<2017-09-26 13:06:33> DEBUG [org.apache.http.headers] http-outgoing-5 << Server: nginx
<2017-09-26 13:06:33> DEBUG [org.apache.http.headers] http-outgoing-5 << Date: Tue, 26 Sep 2017 10:06:29 GMT
<2017-09-26 13:06:33> DEBUG [org.apache.http.headers] http-outgoing-5 << Content-Type: application/json;charset=utf-8
<2017-09-26 13:06:33> DEBUG [org.apache.http.headers] http-outgoing-5 << Transfer-Encoding: chunked
<2017-09-26 13:06:33> DEBUG [org.apache.http.headers] http-outgoing-5 << Connection: keep-alive
<2017-09-26 13:06:33> DEBUG [org.apache.http.headers] http-outgoing-5 << Set-Cookie: JSESSIONID=F6E28E4994D1584E597DBDFCCCB1737E; Path=/nexperience/; HttpOnly
<2017-09-26 13:06:33> DEBUG [org.apache.http.headers] http-outgoing-5 << Expires: Thu, 01 Jan 1970 00:00:00 GMT
<2017-09-26 13:06:33> DEBUG [org.apache.http.headers] http-outgoing-5 << Cache-Control: no-cache
<2017-09-26 13:06:33> DEBUG [org.apache.http.headers] http-outgoing-5 << Cache-Control: no-cache
<2017-09-26 13:06:33> DEBUG [org.apache.http.headers] http-outgoing-5 << Expires: Thu, 01 Jan 1970 00:00:00 GMT
<2017-09-26 13:06:33> DEBUG [org.apache.http.headers] http-outgoing-5 << Set-Cookie: fast_failed=true
<2017-09-26 13:06:33> DEBUG [org.apache.http.headers] http-outgoing-5 << X-XSS-Protection: 2; mode=block
<2017-09-26 13:06:33> DEBUG [org.apache.http.headers] http-outgoing-5 << Content-Encoding: gzip
<2017-09-26 13:06:33> DEBUG [o.a.h.i.execchain.MainClientExec] Connection can be kept alive indefinitely
<2017-09-26 13:06:33> DEBUG [o.a.h.c.p.ResponseProcessCookies] Cookie accepted [JSESSIONID="F6E28E4994D1584E597DBDFCCCB1737E", version:0, domain:branchtest.perfectomobile.com, path:/nexperience/, expiry:null]
<2017-09-26 13:06:33> DEBUG [o.a.h.c.p.ResponseProcessCookies] Cookie accepted [fast_failed="true", version:0, domain:branchtest.perfectomobile.com, path:/nexperience/perfectomobile/wd/hub/session/223f2364-c363-4f1b-9fa3-c593981d31c4, expiry:null]
<2017-09-26 13:06:33> DEBUG [o.a.h.i.c.PoolingHttpClientConnectionManager] Connection [id: 5][route: {s}->https://branchtest.perfectomobile.com:443] can be kept alive indefinitely
<2017-09-26 13:06:33> DEBUG [o.a.h.i.c.PoolingHttpClientConnectionManager] Connection released: [id: 5][route: {s}->https://branchtest.perfectomobile.com:443][total kept alive: 1; route allocated: 3 of 2000; total allocated: 3 of 2000]
<2017-09-26 13:06:35> DEBUG [org.apache.http.wire] http-outgoing-6 << "HTTP/1.1 200 OK[\r][\n]"
<2017-09-26 13:06:35> DEBUG [org.apache.http.wire] http-outgoing-6 << "Server: nginx[\r][\n]"
<2017-09-26 13:06:35> DEBUG [org.apache.http.wire] http-outgoing-6 << "Date: Tue, 26 Sep 2017 10:06:31 GMT[\r][\n]"
<2017-09-26 13:06:35> DEBUG [org.apache.http.wire] http-outgoing-6 << "Content-Type: application/json;charset=utf-8[\r][\n]"
<2017-09-26 13:06:35> DEBUG [org.apache.http.wire] http-outgoing-6 << "Transfer-Encoding: chunked[\r][\n]"
<2017-09-26 13:06:35> DEBUG [org.apache.http.wire] http-outgoing-6 << "Connection: keep-alive[\r][\n]"
<2017-09-26 13:06:35> DEBUG [org.apache.http.wire] http-outgoing-6 << "Set-Cookie: JSESSIONID=F6E28E4994D1584E597DBDFCCCB1737E; Path=/nexperience/; HttpOnly[\r][\n]"
<2017-09-26 13:06:35> DEBUG [org.apache.http.wire] http-outgoing-6 << "Expires: Thu, 01 Jan 1970 00:00:00 GMT[\r][\n]"
<2017-09-26 13:06:35> DEBUG [org.apache.http.wire] http-outgoing-6 << "Cache-Control: no-cache[\r][\n]"
<2017-09-26 13:06:35> DEBUG [org.apache.http.wire] http-outgoing-6 << "Cache-Control: no-cache[\r][\n]"
<2017-09-26 13:06:35> DEBUG [org.apache.http.wire] http-outgoing-6 << "Expires: Thu, 01 Jan 1970 00:00:00 GMT[\r][\n]"
<2017-09-26 13:06:35> DEBUG [org.apache.http.wire] http-outgoing-6 << "Set-Cookie: fast_failed=true[\r][\n]"
<2017-09-26 13:06:35> DEBUG [org.apache.http.wire] http-outgoing-6 << "X-XSS-Protection: 2; mode=block[\r][\n]"
<2017-09-26 13:06:35> DEBUG [org.apache.http.wire] http-outgoing-6 << "Content-Encoding: gzip[\r][\n]"
<2017-09-26 13:06:35> DEBUG [org.apache.http.wire] http-outgoing-6 << "[\r][\n]"
<2017-09-26 13:06:35> DEBUG [org.apache.http.wire] http-outgoing-6 << "94[\r][\n]"
<2017-09-26 13:06:35> DEBUG [org.apache.http.wire] http-outgoing-6 << "[0x1f][0x8b][0x8][0x0][0x0][0x0][0x0][0x0][0x0][0x3]-[0x8c][0xbd][0x12][0x82]0[0x10][0x6][0xdf][0xe5]j[0x92][0x1][0xc][0xbf][0xad][0x95][0xad]o[0x10][0x8e]Oe&$[0xc0][0x11][0x1b][0xc7]w[0xf7][\n]"
<2017-09-26 13:06:35> DEBUG [org.apache.http.wire] http-outgoing-6 << "[0xdb][0x9d][0xdd][0xfd][0x90]@dI[0xf1]6[0xd3]H[0xe5]45[0xcc][0xfe]a[0xba][0x19][0xce][0xb8][0xb6][0xaf][0xcd][0x80][0x96][\r]7[0xbd][0xab][0x80][0x86][[0xdf]QAr[0xfa][0x13][0xaa]Kf[0xd6]Z[0xc9][0xeb][0x9a]f%[0x95][0x1b][0xea]K[0xdd]iX[0xd0][0xdb][0x87][0xac]([0xe6][0x10][\n]"
<2017-09-26 13:06:35> DEBUG [org.apache.http.wire] http-outgoing-6 << "[0xe2][0xe0][0xd5][0x1b])[0x1d]O[0x9b]6[0xc4][0xdd][A@\[0xf2]j[0xf][0xac][0xe9][0x84][0xbd]C[0xb6][0x14][0x5][0xff]]]>&#x7f;<![CDATA[V[0xbd][0xfc][0xfe][0x0][0xae]o~[0x9d][0x9f][0x0][0x0][0x0][\r][\n]"
<2017-09-26 13:06:35> DEBUG [org.apache.http.wire] http-outgoing-6 << "0[\r][\n]"
<2017-09-26 13:06:35> DEBUG [org.apache.http.wire] http-outgoing-6 << "[\r][\n]"
<2017-09-26 13:06:35> DEBUG [org.apache.http.headers] http-outgoing-6 << HTTP/1.1 200 OK
<2017-09-26 13:06:35> DEBUG [org.apache.http.headers] http-outgoing-6 << Server: nginx
<2017-09-26 13:06:35> DEBUG [org.apache.http.headers] http-outgoing-6 << Date: Tue, 26 Sep 2017 10:06:31 GMT
<2017-09-26 13:06:35> DEBUG [org.apache.http.headers] http-outgoing-6 << Content-Type: application/json;charset=utf-8
<2017-09-26 13:06:35> DEBUG [org.apache.http.headers] http-outgoing-6 << Transfer-Encoding: chunked
<2017-09-26 13:06:35> DEBUG [org.apache.http.headers] http-outgoing-6 << Connection: keep-alive
<2017-09-26 13:06:35> DEBUG [org.apache.http.headers] http-outgoing-6 << Set-Cookie: JSESSIONID=F6E28E4994D1584E597DBDFCCCB1737E; Path=/nexperience/; HttpOnly
<2017-09-26 13:06:35> DEBUG [org.apache.http.headers] http-outgoing-6 << Expires: Thu, 01 Jan 1970 00:00:00 GMT
<2017-09-26 13:06:35> DEBUG [org.apache.http.headers] http-outgoing-6 << Cache-Control: no-cache
<2017-09-26 13:06:35> DEBUG [org.apache.http.headers] http-outgoing-6 << Cache-Control: no-cache
<2017-09-26 13:06:35> DEBUG [org.apache.http.headers] http-outgoing-6 << Expires: Thu, 01 Jan 1970 00:00:00 GMT
<2017-09-26 13:06:35> DEBUG [org.apache.http.headers] http-outgoing-6 << Set-Cookie: fast_failed=true
<2017-09-26 13:06:35> DEBUG [org.apache.http.headers] http-outgoing-6 << X-XSS-Protection: 2; mode=block
<2017-09-26 13:06:35> DEBUG [org.apache.http.headers] http-outgoing-6 << Content-Encoding: gzip
<2017-09-26 13:06:35> DEBUG [o.a.h.i.execchain.MainClientExec] Connection can be kept alive indefinitely
<2017-09-26 13:06:35> DEBUG [o.a.h.c.p.ResponseProcessCookies] Cookie accepted [JSESSIONID="F6E28E4994D1584E597DBDFCCCB1737E", version:0, domain:branchtest.perfectomobile.com, path:/nexperience/, expiry:null]
<2017-09-26 13:06:35> DEBUG [o.a.h.c.p.ResponseProcessCookies] Cookie accepted [fast_failed="true", version:0, domain:branchtest.perfectomobile.com, path:/nexperience/perfectomobile/wd/hub/session/0bb5ccaf-7de4-4682-9e6c-c5841ee5c6a7, expiry:null]
<2017-09-26 13:06:35> DEBUG [o.a.h.i.c.PoolingHttpClientConnectionManager] Connection [id: 6][route: {s}->https://branchtest.perfectomobile.com:443] can be kept alive indefinitely
<2017-09-26 13:06:35> DEBUG [o.a.h.i.c.PoolingHttpClientConnectionManager] Connection released: [id: 6][route: {s}->https://branchtest.perfectomobile.com:443][total kept alive: 2; route allocated: 3 of 2000; total allocated: 3 of 2000]
<2017-09-26 13:06:36> DEBUG [org.apache.http.wire] http-outgoing-8 << "HTTP/1.1 200 OK[\r][\n]"
<2017-09-26 13:06:36> DEBUG [org.apache.http.wire] http-outgoing-8 << "Server: nginx[\r][\n]"
<2017-09-26 13:06:36> DEBUG [org.apache.http.wire] http-outgoing-8 << "Date: Tue, 26 Sep 2017 10:06:32 GMT[\r][\n]"
<2017-09-26 13:06:36> DEBUG [org.apache.http.wire] http-outgoing-8 << "Content-Type: application/json;charset=utf-8[\r][\n]"
<2017-09-26 13:06:36> DEBUG [org.apache.http.wire] http-outgoing-8 << "Transfer-Encoding: chunked[\r][\n]"
<2017-09-26 13:06:36> DEBUG [org.apache.http.wire] http-outgoing-8 << "Connection: keep-alive[\r][\n]"
<2017-09-26 13:06:36> DEBUG [org.apache.http.wire] http-outgoing-8 << "Set-Cookie: JSESSIONID=F6E28E4994D1584E597DBDFCCCB1737E; Path=/nexperience/; HttpOnly[\r][\n]"
<2017-09-26 13:06:36> DEBUG [org.apache.http.wire] http-outgoing-8 << "Expires: Thu, 01 Jan 1970 00:00:00 GMT[\r][\n]"
<2017-09-26 13:06:36> DEBUG [org.apache.http.wire] http-outgoing-8 << "Cache-Control: no-cache[\r][\n]"
<2017-09-26 13:06:36> DEBUG [org.apache.http.wire] http-outgoing-8 << "Cache-Control: no-cache[\r][\n]"
<2017-09-26 13:06:36> DEBUG [org.apache.http.wire] http-outgoing-8 << "Expires: Thu, 01 Jan 1970 00:00:00 GMT[\r][\n]"
<2017-09-26 13:06:36> DEBUG [org.apache.http.wire] http-outgoing-8 << "Set-Cookie: fast_failed=true[\r][\n]"
<2017-09-26 13:06:36> DEBUG [org.apache.http.wire] http-outgoing-8 << "X-XSS-Protection: 2; mode=block[\r][\n]"
<2017-09-26 13:06:36> DEBUG [org.apache.http.wire] http-outgoing-8 << "Content-Encoding: gzip[\r][\n]"
<2017-09-26 13:06:36> DEBUG [org.apache.http.wire] http-outgoing-8 << "[\r][\n]"
<2017-09-26 13:06:36> DEBUG [org.apache.http.wire] http-outgoing-8 << "94[\r][\n]"
<2017-09-26 13:06:36> DEBUG [org.apache.http.wire] http-outgoing-8 << "[0x1f][0x8b][0x8][0x0][0x0][0x0][0x0][0x0][0x0][0x3]-[0x8c]1[0x12][0x82]0[0x10]E[0xef][0xb2]u[0xc8]$[0x1][0x11]i[0xad]l[0xbd][0xc1][0xb2]Y[0x94][0x99][0x90] Kl[0x1c][0xef][0xee][0x16][0x96][0xff][0xcd]{[0xff][0x3][0xc2]"K[0xc9][0xb7][0x8]#[0x10]N[0xe4][0x9d]?7[0x97][0xc0][0xae][0xe9]x[0xa2]f[0x88]:[0xe7]y[0x8e][0xe8][0xa9][0xf3]-[0xf6]`@[0xe]<Xu[0xa9]DZ+y^KT[0xd2][0xf6][0xa1][0xb][0x83];[0x5][0x3]oLUI[0xae])[0x19][0xa0][0x84][0xaa][0x8d]P[0xf6][0x87]-[0x1b][0xe7][0x17]Z[0xe1][0xc4]y[0xa9][0xab][0xdd]y-[0x7][0xdb];[0xcb]V[0xb2][0xf0][0xff][0xbe][0xaa][0xee][0xbe]?q[0xbb][0xc3]2[0x9e][0x0][0x0][0x0][\r][\n]"
<2017-09-26 13:06:36> DEBUG [org.apache.http.wire] http-outgoing-8 << "0[\r][\n]"
<2017-09-26 13:06:36> DEBUG [org.apache.http.wire] http-outgoing-8 << "[\r][\n]"
<2017-09-26 13:06:36> DEBUG [org.apache.http.headers] http-outgoing-8 << HTTP/1.1 200 OK
<2017-09-26 13:06:36> DEBUG [org.apache.http.headers] http-outgoing-8 << Server: nginx
<2017-09-26 13:06:36> DEBUG [org.apache.http.headers] http-outgoing-8 << Date: Tue, 26 Sep 2017 10:06:32 GMT
<2017-09-26 13:06:36> DEBUG [org.apache.http.headers] http-outgoing-8 << Content-Type: application/json;charset=utf-8
<2017-09-26 13:06:36> DEBUG [org.apache.http.headers] http-outgoing-8 << Transfer-Encoding: chunked
<2017-09-26 13:06:36> DEBUG [org.apache.http.headers] http-outgoing-8 << Connection: keep-alive
<2017-09-26 13:06:36> DEBUG [org.apache.http.headers] http-outgoing-8 << Set-Cookie: JSESSIONID=F6E28E4994D1584E597DBDFCCCB1737E; Path=/nexperience/; HttpOnly
<2017-09-26 13:06:36> DEBUG [org.apache.http.headers] http-outgoing-8 << Expires: Thu, 01 Jan 1970 00:00:00 GMT
<2017-09-26 13:06:36> DEBUG [org.apache.http.headers] http-outgoing-8 << Cache-Control: no-cache
<2017-09-26 13:06:36> DEBUG [org.apache.http.headers] http-outgoing-8 << Cache-Control: no-cache
<2017-09-26 13:06:36> DEBUG [org.apache.http.headers] http-outgoing-8 << Expires: Thu, 01 Jan 1970 00:00:00 GMT
<2017-09-26 13:06:36> DEBUG [org.apache.http.headers] http-outgoing-8 << Set-Cookie: fast_failed=true
<2017-09-26 13:06:36> DEBUG [org.apache.http.headers] http-outgoing-8 << X-XSS-Protection: 2; mode=block
<2017-09-26 13:06:36> DEBUG [org.apache.http.headers] http-outgoing-8 << Content-Encoding: gzip
<2017-09-26 13:06:36> DEBUG [o.a.h.i.execchain.MainClientExec] Connection can be kept alive indefinitely
<2017-09-26 13:06:36> DEBUG [o.a.h.c.p.ResponseProcessCookies] Cookie accepted [JSESSIONID="F6E28E4994D1584E597DBDFCCCB1737E", version:0, domain:branchtest.perfectomobile.com, path:/nexperience/, expiry:null]
<2017-09-26 13:06:36> DEBUG [o.a.h.c.p.ResponseProcessCookies] Cookie accepted [fast_failed="true", version:0, domain:branchtest.perfectomobile.com, path:/nexperience/perfectomobile/wd/hub/session/cabc1017-92e0-4ebc-8d17-fffda1c413a6, expiry:null]
<2017-09-26 13:06:36> DEBUG [o.a.h.i.c.PoolingHttpClientConnectionManager] Connection [id: 8][route: {s}->https://branchtest.perfectomobile.com:443] can be kept alive indefinitely
<2017-09-26 13:06:36> DEBUG [o.a.h.i.c.PoolingHttpClientConnectionManager] Connection released: [id: 8][route: {s}->https://branchtest.perfectomobile.com:443][total kept alive: 3; route allocated: 3 of 2000; total allocated: 3 of 2000]
<2017-09-26 13:06:43> DEBUG [o.a.h.c.p.RequestAddCookies] CookieSpec selected: default
<2017-09-26 13:06:43> DEBUG [o.a.h.c.p.RequestAddCookies] Cookie [version: 0][name: JSESSIONID][value: F6E28E4994D1584E597DBDFCCCB1737E][domain: branchtest.perfectomobile.com][path: /nexperience/][expiry: null] match [(secure)branchtest.perfectomobile.com:443/nexperience/perfectomobile/wd/hub/session/223f2364-c363-4f1b-9fa3-c593981d31c4/execute]
<2017-09-26 13:06:43> DEBUG [o.a.h.c.p.RequestAddCookies] Cookie [version: 0][name: fast_failed][value: true][domain: branchtest.perfectomobile.com][path: /nexperience/perfectomobile/wd/hub][expiry: null] match [(secure)branchtest.perfectomobile.com:443/nexperience/perfectomobile/wd/hub/session/223f2364-c363-4f1b-9fa3-c593981d31c4/execute]
<2017-09-26 13:06:43> DEBUG [o.a.h.c.p.RequestAddCookies] Cookie [version: 0][name: fast_failed][value: true][domain: branchtest.perfectomobile.com][path: /nexperience/perfectomobile/wd/hub/session][expiry: null] match [(secure)branchtest.perfectomobile.com:443/nexperience/perfectomobile/wd/hub/session/223f2364-c363-4f1b-9fa3-c593981d31c4/execute]
<2017-09-26 13:06:43> DEBUG [o.a.h.c.p.RequestAddCookies] Cookie [version: 0][name: fast_failed][value: true][domain: branchtest.perfectomobile.com][path: /nexperience/perfectomobile/wd/hub/session/223f2364-c363-4f1b-9fa3-c593981d31c4][expiry: null] match [(secure)branchtest.perfectomobile.com:443/nexperience/perfectomobile/wd/hub/session/223f2364-c363-4f1b-9fa3-c593981d31c4/execute]
<2017-09-26 13:06:43> DEBUG [o.a.h.c.p.RequestAuthCache] Auth cache not set in the context
<2017-09-26 13:06:43> DEBUG [o.a.h.i.c.PoolingHttpClientConnectionManager] Connection request: [route: {s}->https://branchtest.perfectomobile.com:443][total kept alive: 3; route allocated: 3 of 2000; total allocated: 3 of 2000]
<2017-09-26 13:06:43> DEBUG [org.apache.http.wire] http-outgoing-8 << "[read] I/O error: Read timed out"
<2017-09-26 13:06:43> DEBUG [o.a.h.i.c.PoolingHttpClientConnectionManager] Connection leased: [id: 8][route: {s}->https://branchtest.perfectomobile.com:443][total kept alive: 2; route allocated: 3 of 2000; total allocated: 3 of 2000]
<2017-09-26 13:06:43> DEBUG [o.a.h.i.execchain.MainClientExec] Stale connection check
<2017-09-26 13:06:43> DEBUG [org.apache.http.wire] http-outgoing-8 << "[read] I/O error: Read timed out"
<2017-09-26 13:06:43> DEBUG [o.a.h.i.c.DefaultManagedHttpClientConnection] http-outgoing-8: set socket timeout to 10800000
<2017-09-26 13:06:43> DEBUG [o.a.h.i.execchain.MainClientExec] Executing request POST /nexperience/perfectomobile/wd/hub/session/223f2364-c363-4f1b-9fa3-c593981d31c4/execute HTTP/1.1
<2017-09-26 13:06:43> DEBUG [o.a.h.i.execchain.MainClientExec] Target auth state: UNCHALLENGED
<2017-09-26 13:06:43> DEBUG [o.a.h.i.execchain.MainClientExec] Proxy auth state: UNCHALLENGED
<2017-09-26 13:06:43> DEBUG [org.apache.http.headers] http-outgoing-8 >> POST /nexperience/perfectomobile/wd/hub/session/223f2364-c363-4f1b-9fa3-c593981d31c4/execute HTTP/1.1
<2017-09-26 13:06:43> DEBUG [org.apache.http.headers] http-outgoing-8 >> Content-Type: application/json; charset=utf-8
<2017-09-26 13:06:43> DEBUG [org.apache.http.headers] http-outgoing-8 >> Content-Length: 54
<2017-09-26 13:06:43> DEBUG [org.apache.http.headers] http-outgoing-8 >> Host: branchtest.perfectomobile.com
<2017-09-26 13:06:43> DEBUG [org.apache.http.headers] http-outgoing-8 >> Connection: Keep-Alive
<2017-09-26 13:06:43> DEBUG [org.apache.http.headers] http-outgoing-8 >> User-Agent: Apache-HttpClient/4.5.2 (Java/1.8.0_121)
<2017-09-26 13:06:43> DEBUG [org.apache.http.headers] http-outgoing-8 >> Cookie: JSESSIONID=F6E28E4994D1584E597DBDFCCCB1737E; fast_failed=true; fast_failed=true; fast_failed=true
<2017-09-26 13:06:43> DEBUG [org.apache.http.headers] http-outgoing-8 >> Accept-Encoding: gzip,deflate
<2017-09-26 13:06:43> DEBUG [org.apache.http.wire] http-outgoing-8 >> "POST /nexperience/perfectomobile/wd/hub/session/223f2364-c363-4f1b-9fa3-c593981d31c4/execute HTTP/1.1[\r][\n]"
<2017-09-26 13:06:43> DEBUG [org.apache.http.wire] http-outgoing-8 >> "Content-Type: application/json; charset=utf-8[\r][\n]"
<2017-09-26 13:06:43> DEBUG [org.apache.http.wire] http-outgoing-8 >> "Content-Length: 54[\r][\n]"
<2017-09-26 13:06:43> DEBUG [org.apache.http.wire] http-outgoing-8 >> "Host: branchtest.perfectomobile.com[\r][\n]"
<2017-09-26 13:06:43> DEBUG [org.apache.http.wire] http-outgoing-8 >> "Connection: Keep-Alive[\r][\n]"
<2017-09-26 13:06:43> DEBUG [org.apache.http.wire] http-outgoing-8 >> "User-Agent: Apache-HttpClient/4.5.2 (Java/1.8.0_121)[\r][\n]"
<2017-09-26 13:06:43> DEBUG [org.apache.http.wire] http-outgoing-8 >> "Cookie: JSESSIONID=F6E28E4994D1584E597DBDFCCCB1737E; fast_failed=true; fast_failed=true; fast_failed=true[\r][\n]"
<2017-09-26 13:06:43> DEBUG [org.apache.http.wire] http-outgoing-8 >> "Accept-Encoding: gzip,deflate[\r][\n]"
<2017-09-26 13:06:43> DEBUG [org.apache.http.wire] http-outgoing-8 >> "[\r][\n]"
<2017-09-26 13:06:43> DEBUG [org.apache.http.wire] http-outgoing-8 >> "{"script":"mobile:step:end","args":[{"message":null}]}"
<2017-09-26 13:06:43> DEBUG [org.apache.http.wire] http-outgoing-8 << "HTTP/1.1 200 OK[\r][\n]"
<2017-09-26 13:06:43> DEBUG [org.apache.http.wire] http-outgoing-8 << "Server: nginx[\r][\n]"
<2017-09-26 13:06:43> DEBUG [org.apache.http.wire] http-outgoing-8 << "Date: Tue, 26 Sep 2017 10:06:39 GMT[\r][\n]"
<2017-09-26 13:06:43> DEBUG [org.apache.http.wire] http-outgoing-8 << "Content-Type: application/json;charset=utf-8[\r][\n]"
<2017-09-26 13:06:43> DEBUG [org.apache.http.wire] http-outgoing-8 << "Transfer-Encoding: chunked[\r][\n]"
<2017-09-26 13:06:43> DEBUG [org.apache.http.wire] http-outgoing-8 << "Connection: keep-alive[\r][\n]"
<2017-09-26 13:06:43> DEBUG [org.apache.http.wire] http-outgoing-8 << "Set-Cookie: JSESSIONID=F6E28E4994D1584E597DBDFCCCB1737E; Path=/nexperience/; HttpOnly[\r][\n]"
<2017-09-26 13:06:43> DEBUG [org.apache.http.wire] http-outgoing-8 << "Expires: Thu, 01 Jan 1970 00:00:00 GMT[\r][\n]"
<2017-09-26 13:06:43> DEBUG [org.apache.http.wire] http-outgoing-8 << "Cache-Control: no-cache[\r][\n]"
<2017-09-26 13:06:43> DEBUG [org.apache.http.wire] http-outgoing-8 << "Cache-Control: no-cache[\r][\n]"
<2017-09-26 13:06:43> DEBUG [org.apache.http.wire] http-outgoing-8 << "Expires: Thu, 01 Jan 1970 00:00:00 GMT[\r][\n]"
<2017-09-26 13:06:43> DEBUG [org.apache.http.wire] http-outgoing-8 << "Set-Cookie: fast_failed=true[\r][\n]"
<2017-09-26 13:06:43> DEBUG [org.apache.http.wire] http-outgoing-8 << "X-XSS-Protection: 2; mode=block[\r][\n]"
<2017-09-26 13:06:43> DEBUG [org.apache.http.wire] http-outgoing-8 << "Content-Encoding: gzip[\r][\n]"
<2017-09-26 13:06:43> DEBUG [org.apache.http.wire] http-outgoing-8 << "[\r][\n]"
<2017-09-26 13:06:43> DEBUG [org.apache.http.wire] http-outgoing-8 << "96[\r][\n]"
<2017-09-26 13:06:43> DEBUG [org.apache.http.wire] http-outgoing-8 << "[0x1f][0x8b][0x8][0x0][0x0][0x0][0x0][0x0][0x0][0x3]-[0xcc]1[0x12][0xc2] [0x10][0x85][0xe1][0xbb]l[\r]L[0xc8][0x12]&Ike[0xeb][\r][0x90],[0x9a][0x19][0x2]1[0x1b]l[0x1c][0xef][0xee][0x16][0xb6][0xff]|[0xef]}[0x80][0x89]y[0xad][0xe5][0xba][0xc0][0xc]}[0x8f][0xa9]G[0xef]tD[0x8f][0xda]%{[0xd7]S[\n]"
<2017-09-26 13:06:43> DEBUG [org.apache.http.wire] http-outgoing-8 << "[0xa8][0xe3]0[0xe1]4[0xda][0x5]mt[0xa0][0x80][0xcf]p[0x92]pn1[0xca]Z[0xca][0xf3]R[0x17])n[0xc4]at][0xe7][0x15][0xbc]CnRJ[0xcb]YA[0xcc]A[0xd8][0xc][0xf5]x[0x98][0xba]Sy[0x5][0xc3][0x94][0xa9][0xac]m3[0x7]m[0xf5]$s#[0xde]ka[0xfa][0xdf]7[0xe1][0xdd][0xf7][0x7][0xdc]vI*[0x9e][0x0][0x0][0x0][\r][\n]"
<2017-09-26 13:06:43> DEBUG [org.apache.http.wire] http-outgoing-8 << "0[\r][\n]"
<2017-09-26 13:06:43> DEBUG [org.apache.http.wire] http-outgoing-8 << "[\r][\n]"
<2017-09-26 13:06:43> DEBUG [org.apache.http.headers] http-outgoing-8 << HTTP/1.1 200 OK
<2017-09-26 13:06:43> DEBUG [org.apache.http.headers] http-outgoing-8 << Server: nginx
<2017-09-26 13:06:43> DEBUG [org.apache.http.headers] http-outgoing-8 << Date: Tue, 26 Sep 2017 10:06:39 GMT
<2017-09-26 13:06:43> DEBUG [org.apache.http.headers] http-outgoing-8 << Content-Type: application/json;charset=utf-8
<2017-09-26 13:06:43> DEBUG [org.apache.http.headers] http-outgoing-8 << Transfer-Encoding: chunked
<2017-09-26 13:06:43> DEBUG [org.apache.http.headers] http-outgoing-8 << Connection: keep-alive
<2017-09-26 13:06:43> DEBUG [org.apache.http.headers] http-outgoing-8 << Set-Cookie: JSESSIONID=F6E28E4994D1584E597DBDFCCCB1737E; Path=/nexperience/; HttpOnly
<2017-09-26 13:06:43> DEBUG [org.apache.http.headers] http-outgoing-8 << Expires: Thu, 01 Jan 1970 00:00:00 GMT
<2017-09-26 13:06:43> DEBUG [org.apache.http.headers] http-outgoing-8 << Cache-Control: no-cache
<2017-09-26 13:06:43> DEBUG [org.apache.http.headers] http-outgoing-8 << Cache-Control: no-cache
<2017-09-26 13:06:43> DEBUG [org.apache.http.headers] http-outgoing-8 << Expires: Thu, 01 Jan 1970 00:00:00 GMT
<2017-09-26 13:06:43> DEBUG [org.apache.http.headers] http-outgoing-8 << Set-Cookie: fast_failed=true
<2017-09-26 13:06:43> DEBUG [org.apache.http.headers] http-outgoing-8 << X-XSS-Protection: 2; mode=block
<2017-09-26 13:06:43> DEBUG [org.apache.http.headers] http-outgoing-8 << Content-Encoding: gzip
<2017-09-26 13:06:43> DEBUG [o.a.h.i.execchain.MainClientExec] Connection can be kept alive indefinitely
<2017-09-26 13:06:43> DEBUG [o.a.h.c.p.ResponseProcessCookies] Cookie accepted [JSESSIONID="F6E28E4994D1584E597DBDFCCCB1737E", version:0, domain:branchtest.perfectomobile.com, path:/nexperience/, expiry:null]
<2017-09-26 13:06:43> DEBUG [o.a.h.c.p.ResponseProcessCookies] Cookie accepted [fast_failed="true", version:0, domain:branchtest.perfectomobile.com, path:/nexperience/perfectomobile/wd/hub/session/223f2364-c363-4f1b-9fa3-c593981d31c4, expiry:null]
<2017-09-26 13:06:43> DEBUG [o.a.h.i.c.PoolingHttpClientConnectionManager] Connection [id: 8][route: {s}->https://branchtest.perfectomobile.com:443] can be kept alive indefinitely
<2017-09-26 13:06:43> DEBUG [o.a.h.i.c.PoolingHttpClientConnectionManager] Connection released: [id: 8][route: {s}->https://branchtest.perfectomobile.com:443][total kept alive: 3; route allocated: 3 of 2000; total allocated: 3 of 2000]
<2017-09-26 13:06:43> DEBUG [o.a.h.c.p.RequestAddCookies] CookieSpec selected: default
<2017-09-26 13:06:43> DEBUG [o.a.h.c.p.RequestAddCookies] Cookie [version: 0][name: JSESSIONID][value: F6E28E4994D1584E597DBDFCCCB1737E][domain: branchtest.perfectomobile.com][path: /nexperience/][expiry: null] match [(secure)branchtest.perfectomobile.com:443/nexperience/perfectomobile/wd/hub/session/223f2364-c363-4f1b-9fa3-c593981d31c4/execute]
<2017-09-26 13:06:43> DEBUG [o.a.h.c.p.RequestAddCookies] Cookie [version: 0][name: fast_failed][value: true][domain: branchtest.perfectomobile.com][path: /nexperience/perfectomobile/wd/hub][expiry: null] match [(secure)branchtest.perfectomobile.com:443/nexperience/perfectomobile/wd/hub/session/223f2364-c363-4f1b-9fa3-c593981d31c4/execute]
<2017-09-26 13:06:43> DEBUG [o.a.h.c.p.RequestAddCookies] Cookie [version: 0][name: fast_failed][value: true][domain: branchtest.perfectomobile.com][path: /nexperience/perfectomobile/wd/hub/session][expiry: null] match [(secure)branchtest.perfectomobile.com:443/nexperience/perfectomobile/wd/hub/session/223f2364-c363-4f1b-9fa3-c593981d31c4/execute]
<2017-09-26 13:06:43> DEBUG [o.a.h.c.p.RequestAddCookies] Cookie [version: 0][name: fast_failed][value: true][domain: branchtest.perfectomobile.com][path: /nexperience/perfectomobile/wd/hub/session/223f2364-c363-4f1b-9fa3-c593981d31c4][expiry: null] match [(secure)branchtest.perfectomobile.com:443/nexperience/perfectomobile/wd/hub/session/223f2364-c363-4f1b-9fa3-c593981d31c4/execute]
<2017-09-26 13:06:43> DEBUG [o.a.h.c.p.RequestAuthCache] Auth cache not set in the context
<2017-09-26 13:06:43> DEBUG [o.a.h.i.c.PoolingHttpClientConnectionManager] Connection request: [route: {s}->https://branchtest.perfectomobile.com:443][total kept alive: 3; route allocated: 3 of 2000; total allocated: 3 of 2000]
<2017-09-26 13:06:43> DEBUG [o.a.h.i.c.PoolingHttpClientConnectionManager] Connection leased: [id: 8][route: {s}->https://branchtest.perfectomobile.com:443][total kept alive: 2; route allocated: 3 of 2000; total allocated: 3 of 2000]
<2017-09-26 13:06:43> DEBUG [o.a.h.i.execchain.MainClientExec] Stale connection check
<2017-09-26 13:06:43> DEBUG [org.apache.http.wire] http-outgoing-8 << "[read] I/O error: Read timed out"
<2017-09-26 13:06:43> DEBUG [o.a.h.i.c.DefaultManagedHttpClientConnection] http-outgoing-8: set socket timeout to 10800000
<2017-09-26 13:06:43> DEBUG [o.a.h.i.execchain.MainClientExec] Executing request POST /nexperience/perfectomobile/wd/hub/session/223f2364-c363-4f1b-9fa3-c593981d31c4/execute HTTP/1.1
<2017-09-26 13:06:43> DEBUG [o.a.h.i.execchain.MainClientExec] Target auth state: UNCHALLENGED
<2017-09-26 13:06:43> DEBUG [o.a.h.i.execchain.MainClientExec] Proxy auth state: UNCHALLENGED
<2017-09-26 13:06:43> DEBUG [org.apache.http.headers] http-outgoing-8 >> POST /nexperience/perfectomobile/wd/hub/session/223f2364-c363-4f1b-9fa3-c593981d31c4/execute HTTP/1.1
<2017-09-26 13:06:43> DEBUG [org.apache.http.headers] http-outgoing-8 >> Content-Type: application/json; charset=utf-8
<2017-09-26 13:06:43> DEBUG [org.apache.http.headers] http-outgoing-8 >> Content-Length: 72
<2017-09-26 13:06:43> DEBUG [org.apache.http.headers] http-outgoing-8 >> Host: branchtest.perfectomobile.com
<2017-09-26 13:06:43> DEBUG [org.apache.http.headers] http-outgoing-8 >> Connection: Keep-Alive
<2017-09-26 13:06:43> DEBUG [org.apache.http.headers] http-outgoing-8 >> User-Agent: Apache-HttpClient/4.5.2 (Java/1.8.0_121)
<2017-09-26 13:06:43> DEBUG [org.apache.http.headers] http-outgoing-8 >> Cookie: JSESSIONID=F6E28E4994D1584E597DBDFCCCB1737E; fast_failed=true; fast_failed=true; fast_failed=true
<2017-09-26 13:06:43> DEBUG [org.apache.http.headers] http-outgoing-8 >> Accept-Encoding: gzip,deflate
<2017-09-26 13:06:43> DEBUG [org.apache.http.wire] http-outgoing-8 >> "POST /nexperience/perfectomobile/wd/hub/session/223f2364-c363-4f1b-9fa3-c593981d31c4/execute HTTP/1.1[\r][\n]"
<2017-09-26 13:06:43> DEBUG [org.apache.http.wire] http-outgoing-8 >> "Content-Type: application/json; charset=utf-8[\r][\n]"
<2017-09-26 13:06:43> DEBUG [org.apache.http.wire] http-outgoing-8 >> "Content-Length: 72[\r][\n]"
<2017-09-26 13:06:43> DEBUG [org.apache.http.wire] http-outgoing-8 >> "Host: branchtest.perfectomobile.com[\r][\n]"
<2017-09-26 13:06:43> DEBUG [org.apache.http.wire] http-outgoing-8 >> "Connection: Keep-Alive[\r][\n]"
<2017-09-26 13:06:43> DEBUG [org.apache.http.wire] http-outgoing-8 >> "User-Agent: Apache-HttpClient/4.5.2 (Java/1.8.0_121)[\r][\n]"
<2017-09-26 13:06:43> DEBUG [org.apache.http.wire] http-outgoing-8 >> "Cookie: JSESSIONID=F6E28E4994D1584E597DBDFCCCB1737E; fast_failed=true; fast_failed=true; fast_failed=true[\r][\n]"
<2017-09-26 13:06:43> DEBUG [org.apache.http.wire] http-outgoing-8 >> "Accept-Encoding: gzip,deflate[\r][\n]"
<2017-09-26 13:06:43> DEBUG [org.apache.http.wire] http-outgoing-8 >> "[\r][\n]"
<2017-09-26 13:06:43> DEBUG [org.apache.http.wire] http-outgoing-8 >> "{"script":"mobile:step:start","args":[{"name":"Going to registration"}]}"
<2017-09-26 13:06:43> DEBUG [org.apache.http.wire] http-outgoing-8 << "HTTP/1.1 200 OK[\r][\n]"
<2017-09-26 13:06:43> DEBUG [org.apache.http.wire] http-outgoing-8 << "Server: nginx[\r][\n]"
<2017-09-26 13:06:43> DEBUG [org.apache.http.wire] http-outgoing-8 << "Date: Tue, 26 Sep 2017 10:06:39 GMT[\r][\n]"
<2017-09-26 13:06:43> DEBUG [org.apache.http.wire] http-outgoing-8 << "Content-Type: application/json;charset=utf-8[\r][\n]"
<2017-09-26 13:06:43> DEBUG [org.apache.http.wire] http-outgoing-8 << "Transfer-Encoding: chunked[\r][\n]"
<2017-09-26 13:06:43> DEBUG [org.apache.http.wire] http-outgoing-8 << "Connection: keep-alive[\r][\n]"
<2017-09-26 13:06:43> DEBUG [org.apache.http.wire] http-outgoing-8 << "Set-Cookie: JSESSIONID=F6E28E4994D1584E597DBDFCCCB1737E; Path=/nexperience/; HttpOnly[\r][\n]"
<2017-09-26 13:06:43> DEBUG [org.apache.http.wire] http-outgoing-8 << "Expires: Thu, 01 Jan 1970 00:00:00 GMT[\r][\n]"
<2017-09-26 13:06:43> DEBUG [org.apache.http.wire] http-outgoing-8 << "Cache-Control: no-cache[\r][\n]"
<2017-09-26 13:06:43> DEBUG [org.apache.http.wire] http-outgoing-8 << "Cache-Control: no-cache[\r][\n]"
<2017-09-26 13:06:43> DEBUG [org.apache.http.wire] http-outgoing-8 << "Expires: Thu, 01 Jan 1970 00:00:00 GMT[\r][\n]"
<2017-09-26 13:06:43> DEBUG [org.apache.http.wire] http-outgoing-8 << "Set-Cookie: fast_failed=true[\r][\n]"
<2017-09-26 13:06:43> DEBUG [org.apache.http.wire] http-outgoing-8 << "X-XSS-Protection: 2; mode=block[\r][\n]"
<2017-09-26 13:06:43> DEBUG [org.apache.http.wire] http-outgoing-8 << "Content-Encoding: gzip[\r][\n]"
<2017-09-26 13:06:43> DEBUG [org.apache.http.wire] http-outgoing-8 << "[\r][\n]"
<2017-09-26 13:06:43> DEBUG [org.apache.http.wire] http-outgoing-8 << "95[\r][\n]"
<2017-09-26 13:06:43> DEBUG [org.apache.http.wire] http-outgoing-8 << "[0x1f][0x8b][0x8][0x0][0x0][0x0][0x0][0x0][0x0][0x3]-[0xcc][0xc1][0xe][0x82]0[0x10][0x4][0xd0]]]>&#x7f;<![CDATA[[0xd9]3m([0xb][\r][0xe5][0xea][0xc9][0xab]]]>&#x7f;<![CDATA[P[0xcb]VI[0xa0][0x5][0xb6][0xf5]b[0xfc]w[0xd7][0xc4][0xeb][0xcc][0x9b]y[0x3][0x13][0xf3][0x92][0xd3]u[0x86][0x9][0xba][0xe]c[0x87][0xb6]W[0x1]-[0xaa]>[0x9a][0xbb]r[0xd1][0xa3][\n]"
<2017-09-26 13:06:43> DEBUG [org.apache.http.wire] http-outgoing-8 << "[0x83]C7[0x9a][0x19]M[0xe8][0xa1][0x1].[0xbe][0x90]p[0xae]![0xc8]Z[0x92][0xe7]%[0xcf][0x92][0x98][0xb1]uc;X[0xd3][0xc0][0xcb][0xaf][0xf5]g[0xa4][0xc][0xab][0x17]4A>[0x1f]:[0xef][0x94][0xe][0xaf][0x99]VJK[0xdd][0xf4]I[.[0xa4]o[0xc4]{NL[0xff][0xf3]*[0xbc][0xfd]|[0x1][0xfe]'vc[0x9c][0x0][0x0][0x0][\r][\n]"
<2017-09-26 13:06:43> DEBUG [org.apache.http.wire] http-outgoing-8 << "0[\r][\n]"
<2017-09-26 13:06:43> DEBUG [org.apache.http.wire] http-outgoing-8 << "[\r][\n]"
<2017-09-26 13:06:43> DEBUG [org.apache.http.headers] http-outgoing-8 << HTTP/1.1 200 OK
<2017-09-26 13:06:43> DEBUG [org.apache.http.headers] http-outgoing-8 << Server: nginx
<2017-09-26 13:06:43> DEBUG [org.apache.http.headers] http-outgoing-8 << Date: Tue, 26 Sep 2017 10:06:39 GMT
<2017-09-26 13:06:43> DEBUG [org.apache.http.headers] http-outgoing-8 << Content-Type: application/json;charset=utf-8
<2017-09-26 13:06:43> DEBUG [org.apache.http.headers] http-outgoing-8 << Transfer-Encoding: chunked
<2017-09-26 13:06:43> DEBUG [org.apache.http.headers] http-outgoing-8 << Connection: keep-alive
<2017-09-26 13:06:43> DEBUG [org.apache.http.headers] http-outgoing-8 << Set-Cookie: JSESSIONID=F6E28E4994D1584E597DBDFCCCB1737E; Path=/nexperience/; HttpOnly
<2017-09-26 13:06:43> DEBUG [org.apache.http.headers] http-outgoing-8 << Expires: Thu, 01 Jan 1970 00:00:00 GMT
<2017-09-26 13:06:43> DEBUG [org.apache.http.headers] http-outgoing-8 << Cache-Control: no-cache
<2017-09-26 13:06:43> DEBUG [org.apache.http.headers] http-outgoing-8 << Cache-Control: no-cache
<2017-09-26 13:06:43> DEBUG [org.apache.http.headers] http-outgoing-8 << Expires: Thu, 01 Jan 1970 00:00:00 GMT
<2017-09-26 13:06:43> DEBUG [org.apache.http.headers] http-outgoing-8 << Set-Cookie: fast_failed=true
<2017-09-26 13:06:43> DEBUG [org.apache.http.headers] http-outgoing-8 << X-XSS-Protection: 2; mode=block
<2017-09-26 13:06:43> DEBUG [org.apache.http.headers] http-outgoing-8 << Content-Encoding: gzip
<2017-09-26 13:06:43> DEBUG [o.a.h.i.execchain.MainClientExec] Connection can be kept alive indefinitely
<2017-09-26 13:06:43> DEBUG [o.a.h.c.p.ResponseProcessCookies] Cookie accepted [JSESSIONID="F6E28E4994D1584E597DBDFCCCB1737E", version:0, domain:branchtest.perfectomobile.com, path:/nexperience/, expiry:null]
<2017-09-26 13:06:43> DEBUG [o.a.h.c.p.ResponseProcessCookies] Cookie accepted [fast_failed="true", version:0, domain:branchtest.perfectomobile.com, path:/nexperience/perfectomobile/wd/hub/session/223f2364-c363-4f1b-9fa3-c593981d31c4, expiry:null]
<2017-09-26 13:06:43> DEBUG [o.a.h.i.c.PoolingHttpClientConnectionManager] Connection [id: 8][route: {s}->https://branchtest.perfectomobile.com:443] can be kept alive indefinitely
<2017-09-26 13:06:43> DEBUG [o.a.h.i.c.PoolingHttpClientConnectionManager] Connection released: [id: 8][route: {s}->https://branchtest.perfectomobile.com:443][total kept alive: 3; route allocated: 3 of 2000; total allocated: 3 of 2000]
<2017-09-26 13:06:43> DEBUG [o.a.h.c.p.RequestAddCookies] CookieSpec selected: default
<2017-09-26 13:06:43> DEBUG [o.a.h.c.p.RequestAddCookies] Cookie [version: 0][name: JSESSIONID][value: F6E28E4994D1584E597DBDFCCCB1737E][domain: branchtest.perfectomobile.com][path: /nexperience/][expiry: null] match [(secure)branchtest.perfectomobile.com:443/nexperience/perfectomobile/wd/hub/session/223f2364-c363-4f1b-9fa3-c593981d31c4/element]
<2017-09-26 13:06:43> DEBUG [o.a.h.c.p.RequestAddCookies] Cookie [version: 0][name: fast_failed][value: true][domain: branchtest.perfectomobile.com][path: /nexperience/perfectomobile/wd/hub][expiry: null] match [(secure)branchtest.perfectomobile.com:443/nexperience/perfectomobile/wd/hub/session/223f2364-c363-4f1b-9fa3-c593981d31c4/element]
<2017-09-26 13:06:43> DEBUG [o.a.h.c.p.RequestAddCookies] Cookie [version: 0][name: fast_failed][value: true][domain: branchtest.perfectomobile.com][path: /nexperience/perfectomobile/wd/hub/session][expiry: null] match [(secure)branchtest.perfectomobile.com:443/nexperience/perfectomobile/wd/hub/session/223f2364-c363-4f1b-9fa3-c593981d31c4/element]
<2017-09-26 13:06:43> DEBUG [o.a.h.c.p.RequestAddCookies] Cookie [version: 0][name: fast_failed][value: true][domain: branchtest.perfectomobile.com][path: /nexperience/perfectomobile/wd/hub/session/223f2364-c363-4f1b-9fa3-c593981d31c4][expiry: null] match [(secure)branchtest.perfectomobile.com:443/nexperience/perfectomobile/wd/hub/session/223f2364-c363-4f1b-9fa3-c593981d31c4/element]
<2017-09-26 13:06:43> DEBUG [o.a.h.c.p.RequestAuthCache] Auth cache not set in the context
<2017-09-26 13:06:43> DEBUG [o.a.h.i.c.PoolingHttpClientConnectionManager] Connection request: [route: {s}->https://branchtest.perfectomobile.com:443][total kept alive: 3; route allocated: 3 of 2000; total allocated: 3 of 2000]
<2017-09-26 13:06:43> DEBUG [o.a.h.i.c.PoolingHttpClientConnectionManager] Connection leased: [id: 8][route: {s}->https://branchtest.perfectomobile.com:443][total kept alive: 2; route allocated: 3 of 2000; total allocated: 3 of 2000]
<2017-09-26 13:06:43> DEBUG [o.a.h.i.execchain.MainClientExec] Stale connection check
<2017-09-26 13:06:43> DEBUG [org.apache.http.wire] http-outgoing-8 << "[read] I/O error: Read timed out"
<2017-09-26 13:06:43> DEBUG [o.a.h.i.c.DefaultManagedHttpClientConnection] http-outgoing-8: set socket timeout to 10800000
<2017-09-26 13:06:43> DEBUG [o.a.h.i.execchain.MainClientExec] Executing request POST /nexperience/perfectomobile/wd/hub/session/223f2364-c363-4f1b-9fa3-c593981d31c4/element HTTP/1.1
<2017-09-26 13:06:43> DEBUG [o.a.h.i.execchain.MainClientExec] Target auth state: UNCHALLENGED
<2017-09-26 13:06:43> DEBUG [o.a.h.i.execchain.MainClientExec] Proxy auth state: UNCHALLENGED
<2017-09-26 13:06:43> DEBUG [org.apache.http.headers] http-outgoing-8 >> POST /nexperience/perfectomobile/wd/hub/session/223f2364-c363-4f1b-9fa3-c593981d31c4/element HTTP/1.1
<2017-09-26 13:06:43> DEBUG [org.apache.http.headers] http-outgoing-8 >> Content-Type: application/json; charset=utf-8
<2017-09-26 13:06:43> DEBUG [org.apache.http.headers] http-outgoing-8 >> Content-Length: 80
<2017-09-26 13:06:43> DEBUG [org.apache.http.headers] http-outgoing-8 >> Host: branchtest.perfectomobile.com
<2017-09-26 13:06:43> DEBUG [org.apache.http.headers] http-outgoing-8 >> Connection: Keep-Alive
<2017-09-26 13:06:43> DEBUG [org.apache.http.headers] http-outgoing-8 >> User-Agent: Apache-HttpClient/4.5.2 (Java/1.8.0_121)
<2017-09-26 13:06:43> DEBUG [org.apache.http.headers] http-outgoing-8 >> Cookie: JSESSIONID=F6E28E4994D1584E597DBDFCCCB1737E; fast_failed=true; fast_failed=true; fast_failed=true
<2017-09-26 13:06:43> DEBUG [org.apache.http.headers] http-outgoing-8 >> Accept-Encoding: gzip,deflate
<2017-09-26 13:06:43> DEBUG [org.apache.http.wire] http-outgoing-8 >> "POST /nexperience/perfectomobile/wd/hub/session/223f2364-c363-4f1b-9fa3-c593981d31c4/element HTTP/1.1[\r][\n]"
<2017-09-26 13:06:43> DEBUG [org.apache.http.wire] http-outgoing-8 >> "Content-Type: application/json; charset=utf-8[\r][\n]"
<2017-09-26 13:06:43> DEBUG [org.apache.http.wire] http-outgoing-8 >> "Content-Length: 80[\r][\n]"
<2017-09-26 13:06:43> DEBUG [org.apache.http.wire] http-outgoing-8 >> "Host: branchtest.perfectomobile.com[\r][\n]"
<2017-09-26 13:06:43> DEBUG [org.apache.http.wire] http-outgoing-8 >> "Connection: Keep-Alive[\r][\n]"
<2017-09-26 13:06:43> DEBUG [org.apache.http.wire] http-outgoing-8 >> "User-Agent: Apache-HttpClient/4.5.2 (Java/1.8.0_121)[\r][\n]"
<2017-09-26 13:06:43> DEBUG [org.apache.http.wire] http-outgoing-8 >> "Cookie: JSESSIONID=F6E28E4994D1584E597DBDFCCCB1737E; fast_failed=true; fast_failed=true; fast_failed=true[\r][\n]"
<2017-09-26 13:06:43> DEBUG [org.apache.http.wire] http-outgoing-8 >> "Accept-Encoding: gzip,deflate[\r][\n]"
<2017-09-26 13:06:43> DEBUG [org.apache.http.wire] http-outgoing-8 >> "[\r][\n]"
<2017-09-26 13:06:43> DEBUG [org.apache.http.wire] http-outgoing-8 >> "{"using":"xpath","value":"//*[@id=\"wrapper\"]/div[2]/div[2]/div[5]/ul/li/a/h2"}"
<2017-09-26 13:06:43> DEBUG [org.apache.http.wire] http-outgoing-8 << "HTTP/1.1 200 OK[\r][\n]"
<2017-09-26 13:06:43> DEBUG [org.apache.http.wire] http-outgoing-8 << "Server: nginx[\r][\n]"
<2017-09-26 13:06:43> DEBUG [org.apache.http.wire] http-outgoing-8 << "Date: Tue, 26 Sep 2017 10:06:39 GMT[\r][\n]"
<2017-09-26 13:06:43> DEBUG [org.apache.http.wire] http-outgoing-8 << "Content-Type: application/json;charset=utf-8[\r][\n]"
<2017-09-26 13:06:43> DEBUG [org.apache.http.wire] http-outgoing-8 << "Transfer-Encoding: chunked[\r][\n]"
<2017-09-26 13:06:43> DEBUG [org.apache.http.wire] http-outgoing-8 << "Connection: keep-alive[\r][\n]"
<2017-09-26 13:06:43> DEBUG [org.apache.http.wire] http-outgoing-8 << "Set-Cookie: JSESSIONID=F6E28E4994D1584E597DBDFCCCB1737E; Path=/nexperience/; HttpOnly[\r][\n]"
<2017-09-26 13:06:43> DEBUG [org.apache.http.wire] http-outgoing-8 << "Expires: Thu, 01 Jan 1970 00:00:00 GMT[\r][\n]"
<2017-09-26 13:06:43> DEBUG [org.apache.http.wire] http-outgoing-8 << "Cache-Control: no-cache[\r][\n]"
<2017-09-26 13:06:43> DEBUG [org.apache.http.wire] http-outgoing-8 << "Cache-Control: no-cache[\r][\n]"
<2017-09-26 13:06:43> DEBUG [org.apache.http.wire] http-outgoing-8 << "Expires: Thu, 01 Jan 1970 00:00:00 GMT[\r][\n]"
<2017-09-26 13:06:43> DEBUG [org.apache.http.wire] http-outgoing-8 << "Set-Cookie: fast_failed=true[\r][\n]"
<2017-09-26 13:06:43> DEBUG [org.apache.http.wire] http-outgoing-8 << "X-XSS-Protection: 2; mode=block[\r][\n]"
<2017-09-26 13:06:43> DEBUG [org.apache.http.wire] http-outgoing-8 << "Content-Encoding: gzip[\r][\n]"
<2017-09-26 13:06:43> DEBUG [org.apache.http.wire] http-outgoing-8 << "[\r][\n]"
<2017-09-26 13:06:43> DEBUG [org.apache.http.wire] http-outgoing-8 << "a1[\r][\n]"
<2017-09-26 13:06:43> DEBUG [org.apache.http.wire] http-outgoing-8 << "[0x1f][0x8b][0x8][0x0][0x0][0x0][0x0][0x0][0x0][0x3]-[0x8d]A[0xe][0x82]0[0x10][0x0][0xff][0xb2]g[0xda]P[0xb6]%[0x85][0xab][0xe1]`[0xa2][0x1e][0x8c][0x1f][0xa8]eQ[0x12]h[0x91][0xa5]^[0x8]]]>&#x7f;<![CDATA[[0xb7][0x7][0xaf][0x93][0x99][0xcc][0xe]L[0xcc]c[0xc][0xe7][0x1e]Z[0xa8]*[0x1c]*[0xac][0xb5][0xf0]X[0xa3][0xd0][0x83]z[0x8a]fp([0xbc]i[0xb0][0xb1][0xaa]G[0xe5]5[0x14][0xc0][0x9b][0xdb]([0xeb][0x9c][0xbc][0xcf]u&[0xef]S[0xec]3Q[0xb6]6[0xa5]5[0xd6][0xe8][0x2][0xbe]nJ[0x19][0xed][0xd0]][0xba]kw{d[0x1f][0xe1]([0xc0]O.'-[0xc4][0xf5]%[0xe3]B[0xe1][0xe3]$[0xd3]DaL[0xb3]\i[0x8e][0x1b][0xc9];[0xf1][0x12][0x3][0xd3]]]>&#x7f;<![CDATA[[0x95][0xb2]^[0x1e]?[0x18]%[0x1e][0xee][0xaa][0x0][0x0][0x0][\r][\n]"
<2017-09-26 13:06:43> DEBUG [org.apache.http.wire] http-outgoing-8 << "0[\r][\n]"
<2017-09-26 13:06:43> DEBUG [org.apache.http.wire] http-outgoing-8 << "[\r][\n]"
<2017-09-26 13:06:43> DEBUG [org.apache.http.headers] http-outgoing-8 << HTTP/1.1 200 OK
<2017-09-26 13:06:43> DEBUG [org.apache.http.headers] http-outgoing-8 << Server: nginx
<2017-09-26 13:06:43> DEBUG [org.apache.http.headers] http-outgoing-8 << Date: Tue, 26 Sep 2017 10:06:39 GMT
<2017-09-26 13:06:43> DEBUG [org.apache.http.headers] http-outgoing-8 << Content-Type: application/json;charset=utf-8
<2017-09-26 13:06:43> DEBUG [org.apache.http.headers] http-outgoing-8 << Transfer-Encoding: chunked
<2017-09-26 13:06:43> DEBUG [org.apache.http.headers] http-outgoing-8 << Connection: keep-alive
<2017-09-26 13:06:43> DEBUG [org.apache.http.headers] http-outgoing-8 << Set-Cookie: JSESSIONID=F6E28E4994D1584E597DBDFCCCB1737E; Path=/nexperience/; HttpOnly
<2017-09-26 13:06:43> DEBUG [org.apache.http.headers] http-outgoing-8 << Expires: Thu, 01 Jan 1970 00:00:00 GMT
<2017-09-26 13:06:43> DEBUG [org.apache.http.headers] http-outgoing-8 << Cache-Control: no-cache
<2017-09-26 13:06:43> DEBUG [org.apache.http.headers] http-outgoing-8 << Cache-Control: no-cache
<2017-09-26 13:06:43> DEBUG [org.apache.http.headers] http-outgoing-8 << Expires: Thu, 01 Jan 1970 00:00:00 GMT
<2017-09-26 13:06:43> DEBUG [org.apache.http.headers] http-outgoing-8 << Set-Cookie: fast_failed=true
<2017-09-26 13:06:43> DEBUG [org.apache.http.headers] http-outgoing-8 << X-XSS-Protection: 2; mode=block
<2017-09-26 13:06:43> DEBUG [org.apache.http.headers] http-outgoing-8 << Content-Encoding: gzip
<2017-09-26 13:06:43> DEBUG [o.a.h.i.execchain.MainClientExec] Connection can be kept alive indefinitely
<2017-09-26 13:06:43> DEBUG [o.a.h.c.p.ResponseProcessCookies] Cookie accepted [JSESSIONID="F6E28E4994D1584E597DBDFCCCB1737E", version:0, domain:branchtest.perfectomobile.com, path:/nexperience/, expiry:null]
<2017-09-26 13:06:43> DEBUG [o.a.h.c.p.ResponseProcessCookies] Cookie accepted [fast_failed="true", version:0, domain:branchtest.perfectomobile.com, path:/nexperience/perfectomobile/wd/hub/session/223f2364-c363-4f1b-9fa3-c593981d31c4, expiry:null]
<2017-09-26 13:06:43> DEBUG [o.a.h.i.c.PoolingHttpClientConnectionManager] Connection [id: 8][route: {s}->https://branchtest.perfectomobile.com:443] can be kept alive indefinitely
<2017-09-26 13:06:43> DEBUG [o.a.h.i.c.PoolingHttpClientConnectionManager] Connection released: [id: 8][route: {s}->https://branchtest.perfectomobile.com:443][total kept alive: 3; route allocated: 3 of 2000; total allocated: 3 of 2000]
<2017-09-26 13:06:43> DEBUG [o.a.h.c.p.RequestAddCookies] CookieSpec selected: default
<2017-09-26 13:06:43> DEBUG [o.a.h.c.p.RequestAddCookies] Cookie [version: 0][name: JSESSIONID][value: F6E28E4994D1584E597DBDFCCCB1737E][domain: branchtest.perfectomobile.com][path: /nexperience/][expiry: null] match [(secure)branchtest.perfectomobile.com:443/nexperience/perfectomobile/wd/hub/session/223f2364-c363-4f1b-9fa3-c593981d31c4/element/3/click]
<2017-09-26 13:06:43> DEBUG [o.a.h.c.p.RequestAddCookies] Cookie [version: 0][name: fast_failed][value: true][domain: branchtest.perfectomobile.com][path: /nexperience/perfectomobile/wd/hub][expiry: null] match [(secure)branchtest.perfectomobile.com:443/nexperience/perfectomobile/wd/hub/session/223f2364-c363-4f1b-9fa3-c593981d31c4/element/3/click]
<2017-09-26 13:06:43> DEBUG [o.a.h.c.p.RequestAddCookies] Cookie [version: 0][name: fast_failed][value: true][domain: branchtest.perfectomobile.com][path: /nexperience/perfectomobile/wd/hub/session][expiry: null] match [(secure)branchtest.perfectomobile.com:443/nexperience/perfectomobile/wd/hub/session/223f2364-c363-4f1b-9fa3-c593981d31c4/element/3/click]
<2017-09-26 13:06:43> DEBUG [o.a.h.c.p.RequestAddCookies] Cookie [version: 0][name: fast_failed][value: true][domain: branchtest.perfectomobile.com][path: /nexperience/perfectomobile/wd/hub/session/223f2364-c363-4f1b-9fa3-c593981d31c4][expiry: null] match [(secure)branchtest.perfectomobile.com:443/nexperience/perfectomobile/wd/hub/session/223f2364-c363-4f1b-9fa3-c593981d31c4/element/3/click]
<2017-09-26 13:06:43> DEBUG [o.a.h.c.p.RequestAuthCache] Auth cache not set in the context
<2017-09-26 13:06:43> DEBUG [o.a.h.i.c.PoolingHttpClientConnectionManager] Connection request: [route: {s}->https://branchtest.perfectomobile.com:443][total kept alive: 3; route allocated: 3 of 2000; total allocated: 3 of 2000]
<2017-09-26 13:06:43> DEBUG [o.a.h.i.c.PoolingHttpClientConnectionManager] Connection leased: [id: 8][route: {s}->https://branchtest.perfectomobile.com:443][total kept alive: 2; route allocated: 3 of 2000; total allocated: 3 of 2000]
<2017-09-26 13:06:43> DEBUG [o.a.h.i.execchain.MainClientExec] Stale connection check
<2017-09-26 13:06:43> DEBUG [org.apache.http.wire] http-outgoing-8 << "[read] I/O error: Read timed out"
<2017-09-26 13:06:43> DEBUG [o.a.h.i.c.DefaultManagedHttpClientConnection] http-outgoing-8: set socket timeout to 10800000
<2017-09-26 13:06:43> DEBUG [o.a.h.i.execchain.MainClientExec] Executing request POST /nexperience/perfectomobile/wd/hub/session/223f2364-c363-4f1b-9fa3-c593981d31c4/element/3/click HTTP/1.1
<2017-09-26 13:06:43> DEBUG [o.a.h.i.execchain.MainClientExec] Target auth state: UNCHALLENGED
<2017-09-26 13:06:43> DEBUG [o.a.h.i.execchain.MainClientExec] Proxy auth state: UNCHALLENGED
<2017-09-26 13:06:43> DEBUG [org.apache.http.headers] http-outgoing-8 >> POST /nexperience/perfectomobile/wd/hub/session/223f2364-c363-4f1b-9fa3-c593981d31c4/element/3/click HTTP/1.1
<2017-09-26 13:06:43> DEBUG [org.apache.http.headers] http-outgoing-8 >> Content-Type: application/json; charset=utf-8
<2017-09-26 13:06:43> DEBUG [org.apache.http.headers] http-outgoing-8 >> Content-Length: 10
<2017-09-26 13:06:43> DEBUG [org.apache.http.headers] http-outgoing-8 >> Host: branchtest.perfectomobile.com
<2017-09-26 13:06:43> DEBUG [org.apache.http.headers] http-outgoing-8 >> Connection: Keep-Alive
<2017-09-26 13:06:43> DEBUG [org.apache.http.headers] http-outgoing-8 >> User-Agent: Apache-HttpClient/4.5.2 (Java/1.8.0_121)
<2017-09-26 13:06:43> DEBUG [org.apache.http.headers] http-outgoing-8 >> Cookie: JSESSIONID=F6E28E4994D1584E597DBDFCCCB1737E; fast_failed=true; fast_failed=true; fast_failed=true
<2017-09-26 13:06:43> DEBUG [org.apache.http.headers] http-outgoing-8 >> Accept-Encoding: gzip,deflate
<2017-09-26 13:06:43> DEBUG [org.apache.http.wire] http-outgoing-8 >> "POST /nexperience/perfectomobile/wd/hub/session/223f2364-c363-4f1b-9fa3-c593981d31c4/element/3/click HTTP/1.1[\r][\n]"
<2017-09-26 13:06:43> DEBUG [org.apache.http.wire] http-outgoing-8 >> "Content-Type: application/json; charset=utf-8[\r][\n]"
<2017-09-26 13:06:43> DEBUG [org.apache.http.wire] http-outgoing-8 >> "Content-Length: 10[\r][\n]"
<2017-09-26 13:06:43> DEBUG [org.apache.http.wire] http-outgoing-8 >> "Host: branchtest.perfectomobile.com[\r][\n]"
<2017-09-26 13:06:43> DEBUG [org.apache.http.wire] http-outgoing-8 >> "Connection: Keep-Alive[\r][\n]"
<2017-09-26 13:06:43> DEBUG [org.apache.http.wire] http-outgoing-8 >> "User-Agent: Apache-HttpClient/4.5.2 (Java/1.8.0_121)[\r][\n]"
<2017-09-26 13:06:43> DEBUG [org.apache.http.wire] http-outgoing-8 >> "Cookie: JSESSIONID=F6E28E4994D1584E597DBDFCCCB1737E; fast_failed=true; fast_failed=true; fast_failed=true[\r][\n]"
<2017-09-26 13:06:43> DEBUG [org.apache.http.wire] http-outgoing-8 >> "Accept-Encoding: gzip,deflate[\r][\n]"
<2017-09-26 13:06:43> DEBUG [org.apache.http.wire] http-outgoing-8 >> "[\r][\n]"
<2017-09-26 13:06:43> DEBUG [org.apache.http.wire] http-outgoing-8 >> "{"id":"3"}"
<2017-09-26 13:06:44> DEBUG [org.apache.http.wire] http-outgoing-8 << "HTTP/1.1 200 OK[\r][\n]"
<2017-09-26 13:06:44> DEBUG [org.apache.http.wire] http-outgoing-8 << "Server: nginx[\r][\n]"
<2017-09-26 13:06:44> DEBUG [org.apache.http.wire] http-outgoing-8 << "Date: Tue, 26 Sep 2017 10:06:40 GMT[\r][\n]"
<2017-09-26 13:06:44> DEBUG [org.apache.http.wire] http-outgoing-8 << "Content-Type: application/json;charset=utf-8[\r][\n]"
<2017-09-26 13:06:44> DEBUG [org.apache.http.wire] http-outgoing-8 << "Transfer-Encoding: chunked[\r][\n]"
<2017-09-26 13:06:44> DEBUG [org.apache.http.wire] http-outgoing-8 << "Connection: keep-alive[\r][\n]"
<2017-09-26 13:06:44> DEBUG [org.apache.http.wire] http-outgoing-8 << "Set-Cookie: JSESSIONID=F6E28E4994D1584E597DBDFCCCB1737E; Path=/nexperience/; HttpOnly[\r][\n]"
<2017-09-26 13:06:44> DEBUG [org.apache.http.wire] http-outgoing-8 << "Expires: Thu, 01 Jan 1970 00:00:00 GMT[\r][\n]"
<2017-09-26 13:06:44> DEBUG [org.apache.http.wire] http-outgoing-8 << "Cache-Control: no-cache[\r][\n]"
<2017-09-26 13:06:44> DEBUG [org.apache.http.wire] http-outgoing-8 << "Cache-Control: no-cache[\r][\n]"
<2017-09-26 13:06:44> DEBUG [org.apache.http.wire] http-outgoing-8 << "Expires: Thu, 01 Jan 1970 00:00:00 GMT[\r][\n]"
<2017-09-26 13:06:44> DEBUG [org.apache.http.wire] http-outgoing-8 << "Set-Cookie: fast_failed=true[\r][\n]"
<2017-09-26 13:06:44> DEBUG [org.apache.http.wire] http-outgoing-8 << "X-XSS-Protection: 2; mode=block[\r][\n]"
<2017-09-26 13:06:44> DEBUG [org.apache.http.wire] http-outgoing-8 << "Content-Encoding: gzip[\r][\n]"
<2017-09-26 13:06:44> DEBUG [org.apache.http.wire] http-outgoing-8 << "[\r][\n]"
<2017-09-26 13:06:44> DEBUG [org.apache.http.wire] http-outgoing-8 << "95[\r][\n]"
<2017-09-26 13:06:44> DEBUG [org.apache.http.wire] http-outgoing-8 << "[0x1f][0x8b][0x8][0x0][0x0][0x0][0x0][0x0][0x0][0x3]-[0xcc]1[0x12][0xc2] [0x10][0x85][0xe1][0xbb]l[0x1d][0x18][0xc3]&h[0xd2]Z[0xd9]z[0x3][0x84]E3C [0xc9][0x82][0x8d][0xe3][0xdd][0xdd][0xc2][0xf6][0x9f][0xef][0xbd][0xf]01/%[0xdf][0x2][0xcc]`[0xc]F[0x83]vP[0x1e]-[0xaa]![0xf6][0xf]5E[0x87][0xca][0x8f][0x13]N[0x97]>`[0xef][0x7][0xe8][0x80][0xab][0xab]$[0x9c][0x9b][0xf7][0xb2][0x96][0xf2][0xba][0x96] [0xe5]lF[0x8b][0xc6]"v[0xf0]v[0xa9]I[0xc9]-[0xa5][0xe]|r[0xc2]f([0xc7]S[0x97][0x8d][0xf2][0xee]4S[0xa2][0xbc][0xb4]U[0x1f][0xb4][0x96]J[0xfa]N[0xbc][0x95][0xcc][0xf4][0xbf]o[0xc2]O[0xdf][0x1f][0xcd]s[0xe1]P[0x9e][0x0][0x0][0x0][\r][\n]"
<2017-09-26 13:06:44> DEBUG [org.apache.http.wire] http-outgoing-8 << "0[\r][\n]"
<2017-09-26 13:06:44> DEBUG [org.apache.http.wire] http-outgoing-8 << "[\r][\n]"
<2017-09-26 13:06:44> DEBUG [org.apache.http.headers] http-outgoing-8 << HTTP/1.1 200 OK
<2017-09-26 13:06:44> DEBUG [org.apache.http.headers] http-outgoing-8 << Server: nginx
<2017-09-26 13:06:44> DEBUG [org.apache.http.headers] http-outgoing-8 << Date: Tue, 26 Sep 2017 10:06:40 GMT
<2017-09-26 13:06:44> DEBUG [org.apache.http.headers] http-outgoing-8 << Content-Type: application/json;charset=utf-8
<2017-09-26 13:06:44> DEBUG [org.apache.http.headers] http-outgoing-8 << Transfer-Encoding: chunked
<2017-09-26 13:06:44> DEBUG [org.apache.http.headers] http-outgoing-8 << Connection: keep-alive
<2017-09-26 13:06:44> DEBUG [org.apache.http.headers] http-outgoing-8 << Set-Cookie: JSESSIONID=F6E28E4994D1584E597DBDFCCCB1737E; Path=/nexperience/; HttpOnly
<2017-09-26 13:06:44> DEBUG [org.apache.http.headers] http-outgoing-8 << Expires: Thu, 01 Jan 1970 00:00:00 GMT
<2017-09-26 13:06:44> DEBUG [org.apache.http.headers] http-outgoing-8 << Cache-Control: no-cache
<2017-09-26 13:06:44> DEBUG [org.apache.http.headers] http-outgoing-8 << Cache-Control: no-cache
<2017-09-26 13:06:44> DEBUG [org.apache.http.headers] http-outgoing-8 << Expires: Thu, 01 Jan 1970 00:00:00 GMT
<2017-09-26 13:06:44> DEBUG [org.apache.http.headers] http-outgoing-8 << Set-Cookie: fast_failed=true
<2017-09-26 13:06:44> DEBUG [org.apache.http.headers] http-outgoing-8 << X-XSS-Protection: 2; mode=block
<2017-09-26 13:06:44> DEBUG [org.apache.http.headers] http-outgoing-8 << Content-Encoding: gzip
<2017-09-26 13:06:44> DEBUG [o.a.h.i.execchain.MainClientExec] Connection can be kept alive indefinitely
<2017-09-26 13:06:44> DEBUG [o.a.h.c.p.ResponseProcessCookies] Cookie accepted [JSESSIONID="F6E28E4994D1584E597DBDFCCCB1737E", version:0, domain:branchtest.perfectomobile.com, path:/nexperience/, expiry:null]
<2017-09-26 13:06:44> DEBUG [o.a.h.c.p.ResponseProcessCookies] Cookie accepted [fast_failed="true", version:0, domain:branchtest.perfectomobile.com, path:/nexperience/perfectomobile/wd/hub/session/223f2364-c363-4f1b-9fa3-c593981d31c4/element/3, expiry:null]
<2017-09-26 13:06:44> DEBUG [o.a.h.i.c.PoolingHttpClientConnectionManager] Connection [id: 8][route: {s}->https://branchtest.perfectomobile.com:443] can be kept alive indefinitely
<2017-09-26 13:06:44> DEBUG [o.a.h.i.c.PoolingHttpClientConnectionManager] Connection released: [id: 8][route: {s}->https://branchtest.perfectomobile.com:443][total kept alive: 3; route allocated: 3 of 2000; total allocated: 3 of 2000]
<2017-09-26 13:06:45> DEBUG [o.a.h.c.p.RequestAddCookies] CookieSpec selected: default
<2017-09-26 13:06:45> DEBUG [o.a.h.c.p.RequestAddCookies] Cookie [version: 0][name: JSESSIONID][value: F6E28E4994D1584E597DBDFCCCB1737E][domain: branchtest.perfectomobile.com][path: /nexperience/][expiry: null] match [(secure)branchtest.perfectomobile.com:443/nexperience/perfectomobile/wd/hub/session/0bb5ccaf-7de4-4682-9e6c-c5841ee5c6a7/execute]
<2017-09-26 13:06:45> DEBUG [o.a.h.c.p.RequestAddCookies] Cookie [version: 0][name: fast_failed][value: true][domain: branchtest.perfectomobile.com][path: /nexperience/perfectomobile/wd/hub][expiry: null] match [(secure)branchtest.perfectomobile.com:443/nexperience/perfectomobile/wd/hub/session/0bb5ccaf-7de4-4682-9e6c-c5841ee5c6a7/execute]
<2017-09-26 13:06:45> DEBUG [o.a.h.c.p.RequestAddCookies] Cookie [version: 0][name: fast_failed][value: true][domain: branchtest.perfectomobile.com][path: /nexperience/perfectomobile/wd/hub/session][expiry: null] match [(secure)branchtest.perfectomobile.com:443/nexperience/perfectomobile/wd/hub/session/0bb5ccaf-7de4-4682-9e6c-c5841ee5c6a7/execute]
<2017-09-26 13:06:45> DEBUG [o.a.h.c.p.RequestAddCookies] Cookie [version: 0][name: fast_failed][value: true][domain: branchtest.perfectomobile.com][path: /nexperience/perfectomobile/wd/hub/session/0bb5ccaf-7de4-4682-9e6c-c5841ee5c6a7][expiry: null] match [(secure)branchtest.perfectomobile.com:443/nexperience/perfectomobile/wd/hub/session/0bb5ccaf-7de4-4682-9e6c-c5841ee5c6a7/execute]
<2017-09-26 13:06:45> DEBUG [o.a.h.c.p.RequestAuthCache] Auth cache not set in the context
<2017-09-26 13:06:45> DEBUG [o.a.h.i.c.PoolingHttpClientConnectionManager] Connection request: [route: {s}->https://branchtest.perfectomobile.com:443][total kept alive: 3; route allocated: 3 of 2000; total allocated: 3 of 2000]
<2017-09-26 13:06:45> DEBUG [o.a.h.i.c.PoolingHttpClientConnectionManager] Connection leased: [id: 8][route: {s}->https://branchtest.perfectomobile.com:443][total kept alive: 2; route allocated: 3 of 2000; total allocated: 3 of 2000]
<2017-09-26 13:06:45> DEBUG [o.a.h.i.execchain.MainClientExec] Stale connection check
<2017-09-26 13:06:45> DEBUG [org.apache.http.wire] http-outgoing-8 << "[read] I/O error: Read timed out"
<2017-09-26 13:06:45> DEBUG [o.a.h.i.c.DefaultManagedHttpClientConnection] http-outgoing-8: set socket timeout to 10800000
<2017-09-26 13:06:45> DEBUG [o.a.h.i.execchain.MainClientExec] Executing request POST /nexperience/perfectomobile/wd/hub/session/0bb5ccaf-7de4-4682-9e6c-c5841ee5c6a7/execute HTTP/1.1
<2017-09-26 13:06:45> DEBUG [o.a.h.i.execchain.MainClientExec] Target auth state: UNCHALLENGED
<2017-09-26 13:06:45> DEBUG [o.a.h.i.execchain.MainClientExec] Proxy auth state: UNCHALLENGED
<2017-09-26 13:06:45> DEBUG [org.apache.http.headers] http-outgoing-8 >> POST /nexperience/perfectomobile/wd/hub/session/0bb5ccaf-7de4-4682-9e6c-c5841ee5c6a7/execute HTTP/1.1
<2017-09-26 13:06:45> DEBUG [org.apache.http.headers] http-outgoing-8 >> Content-Type: application/json; charset=utf-8
<2017-09-26 13:06:45> DEBUG [org.apache.http.headers] http-outgoing-8 >> Content-Length: 54
<2017-09-26 13:06:45> DEBUG [org.apache.http.headers] http-outgoing-8 >> Host: branchtest.perfectomobile.com
<2017-09-26 13:06:45> DEBUG [org.apache.http.headers] http-outgoing-8 >> Connection: Keep-Alive
<2017-09-26 13:06:45> DEBUG [org.apache.http.headers] http-outgoing-8 >> User-Agent: Apache-HttpClient/4.5.2 (Java/1.8.0_121)
<2017-09-26 13:06:45> DEBUG [org.apache.http.headers] http-outgoing-8 >> Cookie: JSESSIONID=F6E28E4994D1584E597DBDFCCCB1737E; fast_failed=true; fast_failed=true; fast_failed=true
<2017-09-26 13:06:45> DEBUG [org.apache.http.headers] http-outgoing-8 >> Accept-Encoding: gzip,deflate
<2017-09-26 13:06:45> DEBUG [org.apache.http.wire] http-outgoing-8 >> "POST /nexperience/perfectomobile/wd/hub/session/0bb5ccaf-7de4-4682-9e6c-c5841ee5c6a7/execute HTTP/1.1[\r][\n]"
<2017-09-26 13:06:45> DEBUG [org.apache.http.wire] http-outgoing-8 >> "Content-Type: application/json; charset=utf-8[\r][\n]"
<2017-09-26 13:06:45> DEBUG [org.apache.http.wire] http-outgoing-8 >> "Content-Length: 54[\r][\n]"
<2017-09-26 13:06:45> DEBUG [org.apache.http.wire] http-outgoing-8 >> "Host: branchtest.perfectomobile.com[\r][\n]"
<2017-09-26 13:06:45> DEBUG [org.apache.http.wire] http-outgoing-8 >> "Connection: Keep-Alive[\r][\n]"
<2017-09-26 13:06:45> DEBUG [org.apache.http.wire] http-outgoing-8 >> "User-Agent: Apache-HttpClient/4.5.2 (Java/1.8.0_121)[\r][\n]"
<2017-09-26 13:06:45> DEBUG [org.apache.http.wire] http-outgoing-8 >> "Cookie: JSESSIONID=F6E28E4994D1584E597DBDFCCCB1737E; fast_failed=true; fast_failed=true; fast_failed=true[\r][\n]"
<2017-09-26 13:06:45> DEBUG [org.apache.http.wire] http-outgoing-8 >> "Accept-Encoding: gzip,deflate[\r][\n]"
<2017-09-26 13:06:45> DEBUG [org.apache.http.wire] http-outgoing-8 >> "[\r][\n]"
<2017-09-26 13:06:45> DEBUG [org.apache.http.wire] http-outgoing-8 >> "{"script":"mobile:step:end","args":[{"message":null}]}"
<2017-09-26 13:06:45> DEBUG [org.apache.http.wire] http-outgoing-8 << "HTTP/1.1 200 OK[\r][\n]"
<2017-09-26 13:06:45> DEBUG [org.apache.http.wire] http-outgoing-8 << "Server: nginx[\r][\n]"
<2017-09-26 13:06:45> DEBUG [org.apache.http.wire] http-outgoing-8 << "Date: Tue, 26 Sep 2017 10:06:41 GMT[\r][\n]"
<2017-09-26 13:06:45> DEBUG [org.apache.http.wire] http-outgoing-8 << "Content-Type: application/json;charset=utf-8[\r][\n]"
<2017-09-26 13:06:45> DEBUG [org.apache.http.wire] http-outgoing-8 << "Transfer-Encoding: chunked[\r][\n]"
<2017-09-26 13:06:45> DEBUG [org.apache.http.wire] http-outgoing-8 << "Connection: keep-alive[\r][\n]"
<2017-09-26 13:06:45> DEBUG [org.apache.http.wire] http-outgoing-8 << "Set-Cookie: JSESSIONID=F6E28E4994D1584E597DBDFCCCB1737E; Path=/nexperience/; HttpOnly[\r][\n]"
<2017-09-26 13:06:45> DEBUG [org.apache.http.wire] http-outgoing-8 << "Expires: Thu, 01 Jan 1970 00:00:00 GMT[\r][\n]"
<2017-09-26 13:06:45> DEBUG [org.apache.http.wire] http-outgoing-8 << "Cache-Control: no-cache[\r][\n]"
<2017-09-26 13:06:45> DEBUG [org.apache.http.wire] http-outgoing-8 << "Cache-Control: no-cache[\r][\n]"
<2017-09-26 13:06:45> DEBUG [org.apache.http.wire] http-outgoing-8 << "Expires: Thu, 01 Jan 1970 00:00:00 GMT[\r][\n]"
<2017-09-26 13:06:45> DEBUG [org.apache.http.wire] http-outgoing-8 << "Set-Cookie: fast_failed=true[\r][\n]"
<2017-09-26 13:06:45> DEBUG [org.apache.http.wire] http-outgoing-8 << "X-XSS-Protection: 2; mode=block[\r][\n]"
<2017-09-26 13:06:45> DEBUG [org.apache.http.wire] http-outgoing-8 << "Content-Encoding: gzip[\r][\n]"
<2017-09-26 13:06:45> DEBUG [org.apache.http.wire] http-outgoing-8 << "[\r][\n]"
<2017-09-26 13:06:45> DEBUG [org.apache.http.wire] http-outgoing-8 << "95[\r][\n]"
<2017-09-26 13:06:45> DEBUG [org.apache.http.wire] http-outgoing-8 << "[0x1f][0x8b][0x8][0x0][0x0][0x0][0x0][0x0][0x0][0x3]-[0xcc][0xbb][0x12][0x82]0[0x10][0x85][0xe1]w[0xd9][0x9a]d[0x2][0x93][0xb][0xd2]Z[0xd9][0xfa][0x6]a[0xb3]*3![0x1][0x96][0xd8]8[0xbe][0xbb][[0xd8][0xfe][0xf3][0x9d][0xf3][0x1]&[0xe6][0xa5][0x96][[0x82][0x9][0xcc]<;[0xc4][0xf8]P![0x91]U[0xd6][0x8f][0x83][0xba][0x90]G[0x85]n[0xb4]=[0x91]C[0x1f][0x3]t[0xc0]g<I87DYKy]k[0x92][0xe2][0xec][0x10][0x8c][0xef][0x87][0xd0][0xc1];[0xe6]&[0xa5][0xb4][0x9c];[0xc0][0x1c][0x85]MP[0x8f][0xa7][0xae][0x1b][0x95]=j[0xa6]Lei[0xab]>h[0xad]'[0xe9];[0xf1]V[0xb][0xd3][0xff][0xbe][0x9]7[0xdf][0x1f]66[0x14][0xae][0x9e][0x0][0x0][0x0][\r][\n]"
<2017-09-26 13:06:45> DEBUG [org.apache.http.wire] http-outgoing-8 << "0[\r][\n]"
<2017-09-26 13:06:45> DEBUG [org.apache.http.wire] http-outgoing-8 << "[\r][\n]"
<2017-09-26 13:06:45> DEBUG [org.apache.http.headers] http-outgoing-8 << HTTP/1.1 200 OK
<2017-09-26 13:06:45> DEBUG [org.apache.http.headers] http-outgoing-8 << Server: nginx
<2017-09-26 13:06:45> DEBUG [org.apache.http.headers] http-outgoing-8 << Date: Tue, 26 Sep 2017 10:06:41 GMT
<2017-09-26 13:06:45> DEBUG [org.apache.http.headers] http-outgoing-8 << Content-Type: application/json;charset=utf-8
<2017-09-26 13:06:45> DEBUG [org.apache.http.headers] http-outgoing-8 << Transfer-Encoding: chunked
<2017-09-26 13:06:45> DEBUG [org.apache.http.headers] http-outgoing-8 << Connection: keep-alive
<2017-09-26 13:06:45> DEBUG [org.apache.http.headers] http-outgoing-8 << Set-Cookie: JSESSIONID=F6E28E4994D1584E597DBDFCCCB1737E; Path=/nexperience/; HttpOnly
<2017-09-26 13:06:45> DEBUG [org.apache.http.headers] http-outgoing-8 << Expires: Thu, 01 Jan 1970 00:00:00 GMT
<2017-09-26 13:06:45> DEBUG [org.apache.http.headers] http-outgoing-8 << Cache-Control: no-cache
<2017-09-26 13:06:45> DEBUG [org.apache.http.headers] http-outgoing-8 << Cache-Control: no-cache
<2017-09-26 13:06:45> DEBUG [org.apache.http.headers] http-outgoing-8 << Expires: Thu, 01 Jan 1970 00:00:00 GMT
<2017-09-26 13:06:45> DEBUG [org.apache.http.headers] http-outgoing-8 << Set-Cookie: fast_failed=true
<2017-09-26 13:06:45> DEBUG [org.apache.http.headers] http-outgoing-8 << X-XSS-Protection: 2; mode=block
<2017-09-26 13:06:45> DEBUG [org.apache.http.headers] http-outgoing-8 << Content-Encoding: gzip
<2017-09-26 13:06:45> DEBUG [o.a.h.i.execchain.MainClientExec] Connection can be kept alive indefinitely
<2017-09-26 13:06:45> DEBUG [o.a.h.c.p.ResponseProcessCookies] Cookie accepted [JSESSIONID="F6E28E4994D1584E597DBDFCCCB1737E", version:0, domain:branchtest.perfectomobile.com, path:/nexperience/, expiry:null]
<2017-09-26 13:06:45> DEBUG [o.a.h.c.p.ResponseProcessCookies] Cookie accepted [fast_failed="true", version:0, domain:branchtest.perfectomobile.com, path:/nexperience/perfectomobile/wd/hub/session/0bb5ccaf-7de4-4682-9e6c-c5841ee5c6a7, expiry:null]
<2017-09-26 13:06:45> DEBUG [o.a.h.i.c.PoolingHttpClientConnectionManager] Connection [id: 8][route: {s}->https://branchtest.perfectomobile.com:443] can be kept alive indefinitely
<2017-09-26 13:06:45> DEBUG [o.a.h.i.c.PoolingHttpClientConnectionManager] Connection released: [id: 8][route: {s}->https://branchtest.perfectomobile.com:443][total kept alive: 3; route allocated: 3 of 2000; total allocated: 3 of 2000]
<2017-09-26 13:06:45> DEBUG [o.a.h.c.p.RequestAddCookies] CookieSpec selected: default
<2017-09-26 13:06:45> DEBUG [o.a.h.c.p.RequestAddCookies] Cookie [version: 0][name: JSESSIONID][value: F6E28E4994D1584E597DBDFCCCB1737E][domain: branchtest.perfectomobile.com][path: /nexperience/][expiry: null] match [(secure)branchtest.perfectomobile.com:443/nexperience/perfectomobile/wd/hub/session/0bb5ccaf-7de4-4682-9e6c-c5841ee5c6a7/execute]
<2017-09-26 13:06:45> DEBUG [o.a.h.c.p.RequestAddCookies] Cookie [version: 0][name: fast_failed][value: true][domain: branchtest.perfectomobile.com][path: /nexperience/perfectomobile/wd/hub][expiry: null] match [(secure)branchtest.perfectomobile.com:443/nexperience/perfectomobile/wd/hub/session/0bb5ccaf-7de4-4682-9e6c-c5841ee5c6a7/execute]
<2017-09-26 13:06:45> DEBUG [o.a.h.c.p.RequestAddCookies] Cookie [version: 0][name: fast_failed][value: true][domain: branchtest.perfectomobile.com][path: /nexperience/perfectomobile/wd/hub/session][expiry: null] match [(secure)branchtest.perfectomobile.com:443/nexperience/perfectomobile/wd/hub/session/0bb5ccaf-7de4-4682-9e6c-c5841ee5c6a7/execute]
<2017-09-26 13:06:45> DEBUG [o.a.h.c.p.RequestAddCookies] Cookie [version: 0][name: fast_failed][value: true][domain: branchtest.perfectomobile.com][path: /nexperience/perfectomobile/wd/hub/session/0bb5ccaf-7de4-4682-9e6c-c5841ee5c6a7][expiry: null] match [(secure)branchtest.perfectomobile.com:443/nexperience/perfectomobile/wd/hub/session/0bb5ccaf-7de4-4682-9e6c-c5841ee5c6a7/execute]
<2017-09-26 13:06:45> DEBUG [o.a.h.c.p.RequestAuthCache] Auth cache not set in the context
<2017-09-26 13:06:45> DEBUG [o.a.h.i.c.PoolingHttpClientConnectionManager] Connection request: [route: {s}->https://branchtest.perfectomobile.com:443][total kept alive: 3; route allocated: 3 of 2000; total allocated: 3 of 2000]
<2017-09-26 13:06:45> DEBUG [o.a.h.i.c.PoolingHttpClientConnectionManager] Connection leased: [id: 8][route: {s}->https://branchtest.perfectomobile.com:443][total kept alive: 2; route allocated: 3 of 2000; total allocated: 3 of 2000]
<2017-09-26 13:06:45> DEBUG [o.a.h.i.execchain.MainClientExec] Stale connection check
<2017-09-26 13:06:45> DEBUG [org.apache.http.wire] http-outgoing-8 << "[read] I/O error: Read timed out"
<2017-09-26 13:06:45> DEBUG [o.a.h.i.c.DefaultManagedHttpClientConnection] http-outgoing-8: set socket timeout to 10800000
<2017-09-26 13:06:45> DEBUG [o.a.h.i.execchain.MainClientExec] Executing request POST /nexperience/perfectomobile/wd/hub/session/0bb5ccaf-7de4-4682-9e6c-c5841ee5c6a7/execute HTTP/1.1
<2017-09-26 13:06:45> DEBUG [o.a.h.i.execchain.MainClientExec] Target auth state: UNCHALLENGED
<2017-09-26 13:06:45> DEBUG [o.a.h.i.execchain.MainClientExec] Proxy auth state: UNCHALLENGED
<2017-09-26 13:06:45> DEBUG [org.apache.http.headers] http-outgoing-8 >> POST /nexperience/perfectomobile/wd/hub/session/0bb5ccaf-7de4-4682-9e6c-c5841ee5c6a7/execute HTTP/1.1
<2017-09-26 13:06:45> DEBUG [org.apache.http.headers] http-outgoing-8 >> Content-Type: application/json; charset=utf-8
<2017-09-26 13:06:45> DEBUG [org.apache.http.headers] http-outgoing-8 >> Content-Length: 72
<2017-09-26 13:06:45> DEBUG [org.apache.http.headers] http-outgoing-8 >> Host: branchtest.perfectomobile.com
<2017-09-26 13:06:45> DEBUG [org.apache.http.headers] http-outgoing-8 >> Connection: Keep-Alive
<2017-09-26 13:06:45> DEBUG [org.apache.http.headers] http-outgoing-8 >> User-Agent: Apache-HttpClient/4.5.2 (Java/1.8.0_121)
<2017-09-26 13:06:45> DEBUG [org.apache.http.headers] http-outgoing-8 >> Cookie: JSESSIONID=F6E28E4994D1584E597DBDFCCCB1737E; fast_failed=true; fast_failed=true; fast_failed=true
<2017-09-26 13:06:45> DEBUG [org.apache.http.headers] http-outgoing-8 >> Accept-Encoding: gzip,deflate
<2017-09-26 13:06:45> DEBUG [org.apache.http.wire] http-outgoing-8 >> "POST /nexperience/perfectomobile/wd/hub/session/0bb5ccaf-7de4-4682-9e6c-c5841ee5c6a7/execute HTTP/1.1[\r][\n]"
<2017-09-26 13:06:45> DEBUG [org.apache.http.wire] http-outgoing-8 >> "Content-Type: application/json; charset=utf-8[\r][\n]"
<2017-09-26 13:06:45> DEBUG [org.apache.http.wire] http-outgoing-8 >> "Content-Length: 72[\r][\n]"
<2017-09-26 13:06:45> DEBUG [org.apache.http.wire] http-outgoing-8 >> "Host: branchtest.perfectomobile.com[\r][\n]"
<2017-09-26 13:06:45> DEBUG [org.apache.http.wire] http-outgoing-8 >> "Connection: Keep-Alive[\r][\n]"
<2017-09-26 13:06:45> DEBUG [org.apache.http.wire] http-outgoing-8 >> "User-Agent: Apache-HttpClient/4.5.2 (Java/1.8.0_121)[\r][\n]"
<2017-09-26 13:06:45> DEBUG [org.apache.http.wire] http-outgoing-8 >> "Cookie: JSESSIONID=F6E28E4994D1584E597DBDFCCCB1737E; fast_failed=true; fast_failed=true; fast_failed=true[\r][\n]"
<2017-09-26 13:06:45> DEBUG [org.apache.http.wire] http-outgoing-8 >> "Accept-Encoding: gzip,deflate[\r][\n]"
<2017-09-26 13:06:45> DEBUG [org.apache.http.wire] http-outgoing-8 >> "[\r][\n]"
<2017-09-26 13:06:45> DEBUG [org.apache.http.wire] http-outgoing-8 >> "{"script":"mobile:step:start","args":[{"name":"Going to registration"}]}"
<2017-09-26 13:06:45> DEBUG [org.apache.http.wire] http-outgoing-8 << "HTTP/1.1 200 OK[\r][\n]"
<2017-09-26 13:06:45> DEBUG [org.apache.http.wire] http-outgoing-8 << "Server: nginx[\r][\n]"
<2017-09-26 13:06:45> DEBUG [org.apache.http.wire] http-outgoing-8 << "Date: Tue, 26 Sep 2017 10:06:41 GMT[\r][\n]"
<2017-09-26 13:06:45> DEBUG [org.apache.http.wire] http-outgoing-8 << "Content-Type: application/json;charset=utf-8[\r][\n]"
<2017-09-26 13:06:45> DEBUG [org.apache.http.wire] http-outgoing-8 << "Transfer-Encoding: chunked[\r][\n]"
<2017-09-26 13:06:45> DEBUG [org.apache.http.wire] http-outgoing-8 << "Connection: keep-alive[\r][\n]"
<2017-09-26 13:06:45> DEBUG [org.apache.http.wire] http-outgoing-8 << "Set-Cookie: JSESSIONID=F6E28E4994D1584E597DBDFCCCB1737E; Path=/nexperience/; HttpOnly[\r][\n]"
<2017-09-26 13:06:45> DEBUG [org.apache.http.wire] http-outgoing-8 << "Expires: Thu, 01 Jan 1970 00:00:00 GMT[\r][\n]"
<2017-09-26 13:06:45> DEBUG [org.apache.http.wire] http-outgoing-8 << "Cache-Control: no-cache[\r][\n]"
<2017-09-26 13:06:45> DEBUG [org.apache.http.wire] http-outgoing-8 << "Cache-Control: no-cache[\r][\n]"
<2017-09-26 13:06:45> DEBUG [org.apache.http.wire] http-outgoing-8 << "Expires: Thu, 01 Jan 1970 00:00:00 GMT[\r][\n]"
<2017-09-26 13:06:45> DEBUG [org.apache.http.wire] http-outgoing-8 << "Set-Cookie: fast_failed=true[\r][\n]"
<2017-09-26 13:06:45> DEBUG [org.apache.http.wire] http-outgoing-8 << "X-XSS-Protection: 2; mode=block[\r][\n]"
<2017-09-26 13:06:45> DEBUG [org.apache.http.wire] http-outgoing-8 << "Content-Encoding: gzip[\r][\n]"
<2017-09-26 13:06:45> DEBUG [org.apache.http.wire] http-outgoing-8 << "[\r][\n]"
<2017-09-26 13:06:45> DEBUG [org.apache.http.wire] http-outgoing-8 << "94[\r][\n]"
<2017-09-26 13:06:45> DEBUG [org.apache.http.wire] http-outgoing-8 << "[0x1f][0x8b][0x8][0x0][0x0][0x0][0x0][0x0][0x0][0x3]-[0xcc][0xc1][0xe][0x82]0[0x10][0x4][0xd0]]]>&#x7f;<![CDATA[[0xd9]3m[0x0][0xb][0xad]^=y[0xf5][0xf][0xca]2*[0x9][0xb4][0xc8]R/[0xc6]]]>&#x7f;<![CDATA[wM[0xbc][0xce][0xbc][0x99]7[0x9]D[0xa6][0x9c].#[0x9d][0xa8][0x1e][0x86][0x8e]9[0xde][0x8c][0x1f][0xe1][0x8c][0xeb]Ck[0x8e][0xe8][0xd9]p[0x17]\[0x3]t[0xdc]GO[0x15][0xc9][0x1e]w([0x97][0xc2][0xac]kM[0x1e][0xe7]<j[0xd2][0xf8][0xb6]v[0xc1][0x1f][0x9a]P[0xd1]+[0xce][0xe5][0x87][0xb4][0xe5]9[0xaa]:Q[0xde][0xee]6[0xaf]H[0xcf]h[0x5]3[0xd2]T[0x16][0xbb]a[0xc9];[0xec][0x15][0xb2][0xe6]$[0xf8][0xbf][0x17][0xe5][0xf5][0xe7][0xb]vjY[0xfe][0x9d][0x0][0x0][0x0][\r][\n]"
<2017-09-26 13:06:45> DEBUG [org.apache.http.wire] http-outgoing-8 << "0[\r][\n]"
<2017-09-26 13:06:45> DEBUG [org.apache.http.wire] http-outgoing-8 << "[\r][\n]"
<2017-09-26 13:06:45> DEBUG [org.apache.http.headers] http-outgoing-8 << HTTP/1.1 200 OK
<2017-09-26 13:06:45> DEBUG [org.apache.http.headers] http-outgoing-8 << Server: nginx
<2017-09-26 13:06:45> DEBUG [org.apache.http.headers] http-outgoing-8 << Date: Tue, 26 Sep 2017 10:06:41 GMT
<2017-09-26 13:06:45> DEBUG [org.apache.http.headers] http-outgoing-8 << Content-Type: application/json;charset=utf-8
<2017-09-26 13:06:45> DEBUG [org.apache.http.headers] http-outgoing-8 << Transfer-Encoding: chunked
<2017-09-26 13:06:45> DEBUG [org.apache.http.headers] http-outgoing-8 << Connection: keep-alive
<2017-09-26 13:06:45> DEBUG [org.apache.http.headers] http-outgoing-8 << Set-Cookie: JSESSIONID=F6E28E4994D1584E597DBDFCCCB1737E; Path=/nexperience/; HttpOnly
<2017-09-26 13:06:45> DEBUG [org.apache.http.headers] http-outgoing-8 << Expires: Thu, 01 Jan 1970 00:00:00 GMT
<2017-09-26 13:06:45> DEBUG [org.apache.http.headers] http-outgoing-8 << Cache-Control: no-cache
<2017-09-26 13:06:45> DEBUG [org.apache.http.headers] http-outgoing-8 << Cache-Control: no-cache
<2017-09-26 13:06:45> DEBUG [org.apache.http.headers] http-outgoing-8 << Expires: Thu, 01 Jan 1970 00:00:00 GMT
<2017-09-26 13:06:45> DEBUG [org.apache.http.headers] http-outgoing-8 << Set-Cookie: fast_failed=true
<2017-09-26 13:06:45> DEBUG [org.apache.http.headers] http-outgoing-8 << X-XSS-Protection: 2; mode=block
<2017-09-26 13:06:45> DEBUG [org.apache.http.headers] http-outgoing-8 << Content-Encoding: gzip
<2017-09-26 13:06:45> DEBUG [o.a.h.i.execchain.MainClientExec] Connection can be kept alive indefinitely
<2017-09-26 13:06:45> DEBUG [o.a.h.c.p.ResponseProcessCookies] Cookie accepted [JSESSIONID="F6E28E4994D1584E597DBDFCCCB1737E", version:0, domain:branchtest.perfectomobile.com, path:/nexperience/, expiry:null]
<2017-09-26 13:06:45> DEBUG [o.a.h.c.p.ResponseProcessCookies] Cookie accepted [fast_failed="true", version:0, domain:branchtest.perfectomobile.com, path:/nexperience/perfectomobile/wd/hub/session/0bb5ccaf-7de4-4682-9e6c-c5841ee5c6a7, expiry:null]
<2017-09-26 13:06:45> DEBUG [o.a.h.i.c.PoolingHttpClientConnectionManager] Connection [id: 8][route: {s}->https://branchtest.perfectomobile.com:443] can be kept alive indefinitely
<2017-09-26 13:06:45> DEBUG [o.a.h.i.c.PoolingHttpClientConnectionManager] Connection released: [id: 8][route: {s}->https://branchtest.perfectomobile.com:443][total kept alive: 3; route allocated: 3 of 2000; total allocated: 3 of 2000]
<2017-09-26 13:06:45> DEBUG [o.a.h.c.p.RequestAddCookies] CookieSpec selected: default
<2017-09-26 13:06:45> DEBUG [o.a.h.c.p.RequestAddCookies] Cookie [version: 0][name: JSESSIONID][value: F6E28E4994D1584E597DBDFCCCB1737E][domain: branchtest.perfectomobile.com][path: /nexperience/][expiry: null] match [(secure)branchtest.perfectomobile.com:443/nexperience/perfectomobile/wd/hub/session/0bb5ccaf-7de4-4682-9e6c-c5841ee5c6a7/element]
<2017-09-26 13:06:45> DEBUG [o.a.h.c.p.RequestAddCookies] Cookie [version: 0][name: fast_failed][value: true][domain: branchtest.perfectomobile.com][path: /nexperience/perfectomobile/wd/hub][expiry: null] match [(secure)branchtest.perfectomobile.com:443/nexperience/perfectomobile/wd/hub/session/0bb5ccaf-7de4-4682-9e6c-c5841ee5c6a7/element]
<2017-09-26 13:06:45> DEBUG [o.a.h.c.p.RequestAddCookies] Cookie [version: 0][name: fast_failed][value: true][domain: branchtest.perfectomobile.com][path: /nexperience/perfectomobile/wd/hub/session][expiry: null] match [(secure)branchtest.perfectomobile.com:443/nexperience/perfectomobile/wd/hub/session/0bb5ccaf-7de4-4682-9e6c-c5841ee5c6a7/element]
<2017-09-26 13:06:45> DEBUG [o.a.h.c.p.RequestAddCookies] Cookie [version: 0][name: fast_failed][value: true][domain: branchtest.perfectomobile.com][path: /nexperience/perfectomobile/wd/hub/session/0bb5ccaf-7de4-4682-9e6c-c5841ee5c6a7][expiry: null] match [(secure)branchtest.perfectomobile.com:443/nexperience/perfectomobile/wd/hub/session/0bb5ccaf-7de4-4682-9e6c-c5841ee5c6a7/element]
<2017-09-26 13:06:45> DEBUG [o.a.h.c.p.RequestAuthCache] Auth cache not set in the context
<2017-09-26 13:06:45> DEBUG [o.a.h.i.c.PoolingHttpClientConnectionManager] Connection request: [route: {s}->https://branchtest.perfectomobile.com:443][total kept alive: 3; route allocated: 3 of 2000; total allocated: 3 of 2000]
<2017-09-26 13:06:45> DEBUG [o.a.h.i.c.PoolingHttpClientConnectionManager] Connection leased: [id: 8][route: {s}->https://branchtest.perfectomobile.com:443][total kept alive: 2; route allocated: 3 of 2000; total allocated: 3 of 2000]
<2017-09-26 13:06:45> DEBUG [o.a.h.i.execchain.MainClientExec] Stale connection check
<2017-09-26 13:06:45> DEBUG [org.apache.http.wire] http-outgoing-8 << "[read] I/O error: Read timed out"
<2017-09-26 13:06:45> DEBUG [o.a.h.i.c.DefaultManagedHttpClientConnection] http-outgoing-8: set socket timeout to 10800000
<2017-09-26 13:06:45> DEBUG [o.a.h.i.execchain.MainClientExec] Executing request POST /nexperience/perfectomobile/wd/hub/session/0bb5ccaf-7de4-4682-9e6c-c5841ee5c6a7/element HTTP/1.1
<2017-09-26 13:06:45> DEBUG [o.a.h.i.execchain.MainClientExec] Target auth state: UNCHALLENGED
<2017-09-26 13:06:45> DEBUG [o.a.h.i.execchain.MainClientExec] Proxy auth state: UNCHALLENGED
<2017-09-26 13:06:45> DEBUG [org.apache.http.headers] http-outgoing-8 >> POST /nexperience/perfectomobile/wd/hub/session/0bb5ccaf-7de4-4682-9e6c-c5841ee5c6a7/element HTTP/1.1
<2017-09-26 13:06:45> DEBUG [org.apache.http.headers] http-outgoing-8 >> Content-Type: application/json; charset=utf-8
<2017-09-26 13:06:45> DEBUG [org.apache.http.headers] http-outgoing-8 >> Content-Length: 80
<2017-09-26 13:06:45> DEBUG [org.apache.http.headers] http-outgoing-8 >> Host: branchtest.perfectomobile.com
<2017-09-26 13:06:45> DEBUG [org.apache.http.headers] http-outgoing-8 >> Connection: Keep-Alive
<2017-09-26 13:06:45> DEBUG [org.apache.http.headers] http-outgoing-8 >> User-Agent: Apache-HttpClient/4.5.2 (Java/1.8.0_121)
<2017-09-26 13:06:45> DEBUG [org.apache.http.headers] http-outgoing-8 >> Cookie: JSESSIONID=F6E28E4994D1584E597DBDFCCCB1737E; fast_failed=true; fast_failed=true; fast_failed=true
<2017-09-26 13:06:45> DEBUG [org.apache.http.headers] http-outgoing-8 >> Accept-Encoding: gzip,deflate
<2017-09-26 13:06:45> DEBUG [org.apache.http.wire] http-outgoing-8 >> "POST /nexperience/perfectomobile/wd/hub/session/0bb5ccaf-7de4-4682-9e6c-c5841ee5c6a7/element HTTP/1.1[\r][\n]"
<2017-09-26 13:06:45> DEBUG [org.apache.http.wire] http-outgoing-8 >> "Content-Type: application/json; charset=utf-8[\r][\n]"
<2017-09-26 13:06:45> DEBUG [org.apache.http.wire] http-outgoing-8 >> "Content-Length: 80[\r][\n]"
<2017-09-26 13:06:45> DEBUG [org.apache.http.wire] http-outgoing-8 >> "Host: branchtest.perfectomobile.com[\r][\n]"
<2017-09-26 13:06:45> DEBUG [org.apache.http.wire] http-outgoing-8 >> "Connection: Keep-Alive[\r][\n]"
<2017-09-26 13:06:45> DEBUG [org.apache.http.wire] http-outgoing-8 >> "User-Agent: Apache-HttpClient/4.5.2 (Java/1.8.0_121)[\r][\n]"
<2017-09-26 13:06:45> DEBUG [org.apache.http.wire] http-outgoing-8 >> "Cookie: JSESSIONID=F6E28E4994D1584E597DBDFCCCB1737E; fast_failed=true; fast_failed=true; fast_failed=true[\r][\n]"
<2017-09-26 13:06:45> DEBUG [org.apache.http.wire] http-outgoing-8 >> "Accept-Encoding: gzip,deflate[\r][\n]"
<2017-09-26 13:06:45> DEBUG [org.apache.http.wire] http-outgoing-8 >> "[\r][\n]"
<2017-09-26 13:06:45> DEBUG [org.apache.http.wire] http-outgoing-8 >> "{"using":"xpath","value":"//*[@id=\"wrapper\"]/div[2]/div[2]/div[5]/ul/li/a/h2"}"
<2017-09-26 13:06:45> DEBUG [org.apache.http.wire] http-outgoing-8 << "HTTP/1.1 200 OK[\r][\n]"
<2017-09-26 13:06:45> DEBUG [org.apache.http.wire] http-outgoing-8 << "Server: nginx[\r][\n]"
<2017-09-26 13:06:45> DEBUG [org.apache.http.wire] http-outgoing-8 << "Date: Tue, 26 Sep 2017 10:06:42 GMT[\r][\n]"
<2017-09-26 13:06:45> DEBUG [org.apache.http.wire] http-outgoing-8 << "Content-Type: application/json;charset=utf-8[\r][\n]"
<2017-09-26 13:06:45> DEBUG [org.apache.http.wire] http-outgoing-8 << "Transfer-Encoding: chunked[\r][\n]"
<2017-09-26 13:06:45> DEBUG [org.apache.http.wire] http-outgoing-8 << "Connection: keep-alive[\r][\n]"
<2017-09-26 13:06:45> DEBUG [org.apache.http.wire] http-outgoing-8 << "Set-Cookie: JSESSIONID=F6E28E4994D1584E597DBDFCCCB1737E; Path=/nexperience/; HttpOnly[\r][\n]"
<2017-09-26 13:06:45> DEBUG [org.apache.http.wire] http-outgoing-8 << "Expires: Thu, 01 Jan 1970 00:00:00 GMT[\r][\n]"
<2017-09-26 13:06:45> DEBUG [org.apache.http.wire] http-outgoing-8 << "Cache-Control: no-cache[\r][\n]"
<2017-09-26 13:06:45> DEBUG [org.apache.http.wire] http-outgoing-8 << "Cache-Control: no-cache[\r][\n]"
<2017-09-26 13:06:45> DEBUG [org.apache.http.wire] http-outgoing-8 << "Expires: Thu, 01 Jan 1970 00:00:00 GMT[\r][\n]"
<2017-09-26 13:06:45> DEBUG [org.apache.http.wire] http-outgoing-8 << "Set-Cookie: fast_failed=true[\r][\n]"
<2017-09-26 13:06:45> DEBUG [org.apache.http.wire] http-outgoing-8 << "X-XSS-Protection: 2; mode=block[\r][\n]"
<2017-09-26 13:06:45> DEBUG [org.apache.http.wire] http-outgoing-8 << "Content-Encoding: gzip[\r][\n]"
<2017-09-26 13:06:45> DEBUG [org.apache.http.wire] http-outgoing-8 << "[\r][\n]"
<2017-09-26 13:06:45> DEBUG [org.apache.http.wire] http-outgoing-8 << "a0[\r][\n]"
<2017-09-26 13:06:45> DEBUG [org.apache.http.wire] http-outgoing-8 << "[0x1f][0x8b][0x8][0x0][0x0][0x0][0x0][0x0][0x0][0x3]-[0x8d]A[0xe][0x82]0[0x10][0x0][0xff][0xb2]g[0xda]P[0x5]Z[0xb8][0x1a][0xe]&[0xea][0xc1][0xf8][0x81][0xb2][0xac]J[0x2]-[0xb2][0xd4][0xb][0xe1][0xef][0xee][0xc1][0xeb]d&[0xb3][0x1][0x13][0xf3][0x10][0xc3][0xb9][0x87][0x6][0xf2][0xae]+[0x11][0xfd]S[0xd9][0x9e][\n]"
<2017-09-26 13:06:45> DEBUG [org.apache.http.wire] http-outgoing-8 << "UT[0xee][0xa0]j[0xaa]Pa[0xe9][\n]"
<2017-09-26 13:06:45> DEBUG [org.apache.http.wire] http-outgoing-8 << "CTb[0xe5]-d[0xc0][0xab]_ItN[0x88]R[0xb]y[0x9f]b/[0xc4][0x94][0xd6][0x9a][0xda]9[0x93]g[0xf0][0xf5]c[0x12][0xb4]A{i[0xaf][0xed][0xed]![0xfe][0x11][0xf6][0xc]p[0xf4][0x92]4[0x10][0x97][0x97][0x8e]3[0x85][0x8f][0xd7]L#[0x85]!Mz[0xa1])[0xae][0xa4][0xef][0xc4]s[0xc]L[0xff]U[0x12]=[0xdf]]]>&#x7f;<![CDATA[T[0x9][0xaa]z[0xaa][0x0][0x0][0x0][\r][\n]"
<2017-09-26 13:06:45> DEBUG [org.apache.http.wire] http-outgoing-8 << "0[\r][\n]"
<2017-09-26 13:06:45> DEBUG [org.apache.http.wire] http-outgoing-8 << "[\r][\n]"
<2017-09-26 13:06:45> DEBUG [org.apache.http.headers] http-outgoing-8 << HTTP/1.1 200 OK
<2017-09-26 13:06:45> DEBUG [org.apache.http.headers] http-outgoing-8 << Server: nginx
<2017-09-26 13:06:45> DEBUG [org.apache.http.headers] http-outgoing-8 << Date: Tue, 26 Sep 2017 10:06:42 GMT
<2017-09-26 13:06:45> DEBUG [org.apache.http.headers] http-outgoing-8 << Content-Type: application/json;charset=utf-8
<2017-09-26 13:06:45> DEBUG [org.apache.http.headers] http-outgoing-8 << Transfer-Encoding: chunked
<2017-09-26 13:06:45> DEBUG [org.apache.http.headers] http-outgoing-8 << Connection: keep-alive
<2017-09-26 13:06:45> DEBUG [org.apache.http.headers] http-outgoing-8 << Set-Cookie: JSESSIONID=F6E28E4994D1584E597DBDFCCCB1737E; Path=/nexperience/; HttpOnly
<2017-09-26 13:06:45> DEBUG [org.apache.http.headers] http-outgoing-8 << Expires: Thu, 01 Jan 1970 00:00:00 GMT
<2017-09-26 13:06:45> DEBUG [org.apache.http.headers] http-outgoing-8 << Cache-Control: no-cache
<2017-09-26 13:06:45> DEBUG [org.apache.http.headers] http-outgoing-8 << Cache-Control: no-cache
<2017-09-26 13:06:45> DEBUG [org.apache.http.headers] http-outgoing-8 << Expires: Thu, 01 Jan 1970 00:00:00 GMT
<2017-09-26 13:06:45> DEBUG [org.apache.http.headers] http-outgoing-8 << Set-Cookie: fast_failed=true
<2017-09-26 13:06:45> DEBUG [org.apache.http.headers] http-outgoing-8 << X-XSS-Protection: 2; mode=block
<2017-09-26 13:06:45> DEBUG [org.apache.http.headers] http-outgoing-8 << Content-Encoding: gzip
<2017-09-26 13:06:45> DEBUG [o.a.h.i.execchain.MainClientExec] Connection can be kept alive indefinitely
<2017-09-26 13:06:45> DEBUG [o.a.h.c.p.ResponseProcessCookies] Cookie accepted [JSESSIONID="F6E28E4994D1584E597DBDFCCCB1737E", version:0, domain:branchtest.perfectomobile.com, path:/nexperience/, expiry:null]
<2017-09-26 13:06:45> DEBUG [o.a.h.c.p.ResponseProcessCookies] Cookie accepted [fast_failed="true", version:0, domain:branchtest.perfectomobile.com, path:/nexperience/perfectomobile/wd/hub/session/0bb5ccaf-7de4-4682-9e6c-c5841ee5c6a7, expiry:null]
<2017-09-26 13:06:45> DEBUG [o.a.h.i.c.PoolingHttpClientConnectionManager] Connection [id: 8][route: {s}->https://branchtest.perfectomobile.com:443] can be kept alive indefinitely
<2017-09-26 13:06:45> DEBUG [o.a.h.i.c.PoolingHttpClientConnectionManager] Connection released: [id: 8][route: {s}->https://branchtest.perfectomobile.com:443][total kept alive: 3; route allocated: 3 of 2000; total allocated: 3 of 2000]
<2017-09-26 13:06:45> DEBUG [o.a.h.c.p.RequestAddCookies] CookieSpec selected: default
<2017-09-26 13:06:45> DEBUG [o.a.h.c.p.RequestAddCookies] Cookie [version: 0][name: JSESSIONID][value: F6E28E4994D1584E597DBDFCCCB1737E][domain: branchtest.perfectomobile.com][path: /nexperience/][expiry: null] match [(secure)branchtest.perfectomobile.com:443/nexperience/perfectomobile/wd/hub/session/0bb5ccaf-7de4-4682-9e6c-c5841ee5c6a7/element/3/click]
<2017-09-26 13:06:45> DEBUG [o.a.h.c.p.RequestAddCookies] Cookie [version: 0][name: fast_failed][value: true][domain: branchtest.perfectomobile.com][path: /nexperience/perfectomobile/wd/hub][expiry: null] match [(secure)branchtest.perfectomobile.com:443/nexperience/perfectomobile/wd/hub/session/0bb5ccaf-7de4-4682-9e6c-c5841ee5c6a7/element/3/click]
<2017-09-26 13:06:45> DEBUG [o.a.h.c.p.RequestAddCookies] Cookie [version: 0][name: fast_failed][value: true][domain: branchtest.perfectomobile.com][path: /nexperience/perfectomobile/wd/hub/session][expiry: null] match [(secure)branchtest.perfectomobile.com:443/nexperience/perfectomobile/wd/hub/session/0bb5ccaf-7de4-4682-9e6c-c5841ee5c6a7/element/3/click]
<2017-09-26 13:06:45> DEBUG [o.a.h.c.p.RequestAddCookies] Cookie [version: 0][name: fast_failed][value: true][domain: branchtest.perfectomobile.com][path: /nexperience/perfectomobile/wd/hub/session/0bb5ccaf-7de4-4682-9e6c-c5841ee5c6a7][expiry: null] match [(secure)branchtest.perfectomobile.com:443/nexperience/perfectomobile/wd/hub/session/0bb5ccaf-7de4-4682-9e6c-c5841ee5c6a7/element/3/click]
<2017-09-26 13:06:45> DEBUG [o.a.h.c.p.RequestAuthCache] Auth cache not set in the context
<2017-09-26 13:06:45> DEBUG [o.a.h.i.c.PoolingHttpClientConnectionManager] Connection request: [route: {s}->https://branchtest.perfectomobile.com:443][total kept alive: 3; route allocated: 3 of 2000; total allocated: 3 of 2000]
<2017-09-26 13:06:45> DEBUG [o.a.h.i.c.PoolingHttpClientConnectionManager] Connection leased: [id: 8][route: {s}->https://branchtest.perfectomobile.com:443][total kept alive: 2; route allocated: 3 of 2000; total allocated: 3 of 2000]
<2017-09-26 13:06:45> DEBUG [o.a.h.i.execchain.MainClientExec] Stale connection check
<2017-09-26 13:06:45> DEBUG [org.apache.http.wire] http-outgoing-8 << "[read] I/O error: Read timed out"
<2017-09-26 13:06:45> DEBUG [o.a.h.i.c.DefaultManagedHttpClientConnection] http-outgoing-8: set socket timeout to 10800000
<2017-09-26 13:06:45> DEBUG [o.a.h.i.execchain.MainClientExec] Executing request POST /nexperience/perfectomobile/wd/hub/session/0bb5ccaf-7de4-4682-9e6c-c5841ee5c6a7/element/3/click HTTP/1.1
<2017-09-26 13:06:45> DEBUG [o.a.h.i.execchain.MainClientExec] Target auth state: UNCHALLENGED
<2017-09-26 13:06:45> DEBUG [o.a.h.i.execchain.MainClientExec] Proxy auth state: UNCHALLENGED
<2017-09-26 13:06:45> DEBUG [org.apache.http.headers] http-outgoing-8 >> POST /nexperience/perfectomobile/wd/hub/session/0bb5ccaf-7de4-4682-9e6c-c5841ee5c6a7/element/3/click HTTP/1.1
<2017-09-26 13:06:45> DEBUG [org.apache.http.headers] http-outgoing-8 >> Content-Type: application/json; charset=utf-8
<2017-09-26 13:06:45> DEBUG [org.apache.http.headers] http-outgoing-8 >> Content-Length: 10
<2017-09-26 13:06:45> DEBUG [org.apache.http.headers] http-outgoing-8 >> Host: branchtest.perfectomobile.com
<2017-09-26 13:06:45> DEBUG [org.apache.http.headers] http-outgoing-8 >> Connection: Keep-Alive
<2017-09-26 13:06:45> DEBUG [org.apache.http.headers] http-outgoing-8 >> User-Agent: Apache-HttpClient/4.5.2 (Java/1.8.0_121)
<2017-09-26 13:06:45> DEBUG [org.apache.http.headers] http-outgoing-8 >> Cookie: JSESSIONID=F6E28E4994D1584E597DBDFCCCB1737E; fast_failed=true; fast_failed=true; fast_failed=true
<2017-09-26 13:06:45> DEBUG [org.apache.http.headers] http-outgoing-8 >> Accept-Encoding: gzip,deflate
<2017-09-26 13:06:45> DEBUG [org.apache.http.wire] http-outgoing-8 >> "POST /nexperience/perfectomobile/wd/hub/session/0bb5ccaf-7de4-4682-9e6c-c5841ee5c6a7/element/3/click HTTP/1.1[\r][\n]"
<2017-09-26 13:06:45> DEBUG [org.apache.http.wire] http-outgoing-8 >> "Content-Type: application/json; charset=utf-8[\r][\n]"
<2017-09-26 13:06:45> DEBUG [org.apache.http.wire] http-outgoing-8 >> "Content-Length: 10[\r][\n]"
<2017-09-26 13:06:45> DEBUG [org.apache.http.wire] http-outgoing-8 >> "Host: branchtest.perfectomobile.com[\r][\n]"
<2017-09-26 13:06:45> DEBUG [org.apache.http.wire] http-outgoing-8 >> "Connection: Keep-Alive[\r][\n]"
<2017-09-26 13:06:45> DEBUG [org.apache.http.wire] http-outgoing-8 >> "User-Agent: Apache-HttpClient/4.5.2 (Java/1.8.0_121)[\r][\n]"
<2017-09-26 13:06:45> DEBUG [org.apache.http.wire] http-outgoing-8 >> "Cookie: JSESSIONID=F6E28E4994D1584E597DBDFCCCB1737E; fast_failed=true; fast_failed=true; fast_failed=true[\r][\n]"
<2017-09-26 13:06:45> DEBUG [org.apache.http.wire] http-outgoing-8 >> "Accept-Encoding: gzip,deflate[\r][\n]"
<2017-09-26 13:06:45> DEBUG [org.apache.http.wire] http-outgoing-8 >> "[\r][\n]"
<2017-09-26 13:06:45> DEBUG [org.apache.http.wire] http-outgoing-8 >> "{"id":"3"}"
<2017-09-26 13:06:45> DEBUG [org.apache.http.wire] http-outgoing-8 << "HTTP/1.1 200 OK[\r][\n]"
<2017-09-26 13:06:45> DEBUG [org.apache.http.wire] http-outgoing-8 << "Server: nginx[\r][\n]"
<2017-09-26 13:06:45> DEBUG [org.apache.http.wire] http-outgoing-8 << "Date: Tue, 26 Sep 2017 10:06:42 GMT[\r][\n]"
<2017-09-26 13:06:45> DEBUG [org.apache.http.wire] http-outgoing-8 << "Content-Type: application/json;charset=utf-8[\r][\n]"
<2017-09-26 13:06:45> DEBUG [org.apache.http.wire] http-outgoing-8 << "Transfer-Encoding: chunked[\r][\n]"
<2017-09-26 13:06:45> DEBUG [org.apache.http.wire] http-outgoing-8 << "Connection: keep-alive[\r][\n]"
<2017-09-26 13:06:45> DEBUG [org.apache.http.wire] http-outgoing-8 << "Set-Cookie: JSESSIONID=F6E28E4994D1584E597DBDFCCCB1737E; Path=/nexperience/; HttpOnly[\r][\n]"
<2017-09-26 13:06:45> DEBUG [org.apache.http.wire] http-outgoing-8 << "Expires: Thu, 01 Jan 1970 00:00:00 GMT[\r][\n]"
<2017-09-26 13:06:45> DEBUG [org.apache.http.wire] http-outgoing-8 << "Cache-Control: no-cache[\r][\n]"
<2017-09-26 13:06:45> DEBUG [org.apache.http.wire] http-outgoing-8 << "Cache-Control: no-cache[\r][\n]"
<2017-09-26 13:06:45> DEBUG [org.apache.http.wire] http-outgoing-8 << "Expires: Thu, 01 Jan 1970 00:00:00 GMT[\r][\n]"
<2017-09-26 13:06:45> DEBUG [org.apache.http.wire] http-outgoing-8 << "Set-Cookie: fast_failed=true[\r][\n]"
<2017-09-26 13:06:45> DEBUG [org.apache.http.wire] http-outgoing-8 << "X-XSS-Protection: 2; mode=block[\r][\n]"
<2017-09-26 13:06:45> DEBUG [org.apache.http.wire] http-outgoing-8 << "Content-Encoding: gzip[\r][\n]"
<2017-09-26 13:06:45> DEBUG [org.apache.http.wire] http-outgoing-8 << "[\r][\n]"
<2017-09-26 13:06:45> DEBUG [org.apache.http.wire] http-outgoing-8 << "96[\r][\n]"
<2017-09-26 13:06:45> DEBUG [org.apache.http.wire] http-outgoing-8 << "[0x1f][0x8b][0x8][0x0][0x0][0x0][0x0][0x0][0x0][0x3]-[0xcc]1[0x12][0xc2] [0x10][0x85][0xe1][0xbb]l[0x1d][0x18]L[0x2][0xc4][0xb4]V[0xb6][0xde][0x80],[0xab]f[0x86]@[0xcc][0x82][0x8d][0xe3][0xdd][0xdd][0xc2][0xf6][0x9f][0xef][0xbd][0xf]01[0xaf]%_#[0xcc]`[0x96][0xc5]"[0x86][0xbb][0xf2][0x91]F5[0xba][0xa9]Wgr[0xa8][0xd0]N[0xe3][0x89][0xc8][0xa2][0xb][0x1e]:[0xe0][0x1a]*[0x9][0xe7][0x86](k)[0xcf]K[0x89]Rzc[0xfa][0xc1]X[0xef][0x87][0xe][0xde]!5I[0xb9][0xa5][0xd4][0x1][0xa6] n[0x86]r<t[0xd9])[0xbf][0x82]fJ[0x94][0xd7][0xb6][0xe9][0x83][0xb6]RI[0xdf][0x88][0xf7][0x92][0x99][0xfe][0xff]M[0xb8][0xf9][0xfe][0x0][0xb]d7[0x9a][0x9f][0x0][0x0][0x0][\r][\n]"
<2017-09-26 13:06:45> DEBUG [org.apache.http.wire] http-outgoing-8 << "0[\r][\n]"
<2017-09-26 13:06:45> DEBUG [org.apache.http.wire] http-outgoing-8 << "[\r][\n]"
<2017-09-26 13:06:45> DEBUG [org.apache.http.headers] http-outgoing-8 << HTTP/1.1 200 OK
<2017-09-26 13:06:45> DEBUG [org.apache.http.headers] http-outgoing-8 << Server: nginx
<2017-09-26 13:06:45> DEBUG [org.apache.http.headers] http-outgoing-8 << Date: Tue, 26 Sep 2017 10:06:42 GMT
<2017-09-26 13:06:45> DEBUG [org.apache.http.headers] http-outgoing-8 << Content-Type: application/json;charset=utf-8
<2017-09-26 13:06:45> DEBUG [org.apache.http.headers] http-outgoing-8 << Transfer-Encoding: chunked
<2017-09-26 13:06:45> DEBUG [org.apache.http.headers] http-outgoing-8 << Connection: keep-alive
<2017-09-26 13:06:45> DEBUG [org.apache.http.headers] http-outgoing-8 << Set-Cookie: JSESSIONID=F6E28E4994D1584E597DBDFCCCB1737E; Path=/nexperience/; HttpOnly
<2017-09-26 13:06:45> DEBUG [org.apache.http.headers] http-outgoing-8 << Expires: Thu, 01 Jan 1970 00:00:00 GMT
<2017-09-26 13:06:45> DEBUG [org.apache.http.headers] http-outgoing-8 << Cache-Control: no-cache
<2017-09-26 13:06:45> DEBUG [org.apache.http.headers] http-outgoing-8 << Cache-Control: no-cache
<2017-09-26 13:06:45> DEBUG [org.apache.http.headers] http-outgoing-8 << Expires: Thu, 01 Jan 1970 00:00:00 GMT
<2017-09-26 13:06:45> DEBUG [org.apache.http.headers] http-outgoing-8 << Set-Cookie: fast_failed=true
<2017-09-26 13:06:45> DEBUG [org.apache.http.headers] http-outgoing-8 << X-XSS-Protection: 2; mode=block
<2017-09-26 13:06:45> DEBUG [org.apache.http.headers] http-outgoing-8 << Content-Encoding: gzip
<2017-09-26 13:06:45> DEBUG [o.a.h.i.execchain.MainClientExec] Connection can be kept alive indefinitely
<2017-09-26 13:06:45> DEBUG [o.a.h.c.p.ResponseProcessCookies] Cookie accepted [JSESSIONID="F6E28E4994D1584E597DBDFCCCB1737E", version:0, domain:branchtest.perfectomobile.com, path:/nexperience/, expiry:null]
<2017-09-26 13:06:45> DEBUG [o.a.h.c.p.ResponseProcessCookies] Cookie accepted [fast_failed="true", version:0, domain:branchtest.perfectomobile.com, path:/nexperience/perfectomobile/wd/hub/session/0bb5ccaf-7de4-4682-9e6c-c5841ee5c6a7/element/3, expiry:null]
<2017-09-26 13:06:45> DEBUG [o.a.h.i.c.PoolingHttpClientConnectionManager] Connection [id: 8][route: {s}->https://branchtest.perfectomobile.com:443] can be kept alive indefinitely
<2017-09-26 13:06:45> DEBUG [o.a.h.i.c.PoolingHttpClientConnectionManager] Connection released: [id: 8][route: {s}->https://branchtest.perfectomobile.com:443][total kept alive: 3; route allocated: 3 of 2000; total allocated: 3 of 2000]
<2017-09-26 13:06:46> DEBUG [o.a.h.c.p.RequestAddCookies] CookieSpec selected: default
<2017-09-26 13:06:46> DEBUG [o.a.h.c.p.RequestAddCookies] Cookie [version: 0][name: JSESSIONID][value: F6E28E4994D1584E597DBDFCCCB1737E][domain: branchtest.perfectomobile.com][path: /nexperience/][expiry: null] match [(secure)branchtest.perfectomobile.com:443/nexperience/perfectomobile/wd/hub/session/cabc1017-92e0-4ebc-8d17-fffda1c413a6/execute]
<2017-09-26 13:06:46> DEBUG [o.a.h.c.p.RequestAddCookies] Cookie [version: 0][name: fast_failed][value: true][domain: branchtest.perfectomobile.com][path: /nexperience/perfectomobile/wd/hub][expiry: null] match [(secure)branchtest.perfectomobile.com:443/nexperience/perfectomobile/wd/hub/session/cabc1017-92e0-4ebc-8d17-fffda1c413a6/execute]
<2017-09-26 13:06:46> DEBUG [o.a.h.c.p.RequestAddCookies] Cookie [version: 0][name: fast_failed][value: true][domain: branchtest.perfectomobile.com][path: /nexperience/perfectomobile/wd/hub/session][expiry: null] match [(secure)branchtest.perfectomobile.com:443/nexperience/perfectomobile/wd/hub/session/cabc1017-92e0-4ebc-8d17-fffda1c413a6/execute]
<2017-09-26 13:06:46> DEBUG [o.a.h.c.p.RequestAddCookies] Cookie [version: 0][name: fast_failed][value: true][domain: branchtest.perfectomobile.com][path: /nexperience/perfectomobile/wd/hub/session/cabc1017-92e0-4ebc-8d17-fffda1c413a6][expiry: null] match [(secure)branchtest.perfectomobile.com:443/nexperience/perfectomobile/wd/hub/session/cabc1017-92e0-4ebc-8d17-fffda1c413a6/execute]
<2017-09-26 13:06:46> DEBUG [o.a.h.c.p.RequestAuthCache] Auth cache not set in the context
<2017-09-26 13:06:46> DEBUG [o.a.h.i.c.PoolingHttpClientConnectionManager] Connection request: [route: {s}->https://branchtest.perfectomobile.com:443][total kept alive: 3; route allocated: 3 of 2000; total allocated: 3 of 2000]
<2017-09-26 13:06:46> DEBUG [o.a.h.i.c.PoolingHttpClientConnectionManager] Connection leased: [id: 8][route: {s}->https://branchtest.perfectomobile.com:443][total kept alive: 2; route allocated: 3 of 2000; total allocated: 3 of 2000]
<2017-09-26 13:06:46> DEBUG [o.a.h.i.execchain.MainClientExec] Stale connection check
<2017-09-26 13:06:46> DEBUG [org.apache.http.wire] http-outgoing-8 << "[read] I/O error: Read timed out"
<2017-09-26 13:06:46> DEBUG [o.a.h.i.c.DefaultManagedHttpClientConnection] http-outgoing-8: set socket timeout to 10800000
<2017-09-26 13:06:46> DEBUG [o.a.h.i.execchain.MainClientExec] Executing request POST /nexperience/perfectomobile/wd/hub/session/cabc1017-92e0-4ebc-8d17-fffda1c413a6/execute HTTP/1.1
<2017-09-26 13:06:46> DEBUG [o.a.h.i.execchain.MainClientExec] Target auth state: UNCHALLENGED
<2017-09-26 13:06:46> DEBUG [o.a.h.i.execchain.MainClientExec] Proxy auth state: UNCHALLENGED
<2017-09-26 13:06:46> DEBUG [org.apache.http.headers] http-outgoing-8 >> POST /nexperience/perfectomobile/wd/hub/session/cabc1017-92e0-4ebc-8d17-fffda1c413a6/execute HTTP/1.1
<2017-09-26 13:06:46> DEBUG [org.apache.http.headers] http-outgoing-8 >> Content-Type: application/json; charset=utf-8
<2017-09-26 13:06:46> DEBUG [org.apache.http.headers] http-outgoing-8 >> Content-Length: 54
<2017-09-26 13:06:46> DEBUG [org.apache.http.headers] http-outgoing-8 >> Host: branchtest.perfectomobile.com
<2017-09-26 13:06:46> DEBUG [org.apache.http.headers] http-outgoing-8 >> Connection: Keep-Alive
<2017-09-26 13:06:46> DEBUG [org.apache.http.headers] http-outgoing-8 >> User-Agent: Apache-HttpClient/4.5.2 (Java/1.8.0_121)
<2017-09-26 13:06:46> DEBUG [org.apache.http.headers] http-outgoing-8 >> Cookie: JSESSIONID=F6E28E4994D1584E597DBDFCCCB1737E; fast_failed=true; fast_failed=true; fast_failed=true
<2017-09-26 13:06:46> DEBUG [org.apache.http.headers] http-outgoing-8 >> Accept-Encoding: gzip,deflate
<2017-09-26 13:06:46> DEBUG [org.apache.http.wire] http-outgoing-8 >> "POST /nexperience/perfectomobile/wd/hub/session/cabc1017-92e0-4ebc-8d17-fffda1c413a6/execute HTTP/1.1[\r][\n]"
<2017-09-26 13:06:46> DEBUG [org.apache.http.wire] http-outgoing-8 >> "Content-Type: application/json; charset=utf-8[\r][\n]"
<2017-09-26 13:06:46> DEBUG [org.apache.http.wire] http-outgoing-8 >> "Content-Length: 54[\r][\n]"
<2017-09-26 13:06:46> DEBUG [org.apache.http.wire] http-outgoing-8 >> "Host: branchtest.perfectomobile.com[\r][\n]"
<2017-09-26 13:06:46> DEBUG [org.apache.http.wire] http-outgoing-8 >> "Connection: Keep-Alive[\r][\n]"
<2017-09-26 13:06:46> DEBUG [org.apache.http.wire] http-outgoing-8 >> "User-Agent: Apache-HttpClient/4.5.2 (Java/1.8.0_121)[\r][\n]"
<2017-09-26 13:06:46> DEBUG [org.apache.http.wire] http-outgoing-8 >> "Cookie: JSESSIONID=F6E28E4994D1584E597DBDFCCCB1737E; fast_failed=true; fast_failed=true; fast_failed=true[\r][\n]"
<2017-09-26 13:06:46> DEBUG [org.apache.http.wire] http-outgoing-8 >> "Accept-Encoding: gzip,deflate[\r][\n]"
<2017-09-26 13:06:46> DEBUG [org.apache.http.wire] http-outgoing-8 >> "[\r][\n]"
<2017-09-26 13:06:46> DEBUG [org.apache.http.wire] http-outgoing-8 >> "{"script":"mobile:step:end","args":[{"message":null}]}"
<2017-09-26 13:06:46> DEBUG [org.apache.http.wire] http-outgoing-8 << "HTTP/1.1 200 OK[\r][\n]"
<2017-09-26 13:06:46> DEBUG [org.apache.http.wire] http-outgoing-8 << "Server: nginx[\r][\n]"
<2017-09-26 13:06:46> DEBUG [org.apache.http.wire] http-outgoing-8 << "Date: Tue, 26 Sep 2017 10:06:43 GMT[\r][\n]"
<2017-09-26 13:06:46> DEBUG [org.apache.http.wire] http-outgoing-8 << "Content-Type: application/json;charset=utf-8[\r][\n]"
<2017-09-26 13:06:46> DEBUG [org.apache.http.wire] http-outgoing-8 << "Transfer-Encoding: chunked[\r][\n]"
<2017-09-26 13:06:46> DEBUG [org.apache.http.wire] http-outgoing-8 << "Connection: keep-alive[\r][\n]"
<2017-09-26 13:06:46> DEBUG [org.apache.http.wire] http-outgoing-8 << "Set-Cookie: JSESSIONID=F6E28E4994D1584E597DBDFCCCB1737E; Path=/nexperience/; HttpOnly[\r][\n]"
<2017-09-26 13:06:46> DEBUG [org.apache.http.wire] http-outgoing-8 << "Expires: Thu, 01 Jan 1970 00:00:00 GMT[\r][\n]"
<2017-09-26 13:06:46> DEBUG [org.apache.http.wire] http-outgoing-8 << "Cache-Control: no-cache[\r][\n]"
<2017-09-26 13:06:46> DEBUG [org.apache.http.wire] http-outgoing-8 << "Cache-Control: no-cache[\r][\n]"
<2017-09-26 13:06:46> DEBUG [org.apache.http.wire] http-outgoing-8 << "Expires: Thu, 01 Jan 1970 00:00:00 GMT[\r][\n]"
<2017-09-26 13:06:46> DEBUG [org.apache.http.wire] http-outgoing-8 << "Set-Cookie: fast_failed=true[\r][\n]"
<2017-09-26 13:06:46> DEBUG [org.apache.http.wire] http-outgoing-8 << "X-XSS-Protection: 2; mode=block[\r][\n]"
<2017-09-26 13:06:46> DEBUG [org.apache.http.wire] http-outgoing-8 << "Content-Encoding: gzip[\r][\n]"
<2017-09-26 13:06:46> DEBUG [org.apache.http.wire] http-outgoing-8 << "[\r][\n]"
<2017-09-26 13:06:46> DEBUG [org.apache.http.wire] http-outgoing-8 << "94[\r][\n]"
<2017-09-26 13:06:46> DEBUG [org.apache.http.wire] http-outgoing-8 << "[0x1f][0x8b][0x8][0x0][0x0][0x0][0x0][0x0][0x0][0x3]-[0x8c]1[0x12][0x82]0[0x10]E[0xef][0xb2]5[0xc9]$[0x88] [0xb4]V[0xb6][0xde]`[0xd9]l[0x94][0x99][0x90] Kl[0x1c][0xef][0xee][0x16][0x96][0xff][0xcd]{[0xff][0x3][0xc2]"K[0xc9][0xb7][0x0][0x13][0x10][0xce][0xe4][0x9d][0x1f][0xcc][0xd8][0xb2]3[0x1d][0xcf]d.Ag[0x8c]1[0xa0][0xa7][0xce][0x9f][0xb0][0x87][0x6][0xe4][0xc0][0x83]U[0x97]J[0xa4][0xb5][0x92][0xe7][0xb5][0x4]%[0xe7][0xb6][0xed][0xc7][0xa1]s[0xae][0x81]7[0xa6][0xaa]$[0xd7][0x94][0x1a][0xa0][0x84][0xaa]MP[0xf6][0x87]-[0x1b][0xe7][0x17]Z[0xe1][0xc4]y[0xa9][0xab][0xdd]y-[0x7][0xdb];[0xcb]V[0xb2][0xf0][0xff][0xbe][0xaa][0xee][0xbe]?[0xc5][0xb0]0[0x13][0x9e][0x0][0x0][0x0][\r][\n]"
<2017-09-26 13:06:46> DEBUG [org.apache.http.wire] http-outgoing-8 << "0[\r][\n]"
<2017-09-26 13:06:46> DEBUG [org.apache.http.wire] http-outgoing-8 << "[\r][\n]"
<2017-09-26 13:06:46> DEBUG [org.apache.http.headers] http-outgoing-8 << HTTP/1.1 200 OK
<2017-09-26 13:06:46> DEBUG [org.apache.http.headers] http-outgoing-8 << Server: nginx
<2017-09-26 13:06:46> DEBUG [org.apache.http.headers] http-outgoing-8 << Date: Tue, 26 Sep 2017 10:06:43 GMT
<2017-09-26 13:06:46> DEBUG [org.apache.http.headers] http-outgoing-8 << Content-Type: application/json;charset=utf-8
<2017-09-26 13:06:46> DEBUG [org.apache.http.headers] http-outgoing-8 << Transfer-Encoding: chunked
<2017-09-26 13:06:46> DEBUG [org.apache.http.headers] http-outgoing-8 << Connection: keep-alive
<2017-09-26 13:06:46> DEBUG [org.apache.http.headers] http-outgoing-8 << Set-Cookie: JSESSIONID=F6E28E4994D1584E597DBDFCCCB1737E; Path=/nexperience/; HttpOnly
<2017-09-26 13:06:46> DEBUG [org.apache.http.headers] http-outgoing-8 << Expires: Thu, 01 Jan 1970 00:00:00 GMT
<2017-09-26 13:06:46> DEBUG [org.apache.http.headers] http-outgoing-8 << Cache-Control: no-cache
<2017-09-26 13:06:46> DEBUG [org.apache.http.headers] http-outgoing-8 << Cache-Control: no-cache
<2017-09-26 13:06:46> DEBUG [org.apache.http.headers] http-outgoing-8 << Expires: Thu, 01 Jan 1970 00:00:00 GMT
<2017-09-26 13:06:46> DEBUG [org.apache.http.headers] http-outgoing-8 << Set-Cookie: fast_failed=true
<2017-09-26 13:06:46> DEBUG [org.apache.http.headers] http-outgoing-8 << X-XSS-Protection: 2; mode=block
<2017-09-26 13:06:46> DEBUG [org.apache.http.headers] http-outgoing-8 << Content-Encoding: gzip
<2017-09-26 13:06:46> DEBUG [o.a.h.i.execchain.MainClientExec] Connection can be kept alive indefinitely
<2017-09-26 13:06:46> DEBUG [o.a.h.c.p.ResponseProcessCookies] Cookie accepted [JSESSIONID="F6E28E4994D1584E597DBDFCCCB1737E", version:0, domain:branchtest.perfectomobile.com, path:/nexperience/, expiry:null]
<2017-09-26 13:06:46> DEBUG [o.a.h.c.p.ResponseProcessCookies] Cookie accepted [fast_failed="true", version:0, domain:branchtest.perfectomobile.com, path:/nexperience/perfectomobile/wd/hub/session/cabc1017-92e0-4ebc-8d17-fffda1c413a6, expiry:null]
<2017-09-26 13:06:46> DEBUG [o.a.h.i.c.PoolingHttpClientConnectionManager] Connection [id: 8][route: {s}->https://branchtest.perfectomobile.com:443] can be kept alive indefinitely
<2017-09-26 13:06:46> DEBUG [o.a.h.i.c.PoolingHttpClientConnectionManager] Connection released: [id: 8][route: {s}->https://branchtest.perfectomobile.com:443][total kept alive: 3; route allocated: 3 of 2000; total allocated: 3 of 2000]
<2017-09-26 13:06:46> DEBUG [o.a.h.c.p.RequestAddCookies] CookieSpec selected: default
<2017-09-26 13:06:46> DEBUG [o.a.h.c.p.RequestAddCookies] Cookie [version: 0][name: JSESSIONID][value: F6E28E4994D1584E597DBDFCCCB1737E][domain: branchtest.perfectomobile.com][path: /nexperience/][expiry: null] match [(secure)branchtest.perfectomobile.com:443/nexperience/perfectomobile/wd/hub/session/cabc1017-92e0-4ebc-8d17-fffda1c413a6/execute]
<2017-09-26 13:06:46> DEBUG [o.a.h.c.p.RequestAddCookies] Cookie [version: 0][name: fast_failed][value: true][domain: branchtest.perfectomobile.com][path: /nexperience/perfectomobile/wd/hub][expiry: null] match [(secure)branchtest.perfectomobile.com:443/nexperience/perfectomobile/wd/hub/session/cabc1017-92e0-4ebc-8d17-fffda1c413a6/execute]
<2017-09-26 13:06:46> DEBUG [o.a.h.c.p.RequestAddCookies] Cookie [version: 0][name: fast_failed][value: true][domain: branchtest.perfectomobile.com][path: /nexperience/perfectomobile/wd/hub/session][expiry: null] match [(secure)branchtest.perfectomobile.com:443/nexperience/perfectomobile/wd/hub/session/cabc1017-92e0-4ebc-8d17-fffda1c413a6/execute]
<2017-09-26 13:06:46> DEBUG [o.a.h.c.p.RequestAddCookies] Cookie [version: 0][name: fast_failed][value: true][domain: branchtest.perfectomobile.com][path: /nexperience/perfectomobile/wd/hub/session/cabc1017-92e0-4ebc-8d17-fffda1c413a6][expiry: null] match [(secure)branchtest.perfectomobile.com:443/nexperience/perfectomobile/wd/hub/session/cabc1017-92e0-4ebc-8d17-fffda1c413a6/execute]
<2017-09-26 13:06:46> DEBUG [o.a.h.c.p.RequestAuthCache] Auth cache not set in the context
<2017-09-26 13:06:46> DEBUG [o.a.h.i.c.PoolingHttpClientConnectionManager] Connection request: [route: {s}->https://branchtest.perfectomobile.com:443][total kept alive: 3; route allocated: 3 of 2000; total allocated: 3 of 2000]
<2017-09-26 13:06:46> DEBUG [o.a.h.i.c.PoolingHttpClientConnectionManager] Connection leased: [id: 8][route: {s}->https://branchtest.perfectomobile.com:443][total kept alive: 2; route allocated: 3 of 2000; total allocated: 3 of 2000]
<2017-09-26 13:06:46> DEBUG [o.a.h.i.execchain.MainClientExec] Stale connection check
<2017-09-26 13:06:46> DEBUG [org.apache.http.wire] http-outgoing-8 << "[read] I/O error: Read timed out"
<2017-09-26 13:06:46> DEBUG [o.a.h.i.c.DefaultManagedHttpClientConnection] http-outgoing-8: set socket timeout to 10800000
<2017-09-26 13:06:46> DEBUG [o.a.h.i.execchain.MainClientExec] Executing request POST /nexperience/perfectomobile/wd/hub/session/cabc1017-92e0-4ebc-8d17-fffda1c413a6/execute HTTP/1.1
<2017-09-26 13:06:46> DEBUG [o.a.h.i.execchain.MainClientExec] Target auth state: UNCHALLENGED
<2017-09-26 13:06:46> DEBUG [o.a.h.i.execchain.MainClientExec] Proxy auth state: UNCHALLENGED
<2017-09-26 13:06:46> DEBUG [org.apache.http.headers] http-outgoing-8 >> POST /nexperience/perfectomobile/wd/hub/session/cabc1017-92e0-4ebc-8d17-fffda1c413a6/execute HTTP/1.1
<2017-09-26 13:06:46> DEBUG [org.apache.http.headers] http-outgoing-8 >> Content-Type: application/json; charset=utf-8
<2017-09-26 13:06:46> DEBUG [org.apache.http.headers] http-outgoing-8 >> Content-Length: 72
<2017-09-26 13:06:46> DEBUG [org.apache.http.headers] http-outgoing-8 >> Host: branchtest.perfectomobile.com
<2017-09-26 13:06:46> DEBUG [org.apache.http.headers] http-outgoing-8 >> Connection: Keep-Alive
<2017-09-26 13:06:46> DEBUG [org.apache.http.headers] http-outgoing-8 >> User-Agent: Apache-HttpClient/4.5.2 (Java/1.8.0_121)
<2017-09-26 13:06:46> DEBUG [org.apache.http.headers] http-outgoing-8 >> Cookie: JSESSIONID=F6E28E4994D1584E597DBDFCCCB1737E; fast_failed=true; fast_failed=true; fast_failed=true
<2017-09-26 13:06:46> DEBUG [org.apache.http.headers] http-outgoing-8 >> Accept-Encoding: gzip,deflate
<2017-09-26 13:06:46> DEBUG [org.apache.http.wire] http-outgoing-8 >> "POST /nexperience/perfectomobile/wd/hub/session/cabc1017-92e0-4ebc-8d17-fffda1c413a6/execute HTTP/1.1[\r][\n]"
<2017-09-26 13:06:46> DEBUG [org.apache.http.wire] http-outgoing-8 >> "Content-Type: application/json; charset=utf-8[\r][\n]"
<2017-09-26 13:06:46> DEBUG [org.apache.http.wire] http-outgoing-8 >> "Content-Length: 72[\r][\n]"
<2017-09-26 13:06:46> DEBUG [org.apache.http.wire] http-outgoing-8 >> "Host: branchtest.perfectomobile.com[\r][\n]"
<2017-09-26 13:06:46> DEBUG [org.apache.http.wire] http-outgoing-8 >> "Connection: Keep-Alive[\r][\n]"
<2017-09-26 13:06:46> DEBUG [org.apache.http.wire] http-outgoing-8 >> "User-Agent: Apache-HttpClient/4.5.2 (Java/1.8.0_121)[\r][\n]"
<2017-09-26 13:06:46> DEBUG [org.apache.http.wire] http-outgoing-8 >> "Cookie: JSESSIONID=F6E28E4994D1584E597DBDFCCCB1737E; fast_failed=true; fast_failed=true; fast_failed=true[\r][\n]"
<2017-09-26 13:06:46> DEBUG [org.apache.http.wire] http-outgoing-8 >> "Accept-Encoding: gzip,deflate[\r][\n]"
<2017-09-26 13:06:46> DEBUG [org.apache.http.wire] http-outgoing-8 >> "[\r][\n]"
<2017-09-26 13:06:46> DEBUG [org.apache.http.wire] http-outgoing-8 >> "{"script":"mobile:step:start","args":[{"name":"Going to registration"}]}"
<2017-09-26 13:06:46> DEBUG [org.apache.http.wire] http-outgoing-8 << "HTTP/1.1 200 OK[\r][\n]"
<2017-09-26 13:06:46> DEBUG [org.apache.http.wire] http-outgoing-8 << "Server: nginx[\r][\n]"
<2017-09-26 13:06:46> DEBUG [org.apache.http.wire] http-outgoing-8 << "Date: Tue, 26 Sep 2017 10:06:43 GMT[\r][\n]"
<2017-09-26 13:06:46> DEBUG [org.apache.http.wire] http-outgoing-8 << "Content-Type: application/json;charset=utf-8[\r][\n]"
<2017-09-26 13:06:46> DEBUG [org.apache.http.wire] http-outgoing-8 << "Transfer-Encoding: chunked[\r][\n]"
<2017-09-26 13:06:46> DEBUG [org.apache.http.wire] http-outgoing-8 << "Connection: keep-alive[\r][\n]"
<2017-09-26 13:06:46> DEBUG [org.apache.http.wire] http-outgoing-8 << "Set-Cookie: JSESSIONID=F6E28E4994D1584E597DBDFCCCB1737E; Path=/nexperience/; HttpOnly[\r][\n]"
<2017-09-26 13:06:46> DEBUG [org.apache.http.wire] http-outgoing-8 << "Expires: Thu, 01 Jan 1970 00:00:00 GMT[\r][\n]"
<2017-09-26 13:06:46> DEBUG [org.apache.http.wire] http-outgoing-8 << "Cache-Control: no-cache[\r][\n]"
<2017-09-26 13:06:46> DEBUG [org.apache.http.wire] http-outgoing-8 << "Cache-Control: no-cache[\r][\n]"
<2017-09-26 13:06:46> DEBUG [org.apache.http.wire] http-outgoing-8 << "Expires: Thu, 01 Jan 1970 00:00:00 GMT[\r][\n]"
<2017-09-26 13:06:46> DEBUG [org.apache.http.wire] http-outgoing-8 << "Set-Cookie: fast_failed=true[\r][\n]"
<2017-09-26 13:06:46> DEBUG [org.apache.http.wire] http-outgoing-8 << "X-XSS-Protection: 2; mode=block[\r][\n]"
<2017-09-26 13:06:46> DEBUG [org.apache.http.wire] http-outgoing-8 << "Content-Encoding: gzip[\r][\n]"
<2017-09-26 13:06:46> DEBUG [org.apache.http.wire] http-outgoing-8 << "[\r][\n]"
<2017-09-26 13:06:46> DEBUG [org.apache.http.wire] http-outgoing-8 << "92[\r][\n]"
<2017-09-26 13:06:46> DEBUG [org.apache.http.wire] http-outgoing-8 << "[0x1f][0x8b][0x8][0x0][0x0][0x0][0x0][0x0][0x0][0x3]-[0x8c][0xb1][0xe][0xc2]0[0xc]D[0xff][0xc5]s[0x1b][0xc5][0x10][0x1][0xe9][0xca][0xc4][0xca][0x1f][0xb8][0x8e][0xb][0x95][0xda][0xa4][0xad][0x1b][0x16][0xc4][0xbf]c$[0xc6]{[0xf7][0xee][0xde][0xa0][0xa2]:[0x96]|K[0xd0][0x1]S[0xcf][0xe8][0xf1][0xdc][0xc6][0x83][0xf8]6H[0xcf][0xed]%Y[0x1c][0x86]![0x11]r[0xc0]#[0x9d][0xa0][0x1][0xdd]i[0x17][0xd3][0xb5]2[0xdb][0xda][0xc8][0xf3]Z[0x92][0x91][0x10][0xd1]G[0xc4][0x88][\r][0xbc]h[0xaa]?[0xc7]J[0x9e][0xc8][0xa4][0xe][0xca][0xf6]pe[0x91][0xbc][0x92]S[0x99]$[0x8f]uv[0x9b][0xcc]e[0x17]w[0x17]]JV[0xf9][0x9f]W[0xd3][0xfd][0xe7][0xb]6Ga[0x84][0x9c][0x0][0x0][0x0][\r][\n]"
<2017-09-26 13:06:46> DEBUG [org.apache.http.wire] http-outgoing-8 << "0[\r][\n]"
<2017-09-26 13:06:46> DEBUG [org.apache.http.wire] http-outgoing-8 << "[\r][\n]"
<2017-09-26 13:06:46> DEBUG [org.apache.http.headers] http-outgoing-8 << HTTP/1.1 200 OK
<2017-09-26 13:06:46> DEBUG [org.apache.http.headers] http-outgoing-8 << Server: nginx
<2017-09-26 13:06:46> DEBUG [org.apache.http.headers] http-outgoing-8 << Date: Tue, 26 Sep 2017 10:06:43 GMT
<2017-09-26 13:06:46> DEBUG [org.apache.http.headers] http-outgoing-8 << Content-Type: application/json;charset=utf-8
<2017-09-26 13:06:46> DEBUG [org.apache.http.headers] http-outgoing-8 << Transfer-Encoding: chunked
<2017-09-26 13:06:46> DEBUG [org.apache.http.headers] http-outgoing-8 << Connection: keep-alive
<2017-09-26 13:06:46> DEBUG [org.apache.http.headers] http-outgoing-8 << Set-Cookie: JSESSIONID=F6E28E4994D1584E597DBDFCCCB1737E; Path=/nexperience/; HttpOnly
<2017-09-26 13:06:46> DEBUG [org.apache.http.headers] http-outgoing-8 << Expires: Thu, 01 Jan 1970 00:00:00 GMT
<2017-09-26 13:06:46> DEBUG [org.apache.http.headers] http-outgoing-8 << Cache-Control: no-cache
<2017-09-26 13:06:46> DEBUG [org.apache.http.headers] http-outgoing-8 << Cache-Control: no-cache
<2017-09-26 13:06:46> DEBUG [org.apache.http.headers] http-outgoing-8 << Expires: Thu, 01 Jan 1970 00:00:00 GMT
<2017-09-26 13:06:46> DEBUG [org.apache.http.headers] http-outgoing-8 << Set-Cookie: fast_failed=true
<2017-09-26 13:06:46> DEBUG [org.apache.http.headers] http-outgoing-8 << X-XSS-Protection: 2; mode=block
<2017-09-26 13:06:46> DEBUG [org.apache.http.headers] http-outgoing-8 << Content-Encoding: gzip
<2017-09-26 13:06:46> DEBUG [o.a.h.i.execchain.MainClientExec] Connection can be kept alive indefinitely
<2017-09-26 13:06:46> DEBUG [o.a.h.c.p.ResponseProcessCookies] Cookie accepted [JSESSIONID="F6E28E4994D1584E597DBDFCCCB1737E", version:0, domain:branchtest.perfectomobile.com, path:/nexperience/, expiry:null]
<2017-09-26 13:06:46> DEBUG [o.a.h.c.p.ResponseProcessCookies] Cookie accepted [fast_failed="true", version:0, domain:branchtest.perfectomobile.com, path:/nexperience/perfectomobile/wd/hub/session/cabc1017-92e0-4ebc-8d17-fffda1c413a6, expiry:null]
<2017-09-26 13:06:46> DEBUG [o.a.h.i.c.PoolingHttpClientConnectionManager] Connection [id: 8][route: {s}->https://branchtest.perfectomobile.com:443] can be kept alive indefinitely
<2017-09-26 13:06:46> DEBUG [o.a.h.i.c.PoolingHttpClientConnectionManager] Connection released: [id: 8][route: {s}->https://branchtest.perfectomobile.com:443][total kept alive: 3; route allocated: 3 of 2000; total allocated: 3 of 2000]
<2017-09-26 13:06:46> DEBUG [o.a.h.c.p.RequestAddCookies] CookieSpec selected: default
<2017-09-26 13:06:46> DEBUG [o.a.h.c.p.RequestAddCookies] Cookie [version: 0][name: JSESSIONID][value: F6E28E4994D1584E597DBDFCCCB1737E][domain: branchtest.perfectomobile.com][path: /nexperience/][expiry: null] match [(secure)branchtest.perfectomobile.com:443/nexperience/perfectomobile/wd/hub/session/cabc1017-92e0-4ebc-8d17-fffda1c413a6/element]
<2017-09-26 13:06:46> DEBUG [o.a.h.c.p.RequestAddCookies] Cookie [version: 0][name: fast_failed][value: true][domain: branchtest.perfectomobile.com][path: /nexperience/perfectomobile/wd/hub][expiry: null] match [(secure)branchtest.perfectomobile.com:443/nexperience/perfectomobile/wd/hub/session/cabc1017-92e0-4ebc-8d17-fffda1c413a6/element]
<2017-09-26 13:06:46> DEBUG [o.a.h.c.p.RequestAddCookies] Cookie [version: 0][name: fast_failed][value: true][domain: branchtest.perfectomobile.com][path: /nexperience/perfectomobile/wd/hub/session][expiry: null] match [(secure)branchtest.perfectomobile.com:443/nexperience/perfectomobile/wd/hub/session/cabc1017-92e0-4ebc-8d17-fffda1c413a6/element]
<2017-09-26 13:06:46> DEBUG [o.a.h.c.p.RequestAddCookies] Cookie [version: 0][name: fast_failed][value: true][domain: branchtest.perfectomobile.com][path: /nexperience/perfectomobile/wd/hub/session/cabc1017-92e0-4ebc-8d17-fffda1c413a6][expiry: null] match [(secure)branchtest.perfectomobile.com:443/nexperience/perfectomobile/wd/hub/session/cabc1017-92e0-4ebc-8d17-fffda1c413a6/element]
<2017-09-26 13:06:46> DEBUG [o.a.h.c.p.RequestAuthCache] Auth cache not set in the context
<2017-09-26 13:06:46> DEBUG [o.a.h.i.c.PoolingHttpClientConnectionManager] Connection request: [route: {s}->https://branchtest.perfectomobile.com:443][total kept alive: 3; route allocated: 3 of 2000; total allocated: 3 of 2000]
<2017-09-26 13:06:46> DEBUG [o.a.h.i.c.PoolingHttpClientConnectionManager] Connection leased: [id: 8][route: {s}->https://branchtest.perfectomobile.com:443][total kept alive: 2; route allocated: 3 of 2000; total allocated: 3 of 2000]
<2017-09-26 13:06:46> DEBUG [o.a.h.i.execchain.MainClientExec] Stale connection check
<2017-09-26 13:06:46> DEBUG [org.apache.http.wire] http-outgoing-8 << "[read] I/O error: Read timed out"
<2017-09-26 13:06:46> DEBUG [o.a.h.i.c.DefaultManagedHttpClientConnection] http-outgoing-8: set socket timeout to 10800000
<2017-09-26 13:06:46> DEBUG [o.a.h.i.execchain.MainClientExec] Executing request POST /nexperience/perfectomobile/wd/hub/session/cabc1017-92e0-4ebc-8d17-fffda1c413a6/element HTTP/1.1
<2017-09-26 13:06:46> DEBUG [o.a.h.i.execchain.MainClientExec] Target auth state: UNCHALLENGED
<2017-09-26 13:06:46> DEBUG [o.a.h.i.execchain.MainClientExec] Proxy auth state: UNCHALLENGED
<2017-09-26 13:06:46> DEBUG [org.apache.http.headers] http-outgoing-8 >> POST /nexperience/perfectomobile/wd/hub/session/cabc1017-92e0-4ebc-8d17-fffda1c413a6/element HTTP/1.1
<2017-09-26 13:06:46> DEBUG [org.apache.http.headers] http-outgoing-8 >> Content-Type: application/json; charset=utf-8
<2017-09-26 13:06:46> DEBUG [org.apache.http.headers] http-outgoing-8 >> Content-Length: 80
<2017-09-26 13:06:46> DEBUG [org.apache.http.headers] http-outgoing-8 >> Host: branchtest.perfectomobile.com
<2017-09-26 13:06:46> DEBUG [org.apache.http.headers] http-outgoing-8 >> Connection: Keep-Alive
<2017-09-26 13:06:46> DEBUG [org.apache.http.headers] http-outgoing-8 >> User-Agent: Apache-HttpClient/4.5.2 (Java/1.8.0_121)
<2017-09-26 13:06:46> DEBUG [org.apache.http.headers] http-outgoing-8 >> Cookie: JSESSIONID=F6E28E4994D1584E597DBDFCCCB1737E; fast_failed=true; fast_failed=true; fast_failed=true
<2017-09-26 13:06:46> DEBUG [org.apache.http.headers] http-outgoing-8 >> Accept-Encoding: gzip,deflate
<2017-09-26 13:06:46> DEBUG [org.apache.http.wire] http-outgoing-8 >> "POST /nexperience/perfectomobile/wd/hub/session/cabc1017-92e0-4ebc-8d17-fffda1c413a6/element HTTP/1.1[\r][\n]"
<2017-09-26 13:06:46> DEBUG [org.apache.http.wire] http-outgoing-8 >> "Content-Type: application/json; charset=utf-8[\r][\n]"
<2017-09-26 13:06:46> DEBUG [org.apache.http.wire] http-outgoing-8 >> "Content-Length: 80[\r][\n]"
<2017-09-26 13:06:46> DEBUG [org.apache.http.wire] http-outgoing-8 >> "Host: branchtest.perfectomobile.com[\r][\n]"
<2017-09-26 13:06:46> DEBUG [org.apache.http.wire] http-outgoing-8 >> "Connection: Keep-Alive[\r][\n]"
<2017-09-26 13:06:46> DEBUG [org.apache.http.wire] http-outgoing-8 >> "User-Agent: Apache-HttpClient/4.5.2 (Java/1.8.0_121)[\r][\n]"
<2017-09-26 13:06:46> DEBUG [org.apache.http.wire] http-outgoing-8 >> "Cookie: JSESSIONID=F6E28E4994D1584E597DBDFCCCB1737E; fast_failed=true; fast_failed=true; fast_failed=true[\r][\n]"
<2017-09-26 13:06:46> DEBUG [org.apache.http.wire] http-outgoing-8 >> "Accept-Encoding: gzip,deflate[\r][\n]"
<2017-09-26 13:06:46> DEBUG [org.apache.http.wire] http-outgoing-8 >> "[\r][\n]"
<2017-09-26 13:06:46> DEBUG [org.apache.http.wire] http-outgoing-8 >> "{"using":"xpath","value":"//*[@id=\"wrapper\"]/div[2]/div[2]/div[5]/ul/li/a/h2"}"
<2017-09-26 13:06:47> DEBUG [org.apache.http.wire] http-outgoing-8 << "HTTP/1.1 200 OK[\r][\n]"
<2017-09-26 13:06:47> DEBUG [org.apache.http.wire] http-outgoing-8 << "Server: nginx[\r][\n]"
<2017-09-26 13:06:47> DEBUG [org.apache.http.wire] http-outgoing-8 << "Date: Tue, 26 Sep 2017 10:06:43 GMT[\r][\n]"
<2017-09-26 13:06:47> DEBUG [org.apache.http.wire] http-outgoing-8 << "Content-Type: application/json;charset=utf-8[\r][\n]"
<2017-09-26 13:06:47> DEBUG [org.apache.http.wire] http-outgoing-8 << "Transfer-Encoding: chunked[\r][\n]"
<2017-09-26 13:06:47> DEBUG [org.apache.http.wire] http-outgoing-8 << "Connection: keep-alive[\r][\n]"
<2017-09-26 13:06:47> DEBUG [org.apache.http.wire] http-outgoing-8 << "Set-Cookie: JSESSIONID=F6E28E4994D1584E597DBDFCCCB1737E; Path=/nexperience/; HttpOnly[\r][\n]"
<2017-09-26 13:06:47> DEBUG [org.apache.http.wire] http-outgoing-8 << "Expires: Thu, 01 Jan 1970 00:00:00 GMT[\r][\n]"
<2017-09-26 13:06:47> DEBUG [org.apache.http.wire] http-outgoing-8 << "Cache-Control: no-cache[\r][\n]"
<2017-09-26 13:06:47> DEBUG [org.apache.http.wire] http-outgoing-8 << "Cache-Control: no-cache[\r][\n]"
<2017-09-26 13:06:47> DEBUG [org.apache.http.wire] http-outgoing-8 << "Expires: Thu, 01 Jan 1970 00:00:00 GMT[\r][\n]"
<2017-09-26 13:06:47> DEBUG [org.apache.http.wire] http-outgoing-8 << "Set-Cookie: fast_failed=true[\r][\n]"
<2017-09-26 13:06:47> DEBUG [org.apache.http.wire] http-outgoing-8 << "X-XSS-Protection: 2; mode=block[\r][\n]"
<2017-09-26 13:06:47> DEBUG [org.apache.http.wire] http-outgoing-8 << "Content-Encoding: gzip[\r][\n]"
<2017-09-26 13:06:47> DEBUG [org.apache.http.wire] http-outgoing-8 << "[\r][\n]"
<2017-09-26 13:06:47> DEBUG [org.apache.http.wire] http-outgoing-8 << "a1[\r][\n]"
<2017-09-26 13:06:47> DEBUG [org.apache.http.wire] http-outgoing-8 << "[0x1f][0x8b][0x8][0x0][0x0][0x0][0x0][0x0][0x0][0x3]-[0x8d]1[0xe][0x82]@[0x10]E[0xef]25lX!.[0xd2][0x1a][\n]"
<2017-09-26 13:06:47> DEBUG [org.apache.http.wire] http-outgoing-8 << "[0x13][0xb5]0^`[0x98][0x1d][0x94][0x4]v[0x91]am[0x8]ww[\n]"
<2017-09-26 13:06:47> DEBUG [org.apache.http.wire] http-outgoing-8 << "[0xcb][0xff][0xf2]^[0xfe][0x6][0xc2]"C[0xc][0x17][0xf][\r][0x10]vd[0xb][0xeb][0xf2][0xd3][0x81][0x8b][0xbc][0xe2][0x8e][0xf2][0xda][0xeb][0xec][0xfb][0xde][0xa3][0xa5][0xca][0x96]x[0x84][0xc]d[0xc5][0x95]U[0x97]D[0xa4][0xb5][0x92][0xf7]9z%[0xb6][0xac][0x9d]u[0xae][0xae]l[0x6]_[0x1c][0x93][0xa2][\r][0xda]k{k[0xef]O[0xf5]K[0xd8]3[0xa0][0x11]5i ./[0x13]g[0xe][0x1f]4[0xc2]#[0x87]!Mf[0xe1])[0xae]l[0x1e],s[0xc][0xc2][0xff][0xab][0xa4]z[0xb1][0xff][0x0]\[0x8c][0x1][0xa5][0xaa][0x0][0x0][0x0][\r][\n]"
<2017-09-26 13:06:47> DEBUG [org.apache.http.wire] http-outgoing-8 << "0[\r][\n]"
<2017-09-26 13:06:47> DEBUG [org.apache.http.wire] http-outgoing-8 << "[\r][\n]"
<2017-09-26 13:06:47> DEBUG [org.apache.http.headers] http-outgoing-8 << HTTP/1.1 200 OK
<2017-09-26 13:06:47> DEBUG [org.apache.http.headers] http-outgoing-8 << Server: nginx
<2017-09-26 13:06:47> DEBUG [org.apache.http.headers] http-outgoing-8 << Date: Tue, 26 Sep 2017 10:06:43 GMT
<2017-09-26 13:06:47> DEBUG [org.apache.http.headers] http-outgoing-8 << Content-Type: application/json;charset=utf-8
<2017-09-26 13:06:47> DEBUG [org.apache.http.headers] http-outgoing-8 << Transfer-Encoding: chunked
<2017-09-26 13:06:47> DEBUG [org.apache.http.headers] http-outgoing-8 << Connection: keep-alive
<2017-09-26 13:06:47> DEBUG [org.apache.http.headers] http-outgoing-8 << Set-Cookie: JSESSIONID=F6E28E4994D1584E597DBDFCCCB1737E; Path=/nexperience/; HttpOnly
<2017-09-26 13:06:47> DEBUG [org.apache.http.headers] http-outgoing-8 << Expires: Thu, 01 Jan 1970 00:00:00 GMT
<2017-09-26 13:06:47> DEBUG [org.apache.http.headers] http-outgoing-8 << Cache-Control: no-cache
<2017-09-26 13:06:47> DEBUG [org.apache.http.headers] http-outgoing-8 << Cache-Control: no-cache
<2017-09-26 13:06:47> DEBUG [org.apache.http.headers] http-outgoing-8 << Expires: Thu, 01 Jan 1970 00:00:00 GMT
<2017-09-26 13:06:47> DEBUG [org.apache.http.headers] http-outgoing-8 << Set-Cookie: fast_failed=true
<2017-09-26 13:06:47> DEBUG [org.apache.http.headers] http-outgoing-8 << X-XSS-Protection: 2; mode=block
<2017-09-26 13:06:47> DEBUG [org.apache.http.headers] http-outgoing-8 << Content-Encoding: gzip
<2017-09-26 13:06:47> DEBUG [o.a.h.i.execchain.MainClientExec] Connection can be kept alive indefinitely
<2017-09-26 13:06:47> DEBUG [o.a.h.c.p.ResponseProcessCookies] Cookie accepted [JSESSIONID="F6E28E4994D1584E597DBDFCCCB1737E", version:0, domain:branchtest.perfectomobile.com, path:/nexperience/, expiry:null]
<2017-09-26 13:06:47> DEBUG [o.a.h.c.p.ResponseProcessCookies] Cookie accepted [fast_failed="true", version:0, domain:branchtest.perfectomobile.com, path:/nexperience/perfectomobile/wd/hub/session/cabc1017-92e0-4ebc-8d17-fffda1c413a6, expiry:null]
<2017-09-26 13:06:47> DEBUG [o.a.h.i.c.PoolingHttpClientConnectionManager] Connection [id: 8][route: {s}->https://branchtest.perfectomobile.com:443] can be kept alive indefinitely
<2017-09-26 13:06:47> DEBUG [o.a.h.i.c.PoolingHttpClientConnectionManager] Connection released: [id: 8][route: {s}->https://branchtest.perfectomobile.com:443][total kept alive: 3; route allocated: 3 of 2000; total allocated: 3 of 2000]
<2017-09-26 13:06:47> DEBUG [o.a.h.c.p.RequestAddCookies] CookieSpec selected: default
<2017-09-26 13:06:47> DEBUG [o.a.h.c.p.RequestAddCookies] Cookie [version: 0][name: JSESSIONID][value: F6E28E4994D1584E597DBDFCCCB1737E][domain: branchtest.perfectomobile.com][path: /nexperience/][expiry: null] match [(secure)branchtest.perfectomobile.com:443/nexperience/perfectomobile/wd/hub/session/cabc1017-92e0-4ebc-8d17-fffda1c413a6/element/3/click]
<2017-09-26 13:06:47> DEBUG [o.a.h.c.p.RequestAddCookies] Cookie [version: 0][name: fast_failed][value: true][domain: branchtest.perfectomobile.com][path: /nexperience/perfectomobile/wd/hub][expiry: null] match [(secure)branchtest.perfectomobile.com:443/nexperience/perfectomobile/wd/hub/session/cabc1017-92e0-4ebc-8d17-fffda1c413a6/element/3/click]
<2017-09-26 13:06:47> DEBUG [o.a.h.c.p.RequestAddCookies] Cookie [version: 0][name: fast_failed][value: true][domain: branchtest.perfectomobile.com][path: /nexperience/perfectomobile/wd/hub/session][expiry: null] match [(secure)branchtest.perfectomobile.com:443/nexperience/perfectomobile/wd/hub/session/cabc1017-92e0-4ebc-8d17-fffda1c413a6/element/3/click]
<2017-09-26 13:06:47> DEBUG [o.a.h.c.p.RequestAddCookies] Cookie [version: 0][name: fast_failed][value: true][domain: branchtest.perfectomobile.com][path: /nexperience/perfectomobile/wd/hub/session/cabc1017-92e0-4ebc-8d17-fffda1c413a6][expiry: null] match [(secure)branchtest.perfectomobile.com:443/nexperience/perfectomobile/wd/hub/session/cabc1017-92e0-4ebc-8d17-fffda1c413a6/element/3/click]
<2017-09-26 13:06:47> DEBUG [o.a.h.c.p.RequestAuthCache] Auth cache not set in the context
<2017-09-26 13:06:47> DEBUG [o.a.h.i.c.PoolingHttpClientConnectionManager] Connection request: [route: {s}->https://branchtest.perfectomobile.com:443][total kept alive: 3; route allocated: 3 of 2000; total allocated: 3 of 2000]
<2017-09-26 13:06:47> DEBUG [o.a.h.i.c.PoolingHttpClientConnectionManager] Connection leased: [id: 8][route: {s}->https://branchtest.perfectomobile.com:443][total kept alive: 2; route allocated: 3 of 2000; total allocated: 3 of 2000]
<2017-09-26 13:06:47> DEBUG [o.a.h.i.execchain.MainClientExec] Stale connection check
<2017-09-26 13:06:47> DEBUG [org.apache.http.wire] http-outgoing-8 << "[read] I/O error: Read timed out"
<2017-09-26 13:06:47> DEBUG [o.a.h.i.c.DefaultManagedHttpClientConnection] http-outgoing-8: set socket timeout to 10800000
<2017-09-26 13:06:47> DEBUG [o.a.h.i.execchain.MainClientExec] Executing request POST /nexperience/perfectomobile/wd/hub/session/cabc1017-92e0-4ebc-8d17-fffda1c413a6/element/3/click HTTP/1.1
<2017-09-26 13:06:47> DEBUG [o.a.h.i.execchain.MainClientExec] Target auth state: UNCHALLENGED
<2017-09-26 13:06:47> DEBUG [o.a.h.i.execchain.MainClientExec] Proxy auth state: UNCHALLENGED
<2017-09-26 13:06:47> DEBUG [org.apache.http.headers] http-outgoing-8 >> POST /nexperience/perfectomobile/wd/hub/session/cabc1017-92e0-4ebc-8d17-fffda1c413a6/element/3/click HTTP/1.1
<2017-09-26 13:06:47> DEBUG [org.apache.http.headers] http-outgoing-8 >> Content-Type: application/json; charset=utf-8
<2017-09-26 13:06:47> DEBUG [org.apache.http.headers] http-outgoing-8 >> Content-Length: 10
<2017-09-26 13:06:47> DEBUG [org.apache.http.headers] http-outgoing-8 >> Host: branchtest.perfectomobile.com
<2017-09-26 13:06:47> DEBUG [org.apache.http.headers] http-outgoing-8 >> Connection: Keep-Alive
<2017-09-26 13:06:47> DEBUG [org.apache.http.headers] http-outgoing-8 >> User-Agent: Apache-HttpClient/4.5.2 (Java/1.8.0_121)
<2017-09-26 13:06:47> DEBUG [org.apache.http.headers] http-outgoing-8 >> Cookie: JSESSIONID=F6E28E4994D1584E597DBDFCCCB1737E; fast_failed=true; fast_failed=true; fast_failed=true
<2017-09-26 13:06:47> DEBUG [org.apache.http.headers] http-outgoing-8 >> Accept-Encoding: gzip,deflate
<2017-09-26 13:06:47> DEBUG [org.apache.http.wire] http-outgoing-8 >> "POST /nexperience/perfectomobile/wd/hub/session/cabc1017-92e0-4ebc-8d17-fffda1c413a6/element/3/click HTTP/1.1[\r][\n]"
<2017-09-26 13:06:47> DEBUG [org.apache.http.wire] http-outgoing-8 >> "Content-Type: application/json; charset=utf-8[\r][\n]"
<2017-09-26 13:06:47> DEBUG [org.apache.http.wire] http-outgoing-8 >> "Content-Length: 10[\r][\n]"
<2017-09-26 13:06:47> DEBUG [org.apache.http.wire] http-outgoing-8 >> "Host: branchtest.perfectomobile.com[\r][\n]"
<2017-09-26 13:06:47> DEBUG [org.apache.http.wire] http-outgoing-8 >> "Connection: Keep-Alive[\r][\n]"
<2017-09-26 13:06:47> DEBUG [org.apache.http.wire] http-outgoing-8 >> "User-Agent: Apache-HttpClient/4.5.2 (Java/1.8.0_121)[\r][\n]"
<2017-09-26 13:06:47> DEBUG [org.apache.http.wire] http-outgoing-8 >> "Cookie: JSESSIONID=F6E28E4994D1584E597DBDFCCCB1737E; fast_failed=true; fast_failed=true; fast_failed=true[\r][\n]"
<2017-09-26 13:06:47> DEBUG [org.apache.http.wire] http-outgoing-8 >> "Accept-Encoding: gzip,deflate[\r][\n]"
<2017-09-26 13:06:47> DEBUG [org.apache.http.wire] http-outgoing-8 >> "[\r][\n]"
<2017-09-26 13:06:47> DEBUG [org.apache.http.wire] http-outgoing-8 >> "{"id":"3"}"
<2017-09-26 13:06:48> DEBUG [org.apache.http.wire] http-outgoing-8 << "HTTP/1.1 200 OK[\r][\n]"
<2017-09-26 13:06:48> DEBUG [org.apache.http.wire] http-outgoing-8 << "Server: nginx[\r][\n]"
<2017-09-26 13:06:48> DEBUG [org.apache.http.wire] http-outgoing-8 << "Date: Tue, 26 Sep 2017 10:06:44 GMT[\r][\n]"
<2017-09-26 13:06:48> DEBUG [org.apache.http.wire] http-outgoing-8 << "Content-Type: application/json;charset=utf-8[\r][\n]"
<2017-09-26 13:06:48> DEBUG [org.apache.http.wire] http-outgoing-8 << "Transfer-Encoding: chunked[\r][\n]"
<2017-09-26 13:06:48> DEBUG [org.apache.http.wire] http-outgoing-8 << "Connection: keep-alive[\r][\n]"
<2017-09-26 13:06:48> DEBUG [org.apache.http.wire] http-outgoing-8 << "Set-Cookie: JSESSIONID=F6E28E4994D1584E597DBDFCCCB1737E; Path=/nexperience/; HttpOnly[\r][\n]"
<2017-09-26 13:06:48> DEBUG [org.apache.http.wire] http-outgoing-8 << "Expires: Thu, 01 Jan 1970 00:00:00 GMT[\r][\n]"
<2017-09-26 13:06:48> DEBUG [org.apache.http.wire] http-outgoing-8 << "Cache-Control: no-cache[\r][\n]"
<2017-09-26 13:06:48> DEBUG [org.apache.http.wire] http-outgoing-8 << "Cache-Control: no-cache[\r][\n]"
<2017-09-26 13:06:48> DEBUG [org.apache.http.wire] http-outgoing-8 << "Expires: Thu, 01 Jan 1970 00:00:00 GMT[\r][\n]"
<2017-09-26 13:06:48> DEBUG [org.apache.http.wire] http-outgoing-8 << "Set-Cookie: fast_failed=true[\r][\n]"
<2017-09-26 13:06:48> DEBUG [org.apache.http.wire] http-outgoing-8 << "X-XSS-Protection: 2; mode=block[\r][\n]"
<2017-09-26 13:06:48> DEBUG [org.apache.http.wire] http-outgoing-8 << "Content-Encoding: gzip[\r][\n]"
<2017-09-26 13:06:48> DEBUG [org.apache.http.wire] http-outgoing-8 << "[\r][\n]"
<2017-09-26 13:06:48> DEBUG [org.apache.http.wire] http-outgoing-8 << "95[\r][\n]"
<2017-09-26 13:06:48> DEBUG [org.apache.http.wire] http-outgoing-8 << "[0x1f][0x8b][0x8][0x0][0x0][0x0][0x0][0x0][0x0][0x3]-[0x8c]1[0x12][0x82]0[0x10]E[0xef][0xb2]u[0xc8][0x10][0x8d]@h[0xad]l[0xbd][0xc1][0xb2]Y[0x94][0x99][0x90] Kl[0x1c][0xef][0xee][0x16][0x96][0xff][0xcd]{[0xff][0x3][0xc2]"K[0xc9][0xb7][0x8]#[0x10]N[0xe4]Z[0xd7]7[0xe1][0xc4]m[0xe3]y[0xa2]f[0x88]:[0xe7]y[0x8e][0xe8][0xc8][0xbb]3v`@[0xe]<Xu[0xa9]DZ+y^KT[0xe2][0xba][0xde]_[0xc2][0xe0]C0[0xf0][0xc6]T[0x15][0xe5][0x9a][0x92][0x1]J[0xa8][0xde][0x8]e]]>&#x7f;<![CDATA[[0xd8][0xb2]q~[0xa1][0x15]N[0x9c][0x97][0xba][0xda][0x9d][0xd7]r[0xb0][0xbd][0xb3]l%[0xb][0xff][0xff][0xab][0xea][0xed][0xf7][0x7][0xd5]/[0x87]>[0x9f][0x0][0x0][0x0][\r][\n]"
<2017-09-26 13:06:48> DEBUG [org.apache.http.wire] http-outgoing-8 << "0[\r][\n]"
<2017-09-26 13:06:48> DEBUG [org.apache.http.wire] http-outgoing-8 << "[\r][\n]"
<2017-09-26 13:06:48> DEBUG [org.apache.http.headers] http-outgoing-8 << HTTP/1.1 200 OK
<2017-09-26 13:06:48> DEBUG [org.apache.http.headers] http-outgoing-8 << Server: nginx
<2017-09-26 13:06:48> DEBUG [org.apache.http.headers] http-outgoing-8 << Date: Tue, 26 Sep 2017 10:06:44 GMT
<2017-09-26 13:06:48> DEBUG [org.apache.http.headers] http-outgoing-8 << Content-Type: application/json;charset=utf-8
<2017-09-26 13:06:48> DEBUG [org.apache.http.headers] http-outgoing-8 << Transfer-Encoding: chunked
<2017-09-26 13:06:48> DEBUG [org.apache.http.headers] http-outgoing-8 << Connection: keep-alive
<2017-09-26 13:06:48> DEBUG [org.apache.http.headers] http-outgoing-8 << Set-Cookie: JSESSIONID=F6E28E4994D1584E597DBDFCCCB1737E; Path=/nexperience/; HttpOnly
<2017-09-26 13:06:48> DEBUG [org.apache.http.headers] http-outgoing-8 << Expires: Thu, 01 Jan 1970 00:00:00 GMT
<2017-09-26 13:06:48> DEBUG [org.apache.http.headers] http-outgoing-8 << Cache-Control: no-cache
<2017-09-26 13:06:48> DEBUG [org.apache.http.headers] http-outgoing-8 << Cache-Control: no-cache
<2017-09-26 13:06:48> DEBUG [org.apache.http.headers] http-outgoing-8 << Expires: Thu, 01 Jan 1970 00:00:00 GMT
<2017-09-26 13:06:48> DEBUG [org.apache.http.headers] http-outgoing-8 << Set-Cookie: fast_failed=true
<2017-09-26 13:06:48> DEBUG [org.apache.http.headers] http-outgoing-8 << X-XSS-Protection: 2; mode=block
<2017-09-26 13:06:48> DEBUG [org.apache.http.headers] http-outgoing-8 << Content-Encoding: gzip
<2017-09-26 13:06:48> DEBUG [o.a.h.i.execchain.MainClientExec] Connection can be kept alive indefinitely
<2017-09-26 13:06:48> DEBUG [o.a.h.c.p.ResponseProcessCookies] Cookie accepted [JSESSIONID="F6E28E4994D1584E597DBDFCCCB1737E", version:0, domain:branchtest.perfectomobile.com, path:/nexperience/, expiry:null]
<2017-09-26 13:06:48> DEBUG [o.a.h.c.p.ResponseProcessCookies] Cookie accepted [fast_failed="true", version:0, domain:branchtest.perfectomobile.com, path:/nexperience/perfectomobile/wd/hub/session/cabc1017-92e0-4ebc-8d17-fffda1c413a6/element/3, expiry:null]
<2017-09-26 13:06:48> DEBUG [o.a.h.i.c.PoolingHttpClientConnectionManager] Connection [id: 8][route: {s}->https://branchtest.perfectomobile.com:443] can be kept alive indefinitely
<2017-09-26 13:06:48> DEBUG [o.a.h.i.c.PoolingHttpClientConnectionManager] Connection released: [id: 8][route: {s}->https://branchtest.perfectomobile.com:443][total kept alive: 3; route allocated: 3 of 2000; total allocated: 3 of 2000]
<2017-09-26 13:06:54> DEBUG [o.a.h.c.p.RequestAddCookies] CookieSpec selected: default
<2017-09-26 13:06:54> DEBUG [o.a.h.c.p.RequestAddCookies] Cookie [version: 0][name: JSESSIONID][value: F6E28E4994D1584E597DBDFCCCB1737E][domain: branchtest.perfectomobile.com][path: /nexperience/][expiry: null] match [(secure)branchtest.perfectomobile.com:443/nexperience/perfectomobile/wd/hub/session/223f2364-c363-4f1b-9fa3-c593981d31c4/execute]
<2017-09-26 13:06:54> DEBUG [o.a.h.c.p.RequestAddCookies] Cookie [version: 0][name: fast_failed][value: true][domain: branchtest.perfectomobile.com][path: /nexperience/perfectomobile/wd/hub][expiry: null] match [(secure)branchtest.perfectomobile.com:443/nexperience/perfectomobile/wd/hub/session/223f2364-c363-4f1b-9fa3-c593981d31c4/execute]
<2017-09-26 13:06:54> DEBUG [o.a.h.c.p.RequestAddCookies] Cookie [version: 0][name: fast_failed][value: true][domain: branchtest.perfectomobile.com][path: /nexperience/perfectomobile/wd/hub/session][expiry: null] match [(secure)branchtest.perfectomobile.com:443/nexperience/perfectomobile/wd/hub/session/223f2364-c363-4f1b-9fa3-c593981d31c4/execute]
<2017-09-26 13:06:54> DEBUG [o.a.h.c.p.RequestAddCookies] Cookie [version: 0][name: fast_failed][value: true][domain: branchtest.perfectomobile.com][path: /nexperience/perfectomobile/wd/hub/session/223f2364-c363-4f1b-9fa3-c593981d31c4][expiry: null] match [(secure)branchtest.perfectomobile.com:443/nexperience/perfectomobile/wd/hub/session/223f2364-c363-4f1b-9fa3-c593981d31c4/execute]
<2017-09-26 13:06:54> DEBUG [o.a.h.c.p.RequestAuthCache] Auth cache not set in the context
<2017-09-26 13:06:54> DEBUG [o.a.h.i.c.PoolingHttpClientConnectionManager] Connection request: [route: {s}->https://branchtest.perfectomobile.com:443][total kept alive: 3; route allocated: 3 of 2000; total allocated: 3 of 2000]
<2017-09-26 13:06:54> DEBUG [org.apache.http.wire] http-outgoing-8 << "[read] I/O error: Read timed out"
<2017-09-26 13:06:54> DEBUG [o.a.h.i.c.PoolingHttpClientConnectionManager] Connection leased: [id: 8][route: {s}->https://branchtest.perfectomobile.com:443][total kept alive: 2; route allocated: 3 of 2000; total allocated: 3 of 2000]
<2017-09-26 13:06:54> DEBUG [o.a.h.i.execchain.MainClientExec] Stale connection check
<2017-09-26 13:06:54> DEBUG [org.apache.http.wire] http-outgoing-8 << "[read] I/O error: Read timed out"
<2017-09-26 13:06:54> DEBUG [o.a.h.i.c.DefaultManagedHttpClientConnection] http-outgoing-8: set socket timeout to 10800000
<2017-09-26 13:06:54> DEBUG [o.a.h.i.execchain.MainClientExec] Executing request POST /nexperience/perfectomobile/wd/hub/session/223f2364-c363-4f1b-9fa3-c593981d31c4/execute HTTP/1.1
<2017-09-26 13:06:54> DEBUG [o.a.h.i.execchain.MainClientExec] Target auth state: UNCHALLENGED
<2017-09-26 13:06:54> DEBUG [o.a.h.i.execchain.MainClientExec] Proxy auth state: UNCHALLENGED
<2017-09-26 13:06:54> DEBUG [org.apache.http.headers] http-outgoing-8 >> POST /nexperience/perfectomobile/wd/hub/session/223f2364-c363-4f1b-9fa3-c593981d31c4/execute HTTP/1.1
<2017-09-26 13:06:54> DEBUG [org.apache.http.headers] http-outgoing-8 >> Content-Type: application/json; charset=utf-8
<2017-09-26 13:06:54> DEBUG [org.apache.http.headers] http-outgoing-8 >> Content-Length: 54
<2017-09-26 13:06:54> DEBUG [org.apache.http.headers] http-outgoing-8 >> Host: branchtest.perfectomobile.com
<2017-09-26 13:06:54> DEBUG [org.apache.http.headers] http-outgoing-8 >> Connection: Keep-Alive
<2017-09-26 13:06:54> DEBUG [org.apache.http.headers] http-outgoing-8 >> User-Agent: Apache-HttpClient/4.5.2 (Java/1.8.0_121)
<2017-09-26 13:06:54> DEBUG [org.apache.http.headers] http-outgoing-8 >> Cookie: JSESSIONID=F6E28E4994D1584E597DBDFCCCB1737E; fast_failed=true; fast_failed=true; fast_failed=true
<2017-09-26 13:06:54> DEBUG [org.apache.http.headers] http-outgoing-8 >> Accept-Encoding: gzip,deflate
<2017-09-26 13:06:54> DEBUG [org.apache.http.wire] http-outgoing-8 >> "POST /nexperience/perfectomobile/wd/hub/session/223f2364-c363-4f1b-9fa3-c593981d31c4/execute HTTP/1.1[\r][\n]"
<2017-09-26 13:06:54> DEBUG [org.apache.http.wire] http-outgoing-8 >> "Content-Type: application/json; charset=utf-8[\r][\n]"
<2017-09-26 13:06:54> DEBUG [org.apache.http.wire] http-outgoing-8 >> "Content-Length: 54[\r][\n]"
<2017-09-26 13:06:54> DEBUG [org.apache.http.wire] http-outgoing-8 >> "Host: branchtest.perfectomobile.com[\r][\n]"
<2017-09-26 13:06:54> DEBUG [org.apache.http.wire] http-outgoing-8 >> "Connection: Keep-Alive[\r][\n]"
<2017-09-26 13:06:54> DEBUG [org.apache.http.wire] http-outgoing-8 >> "User-Agent: Apache-HttpClient/4.5.2 (Java/1.8.0_121)[\r][\n]"
<2017-09-26 13:06:54> DEBUG [org.apache.http.wire] http-outgoing-8 >> "Cookie: JSESSIONID=F6E28E4994D1584E597DBDFCCCB1737E; fast_failed=true; fast_failed=true; fast_failed=true[\r][\n]"
<2017-09-26 13:06:54> DEBUG [org.apache.http.wire] http-outgoing-8 >> "Accept-Encoding: gzip,deflate[\r][\n]"
<2017-09-26 13:06:54> DEBUG [org.apache.http.wire] http-outgoing-8 >> "[\r][\n]"
<2017-09-26 13:06:54> DEBUG [org.apache.http.wire] http-outgoing-8 >> "{"script":"mobile:step:end","args":[{"message":null}]}"
<2017-09-26 13:06:54> DEBUG [org.apache.http.wire] http-outgoing-8 << "HTTP/1.1 200 OK[\r][\n]"
<2017-09-26 13:06:54> DEBUG [org.apache.http.wire] http-outgoing-8 << "Server: nginx[\r][\n]"
<2017-09-26 13:06:54> DEBUG [org.apache.http.wire] http-outgoing-8 << "Date: Tue, 26 Sep 2017 10:06:50 GMT[\r][\n]"
<2017-09-26 13:06:54> DEBUG [org.apache.http.wire] http-outgoing-8 << "Content-Type: application/json;charset=utf-8[\r][\n]"
<2017-09-26 13:06:54> DEBUG [org.apache.http.wire] http-outgoing-8 << "Transfer-Encoding: chunked[\r][\n]"
<2017-09-26 13:06:54> DEBUG [org.apache.http.wire] http-outgoing-8 << "Connection: keep-alive[\r][\n]"
<2017-09-26 13:06:54> DEBUG [org.apache.http.wire] http-outgoing-8 << "Set-Cookie: JSESSIONID=F6E28E4994D1584E597DBDFCCCB1737E; Path=/nexperience/; HttpOnly[\r][\n]"
<2017-09-26 13:06:54> DEBUG [org.apache.http.wire] http-outgoing-8 << "Expires: Thu, 01 Jan 1970 00:00:00 GMT[\r][\n]"
<2017-09-26 13:06:54> DEBUG [org.apache.http.wire] http-outgoing-8 << "Cache-Control: no-cache[\r][\n]"
<2017-09-26 13:06:54> DEBUG [org.apache.http.wire] http-outgoing-8 << "Cache-Control: no-cache[\r][\n]"
<2017-09-26 13:06:54> DEBUG [org.apache.http.wire] http-outgoing-8 << "Expires: Thu, 01 Jan 1970 00:00:00 GMT[\r][\n]"
<2017-09-26 13:06:54> DEBUG [org.apache.http.wire] http-outgoing-8 << "Set-Cookie: fast_failed=true[\r][\n]"
<2017-09-26 13:06:54> DEBUG [org.apache.http.wire] http-outgoing-8 << "X-XSS-Protection: 2; mode=block[\r][\n]"
<2017-09-26 13:06:54> DEBUG [org.apache.http.wire] http-outgoing-8 << "Content-Encoding: gzip[\r][\n]"
<2017-09-26 13:06:54> DEBUG [org.apache.http.wire] http-outgoing-8 << "[\r][\n]"
<2017-09-26 13:06:54> DEBUG [org.apache.http.wire] http-outgoing-8 << "96[\r][\n]"
<2017-09-26 13:06:54> DEBUG [org.apache.http.wire] http-outgoing-8 << "[0x1f][0x8b][0x8][0x0][0x0][0x0][0x0][0x0][0x0][0x3]-[0xcc]1[0x12][0xc2] [0x10][0x85][0xe1][0xbb]l[\r][0xc]dc&[0xa4][0xb5][0xb2][0xf5][0x6][0x8][0x1b][0xcd][0xc][0x81]$[0x1b]l[0x1c][0xef][0xee][0x16][0xb6][0xff]|[0xef]}[0x80][0x89]y[0xa9][0xe5][0x96]`[0x82][0xae][0xc3][0xb9][0xc3][0xa1][0xd7][0x11][0x7][0xd4][0xfd][0xec][0x1e][0xda][0xcf][0x1]u[0xbc]x[0xf4][0xa3]K[0xe8]b[0xf][\n]"
<2017-09-26 13:06:54> DEBUG [org.apache.http.wire] http-outgoing-8 << "[0xf8][0xc]'[0x9][0xe7][0x16][0xa3][0xac][0xa5][0xbc][0xae]5Iq[0xd6][0x8f]~[0xb0][0xd6];[0x5][0xef][0x90][0x9b][0xa4][0xd2]rV[0x10]s[0x10]7A=[0x9e][0xa6]nT[0xf6]`[0x98]2[0x95][0xa5][0xad][0xe6][0xa0][0xb5][0x9e]d[0xee][0xc4][-L[0xff][0xff]&[0xdc]~]]>&#x7f;<![CDATA[[0xa9][0xc6][0xc3][[0x9f][0x0][0x0][0x0][\r][\n]"
<2017-09-26 13:06:54> DEBUG [org.apache.http.wire] http-outgoing-8 << "0[\r][\n]"
<2017-09-26 13:06:54> DEBUG [org.apache.http.wire] http-outgoing-8 << "[\r][\n]"
<2017-09-26 13:06:54> DEBUG [org.apache.http.headers] http-outgoing-8 << HTTP/1.1 200 OK
<2017-09-26 13:06:54> DEBUG [org.apache.http.headers] http-outgoing-8 << Server: nginx
<2017-09-26 13:06:54> DEBUG [org.apache.http.headers] http-outgoing-8 << Date: Tue, 26 Sep 2017 10:06:50 GMT
<2017-09-26 13:06:54> DEBUG [org.apache.http.headers] http-outgoing-8 << Content-Type: application/json;charset=utf-8
<2017-09-26 13:06:54> DEBUG [org.apache.http.headers] http-outgoing-8 << Transfer-Encoding: chunked
<2017-09-26 13:06:54> DEBUG [org.apache.http.headers] http-outgoing-8 << Connection: keep-alive
<2017-09-26 13:06:54> DEBUG [org.apache.http.headers] http-outgoing-8 << Set-Cookie: JSESSIONID=F6E28E4994D1584E597DBDFCCCB1737E; Path=/nexperience/; HttpOnly
<2017-09-26 13:06:54> DEBUG [org.apache.http.headers] http-outgoing-8 << Expires: Thu, 01 Jan 1970 00:00:00 GMT
<2017-09-26 13:06:54> DEBUG [org.apache.http.headers] http-outgoing-8 << Cache-Control: no-cache
<2017-09-26 13:06:54> DEBUG [org.apache.http.headers] http-outgoing-8 << Cache-Control: no-cache
<2017-09-26 13:06:54> DEBUG [org.apache.http.headers] http-outgoing-8 << Expires: Thu, 01 Jan 1970 00:00:00 GMT
<2017-09-26 13:06:54> DEBUG [org.apache.http.headers] http-outgoing-8 << Set-Cookie: fast_failed=true
<2017-09-26 13:06:54> DEBUG [org.apache.http.headers] http-outgoing-8 << X-XSS-Protection: 2; mode=block
<2017-09-26 13:06:54> DEBUG [org.apache.http.headers] http-outgoing-8 << Content-Encoding: gzip
<2017-09-26 13:06:54> DEBUG [o.a.h.i.execchain.MainClientExec] Connection can be kept alive indefinitely
<2017-09-26 13:06:54> DEBUG [o.a.h.c.p.ResponseProcessCookies] Cookie accepted [JSESSIONID="F6E28E4994D1584E597DBDFCCCB1737E", version:0, domain:branchtest.perfectomobile.com, path:/nexperience/, expiry:null]
<2017-09-26 13:06:54> DEBUG [o.a.h.c.p.ResponseProcessCookies] Cookie accepted [fast_failed="true", version:0, domain:branchtest.perfectomobile.com, path:/nexperience/perfectomobile/wd/hub/session/223f2364-c363-4f1b-9fa3-c593981d31c4, expiry:null]
<2017-09-26 13:06:54> DEBUG [o.a.h.i.c.PoolingHttpClientConnectionManager] Connection [id: 8][route: {s}->https://branchtest.perfectomobile.com:443] can be kept alive indefinitely
<2017-09-26 13:06:54> DEBUG [o.a.h.i.c.PoolingHttpClientConnectionManager] Connection released: [id: 8][route: {s}->https://branchtest.perfectomobile.com:443][total kept alive: 3; route allocated: 3 of 2000; total allocated: 3 of 2000]
<2017-09-26 13:06:54> DEBUG [o.a.h.c.p.RequestAddCookies] CookieSpec selected: default
<2017-09-26 13:06:54> DEBUG [o.a.h.c.p.RequestAddCookies] Cookie [version: 0][name: JSESSIONID][value: F6E28E4994D1584E597DBDFCCCB1737E][domain: branchtest.perfectomobile.com][path: /nexperience/][expiry: null] match [(secure)branchtest.perfectomobile.com:443/nexperience/perfectomobile/wd/hub/session/223f2364-c363-4f1b-9fa3-c593981d31c4/execute]
<2017-09-26 13:06:54> DEBUG [o.a.h.c.p.RequestAddCookies] Cookie [version: 0][name: fast_failed][value: true][domain: branchtest.perfectomobile.com][path: /nexperience/perfectomobile/wd/hub][expiry: null] match [(secure)branchtest.perfectomobile.com:443/nexperience/perfectomobile/wd/hub/session/223f2364-c363-4f1b-9fa3-c593981d31c4/execute]
<2017-09-26 13:06:54> DEBUG [o.a.h.c.p.RequestAddCookies] Cookie [version: 0][name: fast_failed][value: true][domain: branchtest.perfectomobile.com][path: /nexperience/perfectomobile/wd/hub/session][expiry: null] match [(secure)branchtest.perfectomobile.com:443/nexperience/perfectomobile/wd/hub/session/223f2364-c363-4f1b-9fa3-c593981d31c4/execute]
<2017-09-26 13:06:54> DEBUG [o.a.h.c.p.RequestAddCookies] Cookie [version: 0][name: fast_failed][value: true][domain: branchtest.perfectomobile.com][path: /nexperience/perfectomobile/wd/hub/session/223f2364-c363-4f1b-9fa3-c593981d31c4][expiry: null] match [(secure)branchtest.perfectomobile.com:443/nexperience/perfectomobile/wd/hub/session/223f2364-c363-4f1b-9fa3-c593981d31c4/execute]
<2017-09-26 13:06:54> DEBUG [o.a.h.c.p.RequestAuthCache] Auth cache not set in the context
<2017-09-26 13:06:54> DEBUG [o.a.h.i.c.PoolingHttpClientConnectionManager] Connection request: [route: {s}->https://branchtest.perfectomobile.com:443][total kept alive: 3; route allocated: 3 of 2000; total allocated: 3 of 2000]
<2017-09-26 13:06:54> DEBUG [o.a.h.i.c.PoolingHttpClientConnectionManager] Connection leased: [id: 8][route: {s}->https://branchtest.perfectomobile.com:443][total kept alive: 2; route allocated: 3 of 2000; total allocated: 3 of 2000]
<2017-09-26 13:06:54> DEBUG [o.a.h.i.execchain.MainClientExec] Stale connection check
<2017-09-26 13:06:54> DEBUG [org.apache.http.wire] http-outgoing-8 << "[read] I/O error: Read timed out"
<2017-09-26 13:06:54> DEBUG [o.a.h.i.c.DefaultManagedHttpClientConnection] http-outgoing-8: set socket timeout to 10800000
<2017-09-26 13:06:54> DEBUG [o.a.h.i.execchain.MainClientExec] Executing request POST /nexperience/perfectomobile/wd/hub/session/223f2364-c363-4f1b-9fa3-c593981d31c4/execute HTTP/1.1
<2017-09-26 13:06:54> DEBUG [o.a.h.i.execchain.MainClientExec] Target auth state: UNCHALLENGED
<2017-09-26 13:06:54> DEBUG [o.a.h.i.execchain.MainClientExec] Proxy auth state: UNCHALLENGED
<2017-09-26 13:06:54> DEBUG [org.apache.http.headers] http-outgoing-8 >> POST /nexperience/perfectomobile/wd/hub/session/223f2364-c363-4f1b-9fa3-c593981d31c4/execute HTTP/1.1
<2017-09-26 13:06:54> DEBUG [org.apache.http.headers] http-outgoing-8 >> Content-Type: application/json; charset=utf-8
<2017-09-26 13:06:54> DEBUG [org.apache.http.headers] http-outgoing-8 >> Content-Length: 68
<2017-09-26 13:06:54> DEBUG [org.apache.http.headers] http-outgoing-8 >> Host: branchtest.perfectomobile.com
<2017-09-26 13:06:54> DEBUG [org.apache.http.headers] http-outgoing-8 >> Connection: Keep-Alive
<2017-09-26 13:06:54> DEBUG [org.apache.http.headers] http-outgoing-8 >> User-Agent: Apache-HttpClient/4.5.2 (Java/1.8.0_121)
<2017-09-26 13:06:54> DEBUG [org.apache.http.headers] http-outgoing-8 >> Cookie: JSESSIONID=F6E28E4994D1584E597DBDFCCCB1737E; fast_failed=true; fast_failed=true; fast_failed=true
<2017-09-26 13:06:54> DEBUG [org.apache.http.headers] http-outgoing-8 >> Accept-Encoding: gzip,deflate
<2017-09-26 13:06:54> DEBUG [org.apache.http.wire] http-outgoing-8 >> "POST /nexperience/perfectomobile/wd/hub/session/223f2364-c363-4f1b-9fa3-c593981d31c4/execute HTTP/1.1[\r][\n]"
<2017-09-26 13:06:54> DEBUG [org.apache.http.wire] http-outgoing-8 >> "Content-Type: application/json; charset=utf-8[\r][\n]"
<2017-09-26 13:06:54> DEBUG [org.apache.http.wire] http-outgoing-8 >> "Content-Length: 68[\r][\n]"
<2017-09-26 13:06:54> DEBUG [org.apache.http.wire] http-outgoing-8 >> "Host: branchtest.perfectomobile.com[\r][\n]"
<2017-09-26 13:06:54> DEBUG [org.apache.http.wire] http-outgoing-8 >> "Connection: Keep-Alive[\r][\n]"
<2017-09-26 13:06:54> DEBUG [org.apache.http.wire] http-outgoing-8 >> "User-Agent: Apache-HttpClient/4.5.2 (Java/1.8.0_121)[\r][\n]"
<2017-09-26 13:06:54> DEBUG [org.apache.http.wire] http-outgoing-8 >> "Cookie: JSESSIONID=F6E28E4994D1584E597DBDFCCCB1737E; fast_failed=true; fast_failed=true; fast_failed=true[\r][\n]"
<2017-09-26 13:06:54> DEBUG [org.apache.http.wire] http-outgoing-8 >> "Accept-Encoding: gzip,deflate[\r][\n]"
<2017-09-26 13:06:54> DEBUG [org.apache.http.wire] http-outgoing-8 >> "[\r][\n]"
<2017-09-26 13:06:54> DEBUG [org.apache.http.wire] http-outgoing-8 >> "{"script":"mobile:step:start","args":[{"name":"Test Registration"}]}"
<2017-09-26 13:06:54> DEBUG [org.apache.http.wire] http-outgoing-8 << "HTTP/1.1 200 OK[\r][\n]"
<2017-09-26 13:06:54> DEBUG [org.apache.http.wire] http-outgoing-8 << "Server: nginx[\r][\n]"
<2017-09-26 13:06:54> DEBUG [org.apache.http.wire] http-outgoing-8 << "Date: Tue, 26 Sep 2017 10:06:51 GMT[\r][\n]"
<2017-09-26 13:06:54> DEBUG [org.apache.http.wire] http-outgoing-8 << "Content-Type: application/json;charset=utf-8[\r][\n]"
<2017-09-26 13:06:54> DEBUG [org.apache.http.wire] http-outgoing-8 << "Transfer-Encoding: chunked[\r][\n]"
<2017-09-26 13:06:54> DEBUG [org.apache.http.wire] http-outgoing-8 << "Connection: keep-alive[\r][\n]"
<2017-09-26 13:06:54> DEBUG [org.apache.http.wire] http-outgoing-8 << "Set-Cookie: JSESSIONID=F6E28E4994D1584E597DBDFCCCB1737E; Path=/nexperience/; HttpOnly[\r][\n]"
<2017-09-26 13:06:54> DEBUG [org.apache.http.wire] http-outgoing-8 << "Expires: Thu, 01 Jan 1970 00:00:00 GMT[\r][\n]"
<2017-09-26 13:06:54> DEBUG [org.apache.http.wire] http-outgoing-8 << "Cache-Control: no-cache[\r][\n]"
<2017-09-26 13:06:54> DEBUG [org.apache.http.wire] http-outgoing-8 << "Cache-Control: no-cache[\r][\n]"
<2017-09-26 13:06:54> DEBUG [org.apache.http.wire] http-outgoing-8 << "Expires: Thu, 01 Jan 1970 00:00:00 GMT[\r][\n]"
<2017-09-26 13:06:54> DEBUG [org.apache.http.wire] http-outgoing-8 << "Set-Cookie: fast_failed=true[\r][\n]"
<2017-09-26 13:06:54> DEBUG [org.apache.http.wire] http-outgoing-8 << "X-XSS-Protection: 2; mode=block[\r][\n]"
<2017-09-26 13:06:54> DEBUG [org.apache.http.wire] http-outgoing-8 << "Content-Encoding: gzip[\r][\n]"
<2017-09-26 13:06:54> DEBUG [org.apache.http.wire] http-outgoing-8 << "[\r][\n]"
<2017-09-26 13:06:54> DEBUG [org.apache.http.wire] http-outgoing-8 << "95[\r][\n]"
<2017-09-26 13:06:54> DEBUG [org.apache.http.wire] http-outgoing-8 << "[0x1f][0x8b][0x8][0x0][0x0][0x0][0x0][0x0][0x0][0x3]-[0xcc][0xc1][0xe][0x82]0[0x10][0x4][0xd0]]]>&#x7f;<![CDATA[[0xd9]3m[0xda]n![0x94][0xab]'[0xaf][0xfe]A-[0x8b][0x92]@[0xb],[0xf5]b[0xfc]w[0xd7][0xc4][0xeb][0xcc][0x9b]y[0x3][0x13][0xf3]\[0xf2]u[0x84][0x1][0x9c][0xc3][0xc9]a[0xe7]U[0xc2][0xe][0x95][0x9f][0xec]][0x85])[0xa2]Jm[0xc0][0xd0][0xdb][0x11]m[0xf2][0xd0][0x0][0x9f][0xf1]$[0xe1]\S[0x92][0xb5]$[0xcf]K[0x19]%q[0xc6]8[0xd3]b[0xef]M[0x3][0xaf][0xb8][0xd4][0x1f][0x92]6-Q[0xd4][0x0][0xe5]x[0xe8][0xb2]Q[0xde][0xa3]fZ([0xcf]u[0xd5][0x7][0xad][0xe5]$}#[0xde]Jf[0xfa][0xbf]W[0xe1][0xe6][0xf3][0x5][0xd0][0x9]p0[0x9d][0x0][0x0][0x0][\r][\n]"
<2017-09-26 13:06:54> DEBUG [org.apache.http.wire] http-outgoing-8 << "0[\r][\n]"
<2017-09-26 13:06:54> DEBUG [org.apache.http.wire] http-outgoing-8 << "[\r][\n]"
<2017-09-26 13:06:54> DEBUG [org.apache.http.headers] http-outgoing-8 << HTTP/1.1 200 OK
<2017-09-26 13:06:54> DEBUG [org.apache.http.headers] http-outgoing-8 << Server: nginx
<2017-09-26 13:06:54> DEBUG [org.apache.http.headers] http-outgoing-8 << Date: Tue, 26 Sep 2017 10:06:51 GMT
<2017-09-26 13:06:54> DEBUG [org.apache.http.headers] http-outgoing-8 << Content-Type: application/json;charset=utf-8
<2017-09-26 13:06:54> DEBUG [org.apache.http.headers] http-outgoing-8 << Transfer-Encoding: chunked
<2017-09-26 13:06:54> DEBUG [org.apache.http.headers] http-outgoing-8 << Connection: keep-alive
<2017-09-26 13:06:54> DEBUG [org.apache.http.headers] http-outgoing-8 << Set-Cookie: JSESSIONID=F6E28E4994D1584E597DBDFCCCB1737E; Path=/nexperience/; HttpOnly
<2017-09-26 13:06:54> DEBUG [org.apache.http.headers] http-outgoing-8 << Expires: Thu, 01 Jan 1970 00:00:00 GMT
<2017-09-26 13:06:54> DEBUG [org.apache.http.headers] http-outgoing-8 << Cache-Control: no-cache
<2017-09-26 13:06:54> DEBUG [org.apache.http.headers] http-outgoing-8 << Cache-Control: no-cache
<2017-09-26 13:06:54> DEBUG [org.apache.http.headers] http-outgoing-8 << Expires: Thu, 01 Jan 1970 00:00:00 GMT
<2017-09-26 13:06:54> DEBUG [org.apache.http.headers] http-outgoing-8 << Set-Cookie: fast_failed=true
<2017-09-26 13:06:54> DEBUG [org.apache.http.headers] http-outgoing-8 << X-XSS-Protection: 2; mode=block
<2017-09-26 13:06:54> DEBUG [org.apache.http.headers] http-outgoing-8 << Content-Encoding: gzip
<2017-09-26 13:06:54> DEBUG [o.a.h.i.execchain.MainClientExec] Connection can be kept alive indefinitely
<2017-09-26 13:06:54> DEBUG [o.a.h.c.p.ResponseProcessCookies] Cookie accepted [JSESSIONID="F6E28E4994D1584E597DBDFCCCB1737E", version:0, domain:branchtest.perfectomobile.com, path:/nexperience/, expiry:null]
<2017-09-26 13:06:54> DEBUG [o.a.h.c.p.ResponseProcessCookies] Cookie accepted [fast_failed="true", version:0, domain:branchtest.perfectomobile.com, path:/nexperience/perfectomobile/wd/hub/session/223f2364-c363-4f1b-9fa3-c593981d31c4, expiry:null]
<2017-09-26 13:06:54> DEBUG [o.a.h.i.c.PoolingHttpClientConnectionManager] Connection [id: 8][route: {s}->https://branchtest.perfectomobile.com:443] can be kept alive indefinitely
<2017-09-26 13:06:54> DEBUG [o.a.h.i.c.PoolingHttpClientConnectionManager] Connection released: [id: 8][route: {s}->https://branchtest.perfectomobile.com:443][total kept alive: 3; route allocated: 3 of 2000; total allocated: 3 of 2000]
<2017-09-26 13:06:54> DEBUG [o.a.h.c.p.RequestAddCookies] CookieSpec selected: default
<2017-09-26 13:06:54> DEBUG [o.a.h.c.p.RequestAddCookies] Cookie [version: 0][name: JSESSIONID][value: F6E28E4994D1584E597DBDFCCCB1737E][domain: branchtest.perfectomobile.com][path: /nexperience/][expiry: null] match [(secure)branchtest.perfectomobile.com:443/nexperience/perfectomobile/wd/hub/session/223f2364-c363-4f1b-9fa3-c593981d31c4/element]
<2017-09-26 13:06:54> DEBUG [o.a.h.c.p.RequestAddCookies] Cookie [version: 0][name: fast_failed][value: true][domain: branchtest.perfectomobile.com][path: /nexperience/perfectomobile/wd/hub][expiry: null] match [(secure)branchtest.perfectomobile.com:443/nexperience/perfectomobile/wd/hub/session/223f2364-c363-4f1b-9fa3-c593981d31c4/element]
<2017-09-26 13:06:54> DEBUG [o.a.h.c.p.RequestAddCookies] Cookie [version: 0][name: fast_failed][value: true][domain: branchtest.perfectomobile.com][path: /nexperience/perfectomobile/wd/hub/session][expiry: null] match [(secure)branchtest.perfectomobile.com:443/nexperience/perfectomobile/wd/hub/session/223f2364-c363-4f1b-9fa3-c593981d31c4/element]
<2017-09-26 13:06:54> DEBUG [o.a.h.c.p.RequestAddCookies] Cookie [version: 0][name: fast_failed][value: true][domain: branchtest.perfectomobile.com][path: /nexperience/perfectomobile/wd/hub/session/223f2364-c363-4f1b-9fa3-c593981d31c4][expiry: null] match [(secure)branchtest.perfectomobile.com:443/nexperience/perfectomobile/wd/hub/session/223f2364-c363-4f1b-9fa3-c593981d31c4/element]
<2017-09-26 13:06:54> DEBUG [o.a.h.c.p.RequestAuthCache] Auth cache not set in the context
<2017-09-26 13:06:54> DEBUG [o.a.h.i.c.PoolingHttpClientConnectionManager] Connection request: [route: {s}->https://branchtest.perfectomobile.com:443][total kept alive: 3; route allocated: 3 of 2000; total allocated: 3 of 2000]
<2017-09-26 13:06:54> DEBUG [o.a.h.i.c.PoolingHttpClientConnectionManager] Connection leased: [id: 8][route: {s}->https://branchtest.perfectomobile.com:443][total kept alive: 2; route allocated: 3 of 2000; total allocated: 3 of 2000]
<2017-09-26 13:06:54> DEBUG [o.a.h.i.execchain.MainClientExec] Stale connection check
<2017-09-26 13:06:54> DEBUG [org.apache.http.wire] http-outgoing-8 << "[read] I/O error: Read timed out"
<2017-09-26 13:06:54> DEBUG [o.a.h.i.c.DefaultManagedHttpClientConnection] http-outgoing-8: set socket timeout to 10800000
<2017-09-26 13:06:54> DEBUG [o.a.h.i.execchain.MainClientExec] Executing request POST /nexperience/perfectomobile/wd/hub/session/223f2364-c363-4f1b-9fa3-c593981d31c4/element HTTP/1.1
<2017-09-26 13:06:54> DEBUG [o.a.h.i.execchain.MainClientExec] Target auth state: UNCHALLENGED
<2017-09-26 13:06:54> DEBUG [o.a.h.i.execchain.MainClientExec] Proxy auth state: UNCHALLENGED
<2017-09-26 13:06:54> DEBUG [org.apache.http.headers] http-outgoing-8 >> POST /nexperience/perfectomobile/wd/hub/session/223f2364-c363-4f1b-9fa3-c593981d31c4/element HTTP/1.1
<2017-09-26 13:06:54> DEBUG [org.apache.http.headers] http-outgoing-8 >> Content-Type: application/json; charset=utf-8
<2017-09-26 13:06:54> DEBUG [org.apache.http.headers] http-outgoing-8 >> Content-Length: 77
<2017-09-26 13:06:54> DEBUG [org.apache.http.headers] http-outgoing-8 >> Host: branchtest.perfectomobile.com
<2017-09-26 13:06:54> DEBUG [org.apache.http.headers] http-outgoing-8 >> Connection: Keep-Alive
<2017-09-26 13:06:54> DEBUG [org.apache.http.headers] http-outgoing-8 >> User-Agent: Apache-HttpClient/4.5.2 (Java/1.8.0_121)
<2017-09-26 13:06:54> DEBUG [org.apache.http.headers] http-outgoing-8 >> Cookie: JSESSIONID=F6E28E4994D1584E597DBDFCCCB1737E; fast_failed=true; fast_failed=true; fast_failed=true
<2017-09-26 13:06:54> DEBUG [org.apache.http.headers] http-outgoing-8 >> Accept-Encoding: gzip,deflate
<2017-09-26 13:06:54> DEBUG [org.apache.http.wire] http-outgoing-8 >> "POST /nexperience/perfectomobile/wd/hub/session/223f2364-c363-4f1b-9fa3-c593981d31c4/element HTTP/1.1[\r][\n]"
<2017-09-26 13:06:54> DEBUG [org.apache.http.wire] http-outgoing-8 >> "Content-Type: application/json; charset=utf-8[\r][\n]"
<2017-09-26 13:06:54> DEBUG [org.apache.http.wire] http-outgoing-8 >> "Content-Length: 77[\r][\n]"
<2017-09-26 13:06:54> DEBUG [org.apache.http.wire] http-outgoing-8 >> "Host: branchtest.perfectomobile.com[\r][\n]"
<2017-09-26 13:06:54> DEBUG [org.apache.http.wire] http-outgoing-8 >> "Connection: Keep-Alive[\r][\n]"
<2017-09-26 13:06:54> DEBUG [org.apache.http.wire] http-outgoing-8 >> "User-Agent: Apache-HttpClient/4.5.2 (Java/1.8.0_121)[\r][\n]"
<2017-09-26 13:06:54> DEBUG [org.apache.http.wire] http-outgoing-8 >> "Cookie: JSESSIONID=F6E28E4994D1584E597DBDFCCCB1737E; fast_failed=true; fast_failed=true; fast_failed=true[\r][\n]"
<2017-09-26 13:06:54> DEBUG [org.apache.http.wire] http-outgoing-8 >> "Accept-Encoding: gzip,deflate[\r][\n]"
<2017-09-26 13:06:54> DEBUG [org.apache.http.wire] http-outgoing-8 >> "[\r][\n]"
<2017-09-26 13:06:54> DEBUG [org.apache.http.wire] http-outgoing-8 >> "{"using":"xpath","value":"//*[@id=\"register_form\"]/fieldset[1]/p[1]/input"}"
<2017-09-26 13:06:55> DEBUG [org.apache.http.wire] http-outgoing-8 << "HTTP/1.1 200 OK[\r][\n]"
<2017-09-26 13:06:55> DEBUG [org.apache.http.wire] http-outgoing-8 << "Server: nginx[\r][\n]"
<2017-09-26 13:06:55> DEBUG [org.apache.http.wire] http-outgoing-8 << "Date: Tue, 26 Sep 2017 10:06:51 GMT[\r][\n]"
<2017-09-26 13:06:55> DEBUG [org.apache.http.wire] http-outgoing-8 << "Content-Type: application/json;charset=utf-8[\r][\n]"
<2017-09-26 13:06:55> DEBUG [org.apache.http.wire] http-outgoing-8 << "Transfer-Encoding: chunked[\r][\n]"
<2017-09-26 13:06:55> DEBUG [org.apache.http.wire] http-outgoing-8 << "Connection: keep-alive[\r][\n]"
<2017-09-26 13:06:55> DEBUG [org.apache.http.wire] http-outgoing-8 << "Set-Cookie: JSESSIONID=F6E28E4994D1584E597DBDFCCCB1737E; Path=/nexperience/; HttpOnly[\r][\n]"
<2017-09-26 13:06:55> DEBUG [org.apache.http.wire] http-outgoing-8 << "Expires: Thu, 01 Jan 1970 00:00:00 GMT[\r][\n]"
<2017-09-26 13:06:55> DEBUG [org.apache.http.wire] http-outgoing-8 << "Cache-Control: no-cache[\r][\n]"
<2017-09-26 13:06:55> DEBUG [org.apache.http.wire] http-outgoing-8 << "Cache-Control: no-cache[\r][\n]"
<2017-09-26 13:06:55> DEBUG [org.apache.http.wire] http-outgoing-8 << "Expires: Thu, 01 Jan 1970 00:00:00 GMT[\r][\n]"
<2017-09-26 13:06:55> DEBUG [org.apache.http.wire] http-outgoing-8 << "Set-Cookie: fast_failed=true[\r][\n]"
<2017-09-26 13:06:55> DEBUG [org.apache.http.wire] http-outgoing-8 << "X-XSS-Protection: 2; mode=block[\r][\n]"
<2017-09-26 13:06:55> DEBUG [org.apache.http.wire] http-outgoing-8 << "Content-Encoding: gzip[\r][\n]"
<2017-09-26 13:06:55> DEBUG [org.apache.http.wire] http-outgoing-8 << "[\r][\n]"
<2017-09-26 13:06:55> DEBUG [org.apache.http.wire] http-outgoing-8 << "a1[\r][\n]"
<2017-09-26 13:06:55> DEBUG [org.apache.http.wire] http-outgoing-8 << "[0x1f][0x8b][0x8][0x0][0x0][0x0][0x0][0x0][0x0][0x3]-[0x8d]A[0xe][0x82]0[0x10][0x0][0xff][0xb2]gh,[[0x9b][0xc2][0xd5]p0Q[0xf][0xc6][0xf][0xd4][0xb2]([0x9][0xb4][0xc8]R/[0x84][0xbf][0xbb][0x7][0xaf][0x93][0x99][0xcc][0x6]L[0xcc]C[0x8a][0xe7][0xe][0x1a][0xa8]*[0xec]+[0xb4][0xa6][0xc]h[0xb1]4[0xbd]~[0x96]u[0xef][0xb1][0xc][0xc7][0x1a]k[0xa7];[0xd4][0xc1]@[0x1][0xbc][0xfa][0x95]D[0xe7][0x1c][0x82][0xd4]B[0xde][0xa7][0xd4][0x9][0xd1]h[0x9c]sVk[[0xc0][0xd7][0x8f]Y[0xd0][0x6][0xed][0xa5][0xbd][0xb6][0xb7][0x87][0xf8][0x6][0xf6][0x2][0xc2][0xe8]%i -/[0x95]f[0x8a][0x1f][0xaf][0x98]F[0x8a]C[0x9e][0xd4]BSZI[0xdd][0x89][0xe7][0x14][0x99][0xfe][0xab],[0xfa]a[0xff][0x1][0xf6][0xe2]0[0x81][0xaa][0x0][0x0][0x0][\r][\n]"
<2017-09-26 13:06:55> DEBUG [org.apache.http.wire] http-outgoing-8 << "0[\r][\n]"
<2017-09-26 13:06:55> DEBUG [org.apache.http.wire] http-outgoing-8 << "[\r][\n]"
<2017-09-26 13:06:55> DEBUG [org.apache.http.headers] http-outgoing-8 << HTTP/1.1 200 OK
<2017-09-26 13:06:55> DEBUG [org.apache.http.headers] http-outgoing-8 << Server: nginx
<2017-09-26 13:06:55> DEBUG [org.apache.http.headers] http-outgoing-8 << Date: Tue, 26 Sep 2017 10:06:51 GMT
<2017-09-26 13:06:55> DEBUG [org.apache.http.headers] http-outgoing-8 << Content-Type: application/json;charset=utf-8
<2017-09-26 13:06:55> DEBUG [org.apache.http.headers] http-outgoing-8 << Transfer-Encoding: chunked
<2017-09-26 13:06:55> DEBUG [org.apache.http.headers] http-outgoing-8 << Connection: keep-alive
<2017-09-26 13:06:55> DEBUG [org.apache.http.headers] http-outgoing-8 << Set-Cookie: JSESSIONID=F6E28E4994D1584E597DBDFCCCB1737E; Path=/nexperience/; HttpOnly
<2017-09-26 13:06:55> DEBUG [org.apache.http.headers] http-outgoing-8 << Expires: Thu, 01 Jan 1970 00:00:00 GMT
<2017-09-26 13:06:55> DEBUG [org.apache.http.headers] http-outgoing-8 << Cache-Control: no-cache
<2017-09-26 13:06:55> DEBUG [org.apache.http.headers] http-outgoing-8 << Cache-Control: no-cache
<2017-09-26 13:06:55> DEBUG [org.apache.http.headers] http-outgoing-8 << Expires: Thu, 01 Jan 1970 00:00:00 GMT
<2017-09-26 13:06:55> DEBUG [org.apache.http.headers] http-outgoing-8 << Set-Cookie: fast_failed=true
<2017-09-26 13:06:55> DEBUG [org.apache.http.headers] http-outgoing-8 << X-XSS-Protection: 2; mode=block
<2017-09-26 13:06:55> DEBUG [org.apache.http.headers] http-outgoing-8 << Content-Encoding: gzip
<2017-09-26 13:06:55> DEBUG [o.a.h.i.execchain.MainClientExec] Connection can be kept alive indefinitely
<2017-09-26 13:06:55> DEBUG [o.a.h.c.p.ResponseProcessCookies] Cookie accepted [JSESSIONID="F6E28E4994D1584E597DBDFCCCB1737E", version:0, domain:branchtest.perfectomobile.com, path:/nexperience/, expiry:null]
<2017-09-26 13:06:55> DEBUG [o.a.h.c.p.ResponseProcessCookies] Cookie accepted [fast_failed="true", version:0, domain:branchtest.perfectomobile.com, path:/nexperience/perfectomobile/wd/hub/session/223f2364-c363-4f1b-9fa3-c593981d31c4, expiry:null]
<2017-09-26 13:06:55> DEBUG [o.a.h.i.c.PoolingHttpClientConnectionManager] Connection [id: 8][route: {s}->https://branchtest.perfectomobile.com:443] can be kept alive indefinitely
<2017-09-26 13:06:55> DEBUG [o.a.h.i.c.PoolingHttpClientConnectionManager] Connection released: [id: 8][route: {s}->https://branchtest.perfectomobile.com:443][total kept alive: 3; route allocated: 3 of 2000; total allocated: 3 of 2000]
<2017-09-26 13:06:55> DEBUG [o.a.h.c.p.RequestAddCookies] CookieSpec selected: default
<2017-09-26 13:06:55> DEBUG [o.a.h.c.p.RequestAddCookies] Cookie [version: 0][name: JSESSIONID][value: F6E28E4994D1584E597DBDFCCCB1737E][domain: branchtest.perfectomobile.com][path: /nexperience/][expiry: null] match [(secure)branchtest.perfectomobile.com:443/nexperience/perfectomobile/wd/hub/session/223f2364-c363-4f1b-9fa3-c593981d31c4/element/4/value]
<2017-09-26 13:06:55> DEBUG [o.a.h.c.p.RequestAddCookies] Cookie [version: 0][name: fast_failed][value: true][domain: branchtest.perfectomobile.com][path: /nexperience/perfectomobile/wd/hub][expiry: null] match [(secure)branchtest.perfectomobile.com:443/nexperience/perfectomobile/wd/hub/session/223f2364-c363-4f1b-9fa3-c593981d31c4/element/4/value]
<2017-09-26 13:06:55> DEBUG [o.a.h.c.p.RequestAddCookies] Cookie [version: 0][name: fast_failed][value: true][domain: branchtest.perfectomobile.com][path: /nexperience/perfectomobile/wd/hub/session][expiry: null] match [(secure)branchtest.perfectomobile.com:443/nexperience/perfectomobile/wd/hub/session/223f2364-c363-4f1b-9fa3-c593981d31c4/element/4/value]
<2017-09-26 13:06:55> DEBUG [o.a.h.c.p.RequestAddCookies] Cookie [version: 0][name: fast_failed][value: true][domain: branchtest.perfectomobile.com][path: /nexperience/perfectomobile/wd/hub/session/223f2364-c363-4f1b-9fa3-c593981d31c4][expiry: null] match [(secure)branchtest.perfectomobile.com:443/nexperience/perfectomobile/wd/hub/session/223f2364-c363-4f1b-9fa3-c593981d31c4/element/4/value]
<2017-09-26 13:06:55> DEBUG [o.a.h.c.p.RequestAuthCache] Auth cache not set in the context
<2017-09-26 13:06:55> DEBUG [o.a.h.i.c.PoolingHttpClientConnectionManager] Connection request: [route: {s}->https://branchtest.perfectomobile.com:443][total kept alive: 3; route allocated: 3 of 2000; total allocated: 3 of 2000]
<2017-09-26 13:06:55> DEBUG [o.a.h.i.c.PoolingHttpClientConnectionManager] Connection leased: [id: 8][route: {s}->https://branchtest.perfectomobile.com:443][total kept alive: 2; route allocated: 3 of 2000; total allocated: 3 of 2000]
<2017-09-26 13:06:55> DEBUG [o.a.h.i.execchain.MainClientExec] Stale connection check
<2017-09-26 13:06:55> DEBUG [org.apache.http.wire] http-outgoing-8 << "[read] I/O error: Read timed out"
<2017-09-26 13:06:55> DEBUG [o.a.h.i.c.DefaultManagedHttpClientConnection] http-outgoing-8: set socket timeout to 10800000
<2017-09-26 13:06:55> DEBUG [o.a.h.i.execchain.MainClientExec] Executing request POST /nexperience/perfectomobile/wd/hub/session/223f2364-c363-4f1b-9fa3-c593981d31c4/element/4/value HTTP/1.1
<2017-09-26 13:06:55> DEBUG [o.a.h.i.execchain.MainClientExec] Target auth state: UNCHALLENGED
<2017-09-26 13:06:55> DEBUG [o.a.h.i.execchain.MainClientExec] Proxy auth state: UNCHALLENGED
<2017-09-26 13:06:55> DEBUG [org.apache.http.headers] http-outgoing-8 >> POST /nexperience/perfectomobile/wd/hub/session/223f2364-c363-4f1b-9fa3-c593981d31c4/element/4/value HTTP/1.1
<2017-09-26 13:06:55> DEBUG [org.apache.http.headers] http-outgoing-8 >> Content-Type: application/json; charset=utf-8
<2017-09-26 13:06:55> DEBUG [org.apache.http.headers] http-outgoing-8 >> Content-Length: 33
<2017-09-26 13:06:55> DEBUG [org.apache.http.headers] http-outgoing-8 >> Host: branchtest.perfectomobile.com
<2017-09-26 13:06:55> DEBUG [org.apache.http.headers] http-outgoing-8 >> Connection: Keep-Alive
<2017-09-26 13:06:55> DEBUG [org.apache.http.headers] http-outgoing-8 >> User-Agent: Apache-HttpClient/4.5.2 (Java/1.8.0_121)
<2017-09-26 13:06:55> DEBUG [org.apache.http.headers] http-outgoing-8 >> Cookie: JSESSIONID=F6E28E4994D1584E597DBDFCCCB1737E; fast_failed=true; fast_failed=true; fast_failed=true
<2017-09-26 13:06:55> DEBUG [org.apache.http.headers] http-outgoing-8 >> Accept-Encoding: gzip,deflate
<2017-09-26 13:06:55> DEBUG [org.apache.http.wire] http-outgoing-8 >> "POST /nexperience/perfectomobile/wd/hub/session/223f2364-c363-4f1b-9fa3-c593981d31c4/element/4/value HTTP/1.1[\r][\n]"
<2017-09-26 13:06:55> DEBUG [org.apache.http.wire] http-outgoing-8 >> "Content-Type: application/json; charset=utf-8[\r][\n]"
<2017-09-26 13:06:55> DEBUG [org.apache.http.wire] http-outgoing-8 >> "Content-Length: 33[\r][\n]"
<2017-09-26 13:06:55> DEBUG [org.apache.http.wire] http-outgoing-8 >> "Host: branchtest.perfectomobile.com[\r][\n]"
<2017-09-26 13:06:55> DEBUG [org.apache.http.wire] http-outgoing-8 >> "Connection: Keep-Alive[\r][\n]"
<2017-09-26 13:06:55> DEBUG [org.apache.http.wire] http-outgoing-8 >> "User-Agent: Apache-HttpClient/4.5.2 (Java/1.8.0_121)[\r][\n]"
<2017-09-26 13:06:55> DEBUG [org.apache.http.wire] http-outgoing-8 >> "Cookie: JSESSIONID=F6E28E4994D1584E597DBDFCCCB1737E; fast_failed=true; fast_failed=true; fast_failed=true[\r][\n]"
<2017-09-26 13:06:55> DEBUG [org.apache.http.wire] http-outgoing-8 >> "Accept-Encoding: gzip,deflate[\r][\n]"
<2017-09-26 13:06:55> DEBUG [org.apache.http.wire] http-outgoing-8 >> "[\r][\n]"
<2017-09-26 13:06:55> DEBUG [org.apache.http.wire] http-outgoing-8 >> "{"id":"4","value":["first name"]}"
<2017-09-26 13:06:55> DEBUG [org.apache.http.wire] http-outgoing-8 << "HTTP/1.1 200 OK[\r][\n]"
<2017-09-26 13:06:55> DEBUG [org.apache.http.wire] http-outgoing-8 << "Server: nginx[\r][\n]"
<2017-09-26 13:06:55> DEBUG [org.apache.http.wire] http-outgoing-8 << "Date: Tue, 26 Sep 2017 10:06:51 GMT[\r][\n]"
<2017-09-26 13:06:55> DEBUG [org.apache.http.wire] http-outgoing-8 << "Content-Type: application/json;charset=utf-8[\r][\n]"
<2017-09-26 13:06:55> DEBUG [org.apache.http.wire] http-outgoing-8 << "Transfer-Encoding: chunked[\r][\n]"
<2017-09-26 13:06:55> DEBUG [org.apache.http.wire] http-outgoing-8 << "Connection: keep-alive[\r][\n]"
<2017-09-26 13:06:55> DEBUG [org.apache.http.wire] http-outgoing-8 << "Set-Cookie: JSESSIONID=F6E28E4994D1584E597DBDFCCCB1737E; Path=/nexperience/; HttpOnly[\r][\n]"
<2017-09-26 13:06:55> DEBUG [org.apache.http.wire] http-outgoing-8 << "Expires: Thu, 01 Jan 1970 00:00:00 GMT[\r][\n]"
<2017-09-26 13:06:55> DEBUG [org.apache.http.wire] http-outgoing-8 << "Cache-Control: no-cache[\r][\n]"
<2017-09-26 13:06:55> DEBUG [org.apache.http.wire] http-outgoing-8 << "Cache-Control: no-cache[\r][\n]"
<2017-09-26 13:06:55> DEBUG [org.apache.http.wire] http-outgoing-8 << "Expires: Thu, 01 Jan 1970 00:00:00 GMT[\r][\n]"
<2017-09-26 13:06:55> DEBUG [org.apache.http.wire] http-outgoing-8 << "Set-Cookie: fast_failed=true[\r][\n]"
<2017-09-26 13:06:55> DEBUG [org.apache.http.wire] http-outgoing-8 << "X-XSS-Protection: 2; mode=block[\r][\n]"
<2017-09-26 13:06:55> DEBUG [org.apache.http.wire] http-outgoing-8 << "Content-Encoding: gzip[\r][\n]"
<2017-09-26 13:06:55> DEBUG [org.apache.http.wire] http-outgoing-8 << "[\r][\n]"
<2017-09-26 13:06:55> DEBUG [org.apache.http.wire] http-outgoing-8 << "96[\r][\n]"
<2017-09-26 13:06:55> DEBUG [org.apache.http.wire] http-outgoing-8 << "[0x1f][0x8b][0x8][0x0][0x0][0x0][0x0][0x0][0x0][0x3]-[0xcc]1[0x12][0xc2] [0x10][0x85][0xe1][0xbb]l[\r][0xc]a1&i[0xad]l[0xbd][0x1][0x92][0x8d]f[0x86]@[0xcc][0x82][0x8d][0xe3][0xdd][0xdd][0xc2][0xf6][0x9f][0xef][0xbd][0xf]01[0xaf]%_g[0x98][0xc0]9\[0x1c][0xf6]^G[0xec]Q[0xfb][0xa5][0xbb][0xeb]q[0x9][0xa8][0xe3]i[0xc4]q[0xe8]f[0xec][0xa2][0x7][0x5]\C%[0xe1][0xdc]b[0x94][0xb5][0x94][0xe7][0xa5][0xcc]R[0x6][0x87][0xde]Z[0xd7][0x9f][0x15][0xbc]CjRrKIALA[0xd8][0x4][0xe5]x[0x98][0xb2]S~[0x5][0xc3][0x94]([0xaf]m3[0x7]m[0xa5][0x92][0xb9][0x11][0xef]%3[0xfd][0xef][0x9b]p[0xfb][0xfd][0x1][0xd7][0xc][0xdb][0xd7][0x9e][0x0][0x0][0x0][\r][\n]"
<2017-09-26 13:06:55> DEBUG [org.apache.http.wire] http-outgoing-8 << "0[\r][\n]"
<2017-09-26 13:06:55> DEBUG [org.apache.http.wire] http-outgoing-8 << "[\r][\n]"
<2017-09-26 13:06:55> DEBUG [org.apache.http.headers] http-outgoing-8 << HTTP/1.1 200 OK
<2017-09-26 13:06:55> DEBUG [org.apache.http.headers] http-outgoing-8 << Server: nginx
<2017-09-26 13:06:55> DEBUG [org.apache.http.headers] http-outgoing-8 << Date: Tue, 26 Sep 2017 10:06:51 GMT
<2017-09-26 13:06:55> DEBUG [org.apache.http.headers] http-outgoing-8 << Content-Type: application/json;charset=utf-8
<2017-09-26 13:06:55> DEBUG [org.apache.http.headers] http-outgoing-8 << Transfer-Encoding: chunked
<2017-09-26 13:06:55> DEBUG [org.apache.http.headers] http-outgoing-8 << Connection: keep-alive
<2017-09-26 13:06:55> DEBUG [org.apache.http.headers] http-outgoing-8 << Set-Cookie: JSESSIONID=F6E28E4994D1584E597DBDFCCCB1737E; Path=/nexperience/; HttpOnly
<2017-09-26 13:06:55> DEBUG [org.apache.http.headers] http-outgoing-8 << Expires: Thu, 01 Jan 1970 00:00:00 GMT
<2017-09-26 13:06:55> DEBUG [org.apache.http.headers] http-outgoing-8 << Cache-Control: no-cache
<2017-09-26 13:06:55> DEBUG [org.apache.http.headers] http-outgoing-8 << Cache-Control: no-cache
<2017-09-26 13:06:55> DEBUG [org.apache.http.headers] http-outgoing-8 << Expires: Thu, 01 Jan 1970 00:00:00 GMT
<2017-09-26 13:06:55> DEBUG [org.apache.http.headers] http-outgoing-8 << Set-Cookie: fast_failed=true
<2017-09-26 13:06:55> DEBUG [org.apache.http.headers] http-outgoing-8 << X-XSS-Protection: 2; mode=block
<2017-09-26 13:06:55> DEBUG [org.apache.http.headers] http-outgoing-8 << Content-Encoding: gzip
<2017-09-26 13:06:55> DEBUG [o.a.h.i.execchain.MainClientExec] Connection can be kept alive indefinitely
<2017-09-26 13:06:55> DEBUG [o.a.h.c.p.ResponseProcessCookies] Cookie accepted [JSESSIONID="F6E28E4994D1584E597DBDFCCCB1737E", version:0, domain:branchtest.perfectomobile.com, path:/nexperience/, expiry:null]
<2017-09-26 13:06:55> DEBUG [o.a.h.c.p.ResponseProcessCookies] Cookie accepted [fast_failed="true", version:0, domain:branchtest.perfectomobile.com, path:/nexperience/perfectomobile/wd/hub/session/223f2364-c363-4f1b-9fa3-c593981d31c4/element/4, expiry:null]
<2017-09-26 13:06:55> DEBUG [o.a.h.i.c.PoolingHttpClientConnectionManager] Connection [id: 8][route: {s}->https://branchtest.perfectomobile.com:443] can be kept alive indefinitely
<2017-09-26 13:06:55> DEBUG [o.a.h.i.c.PoolingHttpClientConnectionManager] Connection released: [id: 8][route: {s}->https://branchtest.perfectomobile.com:443][total kept alive: 3; route allocated: 3 of 2000; total allocated: 3 of 2000]
<2017-09-26 13:06:55> DEBUG [o.a.h.c.p.RequestAddCookies] CookieSpec selected: default
<2017-09-26 13:06:55> DEBUG [o.a.h.c.p.RequestAddCookies] Cookie [version: 0][name: JSESSIONID][value: F6E28E4994D1584E597DBDFCCCB1737E][domain: branchtest.perfectomobile.com][path: /nexperience/][expiry: null] match [(secure)branchtest.perfectomobile.com:443/nexperience/perfectomobile/wd/hub/session/223f2364-c363-4f1b-9fa3-c593981d31c4/element]
<2017-09-26 13:06:55> DEBUG [o.a.h.c.p.RequestAddCookies] Cookie [version: 0][name: fast_failed][value: true][domain: branchtest.perfectomobile.com][path: /nexperience/perfectomobile/wd/hub][expiry: null] match [(secure)branchtest.perfectomobile.com:443/nexperience/perfectomobile/wd/hub/session/223f2364-c363-4f1b-9fa3-c593981d31c4/element]
<2017-09-26 13:06:55> DEBUG [o.a.h.c.p.RequestAddCookies] Cookie [version: 0][name: fast_failed][value: true][domain: branchtest.perfectomobile.com][path: /nexperience/perfectomobile/wd/hub/session][expiry: null] match [(secure)branchtest.perfectomobile.com:443/nexperience/perfectomobile/wd/hub/session/223f2364-c363-4f1b-9fa3-c593981d31c4/element]
<2017-09-26 13:06:55> DEBUG [o.a.h.c.p.RequestAddCookies] Cookie [version: 0][name: fast_failed][value: true][domain: branchtest.perfectomobile.com][path: /nexperience/perfectomobile/wd/hub/session/223f2364-c363-4f1b-9fa3-c593981d31c4][expiry: null] match [(secure)branchtest.perfectomobile.com:443/nexperience/perfectomobile/wd/hub/session/223f2364-c363-4f1b-9fa3-c593981d31c4/element]
<2017-09-26 13:06:55> DEBUG [o.a.h.c.p.RequestAuthCache] Auth cache not set in the context
<2017-09-26 13:06:55> DEBUG [o.a.h.i.c.PoolingHttpClientConnectionManager] Connection request: [route: {s}->https://branchtest.perfectomobile.com:443][total kept alive: 3; route allocated: 3 of 2000; total allocated: 3 of 2000]
<2017-09-26 13:06:55> DEBUG [o.a.h.i.c.PoolingHttpClientConnectionManager] Connection leased: [id: 8][route: {s}->https://branchtest.perfectomobile.com:443][total kept alive: 2; route allocated: 3 of 2000; total allocated: 3 of 2000]
<2017-09-26 13:06:55> DEBUG [o.a.h.i.execchain.MainClientExec] Stale connection check
<2017-09-26 13:06:55> DEBUG [org.apache.http.wire] http-outgoing-8 << "[read] I/O error: Read timed out"
<2017-09-26 13:06:55> DEBUG [o.a.h.i.c.DefaultManagedHttpClientConnection] http-outgoing-8: set socket timeout to 10800000
<2017-09-26 13:06:55> DEBUG [o.a.h.i.execchain.MainClientExec] Executing request POST /nexperience/perfectomobile/wd/hub/session/223f2364-c363-4f1b-9fa3-c593981d31c4/element HTTP/1.1
<2017-09-26 13:06:55> DEBUG [o.a.h.i.execchain.MainClientExec] Target auth state: UNCHALLENGED
<2017-09-26 13:06:55> DEBUG [o.a.h.i.execchain.MainClientExec] Proxy auth state: UNCHALLENGED
<2017-09-26 13:06:55> DEBUG [org.apache.http.headers] http-outgoing-8 >> POST /nexperience/perfectomobile/wd/hub/session/223f2364-c363-4f1b-9fa3-c593981d31c4/element HTTP/1.1
<2017-09-26 13:06:55> DEBUG [org.apache.http.headers] http-outgoing-8 >> Content-Type: application/json; charset=utf-8
<2017-09-26 13:06:55> DEBUG [org.apache.http.headers] http-outgoing-8 >> Content-Length: 77
<2017-09-26 13:06:55> DEBUG [org.apache.http.headers] http-outgoing-8 >> Host: branchtest.perfectomobile.com
<2017-09-26 13:06:55> DEBUG [org.apache.http.headers] http-outgoing-8 >> Connection: Keep-Alive
<2017-09-26 13:06:55> DEBUG [org.apache.http.headers] http-outgoing-8 >> User-Agent: Apache-HttpClient/4.5.2 (Java/1.8.0_121)
<2017-09-26 13:06:55> DEBUG [org.apache.http.headers] http-outgoing-8 >> Cookie: JSESSIONID=F6E28E4994D1584E597DBDFCCCB1737E; fast_failed=true; fast_failed=true; fast_failed=true
<2017-09-26 13:06:55> DEBUG [org.apache.http.headers] http-outgoing-8 >> Accept-Encoding: gzip,deflate
<2017-09-26 13:06:55> DEBUG [org.apache.http.wire] http-outgoing-8 >> "POST /nexperience/perfectomobile/wd/hub/session/223f2364-c363-4f1b-9fa3-c593981d31c4/element HTTP/1.1[\r][\n]"
<2017-09-26 13:06:55> DEBUG [org.apache.http.wire] http-outgoing-8 >> "Content-Type: application/json; charset=utf-8[\r][\n]"
<2017-09-26 13:06:55> DEBUG [org.apache.http.wire] http-outgoing-8 >> "Content-Length: 77[\r][\n]"
<2017-09-26 13:06:55> DEBUG [org.apache.http.wire] http-outgoing-8 >> "Host: branchtest.perfectomobile.com[\r][\n]"
<2017-09-26 13:06:55> DEBUG [org.apache.http.wire] http-outgoing-8 >> "Connection: Keep-Alive[\r][\n]"
<2017-09-26 13:06:55> DEBUG [org.apache.http.wire] http-outgoing-8 >> "User-Agent: Apache-HttpClient/4.5.2 (Java/1.8.0_121)[\r][\n]"
<2017-09-26 13:06:55> DEBUG [org.apache.http.wire] http-outgoing-8 >> "Cookie: JSESSIONID=F6E28E4994D1584E597DBDFCCCB1737E; fast_failed=true; fast_failed=true; fast_failed=true[\r][\n]"
<2017-09-26 13:06:55> DEBUG [org.apache.http.wire] http-outgoing-8 >> "Accept-Encoding: gzip,deflate[\r][\n]"
<2017-09-26 13:06:55> DEBUG [org.apache.http.wire] http-outgoing-8 >> "[\r][\n]"
<2017-09-26 13:06:55> DEBUG [org.apache.http.wire] http-outgoing-8 >> "{"using":"xpath","value":"//*[@id=\"register_form\"]/fieldset[1]/p[2]/input"}"
<2017-09-26 13:06:55> DEBUG [org.apache.http.wire] http-outgoing-8 << "HTTP/1.1 200 OK[\r][\n]"
<2017-09-26 13:06:55> DEBUG [org.apache.http.wire] http-outgoing-8 << "Server: nginx[\r][\n]"
<2017-09-26 13:06:55> DEBUG [org.apache.http.wire] http-outgoing-8 << "Date: Tue, 26 Sep 2017 10:06:52 GMT[\r][\n]"
<2017-09-26 13:06:55> DEBUG [org.apache.http.wire] http-outgoing-8 << "Content-Type: application/json;charset=utf-8[\r][\n]"
<2017-09-26 13:06:55> DEBUG [org.apache.http.wire] http-outgoing-8 << "Transfer-Encoding: chunked[\r][\n]"
<2017-09-26 13:06:55> DEBUG [org.apache.http.wire] http-outgoing-8 << "Connection: keep-alive[\r][\n]"
<2017-09-26 13:06:55> DEBUG [org.apache.http.wire] http-outgoing-8 << "Set-Cookie: JSESSIONID=F6E28E4994D1584E597DBDFCCCB1737E; Path=/nexperience/; HttpOnly[\r][\n]"
<2017-09-26 13:06:55> DEBUG [org.apache.http.wire] http-outgoing-8 << "Expires: Thu, 01 Jan 1970 00:00:00 GMT[\r][\n]"
<2017-09-26 13:06:55> DEBUG [org.apache.http.wire] http-outgoing-8 << "Cache-Control: no-cache[\r][\n]"
<2017-09-26 13:06:55> DEBUG [org.apache.http.wire] http-outgoing-8 << "Cache-Control: no-cache[\r][\n]"
<2017-09-26 13:06:55> DEBUG [org.apache.http.wire] http-outgoing-8 << "Expires: Thu, 01 Jan 1970 00:00:00 GMT[\r][\n]"
<2017-09-26 13:06:55> DEBUG [org.apache.http.wire] http-outgoing-8 << "Set-Cookie: fast_failed=true[\r][\n]"
<2017-09-26 13:06:55> DEBUG [org.apache.http.wire] http-outgoing-8 << "X-XSS-Protection: 2; mode=block[\r][\n]"
<2017-09-26 13:06:55> DEBUG [org.apache.http.wire] http-outgoing-8 << "Content-Encoding: gzip[\r][\n]"
<2017-09-26 13:06:55> DEBUG [org.apache.http.wire] http-outgoing-8 << "[\r][\n]"
<2017-09-26 13:06:55> DEBUG [org.apache.http.wire] http-outgoing-8 << "a1[\r][\n]"
<2017-09-26 13:06:55> DEBUG [org.apache.http.wire] http-outgoing-8 << "[0x1f][0x8b][0x8][0x0][0x0][0x0][0x0][0x0][0x0][0x3]-[0x8d]A[0xe][0x82]0[0x10][0x0][0xff][0xb2]g[0xda]X[0x16][0x90]r5[0x1c]L[0xd4][0x83][0xf1][0x3][0xb5],J[0x2]-[0xb2][0xd4][0xb][0xe1][0xef][0xee][0xc1][0xeb]d&[0xb3][0x1][0x13][0xf3][0x10][0xc3][0xb9][0x83][0x6][0xf2][0x1c][0xfb][0x1c][0xab]By[0xac]P[0x15][0xbd]y*[0xdb];T[0xbe][0xb4]hk[0xd3][0xa1][0xf1][0x5]d[0xc0][0xab][ItN[0xde]K-[0xe4]}[0x8a][0x9d][0x10]c[0xad][0xa9][0xb0][0xac][0x8f]u[0x6]_7&A[0x1b][0xb4][0x97][0xf6][0xda][0xde][0x1e][0xe2][0x97][0xb0]g[0xe0]G'I[0x3]qy[0xe9]8S[0xf8]8[0xcd]4R[0x18][0xd2][0xa4][0x17][0x9a][0xe2]J[0xfa]N<[0xc7][0xc0][0xf4]_%[0xd1][0xf][0xfb][0xf]Y[0xcb]B[0xf4][0xaa][0x0][0x0][0x0][\r][\n]"
<2017-09-26 13:06:55> DEBUG [org.apache.http.wire] http-outgoing-8 << "0[\r][\n]"
<2017-09-26 13:06:55> DEBUG [org.apache.http.wire] http-outgoing-8 << "[\r][\n]"
<2017-09-26 13:06:55> DEBUG [org.apache.http.headers] http-outgoing-8 << HTTP/1.1 200 OK
<2017-09-26 13:06:55> DEBUG [org.apache.http.headers] http-outgoing-8 << Server: nginx
<2017-09-26 13:06:55> DEBUG [org.apache.http.headers] http-outgoing-8 << Date: Tue, 26 Sep 2017 10:06:52 GMT
<2017-09-26 13:06:55> DEBUG [org.apache.http.headers] http-outgoing-8 << Content-Type: application/json;charset=utf-8
<2017-09-26 13:06:55> DEBUG [org.apache.http.headers] http-outgoing-8 << Transfer-Encoding: chunked
<2017-09-26 13:06:55> DEBUG [org.apache.http.headers] http-outgoing-8 << Connection: keep-alive
<2017-09-26 13:06:55> DEBUG [org.apache.http.headers] http-outgoing-8 << Set-Cookie: JSESSIONID=F6E28E4994D1584E597DBDFCCCB1737E; Path=/nexperience/; HttpOnly
<2017-09-26 13:06:55> DEBUG [org.apache.http.headers] http-outgoing-8 << Expires: Thu, 01 Jan 1970 00:00:00 GMT
<2017-09-26 13:06:55> DEBUG [org.apache.http.headers] http-outgoing-8 << Cache-Control: no-cache
<2017-09-26 13:06:55> DEBUG [org.apache.http.headers] http-outgoing-8 << Cache-Control: no-cache
<2017-09-26 13:06:55> DEBUG [org.apache.http.headers] http-outgoing-8 << Expires: Thu, 01 Jan 1970 00:00:00 GMT
<2017-09-26 13:06:55> DEBUG [org.apache.http.headers] http-outgoing-8 << Set-Cookie: fast_failed=true
<2017-09-26 13:06:55> DEBUG [org.apache.http.headers] http-outgoing-8 << X-XSS-Protection: 2; mode=block
<2017-09-26 13:06:55> DEBUG [org.apache.http.headers] http-outgoing-8 << Content-Encoding: gzip
<2017-09-26 13:06:55> DEBUG [o.a.h.i.execchain.MainClientExec] Connection can be kept alive indefinitely
<2017-09-26 13:06:55> DEBUG [o.a.h.c.p.ResponseProcessCookies] Cookie accepted [JSESSIONID="F6E28E4994D1584E597DBDFCCCB1737E", version:0, domain:branchtest.perfectomobile.com, path:/nexperience/, expiry:null]
<2017-09-26 13:06:55> DEBUG [o.a.h.c.p.ResponseProcessCookies] Cookie accepted [fast_failed="true", version:0, domain:branchtest.perfectomobile.com, path:/nexperience/perfectomobile/wd/hub/session/223f2364-c363-4f1b-9fa3-c593981d31c4, expiry:null]
<2017-09-26 13:06:55> DEBUG [o.a.h.i.c.PoolingHttpClientConnectionManager] Connection [id: 8][route: {s}->https://branchtest.perfectomobile.com:443] can be kept alive indefinitely
<2017-09-26 13:06:55> DEBUG [o.a.h.i.c.PoolingHttpClientConnectionManager] Connection released: [id: 8][route: {s}->https://branchtest.perfectomobile.com:443][total kept alive: 3; route allocated: 3 of 2000; total allocated: 3 of 2000]
<2017-09-26 13:06:55> DEBUG [o.a.h.c.p.RequestAddCookies] CookieSpec selected: default
<2017-09-26 13:06:55> DEBUG [o.a.h.c.p.RequestAddCookies] Cookie [version: 0][name: JSESSIONID][value: F6E28E4994D1584E597DBDFCCCB1737E][domain: branchtest.perfectomobile.com][path: /nexperience/][expiry: null] match [(secure)branchtest.perfectomobile.com:443/nexperience/perfectomobile/wd/hub/session/223f2364-c363-4f1b-9fa3-c593981d31c4/element/5/value]
<2017-09-26 13:06:55> DEBUG [o.a.h.c.p.RequestAddCookies] Cookie [version: 0][name: fast_failed][value: true][domain: branchtest.perfectomobile.com][path: /nexperience/perfectomobile/wd/hub][expiry: null] match [(secure)branchtest.perfectomobile.com:443/nexperience/perfectomobile/wd/hub/session/223f2364-c363-4f1b-9fa3-c593981d31c4/element/5/value]
<2017-09-26 13:06:55> DEBUG [o.a.h.c.p.RequestAddCookies] Cookie [version: 0][name: fast_failed][value: true][domain: branchtest.perfectomobile.com][path: /nexperience/perfectomobile/wd/hub/session][expiry: null] match [(secure)branchtest.perfectomobile.com:443/nexperience/perfectomobile/wd/hub/session/223f2364-c363-4f1b-9fa3-c593981d31c4/element/5/value]
<2017-09-26 13:06:55> DEBUG [o.a.h.c.p.RequestAddCookies] Cookie [version: 0][name: fast_failed][value: true][domain: branchtest.perfectomobile.com][path: /nexperience/perfectomobile/wd/hub/session/223f2364-c363-4f1b-9fa3-c593981d31c4][expiry: null] match [(secure)branchtest.perfectomobile.com:443/nexperience/perfectomobile/wd/hub/session/223f2364-c363-4f1b-9fa3-c593981d31c4/element/5/value]
<2017-09-26 13:06:55> DEBUG [o.a.h.c.p.RequestAuthCache] Auth cache not set in the context
<2017-09-26 13:06:55> DEBUG [o.a.h.i.c.PoolingHttpClientConnectionManager] Connection request: [route: {s}->https://branchtest.perfectomobile.com:443][total kept alive: 3; route allocated: 3 of 2000; total allocated: 3 of 2000]
<2017-09-26 13:06:55> DEBUG [o.a.h.i.c.PoolingHttpClientConnectionManager] Connection leased: [id: 8][route: {s}->https://branchtest.perfectomobile.com:443][total kept alive: 2; route allocated: 3 of 2000; total allocated: 3 of 2000]
<2017-09-26 13:06:55> DEBUG [o.a.h.i.execchain.MainClientExec] Stale connection check
<2017-09-26 13:06:55> DEBUG [org.apache.http.wire] http-outgoing-8 << "[read] I/O error: Read timed out"
<2017-09-26 13:06:55> DEBUG [o.a.h.i.c.DefaultManagedHttpClientConnection] http-outgoing-8: set socket timeout to 10800000
<2017-09-26 13:06:55> DEBUG [o.a.h.i.execchain.MainClientExec] Executing request POST /nexperience/perfectomobile/wd/hub/session/223f2364-c363-4f1b-9fa3-c593981d31c4/element/5/value HTTP/1.1
<2017-09-26 13:06:55> DEBUG [o.a.h.i.execchain.MainClientExec] Target auth state: UNCHALLENGED
<2017-09-26 13:06:55> DEBUG [o.a.h.i.execchain.MainClientExec] Proxy auth state: UNCHALLENGED
<2017-09-26 13:06:55> DEBUG [org.apache.http.headers] http-outgoing-8 >> POST /nexperience/perfectomobile/wd/hub/session/223f2364-c363-4f1b-9fa3-c593981d31c4/element/5/value HTTP/1.1
<2017-09-26 13:06:55> DEBUG [org.apache.http.headers] http-outgoing-8 >> Content-Type: application/json; charset=utf-8
<2017-09-26 13:06:55> DEBUG [org.apache.http.headers] http-outgoing-8 >> Content-Length: 32
<2017-09-26 13:06:55> DEBUG [org.apache.http.headers] http-outgoing-8 >> Host: branchtest.perfectomobile.com
<2017-09-26 13:06:55> DEBUG [org.apache.http.headers] http-outgoing-8 >> Connection: Keep-Alive
<2017-09-26 13:06:55> DEBUG [org.apache.http.headers] http-outgoing-8 >> User-Agent: Apache-HttpClient/4.5.2 (Java/1.8.0_121)
<2017-09-26 13:06:55> DEBUG [org.apache.http.headers] http-outgoing-8 >> Cookie: JSESSIONID=F6E28E4994D1584E597DBDFCCCB1737E; fast_failed=true; fast_failed=true; fast_failed=true
<2017-09-26 13:06:55> DEBUG [org.apache.http.headers] http-outgoing-8 >> Accept-Encoding: gzip,deflate
<2017-09-26 13:06:55> DEBUG [org.apache.http.wire] http-outgoing-8 >> "POST /nexperience/perfectomobile/wd/hub/session/223f2364-c363-4f1b-9fa3-c593981d31c4/element/5/value HTTP/1.1[\r][\n]"
<2017-09-26 13:06:55> DEBUG [org.apache.http.wire] http-outgoing-8 >> "Content-Type: application/json; charset=utf-8[\r][\n]"
<2017-09-26 13:06:55> DEBUG [org.apache.http.wire] http-outgoing-8 >> "Content-Length: 32[\r][\n]"
<2017-09-26 13:06:55> DEBUG [org.apache.http.wire] http-outgoing-8 >> "Host: branchtest.perfectomobile.com[\r][\n]"
<2017-09-26 13:06:55> DEBUG [org.apache.http.wire] http-outgoing-8 >> "Connection: Keep-Alive[\r][\n]"
<2017-09-26 13:06:55> DEBUG [org.apache.http.wire] http-outgoing-8 >> "User-Agent: Apache-HttpClient/4.5.2 (Java/1.8.0_121)[\r][\n]"
<2017-09-26 13:06:55> DEBUG [org.apache.http.wire] http-outgoing-8 >> "Cookie: JSESSIONID=F6E28E4994D1584E597DBDFCCCB1737E; fast_failed=true; fast_failed=true; fast_failed=true[\r][\n]"
<2017-09-26 13:06:55> DEBUG [org.apache.http.wire] http-outgoing-8 >> "Accept-Encoding: gzip,deflate[\r][\n]"
<2017-09-26 13:06:55> DEBUG [org.apache.http.wire] http-outgoing-8 >> "[\r][\n]"
<2017-09-26 13:06:55> DEBUG [org.apache.http.wire] http-outgoing-8 >> "{"id":"5","value":["last name"]}"
<2017-09-26 13:06:55> DEBUG [o.a.h.c.p.RequestAddCookies] CookieSpec selected: default
<2017-09-26 13:06:55> DEBUG [o.a.h.c.p.RequestAddCookies] Cookie [version: 0][name: JSESSIONID][value: F6E28E4994D1584E597DBDFCCCB1737E][domain: branchtest.perfectomobile.com][path: /nexperience/][expiry: null] match [(secure)branchtest.perfectomobile.com:443/nexperience/perfectomobile/wd/hub/session/0bb5ccaf-7de4-4682-9e6c-c5841ee5c6a7/execute]
<2017-09-26 13:06:55> DEBUG [o.a.h.c.p.RequestAddCookies] Cookie [version: 0][name: fast_failed][value: true][domain: branchtest.perfectomobile.com][path: /nexperience/perfectomobile/wd/hub][expiry: null] match [(secure)branchtest.perfectomobile.com:443/nexperience/perfectomobile/wd/hub/session/0bb5ccaf-7de4-4682-9e6c-c5841ee5c6a7/execute]
<2017-09-26 13:06:55> DEBUG [o.a.h.c.p.RequestAddCookies] Cookie [version: 0][name: fast_failed][value: true][domain: branchtest.perfectomobile.com][path: /nexperience/perfectomobile/wd/hub/session][expiry: null] match [(secure)branchtest.perfectomobile.com:443/nexperience/perfectomobile/wd/hub/session/0bb5ccaf-7de4-4682-9e6c-c5841ee5c6a7/execute]
<2017-09-26 13:06:55> DEBUG [o.a.h.c.p.RequestAddCookies] Cookie [version: 0][name: fast_failed][value: true][domain: branchtest.perfectomobile.com][path: /nexperience/perfectomobile/wd/hub/session/0bb5ccaf-7de4-4682-9e6c-c5841ee5c6a7][expiry: null] match [(secure)branchtest.perfectomobile.com:443/nexperience/perfectomobile/wd/hub/session/0bb5ccaf-7de4-4682-9e6c-c5841ee5c6a7/execute]
<2017-09-26 13:06:55> DEBUG [o.a.h.c.p.RequestAuthCache] Auth cache not set in the context
<2017-09-26 13:06:55> DEBUG [o.a.h.i.c.PoolingHttpClientConnectionManager] Connection request: [route: {s}->https://branchtest.perfectomobile.com:443][total kept alive: 2; route allocated: 3 of 2000; total allocated: 3 of 2000]
<2017-09-26 13:06:55> DEBUG [org.apache.http.wire] http-outgoing-6 << "[read] I/O error: Read timed out"
<2017-09-26 13:06:55> DEBUG [o.a.h.i.c.PoolingHttpClientConnectionManager] Connection leased: [id: 6][route: {s}->https://branchtest.perfectomobile.com:443][total kept alive: 1; route allocated: 3 of 2000; total allocated: 3 of 2000]
<2017-09-26 13:06:55> DEBUG [o.a.h.i.execchain.MainClientExec] Stale connection check
<2017-09-26 13:06:55> DEBUG [org.apache.http.wire] http-outgoing-6 << "[read] I/O error: Read timed out"
<2017-09-26 13:06:55> DEBUG [o.a.h.i.c.DefaultManagedHttpClientConnection] http-outgoing-6: set socket timeout to 10800000
<2017-09-26 13:06:55> DEBUG [o.a.h.i.execchain.MainClientExec] Executing request POST /nexperience/perfectomobile/wd/hub/session/0bb5ccaf-7de4-4682-9e6c-c5841ee5c6a7/execute HTTP/1.1
<2017-09-26 13:06:55> DEBUG [o.a.h.i.execchain.MainClientExec] Target auth state: UNCHALLENGED
<2017-09-26 13:06:55> DEBUG [o.a.h.i.execchain.MainClientExec] Proxy auth state: UNCHALLENGED
<2017-09-26 13:06:55> DEBUG [org.apache.http.headers] http-outgoing-6 >> POST /nexperience/perfectomobile/wd/hub/session/0bb5ccaf-7de4-4682-9e6c-c5841ee5c6a7/execute HTTP/1.1
<2017-09-26 13:06:55> DEBUG [org.apache.http.headers] http-outgoing-6 >> Content-Type: application/json; charset=utf-8
<2017-09-26 13:06:55> DEBUG [org.apache.http.headers] http-outgoing-6 >> Content-Length: 54
<2017-09-26 13:06:55> DEBUG [org.apache.http.headers] http-outgoing-6 >> Host: branchtest.perfectomobile.com
<2017-09-26 13:06:55> DEBUG [org.apache.http.headers] http-outgoing-6 >> Connection: Keep-Alive
<2017-09-26 13:06:55> DEBUG [org.apache.http.headers] http-outgoing-6 >> User-Agent: Apache-HttpClient/4.5.2 (Java/1.8.0_121)
<2017-09-26 13:06:55> DEBUG [org.apache.http.headers] http-outgoing-6 >> Cookie: JSESSIONID=F6E28E4994D1584E597DBDFCCCB1737E; fast_failed=true; fast_failed=true; fast_failed=true
<2017-09-26 13:06:55> DEBUG [org.apache.http.headers] http-outgoing-6 >> Accept-Encoding: gzip,deflate
<2017-09-26 13:06:55> DEBUG [org.apache.http.wire] http-outgoing-6 >> "POST /nexperience/perfectomobile/wd/hub/session/0bb5ccaf-7de4-4682-9e6c-c5841ee5c6a7/execute HTTP/1.1[\r][\n]"
<2017-09-26 13:06:55> DEBUG [org.apache.http.wire] http-outgoing-6 >> "Content-Type: application/json; charset=utf-8[\r][\n]"
<2017-09-26 13:06:55> DEBUG [org.apache.http.wire] http-outgoing-6 >> "Content-Length: 54[\r][\n]"
<2017-09-26 13:06:55> DEBUG [org.apache.http.wire] http-outgoing-6 >> "Host: branchtest.perfectomobile.com[\r][\n]"
<2017-09-26 13:06:55> DEBUG [org.apache.http.wire] http-outgoing-6 >> "Connection: Keep-Alive[\r][\n]"
<2017-09-26 13:06:55> DEBUG [org.apache.http.wire] http-outgoing-6 >> "User-Agent: Apache-HttpClient/4.5.2 (Java/1.8.0_121)[\r][\n]"
<2017-09-26 13:06:55> DEBUG [org.apache.http.wire] http-outgoing-6 >> "Cookie: JSESSIONID=F6E28E4994D1584E597DBDFCCCB1737E; fast_failed=true; fast_failed=true; fast_failed=true[\r][\n]"
<2017-09-26 13:06:55> DEBUG [org.apache.http.wire] http-outgoing-6 >> "Accept-Encoding: gzip,deflate[\r][\n]"
<2017-09-26 13:06:55> DEBUG [org.apache.http.wire] http-outgoing-6 >> "[\r][\n]"
<2017-09-26 13:06:55> DEBUG [org.apache.http.wire] http-outgoing-6 >> "{"script":"mobile:step:end","args":[{"message":null}]}"
<2017-09-26 13:06:56> DEBUG [org.apache.http.wire] http-outgoing-6 << "HTTP/1.1 200 OK[\r][\n]"
<2017-09-26 13:06:56> DEBUG [org.apache.http.wire] http-outgoing-6 << "Server: nginx[\r][\n]"
<2017-09-26 13:06:56> DEBUG [org.apache.http.wire] http-outgoing-6 << "Date: Tue, 26 Sep 2017 10:06:52 GMT[\r][\n]"
<2017-09-26 13:06:56> DEBUG [org.apache.http.wire] http-outgoing-6 << "Content-Type: application/json;charset=utf-8[\r][\n]"
<2017-09-26 13:06:56> DEBUG [org.apache.http.wire] http-outgoing-6 << "Transfer-Encoding: chunked[\r][\n]"
<2017-09-26 13:06:56> DEBUG [org.apache.http.wire] http-outgoing-6 << "Connection: keep-alive[\r][\n]"
<2017-09-26 13:06:56> DEBUG [org.apache.http.wire] http-outgoing-6 << "Set-Cookie: JSESSIONID=F6E28E4994D1584E597DBDFCCCB1737E; Path=/nexperience/; HttpOnly[\r][\n]"
<2017-09-26 13:06:56> DEBUG [org.apache.http.wire] http-outgoing-6 << "Expires: Thu, 01 Jan 1970 00:00:00 GMT[\r][\n]"
<2017-09-26 13:06:56> DEBUG [org.apache.http.wire] http-outgoing-6 << "Cache-Control: no-cache[\r][\n]"
<2017-09-26 13:06:56> DEBUG [org.apache.http.wire] http-outgoing-6 << "Cache-Control: no-cache[\r][\n]"
<2017-09-26 13:06:56> DEBUG [org.apache.http.wire] http-outgoing-6 << "Expires: Thu, 01 Jan 1970 00:00:00 GMT[\r][\n]"
<2017-09-26 13:06:56> DEBUG [org.apache.http.wire] http-outgoing-6 << "Set-Cookie: fast_failed=true[\r][\n]"
<2017-09-26 13:06:56> DEBUG [org.apache.http.wire] http-outgoing-6 << "X-XSS-Protection: 2; mode=block[\r][\n]"
<2017-09-26 13:06:56> DEBUG [org.apache.http.wire] http-outgoing-6 << "Content-Encoding: gzip[\r][\n]"
<2017-09-26 13:06:56> DEBUG [org.apache.http.wire] http-outgoing-6 << "[\r][\n]"
<2017-09-26 13:06:56> DEBUG [org.apache.http.wire] http-outgoing-6 << "96[\r][\n]"
<2017-09-26 13:06:56> DEBUG [org.apache.http.wire] http-outgoing-6 << "[0x1f][0x8b][0x8][0x0][0x0][0x0][0x0][0x0][0x0][0x3]-[0xcc][0xbb][0x12][0xc2] [0x10][0x85][0xe1]w[0xd9][0x1a][0x98]\[0x80]\Z+[[0xdf][0x80],[0xab]f[0x86]@[0xcc][0x6][0x1b][0xc7]ww[0xb][0xdb]]]>&#x7f;<![CDATA[[0xbe]s>[0xc0][0xc4][0xbc][0x96]|[0x8d]0C[0xb3],[0xe]1[0xdc][0xf5][0x10][0xc9]j[0xeb][0xc7]NO[0xe4]Q[0xa3][0x1b]mK[0xe4][0xd0][0x87][0x1][0x14][0xf0][0x19]N[0x12][0xce][0x15]Q[0xd6]R[0x9e][0x97][0x12][0xa5][0xb4][0xdd][0xe4]m[0xd3][0xf7]nT[0xf0][0xe][0xa9]J[0xca]5%[0x5][0x98][0x82][0xb8][0x19][0xca][0xf1]0e[0xa7][0xfc][\n]"
<2017-09-26 13:06:56> DEBUG [org.apache.http.wire] http-outgoing-6 << "[0x86])Q^[0xeb]f[0xe][0xda][0xca]I[0xe6]F[0xbc][0x97][0xcc][0xf4][0xff][0xaf][0xc2][0x9b][0xef][0xf][0x99][0xc4][0xea]'[0x9f][0x0][0x0][0x0][\r][\n]"
<2017-09-26 13:06:56> DEBUG [org.apache.http.wire] http-outgoing-6 << "0[\r][\n]"
<2017-09-26 13:06:56> DEBUG [org.apache.http.wire] http-outgoing-6 << "[\r][\n]"
<2017-09-26 13:06:56> DEBUG [org.apache.http.headers] http-outgoing-6 << HTTP/1.1 200 OK
<2017-09-26 13:06:56> DEBUG [org.apache.http.headers] http-outgoing-6 << Server: nginx
<2017-09-26 13:06:56> DEBUG [org.apache.http.headers] http-outgoing-6 << Date: Tue, 26 Sep 2017 10:06:52 GMT
<2017-09-26 13:06:56> DEBUG [org.apache.http.headers] http-outgoing-6 << Content-Type: application/json;charset=utf-8
<2017-09-26 13:06:56> DEBUG [org.apache.http.headers] http-outgoing-6 << Transfer-Encoding: chunked
<2017-09-26 13:06:56> DEBUG [org.apache.http.headers] http-outgoing-6 << Connection: keep-alive
<2017-09-26 13:06:56> DEBUG [org.apache.http.headers] http-outgoing-6 << Set-Cookie: JSESSIONID=F6E28E4994D1584E597DBDFCCCB1737E; Path=/nexperience/; HttpOnly
<2017-09-26 13:06:56> DEBUG [org.apache.http.headers] http-outgoing-6 << Expires: Thu, 01 Jan 1970 00:00:00 GMT
<2017-09-26 13:06:56> DEBUG [org.apache.http.headers] http-outgoing-6 << Cache-Control: no-cache
<2017-09-26 13:06:56> DEBUG [org.apache.http.headers] http-outgoing-6 << Cache-Control: no-cache
<2017-09-26 13:06:56> DEBUG [org.apache.http.headers] http-outgoing-6 << Expires: Thu, 01 Jan 1970 00:00:00 GMT
<2017-09-26 13:06:56> DEBUG [org.apache.http.headers] http-outgoing-6 << Set-Cookie: fast_failed=true
<2017-09-26 13:06:56> DEBUG [org.apache.http.headers] http-outgoing-6 << X-XSS-Protection: 2; mode=block
<2017-09-26 13:06:56> DEBUG [org.apache.http.headers] http-outgoing-6 << Content-Encoding: gzip
<2017-09-26 13:06:56> DEBUG [o.a.h.i.execchain.MainClientExec] Connection can be kept alive indefinitely
<2017-09-26 13:06:56> DEBUG [o.a.h.c.p.ResponseProcessCookies] Cookie accepted [JSESSIONID="F6E28E4994D1584E597DBDFCCCB1737E", version:0, domain:branchtest.perfectomobile.com, path:/nexperience/, expiry:null]
<2017-09-26 13:06:56> DEBUG [o.a.h.c.p.ResponseProcessCookies] Cookie accepted [fast_failed="true", version:0, domain:branchtest.perfectomobile.com, path:/nexperience/perfectomobile/wd/hub/session/0bb5ccaf-7de4-4682-9e6c-c5841ee5c6a7, expiry:null]
<2017-09-26 13:06:56> DEBUG [o.a.h.i.c.PoolingHttpClientConnectionManager] Connection [id: 6][route: {s}->https://branchtest.perfectomobile.com:443] can be kept alive indefinitely
<2017-09-26 13:06:56> DEBUG [o.a.h.i.c.PoolingHttpClientConnectionManager] Connection released: [id: 6][route: {s}->https://branchtest.perfectomobile.com:443][total kept alive: 2; route allocated: 3 of 2000; total allocated: 3 of 2000]
<2017-09-26 13:06:56> DEBUG [o.a.h.c.p.RequestAddCookies] CookieSpec selected: default
<2017-09-26 13:06:56> DEBUG [o.a.h.c.p.RequestAddCookies] Cookie [version: 0][name: JSESSIONID][value: F6E28E4994D1584E597DBDFCCCB1737E][domain: branchtest.perfectomobile.com][path: /nexperience/][expiry: null] match [(secure)branchtest.perfectomobile.com:443/nexperience/perfectomobile/wd/hub/session/0bb5ccaf-7de4-4682-9e6c-c5841ee5c6a7/execute]
<2017-09-26 13:06:56> DEBUG [o.a.h.c.p.RequestAddCookies] Cookie [version: 0][name: fast_failed][value: true][domain: branchtest.perfectomobile.com][path: /nexperience/perfectomobile/wd/hub][expiry: null] match [(secure)branchtest.perfectomobile.com:443/nexperience/perfectomobile/wd/hub/session/0bb5ccaf-7de4-4682-9e6c-c5841ee5c6a7/execute]
<2017-09-26 13:06:56> DEBUG [o.a.h.c.p.RequestAddCookies] Cookie [version: 0][name: fast_failed][value: true][domain: branchtest.perfectomobile.com][path: /nexperience/perfectomobile/wd/hub/session][expiry: null] match [(secure)branchtest.perfectomobile.com:443/nexperience/perfectomobile/wd/hub/session/0bb5ccaf-7de4-4682-9e6c-c5841ee5c6a7/execute]
<2017-09-26 13:06:56> DEBUG [o.a.h.c.p.RequestAddCookies] Cookie [version: 0][name: fast_failed][value: true][domain: branchtest.perfectomobile.com][path: /nexperience/perfectomobile/wd/hub/session/0bb5ccaf-7de4-4682-9e6c-c5841ee5c6a7][expiry: null] match [(secure)branchtest.perfectomobile.com:443/nexperience/perfectomobile/wd/hub/session/0bb5ccaf-7de4-4682-9e6c-c5841ee5c6a7/execute]
<2017-09-26 13:06:56> DEBUG [o.a.h.c.p.RequestAuthCache] Auth cache not set in the context
<2017-09-26 13:06:56> DEBUG [o.a.h.i.c.PoolingHttpClientConnectionManager] Connection request: [route: {s}->https://branchtest.perfectomobile.com:443][total kept alive: 2; route allocated: 3 of 2000; total allocated: 3 of 2000]
<2017-09-26 13:06:56> DEBUG [o.a.h.i.c.PoolingHttpClientConnectionManager] Connection leased: [id: 6][route: {s}->https://branchtest.perfectomobile.com:443][total kept alive: 1; route allocated: 3 of 2000; total allocated: 3 of 2000]
<2017-09-26 13:06:56> DEBUG [o.a.h.i.execchain.MainClientExec] Stale connection check
<2017-09-26 13:06:56> DEBUG [org.apache.http.wire] http-outgoing-6 << "[read] I/O error: Read timed out"
<2017-09-26 13:06:56> DEBUG [o.a.h.i.c.DefaultManagedHttpClientConnection] http-outgoing-6: set socket timeout to 10800000
<2017-09-26 13:06:56> DEBUG [o.a.h.i.execchain.MainClientExec] Executing request POST /nexperience/perfectomobile/wd/hub/session/0bb5ccaf-7de4-4682-9e6c-c5841ee5c6a7/execute HTTP/1.1
<2017-09-26 13:06:56> DEBUG [o.a.h.i.execchain.MainClientExec] Target auth state: UNCHALLENGED
<2017-09-26 13:06:56> DEBUG [o.a.h.i.execchain.MainClientExec] Proxy auth state: UNCHALLENGED
<2017-09-26 13:06:56> DEBUG [org.apache.http.headers] http-outgoing-6 >> POST /nexperience/perfectomobile/wd/hub/session/0bb5ccaf-7de4-4682-9e6c-c5841ee5c6a7/execute HTTP/1.1
<2017-09-26 13:06:56> DEBUG [org.apache.http.headers] http-outgoing-6 >> Content-Type: application/json; charset=utf-8
<2017-09-26 13:06:56> DEBUG [org.apache.http.headers] http-outgoing-6 >> Content-Length: 68
<2017-09-26 13:06:56> DEBUG [org.apache.http.headers] http-outgoing-6 >> Host: branchtest.perfectomobile.com
<2017-09-26 13:06:56> DEBUG [org.apache.http.headers] http-outgoing-6 >> Connection: Keep-Alive
<2017-09-26 13:06:56> DEBUG [org.apache.http.headers] http-outgoing-6 >> User-Agent: Apache-HttpClient/4.5.2 (Java/1.8.0_121)
<2017-09-26 13:06:56> DEBUG [org.apache.http.headers] http-outgoing-6 >> Cookie: JSESSIONID=F6E28E4994D1584E597DBDFCCCB1737E; fast_failed=true; fast_failed=true; fast_failed=true
<2017-09-26 13:06:56> DEBUG [org.apache.http.headers] http-outgoing-6 >> Accept-Encoding: gzip,deflate
<2017-09-26 13:06:56> DEBUG [org.apache.http.wire] http-outgoing-6 >> "POST /nexperience/perfectomobile/wd/hub/session/0bb5ccaf-7de4-4682-9e6c-c5841ee5c6a7/execute HTTP/1.1[\r][\n]"
<2017-09-26 13:06:56> DEBUG [org.apache.http.wire] http-outgoing-6 >> "Content-Type: application/json; charset=utf-8[\r][\n]"
<2017-09-26 13:06:56> DEBUG [org.apache.http.wire] http-outgoing-6 >> "Content-Length: 68[\r][\n]"
<2017-09-26 13:06:56> DEBUG [org.apache.http.wire] http-outgoing-6 >> "Host: branchtest.perfectomobile.com[\r][\n]"
<2017-09-26 13:06:56> DEBUG [org.apache.http.wire] http-outgoing-6 >> "Connection: Keep-Alive[\r][\n]"
<2017-09-26 13:06:56> DEBUG [org.apache.http.wire] http-outgoing-6 >> "User-Agent: Apache-HttpClient/4.5.2 (Java/1.8.0_121)[\r][\n]"
<2017-09-26 13:06:56> DEBUG [org.apache.http.wire] http-outgoing-6 >> "Cookie: JSESSIONID=F6E28E4994D1584E597DBDFCCCB1737E; fast_failed=true; fast_failed=true; fast_failed=true[\r][\n]"
<2017-09-26 13:06:56> DEBUG [org.apache.http.wire] http-outgoing-6 >> "Accept-Encoding: gzip,deflate[\r][\n]"
<2017-09-26 13:06:56> DEBUG [org.apache.http.wire] http-outgoing-6 >> "[\r][\n]"
<2017-09-26 13:06:56> DEBUG [org.apache.http.wire] http-outgoing-6 >> "{"script":"mobile:step:start","args":[{"name":"Test Registration"}]}"
<2017-09-26 13:06:56> DEBUG [org.apache.http.wire] http-outgoing-6 << "HTTP/1.1 200 OK[\r][\n]"
<2017-09-26 13:06:56> DEBUG [org.apache.http.wire] http-outgoing-6 << "Server: nginx[\r][\n]"
<2017-09-26 13:06:56> DEBUG [org.apache.http.wire] http-outgoing-6 << "Date: Tue, 26 Sep 2017 10:06:52 GMT[\r][\n]"
<2017-09-26 13:06:56> DEBUG [org.apache.http.wire] http-outgoing-6 << "Content-Type: application/json;charset=utf-8[\r][\n]"
<2017-09-26 13:06:56> DEBUG [org.apache.http.wire] http-outgoing-6 << "Transfer-Encoding: chunked[\r][\n]"
<2017-09-26 13:06:56> DEBUG [org.apache.http.wire] http-outgoing-6 << "Connection: keep-alive[\r][\n]"
<2017-09-26 13:06:56> DEBUG [org.apache.http.wire] http-outgoing-6 << "Set-Cookie: JSESSIONID=F6E28E4994D1584E597DBDFCCCB1737E; Path=/nexperience/; HttpOnly[\r][\n]"
<2017-09-26 13:06:56> DEBUG [org.apache.http.wire] http-outgoing-6 << "Expires: Thu, 01 Jan 1970 00:00:00 GMT[\r][\n]"
<2017-09-26 13:06:56> DEBUG [org.apache.http.wire] http-outgoing-6 << "Cache-Control: no-cache[\r][\n]"
<2017-09-26 13:06:56> DEBUG [org.apache.http.wire] http-outgoing-6 << "Cache-Control: no-cache[\r][\n]"
<2017-09-26 13:06:56> DEBUG [org.apache.http.wire] http-outgoing-6 << "Expires: Thu, 01 Jan 1970 00:00:00 GMT[\r][\n]"
<2017-09-26 13:06:56> DEBUG [org.apache.http.wire] http-outgoing-6 << "Set-Cookie: fast_failed=true[\r][\n]"
<2017-09-26 13:06:56> DEBUG [org.apache.http.wire] http-outgoing-6 << "X-XSS-Protection: 2; mode=block[\r][\n]"
<2017-09-26 13:06:56> DEBUG [org.apache.http.wire] http-outgoing-6 << "Content-Encoding: gzip[\r][\n]"
<2017-09-26 13:06:56> DEBUG [org.apache.http.wire] http-outgoing-6 << "[\r][\n]"
<2017-09-26 13:06:56> DEBUG [org.apache.http.wire] http-outgoing-6 << "93[\r][\n]"
<2017-09-26 13:06:56> DEBUG [org.apache.http.wire] http-outgoing-6 << "[0x1f][0x8b][0x8][0x0][0x0][0x0][0x0][0x0][0x0][0x3]-[0xcc][0xc1][0xe][0x82]0[0x10][0x4][0xd0]]]>&#x7f;<![CDATA[[0xd9]3m@Z@[0xae][0x9e][0xbc][0xfa][0x7]e[0x19][0x95][0x4]Z`[0xa9][0x17][0xe3][0xbf][0xbb]&^g[0xde][0xcc][0x9b][0x4]"S[0x8a][0xd7][0x91]z*[0x87][0xc1]3[0x87][0xbb]iG8[0xe3][0x9a][0xee]d[0xce]h[0xd8][0xb0][0xef]\[0x5]xnBK[0x5][0xc9][0x11][0xe]([0x97][0xcc][0xac]kM[0x9e][0x97]4j[0xe2][0xdb][0xae][0xf6][0xae]vUA[0xaf]0[0xe7][0x9f][0xd1][0x92][0xe7][0xa0][0xa8][0xa7][0xb4]?lZ[0x11][0xb7]`[0x5]3[0xe2][0x94][0x17][0xbb]cI[0x7][0xec][\r][0xb2][0xa6]([0xf8][0x9f]g[0xe5][0xe5][0xe7][0xb][0xd9][0xaf][0x9b][0xb9][0x9c][0x0][0x0][0x0][\r][\n]"
<2017-09-26 13:06:56> DEBUG [org.apache.http.wire] http-outgoing-6 << "0[\r][\n]"
<2017-09-26 13:06:56> DEBUG [org.apache.http.wire] http-outgoing-6 << "[\r][\n]"
<2017-09-26 13:06:56> DEBUG [org.apache.http.headers] http-outgoing-6 << HTTP/1.1 200 OK
<2017-09-26 13:06:56> DEBUG [org.apache.http.headers] http-outgoing-6 << Server: nginx
<2017-09-26 13:06:56> DEBUG [org.apache.http.headers] http-outgoing-6 << Date: Tue, 26 Sep 2017 10:06:52 GMT
<2017-09-26 13:06:56> DEBUG [org.apache.http.headers] http-outgoing-6 << Content-Type: application/json;charset=utf-8
<2017-09-26 13:06:56> DEBUG [org.apache.http.headers] http-outgoing-6 << Transfer-Encoding: chunked
<2017-09-26 13:06:56> DEBUG [org.apache.http.headers] http-outgoing-6 << Connection: keep-alive
<2017-09-26 13:06:56> DEBUG [org.apache.http.headers] http-outgoing-6 << Set-Cookie: JSESSIONID=F6E28E4994D1584E597DBDFCCCB1737E; Path=/nexperience/; HttpOnly
<2017-09-26 13:06:56> DEBUG [org.apache.http.headers] http-outgoing-6 << Expires: Thu, 01 Jan 1970 00:00:00 GMT
<2017-09-26 13:06:56> DEBUG [org.apache.http.headers] http-outgoing-6 << Cache-Control: no-cache
<2017-09-26 13:06:56> DEBUG [org.apache.http.headers] http-outgoing-6 << Cache-Control: no-cache
<2017-09-26 13:06:56> DEBUG [org.apache.http.headers] http-outgoing-6 << Expires: Thu, 01 Jan 1970 00:00:00 GMT
<2017-09-26 13:06:56> DEBUG [org.apache.http.headers] http-outgoing-6 << Set-Cookie: fast_failed=true
<2017-09-26 13:06:56> DEBUG [org.apache.http.headers] http-outgoing-6 << X-XSS-Protection: 2; mode=block
<2017-09-26 13:06:56> DEBUG [org.apache.http.headers] http-outgoing-6 << Content-Encoding: gzip
<2017-09-26 13:06:56> DEBUG [o.a.h.i.execchain.MainClientExec] Connection can be kept alive indefinitely
<2017-09-26 13:06:56> DEBUG [o.a.h.c.p.ResponseProcessCookies] Cookie accepted [JSESSIONID="F6E28E4994D1584E597DBDFCCCB1737E", version:0, domain:branchtest.perfectomobile.com, path:/nexperience/, expiry:null]
<2017-09-26 13:06:56> DEBUG [o.a.h.c.p.ResponseProcessCookies] Cookie accepted [fast_failed="true", version:0, domain:branchtest.perfectomobile.com, path:/nexperience/perfectomobile/wd/hub/session/0bb5ccaf-7de4-4682-9e6c-c5841ee5c6a7, expiry:null]
<2017-09-26 13:06:56> DEBUG [o.a.h.i.c.PoolingHttpClientConnectionManager] Connection [id: 6][route: {s}->https://branchtest.perfectomobile.com:443] can be kept alive indefinitely
<2017-09-26 13:06:56> DEBUG [o.a.h.i.c.PoolingHttpClientConnectionManager] Connection released: [id: 6][route: {s}->https://branchtest.perfectomobile.com:443][total kept alive: 2; route allocated: 3 of 2000; total allocated: 3 of 2000]
<2017-09-26 13:06:56> DEBUG [o.a.h.c.p.RequestAddCookies] CookieSpec selected: default
<2017-09-26 13:06:56> DEBUG [o.a.h.c.p.RequestAddCookies] Cookie [version: 0][name: JSESSIONID][value: F6E28E4994D1584E597DBDFCCCB1737E][domain: branchtest.perfectomobile.com][path: /nexperience/][expiry: null] match [(secure)branchtest.perfectomobile.com:443/nexperience/perfectomobile/wd/hub/session/0bb5ccaf-7de4-4682-9e6c-c5841ee5c6a7/element]
<2017-09-26 13:06:56> DEBUG [o.a.h.c.p.RequestAddCookies] Cookie [version: 0][name: fast_failed][value: true][domain: branchtest.perfectomobile.com][path: /nexperience/perfectomobile/wd/hub][expiry: null] match [(secure)branchtest.perfectomobile.com:443/nexperience/perfectomobile/wd/hub/session/0bb5ccaf-7de4-4682-9e6c-c5841ee5c6a7/element]
<2017-09-26 13:06:56> DEBUG [o.a.h.c.p.RequestAddCookies] Cookie [version: 0][name: fast_failed][value: true][domain: branchtest.perfectomobile.com][path: /nexperience/perfectomobile/wd/hub/session][expiry: null] match [(secure)branchtest.perfectomobile.com:443/nexperience/perfectomobile/wd/hub/session/0bb5ccaf-7de4-4682-9e6c-c5841ee5c6a7/element]
<2017-09-26 13:06:56> DEBUG [o.a.h.c.p.RequestAddCookies] Cookie [version: 0][name: fast_failed][value: true][domain: branchtest.perfectomobile.com][path: /nexperience/perfectomobile/wd/hub/session/0bb5ccaf-7de4-4682-9e6c-c5841ee5c6a7][expiry: null] match [(secure)branchtest.perfectomobile.com:443/nexperience/perfectomobile/wd/hub/session/0bb5ccaf-7de4-4682-9e6c-c5841ee5c6a7/element]
<2017-09-26 13:06:56> DEBUG [o.a.h.c.p.RequestAuthCache] Auth cache not set in the context
<2017-09-26 13:06:56> DEBUG [o.a.h.i.c.PoolingHttpClientConnectionManager] Connection request: [route: {s}->https://branchtest.perfectomobile.com:443][total kept alive: 2; route allocated: 3 of 2000; total allocated: 3 of 2000]
<2017-09-26 13:06:56> DEBUG [o.a.h.i.c.PoolingHttpClientConnectionManager] Connection leased: [id: 6][route: {s}->https://branchtest.perfectomobile.com:443][total kept alive: 1; route allocated: 3 of 2000; total allocated: 3 of 2000]
<2017-09-26 13:06:56> DEBUG [o.a.h.i.execchain.MainClientExec] Stale connection check
<2017-09-26 13:06:56> DEBUG [org.apache.http.wire] http-outgoing-6 << "[read] I/O error: Read timed out"
<2017-09-26 13:06:56> DEBUG [o.a.h.i.c.DefaultManagedHttpClientConnection] http-outgoing-6: set socket timeout to 10800000
<2017-09-26 13:06:56> DEBUG [o.a.h.i.execchain.MainClientExec] Executing request POST /nexperience/perfectomobile/wd/hub/session/0bb5ccaf-7de4-4682-9e6c-c5841ee5c6a7/element HTTP/1.1
<2017-09-26 13:06:56> DEBUG [o.a.h.i.execchain.MainClientExec] Target auth state: UNCHALLENGED
<2017-09-26 13:06:56> DEBUG [o.a.h.i.execchain.MainClientExec] Proxy auth state: UNCHALLENGED
<2017-09-26 13:06:56> DEBUG [org.apache.http.headers] http-outgoing-6 >> POST /nexperience/perfectomobile/wd/hub/session/0bb5ccaf-7de4-4682-9e6c-c5841ee5c6a7/element HTTP/1.1
<2017-09-26 13:06:56> DEBUG [org.apache.http.headers] http-outgoing-6 >> Content-Type: application/json; charset=utf-8
<2017-09-26 13:06:56> DEBUG [org.apache.http.headers] http-outgoing-6 >> Content-Length: 77
<2017-09-26 13:06:56> DEBUG [org.apache.http.headers] http-outgoing-6 >> Host: branchtest.perfectomobile.com
<2017-09-26 13:06:56> DEBUG [org.apache.http.headers] http-outgoing-6 >> Connection: Keep-Alive
<2017-09-26 13:06:56> DEBUG [org.apache.http.headers] http-outgoing-6 >> User-Agent: Apache-HttpClient/4.5.2 (Java/1.8.0_121)
<2017-09-26 13:06:56> DEBUG [org.apache.http.headers] http-outgoing-6 >> Cookie: JSESSIONID=F6E28E4994D1584E597DBDFCCCB1737E; fast_failed=true; fast_failed=true; fast_failed=true
<2017-09-26 13:06:56> DEBUG [org.apache.http.headers] http-outgoing-6 >> Accept-Encoding: gzip,deflate
<2017-09-26 13:06:56> DEBUG [org.apache.http.wire] http-outgoing-6 >> "POST /nexperience/perfectomobile/wd/hub/session/0bb5ccaf-7de4-4682-9e6c-c5841ee5c6a7/element HTTP/1.1[\r][\n]"
<2017-09-26 13:06:56> DEBUG [org.apache.http.wire] http-outgoing-6 >> "Content-Type: application/json; charset=utf-8[\r][\n]"
<2017-09-26 13:06:56> DEBUG [org.apache.http.wire] http-outgoing-6 >> "Content-Length: 77[\r][\n]"
<2017-09-26 13:06:56> DEBUG [org.apache.http.wire] http-outgoing-6 >> "Host: branchtest.perfectomobile.com[\r][\n]"
<2017-09-26 13:06:56> DEBUG [org.apache.http.wire] http-outgoing-6 >> "Connection: Keep-Alive[\r][\n]"
<2017-09-26 13:06:56> DEBUG [org.apache.http.wire] http-outgoing-6 >> "User-Agent: Apache-HttpClient/4.5.2 (Java/1.8.0_121)[\r][\n]"
<2017-09-26 13:06:56> DEBUG [org.apache.http.wire] http-outgoing-6 >> "Cookie: JSESSIONID=F6E28E4994D1584E597DBDFCCCB1737E; fast_failed=true; fast_failed=true; fast_failed=true[\r][\n]"
<2017-09-26 13:06:56> DEBUG [org.apache.http.wire] http-outgoing-6 >> "Accept-Encoding: gzip,deflate[\r][\n]"
<2017-09-26 13:06:56> DEBUG [org.apache.http.wire] http-outgoing-6 >> "[\r][\n]"
<2017-09-26 13:06:56> DEBUG [org.apache.http.wire] http-outgoing-6 >> "{"using":"xpath","value":"//*[@id=\"register_form\"]/fieldset[1]/p[1]/input"}"
<2017-09-26 13:06:56> DEBUG [org.apache.http.wire] http-outgoing-6 << "HTTP/1.1 200 OK[\r][\n]"
<2017-09-26 13:06:56> DEBUG [org.apache.http.wire] http-outgoing-6 << "Server: nginx[\r][\n]"
<2017-09-26 13:06:56> DEBUG [org.apache.http.wire] http-outgoing-6 << "Date: Tue, 26 Sep 2017 10:06:52 GMT[\r][\n]"
<2017-09-26 13:06:56> DEBUG [org.apache.http.wire] http-outgoing-6 << "Content-Type: application/json;charset=utf-8[\r][\n]"
<2017-09-26 13:06:56> DEBUG [org.apache.http.wire] http-outgoing-6 << "Transfer-Encoding: chunked[\r][\n]"
<2017-09-26 13:06:56> DEBUG [org.apache.http.wire] http-outgoing-6 << "Connection: keep-alive[\r][\n]"
<2017-09-26 13:06:56> DEBUG [org.apache.http.wire] http-outgoing-6 << "Set-Cookie: JSESSIONID=F6E28E4994D1584E597DBDFCCCB1737E; Path=/nexperience/; HttpOnly[\r][\n]"
<2017-09-26 13:06:56> DEBUG [org.apache.http.wire] http-outgoing-6 << "Expires: Thu, 01 Jan 1970 00:00:00 GMT[\r][\n]"
<2017-09-26 13:06:56> DEBUG [org.apache.http.wire] http-outgoing-6 << "Cache-Control: no-cache[\r][\n]"
<2017-09-26 13:06:56> DEBUG [org.apache.http.wire] http-outgoing-6 << "Cache-Control: no-cache[\r][\n]"
<2017-09-26 13:06:56> DEBUG [org.apache.http.wire] http-outgoing-6 << "Expires: Thu, 01 Jan 1970 00:00:00 GMT[\r][\n]"
<2017-09-26 13:06:56> DEBUG [org.apache.http.wire] http-outgoing-6 << "Set-Cookie: fast_failed=true[\r][\n]"
<2017-09-26 13:06:56> DEBUG [org.apache.http.wire] http-outgoing-6 << "X-XSS-Protection: 2; mode=block[\r][\n]"
<2017-09-26 13:06:56> DEBUG [org.apache.http.wire] http-outgoing-6 << "Content-Encoding: gzip[\r][\n]"
<2017-09-26 13:06:56> DEBUG [org.apache.http.wire] http-outgoing-6 << "[\r][\n]"
<2017-09-26 13:06:56> DEBUG [org.apache.http.wire] http-outgoing-6 << "a0[\r][\n]"
<2017-09-26 13:06:56> DEBUG [org.apache.http.wire] http-outgoing-6 << "[0x1f][0x8b][0x8][0x0][0x0][0x0][0x0][0x0][0x0][0x3]-[0x8d][0xcb][0xe][0x82]0[0x10][0x0][0xff]e[0xcf][0xb4][0xe1]Q[0xca][0xe3]j8[0x98][0xa8][0x7][0xe3][0xf][0x94]eU[0x12]h[0x91][0xa5]^[0x8][0xff][0xee][0x1e][0xbc]Nf2;01[0x8f][0xc1][0x9f][0x7]h![0xed][0xfb][0x12][0xd1]=U5[0x90]Q[0xc6][0xd6][0xb9]j[0xc8][0xa2][0xc2][0xb2]6[0x19]Q[0x89][0xd6]U[0x90][0x0]on#[0xd1]9"J-[0xe4]}[\n]"
<2017-09-26 13:06:56> DEBUG [org.apache.http.wire] http-outgoing-6 << "[0x83][0x90][0xa6]h*c[0xb3][0xbc]H[0xe0][0xeb][0xa6](d[0x87][0xee][0xd2]][0xbb][0xdb]Ct[0x3]G[0x2]89)Z[0x8][0xeb]K[0x87][0x85][0xfc][0xc7]i[0xa6][0x89][0xfc][0x18]g[0xbd][0xd2][0x1c]6[0xd2]w[0xe2]%x[0xa6][0xff])[0x8a][0x9e][0x1e]?[0xbb][0xd0][0xff]:[0xa9][0x0][0x0][0x0][\r][\n]"
<2017-09-26 13:06:56> DEBUG [org.apache.http.wire] http-outgoing-6 << "0[\r][\n]"
<2017-09-26 13:06:56> DEBUG [org.apache.http.wire] http-outgoing-6 << "[\r][\n]"
<2017-09-26 13:06:56> DEBUG [org.apache.http.headers] http-outgoing-6 << HTTP/1.1 200 OK
<2017-09-26 13:06:56> DEBUG [org.apache.http.headers] http-outgoing-6 << Server: nginx
<2017-09-26 13:06:56> DEBUG [org.apache.http.headers] http-outgoing-6 << Date: Tue, 26 Sep 2017 10:06:52 GMT
<2017-09-26 13:06:56> DEBUG [org.apache.http.headers] http-outgoing-6 << Content-Type: application/json;charset=utf-8
<2017-09-26 13:06:56> DEBUG [org.apache.http.headers] http-outgoing-6 << Transfer-Encoding: chunked
<2017-09-26 13:06:56> DEBUG [org.apache.http.headers] http-outgoing-6 << Connection: keep-alive
<2017-09-26 13:06:56> DEBUG [org.apache.http.headers] http-outgoing-6 << Set-Cookie: JSESSIONID=F6E28E4994D1584E597DBDFCCCB1737E; Path=/nexperience/; HttpOnly
<2017-09-26 13:06:56> DEBUG [org.apache.http.headers] http-outgoing-6 << Expires: Thu, 01 Jan 1970 00:00:00 GMT
<2017-09-26 13:06:56> DEBUG [org.apache.http.headers] http-outgoing-6 << Cache-Control: no-cache
<2017-09-26 13:06:56> DEBUG [org.apache.http.headers] http-outgoing-6 << Cache-Control: no-cache
<2017-09-26 13:06:56> DEBUG [org.apache.http.headers] http-outgoing-6 << Expires: Thu, 01 Jan 1970 00:00:00 GMT
<2017-09-26 13:06:56> DEBUG [org.apache.http.headers] http-outgoing-6 << Set-Cookie: fast_failed=true
<2017-09-26 13:06:56> DEBUG [org.apache.http.headers] http-outgoing-6 << X-XSS-Protection: 2; mode=block
<2017-09-26 13:06:56> DEBUG [org.apache.http.headers] http-outgoing-6 << Content-Encoding: gzip
<2017-09-26 13:06:56> DEBUG [o.a.h.i.execchain.MainClientExec] Connection can be kept alive indefinitely
<2017-09-26 13:06:56> DEBUG [o.a.h.c.p.ResponseProcessCookies] Cookie accepted [JSESSIONID="F6E28E4994D1584E597DBDFCCCB1737E", version:0, domain:branchtest.perfectomobile.com, path:/nexperience/, expiry:null]
<2017-09-26 13:06:56> DEBUG [o.a.h.c.p.ResponseProcessCookies] Cookie accepted [fast_failed="true", version:0, domain:branchtest.perfectomobile.com, path:/nexperience/perfectomobile/wd/hub/session/0bb5ccaf-7de4-4682-9e6c-c5841ee5c6a7, expiry:null]
<2017-09-26 13:06:56> DEBUG [o.a.h.i.c.PoolingHttpClientConnectionManager] Connection [id: 6][route: {s}->https://branchtest.perfectomobile.com:443] can be kept alive indefinitely
<2017-09-26 13:06:56> DEBUG [o.a.h.i.c.PoolingHttpClientConnectionManager] Connection released: [id: 6][route: {s}->https://branchtest.perfectomobile.com:443][total kept alive: 2; route allocated: 3 of 2000; total allocated: 3 of 2000]
<2017-09-26 13:06:56> DEBUG [o.a.h.c.p.RequestAddCookies] CookieSpec selected: default
<2017-09-26 13:06:56> DEBUG [o.a.h.c.p.RequestAddCookies] Cookie [version: 0][name: JSESSIONID][value: F6E28E4994D1584E597DBDFCCCB1737E][domain: branchtest.perfectomobile.com][path: /nexperience/][expiry: null] match [(secure)branchtest.perfectomobile.com:443/nexperience/perfectomobile/wd/hub/session/0bb5ccaf-7de4-4682-9e6c-c5841ee5c6a7/element/4/value]
<2017-09-26 13:06:56> DEBUG [o.a.h.c.p.RequestAddCookies] Cookie [version: 0][name: fast_failed][value: true][domain: branchtest.perfectomobile.com][path: /nexperience/perfectomobile/wd/hub][expiry: null] match [(secure)branchtest.perfectomobile.com:443/nexperience/perfectomobile/wd/hub/session/0bb5ccaf-7de4-4682-9e6c-c5841ee5c6a7/element/4/value]
<2017-09-26 13:06:56> DEBUG [o.a.h.c.p.RequestAddCookies] Cookie [version: 0][name: fast_failed][value: true][domain: branchtest.perfectomobile.com][path: /nexperience/perfectomobile/wd/hub/session][expiry: null] match [(secure)branchtest.perfectomobile.com:443/nexperience/perfectomobile/wd/hub/session/0bb5ccaf-7de4-4682-9e6c-c5841ee5c6a7/element/4/value]
<2017-09-26 13:06:56> DEBUG [o.a.h.c.p.RequestAddCookies] Cookie [version: 0][name: fast_failed][value: true][domain: branchtest.perfectomobile.com][path: /nexperience/perfectomobile/wd/hub/session/0bb5ccaf-7de4-4682-9e6c-c5841ee5c6a7][expiry: null] match [(secure)branchtest.perfectomobile.com:443/nexperience/perfectomobile/wd/hub/session/0bb5ccaf-7de4-4682-9e6c-c5841ee5c6a7/element/4/value]
<2017-09-26 13:06:56> DEBUG [o.a.h.c.p.RequestAuthCache] Auth cache not set in the context
<2017-09-26 13:06:56> DEBUG [o.a.h.i.c.PoolingHttpClientConnectionManager] Connection request: [route: {s}->https://branchtest.perfectomobile.com:443][total kept alive: 2; route allocated: 3 of 2000; total allocated: 3 of 2000]
<2017-09-26 13:06:56> DEBUG [o.a.h.i.c.PoolingHttpClientConnectionManager] Connection leased: [id: 6][route: {s}->https://branchtest.perfectomobile.com:443][total kept alive: 1; route allocated: 3 of 2000; total allocated: 3 of 2000]
<2017-09-26 13:06:56> DEBUG [o.a.h.i.execchain.MainClientExec] Stale connection check
<2017-09-26 13:06:56> DEBUG [org.apache.http.wire] http-outgoing-6 << "[read] I/O error: Read timed out"
<2017-09-26 13:06:56> DEBUG [o.a.h.i.c.DefaultManagedHttpClientConnection] http-outgoing-6: set socket timeout to 10800000
<2017-09-26 13:06:56> DEBUG [o.a.h.i.execchain.MainClientExec] Executing request POST /nexperience/perfectomobile/wd/hub/session/0bb5ccaf-7de4-4682-9e6c-c5841ee5c6a7/element/4/value HTTP/1.1
<2017-09-26 13:06:56> DEBUG [o.a.h.i.execchain.MainClientExec] Target auth state: UNCHALLENGED
<2017-09-26 13:06:56> DEBUG [o.a.h.i.execchain.MainClientExec] Proxy auth state: UNCHALLENGED
<2017-09-26 13:06:56> DEBUG [org.apache.http.headers] http-outgoing-6 >> POST /nexperience/perfectomobile/wd/hub/session/0bb5ccaf-7de4-4682-9e6c-c5841ee5c6a7/element/4/value HTTP/1.1
<2017-09-26 13:06:56> DEBUG [org.apache.http.headers] http-outgoing-6 >> Content-Type: application/json; charset=utf-8
<2017-09-26 13:06:56> DEBUG [org.apache.http.headers] http-outgoing-6 >> Content-Length: 33
<2017-09-26 13:06:56> DEBUG [org.apache.http.headers] http-outgoing-6 >> Host: branchtest.perfectomobile.com
<2017-09-26 13:06:56> DEBUG [org.apache.http.headers] http-outgoing-6 >> Connection: Keep-Alive
<2017-09-26 13:06:56> DEBUG [org.apache.http.headers] http-outgoing-6 >> User-Agent: Apache-HttpClient/4.5.2 (Java/1.8.0_121)
<2017-09-26 13:06:56> DEBUG [org.apache.http.headers] http-outgoing-6 >> Cookie: JSESSIONID=F6E28E4994D1584E597DBDFCCCB1737E; fast_failed=true; fast_failed=true; fast_failed=true
<2017-09-26 13:06:56> DEBUG [org.apache.http.headers] http-outgoing-6 >> Accept-Encoding: gzip,deflate
<2017-09-26 13:06:56> DEBUG [org.apache.http.wire] http-outgoing-6 >> "POST /nexperience/perfectomobile/wd/hub/session/0bb5ccaf-7de4-4682-9e6c-c5841ee5c6a7/element/4/value HTTP/1.1[\r][\n]"
<2017-09-26 13:06:56> DEBUG [org.apache.http.wire] http-outgoing-6 >> "Content-Type: application/json; charset=utf-8[\r][\n]"
<2017-09-26 13:06:56> DEBUG [org.apache.http.wire] http-outgoing-6 >> "Content-Length: 33[\r][\n]"
<2017-09-26 13:06:56> DEBUG [org.apache.http.wire] http-outgoing-6 >> "Host: branchtest.perfectomobile.com[\r][\n]"
<2017-09-26 13:06:56> DEBUG [org.apache.http.wire] http-outgoing-6 >> "Connection: Keep-Alive[\r][\n]"
<2017-09-26 13:06:56> DEBUG [org.apache.http.wire] http-outgoing-6 >> "User-Agent: Apache-HttpClient/4.5.2 (Java/1.8.0_121)[\r][\n]"
<2017-09-26 13:06:56> DEBUG [org.apache.http.wire] http-outgoing-6 >> "Cookie: JSESSIONID=F6E28E4994D1584E597DBDFCCCB1737E; fast_failed=true; fast_failed=true; fast_failed=true[\r][\n]"
<2017-09-26 13:06:56> DEBUG [org.apache.http.wire] http-outgoing-6 >> "Accept-Encoding: gzip,deflate[\r][\n]"
<2017-09-26 13:06:56> DEBUG [org.apache.http.wire] http-outgoing-6 >> "[\r][\n]"
<2017-09-26 13:06:56> DEBUG [org.apache.http.wire] http-outgoing-6 >> "{"id":"4","value":["first name"]}"
<2017-09-26 13:06:56> DEBUG [org.apache.http.wire] http-outgoing-8 << "HTTP/1.1 200 OK[\r][\n]"
<2017-09-26 13:06:56> DEBUG [org.apache.http.wire] http-outgoing-8 << "Server: nginx[\r][\n]"
<2017-09-26 13:06:56> DEBUG [org.apache.http.wire] http-outgoing-8 << "Date: Tue, 26 Sep 2017 10:06:52 GMT[\r][\n]"
<2017-09-26 13:06:56> DEBUG [org.apache.http.wire] http-outgoing-8 << "Content-Type: application/json;charset=utf-8[\r][\n]"
<2017-09-26 13:06:56> DEBUG [org.apache.http.wire] http-outgoing-8 << "Transfer-Encoding: chunked[\r][\n]"
<2017-09-26 13:06:56> DEBUG [org.apache.http.wire] http-outgoing-8 << "Connection: keep-alive[\r][\n]"
<2017-09-26 13:06:56> DEBUG [org.apache.http.wire] http-outgoing-8 << "Set-Cookie: JSESSIONID=F6E28E4994D1584E597DBDFCCCB1737E; Path=/nexperience/; HttpOnly[\r][\n]"
<2017-09-26 13:06:56> DEBUG [org.apache.http.wire] http-outgoing-8 << "Expires: Thu, 01 Jan 1970 00:00:00 GMT[\r][\n]"
<2017-09-26 13:06:56> DEBUG [org.apache.http.wire] http-outgoing-8 << "Cache-Control: no-cache[\r][\n]"
<2017-09-26 13:06:56> DEBUG [org.apache.http.wire] http-outgoing-8 << "Cache-Control: no-cache[\r][\n]"
<2017-09-26 13:06:56> DEBUG [org.apache.http.wire] http-outgoing-8 << "Expires: Thu, 01 Jan 1970 00:00:00 GMT[\r][\n]"
<2017-09-26 13:06:56> DEBUG [org.apache.http.wire] http-outgoing-8 << "Set-Cookie: fast_failed=true[\r][\n]"
<2017-09-26 13:06:56> DEBUG [org.apache.http.wire] http-outgoing-8 << "X-XSS-Protection: 2; mode=block[\r][\n]"
<2017-09-26 13:06:56> DEBUG [org.apache.http.wire] http-outgoing-8 << "Content-Encoding: gzip[\r][\n]"
<2017-09-26 13:06:56> DEBUG [org.apache.http.wire] http-outgoing-8 << "[\r][\n]"
<2017-09-26 13:06:56> DEBUG [org.apache.http.wire] http-outgoing-8 << "95[\r][\n]"
<2017-09-26 13:06:56> DEBUG [org.apache.http.wire] http-outgoing-8 << "[0x1f][0x8b][0x8][0x0][0x0][0x0][0x0][0x0][0x0][0x3]-[0xcc]1[0x12][0xc2] [0x10][0x85][0xe1][0xbb]l[0x1d][0x18]a[0x9]#i[0xad]l[0xbd][0x1][0x92]E3C f[0x83][0x8d][0xe3][0xdd][0xdd][0xc2][0xf6][0x9f][0xef][0xbd][0xf]01/[0xad]^g[0x98][0xc0]Z[0xcc][0x16][0xbd]S[0x9]=*[0x97][0xcd]][0x85][0x1c]Q[0xa5]1`8[0x9b][0x19]Mr0[0x0][0x1f][0xf1] [0xe1][0xdc]S[0x92][0xb5][0x94][0xe7][0xa5][0xcd]R|[0xb0]>xg[0xc7][0x1][0xde][0xb1]t)[0xb5][0x97]2@*Q[0xd8][0x4]m]]>&#x7f;<![CDATA[[0xe8][0xb6]Q}E[0xcd]T[0xa8].}[0xd5];[0xad][0xed] }#[0xde]Ze[0xfa][0xdf]w[0xe1][0xa7][0xef][0xf][0xe6]=[0xca][0xa6][0x9e][0x0][0x0][0x0][\r][\n]"
<2017-09-26 13:06:56> DEBUG [org.apache.http.wire] http-outgoing-8 << "0[\r][\n]"
<2017-09-26 13:06:56> DEBUG [org.apache.http.wire] http-outgoing-8 << "[\r][\n]"
<2017-09-26 13:06:56> DEBUG [org.apache.http.headers] http-outgoing-8 << HTTP/1.1 200 OK
<2017-09-26 13:06:56> DEBUG [org.apache.http.headers] http-outgoing-8 << Server: nginx
<2017-09-26 13:06:56> DEBUG [org.apache.http.headers] http-outgoing-8 << Date: Tue, 26 Sep 2017 10:06:52 GMT
<2017-09-26 13:06:56> DEBUG [org.apache.http.headers] http-outgoing-8 << Content-Type: application/json;charset=utf-8
<2017-09-26 13:06:56> DEBUG [org.apache.http.headers] http-outgoing-8 << Transfer-Encoding: chunked
<2017-09-26 13:06:56> DEBUG [org.apache.http.headers] http-outgoing-8 << Connection: keep-alive
<2017-09-26 13:06:56> DEBUG [org.apache.http.headers] http-outgoing-8 << Set-Cookie: JSESSIONID=F6E28E4994D1584E597DBDFCCCB1737E; Path=/nexperience/; HttpOnly
<2017-09-26 13:06:56> DEBUG [org.apache.http.headers] http-outgoing-8 << Expires: Thu, 01 Jan 1970 00:00:00 GMT
<2017-09-26 13:06:56> DEBUG [org.apache.http.headers] http-outgoing-8 << Cache-Control: no-cache
<2017-09-26 13:06:56> DEBUG [org.apache.http.headers] http-outgoing-8 << Cache-Control: no-cache
<2017-09-26 13:06:56> DEBUG [org.apache.http.headers] http-outgoing-8 << Expires: Thu, 01 Jan 1970 00:00:00 GMT
<2017-09-26 13:06:56> DEBUG [org.apache.http.headers] http-outgoing-8 << Set-Cookie: fast_failed=true
<2017-09-26 13:06:56> DEBUG [org.apache.http.headers] http-outgoing-8 << X-XSS-Protection: 2; mode=block
<2017-09-26 13:06:56> DEBUG [org.apache.http.headers] http-outgoing-8 << Content-Encoding: gzip
<2017-09-26 13:06:56> DEBUG [o.a.h.i.execchain.MainClientExec] Connection can be kept alive indefinitely
<2017-09-26 13:06:56> DEBUG [o.a.h.c.p.ResponseProcessCookies] Cookie accepted [JSESSIONID="F6E28E4994D1584E597DBDFCCCB1737E", version:0, domain:branchtest.perfectomobile.com, path:/nexperience/, expiry:null]
<2017-09-26 13:06:56> DEBUG [o.a.h.c.p.ResponseProcessCookies] Cookie accepted [fast_failed="true", version:0, domain:branchtest.perfectomobile.com, path:/nexperience/perfectomobile/wd/hub/session/223f2364-c363-4f1b-9fa3-c593981d31c4/element/5, expiry:null]
<2017-09-26 13:06:56> DEBUG [o.a.h.i.c.PoolingHttpClientConnectionManager] Connection [id: 8][route: {s}->https://branchtest.perfectomobile.com:443] can be kept alive indefinitely
<2017-09-26 13:06:56> DEBUG [o.a.h.i.c.PoolingHttpClientConnectionManager] Connection released: [id: 8][route: {s}->https://branchtest.perfectomobile.com:443][total kept alive: 2; route allocated: 3 of 2000; total allocated: 3 of 2000]
<2017-09-26 13:06:56> DEBUG [o.a.h.c.p.RequestAddCookies] CookieSpec selected: default
<2017-09-26 13:06:56> DEBUG [o.a.h.c.p.RequestAddCookies] Cookie [version: 0][name: JSESSIONID][value: F6E28E4994D1584E597DBDFCCCB1737E][domain: branchtest.perfectomobile.com][path: /nexperience/][expiry: null] match [(secure)branchtest.perfectomobile.com:443/nexperience/perfectomobile/wd/hub/session/223f2364-c363-4f1b-9fa3-c593981d31c4/element]
<2017-09-26 13:06:56> DEBUG [o.a.h.c.p.RequestAddCookies] Cookie [version: 0][name: fast_failed][value: true][domain: branchtest.perfectomobile.com][path: /nexperience/perfectomobile/wd/hub][expiry: null] match [(secure)branchtest.perfectomobile.com:443/nexperience/perfectomobile/wd/hub/session/223f2364-c363-4f1b-9fa3-c593981d31c4/element]
<2017-09-26 13:06:56> DEBUG [o.a.h.c.p.RequestAddCookies] Cookie [version: 0][name: fast_failed][value: true][domain: branchtest.perfectomobile.com][path: /nexperience/perfectomobile/wd/hub/session][expiry: null] match [(secure)branchtest.perfectomobile.com:443/nexperience/perfectomobile/wd/hub/session/223f2364-c363-4f1b-9fa3-c593981d31c4/element]
<2017-09-26 13:06:56> DEBUG [o.a.h.c.p.RequestAddCookies] Cookie [version: 0][name: fast_failed][value: true][domain: branchtest.perfectomobile.com][path: /nexperience/perfectomobile/wd/hub/session/223f2364-c363-4f1b-9fa3-c593981d31c4][expiry: null] match [(secure)branchtest.perfectomobile.com:443/nexperience/perfectomobile/wd/hub/session/223f2364-c363-4f1b-9fa3-c593981d31c4/element]
<2017-09-26 13:06:56> DEBUG [o.a.h.c.p.RequestAuthCache] Auth cache not set in the context
<2017-09-26 13:06:56> DEBUG [o.a.h.i.c.PoolingHttpClientConnectionManager] Connection request: [route: {s}->https://branchtest.perfectomobile.com:443][total kept alive: 2; route allocated: 3 of 2000; total allocated: 3 of 2000]
<2017-09-26 13:06:56> DEBUG [o.a.h.i.c.PoolingHttpClientConnectionManager] Connection leased: [id: 8][route: {s}->https://branchtest.perfectomobile.com:443][total kept alive: 1; route allocated: 3 of 2000; total allocated: 3 of 2000]
<2017-09-26 13:06:56> DEBUG [o.a.h.i.execchain.MainClientExec] Stale connection check
<2017-09-26 13:06:56> DEBUG [org.apache.http.wire] http-outgoing-8 << "[read] I/O error: Read timed out"
<2017-09-26 13:06:56> DEBUG [o.a.h.i.c.DefaultManagedHttpClientConnection] http-outgoing-8: set socket timeout to 10800000
<2017-09-26 13:06:56> DEBUG [o.a.h.i.execchain.MainClientExec] Executing request POST /nexperience/perfectomobile/wd/hub/session/223f2364-c363-4f1b-9fa3-c593981d31c4/element HTTP/1.1
<2017-09-26 13:06:56> DEBUG [o.a.h.i.execchain.MainClientExec] Target auth state: UNCHALLENGED
<2017-09-26 13:06:56> DEBUG [o.a.h.i.execchain.MainClientExec] Proxy auth state: UNCHALLENGED
<2017-09-26 13:06:56> DEBUG [org.apache.http.headers] http-outgoing-8 >> POST /nexperience/perfectomobile/wd/hub/session/223f2364-c363-4f1b-9fa3-c593981d31c4/element HTTP/1.1
<2017-09-26 13:06:56> DEBUG [org.apache.http.headers] http-outgoing-8 >> Content-Type: application/json; charset=utf-8
<2017-09-26 13:06:56> DEBUG [org.apache.http.headers] http-outgoing-8 >> Content-Length: 85
<2017-09-26 13:06:56> DEBUG [org.apache.http.headers] http-outgoing-8 >> Host: branchtest.perfectomobile.com
<2017-09-26 13:06:56> DEBUG [org.apache.http.headers] http-outgoing-8 >> Connection: Keep-Alive
<2017-09-26 13:06:56> DEBUG [org.apache.http.headers] http-outgoing-8 >> User-Agent: Apache-HttpClient/4.5.2 (Java/1.8.0_121)
<2017-09-26 13:06:56> DEBUG [org.apache.http.headers] http-outgoing-8 >> Cookie: JSESSIONID=F6E28E4994D1584E597DBDFCCCB1737E; fast_failed=true; fast_failed=true; fast_failed=true
<2017-09-26 13:06:56> DEBUG [org.apache.http.headers] http-outgoing-8 >> Accept-Encoding: gzip,deflate
<2017-09-26 13:06:56> DEBUG [org.apache.http.wire] http-outgoing-8 >> "POST /nexperience/perfectomobile/wd/hub/session/223f2364-c363-4f1b-9fa3-c593981d31c4/element HTTP/1.1[\r][\n]"
<2017-09-26 13:06:56> DEBUG [org.apache.http.wire] http-outgoing-8 >> "Content-Type: application/json; charset=utf-8[\r][\n]"
<2017-09-26 13:06:56> DEBUG [org.apache.http.wire] http-outgoing-8 >> "Content-Length: 85[\r][\n]"
<2017-09-26 13:06:56> DEBUG [org.apache.http.wire] http-outgoing-8 >> "Host: branchtest.perfectomobile.com[\r][\n]"
<2017-09-26 13:06:56> DEBUG [org.apache.http.wire] http-outgoing-8 >> "Connection: Keep-Alive[\r][\n]"
<2017-09-26 13:06:56> DEBUG [org.apache.http.wire] http-outgoing-8 >> "User-Agent: Apache-HttpClient/4.5.2 (Java/1.8.0_121)[\r][\n]"
<2017-09-26 13:06:56> DEBUG [org.apache.http.wire] http-outgoing-8 >> "Cookie: JSESSIONID=F6E28E4994D1584E597DBDFCCCB1737E; fast_failed=true; fast_failed=true; fast_failed=true[\r][\n]"
<2017-09-26 13:06:56> DEBUG [org.apache.http.wire] http-outgoing-8 >> "Accept-Encoding: gzip,deflate[\r][\n]"
<2017-09-26 13:06:56> DEBUG [org.apache.http.wire] http-outgoing-8 >> "[\r][\n]"
<2017-09-26 13:06:56> DEBUG [org.apache.http.wire] http-outgoing-8 >> "{"using":"xpath","value":"//*[@id=\"register_form\"]/fieldset[2]/div/label[1]/input"}"
<2017-09-26 13:06:56> DEBUG [org.apache.http.wire] http-outgoing-8 << "HTTP/1.1 200 OK[\r][\n]"
<2017-09-26 13:06:56> DEBUG [org.apache.http.wire] http-outgoing-8 << "Server: nginx[\r][\n]"
<2017-09-26 13:06:56> DEBUG [org.apache.http.wire] http-outgoing-8 << "Date: Tue, 26 Sep 2017 10:06:53 GMT[\r][\n]"
<2017-09-26 13:06:56> DEBUG [org.apache.http.wire] http-outgoing-8 << "Content-Type: application/json;charset=utf-8[\r][\n]"
<2017-09-26 13:06:56> DEBUG [org.apache.http.wire] http-outgoing-8 << "Transfer-Encoding: chunked[\r][\n]"
<2017-09-26 13:06:56> DEBUG [org.apache.http.wire] http-outgoing-8 << "Connection: keep-alive[\r][\n]"
<2017-09-26 13:06:56> DEBUG [org.apache.http.wire] http-outgoing-8 << "Set-Cookie: JSESSIONID=F6E28E4994D1584E597DBDFCCCB1737E; Path=/nexperience/; HttpOnly[\r][\n]"
<2017-09-26 13:06:56> DEBUG [org.apache.http.wire] http-outgoing-8 << "Expires: Thu, 01 Jan 1970 00:00:00 GMT[\r][\n]"
<2017-09-26 13:06:56> DEBUG [org.apache.http.wire] http-outgoing-8 << "Cache-Control: no-cache[\r][\n]"
<2017-09-26 13:06:56> DEBUG [org.apache.http.wire] http-outgoing-8 << "Cache-Control: no-cache[\r][\n]"
<2017-09-26 13:06:56> DEBUG [org.apache.http.wire] http-outgoing-8 << "Expires: Thu, 01 Jan 1970 00:00:00 GMT[\r][\n]"
<2017-09-26 13:06:56> DEBUG [org.apache.http.wire] http-outgoing-8 << "Set-Cookie: fast_failed=true[\r][\n]"
<2017-09-26 13:06:56> DEBUG [org.apache.http.wire] http-outgoing-8 << "X-XSS-Protection: 2; mode=block[\r][\n]"
<2017-09-26 13:06:56> DEBUG [org.apache.http.wire] http-outgoing-8 << "Content-Encoding: gzip[\r][\n]"
<2017-09-26 13:06:56> DEBUG [org.apache.http.wire] http-outgoing-8 << "[\r][\n]"
<2017-09-26 13:06:56> DEBUG [org.apache.http.wire] http-outgoing-8 << "a1[\r][\n]"
<2017-09-26 13:06:56> DEBUG [org.apache.http.wire] http-outgoing-8 << "[0x1f][0x8b][0x8][0x0][0x0][0x0][0x0][0x0][0x0][0x3]-[0x8d]A[0xe][0x82]0[0x10][0x0][0xff][0xb2]g[0xda]X[0xb6][0x5][0xcb][0xd5]p0Q[0xf][0xc6][0xf][0xd4][0xb2]([0x9][0xb4][0xc8]R/[0x84][0xbf][0xdb][0x83][0xd7][0xc9]Lf[0x3]&[0xe6]![0x86]s[0x7][\r][0x94]%[0xf6]%VZx[0xac]P[0xe8]^=[0x85][0xed][0x1d][\n]"
<2017-09-26 13:06:56> DEBUG [org.apache.http.wire] http-outgoing-8 << "o,[0xda][0xa3][0xea]Py[\r][0x5][0xf0][0xea]V[0xca]:'[0xef]s[0x9d][0xc9][0xfb][0x14][0xbb]LTm[\r][0xd6][0xc6](][0xc0][0xd7][0x8d])[0xa3][\r][0xda]K{mo[0x8f][0xec]W[0xb0][0x17][0xe0]G[0x97][0x93][0x6][0xe2][0xf2][0x92]q[0xa6][0xf0]q[0x92]i[0xa4]0[0xa4]I.4[0xc5][0x95][0xe4][0x9d]x[0x8e][0x81][0xe9][0xbf]JY?[0xec]?:s[0x98]<[0xaa][0x0][0x0][0x0][\r][\n]"
<2017-09-26 13:06:56> DEBUG [org.apache.http.wire] http-outgoing-8 << "0[\r][\n]"
<2017-09-26 13:06:56> DEBUG [org.apache.http.wire] http-outgoing-8 << "[\r][\n]"
<2017-09-26 13:06:56> DEBUG [org.apache.http.headers] http-outgoing-8 << HTTP/1.1 200 OK
<2017-09-26 13:06:56> DEBUG [org.apache.http.headers] http-outgoing-8 << Server: nginx
<2017-09-26 13:06:56> DEBUG [org.apache.http.headers] http-outgoing-8 << Date: Tue, 26 Sep 2017 10:06:53 GMT
<2017-09-26 13:06:56> DEBUG [org.apache.http.headers] http-outgoing-8 << Content-Type: application/json;charset=utf-8
<2017-09-26 13:06:56> DEBUG [org.apache.http.headers] http-outgoing-8 << Transfer-Encoding: chunked
<2017-09-26 13:06:56> DEBUG [org.apache.http.headers] http-outgoing-8 << Connection: keep-alive
<2017-09-26 13:06:56> DEBUG [org.apache.http.headers] http-outgoing-8 << Set-Cookie: JSESSIONID=F6E28E4994D1584E597DBDFCCCB1737E; Path=/nexperience/; HttpOnly
<2017-09-26 13:06:56> DEBUG [org.apache.http.headers] http-outgoing-8 << Expires: Thu, 01 Jan 1970 00:00:00 GMT
<2017-09-26 13:06:56> DEBUG [org.apache.http.headers] http-outgoing-8 << Cache-Control: no-cache
<2017-09-26 13:06:56> DEBUG [org.apache.http.headers] http-outgoing-8 << Cache-Control: no-cache
<2017-09-26 13:06:56> DEBUG [org.apache.http.headers] http-outgoing-8 << Expires: Thu, 01 Jan 1970 00:00:00 GMT
<2017-09-26 13:06:56> DEBUG [org.apache.http.headers] http-outgoing-8 << Set-Cookie: fast_failed=true
<2017-09-26 13:06:56> DEBUG [org.apache.http.headers] http-outgoing-8 << X-XSS-Protection: 2; mode=block
<2017-09-26 13:06:56> DEBUG [org.apache.http.headers] http-outgoing-8 << Content-Encoding: gzip
<2017-09-26 13:06:56> DEBUG [o.a.h.i.execchain.MainClientExec] Connection can be kept alive indefinitely
<2017-09-26 13:06:56> DEBUG [o.a.h.c.p.ResponseProcessCookies] Cookie accepted [JSESSIONID="F6E28E4994D1584E597DBDFCCCB1737E", version:0, domain:branchtest.perfectomobile.com, path:/nexperience/, expiry:null]
<2017-09-26 13:06:56> DEBUG [o.a.h.c.p.ResponseProcessCookies] Cookie accepted [fast_failed="true", version:0, domain:branchtest.perfectomobile.com, path:/nexperience/perfectomobile/wd/hub/session/223f2364-c363-4f1b-9fa3-c593981d31c4, expiry:null]
<2017-09-26 13:06:56> DEBUG [o.a.h.i.c.PoolingHttpClientConnectionManager] Connection [id: 8][route: {s}->https://branchtest.perfectomobile.com:443] can be kept alive indefinitely
<2017-09-26 13:06:56> DEBUG [o.a.h.i.c.PoolingHttpClientConnectionManager] Connection released: [id: 8][route: {s}->https://branchtest.perfectomobile.com:443][total kept alive: 2; route allocated: 3 of 2000; total allocated: 3 of 2000]
<2017-09-26 13:06:56> DEBUG [o.a.h.c.p.RequestAddCookies] CookieSpec selected: default
<2017-09-26 13:06:56> DEBUG [o.a.h.c.p.RequestAddCookies] Cookie [version: 0][name: JSESSIONID][value: F6E28E4994D1584E597DBDFCCCB1737E][domain: branchtest.perfectomobile.com][path: /nexperience/][expiry: null] match [(secure)branchtest.perfectomobile.com:443/nexperience/perfectomobile/wd/hub/session/223f2364-c363-4f1b-9fa3-c593981d31c4/element/6/click]
<2017-09-26 13:06:56> DEBUG [o.a.h.c.p.RequestAddCookies] Cookie [version: 0][name: fast_failed][value: true][domain: branchtest.perfectomobile.com][path: /nexperience/perfectomobile/wd/hub][expiry: null] match [(secure)branchtest.perfectomobile.com:443/nexperience/perfectomobile/wd/hub/session/223f2364-c363-4f1b-9fa3-c593981d31c4/element/6/click]
<2017-09-26 13:06:56> DEBUG [o.a.h.c.p.RequestAddCookies] Cookie [version: 0][name: fast_failed][value: true][domain: branchtest.perfectomobile.com][path: /nexperience/perfectomobile/wd/hub/session][expiry: null] match [(secure)branchtest.perfectomobile.com:443/nexperience/perfectomobile/wd/hub/session/223f2364-c363-4f1b-9fa3-c593981d31c4/element/6/click]
<2017-09-26 13:06:56> DEBUG [o.a.h.c.p.RequestAddCookies] Cookie [version: 0][name: fast_failed][value: true][domain: branchtest.perfectomobile.com][path: /nexperience/perfectomobile/wd/hub/session/223f2364-c363-4f1b-9fa3-c593981d31c4][expiry: null] match [(secure)branchtest.perfectomobile.com:443/nexperience/perfectomobile/wd/hub/session/223f2364-c363-4f1b-9fa3-c593981d31c4/element/6/click]
<2017-09-26 13:06:56> DEBUG [o.a.h.c.p.RequestAuthCache] Auth cache not set in the context
<2017-09-26 13:06:56> DEBUG [o.a.h.i.c.PoolingHttpClientConnectionManager] Connection request: [route: {s}->https://branchtest.perfectomobile.com:443][total kept alive: 2; route allocated: 3 of 2000; total allocated: 3 of 2000]
<2017-09-26 13:06:56> DEBUG [o.a.h.i.c.PoolingHttpClientConnectionManager] Connection leased: [id: 8][route: {s}->https://branchtest.perfectomobile.com:443][total kept alive: 1; route allocated: 3 of 2000; total allocated: 3 of 2000]
<2017-09-26 13:06:56> DEBUG [o.a.h.i.execchain.MainClientExec] Stale connection check
<2017-09-26 13:06:56> DEBUG [org.apache.http.wire] http-outgoing-8 << "[read] I/O error: Read timed out"
<2017-09-26 13:06:56> DEBUG [o.a.h.i.c.DefaultManagedHttpClientConnection] http-outgoing-8: set socket timeout to 10800000
<2017-09-26 13:06:56> DEBUG [o.a.h.i.execchain.MainClientExec] Executing request POST /nexperience/perfectomobile/wd/hub/session/223f2364-c363-4f1b-9fa3-c593981d31c4/element/6/click HTTP/1.1
<2017-09-26 13:06:56> DEBUG [o.a.h.i.execchain.MainClientExec] Target auth state: UNCHALLENGED
<2017-09-26 13:06:56> DEBUG [o.a.h.i.execchain.MainClientExec] Proxy auth state: UNCHALLENGED
<2017-09-26 13:06:56> DEBUG [org.apache.http.headers] http-outgoing-8 >> POST /nexperience/perfectomobile/wd/hub/session/223f2364-c363-4f1b-9fa3-c593981d31c4/element/6/click HTTP/1.1
<2017-09-26 13:06:56> DEBUG [org.apache.http.headers] http-outgoing-8 >> Content-Type: application/json; charset=utf-8
<2017-09-26 13:06:56> DEBUG [org.apache.http.headers] http-outgoing-8 >> Content-Length: 10
<2017-09-26 13:06:56> DEBUG [org.apache.http.headers] http-outgoing-8 >> Host: branchtest.perfectomobile.com
<2017-09-26 13:06:56> DEBUG [org.apache.http.headers] http-outgoing-8 >> Connection: Keep-Alive
<2017-09-26 13:06:56> DEBUG [org.apache.http.headers] http-outgoing-8 >> User-Agent: Apache-HttpClient/4.5.2 (Java/1.8.0_121)
<2017-09-26 13:06:56> DEBUG [org.apache.http.headers] http-outgoing-8 >> Cookie: JSESSIONID=F6E28E4994D1584E597DBDFCCCB1737E; fast_failed=true; fast_failed=true; fast_failed=true
<2017-09-26 13:06:56> DEBUG [org.apache.http.headers] http-outgoing-8 >> Accept-Encoding: gzip,deflate
<2017-09-26 13:06:56> DEBUG [org.apache.http.wire] http-outgoing-8 >> "POST /nexperience/perfectomobile/wd/hub/session/223f2364-c363-4f1b-9fa3-c593981d31c4/element/6/click HTTP/1.1[\r][\n]"
<2017-09-26 13:06:56> DEBUG [org.apache.http.wire] http-outgoing-8 >> "Content-Type: application/json; charset=utf-8[\r][\n]"
<2017-09-26 13:06:56> DEBUG [org.apache.http.wire] http-outgoing-8 >> "Content-Length: 10[\r][\n]"
<2017-09-26 13:06:56> DEBUG [org.apache.http.wire] http-outgoing-8 >> "Host: branchtest.perfectomobile.com[\r][\n]"
<2017-09-26 13:06:56> DEBUG [org.apache.http.wire] http-outgoing-8 >> "Connection: Keep-Alive[\r][\n]"
<2017-09-26 13:06:56> DEBUG [org.apache.http.wire] http-outgoing-8 >> "User-Agent: Apache-HttpClient/4.5.2 (Java/1.8.0_121)[\r][\n]"
<2017-09-26 13:06:56> DEBUG [org.apache.http.wire] http-outgoing-8 >> "Cookie: JSESSIONID=F6E28E4994D1584E597DBDFCCCB1737E; fast_failed=true; fast_failed=true; fast_failed=true[\r][\n]"
<2017-09-26 13:06:56> DEBUG [org.apache.http.wire] http-outgoing-8 >> "Accept-Encoding: gzip,deflate[\r][\n]"
<2017-09-26 13:06:56> DEBUG [org.apache.http.wire] http-outgoing-8 >> "[\r][\n]"
<2017-09-26 13:06:56> DEBUG [org.apache.http.wire] http-outgoing-8 >> "{"id":"6"}"
<2017-09-26 13:06:57> DEBUG [org.apache.http.wire] http-outgoing-6 << "HTTP/1.1 200 OK[\r][\n]"
<2017-09-26 13:06:57> DEBUG [org.apache.http.wire] http-outgoing-6 << "Server: nginx[\r][\n]"
<2017-09-26 13:06:57> DEBUG [org.apache.http.wire] http-outgoing-6 << "Date: Tue, 26 Sep 2017 10:06:53 GMT[\r][\n]"
<2017-09-26 13:06:57> DEBUG [org.apache.http.wire] http-outgoing-6 << "Content-Type: application/json;charset=utf-8[\r][\n]"
<2017-09-26 13:06:57> DEBUG [org.apache.http.wire] http-outgoing-6 << "Transfer-Encoding: chunked[\r][\n]"
<2017-09-26 13:06:57> DEBUG [org.apache.http.wire] http-outgoing-6 << "Connection: keep-alive[\r][\n]"
<2017-09-26 13:06:57> DEBUG [org.apache.http.wire] http-outgoing-6 << "Set-Cookie: JSESSIONID=F6E28E4994D1584E597DBDFCCCB1737E; Path=/nexperience/; HttpOnly[\r][\n]"
<2017-09-26 13:06:57> DEBUG [org.apache.http.wire] http-outgoing-6 << "Expires: Thu, 01 Jan 1970 00:00:00 GMT[\r][\n]"
<2017-09-26 13:06:57> DEBUG [org.apache.http.wire] http-outgoing-6 << "Cache-Control: no-cache[\r][\n]"
<2017-09-26 13:06:57> DEBUG [org.apache.http.wire] http-outgoing-6 << "Cache-Control: no-cache[\r][\n]"
<2017-09-26 13:06:57> DEBUG [org.apache.http.wire] http-outgoing-6 << "Expires: Thu, 01 Jan 1970 00:00:00 GMT[\r][\n]"
<2017-09-26 13:06:57> DEBUG [org.apache.http.wire] http-outgoing-6 << "Set-Cookie: fast_failed=true[\r][\n]"
<2017-09-26 13:06:57> DEBUG [org.apache.http.wire] http-outgoing-6 << "X-XSS-Protection: 2; mode=block[\r][\n]"
<2017-09-26 13:06:57> DEBUG [org.apache.http.wire] http-outgoing-6 << "Content-Encoding: gzip[\r][\n]"
<2017-09-26 13:06:57> DEBUG [org.apache.http.wire] http-outgoing-6 << "[\r][\n]"
<2017-09-26 13:06:57> DEBUG [org.apache.http.wire] http-outgoing-6 << "96[\r][\n]"
<2017-09-26 13:06:57> DEBUG [org.apache.http.wire] http-outgoing-6 << "[0x1f][0x8b][0x8][0x0][0x0][0x0][0x0][0x0][0x0][0x3]-[0xcc][0xbb][0x12][0x82]0[0x10][0x85][0xe1]w[0xd9][0x9a]d@C[0xb8][0xb4]V[0xb6][0xbe]AX[0x8e][0xca]LH[0x90]%6[0x8e][0xef][0xee][0x16][0xb6][0xff]|[0xe7]|H [0xb2][0xe4]t[0x9d]i[0xa4]z[0x9a]Z[0xe6]p7[0xdd][0xc]g[0x9c][0xef]Of[0x80]g[0xc3]m[0xef][0x1a][0xa0]e[0x1f]:[0xaa]H[0x8e]p@[0xb9][0x14]f]ky^[0xf2][0xac][0xa5]9[0xfb][0xe1]4xW[0xf7][0x15][0xbd]C,[0x9a]R[0x89][0xb1]"[0x8e]A[0xdd]Hy]]>&#x7f;<![CDATA[[0xd8][0xbc]![0xbd][0x82][0x15]D[0xa4][0xa5][0xac]v[0xc7][0x9a][0xf][0xd8][0x1b]d[0xcb]I[0xf0][0xff]/[0xca][0xeb][0xef][0xf]o[0xd2][0x9][0xe][0x9f][0x0][0x0][0x0][\r][\n]"
<2017-09-26 13:06:57> DEBUG [org.apache.http.wire] http-outgoing-6 << "0[\r][\n]"
<2017-09-26 13:06:57> DEBUG [org.apache.http.wire] http-outgoing-6 << "[\r][\n]"
<2017-09-26 13:06:57> DEBUG [org.apache.http.headers] http-outgoing-6 << HTTP/1.1 200 OK
<2017-09-26 13:06:57> DEBUG [org.apache.http.headers] http-outgoing-6 << Server: nginx
<2017-09-26 13:06:57> DEBUG [org.apache.http.headers] http-outgoing-6 << Date: Tue, 26 Sep 2017 10:06:53 GMT
<2017-09-26 13:06:57> DEBUG [org.apache.http.headers] http-outgoing-6 << Content-Type: application/json;charset=utf-8
<2017-09-26 13:06:57> DEBUG [org.apache.http.headers] http-outgoing-6 << Transfer-Encoding: chunked
<2017-09-26 13:06:57> DEBUG [org.apache.http.headers] http-outgoing-6 << Connection: keep-alive
<2017-09-26 13:06:57> DEBUG [org.apache.http.headers] http-outgoing-6 << Set-Cookie: JSESSIONID=F6E28E4994D1584E597DBDFCCCB1737E; Path=/nexperience/; HttpOnly
<2017-09-26 13:06:57> DEBUG [org.apache.http.headers] http-outgoing-6 << Expires: Thu, 01 Jan 1970 00:00:00 GMT
<2017-09-26 13:06:57> DEBUG [org.apache.http.headers] http-outgoing-6 << Cache-Control: no-cache
<2017-09-26 13:06:57> DEBUG [org.apache.http.headers] http-outgoing-6 << Cache-Control: no-cache
<2017-09-26 13:06:57> DEBUG [org.apache.http.headers] http-outgoing-6 << Expires: Thu, 01 Jan 1970 00:00:00 GMT
<2017-09-26 13:06:57> DEBUG [org.apache.http.headers] http-outgoing-6 << Set-Cookie: fast_failed=true
<2017-09-26 13:06:57> DEBUG [org.apache.http.headers] http-outgoing-6 << X-XSS-Protection: 2; mode=block
<2017-09-26 13:06:57> DEBUG [org.apache.http.headers] http-outgoing-6 << Content-Encoding: gzip
<2017-09-26 13:06:57> DEBUG [o.a.h.i.execchain.MainClientExec] Connection can be kept alive indefinitely
<2017-09-26 13:06:57> DEBUG [o.a.h.c.p.ResponseProcessCookies] Cookie accepted [JSESSIONID="F6E28E4994D1584E597DBDFCCCB1737E", version:0, domain:branchtest.perfectomobile.com, path:/nexperience/, expiry:null]
<2017-09-26 13:06:57> DEBUG [o.a.h.c.p.ResponseProcessCookies] Cookie accepted [fast_failed="true", version:0, domain:branchtest.perfectomobile.com, path:/nexperience/perfectomobile/wd/hub/session/0bb5ccaf-7de4-4682-9e6c-c5841ee5c6a7/element/4, expiry:null]
<2017-09-26 13:06:57> DEBUG [o.a.h.i.c.PoolingHttpClientConnectionManager] Connection [id: 6][route: {s}->https://branchtest.perfectomobile.com:443] can be kept alive indefinitely
<2017-09-26 13:06:57> DEBUG [o.a.h.i.c.PoolingHttpClientConnectionManager] Connection released: [id: 6][route: {s}->https://branchtest.perfectomobile.com:443][total kept alive: 2; route allocated: 3 of 2000; total allocated: 3 of 2000]
<2017-09-26 13:06:57> DEBUG [o.a.h.c.p.RequestAddCookies] CookieSpec selected: default
<2017-09-26 13:06:57> DEBUG [o.a.h.c.p.RequestAddCookies] Cookie [version: 0][name: JSESSIONID][value: F6E28E4994D1584E597DBDFCCCB1737E][domain: branchtest.perfectomobile.com][path: /nexperience/][expiry: null] match [(secure)branchtest.perfectomobile.com:443/nexperience/perfectomobile/wd/hub/session/0bb5ccaf-7de4-4682-9e6c-c5841ee5c6a7/element]
<2017-09-26 13:06:57> DEBUG [o.a.h.c.p.RequestAddCookies] Cookie [version: 0][name: fast_failed][value: true][domain: branchtest.perfectomobile.com][path: /nexperience/perfectomobile/wd/hub][expiry: null] match [(secure)branchtest.perfectomobile.com:443/nexperience/perfectomobile/wd/hub/session/0bb5ccaf-7de4-4682-9e6c-c5841ee5c6a7/element]
<2017-09-26 13:06:57> DEBUG [o.a.h.c.p.RequestAddCookies] Cookie [version: 0][name: fast_failed][value: true][domain: branchtest.perfectomobile.com][path: /nexperience/perfectomobile/wd/hub/session][expiry: null] match [(secure)branchtest.perfectomobile.com:443/nexperience/perfectomobile/wd/hub/session/0bb5ccaf-7de4-4682-9e6c-c5841ee5c6a7/element]
<2017-09-26 13:06:57> DEBUG [o.a.h.c.p.RequestAddCookies] Cookie [version: 0][name: fast_failed][value: true][domain: branchtest.perfectomobile.com][path: /nexperience/perfectomobile/wd/hub/session/0bb5ccaf-7de4-4682-9e6c-c5841ee5c6a7][expiry: null] match [(secure)branchtest.perfectomobile.com:443/nexperience/perfectomobile/wd/hub/session/0bb5ccaf-7de4-4682-9e6c-c5841ee5c6a7/element]
<2017-09-26 13:06:57> DEBUG [o.a.h.c.p.RequestAuthCache] Auth cache not set in the context
<2017-09-26 13:06:57> DEBUG [o.a.h.i.c.PoolingHttpClientConnectionManager] Connection request: [route: {s}->https://branchtest.perfectomobile.com:443][total kept alive: 2; route allocated: 3 of 2000; total allocated: 3 of 2000]
<2017-09-26 13:06:57> DEBUG [o.a.h.i.c.PoolingHttpClientConnectionManager] Connection leased: [id: 6][route: {s}->https://branchtest.perfectomobile.com:443][total kept alive: 1; route allocated: 3 of 2000; total allocated: 3 of 2000]
<2017-09-26 13:06:57> DEBUG [o.a.h.i.execchain.MainClientExec] Stale connection check
<2017-09-26 13:06:57> DEBUG [org.apache.http.wire] http-outgoing-6 << "[read] I/O error: Read timed out"
<2017-09-26 13:06:57> DEBUG [o.a.h.i.c.DefaultManagedHttpClientConnection] http-outgoing-6: set socket timeout to 10800000
<2017-09-26 13:06:57> DEBUG [o.a.h.i.execchain.MainClientExec] Executing request POST /nexperience/perfectomobile/wd/hub/session/0bb5ccaf-7de4-4682-9e6c-c5841ee5c6a7/element HTTP/1.1
<2017-09-26 13:06:57> DEBUG [o.a.h.i.execchain.MainClientExec] Target auth state: UNCHALLENGED
<2017-09-26 13:06:57> DEBUG [o.a.h.i.execchain.MainClientExec] Proxy auth state: UNCHALLENGED
<2017-09-26 13:06:57> DEBUG [org.apache.http.headers] http-outgoing-6 >> POST /nexperience/perfectomobile/wd/hub/session/0bb5ccaf-7de4-4682-9e6c-c5841ee5c6a7/element HTTP/1.1
<2017-09-26 13:06:57> DEBUG [org.apache.http.headers] http-outgoing-6 >> Content-Type: application/json; charset=utf-8
<2017-09-26 13:06:57> DEBUG [org.apache.http.headers] http-outgoing-6 >> Content-Length: 77
<2017-09-26 13:06:57> DEBUG [org.apache.http.headers] http-outgoing-6 >> Host: branchtest.perfectomobile.com
<2017-09-26 13:06:57> DEBUG [org.apache.http.headers] http-outgoing-6 >> Connection: Keep-Alive
<2017-09-26 13:06:57> DEBUG [org.apache.http.headers] http-outgoing-6 >> User-Agent: Apache-HttpClient/4.5.2 (Java/1.8.0_121)
<2017-09-26 13:06:57> DEBUG [org.apache.http.headers] http-outgoing-6 >> Cookie: JSESSIONID=F6E28E4994D1584E597DBDFCCCB1737E; fast_failed=true; fast_failed=true; fast_failed=true
<2017-09-26 13:06:57> DEBUG [org.apache.http.headers] http-outgoing-6 >> Accept-Encoding: gzip,deflate
<2017-09-26 13:06:57> DEBUG [org.apache.http.wire] http-outgoing-6 >> "POST /nexperience/perfectomobile/wd/hub/session/0bb5ccaf-7de4-4682-9e6c-c5841ee5c6a7/element HTTP/1.1[\r][\n]"
<2017-09-26 13:06:57> DEBUG [org.apache.http.wire] http-outgoing-6 >> "Content-Type: application/json; charset=utf-8[\r][\n]"
<2017-09-26 13:06:57> DEBUG [org.apache.http.wire] http-outgoing-6 >> "Content-Length: 77[\r][\n]"
<2017-09-26 13:06:57> DEBUG [org.apache.http.wire] http-outgoing-6 >> "Host: branchtest.perfectomobile.com[\r][\n]"
<2017-09-26 13:06:57> DEBUG [org.apache.http.wire] http-outgoing-6 >> "Connection: Keep-Alive[\r][\n]"
<2017-09-26 13:06:57> DEBUG [org.apache.http.wire] http-outgoing-6 >> "User-Agent: Apache-HttpClient/4.5.2 (Java/1.8.0_121)[\r][\n]"
<2017-09-26 13:06:57> DEBUG [org.apache.http.wire] http-outgoing-6 >> "Cookie: JSESSIONID=F6E28E4994D1584E597DBDFCCCB1737E; fast_failed=true; fast_failed=true; fast_failed=true[\r][\n]"
<2017-09-26 13:06:57> DEBUG [org.apache.http.wire] http-outgoing-6 >> "Accept-Encoding: gzip,deflate[\r][\n]"
<2017-09-26 13:06:57> DEBUG [org.apache.http.wire] http-outgoing-6 >> "[\r][\n]"
<2017-09-26 13:06:57> DEBUG [org.apache.http.wire] http-outgoing-6 >> "{"using":"xpath","value":"//*[@id=\"register_form\"]/fieldset[1]/p[2]/input"}"
<2017-09-26 13:06:57> DEBUG [org.apache.http.wire] http-outgoing-6 << "HTTP/1.1 200 OK[\r][\n]"
<2017-09-26 13:06:57> DEBUG [org.apache.http.wire] http-outgoing-6 << "Server: nginx[\r][\n]"
<2017-09-26 13:06:57> DEBUG [org.apache.http.wire] http-outgoing-6 << "Date: Tue, 26 Sep 2017 10:06:53 GMT[\r][\n]"
<2017-09-26 13:06:57> DEBUG [org.apache.http.wire] http-outgoing-6 << "Content-Type: application/json;charset=utf-8[\r][\n]"
<2017-09-26 13:06:57> DEBUG [org.apache.http.wire] http-outgoing-6 << "Transfer-Encoding: chunked[\r][\n]"
<2017-09-26 13:06:57> DEBUG [org.apache.http.wire] http-outgoing-6 << "Connection: keep-alive[\r][\n]"
<2017-09-26 13:06:57> DEBUG [org.apache.http.wire] http-outgoing-6 << "Set-Cookie: JSESSIONID=F6E28E4994D1584E597DBDFCCCB1737E; Path=/nexperience/; HttpOnly[\r][\n]"
<2017-09-26 13:06:57> DEBUG [org.apache.http.wire] http-outgoing-6 << "Expires: Thu, 01 Jan 1970 00:00:00 GMT[\r][\n]"
<2017-09-26 13:06:57> DEBUG [org.apache.http.wire] http-outgoing-6 << "Cache-Control: no-cache[\r][\n]"
<2017-09-26 13:06:57> DEBUG [org.apache.http.wire] http-outgoing-6 << "Cache-Control: no-cache[\r][\n]"
<2017-09-26 13:06:57> DEBUG [org.apache.http.wire] http-outgoing-6 << "Expires: Thu, 01 Jan 1970 00:00:00 GMT[\r][\n]"
<2017-09-26 13:06:57> DEBUG [org.apache.http.wire] http-outgoing-6 << "Set-Cookie: fast_failed=true[\r][\n]"
<2017-09-26 13:06:57> DEBUG [org.apache.http.wire] http-outgoing-6 << "X-XSS-Protection: 2; mode=block[\r][\n]"
<2017-09-26 13:06:57> DEBUG [org.apache.http.wire] http-outgoing-6 << "Content-Encoding: gzip[\r][\n]"
<2017-09-26 13:06:57> DEBUG [org.apache.http.wire] http-outgoing-6 << "[\r][\n]"
<2017-09-26 13:06:57> DEBUG [org.apache.http.wire] http-outgoing-6 << "9f[\r][\n]"
<2017-09-26 13:06:57> DEBUG [org.apache.http.wire] http-outgoing-6 << "[0x1f][0x8b][0x8][0x0][0x0][0x0][0x0][0x0][0x0][0x3]-[0x8d][0xcb][0xe][0x82]0[0x10][0x0][0xff]e[0xcf][0xb4][0x1]C[0xcb][0xe3]j8[0x90][0xa8][0x7][0xe3][0xf][0x94]eU[0x92][0xd2]"K[0xbd][0x10][0xfe][0xdd]=x[0x9d][0xcc]dv`b[0x9e]b[0xe8]Gh![0x1f][0x6][0x83][0xe8][0x9e][0xaa][0x1a][0xa9]T[0xa5][0xad]O[0xaa]![0x8b][\n]"
<2017-09-26 13:06:57> DEBUG [org.apache.http.wire] http-outgoing-6 << "M][0x16]D[0x6][0xad][0xab] [0x3][0xde][0xdc]F[0xa2]sB[0x94]Z[0xc8][0xfb][0x1c]G!uQ4[0x12][0xe5]6[0x83][0xaf][0xf3]I[0xc8][0xe][0xdd][0xa5][0xbb]v[0xb7][0x87][0xe8][0x6][0x8e][0xc][0xd0];)Z[0x88][0xeb]K[0xc7][0x85][0xc2][0xc7]i&OaJ[0xb3]^i[0x8e][0x1b][0xe9];[0xf1][0x12][0x3][0xd3][0xff][0x94]D[0xcf][0x8f][0x1f][0xe5][0xf8][0x11]%[0xa9][0x0][0x0][0x0][\r][\n]"
<2017-09-26 13:06:57> DEBUG [org.apache.http.wire] http-outgoing-6 << "0[\r][\n]"
<2017-09-26 13:06:57> DEBUG [org.apache.http.wire] http-outgoing-6 << "[\r][\n]"
<2017-09-26 13:06:57> DEBUG [org.apache.http.headers] http-outgoing-6 << HTTP/1.1 200 OK
<2017-09-26 13:06:57> DEBUG [org.apache.http.headers] http-outgoing-6 << Server: nginx
<2017-09-26 13:06:57> DEBUG [org.apache.http.headers] http-outgoing-6 << Date: Tue, 26 Sep 2017 10:06:53 GMT
<2017-09-26 13:06:57> DEBUG [org.apache.http.headers] http-outgoing-6 << Content-Type: application/json;charset=utf-8
<2017-09-26 13:06:57> DEBUG [org.apache.http.headers] http-outgoing-6 << Transfer-Encoding: chunked
<2017-09-26 13:06:57> DEBUG [org.apache.http.headers] http-outgoing-6 << Connection: keep-alive
<2017-09-26 13:06:57> DEBUG [org.apache.http.headers] http-outgoing-6 << Set-Cookie: JSESSIONID=F6E28E4994D1584E597DBDFCCCB1737E; Path=/nexperience/; HttpOnly
<2017-09-26 13:06:57> DEBUG [org.apache.http.headers] http-outgoing-6 << Expires: Thu, 01 Jan 1970 00:00:00 GMT
<2017-09-26 13:06:57> DEBUG [org.apache.http.headers] http-outgoing-6 << Cache-Control: no-cache
<2017-09-26 13:06:57> DEBUG [org.apache.http.headers] http-outgoing-6 << Cache-Control: no-cache
<2017-09-26 13:06:57> DEBUG [org.apache.http.headers] http-outgoing-6 << Expires: Thu, 01 Jan 1970 00:00:00 GMT
<2017-09-26 13:06:57> DEBUG [org.apache.http.headers] http-outgoing-6 << Set-Cookie: fast_failed=true
<2017-09-26 13:06:57> DEBUG [org.apache.http.headers] http-outgoing-6 << X-XSS-Protection: 2; mode=block
<2017-09-26 13:06:57> DEBUG [org.apache.http.headers] http-outgoing-6 << Content-Encoding: gzip
<2017-09-26 13:06:57> DEBUG [o.a.h.i.execchain.MainClientExec] Connection can be kept alive indefinitely
<2017-09-26 13:06:57> DEBUG [o.a.h.c.p.ResponseProcessCookies] Cookie accepted [JSESSIONID="F6E28E4994D1584E597DBDFCCCB1737E", version:0, domain:branchtest.perfectomobile.com, path:/nexperience/, expiry:null]
<2017-09-26 13:06:57> DEBUG [o.a.h.c.p.ResponseProcessCookies] Cookie accepted [fast_failed="true", version:0, domain:branchtest.perfectomobile.com, path:/nexperience/perfectomobile/wd/hub/session/0bb5ccaf-7de4-4682-9e6c-c5841ee5c6a7, expiry:null]
<2017-09-26 13:06:57> DEBUG [o.a.h.i.c.PoolingHttpClientConnectionManager] Connection [id: 6][route: {s}->https://branchtest.perfectomobile.com:443] can be kept alive indefinitely
<2017-09-26 13:06:57> DEBUG [o.a.h.i.c.PoolingHttpClientConnectionManager] Connection released: [id: 6][route: {s}->https://branchtest.perfectomobile.com:443][total kept alive: 2; route allocated: 3 of 2000; total allocated: 3 of 2000]
<2017-09-26 13:06:57> DEBUG [o.a.h.c.p.RequestAddCookies] CookieSpec selected: default
<2017-09-26 13:06:57> DEBUG [o.a.h.c.p.RequestAddCookies] Cookie [version: 0][name: JSESSIONID][value: F6E28E4994D1584E597DBDFCCCB1737E][domain: branchtest.perfectomobile.com][path: /nexperience/][expiry: null] match [(secure)branchtest.perfectomobile.com:443/nexperience/perfectomobile/wd/hub/session/0bb5ccaf-7de4-4682-9e6c-c5841ee5c6a7/element/5/value]
<2017-09-26 13:06:57> DEBUG [o.a.h.c.p.RequestAddCookies] Cookie [version: 0][name: fast_failed][value: true][domain: branchtest.perfectomobile.com][path: /nexperience/perfectomobile/wd/hub][expiry: null] match [(secure)branchtest.perfectomobile.com:443/nexperience/perfectomobile/wd/hub/session/0bb5ccaf-7de4-4682-9e6c-c5841ee5c6a7/element/5/value]
<2017-09-26 13:06:57> DEBUG [o.a.h.c.p.RequestAddCookies] Cookie [version: 0][name: fast_failed][value: true][domain: branchtest.perfectomobile.com][path: /nexperience/perfectomobile/wd/hub/session][expiry: null] match [(secure)branchtest.perfectomobile.com:443/nexperience/perfectomobile/wd/hub/session/0bb5ccaf-7de4-4682-9e6c-c5841ee5c6a7/element/5/value]
<2017-09-26 13:06:57> DEBUG [o.a.h.c.p.RequestAddCookies] Cookie [version: 0][name: fast_failed][value: true][domain: branchtest.perfectomobile.com][path: /nexperience/perfectomobile/wd/hub/session/0bb5ccaf-7de4-4682-9e6c-c5841ee5c6a7][expiry: null] match [(secure)branchtest.perfectomobile.com:443/nexperience/perfectomobile/wd/hub/session/0bb5ccaf-7de4-4682-9e6c-c5841ee5c6a7/element/5/value]
<2017-09-26 13:06:57> DEBUG [o.a.h.c.p.RequestAuthCache] Auth cache not set in the context
<2017-09-26 13:06:57> DEBUG [o.a.h.i.c.PoolingHttpClientConnectionManager] Connection request: [route: {s}->https://branchtest.perfectomobile.com:443][total kept alive: 2; route allocated: 3 of 2000; total allocated: 3 of 2000]
<2017-09-26 13:06:57> DEBUG [o.a.h.i.c.PoolingHttpClientConnectionManager] Connection leased: [id: 6][route: {s}->https://branchtest.perfectomobile.com:443][total kept alive: 1; route allocated: 3 of 2000; total allocated: 3 of 2000]
<2017-09-26 13:06:57> DEBUG [o.a.h.i.execchain.MainClientExec] Stale connection check
<2017-09-26 13:06:57> DEBUG [org.apache.http.wire] http-outgoing-6 << "[read] I/O error: Read timed out"
<2017-09-26 13:06:57> DEBUG [o.a.h.i.c.DefaultManagedHttpClientConnection] http-outgoing-6: set socket timeout to 10800000
<2017-09-26 13:06:57> DEBUG [o.a.h.i.execchain.MainClientExec] Executing request POST /nexperience/perfectomobile/wd/hub/session/0bb5ccaf-7de4-4682-9e6c-c5841ee5c6a7/element/5/value HTTP/1.1
<2017-09-26 13:06:57> DEBUG [o.a.h.i.execchain.MainClientExec] Target auth state: UNCHALLENGED
<2017-09-26 13:06:57> DEBUG [o.a.h.i.execchain.MainClientExec] Proxy auth state: UNCHALLENGED
<2017-09-26 13:06:57> DEBUG [org.apache.http.headers] http-outgoing-6 >> POST /nexperience/perfectomobile/wd/hub/session/0bb5ccaf-7de4-4682-9e6c-c5841ee5c6a7/element/5/value HTTP/1.1
<2017-09-26 13:06:57> DEBUG [org.apache.http.headers] http-outgoing-6 >> Content-Type: application/json; charset=utf-8
<2017-09-26 13:06:57> DEBUG [org.apache.http.headers] http-outgoing-6 >> Content-Length: 32
<2017-09-26 13:06:57> DEBUG [org.apache.http.headers] http-outgoing-6 >> Host: branchtest.perfectomobile.com
<2017-09-26 13:06:57> DEBUG [org.apache.http.headers] http-outgoing-6 >> Connection: Keep-Alive
<2017-09-26 13:06:57> DEBUG [org.apache.http.headers] http-outgoing-6 >> User-Agent: Apache-HttpClient/4.5.2 (Java/1.8.0_121)
<2017-09-26 13:06:57> DEBUG [org.apache.http.headers] http-outgoing-6 >> Cookie: JSESSIONID=F6E28E4994D1584E597DBDFCCCB1737E; fast_failed=true; fast_failed=true; fast_failed=true
<2017-09-26 13:06:57> DEBUG [org.apache.http.headers] http-outgoing-6 >> Accept-Encoding: gzip,deflate
<2017-09-26 13:06:57> DEBUG [org.apache.http.wire] http-outgoing-6 >> "POST /nexperience/perfectomobile/wd/hub/session/0bb5ccaf-7de4-4682-9e6c-c5841ee5c6a7/element/5/value HTTP/1.1[\r][\n]"
<2017-09-26 13:06:57> DEBUG [org.apache.http.wire] http-outgoing-6 >> "Content-Type: application/json; charset=utf-8[\r][\n]"
<2017-09-26 13:06:57> DEBUG [org.apache.http.wire] http-outgoing-6 >> "Content-Length: 32[\r][\n]"
<2017-09-26 13:06:57> DEBUG [org.apache.http.wire] http-outgoing-6 >> "Host: branchtest.perfectomobile.com[\r][\n]"
<2017-09-26 13:06:57> DEBUG [org.apache.http.wire] http-outgoing-6 >> "Connection: Keep-Alive[\r][\n]"
<2017-09-26 13:06:57> DEBUG [org.apache.http.wire] http-outgoing-6 >> "User-Agent: Apache-HttpClient/4.5.2 (Java/1.8.0_121)[\r][\n]"
<2017-09-26 13:06:57> DEBUG [org.apache.http.wire] http-outgoing-6 >> "Cookie: JSESSIONID=F6E28E4994D1584E597DBDFCCCB1737E; fast_failed=true; fast_failed=true; fast_failed=true[\r][\n]"
<2017-09-26 13:06:57> DEBUG [org.apache.http.wire] http-outgoing-6 >> "Accept-Encoding: gzip,deflate[\r][\n]"
<2017-09-26 13:06:57> DEBUG [org.apache.http.wire] http-outgoing-6 >> "[\r][\n]"
<2017-09-26 13:06:57> DEBUG [org.apache.http.wire] http-outgoing-6 >> "{"id":"5","value":["last name"]}"
<2017-09-26 13:06:57> DEBUG [org.apache.http.wire] http-outgoing-6 << "HTTP/1.1 200 OK[\r][\n]"
<2017-09-26 13:06:57> DEBUG [org.apache.http.wire] http-outgoing-6 << "Server: nginx[\r][\n]"
<2017-09-26 13:06:57> DEBUG [org.apache.http.wire] http-outgoing-6 << "Date: Tue, 26 Sep 2017 10:06:54 GMT[\r][\n]"
<2017-09-26 13:06:57> DEBUG [org.apache.http.wire] http-outgoing-6 << "Content-Type: application/json;charset=utf-8[\r][\n]"
<2017-09-26 13:06:57> DEBUG [org.apache.http.wire] http-outgoing-6 << "Transfer-Encoding: chunked[\r][\n]"
<2017-09-26 13:06:57> DEBUG [org.apache.http.wire] http-outgoing-6 << "Connection: keep-alive[\r][\n]"
<2017-09-26 13:06:57> DEBUG [org.apache.http.wire] http-outgoing-6 << "Set-Cookie: JSESSIONID=F6E28E4994D1584E597DBDFCCCB1737E; Path=/nexperience/; HttpOnly[\r][\n]"
<2017-09-26 13:06:57> DEBUG [org.apache.http.wire] http-outgoing-6 << "Expires: Thu, 01 Jan 1970 00:00:00 GMT[\r][\n]"
<2017-09-26 13:06:57> DEBUG [org.apache.http.wire] http-outgoing-6 << "Cache-Control: no-cache[\r][\n]"
<2017-09-26 13:06:57> DEBUG [org.apache.http.wire] http-outgoing-6 << "Cache-Control: no-cache[\r][\n]"
<2017-09-26 13:06:57> DEBUG [org.apache.http.wire] http-outgoing-6 << "Expires: Thu, 01 Jan 1970 00:00:00 GMT[\r][\n]"
<2017-09-26 13:06:57> DEBUG [org.apache.http.wire] http-outgoing-6 << "Set-Cookie: fast_failed=true[\r][\n]"
<2017-09-26 13:06:57> DEBUG [org.apache.http.wire] http-outgoing-6 << "X-XSS-Protection: 2; mode=block[\r][\n]"
<2017-09-26 13:06:57> DEBUG [org.apache.http.wire] http-outgoing-6 << "Content-Encoding: gzip[\r][\n]"
<2017-09-26 13:06:57> DEBUG [org.apache.http.wire] http-outgoing-6 << "[\r][\n]"
<2017-09-26 13:06:57> DEBUG [org.apache.http.wire] http-outgoing-6 << "95[\r][\n]"
<2017-09-26 13:06:57> DEBUG [org.apache.http.wire] http-outgoing-6 << "[0x1f][0x8b][0x8][0x0][0x0][0x0][0x0][0x0][0x0][0x3]-[0xcc]1[0x12][0xc2] [0x10][0x85][0xe1][0xbb]l[\r]L0@bZ+[o@[0x96]U3C f[0x83][0x8d][0xe3][0xdd][0xdd][0xc2][0xf6][0x9f][0xef][0xbd][0xf]01/[0xb5]\[0x13]L[0xd0][0xcd][0xb3]G[0x8c]w=$r[0xda][0x85][0xf1][0xa4][0xcf][0x14]P[0xa3][0x1f][0x9d]%[0xf2][0x18][0xe2][0x0][\n]"
<2017-09-26 13:06:57> DEBUG [org.apache.http.wire] http-outgoing-6 << "[0xf8][0x88][0x7][0x9][0xe7][0x86](k)[0xcf]KMR[0xac][0xeb][0x83][0xb3][0xc1][0xf5]^[0xc1];[0xe6]&[0xa9][0xb4][0x9c][0x15]`[0x8e][0xe2]&[0xa8][0xfb][0xc3][0xd4][0x8d][0xca]+[0x1a][0xa6]Lei[0xab][0xd9]i[0xad][0x7][0x99][0x1b][0xf1]V[0xb][0xd3][0xff][0xbf][0x9][0xef][0xbe]?[0x9e]X[0xea]p[0x9f][0x0][0x0][0x0][\r][\n]"
<2017-09-26 13:06:57> DEBUG [org.apache.http.wire] http-outgoing-6 << "0[\r][\n]"
<2017-09-26 13:06:57> DEBUG [org.apache.http.wire] http-outgoing-6 << "[\r][\n]"
<2017-09-26 13:06:57> DEBUG [org.apache.http.headers] http-outgoing-6 << HTTP/1.1 200 OK
<2017-09-26 13:06:57> DEBUG [org.apache.http.headers] http-outgoing-6 << Server: nginx
<2017-09-26 13:06:57> DEBUG [org.apache.http.headers] http-outgoing-6 << Date: Tue, 26 Sep 2017 10:06:54 GMT
<2017-09-26 13:06:57> DEBUG [org.apache.http.headers] http-outgoing-6 << Content-Type: application/json;charset=utf-8
<2017-09-26 13:06:57> DEBUG [org.apache.http.headers] http-outgoing-6 << Transfer-Encoding: chunked
<2017-09-26 13:06:57> DEBUG [org.apache.http.headers] http-outgoing-6 << Connection: keep-alive
<2017-09-26 13:06:57> DEBUG [org.apache.http.headers] http-outgoing-6 << Set-Cookie: JSESSIONID=F6E28E4994D1584E597DBDFCCCB1737E; Path=/nexperience/; HttpOnly
<2017-09-26 13:06:57> DEBUG [org.apache.http.headers] http-outgoing-6 << Expires: Thu, 01 Jan 1970 00:00:00 GMT
<2017-09-26 13:06:57> DEBUG [org.apache.http.headers] http-outgoing-6 << Cache-Control: no-cache
<2017-09-26 13:06:57> DEBUG [org.apache.http.headers] http-outgoing-6 << Cache-Control: no-cache
<2017-09-26 13:06:57> DEBUG [org.apache.http.headers] http-outgoing-6 << Expires: Thu, 01 Jan 1970 00:00:00 GMT
<2017-09-26 13:06:57> DEBUG [org.apache.http.headers] http-outgoing-6 << Set-Cookie: fast_failed=true
<2017-09-26 13:06:57> DEBUG [org.apache.http.headers] http-outgoing-6 << X-XSS-Protection: 2; mode=block
<2017-09-26 13:06:57> DEBUG [org.apache.http.headers] http-outgoing-6 << Content-Encoding: gzip
<2017-09-26 13:06:57> DEBUG [o.a.h.i.execchain.MainClientExec] Connection can be kept alive indefinitely
<2017-09-26 13:06:57> DEBUG [o.a.h.c.p.ResponseProcessCookies] Cookie accepted [JSESSIONID="F6E28E4994D1584E597DBDFCCCB1737E", version:0, domain:branchtest.perfectomobile.com, path:/nexperience/, expiry:null]
<2017-09-26 13:06:57> DEBUG [o.a.h.c.p.ResponseProcessCookies] Cookie accepted [fast_failed="true", version:0, domain:branchtest.perfectomobile.com, path:/nexperience/perfectomobile/wd/hub/session/0bb5ccaf-7de4-4682-9e6c-c5841ee5c6a7/element/5, expiry:null]
<2017-09-26 13:06:57> DEBUG [o.a.h.i.c.PoolingHttpClientConnectionManager] Connection [id: 6][route: {s}->https://branchtest.perfectomobile.com:443] can be kept alive indefinitely
<2017-09-26 13:06:57> DEBUG [o.a.h.i.c.PoolingHttpClientConnectionManager] Connection released: [id: 6][route: {s}->https://branchtest.perfectomobile.com:443][total kept alive: 2; route allocated: 3 of 2000; total allocated: 3 of 2000]
<2017-09-26 13:06:57> DEBUG [o.a.h.c.p.RequestAddCookies] CookieSpec selected: default
<2017-09-26 13:06:57> DEBUG [o.a.h.c.p.RequestAddCookies] Cookie [version: 0][name: JSESSIONID][value: F6E28E4994D1584E597DBDFCCCB1737E][domain: branchtest.perfectomobile.com][path: /nexperience/][expiry: null] match [(secure)branchtest.perfectomobile.com:443/nexperience/perfectomobile/wd/hub/session/0bb5ccaf-7de4-4682-9e6c-c5841ee5c6a7/element]
<2017-09-26 13:06:57> DEBUG [o.a.h.c.p.RequestAddCookies] Cookie [version: 0][name: fast_failed][value: true][domain: branchtest.perfectomobile.com][path: /nexperience/perfectomobile/wd/hub][expiry: null] match [(secure)branchtest.perfectomobile.com:443/nexperience/perfectomobile/wd/hub/session/0bb5ccaf-7de4-4682-9e6c-c5841ee5c6a7/element]
<2017-09-26 13:06:57> DEBUG [o.a.h.c.p.RequestAddCookies] Cookie [version: 0][name: fast_failed][value: true][domain: branchtest.perfectomobile.com][path: /nexperience/perfectomobile/wd/hub/session][expiry: null] match [(secure)branchtest.perfectomobile.com:443/nexperience/perfectomobile/wd/hub/session/0bb5ccaf-7de4-4682-9e6c-c5841ee5c6a7/element]
<2017-09-26 13:06:57> DEBUG [o.a.h.c.p.RequestAddCookies] Cookie [version: 0][name: fast_failed][value: true][domain: branchtest.perfectomobile.com][path: /nexperience/perfectomobile/wd/hub/session/0bb5ccaf-7de4-4682-9e6c-c5841ee5c6a7][expiry: null] match [(secure)branchtest.perfectomobile.com:443/nexperience/perfectomobile/wd/hub/session/0bb5ccaf-7de4-4682-9e6c-c5841ee5c6a7/element]
<2017-09-26 13:06:57> DEBUG [o.a.h.c.p.RequestAuthCache] Auth cache not set in the context
<2017-09-26 13:06:57> DEBUG [o.a.h.i.c.PoolingHttpClientConnectionManager] Connection request: [route: {s}->https://branchtest.perfectomobile.com:443][total kept alive: 2; route allocated: 3 of 2000; total allocated: 3 of 2000]
<2017-09-26 13:06:57> DEBUG [o.a.h.i.c.PoolingHttpClientConnectionManager] Connection leased: [id: 6][route: {s}->https://branchtest.perfectomobile.com:443][total kept alive: 1; route allocated: 3 of 2000; total allocated: 3 of 2000]
<2017-09-26 13:06:57> DEBUG [o.a.h.i.execchain.MainClientExec] Stale connection check
<2017-09-26 13:06:57> DEBUG [org.apache.http.wire] http-outgoing-6 << "[read] I/O error: Read timed out"
<2017-09-26 13:06:57> DEBUG [o.a.h.i.c.DefaultManagedHttpClientConnection] http-outgoing-6: set socket timeout to 10800000
<2017-09-26 13:06:57> DEBUG [o.a.h.i.execchain.MainClientExec] Executing request POST /nexperience/perfectomobile/wd/hub/session/0bb5ccaf-7de4-4682-9e6c-c5841ee5c6a7/element HTTP/1.1
<2017-09-26 13:06:57> DEBUG [o.a.h.i.execchain.MainClientExec] Target auth state: UNCHALLENGED
<2017-09-26 13:06:57> DEBUG [o.a.h.i.execchain.MainClientExec] Proxy auth state: UNCHALLENGED
<2017-09-26 13:06:57> DEBUG [org.apache.http.headers] http-outgoing-6 >> POST /nexperience/perfectomobile/wd/hub/session/0bb5ccaf-7de4-4682-9e6c-c5841ee5c6a7/element HTTP/1.1
<2017-09-26 13:06:57> DEBUG [org.apache.http.headers] http-outgoing-6 >> Content-Type: application/json; charset=utf-8
<2017-09-26 13:06:57> DEBUG [org.apache.http.headers] http-outgoing-6 >> Content-Length: 85
<2017-09-26 13:06:57> DEBUG [org.apache.http.headers] http-outgoing-6 >> Host: branchtest.perfectomobile.com
<2017-09-26 13:06:57> DEBUG [org.apache.http.headers] http-outgoing-6 >> Connection: Keep-Alive
<2017-09-26 13:06:57> DEBUG [org.apache.http.headers] http-outgoing-6 >> User-Agent: Apache-HttpClient/4.5.2 (Java/1.8.0_121)
<2017-09-26 13:06:57> DEBUG [org.apache.http.headers] http-outgoing-6 >> Cookie: JSESSIONID=F6E28E4994D1584E597DBDFCCCB1737E; fast_failed=true; fast_failed=true; fast_failed=true
<2017-09-26 13:06:57> DEBUG [org.apache.http.headers] http-outgoing-6 >> Accept-Encoding: gzip,deflate
<2017-09-26 13:06:57> DEBUG [org.apache.http.wire] http-outgoing-6 >> "POST /nexperience/perfectomobile/wd/hub/session/0bb5ccaf-7de4-4682-9e6c-c5841ee5c6a7/element HTTP/1.1[\r][\n]"
<2017-09-26 13:06:57> DEBUG [org.apache.http.wire] http-outgoing-6 >> "Content-Type: application/json; charset=utf-8[\r][\n]"
<2017-09-26 13:06:57> DEBUG [org.apache.http.wire] http-outgoing-6 >> "Content-Length: 85[\r][\n]"
<2017-09-26 13:06:57> DEBUG [org.apache.http.wire] http-outgoing-6 >> "Host: branchtest.perfectomobile.com[\r][\n]"
<2017-09-26 13:06:57> DEBUG [org.apache.http.wire] http-outgoing-6 >> "Connection: Keep-Alive[\r][\n]"
<2017-09-26 13:06:57> DEBUG [org.apache.http.wire] http-outgoing-6 >> "User-Agent: Apache-HttpClient/4.5.2 (Java/1.8.0_121)[\r][\n]"
<2017-09-26 13:06:57> DEBUG [org.apache.http.wire] http-outgoing-6 >> "Cookie: JSESSIONID=F6E28E4994D1584E597DBDFCCCB1737E; fast_failed=true; fast_failed=true; fast_failed=true[\r][\n]"
<2017-09-26 13:06:57> DEBUG [org.apache.http.wire] http-outgoing-6 >> "Accept-Encoding: gzip,deflate[\r][\n]"
<2017-09-26 13:06:57> DEBUG [org.apache.http.wire] http-outgoing-6 >> "[\r][\n]"
<2017-09-26 13:06:57> DEBUG [org.apache.http.wire] http-outgoing-6 >> "{"using":"xpath","value":"//*[@id=\"register_form\"]/fieldset[2]/div/label[1]/input"}"
<2017-09-26 13:06:58> DEBUG [org.apache.http.wire] http-outgoing-8 << "HTTP/1.1 200 OK[\r][\n]"
<2017-09-26 13:06:58> DEBUG [org.apache.http.wire] http-outgoing-8 << "Server: nginx[\r][\n]"
<2017-09-26 13:06:58> DEBUG [org.apache.http.wire] http-outgoing-8 << "Date: Tue, 26 Sep 2017 10:06:54 GMT[\r][\n]"
<2017-09-26 13:06:58> DEBUG [org.apache.http.wire] http-outgoing-8 << "Content-Type: application/json;charset=utf-8[\r][\n]"
<2017-09-26 13:06:58> DEBUG [org.apache.http.wire] http-outgoing-8 << "Transfer-Encoding: chunked[\r][\n]"
<2017-09-26 13:06:58> DEBUG [org.apache.http.wire] http-outgoing-8 << "Connection: keep-alive[\r][\n]"
<2017-09-26 13:06:58> DEBUG [org.apache.http.wire] http-outgoing-8 << "Set-Cookie: JSESSIONID=F6E28E4994D1584E597DBDFCCCB1737E; Path=/nexperience/; HttpOnly[\r][\n]"
<2017-09-26 13:06:58> DEBUG [org.apache.http.wire] http-outgoing-8 << "Expires: Thu, 01 Jan 1970 00:00:00 GMT[\r][\n]"
<2017-09-26 13:06:58> DEBUG [org.apache.http.wire] http-outgoing-8 << "Cache-Control: no-cache[\r][\n]"
<2017-09-26 13:06:58> DEBUG [org.apache.http.wire] http-outgoing-8 << "Cache-Control: no-cache[\r][\n]"
<2017-09-26 13:06:58> DEBUG [org.apache.http.wire] http-outgoing-8 << "Expires: Thu, 01 Jan 1970 00:00:00 GMT[\r][\n]"
<2017-09-26 13:06:58> DEBUG [org.apache.http.wire] http-outgoing-8 << "Set-Cookie: fast_failed=true[\r][\n]"
<2017-09-26 13:06:58> DEBUG [org.apache.http.wire] http-outgoing-8 << "X-XSS-Protection: 2; mode=block[\r][\n]"
<2017-09-26 13:06:58> DEBUG [org.apache.http.wire] http-outgoing-8 << "Content-Encoding: gzip[\r][\n]"
<2017-09-26 13:06:58> DEBUG [org.apache.http.wire] http-outgoing-8 << "[\r][\n]"
<2017-09-26 13:06:58> DEBUG [org.apache.http.wire] http-outgoing-8 << "96[\r][\n]"
<2017-09-26 13:06:58> DEBUG [org.apache.http.wire] http-outgoing-8 << "[0x1f][0x8b][0x8][0x0][0x0][0x0][0x0][0x0][0x0][0x3]-[0xcc]1[0x12][0xc2] [0x10][0x85][0xe1][0xbb]l[0x1d][0x98][0xc0][0x92]LHke[0xeb][\r][0x10]6[0x9a][0x19][0x2]1[0x1b]l[0x1c][0xef][0xee][0x16][0xb6][0xff]|[0xef]}[0x80][0x89]y[0xad][0xe5][0x9a]`[0x6]kq[0xb1]8:[0x15]qD[0xe5][0x16]sW~[0x9][0xa8][0xe2][0xe0][0xd1]O&[0xa1][0x89][0xe]:[0xe0]3[0x9c]$[0x9c][[0x8c][0xb2][0x96][0xf2][0xbc][0xd4]$etv[0x98][0xac][0xeb]}[0x7][0xef][0x90][0x9b][0x94][0xd2]r[0xee] [0xe6] l[0x86]z<t[0xdd][0xa9][0xbc][0x82]f[0xca]T[0xd6][0xb6][0xe9][0x83][0xb6]z[0x92][0xbe][0x11][0xef][0xb5]0[0xfd][0xef][0x9b][0xf0][0xfe][0xfb][0x3][0xf7][0x10]>[0xea][0x9e][0x0][0x0][0x0][\r][\n]"
<2017-09-26 13:06:58> DEBUG [org.apache.http.wire] http-outgoing-8 << "0[\r][\n]"
<2017-09-26 13:06:58> DEBUG [org.apache.http.wire] http-outgoing-8 << "[\r][\n]"
<2017-09-26 13:06:58> DEBUG [org.apache.http.headers] http-outgoing-8 << HTTP/1.1 200 OK
<2017-09-26 13:06:58> DEBUG [org.apache.http.headers] http-outgoing-8 << Server: nginx
<2017-09-26 13:06:58> DEBUG [org.apache.http.headers] http-outgoing-8 << Date: Tue, 26 Sep 2017 10:06:54 GMT
<2017-09-26 13:06:58> DEBUG [org.apache.http.headers] http-outgoing-8 << Content-Type: application/json;charset=utf-8
<2017-09-26 13:06:58> DEBUG [org.apache.http.headers] http-outgoing-8 << Transfer-Encoding: chunked
<2017-09-26 13:06:58> DEBUG [org.apache.http.headers] http-outgoing-8 << Connection: keep-alive
<2017-09-26 13:06:58> DEBUG [org.apache.http.headers] http-outgoing-8 << Set-Cookie: JSESSIONID=F6E28E4994D1584E597DBDFCCCB1737E; Path=/nexperience/; HttpOnly
<2017-09-26 13:06:58> DEBUG [org.apache.http.headers] http-outgoing-8 << Expires: Thu, 01 Jan 1970 00:00:00 GMT
<2017-09-26 13:06:58> DEBUG [org.apache.http.headers] http-outgoing-8 << Cache-Control: no-cache
<2017-09-26 13:06:58> DEBUG [org.apache.http.headers] http-outgoing-8 << Cache-Control: no-cache
<2017-09-26 13:06:58> DEBUG [org.apache.http.headers] http-outgoing-8 << Expires: Thu, 01 Jan 1970 00:00:00 GMT
<2017-09-26 13:06:58> DEBUG [org.apache.http.headers] http-outgoing-8 << Set-Cookie: fast_failed=true
<2017-09-26 13:06:58> DEBUG [org.apache.http.headers] http-outgoing-8 << X-XSS-Protection: 2; mode=block
<2017-09-26 13:06:58> DEBUG [org.apache.http.headers] http-outgoing-8 << Content-Encoding: gzip
<2017-09-26 13:06:58> DEBUG [o.a.h.i.execchain.MainClientExec] Connection can be kept alive indefinitely
<2017-09-26 13:06:58> DEBUG [o.a.h.c.p.ResponseProcessCookies] Cookie accepted [JSESSIONID="F6E28E4994D1584E597DBDFCCCB1737E", version:0, domain:branchtest.perfectomobile.com, path:/nexperience/, expiry:null]
<2017-09-26 13:06:58> DEBUG [o.a.h.c.p.ResponseProcessCookies] Cookie accepted [fast_failed="true", version:0, domain:branchtest.perfectomobile.com, path:/nexperience/perfectomobile/wd/hub/session/223f2364-c363-4f1b-9fa3-c593981d31c4/element/6, expiry:null]
<2017-09-26 13:06:58> DEBUG [o.a.h.i.c.PoolingHttpClientConnectionManager] Connection [id: 8][route: {s}->https://branchtest.perfectomobile.com:443] can be kept alive indefinitely
<2017-09-26 13:06:58> DEBUG [o.a.h.i.c.PoolingHttpClientConnectionManager] Connection released: [id: 8][route: {s}->https://branchtest.perfectomobile.com:443][total kept alive: 2; route allocated: 3 of 2000; total allocated: 3 of 2000]
<2017-09-26 13:06:58> DEBUG [o.a.h.c.p.RequestAddCookies] CookieSpec selected: default
<2017-09-26 13:06:58> DEBUG [o.a.h.c.p.RequestAddCookies] Cookie [version: 0][name: JSESSIONID][value: F6E28E4994D1584E597DBDFCCCB1737E][domain: branchtest.perfectomobile.com][path: /nexperience/][expiry: null] match [(secure)branchtest.perfectomobile.com:443/nexperience/perfectomobile/wd/hub/session/223f2364-c363-4f1b-9fa3-c593981d31c4/element]
<2017-09-26 13:06:58> DEBUG [o.a.h.c.p.RequestAddCookies] Cookie [version: 0][name: fast_failed][value: true][domain: branchtest.perfectomobile.com][path: /nexperience/perfectomobile/wd/hub][expiry: null] match [(secure)branchtest.perfectomobile.com:443/nexperience/perfectomobile/wd/hub/session/223f2364-c363-4f1b-9fa3-c593981d31c4/element]
<2017-09-26 13:06:58> DEBUG [o.a.h.c.p.RequestAddCookies] Cookie [version: 0][name: fast_failed][value: true][domain: branchtest.perfectomobile.com][path: /nexperience/perfectomobile/wd/hub/session][expiry: null] match [(secure)branchtest.perfectomobile.com:443/nexperience/perfectomobile/wd/hub/session/223f2364-c363-4f1b-9fa3-c593981d31c4/element]
<2017-09-26 13:06:58> DEBUG [o.a.h.c.p.RequestAddCookies] Cookie [version: 0][name: fast_failed][value: true][domain: branchtest.perfectomobile.com][path: /nexperience/perfectomobile/wd/hub/session/223f2364-c363-4f1b-9fa3-c593981d31c4][expiry: null] match [(secure)branchtest.perfectomobile.com:443/nexperience/perfectomobile/wd/hub/session/223f2364-c363-4f1b-9fa3-c593981d31c4/element]
<2017-09-26 13:06:58> DEBUG [o.a.h.c.p.RequestAuthCache] Auth cache not set in the context
<2017-09-26 13:06:58> DEBUG [o.a.h.i.c.PoolingHttpClientConnectionManager] Connection request: [route: {s}->https://branchtest.perfectomobile.com:443][total kept alive: 2; route allocated: 3 of 2000; total allocated: 3 of 2000]
<2017-09-26 13:06:58> DEBUG [o.a.h.i.c.PoolingHttpClientConnectionManager] Connection leased: [id: 8][route: {s}->https://branchtest.perfectomobile.com:443][total kept alive: 1; route allocated: 3 of 2000; total allocated: 3 of 2000]
<2017-09-26 13:06:58> DEBUG [o.a.h.i.execchain.MainClientExec] Stale connection check
<2017-09-26 13:06:58> DEBUG [org.apache.http.wire] http-outgoing-8 << "[read] I/O error: Read timed out"
<2017-09-26 13:06:58> DEBUG [o.a.h.i.c.DefaultManagedHttpClientConnection] http-outgoing-8: set socket timeout to 10800000
<2017-09-26 13:06:58> DEBUG [o.a.h.i.execchain.MainClientExec] Executing request POST /nexperience/perfectomobile/wd/hub/session/223f2364-c363-4f1b-9fa3-c593981d31c4/element HTTP/1.1
<2017-09-26 13:06:58> DEBUG [o.a.h.i.execchain.MainClientExec] Target auth state: UNCHALLENGED
<2017-09-26 13:06:58> DEBUG [o.a.h.i.execchain.MainClientExec] Proxy auth state: UNCHALLENGED
<2017-09-26 13:06:58> DEBUG [org.apache.http.headers] http-outgoing-8 >> POST /nexperience/perfectomobile/wd/hub/session/223f2364-c363-4f1b-9fa3-c593981d31c4/element HTTP/1.1
<2017-09-26 13:06:58> DEBUG [org.apache.http.headers] http-outgoing-8 >> Content-Type: application/json; charset=utf-8
<2017-09-26 13:06:58> DEBUG [org.apache.http.headers] http-outgoing-8 >> Content-Length: 85
<2017-09-26 13:06:58> DEBUG [org.apache.http.headers] http-outgoing-8 >> Host: branchtest.perfectomobile.com
<2017-09-26 13:06:58> DEBUG [org.apache.http.headers] http-outgoing-8 >> Connection: Keep-Alive
<2017-09-26 13:06:58> DEBUG [org.apache.http.headers] http-outgoing-8 >> User-Agent: Apache-HttpClient/4.5.2 (Java/1.8.0_121)
<2017-09-26 13:06:58> DEBUG [org.apache.http.headers] http-outgoing-8 >> Cookie: JSESSIONID=F6E28E4994D1584E597DBDFCCCB1737E; fast_failed=true; fast_failed=true; fast_failed=true
<2017-09-26 13:06:58> DEBUG [org.apache.http.headers] http-outgoing-8 >> Accept-Encoding: gzip,deflate
<2017-09-26 13:06:58> DEBUG [org.apache.http.wire] http-outgoing-8 >> "POST /nexperience/perfectomobile/wd/hub/session/223f2364-c363-4f1b-9fa3-c593981d31c4/element HTTP/1.1[\r][\n]"
<2017-09-26 13:06:58> DEBUG [org.apache.http.wire] http-outgoing-8 >> "Content-Type: application/json; charset=utf-8[\r][\n]"
<2017-09-26 13:06:58> DEBUG [org.apache.http.wire] http-outgoing-8 >> "Content-Length: 85[\r][\n]"
<2017-09-26 13:06:58> DEBUG [org.apache.http.wire] http-outgoing-8 >> "Host: branchtest.perfectomobile.com[\r][\n]"
<2017-09-26 13:06:58> DEBUG [org.apache.http.wire] http-outgoing-8 >> "Connection: Keep-Alive[\r][\n]"
<2017-09-26 13:06:58> DEBUG [org.apache.http.wire] http-outgoing-8 >> "User-Agent: Apache-HttpClient/4.5.2 (Java/1.8.0_121)[\r][\n]"
<2017-09-26 13:06:58> DEBUG [org.apache.http.wire] http-outgoing-8 >> "Cookie: JSESSIONID=F6E28E4994D1584E597DBDFCCCB1737E; fast_failed=true; fast_failed=true; fast_failed=true[\r][\n]"
<2017-09-26 13:06:58> DEBUG [org.apache.http.wire] http-outgoing-8 >> "Accept-Encoding: gzip,deflate[\r][\n]"
<2017-09-26 13:06:58> DEBUG [org.apache.http.wire] http-outgoing-8 >> "[\r][\n]"
<2017-09-26 13:06:58> DEBUG [org.apache.http.wire] http-outgoing-8 >> "{"using":"xpath","value":"//*[@id=\"register_form\"]/fieldset[3]/div/label[1]/input"}"
<2017-09-26 13:06:58> DEBUG [org.apache.http.wire] http-outgoing-6 << "HTTP/1.1 200 OK[\r][\n]"
<2017-09-26 13:06:58> DEBUG [org.apache.http.wire] http-outgoing-6 << "Server: nginx[\r][\n]"
<2017-09-26 13:06:58> DEBUG [org.apache.http.wire] http-outgoing-6 << "Date: Tue, 26 Sep 2017 10:06:54 GMT[\r][\n]"
<2017-09-26 13:06:58> DEBUG [org.apache.http.wire] http-outgoing-6 << "Content-Type: application/json;charset=utf-8[\r][\n]"
<2017-09-26 13:06:58> DEBUG [org.apache.http.wire] http-outgoing-6 << "Transfer-Encoding: chunked[\r][\n]"
<2017-09-26 13:06:58> DEBUG [org.apache.http.wire] http-outgoing-6 << "Connection: keep-alive[\r][\n]"
<2017-09-26 13:06:58> DEBUG [org.apache.http.wire] http-outgoing-6 << "Set-Cookie: JSESSIONID=F6E28E4994D1584E597DBDFCCCB1737E; Path=/nexperience/; HttpOnly[\r][\n]"
<2017-09-26 13:06:58> DEBUG [org.apache.http.wire] http-outgoing-6 << "Expires: Thu, 01 Jan 1970 00:00:00 GMT[\r][\n]"
<2017-09-26 13:06:58> DEBUG [org.apache.http.wire] http-outgoing-6 << "Cache-Control: no-cache[\r][\n]"
<2017-09-26 13:06:58> DEBUG [org.apache.http.wire] http-outgoing-6 << "Cache-Control: no-cache[\r][\n]"
<2017-09-26 13:06:58> DEBUG [org.apache.http.wire] http-outgoing-6 << "Expires: Thu, 01 Jan 1970 00:00:00 GMT[\r][\n]"
<2017-09-26 13:06:58> DEBUG [org.apache.http.wire] http-outgoing-6 << "Set-Cookie: fast_failed=true[\r][\n]"
<2017-09-26 13:06:58> DEBUG [org.apache.http.wire] http-outgoing-6 << "X-XSS-Protection: 2; mode=block[\r][\n]"
<2017-09-26 13:06:58> DEBUG [org.apache.http.wire] http-outgoing-6 << "Content-Encoding: gzip[\r][\n]"
<2017-09-26 13:06:58> DEBUG [org.apache.http.wire] http-outgoing-6 << "[\r][\n]"
<2017-09-26 13:06:58> DEBUG [org.apache.http.wire] http-outgoing-6 << "a1[\r][\n]"
<2017-09-26 13:06:58> DEBUG [org.apache.http.wire] http-outgoing-6 << "[0x1f][0x8b][0x8][0x0][0x0][0x0][0x0][0x0][0x0][0x3]-[0x8d][0xcb][0xe][0x82]0[0x10][0x0][0xff]e[0xcf][0xb4][0xa1][0x8][0xe5]q%[0x1c]L[0xd4][0x83][0xf1][0x7][0xca][0xb2]*[0x9][0xb4][0xc8]R/[0x84]]]>&#x7f;<![CDATA[w[0xf]^'3[0x99][0x1d][0x98][0x98][0xc7][0xe0][0xcf][0x3]4[0x90][0xf6]}[0x81][0xe8][0x9e][0xaa][0x1c](W[0xb9][0xad]2U[0x93]E[0x85]E[0x95][0x1b][0xa2][0x2][0xad]+![0x1][0xde][0xdc]F[0xa2]sD[0x94]Z[0xc8][0xbb][\r][0x83][0x10]SW[0xd9][0xc9][0xd8][0xda]d[0x9]|[0xdd][0x14][0x5][0xed][0xd0]][0xba]kw{[0x88]o[0xe1]H[0x0]''I[0x3]a}[0xe9][0xb0][0x90][0xff]8[0xcd]4[0x91][0x1f][0xe3][0xac]W[0x9a][0xc3]F[0xfa]N[0xbc][0x4][0xcf][0xf4]_E[0xd1][0xd3][0xe3][0x7][0x2]T[0x8a][0x96][0xaa][0x0][0x0][0x0][\r][\n]"
<2017-09-26 13:06:58> DEBUG [org.apache.http.wire] http-outgoing-6 << "0[\r][\n]"
<2017-09-26 13:06:58> DEBUG [org.apache.http.wire] http-outgoing-6 << "[\r][\n]"
<2017-09-26 13:06:58> DEBUG [org.apache.http.headers] http-outgoing-6 << HTTP/1.1 200 OK
<2017-09-26 13:06:58> DEBUG [org.apache.http.headers] http-outgoing-6 << Server: nginx
<2017-09-26 13:06:58> DEBUG [org.apache.http.headers] http-outgoing-6 << Date: Tue, 26 Sep 2017 10:06:54 GMT
<2017-09-26 13:06:58> DEBUG [org.apache.http.headers] http-outgoing-6 << Content-Type: application/json;charset=utf-8
<2017-09-26 13:06:58> DEBUG [org.apache.http.headers] http-outgoing-6 << Transfer-Encoding: chunked
<2017-09-26 13:06:58> DEBUG [org.apache.http.headers] http-outgoing-6 << Connection: keep-alive
<2017-09-26 13:06:58> DEBUG [org.apache.http.headers] http-outgoing-6 << Set-Cookie: JSESSIONID=F6E28E4994D1584E597DBDFCCCB1737E; Path=/nexperience/; HttpOnly
<2017-09-26 13:06:58> DEBUG [org.apache.http.headers] http-outgoing-6 << Expires: Thu, 01 Jan 1970 00:00:00 GMT
<2017-09-26 13:06:58> DEBUG [org.apache.http.headers] http-outgoing-6 << Cache-Control: no-cache
<2017-09-26 13:06:58> DEBUG [org.apache.http.headers] http-outgoing-6 << Cache-Control: no-cache
<2017-09-26 13:06:58> DEBUG [org.apache.http.headers] http-outgoing-6 << Expires: Thu, 01 Jan 1970 00:00:00 GMT
<2017-09-26 13:06:58> DEBUG [org.apache.http.headers] http-outgoing-6 << Set-Cookie: fast_failed=true
<2017-09-26 13:06:58> DEBUG [org.apache.http.headers] http-outgoing-6 << X-XSS-Protection: 2; mode=block
<2017-09-26 13:06:58> DEBUG [org.apache.http.headers] http-outgoing-6 << Content-Encoding: gzip
<2017-09-26 13:06:58> DEBUG [o.a.h.i.execchain.MainClientExec] Connection can be kept alive indefinitely
<2017-09-26 13:06:58> DEBUG [o.a.h.c.p.ResponseProcessCookies] Cookie accepted [JSESSIONID="F6E28E4994D1584E597DBDFCCCB1737E", version:0, domain:branchtest.perfectomobile.com, path:/nexperience/, expiry:null]
<2017-09-26 13:06:58> DEBUG [o.a.h.c.p.ResponseProcessCookies] Cookie accepted [fast_failed="true", version:0, domain:branchtest.perfectomobile.com, path:/nexperience/perfectomobile/wd/hub/session/0bb5ccaf-7de4-4682-9e6c-c5841ee5c6a7, expiry:null]
<2017-09-26 13:06:58> DEBUG [o.a.h.i.c.PoolingHttpClientConnectionManager] Connection [id: 6][route: {s}->https://branchtest.perfectomobile.com:443] can be kept alive indefinitely
<2017-09-26 13:06:58> DEBUG [o.a.h.i.c.PoolingHttpClientConnectionManager] Connection released: [id: 6][route: {s}->https://branchtest.perfectomobile.com:443][total kept alive: 2; route allocated: 3 of 2000; total allocated: 3 of 2000]
<2017-09-26 13:06:58> DEBUG [o.a.h.c.p.RequestAddCookies] CookieSpec selected: default
<2017-09-26 13:06:58> DEBUG [o.a.h.c.p.RequestAddCookies] Cookie [version: 0][name: JSESSIONID][value: F6E28E4994D1584E597DBDFCCCB1737E][domain: branchtest.perfectomobile.com][path: /nexperience/][expiry: null] match [(secure)branchtest.perfectomobile.com:443/nexperience/perfectomobile/wd/hub/session/0bb5ccaf-7de4-4682-9e6c-c5841ee5c6a7/element/6/click]
<2017-09-26 13:06:58> DEBUG [o.a.h.c.p.RequestAddCookies] Cookie [version: 0][name: fast_failed][value: true][domain: branchtest.perfectomobile.com][path: /nexperience/perfectomobile/wd/hub][expiry: null] match [(secure)branchtest.perfectomobile.com:443/nexperience/perfectomobile/wd/hub/session/0bb5ccaf-7de4-4682-9e6c-c5841ee5c6a7/element/6/click]
<2017-09-26 13:06:58> DEBUG [o.a.h.c.p.RequestAddCookies] Cookie [version: 0][name: fast_failed][value: true][domain: branchtest.perfectomobile.com][path: /nexperience/perfectomobile/wd/hub/session][expiry: null] match [(secure)branchtest.perfectomobile.com:443/nexperience/perfectomobile/wd/hub/session/0bb5ccaf-7de4-4682-9e6c-c5841ee5c6a7/element/6/click]
<2017-09-26 13:06:58> DEBUG [o.a.h.c.p.RequestAddCookies] Cookie [version: 0][name: fast_failed][value: true][domain: branchtest.perfectomobile.com][path: /nexperience/perfectomobile/wd/hub/session/0bb5ccaf-7de4-4682-9e6c-c5841ee5c6a7][expiry: null] match [(secure)branchtest.perfectomobile.com:443/nexperience/perfectomobile/wd/hub/session/0bb5ccaf-7de4-4682-9e6c-c5841ee5c6a7/element/6/click]
<2017-09-26 13:06:58> DEBUG [o.a.h.c.p.RequestAuthCache] Auth cache not set in the context
<2017-09-26 13:06:58> DEBUG [o.a.h.i.c.PoolingHttpClientConnectionManager] Connection request: [route: {s}->https://branchtest.perfectomobile.com:443][total kept alive: 2; route allocated: 3 of 2000; total allocated: 3 of 2000]
<2017-09-26 13:06:58> DEBUG [o.a.h.i.c.PoolingHttpClientConnectionManager] Connection leased: [id: 6][route: {s}->https://branchtest.perfectomobile.com:443][total kept alive: 1; route allocated: 3 of 2000; total allocated: 3 of 2000]
<2017-09-26 13:06:58> DEBUG [o.a.h.i.execchain.MainClientExec] Stale connection check
<2017-09-26 13:06:58> DEBUG [org.apache.http.wire] http-outgoing-6 << "[read] I/O error: Read timed out"
<2017-09-26 13:06:58> DEBUG [o.a.h.i.c.DefaultManagedHttpClientConnection] http-outgoing-6: set socket timeout to 10800000
<2017-09-26 13:06:58> DEBUG [o.a.h.i.execchain.MainClientExec] Executing request POST /nexperience/perfectomobile/wd/hub/session/0bb5ccaf-7de4-4682-9e6c-c5841ee5c6a7/element/6/click HTTP/1.1
<2017-09-26 13:06:58> DEBUG [o.a.h.i.execchain.MainClientExec] Target auth state: UNCHALLENGED
<2017-09-26 13:06:58> DEBUG [o.a.h.i.execchain.MainClientExec] Proxy auth state: UNCHALLENGED
<2017-09-26 13:06:58> DEBUG [org.apache.http.headers] http-outgoing-6 >> POST /nexperience/perfectomobile/wd/hub/session/0bb5ccaf-7de4-4682-9e6c-c5841ee5c6a7/element/6/click HTTP/1.1
<2017-09-26 13:06:58> DEBUG [org.apache.http.headers] http-outgoing-6 >> Content-Type: application/json; charset=utf-8
<2017-09-26 13:06:58> DEBUG [org.apache.http.headers] http-outgoing-6 >> Content-Length: 10
<2017-09-26 13:06:58> DEBUG [org.apache.http.headers] http-outgoing-6 >> Host: branchtest.perfectomobile.com
<2017-09-26 13:06:58> DEBUG [org.apache.http.headers] http-outgoing-6 >> Connection: Keep-Alive
<2017-09-26 13:06:58> DEBUG [org.apache.http.headers] http-outgoing-6 >> User-Agent: Apache-HttpClient/4.5.2 (Java/1.8.0_121)
<2017-09-26 13:06:58> DEBUG [org.apache.http.headers] http-outgoing-6 >> Cookie: JSESSIONID=F6E28E4994D1584E597DBDFCCCB1737E; fast_failed=true; fast_failed=true; fast_failed=true
<2017-09-26 13:06:58> DEBUG [org.apache.http.headers] http-outgoing-6 >> Accept-Encoding: gzip,deflate
<2017-09-26 13:06:58> DEBUG [org.apache.http.wire] http-outgoing-6 >> "POST /nexperience/perfectomobile/wd/hub/session/0bb5ccaf-7de4-4682-9e6c-c5841ee5c6a7/element/6/click HTTP/1.1[\r][\n]"
<2017-09-26 13:06:58> DEBUG [org.apache.http.wire] http-outgoing-6 >> "Content-Type: application/json; charset=utf-8[\r][\n]"
<2017-09-26 13:06:58> DEBUG [org.apache.http.wire] http-outgoing-6 >> "Content-Length: 10[\r][\n]"
<2017-09-26 13:06:58> DEBUG [org.apache.http.wire] http-outgoing-6 >> "Host: branchtest.perfectomobile.com[\r][\n]"
<2017-09-26 13:06:58> DEBUG [org.apache.http.wire] http-outgoing-6 >> "Connection: Keep-Alive[\r][\n]"
<2017-09-26 13:06:58> DEBUG [org.apache.http.wire] http-outgoing-6 >> "User-Agent: Apache-HttpClient/4.5.2 (Java/1.8.0_121)[\r][\n]"
<2017-09-26 13:06:58> DEBUG [org.apache.http.wire] http-outgoing-6 >> "Cookie: JSESSIONID=F6E28E4994D1584E597DBDFCCCB1737E; fast_failed=true; fast_failed=true; fast_failed=true[\r][\n]"
<2017-09-26 13:06:58> DEBUG [org.apache.http.wire] http-outgoing-6 >> "Accept-Encoding: gzip,deflate[\r][\n]"
<2017-09-26 13:06:58> DEBUG [org.apache.http.wire] http-outgoing-6 >> "[\r][\n]"
<2017-09-26 13:06:58> DEBUG [org.apache.http.wire] http-outgoing-6 >> "{"id":"6"}"
<2017-09-26 13:06:58> DEBUG [org.apache.http.wire] http-outgoing-8 << "HTTP/1.1 200 OK[\r][\n]"
<2017-09-26 13:06:58> DEBUG [org.apache.http.wire] http-outgoing-8 << "Server: nginx[\r][\n]"
<2017-09-26 13:06:58> DEBUG [org.apache.http.wire] http-outgoing-8 << "Date: Tue, 26 Sep 2017 10:06:54 GMT[\r][\n]"
<2017-09-26 13:06:58> DEBUG [org.apache.http.wire] http-outgoing-8 << "Content-Type: application/json;charset=utf-8[\r][\n]"
<2017-09-26 13:06:58> DEBUG [org.apache.http.wire] http-outgoing-8 << "Transfer-Encoding: chunked[\r][\n]"
<2017-09-26 13:06:58> DEBUG [org.apache.http.wire] http-outgoing-8 << "Connection: keep-alive[\r][\n]"
<2017-09-26 13:06:58> DEBUG [org.apache.http.wire] http-outgoing-8 << "Set-Cookie: JSESSIONID=F6E28E4994D1584E597DBDFCCCB1737E; Path=/nexperience/; HttpOnly[\r][\n]"
<2017-09-26 13:06:58> DEBUG [org.apache.http.wire] http-outgoing-8 << "Expires: Thu, 01 Jan 1970 00:00:00 GMT[\r][\n]"
<2017-09-26 13:06:58> DEBUG [org.apache.http.wire] http-outgoing-8 << "Cache-Control: no-cache[\r][\n]"
<2017-09-26 13:06:58> DEBUG [org.apache.http.wire] http-outgoing-8 << "Cache-Control: no-cache[\r][\n]"
<2017-09-26 13:06:58> DEBUG [org.apache.http.wire] http-outgoing-8 << "Expires: Thu, 01 Jan 1970 00:00:00 GMT[\r][\n]"
<2017-09-26 13:06:58> DEBUG [org.apache.http.wire] http-outgoing-8 << "Set-Cookie: fast_failed=true[\r][\n]"
<2017-09-26 13:06:58> DEBUG [org.apache.http.wire] http-outgoing-8 << "X-XSS-Protection: 2; mode=block[\r][\n]"
<2017-09-26 13:06:58> DEBUG [org.apache.http.wire] http-outgoing-8 << "Content-Encoding: gzip[\r][\n]"
<2017-09-26 13:06:58> DEBUG [org.apache.http.wire] http-outgoing-8 << "[\r][\n]"
<2017-09-26 13:06:58> DEBUG [org.apache.http.wire] http-outgoing-8 << "a1[\r][\n]"
<2017-09-26 13:06:58> DEBUG [org.apache.http.wire] http-outgoing-8 << "[0x1f][0x8b][0x8][0x0][0x0][0x0][0x0][0x0][0x0][0x3]-[0x8d]A[0xe][0x82]0[0x10][0x0][0xff][0xb2]g[0xda]PZ[0x90]r%[0x1c]L[0xd4][0x83][0xf1][0x3][0xb5],J[0x2]-[0xb2][0xd4][0xb][0xe1][0xef][0xee][0xc1][0xeb]d&[0xb3][0x3]![0xd1][0x18][0xc3][0xb9][0x87][0x6][0x8a]B[0xf][0x85][0xae][0x8c][0xf0][0xba][0xd2][0xc2][0xc][0xea])[0xec][0xe0][0xb4][0xf0][0xa5][0xd5][0xb6]V[0xbd]V[0xde]@[0x6][0xb4][0xb9][\r]Y[0xa7][0xe4]=[0xd7]L[0xde]m[0xec][0x99](e[0xaa]R[0xa9][0xbc][0xb6][0x19]|[0xdd][0x94][0x18][0xed][0xd0]][0xba]kw{[0xb0]]]>&#x7f;<![CDATA[[0x82]#[0x3]?9N[0x1a][0x88][0xeb]K[0xc6][0x5][0xc3][0xc7]I[0xc2][0x9][0xc3][0x98]f[0xb9][0xe2][0x1c]7[0x94]w[0xa4]%[0x6][0xc2][0xff]*[0xb1][0x9e][0x1f]?>me5[0xaa][0x0][0x0][0x0][\r][\n]"
<2017-09-26 13:06:58> DEBUG [org.apache.http.wire] http-outgoing-8 << "0[\r][\n]"
<2017-09-26 13:06:58> DEBUG [org.apache.http.wire] http-outgoing-8 << "[\r][\n]"
<2017-09-26 13:06:58> DEBUG [org.apache.http.headers] http-outgoing-8 << HTTP/1.1 200 OK
<2017-09-26 13:06:58> DEBUG [org.apache.http.headers] http-outgoing-8 << Server: nginx
<2017-09-26 13:06:58> DEBUG [org.apache.http.headers] http-outgoing-8 << Date: Tue, 26 Sep 2017 10:06:54 GMT
<2017-09-26 13:06:58> DEBUG [org.apache.http.headers] http-outgoing-8 << Content-Type: application/json;charset=utf-8
<2017-09-26 13:06:58> DEBUG [org.apache.http.headers] http-outgoing-8 << Transfer-Encoding: chunked
<2017-09-26 13:06:58> DEBUG [org.apache.http.headers] http-outgoing-8 << Connection: keep-alive
<2017-09-26 13:06:58> DEBUG [org.apache.http.headers] http-outgoing-8 << Set-Cookie: JSESSIONID=F6E28E4994D1584E597DBDFCCCB1737E; Path=/nexperience/; HttpOnly
<2017-09-26 13:06:58> DEBUG [org.apache.http.headers] http-outgoing-8 << Expires: Thu, 01 Jan 1970 00:00:00 GMT
<2017-09-26 13:06:58> DEBUG [org.apache.http.headers] http-outgoing-8 << Cache-Control: no-cache
<2017-09-26 13:06:58> DEBUG [org.apache.http.headers] http-outgoing-8 << Cache-Control: no-cache
<2017-09-26 13:06:58> DEBUG [org.apache.http.headers] http-outgoing-8 << Expires: Thu, 01 Jan 1970 00:00:00 GMT
<2017-09-26 13:06:58> DEBUG [org.apache.http.headers] http-outgoing-8 << Set-Cookie: fast_failed=true
<2017-09-26 13:06:58> DEBUG [org.apache.http.headers] http-outgoing-8 << X-XSS-Protection: 2; mode=block
<2017-09-26 13:06:58> DEBUG [org.apache.http.headers] http-outgoing-8 << Content-Encoding: gzip
<2017-09-26 13:06:58> DEBUG [o.a.h.i.execchain.MainClientExec] Connection can be kept alive indefinitely
<2017-09-26 13:06:58> DEBUG [o.a.h.c.p.ResponseProcessCookies] Cookie accepted [JSESSIONID="F6E28E4994D1584E597DBDFCCCB1737E", version:0, domain:branchtest.perfectomobile.com, path:/nexperience/, expiry:null]
<2017-09-26 13:06:58> DEBUG [o.a.h.c.p.ResponseProcessCookies] Cookie accepted [fast_failed="true", version:0, domain:branchtest.perfectomobile.com, path:/nexperience/perfectomobile/wd/hub/session/223f2364-c363-4f1b-9fa3-c593981d31c4, expiry:null]
<2017-09-26 13:06:58> DEBUG [o.a.h.i.c.PoolingHttpClientConnectionManager] Connection [id: 8][route: {s}->https://branchtest.perfectomobile.com:443] can be kept alive indefinitely
<2017-09-26 13:06:58> DEBUG [o.a.h.i.c.PoolingHttpClientConnectionManager] Connection released: [id: 8][route: {s}->https://branchtest.perfectomobile.com:443][total kept alive: 2; route allocated: 3 of 2000; total allocated: 3 of 2000]
<2017-09-26 13:06:58> DEBUG [o.a.h.c.p.RequestAddCookies] CookieSpec selected: default
<2017-09-26 13:06:58> DEBUG [o.a.h.c.p.RequestAddCookies] Cookie [version: 0][name: JSESSIONID][value: F6E28E4994D1584E597DBDFCCCB1737E][domain: branchtest.perfectomobile.com][path: /nexperience/][expiry: null] match [(secure)branchtest.perfectomobile.com:443/nexperience/perfectomobile/wd/hub/session/223f2364-c363-4f1b-9fa3-c593981d31c4/element/7/click]
<2017-09-26 13:06:58> DEBUG [o.a.h.c.p.RequestAddCookies] Cookie [version: 0][name: fast_failed][value: true][domain: branchtest.perfectomobile.com][path: /nexperience/perfectomobile/wd/hub][expiry: null] match [(secure)branchtest.perfectomobile.com:443/nexperience/perfectomobile/wd/hub/session/223f2364-c363-4f1b-9fa3-c593981d31c4/element/7/click]
<2017-09-26 13:06:58> DEBUG [o.a.h.c.p.RequestAddCookies] Cookie [version: 0][name: fast_failed][value: true][domain: branchtest.perfectomobile.com][path: /nexperience/perfectomobile/wd/hub/session][expiry: null] match [(secure)branchtest.perfectomobile.com:443/nexperience/perfectomobile/wd/hub/session/223f2364-c363-4f1b-9fa3-c593981d31c4/element/7/click]
<2017-09-26 13:06:58> DEBUG [o.a.h.c.p.RequestAddCookies] Cookie [version: 0][name: fast_failed][value: true][domain: branchtest.perfectomobile.com][path: /nexperience/perfectomobile/wd/hub/session/223f2364-c363-4f1b-9fa3-c593981d31c4][expiry: null] match [(secure)branchtest.perfectomobile.com:443/nexperience/perfectomobile/wd/hub/session/223f2364-c363-4f1b-9fa3-c593981d31c4/element/7/click]
<2017-09-26 13:06:58> DEBUG [o.a.h.c.p.RequestAuthCache] Auth cache not set in the context
<2017-09-26 13:06:58> DEBUG [o.a.h.i.c.PoolingHttpClientConnectionManager] Connection request: [route: {s}->https://branchtest.perfectomobile.com:443][total kept alive: 2; route allocated: 3 of 2000; total allocated: 3 of 2000]
<2017-09-26 13:06:58> DEBUG [o.a.h.i.c.PoolingHttpClientConnectionManager] Connection leased: [id: 8][route: {s}->https://branchtest.perfectomobile.com:443][total kept alive: 1; route allocated: 3 of 2000; total allocated: 3 of 2000]
<2017-09-26 13:06:58> DEBUG [o.a.h.i.execchain.MainClientExec] Stale connection check
<2017-09-26 13:06:58> DEBUG [org.apache.http.wire] http-outgoing-8 << "[read] I/O error: Read timed out"
<2017-09-26 13:06:58> DEBUG [o.a.h.i.c.DefaultManagedHttpClientConnection] http-outgoing-8: set socket timeout to 10800000
<2017-09-26 13:06:58> DEBUG [o.a.h.i.execchain.MainClientExec] Executing request POST /nexperience/perfectomobile/wd/hub/session/223f2364-c363-4f1b-9fa3-c593981d31c4/element/7/click HTTP/1.1
<2017-09-26 13:06:58> DEBUG [o.a.h.i.execchain.MainClientExec] Target auth state: UNCHALLENGED
<2017-09-26 13:06:58> DEBUG [o.a.h.i.execchain.MainClientExec] Proxy auth state: UNCHALLENGED
<2017-09-26 13:06:58> DEBUG [org.apache.http.headers] http-outgoing-8 >> POST /nexperience/perfectomobile/wd/hub/session/223f2364-c363-4f1b-9fa3-c593981d31c4/element/7/click HTTP/1.1
<2017-09-26 13:06:58> DEBUG [org.apache.http.headers] http-outgoing-8 >> Content-Type: application/json; charset=utf-8
<2017-09-26 13:06:58> DEBUG [org.apache.http.headers] http-outgoing-8 >> Content-Length: 10
<2017-09-26 13:06:58> DEBUG [org.apache.http.headers] http-outgoing-8 >> Host: branchtest.perfectomobile.com
<2017-09-26 13:06:58> DEBUG [org.apache.http.headers] http-outgoing-8 >> Connection: Keep-Alive
<2017-09-26 13:06:58> DEBUG [org.apache.http.headers] http-outgoing-8 >> User-Agent: Apache-HttpClient/4.5.2 (Java/1.8.0_121)
<2017-09-26 13:06:58> DEBUG [org.apache.http.headers] http-outgoing-8 >> Cookie: JSESSIONID=F6E28E4994D1584E597DBDFCCCB1737E; fast_failed=true; fast_failed=true; fast_failed=true
<2017-09-26 13:06:58> DEBUG [org.apache.http.headers] http-outgoing-8 >> Accept-Encoding: gzip,deflate
<2017-09-26 13:06:58> DEBUG [org.apache.http.wire] http-outgoing-8 >> "POST /nexperience/perfectomobile/wd/hub/session/223f2364-c363-4f1b-9fa3-c593981d31c4/element/7/click HTTP/1.1[\r][\n]"
<2017-09-26 13:06:58> DEBUG [org.apache.http.wire] http-outgoing-8 >> "Content-Type: application/json; charset=utf-8[\r][\n]"
<2017-09-26 13:06:58> DEBUG [org.apache.http.wire] http-outgoing-8 >> "Content-Length: 10[\r][\n]"
<2017-09-26 13:06:58> DEBUG [org.apache.http.wire] http-outgoing-8 >> "Host: branchtest.perfectomobile.com[\r][\n]"
<2017-09-26 13:06:58> DEBUG [org.apache.http.wire] http-outgoing-8 >> "Connection: Keep-Alive[\r][\n]"
<2017-09-26 13:06:58> DEBUG [org.apache.http.wire] http-outgoing-8 >> "User-Agent: Apache-HttpClient/4.5.2 (Java/1.8.0_121)[\r][\n]"
<2017-09-26 13:06:58> DEBUG [org.apache.http.wire] http-outgoing-8 >> "Cookie: JSESSIONID=F6E28E4994D1584E597DBDFCCCB1737E; fast_failed=true; fast_failed=true; fast_failed=true[\r][\n]"
<2017-09-26 13:06:58> DEBUG [org.apache.http.wire] http-outgoing-8 >> "Accept-Encoding: gzip,deflate[\r][\n]"
<2017-09-26 13:06:58> DEBUG [org.apache.http.wire] http-outgoing-8 >> "[\r][\n]"
<2017-09-26 13:06:58> DEBUG [org.apache.http.wire] http-outgoing-8 >> "{"id":"7"}"
<2017-09-26 13:06:58> DEBUG [org.apache.http.wire] http-outgoing-6 << "HTTP/1.1 200 OK[\r][\n]"
<2017-09-26 13:06:58> DEBUG [org.apache.http.wire] http-outgoing-6 << "Server: nginx[\r][\n]"
<2017-09-26 13:06:58> DEBUG [org.apache.http.wire] http-outgoing-6 << "Date: Tue, 26 Sep 2017 10:06:54 GMT[\r][\n]"
<2017-09-26 13:06:58> DEBUG [org.apache.http.wire] http-outgoing-6 << "Content-Type: application/json;charset=utf-8[\r][\n]"
<2017-09-26 13:06:58> DEBUG [org.apache.http.wire] http-outgoing-6 << "Transfer-Encoding: chunked[\r][\n]"
<2017-09-26 13:06:58> DEBUG [org.apache.http.wire] http-outgoing-6 << "Connection: keep-alive[\r][\n]"
<2017-09-26 13:06:58> DEBUG [org.apache.http.wire] http-outgoing-6 << "Set-Cookie: JSESSIONID=F6E28E4994D1584E597DBDFCCCB1737E; Path=/nexperience/; HttpOnly[\r][\n]"
<2017-09-26 13:06:58> DEBUG [org.apache.http.wire] http-outgoing-6 << "Expires: Thu, 01 Jan 1970 00:00:00 GMT[\r][\n]"
<2017-09-26 13:06:58> DEBUG [org.apache.http.wire] http-outgoing-6 << "Cache-Control: no-cache[\r][\n]"
<2017-09-26 13:06:58> DEBUG [org.apache.http.wire] http-outgoing-6 << "Cache-Control: no-cache[\r][\n]"
<2017-09-26 13:06:58> DEBUG [org.apache.http.wire] http-outgoing-6 << "Expires: Thu, 01 Jan 1970 00:00:00 GMT[\r][\n]"
<2017-09-26 13:06:58> DEBUG [org.apache.http.wire] http-outgoing-6 << "Set-Cookie: fast_failed=true[\r][\n]"
<2017-09-26 13:06:58> DEBUG [org.apache.http.wire] http-outgoing-6 << "X-XSS-Protection: 2; mode=block[\r][\n]"
<2017-09-26 13:06:58> DEBUG [org.apache.http.wire] http-outgoing-6 << "Content-Encoding: gzip[\r][\n]"
<2017-09-26 13:06:58> DEBUG [org.apache.http.wire] http-outgoing-6 << "[\r][\n]"
<2017-09-26 13:06:58> DEBUG [org.apache.http.wire] http-outgoing-6 << "96[\r][\n]"
<2017-09-26 13:06:58> DEBUG [org.apache.http.wire] http-outgoing-6 << "[0x1f][0x8b][0x8][0x0][0x0][0x0][0x0][0x0][0x0][0x3]-[0xcc][0xbb][0x12][0xc2] [0x10][0x85][0xe1]w[0xd9]:0[0x1][0x81]\Z+[[0xdf][0x80]lV[0xcd][0xc][0x81]$[0x1b]l[0x1c][0xdf][0xdd]-l[0xff][0xf9][0xce][0xf9][0x0][0x13][0xf3]R[0xf2]m[0x86][0x11][0xda]i[0xf2][0x88][0xf1][0xa1][0xba][0x99][0x9c]r[0xa1][0xb7]j[0xa0][0x80][\n]"
<2017-09-26 13:06:58> DEBUG [org.apache.http.wire] http-outgoing-6 << "}[0xef][0xc][0x91][0xc7][0x10];h[0x80][0xcf]x[0x92]p[0xae][0x88][0xb2][0x96][0xf2][0xba][0x96]Y[0x8a][0xb1][0x17][0xeb][0x8c][0x1f][0xda][0xd0][0xc0];[0xa6]*)[0xd7][0x94][0x1a][0xc0][0x14][0xc5][0x8d]P[0x8e][0xa7].[0x1b][0xe5]=j[0xa6]Dy[0xa9][0xab]>h-'[0xe9];[0xf1]V2[0xd3][0xff][0xbf][\n]"
<2017-09-26 13:06:58> DEBUG [org.apache.http.wire] http-outgoing-6 << "o[0xbf]?[0xd7]y[0xa7][0xd6][0x9f][0x0][0x0][0x0][\r][\n]"
<2017-09-26 13:06:58> DEBUG [org.apache.http.wire] http-outgoing-6 << "0[\r][\n]"
<2017-09-26 13:06:58> DEBUG [org.apache.http.wire] http-outgoing-6 << "[\r][\n]"
<2017-09-26 13:06:58> DEBUG [org.apache.http.headers] http-outgoing-6 << HTTP/1.1 200 OK
<2017-09-26 13:06:58> DEBUG [org.apache.http.headers] http-outgoing-6 << Server: nginx
<2017-09-26 13:06:58> DEBUG [org.apache.http.headers] http-outgoing-6 << Date: Tue, 26 Sep 2017 10:06:54 GMT
<2017-09-26 13:06:58> DEBUG [org.apache.http.headers] http-outgoing-6 << Content-Type: application/json;charset=utf-8
<2017-09-26 13:06:58> DEBUG [org.apache.http.headers] http-outgoing-6 << Transfer-Encoding: chunked
<2017-09-26 13:06:58> DEBUG [org.apache.http.headers] http-outgoing-6 << Connection: keep-alive
<2017-09-26 13:06:58> DEBUG [org.apache.http.headers] http-outgoing-6 << Set-Cookie: JSESSIONID=F6E28E4994D1584E597DBDFCCCB1737E; Path=/nexperience/; HttpOnly
<2017-09-26 13:06:58> DEBUG [org.apache.http.headers] http-outgoing-6 << Expires: Thu, 01 Jan 1970 00:00:00 GMT
<2017-09-26 13:06:58> DEBUG [org.apache.http.headers] http-outgoing-6 << Cache-Control: no-cache
<2017-09-26 13:06:58> DEBUG [org.apache.http.headers] http-outgoing-6 << Cache-Control: no-cache
<2017-09-26 13:06:58> DEBUG [org.apache.http.headers] http-outgoing-6 << Expires: Thu, 01 Jan 1970 00:00:00 GMT
<2017-09-26 13:06:58> DEBUG [org.apache.http.headers] http-outgoing-6 << Set-Cookie: fast_failed=true
<2017-09-26 13:06:58> DEBUG [org.apache.http.headers] http-outgoing-6 << X-XSS-Protection: 2; mode=block
<2017-09-26 13:06:58> DEBUG [org.apache.http.headers] http-outgoing-6 << Content-Encoding: gzip
<2017-09-26 13:06:58> DEBUG [o.a.h.i.execchain.MainClientExec] Connection can be kept alive indefinitely
<2017-09-26 13:06:58> DEBUG [o.a.h.c.p.ResponseProcessCookies] Cookie accepted [JSESSIONID="F6E28E4994D1584E597DBDFCCCB1737E", version:0, domain:branchtest.perfectomobile.com, path:/nexperience/, expiry:null]
<2017-09-26 13:06:58> DEBUG [o.a.h.c.p.ResponseProcessCookies] Cookie accepted [fast_failed="true", version:0, domain:branchtest.perfectomobile.com, path:/nexperience/perfectomobile/wd/hub/session/0bb5ccaf-7de4-4682-9e6c-c5841ee5c6a7/element/6, expiry:null]
<2017-09-26 13:06:58> DEBUG [o.a.h.i.c.PoolingHttpClientConnectionManager] Connection [id: 6][route: {s}->https://branchtest.perfectomobile.com:443] can be kept alive indefinitely
<2017-09-26 13:06:58> DEBUG [o.a.h.i.c.PoolingHttpClientConnectionManager] Connection released: [id: 6][route: {s}->https://branchtest.perfectomobile.com:443][total kept alive: 2; route allocated: 3 of 2000; total allocated: 3 of 2000]
<2017-09-26 13:06:58> DEBUG [o.a.h.c.p.RequestAddCookies] CookieSpec selected: default
<2017-09-26 13:06:58> DEBUG [o.a.h.c.p.RequestAddCookies] Cookie [version: 0][name: JSESSIONID][value: F6E28E4994D1584E597DBDFCCCB1737E][domain: branchtest.perfectomobile.com][path: /nexperience/][expiry: null] match [(secure)branchtest.perfectomobile.com:443/nexperience/perfectomobile/wd/hub/session/0bb5ccaf-7de4-4682-9e6c-c5841ee5c6a7/element]
<2017-09-26 13:06:58> DEBUG [o.a.h.c.p.RequestAddCookies] Cookie [version: 0][name: fast_failed][value: true][domain: branchtest.perfectomobile.com][path: /nexperience/perfectomobile/wd/hub][expiry: null] match [(secure)branchtest.perfectomobile.com:443/nexperience/perfectomobile/wd/hub/session/0bb5ccaf-7de4-4682-9e6c-c5841ee5c6a7/element]
<2017-09-26 13:06:58> DEBUG [o.a.h.c.p.RequestAddCookies] Cookie [version: 0][name: fast_failed][value: true][domain: branchtest.perfectomobile.com][path: /nexperience/perfectomobile/wd/hub/session][expiry: null] match [(secure)branchtest.perfectomobile.com:443/nexperience/perfectomobile/wd/hub/session/0bb5ccaf-7de4-4682-9e6c-c5841ee5c6a7/element]
<2017-09-26 13:06:58> DEBUG [o.a.h.c.p.RequestAddCookies] Cookie [version: 0][name: fast_failed][value: true][domain: branchtest.perfectomobile.com][path: /nexperience/perfectomobile/wd/hub/session/0bb5ccaf-7de4-4682-9e6c-c5841ee5c6a7][expiry: null] match [(secure)branchtest.perfectomobile.com:443/nexperience/perfectomobile/wd/hub/session/0bb5ccaf-7de4-4682-9e6c-c5841ee5c6a7/element]
<2017-09-26 13:06:58> DEBUG [o.a.h.c.p.RequestAuthCache] Auth cache not set in the context
<2017-09-26 13:06:58> DEBUG [o.a.h.i.c.PoolingHttpClientConnectionManager] Connection request: [route: {s}->https://branchtest.perfectomobile.com:443][total kept alive: 2; route allocated: 3 of 2000; total allocated: 3 of 2000]
<2017-09-26 13:06:58> DEBUG [o.a.h.i.c.PoolingHttpClientConnectionManager] Connection leased: [id: 6][route: {s}->https://branchtest.perfectomobile.com:443][total kept alive: 1; route allocated: 3 of 2000; total allocated: 3 of 2000]
<2017-09-26 13:06:58> DEBUG [o.a.h.i.execchain.MainClientExec] Stale connection check
<2017-09-26 13:06:58> DEBUG [org.apache.http.wire] http-outgoing-6 << "[read] I/O error: Read timed out"
<2017-09-26 13:06:58> DEBUG [o.a.h.i.c.DefaultManagedHttpClientConnection] http-outgoing-6: set socket timeout to 10800000
<2017-09-26 13:06:58> DEBUG [o.a.h.i.execchain.MainClientExec] Executing request POST /nexperience/perfectomobile/wd/hub/session/0bb5ccaf-7de4-4682-9e6c-c5841ee5c6a7/element HTTP/1.1
<2017-09-26 13:06:58> DEBUG [o.a.h.i.execchain.MainClientExec] Target auth state: UNCHALLENGED
<2017-09-26 13:06:58> DEBUG [o.a.h.i.execchain.MainClientExec] Proxy auth state: UNCHALLENGED
<2017-09-26 13:06:58> DEBUG [org.apache.http.headers] http-outgoing-6 >> POST /nexperience/perfectomobile/wd/hub/session/0bb5ccaf-7de4-4682-9e6c-c5841ee5c6a7/element HTTP/1.1
<2017-09-26 13:06:58> DEBUG [org.apache.http.headers] http-outgoing-6 >> Content-Type: application/json; charset=utf-8
<2017-09-26 13:06:58> DEBUG [org.apache.http.headers] http-outgoing-6 >> Content-Length: 85
<2017-09-26 13:06:58> DEBUG [org.apache.http.headers] http-outgoing-6 >> Host: branchtest.perfectomobile.com
<2017-09-26 13:06:58> DEBUG [org.apache.http.headers] http-outgoing-6 >> Connection: Keep-Alive
<2017-09-26 13:06:58> DEBUG [org.apache.http.headers] http-outgoing-6 >> User-Agent: Apache-HttpClient/4.5.2 (Java/1.8.0_121)
<2017-09-26 13:06:58> DEBUG [org.apache.http.headers] http-outgoing-6 >> Cookie: JSESSIONID=F6E28E4994D1584E597DBDFCCCB1737E; fast_failed=true; fast_failed=true; fast_failed=true
<2017-09-26 13:06:58> DEBUG [org.apache.http.headers] http-outgoing-6 >> Accept-Encoding: gzip,deflate
<2017-09-26 13:06:58> DEBUG [org.apache.http.wire] http-outgoing-6 >> "POST /nexperience/perfectomobile/wd/hub/session/0bb5ccaf-7de4-4682-9e6c-c5841ee5c6a7/element HTTP/1.1[\r][\n]"
<2017-09-26 13:06:58> DEBUG [org.apache.http.wire] http-outgoing-6 >> "Content-Type: application/json; charset=utf-8[\r][\n]"
<2017-09-26 13:06:58> DEBUG [org.apache.http.wire] http-outgoing-6 >> "Content-Length: 85[\r][\n]"
<2017-09-26 13:06:58> DEBUG [org.apache.http.wire] http-outgoing-6 >> "Host: branchtest.perfectomobile.com[\r][\n]"
<2017-09-26 13:06:58> DEBUG [org.apache.http.wire] http-outgoing-6 >> "Connection: Keep-Alive[\r][\n]"
<2017-09-26 13:06:58> DEBUG [org.apache.http.wire] http-outgoing-6 >> "User-Agent: Apache-HttpClient/4.5.2 (Java/1.8.0_121)[\r][\n]"
<2017-09-26 13:06:58> DEBUG [org.apache.http.wire] http-outgoing-6 >> "Cookie: JSESSIONID=F6E28E4994D1584E597DBDFCCCB1737E; fast_failed=true; fast_failed=true; fast_failed=true[\r][\n]"
<2017-09-26 13:06:58> DEBUG [org.apache.http.wire] http-outgoing-6 >> "Accept-Encoding: gzip,deflate[\r][\n]"
<2017-09-26 13:06:58> DEBUG [org.apache.http.wire] http-outgoing-6 >> "[\r][\n]"
<2017-09-26 13:06:58> DEBUG [org.apache.http.wire] http-outgoing-6 >> "{"using":"xpath","value":"//*[@id=\"register_form\"]/fieldset[3]/div/label[1]/input"}"
<2017-09-26 13:06:58> DEBUG [o.a.h.c.p.RequestAddCookies] CookieSpec selected: default
<2017-09-26 13:06:58> DEBUG [o.a.h.c.p.RequestAddCookies] Cookie [version: 0][name: JSESSIONID][value: F6E28E4994D1584E597DBDFCCCB1737E][domain: branchtest.perfectomobile.com][path: /nexperience/][expiry: null] match [(secure)branchtest.perfectomobile.com:443/nexperience/perfectomobile/wd/hub/session/cabc1017-92e0-4ebc-8d17-fffda1c413a6/execute]
<2017-09-26 13:06:58> DEBUG [o.a.h.c.p.RequestAddCookies] Cookie [version: 0][name: fast_failed][value: true][domain: branchtest.perfectomobile.com][path: /nexperience/perfectomobile/wd/hub][expiry: null] match [(secure)branchtest.perfectomobile.com:443/nexperience/perfectomobile/wd/hub/session/cabc1017-92e0-4ebc-8d17-fffda1c413a6/execute]
<2017-09-26 13:06:58> DEBUG [o.a.h.c.p.RequestAddCookies] Cookie [version: 0][name: fast_failed][value: true][domain: branchtest.perfectomobile.com][path: /nexperience/perfectomobile/wd/hub/session][expiry: null] match [(secure)branchtest.perfectomobile.com:443/nexperience/perfectomobile/wd/hub/session/cabc1017-92e0-4ebc-8d17-fffda1c413a6/execute]
<2017-09-26 13:06:58> DEBUG [o.a.h.c.p.RequestAddCookies] Cookie [version: 0][name: fast_failed][value: true][domain: branchtest.perfectomobile.com][path: /nexperience/perfectomobile/wd/hub/session/cabc1017-92e0-4ebc-8d17-fffda1c413a6][expiry: null] match [(secure)branchtest.perfectomobile.com:443/nexperience/perfectomobile/wd/hub/session/cabc1017-92e0-4ebc-8d17-fffda1c413a6/execute]
<2017-09-26 13:06:58> DEBUG [o.a.h.c.p.RequestAuthCache] Auth cache not set in the context
<2017-09-26 13:06:58> DEBUG [o.a.h.i.c.PoolingHttpClientConnectionManager] Connection request: [route: {s}->https://branchtest.perfectomobile.com:443][total kept alive: 1; route allocated: 3 of 2000; total allocated: 3 of 2000]
<2017-09-26 13:06:58> DEBUG [org.apache.http.wire] http-outgoing-5 << "[read] I/O error: Read timed out"
<2017-09-26 13:06:58> DEBUG [o.a.h.i.c.PoolingHttpClientConnectionManager] Connection leased: [id: 5][route: {s}->https://branchtest.perfectomobile.com:443][total kept alive: 0; route allocated: 3 of 2000; total allocated: 3 of 2000]
<2017-09-26 13:06:58> DEBUG [o.a.h.i.execchain.MainClientExec] Stale connection check
<2017-09-26 13:06:58> DEBUG [org.apache.http.wire] http-outgoing-5 << "[read] I/O error: Read timed out"
<2017-09-26 13:06:58> DEBUG [o.a.h.i.c.DefaultManagedHttpClientConnection] http-outgoing-5: set socket timeout to 10800000
<2017-09-26 13:06:58> DEBUG [o.a.h.i.execchain.MainClientExec] Executing request POST /nexperience/perfectomobile/wd/hub/session/cabc1017-92e0-4ebc-8d17-fffda1c413a6/execute HTTP/1.1
<2017-09-26 13:06:58> DEBUG [o.a.h.i.execchain.MainClientExec] Target auth state: UNCHALLENGED
<2017-09-26 13:06:58> DEBUG [o.a.h.i.execchain.MainClientExec] Proxy auth state: UNCHALLENGED
<2017-09-26 13:06:58> DEBUG [org.apache.http.headers] http-outgoing-5 >> POST /nexperience/perfectomobile/wd/hub/session/cabc1017-92e0-4ebc-8d17-fffda1c413a6/execute HTTP/1.1
<2017-09-26 13:06:58> DEBUG [org.apache.http.headers] http-outgoing-5 >> Content-Type: application/json; charset=utf-8
<2017-09-26 13:06:58> DEBUG [org.apache.http.headers] http-outgoing-5 >> Content-Length: 54
<2017-09-26 13:06:58> DEBUG [org.apache.http.headers] http-outgoing-5 >> Host: branchtest.perfectomobile.com
<2017-09-26 13:06:58> DEBUG [org.apache.http.headers] http-outgoing-5 >> Connection: Keep-Alive
<2017-09-26 13:06:58> DEBUG [org.apache.http.headers] http-outgoing-5 >> User-Agent: Apache-HttpClient/4.5.2 (Java/1.8.0_121)
<2017-09-26 13:06:58> DEBUG [org.apache.http.headers] http-outgoing-5 >> Cookie: JSESSIONID=F6E28E4994D1584E597DBDFCCCB1737E; fast_failed=true; fast_failed=true; fast_failed=true
<2017-09-26 13:06:58> DEBUG [org.apache.http.headers] http-outgoing-5 >> Accept-Encoding: gzip,deflate
<2017-09-26 13:06:58> DEBUG [org.apache.http.wire] http-outgoing-5 >> "POST /nexperience/perfectomobile/wd/hub/session/cabc1017-92e0-4ebc-8d17-fffda1c413a6/execute HTTP/1.1[\r][\n]"
<2017-09-26 13:06:58> DEBUG [org.apache.http.wire] http-outgoing-5 >> "Content-Type: application/json; charset=utf-8[\r][\n]"
<2017-09-26 13:06:58> DEBUG [org.apache.http.wire] http-outgoing-5 >> "Content-Length: 54[\r][\n]"
<2017-09-26 13:06:58> DEBUG [org.apache.http.wire] http-outgoing-5 >> "Host: branchtest.perfectomobile.com[\r][\n]"
<2017-09-26 13:06:58> DEBUG [org.apache.http.wire] http-outgoing-5 >> "Connection: Keep-Alive[\r][\n]"
<2017-09-26 13:06:58> DEBUG [org.apache.http.wire] http-outgoing-5 >> "User-Agent: Apache-HttpClient/4.5.2 (Java/1.8.0_121)[\r][\n]"
<2017-09-26 13:06:58> DEBUG [org.apache.http.wire] http-outgoing-5 >> "Cookie: JSESSIONID=F6E28E4994D1584E597DBDFCCCB1737E; fast_failed=true; fast_failed=true; fast_failed=true[\r][\n]"
<2017-09-26 13:06:58> DEBUG [org.apache.http.wire] http-outgoing-5 >> "Accept-Encoding: gzip,deflate[\r][\n]"
<2017-09-26 13:06:58> DEBUG [org.apache.http.wire] http-outgoing-5 >> "[\r][\n]"
<2017-09-26 13:06:58> DEBUG [org.apache.http.wire] http-outgoing-5 >> "{"script":"mobile:step:end","args":[{"message":null}]}"
<2017-09-26 13:06:58> DEBUG [org.apache.http.wire] http-outgoing-6 << "HTTP/1.1 200 OK[\r][\n]"
<2017-09-26 13:06:58> DEBUG [org.apache.http.wire] http-outgoing-6 << "Server: nginx[\r][\n]"
<2017-09-26 13:06:58> DEBUG [org.apache.http.wire] http-outgoing-6 << "Date: Tue, 26 Sep 2017 10:06:54 GMT[\r][\n]"
<2017-09-26 13:06:58> DEBUG [org.apache.http.wire] http-outgoing-6 << "Content-Type: application/json;charset=utf-8[\r][\n]"
<2017-09-26 13:06:58> DEBUG [org.apache.http.wire] http-outgoing-6 << "Transfer-Encoding: chunked[\r][\n]"
<2017-09-26 13:06:58> DEBUG [org.apache.http.wire] http-outgoing-6 << "Connection: keep-alive[\r][\n]"
<2017-09-26 13:06:58> DEBUG [org.apache.http.wire] http-outgoing-6 << "Set-Cookie: JSESSIONID=F6E28E4994D1584E597DBDFCCCB1737E; Path=/nexperience/; HttpOnly[\r][\n]"
<2017-09-26 13:06:58> DEBUG [org.apache.http.wire] http-outgoing-6 << "Expires: Thu, 01 Jan 1970 00:00:00 GMT[\r][\n]"
<2017-09-26 13:06:58> DEBUG [org.apache.http.wire] http-outgoing-6 << "Cache-Control: no-cache[\r][\n]"
<2017-09-26 13:06:58> DEBUG [org.apache.http.wire] http-outgoing-6 << "Cache-Control: no-cache[\r][\n]"
<2017-09-26 13:06:58> DEBUG [org.apache.http.wire] http-outgoing-6 << "Expires: Thu, 01 Jan 1970 00:00:00 GMT[\r][\n]"
<2017-09-26 13:06:58> DEBUG [org.apache.http.wire] http-outgoing-6 << "Set-Cookie: fast_failed=true[\r][\n]"
<2017-09-26 13:06:58> DEBUG [org.apache.http.wire] http-outgoing-6 << "X-XSS-Protection: 2; mode=block[\r][\n]"
<2017-09-26 13:06:58> DEBUG [org.apache.http.wire] http-outgoing-6 << "Content-Encoding: gzip[\r][\n]"
<2017-09-26 13:06:58> DEBUG [org.apache.http.wire] http-outgoing-6 << "[\r][\n]"
<2017-09-26 13:06:58> DEBUG [org.apache.http.wire] http-outgoing-6 << "a1[\r][\n]"
<2017-09-26 13:06:58> DEBUG [org.apache.http.wire] http-outgoing-6 << "[0x1f][0x8b][0x8][0x0][0x0][0x0][0x0][0x0][0x0][0x3]-[0x8d][0xcb][0xe][0x82]0[0x10][0x0][0xff]e[0xcf][0xb4][0x1][0xd2][0x96][0xca][0xd5]p0Q[0xf][0xc6][0x1f]([0xcb][0xfa]H[0xa0]E[0x96]z![0xfc][0xbb]{[0xf0]:[0x99][0xc9]l[0xc0][0xc4][0xfc]N[0xf1]4@[0xb]e[0xdf][[0xc4][0xf0]P[0xcd]@F[0x19][0xe7]ku [0x87][\n]"
<2017-09-26 13:06:58> DEBUG [org.apache.http.wire] http-outgoing-6 << "[0xad]7[0x15][0x91]E[0x17][0x1a]([0x80][0xd7][0xb0][0x92][0xe8][0x9c][0x11][0xa5][0x16][0xf2]:[0xa6]AHe[0xea][0xca]zg}Y[0xc0]7[0x8c]Y[0xd0][0x6][0xdd][0xb9][0xbb]t[0xd7][0xbb][0xf8][\r][0xec][0x5][0xe0][0x18]$i!-O[0x9d]f[0x8a][0x9f][0xa0][0x99]F[0x8a][0xef]<[0xe9][0x85][0xa6][0xb4][0x92][0xbe][0x11][0xcf])2[0xfd]WY[0xf4]r[0xff][0x1][0x83][0x6][0xf7][0x9c][0xaa][0x0][0x0][0x0][\r][\n]"
<2017-09-26 13:06:58> DEBUG [org.apache.http.wire] http-outgoing-6 << "0[\r][\n]"
<2017-09-26 13:06:58> DEBUG [org.apache.http.wire] http-outgoing-6 << "[\r][\n]"
<2017-09-26 13:06:58> DEBUG [org.apache.http.headers] http-outgoing-6 << HTTP/1.1 200 OK
<2017-09-26 13:06:58> DEBUG [org.apache.http.headers] http-outgoing-6 << Server: nginx
<2017-09-26 13:06:58> DEBUG [org.apache.http.headers] http-outgoing-6 << Date: Tue, 26 Sep 2017 10:06:54 GMT
<2017-09-26 13:06:58> DEBUG [org.apache.http.headers] http-outgoing-6 << Content-Type: application/json;charset=utf-8
<2017-09-26 13:06:58> DEBUG [org.apache.http.headers] http-outgoing-6 << Transfer-Encoding: chunked
<2017-09-26 13:06:58> DEBUG [org.apache.http.headers] http-outgoing-6 << Connection: keep-alive
<2017-09-26 13:06:58> DEBUG [org.apache.http.headers] http-outgoing-6 << Set-Cookie: JSESSIONID=F6E28E4994D1584E597DBDFCCCB1737E; Path=/nexperience/; HttpOnly
<2017-09-26 13:06:58> DEBUG [org.apache.http.headers] http-outgoing-6 << Expires: Thu, 01 Jan 1970 00:00:00 GMT
<2017-09-26 13:06:58> DEBUG [org.apache.http.headers] http-outgoing-6 << Cache-Control: no-cache
<2017-09-26 13:06:58> DEBUG [org.apache.http.headers] http-outgoing-6 << Cache-Control: no-cache
<2017-09-26 13:06:58> DEBUG [org.apache.http.headers] http-outgoing-6 << Expires: Thu, 01 Jan 1970 00:00:00 GMT
<2017-09-26 13:06:58> DEBUG [org.apache.http.headers] http-outgoing-6 << Set-Cookie: fast_failed=true
<2017-09-26 13:06:58> DEBUG [org.apache.http.headers] http-outgoing-6 << X-XSS-Protection: 2; mode=block
<2017-09-26 13:06:58> DEBUG [org.apache.http.headers] http-outgoing-6 << Content-Encoding: gzip
<2017-09-26 13:06:58> DEBUG [o.a.h.i.execchain.MainClientExec] Connection can be kept alive indefinitely
<2017-09-26 13:06:58> DEBUG [o.a.h.c.p.ResponseProcessCookies] Cookie accepted [JSESSIONID="F6E28E4994D1584E597DBDFCCCB1737E", version:0, domain:branchtest.perfectomobile.com, path:/nexperience/, expiry:null]
<2017-09-26 13:06:58> DEBUG [o.a.h.c.p.ResponseProcessCookies] Cookie accepted [fast_failed="true", version:0, domain:branchtest.perfectomobile.com, path:/nexperience/perfectomobile/wd/hub/session/0bb5ccaf-7de4-4682-9e6c-c5841ee5c6a7, expiry:null]
<2017-09-26 13:06:58> DEBUG [o.a.h.i.c.PoolingHttpClientConnectionManager] Connection [id: 6][route: {s}->https://branchtest.perfectomobile.com:443] can be kept alive indefinitely
<2017-09-26 13:06:58> DEBUG [o.a.h.i.c.PoolingHttpClientConnectionManager] Connection released: [id: 6][route: {s}->https://branchtest.perfectomobile.com:443][total kept alive: 1; route allocated: 3 of 2000; total allocated: 3 of 2000]
<2017-09-26 13:06:58> DEBUG [o.a.h.c.p.RequestAddCookies] CookieSpec selected: default
<2017-09-26 13:06:58> DEBUG [o.a.h.c.p.RequestAddCookies] Cookie [version: 0][name: JSESSIONID][value: F6E28E4994D1584E597DBDFCCCB1737E][domain: branchtest.perfectomobile.com][path: /nexperience/][expiry: null] match [(secure)branchtest.perfectomobile.com:443/nexperience/perfectomobile/wd/hub/session/0bb5ccaf-7de4-4682-9e6c-c5841ee5c6a7/element/7/click]
<2017-09-26 13:06:58> DEBUG [o.a.h.c.p.RequestAddCookies] Cookie [version: 0][name: fast_failed][value: true][domain: branchtest.perfectomobile.com][path: /nexperience/perfectomobile/wd/hub][expiry: null] match [(secure)branchtest.perfectomobile.com:443/nexperience/perfectomobile/wd/hub/session/0bb5ccaf-7de4-4682-9e6c-c5841ee5c6a7/element/7/click]
<2017-09-26 13:06:58> DEBUG [o.a.h.c.p.RequestAddCookies] Cookie [version: 0][name: fast_failed][value: true][domain: branchtest.perfectomobile.com][path: /nexperience/perfectomobile/wd/hub/session][expiry: null] match [(secure)branchtest.perfectomobile.com:443/nexperience/perfectomobile/wd/hub/session/0bb5ccaf-7de4-4682-9e6c-c5841ee5c6a7/element/7/click]
<2017-09-26 13:06:58> DEBUG [o.a.h.c.p.RequestAddCookies] Cookie [version: 0][name: fast_failed][value: true][domain: branchtest.perfectomobile.com][path: /nexperience/perfectomobile/wd/hub/session/0bb5ccaf-7de4-4682-9e6c-c5841ee5c6a7][expiry: null] match [(secure)branchtest.perfectomobile.com:443/nexperience/perfectomobile/wd/hub/session/0bb5ccaf-7de4-4682-9e6c-c5841ee5c6a7/element/7/click]
<2017-09-26 13:06:58> DEBUG [o.a.h.c.p.RequestAuthCache] Auth cache not set in the context
<2017-09-26 13:06:58> DEBUG [o.a.h.i.c.PoolingHttpClientConnectionManager] Connection request: [route: {s}->https://branchtest.perfectomobile.com:443][total kept alive: 1; route allocated: 3 of 2000; total allocated: 3 of 2000]
<2017-09-26 13:06:58> DEBUG [o.a.h.i.c.PoolingHttpClientConnectionManager] Connection leased: [id: 6][route: {s}->https://branchtest.perfectomobile.com:443][total kept alive: 0; route allocated: 3 of 2000; total allocated: 3 of 2000]
<2017-09-26 13:06:58> DEBUG [o.a.h.i.execchain.MainClientExec] Stale connection check
<2017-09-26 13:06:58> DEBUG [org.apache.http.wire] http-outgoing-6 << "[read] I/O error: Read timed out"
<2017-09-26 13:06:58> DEBUG [o.a.h.i.c.DefaultManagedHttpClientConnection] http-outgoing-6: set socket timeout to 10800000
<2017-09-26 13:06:58> DEBUG [o.a.h.i.execchain.MainClientExec] Executing request POST /nexperience/perfectomobile/wd/hub/session/0bb5ccaf-7de4-4682-9e6c-c5841ee5c6a7/element/7/click HTTP/1.1
<2017-09-26 13:06:58> DEBUG [o.a.h.i.execchain.MainClientExec] Target auth state: UNCHALLENGED
<2017-09-26 13:06:58> DEBUG [o.a.h.i.execchain.MainClientExec] Proxy auth state: UNCHALLENGED
<2017-09-26 13:06:58> DEBUG [org.apache.http.headers] http-outgoing-6 >> POST /nexperience/perfectomobile/wd/hub/session/0bb5ccaf-7de4-4682-9e6c-c5841ee5c6a7/element/7/click HTTP/1.1
<2017-09-26 13:06:58> DEBUG [org.apache.http.headers] http-outgoing-6 >> Content-Type: application/json; charset=utf-8
<2017-09-26 13:06:58> DEBUG [org.apache.http.headers] http-outgoing-6 >> Content-Length: 10
<2017-09-26 13:06:58> DEBUG [org.apache.http.headers] http-outgoing-6 >> Host: branchtest.perfectomobile.com
<2017-09-26 13:06:58> DEBUG [org.apache.http.headers] http-outgoing-6 >> Connection: Keep-Alive
<2017-09-26 13:06:58> DEBUG [org.apache.http.headers] http-outgoing-6 >> User-Agent: Apache-HttpClient/4.5.2 (Java/1.8.0_121)
<2017-09-26 13:06:58> DEBUG [org.apache.http.headers] http-outgoing-6 >> Cookie: JSESSIONID=F6E28E4994D1584E597DBDFCCCB1737E; fast_failed=true; fast_failed=true; fast_failed=true
<2017-09-26 13:06:58> DEBUG [org.apache.http.headers] http-outgoing-6 >> Accept-Encoding: gzip,deflate
<2017-09-26 13:06:58> DEBUG [org.apache.http.wire] http-outgoing-6 >> "POST /nexperience/perfectomobile/wd/hub/session/0bb5ccaf-7de4-4682-9e6c-c5841ee5c6a7/element/7/click HTTP/1.1[\r][\n]"
<2017-09-26 13:06:58> DEBUG [org.apache.http.wire] http-outgoing-6 >> "Content-Type: application/json; charset=utf-8[\r][\n]"
<2017-09-26 13:06:58> DEBUG [org.apache.http.wire] http-outgoing-6 >> "Content-Length: 10[\r][\n]"
<2017-09-26 13:06:58> DEBUG [org.apache.http.wire] http-outgoing-6 >> "Host: branchtest.perfectomobile.com[\r][\n]"
<2017-09-26 13:06:58> DEBUG [org.apache.http.wire] http-outgoing-6 >> "Connection: Keep-Alive[\r][\n]"
<2017-09-26 13:06:58> DEBUG [org.apache.http.wire] http-outgoing-6 >> "User-Agent: Apache-HttpClient/4.5.2 (Java/1.8.0_121)[\r][\n]"
<2017-09-26 13:06:58> DEBUG [org.apache.http.wire] http-outgoing-6 >> "Cookie: JSESSIONID=F6E28E4994D1584E597DBDFCCCB1737E; fast_failed=true; fast_failed=true; fast_failed=true[\r][\n]"
<2017-09-26 13:06:58> DEBUG [org.apache.http.wire] http-outgoing-6 >> "Accept-Encoding: gzip,deflate[\r][\n]"
<2017-09-26 13:06:58> DEBUG [org.apache.http.wire] http-outgoing-6 >> "[\r][\n]"
<2017-09-26 13:06:58> DEBUG [org.apache.http.wire] http-outgoing-6 >> "{"id":"7"}"
<2017-09-26 13:06:58> DEBUG [org.apache.http.wire] http-outgoing-5 << "HTTP/1.1 200 OK[\r][\n]"
<2017-09-26 13:06:58> DEBUG [org.apache.http.wire] http-outgoing-5 << "Server: nginx[\r][\n]"
<2017-09-26 13:06:58> DEBUG [org.apache.http.wire] http-outgoing-5 << "Date: Tue, 26 Sep 2017 10:06:54 GMT[\r][\n]"
<2017-09-26 13:06:58> DEBUG [org.apache.http.wire] http-outgoing-5 << "Content-Type: application/json;charset=utf-8[\r][\n]"
<2017-09-26 13:06:58> DEBUG [org.apache.http.wire] http-outgoing-5 << "Transfer-Encoding: chunked[\r][\n]"
<2017-09-26 13:06:58> DEBUG [org.apache.http.wire] http-outgoing-5 << "Connection: keep-alive[\r][\n]"
<2017-09-26 13:06:58> DEBUG [org.apache.http.wire] http-outgoing-5 << "Set-Cookie: JSESSIONID=F6E28E4994D1584E597DBDFCCCB1737E; Path=/nexperience/; HttpOnly[\r][\n]"
<2017-09-26 13:06:58> DEBUG [org.apache.http.wire] http-outgoing-5 << "Expires: Thu, 01 Jan 1970 00:00:00 GMT[\r][\n]"
<2017-09-26 13:06:58> DEBUG [org.apache.http.wire] http-outgoing-5 << "Cache-Control: no-cache[\r][\n]"
<2017-09-26 13:06:58> DEBUG [org.apache.http.wire] http-outgoing-5 << "Cache-Control: no-cache[\r][\n]"
<2017-09-26 13:06:58> DEBUG [org.apache.http.wire] http-outgoing-5 << "Expires: Thu, 01 Jan 1970 00:00:00 GMT[\r][\n]"
<2017-09-26 13:06:58> DEBUG [org.apache.http.wire] http-outgoing-5 << "Set-Cookie: fast_failed=true[\r][\n]"
<2017-09-26 13:06:58> DEBUG [org.apache.http.wire] http-outgoing-5 << "X-XSS-Protection: 2; mode=block[\r][\n]"
<2017-09-26 13:06:58> DEBUG [org.apache.http.wire] http-outgoing-5 << "Content-Encoding: gzip[\r][\n]"
<2017-09-26 13:06:58> DEBUG [org.apache.http.wire] http-outgoing-5 << "[\r][\n]"
<2017-09-26 13:06:58> DEBUG [org.apache.http.wire] http-outgoing-5 << "95[\r][\n]"
<2017-09-26 13:06:58> DEBUG [org.apache.http.wire] http-outgoing-5 << "[0x1f][0x8b][0x8][0x0][0x0][0x0][0x0][0x0][0x0][0x3]-[0x8c]1[0x12][0x82]0[0x10]E[0xef][0xb2]5d[0x8][0x2][0x1]Z+[o[0xb0]l6[0xca]LH[0x90]%6[0x8e]ww[0xb][0xcb][0xff][0xe6][0xbd][0xff][0x1]a[0x91]5[0xa7][0x9b][0x87][0x19][0x8][0x17][0xb2][0x8d]u[0xf5][0xd4]rSw[0xbc]P=z[0x9d]![0x4][0x8f][0x96]:{[0xc1][0x1]*[0x90][0x13]OV][\n]"
<2017-09-26 13:06:58> DEBUG [org.apache.http.wire] http-outgoing-5 << "[0x91][0xd6]J[0x9e][0xd7][0xec][0x95][0xd8][0xb1][0x9f][0xda]v[0xe8][0x9d][0xab][0xe0][0x8d][0xb1](J%[0xc6][\n]"
<2017-09-26 13:06:58> DEBUG [org.apache.http.wire] http-outgoing-5 << "([0xa2]z3[0xe4][0xe3]a[0xf2][0xce][0xe9][0x85]F8rZ[0xcb]f[0xe][0xde][0xf2][0xc9][0xe6][0xce][0xb2][0xe7]$[0xfc][0xff]/[0xaa]7[0xdf][0x1f]zksU[0x9f][0x0][0x0][0x0][\r][\n]"
<2017-09-26 13:06:58> DEBUG [org.apache.http.wire] http-outgoing-5 << "0[\r][\n]"
<2017-09-26 13:06:58> DEBUG [org.apache.http.wire] http-outgoing-5 << "[\r][\n]"
<2017-09-26 13:06:58> DEBUG [org.apache.http.headers] http-outgoing-5 << HTTP/1.1 200 OK
<2017-09-26 13:06:58> DEBUG [org.apache.http.headers] http-outgoing-5 << Server: nginx
<2017-09-26 13:06:58> DEBUG [org.apache.http.headers] http-outgoing-5 << Date: Tue, 26 Sep 2017 10:06:54 GMT
<2017-09-26 13:06:58> DEBUG [org.apache.http.headers] http-outgoing-5 << Content-Type: application/json;charset=utf-8
<2017-09-26 13:06:58> DEBUG [org.apache.http.headers] http-outgoing-5 << Transfer-Encoding: chunked
<2017-09-26 13:06:58> DEBUG [org.apache.http.headers] http-outgoing-5 << Connection: keep-alive
<2017-09-26 13:06:58> DEBUG [org.apache.http.headers] http-outgoing-5 << Set-Cookie: JSESSIONID=F6E28E4994D1584E597DBDFCCCB1737E; Path=/nexperience/; HttpOnly
<2017-09-26 13:06:58> DEBUG [org.apache.http.headers] http-outgoing-5 << Expires: Thu, 01 Jan 1970 00:00:00 GMT
<2017-09-26 13:06:58> DEBUG [org.apache.http.headers] http-outgoing-5 << Cache-Control: no-cache
<2017-09-26 13:06:58> DEBUG [org.apache.http.headers] http-outgoing-5 << Cache-Control: no-cache
<2017-09-26 13:06:58> DEBUG [org.apache.http.headers] http-outgoing-5 << Expires: Thu, 01 Jan 1970 00:00:00 GMT
<2017-09-26 13:06:58> DEBUG [org.apache.http.headers] http-outgoing-5 << Set-Cookie: fast_failed=true
<2017-09-26 13:06:58> DEBUG [org.apache.http.headers] http-outgoing-5 << X-XSS-Protection: 2; mode=block
<2017-09-26 13:06:58> DEBUG [org.apache.http.headers] http-outgoing-5 << Content-Encoding: gzip
<2017-09-26 13:06:58> DEBUG [o.a.h.i.execchain.MainClientExec] Connection can be kept alive indefinitely
<2017-09-26 13:06:58> DEBUG [o.a.h.c.p.ResponseProcessCookies] Cookie accepted [JSESSIONID="F6E28E4994D1584E597DBDFCCCB1737E", version:0, domain:branchtest.perfectomobile.com, path:/nexperience/, expiry:null]
<2017-09-26 13:06:58> DEBUG [o.a.h.c.p.ResponseProcessCookies] Cookie accepted [fast_failed="true", version:0, domain:branchtest.perfectomobile.com, path:/nexperience/perfectomobile/wd/hub/session/cabc1017-92e0-4ebc-8d17-fffda1c413a6, expiry:null]
<2017-09-26 13:06:58> DEBUG [o.a.h.i.c.PoolingHttpClientConnectionManager] Connection [id: 5][route: {s}->https://branchtest.perfectomobile.com:443] can be kept alive indefinitely
<2017-09-26 13:06:58> DEBUG [o.a.h.i.c.PoolingHttpClientConnectionManager] Connection released: [id: 5][route: {s}->https://branchtest.perfectomobile.com:443][total kept alive: 1; route allocated: 3 of 2000; total allocated: 3 of 2000]
<2017-09-26 13:06:58> DEBUG [o.a.h.c.p.RequestAddCookies] CookieSpec selected: default
<2017-09-26 13:06:58> DEBUG [o.a.h.c.p.RequestAddCookies] Cookie [version: 0][name: JSESSIONID][value: F6E28E4994D1584E597DBDFCCCB1737E][domain: branchtest.perfectomobile.com][path: /nexperience/][expiry: null] match [(secure)branchtest.perfectomobile.com:443/nexperience/perfectomobile/wd/hub/session/cabc1017-92e0-4ebc-8d17-fffda1c413a6/execute]
<2017-09-26 13:06:58> DEBUG [o.a.h.c.p.RequestAddCookies] Cookie [version: 0][name: fast_failed][value: true][domain: branchtest.perfectomobile.com][path: /nexperience/perfectomobile/wd/hub][expiry: null] match [(secure)branchtest.perfectomobile.com:443/nexperience/perfectomobile/wd/hub/session/cabc1017-92e0-4ebc-8d17-fffda1c413a6/execute]
<2017-09-26 13:06:58> DEBUG [o.a.h.c.p.RequestAddCookies] Cookie [version: 0][name: fast_failed][value: true][domain: branchtest.perfectomobile.com][path: /nexperience/perfectomobile/wd/hub/session][expiry: null] match [(secure)branchtest.perfectomobile.com:443/nexperience/perfectomobile/wd/hub/session/cabc1017-92e0-4ebc-8d17-fffda1c413a6/execute]
<2017-09-26 13:06:58> DEBUG [o.a.h.c.p.RequestAddCookies] Cookie [version: 0][name: fast_failed][value: true][domain: branchtest.perfectomobile.com][path: /nexperience/perfectomobile/wd/hub/session/cabc1017-92e0-4ebc-8d17-fffda1c413a6][expiry: null] match [(secure)branchtest.perfectomobile.com:443/nexperience/perfectomobile/wd/hub/session/cabc1017-92e0-4ebc-8d17-fffda1c413a6/execute]
<2017-09-26 13:06:58> DEBUG [o.a.h.c.p.RequestAuthCache] Auth cache not set in the context
<2017-09-26 13:06:58> DEBUG [o.a.h.i.c.PoolingHttpClientConnectionManager] Connection request: [route: {s}->https://branchtest.perfectomobile.com:443][total kept alive: 1; route allocated: 3 of 2000; total allocated: 3 of 2000]
<2017-09-26 13:06:58> DEBUG [o.a.h.i.c.PoolingHttpClientConnectionManager] Connection leased: [id: 5][route: {s}->https://branchtest.perfectomobile.com:443][total kept alive: 0; route allocated: 3 of 2000; total allocated: 3 of 2000]
<2017-09-26 13:06:58> DEBUG [o.a.h.i.execchain.MainClientExec] Stale connection check
<2017-09-26 13:06:58> DEBUG [org.apache.http.wire] http-outgoing-5 << "[read] I/O error: Read timed out"
<2017-09-26 13:06:58> DEBUG [o.a.h.i.c.DefaultManagedHttpClientConnection] http-outgoing-5: set socket timeout to 10800000
<2017-09-26 13:06:58> DEBUG [o.a.h.i.execchain.MainClientExec] Executing request POST /nexperience/perfectomobile/wd/hub/session/cabc1017-92e0-4ebc-8d17-fffda1c413a6/execute HTTP/1.1
<2017-09-26 13:06:58> DEBUG [o.a.h.i.execchain.MainClientExec] Target auth state: UNCHALLENGED
<2017-09-26 13:06:58> DEBUG [o.a.h.i.execchain.MainClientExec] Proxy auth state: UNCHALLENGED
<2017-09-26 13:06:58> DEBUG [org.apache.http.headers] http-outgoing-5 >> POST /nexperience/perfectomobile/wd/hub/session/cabc1017-92e0-4ebc-8d17-fffda1c413a6/execute HTTP/1.1
<2017-09-26 13:06:58> DEBUG [org.apache.http.headers] http-outgoing-5 >> Content-Type: application/json; charset=utf-8
<2017-09-26 13:06:58> DEBUG [org.apache.http.headers] http-outgoing-5 >> Content-Length: 68
<2017-09-26 13:06:58> DEBUG [org.apache.http.headers] http-outgoing-5 >> Host: branchtest.perfectomobile.com
<2017-09-26 13:06:58> DEBUG [org.apache.http.headers] http-outgoing-5 >> Connection: Keep-Alive
<2017-09-26 13:06:58> DEBUG [org.apache.http.headers] http-outgoing-5 >> User-Agent: Apache-HttpClient/4.5.2 (Java/1.8.0_121)
<2017-09-26 13:06:58> DEBUG [org.apache.http.headers] http-outgoing-5 >> Cookie: JSESSIONID=F6E28E4994D1584E597DBDFCCCB1737E; fast_failed=true; fast_failed=true; fast_failed=true
<2017-09-26 13:06:58> DEBUG [org.apache.http.headers] http-outgoing-5 >> Accept-Encoding: gzip,deflate
<2017-09-26 13:06:58> DEBUG [org.apache.http.wire] http-outgoing-5 >> "POST /nexperience/perfectomobile/wd/hub/session/cabc1017-92e0-4ebc-8d17-fffda1c413a6/execute HTTP/1.1[\r][\n]"
<2017-09-26 13:06:58> DEBUG [org.apache.http.wire] http-outgoing-5 >> "Content-Type: application/json; charset=utf-8[\r][\n]"
<2017-09-26 13:06:58> DEBUG [org.apache.http.wire] http-outgoing-5 >> "Content-Length: 68[\r][\n]"
<2017-09-26 13:06:58> DEBUG [org.apache.http.wire] http-outgoing-5 >> "Host: branchtest.perfectomobile.com[\r][\n]"
<2017-09-26 13:06:58> DEBUG [org.apache.http.wire] http-outgoing-5 >> "Connection: Keep-Alive[\r][\n]"
<2017-09-26 13:06:58> DEBUG [org.apache.http.wire] http-outgoing-5 >> "User-Agent: Apache-HttpClient/4.5.2 (Java/1.8.0_121)[\r][\n]"
<2017-09-26 13:06:58> DEBUG [org.apache.http.wire] http-outgoing-5 >> "Cookie: JSESSIONID=F6E28E4994D1584E597DBDFCCCB1737E; fast_failed=true; fast_failed=true; fast_failed=true[\r][\n]"
<2017-09-26 13:06:58> DEBUG [org.apache.http.wire] http-outgoing-5 >> "Accept-Encoding: gzip,deflate[\r][\n]"
<2017-09-26 13:06:58> DEBUG [org.apache.http.wire] http-outgoing-5 >> "[\r][\n]"
<2017-09-26 13:06:58> DEBUG [org.apache.http.wire] http-outgoing-5 >> "{"script":"mobile:step:start","args":[{"name":"Test Registration"}]}"
<2017-09-26 13:06:58> DEBUG [org.apache.http.wire] http-outgoing-8 << "HTTP/1.1 200 OK[\r][\n]"
<2017-09-26 13:06:58> DEBUG [org.apache.http.wire] http-outgoing-8 << "Server: nginx[\r][\n]"
<2017-09-26 13:06:58> DEBUG [org.apache.http.wire] http-outgoing-8 << "Date: Tue, 26 Sep 2017 10:06:54 GMT[\r][\n]"
<2017-09-26 13:06:58> DEBUG [org.apache.http.wire] http-outgoing-8 << "Content-Type: application/json;charset=utf-8[\r][\n]"
<2017-09-26 13:06:58> DEBUG [org.apache.http.wire] http-outgoing-8 << "Transfer-Encoding: chunked[\r][\n]"
<2017-09-26 13:06:58> DEBUG [org.apache.http.wire] http-outgoing-8 << "Connection: keep-alive[\r][\n]"
<2017-09-26 13:06:58> DEBUG [org.apache.http.wire] http-outgoing-8 << "Set-Cookie: JSESSIONID=F6E28E4994D1584E597DBDFCCCB1737E; Path=/nexperience/; HttpOnly[\r][\n]"
<2017-09-26 13:06:58> DEBUG [org.apache.http.wire] http-outgoing-8 << "Expires: Thu, 01 Jan 1970 00:00:00 GMT[\r][\n]"
<2017-09-26 13:06:58> DEBUG [org.apache.http.wire] http-outgoing-8 << "Cache-Control: no-cache[\r][\n]"
<2017-09-26 13:06:58> DEBUG [org.apache.http.wire] http-outgoing-8 << "Cache-Control: no-cache[\r][\n]"
<2017-09-26 13:06:58> DEBUG [org.apache.http.wire] http-outgoing-8 << "Expires: Thu, 01 Jan 1970 00:00:00 GMT[\r][\n]"
<2017-09-26 13:06:58> DEBUG [org.apache.http.wire] http-outgoing-8 << "Set-Cookie: fast_failed=true[\r][\n]"
<2017-09-26 13:06:58> DEBUG [org.apache.http.wire] http-outgoing-8 << "X-XSS-Protection: 2; mode=block[\r][\n]"
<2017-09-26 13:06:58> DEBUG [org.apache.http.wire] http-outgoing-8 << "Content-Encoding: gzip[\r][\n]"
<2017-09-26 13:06:58> DEBUG [org.apache.http.wire] http-outgoing-8 << "[\r][\n]"
<2017-09-26 13:06:58> DEBUG [org.apache.http.wire] http-outgoing-8 << "96[\r][\n]"
<2017-09-26 13:06:58> DEBUG [org.apache.http.wire] http-outgoing-8 << "[0x1f][0x8b][0x8][0x0][0x0][0x0][0x0][0x0][0x0][0x3]-[0xcc]1[0x12][0xc2] [0x10][0x85][0xe1][0xbb]l[0x1d][0x98][0xc0][0x86]h[0xd2]Z[0xd9]z[0x3][0x84]E3C f[0x83][0x8d][0xe3][0xdd][0xdd][0xc2][0xf6][0x9f][0xef][0xbd][0xf]01/[0xb5]\#[0xcc]`-&[0x8b][0xe3][0xa0][0x2][0x8e][0xa8][0x86]d[0xee]jJ[0x1e]Up[0x13]Ng[0x13][0xd1][0x84][0x1]:[0xe0][0xc3][0x1f]$[0x9c][[0x8][0xb2][0x96][0xf2][0xbc][0xd4]([0xc5][0xb9][0xde]Y[0x83][0xf6][0xd4][0xc1][0xdb][0xe7]&[0xa5][0xb4][0x9c];[0x8][0xd9][0xb][0x9b][0xa1][0xee][0xf]]7*/[0xaf][0x99]2[0x95][0xa5][0xad]z[0xa7][0xb5][0x1e][0xa4]o[0xc4][-L[0xff][0xfb]&[0xbc][0xff][0xfe][0x0][0xbd]+[0x8c][0xdb][0x9e][0x0][0x0][0x0][\r][\n]"
<2017-09-26 13:06:58> DEBUG [org.apache.http.wire] http-outgoing-8 << "0[\r][\n]"
<2017-09-26 13:06:58> DEBUG [org.apache.http.wire] http-outgoing-8 << "[\r][\n]"
<2017-09-26 13:06:58> DEBUG [org.apache.http.headers] http-outgoing-8 << HTTP/1.1 200 OK
<2017-09-26 13:06:58> DEBUG [org.apache.http.headers] http-outgoing-8 << Server: nginx
<2017-09-26 13:06:58> DEBUG [org.apache.http.headers] http-outgoing-8 << Date: Tue, 26 Sep 2017 10:06:54 GMT
<2017-09-26 13:06:58> DEBUG [org.apache.http.headers] http-outgoing-8 << Content-Type: application/json;charset=utf-8
<2017-09-26 13:06:58> DEBUG [org.apache.http.headers] http-outgoing-8 << Transfer-Encoding: chunked
<2017-09-26 13:06:58> DEBUG [org.apache.http.headers] http-outgoing-8 << Connection: keep-alive
<2017-09-26 13:06:58> DEBUG [org.apache.http.headers] http-outgoing-8 << Set-Cookie: JSESSIONID=F6E28E4994D1584E597DBDFCCCB1737E; Path=/nexperience/; HttpOnly
<2017-09-26 13:06:58> DEBUG [org.apache.http.headers] http-outgoing-8 << Expires: Thu, 01 Jan 1970 00:00:00 GMT
<2017-09-26 13:06:58> DEBUG [org.apache.http.headers] http-outgoing-8 << Cache-Control: no-cache
<2017-09-26 13:06:58> DEBUG [org.apache.http.headers] http-outgoing-8 << Cache-Control: no-cache
<2017-09-26 13:06:58> DEBUG [org.apache.http.headers] http-outgoing-8 << Expires: Thu, 01 Jan 1970 00:00:00 GMT
<2017-09-26 13:06:58> DEBUG [org.apache.http.headers] http-outgoing-8 << Set-Cookie: fast_failed=true
<2017-09-26 13:06:58> DEBUG [org.apache.http.headers] http-outgoing-8 << X-XSS-Protection: 2; mode=block
<2017-09-26 13:06:58> DEBUG [org.apache.http.headers] http-outgoing-8 << Content-Encoding: gzip
<2017-09-26 13:06:58> DEBUG [o.a.h.i.execchain.MainClientExec] Connection can be kept alive indefinitely
<2017-09-26 13:06:58> DEBUG [o.a.h.c.p.ResponseProcessCookies] Cookie accepted [JSESSIONID="F6E28E4994D1584E597DBDFCCCB1737E", version:0, domain:branchtest.perfectomobile.com, path:/nexperience/, expiry:null]
<2017-09-26 13:06:58> DEBUG [o.a.h.c.p.ResponseProcessCookies] Cookie accepted [fast_failed="true", version:0, domain:branchtest.perfectomobile.com, path:/nexperience/perfectomobile/wd/hub/session/223f2364-c363-4f1b-9fa3-c593981d31c4/element/7, expiry:null]
<2017-09-26 13:06:58> DEBUG [o.a.h.i.c.PoolingHttpClientConnectionManager] Connection [id: 8][route: {s}->https://branchtest.perfectomobile.com:443] can be kept alive indefinitely
<2017-09-26 13:06:58> DEBUG [o.a.h.i.c.PoolingHttpClientConnectionManager] Connection released: [id: 8][route: {s}->https://branchtest.perfectomobile.com:443][total kept alive: 1; route allocated: 3 of 2000; total allocated: 3 of 2000]
<2017-09-26 13:06:58> DEBUG [o.a.h.c.p.RequestAddCookies] CookieSpec selected: default
<2017-09-26 13:06:58> DEBUG [o.a.h.c.p.RequestAddCookies] Cookie [version: 0][name: JSESSIONID][value: F6E28E4994D1584E597DBDFCCCB1737E][domain: branchtest.perfectomobile.com][path: /nexperience/][expiry: null] match [(secure)branchtest.perfectomobile.com:443/nexperience/perfectomobile/wd/hub/session/223f2364-c363-4f1b-9fa3-c593981d31c4/element]
<2017-09-26 13:06:58> DEBUG [o.a.h.c.p.RequestAddCookies] Cookie [version: 0][name: fast_failed][value: true][domain: branchtest.perfectomobile.com][path: /nexperience/perfectomobile/wd/hub][expiry: null] match [(secure)branchtest.perfectomobile.com:443/nexperience/perfectomobile/wd/hub/session/223f2364-c363-4f1b-9fa3-c593981d31c4/element]
<2017-09-26 13:06:58> DEBUG [o.a.h.c.p.RequestAddCookies] Cookie [version: 0][name: fast_failed][value: true][domain: branchtest.perfectomobile.com][path: /nexperience/perfectomobile/wd/hub/session][expiry: null] match [(secure)branchtest.perfectomobile.com:443/nexperience/perfectomobile/wd/hub/session/223f2364-c363-4f1b-9fa3-c593981d31c4/element]
<2017-09-26 13:06:58> DEBUG [o.a.h.c.p.RequestAddCookies] Cookie [version: 0][name: fast_failed][value: true][domain: branchtest.perfectomobile.com][path: /nexperience/perfectomobile/wd/hub/session/223f2364-c363-4f1b-9fa3-c593981d31c4][expiry: null] match [(secure)branchtest.perfectomobile.com:443/nexperience/perfectomobile/wd/hub/session/223f2364-c363-4f1b-9fa3-c593981d31c4/element]
<2017-09-26 13:06:58> DEBUG [o.a.h.c.p.RequestAuthCache] Auth cache not set in the context
<2017-09-26 13:06:58> DEBUG [o.a.h.i.c.PoolingHttpClientConnectionManager] Connection request: [route: {s}->https://branchtest.perfectomobile.com:443][total kept alive: 1; route allocated: 3 of 2000; total allocated: 3 of 2000]
<2017-09-26 13:06:58> DEBUG [o.a.h.i.c.PoolingHttpClientConnectionManager] Connection leased: [id: 8][route: {s}->https://branchtest.perfectomobile.com:443][total kept alive: 0; route allocated: 3 of 2000; total allocated: 3 of 2000]
<2017-09-26 13:06:58> DEBUG [o.a.h.i.execchain.MainClientExec] Stale connection check
<2017-09-26 13:06:58> DEBUG [org.apache.http.wire] http-outgoing-8 << "[read] I/O error: Read timed out"
<2017-09-26 13:06:58> DEBUG [o.a.h.i.c.DefaultManagedHttpClientConnection] http-outgoing-8: set socket timeout to 10800000
<2017-09-26 13:06:58> DEBUG [o.a.h.i.execchain.MainClientExec] Executing request POST /nexperience/perfectomobile/wd/hub/session/223f2364-c363-4f1b-9fa3-c593981d31c4/element HTTP/1.1
<2017-09-26 13:06:58> DEBUG [o.a.h.i.execchain.MainClientExec] Target auth state: UNCHALLENGED
<2017-09-26 13:06:58> DEBUG [o.a.h.i.execchain.MainClientExec] Proxy auth state: UNCHALLENGED
<2017-09-26 13:06:58> DEBUG [org.apache.http.headers] http-outgoing-8 >> POST /nexperience/perfectomobile/wd/hub/session/223f2364-c363-4f1b-9fa3-c593981d31c4/element HTTP/1.1
<2017-09-26 13:06:58> DEBUG [org.apache.http.headers] http-outgoing-8 >> Content-Type: application/json; charset=utf-8
<2017-09-26 13:06:58> DEBUG [org.apache.http.headers] http-outgoing-8 >> Content-Length: 85
<2017-09-26 13:06:58> DEBUG [org.apache.http.headers] http-outgoing-8 >> Host: branchtest.perfectomobile.com
<2017-09-26 13:06:58> DEBUG [org.apache.http.headers] http-outgoing-8 >> Connection: Keep-Alive
<2017-09-26 13:06:58> DEBUG [org.apache.http.headers] http-outgoing-8 >> User-Agent: Apache-HttpClient/4.5.2 (Java/1.8.0_121)
<2017-09-26 13:06:58> DEBUG [org.apache.http.headers] http-outgoing-8 >> Cookie: JSESSIONID=F6E28E4994D1584E597DBDFCCCB1737E; fast_failed=true; fast_failed=true; fast_failed=true
<2017-09-26 13:06:58> DEBUG [org.apache.http.headers] http-outgoing-8 >> Accept-Encoding: gzip,deflate
<2017-09-26 13:06:58> DEBUG [org.apache.http.wire] http-outgoing-8 >> "POST /nexperience/perfectomobile/wd/hub/session/223f2364-c363-4f1b-9fa3-c593981d31c4/element HTTP/1.1[\r][\n]"
<2017-09-26 13:06:58> DEBUG [org.apache.http.wire] http-outgoing-8 >> "Content-Type: application/json; charset=utf-8[\r][\n]"
<2017-09-26 13:06:58> DEBUG [org.apache.http.wire] http-outgoing-8 >> "Content-Length: 85[\r][\n]"
<2017-09-26 13:06:58> DEBUG [org.apache.http.wire] http-outgoing-8 >> "Host: branchtest.perfectomobile.com[\r][\n]"
<2017-09-26 13:06:58> DEBUG [org.apache.http.wire] http-outgoing-8 >> "Connection: Keep-Alive[\r][\n]"
<2017-09-26 13:06:58> DEBUG [org.apache.http.wire] http-outgoing-8 >> "User-Agent: Apache-HttpClient/4.5.2 (Java/1.8.0_121)[\r][\n]"
<2017-09-26 13:06:58> DEBUG [org.apache.http.wire] http-outgoing-8 >> "Cookie: JSESSIONID=F6E28E4994D1584E597DBDFCCCB1737E; fast_failed=true; fast_failed=true; fast_failed=true[\r][\n]"
<2017-09-26 13:06:58> DEBUG [org.apache.http.wire] http-outgoing-8 >> "Accept-Encoding: gzip,deflate[\r][\n]"
<2017-09-26 13:06:58> DEBUG [org.apache.http.wire] http-outgoing-8 >> "[\r][\n]"
<2017-09-26 13:06:58> DEBUG [org.apache.http.wire] http-outgoing-8 >> "{"using":"xpath","value":"//*[@id=\"register_form\"]/fieldset[3]/div/label[2]/input"}"
<2017-09-26 13:06:58> DEBUG [org.apache.http.wire] http-outgoing-6 << "HTTP/1.1 200 OK[\r][\n]"
<2017-09-26 13:06:58> DEBUG [org.apache.http.wire] http-outgoing-6 << "Server: nginx[\r][\n]"
<2017-09-26 13:06:58> DEBUG [org.apache.http.wire] http-outgoing-6 << "Date: Tue, 26 Sep 2017 10:06:54 GMT[\r][\n]"
<2017-09-26 13:06:58> DEBUG [org.apache.http.wire] http-outgoing-6 << "Content-Type: application/json;charset=utf-8[\r][\n]"
<2017-09-26 13:06:58> DEBUG [org.apache.http.wire] http-outgoing-6 << "Transfer-Encoding: chunked[\r][\n]"
<2017-09-26 13:06:58> DEBUG [org.apache.http.wire] http-outgoing-6 << "Connection: keep-alive[\r][\n]"
<2017-09-26 13:06:58> DEBUG [org.apache.http.wire] http-outgoing-6 << "Set-Cookie: JSESSIONID=F6E28E4994D1584E597DBDFCCCB1737E; Path=/nexperience/; HttpOnly[\r][\n]"
<2017-09-26 13:06:58> DEBUG [org.apache.http.wire] http-outgoing-6 << "Expires: Thu, 01 Jan 1970 00:00:00 GMT[\r][\n]"
<2017-09-26 13:06:58> DEBUG [org.apache.http.wire] http-outgoing-6 << "Cache-Control: no-cache[\r][\n]"
<2017-09-26 13:06:58> DEBUG [org.apache.http.wire] http-outgoing-6 << "Cache-Control: no-cache[\r][\n]"
<2017-09-26 13:06:58> DEBUG [org.apache.http.wire] http-outgoing-6 << "Expires: Thu, 01 Jan 1970 00:00:00 GMT[\r][\n]"
<2017-09-26 13:06:58> DEBUG [org.apache.http.wire] http-outgoing-6 << "Set-Cookie: fast_failed=true[\r][\n]"
<2017-09-26 13:06:58> DEBUG [org.apache.http.wire] http-outgoing-6 << "X-XSS-Protection: 2; mode=block[\r][\n]"
<2017-09-26 13:06:58> DEBUG [org.apache.http.wire] http-outgoing-6 << "Content-Encoding: gzip[\r][\n]"
<2017-09-26 13:06:58> DEBUG [org.apache.http.wire] http-outgoing-6 << "[\r][\n]"
<2017-09-26 13:06:58> DEBUG [org.apache.http.wire] http-outgoing-6 << "95[\r][\n]"
<2017-09-26 13:06:58> DEBUG [org.apache.http.wire] http-outgoing-6 << "[0x1f][0x8b][0x8][0x0][0x0][0x0][0x0][0x0][0x0][0x3]-[0xcc][0xbb][0xe][0xc2]0[0xc][0x85][0xe1]w[0xf1][0xdc]D[0xa5]r[0xd2][0xcb][0xca][0xc4][0xca][0x1b][0xa4][0xae][0x81]Ji[0xd2][0xd6][0x9][0xb][0xe2][0xdd][0xf1][0xc0][0xfa][0xeb];[0xe7][0x3][0xc2]"kN[0xb7][0x5]&h[0xe7][0xd9][0x11][0x85][0x87][0xe9][0x17]F[0x83]~[0xe8][0xcc][0xc8][0x9e][0xc][0xb9][0x1]/[0xcc][0x8e]|[0xe8][0xa1][0x1])[0xa1][0xb0]r[0xa9]D[0xba][0xd6][0xf2][0xba][0xe6]E[0x8b][0xc7][0x11][0x9d]G[0xec][0x1a]x[0x87]X[0xb5][0xa4][0x1a]c[0x3][0x14][0x83][0xb2][0x9][0xf2][0xf9][0xb4]y[0xe7]t[0x4]+[0x1c]9[0xad]u[0xb3]'o[0xb9][0xb0][0xbd][0xb3][0xec]9[0x9][0xff][0xef][0xab][0xf2][0xf6][0xfb][0x3]4/[0xb2]~[0x9e][0x0][0x0][0x0][\r][\n]"
<2017-09-26 13:06:58> DEBUG [org.apache.http.wire] http-outgoing-6 << "0[\r][\n]"
<2017-09-26 13:06:58> DEBUG [org.apache.http.wire] http-outgoing-6 << "[\r][\n]"
<2017-09-26 13:06:58> DEBUG [org.apache.http.headers] http-outgoing-6 << HTTP/1.1 200 OK
<2017-09-26 13:06:58> DEBUG [org.apache.http.headers] http-outgoing-6 << Server: nginx
<2017-09-26 13:06:58> DEBUG [org.apache.http.headers] http-outgoing-6 << Date: Tue, 26 Sep 2017 10:06:54 GMT
<2017-09-26 13:06:58> DEBUG [org.apache.http.headers] http-outgoing-6 << Content-Type: application/json;charset=utf-8
<2017-09-26 13:06:58> DEBUG [org.apache.http.headers] http-outgoing-6 << Transfer-Encoding: chunked
<2017-09-26 13:06:58> DEBUG [org.apache.http.headers] http-outgoing-6 << Connection: keep-alive
<2017-09-26 13:06:58> DEBUG [org.apache.http.headers] http-outgoing-6 << Set-Cookie: JSESSIONID=F6E28E4994D1584E597DBDFCCCB1737E; Path=/nexperience/; HttpOnly
<2017-09-26 13:06:58> DEBUG [org.apache.http.headers] http-outgoing-6 << Expires: Thu, 01 Jan 1970 00:00:00 GMT
<2017-09-26 13:06:58> DEBUG [org.apache.http.headers] http-outgoing-6 << Cache-Control: no-cache
<2017-09-26 13:06:58> DEBUG [org.apache.http.headers] http-outgoing-6 << Cache-Control: no-cache
<2017-09-26 13:06:58> DEBUG [org.apache.http.headers] http-outgoing-6 << Expires: Thu, 01 Jan 1970 00:00:00 GMT
<2017-09-26 13:06:58> DEBUG [org.apache.http.headers] http-outgoing-6 << Set-Cookie: fast_failed=true
<2017-09-26 13:06:58> DEBUG [org.apache.http.headers] http-outgoing-6 << X-XSS-Protection: 2; mode=block
<2017-09-26 13:06:58> DEBUG [org.apache.http.headers] http-outgoing-6 << Content-Encoding: gzip
<2017-09-26 13:06:58> DEBUG [o.a.h.i.execchain.MainClientExec] Connection can be kept alive indefinitely
<2017-09-26 13:06:58> DEBUG [o.a.h.c.p.ResponseProcessCookies] Cookie accepted [JSESSIONID="F6E28E4994D1584E597DBDFCCCB1737E", version:0, domain:branchtest.perfectomobile.com, path:/nexperience/, expiry:null]
<2017-09-26 13:06:58> DEBUG [o.a.h.c.p.ResponseProcessCookies] Cookie accepted [fast_failed="true", version:0, domain:branchtest.perfectomobile.com, path:/nexperience/perfectomobile/wd/hub/session/0bb5ccaf-7de4-4682-9e6c-c5841ee5c6a7/element/7, expiry:null]
<2017-09-26 13:06:58> DEBUG [o.a.h.i.c.PoolingHttpClientConnectionManager] Connection [id: 6][route: {s}->https://branchtest.perfectomobile.com:443] can be kept alive indefinitely
<2017-09-26 13:06:58> DEBUG [o.a.h.i.c.PoolingHttpClientConnectionManager] Connection released: [id: 6][route: {s}->https://branchtest.perfectomobile.com:443][total kept alive: 1; route allocated: 3 of 2000; total allocated: 3 of 2000]
<2017-09-26 13:06:58> DEBUG [o.a.h.c.p.RequestAddCookies] CookieSpec selected: default
<2017-09-26 13:06:58> DEBUG [o.a.h.c.p.RequestAddCookies] Cookie [version: 0][name: JSESSIONID][value: F6E28E4994D1584E597DBDFCCCB1737E][domain: branchtest.perfectomobile.com][path: /nexperience/][expiry: null] match [(secure)branchtest.perfectomobile.com:443/nexperience/perfectomobile/wd/hub/session/0bb5ccaf-7de4-4682-9e6c-c5841ee5c6a7/element]
<2017-09-26 13:06:58> DEBUG [o.a.h.c.p.RequestAddCookies] Cookie [version: 0][name: fast_failed][value: true][domain: branchtest.perfectomobile.com][path: /nexperience/perfectomobile/wd/hub][expiry: null] match [(secure)branchtest.perfectomobile.com:443/nexperience/perfectomobile/wd/hub/session/0bb5ccaf-7de4-4682-9e6c-c5841ee5c6a7/element]
<2017-09-26 13:06:58> DEBUG [o.a.h.c.p.RequestAddCookies] Cookie [version: 0][name: fast_failed][value: true][domain: branchtest.perfectomobile.com][path: /nexperience/perfectomobile/wd/hub/session][expiry: null] match [(secure)branchtest.perfectomobile.com:443/nexperience/perfectomobile/wd/hub/session/0bb5ccaf-7de4-4682-9e6c-c5841ee5c6a7/element]
<2017-09-26 13:06:58> DEBUG [o.a.h.c.p.RequestAddCookies] Cookie [version: 0][name: fast_failed][value: true][domain: branchtest.perfectomobile.com][path: /nexperience/perfectomobile/wd/hub/session/0bb5ccaf-7de4-4682-9e6c-c5841ee5c6a7][expiry: null] match [(secure)branchtest.perfectomobile.com:443/nexperience/perfectomobile/wd/hub/session/0bb5ccaf-7de4-4682-9e6c-c5841ee5c6a7/element]
<2017-09-26 13:06:58> DEBUG [o.a.h.c.p.RequestAuthCache] Auth cache not set in the context
<2017-09-26 13:06:58> DEBUG [o.a.h.i.c.PoolingHttpClientConnectionManager] Connection request: [route: {s}->https://branchtest.perfectomobile.com:443][total kept alive: 1; route allocated: 3 of 2000; total allocated: 3 of 2000]
<2017-09-26 13:06:58> DEBUG [o.a.h.i.c.PoolingHttpClientConnectionManager] Connection leased: [id: 6][route: {s}->https://branchtest.perfectomobile.com:443][total kept alive: 0; route allocated: 3 of 2000; total allocated: 3 of 2000]
<2017-09-26 13:06:58> DEBUG [o.a.h.i.execchain.MainClientExec] Stale connection check
<2017-09-26 13:06:58> DEBUG [org.apache.http.wire] http-outgoing-6 << "[read] I/O error: Read timed out"
<2017-09-26 13:06:58> DEBUG [o.a.h.i.c.DefaultManagedHttpClientConnection] http-outgoing-6: set socket timeout to 10800000
<2017-09-26 13:06:58> DEBUG [o.a.h.i.execchain.MainClientExec] Executing request POST /nexperience/perfectomobile/wd/hub/session/0bb5ccaf-7de4-4682-9e6c-c5841ee5c6a7/element HTTP/1.1
<2017-09-26 13:06:58> DEBUG [o.a.h.i.execchain.MainClientExec] Target auth state: UNCHALLENGED
<2017-09-26 13:06:58> DEBUG [o.a.h.i.execchain.MainClientExec] Proxy auth state: UNCHALLENGED
<2017-09-26 13:06:58> DEBUG [org.apache.http.headers] http-outgoing-6 >> POST /nexperience/perfectomobile/wd/hub/session/0bb5ccaf-7de4-4682-9e6c-c5841ee5c6a7/element HTTP/1.1
<2017-09-26 13:06:58> DEBUG [org.apache.http.headers] http-outgoing-6 >> Content-Type: application/json; charset=utf-8
<2017-09-26 13:06:58> DEBUG [org.apache.http.headers] http-outgoing-6 >> Content-Length: 85
<2017-09-26 13:06:58> DEBUG [org.apache.http.headers] http-outgoing-6 >> Host: branchtest.perfectomobile.com
<2017-09-26 13:06:58> DEBUG [org.apache.http.headers] http-outgoing-6 >> Connection: Keep-Alive
<2017-09-26 13:06:58> DEBUG [org.apache.http.headers] http-outgoing-6 >> User-Agent: Apache-HttpClient/4.5.2 (Java/1.8.0_121)
<2017-09-26 13:06:58> DEBUG [org.apache.http.headers] http-outgoing-6 >> Cookie: JSESSIONID=F6E28E4994D1584E597DBDFCCCB1737E; fast_failed=true; fast_failed=true; fast_failed=true
<2017-09-26 13:06:58> DEBUG [org.apache.http.headers] http-outgoing-6 >> Accept-Encoding: gzip,deflate
<2017-09-26 13:06:58> DEBUG [org.apache.http.wire] http-outgoing-6 >> "POST /nexperience/perfectomobile/wd/hub/session/0bb5ccaf-7de4-4682-9e6c-c5841ee5c6a7/element HTTP/1.1[\r][\n]"
<2017-09-26 13:06:58> DEBUG [org.apache.http.wire] http-outgoing-6 >> "Content-Type: application/json; charset=utf-8[\r][\n]"
<2017-09-26 13:06:58> DEBUG [org.apache.http.wire] http-outgoing-6 >> "Content-Length: 85[\r][\n]"
<2017-09-26 13:06:58> DEBUG [org.apache.http.wire] http-outgoing-6 >> "Host: branchtest.perfectomobile.com[\r][\n]"
<2017-09-26 13:06:58> DEBUG [org.apache.http.wire] http-outgoing-6 >> "Connection: Keep-Alive[\r][\n]"
<2017-09-26 13:06:58> DEBUG [org.apache.http.wire] http-outgoing-6 >> "User-Agent: Apache-HttpClient/4.5.2 (Java/1.8.0_121)[\r][\n]"
<2017-09-26 13:06:58> DEBUG [org.apache.http.wire] http-outgoing-6 >> "Cookie: JSESSIONID=F6E28E4994D1584E597DBDFCCCB1737E; fast_failed=true; fast_failed=true; fast_failed=true[\r][\n]"
<2017-09-26 13:06:58> DEBUG [org.apache.http.wire] http-outgoing-6 >> "Accept-Encoding: gzip,deflate[\r][\n]"
<2017-09-26 13:06:58> DEBUG [org.apache.http.wire] http-outgoing-6 >> "[\r][\n]"
<2017-09-26 13:06:58> DEBUG [org.apache.http.wire] http-outgoing-6 >> "{"using":"xpath","value":"//*[@id=\"register_form\"]/fieldset[3]/div/label[2]/input"}"
<2017-09-26 13:06:58> DEBUG [org.apache.http.wire] http-outgoing-5 << "HTTP/1.1 200 OK[\r][\n]"
<2017-09-26 13:06:58> DEBUG [org.apache.http.wire] http-outgoing-5 << "Server: nginx[\r][\n]"
<2017-09-26 13:06:58> DEBUG [org.apache.http.wire] http-outgoing-5 << "Date: Tue, 26 Sep 2017 10:06:55 GMT[\r][\n]"
<2017-09-26 13:06:58> DEBUG [org.apache.http.wire] http-outgoing-5 << "Content-Type: application/json;charset=utf-8[\r][\n]"
<2017-09-26 13:06:58> DEBUG [org.apache.http.wire] http-outgoing-5 << "Transfer-Encoding: chunked[\r][\n]"
<2017-09-26 13:06:58> DEBUG [org.apache.http.wire] http-outgoing-5 << "Connection: keep-alive[\r][\n]"
<2017-09-26 13:06:58> DEBUG [org.apache.http.wire] http-outgoing-5 << "Set-Cookie: JSESSIONID=F6E28E4994D1584E597DBDFCCCB1737E; Path=/nexperience/; HttpOnly[\r][\n]"
<2017-09-26 13:06:58> DEBUG [org.apache.http.wire] http-outgoing-5 << "Expires: Thu, 01 Jan 1970 00:00:00 GMT[\r][\n]"
<2017-09-26 13:06:58> DEBUG [org.apache.http.wire] http-outgoing-5 << "Cache-Control: no-cache[\r][\n]"
<2017-09-26 13:06:58> DEBUG [org.apache.http.wire] http-outgoing-5 << "Cache-Control: no-cache[\r][\n]"
<2017-09-26 13:06:58> DEBUG [org.apache.http.wire] http-outgoing-5 << "Expires: Thu, 01 Jan 1970 00:00:00 GMT[\r][\n]"
<2017-09-26 13:06:58> DEBUG [org.apache.http.wire] http-outgoing-5 << "Set-Cookie: fast_failed=true[\r][\n]"
<2017-09-26 13:06:58> DEBUG [org.apache.http.wire] http-outgoing-5 << "X-XSS-Protection: 2; mode=block[\r][\n]"
<2017-09-26 13:06:58> DEBUG [org.apache.http.wire] http-outgoing-5 << "Content-Encoding: gzip[\r][\n]"
<2017-09-26 13:06:58> DEBUG [org.apache.http.wire] http-outgoing-5 << "[\r][\n]"
<2017-09-26 13:06:58> DEBUG [org.apache.http.wire] http-outgoing-5 << "94[\r][\n]"
<2017-09-26 13:06:58> DEBUG [org.apache.http.wire] http-outgoing-5 << "[0x1f][0x8b][0x8][0x0][0x0][0x0][0x0][0x0][0x0][0x3]-[0x8c][0xc1][0xe][0x82]0[0x10]D[0xff]e[0xcf][0xd0]P[0xa9][0x5][0xb9]z[0xf2][0xea][0x1f],[0xdb]EI[0xa0][0x5][0xb6][0xf5]b[0xfc]w[0xd7][0xc4][0xe3][0xbc]y3o[0x10][0x16][0x99]S[0xbc][0x5][0x18][0x80]p$[0xdb][0xd8][0xae][0xbe][0x9c][0xb8][0xa9][0x1d][0x8f]T[0xf7]A[0xe3]4M[0x1]-9[0xdb][0xa2][0x87][\n]"
<2017-09-26 13:06:58> DEBUG [org.apache.http.wire] http-outgoing-5 << "$cf[0xd5][0xa5][0x10][0xe9]Z[0xc9][0xf3][0x9a][0x82][0x12]k[0xfb][0xae][0xf5][0xe7][0xce][0xf9][\n]"
<2017-09-26 13:06:58> DEBUG [org.apache.http.wire] http-outgoing-5 << "^[0xb8][0x94][0x9f][0xa4]--[0xa8][0xd6][0x0][0xe9]x[0x98][0xb4]q[0xdc][0xd1][0x8]/[0x1c][0xe7][0xb2][0x9a][0x83][0xd7][0x94][0xd9][0xdc]Y[0xb6][0x14][0x85][0xff][0xef]E[0xf5][0xe6][0xf3][0x5][0xbd][0xef]*M[0x9d][0x0][0x0][0x0][\r][\n]"
<2017-09-26 13:06:58> DEBUG [org.apache.http.wire] http-outgoing-5 << "0[\r][\n]"
<2017-09-26 13:06:58> DEBUG [org.apache.http.wire] http-outgoing-5 << "[\r][\n]"
<2017-09-26 13:06:58> DEBUG [org.apache.http.headers] http-outgoing-5 << HTTP/1.1 200 OK
<2017-09-26 13:06:58> DEBUG [org.apache.http.headers] http-outgoing-5 << Server: nginx
<2017-09-26 13:06:58> DEBUG [org.apache.http.headers] http-outgoing-5 << Date: Tue, 26 Sep 2017 10:06:55 GMT
<2017-09-26 13:06:58> DEBUG [org.apache.http.headers] http-outgoing-5 << Content-Type: application/json;charset=utf-8
<2017-09-26 13:06:58> DEBUG [org.apache.http.headers] http-outgoing-5 << Transfer-Encoding: chunked
<2017-09-26 13:06:58> DEBUG [org.apache.http.headers] http-outgoing-5 << Connection: keep-alive
<2017-09-26 13:06:58> DEBUG [org.apache.http.headers] http-outgoing-5 << Set-Cookie: JSESSIONID=F6E28E4994D1584E597DBDFCCCB1737E; Path=/nexperience/; HttpOnly
<2017-09-26 13:06:58> DEBUG [org.apache.http.headers] http-outgoing-5 << Expires: Thu, 01 Jan 1970 00:00:00 GMT
<2017-09-26 13:06:58> DEBUG [org.apache.http.headers] http-outgoing-5 << Cache-Control: no-cache
<2017-09-26 13:06:58> DEBUG [org.apache.http.headers] http-outgoing-5 << Cache-Control: no-cache
<2017-09-26 13:06:58> DEBUG [org.apache.http.headers] http-outgoing-5 << Expires: Thu, 01 Jan 1970 00:00:00 GMT
<2017-09-26 13:06:58> DEBUG [org.apache.http.headers] http-outgoing-5 << Set-Cookie: fast_failed=true
<2017-09-26 13:06:58> DEBUG [org.apache.http.headers] http-outgoing-5 << X-XSS-Protection: 2; mode=block
<2017-09-26 13:06:58> DEBUG [org.apache.http.headers] http-outgoing-5 << Content-Encoding: gzip
<2017-09-26 13:06:58> DEBUG [o.a.h.i.execchain.MainClientExec] Connection can be kept alive indefinitely
<2017-09-26 13:06:58> DEBUG [o.a.h.c.p.ResponseProcessCookies] Cookie accepted [JSESSIONID="F6E28E4994D1584E597DBDFCCCB1737E", version:0, domain:branchtest.perfectomobile.com, path:/nexperience/, expiry:null]
<2017-09-26 13:06:58> DEBUG [o.a.h.c.p.ResponseProcessCookies] Cookie accepted [fast_failed="true", version:0, domain:branchtest.perfectomobile.com, path:/nexperience/perfectomobile/wd/hub/session/cabc1017-92e0-4ebc-8d17-fffda1c413a6, expiry:null]
<2017-09-26 13:06:58> DEBUG [o.a.h.i.c.PoolingHttpClientConnectionManager] Connection [id: 5][route: {s}->https://branchtest.perfectomobile.com:443] can be kept alive indefinitely
<2017-09-26 13:06:58> DEBUG [o.a.h.i.c.PoolingHttpClientConnectionManager] Connection released: [id: 5][route: {s}->https://branchtest.perfectomobile.com:443][total kept alive: 1; route allocated: 3 of 2000; total allocated: 3 of 2000]
<2017-09-26 13:06:58> DEBUG [o.a.h.c.p.RequestAddCookies] CookieSpec selected: default
<2017-09-26 13:06:58> DEBUG [o.a.h.c.p.RequestAddCookies] Cookie [version: 0][name: JSESSIONID][value: F6E28E4994D1584E597DBDFCCCB1737E][domain: branchtest.perfectomobile.com][path: /nexperience/][expiry: null] match [(secure)branchtest.perfectomobile.com:443/nexperience/perfectomobile/wd/hub/session/cabc1017-92e0-4ebc-8d17-fffda1c413a6/element]
<2017-09-26 13:06:58> DEBUG [o.a.h.c.p.RequestAddCookies] Cookie [version: 0][name: fast_failed][value: true][domain: branchtest.perfectomobile.com][path: /nexperience/perfectomobile/wd/hub][expiry: null] match [(secure)branchtest.perfectomobile.com:443/nexperience/perfectomobile/wd/hub/session/cabc1017-92e0-4ebc-8d17-fffda1c413a6/element]
<2017-09-26 13:06:58> DEBUG [o.a.h.c.p.RequestAddCookies] Cookie [version: 0][name: fast_failed][value: true][domain: branchtest.perfectomobile.com][path: /nexperience/perfectomobile/wd/hub/session][expiry: null] match [(secure)branchtest.perfectomobile.com:443/nexperience/perfectomobile/wd/hub/session/cabc1017-92e0-4ebc-8d17-fffda1c413a6/element]
<2017-09-26 13:06:58> DEBUG [o.a.h.c.p.RequestAddCookies] Cookie [version: 0][name: fast_failed][value: true][domain: branchtest.perfectomobile.com][path: /nexperience/perfectomobile/wd/hub/session/cabc1017-92e0-4ebc-8d17-fffda1c413a6][expiry: null] match [(secure)branchtest.perfectomobile.com:443/nexperience/perfectomobile/wd/hub/session/cabc1017-92e0-4ebc-8d17-fffda1c413a6/element]
<2017-09-26 13:06:58> DEBUG [o.a.h.c.p.RequestAuthCache] Auth cache not set in the context
<2017-09-26 13:06:58> DEBUG [o.a.h.i.c.PoolingHttpClientConnectionManager] Connection request: [route: {s}->https://branchtest.perfectomobile.com:443][total kept alive: 1; route allocated: 3 of 2000; total allocated: 3 of 2000]
<2017-09-26 13:06:58> DEBUG [o.a.h.i.c.PoolingHttpClientConnectionManager] Connection leased: [id: 5][route: {s}->https://branchtest.perfectomobile.com:443][total kept alive: 0; route allocated: 3 of 2000; total allocated: 3 of 2000]
<2017-09-26 13:06:58> DEBUG [o.a.h.i.execchain.MainClientExec] Stale connection check
<2017-09-26 13:06:58> DEBUG [org.apache.http.wire] http-outgoing-5 << "[read] I/O error: Read timed out"
<2017-09-26 13:06:58> DEBUG [o.a.h.i.c.DefaultManagedHttpClientConnection] http-outgoing-5: set socket timeout to 10800000
<2017-09-26 13:06:58> DEBUG [o.a.h.i.execchain.MainClientExec] Executing request POST /nexperience/perfectomobile/wd/hub/session/cabc1017-92e0-4ebc-8d17-fffda1c413a6/element HTTP/1.1
<2017-09-26 13:06:58> DEBUG [o.a.h.i.execchain.MainClientExec] Target auth state: UNCHALLENGED
<2017-09-26 13:06:58> DEBUG [o.a.h.i.execchain.MainClientExec] Proxy auth state: UNCHALLENGED
<2017-09-26 13:06:58> DEBUG [org.apache.http.headers] http-outgoing-5 >> POST /nexperience/perfectomobile/wd/hub/session/cabc1017-92e0-4ebc-8d17-fffda1c413a6/element HTTP/1.1
<2017-09-26 13:06:58> DEBUG [org.apache.http.headers] http-outgoing-5 >> Content-Type: application/json; charset=utf-8
<2017-09-26 13:06:58> DEBUG [org.apache.http.headers] http-outgoing-5 >> Content-Length: 77
<2017-09-26 13:06:58> DEBUG [org.apache.http.headers] http-outgoing-5 >> Host: branchtest.perfectomobile.com
<2017-09-26 13:06:58> DEBUG [org.apache.http.headers] http-outgoing-5 >> Connection: Keep-Alive
<2017-09-26 13:06:58> DEBUG [org.apache.http.headers] http-outgoing-5 >> User-Agent: Apache-HttpClient/4.5.2 (Java/1.8.0_121)
<2017-09-26 13:06:58> DEBUG [org.apache.http.headers] http-outgoing-5 >> Cookie: JSESSIONID=F6E28E4994D1584E597DBDFCCCB1737E; fast_failed=true; fast_failed=true; fast_failed=true
<2017-09-26 13:06:58> DEBUG [org.apache.http.headers] http-outgoing-5 >> Accept-Encoding: gzip,deflate
<2017-09-26 13:06:58> DEBUG [org.apache.http.wire] http-outgoing-5 >> "POST /nexperience/perfectomobile/wd/hub/session/cabc1017-92e0-4ebc-8d17-fffda1c413a6/element HTTP/1.1[\r][\n]"
<2017-09-26 13:06:58> DEBUG [org.apache.http.wire] http-outgoing-5 >> "Content-Type: application/json; charset=utf-8[\r][\n]"
<2017-09-26 13:06:58> DEBUG [org.apache.http.wire] http-outgoing-5 >> "Content-Length: 77[\r][\n]"
<2017-09-26 13:06:58> DEBUG [org.apache.http.wire] http-outgoing-5 >> "Host: branchtest.perfectomobile.com[\r][\n]"
<2017-09-26 13:06:58> DEBUG [org.apache.http.wire] http-outgoing-5 >> "Connection: Keep-Alive[\r][\n]"
<2017-09-26 13:06:58> DEBUG [org.apache.http.wire] http-outgoing-5 >> "User-Agent: Apache-HttpClient/4.5.2 (Java/1.8.0_121)[\r][\n]"
<2017-09-26 13:06:58> DEBUG [org.apache.http.wire] http-outgoing-5 >> "Cookie: JSESSIONID=F6E28E4994D1584E597DBDFCCCB1737E; fast_failed=true; fast_failed=true; fast_failed=true[\r][\n]"
<2017-09-26 13:06:58> DEBUG [org.apache.http.wire] http-outgoing-5 >> "Accept-Encoding: gzip,deflate[\r][\n]"
<2017-09-26 13:06:58> DEBUG [org.apache.http.wire] http-outgoing-5 >> "[\r][\n]"
<2017-09-26 13:06:58> DEBUG [org.apache.http.wire] http-outgoing-5 >> "{"using":"xpath","value":"//*[@id=\"register_form\"]/fieldset[1]/p[1]/input"}"
<2017-09-26 13:06:58> DEBUG [org.apache.http.wire] http-outgoing-8 << "HTTP/1.1 200 OK[\r][\n]"
<2017-09-26 13:06:58> DEBUG [org.apache.http.wire] http-outgoing-8 << "Server: nginx[\r][\n]"
<2017-09-26 13:06:58> DEBUG [org.apache.http.wire] http-outgoing-8 << "Date: Tue, 26 Sep 2017 10:06:55 GMT[\r][\n]"
<2017-09-26 13:06:58> DEBUG [org.apache.http.wire] http-outgoing-8 << "Content-Type: application/json;charset=utf-8[\r][\n]"
<2017-09-26 13:06:58> DEBUG [org.apache.http.wire] http-outgoing-8 << "Transfer-Encoding: chunked[\r][\n]"
<2017-09-26 13:06:58> DEBUG [org.apache.http.wire] http-outgoing-8 << "Connection: keep-alive[\r][\n]"
<2017-09-26 13:06:58> DEBUG [org.apache.http.wire] http-outgoing-8 << "Set-Cookie: JSESSIONID=F6E28E4994D1584E597DBDFCCCB1737E; Path=/nexperience/; HttpOnly[\r][\n]"
<2017-09-26 13:06:58> DEBUG [org.apache.http.wire] http-outgoing-8 << "Expires: Thu, 01 Jan 1970 00:00:00 GMT[\r][\n]"
<2017-09-26 13:06:58> DEBUG [org.apache.http.wire] http-outgoing-8 << "Cache-Control: no-cache[\r][\n]"
<2017-09-26 13:06:58> DEBUG [org.apache.http.wire] http-outgoing-8 << "Cache-Control: no-cache[\r][\n]"
<2017-09-26 13:06:58> DEBUG [org.apache.http.wire] http-outgoing-8 << "Expires: Thu, 01 Jan 1970 00:00:00 GMT[\r][\n]"
<2017-09-26 13:06:58> DEBUG [org.apache.http.wire] http-outgoing-8 << "Set-Cookie: fast_failed=true[\r][\n]"
<2017-09-26 13:06:58> DEBUG [org.apache.http.wire] http-outgoing-8 << "X-XSS-Protection: 2; mode=block[\r][\n]"
<2017-09-26 13:06:58> DEBUG [org.apache.http.wire] http-outgoing-8 << "Content-Encoding: gzip[\r][\n]"
<2017-09-26 13:06:58> DEBUG [org.apache.http.wire] http-outgoing-8 << "[\r][\n]"
<2017-09-26 13:06:58> DEBUG [org.apache.http.wire] http-outgoing-8 << "a1[\r][\n]"
<2017-09-26 13:06:58> DEBUG [org.apache.http.wire] http-outgoing-8 << "[0x1f][0x8b][0x8][0x0][0x0][0x0][0x0][0x0][0x0][0x3]-[0x8d]A[0xe][0x82]0[0x10][0x0][0xff][0xb2]g[0xda][0xd0]n%[0xc0][0xd5]p0Q[0xf][0xc6][0xf][0xd4][0xb2][0xa8][0x9][0xb4][0xc8]R/[0x84][0xbf][0xbb][0x7][0xaf][0x93][0x99][0xcc][0x6]L[0xcc][0xef][0x14]O=[0xb4]`-[0xe][0x16]+[0xa7][0x2]V[0xa8][0xdc]`[0x1e][0xaa][0x19]<[0xaa]ph[0xb0][0xa9]M[0x8f]&8([0x80]W[0xbf][0x92][0xe8][0x9c]C[0x90]Z[0xc8][0xeb][0x98]z![0x6]+[Zt[0xd6][0x16][0xf0][0xf5]c[0x16][0xb4]Aw[0xee].[0xdd][0xf5].~[\r]{[0x1]a[0xf4][0x92][0xb4][0x90][0x96][0xa7]N3[0xc5][0x8f][0xd7]L#[0xc5]w[0x9e][0xf4]BSZI[0xdf][0x88][0xe7][0x14][0x99][0xfe][0xab],z[0xb9][0xff][0x0][0xb4]O[0xfc][0xc4][0xaa][0x0][0x0][0x0][\r][\n]"
<2017-09-26 13:06:58> DEBUG [org.apache.http.wire] http-outgoing-8 << "0[\r][\n]"
<2017-09-26 13:06:58> DEBUG [org.apache.http.wire] http-outgoing-8 << "[\r][\n]"
<2017-09-26 13:06:58> DEBUG [org.apache.http.headers] http-outgoing-8 << HTTP/1.1 200 OK
<2017-09-26 13:06:58> DEBUG [org.apache.http.headers] http-outgoing-8 << Server: nginx
<2017-09-26 13:06:58> DEBUG [org.apache.http.headers] http-outgoing-8 << Date: Tue, 26 Sep 2017 10:06:55 GMT
<2017-09-26 13:06:58> DEBUG [org.apache.http.headers] http-outgoing-8 << Content-Type: application/json;charset=utf-8
<2017-09-26 13:06:58> DEBUG [org.apache.http.headers] http-outgoing-8 << Transfer-Encoding: chunked
<2017-09-26 13:06:58> DEBUG [org.apache.http.headers] http-outgoing-8 << Connection: keep-alive
<2017-09-26 13:06:58> DEBUG [org.apache.http.headers] http-outgoing-8 << Set-Cookie: JSESSIONID=F6E28E4994D1584E597DBDFCCCB1737E; Path=/nexperience/; HttpOnly
<2017-09-26 13:06:58> DEBUG [org.apache.http.headers] http-outgoing-8 << Expires: Thu, 01 Jan 1970 00:00:00 GMT
<2017-09-26 13:06:58> DEBUG [org.apache.http.headers] http-outgoing-8 << Cache-Control: no-cache
<2017-09-26 13:06:58> DEBUG [org.apache.http.headers] http-outgoing-8 << Cache-Control: no-cache
<2017-09-26 13:06:58> DEBUG [org.apache.http.headers] http-outgoing-8 << Expires: Thu, 01 Jan 1970 00:00:00 GMT
<2017-09-26 13:06:58> DEBUG [org.apache.http.headers] http-outgoing-8 << Set-Cookie: fast_failed=true
<2017-09-26 13:06:58> DEBUG [org.apache.http.headers] http-outgoing-8 << X-XSS-Protection: 2; mode=block
<2017-09-26 13:06:58> DEBUG [org.apache.http.headers] http-outgoing-8 << Content-Encoding: gzip
<2017-09-26 13:06:58> DEBUG [o.a.h.i.execchain.MainClientExec] Connection can be kept alive indefinitely
<2017-09-26 13:06:58> DEBUG [o.a.h.c.p.ResponseProcessCookies] Cookie accepted [JSESSIONID="F6E28E4994D1584E597DBDFCCCB1737E", version:0, domain:branchtest.perfectomobile.com, path:/nexperience/, expiry:null]
<2017-09-26 13:06:58> DEBUG [o.a.h.c.p.ResponseProcessCookies] Cookie accepted [fast_failed="true", version:0, domain:branchtest.perfectomobile.com, path:/nexperience/perfectomobile/wd/hub/session/223f2364-c363-4f1b-9fa3-c593981d31c4, expiry:null]
<2017-09-26 13:06:58> DEBUG [o.a.h.i.c.PoolingHttpClientConnectionManager] Connection [id: 8][route: {s}->https://branchtest.perfectomobile.com:443] can be kept alive indefinitely
<2017-09-26 13:06:58> DEBUG [o.a.h.i.c.PoolingHttpClientConnectionManager] Connection released: [id: 8][route: {s}->https://branchtest.perfectomobile.com:443][total kept alive: 1; route allocated: 3 of 2000; total allocated: 3 of 2000]
<2017-09-26 13:06:58> DEBUG [o.a.h.c.p.RequestAddCookies] CookieSpec selected: default
<2017-09-26 13:06:58> DEBUG [o.a.h.c.p.RequestAddCookies] Cookie [version: 0][name: JSESSIONID][value: F6E28E4994D1584E597DBDFCCCB1737E][domain: branchtest.perfectomobile.com][path: /nexperience/][expiry: null] match [(secure)branchtest.perfectomobile.com:443/nexperience/perfectomobile/wd/hub/session/223f2364-c363-4f1b-9fa3-c593981d31c4/element/8/click]
<2017-09-26 13:06:58> DEBUG [o.a.h.c.p.RequestAddCookies] Cookie [version: 0][name: fast_failed][value: true][domain: branchtest.perfectomobile.com][path: /nexperience/perfectomobile/wd/hub][expiry: null] match [(secure)branchtest.perfectomobile.com:443/nexperience/perfectomobile/wd/hub/session/223f2364-c363-4f1b-9fa3-c593981d31c4/element/8/click]
<2017-09-26 13:06:58> DEBUG [o.a.h.c.p.RequestAddCookies] Cookie [version: 0][name: fast_failed][value: true][domain: branchtest.perfectomobile.com][path: /nexperience/perfectomobile/wd/hub/session][expiry: null] match [(secure)branchtest.perfectomobile.com:443/nexperience/perfectomobile/wd/hub/session/223f2364-c363-4f1b-9fa3-c593981d31c4/element/8/click]
<2017-09-26 13:06:58> DEBUG [o.a.h.c.p.RequestAddCookies] Cookie [version: 0][name: fast_failed][value: true][domain: branchtest.perfectomobile.com][path: /nexperience/perfectomobile/wd/hub/session/223f2364-c363-4f1b-9fa3-c593981d31c4][expiry: null] match [(secure)branchtest.perfectomobile.com:443/nexperience/perfectomobile/wd/hub/session/223f2364-c363-4f1b-9fa3-c593981d31c4/element/8/click]
<2017-09-26 13:06:58> DEBUG [o.a.h.c.p.RequestAuthCache] Auth cache not set in the context
<2017-09-26 13:06:58> DEBUG [o.a.h.i.c.PoolingHttpClientConnectionManager] Connection request: [route: {s}->https://branchtest.perfectomobile.com:443][total kept alive: 1; route allocated: 3 of 2000; total allocated: 3 of 2000]
<2017-09-26 13:06:58> DEBUG [o.a.h.i.c.PoolingHttpClientConnectionManager] Connection leased: [id: 8][route: {s}->https://branchtest.perfectomobile.com:443][total kept alive: 0; route allocated: 3 of 2000; total allocated: 3 of 2000]
<2017-09-26 13:06:58> DEBUG [o.a.h.i.execchain.MainClientExec] Stale connection check
<2017-09-26 13:06:58> DEBUG [org.apache.http.wire] http-outgoing-8 << "[read] I/O error: Read timed out"
<2017-09-26 13:06:58> DEBUG [o.a.h.i.c.DefaultManagedHttpClientConnection] http-outgoing-8: set socket timeout to 10800000
<2017-09-26 13:06:58> DEBUG [o.a.h.i.execchain.MainClientExec] Executing request POST /nexperience/perfectomobile/wd/hub/session/223f2364-c363-4f1b-9fa3-c593981d31c4/element/8/click HTTP/1.1
<2017-09-26 13:06:58> DEBUG [o.a.h.i.execchain.MainClientExec] Target auth state: UNCHALLENGED
<2017-09-26 13:06:58> DEBUG [o.a.h.i.execchain.MainClientExec] Proxy auth state: UNCHALLENGED
<2017-09-26 13:06:58> DEBUG [org.apache.http.headers] http-outgoing-8 >> POST /nexperience/perfectomobile/wd/hub/session/223f2364-c363-4f1b-9fa3-c593981d31c4/element/8/click HTTP/1.1
<2017-09-26 13:06:58> DEBUG [org.apache.http.headers] http-outgoing-8 >> Content-Type: application/json; charset=utf-8
<2017-09-26 13:06:58> DEBUG [org.apache.http.headers] http-outgoing-8 >> Content-Length: 10
<2017-09-26 13:06:58> DEBUG [org.apache.http.headers] http-outgoing-8 >> Host: branchtest.perfectomobile.com
<2017-09-26 13:06:58> DEBUG [org.apache.http.headers] http-outgoing-8 >> Connection: Keep-Alive
<2017-09-26 13:06:58> DEBUG [org.apache.http.headers] http-outgoing-8 >> User-Agent: Apache-HttpClient/4.5.2 (Java/1.8.0_121)
<2017-09-26 13:06:58> DEBUG [org.apache.http.headers] http-outgoing-8 >> Cookie: JSESSIONID=F6E28E4994D1584E597DBDFCCCB1737E; fast_failed=true; fast_failed=true; fast_failed=true
<2017-09-26 13:06:58> DEBUG [org.apache.http.headers] http-outgoing-8 >> Accept-Encoding: gzip,deflate
<2017-09-26 13:06:58> DEBUG [org.apache.http.wire] http-outgoing-8 >> "POST /nexperience/perfectomobile/wd/hub/session/223f2364-c363-4f1b-9fa3-c593981d31c4/element/8/click HTTP/1.1[\r][\n]"
<2017-09-26 13:06:58> DEBUG [org.apache.http.wire] http-outgoing-8 >> "Content-Type: application/json; charset=utf-8[\r][\n]"
<2017-09-26 13:06:58> DEBUG [org.apache.http.wire] http-outgoing-8 >> "Content-Length: 10[\r][\n]"
<2017-09-26 13:06:58> DEBUG [org.apache.http.wire] http-outgoing-8 >> "Host: branchtest.perfectomobile.com[\r][\n]"
<2017-09-26 13:06:58> DEBUG [org.apache.http.wire] http-outgoing-8 >> "Connection: Keep-Alive[\r][\n]"
<2017-09-26 13:06:58> DEBUG [org.apache.http.wire] http-outgoing-8 >> "User-Agent: Apache-HttpClient/4.5.2 (Java/1.8.0_121)[\r][\n]"
<2017-09-26 13:06:58> DEBUG [org.apache.http.wire] http-outgoing-8 >> "Cookie: JSESSIONID=F6E28E4994D1584E597DBDFCCCB1737E; fast_failed=true; fast_failed=true; fast_failed=true[\r][\n]"
<2017-09-26 13:06:58> DEBUG [org.apache.http.wire] http-outgoing-8 >> "Accept-Encoding: gzip,deflate[\r][\n]"
<2017-09-26 13:06:58> DEBUG [org.apache.http.wire] http-outgoing-8 >> "[\r][\n]"
<2017-09-26 13:06:58> DEBUG [org.apache.http.wire] http-outgoing-8 >> "{"id":"8"}"
<2017-09-26 13:06:58> DEBUG [org.apache.http.wire] http-outgoing-6 << "HTTP/1.1 200 OK[\r][\n]"
<2017-09-26 13:06:58> DEBUG [org.apache.http.wire] http-outgoing-6 << "Server: nginx[\r][\n]"
<2017-09-26 13:06:58> DEBUG [org.apache.http.wire] http-outgoing-6 << "Date: Tue, 26 Sep 2017 10:06:55 GMT[\r][\n]"
<2017-09-26 13:06:58> DEBUG [org.apache.http.wire] http-outgoing-6 << "Content-Type: application/json;charset=utf-8[\r][\n]"
<2017-09-26 13:06:58> DEBUG [org.apache.http.wire] http-outgoing-6 << "Transfer-Encoding: chunked[\r][\n]"
<2017-09-26 13:06:58> DEBUG [org.apache.http.wire] http-outgoing-6 << "Connection: keep-alive[\r][\n]"
<2017-09-26 13:06:58> DEBUG [org.apache.http.wire] http-outgoing-6 << "Set-Cookie: JSESSIONID=F6E28E4994D1584E597DBDFCCCB1737E; Path=/nexperience/; HttpOnly[\r][\n]"
<2017-09-26 13:06:58> DEBUG [org.apache.http.wire] http-outgoing-6 << "Expires: Thu, 01 Jan 1970 00:00:00 GMT[\r][\n]"
<2017-09-26 13:06:58> DEBUG [org.apache.http.wire] http-outgoing-6 << "Cache-Control: no-cache[\r][\n]"
<2017-09-26 13:06:58> DEBUG [org.apache.http.wire] http-outgoing-6 << "Cache-Control: no-cache[\r][\n]"
<2017-09-26 13:06:58> DEBUG [org.apache.http.wire] http-outgoing-6 << "Expires: Thu, 01 Jan 1970 00:00:00 GMT[\r][\n]"
<2017-09-26 13:06:58> DEBUG [org.apache.http.wire] http-outgoing-6 << "Set-Cookie: fast_failed=true[\r][\n]"
<2017-09-26 13:06:58> DEBUG [org.apache.http.wire] http-outgoing-6 << "X-XSS-Protection: 2; mode=block[\r][\n]"
<2017-09-26 13:06:58> DEBUG [org.apache.http.wire] http-outgoing-6 << "Content-Encoding: gzip[\r][\n]"
<2017-09-26 13:06:58> DEBUG [org.apache.http.wire] http-outgoing-6 << "[\r][\n]"
<2017-09-26 13:06:58> DEBUG [org.apache.http.wire] http-outgoing-6 << "a1[\r][\n]"
<2017-09-26 13:06:58> DEBUG [org.apache.http.wire] http-outgoing-6 << "[0x1f][0x8b][0x8][0x0][0x0][0x0][0x0][0x0][0x0][0x3]-[0x8d]A[0xe][0x82]0[0x10][0x0][0xff][0xb2]g[0xda]P[0xa0]P[0xb8][0x1a][0xe]&[0xea][0xc1][0xf8][0x81][0xb2][0xac]J[0x2][0x14]Y[0xea][0x85][0xf0]w[0xf7][0xe0]u2[0x93][0xd9][0x81][0x89]y[0x8][0xf3][0xb9][0x87][0x6][0xd2][0xae][0xb3][0x88][0xfe][0xa9][0xaa][0x9e][\n]"
<2017-09-26 13:06:58> DEBUG [org.apache.http.wire] http-outgoing-6 << "U[0x94].S5[0x95][0xa8][0xd0][0xba][0xc2][0x10]Y,}[0x5][0x9][0xf0][0xe6]7[0x12][0x9d]#[0xa2][0xd4]B[0xde][0xa7][0xd0][0xb]1y[0x9e][0xd5][0xb5]5[0xc6]%[0xf0][0xf5]c[0x14][0xb4]C{i[0xaf][0xed][0xed]![0xbe][0x83]#[0x1][0x1c][0xbd]$[\r][0x84][0xf5][0xa5][0xc3]B[0xf3][0xc7]k[0xa6][0x91][0xe6]!Nz[0xa5])l[0xa4][0xef][0xc4]K[0x98][0x99][0xfe][0xab](zz[0xfc][0x0][0xc2]f[0xcb]y[0xaa][0x0][0x0][0x0][\r][\n]"
<2017-09-26 13:06:58> DEBUG [org.apache.http.wire] http-outgoing-6 << "0[\r][\n]"
<2017-09-26 13:06:58> DEBUG [org.apache.http.wire] http-outgoing-6 << "[\r][\n]"
<2017-09-26 13:06:58> DEBUG [org.apache.http.headers] http-outgoing-6 << HTTP/1.1 200 OK
<2017-09-26 13:06:58> DEBUG [org.apache.http.headers] http-outgoing-6 << Server: nginx
<2017-09-26 13:06:58> DEBUG [org.apache.http.headers] http-outgoing-6 << Date: Tue, 26 Sep 2017 10:06:55 GMT
<2017-09-26 13:06:58> DEBUG [org.apache.http.headers] http-outgoing-6 << Content-Type: application/json;charset=utf-8
<2017-09-26 13:06:58> DEBUG [org.apache.http.headers] http-outgoing-6 << Transfer-Encoding: chunked
<2017-09-26 13:06:58> DEBUG [org.apache.http.headers] http-outgoing-6 << Connection: keep-alive
<2017-09-26 13:06:58> DEBUG [org.apache.http.headers] http-outgoing-6 << Set-Cookie: JSESSIONID=F6E28E4994D1584E597DBDFCCCB1737E; Path=/nexperience/; HttpOnly
<2017-09-26 13:06:58> DEBUG [org.apache.http.headers] http-outgoing-6 << Expires: Thu, 01 Jan 1970 00:00:00 GMT
<2017-09-26 13:06:58> DEBUG [org.apache.http.headers] http-outgoing-6 << Cache-Control: no-cache
<2017-09-26 13:06:58> DEBUG [org.apache.http.headers] http-outgoing-6 << Cache-Control: no-cache
<2017-09-26 13:06:58> DEBUG [org.apache.http.headers] http-outgoing-6 << Expires: Thu, 01 Jan 1970 00:00:00 GMT
<2017-09-26 13:06:58> DEBUG [org.apache.http.headers] http-outgoing-6 << Set-Cookie: fast_failed=true
<2017-09-26 13:06:58> DEBUG [org.apache.http.headers] http-outgoing-6 << X-XSS-Protection: 2; mode=block
<2017-09-26 13:06:58> DEBUG [org.apache.http.headers] http-outgoing-6 << Content-Encoding: gzip
<2017-09-26 13:06:58> DEBUG [o.a.h.i.execchain.MainClientExec] Connection can be kept alive indefinitely
<2017-09-26 13:06:58> DEBUG [o.a.h.c.p.ResponseProcessCookies] Cookie accepted [JSESSIONID="F6E28E4994D1584E597DBDFCCCB1737E", version:0, domain:branchtest.perfectomobile.com, path:/nexperience/, expiry:null]
<2017-09-26 13:06:58> DEBUG [o.a.h.c.p.ResponseProcessCookies] Cookie accepted [fast_failed="true", version:0, domain:branchtest.perfectomobile.com, path:/nexperience/perfectomobile/wd/hub/session/0bb5ccaf-7de4-4682-9e6c-c5841ee5c6a7, expiry:null]
<2017-09-26 13:06:58> DEBUG [o.a.h.i.c.PoolingHttpClientConnectionManager] Connection [id: 6][route: {s}->https://branchtest.perfectomobile.com:443] can be kept alive indefinitely
<2017-09-26 13:06:58> DEBUG [o.a.h.i.c.PoolingHttpClientConnectionManager] Connection released: [id: 6][route: {s}->https://branchtest.perfectomobile.com:443][total kept alive: 1; route allocated: 3 of 2000; total allocated: 3 of 2000]
<2017-09-26 13:06:58> DEBUG [o.a.h.c.p.RequestAddCookies] CookieSpec selected: default
<2017-09-26 13:06:58> DEBUG [o.a.h.c.p.RequestAddCookies] Cookie [version: 0][name: JSESSIONID][value: F6E28E4994D1584E597DBDFCCCB1737E][domain: branchtest.perfectomobile.com][path: /nexperience/][expiry: null] match [(secure)branchtest.perfectomobile.com:443/nexperience/perfectomobile/wd/hub/session/0bb5ccaf-7de4-4682-9e6c-c5841ee5c6a7/element/8/click]
<2017-09-26 13:06:58> DEBUG [o.a.h.c.p.RequestAddCookies] Cookie [version: 0][name: fast_failed][value: true][domain: branchtest.perfectomobile.com][path: /nexperience/perfectomobile/wd/hub][expiry: null] match [(secure)branchtest.perfectomobile.com:443/nexperience/perfectomobile/wd/hub/session/0bb5ccaf-7de4-4682-9e6c-c5841ee5c6a7/element/8/click]
<2017-09-26 13:06:58> DEBUG [o.a.h.c.p.RequestAddCookies] Cookie [version: 0][name: fast_failed][value: true][domain: branchtest.perfectomobile.com][path: /nexperience/perfectomobile/wd/hub/session][expiry: null] match [(secure)branchtest.perfectomobile.com:443/nexperience/perfectomobile/wd/hub/session/0bb5ccaf-7de4-4682-9e6c-c5841ee5c6a7/element/8/click]
<2017-09-26 13:06:58> DEBUG [o.a.h.c.p.RequestAddCookies] Cookie [version: 0][name: fast_failed][value: true][domain: branchtest.perfectomobile.com][path: /nexperience/perfectomobile/wd/hub/session/0bb5ccaf-7de4-4682-9e6c-c5841ee5c6a7][expiry: null] match [(secure)branchtest.perfectomobile.com:443/nexperience/perfectomobile/wd/hub/session/0bb5ccaf-7de4-4682-9e6c-c5841ee5c6a7/element/8/click]
<2017-09-26 13:06:58> DEBUG [o.a.h.c.p.RequestAuthCache] Auth cache not set in the context
<2017-09-26 13:06:58> DEBUG [o.a.h.i.c.PoolingHttpClientConnectionManager] Connection request: [route: {s}->https://branchtest.perfectomobile.com:443][total kept alive: 1; route allocated: 3 of 2000; total allocated: 3 of 2000]
<2017-09-26 13:06:58> DEBUG [o.a.h.i.c.PoolingHttpClientConnectionManager] Connection leased: [id: 6][route: {s}->https://branchtest.perfectomobile.com:443][total kept alive: 0; route allocated: 3 of 2000; total allocated: 3 of 2000]
<2017-09-26 13:06:58> DEBUG [o.a.h.i.execchain.MainClientExec] Stale connection check
<2017-09-26 13:06:58> DEBUG [org.apache.http.wire] http-outgoing-6 << "[read] I/O error: Read timed out"
<2017-09-26 13:06:58> DEBUG [o.a.h.i.c.DefaultManagedHttpClientConnection] http-outgoing-6: set socket timeout to 10800000
<2017-09-26 13:06:58> DEBUG [o.a.h.i.execchain.MainClientExec] Executing request POST /nexperience/perfectomobile/wd/hub/session/0bb5ccaf-7de4-4682-9e6c-c5841ee5c6a7/element/8/click HTTP/1.1
<2017-09-26 13:06:58> DEBUG [o.a.h.i.execchain.MainClientExec] Target auth state: UNCHALLENGED
<2017-09-26 13:06:58> DEBUG [o.a.h.i.execchain.MainClientExec] Proxy auth state: UNCHALLENGED
<2017-09-26 13:06:58> DEBUG [org.apache.http.headers] http-outgoing-6 >> POST /nexperience/perfectomobile/wd/hub/session/0bb5ccaf-7de4-4682-9e6c-c5841ee5c6a7/element/8/click HTTP/1.1
<2017-09-26 13:06:58> DEBUG [org.apache.http.headers] http-outgoing-6 >> Content-Type: application/json; charset=utf-8
<2017-09-26 13:06:58> DEBUG [org.apache.http.headers] http-outgoing-6 >> Content-Length: 10
<2017-09-26 13:06:58> DEBUG [org.apache.http.headers] http-outgoing-6 >> Host: branchtest.perfectomobile.com
<2017-09-26 13:06:58> DEBUG [org.apache.http.headers] http-outgoing-6 >> Connection: Keep-Alive
<2017-09-26 13:06:58> DEBUG [org.apache.http.headers] http-outgoing-6 >> User-Agent: Apache-HttpClient/4.5.2 (Java/1.8.0_121)
<2017-09-26 13:06:58> DEBUG [org.apache.http.headers] http-outgoing-6 >> Cookie: JSESSIONID=F6E28E4994D1584E597DBDFCCCB1737E; fast_failed=true; fast_failed=true; fast_failed=true
<2017-09-26 13:06:58> DEBUG [org.apache.http.headers] http-outgoing-6 >> Accept-Encoding: gzip,deflate
<2017-09-26 13:06:58> DEBUG [org.apache.http.wire] http-outgoing-6 >> "POST /nexperience/perfectomobile/wd/hub/session/0bb5ccaf-7de4-4682-9e6c-c5841ee5c6a7/element/8/click HTTP/1.1[\r][\n]"
<2017-09-26 13:06:58> DEBUG [org.apache.http.wire] http-outgoing-6 >> "Content-Type: application/json; charset=utf-8[\r][\n]"
<2017-09-26 13:06:58> DEBUG [org.apache.http.wire] http-outgoing-6 >> "Content-Length: 10[\r][\n]"
<2017-09-26 13:06:58> DEBUG [org.apache.http.wire] http-outgoing-6 >> "Host: branchtest.perfectomobile.com[\r][\n]"
<2017-09-26 13:06:58> DEBUG [org.apache.http.wire] http-outgoing-6 >> "Connection: Keep-Alive[\r][\n]"
<2017-09-26 13:06:58> DEBUG [org.apache.http.wire] http-outgoing-6 >> "User-Agent: Apache-HttpClient/4.5.2 (Java/1.8.0_121)[\r][\n]"
<2017-09-26 13:06:58> DEBUG [org.apache.http.wire] http-outgoing-6 >> "Cookie: JSESSIONID=F6E28E4994D1584E597DBDFCCCB1737E; fast_failed=true; fast_failed=true; fast_failed=true[\r][\n]"
<2017-09-26 13:06:58> DEBUG [org.apache.http.wire] http-outgoing-6 >> "Accept-Encoding: gzip,deflate[\r][\n]"
<2017-09-26 13:06:58> DEBUG [org.apache.http.wire] http-outgoing-6 >> "[\r][\n]"
<2017-09-26 13:06:58> DEBUG [org.apache.http.wire] http-outgoing-6 >> "{"id":"8"}"
<2017-09-26 13:06:58> DEBUG [org.apache.http.wire] http-outgoing-5 << "HTTP/1.1 200 OK[\r][\n]"
<2017-09-26 13:06:58> DEBUG [org.apache.http.wire] http-outgoing-5 << "Server: nginx[\r][\n]"
<2017-09-26 13:06:58> DEBUG [org.apache.http.wire] http-outgoing-5 << "Date: Tue, 26 Sep 2017 10:06:55 GMT[\r][\n]"
<2017-09-26 13:06:58> DEBUG [org.apache.http.wire] http-outgoing-5 << "Content-Type: application/json;charset=utf-8[\r][\n]"
<2017-09-26 13:06:58> DEBUG [org.apache.http.wire] http-outgoing-5 << "Transfer-Encoding: chunked[\r][\n]"
<2017-09-26 13:06:58> DEBUG [org.apache.http.wire] http-outgoing-5 << "Connection: keep-alive[\r][\n]"
<2017-09-26 13:06:58> DEBUG [org.apache.http.wire] http-outgoing-5 << "Set-Cookie: JSESSIONID=F6E28E4994D1584E597DBDFCCCB1737E; Path=/nexperience/; HttpOnly[\r][\n]"
<2017-09-26 13:06:58> DEBUG [org.apache.http.wire] http-outgoing-5 << "Expires: Thu, 01 Jan 1970 00:00:00 GMT[\r][\n]"
<2017-09-26 13:06:58> DEBUG [org.apache.http.wire] http-outgoing-5 << "Cache-Control: no-cache[\r][\n]"
<2017-09-26 13:06:58> DEBUG [org.apache.http.wire] http-outgoing-5 << "Cache-Control: no-cache[\r][\n]"
<2017-09-26 13:06:58> DEBUG [org.apache.http.wire] http-outgoing-5 << "Expires: Thu, 01 Jan 1970 00:00:00 GMT[\r][\n]"
<2017-09-26 13:06:58> DEBUG [org.apache.http.wire] http-outgoing-5 << "Set-Cookie: fast_failed=true[\r][\n]"
<2017-09-26 13:06:58> DEBUG [org.apache.http.wire] http-outgoing-5 << "X-XSS-Protection: 2; mode=block[\r][\n]"
<2017-09-26 13:06:58> DEBUG [org.apache.http.wire] http-outgoing-5 << "Content-Encoding: gzip[\r][\n]"
<2017-09-26 13:06:58> DEBUG [org.apache.http.wire] http-outgoing-5 << "[\r][\n]"
<2017-09-26 13:06:58> DEBUG [org.apache.http.wire] http-outgoing-5 << "a0[\r][\n]"
<2017-09-26 13:06:58> DEBUG [org.apache.http.wire] http-outgoing-5 << "[0x1f][0x8b][0x8][0x0][0x0][0x0][0x0][0x0][0x0][0x3]-[0x8d]A[0xe][0x82]0[0x10]E[0xef]2kh[0xa8][0xd6]"l[0x9][0xb][0x13]ua[0xbc][0xc0][0xd0][0xe]J[0x2]-2[0xd4][\r][0xe1][0xee][0xce][0xc2][0xe5]]]>&#x7f;<![CDATA[y/]]>&#x7f;<![CDATA[[0x3]&[0xe6]![0x86][0x8b][0x87][0x1a][0x1c]vN[0x17][0xba][0xcc][0xab][0x3][0x15][0xb9][0xa1][0xce][0xe5]g/[0xb3][0xef]{[0x8f][0xda][0x19]}D[0xb][0x19][0xf0][0x8a]+[0x89][0xce][0xc9]9[0xa9][0x85][0xbc][0x9b][0xe8][0x85][0x94]'[[0xd9][0xaa]46[0x83]/[0x8e]I[0xc8][0x6][0xed][0xb5][0xbd][0xb5][0xf7][0xa7][0xe8][0x6][0xf6][0xc][0xdc][0x88]R[0xd4][0x10][0x97][0x97][0x8a]3[0x85][0xf]*[0xa6][0x91][0xc2][0x90]&[0xb5][0xd0][0x14]WR[0xf][0xe2]9[0x6][0xa6][0xff]S[0x12][0xbd][0xd8]]]>&#x7f;<![CDATA[[0xed][0x86]Q[0xd2][0xa9][0x0][0x0][0x0][\r][\n]"
<2017-09-26 13:06:58> DEBUG [org.apache.http.wire] http-outgoing-5 << "0[\r][\n]"
<2017-09-26 13:06:58> DEBUG [org.apache.http.wire] http-outgoing-5 << "[\r][\n]"
<2017-09-26 13:06:58> DEBUG [org.apache.http.headers] http-outgoing-5 << HTTP/1.1 200 OK
<2017-09-26 13:06:58> DEBUG [org.apache.http.headers] http-outgoing-5 << Server: nginx
<2017-09-26 13:06:58> DEBUG [org.apache.http.headers] http-outgoing-5 << Date: Tue, 26 Sep 2017 10:06:55 GMT
<2017-09-26 13:06:58> DEBUG [org.apache.http.headers] http-outgoing-5 << Content-Type: application/json;charset=utf-8
<2017-09-26 13:06:58> DEBUG [org.apache.http.headers] http-outgoing-5 << Transfer-Encoding: chunked
<2017-09-26 13:06:58> DEBUG [org.apache.http.headers] http-outgoing-5 << Connection: keep-alive
<2017-09-26 13:06:58> DEBUG [org.apache.http.headers] http-outgoing-5 << Set-Cookie: JSESSIONID=F6E28E4994D1584E597DBDFCCCB1737E; Path=/nexperience/; HttpOnly
<2017-09-26 13:06:58> DEBUG [org.apache.http.headers] http-outgoing-5 << Expires: Thu, 01 Jan 1970 00:00:00 GMT
<2017-09-26 13:06:58> DEBUG [org.apache.http.headers] http-outgoing-5 << Cache-Control: no-cache
<2017-09-26 13:06:58> DEBUG [org.apache.http.headers] http-outgoing-5 << Cache-Control: no-cache
<2017-09-26 13:06:58> DEBUG [org.apache.http.headers] http-outgoing-5 << Expires: Thu, 01 Jan 1970 00:00:00 GMT
<2017-09-26 13:06:58> DEBUG [org.apache.http.headers] http-outgoing-5 << Set-Cookie: fast_failed=true
<2017-09-26 13:06:58> DEBUG [org.apache.http.headers] http-outgoing-5 << X-XSS-Protection: 2; mode=block
<2017-09-26 13:06:58> DEBUG [org.apache.http.headers] http-outgoing-5 << Content-Encoding: gzip
<2017-09-26 13:06:58> DEBUG [o.a.h.i.execchain.MainClientExec] Connection can be kept alive indefinitely
<2017-09-26 13:06:58> DEBUG [o.a.h.c.p.ResponseProcessCookies] Cookie accepted [JSESSIONID="F6E28E4994D1584E597DBDFCCCB1737E", version:0, domain:branchtest.perfectomobile.com, path:/nexperience/, expiry:null]
<2017-09-26 13:06:58> DEBUG [o.a.h.c.p.ResponseProcessCookies] Cookie accepted [fast_failed="true", version:0, domain:branchtest.perfectomobile.com, path:/nexperience/perfectomobile/wd/hub/session/cabc1017-92e0-4ebc-8d17-fffda1c413a6, expiry:null]
<2017-09-26 13:06:58> DEBUG [o.a.h.i.c.PoolingHttpClientConnectionManager] Connection [id: 5][route: {s}->https://branchtest.perfectomobile.com:443] can be kept alive indefinitely
<2017-09-26 13:06:58> DEBUG [o.a.h.i.c.PoolingHttpClientConnectionManager] Connection released: [id: 5][route: {s}->https://branchtest.perfectomobile.com:443][total kept alive: 1; route allocated: 3 of 2000; total allocated: 3 of 2000]
<2017-09-26 13:06:58> DEBUG [o.a.h.c.p.RequestAddCookies] CookieSpec selected: default
<2017-09-26 13:06:58> DEBUG [o.a.h.c.p.RequestAddCookies] Cookie [version: 0][name: JSESSIONID][value: F6E28E4994D1584E597DBDFCCCB1737E][domain: branchtest.perfectomobile.com][path: /nexperience/][expiry: null] match [(secure)branchtest.perfectomobile.com:443/nexperience/perfectomobile/wd/hub/session/cabc1017-92e0-4ebc-8d17-fffda1c413a6/element/4/value]
<2017-09-26 13:06:58> DEBUG [o.a.h.c.p.RequestAddCookies] Cookie [version: 0][name: fast_failed][value: true][domain: branchtest.perfectomobile.com][path: /nexperience/perfectomobile/wd/hub][expiry: null] match [(secure)branchtest.perfectomobile.com:443/nexperience/perfectomobile/wd/hub/session/cabc1017-92e0-4ebc-8d17-fffda1c413a6/element/4/value]
<2017-09-26 13:06:58> DEBUG [o.a.h.c.p.RequestAddCookies] Cookie [version: 0][name: fast_failed][value: true][domain: branchtest.perfectomobile.com][path: /nexperience/perfectomobile/wd/hub/session][expiry: null] match [(secure)branchtest.perfectomobile.com:443/nexperience/perfectomobile/wd/hub/session/cabc1017-92e0-4ebc-8d17-fffda1c413a6/element/4/value]
<2017-09-26 13:06:58> DEBUG [o.a.h.c.p.RequestAddCookies] Cookie [version: 0][name: fast_failed][value: true][domain: branchtest.perfectomobile.com][path: /nexperience/perfectomobile/wd/hub/session/cabc1017-92e0-4ebc-8d17-fffda1c413a6][expiry: null] match [(secure)branchtest.perfectomobile.com:443/nexperience/perfectomobile/wd/hub/session/cabc1017-92e0-4ebc-8d17-fffda1c413a6/element/4/value]
<2017-09-26 13:06:58> DEBUG [o.a.h.c.p.RequestAuthCache] Auth cache not set in the context
<2017-09-26 13:06:58> DEBUG [o.a.h.i.c.PoolingHttpClientConnectionManager] Connection request: [route: {s}->https://branchtest.perfectomobile.com:443][total kept alive: 1; route allocated: 3 of 2000; total allocated: 3 of 2000]
<2017-09-26 13:06:58> DEBUG [o.a.h.i.c.PoolingHttpClientConnectionManager] Connection leased: [id: 5][route: {s}->https://branchtest.perfectomobile.com:443][total kept alive: 0; route allocated: 3 of 2000; total allocated: 3 of 2000]
<2017-09-26 13:06:58> DEBUG [o.a.h.i.execchain.MainClientExec] Stale connection check
<2017-09-26 13:06:58> DEBUG [org.apache.http.wire] http-outgoing-5 << "[read] I/O error: Read timed out"
<2017-09-26 13:06:58> DEBUG [o.a.h.i.c.DefaultManagedHttpClientConnection] http-outgoing-5: set socket timeout to 10800000
<2017-09-26 13:06:58> DEBUG [o.a.h.i.execchain.MainClientExec] Executing request POST /nexperience/perfectomobile/wd/hub/session/cabc1017-92e0-4ebc-8d17-fffda1c413a6/element/4/value HTTP/1.1
<2017-09-26 13:06:58> DEBUG [o.a.h.i.execchain.MainClientExec] Target auth state: UNCHALLENGED
<2017-09-26 13:06:58> DEBUG [o.a.h.i.execchain.MainClientExec] Proxy auth state: UNCHALLENGED
<2017-09-26 13:06:58> DEBUG [org.apache.http.headers] http-outgoing-5 >> POST /nexperience/perfectomobile/wd/hub/session/cabc1017-92e0-4ebc-8d17-fffda1c413a6/element/4/value HTTP/1.1
<2017-09-26 13:06:58> DEBUG [org.apache.http.headers] http-outgoing-5 >> Content-Type: application/json; charset=utf-8
<2017-09-26 13:06:58> DEBUG [org.apache.http.headers] http-outgoing-5 >> Content-Length: 33
<2017-09-26 13:06:58> DEBUG [org.apache.http.headers] http-outgoing-5 >> Host: branchtest.perfectomobile.com
<2017-09-26 13:06:58> DEBUG [org.apache.http.headers] http-outgoing-5 >> Connection: Keep-Alive
<2017-09-26 13:06:58> DEBUG [org.apache.http.headers] http-outgoing-5 >> User-Agent: Apache-HttpClient/4.5.2 (Java/1.8.0_121)
<2017-09-26 13:06:58> DEBUG [org.apache.http.headers] http-outgoing-5 >> Cookie: JSESSIONID=F6E28E4994D1584E597DBDFCCCB1737E; fast_failed=true; fast_failed=true; fast_failed=true
<2017-09-26 13:06:58> DEBUG [org.apache.http.headers] http-outgoing-5 >> Accept-Encoding: gzip,deflate
<2017-09-26 13:06:58> DEBUG [org.apache.http.wire] http-outgoing-5 >> "POST /nexperience/perfectomobile/wd/hub/session/cabc1017-92e0-4ebc-8d17-fffda1c413a6/element/4/value HTTP/1.1[\r][\n]"
<2017-09-26 13:06:58> DEBUG [org.apache.http.wire] http-outgoing-5 >> "Content-Type: application/json; charset=utf-8[\r][\n]"
<2017-09-26 13:06:58> DEBUG [org.apache.http.wire] http-outgoing-5 >> "Content-Length: 33[\r][\n]"
<2017-09-26 13:06:58> DEBUG [org.apache.http.wire] http-outgoing-5 >> "Host: branchtest.perfectomobile.com[\r][\n]"
<2017-09-26 13:06:58> DEBUG [org.apache.http.wire] http-outgoing-5 >> "Connection: Keep-Alive[\r][\n]"
<2017-09-26 13:06:58> DEBUG [org.apache.http.wire] http-outgoing-5 >> "User-Agent: Apache-HttpClient/4.5.2 (Java/1.8.0_121)[\r][\n]"
<2017-09-26 13:06:58> DEBUG [org.apache.http.wire] http-outgoing-5 >> "Cookie: JSESSIONID=F6E28E4994D1584E597DBDFCCCB1737E; fast_failed=true; fast_failed=true; fast_failed=true[\r][\n]"
<2017-09-26 13:06:58> DEBUG [org.apache.http.wire] http-outgoing-5 >> "Accept-Encoding: gzip,deflate[\r][\n]"
<2017-09-26 13:06:58> DEBUG [org.apache.http.wire] http-outgoing-5 >> "[\r][\n]"
<2017-09-26 13:06:58> DEBUG [org.apache.http.wire] http-outgoing-5 >> "{"id":"4","value":["first name"]}"
<2017-09-26 13:06:59> DEBUG [org.apache.http.wire] http-outgoing-6 << "HTTP/1.1 200 OK[\r][\n]"
<2017-09-26 13:06:59> DEBUG [org.apache.http.wire] http-outgoing-6 << "Server: nginx[\r][\n]"
<2017-09-26 13:06:59> DEBUG [org.apache.http.wire] http-outgoing-6 << "Date: Tue, 26 Sep 2017 10:06:55 GMT[\r][\n]"
<2017-09-26 13:06:59> DEBUG [org.apache.http.wire] http-outgoing-6 << "Content-Type: application/json;charset=utf-8[\r][\n]"
<2017-09-26 13:06:59> DEBUG [org.apache.http.wire] http-outgoing-6 << "Transfer-Encoding: chunked[\r][\n]"
<2017-09-26 13:06:59> DEBUG [org.apache.http.wire] http-outgoing-6 << "Connection: keep-alive[\r][\n]"
<2017-09-26 13:06:59> DEBUG [org.apache.http.wire] http-outgoing-6 << "Set-Cookie: JSESSIONID=F6E28E4994D1584E597DBDFCCCB1737E; Path=/nexperience/; HttpOnly[\r][\n]"
<2017-09-26 13:06:59> DEBUG [org.apache.http.wire] http-outgoing-6 << "Expires: Thu, 01 Jan 1970 00:00:00 GMT[\r][\n]"
<2017-09-26 13:06:59> DEBUG [org.apache.http.wire] http-outgoing-6 << "Cache-Control: no-cache[\r][\n]"
<2017-09-26 13:06:59> DEBUG [org.apache.http.wire] http-outgoing-6 << "Cache-Control: no-cache[\r][\n]"
<2017-09-26 13:06:59> DEBUG [org.apache.http.wire] http-outgoing-6 << "Expires: Thu, 01 Jan 1970 00:00:00 GMT[\r][\n]"
<2017-09-26 13:06:59> DEBUG [org.apache.http.wire] http-outgoing-6 << "Set-Cookie: fast_failed=true[\r][\n]"
<2017-09-26 13:06:59> DEBUG [org.apache.http.wire] http-outgoing-6 << "X-XSS-Protection: 2; mode=block[\r][\n]"
<2017-09-26 13:06:59> DEBUG [org.apache.http.wire] http-outgoing-6 << "Content-Encoding: gzip[\r][\n]"
<2017-09-26 13:06:59> DEBUG [org.apache.http.wire] http-outgoing-6 << "[\r][\n]"
<2017-09-26 13:06:59> DEBUG [org.apache.http.wire] http-outgoing-6 << "95[\r][\n]"
<2017-09-26 13:06:59> DEBUG [org.apache.http.wire] http-outgoing-6 << "[0x1f][0x8b][0x8][0x0][0x0][0x0][0x0][0x0][0x0][0x3]-[0xcc][0xb1][0x12][0x82]0[0x10][0x84][0xe1]w[0xb9][0x9a]d[0x2][0x3]![0xd2]Z[0xd9][0xfa][0x6][0xe1]X[0x95][0x99][0x90](Gl[0x1c][0xdf][0xdd]+l[0xff][0xf9]v?$[0x10]YK[0xbe],4[0x91][0x9b][0xe7][0x81]9[0xde][0xcc][0xb8][0xa0]7[0xbd][0xf][0x9d]9[0xc1][0xb3][0xe1]![0xf4]-0[0xb0][0x8f]#5$G<[0xa0]\*[0xb3][0xae][0xb5]<[0xce]e[0xd1][0xe2][0xdb][0xce][0x85][0xce][0xbb][0xd0][0xd0];[0xa6][0xaa]%[0xd7][0x94][0x1a][0xe2][0x14][0x95]MT[0xf6][0xbb]-O[0xe4]W[0xb4][0x82][0x84][0xbc][0xd6][0xcd][0xee][0xd8][0xca][0x1]{[0x85]<K[0x16][0xfc][0xef][0xab]r[0xf7][0xfd][0x1]N[0x0][0xee][0x92][0x9e][0x0][0x0][0x0][\r][\n]"
<2017-09-26 13:06:59> DEBUG [org.apache.http.wire] http-outgoing-6 << "0[\r][\n]"
<2017-09-26 13:06:59> DEBUG [org.apache.http.wire] http-outgoing-6 << "[\r][\n]"
<2017-09-26 13:06:59> DEBUG [org.apache.http.headers] http-outgoing-6 << HTTP/1.1 200 OK
<2017-09-26 13:06:59> DEBUG [org.apache.http.headers] http-outgoing-6 << Server: nginx
<2017-09-26 13:06:59> DEBUG [org.apache.http.headers] http-outgoing-6 << Date: Tue, 26 Sep 2017 10:06:55 GMT
<2017-09-26 13:06:59> DEBUG [org.apache.http.headers] http-outgoing-6 << Content-Type: application/json;charset=utf-8
<2017-09-26 13:06:59> DEBUG [org.apache.http.headers] http-outgoing-6 << Transfer-Encoding: chunked
<2017-09-26 13:06:59> DEBUG [org.apache.http.headers] http-outgoing-6 << Connection: keep-alive
<2017-09-26 13:06:59> DEBUG [org.apache.http.headers] http-outgoing-6 << Set-Cookie: JSESSIONID=F6E28E4994D1584E597DBDFCCCB1737E; Path=/nexperience/; HttpOnly
<2017-09-26 13:06:59> DEBUG [org.apache.http.headers] http-outgoing-6 << Expires: Thu, 01 Jan 1970 00:00:00 GMT
<2017-09-26 13:06:59> DEBUG [org.apache.http.headers] http-outgoing-6 << Cache-Control: no-cache
<2017-09-26 13:06:59> DEBUG [org.apache.http.headers] http-outgoing-6 << Cache-Control: no-cache
<2017-09-26 13:06:59> DEBUG [org.apache.http.headers] http-outgoing-6 << Expires: Thu, 01 Jan 1970 00:00:00 GMT
<2017-09-26 13:06:59> DEBUG [org.apache.http.headers] http-outgoing-6 << Set-Cookie: fast_failed=true
<2017-09-26 13:06:59> DEBUG [org.apache.http.headers] http-outgoing-6 << X-XSS-Protection: 2; mode=block
<2017-09-26 13:06:59> DEBUG [org.apache.http.headers] http-outgoing-6 << Content-Encoding: gzip
<2017-09-26 13:06:59> DEBUG [o.a.h.i.execchain.MainClientExec] Connection can be kept alive indefinitely
<2017-09-26 13:06:59> DEBUG [o.a.h.c.p.ResponseProcessCookies] Cookie accepted [JSESSIONID="F6E28E4994D1584E597DBDFCCCB1737E", version:0, domain:branchtest.perfectomobile.com, path:/nexperience/, expiry:null]
<2017-09-26 13:06:59> DEBUG [o.a.h.c.p.ResponseProcessCookies] Cookie accepted [fast_failed="true", version:0, domain:branchtest.perfectomobile.com, path:/nexperience/perfectomobile/wd/hub/session/0bb5ccaf-7de4-4682-9e6c-c5841ee5c6a7/element/8, expiry:null]
<2017-09-26 13:06:59> DEBUG [o.a.h.i.c.PoolingHttpClientConnectionManager] Connection [id: 6][route: {s}->https://branchtest.perfectomobile.com:443] can be kept alive indefinitely
<2017-09-26 13:06:59> DEBUG [o.a.h.i.c.PoolingHttpClientConnectionManager] Connection released: [id: 6][route: {s}->https://branchtest.perfectomobile.com:443][total kept alive: 1; route allocated: 3 of 2000; total allocated: 3 of 2000]
<2017-09-26 13:06:59> DEBUG [o.a.h.c.p.RequestAddCookies] CookieSpec selected: default
<2017-09-26 13:06:59> DEBUG [o.a.h.c.p.RequestAddCookies] Cookie [version: 0][name: JSESSIONID][value: F6E28E4994D1584E597DBDFCCCB1737E][domain: branchtest.perfectomobile.com][path: /nexperience/][expiry: null] match [(secure)branchtest.perfectomobile.com:443/nexperience/perfectomobile/wd/hub/session/0bb5ccaf-7de4-4682-9e6c-c5841ee5c6a7/element]
<2017-09-26 13:06:59> DEBUG [o.a.h.c.p.RequestAddCookies] Cookie [version: 0][name: fast_failed][value: true][domain: branchtest.perfectomobile.com][path: /nexperience/perfectomobile/wd/hub][expiry: null] match [(secure)branchtest.perfectomobile.com:443/nexperience/perfectomobile/wd/hub/session/0bb5ccaf-7de4-4682-9e6c-c5841ee5c6a7/element]
<2017-09-26 13:06:59> DEBUG [o.a.h.c.p.RequestAddCookies] Cookie [version: 0][name: fast_failed][value: true][domain: branchtest.perfectomobile.com][path: /nexperience/perfectomobile/wd/hub/session][expiry: null] match [(secure)branchtest.perfectomobile.com:443/nexperience/perfectomobile/wd/hub/session/0bb5ccaf-7de4-4682-9e6c-c5841ee5c6a7/element]
<2017-09-26 13:06:59> DEBUG [o.a.h.c.p.RequestAddCookies] Cookie [version: 0][name: fast_failed][value: true][domain: branchtest.perfectomobile.com][path: /nexperience/perfectomobile/wd/hub/session/0bb5ccaf-7de4-4682-9e6c-c5841ee5c6a7][expiry: null] match [(secure)branchtest.perfectomobile.com:443/nexperience/perfectomobile/wd/hub/session/0bb5ccaf-7de4-4682-9e6c-c5841ee5c6a7/element]
<2017-09-26 13:06:59> DEBUG [o.a.h.c.p.RequestAuthCache] Auth cache not set in the context
<2017-09-26 13:06:59> DEBUG [o.a.h.i.c.PoolingHttpClientConnectionManager] Connection request: [route: {s}->https://branchtest.perfectomobile.com:443][total kept alive: 1; route allocated: 3 of 2000; total allocated: 3 of 2000]
<2017-09-26 13:06:59> DEBUG [o.a.h.i.c.PoolingHttpClientConnectionManager] Connection leased: [id: 6][route: {s}->https://branchtest.perfectomobile.com:443][total kept alive: 0; route allocated: 3 of 2000; total allocated: 3 of 2000]
<2017-09-26 13:06:59> DEBUG [o.a.h.i.execchain.MainClientExec] Stale connection check
<2017-09-26 13:06:59> DEBUG [org.apache.http.wire] http-outgoing-6 << "[read] I/O error: Read timed out"
<2017-09-26 13:06:59> DEBUG [o.a.h.i.c.DefaultManagedHttpClientConnection] http-outgoing-6: set socket timeout to 10800000
<2017-09-26 13:06:59> DEBUG [o.a.h.i.execchain.MainClientExec] Executing request POST /nexperience/perfectomobile/wd/hub/session/0bb5ccaf-7de4-4682-9e6c-c5841ee5c6a7/element HTTP/1.1
<2017-09-26 13:06:59> DEBUG [o.a.h.i.execchain.MainClientExec] Target auth state: UNCHALLENGED
<2017-09-26 13:06:59> DEBUG [o.a.h.i.execchain.MainClientExec] Proxy auth state: UNCHALLENGED
<2017-09-26 13:06:59> DEBUG [org.apache.http.headers] http-outgoing-6 >> POST /nexperience/perfectomobile/wd/hub/session/0bb5ccaf-7de4-4682-9e6c-c5841ee5c6a7/element HTTP/1.1
<2017-09-26 13:06:59> DEBUG [org.apache.http.headers] http-outgoing-6 >> Content-Type: application/json; charset=utf-8
<2017-09-26 13:06:59> DEBUG [org.apache.http.headers] http-outgoing-6 >> Content-Length: 72
<2017-09-26 13:06:59> DEBUG [org.apache.http.headers] http-outgoing-6 >> Host: branchtest.perfectomobile.com
<2017-09-26 13:06:59> DEBUG [org.apache.http.headers] http-outgoing-6 >> Connection: Keep-Alive
<2017-09-26 13:06:59> DEBUG [org.apache.http.headers] http-outgoing-6 >> User-Agent: Apache-HttpClient/4.5.2 (Java/1.8.0_121)
<2017-09-26 13:06:59> DEBUG [org.apache.http.headers] http-outgoing-6 >> Cookie: JSESSIONID=F6E28E4994D1584E597DBDFCCCB1737E; fast_failed=true; fast_failed=true; fast_failed=true
<2017-09-26 13:06:59> DEBUG [org.apache.http.headers] http-outgoing-6 >> Accept-Encoding: gzip,deflate
<2017-09-26 13:06:59> DEBUG [org.apache.http.wire] http-outgoing-6 >> "POST /nexperience/perfectomobile/wd/hub/session/0bb5ccaf-7de4-4682-9e6c-c5841ee5c6a7/element HTTP/1.1[\r][\n]"
<2017-09-26 13:06:59> DEBUG [org.apache.http.wire] http-outgoing-6 >> "Content-Type: application/json; charset=utf-8[\r][\n]"
<2017-09-26 13:06:59> DEBUG [org.apache.http.wire] http-outgoing-6 >> "Content-Length: 72[\r][\n]"
<2017-09-26 13:06:59> DEBUG [org.apache.http.wire] http-outgoing-6 >> "Host: branchtest.perfectomobile.com[\r][\n]"
<2017-09-26 13:06:59> DEBUG [org.apache.http.wire] http-outgoing-6 >> "Connection: Keep-Alive[\r][\n]"
<2017-09-26 13:06:59> DEBUG [org.apache.http.wire] http-outgoing-6 >> "User-Agent: Apache-HttpClient/4.5.2 (Java/1.8.0_121)[\r][\n]"
<2017-09-26 13:06:59> DEBUG [org.apache.http.wire] http-outgoing-6 >> "Cookie: JSESSIONID=F6E28E4994D1584E597DBDFCCCB1737E; fast_failed=true; fast_failed=true; fast_failed=true[\r][\n]"
<2017-09-26 13:06:59> DEBUG [org.apache.http.wire] http-outgoing-6 >> "Accept-Encoding: gzip,deflate[\r][\n]"
<2017-09-26 13:06:59> DEBUG [org.apache.http.wire] http-outgoing-6 >> "[\r][\n]"
<2017-09-26 13:06:59> DEBUG [org.apache.http.wire] http-outgoing-6 >> "{"using":"xpath","value":"//*[@id=\"register_form\"]/fieldset[6]/input"}"
<2017-09-26 13:06:59> DEBUG [org.apache.http.wire] http-outgoing-8 << "HTTP/1.1 200 OK[\r][\n]"
<2017-09-26 13:06:59> DEBUG [org.apache.http.wire] http-outgoing-8 << "Server: nginx[\r][\n]"
<2017-09-26 13:06:59> DEBUG [org.apache.http.wire] http-outgoing-8 << "Date: Tue, 26 Sep 2017 10:06:55 GMT[\r][\n]"
<2017-09-26 13:06:59> DEBUG [org.apache.http.wire] http-outgoing-8 << "Content-Type: application/json;charset=utf-8[\r][\n]"
<2017-09-26 13:06:59> DEBUG [org.apache.http.wire] http-outgoing-8 << "Transfer-Encoding: chunked[\r][\n]"
<2017-09-26 13:06:59> DEBUG [org.apache.http.wire] http-outgoing-8 << "Connection: keep-alive[\r][\n]"
<2017-09-26 13:06:59> DEBUG [org.apache.http.wire] http-outgoing-8 << "Set-Cookie: JSESSIONID=F6E28E4994D1584E597DBDFCCCB1737E; Path=/nexperience/; HttpOnly[\r][\n]"
<2017-09-26 13:06:59> DEBUG [org.apache.http.wire] http-outgoing-8 << "Expires: Thu, 01 Jan 1970 00:00:00 GMT[\r][\n]"
<2017-09-26 13:06:59> DEBUG [org.apache.http.wire] http-outgoing-8 << "Cache-Control: no-cache[\r][\n]"
<2017-09-26 13:06:59> DEBUG [org.apache.http.wire] http-outgoing-8 << "Cache-Control: no-cache[\r][\n]"
<2017-09-26 13:06:59> DEBUG [org.apache.http.wire] http-outgoing-8 << "Expires: Thu, 01 Jan 1970 00:00:00 GMT[\r][\n]"
<2017-09-26 13:06:59> DEBUG [org.apache.http.wire] http-outgoing-8 << "Set-Cookie: fast_failed=true[\r][\n]"
<2017-09-26 13:06:59> DEBUG [org.apache.http.wire] http-outgoing-8 << "X-XSS-Protection: 2; mode=block[\r][\n]"
<2017-09-26 13:06:59> DEBUG [org.apache.http.wire] http-outgoing-8 << "Content-Encoding: gzip[\r][\n]"
<2017-09-26 13:06:59> DEBUG [org.apache.http.wire] http-outgoing-8 << "[\r][\n]"
<2017-09-26 13:06:59> DEBUG [org.apache.http.wire] http-outgoing-8 << "96[\r][\n]"
<2017-09-26 13:06:59> DEBUG [org.apache.http.wire] http-outgoing-8 << "[0x1f][0x8b][0x8][0x0][0x0][0x0][0x0][0x0][0x0][0x3]-[0xcc]1[0x12][0xc2] [0x10][0x85][0xe1][0xbb]l[0x1d][0x98][0xc0]&(i[0xad]l[0xbd][0x1][0xc2]F3C f[0x83][0x8d][0xe3][0xdd][0xdd][0xc2][0xf6][0x9f][0xef][0xbd][0xf]01/[0xb5]\[0x13]L`-[0xce][0x16][0xdd][0xa0]":T[0xc3]l[0xee][0xca][0xcf][0x1]U[0x1c]=[0xfa][0xb3]Ih[0xe2][0x0][0x1d][0xf0][0x11][0xe][0x12][0xce]-FYKy^j[0x92]2ZcO[0xa6]w[0xbe][0x83]w[0xc8]MJi9w[0x10]s[0x10]6A[0xdd][0x1f][0xba]nT^A3e*K[[0xf5]Nk=H[0xdf][0x88][0xb7]Z[0x98][0xfe][0xf7]Mx[0xff][0xfd][0x1]e[0xa4][0xd2]E[0x9e][0x0][0x0][0x0][\r][\n]"
<2017-09-26 13:06:59> DEBUG [org.apache.http.wire] http-outgoing-8 << "0[\r][\n]"
<2017-09-26 13:06:59> DEBUG [org.apache.http.wire] http-outgoing-8 << "[\r][\n]"
<2017-09-26 13:06:59> DEBUG [org.apache.http.headers] http-outgoing-8 << HTTP/1.1 200 OK
<2017-09-26 13:06:59> DEBUG [org.apache.http.headers] http-outgoing-8 << Server: nginx
<2017-09-26 13:06:59> DEBUG [org.apache.http.headers] http-outgoing-8 << Date: Tue, 26 Sep 2017 10:06:55 GMT
<2017-09-26 13:06:59> DEBUG [org.apache.http.headers] http-outgoing-8 << Content-Type: application/json;charset=utf-8
<2017-09-26 13:06:59> DEBUG [org.apache.http.headers] http-outgoing-8 << Transfer-Encoding: chunked
<2017-09-26 13:06:59> DEBUG [org.apache.http.headers] http-outgoing-8 << Connection: keep-alive
<2017-09-26 13:06:59> DEBUG [org.apache.http.headers] http-outgoing-8 << Set-Cookie: JSESSIONID=F6E28E4994D1584E597DBDFCCCB1737E; Path=/nexperience/; HttpOnly
<2017-09-26 13:06:59> DEBUG [org.apache.http.headers] http-outgoing-8 << Expires: Thu, 01 Jan 1970 00:00:00 GMT
<2017-09-26 13:06:59> DEBUG [org.apache.http.headers] http-outgoing-8 << Cache-Control: no-cache
<2017-09-26 13:06:59> DEBUG [org.apache.http.headers] http-outgoing-8 << Cache-Control: no-cache
<2017-09-26 13:06:59> DEBUG [org.apache.http.headers] http-outgoing-8 << Expires: Thu, 01 Jan 1970 00:00:00 GMT
<2017-09-26 13:06:59> DEBUG [org.apache.http.headers] http-outgoing-8 << Set-Cookie: fast_failed=true
<2017-09-26 13:06:59> DEBUG [org.apache.http.headers] http-outgoing-8 << X-XSS-Protection: 2; mode=block
<2017-09-26 13:06:59> DEBUG [org.apache.http.headers] http-outgoing-8 << Content-Encoding: gzip
<2017-09-26 13:06:59> DEBUG [o.a.h.i.execchain.MainClientExec] Connection can be kept alive indefinitely
<2017-09-26 13:06:59> DEBUG [o.a.h.c.p.ResponseProcessCookies] Cookie accepted [JSESSIONID="F6E28E4994D1584E597DBDFCCCB1737E", version:0, domain:branchtest.perfectomobile.com, path:/nexperience/, expiry:null]
<2017-09-26 13:06:59> DEBUG [o.a.h.c.p.ResponseProcessCookies] Cookie accepted [fast_failed="true", version:0, domain:branchtest.perfectomobile.com, path:/nexperience/perfectomobile/wd/hub/session/223f2364-c363-4f1b-9fa3-c593981d31c4/element/8, expiry:null]
<2017-09-26 13:06:59> DEBUG [o.a.h.i.c.PoolingHttpClientConnectionManager] Connection [id: 8][route: {s}->https://branchtest.perfectomobile.com:443] can be kept alive indefinitely
<2017-09-26 13:06:59> DEBUG [o.a.h.i.c.PoolingHttpClientConnectionManager] Connection released: [id: 8][route: {s}->https://branchtest.perfectomobile.com:443][total kept alive: 1; route allocated: 3 of 2000; total allocated: 3 of 2000]
<2017-09-26 13:06:59> DEBUG [o.a.h.c.p.RequestAddCookies] CookieSpec selected: default
<2017-09-26 13:06:59> DEBUG [o.a.h.c.p.RequestAddCookies] Cookie [version: 0][name: JSESSIONID][value: F6E28E4994D1584E597DBDFCCCB1737E][domain: branchtest.perfectomobile.com][path: /nexperience/][expiry: null] match [(secure)branchtest.perfectomobile.com:443/nexperience/perfectomobile/wd/hub/session/223f2364-c363-4f1b-9fa3-c593981d31c4/element]
<2017-09-26 13:06:59> DEBUG [o.a.h.c.p.RequestAddCookies] Cookie [version: 0][name: fast_failed][value: true][domain: branchtest.perfectomobile.com][path: /nexperience/perfectomobile/wd/hub][expiry: null] match [(secure)branchtest.perfectomobile.com:443/nexperience/perfectomobile/wd/hub/session/223f2364-c363-4f1b-9fa3-c593981d31c4/element]
<2017-09-26 13:06:59> DEBUG [o.a.h.c.p.RequestAddCookies] Cookie [version: 0][name: fast_failed][value: true][domain: branchtest.perfectomobile.com][path: /nexperience/perfectomobile/wd/hub/session][expiry: null] match [(secure)branchtest.perfectomobile.com:443/nexperience/perfectomobile/wd/hub/session/223f2364-c363-4f1b-9fa3-c593981d31c4/element]
<2017-09-26 13:06:59> DEBUG [o.a.h.c.p.RequestAddCookies] Cookie [version: 0][name: fast_failed][value: true][domain: branchtest.perfectomobile.com][path: /nexperience/perfectomobile/wd/hub/session/223f2364-c363-4f1b-9fa3-c593981d31c4][expiry: null] match [(secure)branchtest.perfectomobile.com:443/nexperience/perfectomobile/wd/hub/session/223f2364-c363-4f1b-9fa3-c593981d31c4/element]
<2017-09-26 13:06:59> DEBUG [o.a.h.c.p.RequestAuthCache] Auth cache not set in the context
<2017-09-26 13:06:59> DEBUG [o.a.h.i.c.PoolingHttpClientConnectionManager] Connection request: [route: {s}->https://branchtest.perfectomobile.com:443][total kept alive: 1; route allocated: 3 of 2000; total allocated: 3 of 2000]
<2017-09-26 13:06:59> DEBUG [o.a.h.i.c.PoolingHttpClientConnectionManager] Connection leased: [id: 8][route: {s}->https://branchtest.perfectomobile.com:443][total kept alive: 0; route allocated: 3 of 2000; total allocated: 3 of 2000]
<2017-09-26 13:06:59> DEBUG [o.a.h.i.execchain.MainClientExec] Stale connection check
<2017-09-26 13:06:59> DEBUG [org.apache.http.wire] http-outgoing-8 << "[read] I/O error: Read timed out"
<2017-09-26 13:06:59> DEBUG [o.a.h.i.c.DefaultManagedHttpClientConnection] http-outgoing-8: set socket timeout to 10800000
<2017-09-26 13:06:59> DEBUG [o.a.h.i.execchain.MainClientExec] Executing request POST /nexperience/perfectomobile/wd/hub/session/223f2364-c363-4f1b-9fa3-c593981d31c4/element HTTP/1.1
<2017-09-26 13:06:59> DEBUG [o.a.h.i.execchain.MainClientExec] Target auth state: UNCHALLENGED
<2017-09-26 13:06:59> DEBUG [o.a.h.i.execchain.MainClientExec] Proxy auth state: UNCHALLENGED
<2017-09-26 13:06:59> DEBUG [org.apache.http.headers] http-outgoing-8 >> POST /nexperience/perfectomobile/wd/hub/session/223f2364-c363-4f1b-9fa3-c593981d31c4/element HTTP/1.1
<2017-09-26 13:06:59> DEBUG [org.apache.http.headers] http-outgoing-8 >> Content-Type: application/json; charset=utf-8
<2017-09-26 13:06:59> DEBUG [org.apache.http.headers] http-outgoing-8 >> Content-Length: 72
<2017-09-26 13:06:59> DEBUG [org.apache.http.headers] http-outgoing-8 >> Host: branchtest.perfectomobile.com
<2017-09-26 13:06:59> DEBUG [org.apache.http.headers] http-outgoing-8 >> Connection: Keep-Alive
<2017-09-26 13:06:59> DEBUG [org.apache.http.headers] http-outgoing-8 >> User-Agent: Apache-HttpClient/4.5.2 (Java/1.8.0_121)
<2017-09-26 13:06:59> DEBUG [org.apache.http.headers] http-outgoing-8 >> Cookie: JSESSIONID=F6E28E4994D1584E597DBDFCCCB1737E; fast_failed=true; fast_failed=true; fast_failed=true
<2017-09-26 13:06:59> DEBUG [org.apache.http.headers] http-outgoing-8 >> Accept-Encoding: gzip,deflate
<2017-09-26 13:06:59> DEBUG [org.apache.http.wire] http-outgoing-8 >> "POST /nexperience/perfectomobile/wd/hub/session/223f2364-c363-4f1b-9fa3-c593981d31c4/element HTTP/1.1[\r][\n]"
<2017-09-26 13:06:59> DEBUG [org.apache.http.wire] http-outgoing-8 >> "Content-Type: application/json; charset=utf-8[\r][\n]"
<2017-09-26 13:06:59> DEBUG [org.apache.http.wire] http-outgoing-8 >> "Content-Length: 72[\r][\n]"
<2017-09-26 13:06:59> DEBUG [org.apache.http.wire] http-outgoing-8 >> "Host: branchtest.perfectomobile.com[\r][\n]"
<2017-09-26 13:06:59> DEBUG [org.apache.http.wire] http-outgoing-8 >> "Connection: Keep-Alive[\r][\n]"
<2017-09-26 13:06:59> DEBUG [org.apache.http.wire] http-outgoing-8 >> "User-Agent: Apache-HttpClient/4.5.2 (Java/1.8.0_121)[\r][\n]"
<2017-09-26 13:06:59> DEBUG [org.apache.http.wire] http-outgoing-8 >> "Cookie: JSESSIONID=F6E28E4994D1584E597DBDFCCCB1737E; fast_failed=true; fast_failed=true; fast_failed=true[\r][\n]"
<2017-09-26 13:06:59> DEBUG [org.apache.http.wire] http-outgoing-8 >> "Accept-Encoding: gzip,deflate[\r][\n]"
<2017-09-26 13:06:59> DEBUG [org.apache.http.wire] http-outgoing-8 >> "[\r][\n]"
<2017-09-26 13:06:59> DEBUG [org.apache.http.wire] http-outgoing-8 >> "{"using":"xpath","value":"//*[@id=\"register_form\"]/fieldset[6]/input"}"
<2017-09-26 13:06:59> DEBUG [org.apache.http.wire] http-outgoing-6 << "HTTP/1.1 200 OK[\r][\n]"
<2017-09-26 13:06:59> DEBUG [org.apache.http.wire] http-outgoing-6 << "Server: nginx[\r][\n]"
<2017-09-26 13:06:59> DEBUG [org.apache.http.wire] http-outgoing-6 << "Date: Tue, 26 Sep 2017 10:06:55 GMT[\r][\n]"
<2017-09-26 13:06:59> DEBUG [org.apache.http.wire] http-outgoing-6 << "Content-Type: application/json;charset=utf-8[\r][\n]"
<2017-09-26 13:06:59> DEBUG [org.apache.http.wire] http-outgoing-6 << "Transfer-Encoding: chunked[\r][\n]"
<2017-09-26 13:06:59> DEBUG [org.apache.http.wire] http-outgoing-6 << "Connection: keep-alive[\r][\n]"
<2017-09-26 13:06:59> DEBUG [org.apache.http.wire] http-outgoing-6 << "Set-Cookie: JSESSIONID=F6E28E4994D1584E597DBDFCCCB1737E; Path=/nexperience/; HttpOnly[\r][\n]"
<2017-09-26 13:06:59> DEBUG [org.apache.http.wire] http-outgoing-6 << "Expires: Thu, 01 Jan 1970 00:00:00 GMT[\r][\n]"
<2017-09-26 13:06:59> DEBUG [org.apache.http.wire] http-outgoing-6 << "Cache-Control: no-cache[\r][\n]"
<2017-09-26 13:06:59> DEBUG [org.apache.http.wire] http-outgoing-6 << "Cache-Control: no-cache[\r][\n]"
<2017-09-26 13:06:59> DEBUG [org.apache.http.wire] http-outgoing-6 << "Expires: Thu, 01 Jan 1970 00:00:00 GMT[\r][\n]"
<2017-09-26 13:06:59> DEBUG [org.apache.http.wire] http-outgoing-6 << "Set-Cookie: fast_failed=true[\r][\n]"
<2017-09-26 13:06:59> DEBUG [org.apache.http.wire] http-outgoing-6 << "X-XSS-Protection: 2; mode=block[\r][\n]"
<2017-09-26 13:06:59> DEBUG [org.apache.http.wire] http-outgoing-6 << "Content-Encoding: gzip[\r][\n]"
<2017-09-26 13:06:59> DEBUG [org.apache.http.wire] http-outgoing-6 << "[\r][\n]"
<2017-09-26 13:06:59> DEBUG [org.apache.http.wire] http-outgoing-6 << "a0[\r][\n]"
<2017-09-26 13:06:59> DEBUG [org.apache.http.wire] http-outgoing-6 << "[0x1f][0x8b][0x8][0x0][0x0][0x0][0x0][0x0][0x0][0x3]-[0x8d][0xcb][0xe][0x82]0[0x10][0x0][0xff]e[0xcf][0xb4][0xe1][0xd9][0x2]W[0xc3][0xc1]D=[0x18]]]>&#x7f;<![CDATA[[0xa0],[0xab][0x92]@[0x8b],[0xf5]B[0xf8]w[0xf7][0xe0]u2[0x93][0xd9][0x81][0x89]y[0xc][0xfe]<@[0xb]i[0xdf]W[0x88][0xee][0xa9][0xec]@[0xa5]*M[0x9d][0xab][0x86][0xc]*[0xac][0xea]2#[0xaa][0xd0]8[0xb][0x9][0xf0][0xe6]6[0x12][0x9d]#[0xa2][0xd4]B[0xde][0xa7]0[0x8][0xb1][0x99][0xc9]kk[0x8b]"[0x81][0xaf][0x9b][0xa2][0x90][0x1d][0xba]Kw[0xed]n[0xf][0xd1][0x1b]8[0x12][0xc0][0xc9]I[0xd1]BX_:,[0xe4]?N3M[0xe4][0xc7]8[0xeb][0x95][0xe6][0xb0][0x91][0xbe][0x13]/[0xc1]3[0xfd]OQ[0xf4][0xf4][0xf8][0x1]&[0xc8][0xb5][0x99][0xa9][0x0][0x0][0x0][\r][\n]"
<2017-09-26 13:06:59> DEBUG [org.apache.http.wire] http-outgoing-6 << "0[\r][\n]"
<2017-09-26 13:06:59> DEBUG [org.apache.http.wire] http-outgoing-6 << "[\r][\n]"
<2017-09-26 13:06:59> DEBUG [org.apache.http.headers] http-outgoing-6 << HTTP/1.1 200 OK
<2017-09-26 13:06:59> DEBUG [org.apache.http.headers] http-outgoing-6 << Server: nginx
<2017-09-26 13:06:59> DEBUG [org.apache.http.headers] http-outgoing-6 << Date: Tue, 26 Sep 2017 10:06:55 GMT
<2017-09-26 13:06:59> DEBUG [org.apache.http.headers] http-outgoing-6 << Content-Type: application/json;charset=utf-8
<2017-09-26 13:06:59> DEBUG [org.apache.http.headers] http-outgoing-6 << Transfer-Encoding: chunked
<2017-09-26 13:06:59> DEBUG [org.apache.http.headers] http-outgoing-6 << Connection: keep-alive
<2017-09-26 13:06:59> DEBUG [org.apache.http.headers] http-outgoing-6 << Set-Cookie: JSESSIONID=F6E28E4994D1584E597DBDFCCCB1737E; Path=/nexperience/; HttpOnly
<2017-09-26 13:06:59> DEBUG [org.apache.http.headers] http-outgoing-6 << Expires: Thu, 01 Jan 1970 00:00:00 GMT
<2017-09-26 13:06:59> DEBUG [org.apache.http.headers] http-outgoing-6 << Cache-Control: no-cache
<2017-09-26 13:06:59> DEBUG [org.apache.http.headers] http-outgoing-6 << Cache-Control: no-cache
<2017-09-26 13:06:59> DEBUG [org.apache.http.headers] http-outgoing-6 << Expires: Thu, 01 Jan 1970 00:00:00 GMT
<2017-09-26 13:06:59> DEBUG [org.apache.http.headers] http-outgoing-6 << Set-Cookie: fast_failed=true
<2017-09-26 13:06:59> DEBUG [org.apache.http.headers] http-outgoing-6 << X-XSS-Protection: 2; mode=block
<2017-09-26 13:06:59> DEBUG [org.apache.http.headers] http-outgoing-6 << Content-Encoding: gzip
<2017-09-26 13:06:59> DEBUG [o.a.h.i.execchain.MainClientExec] Connection can be kept alive indefinitely
<2017-09-26 13:06:59> DEBUG [o.a.h.c.p.ResponseProcessCookies] Cookie accepted [JSESSIONID="F6E28E4994D1584E597DBDFCCCB1737E", version:0, domain:branchtest.perfectomobile.com, path:/nexperience/, expiry:null]
<2017-09-26 13:06:59> DEBUG [o.a.h.c.p.ResponseProcessCookies] Cookie accepted [fast_failed="true", version:0, domain:branchtest.perfectomobile.com, path:/nexperience/perfectomobile/wd/hub/session/0bb5ccaf-7de4-4682-9e6c-c5841ee5c6a7, expiry:null]
<2017-09-26 13:06:59> DEBUG [o.a.h.i.c.PoolingHttpClientConnectionManager] Connection [id: 6][route: {s}->https://branchtest.perfectomobile.com:443] can be kept alive indefinitely
<2017-09-26 13:06:59> DEBUG [o.a.h.i.c.PoolingHttpClientConnectionManager] Connection released: [id: 6][route: {s}->https://branchtest.perfectomobile.com:443][total kept alive: 1; route allocated: 3 of 2000; total allocated: 3 of 2000]
<2017-09-26 13:06:59> DEBUG [o.a.h.c.p.RequestAddCookies] CookieSpec selected: default
<2017-09-26 13:06:59> DEBUG [o.a.h.c.p.RequestAddCookies] Cookie [version: 0][name: JSESSIONID][value: F6E28E4994D1584E597DBDFCCCB1737E][domain: branchtest.perfectomobile.com][path: /nexperience/][expiry: null] match [(secure)branchtest.perfectomobile.com:443/nexperience/perfectomobile/wd/hub/session/0bb5ccaf-7de4-4682-9e6c-c5841ee5c6a7/element/9/value]
<2017-09-26 13:06:59> DEBUG [o.a.h.c.p.RequestAddCookies] Cookie [version: 0][name: fast_failed][value: true][domain: branchtest.perfectomobile.com][path: /nexperience/perfectomobile/wd/hub][expiry: null] match [(secure)branchtest.perfectomobile.com:443/nexperience/perfectomobile/wd/hub/session/0bb5ccaf-7de4-4682-9e6c-c5841ee5c6a7/element/9/value]
<2017-09-26 13:06:59> DEBUG [o.a.h.c.p.RequestAddCookies] Cookie [version: 0][name: fast_failed][value: true][domain: branchtest.perfectomobile.com][path: /nexperience/perfectomobile/wd/hub/session][expiry: null] match [(secure)branchtest.perfectomobile.com:443/nexperience/perfectomobile/wd/hub/session/0bb5ccaf-7de4-4682-9e6c-c5841ee5c6a7/element/9/value]
<2017-09-26 13:06:59> DEBUG [o.a.h.c.p.RequestAddCookies] Cookie [version: 0][name: fast_failed][value: true][domain: branchtest.perfectomobile.com][path: /nexperience/perfectomobile/wd/hub/session/0bb5ccaf-7de4-4682-9e6c-c5841ee5c6a7][expiry: null] match [(secure)branchtest.perfectomobile.com:443/nexperience/perfectomobile/wd/hub/session/0bb5ccaf-7de4-4682-9e6c-c5841ee5c6a7/element/9/value]
<2017-09-26 13:06:59> DEBUG [o.a.h.c.p.RequestAuthCache] Auth cache not set in the context
<2017-09-26 13:06:59> DEBUG [o.a.h.i.c.PoolingHttpClientConnectionManager] Connection request: [route: {s}->https://branchtest.perfectomobile.com:443][total kept alive: 1; route allocated: 3 of 2000; total allocated: 3 of 2000]
<2017-09-26 13:06:59> DEBUG [o.a.h.i.c.PoolingHttpClientConnectionManager] Connection leased: [id: 6][route: {s}->https://branchtest.perfectomobile.com:443][total kept alive: 0; route allocated: 3 of 2000; total allocated: 3 of 2000]
<2017-09-26 13:06:59> DEBUG [o.a.h.i.execchain.MainClientExec] Stale connection check
<2017-09-26 13:06:59> DEBUG [org.apache.http.wire] http-outgoing-6 << "[read] I/O error: Read timed out"
<2017-09-26 13:06:59> DEBUG [o.a.h.i.c.DefaultManagedHttpClientConnection] http-outgoing-6: set socket timeout to 10800000
<2017-09-26 13:06:59> DEBUG [o.a.h.i.execchain.MainClientExec] Executing request POST /nexperience/perfectomobile/wd/hub/session/0bb5ccaf-7de4-4682-9e6c-c5841ee5c6a7/element/9/value HTTP/1.1
<2017-09-26 13:06:59> DEBUG [o.a.h.i.execchain.MainClientExec] Target auth state: UNCHALLENGED
<2017-09-26 13:06:59> DEBUG [o.a.h.i.execchain.MainClientExec] Proxy auth state: UNCHALLENGED
<2017-09-26 13:06:59> DEBUG [org.apache.http.headers] http-outgoing-6 >> POST /nexperience/perfectomobile/wd/hub/session/0bb5ccaf-7de4-4682-9e6c-c5841ee5c6a7/element/9/value HTTP/1.1
<2017-09-26 13:06:59> DEBUG [org.apache.http.headers] http-outgoing-6 >> Content-Type: application/json; charset=utf-8
<2017-09-26 13:06:59> DEBUG [org.apache.http.headers] http-outgoing-6 >> Content-Length: 33
<2017-09-26 13:06:59> DEBUG [org.apache.http.headers] http-outgoing-6 >> Host: branchtest.perfectomobile.com
<2017-09-26 13:06:59> DEBUG [org.apache.http.headers] http-outgoing-6 >> Connection: Keep-Alive
<2017-09-26 13:06:59> DEBUG [org.apache.http.headers] http-outgoing-6 >> User-Agent: Apache-HttpClient/4.5.2 (Java/1.8.0_121)
<2017-09-26 13:06:59> DEBUG [org.apache.http.headers] http-outgoing-6 >> Cookie: JSESSIONID=F6E28E4994D1584E597DBDFCCCB1737E; fast_failed=true; fast_failed=true; fast_failed=true
<2017-09-26 13:06:59> DEBUG [org.apache.http.headers] http-outgoing-6 >> Accept-Encoding: gzip,deflate
<2017-09-26 13:06:59> DEBUG [org.apache.http.wire] http-outgoing-6 >> "POST /nexperience/perfectomobile/wd/hub/session/0bb5ccaf-7de4-4682-9e6c-c5841ee5c6a7/element/9/value HTTP/1.1[\r][\n]"
<2017-09-26 13:06:59> DEBUG [org.apache.http.wire] http-outgoing-6 >> "Content-Type: application/json; charset=utf-8[\r][\n]"
<2017-09-26 13:06:59> DEBUG [org.apache.http.wire] http-outgoing-6 >> "Content-Length: 33[\r][\n]"
<2017-09-26 13:06:59> DEBUG [org.apache.http.wire] http-outgoing-6 >> "Host: branchtest.perfectomobile.com[\r][\n]"
<2017-09-26 13:06:59> DEBUG [org.apache.http.wire] http-outgoing-6 >> "Connection: Keep-Alive[\r][\n]"
<2017-09-26 13:06:59> DEBUG [org.apache.http.wire] http-outgoing-6 >> "User-Agent: Apache-HttpClient/4.5.2 (Java/1.8.0_121)[\r][\n]"
<2017-09-26 13:06:59> DEBUG [org.apache.http.wire] http-outgoing-6 >> "Cookie: JSESSIONID=F6E28E4994D1584E597DBDFCCCB1737E; fast_failed=true; fast_failed=true; fast_failed=true[\r][\n]"
<2017-09-26 13:06:59> DEBUG [org.apache.http.wire] http-outgoing-6 >> "Accept-Encoding: gzip,deflate[\r][\n]"
<2017-09-26 13:06:59> DEBUG [org.apache.http.wire] http-outgoing-6 >> "[\r][\n]"
<2017-09-26 13:06:59> DEBUG [org.apache.http.wire] http-outgoing-6 >> "{"id":"9","value":["1234567890"]}"
<2017-09-26 13:06:59> DEBUG [org.apache.http.wire] http-outgoing-8 << "HTTP/1.1 200 OK[\r][\n]"
<2017-09-26 13:06:59> DEBUG [org.apache.http.wire] http-outgoing-8 << "Server: nginx[\r][\n]"
<2017-09-26 13:06:59> DEBUG [org.apache.http.wire] http-outgoing-8 << "Date: Tue, 26 Sep 2017 10:06:55 GMT[\r][\n]"
<2017-09-26 13:06:59> DEBUG [org.apache.http.wire] http-outgoing-8 << "Content-Type: application/json;charset=utf-8[\r][\n]"
<2017-09-26 13:06:59> DEBUG [org.apache.http.wire] http-outgoing-8 << "Transfer-Encoding: chunked[\r][\n]"
<2017-09-26 13:06:59> DEBUG [org.apache.http.wire] http-outgoing-8 << "Connection: keep-alive[\r][\n]"
<2017-09-26 13:06:59> DEBUG [org.apache.http.wire] http-outgoing-8 << "Set-Cookie: JSESSIONID=F6E28E4994D1584E597DBDFCCCB1737E; Path=/nexperience/; HttpOnly[\r][\n]"
<2017-09-26 13:06:59> DEBUG [org.apache.http.wire] http-outgoing-8 << "Expires: Thu, 01 Jan 1970 00:00:00 GMT[\r][\n]"
<2017-09-26 13:06:59> DEBUG [org.apache.http.wire] http-outgoing-8 << "Cache-Control: no-cache[\r][\n]"
<2017-09-26 13:06:59> DEBUG [org.apache.http.wire] http-outgoing-8 << "Cache-Control: no-cache[\r][\n]"
<2017-09-26 13:06:59> DEBUG [org.apache.http.wire] http-outgoing-8 << "Expires: Thu, 01 Jan 1970 00:00:00 GMT[\r][\n]"
<2017-09-26 13:06:59> DEBUG [org.apache.http.wire] http-outgoing-8 << "Set-Cookie: fast_failed=true[\r][\n]"
<2017-09-26 13:06:59> DEBUG [org.apache.http.wire] http-outgoing-8 << "X-XSS-Protection: 2; mode=block[\r][\n]"
<2017-09-26 13:06:59> DEBUG [org.apache.http.wire] http-outgoing-8 << "Content-Encoding: gzip[\r][\n]"
<2017-09-26 13:06:59> DEBUG [org.apache.http.wire] http-outgoing-8 << "[\r][\n]"
<2017-09-26 13:06:59> DEBUG [org.apache.http.wire] http-outgoing-8 << "a1[\r][\n]"
<2017-09-26 13:06:59> DEBUG [org.apache.http.wire] http-outgoing-8 << "[0x1f][0x8b][0x8][0x0][0x0][0x0][0x0][0x0][0x0][0x3]-[0x8d]A[0xe][0x82]0[0x10][0x0][0xff][0xb2]ghh[0xb7]V[0xca][0xd5]p0Q[0xf][0xc6][0xf][0xd4][0xb2]([0x9][0xb4]H[0xa9][0x17][0xc2][0xdf][0xdd][0x83][0xd7][0xc9]Lf[0x83]D)[\r]1[0x9c];h@)[0xec][0x15][0x1a]]z4X[0xea]^>K[0xdb];,[0xfd][0xc1][0xa2][0xad]e[0x87][0xd2]k( [0xad]n%[0xd6]S[0xf6][0x9e]k&[0xef]S[0xec][0x98][0xc8][0xa3]1[\n]"
<2017-09-26 13:06:59> DEBUG [org.apache.http.wire] http-outgoing-8 << "[0xb1][0xd2]u[0x1]_7fF[0x1b][0xb4][0x97][0xf6][0xda][0xde][0x1e][0xec][[0xd8][0xb][0xf0][0xa3][0xe3][0xa4][0x81][0xb8][0xbc]D[0x9c])|[0x9c]H4R[0x18][0xf2]$[0x16][0x9a][0xe2]J[0xe2]Ni[0x8e]![0xd1]]]>&#x7f;<![CDATA[[0x95]Y[0xaf][0xf6][0x1f][0xad][0x4]?Q[0xaa][0x0][0x0][0x0][\r][\n]"
<2017-09-26 13:06:59> DEBUG [org.apache.http.wire] http-outgoing-8 << "0[\r][\n]"
<2017-09-26 13:06:59> DEBUG [org.apache.http.wire] http-outgoing-8 << "[\r][\n]"
<2017-09-26 13:06:59> DEBUG [org.apache.http.headers] http-outgoing-8 << HTTP/1.1 200 OK
<2017-09-26 13:06:59> DEBUG [org.apache.http.headers] http-outgoing-8 << Server: nginx
<2017-09-26 13:06:59> DEBUG [org.apache.http.headers] http-outgoing-8 << Date: Tue, 26 Sep 2017 10:06:55 GMT
<2017-09-26 13:06:59> DEBUG [org.apache.http.headers] http-outgoing-8 << Content-Type: application/json;charset=utf-8
<2017-09-26 13:06:59> DEBUG [org.apache.http.headers] http-outgoing-8 << Transfer-Encoding: chunked
<2017-09-26 13:06:59> DEBUG [org.apache.http.headers] http-outgoing-8 << Connection: keep-alive
<2017-09-26 13:06:59> DEBUG [org.apache.http.headers] http-outgoing-8 << Set-Cookie: JSESSIONID=F6E28E4994D1584E597DBDFCCCB1737E; Path=/nexperience/; HttpOnly
<2017-09-26 13:06:59> DEBUG [org.apache.http.headers] http-outgoing-8 << Expires: Thu, 01 Jan 1970 00:00:00 GMT
<2017-09-26 13:06:59> DEBUG [org.apache.http.headers] http-outgoing-8 << Cache-Control: no-cache
<2017-09-26 13:06:59> DEBUG [org.apache.http.headers] http-outgoing-8 << Cache-Control: no-cache
<2017-09-26 13:06:59> DEBUG [org.apache.http.headers] http-outgoing-8 << Expires: Thu, 01 Jan 1970 00:00:00 GMT
<2017-09-26 13:06:59> DEBUG [org.apache.http.headers] http-outgoing-8 << Set-Cookie: fast_failed=true
<2017-09-26 13:06:59> DEBUG [org.apache.http.headers] http-outgoing-8 << X-XSS-Protection: 2; mode=block
<2017-09-26 13:06:59> DEBUG [org.apache.http.headers] http-outgoing-8 << Content-Encoding: gzip
<2017-09-26 13:06:59> DEBUG [o.a.h.i.execchain.MainClientExec] Connection can be kept alive indefinitely
<2017-09-26 13:06:59> DEBUG [o.a.h.c.p.ResponseProcessCookies] Cookie accepted [JSESSIONID="F6E28E4994D1584E597DBDFCCCB1737E", version:0, domain:branchtest.perfectomobile.com, path:/nexperience/, expiry:null]
<2017-09-26 13:06:59> DEBUG [o.a.h.c.p.ResponseProcessCookies] Cookie accepted [fast_failed="true", version:0, domain:branchtest.perfectomobile.com, path:/nexperience/perfectomobile/wd/hub/session/223f2364-c363-4f1b-9fa3-c593981d31c4, expiry:null]
<2017-09-26 13:06:59> DEBUG [o.a.h.i.c.PoolingHttpClientConnectionManager] Connection [id: 8][route: {s}->https://branchtest.perfectomobile.com:443] can be kept alive indefinitely
<2017-09-26 13:06:59> DEBUG [o.a.h.i.c.PoolingHttpClientConnectionManager] Connection released: [id: 8][route: {s}->https://branchtest.perfectomobile.com:443][total kept alive: 1; route allocated: 3 of 2000; total allocated: 3 of 2000]
<2017-09-26 13:06:59> DEBUG [o.a.h.c.p.RequestAddCookies] CookieSpec selected: default
<2017-09-26 13:06:59> DEBUG [o.a.h.c.p.RequestAddCookies] Cookie [version: 0][name: JSESSIONID][value: F6E28E4994D1584E597DBDFCCCB1737E][domain: branchtest.perfectomobile.com][path: /nexperience/][expiry: null] match [(secure)branchtest.perfectomobile.com:443/nexperience/perfectomobile/wd/hub/session/223f2364-c363-4f1b-9fa3-c593981d31c4/element/9/value]
<2017-09-26 13:06:59> DEBUG [o.a.h.c.p.RequestAddCookies] Cookie [version: 0][name: fast_failed][value: true][domain: branchtest.perfectomobile.com][path: /nexperience/perfectomobile/wd/hub][expiry: null] match [(secure)branchtest.perfectomobile.com:443/nexperience/perfectomobile/wd/hub/session/223f2364-c363-4f1b-9fa3-c593981d31c4/element/9/value]
<2017-09-26 13:06:59> DEBUG [o.a.h.c.p.RequestAddCookies] Cookie [version: 0][name: fast_failed][value: true][domain: branchtest.perfectomobile.com][path: /nexperience/perfectomobile/wd/hub/session][expiry: null] match [(secure)branchtest.perfectomobile.com:443/nexperience/perfectomobile/wd/hub/session/223f2364-c363-4f1b-9fa3-c593981d31c4/element/9/value]
<2017-09-26 13:06:59> DEBUG [o.a.h.c.p.RequestAddCookies] Cookie [version: 0][name: fast_failed][value: true][domain: branchtest.perfectomobile.com][path: /nexperience/perfectomobile/wd/hub/session/223f2364-c363-4f1b-9fa3-c593981d31c4][expiry: null] match [(secure)branchtest.perfectomobile.com:443/nexperience/perfectomobile/wd/hub/session/223f2364-c363-4f1b-9fa3-c593981d31c4/element/9/value]
<2017-09-26 13:06:59> DEBUG [o.a.h.c.p.RequestAuthCache] Auth cache not set in the context
<2017-09-26 13:06:59> DEBUG [o.a.h.i.c.PoolingHttpClientConnectionManager] Connection request: [route: {s}->https://branchtest.perfectomobile.com:443][total kept alive: 1; route allocated: 3 of 2000; total allocated: 3 of 2000]
<2017-09-26 13:06:59> DEBUG [o.a.h.i.c.PoolingHttpClientConnectionManager] Connection leased: [id: 8][route: {s}->https://branchtest.perfectomobile.com:443][total kept alive: 0; route allocated: 3 of 2000; total allocated: 3 of 2000]
<2017-09-26 13:06:59> DEBUG [o.a.h.i.execchain.MainClientExec] Stale connection check
<2017-09-26 13:06:59> DEBUG [org.apache.http.wire] http-outgoing-8 << "[read] I/O error: Read timed out"
<2017-09-26 13:06:59> DEBUG [o.a.h.i.c.DefaultManagedHttpClientConnection] http-outgoing-8: set socket timeout to 10800000
<2017-09-26 13:06:59> DEBUG [o.a.h.i.execchain.MainClientExec] Executing request POST /nexperience/perfectomobile/wd/hub/session/223f2364-c363-4f1b-9fa3-c593981d31c4/element/9/value HTTP/1.1
<2017-09-26 13:06:59> DEBUG [o.a.h.i.execchain.MainClientExec] Target auth state: UNCHALLENGED
<2017-09-26 13:06:59> DEBUG [o.a.h.i.execchain.MainClientExec] Proxy auth state: UNCHALLENGED
<2017-09-26 13:06:59> DEBUG [org.apache.http.headers] http-outgoing-8 >> POST /nexperience/perfectomobile/wd/hub/session/223f2364-c363-4f1b-9fa3-c593981d31c4/element/9/value HTTP/1.1
<2017-09-26 13:06:59> DEBUG [org.apache.http.headers] http-outgoing-8 >> Content-Type: application/json; charset=utf-8
<2017-09-26 13:06:59> DEBUG [org.apache.http.headers] http-outgoing-8 >> Content-Length: 33
<2017-09-26 13:06:59> DEBUG [org.apache.http.headers] http-outgoing-8 >> Host: branchtest.perfectomobile.com
<2017-09-26 13:06:59> DEBUG [org.apache.http.headers] http-outgoing-8 >> Connection: Keep-Alive
<2017-09-26 13:06:59> DEBUG [org.apache.http.headers] http-outgoing-8 >> User-Agent: Apache-HttpClient/4.5.2 (Java/1.8.0_121)
<2017-09-26 13:06:59> DEBUG [org.apache.http.headers] http-outgoing-8 >> Cookie: JSESSIONID=F6E28E4994D1584E597DBDFCCCB1737E; fast_failed=true; fast_failed=true; fast_failed=true
<2017-09-26 13:06:59> DEBUG [org.apache.http.headers] http-outgoing-8 >> Accept-Encoding: gzip,deflate
<2017-09-26 13:06:59> DEBUG [org.apache.http.wire] http-outgoing-8 >> "POST /nexperience/perfectomobile/wd/hub/session/223f2364-c363-4f1b-9fa3-c593981d31c4/element/9/value HTTP/1.1[\r][\n]"
<2017-09-26 13:06:59> DEBUG [org.apache.http.wire] http-outgoing-8 >> "Content-Type: application/json; charset=utf-8[\r][\n]"
<2017-09-26 13:06:59> DEBUG [org.apache.http.wire] http-outgoing-8 >> "Content-Length: 33[\r][\n]"
<2017-09-26 13:06:59> DEBUG [org.apache.http.wire] http-outgoing-8 >> "Host: branchtest.perfectomobile.com[\r][\n]"
<2017-09-26 13:06:59> DEBUG [org.apache.http.wire] http-outgoing-8 >> "Connection: Keep-Alive[\r][\n]"
<2017-09-26 13:06:59> DEBUG [org.apache.http.wire] http-outgoing-8 >> "User-Agent: Apache-HttpClient/4.5.2 (Java/1.8.0_121)[\r][\n]"
<2017-09-26 13:06:59> DEBUG [org.apache.http.wire] http-outgoing-8 >> "Cookie: JSESSIONID=F6E28E4994D1584E597DBDFCCCB1737E; fast_failed=true; fast_failed=true; fast_failed=true[\r][\n]"
<2017-09-26 13:06:59> DEBUG [org.apache.http.wire] http-outgoing-8 >> "Accept-Encoding: gzip,deflate[\r][\n]"
<2017-09-26 13:06:59> DEBUG [org.apache.http.wire] http-outgoing-8 >> "[\r][\n]"
<2017-09-26 13:06:59> DEBUG [org.apache.http.wire] http-outgoing-8 >> "{"id":"9","value":["1234567890"]}"
<2017-09-26 13:06:59> DEBUG [org.apache.http.wire] http-outgoing-5 << "HTTP/1.1 200 OK[\r][\n]"
<2017-09-26 13:06:59> DEBUG [org.apache.http.wire] http-outgoing-5 << "Server: nginx[\r][\n]"
<2017-09-26 13:06:59> DEBUG [org.apache.http.wire] http-outgoing-5 << "Date: Tue, 26 Sep 2017 10:06:55 GMT[\r][\n]"
<2017-09-26 13:06:59> DEBUG [org.apache.http.wire] http-outgoing-5 << "Content-Type: application/json;charset=utf-8[\r][\n]"
<2017-09-26 13:06:59> DEBUG [org.apache.http.wire] http-outgoing-5 << "Transfer-Encoding: chunked[\r][\n]"
<2017-09-26 13:06:59> DEBUG [org.apache.http.wire] http-outgoing-5 << "Connection: keep-alive[\r][\n]"
<2017-09-26 13:06:59> DEBUG [org.apache.http.wire] http-outgoing-5 << "Set-Cookie: JSESSIONID=F6E28E4994D1584E597DBDFCCCB1737E; Path=/nexperience/; HttpOnly[\r][\n]"
<2017-09-26 13:06:59> DEBUG [org.apache.http.wire] http-outgoing-5 << "Expires: Thu, 01 Jan 1970 00:00:00 GMT[\r][\n]"
<2017-09-26 13:06:59> DEBUG [org.apache.http.wire] http-outgoing-5 << "Cache-Control: no-cache[\r][\n]"
<2017-09-26 13:06:59> DEBUG [org.apache.http.wire] http-outgoing-5 << "Cache-Control: no-cache[\r][\n]"
<2017-09-26 13:06:59> DEBUG [org.apache.http.wire] http-outgoing-5 << "Expires: Thu, 01 Jan 1970 00:00:00 GMT[\r][\n]"
<2017-09-26 13:06:59> DEBUG [org.apache.http.wire] http-outgoing-5 << "Set-Cookie: fast_failed=true[\r][\n]"
<2017-09-26 13:06:59> DEBUG [org.apache.http.wire] http-outgoing-5 << "X-XSS-Protection: 2; mode=block[\r][\n]"
<2017-09-26 13:06:59> DEBUG [org.apache.http.wire] http-outgoing-5 << "Content-Encoding: gzip[\r][\n]"
<2017-09-26 13:06:59> DEBUG [org.apache.http.wire] http-outgoing-5 << "[\r][\n]"
<2017-09-26 13:06:59> DEBUG [org.apache.http.wire] http-outgoing-5 << "95[\r][\n]"
<2017-09-26 13:06:59> DEBUG [org.apache.http.wire] http-outgoing-5 << "[0x1f][0x8b][0x8][0x0][0x0][0x0][0x0][0x0][0x0][0x3]-[0x8c]A[0x12][0x82]0[0xc]E[0xef][0x92]5t[0x8][0xa2]T[0xb6][0xae][0xdc]z[0x83][0x90][0x6]e[0xa6][0xb4]@[0xa8][0x1b][0xc7][0xbb][0x9b][0x85][0xcb][0xff][0xe6][0xbd][0xff][0x1][0x15][0xd5]9[0xa7]{[0x80][0x1][0x98]F[0xc6][0x6][0xfb][0xfa][0xda]JSw2r[0xed][0x83][0xcd]i[0x9a][0x2]!wx[0xa2][0xb]T[0xa0][0x7][0x1d]b[0xba][0x16]f[0xab][0x8d][0xbc]n9[0x18][0xc1][0xd6][0xfb]3z[0xec][0xbb][\n]"
<2017-09-26 13:06:59> DEBUG [org.apache.http.wire] http-outgoing-5 << "[0xde][0x14][0x8b][0xa1]Tb[0xac][0x80]#[0x99]7@[0xde][0x9f].[0xaf][0x92]6r*Q[0xd2]\[0x16][0xb7][0xcb][0x92][0xf]q[0xf][0xd1]5'[0x95][0xff]]]>&#x7f;<![CDATA[1[0xbd][0xf9][0xfe][0x0]6[0x16][0xe9]t[0x9f][0x0][0x0][0x0][\r][\n]"
<2017-09-26 13:06:59> DEBUG [org.apache.http.wire] http-outgoing-5 << "0[\r][\n]"
<2017-09-26 13:06:59> DEBUG [org.apache.http.wire] http-outgoing-5 << "[\r][\n]"
<2017-09-26 13:06:59> DEBUG [org.apache.http.headers] http-outgoing-5 << HTTP/1.1 200 OK
<2017-09-26 13:06:59> DEBUG [org.apache.http.headers] http-outgoing-5 << Server: nginx
<2017-09-26 13:06:59> DEBUG [org.apache.http.headers] http-outgoing-5 << Date: Tue, 26 Sep 2017 10:06:55 GMT
<2017-09-26 13:06:59> DEBUG [org.apache.http.headers] http-outgoing-5 << Content-Type: application/json;charset=utf-8
<2017-09-26 13:06:59> DEBUG [org.apache.http.headers] http-outgoing-5 << Transfer-Encoding: chunked
<2017-09-26 13:06:59> DEBUG [org.apache.http.headers] http-outgoing-5 << Connection: keep-alive
<2017-09-26 13:06:59> DEBUG [org.apache.http.headers] http-outgoing-5 << Set-Cookie: JSESSIONID=F6E28E4994D1584E597DBDFCCCB1737E; Path=/nexperience/; HttpOnly
<2017-09-26 13:06:59> DEBUG [org.apache.http.headers] http-outgoing-5 << Expires: Thu, 01 Jan 1970 00:00:00 GMT
<2017-09-26 13:06:59> DEBUG [org.apache.http.headers] http-outgoing-5 << Cache-Control: no-cache
<2017-09-26 13:06:59> DEBUG [org.apache.http.headers] http-outgoing-5 << Cache-Control: no-cache
<2017-09-26 13:06:59> DEBUG [org.apache.http.headers] http-outgoing-5 << Expires: Thu, 01 Jan 1970 00:00:00 GMT
<2017-09-26 13:06:59> DEBUG [org.apache.http.headers] http-outgoing-5 << Set-Cookie: fast_failed=true
<2017-09-26 13:06:59> DEBUG [org.apache.http.headers] http-outgoing-5 << X-XSS-Protection: 2; mode=block
<2017-09-26 13:06:59> DEBUG [org.apache.http.headers] http-outgoing-5 << Content-Encoding: gzip
<2017-09-26 13:06:59> DEBUG [o.a.h.i.execchain.MainClientExec] Connection can be kept alive indefinitely
<2017-09-26 13:06:59> DEBUG [o.a.h.c.p.ResponseProcessCookies] Cookie accepted [JSESSIONID="F6E28E4994D1584E597DBDFCCCB1737E", version:0, domain:branchtest.perfectomobile.com, path:/nexperience/, expiry:null]
<2017-09-26 13:06:59> DEBUG [o.a.h.c.p.ResponseProcessCookies] Cookie accepted [fast_failed="true", version:0, domain:branchtest.perfectomobile.com, path:/nexperience/perfectomobile/wd/hub/session/cabc1017-92e0-4ebc-8d17-fffda1c413a6/element/4, expiry:null]
<2017-09-26 13:06:59> DEBUG [o.a.h.i.c.PoolingHttpClientConnectionManager] Connection [id: 5][route: {s}->https://branchtest.perfectomobile.com:443] can be kept alive indefinitely
<2017-09-26 13:06:59> DEBUG [o.a.h.i.c.PoolingHttpClientConnectionManager] Connection released: [id: 5][route: {s}->https://branchtest.perfectomobile.com:443][total kept alive: 1; route allocated: 3 of 2000; total allocated: 3 of 2000]
<2017-09-26 13:06:59> DEBUG [o.a.h.c.p.RequestAddCookies] CookieSpec selected: default
<2017-09-26 13:06:59> DEBUG [o.a.h.c.p.RequestAddCookies] Cookie [version: 0][name: JSESSIONID][value: F6E28E4994D1584E597DBDFCCCB1737E][domain: branchtest.perfectomobile.com][path: /nexperience/][expiry: null] match [(secure)branchtest.perfectomobile.com:443/nexperience/perfectomobile/wd/hub/session/cabc1017-92e0-4ebc-8d17-fffda1c413a6/element]
<2017-09-26 13:06:59> DEBUG [o.a.h.c.p.RequestAddCookies] Cookie [version: 0][name: fast_failed][value: true][domain: branchtest.perfectomobile.com][path: /nexperience/perfectomobile/wd/hub][expiry: null] match [(secure)branchtest.perfectomobile.com:443/nexperience/perfectomobile/wd/hub/session/cabc1017-92e0-4ebc-8d17-fffda1c413a6/element]
<2017-09-26 13:06:59> DEBUG [o.a.h.c.p.RequestAddCookies] Cookie [version: 0][name: fast_failed][value: true][domain: branchtest.perfectomobile.com][path: /nexperience/perfectomobile/wd/hub/session][expiry: null] match [(secure)branchtest.perfectomobile.com:443/nexperience/perfectomobile/wd/hub/session/cabc1017-92e0-4ebc-8d17-fffda1c413a6/element]
<2017-09-26 13:06:59> DEBUG [o.a.h.c.p.RequestAddCookies] Cookie [version: 0][name: fast_failed][value: true][domain: branchtest.perfectomobile.com][path: /nexperience/perfectomobile/wd/hub/session/cabc1017-92e0-4ebc-8d17-fffda1c413a6][expiry: null] match [(secure)branchtest.perfectomobile.com:443/nexperience/perfectomobile/wd/hub/session/cabc1017-92e0-4ebc-8d17-fffda1c413a6/element]
<2017-09-26 13:06:59> DEBUG [o.a.h.c.p.RequestAuthCache] Auth cache not set in the context
<2017-09-26 13:06:59> DEBUG [o.a.h.i.c.PoolingHttpClientConnectionManager] Connection request: [route: {s}->https://branchtest.perfectomobile.com:443][total kept alive: 1; route allocated: 3 of 2000; total allocated: 3 of 2000]
<2017-09-26 13:06:59> DEBUG [o.a.h.i.c.PoolingHttpClientConnectionManager] Connection leased: [id: 5][route: {s}->https://branchtest.perfectomobile.com:443][total kept alive: 0; route allocated: 3 of 2000; total allocated: 3 of 2000]
<2017-09-26 13:06:59> DEBUG [o.a.h.i.execchain.MainClientExec] Stale connection check
<2017-09-26 13:06:59> DEBUG [org.apache.http.wire] http-outgoing-5 << "[read] I/O error: Read timed out"
<2017-09-26 13:06:59> DEBUG [o.a.h.i.c.DefaultManagedHttpClientConnection] http-outgoing-5: set socket timeout to 10800000
<2017-09-26 13:06:59> DEBUG [o.a.h.i.execchain.MainClientExec] Executing request POST /nexperience/perfectomobile/wd/hub/session/cabc1017-92e0-4ebc-8d17-fffda1c413a6/element HTTP/1.1
<2017-09-26 13:06:59> DEBUG [o.a.h.i.execchain.MainClientExec] Target auth state: UNCHALLENGED
<2017-09-26 13:06:59> DEBUG [o.a.h.i.execchain.MainClientExec] Proxy auth state: UNCHALLENGED
<2017-09-26 13:06:59> DEBUG [org.apache.http.headers] http-outgoing-5 >> POST /nexperience/perfectomobile/wd/hub/session/cabc1017-92e0-4ebc-8d17-fffda1c413a6/element HTTP/1.1
<2017-09-26 13:06:59> DEBUG [org.apache.http.headers] http-outgoing-5 >> Content-Type: application/json; charset=utf-8
<2017-09-26 13:06:59> DEBUG [org.apache.http.headers] http-outgoing-5 >> Content-Length: 77
<2017-09-26 13:06:59> DEBUG [org.apache.http.headers] http-outgoing-5 >> Host: branchtest.perfectomobile.com
<2017-09-26 13:06:59> DEBUG [org.apache.http.headers] http-outgoing-5 >> Connection: Keep-Alive
<2017-09-26 13:06:59> DEBUG [org.apache.http.headers] http-outgoing-5 >> User-Agent: Apache-HttpClient/4.5.2 (Java/1.8.0_121)
<2017-09-26 13:06:59> DEBUG [org.apache.http.headers] http-outgoing-5 >> Cookie: JSESSIONID=F6E28E4994D1584E597DBDFCCCB1737E; fast_failed=true; fast_failed=true; fast_failed=true
<2017-09-26 13:06:59> DEBUG [org.apache.http.headers] http-outgoing-5 >> Accept-Encoding: gzip,deflate
<2017-09-26 13:06:59> DEBUG [org.apache.http.wire] http-outgoing-5 >> "POST /nexperience/perfectomobile/wd/hub/session/cabc1017-92e0-4ebc-8d17-fffda1c413a6/element HTTP/1.1[\r][\n]"
<2017-09-26 13:06:59> DEBUG [org.apache.http.wire] http-outgoing-5 >> "Content-Type: application/json; charset=utf-8[\r][\n]"
<2017-09-26 13:06:59> DEBUG [org.apache.http.wire] http-outgoing-5 >> "Content-Length: 77[\r][\n]"
<2017-09-26 13:06:59> DEBUG [org.apache.http.wire] http-outgoing-5 >> "Host: branchtest.perfectomobile.com[\r][\n]"
<2017-09-26 13:06:59> DEBUG [org.apache.http.wire] http-outgoing-5 >> "Connection: Keep-Alive[\r][\n]"
<2017-09-26 13:06:59> DEBUG [org.apache.http.wire] http-outgoing-5 >> "User-Agent: Apache-HttpClient/4.5.2 (Java/1.8.0_121)[\r][\n]"
<2017-09-26 13:06:59> DEBUG [org.apache.http.wire] http-outgoing-5 >> "Cookie: JSESSIONID=F6E28E4994D1584E597DBDFCCCB1737E; fast_failed=true; fast_failed=true; fast_failed=true[\r][\n]"
<2017-09-26 13:06:59> DEBUG [org.apache.http.wire] http-outgoing-5 >> "Accept-Encoding: gzip,deflate[\r][\n]"
<2017-09-26 13:06:59> DEBUG [org.apache.http.wire] http-outgoing-5 >> "[\r][\n]"
<2017-09-26 13:06:59> DEBUG [org.apache.http.wire] http-outgoing-5 >> "{"using":"xpath","value":"//*[@id=\"register_form\"]/fieldset[1]/p[2]/input"}"
<2017-09-26 13:06:59> DEBUG [org.apache.http.wire] http-outgoing-6 << "HTTP/1.1 200 OK[\r][\n]"
<2017-09-26 13:06:59> DEBUG [org.apache.http.wire] http-outgoing-6 << "Server: nginx[\r][\n]"
<2017-09-26 13:06:59> DEBUG [org.apache.http.wire] http-outgoing-6 << "Date: Tue, 26 Sep 2017 10:06:56 GMT[\r][\n]"
<2017-09-26 13:06:59> DEBUG [org.apache.http.wire] http-outgoing-6 << "Content-Type: application/json;charset=utf-8[\r][\n]"
<2017-09-26 13:06:59> DEBUG [org.apache.http.wire] http-outgoing-6 << "Transfer-Encoding: chunked[\r][\n]"
<2017-09-26 13:06:59> DEBUG [org.apache.http.wire] http-outgoing-6 << "Connection: keep-alive[\r][\n]"
<2017-09-26 13:06:59> DEBUG [org.apache.http.wire] http-outgoing-6 << "Set-Cookie: JSESSIONID=F6E28E4994D1584E597DBDFCCCB1737E; Path=/nexperience/; HttpOnly[\r][\n]"
<2017-09-26 13:06:59> DEBUG [org.apache.http.wire] http-outgoing-6 << "Expires: Thu, 01 Jan 1970 00:00:00 GMT[\r][\n]"
<2017-09-26 13:06:59> DEBUG [org.apache.http.wire] http-outgoing-6 << "Cache-Control: no-cache[\r][\n]"
<2017-09-26 13:06:59> DEBUG [org.apache.http.wire] http-outgoing-6 << "Cache-Control: no-cache[\r][\n]"
<2017-09-26 13:06:59> DEBUG [org.apache.http.wire] http-outgoing-6 << "Expires: Thu, 01 Jan 1970 00:00:00 GMT[\r][\n]"
<2017-09-26 13:06:59> DEBUG [org.apache.http.wire] http-outgoing-6 << "Set-Cookie: fast_failed=true[\r][\n]"
<2017-09-26 13:06:59> DEBUG [org.apache.http.wire] http-outgoing-6 << "X-XSS-Protection: 2; mode=block[\r][\n]"
<2017-09-26 13:06:59> DEBUG [org.apache.http.wire] http-outgoing-6 << "Content-Encoding: gzip[\r][\n]"
<2017-09-26 13:06:59> DEBUG [org.apache.http.wire] http-outgoing-6 << "[\r][\n]"
<2017-09-26 13:06:59> DEBUG [org.apache.http.wire] http-outgoing-6 << "95[\r][\n]"
<2017-09-26 13:06:59> DEBUG [org.apache.http.wire] http-outgoing-6 << "[0x1f][0x8b][0x8][0x0][0x0][0x0][0x0][0x0][0x0][0x3]-[0xcc]1[0x12][0xc2] [0x10][0x85][0xe1][0xbb]l[\r][0xc][0x89][0x90][0xc4][0xb4]V[0xb6][0xde][0x80],[0xab]f[0x86]@[0xcc][0x82][0x8d][0xe3][0xdd][0xdd][0xc2][0xf6][0x9f][0xef][0xbd][0xf]01[0xaf]%_#[0xcc]`[0x97][0xc5]#[0x86][0xbb][0x1e]#9[0xed][0x86][0xa9][0xd7]g[0x1a]P[0xa3][0x9f]\G[0xe4]q[0x8]#([0xe0][0x1a]*[0x9][0xe7][0x86](k)[0xcf]K[0x89]R[0xbc][0xeb]zk[0xbb][0xd3][0xa8][0xe0][0x1d]R[0x93][0x92][J[\n]"
<2017-09-26 13:06:59> DEBUG [org.apache.http.wire] http-outgoing-6 << "0[0x5]a3[0x94][0xe3]a[0xca]N[0xf9][0x15][0xc]S[0xa2][0xbc][0xb6][0xcd][0x1c][0xb4][0x95]J[0xe6]F[0xbc][0x97][0xcc][0xf4][0xbf]o[0xc2][0xed][0xf7][0x7]k[0xe2][0xa9][0x90][0x9e][0x0][0x0][0x0][\r][\n]"
<2017-09-26 13:06:59> DEBUG [org.apache.http.wire] http-outgoing-6 << "0[\r][\n]"
<2017-09-26 13:06:59> DEBUG [org.apache.http.wire] http-outgoing-6 << "[\r][\n]"
<2017-09-26 13:06:59> DEBUG [org.apache.http.headers] http-outgoing-6 << HTTP/1.1 200 OK
<2017-09-26 13:06:59> DEBUG [org.apache.http.headers] http-outgoing-6 << Server: nginx
<2017-09-26 13:06:59> DEBUG [org.apache.http.headers] http-outgoing-6 << Date: Tue, 26 Sep 2017 10:06:56 GMT
<2017-09-26 13:06:59> DEBUG [org.apache.http.headers] http-outgoing-6 << Content-Type: application/json;charset=utf-8
<2017-09-26 13:06:59> DEBUG [org.apache.http.headers] http-outgoing-6 << Transfer-Encoding: chunked
<2017-09-26 13:06:59> DEBUG [org.apache.http.headers] http-outgoing-6 << Connection: keep-alive
<2017-09-26 13:06:59> DEBUG [org.apache.http.headers] http-outgoing-6 << Set-Cookie: JSESSIONID=F6E28E4994D1584E597DBDFCCCB1737E; Path=/nexperience/; HttpOnly
<2017-09-26 13:06:59> DEBUG [org.apache.http.headers] http-outgoing-6 << Expires: Thu, 01 Jan 1970 00:00:00 GMT
<2017-09-26 13:06:59> DEBUG [org.apache.http.headers] http-outgoing-6 << Cache-Control: no-cache
<2017-09-26 13:06:59> DEBUG [org.apache.http.headers] http-outgoing-6 << Cache-Control: no-cache
<2017-09-26 13:06:59> DEBUG [org.apache.http.headers] http-outgoing-6 << Expires: Thu, 01 Jan 1970 00:00:00 GMT
<2017-09-26 13:06:59> DEBUG [org.apache.http.headers] http-outgoing-6 << Set-Cookie: fast_failed=true
<2017-09-26 13:06:59> DEBUG [org.apache.http.headers] http-outgoing-6 << X-XSS-Protection: 2; mode=block
<2017-09-26 13:06:59> DEBUG [org.apache.http.headers] http-outgoing-6 << Content-Encoding: gzip
<2017-09-26 13:06:59> DEBUG [o.a.h.i.execchain.MainClientExec] Connection can be kept alive indefinitely
<2017-09-26 13:06:59> DEBUG [o.a.h.c.p.ResponseProcessCookies] Cookie accepted [JSESSIONID="F6E28E4994D1584E597DBDFCCCB1737E", version:0, domain:branchtest.perfectomobile.com, path:/nexperience/, expiry:null]
<2017-09-26 13:06:59> DEBUG [o.a.h.c.p.ResponseProcessCookies] Cookie accepted [fast_failed="true", version:0, domain:branchtest.perfectomobile.com, path:/nexperience/perfectomobile/wd/hub/session/0bb5ccaf-7de4-4682-9e6c-c5841ee5c6a7/element/9, expiry:null]
<2017-09-26 13:06:59> DEBUG [o.a.h.i.c.PoolingHttpClientConnectionManager] Connection [id: 6][route: {s}->https://branchtest.perfectomobile.com:443] can be kept alive indefinitely
<2017-09-26 13:06:59> DEBUG [o.a.h.i.c.PoolingHttpClientConnectionManager] Connection released: [id: 6][route: {s}->https://branchtest.perfectomobile.com:443][total kept alive: 1; route allocated: 3 of 2000; total allocated: 3 of 2000]
<2017-09-26 13:06:59> DEBUG [o.a.h.c.p.RequestAddCookies] CookieSpec selected: default
<2017-09-26 13:06:59> DEBUG [o.a.h.c.p.RequestAddCookies] Cookie [version: 0][name: JSESSIONID][value: F6E28E4994D1584E597DBDFCCCB1737E][domain: branchtest.perfectomobile.com][path: /nexperience/][expiry: null] match [(secure)branchtest.perfectomobile.com:443/nexperience/perfectomobile/wd/hub/session/0bb5ccaf-7de4-4682-9e6c-c5841ee5c6a7/element]
<2017-09-26 13:06:59> DEBUG [o.a.h.c.p.RequestAddCookies] Cookie [version: 0][name: fast_failed][value: true][domain: branchtest.perfectomobile.com][path: /nexperience/perfectomobile/wd/hub][expiry: null] match [(secure)branchtest.perfectomobile.com:443/nexperience/perfectomobile/wd/hub/session/0bb5ccaf-7de4-4682-9e6c-c5841ee5c6a7/element]
<2017-09-26 13:06:59> DEBUG [o.a.h.c.p.RequestAddCookies] Cookie [version: 0][name: fast_failed][value: true][domain: branchtest.perfectomobile.com][path: /nexperience/perfectomobile/wd/hub/session][expiry: null] match [(secure)branchtest.perfectomobile.com:443/nexperience/perfectomobile/wd/hub/session/0bb5ccaf-7de4-4682-9e6c-c5841ee5c6a7/element]
<2017-09-26 13:06:59> DEBUG [o.a.h.c.p.RequestAddCookies] Cookie [version: 0][name: fast_failed][value: true][domain: branchtest.perfectomobile.com][path: /nexperience/perfectomobile/wd/hub/session/0bb5ccaf-7de4-4682-9e6c-c5841ee5c6a7][expiry: null] match [(secure)branchtest.perfectomobile.com:443/nexperience/perfectomobile/wd/hub/session/0bb5ccaf-7de4-4682-9e6c-c5841ee5c6a7/element]
<2017-09-26 13:06:59> DEBUG [o.a.h.c.p.RequestAuthCache] Auth cache not set in the context
<2017-09-26 13:06:59> DEBUG [o.a.h.i.c.PoolingHttpClientConnectionManager] Connection request: [route: {s}->https://branchtest.perfectomobile.com:443][total kept alive: 1; route allocated: 3 of 2000; total allocated: 3 of 2000]
<2017-09-26 13:06:59> DEBUG [o.a.h.i.c.PoolingHttpClientConnectionManager] Connection leased: [id: 6][route: {s}->https://branchtest.perfectomobile.com:443][total kept alive: 0; route allocated: 3 of 2000; total allocated: 3 of 2000]
<2017-09-26 13:06:59> DEBUG [o.a.h.i.execchain.MainClientExec] Stale connection check
<2017-09-26 13:06:59> DEBUG [org.apache.http.wire] http-outgoing-6 << "[read] I/O error: Read timed out"
<2017-09-26 13:06:59> DEBUG [o.a.h.i.c.DefaultManagedHttpClientConnection] http-outgoing-6: set socket timeout to 10800000
<2017-09-26 13:06:59> DEBUG [o.a.h.i.execchain.MainClientExec] Executing request POST /nexperience/perfectomobile/wd/hub/session/0bb5ccaf-7de4-4682-9e6c-c5841ee5c6a7/element HTTP/1.1
<2017-09-26 13:06:59> DEBUG [o.a.h.i.execchain.MainClientExec] Target auth state: UNCHALLENGED
<2017-09-26 13:06:59> DEBUG [o.a.h.i.execchain.MainClientExec] Proxy auth state: UNCHALLENGED
<2017-09-26 13:06:59> DEBUG [org.apache.http.headers] http-outgoing-6 >> POST /nexperience/perfectomobile/wd/hub/session/0bb5ccaf-7de4-4682-9e6c-c5841ee5c6a7/element HTTP/1.1
<2017-09-26 13:06:59> DEBUG [org.apache.http.headers] http-outgoing-6 >> Content-Type: application/json; charset=utf-8
<2017-09-26 13:06:59> DEBUG [org.apache.http.headers] http-outgoing-6 >> Content-Length: 72
<2017-09-26 13:06:59> DEBUG [org.apache.http.headers] http-outgoing-6 >> Host: branchtest.perfectomobile.com
<2017-09-26 13:06:59> DEBUG [org.apache.http.headers] http-outgoing-6 >> Connection: Keep-Alive
<2017-09-26 13:06:59> DEBUG [org.apache.http.headers] http-outgoing-6 >> User-Agent: Apache-HttpClient/4.5.2 (Java/1.8.0_121)
<2017-09-26 13:06:59> DEBUG [org.apache.http.headers] http-outgoing-6 >> Cookie: JSESSIONID=F6E28E4994D1584E597DBDFCCCB1737E; fast_failed=true; fast_failed=true; fast_failed=true
<2017-09-26 13:06:59> DEBUG [org.apache.http.headers] http-outgoing-6 >> Accept-Encoding: gzip,deflate
<2017-09-26 13:06:59> DEBUG [org.apache.http.wire] http-outgoing-6 >> "POST /nexperience/perfectomobile/wd/hub/session/0bb5ccaf-7de4-4682-9e6c-c5841ee5c6a7/element HTTP/1.1[\r][\n]"
<2017-09-26 13:06:59> DEBUG [org.apache.http.wire] http-outgoing-6 >> "Content-Type: application/json; charset=utf-8[\r][\n]"
<2017-09-26 13:06:59> DEBUG [org.apache.http.wire] http-outgoing-6 >> "Content-Length: 72[\r][\n]"
<2017-09-26 13:06:59> DEBUG [org.apache.http.wire] http-outgoing-6 >> "Host: branchtest.perfectomobile.com[\r][\n]"
<2017-09-26 13:06:59> DEBUG [org.apache.http.wire] http-outgoing-6 >> "Connection: Keep-Alive[\r][\n]"
<2017-09-26 13:06:59> DEBUG [org.apache.http.wire] http-outgoing-6 >> "User-Agent: Apache-HttpClient/4.5.2 (Java/1.8.0_121)[\r][\n]"
<2017-09-26 13:06:59> DEBUG [org.apache.http.wire] http-outgoing-6 >> "Cookie: JSESSIONID=F6E28E4994D1584E597DBDFCCCB1737E; fast_failed=true; fast_failed=true; fast_failed=true[\r][\n]"
<2017-09-26 13:06:59> DEBUG [org.apache.http.wire] http-outgoing-6 >> "Accept-Encoding: gzip,deflate[\r][\n]"
<2017-09-26 13:06:59> DEBUG [org.apache.http.wire] http-outgoing-6 >> "[\r][\n]"
<2017-09-26 13:06:59> DEBUG [org.apache.http.wire] http-outgoing-6 >> "{"using":"xpath","value":"//*[@id=\"register_form\"]/fieldset[7]/input"}"
<2017-09-26 13:06:59> DEBUG [org.apache.http.wire] http-outgoing-5 << "HTTP/1.1 200 OK[\r][\n]"
<2017-09-26 13:06:59> DEBUG [org.apache.http.wire] http-outgoing-5 << "Server: nginx[\r][\n]"
<2017-09-26 13:06:59> DEBUG [org.apache.http.wire] http-outgoing-5 << "Date: Tue, 26 Sep 2017 10:06:56 GMT[\r][\n]"
<2017-09-26 13:06:59> DEBUG [org.apache.http.wire] http-outgoing-5 << "Content-Type: application/json;charset=utf-8[\r][\n]"
<2017-09-26 13:06:59> DEBUG [org.apache.http.wire] http-outgoing-5 << "Transfer-Encoding: chunked[\r][\n]"
<2017-09-26 13:06:59> DEBUG [org.apache.http.wire] http-outgoing-5 << "Connection: keep-alive[\r][\n]"
<2017-09-26 13:06:59> DEBUG [org.apache.http.wire] http-outgoing-5 << "Set-Cookie: JSESSIONID=F6E28E4994D1584E597DBDFCCCB1737E; Path=/nexperience/; HttpOnly[\r][\n]"
<2017-09-26 13:06:59> DEBUG [org.apache.http.wire] http-outgoing-5 << "Expires: Thu, 01 Jan 1970 00:00:00 GMT[\r][\n]"
<2017-09-26 13:06:59> DEBUG [org.apache.http.wire] http-outgoing-5 << "Cache-Control: no-cache[\r][\n]"
<2017-09-26 13:06:59> DEBUG [org.apache.http.wire] http-outgoing-5 << "Cache-Control: no-cache[\r][\n]"
<2017-09-26 13:06:59> DEBUG [org.apache.http.wire] http-outgoing-5 << "Expires: Thu, 01 Jan 1970 00:00:00 GMT[\r][\n]"
<2017-09-26 13:06:59> DEBUG [org.apache.http.wire] http-outgoing-5 << "Set-Cookie: fast_failed=true[\r][\n]"
<2017-09-26 13:06:59> DEBUG [org.apache.http.wire] http-outgoing-5 << "X-XSS-Protection: 2; mode=block[\r][\n]"
<2017-09-26 13:06:59> DEBUG [org.apache.http.wire] http-outgoing-5 << "Content-Encoding: gzip[\r][\n]"
<2017-09-26 13:06:59> DEBUG [org.apache.http.wire] http-outgoing-5 << "[\r][\n]"
<2017-09-26 13:06:59> DEBUG [org.apache.http.wire] http-outgoing-5 << "a1[\r][\n]"
<2017-09-26 13:06:59> DEBUG [org.apache.http.wire] http-outgoing-5 << "[0x1f][0x8b][0x8][0x0][0x0][0x0][0x0][0x0][0x0][0x3]-[0x8d][0xcb][0xe][0x82]0[0x10]E[0xff]e[0xd6][0xd0][0xb4]R[0xe5][0xb1]5,L[0xd4][0x85][0xf1][0x7][0xca]tP[0x12]h[0x91][0xa1]n[0x8][0xff][0xee],\[0xde][0x93]sr7`b[0x1e]b[0xb8]xh[0x0]][0x87]F[0x9b]2[0xaf][0xf][0xa4]sK[0x1d][0xe6][0x95][0x97][0xd9][0xf7][0xbd]w[0x6][0xad])[0xdc][0x9]2[0xe0][0xd5][0xad]$:'D[0xa9][0x85][0xbc][0xcf][0xd1][0xb]1[0xd6][0xd4][0xb6](M[0xa5]3[0xf8][0xba]1[0x9][0xda][0xa0][0xbd][0xb6][0xb7][0xf6][0xfe][0x14][0xff][0x8]{[0x6]8:I[0x1a][0x88][0xcb]K[0xc5][0x99][0xc2][0xc7])[0xa6][0x91][0xc2][0x90]&[0xb5][0xd0][0x14]WR[0xf][0xe2]9[0x6][0xa6][0xff]U[0x12]][0xef]?4R[0x6][0x8a][0xaa][0x0][0x0][0x0][\r][\n]"
<2017-09-26 13:06:59> DEBUG [org.apache.http.wire] http-outgoing-5 << "0[\r][\n]"
<2017-09-26 13:06:59> DEBUG [org.apache.http.wire] http-outgoing-5 << "[\r][\n]"
<2017-09-26 13:06:59> DEBUG [org.apache.http.headers] http-outgoing-5 << HTTP/1.1 200 OK
<2017-09-26 13:06:59> DEBUG [org.apache.http.headers] http-outgoing-5 << Server: nginx
<2017-09-26 13:06:59> DEBUG [org.apache.http.headers] http-outgoing-5 << Date: Tue, 26 Sep 2017 10:06:56 GMT
<2017-09-26 13:06:59> DEBUG [org.apache.http.headers] http-outgoing-5 << Content-Type: application/json;charset=utf-8
<2017-09-26 13:06:59> DEBUG [org.apache.http.headers] http-outgoing-5 << Transfer-Encoding: chunked
<2017-09-26 13:06:59> DEBUG [org.apache.http.headers] http-outgoing-5 << Connection: keep-alive
<2017-09-26 13:06:59> DEBUG [org.apache.http.headers] http-outgoing-5 << Set-Cookie: JSESSIONID=F6E28E4994D1584E597DBDFCCCB1737E; Path=/nexperience/; HttpOnly
<2017-09-26 13:06:59> DEBUG [org.apache.http.headers] http-outgoing-5 << Expires: Thu, 01 Jan 1970 00:00:00 GMT
<2017-09-26 13:06:59> DEBUG [org.apache.http.headers] http-outgoing-5 << Cache-Control: no-cache
<2017-09-26 13:06:59> DEBUG [org.apache.http.headers] http-outgoing-5 << Cache-Control: no-cache
<2017-09-26 13:06:59> DEBUG [org.apache.http.headers] http-outgoing-5 << Expires: Thu, 01 Jan 1970 00:00:00 GMT
<2017-09-26 13:06:59> DEBUG [org.apache.http.headers] http-outgoing-5 << Set-Cookie: fast_failed=true
<2017-09-26 13:06:59> DEBUG [org.apache.http.headers] http-outgoing-5 << X-XSS-Protection: 2; mode=block
<2017-09-26 13:06:59> DEBUG [org.apache.http.headers] http-outgoing-5 << Content-Encoding: gzip
<2017-09-26 13:06:59> DEBUG [o.a.h.i.execchain.MainClientExec] Connection can be kept alive indefinitely
<2017-09-26 13:06:59> DEBUG [o.a.h.c.p.ResponseProcessCookies] Cookie accepted [JSESSIONID="F6E28E4994D1584E597DBDFCCCB1737E", version:0, domain:branchtest.perfectomobile.com, path:/nexperience/, expiry:null]
<2017-09-26 13:06:59> DEBUG [o.a.h.c.p.ResponseProcessCookies] Cookie accepted [fast_failed="true", version:0, domain:branchtest.perfectomobile.com, path:/nexperience/perfectomobile/wd/hub/session/cabc1017-92e0-4ebc-8d17-fffda1c413a6, expiry:null]
<2017-09-26 13:06:59> DEBUG [o.a.h.i.c.PoolingHttpClientConnectionManager] Connection [id: 5][route: {s}->https://branchtest.perfectomobile.com:443] can be kept alive indefinitely
<2017-09-26 13:06:59> DEBUG [o.a.h.i.c.PoolingHttpClientConnectionManager] Connection released: [id: 5][route: {s}->https://branchtest.perfectomobile.com:443][total kept alive: 1; route allocated: 3 of 2000; total allocated: 3 of 2000]
<2017-09-26 13:06:59> DEBUG [o.a.h.c.p.RequestAddCookies] CookieSpec selected: default
<2017-09-26 13:06:59> DEBUG [o.a.h.c.p.RequestAddCookies] Cookie [version: 0][name: JSESSIONID][value: F6E28E4994D1584E597DBDFCCCB1737E][domain: branchtest.perfectomobile.com][path: /nexperience/][expiry: null] match [(secure)branchtest.perfectomobile.com:443/nexperience/perfectomobile/wd/hub/session/cabc1017-92e0-4ebc-8d17-fffda1c413a6/element/5/value]
<2017-09-26 13:06:59> DEBUG [o.a.h.c.p.RequestAddCookies] Cookie [version: 0][name: fast_failed][value: true][domain: branchtest.perfectomobile.com][path: /nexperience/perfectomobile/wd/hub][expiry: null] match [(secure)branchtest.perfectomobile.com:443/nexperience/perfectomobile/wd/hub/session/cabc1017-92e0-4ebc-8d17-fffda1c413a6/element/5/value]
<2017-09-26 13:06:59> DEBUG [o.a.h.c.p.RequestAddCookies] Cookie [version: 0][name: fast_failed][value: true][domain: branchtest.perfectomobile.com][path: /nexperience/perfectomobile/wd/hub/session][expiry: null] match [(secure)branchtest.perfectomobile.com:443/nexperience/perfectomobile/wd/hub/session/cabc1017-92e0-4ebc-8d17-fffda1c413a6/element/5/value]
<2017-09-26 13:06:59> DEBUG [o.a.h.c.p.RequestAddCookies] Cookie [version: 0][name: fast_failed][value: true][domain: branchtest.perfectomobile.com][path: /nexperience/perfectomobile/wd/hub/session/cabc1017-92e0-4ebc-8d17-fffda1c413a6][expiry: null] match [(secure)branchtest.perfectomobile.com:443/nexperience/perfectomobile/wd/hub/session/cabc1017-92e0-4ebc-8d17-fffda1c413a6/element/5/value]
<2017-09-26 13:06:59> DEBUG [o.a.h.c.p.RequestAuthCache] Auth cache not set in the context
<2017-09-26 13:06:59> DEBUG [o.a.h.i.c.PoolingHttpClientConnectionManager] Connection request: [route: {s}->https://branchtest.perfectomobile.com:443][total kept alive: 1; route allocated: 3 of 2000; total allocated: 3 of 2000]
<2017-09-26 13:06:59> DEBUG [o.a.h.i.c.PoolingHttpClientConnectionManager] Connection leased: [id: 5][route: {s}->https://branchtest.perfectomobile.com:443][total kept alive: 0; route allocated: 3 of 2000; total allocated: 3 of 2000]
<2017-09-26 13:06:59> DEBUG [o.a.h.i.execchain.MainClientExec] Stale connection check
<2017-09-26 13:06:59> DEBUG [org.apache.http.wire] http-outgoing-5 << "[read] I/O error: Read timed out"
<2017-09-26 13:06:59> DEBUG [o.a.h.i.c.DefaultManagedHttpClientConnection] http-outgoing-5: set socket timeout to 10800000
<2017-09-26 13:06:59> DEBUG [o.a.h.i.execchain.MainClientExec] Executing request POST /nexperience/perfectomobile/wd/hub/session/cabc1017-92e0-4ebc-8d17-fffda1c413a6/element/5/value HTTP/1.1
<2017-09-26 13:06:59> DEBUG [o.a.h.i.execchain.MainClientExec] Target auth state: UNCHALLENGED
<2017-09-26 13:06:59> DEBUG [o.a.h.i.execchain.MainClientExec] Proxy auth state: UNCHALLENGED
<2017-09-26 13:06:59> DEBUG [org.apache.http.headers] http-outgoing-5 >> POST /nexperience/perfectomobile/wd/hub/session/cabc1017-92e0-4ebc-8d17-fffda1c413a6/element/5/value HTTP/1.1
<2017-09-26 13:06:59> DEBUG [org.apache.http.headers] http-outgoing-5 >> Content-Type: application/json; charset=utf-8
<2017-09-26 13:06:59> DEBUG [org.apache.http.headers] http-outgoing-5 >> Content-Length: 32
<2017-09-26 13:06:59> DEBUG [org.apache.http.headers] http-outgoing-5 >> Host: branchtest.perfectomobile.com
<2017-09-26 13:06:59> DEBUG [org.apache.http.headers] http-outgoing-5 >> Connection: Keep-Alive
<2017-09-26 13:06:59> DEBUG [org.apache.http.headers] http-outgoing-5 >> User-Agent: Apache-HttpClient/4.5.2 (Java/1.8.0_121)
<2017-09-26 13:06:59> DEBUG [org.apache.http.headers] http-outgoing-5 >> Cookie: JSESSIONID=F6E28E4994D1584E597DBDFCCCB1737E; fast_failed=true; fast_failed=true; fast_failed=true
<2017-09-26 13:06:59> DEBUG [org.apache.http.headers] http-outgoing-5 >> Accept-Encoding: gzip,deflate
<2017-09-26 13:06:59> DEBUG [org.apache.http.wire] http-outgoing-5 >> "POST /nexperience/perfectomobile/wd/hub/session/cabc1017-92e0-4ebc-8d17-fffda1c413a6/element/5/value HTTP/1.1[\r][\n]"
<2017-09-26 13:06:59> DEBUG [org.apache.http.wire] http-outgoing-5 >> "Content-Type: application/json; charset=utf-8[\r][\n]"
<2017-09-26 13:06:59> DEBUG [org.apache.http.wire] http-outgoing-5 >> "Content-Length: 32[\r][\n]"
<2017-09-26 13:06:59> DEBUG [org.apache.http.wire] http-outgoing-5 >> "Host: branchtest.perfectomobile.com[\r][\n]"
<2017-09-26 13:06:59> DEBUG [org.apache.http.wire] http-outgoing-5 >> "Connection: Keep-Alive[\r][\n]"
<2017-09-26 13:06:59> DEBUG [org.apache.http.wire] http-outgoing-5 >> "User-Agent: Apache-HttpClient/4.5.2 (Java/1.8.0_121)[\r][\n]"
<2017-09-26 13:06:59> DEBUG [org.apache.http.wire] http-outgoing-5 >> "Cookie: JSESSIONID=F6E28E4994D1584E597DBDFCCCB1737E; fast_failed=true; fast_failed=true; fast_failed=true[\r][\n]"
<2017-09-26 13:06:59> DEBUG [org.apache.http.wire] http-outgoing-5 >> "Accept-Encoding: gzip,deflate[\r][\n]"
<2017-09-26 13:06:59> DEBUG [org.apache.http.wire] http-outgoing-5 >> "[\r][\n]"
<2017-09-26 13:06:59> DEBUG [org.apache.http.wire] http-outgoing-5 >> "{"id":"5","value":["last name"]}"
<2017-09-26 13:06:59> DEBUG [org.apache.http.wire] http-outgoing-6 << "HTTP/1.1 200 OK[\r][\n]"
<2017-09-26 13:06:59> DEBUG [org.apache.http.wire] http-outgoing-6 << "Server: nginx[\r][\n]"
<2017-09-26 13:06:59> DEBUG [org.apache.http.wire] http-outgoing-6 << "Date: Tue, 26 Sep 2017 10:06:56 GMT[\r][\n]"
<2017-09-26 13:06:59> DEBUG [org.apache.http.wire] http-outgoing-6 << "Content-Type: application/json;charset=utf-8[\r][\n]"
<2017-09-26 13:06:59> DEBUG [org.apache.http.wire] http-outgoing-6 << "Transfer-Encoding: chunked[\r][\n]"
<2017-09-26 13:06:59> DEBUG [org.apache.http.wire] http-outgoing-6 << "Connection: keep-alive[\r][\n]"
<2017-09-26 13:06:59> DEBUG [org.apache.http.wire] http-outgoing-6 << "Set-Cookie: JSESSIONID=F6E28E4994D1584E597DBDFCCCB1737E; Path=/nexperience/; HttpOnly[\r][\n]"
<2017-09-26 13:06:59> DEBUG [org.apache.http.wire] http-outgoing-6 << "Expires: Thu, 01 Jan 1970 00:00:00 GMT[\r][\n]"
<2017-09-26 13:06:59> DEBUG [org.apache.http.wire] http-outgoing-6 << "Cache-Control: no-cache[\r][\n]"
<2017-09-26 13:06:59> DEBUG [org.apache.http.wire] http-outgoing-6 << "Cache-Control: no-cache[\r][\n]"
<2017-09-26 13:06:59> DEBUG [org.apache.http.wire] http-outgoing-6 << "Expires: Thu, 01 Jan 1970 00:00:00 GMT[\r][\n]"
<2017-09-26 13:06:59> DEBUG [org.apache.http.wire] http-outgoing-6 << "Set-Cookie: fast_failed=true[\r][\n]"
<2017-09-26 13:06:59> DEBUG [org.apache.http.wire] http-outgoing-6 << "X-XSS-Protection: 2; mode=block[\r][\n]"
<2017-09-26 13:06:59> DEBUG [org.apache.http.wire] http-outgoing-6 << "Content-Encoding: gzip[\r][\n]"
<2017-09-26 13:06:59> DEBUG [org.apache.http.wire] http-outgoing-6 << "[\r][\n]"
<2017-09-26 13:06:59> DEBUG [org.apache.http.wire] http-outgoing-6 << "a1[\r][\n]"
<2017-09-26 13:06:59> DEBUG [org.apache.http.wire] http-outgoing-6 << "[0x1f][0x8b][0x8][0x0][0x0][0x0][0x0][0x0][0x0][0x3]-[0xcd]A[0xe][0x82]0[0x10][0x85][0xe1][0xbb][0xcc][0x9a]6[0xa0]mA[0xb6][0x84][0x85][0x89][0xba]0^[0xa0][0xc][0xa3][0x92]@[0x8b][0xc]uC[0xb8][0xbb][0xb3]p[0xfb][0xe7]{y[0x1b]01[0xf]1[0x9c]{[0xa8]![0xef]:[0x8b][0xe8][0x9f][0xaa][0xec][0xc9]([0xe3][0xaa][0x83]:[0x91]C[0x85][0xb6]2[0x5][0x91]E[0xe7]K[0xc8][0x80]W[0xbf][0x92]pN[0x88][0xb2][0x96][0xf2]nb/[0xa5][0x10][0xe6][0xaa][0xa3]56[0x83][0xaf][0x1f][0x93][0xa4][\r][0xda]K{mo[0xf][0xf1]E[0xe]{[0x6]8z[0xd9][0xd4][0x10][0x97][0x97][0x8e]3[0x85][0x8f][0xd7]L#[0x85]!Mz[0xa1])[0xae][0xa4][0xef][0xc4]s[0xc]L[0xff][0xaf]$<[0xdf]]]>&#x7f;<![CDATA[[0xb4][0x9b]#[0x15][0xab][0x0][0x0][0x0][\r][\n]"
<2017-09-26 13:06:59> DEBUG [org.apache.http.wire] http-outgoing-6 << "0[\r][\n]"
<2017-09-26 13:06:59> DEBUG [org.apache.http.wire] http-outgoing-6 << "[\r][\n]"
<2017-09-26 13:06:59> DEBUG [org.apache.http.headers] http-outgoing-6 << HTTP/1.1 200 OK
<2017-09-26 13:06:59> DEBUG [org.apache.http.headers] http-outgoing-6 << Server: nginx
<2017-09-26 13:06:59> DEBUG [org.apache.http.headers] http-outgoing-6 << Date: Tue, 26 Sep 2017 10:06:56 GMT
<2017-09-26 13:06:59> DEBUG [org.apache.http.headers] http-outgoing-6 << Content-Type: application/json;charset=utf-8
<2017-09-26 13:06:59> DEBUG [org.apache.http.headers] http-outgoing-6 << Transfer-Encoding: chunked
<2017-09-26 13:06:59> DEBUG [org.apache.http.headers] http-outgoing-6 << Connection: keep-alive
<2017-09-26 13:06:59> DEBUG [org.apache.http.headers] http-outgoing-6 << Set-Cookie: JSESSIONID=F6E28E4994D1584E597DBDFCCCB1737E; Path=/nexperience/; HttpOnly
<2017-09-26 13:06:59> DEBUG [org.apache.http.headers] http-outgoing-6 << Expires: Thu, 01 Jan 1970 00:00:00 GMT
<2017-09-26 13:06:59> DEBUG [org.apache.http.headers] http-outgoing-6 << Cache-Control: no-cache
<2017-09-26 13:06:59> DEBUG [org.apache.http.headers] http-outgoing-6 << Cache-Control: no-cache
<2017-09-26 13:06:59> DEBUG [org.apache.http.headers] http-outgoing-6 << Expires: Thu, 01 Jan 1970 00:00:00 GMT
<2017-09-26 13:06:59> DEBUG [org.apache.http.headers] http-outgoing-6 << Set-Cookie: fast_failed=true
<2017-09-26 13:06:59> DEBUG [org.apache.http.headers] http-outgoing-6 << X-XSS-Protection: 2; mode=block
<2017-09-26 13:06:59> DEBUG [org.apache.http.headers] http-outgoing-6 << Content-Encoding: gzip
<2017-09-26 13:06:59> DEBUG [o.a.h.i.execchain.MainClientExec] Connection can be kept alive indefinitely
<2017-09-26 13:06:59> DEBUG [o.a.h.c.p.ResponseProcessCookies] Cookie accepted [JSESSIONID="F6E28E4994D1584E597DBDFCCCB1737E", version:0, domain:branchtest.perfectomobile.com, path:/nexperience/, expiry:null]
<2017-09-26 13:06:59> DEBUG [o.a.h.c.p.ResponseProcessCookies] Cookie accepted [fast_failed="true", version:0, domain:branchtest.perfectomobile.com, path:/nexperience/perfectomobile/wd/hub/session/0bb5ccaf-7de4-4682-9e6c-c5841ee5c6a7, expiry:null]
<2017-09-26 13:06:59> DEBUG [o.a.h.i.c.PoolingHttpClientConnectionManager] Connection [id: 6][route: {s}->https://branchtest.perfectomobile.com:443] can be kept alive indefinitely
<2017-09-26 13:06:59> DEBUG [o.a.h.i.c.PoolingHttpClientConnectionManager] Connection released: [id: 6][route: {s}->https://branchtest.perfectomobile.com:443][total kept alive: 1; route allocated: 3 of 2000; total allocated: 3 of 2000]
<2017-09-26 13:06:59> DEBUG [o.a.h.c.p.RequestAddCookies] CookieSpec selected: default
<2017-09-26 13:06:59> DEBUG [o.a.h.c.p.RequestAddCookies] Cookie [version: 0][name: JSESSIONID][value: F6E28E4994D1584E597DBDFCCCB1737E][domain: branchtest.perfectomobile.com][path: /nexperience/][expiry: null] match [(secure)branchtest.perfectomobile.com:443/nexperience/perfectomobile/wd/hub/session/0bb5ccaf-7de4-4682-9e6c-c5841ee5c6a7/element/10/value]
<2017-09-26 13:06:59> DEBUG [o.a.h.c.p.RequestAddCookies] Cookie [version: 0][name: fast_failed][value: true][domain: branchtest.perfectomobile.com][path: /nexperience/perfectomobile/wd/hub][expiry: null] match [(secure)branchtest.perfectomobile.com:443/nexperience/perfectomobile/wd/hub/session/0bb5ccaf-7de4-4682-9e6c-c5841ee5c6a7/element/10/value]
<2017-09-26 13:06:59> DEBUG [o.a.h.c.p.RequestAddCookies] Cookie [version: 0][name: fast_failed][value: true][domain: branchtest.perfectomobile.com][path: /nexperience/perfectomobile/wd/hub/session][expiry: null] match [(secure)branchtest.perfectomobile.com:443/nexperience/perfectomobile/wd/hub/session/0bb5ccaf-7de4-4682-9e6c-c5841ee5c6a7/element/10/value]
<2017-09-26 13:06:59> DEBUG [o.a.h.c.p.RequestAddCookies] Cookie [version: 0][name: fast_failed][value: true][domain: branchtest.perfectomobile.com][path: /nexperience/perfectomobile/wd/hub/session/0bb5ccaf-7de4-4682-9e6c-c5841ee5c6a7][expiry: null] match [(secure)branchtest.perfectomobile.com:443/nexperience/perfectomobile/wd/hub/session/0bb5ccaf-7de4-4682-9e6c-c5841ee5c6a7/element/10/value]
<2017-09-26 13:06:59> DEBUG [o.a.h.c.p.RequestAuthCache] Auth cache not set in the context
<2017-09-26 13:06:59> DEBUG [o.a.h.i.c.PoolingHttpClientConnectionManager] Connection request: [route: {s}->https://branchtest.perfectomobile.com:443][total kept alive: 1; route allocated: 3 of 2000; total allocated: 3 of 2000]
<2017-09-26 13:06:59> DEBUG [o.a.h.i.c.PoolingHttpClientConnectionManager] Connection leased: [id: 6][route: {s}->https://branchtest.perfectomobile.com:443][total kept alive: 0; route allocated: 3 of 2000; total allocated: 3 of 2000]
<2017-09-26 13:06:59> DEBUG [o.a.h.i.execchain.MainClientExec] Stale connection check
<2017-09-26 13:06:59> DEBUG [org.apache.http.wire] http-outgoing-6 << "[read] I/O error: Read timed out"
<2017-09-26 13:06:59> DEBUG [o.a.h.i.c.DefaultManagedHttpClientConnection] http-outgoing-6: set socket timeout to 10800000
<2017-09-26 13:06:59> DEBUG [o.a.h.i.execchain.MainClientExec] Executing request POST /nexperience/perfectomobile/wd/hub/session/0bb5ccaf-7de4-4682-9e6c-c5841ee5c6a7/element/10/value HTTP/1.1
<2017-09-26 13:06:59> DEBUG [o.a.h.i.execchain.MainClientExec] Target auth state: UNCHALLENGED
<2017-09-26 13:06:59> DEBUG [o.a.h.i.execchain.MainClientExec] Proxy auth state: UNCHALLENGED
<2017-09-26 13:06:59> DEBUG [org.apache.http.headers] http-outgoing-6 >> POST /nexperience/perfectomobile/wd/hub/session/0bb5ccaf-7de4-4682-9e6c-c5841ee5c6a7/element/10/value HTTP/1.1
<2017-09-26 13:06:59> DEBUG [org.apache.http.headers] http-outgoing-6 >> Content-Type: application/json; charset=utf-8
<2017-09-26 13:06:59> DEBUG [org.apache.http.headers] http-outgoing-6 >> Content-Length: 32
<2017-09-26 13:06:59> DEBUG [org.apache.http.headers] http-outgoing-6 >> Host: branchtest.perfectomobile.com
<2017-09-26 13:06:59> DEBUG [org.apache.http.headers] http-outgoing-6 >> Connection: Keep-Alive
<2017-09-26 13:06:59> DEBUG [org.apache.http.headers] http-outgoing-6 >> User-Agent: Apache-HttpClient/4.5.2 (Java/1.8.0_121)
<2017-09-26 13:06:59> DEBUG [org.apache.http.headers] http-outgoing-6 >> Cookie: JSESSIONID=F6E28E4994D1584E597DBDFCCCB1737E; fast_failed=true; fast_failed=true; fast_failed=true
<2017-09-26 13:06:59> DEBUG [org.apache.http.headers] http-outgoing-6 >> Accept-Encoding: gzip,deflate
<2017-09-26 13:06:59> DEBUG [org.apache.http.wire] http-outgoing-6 >> "POST /nexperience/perfectomobile/wd/hub/session/0bb5ccaf-7de4-4682-9e6c-c5841ee5c6a7/element/10/value HTTP/1.1[\r][\n]"
<2017-09-26 13:06:59> DEBUG [org.apache.http.wire] http-outgoing-6 >> "Content-Type: application/json; charset=utf-8[\r][\n]"
<2017-09-26 13:06:59> DEBUG [org.apache.http.wire] http-outgoing-6 >> "Content-Length: 32[\r][\n]"
<2017-09-26 13:06:59> DEBUG [org.apache.http.wire] http-outgoing-6 >> "Host: branchtest.perfectomobile.com[\r][\n]"
<2017-09-26 13:06:59> DEBUG [org.apache.http.wire] http-outgoing-6 >> "Connection: Keep-Alive[\r][\n]"
<2017-09-26 13:06:59> DEBUG [org.apache.http.wire] http-outgoing-6 >> "User-Agent: Apache-HttpClient/4.5.2 (Java/1.8.0_121)[\r][\n]"
<2017-09-26 13:06:59> DEBUG [org.apache.http.wire] http-outgoing-6 >> "Cookie: JSESSIONID=F6E28E4994D1584E597DBDFCCCB1737E; fast_failed=true; fast_failed=true; fast_failed=true[\r][\n]"
<2017-09-26 13:06:59> DEBUG [org.apache.http.wire] http-outgoing-6 >> "Accept-Encoding: gzip,deflate[\r][\n]"
<2017-09-26 13:06:59> DEBUG [org.apache.http.wire] http-outgoing-6 >> "[\r][\n]"
<2017-09-26 13:06:59> DEBUG [org.apache.http.wire] http-outgoing-6 >> "{"id":"10","value":["username"]}"
<2017-09-26 13:07:00> DEBUG [org.apache.http.wire] http-outgoing-8 << "HTTP/1.1 200 OK[\r][\n]"
<2017-09-26 13:07:00> DEBUG [org.apache.http.wire] http-outgoing-8 << "Server: nginx[\r][\n]"
<2017-09-26 13:07:00> DEBUG [org.apache.http.wire] http-outgoing-8 << "Date: Tue, 26 Sep 2017 10:06:56 GMT[\r][\n]"
<2017-09-26 13:07:00> DEBUG [org.apache.http.wire] http-outgoing-8 << "Content-Type: application/json;charset=utf-8[\r][\n]"
<2017-09-26 13:07:00> DEBUG [org.apache.http.wire] http-outgoing-8 << "Transfer-Encoding: chunked[\r][\n]"
<2017-09-26 13:07:00> DEBUG [org.apache.http.wire] http-outgoing-8 << "Connection: keep-alive[\r][\n]"
<2017-09-26 13:07:00> DEBUG [org.apache.http.wire] http-outgoing-8 << "Set-Cookie: JSESSIONID=F6E28E4994D1584E597DBDFCCCB1737E; Path=/nexperience/; HttpOnly[\r][\n]"
<2017-09-26 13:07:00> DEBUG [org.apache.http.wire] http-outgoing-8 << "Expires: Thu, 01 Jan 1970 00:00:00 GMT[\r][\n]"
<2017-09-26 13:07:00> DEBUG [org.apache.http.wire] http-outgoing-8 << "Cache-Control: no-cache[\r][\n]"
<2017-09-26 13:07:00> DEBUG [org.apache.http.wire] http-outgoing-8 << "Cache-Control: no-cache[\r][\n]"
<2017-09-26 13:07:00> DEBUG [org.apache.http.wire] http-outgoing-8 << "Expires: Thu, 01 Jan 1970 00:00:00 GMT[\r][\n]"
<2017-09-26 13:07:00> DEBUG [org.apache.http.wire] http-outgoing-8 << "Set-Cookie: fast_failed=true[\r][\n]"
<2017-09-26 13:07:00> DEBUG [org.apache.http.wire] http-outgoing-8 << "X-XSS-Protection: 2; mode=block[\r][\n]"
<2017-09-26 13:07:00> DEBUG [org.apache.http.wire] http-outgoing-8 << "Content-Encoding: gzip[\r][\n]"
<2017-09-26 13:07:00> DEBUG [org.apache.http.wire] http-outgoing-8 << "[\r][\n]"
<2017-09-26 13:07:00> DEBUG [org.apache.http.wire] http-outgoing-8 << "94[\r][\n]"
<2017-09-26 13:07:00> DEBUG [org.apache.http.wire] http-outgoing-8 << "[0x1f][0x8b][0x8][0x0][0x0][0x0][0x0][0x0][0x0][0x3]-[0x8c]1[0x12][0xc2] [0x10][0x0][0xff]ru`[0x84]C[0xc6][0xa4][0xb5][0xb2][0xf5][0x7][0x8][0x87]f[0x86]@[0x92][0xb]6[0x8e]]]>&#x7f;<![CDATA[[0xf7][\n]"
<2017-09-26 13:07:00> DEBUG [org.apache.http.wire] http-outgoing-8 << "[0xdb][0x9d][0xdd][0xfd][0x0][0x13][0xf3][0xdc][0xea]-[0xc1][0x4][0xd6]b[0xb6][0xe8][0x9d][0x8a][0xe8]Q[0xb9]l[0x1e]j[0xcc][0x1]U<[0x8f]8^LB[0x13][0x1d][0xc][0xc0]G8Ht[0xee]1J-[0xe4]umI[0x88][0xb1][0xde]K[0xee][0xbc][0x1d][0xe0][0x1d]J[0x17]T{)[0x3][0xc4][0x12][0xc4][0x9b][0xa0][0xed]O[0xdd]V[0xaa][[0xd0]L[0x85][0xea][0xdc][0x17][0xbd][0xd3][0xd2][0xe][0xd2]w[0xe2][0xb5]U[0xa6][0xff][0xbf][0x8b]~[0xfa][0xfe][0x0][0x97][0x83][0xd6]D[0x9f][0x0][0x0][0x0][\r][\n]"
<2017-09-26 13:07:00> DEBUG [org.apache.http.wire] http-outgoing-8 << "0[\r][\n]"
<2017-09-26 13:07:00> DEBUG [org.apache.http.wire] http-outgoing-8 << "[\r][\n]"
<2017-09-26 13:07:00> DEBUG [org.apache.http.headers] http-outgoing-8 << HTTP/1.1 200 OK
<2017-09-26 13:07:00> DEBUG [org.apache.http.headers] http-outgoing-8 << Server: nginx
<2017-09-26 13:07:00> DEBUG [org.apache.http.headers] http-outgoing-8 << Date: Tue, 26 Sep 2017 10:06:56 GMT
<2017-09-26 13:07:00> DEBUG [org.apache.http.headers] http-outgoing-8 << Content-Type: application/json;charset=utf-8
<2017-09-26 13:07:00> DEBUG [org.apache.http.headers] http-outgoing-8 << Transfer-Encoding: chunked
<2017-09-26 13:07:00> DEBUG [org.apache.http.headers] http-outgoing-8 << Connection: keep-alive
<2017-09-26 13:07:00> DEBUG [org.apache.http.headers] http-outgoing-8 << Set-Cookie: JSESSIONID=F6E28E4994D1584E597DBDFCCCB1737E; Path=/nexperience/; HttpOnly
<2017-09-26 13:07:00> DEBUG [org.apache.http.headers] http-outgoing-8 << Expires: Thu, 01 Jan 1970 00:00:00 GMT
<2017-09-26 13:07:00> DEBUG [org.apache.http.headers] http-outgoing-8 << Cache-Control: no-cache
<2017-09-26 13:07:00> DEBUG [org.apache.http.headers] http-outgoing-8 << Cache-Control: no-cache
<2017-09-26 13:07:00> DEBUG [org.apache.http.headers] http-outgoing-8 << Expires: Thu, 01 Jan 1970 00:00:00 GMT
<2017-09-26 13:07:00> DEBUG [org.apache.http.headers] http-outgoing-8 << Set-Cookie: fast_failed=true
<2017-09-26 13:07:00> DEBUG [org.apache.http.headers] http-outgoing-8 << X-XSS-Protection: 2; mode=block
<2017-09-26 13:07:00> DEBUG [org.apache.http.headers] http-outgoing-8 << Content-Encoding: gzip
<2017-09-26 13:07:00> DEBUG [o.a.h.i.execchain.MainClientExec] Connection can be kept alive indefinitely
<2017-09-26 13:07:00> DEBUG [o.a.h.c.p.ResponseProcessCookies] Cookie accepted [JSESSIONID="F6E28E4994D1584E597DBDFCCCB1737E", version:0, domain:branchtest.perfectomobile.com, path:/nexperience/, expiry:null]
<2017-09-26 13:07:00> DEBUG [o.a.h.c.p.ResponseProcessCookies] Cookie accepted [fast_failed="true", version:0, domain:branchtest.perfectomobile.com, path:/nexperience/perfectomobile/wd/hub/session/223f2364-c363-4f1b-9fa3-c593981d31c4/element/9, expiry:null]
<2017-09-26 13:07:00> DEBUG [o.a.h.i.c.PoolingHttpClientConnectionManager] Connection [id: 8][route: {s}->https://branchtest.perfectomobile.com:443] can be kept alive indefinitely
<2017-09-26 13:07:00> DEBUG [o.a.h.i.c.PoolingHttpClientConnectionManager] Connection released: [id: 8][route: {s}->https://branchtest.perfectomobile.com:443][total kept alive: 1; route allocated: 3 of 2000; total allocated: 3 of 2000]
<2017-09-26 13:07:00> DEBUG [o.a.h.c.p.RequestAddCookies] CookieSpec selected: default
<2017-09-26 13:07:00> DEBUG [o.a.h.c.p.RequestAddCookies] Cookie [version: 0][name: JSESSIONID][value: F6E28E4994D1584E597DBDFCCCB1737E][domain: branchtest.perfectomobile.com][path: /nexperience/][expiry: null] match [(secure)branchtest.perfectomobile.com:443/nexperience/perfectomobile/wd/hub/session/223f2364-c363-4f1b-9fa3-c593981d31c4/element]
<2017-09-26 13:07:00> DEBUG [o.a.h.c.p.RequestAddCookies] Cookie [version: 0][name: fast_failed][value: true][domain: branchtest.perfectomobile.com][path: /nexperience/perfectomobile/wd/hub][expiry: null] match [(secure)branchtest.perfectomobile.com:443/nexperience/perfectomobile/wd/hub/session/223f2364-c363-4f1b-9fa3-c593981d31c4/element]
<2017-09-26 13:07:00> DEBUG [o.a.h.c.p.RequestAddCookies] Cookie [version: 0][name: fast_failed][value: true][domain: branchtest.perfectomobile.com][path: /nexperience/perfectomobile/wd/hub/session][expiry: null] match [(secure)branchtest.perfectomobile.com:443/nexperience/perfectomobile/wd/hub/session/223f2364-c363-4f1b-9fa3-c593981d31c4/element]
<2017-09-26 13:07:00> DEBUG [o.a.h.c.p.RequestAddCookies] Cookie [version: 0][name: fast_failed][value: true][domain: branchtest.perfectomobile.com][path: /nexperience/perfectomobile/wd/hub/session/223f2364-c363-4f1b-9fa3-c593981d31c4][expiry: null] match [(secure)branchtest.perfectomobile.com:443/nexperience/perfectomobile/wd/hub/session/223f2364-c363-4f1b-9fa3-c593981d31c4/element]
<2017-09-26 13:07:00> DEBUG [o.a.h.c.p.RequestAuthCache] Auth cache not set in the context
<2017-09-26 13:07:00> DEBUG [o.a.h.i.c.PoolingHttpClientConnectionManager] Connection request: [route: {s}->https://branchtest.perfectomobile.com:443][total kept alive: 1; route allocated: 3 of 2000; total allocated: 3 of 2000]
<2017-09-26 13:07:00> DEBUG [o.a.h.i.c.PoolingHttpClientConnectionManager] Connection leased: [id: 8][route: {s}->https://branchtest.perfectomobile.com:443][total kept alive: 0; route allocated: 3 of 2000; total allocated: 3 of 2000]
<2017-09-26 13:07:00> DEBUG [o.a.h.i.execchain.MainClientExec] Stale connection check
<2017-09-26 13:07:00> DEBUG [org.apache.http.wire] http-outgoing-8 << "[read] I/O error: Read timed out"
<2017-09-26 13:07:00> DEBUG [o.a.h.i.c.DefaultManagedHttpClientConnection] http-outgoing-8: set socket timeout to 10800000
<2017-09-26 13:07:00> DEBUG [o.a.h.i.execchain.MainClientExec] Executing request POST /nexperience/perfectomobile/wd/hub/session/223f2364-c363-4f1b-9fa3-c593981d31c4/element HTTP/1.1
<2017-09-26 13:07:00> DEBUG [o.a.h.i.execchain.MainClientExec] Target auth state: UNCHALLENGED
<2017-09-26 13:07:00> DEBUG [o.a.h.i.execchain.MainClientExec] Proxy auth state: UNCHALLENGED
<2017-09-26 13:07:00> DEBUG [org.apache.http.headers] http-outgoing-8 >> POST /nexperience/perfectomobile/wd/hub/session/223f2364-c363-4f1b-9fa3-c593981d31c4/element HTTP/1.1
<2017-09-26 13:07:00> DEBUG [org.apache.http.headers] http-outgoing-8 >> Content-Type: application/json; charset=utf-8
<2017-09-26 13:07:00> DEBUG [org.apache.http.headers] http-outgoing-8 >> Content-Length: 72
<2017-09-26 13:07:00> DEBUG [org.apache.http.headers] http-outgoing-8 >> Host: branchtest.perfectomobile.com
<2017-09-26 13:07:00> DEBUG [org.apache.http.headers] http-outgoing-8 >> Connection: Keep-Alive
<2017-09-26 13:07:00> DEBUG [org.apache.http.headers] http-outgoing-8 >> User-Agent: Apache-HttpClient/4.5.2 (Java/1.8.0_121)
<2017-09-26 13:07:00> DEBUG [org.apache.http.headers] http-outgoing-8 >> Cookie: JSESSIONID=F6E28E4994D1584E597DBDFCCCB1737E; fast_failed=true; fast_failed=true; fast_failed=true
<2017-09-26 13:07:00> DEBUG [org.apache.http.headers] http-outgoing-8 >> Accept-Encoding: gzip,deflate
<2017-09-26 13:07:00> DEBUG [org.apache.http.wire] http-outgoing-8 >> "POST /nexperience/perfectomobile/wd/hub/session/223f2364-c363-4f1b-9fa3-c593981d31c4/element HTTP/1.1[\r][\n]"
<2017-09-26 13:07:00> DEBUG [org.apache.http.wire] http-outgoing-8 >> "Content-Type: application/json; charset=utf-8[\r][\n]"
<2017-09-26 13:07:00> DEBUG [org.apache.http.wire] http-outgoing-8 >> "Content-Length: 72[\r][\n]"
<2017-09-26 13:07:00> DEBUG [org.apache.http.wire] http-outgoing-8 >> "Host: branchtest.perfectomobile.com[\r][\n]"
<2017-09-26 13:07:00> DEBUG [org.apache.http.wire] http-outgoing-8 >> "Connection: Keep-Alive[\r][\n]"
<2017-09-26 13:07:00> DEBUG [org.apache.http.wire] http-outgoing-8 >> "User-Agent: Apache-HttpClient/4.5.2 (Java/1.8.0_121)[\r][\n]"
<2017-09-26 13:07:00> DEBUG [org.apache.http.wire] http-outgoing-8 >> "Cookie: JSESSIONID=F6E28E4994D1584E597DBDFCCCB1737E; fast_failed=true; fast_failed=true; fast_failed=true[\r][\n]"
<2017-09-26 13:07:00> DEBUG [org.apache.http.wire] http-outgoing-8 >> "Accept-Encoding: gzip,deflate[\r][\n]"
<2017-09-26 13:07:00> DEBUG [org.apache.http.wire] http-outgoing-8 >> "[\r][\n]"
<2017-09-26 13:07:00> DEBUG [org.apache.http.wire] http-outgoing-8 >> "{"using":"xpath","value":"//*[@id=\"register_form\"]/fieldset[7]/input"}"
<2017-09-26 13:07:00> DEBUG [org.apache.http.wire] http-outgoing-8 << "HTTP/1.1 200 OK[\r][\n]"
<2017-09-26 13:07:00> DEBUG [org.apache.http.wire] http-outgoing-8 << "Server: nginx[\r][\n]"
<2017-09-26 13:07:00> DEBUG [org.apache.http.wire] http-outgoing-8 << "Date: Tue, 26 Sep 2017 10:06:56 GMT[\r][\n]"
<2017-09-26 13:07:00> DEBUG [org.apache.http.wire] http-outgoing-8 << "Content-Type: application/json;charset=utf-8[\r][\n]"
<2017-09-26 13:07:00> DEBUG [org.apache.http.wire] http-outgoing-8 << "Transfer-Encoding: chunked[\r][\n]"
<2017-09-26 13:07:00> DEBUG [org.apache.http.wire] http-outgoing-8 << "Connection: keep-alive[\r][\n]"
<2017-09-26 13:07:00> DEBUG [org.apache.http.wire] http-outgoing-8 << "Set-Cookie: JSESSIONID=F6E28E4994D1584E597DBDFCCCB1737E; Path=/nexperience/; HttpOnly[\r][\n]"
<2017-09-26 13:07:00> DEBUG [org.apache.http.wire] http-outgoing-8 << "Expires: Thu, 01 Jan 1970 00:00:00 GMT[\r][\n]"
<2017-09-26 13:07:00> DEBUG [org.apache.http.wire] http-outgoing-8 << "Cache-Control: no-cache[\r][\n]"
<2017-09-26 13:07:00> DEBUG [org.apache.http.wire] http-outgoing-8 << "Cache-Control: no-cache[\r][\n]"
<2017-09-26 13:07:00> DEBUG [org.apache.http.wire] http-outgoing-8 << "Expires: Thu, 01 Jan 1970 00:00:00 GMT[\r][\n]"
<2017-09-26 13:07:00> DEBUG [org.apache.http.wire] http-outgoing-8 << "Set-Cookie: fast_failed=true[\r][\n]"
<2017-09-26 13:07:00> DEBUG [org.apache.http.wire] http-outgoing-8 << "X-XSS-Protection: 2; mode=block[\r][\n]"
<2017-09-26 13:07:00> DEBUG [org.apache.http.wire] http-outgoing-8 << "Content-Encoding: gzip[\r][\n]"
<2017-09-26 13:07:00> DEBUG [org.apache.http.wire] http-outgoing-8 << "[\r][\n]"
<2017-09-26 13:07:00> DEBUG [org.apache.http.wire] http-outgoing-8 << "a2[\r][\n]"
<2017-09-26 13:07:00> DEBUG [org.apache.http.wire] http-outgoing-8 << "[0x1f][0x8b][0x8][0x0][0x0][0x0][0x0][0x0][0x0][0x3]-[0x8d]A[0xe][0x82]0[0x10][0x0][0xff][0xb2]ghZ[0x16][0x91]r5[0x1c]L[0xd4][0x83][0xf1][0x3][0xb5],J[0x2]-[0xb2][0xd4][0xb][0xe1][0xef][0xee][0xc1][0xeb]d&[0xb3][0x1][0x13][0xf3][0x10][0xc3][0xb9][0x83][0x6][0x8a][0x2][0xfb][0x2][0xab]2[0xf7]Xa^[0xf6][0xe6][0x99][0xdb][0xde]a[0xee][0xf][0x16]mm:4[0xbe][0x84][0xc]xu+[0x89][0xce][0xc9]{[0xa9][0x85][0xbc]O[0xb1][0x13]bjc[\r][0xea]c[0xad]3[0xf8][0xba]1[0x9][0xda][0xa0][0xbd][0xb4][0xd7][0xf6][0xf6][0x10][0xdf]h[0xd8]3[0xf0][0xa3][0x93][0xa6][0x81][0xb8][0xbc]T[0x9c])|[0x9c]b[0x1a])[0xc]iR[0xb]Mq%u'[0x9e]c`[0xfa][0xbf][0x92][0xe8]z[0xff][0x1]0[0x1e][0xf6]G[0xab][0x0][0x0][0x0][\r][\n]"
<2017-09-26 13:07:00> DEBUG [org.apache.http.wire] http-outgoing-8 << "0[\r][\n]"
<2017-09-26 13:07:00> DEBUG [org.apache.http.wire] http-outgoing-8 << "[\r][\n]"
<2017-09-26 13:07:00> DEBUG [org.apache.http.headers] http-outgoing-8 << HTTP/1.1 200 OK
<2017-09-26 13:07:00> DEBUG [org.apache.http.headers] http-outgoing-8 << Server: nginx
<2017-09-26 13:07:00> DEBUG [org.apache.http.headers] http-outgoing-8 << Date: Tue, 26 Sep 2017 10:06:56 GMT
<2017-09-26 13:07:00> DEBUG [org.apache.http.headers] http-outgoing-8 << Content-Type: application/json;charset=utf-8
<2017-09-26 13:07:00> DEBUG [org.apache.http.headers] http-outgoing-8 << Transfer-Encoding: chunked
<2017-09-26 13:07:00> DEBUG [org.apache.http.headers] http-outgoing-8 << Connection: keep-alive
<2017-09-26 13:07:00> DEBUG [org.apache.http.headers] http-outgoing-8 << Set-Cookie: JSESSIONID=F6E28E4994D1584E597DBDFCCCB1737E; Path=/nexperience/; HttpOnly
<2017-09-26 13:07:00> DEBUG [org.apache.http.headers] http-outgoing-8 << Expires: Thu, 01 Jan 1970 00:00:00 GMT
<2017-09-26 13:07:00> DEBUG [org.apache.http.headers] http-outgoing-8 << Cache-Control: no-cache
<2017-09-26 13:07:00> DEBUG [org.apache.http.headers] http-outgoing-8 << Cache-Control: no-cache
<2017-09-26 13:07:00> DEBUG [org.apache.http.headers] http-outgoing-8 << Expires: Thu, 01 Jan 1970 00:00:00 GMT
<2017-09-26 13:07:00> DEBUG [org.apache.http.headers] http-outgoing-8 << Set-Cookie: fast_failed=true
<2017-09-26 13:07:00> DEBUG [org.apache.http.headers] http-outgoing-8 << X-XSS-Protection: 2; mode=block
<2017-09-26 13:07:00> DEBUG [org.apache.http.headers] http-outgoing-8 << Content-Encoding: gzip
<2017-09-26 13:07:00> DEBUG [o.a.h.i.execchain.MainClientExec] Connection can be kept alive indefinitely
<2017-09-26 13:07:00> DEBUG [o.a.h.c.p.ResponseProcessCookies] Cookie accepted [JSESSIONID="F6E28E4994D1584E597DBDFCCCB1737E", version:0, domain:branchtest.perfectomobile.com, path:/nexperience/, expiry:null]
<2017-09-26 13:07:00> DEBUG [o.a.h.c.p.ResponseProcessCookies] Cookie accepted [fast_failed="true", version:0, domain:branchtest.perfectomobile.com, path:/nexperience/perfectomobile/wd/hub/session/223f2364-c363-4f1b-9fa3-c593981d31c4, expiry:null]
<2017-09-26 13:07:00> DEBUG [o.a.h.i.c.PoolingHttpClientConnectionManager] Connection [id: 8][route: {s}->https://branchtest.perfectomobile.com:443] can be kept alive indefinitely
<2017-09-26 13:07:00> DEBUG [o.a.h.i.c.PoolingHttpClientConnectionManager] Connection released: [id: 8][route: {s}->https://branchtest.perfectomobile.com:443][total kept alive: 1; route allocated: 3 of 2000; total allocated: 3 of 2000]
<2017-09-26 13:07:00> DEBUG [o.a.h.c.p.RequestAddCookies] CookieSpec selected: default
<2017-09-26 13:07:00> DEBUG [o.a.h.c.p.RequestAddCookies] Cookie [version: 0][name: JSESSIONID][value: F6E28E4994D1584E597DBDFCCCB1737E][domain: branchtest.perfectomobile.com][path: /nexperience/][expiry: null] match [(secure)branchtest.perfectomobile.com:443/nexperience/perfectomobile/wd/hub/session/223f2364-c363-4f1b-9fa3-c593981d31c4/element/10/value]
<2017-09-26 13:07:00> DEBUG [o.a.h.c.p.RequestAddCookies] Cookie [version: 0][name: fast_failed][value: true][domain: branchtest.perfectomobile.com][path: /nexperience/perfectomobile/wd/hub][expiry: null] match [(secure)branchtest.perfectomobile.com:443/nexperience/perfectomobile/wd/hub/session/223f2364-c363-4f1b-9fa3-c593981d31c4/element/10/value]
<2017-09-26 13:07:00> DEBUG [o.a.h.c.p.RequestAddCookies] Cookie [version: 0][name: fast_failed][value: true][domain: branchtest.perfectomobile.com][path: /nexperience/perfectomobile/wd/hub/session][expiry: null] match [(secure)branchtest.perfectomobile.com:443/nexperience/perfectomobile/wd/hub/session/223f2364-c363-4f1b-9fa3-c593981d31c4/element/10/value]
<2017-09-26 13:07:00> DEBUG [o.a.h.c.p.RequestAddCookies] Cookie [version: 0][name: fast_failed][value: true][domain: branchtest.perfectomobile.com][path: /nexperience/perfectomobile/wd/hub/session/223f2364-c363-4f1b-9fa3-c593981d31c4][expiry: null] match [(secure)branchtest.perfectomobile.com:443/nexperience/perfectomobile/wd/hub/session/223f2364-c363-4f1b-9fa3-c593981d31c4/element/10/value]
<2017-09-26 13:07:00> DEBUG [o.a.h.c.p.RequestAuthCache] Auth cache not set in the context
<2017-09-26 13:07:00> DEBUG [o.a.h.i.c.PoolingHttpClientConnectionManager] Connection request: [route: {s}->https://branchtest.perfectomobile.com:443][total kept alive: 1; route allocated: 3 of 2000; total allocated: 3 of 2000]
<2017-09-26 13:07:00> DEBUG [o.a.h.i.c.PoolingHttpClientConnectionManager] Connection leased: [id: 8][route: {s}->https://branchtest.perfectomobile.com:443][total kept alive: 0; route allocated: 3 of 2000; total allocated: 3 of 2000]
<2017-09-26 13:07:00> DEBUG [o.a.h.i.execchain.MainClientExec] Stale connection check
<2017-09-26 13:07:00> DEBUG [org.apache.http.wire] http-outgoing-8 << "[read] I/O error: Read timed out"
<2017-09-26 13:07:00> DEBUG [o.a.h.i.c.DefaultManagedHttpClientConnection] http-outgoing-8: set socket timeout to 10800000
<2017-09-26 13:07:00> DEBUG [o.a.h.i.execchain.MainClientExec] Executing request POST /nexperience/perfectomobile/wd/hub/session/223f2364-c363-4f1b-9fa3-c593981d31c4/element/10/value HTTP/1.1
<2017-09-26 13:07:00> DEBUG [o.a.h.i.execchain.MainClientExec] Target auth state: UNCHALLENGED
<2017-09-26 13:07:00> DEBUG [o.a.h.i.execchain.MainClientExec] Proxy auth state: UNCHALLENGED
<2017-09-26 13:07:00> DEBUG [org.apache.http.headers] http-outgoing-8 >> POST /nexperience/perfectomobile/wd/hub/session/223f2364-c363-4f1b-9fa3-c593981d31c4/element/10/value HTTP/1.1
<2017-09-26 13:07:00> DEBUG [org.apache.http.headers] http-outgoing-8 >> Content-Type: application/json; charset=utf-8
<2017-09-26 13:07:00> DEBUG [org.apache.http.headers] http-outgoing-8 >> Content-Length: 32
<2017-09-26 13:07:00> DEBUG [org.apache.http.headers] http-outgoing-8 >> Host: branchtest.perfectomobile.com
<2017-09-26 13:07:00> DEBUG [org.apache.http.headers] http-outgoing-8 >> Connection: Keep-Alive
<2017-09-26 13:07:00> DEBUG [org.apache.http.headers] http-outgoing-8 >> User-Agent: Apache-HttpClient/4.5.2 (Java/1.8.0_121)
<2017-09-26 13:07:00> DEBUG [org.apache.http.headers] http-outgoing-8 >> Cookie: JSESSIONID=F6E28E4994D1584E597DBDFCCCB1737E; fast_failed=true; fast_failed=true; fast_failed=true
<2017-09-26 13:07:00> DEBUG [org.apache.http.headers] http-outgoing-8 >> Accept-Encoding: gzip,deflate
<2017-09-26 13:07:00> DEBUG [org.apache.http.wire] http-outgoing-8 >> "POST /nexperience/perfectomobile/wd/hub/session/223f2364-c363-4f1b-9fa3-c593981d31c4/element/10/value HTTP/1.1[\r][\n]"
<2017-09-26 13:07:00> DEBUG [org.apache.http.wire] http-outgoing-8 >> "Content-Type: application/json; charset=utf-8[\r][\n]"
<2017-09-26 13:07:00> DEBUG [org.apache.http.wire] http-outgoing-8 >> "Content-Length: 32[\r][\n]"
<2017-09-26 13:07:00> DEBUG [org.apache.http.wire] http-outgoing-8 >> "Host: branchtest.perfectomobile.com[\r][\n]"
<2017-09-26 13:07:00> DEBUG [org.apache.http.wire] http-outgoing-8 >> "Connection: Keep-Alive[\r][\n]"
<2017-09-26 13:07:00> DEBUG [org.apache.http.wire] http-outgoing-8 >> "User-Agent: Apache-HttpClient/4.5.2 (Java/1.8.0_121)[\r][\n]"
<2017-09-26 13:07:00> DEBUG [org.apache.http.wire] http-outgoing-8 >> "Cookie: JSESSIONID=F6E28E4994D1584E597DBDFCCCB1737E; fast_failed=true; fast_failed=true; fast_failed=true[\r][\n]"
<2017-09-26 13:07:00> DEBUG [org.apache.http.wire] http-outgoing-8 >> "Accept-Encoding: gzip,deflate[\r][\n]"
<2017-09-26 13:07:00> DEBUG [org.apache.http.wire] http-outgoing-8 >> "[\r][\n]"
<2017-09-26 13:07:00> DEBUG [org.apache.http.wire] http-outgoing-8 >> "{"id":"10","value":["username"]}"
<2017-09-26 13:07:00> DEBUG [org.apache.http.wire] http-outgoing-6 << "HTTP/1.1 200 OK[\r][\n]"
<2017-09-26 13:07:00> DEBUG [org.apache.http.wire] http-outgoing-6 << "Server: nginx[\r][\n]"
<2017-09-26 13:07:00> DEBUG [org.apache.http.wire] http-outgoing-6 << "Date: Tue, 26 Sep 2017 10:06:56 GMT[\r][\n]"
<2017-09-26 13:07:00> DEBUG [org.apache.http.wire] http-outgoing-6 << "Content-Type: application/json;charset=utf-8[\r][\n]"
<2017-09-26 13:07:00> DEBUG [org.apache.http.wire] http-outgoing-6 << "Transfer-Encoding: chunked[\r][\n]"
<2017-09-26 13:07:00> DEBUG [org.apache.http.wire] http-outgoing-6 << "Connection: keep-alive[\r][\n]"
<2017-09-26 13:07:00> DEBUG [org.apache.http.wire] http-outgoing-6 << "Set-Cookie: JSESSIONID=F6E28E4994D1584E597DBDFCCCB1737E; Path=/nexperience/; HttpOnly[\r][\n]"
<2017-09-26 13:07:00> DEBUG [org.apache.http.wire] http-outgoing-6 << "Expires: Thu, 01 Jan 1970 00:00:00 GMT[\r][\n]"
<2017-09-26 13:07:00> DEBUG [org.apache.http.wire] http-outgoing-6 << "Cache-Control: no-cache[\r][\n]"
<2017-09-26 13:07:00> DEBUG [org.apache.http.wire] http-outgoing-6 << "Cache-Control: no-cache[\r][\n]"
<2017-09-26 13:07:00> DEBUG [org.apache.http.wire] http-outgoing-6 << "Expires: Thu, 01 Jan 1970 00:00:00 GMT[\r][\n]"
<2017-09-26 13:07:00> DEBUG [org.apache.http.wire] http-outgoing-6 << "Set-Cookie: fast_failed=true[\r][\n]"
<2017-09-26 13:07:00> DEBUG [org.apache.http.wire] http-outgoing-6 << "X-XSS-Protection: 2; mode=block[\r][\n]"
<2017-09-26 13:07:00> DEBUG [org.apache.http.wire] http-outgoing-6 << "Content-Encoding: gzip[\r][\n]"
<2017-09-26 13:07:00> DEBUG [org.apache.http.wire] http-outgoing-6 << "[\r][\n]"
<2017-09-26 13:07:00> DEBUG [org.apache.http.wire] http-outgoing-6 << "95[\r][\n]"
<2017-09-26 13:07:00> DEBUG [org.apache.http.wire] http-outgoing-6 << "[0x1f][0x8b][0x8][0x0][0x0][0x0][0x0][0x0][0x0][0x3]-[0xcc]1[0x12][0xc2] [0x10][0x85][0xe1][0xbb]l[0x1d][0x98]h[0x80]`Z+[o@[0x96]U3C [0xc9][0x82][0x8d][0xe3][0xdd][0xdd][0xc2][0xf6][0x9f][0xef][0xbd][0xf]01/%[0xdf]"L[0xd0][0xcf][0xb3]E[0xc][0xf]5F2[0xca]8]]>&#x7f;<![CDATA[V[0x17]r[0xa8][0xd0]zs"[0xb2][0xe8][0xc2][0x8][0x1d]p[\r][0x95][0x84]sC[0x94][0xb5][0x94][0xd7][0xb5]D)[0xc6][0xf][0x83]w[0xce][0xdb][0xe][0xde]!5)[0xb9][0xa5][0xd4][0x1][0xa6] l[0x82]r<u[0xd9]([0xef]A3%[0xca]K[[0xf5]Ak[0xa9][0xa4][0xef][0xc4][[0xc9]L[0xff][0xfb]&[0xbc][0xff][0xfe][0x0][0xd6]ud([0x9e][0x0][0x0][0x0][\r][\n]"
<2017-09-26 13:07:00> DEBUG [org.apache.http.wire] http-outgoing-6 << "0[\r][\n]"
<2017-09-26 13:07:00> DEBUG [org.apache.http.wire] http-outgoing-6 << "[\r][\n]"
<2017-09-26 13:07:00> DEBUG [org.apache.http.headers] http-outgoing-6 << HTTP/1.1 200 OK
<2017-09-26 13:07:00> DEBUG [org.apache.http.headers] http-outgoing-6 << Server: nginx
<2017-09-26 13:07:00> DEBUG [org.apache.http.headers] http-outgoing-6 << Date: Tue, 26 Sep 2017 10:06:56 GMT
<2017-09-26 13:07:00> DEBUG [org.apache.http.headers] http-outgoing-6 << Content-Type: application/json;charset=utf-8
<2017-09-26 13:07:00> DEBUG [org.apache.http.headers] http-outgoing-6 << Transfer-Encoding: chunked
<2017-09-26 13:07:00> DEBUG [org.apache.http.headers] http-outgoing-6 << Connection: keep-alive
<2017-09-26 13:07:00> DEBUG [org.apache.http.headers] http-outgoing-6 << Set-Cookie: JSESSIONID=F6E28E4994D1584E597DBDFCCCB1737E; Path=/nexperience/; HttpOnly
<2017-09-26 13:07:00> DEBUG [org.apache.http.headers] http-outgoing-6 << Expires: Thu, 01 Jan 1970 00:00:00 GMT
<2017-09-26 13:07:00> DEBUG [org.apache.http.headers] http-outgoing-6 << Cache-Control: no-cache
<2017-09-26 13:07:00> DEBUG [org.apache.http.headers] http-outgoing-6 << Cache-Control: no-cache
<2017-09-26 13:07:00> DEBUG [org.apache.http.headers] http-outgoing-6 << Expires: Thu, 01 Jan 1970 00:00:00 GMT
<2017-09-26 13:07:00> DEBUG [org.apache.http.headers] http-outgoing-6 << Set-Cookie: fast_failed=true
<2017-09-26 13:07:00> DEBUG [org.apache.http.headers] http-outgoing-6 << X-XSS-Protection: 2; mode=block
<2017-09-26 13:07:00> DEBUG [org.apache.http.headers] http-outgoing-6 << Content-Encoding: gzip
<2017-09-26 13:07:00> DEBUG [o.a.h.i.execchain.MainClientExec] Connection can be kept alive indefinitely
<2017-09-26 13:07:00> DEBUG [o.a.h.c.p.ResponseProcessCookies] Cookie accepted [JSESSIONID="F6E28E4994D1584E597DBDFCCCB1737E", version:0, domain:branchtest.perfectomobile.com, path:/nexperience/, expiry:null]
<2017-09-26 13:07:00> DEBUG [o.a.h.c.p.ResponseProcessCookies] Cookie accepted [fast_failed="true", version:0, domain:branchtest.perfectomobile.com, path:/nexperience/perfectomobile/wd/hub/session/0bb5ccaf-7de4-4682-9e6c-c5841ee5c6a7/element/10, expiry:null]
<2017-09-26 13:07:00> DEBUG [o.a.h.i.c.PoolingHttpClientConnectionManager] Connection [id: 6][route: {s}->https://branchtest.perfectomobile.com:443] can be kept alive indefinitely
<2017-09-26 13:07:00> DEBUG [o.a.h.i.c.PoolingHttpClientConnectionManager] Connection released: [id: 6][route: {s}->https://branchtest.perfectomobile.com:443][total kept alive: 1; route allocated: 3 of 2000; total allocated: 3 of 2000]
<2017-09-26 13:07:00> DEBUG [o.a.h.c.p.RequestAddCookies] CookieSpec selected: default
<2017-09-26 13:07:00> DEBUG [o.a.h.c.p.RequestAddCookies] Cookie [version: 0][name: JSESSIONID][value: F6E28E4994D1584E597DBDFCCCB1737E][domain: branchtest.perfectomobile.com][path: /nexperience/][expiry: null] match [(secure)branchtest.perfectomobile.com:443/nexperience/perfectomobile/wd/hub/session/0bb5ccaf-7de4-4682-9e6c-c5841ee5c6a7/element]
<2017-09-26 13:07:00> DEBUG [o.a.h.c.p.RequestAddCookies] Cookie [version: 0][name: fast_failed][value: true][domain: branchtest.perfectomobile.com][path: /nexperience/perfectomobile/wd/hub][expiry: null] match [(secure)branchtest.perfectomobile.com:443/nexperience/perfectomobile/wd/hub/session/0bb5ccaf-7de4-4682-9e6c-c5841ee5c6a7/element]
<2017-09-26 13:07:00> DEBUG [o.a.h.c.p.RequestAddCookies] Cookie [version: 0][name: fast_failed][value: true][domain: branchtest.perfectomobile.com][path: /nexperience/perfectomobile/wd/hub/session][expiry: null] match [(secure)branchtest.perfectomobile.com:443/nexperience/perfectomobile/wd/hub/session/0bb5ccaf-7de4-4682-9e6c-c5841ee5c6a7/element]
<2017-09-26 13:07:00> DEBUG [o.a.h.c.p.RequestAddCookies] Cookie [version: 0][name: fast_failed][value: true][domain: branchtest.perfectomobile.com][path: /nexperience/perfectomobile/wd/hub/session/0bb5ccaf-7de4-4682-9e6c-c5841ee5c6a7][expiry: null] match [(secure)branchtest.perfectomobile.com:443/nexperience/perfectomobile/wd/hub/session/0bb5ccaf-7de4-4682-9e6c-c5841ee5c6a7/element]
<2017-09-26 13:07:00> DEBUG [o.a.h.c.p.RequestAuthCache] Auth cache not set in the context
<2017-09-26 13:07:00> DEBUG [o.a.h.i.c.PoolingHttpClientConnectionManager] Connection request: [route: {s}->https://branchtest.perfectomobile.com:443][total kept alive: 1; route allocated: 3 of 2000; total allocated: 3 of 2000]
<2017-09-26 13:07:00> DEBUG [o.a.h.i.c.PoolingHttpClientConnectionManager] Connection leased: [id: 6][route: {s}->https://branchtest.perfectomobile.com:443][total kept alive: 0; route allocated: 3 of 2000; total allocated: 3 of 2000]
<2017-09-26 13:07:00> DEBUG [o.a.h.i.execchain.MainClientExec] Stale connection check
<2017-09-26 13:07:00> DEBUG [org.apache.http.wire] http-outgoing-6 << "[read] I/O error: Read timed out"
<2017-09-26 13:07:00> DEBUG [o.a.h.i.c.DefaultManagedHttpClientConnection] http-outgoing-6: set socket timeout to 10800000
<2017-09-26 13:07:00> DEBUG [o.a.h.i.execchain.MainClientExec] Executing request POST /nexperience/perfectomobile/wd/hub/session/0bb5ccaf-7de4-4682-9e6c-c5841ee5c6a7/element HTTP/1.1
<2017-09-26 13:07:00> DEBUG [o.a.h.i.execchain.MainClientExec] Target auth state: UNCHALLENGED
<2017-09-26 13:07:00> DEBUG [o.a.h.i.execchain.MainClientExec] Proxy auth state: UNCHALLENGED
<2017-09-26 13:07:00> DEBUG [org.apache.http.headers] http-outgoing-6 >> POST /nexperience/perfectomobile/wd/hub/session/0bb5ccaf-7de4-4682-9e6c-c5841ee5c6a7/element HTTP/1.1
<2017-09-26 13:07:00> DEBUG [org.apache.http.headers] http-outgoing-6 >> Content-Type: application/json; charset=utf-8
<2017-09-26 13:07:00> DEBUG [org.apache.http.headers] http-outgoing-6 >> Content-Length: 72
<2017-09-26 13:07:00> DEBUG [org.apache.http.headers] http-outgoing-6 >> Host: branchtest.perfectomobile.com
<2017-09-26 13:07:00> DEBUG [org.apache.http.headers] http-outgoing-6 >> Connection: Keep-Alive
<2017-09-26 13:07:00> DEBUG [org.apache.http.headers] http-outgoing-6 >> User-Agent: Apache-HttpClient/4.5.2 (Java/1.8.0_121)
<2017-09-26 13:07:00> DEBUG [org.apache.http.headers] http-outgoing-6 >> Cookie: JSESSIONID=F6E28E4994D1584E597DBDFCCCB1737E; fast_failed=true; fast_failed=true; fast_failed=true
<2017-09-26 13:07:00> DEBUG [org.apache.http.headers] http-outgoing-6 >> Accept-Encoding: gzip,deflate
<2017-09-26 13:07:00> DEBUG [org.apache.http.wire] http-outgoing-6 >> "POST /nexperience/perfectomobile/wd/hub/session/0bb5ccaf-7de4-4682-9e6c-c5841ee5c6a7/element HTTP/1.1[\r][\n]"
<2017-09-26 13:07:00> DEBUG [org.apache.http.wire] http-outgoing-6 >> "Content-Type: application/json; charset=utf-8[\r][\n]"
<2017-09-26 13:07:00> DEBUG [org.apache.http.wire] http-outgoing-6 >> "Content-Length: 72[\r][\n]"
<2017-09-26 13:07:00> DEBUG [org.apache.http.wire] http-outgoing-6 >> "Host: branchtest.perfectomobile.com[\r][\n]"
<2017-09-26 13:07:00> DEBUG [org.apache.http.wire] http-outgoing-6 >> "Connection: Keep-Alive[\r][\n]"
<2017-09-26 13:07:00> DEBUG [org.apache.http.wire] http-outgoing-6 >> "User-Agent: Apache-HttpClient/4.5.2 (Java/1.8.0_121)[\r][\n]"
<2017-09-26 13:07:00> DEBUG [org.apache.http.wire] http-outgoing-6 >> "Cookie: JSESSIONID=F6E28E4994D1584E597DBDFCCCB1737E; fast_failed=true; fast_failed=true; fast_failed=true[\r][\n]"
<2017-09-26 13:07:00> DEBUG [org.apache.http.wire] http-outgoing-6 >> "Accept-Encoding: gzip,deflate[\r][\n]"
<2017-09-26 13:07:00> DEBUG [org.apache.http.wire] http-outgoing-6 >> "[\r][\n]"
<2017-09-26 13:07:00> DEBUG [org.apache.http.wire] http-outgoing-6 >> "{"using":"xpath","value":"//*[@id=\"register_form\"]/fieldset[8]/input"}"
<2017-09-26 13:07:00> DEBUG [org.apache.http.wire] http-outgoing-5 << "HTTP/1.1 200 OK[\r][\n]"
<2017-09-26 13:07:00> DEBUG [org.apache.http.wire] http-outgoing-5 << "Server: nginx[\r][\n]"
<2017-09-26 13:07:00> DEBUG [org.apache.http.wire] http-outgoing-5 << "Date: Tue, 26 Sep 2017 10:06:56 GMT[\r][\n]"
<2017-09-26 13:07:00> DEBUG [org.apache.http.wire] http-outgoing-5 << "Content-Type: application/json;charset=utf-8[\r][\n]"
<2017-09-26 13:07:00> DEBUG [org.apache.http.wire] http-outgoing-5 << "Transfer-Encoding: chunked[\r][\n]"
<2017-09-26 13:07:00> DEBUG [org.apache.http.wire] http-outgoing-5 << "Connection: keep-alive[\r][\n]"
<2017-09-26 13:07:00> DEBUG [org.apache.http.wire] http-outgoing-5 << "Set-Cookie: JSESSIONID=F6E28E4994D1584E597DBDFCCCB1737E; Path=/nexperience/; HttpOnly[\r][\n]"
<2017-09-26 13:07:00> DEBUG [org.apache.http.wire] http-outgoing-5 << "Expires: Thu, 01 Jan 1970 00:00:00 GMT[\r][\n]"
<2017-09-26 13:07:00> DEBUG [org.apache.http.wire] http-outgoing-5 << "Cache-Control: no-cache[\r][\n]"
<2017-09-26 13:07:00> DEBUG [org.apache.http.wire] http-outgoing-5 << "Cache-Control: no-cache[\r][\n]"
<2017-09-26 13:07:00> DEBUG [org.apache.http.wire] http-outgoing-5 << "Expires: Thu, 01 Jan 1970 00:00:00 GMT[\r][\n]"
<2017-09-26 13:07:00> DEBUG [org.apache.http.wire] http-outgoing-5 << "Set-Cookie: fast_failed=true[\r][\n]"
<2017-09-26 13:07:00> DEBUG [org.apache.http.wire] http-outgoing-5 << "X-XSS-Protection: 2; mode=block[\r][\n]"
<2017-09-26 13:07:00> DEBUG [org.apache.http.wire] http-outgoing-5 << "Content-Encoding: gzip[\r][\n]"
<2017-09-26 13:07:00> DEBUG [org.apache.http.wire] http-outgoing-5 << "[\r][\n]"
<2017-09-26 13:07:00> DEBUG [org.apache.http.wire] http-outgoing-5 << "95[\r][\n]"
<2017-09-26 13:07:00> DEBUG [org.apache.http.wire] http-outgoing-5 << "[0x1f][0x8b][0x8][0x0][0x0][0x0][0x0][0x0][0x0][0x3]-[0x8c]1[0x12][0x82]0[0x10]E[0xef][0xb2]5dH[0x84][0x88][0xb4]V[0xb6][0xde]`[0xd9]l[0x94][0x99][0x90] Kl[0x1c][0xef][0xee][0x16][0x96][0xff][0xcd]{[0xff][0x3][0xc2]"K[0xc9][0xb7][0x0][0x13][0x10][0xce]d;{n/[0x8e][0xbb][0xb6][0xe7][0x99][0xda]1[0xe8][0x8c]1[0x6][0xb4][0xd4][0xdb][0x13]zh@[0xe]<Xu[0xa9]DZ+y^KPb[0xdd][0xe0][0x9c][0xf7]n[0x18][0x1b]xc[0xaa][0x8a]rM[0xa9][0x1]J[0xa8][0xde][0x4]e]]>&#x7f;<![CDATA[[0x98][0xb2]q~[0xa1][0x11]N[0x9c][0x97][0xba][0x9a][0x9d][0xd7]r[0xb0][0xb9][0xb3]l%[0xb][0xff][0xff][0xab][0xea][0xdd][0xf7][0x7][0xd7][0xea][0x9b][0xe4][0x9f][0x0][0x0][0x0][\r][\n]"
<2017-09-26 13:07:00> DEBUG [org.apache.http.wire] http-outgoing-5 << "0[\r][\n]"
<2017-09-26 13:07:00> DEBUG [org.apache.http.wire] http-outgoing-5 << "[\r][\n]"
<2017-09-26 13:07:00> DEBUG [org.apache.http.headers] http-outgoing-5 << HTTP/1.1 200 OK
<2017-09-26 13:07:00> DEBUG [org.apache.http.headers] http-outgoing-5 << Server: nginx
<2017-09-26 13:07:00> DEBUG [org.apache.http.headers] http-outgoing-5 << Date: Tue, 26 Sep 2017 10:06:56 GMT
<2017-09-26 13:07:00> DEBUG [org.apache.http.headers] http-outgoing-5 << Content-Type: application/json;charset=utf-8
<2017-09-26 13:07:00> DEBUG [org.apache.http.headers] http-outgoing-5 << Transfer-Encoding: chunked
<2017-09-26 13:07:00> DEBUG [org.apache.http.headers] http-outgoing-5 << Connection: keep-alive
<2017-09-26 13:07:00> DEBUG [org.apache.http.headers] http-outgoing-5 << Set-Cookie: JSESSIONID=F6E28E4994D1584E597DBDFCCCB1737E; Path=/nexperience/; HttpOnly
<2017-09-26 13:07:00> DEBUG [org.apache.http.headers] http-outgoing-5 << Expires: Thu, 01 Jan 1970 00:00:00 GMT
<2017-09-26 13:07:00> DEBUG [org.apache.http.headers] http-outgoing-5 << Cache-Control: no-cache
<2017-09-26 13:07:00> DEBUG [org.apache.http.headers] http-outgoing-5 << Cache-Control: no-cache
<2017-09-26 13:07:00> DEBUG [org.apache.http.headers] http-outgoing-5 << Expires: Thu, 01 Jan 1970 00:00:00 GMT
<2017-09-26 13:07:00> DEBUG [org.apache.http.headers] http-outgoing-5 << Set-Cookie: fast_failed=true
<2017-09-26 13:07:00> DEBUG [org.apache.http.headers] http-outgoing-5 << X-XSS-Protection: 2; mode=block
<2017-09-26 13:07:00> DEBUG [org.apache.http.headers] http-outgoing-5 << Content-Encoding: gzip
<2017-09-26 13:07:00> DEBUG [o.a.h.i.execchain.MainClientExec] Connection can be kept alive indefinitely
<2017-09-26 13:07:00> DEBUG [o.a.h.c.p.ResponseProcessCookies] Cookie accepted [JSESSIONID="F6E28E4994D1584E597DBDFCCCB1737E", version:0, domain:branchtest.perfectomobile.com, path:/nexperience/, expiry:null]
<2017-09-26 13:07:00> DEBUG [o.a.h.c.p.ResponseProcessCookies] Cookie accepted [fast_failed="true", version:0, domain:branchtest.perfectomobile.com, path:/nexperience/perfectomobile/wd/hub/session/cabc1017-92e0-4ebc-8d17-fffda1c413a6/element/5, expiry:null]
<2017-09-26 13:07:00> DEBUG [o.a.h.i.c.PoolingHttpClientConnectionManager] Connection [id: 5][route: {s}->https://branchtest.perfectomobile.com:443] can be kept alive indefinitely
<2017-09-26 13:07:00> DEBUG [o.a.h.i.c.PoolingHttpClientConnectionManager] Connection released: [id: 5][route: {s}->https://branchtest.perfectomobile.com:443][total kept alive: 1; route allocated: 3 of 2000; total allocated: 3 of 2000]
<2017-09-26 13:07:00> DEBUG [o.a.h.c.p.RequestAddCookies] CookieSpec selected: default
<2017-09-26 13:07:00> DEBUG [o.a.h.c.p.RequestAddCookies] Cookie [version: 0][name: JSESSIONID][value: F6E28E4994D1584E597DBDFCCCB1737E][domain: branchtest.perfectomobile.com][path: /nexperience/][expiry: null] match [(secure)branchtest.perfectomobile.com:443/nexperience/perfectomobile/wd/hub/session/cabc1017-92e0-4ebc-8d17-fffda1c413a6/element]
<2017-09-26 13:07:00> DEBUG [o.a.h.c.p.RequestAddCookies] Cookie [version: 0][name: fast_failed][value: true][domain: branchtest.perfectomobile.com][path: /nexperience/perfectomobile/wd/hub][expiry: null] match [(secure)branchtest.perfectomobile.com:443/nexperience/perfectomobile/wd/hub/session/cabc1017-92e0-4ebc-8d17-fffda1c413a6/element]
<2017-09-26 13:07:00> DEBUG [o.a.h.c.p.RequestAddCookies] Cookie [version: 0][name: fast_failed][value: true][domain: branchtest.perfectomobile.com][path: /nexperience/perfectomobile/wd/hub/session][expiry: null] match [(secure)branchtest.perfectomobile.com:443/nexperience/perfectomobile/wd/hub/session/cabc1017-92e0-4ebc-8d17-fffda1c413a6/element]
<2017-09-26 13:07:00> DEBUG [o.a.h.c.p.RequestAddCookies] Cookie [version: 0][name: fast_failed][value: true][domain: branchtest.perfectomobile.com][path: /nexperience/perfectomobile/wd/hub/session/cabc1017-92e0-4ebc-8d17-fffda1c413a6][expiry: null] match [(secure)branchtest.perfectomobile.com:443/nexperience/perfectomobile/wd/hub/session/cabc1017-92e0-4ebc-8d17-fffda1c413a6/element]
<2017-09-26 13:07:00> DEBUG [o.a.h.c.p.RequestAuthCache] Auth cache not set in the context
<2017-09-26 13:07:00> DEBUG [o.a.h.i.c.PoolingHttpClientConnectionManager] Connection request: [route: {s}->https://branchtest.perfectomobile.com:443][total kept alive: 1; route allocated: 3 of 2000; total allocated: 3 of 2000]
<2017-09-26 13:07:00> DEBUG [o.a.h.i.c.PoolingHttpClientConnectionManager] Connection leased: [id: 5][route: {s}->https://branchtest.perfectomobile.com:443][total kept alive: 0; route allocated: 3 of 2000; total allocated: 3 of 2000]
<2017-09-26 13:07:00> DEBUG [o.a.h.i.execchain.MainClientExec] Stale connection check
<2017-09-26 13:07:00> DEBUG [org.apache.http.wire] http-outgoing-5 << "[read] I/O error: Read timed out"
<2017-09-26 13:07:00> DEBUG [o.a.h.i.c.DefaultManagedHttpClientConnection] http-outgoing-5: set socket timeout to 10800000
<2017-09-26 13:07:00> DEBUG [o.a.h.i.execchain.MainClientExec] Executing request POST /nexperience/perfectomobile/wd/hub/session/cabc1017-92e0-4ebc-8d17-fffda1c413a6/element HTTP/1.1
<2017-09-26 13:07:00> DEBUG [o.a.h.i.execchain.MainClientExec] Target auth state: UNCHALLENGED
<2017-09-26 13:07:00> DEBUG [o.a.h.i.execchain.MainClientExec] Proxy auth state: UNCHALLENGED
<2017-09-26 13:07:00> DEBUG [org.apache.http.headers] http-outgoing-5 >> POST /nexperience/perfectomobile/wd/hub/session/cabc1017-92e0-4ebc-8d17-fffda1c413a6/element HTTP/1.1
<2017-09-26 13:07:00> DEBUG [org.apache.http.headers] http-outgoing-5 >> Content-Type: application/json; charset=utf-8
<2017-09-26 13:07:00> DEBUG [org.apache.http.headers] http-outgoing-5 >> Content-Length: 85
<2017-09-26 13:07:00> DEBUG [org.apache.http.headers] http-outgoing-5 >> Host: branchtest.perfectomobile.com
<2017-09-26 13:07:00> DEBUG [org.apache.http.headers] http-outgoing-5 >> Connection: Keep-Alive
<2017-09-26 13:07:00> DEBUG [org.apache.http.headers] http-outgoing-5 >> User-Agent: Apache-HttpClient/4.5.2 (Java/1.8.0_121)
<2017-09-26 13:07:00> DEBUG [org.apache.http.headers] http-outgoing-5 >> Cookie: JSESSIONID=F6E28E4994D1584E597DBDFCCCB1737E; fast_failed=true; fast_failed=true; fast_failed=true
<2017-09-26 13:07:00> DEBUG [org.apache.http.headers] http-outgoing-5 >> Accept-Encoding: gzip,deflate
<2017-09-26 13:07:00> DEBUG [org.apache.http.wire] http-outgoing-5 >> "POST /nexperience/perfectomobile/wd/hub/session/cabc1017-92e0-4ebc-8d17-fffda1c413a6/element HTTP/1.1[\r][\n]"
<2017-09-26 13:07:00> DEBUG [org.apache.http.wire] http-outgoing-5 >> "Content-Type: application/json; charset=utf-8[\r][\n]"
<2017-09-26 13:07:00> DEBUG [org.apache.http.wire] http-outgoing-5 >> "Content-Length: 85[\r][\n]"
<2017-09-26 13:07:00> DEBUG [org.apache.http.wire] http-outgoing-5 >> "Host: branchtest.perfectomobile.com[\r][\n]"
<2017-09-26 13:07:00> DEBUG [org.apache.http.wire] http-outgoing-5 >> "Connection: Keep-Alive[\r][\n]"
<2017-09-26 13:07:00> DEBUG [org.apache.http.wire] http-outgoing-5 >> "User-Agent: Apache-HttpClient/4.5.2 (Java/1.8.0_121)[\r][\n]"
<2017-09-26 13:07:00> DEBUG [org.apache.http.wire] http-outgoing-5 >> "Cookie: JSESSIONID=F6E28E4994D1584E597DBDFCCCB1737E; fast_failed=true; fast_failed=true; fast_failed=true[\r][\n]"
<2017-09-26 13:07:00> DEBUG [org.apache.http.wire] http-outgoing-5 >> "Accept-Encoding: gzip,deflate[\r][\n]"
<2017-09-26 13:07:00> DEBUG [org.apache.http.wire] http-outgoing-5 >> "[\r][\n]"
<2017-09-26 13:07:00> DEBUG [org.apache.http.wire] http-outgoing-5 >> "{"using":"xpath","value":"//*[@id=\"register_form\"]/fieldset[2]/div/label[1]/input"}"
<2017-09-26 13:07:00> DEBUG [org.apache.http.wire] http-outgoing-6 << "HTTP/1.1 200 OK[\r][\n]"
<2017-09-26 13:07:00> DEBUG [org.apache.http.wire] http-outgoing-6 << "Server: nginx[\r][\n]"
<2017-09-26 13:07:00> DEBUG [org.apache.http.wire] http-outgoing-6 << "Date: Tue, 26 Sep 2017 10:06:56 GMT[\r][\n]"
<2017-09-26 13:07:00> DEBUG [org.apache.http.wire] http-outgoing-6 << "Content-Type: application/json;charset=utf-8[\r][\n]"
<2017-09-26 13:07:00> DEBUG [org.apache.http.wire] http-outgoing-6 << "Transfer-Encoding: chunked[\r][\n]"
<2017-09-26 13:07:00> DEBUG [org.apache.http.wire] http-outgoing-6 << "Connection: keep-alive[\r][\n]"
<2017-09-26 13:07:00> DEBUG [org.apache.http.wire] http-outgoing-6 << "Set-Cookie: JSESSIONID=F6E28E4994D1584E597DBDFCCCB1737E; Path=/nexperience/; HttpOnly[\r][\n]"
<2017-09-26 13:07:00> DEBUG [org.apache.http.wire] http-outgoing-6 << "Expires: Thu, 01 Jan 1970 00:00:00 GMT[\r][\n]"
<2017-09-26 13:07:00> DEBUG [org.apache.http.wire] http-outgoing-6 << "Cache-Control: no-cache[\r][\n]"
<2017-09-26 13:07:00> DEBUG [org.apache.http.wire] http-outgoing-6 << "Cache-Control: no-cache[\r][\n]"
<2017-09-26 13:07:00> DEBUG [org.apache.http.wire] http-outgoing-6 << "Expires: Thu, 01 Jan 1970 00:00:00 GMT[\r][\n]"
<2017-09-26 13:07:00> DEBUG [org.apache.http.wire] http-outgoing-6 << "Set-Cookie: fast_failed=true[\r][\n]"
<2017-09-26 13:07:00> DEBUG [org.apache.http.wire] http-outgoing-6 << "X-XSS-Protection: 2; mode=block[\r][\n]"
<2017-09-26 13:07:00> DEBUG [org.apache.http.wire] http-outgoing-6 << "Content-Encoding: gzip[\r][\n]"
<2017-09-26 13:07:00> DEBUG [org.apache.http.wire] http-outgoing-6 << "[\r][\n]"
<2017-09-26 13:07:00> DEBUG [org.apache.http.wire] http-outgoing-6 << "a1[\r][\n]"
<2017-09-26 13:07:00> DEBUG [org.apache.http.wire] http-outgoing-6 << "[0x1f][0x8b][0x8][0x0][0x0][0x0][0x0][0x0][0x0][0x3]-[0x8d]A[0xe][0x82]0[0x10][0x0][0xff][0xb2]g[0xda][0x0])[0xa5]p5[0x1c]L[0xd4][0x83][0xf1][0x3]eY[0x95][0x4]Zd[0xa9][0x17][0xc2][0xdf][0xdd][0x83][0xd7][0xc9]Lf[0x7]&[0xe6]1[0x86][0xf3][0x0]-[0xe4]}_![0xfa][0xa7][0xaa][0x7]2[0xca]XW[0xaa][0x86],*[0xac][0x9c])[0x88]*[0xb4][0xbe][0x86][0xc]x[0xf3][0x1b][0x89][0xce][0x9]Qj![0xef]S[0x1c][0x84][0x94][0xb9]i[0x9c]5[0x8d]u[0x19]|[0xfd][0x94][0x4][0xed][0xd0]][0xba]kw{[0x88]_[0x14]pd[0x80][0x93][0x97][0xa6][0x85][0xb8][0xbe]t\(|[0xbc]f[0x9a]([0x8c]i[0xd6]+[0xcd]q#}'^b`[0xfa][0xbf][0x92][0xe8][0xf9][0xf1][0x3][0x3][0xd8][0x1a]>[0xab][0x0][0x0][0x0][\r][\n]"
<2017-09-26 13:07:00> DEBUG [org.apache.http.wire] http-outgoing-6 << "0[\r][\n]"
<2017-09-26 13:07:00> DEBUG [org.apache.http.wire] http-outgoing-6 << "[\r][\n]"
<2017-09-26 13:07:00> DEBUG [org.apache.http.headers] http-outgoing-6 << HTTP/1.1 200 OK
<2017-09-26 13:07:00> DEBUG [org.apache.http.headers] http-outgoing-6 << Server: nginx
<2017-09-26 13:07:00> DEBUG [org.apache.http.headers] http-outgoing-6 << Date: Tue, 26 Sep 2017 10:06:56 GMT
<2017-09-26 13:07:00> DEBUG [org.apache.http.headers] http-outgoing-6 << Content-Type: application/json;charset=utf-8
<2017-09-26 13:07:00> DEBUG [org.apache.http.headers] http-outgoing-6 << Transfer-Encoding: chunked
<2017-09-26 13:07:00> DEBUG [org.apache.http.headers] http-outgoing-6 << Connection: keep-alive
<2017-09-26 13:07:00> DEBUG [org.apache.http.headers] http-outgoing-6 << Set-Cookie: JSESSIONID=F6E28E4994D1584E597DBDFCCCB1737E; Path=/nexperience/; HttpOnly
<2017-09-26 13:07:00> DEBUG [org.apache.http.headers] http-outgoing-6 << Expires: Thu, 01 Jan 1970 00:00:00 GMT
<2017-09-26 13:07:00> DEBUG [org.apache.http.headers] http-outgoing-6 << Cache-Control: no-cache
<2017-09-26 13:07:00> DEBUG [org.apache.http.headers] http-outgoing-6 << Cache-Control: no-cache
<2017-09-26 13:07:00> DEBUG [org.apache.http.headers] http-outgoing-6 << Expires: Thu, 01 Jan 1970 00:00:00 GMT
<2017-09-26 13:07:00> DEBUG [org.apache.http.headers] http-outgoing-6 << Set-Cookie: fast_failed=true
<2017-09-26 13:07:00> DEBUG [org.apache.http.headers] http-outgoing-6 << X-XSS-Protection: 2; mode=block
<2017-09-26 13:07:00> DEBUG [org.apache.http.headers] http-outgoing-6 << Content-Encoding: gzip
<2017-09-26 13:07:00> DEBUG [o.a.h.i.execchain.MainClientExec] Connection can be kept alive indefinitely
<2017-09-26 13:07:00> DEBUG [o.a.h.c.p.ResponseProcessCookies] Cookie accepted [JSESSIONID="F6E28E4994D1584E597DBDFCCCB1737E", version:0, domain:branchtest.perfectomobile.com, path:/nexperience/, expiry:null]
<2017-09-26 13:07:00> DEBUG [o.a.h.c.p.ResponseProcessCookies] Cookie accepted [fast_failed="true", version:0, domain:branchtest.perfectomobile.com, path:/nexperience/perfectomobile/wd/hub/session/0bb5ccaf-7de4-4682-9e6c-c5841ee5c6a7, expiry:null]
<2017-09-26 13:07:00> DEBUG [o.a.h.i.c.PoolingHttpClientConnectionManager] Connection [id: 6][route: {s}->https://branchtest.perfectomobile.com:443] can be kept alive indefinitely
<2017-09-26 13:07:00> DEBUG [o.a.h.i.c.PoolingHttpClientConnectionManager] Connection released: [id: 6][route: {s}->https://branchtest.perfectomobile.com:443][total kept alive: 1; route allocated: 3 of 2000; total allocated: 3 of 2000]
<2017-09-26 13:07:00> DEBUG [o.a.h.c.p.RequestAddCookies] CookieSpec selected: default
<2017-09-26 13:07:00> DEBUG [o.a.h.c.p.RequestAddCookies] Cookie [version: 0][name: JSESSIONID][value: F6E28E4994D1584E597DBDFCCCB1737E][domain: branchtest.perfectomobile.com][path: /nexperience/][expiry: null] match [(secure)branchtest.perfectomobile.com:443/nexperience/perfectomobile/wd/hub/session/0bb5ccaf-7de4-4682-9e6c-c5841ee5c6a7/element/11/value]
<2017-09-26 13:07:00> DEBUG [o.a.h.c.p.RequestAddCookies] Cookie [version: 0][name: fast_failed][value: true][domain: branchtest.perfectomobile.com][path: /nexperience/perfectomobile/wd/hub][expiry: null] match [(secure)branchtest.perfectomobile.com:443/nexperience/perfectomobile/wd/hub/session/0bb5ccaf-7de4-4682-9e6c-c5841ee5c6a7/element/11/value]
<2017-09-26 13:07:00> DEBUG [o.a.h.c.p.RequestAddCookies] Cookie [version: 0][name: fast_failed][value: true][domain: branchtest.perfectomobile.com][path: /nexperience/perfectomobile/wd/hub/session][expiry: null] match [(secure)branchtest.perfectomobile.com:443/nexperience/perfectomobile/wd/hub/session/0bb5ccaf-7de4-4682-9e6c-c5841ee5c6a7/element/11/value]
<2017-09-26 13:07:00> DEBUG [o.a.h.c.p.RequestAddCookies] Cookie [version: 0][name: fast_failed][value: true][domain: branchtest.perfectomobile.com][path: /nexperience/perfectomobile/wd/hub/session/0bb5ccaf-7de4-4682-9e6c-c5841ee5c6a7][expiry: null] match [(secure)branchtest.perfectomobile.com:443/nexperience/perfectomobile/wd/hub/session/0bb5ccaf-7de4-4682-9e6c-c5841ee5c6a7/element/11/value]
<2017-09-26 13:07:00> DEBUG [o.a.h.c.p.RequestAuthCache] Auth cache not set in the context
<2017-09-26 13:07:00> DEBUG [o.a.h.i.c.PoolingHttpClientConnectionManager] Connection request: [route: {s}->https://branchtest.perfectomobile.com:443][total kept alive: 1; route allocated: 3 of 2000; total allocated: 3 of 2000]
<2017-09-26 13:07:00> DEBUG [o.a.h.i.c.PoolingHttpClientConnectionManager] Connection leased: [id: 6][route: {s}->https://branchtest.perfectomobile.com:443][total kept alive: 0; route allocated: 3 of 2000; total allocated: 3 of 2000]
<2017-09-26 13:07:00> DEBUG [o.a.h.i.execchain.MainClientExec] Stale connection check
<2017-09-26 13:07:00> DEBUG [org.apache.http.wire] http-outgoing-6 << "[read] I/O error: Read timed out"
<2017-09-26 13:07:00> DEBUG [o.a.h.i.c.DefaultManagedHttpClientConnection] http-outgoing-6: set socket timeout to 10800000
<2017-09-26 13:07:00> DEBUG [o.a.h.i.execchain.MainClientExec] Executing request POST /nexperience/perfectomobile/wd/hub/session/0bb5ccaf-7de4-4682-9e6c-c5841ee5c6a7/element/11/value HTTP/1.1
<2017-09-26 13:07:00> DEBUG [o.a.h.i.execchain.MainClientExec] Target auth state: UNCHALLENGED
<2017-09-26 13:07:00> DEBUG [o.a.h.i.execchain.MainClientExec] Proxy auth state: UNCHALLENGED
<2017-09-26 13:07:00> DEBUG [org.apache.http.headers] http-outgoing-6 >> POST /nexperience/perfectomobile/wd/hub/session/0bb5ccaf-7de4-4682-9e6c-c5841ee5c6a7/element/11/value HTTP/1.1
<2017-09-26 13:07:00> DEBUG [org.apache.http.headers] http-outgoing-6 >> Content-Type: application/json; charset=utf-8
<2017-09-26 13:07:00> DEBUG [org.apache.http.headers] http-outgoing-6 >> Content-Length: 39
<2017-09-26 13:07:00> DEBUG [org.apache.http.headers] http-outgoing-6 >> Host: branchtest.perfectomobile.com
<2017-09-26 13:07:00> DEBUG [org.apache.http.headers] http-outgoing-6 >> Connection: Keep-Alive
<2017-09-26 13:07:00> DEBUG [org.apache.http.headers] http-outgoing-6 >> User-Agent: Apache-HttpClient/4.5.2 (Java/1.8.0_121)
<2017-09-26 13:07:00> DEBUG [org.apache.http.headers] http-outgoing-6 >> Cookie: JSESSIONID=F6E28E4994D1584E597DBDFCCCB1737E; fast_failed=true; fast_failed=true; fast_failed=true
<2017-09-26 13:07:00> DEBUG [org.apache.http.headers] http-outgoing-6 >> Accept-Encoding: gzip,deflate
<2017-09-26 13:07:00> DEBUG [org.apache.http.wire] http-outgoing-6 >> "POST /nexperience/perfectomobile/wd/hub/session/0bb5ccaf-7de4-4682-9e6c-c5841ee5c6a7/element/11/value HTTP/1.1[\r][\n]"
<2017-09-26 13:07:00> DEBUG [org.apache.http.wire] http-outgoing-6 >> "Content-Type: application/json; charset=utf-8[\r][\n]"
<2017-09-26 13:07:00> DEBUG [org.apache.http.wire] http-outgoing-6 >> "Content-Length: 39[\r][\n]"
<2017-09-26 13:07:00> DEBUG [org.apache.http.wire] http-outgoing-6 >> "Host: branchtest.perfectomobile.com[\r][\n]"
<2017-09-26 13:07:00> DEBUG [org.apache.http.wire] http-outgoing-6 >> "Connection: Keep-Alive[\r][\n]"
<2017-09-26 13:07:00> DEBUG [org.apache.http.wire] http-outgoing-6 >> "User-Agent: Apache-HttpClient/4.5.2 (Java/1.8.0_121)[\r][\n]"
<2017-09-26 13:07:00> DEBUG [org.apache.http.wire] http-outgoing-6 >> "Cookie: JSESSIONID=F6E28E4994D1584E597DBDFCCCB1737E; fast_failed=true; fast_failed=true; fast_failed=true[\r][\n]"
<2017-09-26 13:07:00> DEBUG [org.apache.http.wire] http-outgoing-6 >> "Accept-Encoding: gzip,deflate[\r][\n]"
<2017-09-26 13:07:00> DEBUG [org.apache.http.wire] http-outgoing-6 >> "[\r][\n]"
<2017-09-26 13:07:00> DEBUG [org.apache.http.wire] http-outgoing-6 >> "{"id":"11","value":["Email@gmail.com"]}"
<2017-09-26 13:07:00> DEBUG [org.apache.http.wire] http-outgoing-5 << "HTTP/1.1 200 OK[\r][\n]"
<2017-09-26 13:07:00> DEBUG [org.apache.http.wire] http-outgoing-5 << "Server: nginx[\r][\n]"
<2017-09-26 13:07:00> DEBUG [org.apache.http.wire] http-outgoing-5 << "Date: Tue, 26 Sep 2017 10:06:56 GMT[\r][\n]"
<2017-09-26 13:07:00> DEBUG [org.apache.http.wire] http-outgoing-5 << "Content-Type: application/json;charset=utf-8[\r][\n]"
<2017-09-26 13:07:00> DEBUG [org.apache.http.wire] http-outgoing-5 << "Transfer-Encoding: chunked[\r][\n]"
<2017-09-26 13:07:00> DEBUG [org.apache.http.wire] http-outgoing-5 << "Connection: keep-alive[\r][\n]"
<2017-09-26 13:07:00> DEBUG [org.apache.http.wire] http-outgoing-5 << "Set-Cookie: JSESSIONID=F6E28E4994D1584E597DBDFCCCB1737E; Path=/nexperience/; HttpOnly[\r][\n]"
<2017-09-26 13:07:00> DEBUG [org.apache.http.wire] http-outgoing-5 << "Expires: Thu, 01 Jan 1970 00:00:00 GMT[\r][\n]"
<2017-09-26 13:07:00> DEBUG [org.apache.http.wire] http-outgoing-5 << "Cache-Control: no-cache[\r][\n]"
<2017-09-26 13:07:00> DEBUG [org.apache.http.wire] http-outgoing-5 << "Cache-Control: no-cache[\r][\n]"
<2017-09-26 13:07:00> DEBUG [org.apache.http.wire] http-outgoing-5 << "Expires: Thu, 01 Jan 1970 00:00:00 GMT[\r][\n]"
<2017-09-26 13:07:00> DEBUG [org.apache.http.wire] http-outgoing-5 << "Set-Cookie: fast_failed=true[\r][\n]"
<2017-09-26 13:07:00> DEBUG [org.apache.http.wire] http-outgoing-5 << "X-XSS-Protection: 2; mode=block[\r][\n]"
<2017-09-26 13:07:00> DEBUG [org.apache.http.wire] http-outgoing-5 << "Content-Encoding: gzip[\r][\n]"
<2017-09-26 13:07:00> DEBUG [org.apache.http.wire] http-outgoing-5 << "[\r][\n]"
<2017-09-26 13:07:00> DEBUG [org.apache.http.wire] http-outgoing-5 << "a1[\r][\n]"
<2017-09-26 13:07:00> DEBUG [org.apache.http.wire] http-outgoing-5 << "[0x1f][0x8b][0x8][0x0][0x0][0x0][0x0][0x0][0x0][0x3]-[0x8d]A[0xe][0x82]0[0x10]E[0xef]2khZ E[0xd8][0x1a][0x16]&[0xea][0xc2]x[0x81]2[0x1d][0x94][0x4]Zd[0xa8][0x1b][0xc2][0xdd][0x9d][0x85][0xcb][0xff][0xf2]^[0xfe][0xe]L[0xcc]c[0xc][0x17][0xf]-[0xa0][0xeb][0xd1]hS[0xe7]MA:[0xaf][0xa8][0xc7][0xfc][0xe4]e[0xe][0xc3][0xe0][0x9d][0xc1][0xca][0x94][0xce]B[0x6][0xbc][0xb9][0x8d]D[0xe7][0x84]([0xb5][0x90][0xf7]9z![0x85].[0x9b][0xba])+k2[0xf8][0xba])[0x9][0xda][0xa1][0xbb]v[0xb7][0xee][0xfe][0x14][0xdf][0xc2][0x91][0x1]NN[0x92][0x16][0xe2][0xfa]Rq[0xa1][0xf0]q[0x8a]i[0xa2]0[0xa6]Y[0xad]4[0xc7][0x8d][0xd4][0x83]x[0x89][0x81][0xe9]]]>&#x7f;<![CDATA[[0x95]D[0xd7][0xc7][0xf][0xde][\r][0xb1][0x1f][0xaa][0x0][0x0][0x0][\r][\n]"
<2017-09-26 13:07:00> DEBUG [org.apache.http.wire] http-outgoing-5 << "0[\r][\n]"
<2017-09-26 13:07:00> DEBUG [org.apache.http.wire] http-outgoing-5 << "[\r][\n]"
<2017-09-26 13:07:00> DEBUG [org.apache.http.headers] http-outgoing-5 << HTTP/1.1 200 OK
<2017-09-26 13:07:00> DEBUG [org.apache.http.headers] http-outgoing-5 << Server: nginx
<2017-09-26 13:07:00> DEBUG [org.apache.http.headers] http-outgoing-5 << Date: Tue, 26 Sep 2017 10:06:56 GMT
<2017-09-26 13:07:00> DEBUG [org.apache.http.headers] http-outgoing-5 << Content-Type: application/json;charset=utf-8
<2017-09-26 13:07:00> DEBUG [org.apache.http.headers] http-outgoing-5 << Transfer-Encoding: chunked
<2017-09-26 13:07:00> DEBUG [org.apache.http.headers] http-outgoing-5 << Connection: keep-alive
<2017-09-26 13:07:00> DEBUG [org.apache.http.headers] http-outgoing-5 << Set-Cookie: JSESSIONID=F6E28E4994D1584E597DBDFCCCB1737E; Path=/nexperience/; HttpOnly
<2017-09-26 13:07:00> DEBUG [org.apache.http.headers] http-outgoing-5 << Expires: Thu, 01 Jan 1970 00:00:00 GMT
<2017-09-26 13:07:00> DEBUG [org.apache.http.headers] http-outgoing-5 << Cache-Control: no-cache
<2017-09-26 13:07:00> DEBUG [org.apache.http.headers] http-outgoing-5 << Cache-Control: no-cache
<2017-09-26 13:07:00> DEBUG [org.apache.http.headers] http-outgoing-5 << Expires: Thu, 01 Jan 1970 00:00:00 GMT
<2017-09-26 13:07:00> DEBUG [org.apache.http.headers] http-outgoing-5 << Set-Cookie: fast_failed=true
<2017-09-26 13:07:00> DEBUG [org.apache.http.headers] http-outgoing-5 << X-XSS-Protection: 2; mode=block
<2017-09-26 13:07:00> DEBUG [org.apache.http.headers] http-outgoing-5 << Content-Encoding: gzip
<2017-09-26 13:07:00> DEBUG [o.a.h.i.execchain.MainClientExec] Connection can be kept alive indefinitely
<2017-09-26 13:07:00> DEBUG [o.a.h.c.p.ResponseProcessCookies] Cookie accepted [JSESSIONID="F6E28E4994D1584E597DBDFCCCB1737E", version:0, domain:branchtest.perfectomobile.com, path:/nexperience/, expiry:null]
<2017-09-26 13:07:00> DEBUG [o.a.h.c.p.ResponseProcessCookies] Cookie accepted [fast_failed="true", version:0, domain:branchtest.perfectomobile.com, path:/nexperience/perfectomobile/wd/hub/session/cabc1017-92e0-4ebc-8d17-fffda1c413a6, expiry:null]
<2017-09-26 13:07:00> DEBUG [o.a.h.i.c.PoolingHttpClientConnectionManager] Connection [id: 5][route: {s}->https://branchtest.perfectomobile.com:443] can be kept alive indefinitely
<2017-09-26 13:07:00> DEBUG [o.a.h.i.c.PoolingHttpClientConnectionManager] Connection released: [id: 5][route: {s}->https://branchtest.perfectomobile.com:443][total kept alive: 1; route allocated: 3 of 2000; total allocated: 3 of 2000]
<2017-09-26 13:07:00> DEBUG [o.a.h.c.p.RequestAddCookies] CookieSpec selected: default
<2017-09-26 13:07:00> DEBUG [o.a.h.c.p.RequestAddCookies] Cookie [version: 0][name: JSESSIONID][value: F6E28E4994D1584E597DBDFCCCB1737E][domain: branchtest.perfectomobile.com][path: /nexperience/][expiry: null] match [(secure)branchtest.perfectomobile.com:443/nexperience/perfectomobile/wd/hub/session/cabc1017-92e0-4ebc-8d17-fffda1c413a6/element/6/click]
<2017-09-26 13:07:00> DEBUG [o.a.h.c.p.RequestAddCookies] Cookie [version: 0][name: fast_failed][value: true][domain: branchtest.perfectomobile.com][path: /nexperience/perfectomobile/wd/hub][expiry: null] match [(secure)branchtest.perfectomobile.com:443/nexperience/perfectomobile/wd/hub/session/cabc1017-92e0-4ebc-8d17-fffda1c413a6/element/6/click]
<2017-09-26 13:07:00> DEBUG [o.a.h.c.p.RequestAddCookies] Cookie [version: 0][name: fast_failed][value: true][domain: branchtest.perfectomobile.com][path: /nexperience/perfectomobile/wd/hub/session][expiry: null] match [(secure)branchtest.perfectomobile.com:443/nexperience/perfectomobile/wd/hub/session/cabc1017-92e0-4ebc-8d17-fffda1c413a6/element/6/click]
<2017-09-26 13:07:00> DEBUG [o.a.h.c.p.RequestAddCookies] Cookie [version: 0][name: fast_failed][value: true][domain: branchtest.perfectomobile.com][path: /nexperience/perfectomobile/wd/hub/session/cabc1017-92e0-4ebc-8d17-fffda1c413a6][expiry: null] match [(secure)branchtest.perfectomobile.com:443/nexperience/perfectomobile/wd/hub/session/cabc1017-92e0-4ebc-8d17-fffda1c413a6/element/6/click]
<2017-09-26 13:07:00> DEBUG [o.a.h.c.p.RequestAuthCache] Auth cache not set in the context
<2017-09-26 13:07:00> DEBUG [o.a.h.i.c.PoolingHttpClientConnectionManager] Connection request: [route: {s}->https://branchtest.perfectomobile.com:443][total kept alive: 1; route allocated: 3 of 2000; total allocated: 3 of 2000]
<2017-09-26 13:07:00> DEBUG [o.a.h.i.c.PoolingHttpClientConnectionManager] Connection leased: [id: 5][route: {s}->https://branchtest.perfectomobile.com:443][total kept alive: 0; route allocated: 3 of 2000; total allocated: 3 of 2000]
<2017-09-26 13:07:00> DEBUG [o.a.h.i.execchain.MainClientExec] Stale connection check
<2017-09-26 13:07:00> DEBUG [org.apache.http.wire] http-outgoing-5 << "[read] I/O error: Read timed out"
<2017-09-26 13:07:00> DEBUG [o.a.h.i.c.DefaultManagedHttpClientConnection] http-outgoing-5: set socket timeout to 10800000
<2017-09-26 13:07:00> DEBUG [o.a.h.i.execchain.MainClientExec] Executing request POST /nexperience/perfectomobile/wd/hub/session/cabc1017-92e0-4ebc-8d17-fffda1c413a6/element/6/click HTTP/1.1
<2017-09-26 13:07:00> DEBUG [o.a.h.i.execchain.MainClientExec] Target auth state: UNCHALLENGED
<2017-09-26 13:07:00> DEBUG [o.a.h.i.execchain.MainClientExec] Proxy auth state: UNCHALLENGED
<2017-09-26 13:07:00> DEBUG [org.apache.http.headers] http-outgoing-5 >> POST /nexperience/perfectomobile/wd/hub/session/cabc1017-92e0-4ebc-8d17-fffda1c413a6/element/6/click HTTP/1.1
<2017-09-26 13:07:00> DEBUG [org.apache.http.headers] http-outgoing-5 >> Content-Type: application/json; charset=utf-8
<2017-09-26 13:07:00> DEBUG [org.apache.http.headers] http-outgoing-5 >> Content-Length: 10
<2017-09-26 13:07:00> DEBUG [org.apache.http.headers] http-outgoing-5 >> Host: branchtest.perfectomobile.com
<2017-09-26 13:07:00> DEBUG [org.apache.http.headers] http-outgoing-5 >> Connection: Keep-Alive
<2017-09-26 13:07:00> DEBUG [org.apache.http.headers] http-outgoing-5 >> User-Agent: Apache-HttpClient/4.5.2 (Java/1.8.0_121)
<2017-09-26 13:07:00> DEBUG [org.apache.http.headers] http-outgoing-5 >> Cookie: JSESSIONID=F6E28E4994D1584E597DBDFCCCB1737E; fast_failed=true; fast_failed=true; fast_failed=true
<2017-09-26 13:07:00> DEBUG [org.apache.http.headers] http-outgoing-5 >> Accept-Encoding: gzip,deflate
<2017-09-26 13:07:00> DEBUG [org.apache.http.wire] http-outgoing-5 >> "POST /nexperience/perfectomobile/wd/hub/session/cabc1017-92e0-4ebc-8d17-fffda1c413a6/element/6/click HTTP/1.1[\r][\n]"
<2017-09-26 13:07:00> DEBUG [org.apache.http.wire] http-outgoing-5 >> "Content-Type: application/json; charset=utf-8[\r][\n]"
<2017-09-26 13:07:00> DEBUG [org.apache.http.wire] http-outgoing-5 >> "Content-Length: 10[\r][\n]"
<2017-09-26 13:07:00> DEBUG [org.apache.http.wire] http-outgoing-5 >> "Host: branchtest.perfectomobile.com[\r][\n]"
<2017-09-26 13:07:00> DEBUG [org.apache.http.wire] http-outgoing-5 >> "Connection: Keep-Alive[\r][\n]"
<2017-09-26 13:07:00> DEBUG [org.apache.http.wire] http-outgoing-5 >> "User-Agent: Apache-HttpClient/4.5.2 (Java/1.8.0_121)[\r][\n]"
<2017-09-26 13:07:00> DEBUG [org.apache.http.wire] http-outgoing-5 >> "Cookie: JSESSIONID=F6E28E4994D1584E597DBDFCCCB1737E; fast_failed=true; fast_failed=true; fast_failed=true[\r][\n]"
<2017-09-26 13:07:00> DEBUG [org.apache.http.wire] http-outgoing-5 >> "Accept-Encoding: gzip,deflate[\r][\n]"
<2017-09-26 13:07:00> DEBUG [org.apache.http.wire] http-outgoing-5 >> "[\r][\n]"
<2017-09-26 13:07:00> DEBUG [org.apache.http.wire] http-outgoing-5 >> "{"id":"6"}"
<2017-09-26 13:07:00> DEBUG [org.apache.http.wire] http-outgoing-5 << "HTTP/1.1 200 OK[\r][\n]"
<2017-09-26 13:07:00> DEBUG [org.apache.http.wire] http-outgoing-5 << "Server: nginx[\r][\n]"
<2017-09-26 13:07:00> DEBUG [org.apache.http.wire] http-outgoing-5 << "Date: Tue, 26 Sep 2017 10:06:57 GMT[\r][\n]"
<2017-09-26 13:07:00> DEBUG [org.apache.http.wire] http-outgoing-5 << "Content-Type: application/json;charset=utf-8[\r][\n]"
<2017-09-26 13:07:00> DEBUG [org.apache.http.wire] http-outgoing-5 << "Transfer-Encoding: chunked[\r][\n]"
<2017-09-26 13:07:00> DEBUG [org.apache.http.wire] http-outgoing-5 << "Connection: keep-alive[\r][\n]"
<2017-09-26 13:07:00> DEBUG [org.apache.http.wire] http-outgoing-5 << "Set-Cookie: JSESSIONID=F6E28E4994D1584E597DBDFCCCB1737E; Path=/nexperience/; HttpOnly[\r][\n]"
<2017-09-26 13:07:00> DEBUG [org.apache.http.wire] http-outgoing-5 << "Expires: Thu, 01 Jan 1970 00:00:00 GMT[\r][\n]"
<2017-09-26 13:07:00> DEBUG [org.apache.http.wire] http-outgoing-5 << "Cache-Control: no-cache[\r][\n]"
<2017-09-26 13:07:00> DEBUG [org.apache.http.wire] http-outgoing-5 << "Cache-Control: no-cache[\r][\n]"
<2017-09-26 13:07:00> DEBUG [org.apache.http.wire] http-outgoing-5 << "Expires: Thu, 01 Jan 1970 00:00:00 GMT[\r][\n]"
<2017-09-26 13:07:00> DEBUG [org.apache.http.wire] http-outgoing-5 << "Set-Cookie: fast_failed=true[\r][\n]"
<2017-09-26 13:07:00> DEBUG [org.apache.http.wire] http-outgoing-5 << "X-XSS-Protection: 2; mode=block[\r][\n]"
<2017-09-26 13:07:00> DEBUG [org.apache.http.wire] http-outgoing-5 << "Content-Encoding: gzip[\r][\n]"
<2017-09-26 13:07:00> DEBUG [org.apache.http.wire] http-outgoing-5 << "[\r][\n]"
<2017-09-26 13:07:00> DEBUG [org.apache.http.wire] http-outgoing-5 << "94[\r][\n]"
<2017-09-26 13:07:00> DEBUG [org.apache.http.wire] http-outgoing-5 << "[0x1f][0x8b][0x8][0x0][0x0][0x0][0x0][0x0][0x0][0x3]-[0x8c]1[0xe][0xc2]0[0xc]E[0xef][0xe2][0xb9][0x8d][0xe2]R5[0xd0][0x95][0x89][0x95][0x1b][0xb8][0x8e][0xb][0x95][0xd2][0xa4][0xd4][\r][0xb][0xe2][0xee]x`[0xfc]O[0xef][0xfd][0xf][0xa8][0xa8].%[0xdf]"[0x8c][0xc0]41z[0xc][0xed][0xa5][0x13][0xdf][0xf6]2q{[0x8e]6[0xe7]y[0x8e][0x84][0xdc][0xe3][0x89][0x6]h@[0xf]:[0xc4]t[0xad][0xcc]V[0x1b]y^K4[0x82][0x88][0x3][0x86]!t[0xa1][0x81]7[0xa5]j([0xd7][0x94][0x1a][0xe0]D[0xe6][0x8d]P[0xf6][0x87]+[0x9b][0xe4][0x17]9[0x95]$y[0xa9][0xab][0xdb]e-[0x87][0xb8][0xbb][0xe8]V[0xb2][0xca][0xff][0xbf][0x9a][0xee][0xbf]?[0xff]T[0xb0][0x89][0x9f][0x0][0x0][0x0][\r][\n]"
<2017-09-26 13:07:00> DEBUG [org.apache.http.wire] http-outgoing-5 << "0[\r][\n]"
<2017-09-26 13:07:00> DEBUG [org.apache.http.wire] http-outgoing-5 << "[\r][\n]"
<2017-09-26 13:07:00> DEBUG [org.apache.http.headers] http-outgoing-5 << HTTP/1.1 200 OK
<2017-09-26 13:07:00> DEBUG [org.apache.http.headers] http-outgoing-5 << Server: nginx
<2017-09-26 13:07:00> DEBUG [org.apache.http.headers] http-outgoing-5 << Date: Tue, 26 Sep 2017 10:06:57 GMT
<2017-09-26 13:07:00> DEBUG [org.apache.http.headers] http-outgoing-5 << Content-Type: application/json;charset=utf-8
<2017-09-26 13:07:00> DEBUG [org.apache.http.headers] http-outgoing-5 << Transfer-Encoding: chunked
<2017-09-26 13:07:00> DEBUG [org.apache.http.headers] http-outgoing-5 << Connection: keep-alive
<2017-09-26 13:07:00> DEBUG [org.apache.http.headers] http-outgoing-5 << Set-Cookie: JSESSIONID=F6E28E4994D1584E597DBDFCCCB1737E; Path=/nexperience/; HttpOnly
<2017-09-26 13:07:00> DEBUG [org.apache.http.headers] http-outgoing-5 << Expires: Thu, 01 Jan 1970 00:00:00 GMT
<2017-09-26 13:07:00> DEBUG [org.apache.http.headers] http-outgoing-5 << Cache-Control: no-cache
<2017-09-26 13:07:00> DEBUG [org.apache.http.headers] http-outgoing-5 << Cache-Control: no-cache
<2017-09-26 13:07:00> DEBUG [org.apache.http.headers] http-outgoing-5 << Expires: Thu, 01 Jan 1970 00:00:00 GMT
<2017-09-26 13:07:00> DEBUG [org.apache.http.headers] http-outgoing-5 << Set-Cookie: fast_failed=true
<2017-09-26 13:07:00> DEBUG [org.apache.http.headers] http-outgoing-5 << X-XSS-Protection: 2; mode=block
<2017-09-26 13:07:00> DEBUG [org.apache.http.headers] http-outgoing-5 << Content-Encoding: gzip
<2017-09-26 13:07:00> DEBUG [o.a.h.i.execchain.MainClientExec] Connection can be kept alive indefinitely
<2017-09-26 13:07:00> DEBUG [o.a.h.c.p.ResponseProcessCookies] Cookie accepted [JSESSIONID="F6E28E4994D1584E597DBDFCCCB1737E", version:0, domain:branchtest.perfectomobile.com, path:/nexperience/, expiry:null]
<2017-09-26 13:07:00> DEBUG [o.a.h.c.p.ResponseProcessCookies] Cookie accepted [fast_failed="true", version:0, domain:branchtest.perfectomobile.com, path:/nexperience/perfectomobile/wd/hub/session/cabc1017-92e0-4ebc-8d17-fffda1c413a6/element/6, expiry:null]
<2017-09-26 13:07:00> DEBUG [o.a.h.i.c.PoolingHttpClientConnectionManager] Connection [id: 5][route: {s}->https://branchtest.perfectomobile.com:443] can be kept alive indefinitely
<2017-09-26 13:07:00> DEBUG [o.a.h.i.c.PoolingHttpClientConnectionManager] Connection released: [id: 5][route: {s}->https://branchtest.perfectomobile.com:443][total kept alive: 1; route allocated: 3 of 2000; total allocated: 3 of 2000]
<2017-09-26 13:07:00> DEBUG [o.a.h.c.p.RequestAddCookies] CookieSpec selected: default
<2017-09-26 13:07:00> DEBUG [o.a.h.c.p.RequestAddCookies] Cookie [version: 0][name: JSESSIONID][value: F6E28E4994D1584E597DBDFCCCB1737E][domain: branchtest.perfectomobile.com][path: /nexperience/][expiry: null] match [(secure)branchtest.perfectomobile.com:443/nexperience/perfectomobile/wd/hub/session/cabc1017-92e0-4ebc-8d17-fffda1c413a6/element]
<2017-09-26 13:07:00> DEBUG [o.a.h.c.p.RequestAddCookies] Cookie [version: 0][name: fast_failed][value: true][domain: branchtest.perfectomobile.com][path: /nexperience/perfectomobile/wd/hub][expiry: null] match [(secure)branchtest.perfectomobile.com:443/nexperience/perfectomobile/wd/hub/session/cabc1017-92e0-4ebc-8d17-fffda1c413a6/element]
<2017-09-26 13:07:00> DEBUG [o.a.h.c.p.RequestAddCookies] Cookie [version: 0][name: fast_failed][value: true][domain: branchtest.perfectomobile.com][path: /nexperience/perfectomobile/wd/hub/session][expiry: null] match [(secure)branchtest.perfectomobile.com:443/nexperience/perfectomobile/wd/hub/session/cabc1017-92e0-4ebc-8d17-fffda1c413a6/element]
<2017-09-26 13:07:00> DEBUG [o.a.h.c.p.RequestAddCookies] Cookie [version: 0][name: fast_failed][value: true][domain: branchtest.perfectomobile.com][path: /nexperience/perfectomobile/wd/hub/session/cabc1017-92e0-4ebc-8d17-fffda1c413a6][expiry: null] match [(secure)branchtest.perfectomobile.com:443/nexperience/perfectomobile/wd/hub/session/cabc1017-92e0-4ebc-8d17-fffda1c413a6/element]
<2017-09-26 13:07:00> DEBUG [o.a.h.c.p.RequestAuthCache] Auth cache not set in the context
<2017-09-26 13:07:00> DEBUG [o.a.h.i.c.PoolingHttpClientConnectionManager] Connection request: [route: {s}->https://branchtest.perfectomobile.com:443][total kept alive: 1; route allocated: 3 of 2000; total allocated: 3 of 2000]
<2017-09-26 13:07:00> DEBUG [o.a.h.i.c.PoolingHttpClientConnectionManager] Connection leased: [id: 5][route: {s}->https://branchtest.perfectomobile.com:443][total kept alive: 0; route allocated: 3 of 2000; total allocated: 3 of 2000]
<2017-09-26 13:07:00> DEBUG [o.a.h.i.execchain.MainClientExec] Stale connection check
<2017-09-26 13:07:00> DEBUG [org.apache.http.wire] http-outgoing-5 << "[read] I/O error: Read timed out"
<2017-09-26 13:07:00> DEBUG [o.a.h.i.c.DefaultManagedHttpClientConnection] http-outgoing-5: set socket timeout to 10800000
<2017-09-26 13:07:00> DEBUG [o.a.h.i.execchain.MainClientExec] Executing request POST /nexperience/perfectomobile/wd/hub/session/cabc1017-92e0-4ebc-8d17-fffda1c413a6/element HTTP/1.1
<2017-09-26 13:07:00> DEBUG [o.a.h.i.execchain.MainClientExec] Target auth state: UNCHALLENGED
<2017-09-26 13:07:00> DEBUG [o.a.h.i.execchain.MainClientExec] Proxy auth state: UNCHALLENGED
<2017-09-26 13:07:00> DEBUG [org.apache.http.headers] http-outgoing-5 >> POST /nexperience/perfectomobile/wd/hub/session/cabc1017-92e0-4ebc-8d17-fffda1c413a6/element HTTP/1.1
<2017-09-26 13:07:00> DEBUG [org.apache.http.headers] http-outgoing-5 >> Content-Type: application/json; charset=utf-8
<2017-09-26 13:07:00> DEBUG [org.apache.http.headers] http-outgoing-5 >> Content-Length: 85
<2017-09-26 13:07:00> DEBUG [org.apache.http.headers] http-outgoing-5 >> Host: branchtest.perfectomobile.com
<2017-09-26 13:07:00> DEBUG [org.apache.http.headers] http-outgoing-5 >> Connection: Keep-Alive
<2017-09-26 13:07:00> DEBUG [org.apache.http.headers] http-outgoing-5 >> User-Agent: Apache-HttpClient/4.5.2 (Java/1.8.0_121)
<2017-09-26 13:07:00> DEBUG [org.apache.http.headers] http-outgoing-5 >> Cookie: JSESSIONID=F6E28E4994D1584E597DBDFCCCB1737E; fast_failed=true; fast_failed=true; fast_failed=true
<2017-09-26 13:07:00> DEBUG [org.apache.http.headers] http-outgoing-5 >> Accept-Encoding: gzip,deflate
<2017-09-26 13:07:00> DEBUG [org.apache.http.wire] http-outgoing-5 >> "POST /nexperience/perfectomobile/wd/hub/session/cabc1017-92e0-4ebc-8d17-fffda1c413a6/element HTTP/1.1[\r][\n]"
<2017-09-26 13:07:00> DEBUG [org.apache.http.wire] http-outgoing-5 >> "Content-Type: application/json; charset=utf-8[\r][\n]"
<2017-09-26 13:07:00> DEBUG [org.apache.http.wire] http-outgoing-5 >> "Content-Length: 85[\r][\n]"
<2017-09-26 13:07:00> DEBUG [org.apache.http.wire] http-outgoing-5 >> "Host: branchtest.perfectomobile.com[\r][\n]"
<2017-09-26 13:07:00> DEBUG [org.apache.http.wire] http-outgoing-5 >> "Connection: Keep-Alive[\r][\n]"
<2017-09-26 13:07:00> DEBUG [org.apache.http.wire] http-outgoing-5 >> "User-Agent: Apache-HttpClient/4.5.2 (Java/1.8.0_121)[\r][\n]"
<2017-09-26 13:07:00> DEBUG [org.apache.http.wire] http-outgoing-5 >> "Cookie: JSESSIONID=F6E28E4994D1584E597DBDFCCCB1737E; fast_failed=true; fast_failed=true; fast_failed=true[\r][\n]"
<2017-09-26 13:07:00> DEBUG [org.apache.http.wire] http-outgoing-5 >> "Accept-Encoding: gzip,deflate[\r][\n]"
<2017-09-26 13:07:00> DEBUG [org.apache.http.wire] http-outgoing-5 >> "[\r][\n]"
<2017-09-26 13:07:00> DEBUG [org.apache.http.wire] http-outgoing-5 >> "{"using":"xpath","value":"//*[@id=\"register_form\"]/fieldset[3]/div/label[1]/input"}"
<2017-09-26 13:07:00> DEBUG [org.apache.http.wire] http-outgoing-6 << "HTTP/1.1 200 OK[\r][\n]"
<2017-09-26 13:07:00> DEBUG [org.apache.http.wire] http-outgoing-6 << "Server: nginx[\r][\n]"
<2017-09-26 13:07:00> DEBUG [org.apache.http.wire] http-outgoing-6 << "Date: Tue, 26 Sep 2017 10:06:57 GMT[\r][\n]"
<2017-09-26 13:07:00> DEBUG [org.apache.http.wire] http-outgoing-6 << "Content-Type: application/json;charset=utf-8[\r][\n]"
<2017-09-26 13:07:00> DEBUG [org.apache.http.wire] http-outgoing-6 << "Transfer-Encoding: chunked[\r][\n]"
<2017-09-26 13:07:00> DEBUG [org.apache.http.wire] http-outgoing-6 << "Connection: keep-alive[\r][\n]"
<2017-09-26 13:07:00> DEBUG [org.apache.http.wire] http-outgoing-6 << "Set-Cookie: JSESSIONID=F6E28E4994D1584E597DBDFCCCB1737E; Path=/nexperience/; HttpOnly[\r][\n]"
<2017-09-26 13:07:00> DEBUG [org.apache.http.wire] http-outgoing-6 << "Expires: Thu, 01 Jan 1970 00:00:00 GMT[\r][\n]"
<2017-09-26 13:07:00> DEBUG [org.apache.http.wire] http-outgoing-6 << "Cache-Control: no-cache[\r][\n]"
<2017-09-26 13:07:00> DEBUG [org.apache.http.wire] http-outgoing-6 << "Cache-Control: no-cache[\r][\n]"
<2017-09-26 13:07:00> DEBUG [org.apache.http.wire] http-outgoing-6 << "Expires: Thu, 01 Jan 1970 00:00:00 GMT[\r][\n]"
<2017-09-26 13:07:00> DEBUG [org.apache.http.wire] http-outgoing-6 << "Set-Cookie: fast_failed=true[\r][\n]"
<2017-09-26 13:07:00> DEBUG [org.apache.http.wire] http-outgoing-6 << "X-XSS-Protection: 2; mode=block[\r][\n]"
<2017-09-26 13:07:00> DEBUG [org.apache.http.wire] http-outgoing-6 << "Content-Encoding: gzip[\r][\n]"
<2017-09-26 13:07:00> DEBUG [org.apache.http.wire] http-outgoing-6 << "[\r][\n]"
<2017-09-26 13:07:00> DEBUG [org.apache.http.wire] http-outgoing-6 << "95[\r][\n]"
<2017-09-26 13:07:00> DEBUG [org.apache.http.wire] http-outgoing-6 << "[0x1f][0x8b][0x8][0x0][0x0][0x0][0x0][0x0][0x0][0x3]-[0xcc][0xb1][0x12][0x82]0[0x10][0x84][0xe1]w[0xb9][0x9a]d[0xc0][0x9][0x10]h[0xad]l}[0x83]p[0xac][0xca]LH[0x80]#6[0x8e][0xef][0xee][0x15][0xb6][0xff]|[0xbb][0x1f][0x12][0x88],9[0xdd]f[0x1a][0xa9][0x9e][0xa6][0x96]9<L?[0xc3][0x19][0xd7][0xf9][0x8b][0x19][0xd0][0xb1][0xe1][0xd6][0xbb][0x6]h[0xb9][0xb]=U$g8[0xa1]\[\n]"
<2017-09-26 13:07:00> DEBUG [org.apache.http.wire] http-outgoing-6 << "[0xb3][0xae][0xb5][0xbc][0xae]y[0xd6]2x[0xef][0xfb][0xc6][\r][0xbe][0xa2]w[0x88]EK*1V[0xc4]1([0x1b])[0x1f]O[0x9b]7[0xa4]=XADZ[0xca]j[0xf][0xac][0xf9][0x84][0xbd]C[0xb6][0x9c][0x4][0xff][0xfb][0xa2][0xbc][0xfe][0xfe][0x0][0x0][0x2][0xab][0x1d][0x9e][0x0][0x0][0x0][\r][\n]"
<2017-09-26 13:07:00> DEBUG [org.apache.http.wire] http-outgoing-6 << "0[\r][\n]"
<2017-09-26 13:07:00> DEBUG [org.apache.http.wire] http-outgoing-6 << "[\r][\n]"
<2017-09-26 13:07:00> DEBUG [org.apache.http.headers] http-outgoing-6 << HTTP/1.1 200 OK
<2017-09-26 13:07:00> DEBUG [org.apache.http.headers] http-outgoing-6 << Server: nginx
<2017-09-26 13:07:00> DEBUG [org.apache.http.headers] http-outgoing-6 << Date: Tue, 26 Sep 2017 10:06:57 GMT
<2017-09-26 13:07:00> DEBUG [org.apache.http.headers] http-outgoing-6 << Content-Type: application/json;charset=utf-8
<2017-09-26 13:07:00> DEBUG [org.apache.http.headers] http-outgoing-6 << Transfer-Encoding: chunked
<2017-09-26 13:07:00> DEBUG [org.apache.http.headers] http-outgoing-6 << Connection: keep-alive
<2017-09-26 13:07:00> DEBUG [org.apache.http.headers] http-outgoing-6 << Set-Cookie: JSESSIONID=F6E28E4994D1584E597DBDFCCCB1737E; Path=/nexperience/; HttpOnly
<2017-09-26 13:07:00> DEBUG [org.apache.http.headers] http-outgoing-6 << Expires: Thu, 01 Jan 1970 00:00:00 GMT
<2017-09-26 13:07:00> DEBUG [org.apache.http.headers] http-outgoing-6 << Cache-Control: no-cache
<2017-09-26 13:07:00> DEBUG [org.apache.http.headers] http-outgoing-6 << Cache-Control: no-cache
<2017-09-26 13:07:00> DEBUG [org.apache.http.headers] http-outgoing-6 << Expires: Thu, 01 Jan 1970 00:00:00 GMT
<2017-09-26 13:07:00> DEBUG [org.apache.http.headers] http-outgoing-6 << Set-Cookie: fast_failed=true
<2017-09-26 13:07:00> DEBUG [org.apache.http.headers] http-outgoing-6 << X-XSS-Protection: 2; mode=block
<2017-09-26 13:07:00> DEBUG [org.apache.http.headers] http-outgoing-6 << Content-Encoding: gzip
<2017-09-26 13:07:00> DEBUG [o.a.h.i.execchain.MainClientExec] Connection can be kept alive indefinitely
<2017-09-26 13:07:00> DEBUG [o.a.h.c.p.ResponseProcessCookies] Cookie accepted [JSESSIONID="F6E28E4994D1584E597DBDFCCCB1737E", version:0, domain:branchtest.perfectomobile.com, path:/nexperience/, expiry:null]
<2017-09-26 13:07:00> DEBUG [o.a.h.c.p.ResponseProcessCookies] Cookie accepted [fast_failed="true", version:0, domain:branchtest.perfectomobile.com, path:/nexperience/perfectomobile/wd/hub/session/0bb5ccaf-7de4-4682-9e6c-c5841ee5c6a7/element/11, expiry:null]
<2017-09-26 13:07:00> DEBUG [o.a.h.i.c.PoolingHttpClientConnectionManager] Connection [id: 6][route: {s}->https://branchtest.perfectomobile.com:443] can be kept alive indefinitely
<2017-09-26 13:07:00> DEBUG [o.a.h.i.c.PoolingHttpClientConnectionManager] Connection released: [id: 6][route: {s}->https://branchtest.perfectomobile.com:443][total kept alive: 1; route allocated: 3 of 2000; total allocated: 3 of 2000]
<2017-09-26 13:07:00> DEBUG [o.a.h.c.p.RequestAddCookies] CookieSpec selected: default
<2017-09-26 13:07:00> DEBUG [o.a.h.c.p.RequestAddCookies] Cookie [version: 0][name: JSESSIONID][value: F6E28E4994D1584E597DBDFCCCB1737E][domain: branchtest.perfectomobile.com][path: /nexperience/][expiry: null] match [(secure)branchtest.perfectomobile.com:443/nexperience/perfectomobile/wd/hub/session/0bb5ccaf-7de4-4682-9e6c-c5841ee5c6a7/element]
<2017-09-26 13:07:00> DEBUG [o.a.h.c.p.RequestAddCookies] Cookie [version: 0][name: fast_failed][value: true][domain: branchtest.perfectomobile.com][path: /nexperience/perfectomobile/wd/hub][expiry: null] match [(secure)branchtest.perfectomobile.com:443/nexperience/perfectomobile/wd/hub/session/0bb5ccaf-7de4-4682-9e6c-c5841ee5c6a7/element]
<2017-09-26 13:07:00> DEBUG [o.a.h.c.p.RequestAddCookies] Cookie [version: 0][name: fast_failed][value: true][domain: branchtest.perfectomobile.com][path: /nexperience/perfectomobile/wd/hub/session][expiry: null] match [(secure)branchtest.perfectomobile.com:443/nexperience/perfectomobile/wd/hub/session/0bb5ccaf-7de4-4682-9e6c-c5841ee5c6a7/element]
<2017-09-26 13:07:00> DEBUG [o.a.h.c.p.RequestAddCookies] Cookie [version: 0][name: fast_failed][value: true][domain: branchtest.perfectomobile.com][path: /nexperience/perfectomobile/wd/hub/session/0bb5ccaf-7de4-4682-9e6c-c5841ee5c6a7][expiry: null] match [(secure)branchtest.perfectomobile.com:443/nexperience/perfectomobile/wd/hub/session/0bb5ccaf-7de4-4682-9e6c-c5841ee5c6a7/element]
<2017-09-26 13:07:00> DEBUG [o.a.h.c.p.RequestAuthCache] Auth cache not set in the context
<2017-09-26 13:07:00> DEBUG [o.a.h.i.c.PoolingHttpClientConnectionManager] Connection request: [route: {s}->https://branchtest.perfectomobile.com:443][total kept alive: 1; route allocated: 3 of 2000; total allocated: 3 of 2000]
<2017-09-26 13:07:00> DEBUG [o.a.h.i.c.PoolingHttpClientConnectionManager] Connection leased: [id: 6][route: {s}->https://branchtest.perfectomobile.com:443][total kept alive: 0; route allocated: 3 of 2000; total allocated: 3 of 2000]
<2017-09-26 13:07:00> DEBUG [o.a.h.i.execchain.MainClientExec] Stale connection check
<2017-09-26 13:07:00> DEBUG [org.apache.http.wire] http-outgoing-6 << "[read] I/O error: Read timed out"
<2017-09-26 13:07:00> DEBUG [o.a.h.i.c.DefaultManagedHttpClientConnection] http-outgoing-6: set socket timeout to 10800000
<2017-09-26 13:07:00> DEBUG [o.a.h.i.execchain.MainClientExec] Executing request POST /nexperience/perfectomobile/wd/hub/session/0bb5ccaf-7de4-4682-9e6c-c5841ee5c6a7/element HTTP/1.1
<2017-09-26 13:07:00> DEBUG [o.a.h.i.execchain.MainClientExec] Target auth state: UNCHALLENGED
<2017-09-26 13:07:00> DEBUG [o.a.h.i.execchain.MainClientExec] Proxy auth state: UNCHALLENGED
<2017-09-26 13:07:00> DEBUG [org.apache.http.headers] http-outgoing-6 >> POST /nexperience/perfectomobile/wd/hub/session/0bb5ccaf-7de4-4682-9e6c-c5841ee5c6a7/element HTTP/1.1
<2017-09-26 13:07:00> DEBUG [org.apache.http.headers] http-outgoing-6 >> Content-Type: application/json; charset=utf-8
<2017-09-26 13:07:00> DEBUG [org.apache.http.headers] http-outgoing-6 >> Content-Length: 73
<2017-09-26 13:07:00> DEBUG [org.apache.http.headers] http-outgoing-6 >> Host: branchtest.perfectomobile.com
<2017-09-26 13:07:00> DEBUG [org.apache.http.headers] http-outgoing-6 >> Connection: Keep-Alive
<2017-09-26 13:07:00> DEBUG [org.apache.http.headers] http-outgoing-6 >> User-Agent: Apache-HttpClient/4.5.2 (Java/1.8.0_121)
<2017-09-26 13:07:00> DEBUG [org.apache.http.headers] http-outgoing-6 >> Cookie: JSESSIONID=F6E28E4994D1584E597DBDFCCCB1737E; fast_failed=true; fast_failed=true; fast_failed=true
<2017-09-26 13:07:00> DEBUG [org.apache.http.headers] http-outgoing-6 >> Accept-Encoding: gzip,deflate
<2017-09-26 13:07:00> DEBUG [org.apache.http.wire] http-outgoing-6 >> "POST /nexperience/perfectomobile/wd/hub/session/0bb5ccaf-7de4-4682-9e6c-c5841ee5c6a7/element HTTP/1.1[\r][\n]"
<2017-09-26 13:07:00> DEBUG [org.apache.http.wire] http-outgoing-6 >> "Content-Type: application/json; charset=utf-8[\r][\n]"
<2017-09-26 13:07:00> DEBUG [org.apache.http.wire] http-outgoing-6 >> "Content-Length: 73[\r][\n]"
<2017-09-26 13:07:00> DEBUG [org.apache.http.wire] http-outgoing-6 >> "Host: branchtest.perfectomobile.com[\r][\n]"
<2017-09-26 13:07:00> DEBUG [org.apache.http.wire] http-outgoing-6 >> "Connection: Keep-Alive[\r][\n]"
<2017-09-26 13:07:00> DEBUG [org.apache.http.wire] http-outgoing-6 >> "User-Agent: Apache-HttpClient/4.5.2 (Java/1.8.0_121)[\r][\n]"
<2017-09-26 13:07:00> DEBUG [org.apache.http.wire] http-outgoing-6 >> "Cookie: JSESSIONID=F6E28E4994D1584E597DBDFCCCB1737E; fast_failed=true; fast_failed=true; fast_failed=true[\r][\n]"
<2017-09-26 13:07:00> DEBUG [org.apache.http.wire] http-outgoing-6 >> "Accept-Encoding: gzip,deflate[\r][\n]"
<2017-09-26 13:07:00> DEBUG [org.apache.http.wire] http-outgoing-6 >> "[\r][\n]"
<2017-09-26 13:07:00> DEBUG [org.apache.http.wire] http-outgoing-6 >> "{"using":"xpath","value":"//*[@id=\"register_form\"]/fieldset[11]/input"}"
<2017-09-26 13:07:00> DEBUG [org.apache.http.wire] http-outgoing-8 << "HTTP/1.1 200 OK[\r][\n]"
<2017-09-26 13:07:00> DEBUG [org.apache.http.wire] http-outgoing-8 << "Server: nginx[\r][\n]"
<2017-09-26 13:07:00> DEBUG [org.apache.http.wire] http-outgoing-8 << "Date: Tue, 26 Sep 2017 10:06:57 GMT[\r][\n]"
<2017-09-26 13:07:00> DEBUG [org.apache.http.wire] http-outgoing-8 << "Content-Type: application/json;charset=utf-8[\r][\n]"
<2017-09-26 13:07:00> DEBUG [org.apache.http.wire] http-outgoing-8 << "Transfer-Encoding: chunked[\r][\n]"
<2017-09-26 13:07:00> DEBUG [org.apache.http.wire] http-outgoing-8 << "Connection: keep-alive[\r][\n]"
<2017-09-26 13:07:00> DEBUG [org.apache.http.wire] http-outgoing-8 << "Set-Cookie: JSESSIONID=F6E28E4994D1584E597DBDFCCCB1737E; Path=/nexperience/; HttpOnly[\r][\n]"
<2017-09-26 13:07:00> DEBUG [org.apache.http.wire] http-outgoing-8 << "Expires: Thu, 01 Jan 1970 00:00:00 GMT[\r][\n]"
<2017-09-26 13:07:00> DEBUG [org.apache.http.wire] http-outgoing-8 << "Cache-Control: no-cache[\r][\n]"
<2017-09-26 13:07:00> DEBUG [org.apache.http.wire] http-outgoing-8 << "Cache-Control: no-cache[\r][\n]"
<2017-09-26 13:07:00> DEBUG [org.apache.http.wire] http-outgoing-8 << "Expires: Thu, 01 Jan 1970 00:00:00 GMT[\r][\n]"
<2017-09-26 13:07:00> DEBUG [org.apache.http.wire] http-outgoing-8 << "Set-Cookie: fast_failed=true[\r][\n]"
<2017-09-26 13:07:00> DEBUG [org.apache.http.wire] http-outgoing-8 << "X-XSS-Protection: 2; mode=block[\r][\n]"
<2017-09-26 13:07:00> DEBUG [org.apache.http.wire] http-outgoing-8 << "Content-Encoding: gzip[\r][\n]"
<2017-09-26 13:07:00> DEBUG [org.apache.http.wire] http-outgoing-8 << "[\r][\n]"
<2017-09-26 13:07:00> DEBUG [org.apache.http.wire] http-outgoing-8 << "96[\r][\n]"
<2017-09-26 13:07:00> DEBUG [org.apache.http.wire] http-outgoing-8 << "[0x1f][0x8b][0x8][0x0][0x0][0x0][0x0][0x0][0x0][0x3]-[0xcc]1[0x12][0xc2] [0x10][0x85][0xe1][0xbb]l[0x1d][0x98][0xc0][0x92]LHke[0xeb][\r][0x10]6[0x9a][0x19][0x2]1[0x1b]l[0x1c][0xef][0xee][0x16][0xb6][0xff]|[0xef]}[0x80][0x89]y[0xad][0xe5][0x9a]`[0x6]kq[0xb1]8:[0x15]qD[0xe5][0x16]sW~[0x9][0xa8][0xe2][0xe0][0xd1]O&[0xa1][0x89][0xe]:[0xe0]3[0x9c]$[0x9c][[0x8c][0xb2][0x96][0xf2][0xbc][0xd4]$[0xc5][0xf6][0xde][0xd9]qr8t[0xf0][0xe][0xb9]I*-[0xe7][0xe]b[0xe][0xe2]f[0xa8][0xc7]C[0xd7][0x9d][0xca]+h[0xa6]Lem[0x9b]>h[0xab]'[0xe9][0x1b][0xf1]^[0xb][0xd3][0xff][0xbf][0x9][0xef][0xbf]?D[0xd0][0xa2][0x9b][0x9f][0x0][0x0][0x0][\r][\n]"
<2017-09-26 13:07:00> DEBUG [org.apache.http.wire] http-outgoing-8 << "0[\r][\n]"
<2017-09-26 13:07:00> DEBUG [org.apache.http.wire] http-outgoing-8 << "[\r][\n]"
<2017-09-26 13:07:00> DEBUG [org.apache.http.headers] http-outgoing-8 << HTTP/1.1 200 OK
<2017-09-26 13:07:00> DEBUG [org.apache.http.headers] http-outgoing-8 << Server: nginx
<2017-09-26 13:07:00> DEBUG [org.apache.http.headers] http-outgoing-8 << Date: Tue, 26 Sep 2017 10:06:57 GMT
<2017-09-26 13:07:00> DEBUG [org.apache.http.headers] http-outgoing-8 << Content-Type: application/json;charset=utf-8
<2017-09-26 13:07:00> DEBUG [org.apache.http.headers] http-outgoing-8 << Transfer-Encoding: chunked
<2017-09-26 13:07:00> DEBUG [org.apache.http.headers] http-outgoing-8 << Connection: keep-alive
<2017-09-26 13:07:00> DEBUG [org.apache.http.headers] http-outgoing-8 << Set-Cookie: JSESSIONID=F6E28E4994D1584E597DBDFCCCB1737E; Path=/nexperience/; HttpOnly
<2017-09-26 13:07:00> DEBUG [org.apache.http.headers] http-outgoing-8 << Expires: Thu, 01 Jan 1970 00:00:00 GMT
<2017-09-26 13:07:00> DEBUG [org.apache.http.headers] http-outgoing-8 << Cache-Control: no-cache
<2017-09-26 13:07:00> DEBUG [org.apache.http.headers] http-outgoing-8 << Cache-Control: no-cache
<2017-09-26 13:07:00> DEBUG [org.apache.http.headers] http-outgoing-8 << Expires: Thu, 01 Jan 1970 00:00:00 GMT
<2017-09-26 13:07:00> DEBUG [org.apache.http.headers] http-outgoing-8 << Set-Cookie: fast_failed=true
<2017-09-26 13:07:00> DEBUG [org.apache.http.headers] http-outgoing-8 << X-XSS-Protection: 2; mode=block
<2017-09-26 13:07:00> DEBUG [org.apache.http.headers] http-outgoing-8 << Content-Encoding: gzip
<2017-09-26 13:07:00> DEBUG [o.a.h.i.execchain.MainClientExec] Connection can be kept alive indefinitely
<2017-09-26 13:07:00> DEBUG [o.a.h.c.p.ResponseProcessCookies] Cookie accepted [JSESSIONID="F6E28E4994D1584E597DBDFCCCB1737E", version:0, domain:branchtest.perfectomobile.com, path:/nexperience/, expiry:null]
<2017-09-26 13:07:00> DEBUG [o.a.h.c.p.ResponseProcessCookies] Cookie accepted [fast_failed="true", version:0, domain:branchtest.perfectomobile.com, path:/nexperience/perfectomobile/wd/hub/session/223f2364-c363-4f1b-9fa3-c593981d31c4/element/10, expiry:null]
<2017-09-26 13:07:00> DEBUG [o.a.h.i.c.PoolingHttpClientConnectionManager] Connection [id: 8][route: {s}->https://branchtest.perfectomobile.com:443] can be kept alive indefinitely
<2017-09-26 13:07:00> DEBUG [o.a.h.i.c.PoolingHttpClientConnectionManager] Connection released: [id: 8][route: {s}->https://branchtest.perfectomobile.com:443][total kept alive: 1; route allocated: 3 of 2000; total allocated: 3 of 2000]
<2017-09-26 13:07:00> DEBUG [o.a.h.c.p.RequestAddCookies] CookieSpec selected: default
<2017-09-26 13:07:00> DEBUG [o.a.h.c.p.RequestAddCookies] Cookie [version: 0][name: JSESSIONID][value: F6E28E4994D1584E597DBDFCCCB1737E][domain: branchtest.perfectomobile.com][path: /nexperience/][expiry: null] match [(secure)branchtest.perfectomobile.com:443/nexperience/perfectomobile/wd/hub/session/223f2364-c363-4f1b-9fa3-c593981d31c4/element]
<2017-09-26 13:07:00> DEBUG [o.a.h.c.p.RequestAddCookies] Cookie [version: 0][name: fast_failed][value: true][domain: branchtest.perfectomobile.com][path: /nexperience/perfectomobile/wd/hub][expiry: null] match [(secure)branchtest.perfectomobile.com:443/nexperience/perfectomobile/wd/hub/session/223f2364-c363-4f1b-9fa3-c593981d31c4/element]
<2017-09-26 13:07:00> DEBUG [o.a.h.c.p.RequestAddCookies] Cookie [version: 0][name: fast_failed][value: true][domain: branchtest.perfectomobile.com][path: /nexperience/perfectomobile/wd/hub/session][expiry: null] match [(secure)branchtest.perfectomobile.com:443/nexperience/perfectomobile/wd/hub/session/223f2364-c363-4f1b-9fa3-c593981d31c4/element]
<2017-09-26 13:07:00> DEBUG [o.a.h.c.p.RequestAddCookies] Cookie [version: 0][name: fast_failed][value: true][domain: branchtest.perfectomobile.com][path: /nexperience/perfectomobile/wd/hub/session/223f2364-c363-4f1b-9fa3-c593981d31c4][expiry: null] match [(secure)branchtest.perfectomobile.com:443/nexperience/perfectomobile/wd/hub/session/223f2364-c363-4f1b-9fa3-c593981d31c4/element]
<2017-09-26 13:07:00> DEBUG [o.a.h.c.p.RequestAuthCache] Auth cache not set in the context
<2017-09-26 13:07:00> DEBUG [o.a.h.i.c.PoolingHttpClientConnectionManager] Connection request: [route: {s}->https://branchtest.perfectomobile.com:443][total kept alive: 1; route allocated: 3 of 2000; total allocated: 3 of 2000]
<2017-09-26 13:07:00> DEBUG [o.a.h.i.c.PoolingHttpClientConnectionManager] Connection leased: [id: 8][route: {s}->https://branchtest.perfectomobile.com:443][total kept alive: 0; route allocated: 3 of 2000; total allocated: 3 of 2000]
<2017-09-26 13:07:00> DEBUG [o.a.h.i.execchain.MainClientExec] Stale connection check
<2017-09-26 13:07:00> DEBUG [org.apache.http.wire] http-outgoing-8 << "[read] I/O error: Read timed out"
<2017-09-26 13:07:00> DEBUG [o.a.h.i.c.DefaultManagedHttpClientConnection] http-outgoing-8: set socket timeout to 10800000
<2017-09-26 13:07:00> DEBUG [o.a.h.i.execchain.MainClientExec] Executing request POST /nexperience/perfectomobile/wd/hub/session/223f2364-c363-4f1b-9fa3-c593981d31c4/element HTTP/1.1
<2017-09-26 13:07:00> DEBUG [o.a.h.i.execchain.MainClientExec] Target auth state: UNCHALLENGED
<2017-09-26 13:07:00> DEBUG [o.a.h.i.execchain.MainClientExec] Proxy auth state: UNCHALLENGED
<2017-09-26 13:07:00> DEBUG [org.apache.http.headers] http-outgoing-8 >> POST /nexperience/perfectomobile/wd/hub/session/223f2364-c363-4f1b-9fa3-c593981d31c4/element HTTP/1.1
<2017-09-26 13:07:00> DEBUG [org.apache.http.headers] http-outgoing-8 >> Content-Type: application/json; charset=utf-8
<2017-09-26 13:07:00> DEBUG [org.apache.http.headers] http-outgoing-8 >> Content-Length: 72
<2017-09-26 13:07:00> DEBUG [org.apache.http.headers] http-outgoing-8 >> Host: branchtest.perfectomobile.com
<2017-09-26 13:07:00> DEBUG [org.apache.http.headers] http-outgoing-8 >> Connection: Keep-Alive
<2017-09-26 13:07:00> DEBUG [org.apache.http.headers] http-outgoing-8 >> User-Agent: Apache-HttpClient/4.5.2 (Java/1.8.0_121)
<2017-09-26 13:07:00> DEBUG [org.apache.http.headers] http-outgoing-8 >> Cookie: JSESSIONID=F6E28E4994D1584E597DBDFCCCB1737E; fast_failed=true; fast_failed=true; fast_failed=true
<2017-09-26 13:07:00> DEBUG [org.apache.http.headers] http-outgoing-8 >> Accept-Encoding: gzip,deflate
<2017-09-26 13:07:00> DEBUG [org.apache.http.wire] http-outgoing-8 >> "POST /nexperience/perfectomobile/wd/hub/session/223f2364-c363-4f1b-9fa3-c593981d31c4/element HTTP/1.1[\r][\n]"
<2017-09-26 13:07:00> DEBUG [org.apache.http.wire] http-outgoing-8 >> "Content-Type: application/json; charset=utf-8[\r][\n]"
<2017-09-26 13:07:00> DEBUG [org.apache.http.wire] http-outgoing-8 >> "Content-Length: 72[\r][\n]"
<2017-09-26 13:07:00> DEBUG [org.apache.http.wire] http-outgoing-8 >> "Host: branchtest.perfectomobile.com[\r][\n]"
<2017-09-26 13:07:00> DEBUG [org.apache.http.wire] http-outgoing-8 >> "Connection: Keep-Alive[\r][\n]"
<2017-09-26 13:07:00> DEBUG [org.apache.http.wire] http-outgoing-8 >> "User-Agent: Apache-HttpClient/4.5.2 (Java/1.8.0_121)[\r][\n]"
<2017-09-26 13:07:00> DEBUG [org.apache.http.wire] http-outgoing-8 >> "Cookie: JSESSIONID=F6E28E4994D1584E597DBDFCCCB1737E; fast_failed=true; fast_failed=true; fast_failed=true[\r][\n]"
<2017-09-26 13:07:00> DEBUG [org.apache.http.wire] http-outgoing-8 >> "Accept-Encoding: gzip,deflate[\r][\n]"
<2017-09-26 13:07:00> DEBUG [org.apache.http.wire] http-outgoing-8 >> "[\r][\n]"
<2017-09-26 13:07:00> DEBUG [org.apache.http.wire] http-outgoing-8 >> "{"using":"xpath","value":"//*[@id=\"register_form\"]/fieldset[8]/input"}"
<2017-09-26 13:07:00> DEBUG [org.apache.http.wire] http-outgoing-5 << "HTTP/1.1 200 OK[\r][\n]"
<2017-09-26 13:07:00> DEBUG [org.apache.http.wire] http-outgoing-5 << "Server: nginx[\r][\n]"
<2017-09-26 13:07:00> DEBUG [org.apache.http.wire] http-outgoing-5 << "Date: Tue, 26 Sep 2017 10:06:57 GMT[\r][\n]"
<2017-09-26 13:07:00> DEBUG [org.apache.http.wire] http-outgoing-5 << "Content-Type: application/json;charset=utf-8[\r][\n]"
<2017-09-26 13:07:00> DEBUG [org.apache.http.wire] http-outgoing-5 << "Transfer-Encoding: chunked[\r][\n]"
<2017-09-26 13:07:00> DEBUG [org.apache.http.wire] http-outgoing-5 << "Connection: keep-alive[\r][\n]"
<2017-09-26 13:07:00> DEBUG [org.apache.http.wire] http-outgoing-5 << "Set-Cookie: JSESSIONID=F6E28E4994D1584E597DBDFCCCB1737E; Path=/nexperience/; HttpOnly[\r][\n]"
<2017-09-26 13:07:00> DEBUG [org.apache.http.wire] http-outgoing-5 << "Expires: Thu, 01 Jan 1970 00:00:00 GMT[\r][\n]"
<2017-09-26 13:07:00> DEBUG [org.apache.http.wire] http-outgoing-5 << "Cache-Control: no-cache[\r][\n]"
<2017-09-26 13:07:00> DEBUG [org.apache.http.wire] http-outgoing-5 << "Cache-Control: no-cache[\r][\n]"
<2017-09-26 13:07:00> DEBUG [org.apache.http.wire] http-outgoing-5 << "Expires: Thu, 01 Jan 1970 00:00:00 GMT[\r][\n]"
<2017-09-26 13:07:00> DEBUG [org.apache.http.wire] http-outgoing-5 << "Set-Cookie: fast_failed=true[\r][\n]"
<2017-09-26 13:07:00> DEBUG [org.apache.http.wire] http-outgoing-5 << "X-XSS-Protection: 2; mode=block[\r][\n]"
<2017-09-26 13:07:00> DEBUG [org.apache.http.wire] http-outgoing-5 << "Content-Encoding: gzip[\r][\n]"
<2017-09-26 13:07:00> DEBUG [org.apache.http.wire] http-outgoing-5 << "[\r][\n]"
<2017-09-26 13:07:00> DEBUG [org.apache.http.wire] http-outgoing-5 << "a1[\r][\n]"
<2017-09-26 13:07:00> DEBUG [org.apache.http.wire] http-outgoing-5 << "[0x1f][0x8b][0x8][0x0][0x0][0x0][0x0][0x0][0x0][0x3]-[0x8d]A[0xe][0x82]0[0x10]E[0xef]2khZ[0x1]+l[\r][0xb][0x13]ua[0xbc][0xc0][0xd0][0xe]J[0x2]-2[0xd4][\r][0xe1][0xee][0xce][0xc2][0xe5]]]>&#x7f;<![CDATA[y/]]>&#x7f;<![CDATA[[0x3]&[0xe6]![0x86][0x8b][0x87][0x6][0x1c]v[0xce]hc[0xf3][0xfa]@:/[0xa9]s[0xf9][0xc9][0xcb][0xec][0xfb][0xde][0xa3]q[0xa5])[0xf0][0x8][0x19][0xf0][0x8a]+[0x89][0xce][0xc9]9[0xa9][0x85][0xbc][0xcf][0xd1][0xb]1EY[0xd9][0xc2][0xea][0xba][0xca][0xe0][0x8b]c[0x12][0xb4]A{mo[0xed][0xfd])[0xbe][0x85]=[0x3]7[0xa2]$[\r][0xc4][0xe5][0xa5][0xe2]L[0xe1][0x83][0x8a]i[0xa4]0[0xa4]I-4[0xc5][0x95][0xd4][0x83]x[0x8e][0x81][0xe9]]]>&#x7f;<![CDATA[[0x95]D[0xd7][0xfb][0xf][0x8e][0xc5][0xb4][0xee][0xaa][0x0][0x0][0x0][\r][\n]"
<2017-09-26 13:07:00> DEBUG [org.apache.http.wire] http-outgoing-5 << "0[\r][\n]"
<2017-09-26 13:07:00> DEBUG [org.apache.http.wire] http-outgoing-5 << "[\r][\n]"
<2017-09-26 13:07:00> DEBUG [org.apache.http.headers] http-outgoing-5 << HTTP/1.1 200 OK
<2017-09-26 13:07:00> DEBUG [org.apache.http.headers] http-outgoing-5 << Server: nginx
<2017-09-26 13:07:00> DEBUG [org.apache.http.headers] http-outgoing-5 << Date: Tue, 26 Sep 2017 10:06:57 GMT
<2017-09-26 13:07:00> DEBUG [org.apache.http.headers] http-outgoing-5 << Content-Type: application/json;charset=utf-8
<2017-09-26 13:07:00> DEBUG [org.apache.http.headers] http-outgoing-5 << Transfer-Encoding: chunked
<2017-09-26 13:07:00> DEBUG [org.apache.http.headers] http-outgoing-5 << Connection: keep-alive
<2017-09-26 13:07:00> DEBUG [org.apache.http.headers] http-outgoing-5 << Set-Cookie: JSESSIONID=F6E28E4994D1584E597DBDFCCCB1737E; Path=/nexperience/; HttpOnly
<2017-09-26 13:07:00> DEBUG [org.apache.http.headers] http-outgoing-5 << Expires: Thu, 01 Jan 1970 00:00:00 GMT
<2017-09-26 13:07:00> DEBUG [org.apache.http.headers] http-outgoing-5 << Cache-Control: no-cache
<2017-09-26 13:07:00> DEBUG [org.apache.http.headers] http-outgoing-5 << Cache-Control: no-cache
<2017-09-26 13:07:00> DEBUG [org.apache.http.headers] http-outgoing-5 << Expires: Thu, 01 Jan 1970 00:00:00 GMT
<2017-09-26 13:07:00> DEBUG [org.apache.http.headers] http-outgoing-5 << Set-Cookie: fast_failed=true
<2017-09-26 13:07:00> DEBUG [org.apache.http.headers] http-outgoing-5 << X-XSS-Protection: 2; mode=block
<2017-09-26 13:07:00> DEBUG [org.apache.http.headers] http-outgoing-5 << Content-Encoding: gzip
<2017-09-26 13:07:00> DEBUG [o.a.h.i.execchain.MainClientExec] Connection can be kept alive indefinitely
<2017-09-26 13:07:00> DEBUG [o.a.h.c.p.ResponseProcessCookies] Cookie accepted [JSESSIONID="F6E28E4994D1584E597DBDFCCCB1737E", version:0, domain:branchtest.perfectomobile.com, path:/nexperience/, expiry:null]
<2017-09-26 13:07:00> DEBUG [o.a.h.c.p.ResponseProcessCookies] Cookie accepted [fast_failed="true", version:0, domain:branchtest.perfectomobile.com, path:/nexperience/perfectomobile/wd/hub/session/cabc1017-92e0-4ebc-8d17-fffda1c413a6, expiry:null]
<2017-09-26 13:07:00> DEBUG [o.a.h.i.c.PoolingHttpClientConnectionManager] Connection [id: 5][route: {s}->https://branchtest.perfectomobile.com:443] can be kept alive indefinitely
<2017-09-26 13:07:00> DEBUG [o.a.h.i.c.PoolingHttpClientConnectionManager] Connection released: [id: 5][route: {s}->https://branchtest.perfectomobile.com:443][total kept alive: 1; route allocated: 3 of 2000; total allocated: 3 of 2000]
<2017-09-26 13:07:00> DEBUG [o.a.h.c.p.RequestAddCookies] CookieSpec selected: default
<2017-09-26 13:07:00> DEBUG [o.a.h.c.p.RequestAddCookies] Cookie [version: 0][name: JSESSIONID][value: F6E28E4994D1584E597DBDFCCCB1737E][domain: branchtest.perfectomobile.com][path: /nexperience/][expiry: null] match [(secure)branchtest.perfectomobile.com:443/nexperience/perfectomobile/wd/hub/session/cabc1017-92e0-4ebc-8d17-fffda1c413a6/element/7/click]
<2017-09-26 13:07:00> DEBUG [o.a.h.c.p.RequestAddCookies] Cookie [version: 0][name: fast_failed][value: true][domain: branchtest.perfectomobile.com][path: /nexperience/perfectomobile/wd/hub][expiry: null] match [(secure)branchtest.perfectomobile.com:443/nexperience/perfectomobile/wd/hub/session/cabc1017-92e0-4ebc-8d17-fffda1c413a6/element/7/click]
<2017-09-26 13:07:00> DEBUG [o.a.h.c.p.RequestAddCookies] Cookie [version: 0][name: fast_failed][value: true][domain: branchtest.perfectomobile.com][path: /nexperience/perfectomobile/wd/hub/session][expiry: null] match [(secure)branchtest.perfectomobile.com:443/nexperience/perfectomobile/wd/hub/session/cabc1017-92e0-4ebc-8d17-fffda1c413a6/element/7/click]
<2017-09-26 13:07:00> DEBUG [o.a.h.c.p.RequestAddCookies] Cookie [version: 0][name: fast_failed][value: true][domain: branchtest.perfectomobile.com][path: /nexperience/perfectomobile/wd/hub/session/cabc1017-92e0-4ebc-8d17-fffda1c413a6][expiry: null] match [(secure)branchtest.perfectomobile.com:443/nexperience/perfectomobile/wd/hub/session/cabc1017-92e0-4ebc-8d17-fffda1c413a6/element/7/click]
<2017-09-26 13:07:00> DEBUG [o.a.h.c.p.RequestAuthCache] Auth cache not set in the context
<2017-09-26 13:07:00> DEBUG [o.a.h.i.c.PoolingHttpClientConnectionManager] Connection request: [route: {s}->https://branchtest.perfectomobile.com:443][total kept alive: 1; route allocated: 3 of 2000; total allocated: 3 of 2000]
<2017-09-26 13:07:00> DEBUG [o.a.h.i.c.PoolingHttpClientConnectionManager] Connection leased: [id: 5][route: {s}->https://branchtest.perfectomobile.com:443][total kept alive: 0; route allocated: 3 of 2000; total allocated: 3 of 2000]
<2017-09-26 13:07:00> DEBUG [o.a.h.i.execchain.MainClientExec] Stale connection check
<2017-09-26 13:07:00> DEBUG [org.apache.http.wire] http-outgoing-5 << "[read] I/O error: Read timed out"
<2017-09-26 13:07:00> DEBUG [o.a.h.i.c.DefaultManagedHttpClientConnection] http-outgoing-5: set socket timeout to 10800000
<2017-09-26 13:07:00> DEBUG [o.a.h.i.execchain.MainClientExec] Executing request POST /nexperience/perfectomobile/wd/hub/session/cabc1017-92e0-4ebc-8d17-fffda1c413a6/element/7/click HTTP/1.1
<2017-09-26 13:07:00> DEBUG [o.a.h.i.execchain.MainClientExec] Target auth state: UNCHALLENGED
<2017-09-26 13:07:00> DEBUG [o.a.h.i.execchain.MainClientExec] Proxy auth state: UNCHALLENGED
<2017-09-26 13:07:00> DEBUG [org.apache.http.headers] http-outgoing-5 >> POST /nexperience/perfectomobile/wd/hub/session/cabc1017-92e0-4ebc-8d17-fffda1c413a6/element/7/click HTTP/1.1
<2017-09-26 13:07:00> DEBUG [org.apache.http.headers] http-outgoing-5 >> Content-Type: application/json; charset=utf-8
<2017-09-26 13:07:00> DEBUG [org.apache.http.headers] http-outgoing-5 >> Content-Length: 10
<2017-09-26 13:07:00> DEBUG [org.apache.http.headers] http-outgoing-5 >> Host: branchtest.perfectomobile.com
<2017-09-26 13:07:00> DEBUG [org.apache.http.headers] http-outgoing-5 >> Connection: Keep-Alive
<2017-09-26 13:07:00> DEBUG [org.apache.http.headers] http-outgoing-5 >> User-Agent: Apache-HttpClient/4.5.2 (Java/1.8.0_121)
<2017-09-26 13:07:00> DEBUG [org.apache.http.headers] http-outgoing-5 >> Cookie: JSESSIONID=F6E28E4994D1584E597DBDFCCCB1737E; fast_failed=true; fast_failed=true; fast_failed=true
<2017-09-26 13:07:00> DEBUG [org.apache.http.headers] http-outgoing-5 >> Accept-Encoding: gzip,deflate
<2017-09-26 13:07:00> DEBUG [org.apache.http.wire] http-outgoing-5 >> "POST /nexperience/perfectomobile/wd/hub/session/cabc1017-92e0-4ebc-8d17-fffda1c413a6/element/7/click HTTP/1.1[\r][\n]"
<2017-09-26 13:07:00> DEBUG [org.apache.http.wire] http-outgoing-5 >> "Content-Type: application/json; charset=utf-8[\r][\n]"
<2017-09-26 13:07:00> DEBUG [org.apache.http.wire] http-outgoing-5 >> "Content-Length: 10[\r][\n]"
<2017-09-26 13:07:00> DEBUG [org.apache.http.wire] http-outgoing-5 >> "Host: branchtest.perfectomobile.com[\r][\n]"
<2017-09-26 13:07:00> DEBUG [org.apache.http.wire] http-outgoing-5 >> "Connection: Keep-Alive[\r][\n]"
<2017-09-26 13:07:00> DEBUG [org.apache.http.wire] http-outgoing-5 >> "User-Agent: Apache-HttpClient/4.5.2 (Java/1.8.0_121)[\r][\n]"
<2017-09-26 13:07:00> DEBUG [org.apache.http.wire] http-outgoing-5 >> "Cookie: JSESSIONID=F6E28E4994D1584E597DBDFCCCB1737E; fast_failed=true; fast_failed=true; fast_failed=true[\r][\n]"
<2017-09-26 13:07:00> DEBUG [org.apache.http.wire] http-outgoing-5 >> "Accept-Encoding: gzip,deflate[\r][\n]"
<2017-09-26 13:07:00> DEBUG [org.apache.http.wire] http-outgoing-5 >> "[\r][\n]"
<2017-09-26 13:07:00> DEBUG [org.apache.http.wire] http-outgoing-5 >> "{"id":"7"}"
<2017-09-26 13:07:01> DEBUG [org.apache.http.wire] http-outgoing-6 << "HTTP/1.1 200 OK[\r][\n]"
<2017-09-26 13:07:01> DEBUG [org.apache.http.wire] http-outgoing-6 << "Server: nginx[\r][\n]"
<2017-09-26 13:07:01> DEBUG [org.apache.http.wire] http-outgoing-6 << "Date: Tue, 26 Sep 2017 10:06:57 GMT[\r][\n]"
<2017-09-26 13:07:01> DEBUG [org.apache.http.wire] http-outgoing-6 << "Content-Type: application/json;charset=utf-8[\r][\n]"
<2017-09-26 13:07:01> DEBUG [org.apache.http.wire] http-outgoing-6 << "Transfer-Encoding: chunked[\r][\n]"
<2017-09-26 13:07:01> DEBUG [org.apache.http.wire] http-outgoing-6 << "Connection: keep-alive[\r][\n]"
<2017-09-26 13:07:01> DEBUG [org.apache.http.wire] http-outgoing-6 << "Set-Cookie: JSESSIONID=F6E28E4994D1584E597DBDFCCCB1737E; Path=/nexperience/; HttpOnly[\r][\n]"
<2017-09-26 13:07:01> DEBUG [org.apache.http.wire] http-outgoing-6 << "Expires: Thu, 01 Jan 1970 00:00:00 GMT[\r][\n]"
<2017-09-26 13:07:01> DEBUG [org.apache.http.wire] http-outgoing-6 << "Cache-Control: no-cache[\r][\n]"
<2017-09-26 13:07:01> DEBUG [org.apache.http.wire] http-outgoing-6 << "Cache-Control: no-cache[\r][\n]"
<2017-09-26 13:07:01> DEBUG [org.apache.http.wire] http-outgoing-6 << "Expires: Thu, 01 Jan 1970 00:00:00 GMT[\r][\n]"
<2017-09-26 13:07:01> DEBUG [org.apache.http.wire] http-outgoing-6 << "Set-Cookie: fast_failed=true[\r][\n]"
<2017-09-26 13:07:01> DEBUG [org.apache.http.wire] http-outgoing-6 << "X-XSS-Protection: 2; mode=block[\r][\n]"
<2017-09-26 13:07:01> DEBUG [org.apache.http.wire] http-outgoing-6 << "Content-Encoding: gzip[\r][\n]"
<2017-09-26 13:07:01> DEBUG [org.apache.http.wire] http-outgoing-6 << "[\r][\n]"
<2017-09-26 13:07:01> DEBUG [org.apache.http.wire] http-outgoing-6 << "a1[\r][\n]"
<2017-09-26 13:07:01> DEBUG [org.apache.http.wire] http-outgoing-6 << "[0x1f][0x8b][0x8][0x0][0x0][0x0][0x0][0x0][0x0][0x3]-[0x8d]A[0xe][0x82]0[0x10][0x0][0xff][0xb2]g[0xda][0x14][0xa4][0x5][0xb9][0x1a][0xe]&[0xea][0xc1][0xf8][0x81][0xb2][0xac]J[0x2]-[0xb2][0xd4][0xb][0xe1][0xef][0xee][0xc1][0xeb]d&[0xb3][0x1][0x13][0xf3][0x10][0xc3][0xb9][0x87][0x6]L[0xd7]YD[0xff]TUO[0xa5]*]][0xa8]#9Th[0xeb]2'[0xb2][0xe8]|[0x5][0x19][0xf0][0xea]W[0x12][0x9d][0x13][0xa2][0xd4]B[0xde][0xa7][0xd8][0xb][0xc9][0xad][0xb1][0x7]g[0x8c]3[0x19]|[0xfd][0x98][0x4]m[0xd0]^[0xda]k{{[0x88][0x9f][0x17][0xb0]g[0x80][0xa3][0x97][0xa6][0x81][0xb8][0xbc]t[0x9c])|[0xbc]f[0x1a])[0xc]i[0xd2][0xb]Mq%}'[0x9e]c`[0xfa][0xbf][0x92][0xe8]f[0xff][0x1][0xba][0xca]v*[0xab][0x0][0x0][0x0][\r][\n]"
<2017-09-26 13:07:01> DEBUG [org.apache.http.wire] http-outgoing-6 << "0[\r][\n]"
<2017-09-26 13:07:01> DEBUG [org.apache.http.wire] http-outgoing-6 << "[\r][\n]"
<2017-09-26 13:07:01> DEBUG [org.apache.http.headers] http-outgoing-6 << HTTP/1.1 200 OK
<2017-09-26 13:07:01> DEBUG [org.apache.http.headers] http-outgoing-6 << Server: nginx
<2017-09-26 13:07:01> DEBUG [org.apache.http.headers] http-outgoing-6 << Date: Tue, 26 Sep 2017 10:06:57 GMT
<2017-09-26 13:07:01> DEBUG [org.apache.http.headers] http-outgoing-6 << Content-Type: application/json;charset=utf-8
<2017-09-26 13:07:01> DEBUG [org.apache.http.headers] http-outgoing-6 << Transfer-Encoding: chunked
<2017-09-26 13:07:01> DEBUG [org.apache.http.headers] http-outgoing-6 << Connection: keep-alive
<2017-09-26 13:07:01> DEBUG [org.apache.http.headers] http-outgoing-6 << Set-Cookie: JSESSIONID=F6E28E4994D1584E597DBDFCCCB1737E; Path=/nexperience/; HttpOnly
<2017-09-26 13:07:01> DEBUG [org.apache.http.headers] http-outgoing-6 << Expires: Thu, 01 Jan 1970 00:00:00 GMT
<2017-09-26 13:07:01> DEBUG [org.apache.http.headers] http-outgoing-6 << Cache-Control: no-cache
<2017-09-26 13:07:01> DEBUG [org.apache.http.headers] http-outgoing-6 << Cache-Control: no-cache
<2017-09-26 13:07:01> DEBUG [org.apache.http.headers] http-outgoing-6 << Expires: Thu, 01 Jan 1970 00:00:00 GMT
<2017-09-26 13:07:01> DEBUG [org.apache.http.headers] http-outgoing-6 << Set-Cookie: fast_failed=true
<2017-09-26 13:07:01> DEBUG [org.apache.http.headers] http-outgoing-6 << X-XSS-Protection: 2; mode=block
<2017-09-26 13:07:01> DEBUG [org.apache.http.headers] http-outgoing-6 << Content-Encoding: gzip
<2017-09-26 13:07:01> DEBUG [o.a.h.i.execchain.MainClientExec] Connection can be kept alive indefinitely
<2017-09-26 13:07:01> DEBUG [o.a.h.c.p.ResponseProcessCookies] Cookie accepted [JSESSIONID="F6E28E4994D1584E597DBDFCCCB1737E", version:0, domain:branchtest.perfectomobile.com, path:/nexperience/, expiry:null]
<2017-09-26 13:07:01> DEBUG [o.a.h.c.p.ResponseProcessCookies] Cookie accepted [fast_failed="true", version:0, domain:branchtest.perfectomobile.com, path:/nexperience/perfectomobile/wd/hub/session/0bb5ccaf-7de4-4682-9e6c-c5841ee5c6a7, expiry:null]
<2017-09-26 13:07:01> DEBUG [o.a.h.i.c.PoolingHttpClientConnectionManager] Connection [id: 6][route: {s}->https://branchtest.perfectomobile.com:443] can be kept alive indefinitely
<2017-09-26 13:07:01> DEBUG [o.a.h.i.c.PoolingHttpClientConnectionManager] Connection released: [id: 6][route: {s}->https://branchtest.perfectomobile.com:443][total kept alive: 1; route allocated: 3 of 2000; total allocated: 3 of 2000]
<2017-09-26 13:07:01> DEBUG [o.a.h.c.p.RequestAddCookies] CookieSpec selected: default
<2017-09-26 13:07:01> DEBUG [o.a.h.c.p.RequestAddCookies] Cookie [version: 0][name: JSESSIONID][value: F6E28E4994D1584E597DBDFCCCB1737E][domain: branchtest.perfectomobile.com][path: /nexperience/][expiry: null] match [(secure)branchtest.perfectomobile.com:443/nexperience/perfectomobile/wd/hub/session/0bb5ccaf-7de4-4682-9e6c-c5841ee5c6a7/element/12/value]
<2017-09-26 13:07:01> DEBUG [o.a.h.c.p.RequestAddCookies] Cookie [version: 0][name: fast_failed][value: true][domain: branchtest.perfectomobile.com][path: /nexperience/perfectomobile/wd/hub][expiry: null] match [(secure)branchtest.perfectomobile.com:443/nexperience/perfectomobile/wd/hub/session/0bb5ccaf-7de4-4682-9e6c-c5841ee5c6a7/element/12/value]
<2017-09-26 13:07:01> DEBUG [o.a.h.c.p.RequestAddCookies] Cookie [version: 0][name: fast_failed][value: true][domain: branchtest.perfectomobile.com][path: /nexperience/perfectomobile/wd/hub/session][expiry: null] match [(secure)branchtest.perfectomobile.com:443/nexperience/perfectomobile/wd/hub/session/0bb5ccaf-7de4-4682-9e6c-c5841ee5c6a7/element/12/value]
<2017-09-26 13:07:01> DEBUG [o.a.h.c.p.RequestAddCookies] Cookie [version: 0][name: fast_failed][value: true][domain: branchtest.perfectomobile.com][path: /nexperience/perfectomobile/wd/hub/session/0bb5ccaf-7de4-4682-9e6c-c5841ee5c6a7][expiry: null] match [(secure)branchtest.perfectomobile.com:443/nexperience/perfectomobile/wd/hub/session/0bb5ccaf-7de4-4682-9e6c-c5841ee5c6a7/element/12/value]
<2017-09-26 13:07:01> DEBUG [o.a.h.c.p.RequestAuthCache] Auth cache not set in the context
<2017-09-26 13:07:01> DEBUG [o.a.h.i.c.PoolingHttpClientConnectionManager] Connection request: [route: {s}->https://branchtest.perfectomobile.com:443][total kept alive: 1; route allocated: 3 of 2000; total allocated: 3 of 2000]
<2017-09-26 13:07:01> DEBUG [o.a.h.i.c.PoolingHttpClientConnectionManager] Connection leased: [id: 6][route: {s}->https://branchtest.perfectomobile.com:443][total kept alive: 0; route allocated: 3 of 2000; total allocated: 3 of 2000]
<2017-09-26 13:07:01> DEBUG [o.a.h.i.execchain.MainClientExec] Stale connection check
<2017-09-26 13:07:01> DEBUG [org.apache.http.wire] http-outgoing-6 << "[read] I/O error: Read timed out"
<2017-09-26 13:07:01> DEBUG [o.a.h.i.c.DefaultManagedHttpClientConnection] http-outgoing-6: set socket timeout to 10800000
<2017-09-26 13:07:01> DEBUG [o.a.h.i.execchain.MainClientExec] Executing request POST /nexperience/perfectomobile/wd/hub/session/0bb5ccaf-7de4-4682-9e6c-c5841ee5c6a7/element/12/value HTTP/1.1
<2017-09-26 13:07:01> DEBUG [o.a.h.i.execchain.MainClientExec] Target auth state: UNCHALLENGED
<2017-09-26 13:07:01> DEBUG [o.a.h.i.execchain.MainClientExec] Proxy auth state: UNCHALLENGED
<2017-09-26 13:07:01> DEBUG [org.apache.http.headers] http-outgoing-6 >> POST /nexperience/perfectomobile/wd/hub/session/0bb5ccaf-7de4-4682-9e6c-c5841ee5c6a7/element/12/value HTTP/1.1
<2017-09-26 13:07:01> DEBUG [org.apache.http.headers] http-outgoing-6 >> Content-Type: application/json; charset=utf-8
<2017-09-26 13:07:01> DEBUG [org.apache.http.headers] http-outgoing-6 >> Content-Length: 32
<2017-09-26 13:07:01> DEBUG [org.apache.http.headers] http-outgoing-6 >> Host: branchtest.perfectomobile.com
<2017-09-26 13:07:01> DEBUG [org.apache.http.headers] http-outgoing-6 >> Connection: Keep-Alive
<2017-09-26 13:07:01> DEBUG [org.apache.http.headers] http-outgoing-6 >> User-Agent: Apache-HttpClient/4.5.2 (Java/1.8.0_121)
<2017-09-26 13:07:01> DEBUG [org.apache.http.headers] http-outgoing-6 >> Cookie: JSESSIONID=F6E28E4994D1584E597DBDFCCCB1737E; fast_failed=true; fast_failed=true; fast_failed=true
<2017-09-26 13:07:01> DEBUG [org.apache.http.headers] http-outgoing-6 >> Accept-Encoding: gzip,deflate
<2017-09-26 13:07:01> DEBUG [org.apache.http.wire] http-outgoing-6 >> "POST /nexperience/perfectomobile/wd/hub/session/0bb5ccaf-7de4-4682-9e6c-c5841ee5c6a7/element/12/value HTTP/1.1[\r][\n]"
<2017-09-26 13:07:01> DEBUG [org.apache.http.wire] http-outgoing-6 >> "Content-Type: application/json; charset=utf-8[\r][\n]"
<2017-09-26 13:07:01> DEBUG [org.apache.http.wire] http-outgoing-6 >> "Content-Length: 32[\r][\n]"
<2017-09-26 13:07:01> DEBUG [org.apache.http.wire] http-outgoing-6 >> "Host: branchtest.perfectomobile.com[\r][\n]"
<2017-09-26 13:07:01> DEBUG [org.apache.http.wire] http-outgoing-6 >> "Connection: Keep-Alive[\r][\n]"
<2017-09-26 13:07:01> DEBUG [org.apache.http.wire] http-outgoing-6 >> "User-Agent: Apache-HttpClient/4.5.2 (Java/1.8.0_121)[\r][\n]"
<2017-09-26 13:07:01> DEBUG [org.apache.http.wire] http-outgoing-6 >> "Cookie: JSESSIONID=F6E28E4994D1584E597DBDFCCCB1737E; fast_failed=true; fast_failed=true; fast_failed=true[\r][\n]"
<2017-09-26 13:07:01> DEBUG [org.apache.http.wire] http-outgoing-6 >> "Accept-Encoding: gzip,deflate[\r][\n]"
<2017-09-26 13:07:01> DEBUG [org.apache.http.wire] http-outgoing-6 >> "[\r][\n]"
<2017-09-26 13:07:01> DEBUG [org.apache.http.wire] http-outgoing-6 >> "{"id":"12","value":["Password"]}"
<2017-09-26 13:07:01> DEBUG [org.apache.http.wire] http-outgoing-8 << "HTTP/1.1 200 OK[\r][\n]"
<2017-09-26 13:07:01> DEBUG [org.apache.http.wire] http-outgoing-8 << "Server: nginx[\r][\n]"
<2017-09-26 13:07:01> DEBUG [org.apache.http.wire] http-outgoing-8 << "Date: Tue, 26 Sep 2017 10:06:57 GMT[\r][\n]"
<2017-09-26 13:07:01> DEBUG [org.apache.http.wire] http-outgoing-8 << "Content-Type: application/json;charset=utf-8[\r][\n]"
<2017-09-26 13:07:01> DEBUG [org.apache.http.wire] http-outgoing-8 << "Transfer-Encoding: chunked[\r][\n]"
<2017-09-26 13:07:01> DEBUG [org.apache.http.wire] http-outgoing-8 << "Connection: keep-alive[\r][\n]"
<2017-09-26 13:07:01> DEBUG [org.apache.http.wire] http-outgoing-8 << "Set-Cookie: JSESSIONID=F6E28E4994D1584E597DBDFCCCB1737E; Path=/nexperience/; HttpOnly[\r][\n]"
<2017-09-26 13:07:01> DEBUG [org.apache.http.wire] http-outgoing-8 << "Expires: Thu, 01 Jan 1970 00:00:00 GMT[\r][\n]"
<2017-09-26 13:07:01> DEBUG [org.apache.http.wire] http-outgoing-8 << "Cache-Control: no-cache[\r][\n]"
<2017-09-26 13:07:01> DEBUG [org.apache.http.wire] http-outgoing-8 << "Cache-Control: no-cache[\r][\n]"
<2017-09-26 13:07:01> DEBUG [org.apache.http.wire] http-outgoing-8 << "Expires: Thu, 01 Jan 1970 00:00:00 GMT[\r][\n]"
<2017-09-26 13:07:01> DEBUG [org.apache.http.wire] http-outgoing-8 << "Set-Cookie: fast_failed=true[\r][\n]"
<2017-09-26 13:07:01> DEBUG [org.apache.http.wire] http-outgoing-8 << "X-XSS-Protection: 2; mode=block[\r][\n]"
<2017-09-26 13:07:01> DEBUG [org.apache.http.wire] http-outgoing-8 << "Content-Encoding: gzip[\r][\n]"
<2017-09-26 13:07:01> DEBUG [org.apache.http.wire] http-outgoing-8 << "[\r][\n]"
<2017-09-26 13:07:01> DEBUG [org.apache.http.wire] http-outgoing-8 << "a1[\r][\n]"
<2017-09-26 13:07:01> DEBUG [org.apache.http.wire] http-outgoing-8 << "[0x1f][0x8b][0x8][0x0][0x0][0x0][0x0][0x0][0x0][0x3]-[0x8d]A[0xe][0x82]0[0x10][0x0][0xff][0xb2]g[0xda]P[0x16][0x8][0xe5]j8[0x98][0xa8][0x7][0xe3][0x7]jY[0x94][0x4]Zd[0xa9][0x17][0xc2][0xdf][0xdd][0x83][0xd7][0xc9]Lf[0x7]&[0xe6]1[0x86]s[0xf]-[0x14][0x5][0xe][0x5][0xd6][0xa5][0xf2]X[0xa3]*[0x7][0xf3]Tvp[0xa8]|e[0xd1]6[0xa6]G[0xe3]K[0xc8][0x80]7[0xb7][0x91][0xe8][0x9c][0xbc][0x97]Z[0xc8][0xfb][0x14]{!U[0xd5]X[0x9b]#6[0x19]|[0xdd][0x94][0x84][0xec][0xd0]][0xba]kw{[0x88]n[0xc][0x1c][0x19][0xf8][0xc9]I[0xd2]B\_:.[0x14]>N3M[0x14][0xc6]4[0xeb][0x95][0xe6][0xb8][0x91][0xbe][0x13]/10[0xfd]WI[0xf4][0xfc][0xf8][0x1][0x15][0xd3][0x7][0xa5][0xaa][0x0][0x0][0x0][\r][\n]"
<2017-09-26 13:07:01> DEBUG [org.apache.http.wire] http-outgoing-8 << "0[\r][\n]"
<2017-09-26 13:07:01> DEBUG [org.apache.http.wire] http-outgoing-8 << "[\r][\n]"
<2017-09-26 13:07:01> DEBUG [org.apache.http.headers] http-outgoing-8 << HTTP/1.1 200 OK
<2017-09-26 13:07:01> DEBUG [org.apache.http.headers] http-outgoing-8 << Server: nginx
<2017-09-26 13:07:01> DEBUG [org.apache.http.headers] http-outgoing-8 << Date: Tue, 26 Sep 2017 10:06:57 GMT
<2017-09-26 13:07:01> DEBUG [org.apache.http.headers] http-outgoing-8 << Content-Type: application/json;charset=utf-8
<2017-09-26 13:07:01> DEBUG [org.apache.http.headers] http-outgoing-8 << Transfer-Encoding: chunked
<2017-09-26 13:07:01> DEBUG [org.apache.http.headers] http-outgoing-8 << Connection: keep-alive
<2017-09-26 13:07:01> DEBUG [org.apache.http.headers] http-outgoing-8 << Set-Cookie: JSESSIONID=F6E28E4994D1584E597DBDFCCCB1737E; Path=/nexperience/; HttpOnly
<2017-09-26 13:07:01> DEBUG [org.apache.http.headers] http-outgoing-8 << Expires: Thu, 01 Jan 1970 00:00:00 GMT
<2017-09-26 13:07:01> DEBUG [org.apache.http.headers] http-outgoing-8 << Cache-Control: no-cache
<2017-09-26 13:07:01> DEBUG [org.apache.http.headers] http-outgoing-8 << Cache-Control: no-cache
<2017-09-26 13:07:01> DEBUG [org.apache.http.headers] http-outgoing-8 << Expires: Thu, 01 Jan 1970 00:00:00 GMT
<2017-09-26 13:07:01> DEBUG [org.apache.http.headers] http-outgoing-8 << Set-Cookie: fast_failed=true
<2017-09-26 13:07:01> DEBUG [org.apache.http.headers] http-outgoing-8 << X-XSS-Protection: 2; mode=block
<2017-09-26 13:07:01> DEBUG [org.apache.http.headers] http-outgoing-8 << Content-Encoding: gzip
<2017-09-26 13:07:01> DEBUG [o.a.h.i.execchain.MainClientExec] Connection can be kept alive indefinitely
<2017-09-26 13:07:01> DEBUG [o.a.h.c.p.ResponseProcessCookies] Cookie accepted [JSESSIONID="F6E28E4994D1584E597DBDFCCCB1737E", version:0, domain:branchtest.perfectomobile.com, path:/nexperience/, expiry:null]
<2017-09-26 13:07:01> DEBUG [o.a.h.c.p.ResponseProcessCookies] Cookie accepted [fast_failed="true", version:0, domain:branchtest.perfectomobile.com, path:/nexperience/perfectomobile/wd/hub/session/223f2364-c363-4f1b-9fa3-c593981d31c4, expiry:null]
<2017-09-26 13:07:01> DEBUG [o.a.h.i.c.PoolingHttpClientConnectionManager] Connection [id: 8][route: {s}->https://branchtest.perfectomobile.com:443] can be kept alive indefinitely
<2017-09-26 13:07:01> DEBUG [o.a.h.i.c.PoolingHttpClientConnectionManager] Connection released: [id: 8][route: {s}->https://branchtest.perfectomobile.com:443][total kept alive: 1; route allocated: 3 of 2000; total allocated: 3 of 2000]
<2017-09-26 13:07:01> DEBUG [o.a.h.c.p.RequestAddCookies] CookieSpec selected: default
<2017-09-26 13:07:01> DEBUG [o.a.h.c.p.RequestAddCookies] Cookie [version: 0][name: JSESSIONID][value: F6E28E4994D1584E597DBDFCCCB1737E][domain: branchtest.perfectomobile.com][path: /nexperience/][expiry: null] match [(secure)branchtest.perfectomobile.com:443/nexperience/perfectomobile/wd/hub/session/223f2364-c363-4f1b-9fa3-c593981d31c4/element/11/value]
<2017-09-26 13:07:01> DEBUG [o.a.h.c.p.RequestAddCookies] Cookie [version: 0][name: fast_failed][value: true][domain: branchtest.perfectomobile.com][path: /nexperience/perfectomobile/wd/hub][expiry: null] match [(secure)branchtest.perfectomobile.com:443/nexperience/perfectomobile/wd/hub/session/223f2364-c363-4f1b-9fa3-c593981d31c4/element/11/value]
<2017-09-26 13:07:01> DEBUG [o.a.h.c.p.RequestAddCookies] Cookie [version: 0][name: fast_failed][value: true][domain: branchtest.perfectomobile.com][path: /nexperience/perfectomobile/wd/hub/session][expiry: null] match [(secure)branchtest.perfectomobile.com:443/nexperience/perfectomobile/wd/hub/session/223f2364-c363-4f1b-9fa3-c593981d31c4/element/11/value]
<2017-09-26 13:07:01> DEBUG [o.a.h.c.p.RequestAddCookies] Cookie [version: 0][name: fast_failed][value: true][domain: branchtest.perfectomobile.com][path: /nexperience/perfectomobile/wd/hub/session/223f2364-c363-4f1b-9fa3-c593981d31c4][expiry: null] match [(secure)branchtest.perfectomobile.com:443/nexperience/perfectomobile/wd/hub/session/223f2364-c363-4f1b-9fa3-c593981d31c4/element/11/value]
<2017-09-26 13:07:01> DEBUG [o.a.h.c.p.RequestAuthCache] Auth cache not set in the context
<2017-09-26 13:07:01> DEBUG [o.a.h.i.c.PoolingHttpClientConnectionManager] Connection request: [route: {s}->https://branchtest.perfectomobile.com:443][total kept alive: 1; route allocated: 3 of 2000; total allocated: 3 of 2000]
<2017-09-26 13:07:01> DEBUG [o.a.h.i.c.PoolingHttpClientConnectionManager] Connection leased: [id: 8][route: {s}->https://branchtest.perfectomobile.com:443][total kept alive: 0; route allocated: 3 of 2000; total allocated: 3 of 2000]
<2017-09-26 13:07:01> DEBUG [o.a.h.i.execchain.MainClientExec] Stale connection check
<2017-09-26 13:07:01> DEBUG [org.apache.http.wire] http-outgoing-8 << "[read] I/O error: Read timed out"
<2017-09-26 13:07:01> DEBUG [o.a.h.i.c.DefaultManagedHttpClientConnection] http-outgoing-8: set socket timeout to 10800000
<2017-09-26 13:07:01> DEBUG [o.a.h.i.execchain.MainClientExec] Executing request POST /nexperience/perfectomobile/wd/hub/session/223f2364-c363-4f1b-9fa3-c593981d31c4/element/11/value HTTP/1.1
<2017-09-26 13:07:01> DEBUG [o.a.h.i.execchain.MainClientExec] Target auth state: UNCHALLENGED
<2017-09-26 13:07:01> DEBUG [o.a.h.i.execchain.MainClientExec] Proxy auth state: UNCHALLENGED
<2017-09-26 13:07:01> DEBUG [org.apache.http.headers] http-outgoing-8 >> POST /nexperience/perfectomobile/wd/hub/session/223f2364-c363-4f1b-9fa3-c593981d31c4/element/11/value HTTP/1.1
<2017-09-26 13:07:01> DEBUG [org.apache.http.headers] http-outgoing-8 >> Content-Type: application/json; charset=utf-8
<2017-09-26 13:07:01> DEBUG [org.apache.http.headers] http-outgoing-8 >> Content-Length: 39
<2017-09-26 13:07:01> DEBUG [org.apache.http.headers] http-outgoing-8 >> Host: branchtest.perfectomobile.com
<2017-09-26 13:07:01> DEBUG [org.apache.http.headers] http-outgoing-8 >> Connection: Keep-Alive
<2017-09-26 13:07:01> DEBUG [org.apache.http.headers] http-outgoing-8 >> User-Agent: Apache-HttpClient/4.5.2 (Java/1.8.0_121)
<2017-09-26 13:07:01> DEBUG [org.apache.http.headers] http-outgoing-8 >> Cookie: JSESSIONID=F6E28E4994D1584E597DBDFCCCB1737E; fast_failed=true; fast_failed=true; fast_failed=true
<2017-09-26 13:07:01> DEBUG [org.apache.http.headers] http-outgoing-8 >> Accept-Encoding: gzip,deflate
<2017-09-26 13:07:01> DEBUG [org.apache.http.wire] http-outgoing-8 >> "POST /nexperience/perfectomobile/wd/hub/session/223f2364-c363-4f1b-9fa3-c593981d31c4/element/11/value HTTP/1.1[\r][\n]"
<2017-09-26 13:07:01> DEBUG [org.apache.http.wire] http-outgoing-8 >> "Content-Type: application/json; charset=utf-8[\r][\n]"
<2017-09-26 13:07:01> DEBUG [org.apache.http.wire] http-outgoing-8 >> "Content-Length: 39[\r][\n]"
<2017-09-26 13:07:01> DEBUG [org.apache.http.wire] http-outgoing-8 >> "Host: branchtest.perfectomobile.com[\r][\n]"
<2017-09-26 13:07:01> DEBUG [org.apache.http.wire] http-outgoing-8 >> "Connection: Keep-Alive[\r][\n]"
<2017-09-26 13:07:01> DEBUG [org.apache.http.wire] http-outgoing-8 >> "User-Agent: Apache-HttpClient/4.5.2 (Java/1.8.0_121)[\r][\n]"
<2017-09-26 13:07:01> DEBUG [org.apache.http.wire] http-outgoing-8 >> "Cookie: JSESSIONID=F6E28E4994D1584E597DBDFCCCB1737E; fast_failed=true; fast_failed=true; fast_failed=true[\r][\n]"
<2017-09-26 13:07:01> DEBUG [org.apache.http.wire] http-outgoing-8 >> "Accept-Encoding: gzip,deflate[\r][\n]"
<2017-09-26 13:07:01> DEBUG [org.apache.http.wire] http-outgoing-8 >> "[\r][\n]"
<2017-09-26 13:07:01> DEBUG [org.apache.http.wire] http-outgoing-8 >> "{"id":"11","value":["Email@gmail.com"]}"
<2017-09-26 13:07:01> DEBUG [org.apache.http.wire] http-outgoing-5 << "HTTP/1.1 200 OK[\r][\n]"
<2017-09-26 13:07:01> DEBUG [org.apache.http.wire] http-outgoing-5 << "Server: nginx[\r][\n]"
<2017-09-26 13:07:01> DEBUG [org.apache.http.wire] http-outgoing-5 << "Date: Tue, 26 Sep 2017 10:06:57 GMT[\r][\n]"
<2017-09-26 13:07:01> DEBUG [org.apache.http.wire] http-outgoing-5 << "Content-Type: application/json;charset=utf-8[\r][\n]"
<2017-09-26 13:07:01> DEBUG [org.apache.http.wire] http-outgoing-5 << "Transfer-Encoding: chunked[\r][\n]"
<2017-09-26 13:07:01> DEBUG [org.apache.http.wire] http-outgoing-5 << "Connection: keep-alive[\r][\n]"
<2017-09-26 13:07:01> DEBUG [org.apache.http.wire] http-outgoing-5 << "Set-Cookie: JSESSIONID=F6E28E4994D1584E597DBDFCCCB1737E; Path=/nexperience/; HttpOnly[\r][\n]"
<2017-09-26 13:07:01> DEBUG [org.apache.http.wire] http-outgoing-5 << "Expires: Thu, 01 Jan 1970 00:00:00 GMT[\r][\n]"
<2017-09-26 13:07:01> DEBUG [org.apache.http.wire] http-outgoing-5 << "Cache-Control: no-cache[\r][\n]"
<2017-09-26 13:07:01> DEBUG [org.apache.http.wire] http-outgoing-5 << "Cache-Control: no-cache[\r][\n]"
<2017-09-26 13:07:01> DEBUG [org.apache.http.wire] http-outgoing-5 << "Expires: Thu, 01 Jan 1970 00:00:00 GMT[\r][\n]"
<2017-09-26 13:07:01> DEBUG [org.apache.http.wire] http-outgoing-5 << "Set-Cookie: fast_failed=true[\r][\n]"
<2017-09-26 13:07:01> DEBUG [org.apache.http.wire] http-outgoing-5 << "X-XSS-Protection: 2; mode=block[\r][\n]"
<2017-09-26 13:07:01> DEBUG [org.apache.http.wire] http-outgoing-5 << "Content-Encoding: gzip[\r][\n]"
<2017-09-26 13:07:01> DEBUG [org.apache.http.wire] http-outgoing-5 << "[\r][\n]"
<2017-09-26 13:07:01> DEBUG [org.apache.http.wire] http-outgoing-5 << "94[\r][\n]"
<2017-09-26 13:07:01> DEBUG [org.apache.http.wire] http-outgoing-5 << "[0x1f][0x8b][0x8][0x0][0x0][0x0][0x0][0x0][0x0][0x3]-[0x8c]A[0x12][0x82]0[0xc]E[0xef][0x92]u[0xe9][0x10]A[0x10][0xb6][0xae][0xdc]z[0x83][0x90][0x6]e[0xa6][0xb4]H[0xa8][0x1b][0xc7][0xbb][0x9b][0x85][0xcb][0xff][0xe6][0xbd][0xff][0x1][0x15][0xd5]%[0xa7][[0x80][0x11][0x98]&[0xc6][0x1a][0xfb]j8I][0xb5]2qu[0x9]6[0xe7]y[0xe][0x84][0xdc]bC[0x1d]8[0xd0][0x83][0xe]1][0xb][0xb3][0xd5]F[0x9e][0xd7][0x1c][0x8c] 6C]]>&#x7f;<![CDATA[[0xee];t[0xf0][0xa6]X[0x8c][0xa4][0x12][0xa3][0x3][0x8e]d[0xda][0x8]y]]>&#x7f;<![CDATA[[0xf8][0xbc]Iz[0x91]W[0x89][0x92][0x96][0xb2][0xfa]][0xd6]|[0x88][0xbf][0x8b]n9[0xa9][0xfc][0xef][0x8b][0xe9][0xf5][0xf7][0x7][0x83]$[0xd4][0xcb][0x9e][0x0][0x0][0x0][\r][\n]"
<2017-09-26 13:07:01> DEBUG [org.apache.http.wire] http-outgoing-5 << "0[\r][\n]"
<2017-09-26 13:07:01> DEBUG [org.apache.http.wire] http-outgoing-5 << "[\r][\n]"
<2017-09-26 13:07:01> DEBUG [org.apache.http.headers] http-outgoing-5 << HTTP/1.1 200 OK
<2017-09-26 13:07:01> DEBUG [org.apache.http.headers] http-outgoing-5 << Server: nginx
<2017-09-26 13:07:01> DEBUG [org.apache.http.headers] http-outgoing-5 << Date: Tue, 26 Sep 2017 10:06:57 GMT
<2017-09-26 13:07:01> DEBUG [org.apache.http.headers] http-outgoing-5 << Content-Type: application/json;charset=utf-8
<2017-09-26 13:07:01> DEBUG [org.apache.http.headers] http-outgoing-5 << Transfer-Encoding: chunked
<2017-09-26 13:07:01> DEBUG [org.apache.http.headers] http-outgoing-5 << Connection: keep-alive
<2017-09-26 13:07:01> DEBUG [org.apache.http.headers] http-outgoing-5 << Set-Cookie: JSESSIONID=F6E28E4994D1584E597DBDFCCCB1737E; Path=/nexperience/; HttpOnly
<2017-09-26 13:07:01> DEBUG [org.apache.http.headers] http-outgoing-5 << Expires: Thu, 01 Jan 1970 00:00:00 GMT
<2017-09-26 13:07:01> DEBUG [org.apache.http.headers] http-outgoing-5 << Cache-Control: no-cache
<2017-09-26 13:07:01> DEBUG [org.apache.http.headers] http-outgoing-5 << Cache-Control: no-cache
<2017-09-26 13:07:01> DEBUG [org.apache.http.headers] http-outgoing-5 << Expires: Thu, 01 Jan 1970 00:00:00 GMT
<2017-09-26 13:07:01> DEBUG [org.apache.http.headers] http-outgoing-5 << Set-Cookie: fast_failed=true
<2017-09-26 13:07:01> DEBUG [org.apache.http.headers] http-outgoing-5 << X-XSS-Protection: 2; mode=block
<2017-09-26 13:07:01> DEBUG [org.apache.http.headers] http-outgoing-5 << Content-Encoding: gzip
<2017-09-26 13:07:01> DEBUG [o.a.h.i.execchain.MainClientExec] Connection can be kept alive indefinitely
<2017-09-26 13:07:01> DEBUG [o.a.h.c.p.ResponseProcessCookies] Cookie accepted [JSESSIONID="F6E28E4994D1584E597DBDFCCCB1737E", version:0, domain:branchtest.perfectomobile.com, path:/nexperience/, expiry:null]
<2017-09-26 13:07:01> DEBUG [o.a.h.c.p.ResponseProcessCookies] Cookie accepted [fast_failed="true", version:0, domain:branchtest.perfectomobile.com, path:/nexperience/perfectomobile/wd/hub/session/cabc1017-92e0-4ebc-8d17-fffda1c413a6/element/7, expiry:null]
<2017-09-26 13:07:01> DEBUG [o.a.h.i.c.PoolingHttpClientConnectionManager] Connection [id: 5][route: {s}->https://branchtest.perfectomobile.com:443] can be kept alive indefinitely
<2017-09-26 13:07:01> DEBUG [o.a.h.i.c.PoolingHttpClientConnectionManager] Connection released: [id: 5][route: {s}->https://branchtest.perfectomobile.com:443][total kept alive: 1; route allocated: 3 of 2000; total allocated: 3 of 2000]
<2017-09-26 13:07:01> DEBUG [o.a.h.c.p.RequestAddCookies] CookieSpec selected: default
<2017-09-26 13:07:01> DEBUG [o.a.h.c.p.RequestAddCookies] Cookie [version: 0][name: JSESSIONID][value: F6E28E4994D1584E597DBDFCCCB1737E][domain: branchtest.perfectomobile.com][path: /nexperience/][expiry: null] match [(secure)branchtest.perfectomobile.com:443/nexperience/perfectomobile/wd/hub/session/cabc1017-92e0-4ebc-8d17-fffda1c413a6/element]
<2017-09-26 13:07:01> DEBUG [o.a.h.c.p.RequestAddCookies] Cookie [version: 0][name: fast_failed][value: true][domain: branchtest.perfectomobile.com][path: /nexperience/perfectomobile/wd/hub][expiry: null] match [(secure)branchtest.perfectomobile.com:443/nexperience/perfectomobile/wd/hub/session/cabc1017-92e0-4ebc-8d17-fffda1c413a6/element]
<2017-09-26 13:07:01> DEBUG [o.a.h.c.p.RequestAddCookies] Cookie [version: 0][name: fast_failed][value: true][domain: branchtest.perfectomobile.com][path: /nexperience/perfectomobile/wd/hub/session][expiry: null] match [(secure)branchtest.perfectomobile.com:443/nexperience/perfectomobile/wd/hub/session/cabc1017-92e0-4ebc-8d17-fffda1c413a6/element]
<2017-09-26 13:07:01> DEBUG [o.a.h.c.p.RequestAddCookies] Cookie [version: 0][name: fast_failed][value: true][domain: branchtest.perfectomobile.com][path: /nexperience/perfectomobile/wd/hub/session/cabc1017-92e0-4ebc-8d17-fffda1c413a6][expiry: null] match [(secure)branchtest.perfectomobile.com:443/nexperience/perfectomobile/wd/hub/session/cabc1017-92e0-4ebc-8d17-fffda1c413a6/element]
<2017-09-26 13:07:01> DEBUG [o.a.h.c.p.RequestAuthCache] Auth cache not set in the context
<2017-09-26 13:07:01> DEBUG [o.a.h.i.c.PoolingHttpClientConnectionManager] Connection request: [route: {s}->https://branchtest.perfectomobile.com:443][total kept alive: 1; route allocated: 3 of 2000; total allocated: 3 of 2000]
<2017-09-26 13:07:01> DEBUG [o.a.h.i.c.PoolingHttpClientConnectionManager] Connection leased: [id: 5][route: {s}->https://branchtest.perfectomobile.com:443][total kept alive: 0; route allocated: 3 of 2000; total allocated: 3 of 2000]
<2017-09-26 13:07:01> DEBUG [o.a.h.i.execchain.MainClientExec] Stale connection check
<2017-09-26 13:07:01> DEBUG [org.apache.http.wire] http-outgoing-5 << "[read] I/O error: Read timed out"
<2017-09-26 13:07:01> DEBUG [o.a.h.i.c.DefaultManagedHttpClientConnection] http-outgoing-5: set socket timeout to 10800000
<2017-09-26 13:07:01> DEBUG [o.a.h.i.execchain.MainClientExec] Executing request POST /nexperience/perfectomobile/wd/hub/session/cabc1017-92e0-4ebc-8d17-fffda1c413a6/element HTTP/1.1
<2017-09-26 13:07:01> DEBUG [o.a.h.i.execchain.MainClientExec] Target auth state: UNCHALLENGED
<2017-09-26 13:07:01> DEBUG [o.a.h.i.execchain.MainClientExec] Proxy auth state: UNCHALLENGED
<2017-09-26 13:07:01> DEBUG [org.apache.http.headers] http-outgoing-5 >> POST /nexperience/perfectomobile/wd/hub/session/cabc1017-92e0-4ebc-8d17-fffda1c413a6/element HTTP/1.1
<2017-09-26 13:07:01> DEBUG [org.apache.http.headers] http-outgoing-5 >> Content-Type: application/json; charset=utf-8
<2017-09-26 13:07:01> DEBUG [org.apache.http.headers] http-outgoing-5 >> Content-Length: 85
<2017-09-26 13:07:01> DEBUG [org.apache.http.headers] http-outgoing-5 >> Host: branchtest.perfectomobile.com
<2017-09-26 13:07:01> DEBUG [org.apache.http.headers] http-outgoing-5 >> Connection: Keep-Alive
<2017-09-26 13:07:01> DEBUG [org.apache.http.headers] http-outgoing-5 >> User-Agent: Apache-HttpClient/4.5.2 (Java/1.8.0_121)
<2017-09-26 13:07:01> DEBUG [org.apache.http.headers] http-outgoing-5 >> Cookie: JSESSIONID=F6E28E4994D1584E597DBDFCCCB1737E; fast_failed=true; fast_failed=true; fast_failed=true
<2017-09-26 13:07:01> DEBUG [org.apache.http.headers] http-outgoing-5 >> Accept-Encoding: gzip,deflate
<2017-09-26 13:07:01> DEBUG [org.apache.http.wire] http-outgoing-5 >> "POST /nexperience/perfectomobile/wd/hub/session/cabc1017-92e0-4ebc-8d17-fffda1c413a6/element HTTP/1.1[\r][\n]"
<2017-09-26 13:07:01> DEBUG [org.apache.http.wire] http-outgoing-5 >> "Content-Type: application/json; charset=utf-8[\r][\n]"
<2017-09-26 13:07:01> DEBUG [org.apache.http.wire] http-outgoing-5 >> "Content-Length: 85[\r][\n]"
<2017-09-26 13:07:01> DEBUG [org.apache.http.wire] http-outgoing-5 >> "Host: branchtest.perfectomobile.com[\r][\n]"
<2017-09-26 13:07:01> DEBUG [org.apache.http.wire] http-outgoing-5 >> "Connection: Keep-Alive[\r][\n]"
<2017-09-26 13:07:01> DEBUG [org.apache.http.wire] http-outgoing-5 >> "User-Agent: Apache-HttpClient/4.5.2 (Java/1.8.0_121)[\r][\n]"
<2017-09-26 13:07:01> DEBUG [org.apache.http.wire] http-outgoing-5 >> "Cookie: JSESSIONID=F6E28E4994D1584E597DBDFCCCB1737E; fast_failed=true; fast_failed=true; fast_failed=true[\r][\n]"
<2017-09-26 13:07:01> DEBUG [org.apache.http.wire] http-outgoing-5 >> "Accept-Encoding: gzip,deflate[\r][\n]"
<2017-09-26 13:07:01> DEBUG [org.apache.http.wire] http-outgoing-5 >> "[\r][\n]"
<2017-09-26 13:07:01> DEBUG [org.apache.http.wire] http-outgoing-5 >> "{"using":"xpath","value":"//*[@id=\"register_form\"]/fieldset[3]/div/label[2]/input"}"
<2017-09-26 13:07:01> DEBUG [org.apache.http.wire] http-outgoing-5 << "HTTP/1.1 200 OK[\r][\n]"
<2017-09-26 13:07:01> DEBUG [org.apache.http.wire] http-outgoing-5 << "Server: nginx[\r][\n]"
<2017-09-26 13:07:01> DEBUG [org.apache.http.wire] http-outgoing-5 << "Date: Tue, 26 Sep 2017 10:06:57 GMT[\r][\n]"
<2017-09-26 13:07:01> DEBUG [org.apache.http.wire] http-outgoing-5 << "Content-Type: application/json;charset=utf-8[\r][\n]"
<2017-09-26 13:07:01> DEBUG [org.apache.http.wire] http-outgoing-5 << "Transfer-Encoding: chunked[\r][\n]"
<2017-09-26 13:07:01> DEBUG [org.apache.http.wire] http-outgoing-5 << "Connection: keep-alive[\r][\n]"
<2017-09-26 13:07:01> DEBUG [org.apache.http.wire] http-outgoing-5 << "Set-Cookie: JSESSIONID=F6E28E4994D1584E597DBDFCCCB1737E; Path=/nexperience/; HttpOnly[\r][\n]"
<2017-09-26 13:07:01> DEBUG [org.apache.http.wire] http-outgoing-5 << "Expires: Thu, 01 Jan 1970 00:00:00 GMT[\r][\n]"
<2017-09-26 13:07:01> DEBUG [org.apache.http.wire] http-outgoing-5 << "Cache-Control: no-cache[\r][\n]"
<2017-09-26 13:07:01> DEBUG [org.apache.http.wire] http-outgoing-5 << "Cache-Control: no-cache[\r][\n]"
<2017-09-26 13:07:01> DEBUG [org.apache.http.wire] http-outgoing-5 << "Expires: Thu, 01 Jan 1970 00:00:00 GMT[\r][\n]"
<2017-09-26 13:07:01> DEBUG [org.apache.http.wire] http-outgoing-5 << "Set-Cookie: fast_failed=true[\r][\n]"
<2017-09-26 13:07:01> DEBUG [org.apache.http.wire] http-outgoing-5 << "X-XSS-Protection: 2; mode=block[\r][\n]"
<2017-09-26 13:07:01> DEBUG [org.apache.http.wire] http-outgoing-5 << "Content-Encoding: gzip[\r][\n]"
<2017-09-26 13:07:01> DEBUG [org.apache.http.wire] http-outgoing-5 << "[\r][\n]"
<2017-09-26 13:07:01> DEBUG [org.apache.http.wire] http-outgoing-5 << "a0[\r][\n]"
<2017-09-26 13:07:01> DEBUG [org.apache.http.wire] http-outgoing-5 << "[0x1f][0x8b][0x8][0x0][0x0][0x0][0x0][0x0][0x0][0x3]-[0x8d]A[0xe][0x82]0[0x10]E[0xef]2kh[0xa8]"[0xb6]l[0x9][0xb][0x13]ua[0xbc]@[0x99][0xe]J[0x2]-2[0xd4][\r][0xe1][0xee][0xce][0xc2][0xe5]]]>&#x7f;<![CDATA[y/]]>&#x7f;<![CDATA[[0x3]&[0xe6]![0x86][0x8b][0x87][0x1a][0xd0]u[0xa8][0xb]}[0xce][0xed][0x81][0x8a][0xbc][0xa4][0xe]s[0xe3]e[0xf6]}[0xef][0x9d][0xc6]R[0x1f]][0x5][0x19][0xf0][0xea]V[0x12][0x9d][0x13][0xa2][0xd4]B[0xde]M[0xf4]B[0xac][0xb5][0xa6][0xb2]'c2[0xf8][0xba]1[0x9][0xd9][0xa0][0xbd][0xb6][0xb7][0xf6][0xfe][0x14][0xdd][0xc0][0x9e][0x1][0x8e]N[0x8a][0x1a][0xe2][0xf2]Rq[0xa6][0xf0]q[0x8a]i[0xa4]0[0xa4]I-4[0xc5][0x95][0xd4][0x83]x[0x8e][0x81][0xe9][0xff][0x94]D/[0xf6][0x1f][0xb0][0xd1][0xa8][0xa9][0xa9][0x0][0x0][0x0][\r][\n]"
<2017-09-26 13:07:01> DEBUG [org.apache.http.wire] http-outgoing-5 << "0[\r][\n]"
<2017-09-26 13:07:01> DEBUG [org.apache.http.wire] http-outgoing-5 << "[\r][\n]"
<2017-09-26 13:07:01> DEBUG [org.apache.http.headers] http-outgoing-5 << HTTP/1.1 200 OK
<2017-09-26 13:07:01> DEBUG [org.apache.http.headers] http-outgoing-5 << Server: nginx
<2017-09-26 13:07:01> DEBUG [org.apache.http.headers] http-outgoing-5 << Date: Tue, 26 Sep 2017 10:06:57 GMT
<2017-09-26 13:07:01> DEBUG [org.apache.http.headers] http-outgoing-5 << Content-Type: application/json;charset=utf-8
<2017-09-26 13:07:01> DEBUG [org.apache.http.headers] http-outgoing-5 << Transfer-Encoding: chunked
<2017-09-26 13:07:01> DEBUG [org.apache.http.headers] http-outgoing-5 << Connection: keep-alive
<2017-09-26 13:07:01> DEBUG [org.apache.http.headers] http-outgoing-5 << Set-Cookie: JSESSIONID=F6E28E4994D1584E597DBDFCCCB1737E; Path=/nexperience/; HttpOnly
<2017-09-26 13:07:01> DEBUG [org.apache.http.headers] http-outgoing-5 << Expires: Thu, 01 Jan 1970 00:00:00 GMT
<2017-09-26 13:07:01> DEBUG [org.apache.http.headers] http-outgoing-5 << Cache-Control: no-cache
<2017-09-26 13:07:01> DEBUG [org.apache.http.headers] http-outgoing-5 << Cache-Control: no-cache
<2017-09-26 13:07:01> DEBUG [org.apache.http.headers] http-outgoing-5 << Expires: Thu, 01 Jan 1970 00:00:00 GMT
<2017-09-26 13:07:01> DEBUG [org.apache.http.headers] http-outgoing-5 << Set-Cookie: fast_failed=true
<2017-09-26 13:07:01> DEBUG [org.apache.http.headers] http-outgoing-5 << X-XSS-Protection: 2; mode=block
<2017-09-26 13:07:01> DEBUG [org.apache.http.headers] http-outgoing-5 << Content-Encoding: gzip
<2017-09-26 13:07:01> DEBUG [o.a.h.i.execchain.MainClientExec] Connection can be kept alive indefinitely
<2017-09-26 13:07:01> DEBUG [o.a.h.c.p.ResponseProcessCookies] Cookie accepted [JSESSIONID="F6E28E4994D1584E597DBDFCCCB1737E", version:0, domain:branchtest.perfectomobile.com, path:/nexperience/, expiry:null]
<2017-09-26 13:07:01> DEBUG [o.a.h.c.p.ResponseProcessCookies] Cookie accepted [fast_failed="true", version:0, domain:branchtest.perfectomobile.com, path:/nexperience/perfectomobile/wd/hub/session/cabc1017-92e0-4ebc-8d17-fffda1c413a6, expiry:null]
<2017-09-26 13:07:01> DEBUG [o.a.h.i.c.PoolingHttpClientConnectionManager] Connection [id: 5][route: {s}->https://branchtest.perfectomobile.com:443] can be kept alive indefinitely
<2017-09-26 13:07:01> DEBUG [o.a.h.i.c.PoolingHttpClientConnectionManager] Connection released: [id: 5][route: {s}->https://branchtest.perfectomobile.com:443][total kept alive: 1; route allocated: 3 of 2000; total allocated: 3 of 2000]
<2017-09-26 13:07:01> DEBUG [o.a.h.c.p.RequestAddCookies] CookieSpec selected: default
<2017-09-26 13:07:01> DEBUG [o.a.h.c.p.RequestAddCookies] Cookie [version: 0][name: JSESSIONID][value: F6E28E4994D1584E597DBDFCCCB1737E][domain: branchtest.perfectomobile.com][path: /nexperience/][expiry: null] match [(secure)branchtest.perfectomobile.com:443/nexperience/perfectomobile/wd/hub/session/cabc1017-92e0-4ebc-8d17-fffda1c413a6/element/8/click]
<2017-09-26 13:07:01> DEBUG [o.a.h.c.p.RequestAddCookies] Cookie [version: 0][name: fast_failed][value: true][domain: branchtest.perfectomobile.com][path: /nexperience/perfectomobile/wd/hub][expiry: null] match [(secure)branchtest.perfectomobile.com:443/nexperience/perfectomobile/wd/hub/session/cabc1017-92e0-4ebc-8d17-fffda1c413a6/element/8/click]
<2017-09-26 13:07:01> DEBUG [o.a.h.c.p.RequestAddCookies] Cookie [version: 0][name: fast_failed][value: true][domain: branchtest.perfectomobile.com][path: /nexperience/perfectomobile/wd/hub/session][expiry: null] match [(secure)branchtest.perfectomobile.com:443/nexperience/perfectomobile/wd/hub/session/cabc1017-92e0-4ebc-8d17-fffda1c413a6/element/8/click]
<2017-09-26 13:07:01> DEBUG [o.a.h.c.p.RequestAddCookies] Cookie [version: 0][name: fast_failed][value: true][domain: branchtest.perfectomobile.com][path: /nexperience/perfectomobile/wd/hub/session/cabc1017-92e0-4ebc-8d17-fffda1c413a6][expiry: null] match [(secure)branchtest.perfectomobile.com:443/nexperience/perfectomobile/wd/hub/session/cabc1017-92e0-4ebc-8d17-fffda1c413a6/element/8/click]
<2017-09-26 13:07:01> DEBUG [o.a.h.c.p.RequestAuthCache] Auth cache not set in the context
<2017-09-26 13:07:01> DEBUG [o.a.h.i.c.PoolingHttpClientConnectionManager] Connection request: [route: {s}->https://branchtest.perfectomobile.com:443][total kept alive: 1; route allocated: 3 of 2000; total allocated: 3 of 2000]
<2017-09-26 13:07:01> DEBUG [o.a.h.i.c.PoolingHttpClientConnectionManager] Connection leased: [id: 5][route: {s}->https://branchtest.perfectomobile.com:443][total kept alive: 0; route allocated: 3 of 2000; total allocated: 3 of 2000]
<2017-09-26 13:07:01> DEBUG [o.a.h.i.execchain.MainClientExec] Stale connection check
<2017-09-26 13:07:01> DEBUG [org.apache.http.wire] http-outgoing-5 << "[read] I/O error: Read timed out"
<2017-09-26 13:07:01> DEBUG [o.a.h.i.c.DefaultManagedHttpClientConnection] http-outgoing-5: set socket timeout to 10800000
<2017-09-26 13:07:01> DEBUG [o.a.h.i.execchain.MainClientExec] Executing request POST /nexperience/perfectomobile/wd/hub/session/cabc1017-92e0-4ebc-8d17-fffda1c413a6/element/8/click HTTP/1.1
<2017-09-26 13:07:01> DEBUG [o.a.h.i.execchain.MainClientExec] Target auth state: UNCHALLENGED
<2017-09-26 13:07:01> DEBUG [o.a.h.i.execchain.MainClientExec] Proxy auth state: UNCHALLENGED
<2017-09-26 13:07:01> DEBUG [org.apache.http.headers] http-outgoing-5 >> POST /nexperience/perfectomobile/wd/hub/session/cabc1017-92e0-4ebc-8d17-fffda1c413a6/element/8/click HTTP/1.1
<2017-09-26 13:07:01> DEBUG [org.apache.http.headers] http-outgoing-5 >> Content-Type: application/json; charset=utf-8
<2017-09-26 13:07:01> DEBUG [org.apache.http.headers] http-outgoing-5 >> Content-Length: 10
<2017-09-26 13:07:01> DEBUG [org.apache.http.headers] http-outgoing-5 >> Host: branchtest.perfectomobile.com
<2017-09-26 13:07:01> DEBUG [org.apache.http.headers] http-outgoing-5 >> Connection: Keep-Alive
<2017-09-26 13:07:01> DEBUG [org.apache.http.headers] http-outgoing-5 >> User-Agent: Apache-HttpClient/4.5.2 (Java/1.8.0_121)
<2017-09-26 13:07:01> DEBUG [org.apache.http.headers] http-outgoing-5 >> Cookie: JSESSIONID=F6E28E4994D1584E597DBDFCCCB1737E; fast_failed=true; fast_failed=true; fast_failed=true
<2017-09-26 13:07:01> DEBUG [org.apache.http.headers] http-outgoing-5 >> Accept-Encoding: gzip,deflate
<2017-09-26 13:07:01> DEBUG [org.apache.http.wire] http-outgoing-5 >> "POST /nexperience/perfectomobile/wd/hub/session/cabc1017-92e0-4ebc-8d17-fffda1c413a6/element/8/click HTTP/1.1[\r][\n]"
<2017-09-26 13:07:01> DEBUG [org.apache.http.wire] http-outgoing-5 >> "Content-Type: application/json; charset=utf-8[\r][\n]"
<2017-09-26 13:07:01> DEBUG [org.apache.http.wire] http-outgoing-5 >> "Content-Length: 10[\r][\n]"
<2017-09-26 13:07:01> DEBUG [org.apache.http.wire] http-outgoing-5 >> "Host: branchtest.perfectomobile.com[\r][\n]"
<2017-09-26 13:07:01> DEBUG [org.apache.http.wire] http-outgoing-5 >> "Connection: Keep-Alive[\r][\n]"
<2017-09-26 13:07:01> DEBUG [org.apache.http.wire] http-outgoing-5 >> "User-Agent: Apache-HttpClient/4.5.2 (Java/1.8.0_121)[\r][\n]"
<2017-09-26 13:07:01> DEBUG [org.apache.http.wire] http-outgoing-5 >> "Cookie: JSESSIONID=F6E28E4994D1584E597DBDFCCCB1737E; fast_failed=true; fast_failed=true; fast_failed=true[\r][\n]"
<2017-09-26 13:07:01> DEBUG [org.apache.http.wire] http-outgoing-5 >> "Accept-Encoding: gzip,deflate[\r][\n]"
<2017-09-26 13:07:01> DEBUG [org.apache.http.wire] http-outgoing-5 >> "[\r][\n]"
<2017-09-26 13:07:01> DEBUG [org.apache.http.wire] http-outgoing-5 >> "{"id":"8"}"
<2017-09-26 13:07:01> DEBUG [org.apache.http.wire] http-outgoing-6 << "HTTP/1.1 200 OK[\r][\n]"
<2017-09-26 13:07:01> DEBUG [org.apache.http.wire] http-outgoing-6 << "Server: nginx[\r][\n]"
<2017-09-26 13:07:01> DEBUG [org.apache.http.wire] http-outgoing-6 << "Date: Tue, 26 Sep 2017 10:06:57 GMT[\r][\n]"
<2017-09-26 13:07:01> DEBUG [org.apache.http.wire] http-outgoing-6 << "Content-Type: application/json;charset=utf-8[\r][\n]"
<2017-09-26 13:07:01> DEBUG [org.apache.http.wire] http-outgoing-6 << "Transfer-Encoding: chunked[\r][\n]"
<2017-09-26 13:07:01> DEBUG [org.apache.http.wire] http-outgoing-6 << "Connection: keep-alive[\r][\n]"
<2017-09-26 13:07:01> DEBUG [org.apache.http.wire] http-outgoing-6 << "Set-Cookie: JSESSIONID=F6E28E4994D1584E597DBDFCCCB1737E; Path=/nexperience/; HttpOnly[\r][\n]"
<2017-09-26 13:07:01> DEBUG [org.apache.http.wire] http-outgoing-6 << "Expires: Thu, 01 Jan 1970 00:00:00 GMT[\r][\n]"
<2017-09-26 13:07:01> DEBUG [org.apache.http.wire] http-outgoing-6 << "Cache-Control: no-cache[\r][\n]"
<2017-09-26 13:07:01> DEBUG [org.apache.http.wire] http-outgoing-6 << "Cache-Control: no-cache[\r][\n]"
<2017-09-26 13:07:01> DEBUG [org.apache.http.wire] http-outgoing-6 << "Expires: Thu, 01 Jan 1970 00:00:00 GMT[\r][\n]"
<2017-09-26 13:07:01> DEBUG [org.apache.http.wire] http-outgoing-6 << "Set-Cookie: fast_failed=true[\r][\n]"
<2017-09-26 13:07:01> DEBUG [org.apache.http.wire] http-outgoing-6 << "X-XSS-Protection: 2; mode=block[\r][\n]"
<2017-09-26 13:07:01> DEBUG [org.apache.http.wire] http-outgoing-6 << "Content-Encoding: gzip[\r][\n]"
<2017-09-26 13:07:01> DEBUG [org.apache.http.wire] http-outgoing-6 << "[\r][\n]"
<2017-09-26 13:07:01> DEBUG [org.apache.http.wire] http-outgoing-6 << "95[\r][\n]"
<2017-09-26 13:07:01> DEBUG [org.apache.http.wire] http-outgoing-6 << "[0x1f][0x8b][0x8][0x0][0x0][0x0][0x0][0x0][0x0][0x3]-[0xcc]1[0x12][0xc2] [0x10][0x85][0xe1][0xbb]l[0x1d][0x98][0xc8][0x0][0x9]i[0xad]l[0xbd][0x1]YV[0xcd][0xc][0x81]$[0x1b]l[0x1c][0xef][0xee][0x16][0xb6][0xff]|[0xef]}[0x80][0x89]y[0xa9][0xe5][0x96]`[0x82]~[0x9e][0x1d]b|[0xa8]![0x91]U[0xd6][0x8f]F[0x5][0xf2][0xa8][0xd0][0x8d][0xf6]B[0xe4][0xd0][0xc7][0x1]:[0xe0]3[0x9e]$[0x9c][0x1b][0xa2][0xac][0xa5][0xbc][0xae]5I[0x9][0xc1][0x5][0xe3][0x8d][\r][0x1d][0xbc]cnRJ[0xcb][0xb9][0x3][0xcc]Q[0xd8][0x4][0xf5]x[0xea][0xba]Q[0xd9][0xa3]f[0xca]T[0x96][0xb6][0xea][0x83][0xd6]z[0x92][0xbe][0x13]o[0xb5]0[0xfd][0xef][0x9b][0xf0][0xfe][0xfb][0x3][0xc]$[0xfd]5[0x9e][0x0][0x0][0x0][\r][\n]"
<2017-09-26 13:07:01> DEBUG [org.apache.http.wire] http-outgoing-6 << "0[\r][\n]"
<2017-09-26 13:07:01> DEBUG [org.apache.http.wire] http-outgoing-6 << "[\r][\n]"
<2017-09-26 13:07:01> DEBUG [org.apache.http.headers] http-outgoing-6 << HTTP/1.1 200 OK
<2017-09-26 13:07:01> DEBUG [org.apache.http.headers] http-outgoing-6 << Server: nginx
<2017-09-26 13:07:01> DEBUG [org.apache.http.headers] http-outgoing-6 << Date: Tue, 26 Sep 2017 10:06:57 GMT
<2017-09-26 13:07:01> DEBUG [org.apache.http.headers] http-outgoing-6 << Content-Type: application/json;charset=utf-8
<2017-09-26 13:07:01> DEBUG [org.apache.http.headers] http-outgoing-6 << Transfer-Encoding: chunked
<2017-09-26 13:07:01> DEBUG [org.apache.http.headers] http-outgoing-6 << Connection: keep-alive
<2017-09-26 13:07:01> DEBUG [org.apache.http.headers] http-outgoing-6 << Set-Cookie: JSESSIONID=F6E28E4994D1584E597DBDFCCCB1737E; Path=/nexperience/; HttpOnly
<2017-09-26 13:07:01> DEBUG [org.apache.http.headers] http-outgoing-6 << Expires: Thu, 01 Jan 1970 00:00:00 GMT
<2017-09-26 13:07:01> DEBUG [org.apache.http.headers] http-outgoing-6 << Cache-Control: no-cache
<2017-09-26 13:07:01> DEBUG [org.apache.http.headers] http-outgoing-6 << Cache-Control: no-cache
<2017-09-26 13:07:01> DEBUG [org.apache.http.headers] http-outgoing-6 << Expires: Thu, 01 Jan 1970 00:00:00 GMT
<2017-09-26 13:07:01> DEBUG [org.apache.http.headers] http-outgoing-6 << Set-Cookie: fast_failed=true
<2017-09-26 13:07:01> DEBUG [org.apache.http.headers] http-outgoing-6 << X-XSS-Protection: 2; mode=block
<2017-09-26 13:07:01> DEBUG [org.apache.http.headers] http-outgoing-6 << Content-Encoding: gzip
<2017-09-26 13:07:01> DEBUG [o.a.h.i.execchain.MainClientExec] Connection can be kept alive indefinitely
<2017-09-26 13:07:01> DEBUG [o.a.h.c.p.ResponseProcessCookies] Cookie accepted [JSESSIONID="F6E28E4994D1584E597DBDFCCCB1737E", version:0, domain:branchtest.perfectomobile.com, path:/nexperience/, expiry:null]
<2017-09-26 13:07:01> DEBUG [o.a.h.c.p.ResponseProcessCookies] Cookie accepted [fast_failed="true", version:0, domain:branchtest.perfectomobile.com, path:/nexperience/perfectomobile/wd/hub/session/0bb5ccaf-7de4-4682-9e6c-c5841ee5c6a7/element/12, expiry:null]
<2017-09-26 13:07:01> DEBUG [o.a.h.i.c.PoolingHttpClientConnectionManager] Connection [id: 6][route: {s}->https://branchtest.perfectomobile.com:443] can be kept alive indefinitely
<2017-09-26 13:07:01> DEBUG [o.a.h.i.c.PoolingHttpClientConnectionManager] Connection released: [id: 6][route: {s}->https://branchtest.perfectomobile.com:443][total kept alive: 1; route allocated: 3 of 2000; total allocated: 3 of 2000]
<2017-09-26 13:07:01> DEBUG [o.a.h.c.p.RequestAddCookies] CookieSpec selected: default
<2017-09-26 13:07:01> DEBUG [o.a.h.c.p.RequestAddCookies] Cookie [version: 0][name: JSESSIONID][value: F6E28E4994D1584E597DBDFCCCB1737E][domain: branchtest.perfectomobile.com][path: /nexperience/][expiry: null] match [(secure)branchtest.perfectomobile.com:443/nexperience/perfectomobile/wd/hub/session/0bb5ccaf-7de4-4682-9e6c-c5841ee5c6a7/element]
<2017-09-26 13:07:01> DEBUG [o.a.h.c.p.RequestAddCookies] Cookie [version: 0][name: fast_failed][value: true][domain: branchtest.perfectomobile.com][path: /nexperience/perfectomobile/wd/hub][expiry: null] match [(secure)branchtest.perfectomobile.com:443/nexperience/perfectomobile/wd/hub/session/0bb5ccaf-7de4-4682-9e6c-c5841ee5c6a7/element]
<2017-09-26 13:07:01> DEBUG [o.a.h.c.p.RequestAddCookies] Cookie [version: 0][name: fast_failed][value: true][domain: branchtest.perfectomobile.com][path: /nexperience/perfectomobile/wd/hub/session][expiry: null] match [(secure)branchtest.perfectomobile.com:443/nexperience/perfectomobile/wd/hub/session/0bb5ccaf-7de4-4682-9e6c-c5841ee5c6a7/element]
<2017-09-26 13:07:01> DEBUG [o.a.h.c.p.RequestAddCookies] Cookie [version: 0][name: fast_failed][value: true][domain: branchtest.perfectomobile.com][path: /nexperience/perfectomobile/wd/hub/session/0bb5ccaf-7de4-4682-9e6c-c5841ee5c6a7][expiry: null] match [(secure)branchtest.perfectomobile.com:443/nexperience/perfectomobile/wd/hub/session/0bb5ccaf-7de4-4682-9e6c-c5841ee5c6a7/element]
<2017-09-26 13:07:01> DEBUG [o.a.h.c.p.RequestAuthCache] Auth cache not set in the context
<2017-09-26 13:07:01> DEBUG [o.a.h.i.c.PoolingHttpClientConnectionManager] Connection request: [route: {s}->https://branchtest.perfectomobile.com:443][total kept alive: 1; route allocated: 3 of 2000; total allocated: 3 of 2000]
<2017-09-26 13:07:01> DEBUG [o.a.h.i.c.PoolingHttpClientConnectionManager] Connection leased: [id: 6][route: {s}->https://branchtest.perfectomobile.com:443][total kept alive: 0; route allocated: 3 of 2000; total allocated: 3 of 2000]
<2017-09-26 13:07:01> DEBUG [o.a.h.i.execchain.MainClientExec] Stale connection check
<2017-09-26 13:07:01> DEBUG [org.apache.http.wire] http-outgoing-6 << "[read] I/O error: Read timed out"
<2017-09-26 13:07:01> DEBUG [o.a.h.i.c.DefaultManagedHttpClientConnection] http-outgoing-6: set socket timeout to 10800000
<2017-09-26 13:07:01> DEBUG [o.a.h.i.execchain.MainClientExec] Executing request POST /nexperience/perfectomobile/wd/hub/session/0bb5ccaf-7de4-4682-9e6c-c5841ee5c6a7/element HTTP/1.1
<2017-09-26 13:07:01> DEBUG [o.a.h.i.execchain.MainClientExec] Target auth state: UNCHALLENGED
<2017-09-26 13:07:01> DEBUG [o.a.h.i.execchain.MainClientExec] Proxy auth state: UNCHALLENGED
<2017-09-26 13:07:01> DEBUG [org.apache.http.headers] http-outgoing-6 >> POST /nexperience/perfectomobile/wd/hub/session/0bb5ccaf-7de4-4682-9e6c-c5841ee5c6a7/element HTTP/1.1
<2017-09-26 13:07:01> DEBUG [org.apache.http.headers] http-outgoing-6 >> Content-Type: application/json; charset=utf-8
<2017-09-26 13:07:01> DEBUG [org.apache.http.headers] http-outgoing-6 >> Content-Length: 73
<2017-09-26 13:07:01> DEBUG [org.apache.http.headers] http-outgoing-6 >> Host: branchtest.perfectomobile.com
<2017-09-26 13:07:01> DEBUG [org.apache.http.headers] http-outgoing-6 >> Connection: Keep-Alive
<2017-09-26 13:07:01> DEBUG [org.apache.http.headers] http-outgoing-6 >> User-Agent: Apache-HttpClient/4.5.2 (Java/1.8.0_121)
<2017-09-26 13:07:01> DEBUG [org.apache.http.headers] http-outgoing-6 >> Cookie: JSESSIONID=F6E28E4994D1584E597DBDFCCCB1737E; fast_failed=true; fast_failed=true; fast_failed=true
<2017-09-26 13:07:01> DEBUG [org.apache.http.headers] http-outgoing-6 >> Accept-Encoding: gzip,deflate
<2017-09-26 13:07:01> DEBUG [org.apache.http.wire] http-outgoing-6 >> "POST /nexperience/perfectomobile/wd/hub/session/0bb5ccaf-7de4-4682-9e6c-c5841ee5c6a7/element HTTP/1.1[\r][\n]"
<2017-09-26 13:07:01> DEBUG [org.apache.http.wire] http-outgoing-6 >> "Content-Type: application/json; charset=utf-8[\r][\n]"
<2017-09-26 13:07:01> DEBUG [org.apache.http.wire] http-outgoing-6 >> "Content-Length: 73[\r][\n]"
<2017-09-26 13:07:01> DEBUG [org.apache.http.wire] http-outgoing-6 >> "Host: branchtest.perfectomobile.com[\r][\n]"
<2017-09-26 13:07:01> DEBUG [org.apache.http.wire] http-outgoing-6 >> "Connection: Keep-Alive[\r][\n]"
<2017-09-26 13:07:01> DEBUG [org.apache.http.wire] http-outgoing-6 >> "User-Agent: Apache-HttpClient/4.5.2 (Java/1.8.0_121)[\r][\n]"
<2017-09-26 13:07:01> DEBUG [org.apache.http.wire] http-outgoing-6 >> "Cookie: JSESSIONID=F6E28E4994D1584E597DBDFCCCB1737E; fast_failed=true; fast_failed=true; fast_failed=true[\r][\n]"
<2017-09-26 13:07:01> DEBUG [org.apache.http.wire] http-outgoing-6 >> "Accept-Encoding: gzip,deflate[\r][\n]"
<2017-09-26 13:07:01> DEBUG [org.apache.http.wire] http-outgoing-6 >> "[\r][\n]"
<2017-09-26 13:07:01> DEBUG [org.apache.http.wire] http-outgoing-6 >> "{"using":"xpath","value":"//*[@id=\"register_form\"]/fieldset[12]/input"}"
<2017-09-26 13:07:01> DEBUG [org.apache.http.wire] http-outgoing-5 << "HTTP/1.1 200 OK[\r][\n]"
<2017-09-26 13:07:01> DEBUG [org.apache.http.wire] http-outgoing-5 << "Server: nginx[\r][\n]"
<2017-09-26 13:07:01> DEBUG [org.apache.http.wire] http-outgoing-5 << "Date: Tue, 26 Sep 2017 10:06:57 GMT[\r][\n]"
<2017-09-26 13:07:01> DEBUG [org.apache.http.wire] http-outgoing-5 << "Content-Type: application/json;charset=utf-8[\r][\n]"
<2017-09-26 13:07:01> DEBUG [org.apache.http.wire] http-outgoing-5 << "Transfer-Encoding: chunked[\r][\n]"
<2017-09-26 13:07:01> DEBUG [org.apache.http.wire] http-outgoing-5 << "Connection: keep-alive[\r][\n]"
<2017-09-26 13:07:01> DEBUG [org.apache.http.wire] http-outgoing-5 << "Set-Cookie: JSESSIONID=F6E28E4994D1584E597DBDFCCCB1737E; Path=/nexperience/; HttpOnly[\r][\n]"
<2017-09-26 13:07:01> DEBUG [org.apache.http.wire] http-outgoing-5 << "Expires: Thu, 01 Jan 1970 00:00:00 GMT[\r][\n]"
<2017-09-26 13:07:01> DEBUG [org.apache.http.wire] http-outgoing-5 << "Cache-Control: no-cache[\r][\n]"
<2017-09-26 13:07:01> DEBUG [org.apache.http.wire] http-outgoing-5 << "Cache-Control: no-cache[\r][\n]"
<2017-09-26 13:07:01> DEBUG [org.apache.http.wire] http-outgoing-5 << "Expires: Thu, 01 Jan 1970 00:00:00 GMT[\r][\n]"
<2017-09-26 13:07:01> DEBUG [org.apache.http.wire] http-outgoing-5 << "Set-Cookie: fast_failed=true[\r][\n]"
<2017-09-26 13:07:01> DEBUG [org.apache.http.wire] http-outgoing-5 << "X-XSS-Protection: 2; mode=block[\r][\n]"
<2017-09-26 13:07:01> DEBUG [org.apache.http.wire] http-outgoing-5 << "Content-Encoding: gzip[\r][\n]"
<2017-09-26 13:07:01> DEBUG [org.apache.http.wire] http-outgoing-5 << "[\r][\n]"
<2017-09-26 13:07:01> DEBUG [org.apache.http.wire] http-outgoing-5 << "94[\r][\n]"
<2017-09-26 13:07:01> DEBUG [org.apache.http.wire] http-outgoing-5 << "[0x1f][0x8b][0x8][0x0][0x0][0x0][0x0][0x0][0x0][0x3]-[0x8c]1[0x12][0x82]0[0x10]E[0xef][0xb2]5d[0x12]$[0x8a][0xb4]V[0xb6][0xde]`[0xd9]l[0x94][0x99][0x90][0x0]Kl[0x1c][0xef][0xee][0x16][0x96][0xff][0xcd]{[0xff][0x3][0xc2]"s[0xc9][0xf7][0x0]#[0x10]N[0xe4][0xac][0xbb][0xb4][0xd7][0x8e]m[0xdb][0xf3]D[0xed][0x10]t[0xc6][0x18][0x3]:[0xea][0xdd][0x9][0xcf][0xd0][0x80][0x1c]x[0xb0][0xea]R[0x89][0xb4]V[0xf2][0xba][0x95][0xa0][0xc4][[0xdf]wv[0xf0][0xae][0x81]7[0xa6][0xaa]$[0xd7][0x94][0x1a][0xa0][0x84][0xaa][0x8d]P[0xf6][0xa7])+[0xe7][\r][0x8d]p[0xe2]<[0xd7][0xc5][0xec][0xbc][0x94][0x83][0xcd][0x83]e-Y[0xf8]]]>&#x7f;<![CDATA[_U[0xb7][0xdf][0x1f]]rku[0x9e][0x0][0x0][0x0][\r][\n]"
<2017-09-26 13:07:01> DEBUG [org.apache.http.wire] http-outgoing-5 << "0[\r][\n]"
<2017-09-26 13:07:01> DEBUG [org.apache.http.wire] http-outgoing-5 << "[\r][\n]"
<2017-09-26 13:07:01> DEBUG [org.apache.http.headers] http-outgoing-5 << HTTP/1.1 200 OK
<2017-09-26 13:07:01> DEBUG [org.apache.http.headers] http-outgoing-5 << Server: nginx
<2017-09-26 13:07:01> DEBUG [org.apache.http.headers] http-outgoing-5 << Date: Tue, 26 Sep 2017 10:06:57 GMT
<2017-09-26 13:07:01> DEBUG [org.apache.http.headers] http-outgoing-5 << Content-Type: application/json;charset=utf-8
<2017-09-26 13:07:01> DEBUG [org.apache.http.headers] http-outgoing-5 << Transfer-Encoding: chunked
<2017-09-26 13:07:01> DEBUG [org.apache.http.headers] http-outgoing-5 << Connection: keep-alive
<2017-09-26 13:07:01> DEBUG [org.apache.http.headers] http-outgoing-5 << Set-Cookie: JSESSIONID=F6E28E4994D1584E597DBDFCCCB1737E; Path=/nexperience/; HttpOnly
<2017-09-26 13:07:01> DEBUG [org.apache.http.headers] http-outgoing-5 << Expires: Thu, 01 Jan 1970 00:00:00 GMT
<2017-09-26 13:07:01> DEBUG [org.apache.http.headers] http-outgoing-5 << Cache-Control: no-cache
<2017-09-26 13:07:01> DEBUG [org.apache.http.headers] http-outgoing-5 << Cache-Control: no-cache
<2017-09-26 13:07:01> DEBUG [org.apache.http.headers] http-outgoing-5 << Expires: Thu, 01 Jan 1970 00:00:00 GMT
<2017-09-26 13:07:01> DEBUG [org.apache.http.headers] http-outgoing-5 << Set-Cookie: fast_failed=true
<2017-09-26 13:07:01> DEBUG [org.apache.http.headers] http-outgoing-5 << X-XSS-Protection: 2; mode=block
<2017-09-26 13:07:01> DEBUG [org.apache.http.headers] http-outgoing-5 << Content-Encoding: gzip
<2017-09-26 13:07:01> DEBUG [o.a.h.i.execchain.MainClientExec] Connection can be kept alive indefinitely
<2017-09-26 13:07:01> DEBUG [o.a.h.c.p.ResponseProcessCookies] Cookie accepted [JSESSIONID="F6E28E4994D1584E597DBDFCCCB1737E", version:0, domain:branchtest.perfectomobile.com, path:/nexperience/, expiry:null]
<2017-09-26 13:07:01> DEBUG [o.a.h.c.p.ResponseProcessCookies] Cookie accepted [fast_failed="true", version:0, domain:branchtest.perfectomobile.com, path:/nexperience/perfectomobile/wd/hub/session/cabc1017-92e0-4ebc-8d17-fffda1c413a6/element/8, expiry:null]
<2017-09-26 13:07:01> DEBUG [o.a.h.i.c.PoolingHttpClientConnectionManager] Connection [id: 5][route: {s}->https://branchtest.perfectomobile.com:443] can be kept alive indefinitely
<2017-09-26 13:07:01> DEBUG [o.a.h.i.c.PoolingHttpClientConnectionManager] Connection released: [id: 5][route: {s}->https://branchtest.perfectomobile.com:443][total kept alive: 1; route allocated: 3 of 2000; total allocated: 3 of 2000]
<2017-09-26 13:07:01> DEBUG [o.a.h.c.p.RequestAddCookies] CookieSpec selected: default
<2017-09-26 13:07:01> DEBUG [o.a.h.c.p.RequestAddCookies] Cookie [version: 0][name: JSESSIONID][value: F6E28E4994D1584E597DBDFCCCB1737E][domain: branchtest.perfectomobile.com][path: /nexperience/][expiry: null] match [(secure)branchtest.perfectomobile.com:443/nexperience/perfectomobile/wd/hub/session/cabc1017-92e0-4ebc-8d17-fffda1c413a6/element]
<2017-09-26 13:07:01> DEBUG [o.a.h.c.p.RequestAddCookies] Cookie [version: 0][name: fast_failed][value: true][domain: branchtest.perfectomobile.com][path: /nexperience/perfectomobile/wd/hub][expiry: null] match [(secure)branchtest.perfectomobile.com:443/nexperience/perfectomobile/wd/hub/session/cabc1017-92e0-4ebc-8d17-fffda1c413a6/element]
<2017-09-26 13:07:01> DEBUG [o.a.h.c.p.RequestAddCookies] Cookie [version: 0][name: fast_failed][value: true][domain: branchtest.perfectomobile.com][path: /nexperience/perfectomobile/wd/hub/session][expiry: null] match [(secure)branchtest.perfectomobile.com:443/nexperience/perfectomobile/wd/hub/session/cabc1017-92e0-4ebc-8d17-fffda1c413a6/element]
<2017-09-26 13:07:01> DEBUG [o.a.h.c.p.RequestAddCookies] Cookie [version: 0][name: fast_failed][value: true][domain: branchtest.perfectomobile.com][path: /nexperience/perfectomobile/wd/hub/session/cabc1017-92e0-4ebc-8d17-fffda1c413a6][expiry: null] match [(secure)branchtest.perfectomobile.com:443/nexperience/perfectomobile/wd/hub/session/cabc1017-92e0-4ebc-8d17-fffda1c413a6/element]
<2017-09-26 13:07:01> DEBUG [o.a.h.c.p.RequestAuthCache] Auth cache not set in the context
<2017-09-26 13:07:01> DEBUG [o.a.h.i.c.PoolingHttpClientConnectionManager] Connection request: [route: {s}->https://branchtest.perfectomobile.com:443][total kept alive: 1; route allocated: 3 of 2000; total allocated: 3 of 2000]
<2017-09-26 13:07:01> DEBUG [o.a.h.i.c.PoolingHttpClientConnectionManager] Connection leased: [id: 5][route: {s}->https://branchtest.perfectomobile.com:443][total kept alive: 0; route allocated: 3 of 2000; total allocated: 3 of 2000]
<2017-09-26 13:07:01> DEBUG [o.a.h.i.execchain.MainClientExec] Stale connection check
<2017-09-26 13:07:01> DEBUG [org.apache.http.wire] http-outgoing-5 << "[read] I/O error: Read timed out"
<2017-09-26 13:07:01> DEBUG [o.a.h.i.c.DefaultManagedHttpClientConnection] http-outgoing-5: set socket timeout to 10800000
<2017-09-26 13:07:01> DEBUG [o.a.h.i.execchain.MainClientExec] Executing request POST /nexperience/perfectomobile/wd/hub/session/cabc1017-92e0-4ebc-8d17-fffda1c413a6/element HTTP/1.1
<2017-09-26 13:07:01> DEBUG [o.a.h.i.execchain.MainClientExec] Target auth state: UNCHALLENGED
<2017-09-26 13:07:01> DEBUG [o.a.h.i.execchain.MainClientExec] Proxy auth state: UNCHALLENGED
<2017-09-26 13:07:01> DEBUG [org.apache.http.headers] http-outgoing-5 >> POST /nexperience/perfectomobile/wd/hub/session/cabc1017-92e0-4ebc-8d17-fffda1c413a6/element HTTP/1.1
<2017-09-26 13:07:01> DEBUG [org.apache.http.headers] http-outgoing-5 >> Content-Type: application/json; charset=utf-8
<2017-09-26 13:07:01> DEBUG [org.apache.http.headers] http-outgoing-5 >> Content-Length: 72
<2017-09-26 13:07:01> DEBUG [org.apache.http.headers] http-outgoing-5 >> Host: branchtest.perfectomobile.com
<2017-09-26 13:07:01> DEBUG [org.apache.http.headers] http-outgoing-5 >> Connection: Keep-Alive
<2017-09-26 13:07:01> DEBUG [org.apache.http.headers] http-outgoing-5 >> User-Agent: Apache-HttpClient/4.5.2 (Java/1.8.0_121)
<2017-09-26 13:07:01> DEBUG [org.apache.http.headers] http-outgoing-5 >> Cookie: JSESSIONID=F6E28E4994D1584E597DBDFCCCB1737E; fast_failed=true; fast_failed=true; fast_failed=true
<2017-09-26 13:07:01> DEBUG [org.apache.http.headers] http-outgoing-5 >> Accept-Encoding: gzip,deflate
<2017-09-26 13:07:01> DEBUG [org.apache.http.wire] http-outgoing-5 >> "POST /nexperience/perfectomobile/wd/hub/session/cabc1017-92e0-4ebc-8d17-fffda1c413a6/element HTTP/1.1[\r][\n]"
<2017-09-26 13:07:01> DEBUG [org.apache.http.wire] http-outgoing-5 >> "Content-Type: application/json; charset=utf-8[\r][\n]"
<2017-09-26 13:07:01> DEBUG [org.apache.http.wire] http-outgoing-5 >> "Content-Length: 72[\r][\n]"
<2017-09-26 13:07:01> DEBUG [org.apache.http.wire] http-outgoing-5 >> "Host: branchtest.perfectomobile.com[\r][\n]"
<2017-09-26 13:07:01> DEBUG [org.apache.http.wire] http-outgoing-5 >> "Connection: Keep-Alive[\r][\n]"
<2017-09-26 13:07:01> DEBUG [org.apache.http.wire] http-outgoing-5 >> "User-Agent: Apache-HttpClient/4.5.2 (Java/1.8.0_121)[\r][\n]"
<2017-09-26 13:07:01> DEBUG [org.apache.http.wire] http-outgoing-5 >> "Cookie: JSESSIONID=F6E28E4994D1584E597DBDFCCCB1737E; fast_failed=true; fast_failed=true; fast_failed=true[\r][\n]"
<2017-09-26 13:07:01> DEBUG [org.apache.http.wire] http-outgoing-5 >> "Accept-Encoding: gzip,deflate[\r][\n]"
<2017-09-26 13:07:01> DEBUG [org.apache.http.wire] http-outgoing-5 >> "[\r][\n]"
<2017-09-26 13:07:01> DEBUG [org.apache.http.wire] http-outgoing-5 >> "{"using":"xpath","value":"//*[@id=\"register_form\"]/fieldset[6]/input"}"
<2017-09-26 13:07:01> DEBUG [org.apache.http.wire] http-outgoing-6 << "HTTP/1.1 200 OK[\r][\n]"
<2017-09-26 13:07:01> DEBUG [org.apache.http.wire] http-outgoing-6 << "Server: nginx[\r][\n]"
<2017-09-26 13:07:01> DEBUG [org.apache.http.wire] http-outgoing-6 << "Date: Tue, 26 Sep 2017 10:06:58 GMT[\r][\n]"
<2017-09-26 13:07:01> DEBUG [org.apache.http.wire] http-outgoing-6 << "Content-Type: application/json;charset=utf-8[\r][\n]"
<2017-09-26 13:07:01> DEBUG [org.apache.http.wire] http-outgoing-6 << "Transfer-Encoding: chunked[\r][\n]"
<2017-09-26 13:07:01> DEBUG [org.apache.http.wire] http-outgoing-6 << "Connection: keep-alive[\r][\n]"
<2017-09-26 13:07:01> DEBUG [org.apache.http.wire] http-outgoing-6 << "Set-Cookie: JSESSIONID=F6E28E4994D1584E597DBDFCCCB1737E; Path=/nexperience/; HttpOnly[\r][\n]"
<2017-09-26 13:07:01> DEBUG [org.apache.http.wire] http-outgoing-6 << "Expires: Thu, 01 Jan 1970 00:00:00 GMT[\r][\n]"
<2017-09-26 13:07:01> DEBUG [org.apache.http.wire] http-outgoing-6 << "Cache-Control: no-cache[\r][\n]"
<2017-09-26 13:07:01> DEBUG [org.apache.http.wire] http-outgoing-6 << "Cache-Control: no-cache[\r][\n]"
<2017-09-26 13:07:01> DEBUG [org.apache.http.wire] http-outgoing-6 << "Expires: Thu, 01 Jan 1970 00:00:00 GMT[\r][\n]"
<2017-09-26 13:07:01> DEBUG [org.apache.http.wire] http-outgoing-6 << "Set-Cookie: fast_failed=true[\r][\n]"
<2017-09-26 13:07:01> DEBUG [org.apache.http.wire] http-outgoing-6 << "X-XSS-Protection: 2; mode=block[\r][\n]"
<2017-09-26 13:07:01> DEBUG [org.apache.http.wire] http-outgoing-6 << "Content-Encoding: gzip[\r][\n]"
<2017-09-26 13:07:01> DEBUG [org.apache.http.wire] http-outgoing-6 << "[\r][\n]"
<2017-09-26 13:07:01> DEBUG [org.apache.http.wire] http-outgoing-6 << "a1[\r][\n]"
<2017-09-26 13:07:01> DEBUG [org.apache.http.wire] http-outgoing-6 << "[0x1f][0x8b][0x8][0x0][0x0][0x0][0x0][0x0][0x0][0x3]-[0x8d][0xcb][0xe][0x82]0[0x10][0x0][0xff]e[0xcf][0x94][0xf0]j[0xa1]\[\r][0x7][0x13][0xf5]`[0xfc][0x81][0xb2][0xac]J[0x2]-[0xb2][0xd4][0xb][0xe1][0xdf][0xdd][0x83][0xd7][0xc9]Lf[0x7]&[0xe6]1[0xf8][0xf3][0x0]-d}[0xaf][0x11][0xdd]S[0xd5][0x3]U[0xaa]2M[0xa1],[0x19]T[0xa8][0x9b]*'[0xd2]h\[\r][0x9][0xf0][0xe6]6[0x12][0x9d]#[0xa2][0xd4]B[0xde][0xa7]0[0x8])2kM[0xa9]Kk[0x13][0xf8][0xba])[\n]"
<2017-09-26 13:07:01> DEBUG [org.apache.http.wire] http-outgoing-6 << "[0xda][0xa1][0xbb]t[0xd7][0xee][0xf6][0x10]?/[0xe1]H[0x0]''M[0xb]a}[0xa5]a![0xff]q)[0xd3]D~[0x8c]s[0xba][0xd2][0x1c]6J[0xef][0xc4]K[0xf0]L[0xff]W[0x14]=;~`&[0x93][0xb8][0xab][0x0][0x0][0x0][\r][\n]"
<2017-09-26 13:07:01> DEBUG [org.apache.http.wire] http-outgoing-6 << "0[\r][\n]"
<2017-09-26 13:07:01> DEBUG [org.apache.http.wire] http-outgoing-6 << "[\r][\n]"
<2017-09-26 13:07:01> DEBUG [org.apache.http.headers] http-outgoing-6 << HTTP/1.1 200 OK
<2017-09-26 13:07:01> DEBUG [org.apache.http.headers] http-outgoing-6 << Server: nginx
<2017-09-26 13:07:01> DEBUG [org.apache.http.headers] http-outgoing-6 << Date: Tue, 26 Sep 2017 10:06:58 GMT
<2017-09-26 13:07:01> DEBUG [org.apache.http.headers] http-outgoing-6 << Content-Type: application/json;charset=utf-8
<2017-09-26 13:07:01> DEBUG [org.apache.http.headers] http-outgoing-6 << Transfer-Encoding: chunked
<2017-09-26 13:07:01> DEBUG [org.apache.http.headers] http-outgoing-6 << Connection: keep-alive
<2017-09-26 13:07:01> DEBUG [org.apache.http.headers] http-outgoing-6 << Set-Cookie: JSESSIONID=F6E28E4994D1584E597DBDFCCCB1737E; Path=/nexperience/; HttpOnly
<2017-09-26 13:07:01> DEBUG [org.apache.http.headers] http-outgoing-6 << Expires: Thu, 01 Jan 1970 00:00:00 GMT
<2017-09-26 13:07:01> DEBUG [org.apache.http.headers] http-outgoing-6 << Cache-Control: no-cache
<2017-09-26 13:07:01> DEBUG [org.apache.http.headers] http-outgoing-6 << Cache-Control: no-cache
<2017-09-26 13:07:01> DEBUG [org.apache.http.headers] http-outgoing-6 << Expires: Thu, 01 Jan 1970 00:00:00 GMT
<2017-09-26 13:07:01> DEBUG [org.apache.http.headers] http-outgoing-6 << Set-Cookie: fast_failed=true
<2017-09-26 13:07:01> DEBUG [org.apache.http.headers] http-outgoing-6 << X-XSS-Protection: 2; mode=block
<2017-09-26 13:07:01> DEBUG [org.apache.http.headers] http-outgoing-6 << Content-Encoding: gzip
<2017-09-26 13:07:01> DEBUG [o.a.h.i.execchain.MainClientExec] Connection can be kept alive indefinitely
<2017-09-26 13:07:01> DEBUG [o.a.h.c.p.ResponseProcessCookies] Cookie accepted [JSESSIONID="F6E28E4994D1584E597DBDFCCCB1737E", version:0, domain:branchtest.perfectomobile.com, path:/nexperience/, expiry:null]
<2017-09-26 13:07:01> DEBUG [o.a.h.c.p.ResponseProcessCookies] Cookie accepted [fast_failed="true", version:0, domain:branchtest.perfectomobile.com, path:/nexperience/perfectomobile/wd/hub/session/0bb5ccaf-7de4-4682-9e6c-c5841ee5c6a7, expiry:null]
<2017-09-26 13:07:01> DEBUG [o.a.h.i.c.PoolingHttpClientConnectionManager] Connection [id: 6][route: {s}->https://branchtest.perfectomobile.com:443] can be kept alive indefinitely
<2017-09-26 13:07:01> DEBUG [o.a.h.i.c.PoolingHttpClientConnectionManager] Connection released: [id: 6][route: {s}->https://branchtest.perfectomobile.com:443][total kept alive: 1; route allocated: 3 of 2000; total allocated: 3 of 2000]
<2017-09-26 13:07:01> DEBUG [o.a.h.c.p.RequestAddCookies] CookieSpec selected: default
<2017-09-26 13:07:01> DEBUG [o.a.h.c.p.RequestAddCookies] Cookie [version: 0][name: JSESSIONID][value: F6E28E4994D1584E597DBDFCCCB1737E][domain: branchtest.perfectomobile.com][path: /nexperience/][expiry: null] match [(secure)branchtest.perfectomobile.com:443/nexperience/perfectomobile/wd/hub/session/0bb5ccaf-7de4-4682-9e6c-c5841ee5c6a7/element/13/value]
<2017-09-26 13:07:01> DEBUG [o.a.h.c.p.RequestAddCookies] Cookie [version: 0][name: fast_failed][value: true][domain: branchtest.perfectomobile.com][path: /nexperience/perfectomobile/wd/hub][expiry: null] match [(secure)branchtest.perfectomobile.com:443/nexperience/perfectomobile/wd/hub/session/0bb5ccaf-7de4-4682-9e6c-c5841ee5c6a7/element/13/value]
<2017-09-26 13:07:01> DEBUG [o.a.h.c.p.RequestAddCookies] Cookie [version: 0][name: fast_failed][value: true][domain: branchtest.perfectomobile.com][path: /nexperience/perfectomobile/wd/hub/session][expiry: null] match [(secure)branchtest.perfectomobile.com:443/nexperience/perfectomobile/wd/hub/session/0bb5ccaf-7de4-4682-9e6c-c5841ee5c6a7/element/13/value]
<2017-09-26 13:07:01> DEBUG [o.a.h.c.p.RequestAddCookies] Cookie [version: 0][name: fast_failed][value: true][domain: branchtest.perfectomobile.com][path: /nexperience/perfectomobile/wd/hub/session/0bb5ccaf-7de4-4682-9e6c-c5841ee5c6a7][expiry: null] match [(secure)branchtest.perfectomobile.com:443/nexperience/perfectomobile/wd/hub/session/0bb5ccaf-7de4-4682-9e6c-c5841ee5c6a7/element/13/value]
<2017-09-26 13:07:01> DEBUG [o.a.h.c.p.RequestAuthCache] Auth cache not set in the context
<2017-09-26 13:07:01> DEBUG [o.a.h.i.c.PoolingHttpClientConnectionManager] Connection request: [route: {s}->https://branchtest.perfectomobile.com:443][total kept alive: 1; route allocated: 3 of 2000; total allocated: 3 of 2000]
<2017-09-26 13:07:01> DEBUG [o.a.h.i.c.PoolingHttpClientConnectionManager] Connection leased: [id: 6][route: {s}->https://branchtest.perfectomobile.com:443][total kept alive: 0; route allocated: 3 of 2000; total allocated: 3 of 2000]
<2017-09-26 13:07:01> DEBUG [o.a.h.i.execchain.MainClientExec] Stale connection check
<2017-09-26 13:07:01> DEBUG [org.apache.http.wire] http-outgoing-6 << "[read] I/O error: Read timed out"
<2017-09-26 13:07:01> DEBUG [o.a.h.i.c.DefaultManagedHttpClientConnection] http-outgoing-6: set socket timeout to 10800000
<2017-09-26 13:07:01> DEBUG [o.a.h.i.execchain.MainClientExec] Executing request POST /nexperience/perfectomobile/wd/hub/session/0bb5ccaf-7de4-4682-9e6c-c5841ee5c6a7/element/13/value HTTP/1.1
<2017-09-26 13:07:01> DEBUG [o.a.h.i.execchain.MainClientExec] Target auth state: UNCHALLENGED
<2017-09-26 13:07:01> DEBUG [o.a.h.i.execchain.MainClientExec] Proxy auth state: UNCHALLENGED
<2017-09-26 13:07:01> DEBUG [org.apache.http.headers] http-outgoing-6 >> POST /nexperience/perfectomobile/wd/hub/session/0bb5ccaf-7de4-4682-9e6c-c5841ee5c6a7/element/13/value HTTP/1.1
<2017-09-26 13:07:01> DEBUG [org.apache.http.headers] http-outgoing-6 >> Content-Type: application/json; charset=utf-8
<2017-09-26 13:07:01> DEBUG [org.apache.http.headers] http-outgoing-6 >> Content-Length: 32
<2017-09-26 13:07:01> DEBUG [org.apache.http.headers] http-outgoing-6 >> Host: branchtest.perfectomobile.com
<2017-09-26 13:07:01> DEBUG [org.apache.http.headers] http-outgoing-6 >> Connection: Keep-Alive
<2017-09-26 13:07:01> DEBUG [org.apache.http.headers] http-outgoing-6 >> User-Agent: Apache-HttpClient/4.5.2 (Java/1.8.0_121)
<2017-09-26 13:07:01> DEBUG [org.apache.http.headers] http-outgoing-6 >> Cookie: JSESSIONID=F6E28E4994D1584E597DBDFCCCB1737E; fast_failed=true; fast_failed=true; fast_failed=true
<2017-09-26 13:07:01> DEBUG [org.apache.http.headers] http-outgoing-6 >> Accept-Encoding: gzip,deflate
<2017-09-26 13:07:01> DEBUG [org.apache.http.wire] http-outgoing-6 >> "POST /nexperience/perfectomobile/wd/hub/session/0bb5ccaf-7de4-4682-9e6c-c5841ee5c6a7/element/13/value HTTP/1.1[\r][\n]"
<2017-09-26 13:07:01> DEBUG [org.apache.http.wire] http-outgoing-6 >> "Content-Type: application/json; charset=utf-8[\r][\n]"
<2017-09-26 13:07:01> DEBUG [org.apache.http.wire] http-outgoing-6 >> "Content-Length: 32[\r][\n]"
<2017-09-26 13:07:01> DEBUG [org.apache.http.wire] http-outgoing-6 >> "Host: branchtest.perfectomobile.com[\r][\n]"
<2017-09-26 13:07:01> DEBUG [org.apache.http.wire] http-outgoing-6 >> "Connection: Keep-Alive[\r][\n]"
<2017-09-26 13:07:01> DEBUG [org.apache.http.wire] http-outgoing-6 >> "User-Agent: Apache-HttpClient/4.5.2 (Java/1.8.0_121)[\r][\n]"
<2017-09-26 13:07:01> DEBUG [org.apache.http.wire] http-outgoing-6 >> "Cookie: JSESSIONID=F6E28E4994D1584E597DBDFCCCB1737E; fast_failed=true; fast_failed=true; fast_failed=true[\r][\n]"
<2017-09-26 13:07:01> DEBUG [org.apache.http.wire] http-outgoing-6 >> "Accept-Encoding: gzip,deflate[\r][\n]"
<2017-09-26 13:07:01> DEBUG [org.apache.http.wire] http-outgoing-6 >> "[\r][\n]"
<2017-09-26 13:07:01> DEBUG [org.apache.http.wire] http-outgoing-6 >> "{"id":"13","value":["Password"]}"
<2017-09-26 13:07:01> DEBUG [org.apache.http.wire] http-outgoing-5 << "HTTP/1.1 200 OK[\r][\n]"
<2017-09-26 13:07:01> DEBUG [org.apache.http.wire] http-outgoing-5 << "Server: nginx[\r][\n]"
<2017-09-26 13:07:01> DEBUG [org.apache.http.wire] http-outgoing-5 << "Date: Tue, 26 Sep 2017 10:06:58 GMT[\r][\n]"
<2017-09-26 13:07:01> DEBUG [org.apache.http.wire] http-outgoing-5 << "Content-Type: application/json;charset=utf-8[\r][\n]"
<2017-09-26 13:07:01> DEBUG [org.apache.http.wire] http-outgoing-5 << "Transfer-Encoding: chunked[\r][\n]"
<2017-09-26 13:07:01> DEBUG [org.apache.http.wire] http-outgoing-5 << "Connection: keep-alive[\r][\n]"
<2017-09-26 13:07:01> DEBUG [org.apache.http.wire] http-outgoing-5 << "Set-Cookie: JSESSIONID=F6E28E4994D1584E597DBDFCCCB1737E; Path=/nexperience/; HttpOnly[\r][\n]"
<2017-09-26 13:07:01> DEBUG [org.apache.http.wire] http-outgoing-5 << "Expires: Thu, 01 Jan 1970 00:00:00 GMT[\r][\n]"
<2017-09-26 13:07:01> DEBUG [org.apache.http.wire] http-outgoing-5 << "Cache-Control: no-cache[\r][\n]"
<2017-09-26 13:07:01> DEBUG [org.apache.http.wire] http-outgoing-5 << "Cache-Control: no-cache[\r][\n]"
<2017-09-26 13:07:01> DEBUG [org.apache.http.wire] http-outgoing-5 << "Expires: Thu, 01 Jan 1970 00:00:00 GMT[\r][\n]"
<2017-09-26 13:07:01> DEBUG [org.apache.http.wire] http-outgoing-5 << "Set-Cookie: fast_failed=true[\r][\n]"
<2017-09-26 13:07:01> DEBUG [org.apache.http.wire] http-outgoing-5 << "X-XSS-Protection: 2; mode=block[\r][\n]"
<2017-09-26 13:07:01> DEBUG [org.apache.http.wire] http-outgoing-5 << "Content-Encoding: gzip[\r][\n]"
<2017-09-26 13:07:01> DEBUG [org.apache.http.wire] http-outgoing-5 << "[\r][\n]"
<2017-09-26 13:07:01> DEBUG [org.apache.http.wire] http-outgoing-5 << "a0[\r][\n]"
<2017-09-26 13:07:01> DEBUG [org.apache.http.wire] http-outgoing-5 << "[0x1f][0x8b][0x8][0x0][0x0][0x0][0x0][0x0][0x0][0x3]-[0x8d]A[0xe][0x82]0[0x10]E[0xef]2khZA[0x4][0xb6][0x86][0x85][0x89][0xba]0^`h[0x7]%)-2[0xd4][\r][0xe1][0xee][0xce][0xc2][0xe5]]]>&#x7f;<![CDATA[y/]]>&#x7f;<![CDATA[[0x3]&[0xe6]1[0x86][0x8b][0x83][0x16],[0xf6][0xd6]hs[0xca][0x9b][0x3][0xe9][0xbc][0xa4][0xde][0xe6][0xb5][0x93]9[0xc][0x83]CcKS`[0x5][0x19][0xf0][0x8a]+[0x89][0xce][0xc9]Z[0xa9][0x85][0xbc][0xcf][0xd1][0x9][0xa9][0xca][0xa2][0xd6]U}[0xcc][0xe0][0x8b]>[0x9][0xd8][0xa0][0xbb]v[0xb7][0xee][0xfe][0x14][0xbb][0x81]=[0x3][0xeb]Q[0x82][0x16][0xe2][0xf2]Rq[0xa6][0xf0]A[0xc5][0xe4])[0x8c]iR[0xb]Mq%[0xf5] [0x9e]c`[0xfa][0x1f]%[0xd1][0xf5][0xfe][0x3][0xe8][0xd1][0xe0]+[0xa8][0x0][0x0][0x0][\r][\n]"
<2017-09-26 13:07:01> DEBUG [org.apache.http.wire] http-outgoing-5 << "0[\r][\n]"
<2017-09-26 13:07:01> DEBUG [org.apache.http.wire] http-outgoing-5 << "[\r][\n]"
<2017-09-26 13:07:01> DEBUG [org.apache.http.headers] http-outgoing-5 << HTTP/1.1 200 OK
<2017-09-26 13:07:01> DEBUG [org.apache.http.headers] http-outgoing-5 << Server: nginx
<2017-09-26 13:07:01> DEBUG [org.apache.http.headers] http-outgoing-5 << Date: Tue, 26 Sep 2017 10:06:58 GMT
<2017-09-26 13:07:01> DEBUG [org.apache.http.headers] http-outgoing-5 << Content-Type: application/json;charset=utf-8
<2017-09-26 13:07:01> DEBUG [org.apache.http.headers] http-outgoing-5 << Transfer-Encoding: chunked
<2017-09-26 13:07:01> DEBUG [org.apache.http.headers] http-outgoing-5 << Connection: keep-alive
<2017-09-26 13:07:01> DEBUG [org.apache.http.headers] http-outgoing-5 << Set-Cookie: JSESSIONID=F6E28E4994D1584E597DBDFCCCB1737E; Path=/nexperience/; HttpOnly
<2017-09-26 13:07:01> DEBUG [org.apache.http.headers] http-outgoing-5 << Expires: Thu, 01 Jan 1970 00:00:00 GMT
<2017-09-26 13:07:01> DEBUG [org.apache.http.headers] http-outgoing-5 << Cache-Control: no-cache
<2017-09-26 13:07:01> DEBUG [org.apache.http.headers] http-outgoing-5 << Cache-Control: no-cache
<2017-09-26 13:07:01> DEBUG [org.apache.http.headers] http-outgoing-5 << Expires: Thu, 01 Jan 1970 00:00:00 GMT
<2017-09-26 13:07:01> DEBUG [org.apache.http.headers] http-outgoing-5 << Set-Cookie: fast_failed=true
<2017-09-26 13:07:01> DEBUG [org.apache.http.headers] http-outgoing-5 << X-XSS-Protection: 2; mode=block
<2017-09-26 13:07:01> DEBUG [org.apache.http.headers] http-outgoing-5 << Content-Encoding: gzip
<2017-09-26 13:07:01> DEBUG [o.a.h.i.execchain.MainClientExec] Connection can be kept alive indefinitely
<2017-09-26 13:07:01> DEBUG [o.a.h.c.p.ResponseProcessCookies] Cookie accepted [JSESSIONID="F6E28E4994D1584E597DBDFCCCB1737E", version:0, domain:branchtest.perfectomobile.com, path:/nexperience/, expiry:null]
<2017-09-26 13:07:01> DEBUG [o.a.h.c.p.ResponseProcessCookies] Cookie accepted [fast_failed="true", version:0, domain:branchtest.perfectomobile.com, path:/nexperience/perfectomobile/wd/hub/session/cabc1017-92e0-4ebc-8d17-fffda1c413a6, expiry:null]
<2017-09-26 13:07:01> DEBUG [o.a.h.i.c.PoolingHttpClientConnectionManager] Connection [id: 5][route: {s}->https://branchtest.perfectomobile.com:443] can be kept alive indefinitely
<2017-09-26 13:07:01> DEBUG [o.a.h.i.c.PoolingHttpClientConnectionManager] Connection released: [id: 5][route: {s}->https://branchtest.perfectomobile.com:443][total kept alive: 1; route allocated: 3 of 2000; total allocated: 3 of 2000]
<2017-09-26 13:07:01> DEBUG [o.a.h.c.p.RequestAddCookies] CookieSpec selected: default
<2017-09-26 13:07:01> DEBUG [o.a.h.c.p.RequestAddCookies] Cookie [version: 0][name: JSESSIONID][value: F6E28E4994D1584E597DBDFCCCB1737E][domain: branchtest.perfectomobile.com][path: /nexperience/][expiry: null] match [(secure)branchtest.perfectomobile.com:443/nexperience/perfectomobile/wd/hub/session/cabc1017-92e0-4ebc-8d17-fffda1c413a6/element/9/value]
<2017-09-26 13:07:01> DEBUG [o.a.h.c.p.RequestAddCookies] Cookie [version: 0][name: fast_failed][value: true][domain: branchtest.perfectomobile.com][path: /nexperience/perfectomobile/wd/hub][expiry: null] match [(secure)branchtest.perfectomobile.com:443/nexperience/perfectomobile/wd/hub/session/cabc1017-92e0-4ebc-8d17-fffda1c413a6/element/9/value]
<2017-09-26 13:07:01> DEBUG [o.a.h.c.p.RequestAddCookies] Cookie [version: 0][name: fast_failed][value: true][domain: branchtest.perfectomobile.com][path: /nexperience/perfectomobile/wd/hub/session][expiry: null] match [(secure)branchtest.perfectomobile.com:443/nexperience/perfectomobile/wd/hub/session/cabc1017-92e0-4ebc-8d17-fffda1c413a6/element/9/value]
<2017-09-26 13:07:01> DEBUG [o.a.h.c.p.RequestAddCookies] Cookie [version: 0][name: fast_failed][value: true][domain: branchtest.perfectomobile.com][path: /nexperience/perfectomobile/wd/hub/session/cabc1017-92e0-4ebc-8d17-fffda1c413a6][expiry: null] match [(secure)branchtest.perfectomobile.com:443/nexperience/perfectomobile/wd/hub/session/cabc1017-92e0-4ebc-8d17-fffda1c413a6/element/9/value]
<2017-09-26 13:07:01> DEBUG [o.a.h.c.p.RequestAuthCache] Auth cache not set in the context
<2017-09-26 13:07:01> DEBUG [o.a.h.i.c.PoolingHttpClientConnectionManager] Connection request: [route: {s}->https://branchtest.perfectomobile.com:443][total kept alive: 1; route allocated: 3 of 2000; total allocated: 3 of 2000]
<2017-09-26 13:07:01> DEBUG [o.a.h.i.c.PoolingHttpClientConnectionManager] Connection leased: [id: 5][route: {s}->https://branchtest.perfectomobile.com:443][total kept alive: 0; route allocated: 3 of 2000; total allocated: 3 of 2000]
<2017-09-26 13:07:01> DEBUG [o.a.h.i.execchain.MainClientExec] Stale connection check
<2017-09-26 13:07:01> DEBUG [org.apache.http.wire] http-outgoing-5 << "[read] I/O error: Read timed out"
<2017-09-26 13:07:01> DEBUG [o.a.h.i.c.DefaultManagedHttpClientConnection] http-outgoing-5: set socket timeout to 10800000
<2017-09-26 13:07:01> DEBUG [o.a.h.i.execchain.MainClientExec] Executing request POST /nexperience/perfectomobile/wd/hub/session/cabc1017-92e0-4ebc-8d17-fffda1c413a6/element/9/value HTTP/1.1
<2017-09-26 13:07:01> DEBUG [o.a.h.i.execchain.MainClientExec] Target auth state: UNCHALLENGED
<2017-09-26 13:07:01> DEBUG [o.a.h.i.execchain.MainClientExec] Proxy auth state: UNCHALLENGED
<2017-09-26 13:07:01> DEBUG [org.apache.http.headers] http-outgoing-5 >> POST /nexperience/perfectomobile/wd/hub/session/cabc1017-92e0-4ebc-8d17-fffda1c413a6/element/9/value HTTP/1.1
<2017-09-26 13:07:01> DEBUG [org.apache.http.headers] http-outgoing-5 >> Content-Type: application/json; charset=utf-8
<2017-09-26 13:07:01> DEBUG [org.apache.http.headers] http-outgoing-5 >> Content-Length: 33
<2017-09-26 13:07:01> DEBUG [org.apache.http.headers] http-outgoing-5 >> Host: branchtest.perfectomobile.com
<2017-09-26 13:07:01> DEBUG [org.apache.http.headers] http-outgoing-5 >> Connection: Keep-Alive
<2017-09-26 13:07:01> DEBUG [org.apache.http.headers] http-outgoing-5 >> User-Agent: Apache-HttpClient/4.5.2 (Java/1.8.0_121)
<2017-09-26 13:07:01> DEBUG [org.apache.http.headers] http-outgoing-5 >> Cookie: JSESSIONID=F6E28E4994D1584E597DBDFCCCB1737E; fast_failed=true; fast_failed=true; fast_failed=true
<2017-09-26 13:07:01> DEBUG [org.apache.http.headers] http-outgoing-5 >> Accept-Encoding: gzip,deflate
<2017-09-26 13:07:01> DEBUG [org.apache.http.wire] http-outgoing-5 >> "POST /nexperience/perfectomobile/wd/hub/session/cabc1017-92e0-4ebc-8d17-fffda1c413a6/element/9/value HTTP/1.1[\r][\n]"
<2017-09-26 13:07:01> DEBUG [org.apache.http.wire] http-outgoing-5 >> "Content-Type: application/json; charset=utf-8[\r][\n]"
<2017-09-26 13:07:01> DEBUG [org.apache.http.wire] http-outgoing-5 >> "Content-Length: 33[\r][\n]"
<2017-09-26 13:07:01> DEBUG [org.apache.http.wire] http-outgoing-5 >> "Host: branchtest.perfectomobile.com[\r][\n]"
<2017-09-26 13:07:01> DEBUG [org.apache.http.wire] http-outgoing-5 >> "Connection: Keep-Alive[\r][\n]"
<2017-09-26 13:07:01> DEBUG [org.apache.http.wire] http-outgoing-5 >> "User-Agent: Apache-HttpClient/4.5.2 (Java/1.8.0_121)[\r][\n]"
<2017-09-26 13:07:01> DEBUG [org.apache.http.wire] http-outgoing-5 >> "Cookie: JSESSIONID=F6E28E4994D1584E597DBDFCCCB1737E; fast_failed=true; fast_failed=true; fast_failed=true[\r][\n]"
<2017-09-26 13:07:01> DEBUG [org.apache.http.wire] http-outgoing-5 >> "Accept-Encoding: gzip,deflate[\r][\n]"
<2017-09-26 13:07:01> DEBUG [org.apache.http.wire] http-outgoing-5 >> "[\r][\n]"
<2017-09-26 13:07:01> DEBUG [org.apache.http.wire] http-outgoing-5 >> "{"id":"9","value":["1234567890"]}"
<2017-09-26 13:07:02> DEBUG [org.apache.http.wire] http-outgoing-8 << "HTTP/1.1 200 OK[\r][\n]"
<2017-09-26 13:07:02> DEBUG [org.apache.http.wire] http-outgoing-8 << "Server: nginx[\r][\n]"
<2017-09-26 13:07:02> DEBUG [org.apache.http.wire] http-outgoing-8 << "Date: Tue, 26 Sep 2017 10:06:58 GMT[\r][\n]"
<2017-09-26 13:07:02> DEBUG [org.apache.http.wire] http-outgoing-8 << "Content-Type: application/json;charset=utf-8[\r][\n]"
<2017-09-26 13:07:02> DEBUG [org.apache.http.wire] http-outgoing-8 << "Transfer-Encoding: chunked[\r][\n]"
<2017-09-26 13:07:02> DEBUG [org.apache.http.wire] http-outgoing-8 << "Connection: keep-alive[\r][\n]"
<2017-09-26 13:07:02> DEBUG [org.apache.http.wire] http-outgoing-8 << "Set-Cookie: JSESSIONID=F6E28E4994D1584E597DBDFCCCB1737E; Path=/nexperience/; HttpOnly[\r][\n]"
<2017-09-26 13:07:02> DEBUG [org.apache.http.wire] http-outgoing-8 << "Expires: Thu, 01 Jan 1970 00:00:00 GMT[\r][\n]"
<2017-09-26 13:07:02> DEBUG [org.apache.http.wire] http-outgoing-8 << "Cache-Control: no-cache[\r][\n]"
<2017-09-26 13:07:02> DEBUG [org.apache.http.wire] http-outgoing-8 << "Cache-Control: no-cache[\r][\n]"
<2017-09-26 13:07:02> DEBUG [org.apache.http.wire] http-outgoing-8 << "Expires: Thu, 01 Jan 1970 00:00:00 GMT[\r][\n]"
<2017-09-26 13:07:02> DEBUG [org.apache.http.wire] http-outgoing-8 << "Set-Cookie: fast_failed=true[\r][\n]"
<2017-09-26 13:07:02> DEBUG [org.apache.http.wire] http-outgoing-8 << "X-XSS-Protection: 2; mode=block[\r][\n]"
<2017-09-26 13:07:02> DEBUG [org.apache.http.wire] http-outgoing-8 << "Content-Encoding: gzip[\r][\n]"
<2017-09-26 13:07:02> DEBUG [org.apache.http.wire] http-outgoing-8 << "[\r][\n]"
<2017-09-26 13:07:02> DEBUG [org.apache.http.wire] http-outgoing-8 << "95[\r][\n]"
<2017-09-26 13:07:02> DEBUG [org.apache.http.wire] http-outgoing-8 << "[0x1f][0x8b][0x8][0x0][0x0][0x0][0x0][0x0][0x0][0x3]-[0x8c]1[0x12][0xc2] [0x10]E[0xef][0xb2]50I[0x16]cHke[0xeb][\r][0x10]6[0x9a][0x19][0x2]1[0xb]6[0x8e]ww[0xb]]]>&#x7f;<![CDATA[[0xf9][0xe6][0xbd][0xff][0x1]&[0xe6][0xb5][0xe4]k[0x84][0x19][0x86][0x1][0x97][0x1]G[0xab][0x3][0x8e][0xa8][0xed][0xd2][0xdf][0xb5][<[0xea]pr[0xe8][0xa6]>b[0x1f],([0xe0][0xea]+[0x89][0xce]-[0x4][0xa9][0x85]</%[\n]"
<2017-09-26 13:07:02> DEBUG [org.apache.http.wire] http-outgoing-8 << "[0x99][0xc6][0xb3][0xac]sV[0xc1][0xdb][0xa7]&$[0xb7][0x94][0x14][0x84][0xe4]E[0x9b][0xa1][0x1c][0xf]Sv[0xca]/o[0x98][0x12][0xe5][0xb5]m[0xe6][0xa0][0xad]T27[0xe2][0xbd]d[0xa6][0xff]}[0x13][0xbd][0xfb][0xfe][0x0][0x14]r[0x97]:[0x9e][0x0][0x0][0x0][\r][\n]"
<2017-09-26 13:07:02> DEBUG [org.apache.http.wire] http-outgoing-8 << "0[\r][\n]"
<2017-09-26 13:07:02> DEBUG [org.apache.http.wire] http-outgoing-8 << "[\r][\n]"
<2017-09-26 13:07:02> DEBUG [org.apache.http.headers] http-outgoing-8 << HTTP/1.1 200 OK
<2017-09-26 13:07:02> DEBUG [org.apache.http.headers] http-outgoing-8 << Server: nginx
<2017-09-26 13:07:02> DEBUG [org.apache.http.headers] http-outgoing-8 << Date: Tue, 26 Sep 2017 10:06:58 GMT
<2017-09-26 13:07:02> DEBUG [org.apache.http.headers] http-outgoing-8 << Content-Type: application/json;charset=utf-8
<2017-09-26 13:07:02> DEBUG [org.apache.http.headers] http-outgoing-8 << Transfer-Encoding: chunked
<2017-09-26 13:07:02> DEBUG [org.apache.http.headers] http-outgoing-8 << Connection: keep-alive
<2017-09-26 13:07:02> DEBUG [org.apache.http.headers] http-outgoing-8 << Set-Cookie: JSESSIONID=F6E28E4994D1584E597DBDFCCCB1737E; Path=/nexperience/; HttpOnly
<2017-09-26 13:07:02> DEBUG [org.apache.http.headers] http-outgoing-8 << Expires: Thu, 01 Jan 1970 00:00:00 GMT
<2017-09-26 13:07:02> DEBUG [org.apache.http.headers] http-outgoing-8 << Cache-Control: no-cache
<2017-09-26 13:07:02> DEBUG [org.apache.http.headers] http-outgoing-8 << Cache-Control: no-cache
<2017-09-26 13:07:02> DEBUG [org.apache.http.headers] http-outgoing-8 << Expires: Thu, 01 Jan 1970 00:00:00 GMT
<2017-09-26 13:07:02> DEBUG [org.apache.http.headers] http-outgoing-8 << Set-Cookie: fast_failed=true
<2017-09-26 13:07:02> DEBUG [org.apache.http.headers] http-outgoing-8 << X-XSS-Protection: 2; mode=block
<2017-09-26 13:07:02> DEBUG [org.apache.http.headers] http-outgoing-8 << Content-Encoding: gzip
<2017-09-26 13:07:02> DEBUG [o.a.h.i.execchain.MainClientExec] Connection can be kept alive indefinitely
<2017-09-26 13:07:02> DEBUG [o.a.h.c.p.ResponseProcessCookies] Cookie accepted [JSESSIONID="F6E28E4994D1584E597DBDFCCCB1737E", version:0, domain:branchtest.perfectomobile.com, path:/nexperience/, expiry:null]
<2017-09-26 13:07:02> DEBUG [o.a.h.c.p.ResponseProcessCookies] Cookie accepted [fast_failed="true", version:0, domain:branchtest.perfectomobile.com, path:/nexperience/perfectomobile/wd/hub/session/223f2364-c363-4f1b-9fa3-c593981d31c4/element/11, expiry:null]
<2017-09-26 13:07:02> DEBUG [o.a.h.i.c.PoolingHttpClientConnectionManager] Connection [id: 8][route: {s}->https://branchtest.perfectomobile.com:443] can be kept alive indefinitely
<2017-09-26 13:07:02> DEBUG [o.a.h.i.c.PoolingHttpClientConnectionManager] Connection released: [id: 8][route: {s}->https://branchtest.perfectomobile.com:443][total kept alive: 1; route allocated: 3 of 2000; total allocated: 3 of 2000]
<2017-09-26 13:07:02> DEBUG [o.a.h.c.p.RequestAddCookies] CookieSpec selected: default
<2017-09-26 13:07:02> DEBUG [o.a.h.c.p.RequestAddCookies] Cookie [version: 0][name: JSESSIONID][value: F6E28E4994D1584E597DBDFCCCB1737E][domain: branchtest.perfectomobile.com][path: /nexperience/][expiry: null] match [(secure)branchtest.perfectomobile.com:443/nexperience/perfectomobile/wd/hub/session/223f2364-c363-4f1b-9fa3-c593981d31c4/element]
<2017-09-26 13:07:02> DEBUG [o.a.h.c.p.RequestAddCookies] Cookie [version: 0][name: fast_failed][value: true][domain: branchtest.perfectomobile.com][path: /nexperience/perfectomobile/wd/hub][expiry: null] match [(secure)branchtest.perfectomobile.com:443/nexperience/perfectomobile/wd/hub/session/223f2364-c363-4f1b-9fa3-c593981d31c4/element]
<2017-09-26 13:07:02> DEBUG [o.a.h.c.p.RequestAddCookies] Cookie [version: 0][name: fast_failed][value: true][domain: branchtest.perfectomobile.com][path: /nexperience/perfectomobile/wd/hub/session][expiry: null] match [(secure)branchtest.perfectomobile.com:443/nexperience/perfectomobile/wd/hub/session/223f2364-c363-4f1b-9fa3-c593981d31c4/element]
<2017-09-26 13:07:02> DEBUG [o.a.h.c.p.RequestAddCookies] Cookie [version: 0][name: fast_failed][value: true][domain: branchtest.perfectomobile.com][path: /nexperience/perfectomobile/wd/hub/session/223f2364-c363-4f1b-9fa3-c593981d31c4][expiry: null] match [(secure)branchtest.perfectomobile.com:443/nexperience/perfectomobile/wd/hub/session/223f2364-c363-4f1b-9fa3-c593981d31c4/element]
<2017-09-26 13:07:02> DEBUG [o.a.h.c.p.RequestAuthCache] Auth cache not set in the context
<2017-09-26 13:07:02> DEBUG [o.a.h.i.c.PoolingHttpClientConnectionManager] Connection request: [route: {s}->https://branchtest.perfectomobile.com:443][total kept alive: 1; route allocated: 3 of 2000; total allocated: 3 of 2000]
<2017-09-26 13:07:02> DEBUG [o.a.h.i.c.PoolingHttpClientConnectionManager] Connection leased: [id: 8][route: {s}->https://branchtest.perfectomobile.com:443][total kept alive: 0; route allocated: 3 of 2000; total allocated: 3 of 2000]
<2017-09-26 13:07:02> DEBUG [o.a.h.i.execchain.MainClientExec] Stale connection check
<2017-09-26 13:07:02> DEBUG [org.apache.http.wire] http-outgoing-8 << "[read] I/O error: Read timed out"
<2017-09-26 13:07:02> DEBUG [o.a.h.i.c.DefaultManagedHttpClientConnection] http-outgoing-8: set socket timeout to 10800000
<2017-09-26 13:07:02> DEBUG [o.a.h.i.execchain.MainClientExec] Executing request POST /nexperience/perfectomobile/wd/hub/session/223f2364-c363-4f1b-9fa3-c593981d31c4/element HTTP/1.1
<2017-09-26 13:07:02> DEBUG [o.a.h.i.execchain.MainClientExec] Target auth state: UNCHALLENGED
<2017-09-26 13:07:02> DEBUG [o.a.h.i.execchain.MainClientExec] Proxy auth state: UNCHALLENGED
<2017-09-26 13:07:02> DEBUG [org.apache.http.headers] http-outgoing-8 >> POST /nexperience/perfectomobile/wd/hub/session/223f2364-c363-4f1b-9fa3-c593981d31c4/element HTTP/1.1
<2017-09-26 13:07:02> DEBUG [org.apache.http.headers] http-outgoing-8 >> Content-Type: application/json; charset=utf-8
<2017-09-26 13:07:02> DEBUG [org.apache.http.headers] http-outgoing-8 >> Content-Length: 73
<2017-09-26 13:07:02> DEBUG [org.apache.http.headers] http-outgoing-8 >> Host: branchtest.perfectomobile.com
<2017-09-26 13:07:02> DEBUG [org.apache.http.headers] http-outgoing-8 >> Connection: Keep-Alive
<2017-09-26 13:07:02> DEBUG [org.apache.http.headers] http-outgoing-8 >> User-Agent: Apache-HttpClient/4.5.2 (Java/1.8.0_121)
<2017-09-26 13:07:02> DEBUG [org.apache.http.headers] http-outgoing-8 >> Cookie: JSESSIONID=F6E28E4994D1584E597DBDFCCCB1737E; fast_failed=true; fast_failed=true; fast_failed=true
<2017-09-26 13:07:02> DEBUG [org.apache.http.headers] http-outgoing-8 >> Accept-Encoding: gzip,deflate
<2017-09-26 13:07:02> DEBUG [org.apache.http.wire] http-outgoing-8 >> "POST /nexperience/perfectomobile/wd/hub/session/223f2364-c363-4f1b-9fa3-c593981d31c4/element HTTP/1.1[\r][\n]"
<2017-09-26 13:07:02> DEBUG [org.apache.http.wire] http-outgoing-8 >> "Content-Type: application/json; charset=utf-8[\r][\n]"
<2017-09-26 13:07:02> DEBUG [org.apache.http.wire] http-outgoing-8 >> "Content-Length: 73[\r][\n]"
<2017-09-26 13:07:02> DEBUG [org.apache.http.wire] http-outgoing-8 >> "Host: branchtest.perfectomobile.com[\r][\n]"
<2017-09-26 13:07:02> DEBUG [org.apache.http.wire] http-outgoing-8 >> "Connection: Keep-Alive[\r][\n]"
<2017-09-26 13:07:02> DEBUG [org.apache.http.wire] http-outgoing-8 >> "User-Agent: Apache-HttpClient/4.5.2 (Java/1.8.0_121)[\r][\n]"
<2017-09-26 13:07:02> DEBUG [org.apache.http.wire] http-outgoing-8 >> "Cookie: JSESSIONID=F6E28E4994D1584E597DBDFCCCB1737E; fast_failed=true; fast_failed=true; fast_failed=true[\r][\n]"
<2017-09-26 13:07:02> DEBUG [org.apache.http.wire] http-outgoing-8 >> "Accept-Encoding: gzip,deflate[\r][\n]"
<2017-09-26 13:07:02> DEBUG [org.apache.http.wire] http-outgoing-8 >> "[\r][\n]"
<2017-09-26 13:07:02> DEBUG [org.apache.http.wire] http-outgoing-8 >> "{"using":"xpath","value":"//*[@id=\"register_form\"]/fieldset[11]/input"}"
<2017-09-26 13:07:02> DEBUG [org.apache.http.wire] http-outgoing-6 << "HTTP/1.1 200 OK[\r][\n]"
<2017-09-26 13:07:02> DEBUG [org.apache.http.wire] http-outgoing-6 << "Server: nginx[\r][\n]"
<2017-09-26 13:07:02> DEBUG [org.apache.http.wire] http-outgoing-6 << "Date: Tue, 26 Sep 2017 10:06:58 GMT[\r][\n]"
<2017-09-26 13:07:02> DEBUG [org.apache.http.wire] http-outgoing-6 << "Content-Type: application/json;charset=utf-8[\r][\n]"
<2017-09-26 13:07:02> DEBUG [org.apache.http.wire] http-outgoing-6 << "Transfer-Encoding: chunked[\r][\n]"
<2017-09-26 13:07:02> DEBUG [org.apache.http.wire] http-outgoing-6 << "Connection: keep-alive[\r][\n]"
<2017-09-26 13:07:02> DEBUG [org.apache.http.wire] http-outgoing-6 << "Set-Cookie: JSESSIONID=F6E28E4994D1584E597DBDFCCCB1737E; Path=/nexperience/; HttpOnly[\r][\n]"
<2017-09-26 13:07:02> DEBUG [org.apache.http.wire] http-outgoing-6 << "Expires: Thu, 01 Jan 1970 00:00:00 GMT[\r][\n]"
<2017-09-26 13:07:02> DEBUG [org.apache.http.wire] http-outgoing-6 << "Cache-Control: no-cache[\r][\n]"
<2017-09-26 13:07:02> DEBUG [org.apache.http.wire] http-outgoing-6 << "Cache-Control: no-cache[\r][\n]"
<2017-09-26 13:07:02> DEBUG [org.apache.http.wire] http-outgoing-6 << "Expires: Thu, 01 Jan 1970 00:00:00 GMT[\r][\n]"
<2017-09-26 13:07:02> DEBUG [org.apache.http.wire] http-outgoing-6 << "Set-Cookie: fast_failed=true[\r][\n]"
<2017-09-26 13:07:02> DEBUG [org.apache.http.wire] http-outgoing-6 << "X-XSS-Protection: 2; mode=block[\r][\n]"
<2017-09-26 13:07:02> DEBUG [org.apache.http.wire] http-outgoing-6 << "Content-Encoding: gzip[\r][\n]"
<2017-09-26 13:07:02> DEBUG [org.apache.http.wire] http-outgoing-6 << "[\r][\n]"
<2017-09-26 13:07:02> DEBUG [org.apache.http.wire] http-outgoing-6 << "96[\r][\n]"
<2017-09-26 13:07:02> DEBUG [org.apache.http.wire] http-outgoing-6 << "[0x1f][0x8b][0x8][0x0][0x0][0x0][0x0][0x0][0x0][0x3]-[0xcc];[0xe][0xc2]0[0x10][0x84][0xe1][0xbb]l[0x1d][[0x89][0x15][0xe7][0xd5]R[0xd1]r[0x3]g3@$[0xc7][0xe][0xd9][0x98][0x6]qw[0xb6][0xa0][0xfd][0xf5][0xcd]|H [0xb2][0xe6]t]h[0xa2]z[0x9e]=s[0xb8][0x9b]~Ak[0xda]npfD[0xc7][0x86][0xfd][0xd0]6[0x80][0xe7].[0xf4]T[0x91][0x9c][0xe1][0x84]r)[0xcc][0xba][0xd6][0xf2][0xbc][0xe4]E[0x8b]k[0xdc]P[0xf7][0xce][0x8f]ME[0xef][0x10][0x8b][0xa6]Tb[0xac][0x88]cP7Q>[0x1e]6[0xef]H[0xaf]`[0x5][0x11]i-[0x9b]=[0xb0][0xe5][0x13][0xf6][0x6][0xd9]s[0x12][0xfc][0xff][0x8b][0xf2][0xfa][0xfb][0x3][0xd1]nx[0xb1][0x9f][0x0][0x0][0x0][\r][\n]"
<2017-09-26 13:07:02> DEBUG [org.apache.http.wire] http-outgoing-6 << "0[\r][\n]"
<2017-09-26 13:07:02> DEBUG [org.apache.http.wire] http-outgoing-6 << "[\r][\n]"
<2017-09-26 13:07:02> DEBUG [org.apache.http.headers] http-outgoing-6 << HTTP/1.1 200 OK
<2017-09-26 13:07:02> DEBUG [org.apache.http.headers] http-outgoing-6 << Server: nginx
<2017-09-26 13:07:02> DEBUG [org.apache.http.headers] http-outgoing-6 << Date: Tue, 26 Sep 2017 10:06:58 GMT
<2017-09-26 13:07:02> DEBUG [org.apache.http.headers] http-outgoing-6 << Content-Type: application/json;charset=utf-8
<2017-09-26 13:07:02> DEBUG [org.apache.http.headers] http-outgoing-6 << Transfer-Encoding: chunked
<2017-09-26 13:07:02> DEBUG [org.apache.http.headers] http-outgoing-6 << Connection: keep-alive
<2017-09-26 13:07:02> DEBUG [org.apache.http.headers] http-outgoing-6 << Set-Cookie: JSESSIONID=F6E28E4994D1584E597DBDFCCCB1737E; Path=/nexperience/; HttpOnly
<2017-09-26 13:07:02> DEBUG [org.apache.http.headers] http-outgoing-6 << Expires: Thu, 01 Jan 1970 00:00:00 GMT
<2017-09-26 13:07:02> DEBUG [org.apache.http.headers] http-outgoing-6 << Cache-Control: no-cache
<2017-09-26 13:07:02> DEBUG [org.apache.http.headers] http-outgoing-6 << Cache-Control: no-cache
<2017-09-26 13:07:02> DEBUG [org.apache.http.headers] http-outgoing-6 << Expires: Thu, 01 Jan 1970 00:00:00 GMT
<2017-09-26 13:07:02> DEBUG [org.apache.http.headers] http-outgoing-6 << Set-Cookie: fast_failed=true
<2017-09-26 13:07:02> DEBUG [org.apache.http.headers] http-outgoing-6 << X-XSS-Protection: 2; mode=block
<2017-09-26 13:07:02> DEBUG [org.apache.http.headers] http-outgoing-6 << Content-Encoding: gzip
<2017-09-26 13:07:02> DEBUG [o.a.h.i.execchain.MainClientExec] Connection can be kept alive indefinitely
<2017-09-26 13:07:02> DEBUG [o.a.h.c.p.ResponseProcessCookies] Cookie accepted [JSESSIONID="F6E28E4994D1584E597DBDFCCCB1737E", version:0, domain:branchtest.perfectomobile.com, path:/nexperience/, expiry:null]
<2017-09-26 13:07:02> DEBUG [o.a.h.c.p.ResponseProcessCookies] Cookie accepted [fast_failed="true", version:0, domain:branchtest.perfectomobile.com, path:/nexperience/perfectomobile/wd/hub/session/0bb5ccaf-7de4-4682-9e6c-c5841ee5c6a7/element/13, expiry:null]
<2017-09-26 13:07:02> DEBUG [o.a.h.i.c.PoolingHttpClientConnectionManager] Connection [id: 6][route: {s}->https://branchtest.perfectomobile.com:443] can be kept alive indefinitely
<2017-09-26 13:07:02> DEBUG [o.a.h.i.c.PoolingHttpClientConnectionManager] Connection released: [id: 6][route: {s}->https://branchtest.perfectomobile.com:443][total kept alive: 1; route allocated: 3 of 2000; total allocated: 3 of 2000]
<2017-09-26 13:07:02> DEBUG [o.a.h.c.p.RequestAddCookies] CookieSpec selected: default
<2017-09-26 13:07:02> DEBUG [o.a.h.c.p.RequestAddCookies] Cookie [version: 0][name: JSESSIONID][value: F6E28E4994D1584E597DBDFCCCB1737E][domain: branchtest.perfectomobile.com][path: /nexperience/][expiry: null] match [(secure)branchtest.perfectomobile.com:443/nexperience/perfectomobile/wd/hub/session/0bb5ccaf-7de4-4682-9e6c-c5841ee5c6a7/element]
<2017-09-26 13:07:02> DEBUG [o.a.h.c.p.RequestAddCookies] Cookie [version: 0][name: fast_failed][value: true][domain: branchtest.perfectomobile.com][path: /nexperience/perfectomobile/wd/hub][expiry: null] match [(secure)branchtest.perfectomobile.com:443/nexperience/perfectomobile/wd/hub/session/0bb5ccaf-7de4-4682-9e6c-c5841ee5c6a7/element]
<2017-09-26 13:07:02> DEBUG [o.a.h.c.p.RequestAddCookies] Cookie [version: 0][name: fast_failed][value: true][domain: branchtest.perfectomobile.com][path: /nexperience/perfectomobile/wd/hub/session][expiry: null] match [(secure)branchtest.perfectomobile.com:443/nexperience/perfectomobile/wd/hub/session/0bb5ccaf-7de4-4682-9e6c-c5841ee5c6a7/element]
<2017-09-26 13:07:02> DEBUG [o.a.h.c.p.RequestAddCookies] Cookie [version: 0][name: fast_failed][value: true][domain: branchtest.perfectomobile.com][path: /nexperience/perfectomobile/wd/hub/session/0bb5ccaf-7de4-4682-9e6c-c5841ee5c6a7][expiry: null] match [(secure)branchtest.perfectomobile.com:443/nexperience/perfectomobile/wd/hub/session/0bb5ccaf-7de4-4682-9e6c-c5841ee5c6a7/element]
<2017-09-26 13:07:02> DEBUG [o.a.h.c.p.RequestAuthCache] Auth cache not set in the context
<2017-09-26 13:07:02> DEBUG [o.a.h.i.c.PoolingHttpClientConnectionManager] Connection request: [route: {s}->https://branchtest.perfectomobile.com:443][total kept alive: 1; route allocated: 3 of 2000; total allocated: 3 of 2000]
<2017-09-26 13:07:02> DEBUG [o.a.h.i.c.PoolingHttpClientConnectionManager] Connection leased: [id: 6][route: {s}->https://branchtest.perfectomobile.com:443][total kept alive: 0; route allocated: 3 of 2000; total allocated: 3 of 2000]
<2017-09-26 13:07:02> DEBUG [o.a.h.i.execchain.MainClientExec] Stale connection check
<2017-09-26 13:07:02> DEBUG [org.apache.http.wire] http-outgoing-6 << "[read] I/O error: Read timed out"
<2017-09-26 13:07:02> DEBUG [o.a.h.i.c.DefaultManagedHttpClientConnection] http-outgoing-6: set socket timeout to 10800000
<2017-09-26 13:07:02> DEBUG [o.a.h.i.execchain.MainClientExec] Executing request POST /nexperience/perfectomobile/wd/hub/session/0bb5ccaf-7de4-4682-9e6c-c5841ee5c6a7/element HTTP/1.1
<2017-09-26 13:07:02> DEBUG [o.a.h.i.execchain.MainClientExec] Target auth state: UNCHALLENGED
<2017-09-26 13:07:02> DEBUG [o.a.h.i.execchain.MainClientExec] Proxy auth state: UNCHALLENGED
<2017-09-26 13:07:02> DEBUG [org.apache.http.headers] http-outgoing-6 >> POST /nexperience/perfectomobile/wd/hub/session/0bb5ccaf-7de4-4682-9e6c-c5841ee5c6a7/element HTTP/1.1
<2017-09-26 13:07:02> DEBUG [org.apache.http.headers] http-outgoing-6 >> Content-Type: application/json; charset=utf-8
<2017-09-26 13:07:02> DEBUG [org.apache.http.headers] http-outgoing-6 >> Content-Length: 73
<2017-09-26 13:07:02> DEBUG [org.apache.http.headers] http-outgoing-6 >> Host: branchtest.perfectomobile.com
<2017-09-26 13:07:02> DEBUG [org.apache.http.headers] http-outgoing-6 >> Connection: Keep-Alive
<2017-09-26 13:07:02> DEBUG [org.apache.http.headers] http-outgoing-6 >> User-Agent: Apache-HttpClient/4.5.2 (Java/1.8.0_121)
<2017-09-26 13:07:02> DEBUG [org.apache.http.headers] http-outgoing-6 >> Cookie: JSESSIONID=F6E28E4994D1584E597DBDFCCCB1737E; fast_failed=true; fast_failed=true; fast_failed=true
<2017-09-26 13:07:02> DEBUG [org.apache.http.headers] http-outgoing-6 >> Accept-Encoding: gzip,deflate
<2017-09-26 13:07:02> DEBUG [org.apache.http.wire] http-outgoing-6 >> "POST /nexperience/perfectomobile/wd/hub/session/0bb5ccaf-7de4-4682-9e6c-c5841ee5c6a7/element HTTP/1.1[\r][\n]"
<2017-09-26 13:07:02> DEBUG [org.apache.http.wire] http-outgoing-6 >> "Content-Type: application/json; charset=utf-8[\r][\n]"
<2017-09-26 13:07:02> DEBUG [org.apache.http.wire] http-outgoing-6 >> "Content-Length: 73[\r][\n]"
<2017-09-26 13:07:02> DEBUG [org.apache.http.wire] http-outgoing-6 >> "Host: branchtest.perfectomobile.com[\r][\n]"
<2017-09-26 13:07:02> DEBUG [org.apache.http.wire] http-outgoing-6 >> "Connection: Keep-Alive[\r][\n]"
<2017-09-26 13:07:02> DEBUG [org.apache.http.wire] http-outgoing-6 >> "User-Agent: Apache-HttpClient/4.5.2 (Java/1.8.0_121)[\r][\n]"
<2017-09-26 13:07:02> DEBUG [org.apache.http.wire] http-outgoing-6 >> "Cookie: JSESSIONID=F6E28E4994D1584E597DBDFCCCB1737E; fast_failed=true; fast_failed=true; fast_failed=true[\r][\n]"
<2017-09-26 13:07:02> DEBUG [org.apache.http.wire] http-outgoing-6 >> "Accept-Encoding: gzip,deflate[\r][\n]"
<2017-09-26 13:07:02> DEBUG [org.apache.http.wire] http-outgoing-6 >> "[\r][\n]"
<2017-09-26 13:07:02> DEBUG [org.apache.http.wire] http-outgoing-6 >> "{"using":"xpath","value":"//*[@id=\"register_form\"]/fieldset[13]/input"}"
<2017-09-26 13:07:02> DEBUG [org.apache.http.wire] http-outgoing-8 << "HTTP/1.1 200 OK[\r][\n]"
<2017-09-26 13:07:02> DEBUG [org.apache.http.wire] http-outgoing-8 << "Server: nginx[\r][\n]"
<2017-09-26 13:07:02> DEBUG [org.apache.http.wire] http-outgoing-8 << "Date: Tue, 26 Sep 2017 10:06:58 GMT[\r][\n]"
<2017-09-26 13:07:02> DEBUG [org.apache.http.wire] http-outgoing-8 << "Content-Type: application/json;charset=utf-8[\r][\n]"
<2017-09-26 13:07:02> DEBUG [org.apache.http.wire] http-outgoing-8 << "Transfer-Encoding: chunked[\r][\n]"
<2017-09-26 13:07:02> DEBUG [org.apache.http.wire] http-outgoing-8 << "Connection: keep-alive[\r][\n]"
<2017-09-26 13:07:02> DEBUG [org.apache.http.wire] http-outgoing-8 << "Set-Cookie: JSESSIONID=F6E28E4994D1584E597DBDFCCCB1737E; Path=/nexperience/; HttpOnly[\r][\n]"
<2017-09-26 13:07:02> DEBUG [org.apache.http.wire] http-outgoing-8 << "Expires: Thu, 01 Jan 1970 00:00:00 GMT[\r][\n]"
<2017-09-26 13:07:02> DEBUG [org.apache.http.wire] http-outgoing-8 << "Cache-Control: no-cache[\r][\n]"
<2017-09-26 13:07:02> DEBUG [org.apache.http.wire] http-outgoing-8 << "Cache-Control: no-cache[\r][\n]"
<2017-09-26 13:07:02> DEBUG [org.apache.http.wire] http-outgoing-8 << "Expires: Thu, 01 Jan 1970 00:00:00 GMT[\r][\n]"
<2017-09-26 13:07:02> DEBUG [org.apache.http.wire] http-outgoing-8 << "Set-Cookie: fast_failed=true[\r][\n]"
<2017-09-26 13:07:02> DEBUG [org.apache.http.wire] http-outgoing-8 << "X-XSS-Protection: 2; mode=block[\r][\n]"
<2017-09-26 13:07:02> DEBUG [org.apache.http.wire] http-outgoing-8 << "Content-Encoding: gzip[\r][\n]"
<2017-09-26 13:07:02> DEBUG [org.apache.http.wire] http-outgoing-8 << "[\r][\n]"
<2017-09-26 13:07:02> DEBUG [org.apache.http.wire] http-outgoing-8 << "a1[\r][\n]"
<2017-09-26 13:07:02> DEBUG [org.apache.http.wire] http-outgoing-8 << "[0x1f][0x8b][0x8][0x0][0x0][0x0][0x0][0x0][0x0][0x3]-[0x8d]A[0xe][0x82]0[0x10][0x0][0xff][0xb2]ghh[0xb7]%[0x94][0xab][0xe1]`[0xa2][0x1e][0x8c][0x1f][0xa8]eQ[0x12]h[0x91][0xa5]^[0x8]]]>&#x7f;<![CDATA[[0xb7][0x7][0xaf][0x93][0x99][0xcc][0xe]L[0xcc]c[0xc][0xe7][0x1e]ZP[\n]"
<2017-09-26 13:07:02> DEBUG [org.apache.http.wire] http-outgoing-8 << "[0x7][0x85][0xb5].=[0xd6]X[0xea]A>K;8,[0xbd][0xb1]h[0x1b][0xd9][0xa3][0xf4][0x1a][\n]"
<2017-09-26 13:07:02> DEBUG [org.apache.http.wire] http-outgoing-8 << "[0xe0][0xcd]m[0x94]uN[0xde][0xe7]:[0x93][0xf7])[0xf6][0x99]4hMej[0xa3][0xb][0xf8][0xba])e[0xb2]Cw[0xe9][0xae][0xdd][0xed][0x91]u[0xa9][0xe0]([0xc0]O.'-[0xc4][0xf5]%[0xe2]B[0xe1][0xe3][0x4][0xd3]DaL[0xb3]Xi[0x8e][0x1b][0x89];[0xf1][0x12][0x3][0xd3]]]>&#x7f;<![CDATA[[0x95][0xb2]^[0x1d]?[0xde]P[0xd5]y[0xaa][0x0][0x0][0x0][\r][\n]"
<2017-09-26 13:07:02> DEBUG [org.apache.http.wire] http-outgoing-8 << "0[\r][\n]"
<2017-09-26 13:07:02> DEBUG [org.apache.http.wire] http-outgoing-8 << "[\r][\n]"
<2017-09-26 13:07:02> DEBUG [org.apache.http.headers] http-outgoing-8 << HTTP/1.1 200 OK
<2017-09-26 13:07:02> DEBUG [org.apache.http.headers] http-outgoing-8 << Server: nginx
<2017-09-26 13:07:02> DEBUG [org.apache.http.headers] http-outgoing-8 << Date: Tue, 26 Sep 2017 10:06:58 GMT
<2017-09-26 13:07:02> DEBUG [org.apache.http.headers] http-outgoing-8 << Content-Type: application/json;charset=utf-8
<2017-09-26 13:07:02> DEBUG [org.apache.http.headers] http-outgoing-8 << Transfer-Encoding: chunked
<2017-09-26 13:07:02> DEBUG [org.apache.http.headers] http-outgoing-8 << Connection: keep-alive
<2017-09-26 13:07:02> DEBUG [org.apache.http.headers] http-outgoing-8 << Set-Cookie: JSESSIONID=F6E28E4994D1584E597DBDFCCCB1737E; Path=/nexperience/; HttpOnly
<2017-09-26 13:07:02> DEBUG [org.apache.http.headers] http-outgoing-8 << Expires: Thu, 01 Jan 1970 00:00:00 GMT
<2017-09-26 13:07:02> DEBUG [org.apache.http.headers] http-outgoing-8 << Cache-Control: no-cache
<2017-09-26 13:07:02> DEBUG [org.apache.http.headers] http-outgoing-8 << Cache-Control: no-cache
<2017-09-26 13:07:02> DEBUG [org.apache.http.headers] http-outgoing-8 << Expires: Thu, 01 Jan 1970 00:00:00 GMT
<2017-09-26 13:07:02> DEBUG [org.apache.http.headers] http-outgoing-8 << Set-Cookie: fast_failed=true
<2017-09-26 13:07:02> DEBUG [org.apache.http.headers] http-outgoing-8 << X-XSS-Protection: 2; mode=block
<2017-09-26 13:07:02> DEBUG [org.apache.http.headers] http-outgoing-8 << Content-Encoding: gzip
<2017-09-26 13:07:02> DEBUG [o.a.h.i.execchain.MainClientExec] Connection can be kept alive indefinitely
<2017-09-26 13:07:02> DEBUG [o.a.h.c.p.ResponseProcessCookies] Cookie accepted [JSESSIONID="F6E28E4994D1584E597DBDFCCCB1737E", version:0, domain:branchtest.perfectomobile.com, path:/nexperience/, expiry:null]
<2017-09-26 13:07:02> DEBUG [o.a.h.c.p.ResponseProcessCookies] Cookie accepted [fast_failed="true", version:0, domain:branchtest.perfectomobile.com, path:/nexperience/perfectomobile/wd/hub/session/223f2364-c363-4f1b-9fa3-c593981d31c4, expiry:null]
<2017-09-26 13:07:02> DEBUG [o.a.h.i.c.PoolingHttpClientConnectionManager] Connection [id: 8][route: {s}->https://branchtest.perfectomobile.com:443] can be kept alive indefinitely
<2017-09-26 13:07:02> DEBUG [o.a.h.i.c.PoolingHttpClientConnectionManager] Connection released: [id: 8][route: {s}->https://branchtest.perfectomobile.com:443][total kept alive: 1; route allocated: 3 of 2000; total allocated: 3 of 2000]
<2017-09-26 13:07:02> DEBUG [o.a.h.c.p.RequestAddCookies] CookieSpec selected: default
<2017-09-26 13:07:02> DEBUG [o.a.h.c.p.RequestAddCookies] Cookie [version: 0][name: JSESSIONID][value: F6E28E4994D1584E597DBDFCCCB1737E][domain: branchtest.perfectomobile.com][path: /nexperience/][expiry: null] match [(secure)branchtest.perfectomobile.com:443/nexperience/perfectomobile/wd/hub/session/223f2364-c363-4f1b-9fa3-c593981d31c4/element/12/value]
<2017-09-26 13:07:02> DEBUG [o.a.h.c.p.RequestAddCookies] Cookie [version: 0][name: fast_failed][value: true][domain: branchtest.perfectomobile.com][path: /nexperience/perfectomobile/wd/hub][expiry: null] match [(secure)branchtest.perfectomobile.com:443/nexperience/perfectomobile/wd/hub/session/223f2364-c363-4f1b-9fa3-c593981d31c4/element/12/value]
<2017-09-26 13:07:02> DEBUG [o.a.h.c.p.RequestAddCookies] Cookie [version: 0][name: fast_failed][value: true][domain: branchtest.perfectomobile.com][path: /nexperience/perfectomobile/wd/hub/session][expiry: null] match [(secure)branchtest.perfectomobile.com:443/nexperience/perfectomobile/wd/hub/session/223f2364-c363-4f1b-9fa3-c593981d31c4/element/12/value]
<2017-09-26 13:07:02> DEBUG [o.a.h.c.p.RequestAddCookies] Cookie [version: 0][name: fast_failed][value: true][domain: branchtest.perfectomobile.com][path: /nexperience/perfectomobile/wd/hub/session/223f2364-c363-4f1b-9fa3-c593981d31c4][expiry: null] match [(secure)branchtest.perfectomobile.com:443/nexperience/perfectomobile/wd/hub/session/223f2364-c363-4f1b-9fa3-c593981d31c4/element/12/value]
<2017-09-26 13:07:02> DEBUG [o.a.h.c.p.RequestAuthCache] Auth cache not set in the context
<2017-09-26 13:07:02> DEBUG [o.a.h.i.c.PoolingHttpClientConnectionManager] Connection request: [route: {s}->https://branchtest.perfectomobile.com:443][total kept alive: 1; route allocated: 3 of 2000; total allocated: 3 of 2000]
<2017-09-26 13:07:02> DEBUG [o.a.h.i.c.PoolingHttpClientConnectionManager] Connection leased: [id: 8][route: {s}->https://branchtest.perfectomobile.com:443][total kept alive: 0; route allocated: 3 of 2000; total allocated: 3 of 2000]
<2017-09-26 13:07:02> DEBUG [o.a.h.i.execchain.MainClientExec] Stale connection check
<2017-09-26 13:07:02> DEBUG [org.apache.http.wire] http-outgoing-8 << "[read] I/O error: Read timed out"
<2017-09-26 13:07:02> DEBUG [o.a.h.i.c.DefaultManagedHttpClientConnection] http-outgoing-8: set socket timeout to 10800000
<2017-09-26 13:07:02> DEBUG [o.a.h.i.execchain.MainClientExec] Executing request POST /nexperience/perfectomobile/wd/hub/session/223f2364-c363-4f1b-9fa3-c593981d31c4/element/12/value HTTP/1.1
<2017-09-26 13:07:02> DEBUG [o.a.h.i.execchain.MainClientExec] Target auth state: UNCHALLENGED
<2017-09-26 13:07:02> DEBUG [o.a.h.i.execchain.MainClientExec] Proxy auth state: UNCHALLENGED
<2017-09-26 13:07:02> DEBUG [org.apache.http.headers] http-outgoing-8 >> POST /nexperience/perfectomobile/wd/hub/session/223f2364-c363-4f1b-9fa3-c593981d31c4/element/12/value HTTP/1.1
<2017-09-26 13:07:02> DEBUG [org.apache.http.headers] http-outgoing-8 >> Content-Type: application/json; charset=utf-8
<2017-09-26 13:07:02> DEBUG [org.apache.http.headers] http-outgoing-8 >> Content-Length: 32
<2017-09-26 13:07:02> DEBUG [org.apache.http.headers] http-outgoing-8 >> Host: branchtest.perfectomobile.com
<2017-09-26 13:07:02> DEBUG [org.apache.http.headers] http-outgoing-8 >> Connection: Keep-Alive
<2017-09-26 13:07:02> DEBUG [org.apache.http.headers] http-outgoing-8 >> User-Agent: Apache-HttpClient/4.5.2 (Java/1.8.0_121)
<2017-09-26 13:07:02> DEBUG [org.apache.http.headers] http-outgoing-8 >> Cookie: JSESSIONID=F6E28E4994D1584E597DBDFCCCB1737E; fast_failed=true; fast_failed=true; fast_failed=true
<2017-09-26 13:07:02> DEBUG [org.apache.http.headers] http-outgoing-8 >> Accept-Encoding: gzip,deflate
<2017-09-26 13:07:02> DEBUG [org.apache.http.wire] http-outgoing-8 >> "POST /nexperience/perfectomobile/wd/hub/session/223f2364-c363-4f1b-9fa3-c593981d31c4/element/12/value HTTP/1.1[\r][\n]"
<2017-09-26 13:07:02> DEBUG [org.apache.http.wire] http-outgoing-8 >> "Content-Type: application/json; charset=utf-8[\r][\n]"
<2017-09-26 13:07:02> DEBUG [org.apache.http.wire] http-outgoing-8 >> "Content-Length: 32[\r][\n]"
<2017-09-26 13:07:02> DEBUG [org.apache.http.wire] http-outgoing-8 >> "Host: branchtest.perfectomobile.com[\r][\n]"
<2017-09-26 13:07:02> DEBUG [org.apache.http.wire] http-outgoing-8 >> "Connection: Keep-Alive[\r][\n]"
<2017-09-26 13:07:02> DEBUG [org.apache.http.wire] http-outgoing-8 >> "User-Agent: Apache-HttpClient/4.5.2 (Java/1.8.0_121)[\r][\n]"
<2017-09-26 13:07:02> DEBUG [org.apache.http.wire] http-outgoing-8 >> "Cookie: JSESSIONID=F6E28E4994D1584E597DBDFCCCB1737E; fast_failed=true; fast_failed=true; fast_failed=true[\r][\n]"
<2017-09-26 13:07:02> DEBUG [org.apache.http.wire] http-outgoing-8 >> "Accept-Encoding: gzip,deflate[\r][\n]"
<2017-09-26 13:07:02> DEBUG [org.apache.http.wire] http-outgoing-8 >> "[\r][\n]"
<2017-09-26 13:07:02> DEBUG [org.apache.http.wire] http-outgoing-8 >> "{"id":"12","value":["Password"]}"
<2017-09-26 13:07:02> DEBUG [org.apache.http.wire] http-outgoing-6 << "HTTP/1.1 200 OK[\r][\n]"
<2017-09-26 13:07:02> DEBUG [org.apache.http.wire] http-outgoing-6 << "Server: nginx[\r][\n]"
<2017-09-26 13:07:02> DEBUG [org.apache.http.wire] http-outgoing-6 << "Date: Tue, 26 Sep 2017 10:06:58 GMT[\r][\n]"
<2017-09-26 13:07:02> DEBUG [org.apache.http.wire] http-outgoing-6 << "Content-Type: application/json;charset=utf-8[\r][\n]"
<2017-09-26 13:07:02> DEBUG [org.apache.http.wire] http-outgoing-6 << "Transfer-Encoding: chunked[\r][\n]"
<2017-09-26 13:07:02> DEBUG [org.apache.http.wire] http-outgoing-6 << "Connection: keep-alive[\r][\n]"
<2017-09-26 13:07:02> DEBUG [org.apache.http.wire] http-outgoing-6 << "Set-Cookie: JSESSIONID=F6E28E4994D1584E597DBDFCCCB1737E; Path=/nexperience/; HttpOnly[\r][\n]"
<2017-09-26 13:07:02> DEBUG [org.apache.http.wire] http-outgoing-6 << "Expires: Thu, 01 Jan 1970 00:00:00 GMT[\r][\n]"
<2017-09-26 13:07:02> DEBUG [org.apache.http.wire] http-outgoing-6 << "Cache-Control: no-cache[\r][\n]"
<2017-09-26 13:07:02> DEBUG [org.apache.http.wire] http-outgoing-6 << "Cache-Control: no-cache[\r][\n]"
<2017-09-26 13:07:02> DEBUG [org.apache.http.wire] http-outgoing-6 << "Expires: Thu, 01 Jan 1970 00:00:00 GMT[\r][\n]"
<2017-09-26 13:07:02> DEBUG [org.apache.http.wire] http-outgoing-6 << "Set-Cookie: fast_failed=true[\r][\n]"
<2017-09-26 13:07:02> DEBUG [org.apache.http.wire] http-outgoing-6 << "X-XSS-Protection: 2; mode=block[\r][\n]"
<2017-09-26 13:07:02> DEBUG [org.apache.http.wire] http-outgoing-6 << "Content-Encoding: gzip[\r][\n]"
<2017-09-26 13:07:02> DEBUG [org.apache.http.wire] http-outgoing-6 << "[\r][\n]"
<2017-09-26 13:07:02> DEBUG [org.apache.http.wire] http-outgoing-6 << "a1[\r][\n]"
<2017-09-26 13:07:02> DEBUG [org.apache.http.wire] http-outgoing-6 << "[0x1f][0x8b][0x8][0x0][0x0][0x0][0x0][0x0][0x0][0x3]-[0x8d][0xcb][0xe][0x82]0[0x10][0x0][0xff]e[0xcf][0xb4]iI[[0x1e]W[0xc3][0xc1]D=[0x18]]]>&#x7f;<![CDATA[[0xa0],[0xab][0x92]@[0x8b][0x94]z![0xfc][0xbb]{[0xf0]:[0x99][0xc9][0xec][0x90]([0xa5]1[0x86][0xf3][0x0]-[0xa8][0xbe][0xb7][0x88][0xfe])[0xaa][0x81][0x8c]0[0xae].EC[0xe][0x5][0xda][0xda]h"[0x8b][0xce]WP@[0xda][0xfc]F[0xac][0xa7][0x8c][0xc8]5[0x93][0xf7])[0xe]L[0xb4][0xd3][0x8d]uF[0xa9][0xb2][0x80][0xaf][0x9f]2[0xa3][0x1d][0xba]Kw[0xed]n[0xf][0xf6][0xb5][0x81][0xa3][0x0][0x9c]<7-[0xc4][0xf5]%[0xe3]B[0xe1][0xe3]e[0xa2][0x89][0xc2][0x98]g[0xb9][0xd2][0x1c]7[0x92]wJK[0xc][0x89][0xfe][0xaf][0xcc][0xba]:~[0xc8][0x5]@[0x96][0xab][0x0][0x0][0x0][\r][\n]"
<2017-09-26 13:07:02> DEBUG [org.apache.http.wire] http-outgoing-6 << "0[\r][\n]"
<2017-09-26 13:07:02> DEBUG [org.apache.http.wire] http-outgoing-6 << "[\r][\n]"
<2017-09-26 13:07:02> DEBUG [org.apache.http.headers] http-outgoing-6 << HTTP/1.1 200 OK
<2017-09-26 13:07:02> DEBUG [org.apache.http.headers] http-outgoing-6 << Server: nginx
<2017-09-26 13:07:02> DEBUG [org.apache.http.headers] http-outgoing-6 << Date: Tue, 26 Sep 2017 10:06:58 GMT
<2017-09-26 13:07:02> DEBUG [org.apache.http.headers] http-outgoing-6 << Content-Type: application/json;charset=utf-8
<2017-09-26 13:07:02> DEBUG [org.apache.http.headers] http-outgoing-6 << Transfer-Encoding: chunked
<2017-09-26 13:07:02> DEBUG [org.apache.http.headers] http-outgoing-6 << Connection: keep-alive
<2017-09-26 13:07:02> DEBUG [org.apache.http.headers] http-outgoing-6 << Set-Cookie: JSESSIONID=F6E28E4994D1584E597DBDFCCCB1737E; Path=/nexperience/; HttpOnly
<2017-09-26 13:07:02> DEBUG [org.apache.http.headers] http-outgoing-6 << Expires: Thu, 01 Jan 1970 00:00:00 GMT
<2017-09-26 13:07:02> DEBUG [org.apache.http.headers] http-outgoing-6 << Cache-Control: no-cache
<2017-09-26 13:07:02> DEBUG [org.apache.http.headers] http-outgoing-6 << Cache-Control: no-cache
<2017-09-26 13:07:02> DEBUG [org.apache.http.headers] http-outgoing-6 << Expires: Thu, 01 Jan 1970 00:00:00 GMT
<2017-09-26 13:07:02> DEBUG [org.apache.http.headers] http-outgoing-6 << Set-Cookie: fast_failed=true
<2017-09-26 13:07:02> DEBUG [org.apache.http.headers] http-outgoing-6 << X-XSS-Protection: 2; mode=block
<2017-09-26 13:07:02> DEBUG [org.apache.http.headers] http-outgoing-6 << Content-Encoding: gzip
<2017-09-26 13:07:02> DEBUG [o.a.h.i.execchain.MainClientExec] Connection can be kept alive indefinitely
<2017-09-26 13:07:02> DEBUG [o.a.h.c.p.ResponseProcessCookies] Cookie accepted [JSESSIONID="F6E28E4994D1584E597DBDFCCCB1737E", version:0, domain:branchtest.perfectomobile.com, path:/nexperience/, expiry:null]
<2017-09-26 13:07:02> DEBUG [o.a.h.c.p.ResponseProcessCookies] Cookie accepted [fast_failed="true", version:0, domain:branchtest.perfectomobile.com, path:/nexperience/perfectomobile/wd/hub/session/0bb5ccaf-7de4-4682-9e6c-c5841ee5c6a7, expiry:null]
<2017-09-26 13:07:02> DEBUG [o.a.h.i.c.PoolingHttpClientConnectionManager] Connection [id: 6][route: {s}->https://branchtest.perfectomobile.com:443] can be kept alive indefinitely
<2017-09-26 13:07:02> DEBUG [o.a.h.i.c.PoolingHttpClientConnectionManager] Connection released: [id: 6][route: {s}->https://branchtest.perfectomobile.com:443][total kept alive: 1; route allocated: 3 of 2000; total allocated: 3 of 2000]
<2017-09-26 13:07:02> DEBUG [o.a.h.c.p.RequestAddCookies] CookieSpec selected: default
<2017-09-26 13:07:02> DEBUG [o.a.h.c.p.RequestAddCookies] Cookie [version: 0][name: JSESSIONID][value: F6E28E4994D1584E597DBDFCCCB1737E][domain: branchtest.perfectomobile.com][path: /nexperience/][expiry: null] match [(secure)branchtest.perfectomobile.com:443/nexperience/perfectomobile/wd/hub/session/0bb5ccaf-7de4-4682-9e6c-c5841ee5c6a7/element/14/click]
<2017-09-26 13:07:02> DEBUG [o.a.h.c.p.RequestAddCookies] Cookie [version: 0][name: fast_failed][value: true][domain: branchtest.perfectomobile.com][path: /nexperience/perfectomobile/wd/hub][expiry: null] match [(secure)branchtest.perfectomobile.com:443/nexperience/perfectomobile/wd/hub/session/0bb5ccaf-7de4-4682-9e6c-c5841ee5c6a7/element/14/click]
<2017-09-26 13:07:02> DEBUG [o.a.h.c.p.RequestAddCookies] Cookie [version: 0][name: fast_failed][value: true][domain: branchtest.perfectomobile.com][path: /nexperience/perfectomobile/wd/hub/session][expiry: null] match [(secure)branchtest.perfectomobile.com:443/nexperience/perfectomobile/wd/hub/session/0bb5ccaf-7de4-4682-9e6c-c5841ee5c6a7/element/14/click]
<2017-09-26 13:07:02> DEBUG [o.a.h.c.p.RequestAddCookies] Cookie [version: 0][name: fast_failed][value: true][domain: branchtest.perfectomobile.com][path: /nexperience/perfectomobile/wd/hub/session/0bb5ccaf-7de4-4682-9e6c-c5841ee5c6a7][expiry: null] match [(secure)branchtest.perfectomobile.com:443/nexperience/perfectomobile/wd/hub/session/0bb5ccaf-7de4-4682-9e6c-c5841ee5c6a7/element/14/click]
<2017-09-26 13:07:02> DEBUG [o.a.h.c.p.RequestAuthCache] Auth cache not set in the context
<2017-09-26 13:07:02> DEBUG [o.a.h.i.c.PoolingHttpClientConnectionManager] Connection request: [route: {s}->https://branchtest.perfectomobile.com:443][total kept alive: 1; route allocated: 3 of 2000; total allocated: 3 of 2000]
<2017-09-26 13:07:02> DEBUG [o.a.h.i.c.PoolingHttpClientConnectionManager] Connection leased: [id: 6][route: {s}->https://branchtest.perfectomobile.com:443][total kept alive: 0; route allocated: 3 of 2000; total allocated: 3 of 2000]
<2017-09-26 13:07:02> DEBUG [o.a.h.i.execchain.MainClientExec] Stale connection check
<2017-09-26 13:07:02> DEBUG [org.apache.http.wire] http-outgoing-6 << "[read] I/O error: Read timed out"
<2017-09-26 13:07:02> DEBUG [o.a.h.i.c.DefaultManagedHttpClientConnection] http-outgoing-6: set socket timeout to 10800000
<2017-09-26 13:07:02> DEBUG [o.a.h.i.execchain.MainClientExec] Executing request POST /nexperience/perfectomobile/wd/hub/session/0bb5ccaf-7de4-4682-9e6c-c5841ee5c6a7/element/14/click HTTP/1.1
<2017-09-26 13:07:02> DEBUG [o.a.h.i.execchain.MainClientExec] Target auth state: UNCHALLENGED
<2017-09-26 13:07:02> DEBUG [o.a.h.i.execchain.MainClientExec] Proxy auth state: UNCHALLENGED
<2017-09-26 13:07:02> DEBUG [org.apache.http.headers] http-outgoing-6 >> POST /nexperience/perfectomobile/wd/hub/session/0bb5ccaf-7de4-4682-9e6c-c5841ee5c6a7/element/14/click HTTP/1.1
<2017-09-26 13:07:02> DEBUG [org.apache.http.headers] http-outgoing-6 >> Content-Type: application/json; charset=utf-8
<2017-09-26 13:07:02> DEBUG [org.apache.http.headers] http-outgoing-6 >> Content-Length: 11
<2017-09-26 13:07:02> DEBUG [org.apache.http.headers] http-outgoing-6 >> Host: branchtest.perfectomobile.com
<2017-09-26 13:07:02> DEBUG [org.apache.http.headers] http-outgoing-6 >> Connection: Keep-Alive
<2017-09-26 13:07:02> DEBUG [org.apache.http.headers] http-outgoing-6 >> User-Agent: Apache-HttpClient/4.5.2 (Java/1.8.0_121)
<2017-09-26 13:07:02> DEBUG [org.apache.http.headers] http-outgoing-6 >> Cookie: JSESSIONID=F6E28E4994D1584E597DBDFCCCB1737E; fast_failed=true; fast_failed=true; fast_failed=true
<2017-09-26 13:07:02> DEBUG [org.apache.http.headers] http-outgoing-6 >> Accept-Encoding: gzip,deflate
<2017-09-26 13:07:02> DEBUG [org.apache.http.wire] http-outgoing-6 >> "POST /nexperience/perfectomobile/wd/hub/session/0bb5ccaf-7de4-4682-9e6c-c5841ee5c6a7/element/14/click HTTP/1.1[\r][\n]"
<2017-09-26 13:07:02> DEBUG [org.apache.http.wire] http-outgoing-6 >> "Content-Type: application/json; charset=utf-8[\r][\n]"
<2017-09-26 13:07:02> DEBUG [org.apache.http.wire] http-outgoing-6 >> "Content-Length: 11[\r][\n]"
<2017-09-26 13:07:02> DEBUG [org.apache.http.wire] http-outgoing-6 >> "Host: branchtest.perfectomobile.com[\r][\n]"
<2017-09-26 13:07:02> DEBUG [org.apache.http.wire] http-outgoing-6 >> "Connection: Keep-Alive[\r][\n]"
<2017-09-26 13:07:02> DEBUG [org.apache.http.wire] http-outgoing-6 >> "User-Agent: Apache-HttpClient/4.5.2 (Java/1.8.0_121)[\r][\n]"
<2017-09-26 13:07:02> DEBUG [org.apache.http.wire] http-outgoing-6 >> "Cookie: JSESSIONID=F6E28E4994D1584E597DBDFCCCB1737E; fast_failed=true; fast_failed=true; fast_failed=true[\r][\n]"
<2017-09-26 13:07:02> DEBUG [org.apache.http.wire] http-outgoing-6 >> "Accept-Encoding: gzip,deflate[\r][\n]"
<2017-09-26 13:07:02> DEBUG [org.apache.http.wire] http-outgoing-6 >> "[\r][\n]"
<2017-09-26 13:07:02> DEBUG [org.apache.http.wire] http-outgoing-6 >> "{"id":"14"}"
<2017-09-26 13:07:02> DEBUG [org.apache.http.wire] http-outgoing-5 << "HTTP/1.1 200 OK[\r][\n]"
<2017-09-26 13:07:02> DEBUG [org.apache.http.wire] http-outgoing-5 << "Server: nginx[\r][\n]"
<2017-09-26 13:07:02> DEBUG [org.apache.http.wire] http-outgoing-5 << "Date: Tue, 26 Sep 2017 10:06:58 GMT[\r][\n]"
<2017-09-26 13:07:02> DEBUG [org.apache.http.wire] http-outgoing-5 << "Content-Type: application/json;charset=utf-8[\r][\n]"
<2017-09-26 13:07:02> DEBUG [org.apache.http.wire] http-outgoing-5 << "Transfer-Encoding: chunked[\r][\n]"
<2017-09-26 13:07:02> DEBUG [org.apache.http.wire] http-outgoing-5 << "Connection: keep-alive[\r][\n]"
<2017-09-26 13:07:02> DEBUG [org.apache.http.wire] http-outgoing-5 << "Set-Cookie: JSESSIONID=F6E28E4994D1584E597DBDFCCCB1737E; Path=/nexperience/; HttpOnly[\r][\n]"
<2017-09-26 13:07:02> DEBUG [org.apache.http.wire] http-outgoing-5 << "Expires: Thu, 01 Jan 1970 00:00:00 GMT[\r][\n]"
<2017-09-26 13:07:02> DEBUG [org.apache.http.wire] http-outgoing-5 << "Cache-Control: no-cache[\r][\n]"
<2017-09-26 13:07:02> DEBUG [org.apache.http.wire] http-outgoing-5 << "Cache-Control: no-cache[\r][\n]"
<2017-09-26 13:07:02> DEBUG [org.apache.http.wire] http-outgoing-5 << "Expires: Thu, 01 Jan 1970 00:00:00 GMT[\r][\n]"
<2017-09-26 13:07:02> DEBUG [org.apache.http.wire] http-outgoing-5 << "Set-Cookie: fast_failed=true[\r][\n]"
<2017-09-26 13:07:02> DEBUG [org.apache.http.wire] http-outgoing-5 << "X-XSS-Protection: 2; mode=block[\r][\n]"
<2017-09-26 13:07:02> DEBUG [org.apache.http.wire] http-outgoing-5 << "Content-Encoding: gzip[\r][\n]"
<2017-09-26 13:07:02> DEBUG [org.apache.http.wire] http-outgoing-5 << "[\r][\n]"
<2017-09-26 13:07:02> DEBUG [org.apache.http.wire] http-outgoing-5 << "95[\r][\n]"
<2017-09-26 13:07:02> DEBUG [org.apache.http.wire] http-outgoing-5 << "[0x1f][0x8b][0x8][0x0][0x0][0x0][0x0][0x0][0x0][0x3]-[0x8c]1[0x12][0xc2]0[0xc][0x4][0xff][0xa2]:[0xf1][0xd8]`[0x82]IKE[0xcb][0xf][0x14]Y[0x81][0xcc]8v[0x88]l[0x1a][0x86][0xbf][0xa3][0x82][0xf2]vv[0xef][0x3][0xc2]"K[0xc9][0xb7][0x8]#[0x10]N[0xe4][0xac];[0xf7][0x97][0x3][0xdb][0xde][0xf3]D}[0x88]:[0xe7]y[0x8e][0xe8][0xc8][0xbb]#[0xe][0xd0][0x81]T[0xac][0xac][0xba]4"[0xad][0x95]<[0xaf]%*q'[0xeb][0x82][0xf]C[0xf0][0x1d][0xbc]15E[0xb9][0xa5][0xd4][0x1]%To[0x84][0xb2]?L[0xd9]8[0xbf][0xd0][0x8]'[0xce]K[[0xcd][0xce]k[0xa9]l[0xee],[[0xc9][0xc2][0xff][0xff][0xa6][0xba][0xfd][0xfe][0x0][0xa0][0xac][0xb0][0xdc][0x9f][0x0][0x0][0x0][\r][\n]"
<2017-09-26 13:07:02> DEBUG [org.apache.http.wire] http-outgoing-5 << "0[\r][\n]"
<2017-09-26 13:07:02> DEBUG [org.apache.http.wire] http-outgoing-5 << "[\r][\n]"
<2017-09-26 13:07:02> DEBUG [org.apache.http.headers] http-outgoing-5 << HTTP/1.1 200 OK
<2017-09-26 13:07:02> DEBUG [org.apache.http.headers] http-outgoing-5 << Server: nginx
<2017-09-26 13:07:02> DEBUG [org.apache.http.headers] http-outgoing-5 << Date: Tue, 26 Sep 2017 10:06:58 GMT
<2017-09-26 13:07:02> DEBUG [org.apache.http.headers] http-outgoing-5 << Content-Type: application/json;charset=utf-8
<2017-09-26 13:07:02> DEBUG [org.apache.http.headers] http-outgoing-5 << Transfer-Encoding: chunked
<2017-09-26 13:07:02> DEBUG [org.apache.http.headers] http-outgoing-5 << Connection: keep-alive
<2017-09-26 13:07:02> DEBUG [org.apache.http.headers] http-outgoing-5 << Set-Cookie: JSESSIONID=F6E28E4994D1584E597DBDFCCCB1737E; Path=/nexperience/; HttpOnly
<2017-09-26 13:07:02> DEBUG [org.apache.http.headers] http-outgoing-5 << Expires: Thu, 01 Jan 1970 00:00:00 GMT
<2017-09-26 13:07:02> DEBUG [org.apache.http.headers] http-outgoing-5 << Cache-Control: no-cache
<2017-09-26 13:07:02> DEBUG [org.apache.http.headers] http-outgoing-5 << Cache-Control: no-cache
<2017-09-26 13:07:02> DEBUG [org.apache.http.headers] http-outgoing-5 << Expires: Thu, 01 Jan 1970 00:00:00 GMT
<2017-09-26 13:07:02> DEBUG [org.apache.http.headers] http-outgoing-5 << Set-Cookie: fast_failed=true
<2017-09-26 13:07:02> DEBUG [org.apache.http.headers] http-outgoing-5 << X-XSS-Protection: 2; mode=block
<2017-09-26 13:07:02> DEBUG [org.apache.http.headers] http-outgoing-5 << Content-Encoding: gzip
<2017-09-26 13:07:02> DEBUG [o.a.h.i.execchain.MainClientExec] Connection can be kept alive indefinitely
<2017-09-26 13:07:02> DEBUG [o.a.h.c.p.ResponseProcessCookies] Cookie accepted [JSESSIONID="F6E28E4994D1584E597DBDFCCCB1737E", version:0, domain:branchtest.perfectomobile.com, path:/nexperience/, expiry:null]
<2017-09-26 13:07:02> DEBUG [o.a.h.c.p.ResponseProcessCookies] Cookie accepted [fast_failed="true", version:0, domain:branchtest.perfectomobile.com, path:/nexperience/perfectomobile/wd/hub/session/cabc1017-92e0-4ebc-8d17-fffda1c413a6/element/9, expiry:null]
<2017-09-26 13:07:02> DEBUG [o.a.h.i.c.PoolingHttpClientConnectionManager] Connection [id: 5][route: {s}->https://branchtest.perfectomobile.com:443] can be kept alive indefinitely
<2017-09-26 13:07:02> DEBUG [o.a.h.i.c.PoolingHttpClientConnectionManager] Connection released: [id: 5][route: {s}->https://branchtest.perfectomobile.com:443][total kept alive: 1; route allocated: 3 of 2000; total allocated: 3 of 2000]
<2017-09-26 13:07:02> DEBUG [o.a.h.c.p.RequestAddCookies] CookieSpec selected: default
<2017-09-26 13:07:02> DEBUG [o.a.h.c.p.RequestAddCookies] Cookie [version: 0][name: JSESSIONID][value: F6E28E4994D1584E597DBDFCCCB1737E][domain: branchtest.perfectomobile.com][path: /nexperience/][expiry: null] match [(secure)branchtest.perfectomobile.com:443/nexperience/perfectomobile/wd/hub/session/cabc1017-92e0-4ebc-8d17-fffda1c413a6/element]
<2017-09-26 13:07:02> DEBUG [o.a.h.c.p.RequestAddCookies] Cookie [version: 0][name: fast_failed][value: true][domain: branchtest.perfectomobile.com][path: /nexperience/perfectomobile/wd/hub][expiry: null] match [(secure)branchtest.perfectomobile.com:443/nexperience/perfectomobile/wd/hub/session/cabc1017-92e0-4ebc-8d17-fffda1c413a6/element]
<2017-09-26 13:07:02> DEBUG [o.a.h.c.p.RequestAddCookies] Cookie [version: 0][name: fast_failed][value: true][domain: branchtest.perfectomobile.com][path: /nexperience/perfectomobile/wd/hub/session][expiry: null] match [(secure)branchtest.perfectomobile.com:443/nexperience/perfectomobile/wd/hub/session/cabc1017-92e0-4ebc-8d17-fffda1c413a6/element]
<2017-09-26 13:07:02> DEBUG [o.a.h.c.p.RequestAddCookies] Cookie [version: 0][name: fast_failed][value: true][domain: branchtest.perfectomobile.com][path: /nexperience/perfectomobile/wd/hub/session/cabc1017-92e0-4ebc-8d17-fffda1c413a6][expiry: null] match [(secure)branchtest.perfectomobile.com:443/nexperience/perfectomobile/wd/hub/session/cabc1017-92e0-4ebc-8d17-fffda1c413a6/element]
<2017-09-26 13:07:02> DEBUG [o.a.h.c.p.RequestAuthCache] Auth cache not set in the context
<2017-09-26 13:07:02> DEBUG [o.a.h.i.c.PoolingHttpClientConnectionManager] Connection request: [route: {s}->https://branchtest.perfectomobile.com:443][total kept alive: 1; route allocated: 3 of 2000; total allocated: 3 of 2000]
<2017-09-26 13:07:02> DEBUG [o.a.h.i.c.PoolingHttpClientConnectionManager] Connection leased: [id: 5][route: {s}->https://branchtest.perfectomobile.com:443][total kept alive: 0; route allocated: 3 of 2000; total allocated: 3 of 2000]
<2017-09-26 13:07:02> DEBUG [o.a.h.i.execchain.MainClientExec] Stale connection check
<2017-09-26 13:07:02> DEBUG [org.apache.http.wire] http-outgoing-5 << "[read] I/O error: Read timed out"
<2017-09-26 13:07:02> DEBUG [o.a.h.i.c.DefaultManagedHttpClientConnection] http-outgoing-5: set socket timeout to 10800000
<2017-09-26 13:07:02> DEBUG [o.a.h.i.execchain.MainClientExec] Executing request POST /nexperience/perfectomobile/wd/hub/session/cabc1017-92e0-4ebc-8d17-fffda1c413a6/element HTTP/1.1
<2017-09-26 13:07:02> DEBUG [o.a.h.i.execchain.MainClientExec] Target auth state: UNCHALLENGED
<2017-09-26 13:07:02> DEBUG [o.a.h.i.execchain.MainClientExec] Proxy auth state: UNCHALLENGED
<2017-09-26 13:07:02> DEBUG [org.apache.http.headers] http-outgoing-5 >> POST /nexperience/perfectomobile/wd/hub/session/cabc1017-92e0-4ebc-8d17-fffda1c413a6/element HTTP/1.1
<2017-09-26 13:07:02> DEBUG [org.apache.http.headers] http-outgoing-5 >> Content-Type: application/json; charset=utf-8
<2017-09-26 13:07:02> DEBUG [org.apache.http.headers] http-outgoing-5 >> Content-Length: 72
<2017-09-26 13:07:02> DEBUG [org.apache.http.headers] http-outgoing-5 >> Host: branchtest.perfectomobile.com
<2017-09-26 13:07:02> DEBUG [org.apache.http.headers] http-outgoing-5 >> Connection: Keep-Alive
<2017-09-26 13:07:02> DEBUG [org.apache.http.headers] http-outgoing-5 >> User-Agent: Apache-HttpClient/4.5.2 (Java/1.8.0_121)
<2017-09-26 13:07:02> DEBUG [org.apache.http.headers] http-outgoing-5 >> Cookie: JSESSIONID=F6E28E4994D1584E597DBDFCCCB1737E; fast_failed=true; fast_failed=true; fast_failed=true
<2017-09-26 13:07:02> DEBUG [org.apache.http.headers] http-outgoing-5 >> Accept-Encoding: gzip,deflate
<2017-09-26 13:07:02> DEBUG [org.apache.http.wire] http-outgoing-5 >> "POST /nexperience/perfectomobile/wd/hub/session/cabc1017-92e0-4ebc-8d17-fffda1c413a6/element HTTP/1.1[\r][\n]"
<2017-09-26 13:07:02> DEBUG [org.apache.http.wire] http-outgoing-5 >> "Content-Type: application/json; charset=utf-8[\r][\n]"
<2017-09-26 13:07:02> DEBUG [org.apache.http.wire] http-outgoing-5 >> "Content-Length: 72[\r][\n]"
<2017-09-26 13:07:02> DEBUG [org.apache.http.wire] http-outgoing-5 >> "Host: branchtest.perfectomobile.com[\r][\n]"
<2017-09-26 13:07:02> DEBUG [org.apache.http.wire] http-outgoing-5 >> "Connection: Keep-Alive[\r][\n]"
<2017-09-26 13:07:02> DEBUG [org.apache.http.wire] http-outgoing-5 >> "User-Agent: Apache-HttpClient/4.5.2 (Java/1.8.0_121)[\r][\n]"
<2017-09-26 13:07:02> DEBUG [org.apache.http.wire] http-outgoing-5 >> "Cookie: JSESSIONID=F6E28E4994D1584E597DBDFCCCB1737E; fast_failed=true; fast_failed=true; fast_failed=true[\r][\n]"
<2017-09-26 13:07:02> DEBUG [org.apache.http.wire] http-outgoing-5 >> "Accept-Encoding: gzip,deflate[\r][\n]"
<2017-09-26 13:07:02> DEBUG [org.apache.http.wire] http-outgoing-5 >> "[\r][\n]"
<2017-09-26 13:07:02> DEBUG [org.apache.http.wire] http-outgoing-5 >> "{"using":"xpath","value":"//*[@id=\"register_form\"]/fieldset[7]/input"}"
<2017-09-26 13:07:02> DEBUG [org.apache.http.wire] http-outgoing-5 << "HTTP/1.1 200 OK[\r][\n]"
<2017-09-26 13:07:02> DEBUG [org.apache.http.wire] http-outgoing-5 << "Server: nginx[\r][\n]"
<2017-09-26 13:07:02> DEBUG [org.apache.http.wire] http-outgoing-5 << "Date: Tue, 26 Sep 2017 10:06:58 GMT[\r][\n]"
<2017-09-26 13:07:02> DEBUG [org.apache.http.wire] http-outgoing-5 << "Content-Type: application/json;charset=utf-8[\r][\n]"
<2017-09-26 13:07:02> DEBUG [org.apache.http.wire] http-outgoing-5 << "Transfer-Encoding: chunked[\r][\n]"
<2017-09-26 13:07:02> DEBUG [org.apache.http.wire] http-outgoing-5 << "Connection: keep-alive[\r][\n]"
<2017-09-26 13:07:02> DEBUG [org.apache.http.wire] http-outgoing-5 << "Set-Cookie: JSESSIONID=F6E28E4994D1584E597DBDFCCCB1737E; Path=/nexperience/; HttpOnly[\r][\n]"
<2017-09-26 13:07:02> DEBUG [org.apache.http.wire] http-outgoing-5 << "Expires: Thu, 01 Jan 1970 00:00:00 GMT[\r][\n]"
<2017-09-26 13:07:02> DEBUG [org.apache.http.wire] http-outgoing-5 << "Cache-Control: no-cache[\r][\n]"
<2017-09-26 13:07:02> DEBUG [org.apache.http.wire] http-outgoing-5 << "Cache-Control: no-cache[\r][\n]"
<2017-09-26 13:07:02> DEBUG [org.apache.http.wire] http-outgoing-5 << "Expires: Thu, 01 Jan 1970 00:00:00 GMT[\r][\n]"
<2017-09-26 13:07:02> DEBUG [org.apache.http.wire] http-outgoing-5 << "Set-Cookie: fast_failed=true[\r][\n]"
<2017-09-26 13:07:02> DEBUG [org.apache.http.wire] http-outgoing-5 << "X-XSS-Protection: 2; mode=block[\r][\n]"
<2017-09-26 13:07:02> DEBUG [org.apache.http.wire] http-outgoing-5 << "Content-Encoding: gzip[\r][\n]"
<2017-09-26 13:07:02> DEBUG [org.apache.http.wire] http-outgoing-5 << "[\r][\n]"
<2017-09-26 13:07:02> DEBUG [org.apache.http.wire] http-outgoing-5 << "a1[\r][\n]"
<2017-09-26 13:07:02> DEBUG [org.apache.http.wire] http-outgoing-5 << "[0x1f][0x8b][0x8][0x0][0x0][0x0][0x0][0x0][0x0][0x3]-[0x8d]A[0xe][0x82]0[0x10]E[0xef]2khZ@D[0xb6][0x86][0x85][0x89][0xba]0^[0xa0]L[0x7]%)-2[0xd4][\r][0xe1][0xee][0xce][0xc2][0xe5]]]>&#x7f;<![CDATA[y/]]>&#x7f;<![CDATA[[0x3]&[0xe6]1[0x86][0x8b][0x83][0x16][0xd0][0xf6]h[0xb4]9[0xe6][0xa7][0x82]t^Q[0x8f]y[0xe3]d[0xe][0xc3][0xe0][0xac][0xc1][0xca][0x94][0xb6][0x86][0xc]x[0xb5]+[0x89][0xce][0x9]Qj![0xef]stB[0x9a]Ci[0xb4].[0xea]*[0x83][0xaf][0xf5]I[0xc8][0x6][0xdd][0xb5][0xbb]u[0xf7][0xa7][0xe8]F[0xc3][0x9e][0x1]z+I[0xb]qy[0xa9]8S[0xf8]X[0xc5][0xe4])[0x8c]iR[0xb]Mq%[0xf5] [0x9e]c`[0xfa]_%[0xd1][0xf5][0xfe][0x3]mv][0xbb][0xaa][0x0][0x0][0x0][\r][\n]"
<2017-09-26 13:07:02> DEBUG [org.apache.http.wire] http-outgoing-5 << "0[\r][\n]"
<2017-09-26 13:07:02> DEBUG [org.apache.http.wire] http-outgoing-5 << "[\r][\n]"
<2017-09-26 13:07:02> DEBUG [org.apache.http.headers] http-outgoing-5 << HTTP/1.1 200 OK
<2017-09-26 13:07:02> DEBUG [org.apache.http.headers] http-outgoing-5 << Server: nginx
<2017-09-26 13:07:02> DEBUG [org.apache.http.headers] http-outgoing-5 << Date: Tue, 26 Sep 2017 10:06:58 GMT
<2017-09-26 13:07:02> DEBUG [org.apache.http.headers] http-outgoing-5 << Content-Type: application/json;charset=utf-8
<2017-09-26 13:07:02> DEBUG [org.apache.http.headers] http-outgoing-5 << Transfer-Encoding: chunked
<2017-09-26 13:07:02> DEBUG [org.apache.http.headers] http-outgoing-5 << Connection: keep-alive
<2017-09-26 13:07:02> DEBUG [org.apache.http.headers] http-outgoing-5 << Set-Cookie: JSESSIONID=F6E28E4994D1584E597DBDFCCCB1737E; Path=/nexperience/; HttpOnly
<2017-09-26 13:07:02> DEBUG [org.apache.http.headers] http-outgoing-5 << Expires: Thu, 01 Jan 1970 00:00:00 GMT
<2017-09-26 13:07:02> DEBUG [org.apache.http.headers] http-outgoing-5 << Cache-Control: no-cache
<2017-09-26 13:07:02> DEBUG [org.apache.http.headers] http-outgoing-5 << Cache-Control: no-cache
<2017-09-26 13:07:02> DEBUG [org.apache.http.headers] http-outgoing-5 << Expires: Thu, 01 Jan 1970 00:00:00 GMT
<2017-09-26 13:07:02> DEBUG [org.apache.http.headers] http-outgoing-5 << Set-Cookie: fast_failed=true
<2017-09-26 13:07:02> DEBUG [org.apache.http.headers] http-outgoing-5 << X-XSS-Protection: 2; mode=block
<2017-09-26 13:07:02> DEBUG [org.apache.http.headers] http-outgoing-5 << Content-Encoding: gzip
<2017-09-26 13:07:02> DEBUG [o.a.h.i.execchain.MainClientExec] Connection can be kept alive indefinitely
<2017-09-26 13:07:02> DEBUG [o.a.h.c.p.ResponseProcessCookies] Cookie accepted [JSESSIONID="F6E28E4994D1584E597DBDFCCCB1737E", version:0, domain:branchtest.perfectomobile.com, path:/nexperience/, expiry:null]
<2017-09-26 13:07:02> DEBUG [o.a.h.c.p.ResponseProcessCookies] Cookie accepted [fast_failed="true", version:0, domain:branchtest.perfectomobile.com, path:/nexperience/perfectomobile/wd/hub/session/cabc1017-92e0-4ebc-8d17-fffda1c413a6, expiry:null]
<2017-09-26 13:07:02> DEBUG [o.a.h.i.c.PoolingHttpClientConnectionManager] Connection [id: 5][route: {s}->https://branchtest.perfectomobile.com:443] can be kept alive indefinitely
<2017-09-26 13:07:02> DEBUG [o.a.h.i.c.PoolingHttpClientConnectionManager] Connection released: [id: 5][route: {s}->https://branchtest.perfectomobile.com:443][total kept alive: 1; route allocated: 3 of 2000; total allocated: 3 of 2000]
<2017-09-26 13:07:02> DEBUG [o.a.h.c.p.RequestAddCookies] CookieSpec selected: default
<2017-09-26 13:07:02> DEBUG [o.a.h.c.p.RequestAddCookies] Cookie [version: 0][name: JSESSIONID][value: F6E28E4994D1584E597DBDFCCCB1737E][domain: branchtest.perfectomobile.com][path: /nexperience/][expiry: null] match [(secure)branchtest.perfectomobile.com:443/nexperience/perfectomobile/wd/hub/session/cabc1017-92e0-4ebc-8d17-fffda1c413a6/element/10/value]
<2017-09-26 13:07:02> DEBUG [o.a.h.c.p.RequestAddCookies] Cookie [version: 0][name: fast_failed][value: true][domain: branchtest.perfectomobile.com][path: /nexperience/perfectomobile/wd/hub][expiry: null] match [(secure)branchtest.perfectomobile.com:443/nexperience/perfectomobile/wd/hub/session/cabc1017-92e0-4ebc-8d17-fffda1c413a6/element/10/value]
<2017-09-26 13:07:02> DEBUG [o.a.h.c.p.RequestAddCookies] Cookie [version: 0][name: fast_failed][value: true][domain: branchtest.perfectomobile.com][path: /nexperience/perfectomobile/wd/hub/session][expiry: null] match [(secure)branchtest.perfectomobile.com:443/nexperience/perfectomobile/wd/hub/session/cabc1017-92e0-4ebc-8d17-fffda1c413a6/element/10/value]
<2017-09-26 13:07:02> DEBUG [o.a.h.c.p.RequestAddCookies] Cookie [version: 0][name: fast_failed][value: true][domain: branchtest.perfectomobile.com][path: /nexperience/perfectomobile/wd/hub/session/cabc1017-92e0-4ebc-8d17-fffda1c413a6][expiry: null] match [(secure)branchtest.perfectomobile.com:443/nexperience/perfectomobile/wd/hub/session/cabc1017-92e0-4ebc-8d17-fffda1c413a6/element/10/value]
<2017-09-26 13:07:02> DEBUG [o.a.h.c.p.RequestAuthCache] Auth cache not set in the context
<2017-09-26 13:07:02> DEBUG [o.a.h.i.c.PoolingHttpClientConnectionManager] Connection request: [route: {s}->https://branchtest.perfectomobile.com:443][total kept alive: 1; route allocated: 3 of 2000; total allocated: 3 of 2000]
<2017-09-26 13:07:02> DEBUG [o.a.h.i.c.PoolingHttpClientConnectionManager] Connection leased: [id: 5][route: {s}->https://branchtest.perfectomobile.com:443][total kept alive: 0; route allocated: 3 of 2000; total allocated: 3 of 2000]
<2017-09-26 13:07:02> DEBUG [o.a.h.i.execchain.MainClientExec] Stale connection check
<2017-09-26 13:07:02> DEBUG [org.apache.http.wire] http-outgoing-5 << "[read] I/O error: Read timed out"
<2017-09-26 13:07:02> DEBUG [o.a.h.i.c.DefaultManagedHttpClientConnection] http-outgoing-5: set socket timeout to 10800000
<2017-09-26 13:07:02> DEBUG [o.a.h.i.execchain.MainClientExec] Executing request POST /nexperience/perfectomobile/wd/hub/session/cabc1017-92e0-4ebc-8d17-fffda1c413a6/element/10/value HTTP/1.1
<2017-09-26 13:07:02> DEBUG [o.a.h.i.execchain.MainClientExec] Target auth state: UNCHALLENGED
<2017-09-26 13:07:02> DEBUG [o.a.h.i.execchain.MainClientExec] Proxy auth state: UNCHALLENGED
<2017-09-26 13:07:02> DEBUG [org.apache.http.headers] http-outgoing-5 >> POST /nexperience/perfectomobile/wd/hub/session/cabc1017-92e0-4ebc-8d17-fffda1c413a6/element/10/value HTTP/1.1
<2017-09-26 13:07:02> DEBUG [org.apache.http.headers] http-outgoing-5 >> Content-Type: application/json; charset=utf-8
<2017-09-26 13:07:02> DEBUG [org.apache.http.headers] http-outgoing-5 >> Content-Length: 32
<2017-09-26 13:07:02> DEBUG [org.apache.http.headers] http-outgoing-5 >> Host: branchtest.perfectomobile.com
<2017-09-26 13:07:02> DEBUG [org.apache.http.headers] http-outgoing-5 >> Connection: Keep-Alive
<2017-09-26 13:07:02> DEBUG [org.apache.http.headers] http-outgoing-5 >> User-Agent: Apache-HttpClient/4.5.2 (Java/1.8.0_121)
<2017-09-26 13:07:02> DEBUG [org.apache.http.headers] http-outgoing-5 >> Cookie: JSESSIONID=F6E28E4994D1584E597DBDFCCCB1737E; fast_failed=true; fast_failed=true; fast_failed=true
<2017-09-26 13:07:02> DEBUG [org.apache.http.headers] http-outgoing-5 >> Accept-Encoding: gzip,deflate
<2017-09-26 13:07:02> DEBUG [org.apache.http.wire] http-outgoing-5 >> "POST /nexperience/perfectomobile/wd/hub/session/cabc1017-92e0-4ebc-8d17-fffda1c413a6/element/10/value HTTP/1.1[\r][\n]"
<2017-09-26 13:07:02> DEBUG [org.apache.http.wire] http-outgoing-5 >> "Content-Type: application/json; charset=utf-8[\r][\n]"
<2017-09-26 13:07:02> DEBUG [org.apache.http.wire] http-outgoing-5 >> "Content-Length: 32[\r][\n]"
<2017-09-26 13:07:02> DEBUG [org.apache.http.wire] http-outgoing-5 >> "Host: branchtest.perfectomobile.com[\r][\n]"
<2017-09-26 13:07:02> DEBUG [org.apache.http.wire] http-outgoing-5 >> "Connection: Keep-Alive[\r][\n]"
<2017-09-26 13:07:02> DEBUG [org.apache.http.wire] http-outgoing-5 >> "User-Agent: Apache-HttpClient/4.5.2 (Java/1.8.0_121)[\r][\n]"
<2017-09-26 13:07:02> DEBUG [org.apache.http.wire] http-outgoing-5 >> "Cookie: JSESSIONID=F6E28E4994D1584E597DBDFCCCB1737E; fast_failed=true; fast_failed=true; fast_failed=true[\r][\n]"
<2017-09-26 13:07:02> DEBUG [org.apache.http.wire] http-outgoing-5 >> "Accept-Encoding: gzip,deflate[\r][\n]"
<2017-09-26 13:07:02> DEBUG [org.apache.http.wire] http-outgoing-5 >> "[\r][\n]"
<2017-09-26 13:07:02> DEBUG [org.apache.http.wire] http-outgoing-5 >> "{"id":"10","value":["username"]}"
<2017-09-26 13:07:02> DEBUG [org.apache.http.wire] http-outgoing-6 << "HTTP/1.1 200 OK[\r][\n]"
<2017-09-26 13:07:02> DEBUG [org.apache.http.wire] http-outgoing-6 << "Server: nginx[\r][\n]"
<2017-09-26 13:07:02> DEBUG [org.apache.http.wire] http-outgoing-6 << "Date: Tue, 26 Sep 2017 10:06:58 GMT[\r][\n]"
<2017-09-26 13:07:02> DEBUG [org.apache.http.wire] http-outgoing-6 << "Content-Type: application/json;charset=utf-8[\r][\n]"
<2017-09-26 13:07:02> DEBUG [org.apache.http.wire] http-outgoing-6 << "Transfer-Encoding: chunked[\r][\n]"
<2017-09-26 13:07:02> DEBUG [org.apache.http.wire] http-outgoing-6 << "Connection: keep-alive[\r][\n]"
<2017-09-26 13:07:02> DEBUG [org.apache.http.wire] http-outgoing-6 << "Set-Cookie: JSESSIONID=F6E28E4994D1584E597DBDFCCCB1737E; Path=/nexperience/; HttpOnly[\r][\n]"
<2017-09-26 13:07:02> DEBUG [org.apache.http.wire] http-outgoing-6 << "Expires: Thu, 01 Jan 1970 00:00:00 GMT[\r][\n]"
<2017-09-26 13:07:02> DEBUG [org.apache.http.wire] http-outgoing-6 << "Cache-Control: no-cache[\r][\n]"
<2017-09-26 13:07:02> DEBUG [org.apache.http.wire] http-outgoing-6 << "Cache-Control: no-cache[\r][\n]"
<2017-09-26 13:07:02> DEBUG [org.apache.http.wire] http-outgoing-6 << "Expires: Thu, 01 Jan 1970 00:00:00 GMT[\r][\n]"
<2017-09-26 13:07:02> DEBUG [org.apache.http.wire] http-outgoing-6 << "Set-Cookie: fast_failed=true[\r][\n]"
<2017-09-26 13:07:02> DEBUG [org.apache.http.wire] http-outgoing-6 << "X-XSS-Protection: 2; mode=block[\r][\n]"
<2017-09-26 13:07:02> DEBUG [org.apache.http.wire] http-outgoing-6 << "Content-Encoding: gzip[\r][\n]"
<2017-09-26 13:07:02> DEBUG [org.apache.http.wire] http-outgoing-6 << "[\r][\n]"
<2017-09-26 13:07:02> DEBUG [org.apache.http.wire] http-outgoing-6 << "95[\r][\n]"
<2017-09-26 13:07:02> DEBUG [org.apache.http.wire] http-outgoing-6 << "[0x1f][0x8b][0x8][0x0][0x0][0x0][0x0][0x0][0x0][0x3]-[0xcc];[0xe][0xc2]0[0x10][0x84][0xe1][0xbb]l[0x1d][[0xe]8[0xcf][0x96][0x8a][0x96][0x1b]8[0x9b][0x1]"9v[0xc8][0xc6]4[0x88][0xbb][0xb3][0x5][0xed][0xaf]o[0xe6]C[0x2][0x91]%[0xa7][0xeb]L#[0xb9]ij[0x98][0xc3][0xdd]t3[0xbc][0xf1]m]]>&#x7f;<![CDATA[2[0x3]Z6[0xdc][0xf4][0xbe][0x6][0x1a]nCG[0x15][0xc9][0x11][0xe]([0x97][0xc2][0xac]k-[0xcf]K[0x9e][0xb5][0xd4]g_;[0xe7][0xbb][0xe1]T[0xd1];[0xc4][0xa2])[0x95][0x18]+[0xe2][0x18][0xd4][0x8d][0x94][0xf7][0x87][0xcd][0x1b][0xd2]+XADZ[0xca]jw[0xac][0xf9][0x80][0xbd]A[0xb6][0x9c][0x4][0xff][0xff][0xa2][0xdc]}]]>&#x7f;<![CDATA[]]>&#x7f;<![CDATA[&[0x94]d[0x9f][0x0][0x0][0x0][\r][\n]"
<2017-09-26 13:07:02> DEBUG [org.apache.http.wire] http-outgoing-6 << "0[\r][\n]"
<2017-09-26 13:07:02> DEBUG [org.apache.http.wire] http-outgoing-6 << "[\r][\n]"
<2017-09-26 13:07:02> DEBUG [org.apache.http.headers] http-outgoing-6 << HTTP/1.1 200 OK
<2017-09-26 13:07:02> DEBUG [org.apache.http.headers] http-outgoing-6 << Server: nginx
<2017-09-26 13:07:02> DEBUG [org.apache.http.headers] http-outgoing-6 << Date: Tue, 26 Sep 2017 10:06:58 GMT
<2017-09-26 13:07:02> DEBUG [org.apache.http.headers] http-outgoing-6 << Content-Type: application/json;charset=utf-8
<2017-09-26 13:07:02> DEBUG [org.apache.http.headers] http-outgoing-6 << Transfer-Encoding: chunked
<2017-09-26 13:07:02> DEBUG [org.apache.http.headers] http-outgoing-6 << Connection: keep-alive
<2017-09-26 13:07:02> DEBUG [org.apache.http.headers] http-outgoing-6 << Set-Cookie: JSESSIONID=F6E28E4994D1584E597DBDFCCCB1737E; Path=/nexperience/; HttpOnly
<2017-09-26 13:07:02> DEBUG [org.apache.http.headers] http-outgoing-6 << Expires: Thu, 01 Jan 1970 00:00:00 GMT
<2017-09-26 13:07:02> DEBUG [org.apache.http.headers] http-outgoing-6 << Cache-Control: no-cache
<2017-09-26 13:07:02> DEBUG [org.apache.http.headers] http-outgoing-6 << Cache-Control: no-cache
<2017-09-26 13:07:02> DEBUG [org.apache.http.headers] http-outgoing-6 << Expires: Thu, 01 Jan 1970 00:00:00 GMT
<2017-09-26 13:07:02> DEBUG [org.apache.http.headers] http-outgoing-6 << Set-Cookie: fast_failed=true
<2017-09-26 13:07:02> DEBUG [org.apache.http.headers] http-outgoing-6 << X-XSS-Protection: 2; mode=block
<2017-09-26 13:07:02> DEBUG [org.apache.http.headers] http-outgoing-6 << Content-Encoding: gzip
<2017-09-26 13:07:02> DEBUG [o.a.h.i.execchain.MainClientExec] Connection can be kept alive indefinitely
<2017-09-26 13:07:02> DEBUG [o.a.h.c.p.ResponseProcessCookies] Cookie accepted [JSESSIONID="F6E28E4994D1584E597DBDFCCCB1737E", version:0, domain:branchtest.perfectomobile.com, path:/nexperience/, expiry:null]
<2017-09-26 13:07:02> DEBUG [o.a.h.c.p.ResponseProcessCookies] Cookie accepted [fast_failed="true", version:0, domain:branchtest.perfectomobile.com, path:/nexperience/perfectomobile/wd/hub/session/0bb5ccaf-7de4-4682-9e6c-c5841ee5c6a7/element/14, expiry:null]
<2017-09-26 13:07:02> DEBUG [o.a.h.i.c.PoolingHttpClientConnectionManager] Connection [id: 6][route: {s}->https://branchtest.perfectomobile.com:443] can be kept alive indefinitely
<2017-09-26 13:07:02> DEBUG [o.a.h.i.c.PoolingHttpClientConnectionManager] Connection released: [id: 6][route: {s}->https://branchtest.perfectomobile.com:443][total kept alive: 1; route allocated: 3 of 2000; total allocated: 3 of 2000]
<2017-09-26 13:07:02> DEBUG [org.apache.http.wire] http-outgoing-8 << "HTTP/1.1 200 OK[\r][\n]"
<2017-09-26 13:07:02> DEBUG [org.apache.http.wire] http-outgoing-8 << "Server: nginx[\r][\n]"
<2017-09-26 13:07:02> DEBUG [org.apache.http.wire] http-outgoing-8 << "Date: Tue, 26 Sep 2017 10:06:59 GMT[\r][\n]"
<2017-09-26 13:07:02> DEBUG [org.apache.http.wire] http-outgoing-8 << "Content-Type: application/json;charset=utf-8[\r][\n]"
<2017-09-26 13:07:02> DEBUG [org.apache.http.wire] http-outgoing-8 << "Transfer-Encoding: chunked[\r][\n]"
<2017-09-26 13:07:02> DEBUG [org.apache.http.wire] http-outgoing-8 << "Connection: keep-alive[\r][\n]"
<2017-09-26 13:07:02> DEBUG [org.apache.http.wire] http-outgoing-8 << "Set-Cookie: JSESSIONID=F6E28E4994D1584E597DBDFCCCB1737E; Path=/nexperience/; HttpOnly[\r][\n]"
<2017-09-26 13:07:02> DEBUG [org.apache.http.wire] http-outgoing-8 << "Expires: Thu, 01 Jan 1970 00:00:00 GMT[\r][\n]"
<2017-09-26 13:07:02> DEBUG [org.apache.http.wire] http-outgoing-8 << "Cache-Control: no-cache[\r][\n]"
<2017-09-26 13:07:02> DEBUG [org.apache.http.wire] http-outgoing-8 << "Cache-Control: no-cache[\r][\n]"
<2017-09-26 13:07:02> DEBUG [org.apache.http.wire] http-outgoing-8 << "Expires: Thu, 01 Jan 1970 00:00:00 GMT[\r][\n]"
<2017-09-26 13:07:02> DEBUG [org.apache.http.wire] http-outgoing-8 << "Set-Cookie: fast_failed=true[\r][\n]"
<2017-09-26 13:07:02> DEBUG [org.apache.http.wire] http-outgoing-8 << "X-XSS-Protection: 2; mode=block[\r][\n]"
<2017-09-26 13:07:02> DEBUG [org.apache.http.wire] http-outgoing-8 << "Content-Encoding: gzip[\r][\n]"
<2017-09-26 13:07:02> DEBUG [org.apache.http.wire] http-outgoing-8 << "[\r][\n]"
<2017-09-26 13:07:02> DEBUG [org.apache.http.wire] http-outgoing-8 << "96[\r][\n]"
<2017-09-26 13:07:02> DEBUG [org.apache.http.wire] http-outgoing-8 << "[0x1f][0x8b][0x8][0x0][0x0][0x0][0x0][0x0][0x0][0x3]-[0xcc]1[0x12][0xc2] [0x10][0x85][0xe1][0xbb]l[0x1d][0x98][0xc0]B[0xc6][0xa4][0xb5][0xb2][0xf5][0x6]H[0x16][0xcd][0xc][0x81]$[0x1b]l[0x1c][0xef][0xee][0x16][0xb6][0xff]|[0xef]}[0x80][0x89]y[0xa9][0xe5]6[0xc3][0x4][0xd6]b[0xb2]88[0x15]q@[0xe5][0x92]y[0xa8]1[0x5]T[0xd1][0x8f]8^[0xcc][0x8c]&:[0xe8][0x80][0xcf]p[0x92]pn1[0xca]Z[0xca][0xeb]Zg)[0xd6]X[0xdf]{g[0x9c][0xed][0xe0][0x1d]r[0x93]TZ[0xce][0x1d][0xc4][0x1c][0xc4]MP[0x8f][0xa7][0xae][0x1b][0x95]=h[0xa6]Lei[0xab]>h[0xad]'[0xe9];[0xf1]V[0xb][0xd3][0xff][0xbf][0x9][0xef][0xbf]?[0x92]mq[0xd7][0x9f][0x0][0x0][0x0][\r][\n]"
<2017-09-26 13:07:02> DEBUG [org.apache.http.wire] http-outgoing-8 << "0[\r][\n]"
<2017-09-26 13:07:02> DEBUG [org.apache.http.wire] http-outgoing-8 << "[\r][\n]"
<2017-09-26 13:07:02> DEBUG [org.apache.http.headers] http-outgoing-8 << HTTP/1.1 200 OK
<2017-09-26 13:07:02> DEBUG [org.apache.http.headers] http-outgoing-8 << Server: nginx
<2017-09-26 13:07:02> DEBUG [org.apache.http.headers] http-outgoing-8 << Date: Tue, 26 Sep 2017 10:06:59 GMT
<2017-09-26 13:07:02> DEBUG [org.apache.http.headers] http-outgoing-8 << Content-Type: application/json;charset=utf-8
<2017-09-26 13:07:02> DEBUG [org.apache.http.headers] http-outgoing-8 << Transfer-Encoding: chunked
<2017-09-26 13:07:02> DEBUG [org.apache.http.headers] http-outgoing-8 << Connection: keep-alive
<2017-09-26 13:07:02> DEBUG [org.apache.http.headers] http-outgoing-8 << Set-Cookie: JSESSIONID=F6E28E4994D1584E597DBDFCCCB1737E; Path=/nexperience/; HttpOnly
<2017-09-26 13:07:02> DEBUG [org.apache.http.headers] http-outgoing-8 << Expires: Thu, 01 Jan 1970 00:00:00 GMT
<2017-09-26 13:07:02> DEBUG [org.apache.http.headers] http-outgoing-8 << Cache-Control: no-cache
<2017-09-26 13:07:02> DEBUG [org.apache.http.headers] http-outgoing-8 << Cache-Control: no-cache
<2017-09-26 13:07:02> DEBUG [org.apache.http.headers] http-outgoing-8 << Expires: Thu, 01 Jan 1970 00:00:00 GMT
<2017-09-26 13:07:02> DEBUG [org.apache.http.headers] http-outgoing-8 << Set-Cookie: fast_failed=true
<2017-09-26 13:07:02> DEBUG [org.apache.http.headers] http-outgoing-8 << X-XSS-Protection: 2; mode=block
<2017-09-26 13:07:02> DEBUG [org.apache.http.headers] http-outgoing-8 << Content-Encoding: gzip
<2017-09-26 13:07:02> DEBUG [o.a.h.i.execchain.MainClientExec] Connection can be kept alive indefinitely
<2017-09-26 13:07:02> DEBUG [o.a.h.c.p.ResponseProcessCookies] Cookie accepted [JSESSIONID="F6E28E4994D1584E597DBDFCCCB1737E", version:0, domain:branchtest.perfectomobile.com, path:/nexperience/, expiry:null]
<2017-09-26 13:07:02> DEBUG [o.a.h.c.p.ResponseProcessCookies] Cookie accepted [fast_failed="true", version:0, domain:branchtest.perfectomobile.com, path:/nexperience/perfectomobile/wd/hub/session/223f2364-c363-4f1b-9fa3-c593981d31c4/element/12, expiry:null]
<2017-09-26 13:07:02> DEBUG [o.a.h.i.c.PoolingHttpClientConnectionManager] Connection [id: 8][route: {s}->https://branchtest.perfectomobile.com:443] can be kept alive indefinitely
<2017-09-26 13:07:02> DEBUG [o.a.h.i.c.PoolingHttpClientConnectionManager] Connection released: [id: 8][route: {s}->https://branchtest.perfectomobile.com:443][total kept alive: 2; route allocated: 3 of 2000; total allocated: 3 of 2000]
<2017-09-26 13:07:02> DEBUG [o.a.h.c.p.RequestAddCookies] CookieSpec selected: default
<2017-09-26 13:07:02> DEBUG [o.a.h.c.p.RequestAddCookies] Cookie [version: 0][name: JSESSIONID][value: F6E28E4994D1584E597DBDFCCCB1737E][domain: branchtest.perfectomobile.com][path: /nexperience/][expiry: null] match [(secure)branchtest.perfectomobile.com:443/nexperience/perfectomobile/wd/hub/session/223f2364-c363-4f1b-9fa3-c593981d31c4/element]
<2017-09-26 13:07:02> DEBUG [o.a.h.c.p.RequestAddCookies] Cookie [version: 0][name: fast_failed][value: true][domain: branchtest.perfectomobile.com][path: /nexperience/perfectomobile/wd/hub][expiry: null] match [(secure)branchtest.perfectomobile.com:443/nexperience/perfectomobile/wd/hub/session/223f2364-c363-4f1b-9fa3-c593981d31c4/element]
<2017-09-26 13:07:02> DEBUG [o.a.h.c.p.RequestAddCookies] Cookie [version: 0][name: fast_failed][value: true][domain: branchtest.perfectomobile.com][path: /nexperience/perfectomobile/wd/hub/session][expiry: null] match [(secure)branchtest.perfectomobile.com:443/nexperience/perfectomobile/wd/hub/session/223f2364-c363-4f1b-9fa3-c593981d31c4/element]
<2017-09-26 13:07:02> DEBUG [o.a.h.c.p.RequestAddCookies] Cookie [version: 0][name: fast_failed][value: true][domain: branchtest.perfectomobile.com][path: /nexperience/perfectomobile/wd/hub/session/223f2364-c363-4f1b-9fa3-c593981d31c4][expiry: null] match [(secure)branchtest.perfectomobile.com:443/nexperience/perfectomobile/wd/hub/session/223f2364-c363-4f1b-9fa3-c593981d31c4/element]
<2017-09-26 13:07:02> DEBUG [o.a.h.c.p.RequestAuthCache] Auth cache not set in the context
<2017-09-26 13:07:02> DEBUG [o.a.h.i.c.PoolingHttpClientConnectionManager] Connection request: [route: {s}->https://branchtest.perfectomobile.com:443][total kept alive: 2; route allocated: 3 of 2000; total allocated: 3 of 2000]
<2017-09-26 13:07:02> DEBUG [o.a.h.i.c.PoolingHttpClientConnectionManager] Connection leased: [id: 8][route: {s}->https://branchtest.perfectomobile.com:443][total kept alive: 1; route allocated: 3 of 2000; total allocated: 3 of 2000]
<2017-09-26 13:07:02> DEBUG [o.a.h.i.execchain.MainClientExec] Stale connection check
<2017-09-26 13:07:02> DEBUG [org.apache.http.wire] http-outgoing-8 << "[read] I/O error: Read timed out"
<2017-09-26 13:07:02> DEBUG [o.a.h.i.c.DefaultManagedHttpClientConnection] http-outgoing-8: set socket timeout to 10800000
<2017-09-26 13:07:02> DEBUG [o.a.h.i.execchain.MainClientExec] Executing request POST /nexperience/perfectomobile/wd/hub/session/223f2364-c363-4f1b-9fa3-c593981d31c4/element HTTP/1.1
<2017-09-26 13:07:02> DEBUG [o.a.h.i.execchain.MainClientExec] Target auth state: UNCHALLENGED
<2017-09-26 13:07:02> DEBUG [o.a.h.i.execchain.MainClientExec] Proxy auth state: UNCHALLENGED
<2017-09-26 13:07:02> DEBUG [org.apache.http.headers] http-outgoing-8 >> POST /nexperience/perfectomobile/wd/hub/session/223f2364-c363-4f1b-9fa3-c593981d31c4/element HTTP/1.1
<2017-09-26 13:07:02> DEBUG [org.apache.http.headers] http-outgoing-8 >> Content-Type: application/json; charset=utf-8
<2017-09-26 13:07:02> DEBUG [org.apache.http.headers] http-outgoing-8 >> Content-Length: 73
<2017-09-26 13:07:02> DEBUG [org.apache.http.headers] http-outgoing-8 >> Host: branchtest.perfectomobile.com
<2017-09-26 13:07:02> DEBUG [org.apache.http.headers] http-outgoing-8 >> Connection: Keep-Alive
<2017-09-26 13:07:02> DEBUG [org.apache.http.headers] http-outgoing-8 >> User-Agent: Apache-HttpClient/4.5.2 (Java/1.8.0_121)
<2017-09-26 13:07:02> DEBUG [org.apache.http.headers] http-outgoing-8 >> Cookie: JSESSIONID=F6E28E4994D1584E597DBDFCCCB1737E; fast_failed=true; fast_failed=true; fast_failed=true
<2017-09-26 13:07:02> DEBUG [org.apache.http.headers] http-outgoing-8 >> Accept-Encoding: gzip,deflate
<2017-09-26 13:07:02> DEBUG [org.apache.http.wire] http-outgoing-8 >> "POST /nexperience/perfectomobile/wd/hub/session/223f2364-c363-4f1b-9fa3-c593981d31c4/element HTTP/1.1[\r][\n]"
<2017-09-26 13:07:02> DEBUG [org.apache.http.wire] http-outgoing-8 >> "Content-Type: application/json; charset=utf-8[\r][\n]"
<2017-09-26 13:07:02> DEBUG [org.apache.http.wire] http-outgoing-8 >> "Content-Length: 73[\r][\n]"
<2017-09-26 13:07:02> DEBUG [org.apache.http.wire] http-outgoing-8 >> "Host: branchtest.perfectomobile.com[\r][\n]"
<2017-09-26 13:07:02> DEBUG [org.apache.http.wire] http-outgoing-8 >> "Connection: Keep-Alive[\r][\n]"
<2017-09-26 13:07:02> DEBUG [org.apache.http.wire] http-outgoing-8 >> "User-Agent: Apache-HttpClient/4.5.2 (Java/1.8.0_121)[\r][\n]"
<2017-09-26 13:07:02> DEBUG [org.apache.http.wire] http-outgoing-8 >> "Cookie: JSESSIONID=F6E28E4994D1584E597DBDFCCCB1737E; fast_failed=true; fast_failed=true; fast_failed=true[\r][\n]"
<2017-09-26 13:07:02> DEBUG [org.apache.http.wire] http-outgoing-8 >> "Accept-Encoding: gzip,deflate[\r][\n]"
<2017-09-26 13:07:02> DEBUG [org.apache.http.wire] http-outgoing-8 >> "[\r][\n]"
<2017-09-26 13:07:02> DEBUG [org.apache.http.wire] http-outgoing-8 >> "{"using":"xpath","value":"//*[@id=\"register_form\"]/fieldset[12]/input"}"
<2017-09-26 13:07:03> DEBUG [org.apache.http.wire] http-outgoing-5 << "HTTP/1.1 200 OK[\r][\n]"
<2017-09-26 13:07:03> DEBUG [org.apache.http.wire] http-outgoing-5 << "Server: nginx[\r][\n]"
<2017-09-26 13:07:03> DEBUG [org.apache.http.wire] http-outgoing-5 << "Date: Tue, 26 Sep 2017 10:06:59 GMT[\r][\n]"
<2017-09-26 13:07:03> DEBUG [org.apache.http.wire] http-outgoing-5 << "Content-Type: application/json;charset=utf-8[\r][\n]"
<2017-09-26 13:07:03> DEBUG [org.apache.http.wire] http-outgoing-5 << "Transfer-Encoding: chunked[\r][\n]"
<2017-09-26 13:07:03> DEBUG [org.apache.http.wire] http-outgoing-5 << "Connection: keep-alive[\r][\n]"
<2017-09-26 13:07:03> DEBUG [org.apache.http.wire] http-outgoing-5 << "Set-Cookie: JSESSIONID=F6E28E4994D1584E597DBDFCCCB1737E; Path=/nexperience/; HttpOnly[\r][\n]"
<2017-09-26 13:07:03> DEBUG [org.apache.http.wire] http-outgoing-5 << "Expires: Thu, 01 Jan 1970 00:00:00 GMT[\r][\n]"
<2017-09-26 13:07:03> DEBUG [org.apache.http.wire] http-outgoing-5 << "Cache-Control: no-cache[\r][\n]"
<2017-09-26 13:07:03> DEBUG [org.apache.http.wire] http-outgoing-5 << "Cache-Control: no-cache[\r][\n]"
<2017-09-26 13:07:03> DEBUG [org.apache.http.wire] http-outgoing-5 << "Expires: Thu, 01 Jan 1970 00:00:00 GMT[\r][\n]"
<2017-09-26 13:07:03> DEBUG [org.apache.http.wire] http-outgoing-5 << "Set-Cookie: fast_failed=true[\r][\n]"
<2017-09-26 13:07:03> DEBUG [org.apache.http.wire] http-outgoing-5 << "X-XSS-Protection: 2; mode=block[\r][\n]"
<2017-09-26 13:07:03> DEBUG [org.apache.http.wire] http-outgoing-5 << "Content-Encoding: gzip[\r][\n]"
<2017-09-26 13:07:03> DEBUG [org.apache.http.wire] http-outgoing-5 << "[\r][\n]"
<2017-09-26 13:07:03> DEBUG [org.apache.http.wire] http-outgoing-5 << "94[\r][\n]"
<2017-09-26 13:07:03> DEBUG [org.apache.http.wire] http-outgoing-5 << "[0x1f][0x8b][0x8][0x0][0x0][0x0][0x0][0x0][0x0][0x3]-[0x8c]1[0x12][0x82]0[0x10]E[0xef][0xb2]u[0xc8]$[0x88]Ah[0xad]l[0xbd][0xc1][0xb2]Y[0x94][0x99][0x90] Kl[0x1c][0xef][0xee][0x16][0x96][0xff][0xcd]{[0xff][0x3][0xc2]"K[0xc9][0xb7][0x8]#[0x10]N[0xe4][0x9d][0xef][0x9b][0xa1]e[0xd7]t<Qs[0x89]:[0xe7]y[0x8e][0xe8][0xa9][0xf3]'[0xc]`@[0xe]<Xu[0xa9]DZ+y^KT[0xd2][0xf6][0xc1][0x85][0xf3][0xe0]{[0x3]oLUI[0xae])[0x19][0xa0][0x84][0xaa][0x8d]P[0xf6][0x87]-[0x1b][0xe7][0x17]Z[0xe1][0xc4]y[0xa9][0xab][0xdd]y-[0x7][0xdb];[0xcb]V[0xb2][0xf0][0xff][0xbe][0xaa][0xee][0xbe]?O[0xd7][0xd2]V[0x9e][0x0][0x0][0x0][\r][\n]"
<2017-09-26 13:07:03> DEBUG [org.apache.http.wire] http-outgoing-5 << "0[\r][\n]"
<2017-09-26 13:07:03> DEBUG [org.apache.http.wire] http-outgoing-5 << "[\r][\n]"
<2017-09-26 13:07:03> DEBUG [org.apache.http.headers] http-outgoing-5 << HTTP/1.1 200 OK
<2017-09-26 13:07:03> DEBUG [org.apache.http.headers] http-outgoing-5 << Server: nginx
<2017-09-26 13:07:03> DEBUG [org.apache.http.headers] http-outgoing-5 << Date: Tue, 26 Sep 2017 10:06:59 GMT
<2017-09-26 13:07:03> DEBUG [org.apache.http.headers] http-outgoing-5 << Content-Type: application/json;charset=utf-8
<2017-09-26 13:07:03> DEBUG [org.apache.http.headers] http-outgoing-5 << Transfer-Encoding: chunked
<2017-09-26 13:07:03> DEBUG [org.apache.http.headers] http-outgoing-5 << Connection: keep-alive
<2017-09-26 13:07:03> DEBUG [org.apache.http.headers] http-outgoing-5 << Set-Cookie: JSESSIONID=F6E28E4994D1584E597DBDFCCCB1737E; Path=/nexperience/; HttpOnly
<2017-09-26 13:07:03> DEBUG [org.apache.http.headers] http-outgoing-5 << Expires: Thu, 01 Jan 1970 00:00:00 GMT
<2017-09-26 13:07:03> DEBUG [org.apache.http.headers] http-outgoing-5 << Cache-Control: no-cache
<2017-09-26 13:07:03> DEBUG [org.apache.http.headers] http-outgoing-5 << Cache-Control: no-cache
<2017-09-26 13:07:03> DEBUG [org.apache.http.headers] http-outgoing-5 << Expires: Thu, 01 Jan 1970 00:00:00 GMT
<2017-09-26 13:07:03> DEBUG [org.apache.http.headers] http-outgoing-5 << Set-Cookie: fast_failed=true
<2017-09-26 13:07:03> DEBUG [org.apache.http.headers] http-outgoing-5 << X-XSS-Protection: 2; mode=block
<2017-09-26 13:07:03> DEBUG [org.apache.http.headers] http-outgoing-5 << Content-Encoding: gzip
<2017-09-26 13:07:03> DEBUG [o.a.h.i.execchain.MainClientExec] Connection can be kept alive indefinitely
<2017-09-26 13:07:03> DEBUG [o.a.h.c.p.ResponseProcessCookies] Cookie accepted [JSESSIONID="F6E28E4994D1584E597DBDFCCCB1737E", version:0, domain:branchtest.perfectomobile.com, path:/nexperience/, expiry:null]
<2017-09-26 13:07:03> DEBUG [o.a.h.c.p.ResponseProcessCookies] Cookie accepted [fast_failed="true", version:0, domain:branchtest.perfectomobile.com, path:/nexperience/perfectomobile/wd/hub/session/cabc1017-92e0-4ebc-8d17-fffda1c413a6/element/10, expiry:null]
<2017-09-26 13:07:03> DEBUG [o.a.h.i.c.PoolingHttpClientConnectionManager] Connection [id: 5][route: {s}->https://branchtest.perfectomobile.com:443] can be kept alive indefinitely
<2017-09-26 13:07:03> DEBUG [o.a.h.i.c.PoolingHttpClientConnectionManager] Connection released: [id: 5][route: {s}->https://branchtest.perfectomobile.com:443][total kept alive: 2; route allocated: 3 of 2000; total allocated: 3 of 2000]
<2017-09-26 13:07:03> DEBUG [o.a.h.c.p.RequestAddCookies] CookieSpec selected: default
<2017-09-26 13:07:03> DEBUG [o.a.h.c.p.RequestAddCookies] Cookie [version: 0][name: JSESSIONID][value: F6E28E4994D1584E597DBDFCCCB1737E][domain: branchtest.perfectomobile.com][path: /nexperience/][expiry: null] match [(secure)branchtest.perfectomobile.com:443/nexperience/perfectomobile/wd/hub/session/cabc1017-92e0-4ebc-8d17-fffda1c413a6/element]
<2017-09-26 13:07:03> DEBUG [o.a.h.c.p.RequestAddCookies] Cookie [version: 0][name: fast_failed][value: true][domain: branchtest.perfectomobile.com][path: /nexperience/perfectomobile/wd/hub][expiry: null] match [(secure)branchtest.perfectomobile.com:443/nexperience/perfectomobile/wd/hub/session/cabc1017-92e0-4ebc-8d17-fffda1c413a6/element]
<2017-09-26 13:07:03> DEBUG [o.a.h.c.p.RequestAddCookies] Cookie [version: 0][name: fast_failed][value: true][domain: branchtest.perfectomobile.com][path: /nexperience/perfectomobile/wd/hub/session][expiry: null] match [(secure)branchtest.perfectomobile.com:443/nexperience/perfectomobile/wd/hub/session/cabc1017-92e0-4ebc-8d17-fffda1c413a6/element]
<2017-09-26 13:07:03> DEBUG [o.a.h.c.p.RequestAddCookies] Cookie [version: 0][name: fast_failed][value: true][domain: branchtest.perfectomobile.com][path: /nexperience/perfectomobile/wd/hub/session/cabc1017-92e0-4ebc-8d17-fffda1c413a6][expiry: null] match [(secure)branchtest.perfectomobile.com:443/nexperience/perfectomobile/wd/hub/session/cabc1017-92e0-4ebc-8d17-fffda1c413a6/element]
<2017-09-26 13:07:03> DEBUG [o.a.h.c.p.RequestAuthCache] Auth cache not set in the context
<2017-09-26 13:07:03> DEBUG [o.a.h.i.c.PoolingHttpClientConnectionManager] Connection request: [route: {s}->https://branchtest.perfectomobile.com:443][total kept alive: 2; route allocated: 3 of 2000; total allocated: 3 of 2000]
<2017-09-26 13:07:03> DEBUG [o.a.h.i.c.PoolingHttpClientConnectionManager] Connection leased: [id: 5][route: {s}->https://branchtest.perfectomobile.com:443][total kept alive: 1; route allocated: 3 of 2000; total allocated: 3 of 2000]
<2017-09-26 13:07:03> DEBUG [o.a.h.i.execchain.MainClientExec] Stale connection check
<2017-09-26 13:07:03> DEBUG [org.apache.http.wire] http-outgoing-5 << "[read] I/O error: Read timed out"
<2017-09-26 13:07:03> DEBUG [o.a.h.i.c.DefaultManagedHttpClientConnection] http-outgoing-5: set socket timeout to 10800000
<2017-09-26 13:07:03> DEBUG [o.a.h.i.execchain.MainClientExec] Executing request POST /nexperience/perfectomobile/wd/hub/session/cabc1017-92e0-4ebc-8d17-fffda1c413a6/element HTTP/1.1
<2017-09-26 13:07:03> DEBUG [o.a.h.i.execchain.MainClientExec] Target auth state: UNCHALLENGED
<2017-09-26 13:07:03> DEBUG [o.a.h.i.execchain.MainClientExec] Proxy auth state: UNCHALLENGED
<2017-09-26 13:07:03> DEBUG [org.apache.http.headers] http-outgoing-5 >> POST /nexperience/perfectomobile/wd/hub/session/cabc1017-92e0-4ebc-8d17-fffda1c413a6/element HTTP/1.1
<2017-09-26 13:07:03> DEBUG [org.apache.http.headers] http-outgoing-5 >> Content-Type: application/json; charset=utf-8
<2017-09-26 13:07:03> DEBUG [org.apache.http.headers] http-outgoing-5 >> Content-Length: 72
<2017-09-26 13:07:03> DEBUG [org.apache.http.headers] http-outgoing-5 >> Host: branchtest.perfectomobile.com
<2017-09-26 13:07:03> DEBUG [org.apache.http.headers] http-outgoing-5 >> Connection: Keep-Alive
<2017-09-26 13:07:03> DEBUG [org.apache.http.headers] http-outgoing-5 >> User-Agent: Apache-HttpClient/4.5.2 (Java/1.8.0_121)
<2017-09-26 13:07:03> DEBUG [org.apache.http.headers] http-outgoing-5 >> Cookie: JSESSIONID=F6E28E4994D1584E597DBDFCCCB1737E; fast_failed=true; fast_failed=true; fast_failed=true
<2017-09-26 13:07:03> DEBUG [org.apache.http.headers] http-outgoing-5 >> Accept-Encoding: gzip,deflate
<2017-09-26 13:07:03> DEBUG [org.apache.http.wire] http-outgoing-5 >> "POST /nexperience/perfectomobile/wd/hub/session/cabc1017-92e0-4ebc-8d17-fffda1c413a6/element HTTP/1.1[\r][\n]"
<2017-09-26 13:07:03> DEBUG [org.apache.http.wire] http-outgoing-5 >> "Content-Type: application/json; charset=utf-8[\r][\n]"
<2017-09-26 13:07:03> DEBUG [org.apache.http.wire] http-outgoing-5 >> "Content-Length: 72[\r][\n]"
<2017-09-26 13:07:03> DEBUG [org.apache.http.wire] http-outgoing-5 >> "Host: branchtest.perfectomobile.com[\r][\n]"
<2017-09-26 13:07:03> DEBUG [org.apache.http.wire] http-outgoing-5 >> "Connection: Keep-Alive[\r][\n]"
<2017-09-26 13:07:03> DEBUG [org.apache.http.wire] http-outgoing-5 >> "User-Agent: Apache-HttpClient/4.5.2 (Java/1.8.0_121)[\r][\n]"
<2017-09-26 13:07:03> DEBUG [org.apache.http.wire] http-outgoing-5 >> "Cookie: JSESSIONID=F6E28E4994D1584E597DBDFCCCB1737E; fast_failed=true; fast_failed=true; fast_failed=true[\r][\n]"
<2017-09-26 13:07:03> DEBUG [org.apache.http.wire] http-outgoing-5 >> "Accept-Encoding: gzip,deflate[\r][\n]"
<2017-09-26 13:07:03> DEBUG [org.apache.http.wire] http-outgoing-5 >> "[\r][\n]"
<2017-09-26 13:07:03> DEBUG [org.apache.http.wire] http-outgoing-5 >> "{"using":"xpath","value":"//*[@id=\"register_form\"]/fieldset[8]/input"}"
<2017-09-26 13:07:03> DEBUG [org.apache.http.wire] http-outgoing-8 << "HTTP/1.1 200 OK[\r][\n]"
<2017-09-26 13:07:03> DEBUG [org.apache.http.wire] http-outgoing-8 << "Server: nginx[\r][\n]"
<2017-09-26 13:07:03> DEBUG [org.apache.http.wire] http-outgoing-8 << "Date: Tue, 26 Sep 2017 10:06:59 GMT[\r][\n]"
<2017-09-26 13:07:03> DEBUG [org.apache.http.wire] http-outgoing-8 << "Content-Type: application/json;charset=utf-8[\r][\n]"
<2017-09-26 13:07:03> DEBUG [org.apache.http.wire] http-outgoing-8 << "Transfer-Encoding: chunked[\r][\n]"
<2017-09-26 13:07:03> DEBUG [org.apache.http.wire] http-outgoing-8 << "Connection: keep-alive[\r][\n]"
<2017-09-26 13:07:03> DEBUG [org.apache.http.wire] http-outgoing-8 << "Set-Cookie: JSESSIONID=F6E28E4994D1584E597DBDFCCCB1737E; Path=/nexperience/; HttpOnly[\r][\n]"
<2017-09-26 13:07:03> DEBUG [org.apache.http.wire] http-outgoing-8 << "Expires: Thu, 01 Jan 1970 00:00:00 GMT[\r][\n]"
<2017-09-26 13:07:03> DEBUG [org.apache.http.wire] http-outgoing-8 << "Cache-Control: no-cache[\r][\n]"
<2017-09-26 13:07:03> DEBUG [org.apache.http.wire] http-outgoing-8 << "Cache-Control: no-cache[\r][\n]"
<2017-09-26 13:07:03> DEBUG [org.apache.http.wire] http-outgoing-8 << "Expires: Thu, 01 Jan 1970 00:00:00 GMT[\r][\n]"
<2017-09-26 13:07:03> DEBUG [org.apache.http.wire] http-outgoing-8 << "Set-Cookie: fast_failed=true[\r][\n]"
<2017-09-26 13:07:03> DEBUG [org.apache.http.wire] http-outgoing-8 << "X-XSS-Protection: 2; mode=block[\r][\n]"
<2017-09-26 13:07:03> DEBUG [org.apache.http.wire] http-outgoing-8 << "Content-Encoding: gzip[\r][\n]"
<2017-09-26 13:07:03> DEBUG [org.apache.http.wire] http-outgoing-8 << "[\r][\n]"
<2017-09-26 13:07:03> DEBUG [org.apache.http.wire] http-outgoing-8 << "a1[\r][\n]"
<2017-09-26 13:07:03> DEBUG [org.apache.http.wire] http-outgoing-8 << "[0x1f][0x8b][0x8][0x0][0x0][0x0][0x0][0x0][0x0][0x3]-[0x8d]A[0xe][0x82]0[0x10][0x0][0xff][0xb2]g[0xda][0xd8].[0x10][0xca][0xd5]p0Q[0xf][0xc6][0xf][0xd4][0xb2][0xa8][0x9][0xb4][0xc8]R/[0x84][0xbf][0xbb][0x7][0xaf][0x93][0x99][0xcc][0x6]L[0xcc][0xef][0x14]O=[0xb4]`-[0xe][0x16][0xeb]R[0x5][0xac]Q[0x95][0x83]y(7xT[0xa1]r[0xe8][0x1a][0xd3][0xa3][0x9]%[0x14][0xc0][0xab]_It[0xce]!H-[0xe4]uL[0xbd][0x10]kL[0xe5][0x9c][0xc3][0xc6][0x15][0xf0][0xf5]c[0x16][0xb4]Aw[0xee].[0xdd][0xf5].[0xbe]A[0xd8][0xb][0x8][0xa3][0x97][0xa6][0x85][0xb4]<u[0x9a])~[0xbc]f[0x1a])[0xbe][0xf3][0xa4][0x17][0x9a][0xd2]J[0xfa]F<[0xa7][0xc8][0xf4]]]>&#x7f;<![CDATA[e[0xd1][0xf][0xfb][0xf][0x96][0xb7][0x84]%[0xab][0x0][0x0][0x0][\r][\n]"
<2017-09-26 13:07:03> DEBUG [org.apache.http.wire] http-outgoing-8 << "0[\r][\n]"
<2017-09-26 13:07:03> DEBUG [org.apache.http.wire] http-outgoing-8 << "[\r][\n]"
<2017-09-26 13:07:03> DEBUG [org.apache.http.headers] http-outgoing-8 << HTTP/1.1 200 OK
<2017-09-26 13:07:03> DEBUG [org.apache.http.headers] http-outgoing-8 << Server: nginx
<2017-09-26 13:07:03> DEBUG [org.apache.http.headers] http-outgoing-8 << Date: Tue, 26 Sep 2017 10:06:59 GMT
<2017-09-26 13:07:03> DEBUG [org.apache.http.headers] http-outgoing-8 << Content-Type: application/json;charset=utf-8
<2017-09-26 13:07:03> DEBUG [org.apache.http.headers] http-outgoing-8 << Transfer-Encoding: chunked
<2017-09-26 13:07:03> DEBUG [org.apache.http.headers] http-outgoing-8 << Connection: keep-alive
<2017-09-26 13:07:03> DEBUG [org.apache.http.headers] http-outgoing-8 << Set-Cookie: JSESSIONID=F6E28E4994D1584E597DBDFCCCB1737E; Path=/nexperience/; HttpOnly
<2017-09-26 13:07:03> DEBUG [org.apache.http.headers] http-outgoing-8 << Expires: Thu, 01 Jan 1970 00:00:00 GMT
<2017-09-26 13:07:03> DEBUG [org.apache.http.headers] http-outgoing-8 << Cache-Control: no-cache
<2017-09-26 13:07:03> DEBUG [org.apache.http.headers] http-outgoing-8 << Cache-Control: no-cache
<2017-09-26 13:07:03> DEBUG [org.apache.http.headers] http-outgoing-8 << Expires: Thu, 01 Jan 1970 00:00:00 GMT
<2017-09-26 13:07:03> DEBUG [org.apache.http.headers] http-outgoing-8 << Set-Cookie: fast_failed=true
<2017-09-26 13:07:03> DEBUG [org.apache.http.headers] http-outgoing-8 << X-XSS-Protection: 2; mode=block
<2017-09-26 13:07:03> DEBUG [org.apache.http.headers] http-outgoing-8 << Content-Encoding: gzip
<2017-09-26 13:07:03> DEBUG [o.a.h.i.execchain.MainClientExec] Connection can be kept alive indefinitely
<2017-09-26 13:07:03> DEBUG [o.a.h.c.p.ResponseProcessCookies] Cookie accepted [JSESSIONID="F6E28E4994D1584E597DBDFCCCB1737E", version:0, domain:branchtest.perfectomobile.com, path:/nexperience/, expiry:null]
<2017-09-26 13:07:03> DEBUG [o.a.h.c.p.ResponseProcessCookies] Cookie accepted [fast_failed="true", version:0, domain:branchtest.perfectomobile.com, path:/nexperience/perfectomobile/wd/hub/session/223f2364-c363-4f1b-9fa3-c593981d31c4, expiry:null]
<2017-09-26 13:07:03> DEBUG [o.a.h.i.c.PoolingHttpClientConnectionManager] Connection [id: 8][route: {s}->https://branchtest.perfectomobile.com:443] can be kept alive indefinitely
<2017-09-26 13:07:03> DEBUG [o.a.h.i.c.PoolingHttpClientConnectionManager] Connection released: [id: 8][route: {s}->https://branchtest.perfectomobile.com:443][total kept alive: 2; route allocated: 3 of 2000; total allocated: 3 of 2000]
<2017-09-26 13:07:03> DEBUG [o.a.h.c.p.RequestAddCookies] CookieSpec selected: default
<2017-09-26 13:07:03> DEBUG [o.a.h.c.p.RequestAddCookies] Cookie [version: 0][name: JSESSIONID][value: F6E28E4994D1584E597DBDFCCCB1737E][domain: branchtest.perfectomobile.com][path: /nexperience/][expiry: null] match [(secure)branchtest.perfectomobile.com:443/nexperience/perfectomobile/wd/hub/session/223f2364-c363-4f1b-9fa3-c593981d31c4/element/13/value]
<2017-09-26 13:07:03> DEBUG [o.a.h.c.p.RequestAddCookies] Cookie [version: 0][name: fast_failed][value: true][domain: branchtest.perfectomobile.com][path: /nexperience/perfectomobile/wd/hub][expiry: null] match [(secure)branchtest.perfectomobile.com:443/nexperience/perfectomobile/wd/hub/session/223f2364-c363-4f1b-9fa3-c593981d31c4/element/13/value]
<2017-09-26 13:07:03> DEBUG [o.a.h.c.p.RequestAddCookies] Cookie [version: 0][name: fast_failed][value: true][domain: branchtest.perfectomobile.com][path: /nexperience/perfectomobile/wd/hub/session][expiry: null] match [(secure)branchtest.perfectomobile.com:443/nexperience/perfectomobile/wd/hub/session/223f2364-c363-4f1b-9fa3-c593981d31c4/element/13/value]
<2017-09-26 13:07:03> DEBUG [o.a.h.c.p.RequestAddCookies] Cookie [version: 0][name: fast_failed][value: true][domain: branchtest.perfectomobile.com][path: /nexperience/perfectomobile/wd/hub/session/223f2364-c363-4f1b-9fa3-c593981d31c4][expiry: null] match [(secure)branchtest.perfectomobile.com:443/nexperience/perfectomobile/wd/hub/session/223f2364-c363-4f1b-9fa3-c593981d31c4/element/13/value]
<2017-09-26 13:07:03> DEBUG [o.a.h.c.p.RequestAuthCache] Auth cache not set in the context
<2017-09-26 13:07:03> DEBUG [o.a.h.i.c.PoolingHttpClientConnectionManager] Connection request: [route: {s}->https://branchtest.perfectomobile.com:443][total kept alive: 2; route allocated: 3 of 2000; total allocated: 3 of 2000]
<2017-09-26 13:07:03> DEBUG [o.a.h.i.c.PoolingHttpClientConnectionManager] Connection leased: [id: 8][route: {s}->https://branchtest.perfectomobile.com:443][total kept alive: 1; route allocated: 3 of 2000; total allocated: 3 of 2000]
<2017-09-26 13:07:03> DEBUG [o.a.h.i.execchain.MainClientExec] Stale connection check
<2017-09-26 13:07:03> DEBUG [org.apache.http.wire] http-outgoing-8 << "[read] I/O error: Read timed out"
<2017-09-26 13:07:03> DEBUG [o.a.h.i.c.DefaultManagedHttpClientConnection] http-outgoing-8: set socket timeout to 10800000
<2017-09-26 13:07:03> DEBUG [o.a.h.i.execchain.MainClientExec] Executing request POST /nexperience/perfectomobile/wd/hub/session/223f2364-c363-4f1b-9fa3-c593981d31c4/element/13/value HTTP/1.1
<2017-09-26 13:07:03> DEBUG [o.a.h.i.execchain.MainClientExec] Target auth state: UNCHALLENGED
<2017-09-26 13:07:03> DEBUG [o.a.h.i.execchain.MainClientExec] Proxy auth state: UNCHALLENGED
<2017-09-26 13:07:03> DEBUG [org.apache.http.headers] http-outgoing-8 >> POST /nexperience/perfectomobile/wd/hub/session/223f2364-c363-4f1b-9fa3-c593981d31c4/element/13/value HTTP/1.1
<2017-09-26 13:07:03> DEBUG [org.apache.http.headers] http-outgoing-8 >> Content-Type: application/json; charset=utf-8
<2017-09-26 13:07:03> DEBUG [org.apache.http.headers] http-outgoing-8 >> Content-Length: 32
<2017-09-26 13:07:03> DEBUG [org.apache.http.headers] http-outgoing-8 >> Host: branchtest.perfectomobile.com
<2017-09-26 13:07:03> DEBUG [org.apache.http.headers] http-outgoing-8 >> Connection: Keep-Alive
<2017-09-26 13:07:03> DEBUG [org.apache.http.headers] http-outgoing-8 >> User-Agent: Apache-HttpClient/4.5.2 (Java/1.8.0_121)
<2017-09-26 13:07:03> DEBUG [org.apache.http.headers] http-outgoing-8 >> Cookie: JSESSIONID=F6E28E4994D1584E597DBDFCCCB1737E; fast_failed=true; fast_failed=true; fast_failed=true
<2017-09-26 13:07:03> DEBUG [org.apache.http.headers] http-outgoing-8 >> Accept-Encoding: gzip,deflate
<2017-09-26 13:07:03> DEBUG [org.apache.http.wire] http-outgoing-8 >> "POST /nexperience/perfectomobile/wd/hub/session/223f2364-c363-4f1b-9fa3-c593981d31c4/element/13/value HTTP/1.1[\r][\n]"
<2017-09-26 13:07:03> DEBUG [org.apache.http.wire] http-outgoing-8 >> "Content-Type: application/json; charset=utf-8[\r][\n]"
<2017-09-26 13:07:03> DEBUG [org.apache.http.wire] http-outgoing-8 >> "Content-Length: 32[\r][\n]"
<2017-09-26 13:07:03> DEBUG [org.apache.http.wire] http-outgoing-8 >> "Host: branchtest.perfectomobile.com[\r][\n]"
<2017-09-26 13:07:03> DEBUG [org.apache.http.wire] http-outgoing-8 >> "Connection: Keep-Alive[\r][\n]"
<2017-09-26 13:07:03> DEBUG [org.apache.http.wire] http-outgoing-8 >> "User-Agent: Apache-HttpClient/4.5.2 (Java/1.8.0_121)[\r][\n]"
<2017-09-26 13:07:03> DEBUG [org.apache.http.wire] http-outgoing-8 >> "Cookie: JSESSIONID=F6E28E4994D1584E597DBDFCCCB1737E; fast_failed=true; fast_failed=true; fast_failed=true[\r][\n]"
<2017-09-26 13:07:03> DEBUG [org.apache.http.wire] http-outgoing-8 >> "Accept-Encoding: gzip,deflate[\r][\n]"
<2017-09-26 13:07:03> DEBUG [org.apache.http.wire] http-outgoing-8 >> "[\r][\n]"
<2017-09-26 13:07:03> DEBUG [org.apache.http.wire] http-outgoing-8 >> "{"id":"13","value":["Password"]}"
<2017-09-26 13:07:03> DEBUG [org.apache.http.wire] http-outgoing-5 << "HTTP/1.1 200 OK[\r][\n]"
<2017-09-26 13:07:03> DEBUG [org.apache.http.wire] http-outgoing-5 << "Server: nginx[\r][\n]"
<2017-09-26 13:07:03> DEBUG [org.apache.http.wire] http-outgoing-5 << "Date: Tue, 26 Sep 2017 10:06:59 GMT[\r][\n]"
<2017-09-26 13:07:03> DEBUG [org.apache.http.wire] http-outgoing-5 << "Content-Type: application/json;charset=utf-8[\r][\n]"
<2017-09-26 13:07:03> DEBUG [org.apache.http.wire] http-outgoing-5 << "Transfer-Encoding: chunked[\r][\n]"
<2017-09-26 13:07:03> DEBUG [org.apache.http.wire] http-outgoing-5 << "Connection: keep-alive[\r][\n]"
<2017-09-26 13:07:03> DEBUG [org.apache.http.wire] http-outgoing-5 << "Set-Cookie: JSESSIONID=F6E28E4994D1584E597DBDFCCCB1737E; Path=/nexperience/; HttpOnly[\r][\n]"
<2017-09-26 13:07:03> DEBUG [org.apache.http.wire] http-outgoing-5 << "Expires: Thu, 01 Jan 1970 00:00:00 GMT[\r][\n]"
<2017-09-26 13:07:03> DEBUG [org.apache.http.wire] http-outgoing-5 << "Cache-Control: no-cache[\r][\n]"
<2017-09-26 13:07:03> DEBUG [org.apache.http.wire] http-outgoing-5 << "Cache-Control: no-cache[\r][\n]"
<2017-09-26 13:07:03> DEBUG [org.apache.http.wire] http-outgoing-5 << "Expires: Thu, 01 Jan 1970 00:00:00 GMT[\r][\n]"
<2017-09-26 13:07:03> DEBUG [org.apache.http.wire] http-outgoing-5 << "Set-Cookie: fast_failed=true[\r][\n]"
<2017-09-26 13:07:03> DEBUG [org.apache.http.wire] http-outgoing-5 << "X-XSS-Protection: 2; mode=block[\r][\n]"
<2017-09-26 13:07:03> DEBUG [org.apache.http.wire] http-outgoing-5 << "Content-Encoding: gzip[\r][\n]"
<2017-09-26 13:07:03> DEBUG [org.apache.http.wire] http-outgoing-5 << "[\r][\n]"
<2017-09-26 13:07:03> DEBUG [org.apache.http.wire] http-outgoing-5 << "a1[\r][\n]"
<2017-09-26 13:07:03> DEBUG [org.apache.http.wire] http-outgoing-5 << "[0x1f][0x8b][0x8][0x0][0x0][0x0][0x0][0x0][0x0][0x3]-[0x8d]A[0xe][0x82]0[0x10]E[0xef]2kh:[0x80][0x88]l[\r][0xb][0x13]ua[0xbc]@i[0x7]%)-2[0xd4][\r][0xe1][0xee][0xce][0xc2][0xe5]]]>&#x7f;<![CDATA[y/]]>&#x7f;<![CDATA[[0x3]&[0xe6]1[0x86][0x8b][0x83][0x16][0xac][0xe9]-j<[0xe6][0xa7][0x82]t^Qo[0xf3][0xc6][0xc9][0x1c][0x86][0xc1][0x19][0xb4][0x15][0x96][0xa6][0x86][0xc]x5+[0x89][0xce][0xc9]Z[0xa9][0x85][0xbc][0xcf][0xd1][0x9][0xc1][0x12]k[0xdd][0xe0][0xa1](2[0xf8][0x1a][0x9f][0x4]m[0xd0]][0xbb][w]]>&#x7f;<![CDATA[[0x8a][0x8f][0x8]{[0x6][0xd6][0x1b]iZ[0x88][0xcb]K[0xc5][0x99][0xc2][0xc7](&OaL[0x93]Zh[0x8a]+[0xa9][0x7][0xf1][0x1c][0x3][0xd3][0xff]+[0x89][0xae][0xf7][0x1f][0x12]^[0x3][0xe5][0xab][0x0][0x0][0x0][\r][\n]"
<2017-09-26 13:07:03> DEBUG [org.apache.http.wire] http-outgoing-5 << "0[\r][\n]"
<2017-09-26 13:07:03> DEBUG [org.apache.http.wire] http-outgoing-5 << "[\r][\n]"
<2017-09-26 13:07:03> DEBUG [org.apache.http.headers] http-outgoing-5 << HTTP/1.1 200 OK
<2017-09-26 13:07:03> DEBUG [org.apache.http.headers] http-outgoing-5 << Server: nginx
<2017-09-26 13:07:03> DEBUG [org.apache.http.headers] http-outgoing-5 << Date: Tue, 26 Sep 2017 10:06:59 GMT
<2017-09-26 13:07:03> DEBUG [org.apache.http.headers] http-outgoing-5 << Content-Type: application/json;charset=utf-8
<2017-09-26 13:07:03> DEBUG [org.apache.http.headers] http-outgoing-5 << Transfer-Encoding: chunked
<2017-09-26 13:07:03> DEBUG [org.apache.http.headers] http-outgoing-5 << Connection: keep-alive
<2017-09-26 13:07:03> DEBUG [org.apache.http.headers] http-outgoing-5 << Set-Cookie: JSESSIONID=F6E28E4994D1584E597DBDFCCCB1737E; Path=/nexperience/; HttpOnly
<2017-09-26 13:07:03> DEBUG [org.apache.http.headers] http-outgoing-5 << Expires: Thu, 01 Jan 1970 00:00:00 GMT
<2017-09-26 13:07:03> DEBUG [org.apache.http.headers] http-outgoing-5 << Cache-Control: no-cache
<2017-09-26 13:07:03> DEBUG [org.apache.http.headers] http-outgoing-5 << Cache-Control: no-cache
<2017-09-26 13:07:03> DEBUG [org.apache.http.headers] http-outgoing-5 << Expires: Thu, 01 Jan 1970 00:00:00 GMT
<2017-09-26 13:07:03> DEBUG [org.apache.http.headers] http-outgoing-5 << Set-Cookie: fast_failed=true
<2017-09-26 13:07:03> DEBUG [org.apache.http.headers] http-outgoing-5 << X-XSS-Protection: 2; mode=block
<2017-09-26 13:07:03> DEBUG [org.apache.http.headers] http-outgoing-5 << Content-Encoding: gzip
<2017-09-26 13:07:03> DEBUG [o.a.h.i.execchain.MainClientExec] Connection can be kept alive indefinitely
<2017-09-26 13:07:03> DEBUG [o.a.h.c.p.ResponseProcessCookies] Cookie accepted [JSESSIONID="F6E28E4994D1584E597DBDFCCCB1737E", version:0, domain:branchtest.perfectomobile.com, path:/nexperience/, expiry:null]
<2017-09-26 13:07:03> DEBUG [o.a.h.c.p.ResponseProcessCookies] Cookie accepted [fast_failed="true", version:0, domain:branchtest.perfectomobile.com, path:/nexperience/perfectomobile/wd/hub/session/cabc1017-92e0-4ebc-8d17-fffda1c413a6, expiry:null]
<2017-09-26 13:07:03> DEBUG [o.a.h.i.c.PoolingHttpClientConnectionManager] Connection [id: 5][route: {s}->https://branchtest.perfectomobile.com:443] can be kept alive indefinitely
<2017-09-26 13:07:03> DEBUG [o.a.h.i.c.PoolingHttpClientConnectionManager] Connection released: [id: 5][route: {s}->https://branchtest.perfectomobile.com:443][total kept alive: 2; route allocated: 3 of 2000; total allocated: 3 of 2000]
<2017-09-26 13:07:03> DEBUG [o.a.h.c.p.RequestAddCookies] CookieSpec selected: default
<2017-09-26 13:07:03> DEBUG [o.a.h.c.p.RequestAddCookies] Cookie [version: 0][name: JSESSIONID][value: F6E28E4994D1584E597DBDFCCCB1737E][domain: branchtest.perfectomobile.com][path: /nexperience/][expiry: null] match [(secure)branchtest.perfectomobile.com:443/nexperience/perfectomobile/wd/hub/session/cabc1017-92e0-4ebc-8d17-fffda1c413a6/element/11/value]
<2017-09-26 13:07:03> DEBUG [o.a.h.c.p.RequestAddCookies] Cookie [version: 0][name: fast_failed][value: true][domain: branchtest.perfectomobile.com][path: /nexperience/perfectomobile/wd/hub][expiry: null] match [(secure)branchtest.perfectomobile.com:443/nexperience/perfectomobile/wd/hub/session/cabc1017-92e0-4ebc-8d17-fffda1c413a6/element/11/value]
<2017-09-26 13:07:03> DEBUG [o.a.h.c.p.RequestAddCookies] Cookie [version: 0][name: fast_failed][value: true][domain: branchtest.perfectomobile.com][path: /nexperience/perfectomobile/wd/hub/session][expiry: null] match [(secure)branchtest.perfectomobile.com:443/nexperience/perfectomobile/wd/hub/session/cabc1017-92e0-4ebc-8d17-fffda1c413a6/element/11/value]
<2017-09-26 13:07:03> DEBUG [o.a.h.c.p.RequestAddCookies] Cookie [version: 0][name: fast_failed][value: true][domain: branchtest.perfectomobile.com][path: /nexperience/perfectomobile/wd/hub/session/cabc1017-92e0-4ebc-8d17-fffda1c413a6][expiry: null] match [(secure)branchtest.perfectomobile.com:443/nexperience/perfectomobile/wd/hub/session/cabc1017-92e0-4ebc-8d17-fffda1c413a6/element/11/value]
<2017-09-26 13:07:03> DEBUG [o.a.h.c.p.RequestAuthCache] Auth cache not set in the context
<2017-09-26 13:07:03> DEBUG [o.a.h.i.c.PoolingHttpClientConnectionManager] Connection request: [route: {s}->https://branchtest.perfectomobile.com:443][total kept alive: 2; route allocated: 3 of 2000; total allocated: 3 of 2000]
<2017-09-26 13:07:03> DEBUG [o.a.h.i.c.PoolingHttpClientConnectionManager] Connection leased: [id: 5][route: {s}->https://branchtest.perfectomobile.com:443][total kept alive: 1; route allocated: 3 of 2000; total allocated: 3 of 2000]
<2017-09-26 13:07:03> DEBUG [o.a.h.i.execchain.MainClientExec] Stale connection check
<2017-09-26 13:07:03> DEBUG [org.apache.http.wire] http-outgoing-5 << "[read] I/O error: Read timed out"
<2017-09-26 13:07:03> DEBUG [o.a.h.i.c.DefaultManagedHttpClientConnection] http-outgoing-5: set socket timeout to 10800000
<2017-09-26 13:07:03> DEBUG [o.a.h.i.execchain.MainClientExec] Executing request POST /nexperience/perfectomobile/wd/hub/session/cabc1017-92e0-4ebc-8d17-fffda1c413a6/element/11/value HTTP/1.1
<2017-09-26 13:07:03> DEBUG [o.a.h.i.execchain.MainClientExec] Target auth state: UNCHALLENGED
<2017-09-26 13:07:03> DEBUG [o.a.h.i.execchain.MainClientExec] Proxy auth state: UNCHALLENGED
<2017-09-26 13:07:03> DEBUG [org.apache.http.headers] http-outgoing-5 >> POST /nexperience/perfectomobile/wd/hub/session/cabc1017-92e0-4ebc-8d17-fffda1c413a6/element/11/value HTTP/1.1
<2017-09-26 13:07:03> DEBUG [org.apache.http.headers] http-outgoing-5 >> Content-Type: application/json; charset=utf-8
<2017-09-26 13:07:03> DEBUG [org.apache.http.headers] http-outgoing-5 >> Content-Length: 39
<2017-09-26 13:07:03> DEBUG [org.apache.http.headers] http-outgoing-5 >> Host: branchtest.perfectomobile.com
<2017-09-26 13:07:03> DEBUG [org.apache.http.headers] http-outgoing-5 >> Connection: Keep-Alive
<2017-09-26 13:07:03> DEBUG [org.apache.http.headers] http-outgoing-5 >> User-Agent: Apache-HttpClient/4.5.2 (Java/1.8.0_121)
<2017-09-26 13:07:03> DEBUG [org.apache.http.headers] http-outgoing-5 >> Cookie: JSESSIONID=F6E28E4994D1584E597DBDFCCCB1737E; fast_failed=true; fast_failed=true; fast_failed=true
<2017-09-26 13:07:03> DEBUG [org.apache.http.headers] http-outgoing-5 >> Accept-Encoding: gzip,deflate
<2017-09-26 13:07:03> DEBUG [org.apache.http.wire] http-outgoing-5 >> "POST /nexperience/perfectomobile/wd/hub/session/cabc1017-92e0-4ebc-8d17-fffda1c413a6/element/11/value HTTP/1.1[\r][\n]"
<2017-09-26 13:07:03> DEBUG [org.apache.http.wire] http-outgoing-5 >> "Content-Type: application/json; charset=utf-8[\r][\n]"
<2017-09-26 13:07:03> DEBUG [org.apache.http.wire] http-outgoing-5 >> "Content-Length: 39[\r][\n]"
<2017-09-26 13:07:03> DEBUG [org.apache.http.wire] http-outgoing-5 >> "Host: branchtest.perfectomobile.com[\r][\n]"
<2017-09-26 13:07:03> DEBUG [org.apache.http.wire] http-outgoing-5 >> "Connection: Keep-Alive[\r][\n]"
<2017-09-26 13:07:03> DEBUG [org.apache.http.wire] http-outgoing-5 >> "User-Agent: Apache-HttpClient/4.5.2 (Java/1.8.0_121)[\r][\n]"
<2017-09-26 13:07:03> DEBUG [org.apache.http.wire] http-outgoing-5 >> "Cookie: JSESSIONID=F6E28E4994D1584E597DBDFCCCB1737E; fast_failed=true; fast_failed=true; fast_failed=true[\r][\n]"
<2017-09-26 13:07:03> DEBUG [org.apache.http.wire] http-outgoing-5 >> "Accept-Encoding: gzip,deflate[\r][\n]"
<2017-09-26 13:07:03> DEBUG [org.apache.http.wire] http-outgoing-5 >> "[\r][\n]"
<2017-09-26 13:07:03> DEBUG [org.apache.http.wire] http-outgoing-5 >> "{"id":"11","value":["Email@gmail.com"]}"
<2017-09-26 13:07:03> DEBUG [org.apache.http.wire] http-outgoing-8 << "HTTP/1.1 200 OK[\r][\n]"
<2017-09-26 13:07:03> DEBUG [org.apache.http.wire] http-outgoing-8 << "Server: nginx[\r][\n]"
<2017-09-26 13:07:03> DEBUG [org.apache.http.wire] http-outgoing-8 << "Date: Tue, 26 Sep 2017 10:07:00 GMT[\r][\n]"
<2017-09-26 13:07:03> DEBUG [org.apache.http.wire] http-outgoing-8 << "Content-Type: application/json;charset=utf-8[\r][\n]"
<2017-09-26 13:07:03> DEBUG [org.apache.http.wire] http-outgoing-8 << "Transfer-Encoding: chunked[\r][\n]"
<2017-09-26 13:07:03> DEBUG [org.apache.http.wire] http-outgoing-8 << "Connection: keep-alive[\r][\n]"
<2017-09-26 13:07:03> DEBUG [org.apache.http.wire] http-outgoing-8 << "Set-Cookie: JSESSIONID=F6E28E4994D1584E597DBDFCCCB1737E; Path=/nexperience/; HttpOnly[\r][\n]"
<2017-09-26 13:07:03> DEBUG [org.apache.http.wire] http-outgoing-8 << "Expires: Thu, 01 Jan 1970 00:00:00 GMT[\r][\n]"
<2017-09-26 13:07:03> DEBUG [org.apache.http.wire] http-outgoing-8 << "Cache-Control: no-cache[\r][\n]"
<2017-09-26 13:07:03> DEBUG [org.apache.http.wire] http-outgoing-8 << "Cache-Control: no-cache[\r][\n]"
<2017-09-26 13:07:03> DEBUG [org.apache.http.wire] http-outgoing-8 << "Expires: Thu, 01 Jan 1970 00:00:00 GMT[\r][\n]"
<2017-09-26 13:07:03> DEBUG [org.apache.http.wire] http-outgoing-8 << "Set-Cookie: fast_failed=true[\r][\n]"
<2017-09-26 13:07:03> DEBUG [org.apache.http.wire] http-outgoing-8 << "X-XSS-Protection: 2; mode=block[\r][\n]"
<2017-09-26 13:07:03> DEBUG [org.apache.http.wire] http-outgoing-8 << "Content-Encoding: gzip[\r][\n]"
<2017-09-26 13:07:03> DEBUG [org.apache.http.wire] http-outgoing-8 << "[\r][\n]"
<2017-09-26 13:07:03> DEBUG [org.apache.http.wire] http-outgoing-8 << "95[\r][\n]"
<2017-09-26 13:07:03> DEBUG [org.apache.http.wire] http-outgoing-8 << "[0x1f][0x8b][0x8][0x0][0x0][0x0][0x0][0x0][0x0][0x3]-[0xcc]1[0x12][0xc2] [0x10][0x85][0xe1][0xbb]l[0x1d][0x18][0xc8][0xc6]LHke[0xeb][\r][0x90],[0x9a][0x19][0x2]I[0x16]l[0x1c][0xef][0xee][0x16][0xb6][0xff]|[0xef]}[0x80][0x89]y-[0xf9][0xb6][0xc0][0xc]}[0x8f][0xb1][0xc7]qP[0x1]GTC[0xb4][0xf][0xe5][0xa2]G[0x15].[0xe][0xdd]d[0x17][0xb4]a[0x80][0xe][0xb8][0xfa]J[0xc2][0xb9][0x85] k)[0xaf]kY[0xa4][0x8c][0xce]L[0xce][0xa2][0xe9][0xe0][0xed]S[0x93][0x90][J[0x1d][0x84][0xe4]E[0xcd]P[0xce][0xa7].;[0xe5][0xc3]k[0xa6]Dym[0x9b]>i+[0x95][0xf4][0x9d]x/[0x99][0xe9][0xff][0xde][0x84][0x9b][0xef][0xf]'*v[0x1f][0x9d][0x0][0x0][0x0][\r][\n]"
<2017-09-26 13:07:03> DEBUG [org.apache.http.wire] http-outgoing-8 << "0[\r][\n]"
<2017-09-26 13:07:03> DEBUG [org.apache.http.wire] http-outgoing-8 << "[\r][\n]"
<2017-09-26 13:07:03> DEBUG [org.apache.http.headers] http-outgoing-8 << HTTP/1.1 200 OK
<2017-09-26 13:07:03> DEBUG [org.apache.http.headers] http-outgoing-8 << Server: nginx
<2017-09-26 13:07:03> DEBUG [org.apache.http.headers] http-outgoing-8 << Date: Tue, 26 Sep 2017 10:07:00 GMT
<2017-09-26 13:07:03> DEBUG [org.apache.http.headers] http-outgoing-8 << Content-Type: application/json;charset=utf-8
<2017-09-26 13:07:03> DEBUG [org.apache.http.headers] http-outgoing-8 << Transfer-Encoding: chunked
<2017-09-26 13:07:03> DEBUG [org.apache.http.headers] http-outgoing-8 << Connection: keep-alive
<2017-09-26 13:07:03> DEBUG [org.apache.http.headers] http-outgoing-8 << Set-Cookie: JSESSIONID=F6E28E4994D1584E597DBDFCCCB1737E; Path=/nexperience/; HttpOnly
<2017-09-26 13:07:03> DEBUG [org.apache.http.headers] http-outgoing-8 << Expires: Thu, 01 Jan 1970 00:00:00 GMT
<2017-09-26 13:07:03> DEBUG [org.apache.http.headers] http-outgoing-8 << Cache-Control: no-cache
<2017-09-26 13:07:03> DEBUG [org.apache.http.headers] http-outgoing-8 << Cache-Control: no-cache
<2017-09-26 13:07:03> DEBUG [org.apache.http.headers] http-outgoing-8 << Expires: Thu, 01 Jan 1970 00:00:00 GMT
<2017-09-26 13:07:03> DEBUG [org.apache.http.headers] http-outgoing-8 << Set-Cookie: fast_failed=true
<2017-09-26 13:07:03> DEBUG [org.apache.http.headers] http-outgoing-8 << X-XSS-Protection: 2; mode=block
<2017-09-26 13:07:03> DEBUG [org.apache.http.headers] http-outgoing-8 << Content-Encoding: gzip
<2017-09-26 13:07:03> DEBUG [o.a.h.i.execchain.MainClientExec] Connection can be kept alive indefinitely
<2017-09-26 13:07:03> DEBUG [o.a.h.c.p.ResponseProcessCookies] Cookie accepted [JSESSIONID="F6E28E4994D1584E597DBDFCCCB1737E", version:0, domain:branchtest.perfectomobile.com, path:/nexperience/, expiry:null]
<2017-09-26 13:07:03> DEBUG [o.a.h.c.p.ResponseProcessCookies] Cookie accepted [fast_failed="true", version:0, domain:branchtest.perfectomobile.com, path:/nexperience/perfectomobile/wd/hub/session/223f2364-c363-4f1b-9fa3-c593981d31c4/element/13, expiry:null]
<2017-09-26 13:07:03> DEBUG [o.a.h.i.c.PoolingHttpClientConnectionManager] Connection [id: 8][route: {s}->https://branchtest.perfectomobile.com:443] can be kept alive indefinitely
<2017-09-26 13:07:03> DEBUG [o.a.h.i.c.PoolingHttpClientConnectionManager] Connection released: [id: 8][route: {s}->https://branchtest.perfectomobile.com:443][total kept alive: 2; route allocated: 3 of 2000; total allocated: 3 of 2000]
<2017-09-26 13:07:03> DEBUG [o.a.h.c.p.RequestAddCookies] CookieSpec selected: default
<2017-09-26 13:07:03> DEBUG [o.a.h.c.p.RequestAddCookies] Cookie [version: 0][name: JSESSIONID][value: F6E28E4994D1584E597DBDFCCCB1737E][domain: branchtest.perfectomobile.com][path: /nexperience/][expiry: null] match [(secure)branchtest.perfectomobile.com:443/nexperience/perfectomobile/wd/hub/session/223f2364-c363-4f1b-9fa3-c593981d31c4/element]
<2017-09-26 13:07:03> DEBUG [o.a.h.c.p.RequestAddCookies] Cookie [version: 0][name: fast_failed][value: true][domain: branchtest.perfectomobile.com][path: /nexperience/perfectomobile/wd/hub][expiry: null] match [(secure)branchtest.perfectomobile.com:443/nexperience/perfectomobile/wd/hub/session/223f2364-c363-4f1b-9fa3-c593981d31c4/element]
<2017-09-26 13:07:03> DEBUG [o.a.h.c.p.RequestAddCookies] Cookie [version: 0][name: fast_failed][value: true][domain: branchtest.perfectomobile.com][path: /nexperience/perfectomobile/wd/hub/session][expiry: null] match [(secure)branchtest.perfectomobile.com:443/nexperience/perfectomobile/wd/hub/session/223f2364-c363-4f1b-9fa3-c593981d31c4/element]
<2017-09-26 13:07:03> DEBUG [o.a.h.c.p.RequestAddCookies] Cookie [version: 0][name: fast_failed][value: true][domain: branchtest.perfectomobile.com][path: /nexperience/perfectomobile/wd/hub/session/223f2364-c363-4f1b-9fa3-c593981d31c4][expiry: null] match [(secure)branchtest.perfectomobile.com:443/nexperience/perfectomobile/wd/hub/session/223f2364-c363-4f1b-9fa3-c593981d31c4/element]
<2017-09-26 13:07:03> DEBUG [o.a.h.c.p.RequestAuthCache] Auth cache not set in the context
<2017-09-26 13:07:03> DEBUG [o.a.h.i.c.PoolingHttpClientConnectionManager] Connection request: [route: {s}->https://branchtest.perfectomobile.com:443][total kept alive: 2; route allocated: 3 of 2000; total allocated: 3 of 2000]
<2017-09-26 13:07:03> DEBUG [o.a.h.i.c.PoolingHttpClientConnectionManager] Connection leased: [id: 8][route: {s}->https://branchtest.perfectomobile.com:443][total kept alive: 1; route allocated: 3 of 2000; total allocated: 3 of 2000]
<2017-09-26 13:07:03> DEBUG [o.a.h.i.execchain.MainClientExec] Stale connection check
<2017-09-26 13:07:03> DEBUG [org.apache.http.wire] http-outgoing-8 << "[read] I/O error: Read timed out"
<2017-09-26 13:07:03> DEBUG [o.a.h.i.c.DefaultManagedHttpClientConnection] http-outgoing-8: set socket timeout to 10800000
<2017-09-26 13:07:03> DEBUG [o.a.h.i.execchain.MainClientExec] Executing request POST /nexperience/perfectomobile/wd/hub/session/223f2364-c363-4f1b-9fa3-c593981d31c4/element HTTP/1.1
<2017-09-26 13:07:03> DEBUG [o.a.h.i.execchain.MainClientExec] Target auth state: UNCHALLENGED
<2017-09-26 13:07:03> DEBUG [o.a.h.i.execchain.MainClientExec] Proxy auth state: UNCHALLENGED
<2017-09-26 13:07:03> DEBUG [org.apache.http.headers] http-outgoing-8 >> POST /nexperience/perfectomobile/wd/hub/session/223f2364-c363-4f1b-9fa3-c593981d31c4/element HTTP/1.1
<2017-09-26 13:07:03> DEBUG [org.apache.http.headers] http-outgoing-8 >> Content-Type: application/json; charset=utf-8
<2017-09-26 13:07:03> DEBUG [org.apache.http.headers] http-outgoing-8 >> Content-Length: 73
<2017-09-26 13:07:03> DEBUG [org.apache.http.headers] http-outgoing-8 >> Host: branchtest.perfectomobile.com
<2017-09-26 13:07:03> DEBUG [org.apache.http.headers] http-outgoing-8 >> Connection: Keep-Alive
<2017-09-26 13:07:03> DEBUG [org.apache.http.headers] http-outgoing-8 >> User-Agent: Apache-HttpClient/4.5.2 (Java/1.8.0_121)
<2017-09-26 13:07:03> DEBUG [org.apache.http.headers] http-outgoing-8 >> Cookie: JSESSIONID=F6E28E4994D1584E597DBDFCCCB1737E; fast_failed=true; fast_failed=true; fast_failed=true
<2017-09-26 13:07:03> DEBUG [org.apache.http.headers] http-outgoing-8 >> Accept-Encoding: gzip,deflate
<2017-09-26 13:07:03> DEBUG [org.apache.http.wire] http-outgoing-8 >> "POST /nexperience/perfectomobile/wd/hub/session/223f2364-c363-4f1b-9fa3-c593981d31c4/element HTTP/1.1[\r][\n]"
<2017-09-26 13:07:03> DEBUG [org.apache.http.wire] http-outgoing-8 >> "Content-Type: application/json; charset=utf-8[\r][\n]"
<2017-09-26 13:07:03> DEBUG [org.apache.http.wire] http-outgoing-8 >> "Content-Length: 73[\r][\n]"
<2017-09-26 13:07:03> DEBUG [org.apache.http.wire] http-outgoing-8 >> "Host: branchtest.perfectomobile.com[\r][\n]"
<2017-09-26 13:07:03> DEBUG [org.apache.http.wire] http-outgoing-8 >> "Connection: Keep-Alive[\r][\n]"
<2017-09-26 13:07:03> DEBUG [org.apache.http.wire] http-outgoing-8 >> "User-Agent: Apache-HttpClient/4.5.2 (Java/1.8.0_121)[\r][\n]"
<2017-09-26 13:07:03> DEBUG [org.apache.http.wire] http-outgoing-8 >> "Cookie: JSESSIONID=F6E28E4994D1584E597DBDFCCCB1737E; fast_failed=true; fast_failed=true; fast_failed=true[\r][\n]"
<2017-09-26 13:07:03> DEBUG [org.apache.http.wire] http-outgoing-8 >> "Accept-Encoding: gzip,deflate[\r][\n]"
<2017-09-26 13:07:03> DEBUG [org.apache.http.wire] http-outgoing-8 >> "[\r][\n]"
<2017-09-26 13:07:03> DEBUG [org.apache.http.wire] http-outgoing-8 >> "{"using":"xpath","value":"//*[@id=\"register_form\"]/fieldset[13]/input"}"
<2017-09-26 13:07:03> DEBUG [org.apache.http.wire] http-outgoing-5 << "HTTP/1.1 200 OK[\r][\n]"
<2017-09-26 13:07:03> DEBUG [org.apache.http.wire] http-outgoing-5 << "Server: nginx[\r][\n]"
<2017-09-26 13:07:03> DEBUG [org.apache.http.wire] http-outgoing-5 << "Date: Tue, 26 Sep 2017 10:07:00 GMT[\r][\n]"
<2017-09-26 13:07:03> DEBUG [org.apache.http.wire] http-outgoing-5 << "Content-Type: application/json;charset=utf-8[\r][\n]"
<2017-09-26 13:07:03> DEBUG [org.apache.http.wire] http-outgoing-5 << "Transfer-Encoding: chunked[\r][\n]"
<2017-09-26 13:07:03> DEBUG [org.apache.http.wire] http-outgoing-5 << "Connection: keep-alive[\r][\n]"
<2017-09-26 13:07:03> DEBUG [org.apache.http.wire] http-outgoing-5 << "Set-Cookie: JSESSIONID=F6E28E4994D1584E597DBDFCCCB1737E; Path=/nexperience/; HttpOnly[\r][\n]"
<2017-09-26 13:07:03> DEBUG [org.apache.http.wire] http-outgoing-5 << "Expires: Thu, 01 Jan 1970 00:00:00 GMT[\r][\n]"
<2017-09-26 13:07:03> DEBUG [org.apache.http.wire] http-outgoing-5 << "Cache-Control: no-cache[\r][\n]"
<2017-09-26 13:07:03> DEBUG [org.apache.http.wire] http-outgoing-5 << "Cache-Control: no-cache[\r][\n]"
<2017-09-26 13:07:03> DEBUG [org.apache.http.wire] http-outgoing-5 << "Expires: Thu, 01 Jan 1970 00:00:00 GMT[\r][\n]"
<2017-09-26 13:07:03> DEBUG [org.apache.http.wire] http-outgoing-5 << "Set-Cookie: fast_failed=true[\r][\n]"
<2017-09-26 13:07:03> DEBUG [org.apache.http.wire] http-outgoing-5 << "X-XSS-Protection: 2; mode=block[\r][\n]"
<2017-09-26 13:07:03> DEBUG [org.apache.http.wire] http-outgoing-5 << "Content-Encoding: gzip[\r][\n]"
<2017-09-26 13:07:03> DEBUG [org.apache.http.wire] http-outgoing-5 << "[\r][\n]"
<2017-09-26 13:07:03> DEBUG [org.apache.http.wire] http-outgoing-5 << "94[\r][\n]"
<2017-09-26 13:07:03> DEBUG [org.apache.http.wire] http-outgoing-5 << "[0x1f][0x8b][0x8][0x0][0x0][0x0][0x0][0x0][0x0][0x3]-[0x8c]1[0x12][0x82]0[0x10]E[0xef][0xb2]5d[0x12]@[0x9][0xb4]V[0xb6][0xde]`[0xd9],[0xca]LH[0x80]%6[0x8e]ww[0xb][0xcb][0xff][0xe6][0xbd][0xff][0x1]a[0x91]%[0xa7]{[0x80][0x11][0x8]'r[0xd6][0xf5][0xf5][0xd0][0xb0][0xad];[0x9e][0xa8][0xf6]A[0xe7]<[0xcf][0x1][0x1d]u[0xae][0xc5]+T '[0x9e][0xac][0xba][0x14]"[0xad][0x95][0xbc]n9([0xf1][0xfd][0xa5]m[0xfc][0xe0]m[0x5]o[0x8c]EI*1V@[0x11]U[0x1b]![0x1f]O[0x93]7N;[0x1a][0xe1][0xc8]i)[0xab]9x[0xcd]'[0x9b][0x7][0xcb][0x96][0x93][0xf0][0xff][0xbe][0xa8]n[0xbf]?$[0xd1][0xa1]s[0x9e][0x0][0x0][0x0][\r][\n]"
<2017-09-26 13:07:03> DEBUG [org.apache.http.wire] http-outgoing-5 << "0[\r][\n]"
<2017-09-26 13:07:03> DEBUG [org.apache.http.wire] http-outgoing-5 << "[\r][\n]"
<2017-09-26 13:07:03> DEBUG [org.apache.http.headers] http-outgoing-5 << HTTP/1.1 200 OK
<2017-09-26 13:07:03> DEBUG [org.apache.http.headers] http-outgoing-5 << Server: nginx
<2017-09-26 13:07:03> DEBUG [org.apache.http.headers] http-outgoing-5 << Date: Tue, 26 Sep 2017 10:07:00 GMT
<2017-09-26 13:07:03> DEBUG [org.apache.http.headers] http-outgoing-5 << Content-Type: application/json;charset=utf-8
<2017-09-26 13:07:03> DEBUG [org.apache.http.headers] http-outgoing-5 << Transfer-Encoding: chunked
<2017-09-26 13:07:03> DEBUG [org.apache.http.headers] http-outgoing-5 << Connection: keep-alive
<2017-09-26 13:07:03> DEBUG [org.apache.http.headers] http-outgoing-5 << Set-Cookie: JSESSIONID=F6E28E4994D1584E597DBDFCCCB1737E; Path=/nexperience/; HttpOnly
<2017-09-26 13:07:03> DEBUG [org.apache.http.headers] http-outgoing-5 << Expires: Thu, 01 Jan 1970 00:00:00 GMT
<2017-09-26 13:07:03> DEBUG [org.apache.http.headers] http-outgoing-5 << Cache-Control: no-cache
<2017-09-26 13:07:03> DEBUG [org.apache.http.headers] http-outgoing-5 << Cache-Control: no-cache
<2017-09-26 13:07:03> DEBUG [org.apache.http.headers] http-outgoing-5 << Expires: Thu, 01 Jan 1970 00:00:00 GMT
<2017-09-26 13:07:03> DEBUG [org.apache.http.headers] http-outgoing-5 << Set-Cookie: fast_failed=true
<2017-09-26 13:07:03> DEBUG [org.apache.http.headers] http-outgoing-5 << X-XSS-Protection: 2; mode=block
<2017-09-26 13:07:03> DEBUG [org.apache.http.headers] http-outgoing-5 << Content-Encoding: gzip
<2017-09-26 13:07:03> DEBUG [o.a.h.i.execchain.MainClientExec] Connection can be kept alive indefinitely
<2017-09-26 13:07:03> DEBUG [o.a.h.c.p.ResponseProcessCookies] Cookie accepted [JSESSIONID="F6E28E4994D1584E597DBDFCCCB1737E", version:0, domain:branchtest.perfectomobile.com, path:/nexperience/, expiry:null]
<2017-09-26 13:07:03> DEBUG [o.a.h.c.p.ResponseProcessCookies] Cookie accepted [fast_failed="true", version:0, domain:branchtest.perfectomobile.com, path:/nexperience/perfectomobile/wd/hub/session/cabc1017-92e0-4ebc-8d17-fffda1c413a6/element/11, expiry:null]
<2017-09-26 13:07:03> DEBUG [o.a.h.i.c.PoolingHttpClientConnectionManager] Connection [id: 5][route: {s}->https://branchtest.perfectomobile.com:443] can be kept alive indefinitely
<2017-09-26 13:07:03> DEBUG [o.a.h.i.c.PoolingHttpClientConnectionManager] Connection released: [id: 5][route: {s}->https://branchtest.perfectomobile.com:443][total kept alive: 2; route allocated: 3 of 2000; total allocated: 3 of 2000]
<2017-09-26 13:07:03> DEBUG [o.a.h.c.p.RequestAddCookies] CookieSpec selected: default
<2017-09-26 13:07:03> DEBUG [o.a.h.c.p.RequestAddCookies] Cookie [version: 0][name: JSESSIONID][value: F6E28E4994D1584E597DBDFCCCB1737E][domain: branchtest.perfectomobile.com][path: /nexperience/][expiry: null] match [(secure)branchtest.perfectomobile.com:443/nexperience/perfectomobile/wd/hub/session/cabc1017-92e0-4ebc-8d17-fffda1c413a6/element]
<2017-09-26 13:07:03> DEBUG [o.a.h.c.p.RequestAddCookies] Cookie [version: 0][name: fast_failed][value: true][domain: branchtest.perfectomobile.com][path: /nexperience/perfectomobile/wd/hub][expiry: null] match [(secure)branchtest.perfectomobile.com:443/nexperience/perfectomobile/wd/hub/session/cabc1017-92e0-4ebc-8d17-fffda1c413a6/element]
<2017-09-26 13:07:03> DEBUG [o.a.h.c.p.RequestAddCookies] Cookie [version: 0][name: fast_failed][value: true][domain: branchtest.perfectomobile.com][path: /nexperience/perfectomobile/wd/hub/session][expiry: null] match [(secure)branchtest.perfectomobile.com:443/nexperience/perfectomobile/wd/hub/session/cabc1017-92e0-4ebc-8d17-fffda1c413a6/element]
<2017-09-26 13:07:03> DEBUG [o.a.h.c.p.RequestAddCookies] Cookie [version: 0][name: fast_failed][value: true][domain: branchtest.perfectomobile.com][path: /nexperience/perfectomobile/wd/hub/session/cabc1017-92e0-4ebc-8d17-fffda1c413a6][expiry: null] match [(secure)branchtest.perfectomobile.com:443/nexperience/perfectomobile/wd/hub/session/cabc1017-92e0-4ebc-8d17-fffda1c413a6/element]
<2017-09-26 13:07:03> DEBUG [o.a.h.c.p.RequestAuthCache] Auth cache not set in the context
<2017-09-26 13:07:03> DEBUG [o.a.h.i.c.PoolingHttpClientConnectionManager] Connection request: [route: {s}->https://branchtest.perfectomobile.com:443][total kept alive: 2; route allocated: 3 of 2000; total allocated: 3 of 2000]
<2017-09-26 13:07:03> DEBUG [o.a.h.i.c.PoolingHttpClientConnectionManager] Connection leased: [id: 5][route: {s}->https://branchtest.perfectomobile.com:443][total kept alive: 1; route allocated: 3 of 2000; total allocated: 3 of 2000]
<2017-09-26 13:07:03> DEBUG [o.a.h.i.execchain.MainClientExec] Stale connection check
<2017-09-26 13:07:03> DEBUG [org.apache.http.wire] http-outgoing-5 << "[read] I/O error: Read timed out"
<2017-09-26 13:07:03> DEBUG [o.a.h.i.c.DefaultManagedHttpClientConnection] http-outgoing-5: set socket timeout to 10800000
<2017-09-26 13:07:03> DEBUG [o.a.h.i.execchain.MainClientExec] Executing request POST /nexperience/perfectomobile/wd/hub/session/cabc1017-92e0-4ebc-8d17-fffda1c413a6/element HTTP/1.1
<2017-09-26 13:07:03> DEBUG [o.a.h.i.execchain.MainClientExec] Target auth state: UNCHALLENGED
<2017-09-26 13:07:03> DEBUG [o.a.h.i.execchain.MainClientExec] Proxy auth state: UNCHALLENGED
<2017-09-26 13:07:03> DEBUG [org.apache.http.headers] http-outgoing-5 >> POST /nexperience/perfectomobile/wd/hub/session/cabc1017-92e0-4ebc-8d17-fffda1c413a6/element HTTP/1.1
<2017-09-26 13:07:03> DEBUG [org.apache.http.headers] http-outgoing-5 >> Content-Type: application/json; charset=utf-8
<2017-09-26 13:07:03> DEBUG [org.apache.http.headers] http-outgoing-5 >> Content-Length: 73
<2017-09-26 13:07:03> DEBUG [org.apache.http.headers] http-outgoing-5 >> Host: branchtest.perfectomobile.com
<2017-09-26 13:07:03> DEBUG [org.apache.http.headers] http-outgoing-5 >> Connection: Keep-Alive
<2017-09-26 13:07:03> DEBUG [org.apache.http.headers] http-outgoing-5 >> User-Agent: Apache-HttpClient/4.5.2 (Java/1.8.0_121)
<2017-09-26 13:07:03> DEBUG [org.apache.http.headers] http-outgoing-5 >> Cookie: JSESSIONID=F6E28E4994D1584E597DBDFCCCB1737E; fast_failed=true; fast_failed=true; fast_failed=true
<2017-09-26 13:07:03> DEBUG [org.apache.http.headers] http-outgoing-5 >> Accept-Encoding: gzip,deflate
<2017-09-26 13:07:03> DEBUG [org.apache.http.wire] http-outgoing-5 >> "POST /nexperience/perfectomobile/wd/hub/session/cabc1017-92e0-4ebc-8d17-fffda1c413a6/element HTTP/1.1[\r][\n]"
<2017-09-26 13:07:03> DEBUG [org.apache.http.wire] http-outgoing-5 >> "Content-Type: application/json; charset=utf-8[\r][\n]"
<2017-09-26 13:07:03> DEBUG [org.apache.http.wire] http-outgoing-5 >> "Content-Length: 73[\r][\n]"
<2017-09-26 13:07:03> DEBUG [org.apache.http.wire] http-outgoing-5 >> "Host: branchtest.perfectomobile.com[\r][\n]"
<2017-09-26 13:07:03> DEBUG [org.apache.http.wire] http-outgoing-5 >> "Connection: Keep-Alive[\r][\n]"
<2017-09-26 13:07:03> DEBUG [org.apache.http.wire] http-outgoing-5 >> "User-Agent: Apache-HttpClient/4.5.2 (Java/1.8.0_121)[\r][\n]"
<2017-09-26 13:07:03> DEBUG [org.apache.http.wire] http-outgoing-5 >> "Cookie: JSESSIONID=F6E28E4994D1584E597DBDFCCCB1737E; fast_failed=true; fast_failed=true; fast_failed=true[\r][\n]"
<2017-09-26 13:07:03> DEBUG [org.apache.http.wire] http-outgoing-5 >> "Accept-Encoding: gzip,deflate[\r][\n]"
<2017-09-26 13:07:03> DEBUG [org.apache.http.wire] http-outgoing-5 >> "[\r][\n]"
<2017-09-26 13:07:03> DEBUG [org.apache.http.wire] http-outgoing-5 >> "{"using":"xpath","value":"//*[@id=\"register_form\"]/fieldset[11]/input"}"
<2017-09-26 13:07:04> DEBUG [org.apache.http.wire] http-outgoing-8 << "HTTP/1.1 200 OK[\r][\n]"
<2017-09-26 13:07:04> DEBUG [org.apache.http.wire] http-outgoing-8 << "Server: nginx[\r][\n]"
<2017-09-26 13:07:04> DEBUG [org.apache.http.wire] http-outgoing-8 << "Date: Tue, 26 Sep 2017 10:07:00 GMT[\r][\n]"
<2017-09-26 13:07:04> DEBUG [org.apache.http.wire] http-outgoing-8 << "Content-Type: application/json;charset=utf-8[\r][\n]"
<2017-09-26 13:07:04> DEBUG [org.apache.http.wire] http-outgoing-8 << "Transfer-Encoding: chunked[\r][\n]"
<2017-09-26 13:07:04> DEBUG [org.apache.http.wire] http-outgoing-8 << "Connection: keep-alive[\r][\n]"
<2017-09-26 13:07:04> DEBUG [org.apache.http.wire] http-outgoing-8 << "Set-Cookie: JSESSIONID=F6E28E4994D1584E597DBDFCCCB1737E; Path=/nexperience/; HttpOnly[\r][\n]"
<2017-09-26 13:07:04> DEBUG [org.apache.http.wire] http-outgoing-8 << "Expires: Thu, 01 Jan 1970 00:00:00 GMT[\r][\n]"
<2017-09-26 13:07:04> DEBUG [org.apache.http.wire] http-outgoing-8 << "Cache-Control: no-cache[\r][\n]"
<2017-09-26 13:07:04> DEBUG [org.apache.http.wire] http-outgoing-8 << "Cache-Control: no-cache[\r][\n]"
<2017-09-26 13:07:04> DEBUG [org.apache.http.wire] http-outgoing-8 << "Expires: Thu, 01 Jan 1970 00:00:00 GMT[\r][\n]"
<2017-09-26 13:07:04> DEBUG [org.apache.http.wire] http-outgoing-8 << "Set-Cookie: fast_failed=true[\r][\n]"
<2017-09-26 13:07:04> DEBUG [org.apache.http.wire] http-outgoing-8 << "X-XSS-Protection: 2; mode=block[\r][\n]"
<2017-09-26 13:07:04> DEBUG [org.apache.http.wire] http-outgoing-8 << "Content-Encoding: gzip[\r][\n]"
<2017-09-26 13:07:04> DEBUG [org.apache.http.wire] http-outgoing-8 << "[\r][\n]"
<2017-09-26 13:07:04> DEBUG [org.apache.http.wire] http-outgoing-8 << "a1[\r][\n]"
<2017-09-26 13:07:04> DEBUG [org.apache.http.wire] http-outgoing-8 << "[0x1f][0x8b][0x8][0x0][0x0][0x0][0x0][0x0][0x0][0x3]-[0x8d]A[0xe][0x82]0[0x10][0x0][0xff][0xb2]ghl[0xb7][0x10][0xcb][0xd5]p0Q[0xf][0xc6][0xf][0xd4][0xb2]([0x9][0xb4][0xc8]R/[0x84][0xbf][0xbb][0x7][0xaf][0x93][0x99][0xcc][0x6]L[0xcc]C[0x8a][0xe7][0xe][0x1a]0[0x6]{[0x83][0xb5]-[0x3][0xd6]X[0xda]^?K[0xd7]{,C[0xe5][0xd0][0x1d]u[0x87]:X([0x80]W[0xbf][0x92][0xe8][0x9c]C[0x90]Z[0xc8][0xfb][0x94]:![0x95][0xae][0xd1]U[0xda][0x9a][0x2][0xbe]~[0xcc]B6h/[0xed][0xb5][0xbd]=D[0xd7][0x16][0xf6][0x2][0xc2][0xe8]%i -/[0x95]f[0x8a][0x1f][0xaf][0x98]F[0x8a]C[0x9e][0xd4]BSZI[0xdd][0x89][0xe7][0x14][0x99][0xfe][0xab],[0xfa]a[0xff][0x1][0xc2]Q[0x83][0xec][0xaa][0x0][0x0][0x0][\r][\n]"
<2017-09-26 13:07:04> DEBUG [org.apache.http.wire] http-outgoing-8 << "0[\r][\n]"
<2017-09-26 13:07:04> DEBUG [org.apache.http.wire] http-outgoing-8 << "[\r][\n]"
<2017-09-26 13:07:04> DEBUG [org.apache.http.headers] http-outgoing-8 << HTTP/1.1 200 OK
<2017-09-26 13:07:04> DEBUG [org.apache.http.headers] http-outgoing-8 << Server: nginx
<2017-09-26 13:07:04> DEBUG [org.apache.http.headers] http-outgoing-8 << Date: Tue, 26 Sep 2017 10:07:00 GMT
<2017-09-26 13:07:04> DEBUG [org.apache.http.headers] http-outgoing-8 << Content-Type: application/json;charset=utf-8
<2017-09-26 13:07:04> DEBUG [org.apache.http.headers] http-outgoing-8 << Transfer-Encoding: chunked
<2017-09-26 13:07:04> DEBUG [org.apache.http.headers] http-outgoing-8 << Connection: keep-alive
<2017-09-26 13:07:04> DEBUG [org.apache.http.headers] http-outgoing-8 << Set-Cookie: JSESSIONID=F6E28E4994D1584E597DBDFCCCB1737E; Path=/nexperience/; HttpOnly
<2017-09-26 13:07:04> DEBUG [org.apache.http.headers] http-outgoing-8 << Expires: Thu, 01 Jan 1970 00:00:00 GMT
<2017-09-26 13:07:04> DEBUG [org.apache.http.headers] http-outgoing-8 << Cache-Control: no-cache
<2017-09-26 13:07:04> DEBUG [org.apache.http.headers] http-outgoing-8 << Cache-Control: no-cache
<2017-09-26 13:07:04> DEBUG [org.apache.http.headers] http-outgoing-8 << Expires: Thu, 01 Jan 1970 00:00:00 GMT
<2017-09-26 13:07:04> DEBUG [org.apache.http.headers] http-outgoing-8 << Set-Cookie: fast_failed=true
<2017-09-26 13:07:04> DEBUG [org.apache.http.headers] http-outgoing-8 << X-XSS-Protection: 2; mode=block
<2017-09-26 13:07:04> DEBUG [org.apache.http.headers] http-outgoing-8 << Content-Encoding: gzip
<2017-09-26 13:07:04> DEBUG [o.a.h.i.execchain.MainClientExec] Connection can be kept alive indefinitely
<2017-09-26 13:07:04> DEBUG [o.a.h.c.p.ResponseProcessCookies] Cookie accepted [JSESSIONID="F6E28E4994D1584E597DBDFCCCB1737E", version:0, domain:branchtest.perfectomobile.com, path:/nexperience/, expiry:null]
<2017-09-26 13:07:04> DEBUG [o.a.h.c.p.ResponseProcessCookies] Cookie accepted [fast_failed="true", version:0, domain:branchtest.perfectomobile.com, path:/nexperience/perfectomobile/wd/hub/session/223f2364-c363-4f1b-9fa3-c593981d31c4, expiry:null]
<2017-09-26 13:07:04> DEBUG [o.a.h.i.c.PoolingHttpClientConnectionManager] Connection [id: 8][route: {s}->https://branchtest.perfectomobile.com:443] can be kept alive indefinitely
<2017-09-26 13:07:04> DEBUG [o.a.h.i.c.PoolingHttpClientConnectionManager] Connection released: [id: 8][route: {s}->https://branchtest.perfectomobile.com:443][total kept alive: 2; route allocated: 3 of 2000; total allocated: 3 of 2000]
<2017-09-26 13:07:04> DEBUG [o.a.h.c.p.RequestAddCookies] CookieSpec selected: default
<2017-09-26 13:07:04> DEBUG [o.a.h.c.p.RequestAddCookies] Cookie [version: 0][name: JSESSIONID][value: F6E28E4994D1584E597DBDFCCCB1737E][domain: branchtest.perfectomobile.com][path: /nexperience/][expiry: null] match [(secure)branchtest.perfectomobile.com:443/nexperience/perfectomobile/wd/hub/session/223f2364-c363-4f1b-9fa3-c593981d31c4/element/14/click]
<2017-09-26 13:07:04> DEBUG [o.a.h.c.p.RequestAddCookies] Cookie [version: 0][name: fast_failed][value: true][domain: branchtest.perfectomobile.com][path: /nexperience/perfectomobile/wd/hub][expiry: null] match [(secure)branchtest.perfectomobile.com:443/nexperience/perfectomobile/wd/hub/session/223f2364-c363-4f1b-9fa3-c593981d31c4/element/14/click]
<2017-09-26 13:07:04> DEBUG [o.a.h.c.p.RequestAddCookies] Cookie [version: 0][name: fast_failed][value: true][domain: branchtest.perfectomobile.com][path: /nexperience/perfectomobile/wd/hub/session][expiry: null] match [(secure)branchtest.perfectomobile.com:443/nexperience/perfectomobile/wd/hub/session/223f2364-c363-4f1b-9fa3-c593981d31c4/element/14/click]
<2017-09-26 13:07:04> DEBUG [o.a.h.c.p.RequestAddCookies] Cookie [version: 0][name: fast_failed][value: true][domain: branchtest.perfectomobile.com][path: /nexperience/perfectomobile/wd/hub/session/223f2364-c363-4f1b-9fa3-c593981d31c4][expiry: null] match [(secure)branchtest.perfectomobile.com:443/nexperience/perfectomobile/wd/hub/session/223f2364-c363-4f1b-9fa3-c593981d31c4/element/14/click]
<2017-09-26 13:07:04> DEBUG [o.a.h.c.p.RequestAuthCache] Auth cache not set in the context
<2017-09-26 13:07:04> DEBUG [o.a.h.i.c.PoolingHttpClientConnectionManager] Connection request: [route: {s}->https://branchtest.perfectomobile.com:443][total kept alive: 2; route allocated: 3 of 2000; total allocated: 3 of 2000]
<2017-09-26 13:07:04> DEBUG [o.a.h.i.c.PoolingHttpClientConnectionManager] Connection leased: [id: 8][route: {s}->https://branchtest.perfectomobile.com:443][total kept alive: 1; route allocated: 3 of 2000; total allocated: 3 of 2000]
<2017-09-26 13:07:04> DEBUG [o.a.h.i.execchain.MainClientExec] Stale connection check
<2017-09-26 13:07:04> DEBUG [org.apache.http.wire] http-outgoing-8 << "[read] I/O error: Read timed out"
<2017-09-26 13:07:04> DEBUG [o.a.h.i.c.DefaultManagedHttpClientConnection] http-outgoing-8: set socket timeout to 10800000
<2017-09-26 13:07:04> DEBUG [o.a.h.i.execchain.MainClientExec] Executing request POST /nexperience/perfectomobile/wd/hub/session/223f2364-c363-4f1b-9fa3-c593981d31c4/element/14/click HTTP/1.1
<2017-09-26 13:07:04> DEBUG [o.a.h.i.execchain.MainClientExec] Target auth state: UNCHALLENGED
<2017-09-26 13:07:04> DEBUG [o.a.h.i.execchain.MainClientExec] Proxy auth state: UNCHALLENGED
<2017-09-26 13:07:04> DEBUG [org.apache.http.headers] http-outgoing-8 >> POST /nexperience/perfectomobile/wd/hub/session/223f2364-c363-4f1b-9fa3-c593981d31c4/element/14/click HTTP/1.1
<2017-09-26 13:07:04> DEBUG [org.apache.http.headers] http-outgoing-8 >> Content-Type: application/json; charset=utf-8
<2017-09-26 13:07:04> DEBUG [org.apache.http.headers] http-outgoing-8 >> Content-Length: 11
<2017-09-26 13:07:04> DEBUG [org.apache.http.headers] http-outgoing-8 >> Host: branchtest.perfectomobile.com
<2017-09-26 13:07:04> DEBUG [org.apache.http.headers] http-outgoing-8 >> Connection: Keep-Alive
<2017-09-26 13:07:04> DEBUG [org.apache.http.headers] http-outgoing-8 >> User-Agent: Apache-HttpClient/4.5.2 (Java/1.8.0_121)
<2017-09-26 13:07:04> DEBUG [org.apache.http.headers] http-outgoing-8 >> Cookie: JSESSIONID=F6E28E4994D1584E597DBDFCCCB1737E; fast_failed=true; fast_failed=true; fast_failed=true
<2017-09-26 13:07:04> DEBUG [org.apache.http.headers] http-outgoing-8 >> Accept-Encoding: gzip,deflate
<2017-09-26 13:07:04> DEBUG [org.apache.http.wire] http-outgoing-8 >> "POST /nexperience/perfectomobile/wd/hub/session/223f2364-c363-4f1b-9fa3-c593981d31c4/element/14/click HTTP/1.1[\r][\n]"
<2017-09-26 13:07:04> DEBUG [org.apache.http.wire] http-outgoing-8 >> "Content-Type: application/json; charset=utf-8[\r][\n]"
<2017-09-26 13:07:04> DEBUG [org.apache.http.wire] http-outgoing-8 >> "Content-Length: 11[\r][\n]"
<2017-09-26 13:07:04> DEBUG [org.apache.http.wire] http-outgoing-8 >> "Host: branchtest.perfectomobile.com[\r][\n]"
<2017-09-26 13:07:04> DEBUG [org.apache.http.wire] http-outgoing-8 >> "Connection: Keep-Alive[\r][\n]"
<2017-09-26 13:07:04> DEBUG [org.apache.http.wire] http-outgoing-8 >> "User-Agent: Apache-HttpClient/4.5.2 (Java/1.8.0_121)[\r][\n]"
<2017-09-26 13:07:04> DEBUG [org.apache.http.wire] http-outgoing-8 >> "Cookie: JSESSIONID=F6E28E4994D1584E597DBDFCCCB1737E; fast_failed=true; fast_failed=true; fast_failed=true[\r][\n]"
<2017-09-26 13:07:04> DEBUG [org.apache.http.wire] http-outgoing-8 >> "Accept-Encoding: gzip,deflate[\r][\n]"
<2017-09-26 13:07:04> DEBUG [org.apache.http.wire] http-outgoing-8 >> "[\r][\n]"
<2017-09-26 13:07:04> DEBUG [org.apache.http.wire] http-outgoing-8 >> "{"id":"14"}"
<2017-09-26 13:07:04> DEBUG [org.apache.http.wire] http-outgoing-5 << "HTTP/1.1 200 OK[\r][\n]"
<2017-09-26 13:07:04> DEBUG [org.apache.http.wire] http-outgoing-5 << "Server: nginx[\r][\n]"
<2017-09-26 13:07:04> DEBUG [org.apache.http.wire] http-outgoing-5 << "Date: Tue, 26 Sep 2017 10:07:00 GMT[\r][\n]"
<2017-09-26 13:07:04> DEBUG [org.apache.http.wire] http-outgoing-5 << "Content-Type: application/json;charset=utf-8[\r][\n]"
<2017-09-26 13:07:04> DEBUG [org.apache.http.wire] http-outgoing-5 << "Transfer-Encoding: chunked[\r][\n]"
<2017-09-26 13:07:04> DEBUG [org.apache.http.wire] http-outgoing-5 << "Connection: keep-alive[\r][\n]"
<2017-09-26 13:07:04> DEBUG [org.apache.http.wire] http-outgoing-5 << "Set-Cookie: JSESSIONID=F6E28E4994D1584E597DBDFCCCB1737E; Path=/nexperience/; HttpOnly[\r][\n]"
<2017-09-26 13:07:04> DEBUG [org.apache.http.wire] http-outgoing-5 << "Expires: Thu, 01 Jan 1970 00:00:00 GMT[\r][\n]"
<2017-09-26 13:07:04> DEBUG [org.apache.http.wire] http-outgoing-5 << "Cache-Control: no-cache[\r][\n]"
<2017-09-26 13:07:04> DEBUG [org.apache.http.wire] http-outgoing-5 << "Cache-Control: no-cache[\r][\n]"
<2017-09-26 13:07:04> DEBUG [org.apache.http.wire] http-outgoing-5 << "Expires: Thu, 01 Jan 1970 00:00:00 GMT[\r][\n]"
<2017-09-26 13:07:04> DEBUG [org.apache.http.wire] http-outgoing-5 << "Set-Cookie: fast_failed=true[\r][\n]"
<2017-09-26 13:07:04> DEBUG [org.apache.http.wire] http-outgoing-5 << "X-XSS-Protection: 2; mode=block[\r][\n]"
<2017-09-26 13:07:04> DEBUG [org.apache.http.wire] http-outgoing-5 << "Content-Encoding: gzip[\r][\n]"
<2017-09-26 13:07:04> DEBUG [org.apache.http.wire] http-outgoing-5 << "[\r][\n]"
<2017-09-26 13:07:04> DEBUG [org.apache.http.wire] http-outgoing-5 << "a1[\r][\n]"
<2017-09-26 13:07:04> DEBUG [org.apache.http.wire] http-outgoing-5 << "[0x1f][0x8b][0x8][0x0][0x0][0x0][0x0][0x0][0x0][0x3]-[0x8d]1[0xe][0x82]@[0x10]E[0xef]25lv[0x11]Tl[\r][0x85][0x89]Z[0x18]/0[0xcc][0xe]J[0x2][0xbb][0xc8][0xb0]6[0x84][0xbb];[0x85][0xe5]]]>&#x7f;<![CDATA[y/]]>&#x7f;<![CDATA[[0x5]a[0x91]>[0x86][0x8b][0x87][0x13][0x10][0xb6][0xe4][0xac];[0xe4]u[0xc1]6/[0xb9][0xa5][0xfc][0xe8]uv][0xe7][0xd1]Q[0xe9]v[0xb8][0x87][0xc]d[0xc1][0x85]U[0x97]D[0xa4][0xb5][0x92][0xf7]9z%[0xae][0xae][\n]"
<2017-09-26 13:07:04> DEBUG [org.apache.http.wire] http-outgoing-5 << "[[0x95][0xb5][0xcd][0xe0][0x8b]CR[0xb2]Bsmn[0xcd][0xfd][0xa9][0xba]+`[0xcb][0x80][0x6][0xd4][0xe4][0x4]q~[0x99]8q[0xf8][0xa0][0x11][0x1e]8[0xf4]i43[0x8f]qa[0xf3]`[0x99]b[0x10][0xfe]_%[0xd5][0xed][0xf6][0x3][0xe7]([0x4][0x1b][0xaa][0x0][0x0][0x0][\r][\n]"
<2017-09-26 13:07:04> DEBUG [org.apache.http.wire] http-outgoing-5 << "0[\r][\n]"
<2017-09-26 13:07:04> DEBUG [org.apache.http.wire] http-outgoing-5 << "[\r][\n]"
<2017-09-26 13:07:04> DEBUG [org.apache.http.headers] http-outgoing-5 << HTTP/1.1 200 OK
<2017-09-26 13:07:04> DEBUG [org.apache.http.headers] http-outgoing-5 << Server: nginx
<2017-09-26 13:07:04> DEBUG [org.apache.http.headers] http-outgoing-5 << Date: Tue, 26 Sep 2017 10:07:00 GMT
<2017-09-26 13:07:04> DEBUG [org.apache.http.headers] http-outgoing-5 << Content-Type: application/json;charset=utf-8
<2017-09-26 13:07:04> DEBUG [org.apache.http.headers] http-outgoing-5 << Transfer-Encoding: chunked
<2017-09-26 13:07:04> DEBUG [org.apache.http.headers] http-outgoing-5 << Connection: keep-alive
<2017-09-26 13:07:04> DEBUG [org.apache.http.headers] http-outgoing-5 << Set-Cookie: JSESSIONID=F6E28E4994D1584E597DBDFCCCB1737E; Path=/nexperience/; HttpOnly
<2017-09-26 13:07:04> DEBUG [org.apache.http.headers] http-outgoing-5 << Expires: Thu, 01 Jan 1970 00:00:00 GMT
<2017-09-26 13:07:04> DEBUG [org.apache.http.headers] http-outgoing-5 << Cache-Control: no-cache
<2017-09-26 13:07:04> DEBUG [org.apache.http.headers] http-outgoing-5 << Cache-Control: no-cache
<2017-09-26 13:07:04> DEBUG [org.apache.http.headers] http-outgoing-5 << Expires: Thu, 01 Jan 1970 00:00:00 GMT
<2017-09-26 13:07:04> DEBUG [org.apache.http.headers] http-outgoing-5 << Set-Cookie: fast_failed=true
<2017-09-26 13:07:04> DEBUG [org.apache.http.headers] http-outgoing-5 << X-XSS-Protection: 2; mode=block
<2017-09-26 13:07:04> DEBUG [org.apache.http.headers] http-outgoing-5 << Content-Encoding: gzip
<2017-09-26 13:07:04> DEBUG [o.a.h.i.execchain.MainClientExec] Connection can be kept alive indefinitely
<2017-09-26 13:07:04> DEBUG [o.a.h.c.p.ResponseProcessCookies] Cookie accepted [JSESSIONID="F6E28E4994D1584E597DBDFCCCB1737E", version:0, domain:branchtest.perfectomobile.com, path:/nexperience/, expiry:null]
<2017-09-26 13:07:04> DEBUG [o.a.h.c.p.ResponseProcessCookies] Cookie accepted [fast_failed="true", version:0, domain:branchtest.perfectomobile.com, path:/nexperience/perfectomobile/wd/hub/session/cabc1017-92e0-4ebc-8d17-fffda1c413a6, expiry:null]
<2017-09-26 13:07:04> DEBUG [o.a.h.i.c.PoolingHttpClientConnectionManager] Connection [id: 5][route: {s}->https://branchtest.perfectomobile.com:443] can be kept alive indefinitely
<2017-09-26 13:07:04> DEBUG [o.a.h.i.c.PoolingHttpClientConnectionManager] Connection released: [id: 5][route: {s}->https://branchtest.perfectomobile.com:443][total kept alive: 2; route allocated: 3 of 2000; total allocated: 3 of 2000]
<2017-09-26 13:07:04> DEBUG [o.a.h.c.p.RequestAddCookies] CookieSpec selected: default
<2017-09-26 13:07:04> DEBUG [o.a.h.c.p.RequestAddCookies] Cookie [version: 0][name: JSESSIONID][value: F6E28E4994D1584E597DBDFCCCB1737E][domain: branchtest.perfectomobile.com][path: /nexperience/][expiry: null] match [(secure)branchtest.perfectomobile.com:443/nexperience/perfectomobile/wd/hub/session/cabc1017-92e0-4ebc-8d17-fffda1c413a6/element/12/value]
<2017-09-26 13:07:04> DEBUG [o.a.h.c.p.RequestAddCookies] Cookie [version: 0][name: fast_failed][value: true][domain: branchtest.perfectomobile.com][path: /nexperience/perfectomobile/wd/hub][expiry: null] match [(secure)branchtest.perfectomobile.com:443/nexperience/perfectomobile/wd/hub/session/cabc1017-92e0-4ebc-8d17-fffda1c413a6/element/12/value]
<2017-09-26 13:07:04> DEBUG [o.a.h.c.p.RequestAddCookies] Cookie [version: 0][name: fast_failed][value: true][domain: branchtest.perfectomobile.com][path: /nexperience/perfectomobile/wd/hub/session][expiry: null] match [(secure)branchtest.perfectomobile.com:443/nexperience/perfectomobile/wd/hub/session/cabc1017-92e0-4ebc-8d17-fffda1c413a6/element/12/value]
<2017-09-26 13:07:04> DEBUG [o.a.h.c.p.RequestAddCookies] Cookie [version: 0][name: fast_failed][value: true][domain: branchtest.perfectomobile.com][path: /nexperience/perfectomobile/wd/hub/session/cabc1017-92e0-4ebc-8d17-fffda1c413a6][expiry: null] match [(secure)branchtest.perfectomobile.com:443/nexperience/perfectomobile/wd/hub/session/cabc1017-92e0-4ebc-8d17-fffda1c413a6/element/12/value]
<2017-09-26 13:07:04> DEBUG [o.a.h.c.p.RequestAuthCache] Auth cache not set in the context
<2017-09-26 13:07:04> DEBUG [o.a.h.i.c.PoolingHttpClientConnectionManager] Connection request: [route: {s}->https://branchtest.perfectomobile.com:443][total kept alive: 2; route allocated: 3 of 2000; total allocated: 3 of 2000]
<2017-09-26 13:07:04> DEBUG [o.a.h.i.c.PoolingHttpClientConnectionManager] Connection leased: [id: 5][route: {s}->https://branchtest.perfectomobile.com:443][total kept alive: 1; route allocated: 3 of 2000; total allocated: 3 of 2000]
<2017-09-26 13:07:04> DEBUG [o.a.h.i.execchain.MainClientExec] Stale connection check
<2017-09-26 13:07:04> DEBUG [org.apache.http.wire] http-outgoing-5 << "[read] I/O error: Read timed out"
<2017-09-26 13:07:04> DEBUG [o.a.h.i.c.DefaultManagedHttpClientConnection] http-outgoing-5: set socket timeout to 10800000
<2017-09-26 13:07:04> DEBUG [o.a.h.i.execchain.MainClientExec] Executing request POST /nexperience/perfectomobile/wd/hub/session/cabc1017-92e0-4ebc-8d17-fffda1c413a6/element/12/value HTTP/1.1
<2017-09-26 13:07:04> DEBUG [o.a.h.i.execchain.MainClientExec] Target auth state: UNCHALLENGED
<2017-09-26 13:07:04> DEBUG [o.a.h.i.execchain.MainClientExec] Proxy auth state: UNCHALLENGED
<2017-09-26 13:07:04> DEBUG [org.apache.http.headers] http-outgoing-5 >> POST /nexperience/perfectomobile/wd/hub/session/cabc1017-92e0-4ebc-8d17-fffda1c413a6/element/12/value HTTP/1.1
<2017-09-26 13:07:04> DEBUG [org.apache.http.headers] http-outgoing-5 >> Content-Type: application/json; charset=utf-8
<2017-09-26 13:07:04> DEBUG [org.apache.http.headers] http-outgoing-5 >> Content-Length: 32
<2017-09-26 13:07:04> DEBUG [org.apache.http.headers] http-outgoing-5 >> Host: branchtest.perfectomobile.com
<2017-09-26 13:07:04> DEBUG [org.apache.http.headers] http-outgoing-5 >> Connection: Keep-Alive
<2017-09-26 13:07:04> DEBUG [org.apache.http.headers] http-outgoing-5 >> User-Agent: Apache-HttpClient/4.5.2 (Java/1.8.0_121)
<2017-09-26 13:07:04> DEBUG [org.apache.http.headers] http-outgoing-5 >> Cookie: JSESSIONID=F6E28E4994D1584E597DBDFCCCB1737E; fast_failed=true; fast_failed=true; fast_failed=true
<2017-09-26 13:07:04> DEBUG [org.apache.http.headers] http-outgoing-5 >> Accept-Encoding: gzip,deflate
<2017-09-26 13:07:04> DEBUG [org.apache.http.wire] http-outgoing-5 >> "POST /nexperience/perfectomobile/wd/hub/session/cabc1017-92e0-4ebc-8d17-fffda1c413a6/element/12/value HTTP/1.1[\r][\n]"
<2017-09-26 13:07:04> DEBUG [org.apache.http.wire] http-outgoing-5 >> "Content-Type: application/json; charset=utf-8[\r][\n]"
<2017-09-26 13:07:04> DEBUG [org.apache.http.wire] http-outgoing-5 >> "Content-Length: 32[\r][\n]"
<2017-09-26 13:07:04> DEBUG [org.apache.http.wire] http-outgoing-5 >> "Host: branchtest.perfectomobile.com[\r][\n]"
<2017-09-26 13:07:04> DEBUG [org.apache.http.wire] http-outgoing-5 >> "Connection: Keep-Alive[\r][\n]"
<2017-09-26 13:07:04> DEBUG [org.apache.http.wire] http-outgoing-5 >> "User-Agent: Apache-HttpClient/4.5.2 (Java/1.8.0_121)[\r][\n]"
<2017-09-26 13:07:04> DEBUG [org.apache.http.wire] http-outgoing-5 >> "Cookie: JSESSIONID=F6E28E4994D1584E597DBDFCCCB1737E; fast_failed=true; fast_failed=true; fast_failed=true[\r][\n]"
<2017-09-26 13:07:04> DEBUG [org.apache.http.wire] http-outgoing-5 >> "Accept-Encoding: gzip,deflate[\r][\n]"
<2017-09-26 13:07:04> DEBUG [org.apache.http.wire] http-outgoing-5 >> "[\r][\n]"
<2017-09-26 13:07:04> DEBUG [org.apache.http.wire] http-outgoing-5 >> "{"id":"12","value":["Password"]}"
<2017-09-26 13:07:04> DEBUG [org.apache.http.wire] http-outgoing-8 << "HTTP/1.1 200 OK[\r][\n]"
<2017-09-26 13:07:04> DEBUG [org.apache.http.wire] http-outgoing-8 << "Server: nginx[\r][\n]"
<2017-09-26 13:07:04> DEBUG [org.apache.http.wire] http-outgoing-8 << "Date: Tue, 26 Sep 2017 10:07:00 GMT[\r][\n]"
<2017-09-26 13:07:04> DEBUG [org.apache.http.wire] http-outgoing-8 << "Content-Type: application/json;charset=utf-8[\r][\n]"
<2017-09-26 13:07:04> DEBUG [org.apache.http.wire] http-outgoing-8 << "Transfer-Encoding: chunked[\r][\n]"
<2017-09-26 13:07:04> DEBUG [org.apache.http.wire] http-outgoing-8 << "Connection: keep-alive[\r][\n]"
<2017-09-26 13:07:04> DEBUG [org.apache.http.wire] http-outgoing-8 << "Set-Cookie: JSESSIONID=F6E28E4994D1584E597DBDFCCCB1737E; Path=/nexperience/; HttpOnly[\r][\n]"
<2017-09-26 13:07:04> DEBUG [org.apache.http.wire] http-outgoing-8 << "Expires: Thu, 01 Jan 1970 00:00:00 GMT[\r][\n]"
<2017-09-26 13:07:04> DEBUG [org.apache.http.wire] http-outgoing-8 << "Cache-Control: no-cache[\r][\n]"
<2017-09-26 13:07:04> DEBUG [org.apache.http.wire] http-outgoing-8 << "Cache-Control: no-cache[\r][\n]"
<2017-09-26 13:07:04> DEBUG [org.apache.http.wire] http-outgoing-8 << "Expires: Thu, 01 Jan 1970 00:00:00 GMT[\r][\n]"
<2017-09-26 13:07:04> DEBUG [org.apache.http.wire] http-outgoing-8 << "Set-Cookie: fast_failed=true[\r][\n]"
<2017-09-26 13:07:04> DEBUG [org.apache.http.wire] http-outgoing-8 << "X-XSS-Protection: 2; mode=block[\r][\n]"
<2017-09-26 13:07:04> DEBUG [org.apache.http.wire] http-outgoing-8 << "Content-Encoding: gzip[\r][\n]"
<2017-09-26 13:07:04> DEBUG [org.apache.http.wire] http-outgoing-8 << "[\r][\n]"
<2017-09-26 13:07:04> DEBUG [org.apache.http.wire] http-outgoing-8 << "96[\r][\n]"
<2017-09-26 13:07:04> DEBUG [org.apache.http.wire] http-outgoing-8 << "[0x1f][0x8b][0x8][0x0][0x0][0x0][0x0][0x0][0x0][0x3]-[0xcc]1[0x12][0xc2] [0x10][0x85][0xe1][0xbb]l[0x1d][0x18]a[0x11][0x93][0xb4]V[0xb6][0xde][0x0][0xc9]F3C [0xc9][0x82][0x8d][0xe3][0xdd][0xdd][0xc2][0xf6][0x9f][0xef][0xbd][0xf]01/%[0xdf]&[0x18][0xc1]Z[0x9c]-z[0xa7]"zTn6[0xf]5[0xcc][0x1]U<[0xf]8[0xf4]fB[0x13][0x1d]t[0xc0]5T[0x12][0xce]-FYKy][0xcb]$[0xe5][0xd2]{c[0xac][0xf3][0xae][0x83]wHMJn)u[0x10]S[0x10]6B9[0x9e][0xba]l[0x94][0xf7][0xa0][0x99][0x12][0xe5][0xa5][0xad][0xfa][0xa0][0xb5]T[0xd2]w[0xe2][0xad]d[0xa6][0xff]}[0x13]~[0xfa][0xfe][0x0][0x9f][0xb0][0x17][0xb0][0x9e][0x0][0x0][0x0][\r][\n]"
<2017-09-26 13:07:04> DEBUG [org.apache.http.wire] http-outgoing-8 << "0[\r][\n]"
<2017-09-26 13:07:04> DEBUG [org.apache.http.wire] http-outgoing-8 << "[\r][\n]"
<2017-09-26 13:07:04> DEBUG [org.apache.http.headers] http-outgoing-8 << HTTP/1.1 200 OK
<2017-09-26 13:07:04> DEBUG [org.apache.http.headers] http-outgoing-8 << Server: nginx
<2017-09-26 13:07:04> DEBUG [org.apache.http.headers] http-outgoing-8 << Date: Tue, 26 Sep 2017 10:07:00 GMT
<2017-09-26 13:07:04> DEBUG [org.apache.http.headers] http-outgoing-8 << Content-Type: application/json;charset=utf-8
<2017-09-26 13:07:04> DEBUG [org.apache.http.headers] http-outgoing-8 << Transfer-Encoding: chunked
<2017-09-26 13:07:04> DEBUG [org.apache.http.headers] http-outgoing-8 << Connection: keep-alive
<2017-09-26 13:07:04> DEBUG [org.apache.http.headers] http-outgoing-8 << Set-Cookie: JSESSIONID=F6E28E4994D1584E597DBDFCCCB1737E; Path=/nexperience/; HttpOnly
<2017-09-26 13:07:04> DEBUG [org.apache.http.headers] http-outgoing-8 << Expires: Thu, 01 Jan 1970 00:00:00 GMT
<2017-09-26 13:07:04> DEBUG [org.apache.http.headers] http-outgoing-8 << Cache-Control: no-cache
<2017-09-26 13:07:04> DEBUG [org.apache.http.headers] http-outgoing-8 << Cache-Control: no-cache
<2017-09-26 13:07:04> DEBUG [org.apache.http.headers] http-outgoing-8 << Expires: Thu, 01 Jan 1970 00:00:00 GMT
<2017-09-26 13:07:04> DEBUG [org.apache.http.headers] http-outgoing-8 << Set-Cookie: fast_failed=true
<2017-09-26 13:07:04> DEBUG [org.apache.http.headers] http-outgoing-8 << X-XSS-Protection: 2; mode=block
<2017-09-26 13:07:04> DEBUG [org.apache.http.headers] http-outgoing-8 << Content-Encoding: gzip
<2017-09-26 13:07:04> DEBUG [o.a.h.i.execchain.MainClientExec] Connection can be kept alive indefinitely
<2017-09-26 13:07:04> DEBUG [o.a.h.c.p.ResponseProcessCookies] Cookie accepted [JSESSIONID="F6E28E4994D1584E597DBDFCCCB1737E", version:0, domain:branchtest.perfectomobile.com, path:/nexperience/, expiry:null]
<2017-09-26 13:07:04> DEBUG [o.a.h.c.p.ResponseProcessCookies] Cookie accepted [fast_failed="true", version:0, domain:branchtest.perfectomobile.com, path:/nexperience/perfectomobile/wd/hub/session/223f2364-c363-4f1b-9fa3-c593981d31c4/element/14, expiry:null]
<2017-09-26 13:07:04> DEBUG [o.a.h.i.c.PoolingHttpClientConnectionManager] Connection [id: 8][route: {s}->https://branchtest.perfectomobile.com:443] can be kept alive indefinitely
<2017-09-26 13:07:04> DEBUG [o.a.h.i.c.PoolingHttpClientConnectionManager] Connection released: [id: 8][route: {s}->https://branchtest.perfectomobile.com:443][total kept alive: 2; route allocated: 3 of 2000; total allocated: 3 of 2000]
<2017-09-26 13:07:04> DEBUG [org.apache.http.wire] http-outgoing-5 << "HTTP/1.1 200 OK[\r][\n]"
<2017-09-26 13:07:04> DEBUG [org.apache.http.wire] http-outgoing-5 << "Server: nginx[\r][\n]"
<2017-09-26 13:07:04> DEBUG [org.apache.http.wire] http-outgoing-5 << "Date: Tue, 26 Sep 2017 10:07:01 GMT[\r][\n]"
<2017-09-26 13:07:04> DEBUG [org.apache.http.wire] http-outgoing-5 << "Content-Type: application/json;charset=utf-8[\r][\n]"
<2017-09-26 13:07:04> DEBUG [org.apache.http.wire] http-outgoing-5 << "Transfer-Encoding: chunked[\r][\n]"
<2017-09-26 13:07:04> DEBUG [org.apache.http.wire] http-outgoing-5 << "Connection: keep-alive[\r][\n]"
<2017-09-26 13:07:04> DEBUG [org.apache.http.wire] http-outgoing-5 << "Set-Cookie: JSESSIONID=F6E28E4994D1584E597DBDFCCCB1737E; Path=/nexperience/; HttpOnly[\r][\n]"
<2017-09-26 13:07:04> DEBUG [org.apache.http.wire] http-outgoing-5 << "Expires: Thu, 01 Jan 1970 00:00:00 GMT[\r][\n]"
<2017-09-26 13:07:04> DEBUG [org.apache.http.wire] http-outgoing-5 << "Cache-Control: no-cache[\r][\n]"
<2017-09-26 13:07:04> DEBUG [org.apache.http.wire] http-outgoing-5 << "Cache-Control: no-cache[\r][\n]"
<2017-09-26 13:07:04> DEBUG [org.apache.http.wire] http-outgoing-5 << "Expires: Thu, 01 Jan 1970 00:00:00 GMT[\r][\n]"
<2017-09-26 13:07:04> DEBUG [org.apache.http.wire] http-outgoing-5 << "Set-Cookie: fast_failed=true[\r][\n]"
<2017-09-26 13:07:04> DEBUG [org.apache.http.wire] http-outgoing-5 << "X-XSS-Protection: 2; mode=block[\r][\n]"
<2017-09-26 13:07:04> DEBUG [org.apache.http.wire] http-outgoing-5 << "Content-Encoding: gzip[\r][\n]"
<2017-09-26 13:07:04> DEBUG [org.apache.http.wire] http-outgoing-5 << "[\r][\n]"
<2017-09-26 13:07:04> DEBUG [org.apache.http.wire] http-outgoing-5 << "94[\r][\n]"
<2017-09-26 13:07:04> DEBUG [org.apache.http.wire] http-outgoing-5 << "[0x1f][0x8b][0x8][0x0][0x0][0x0][0x0][0x0][0x0][0x3]-[0x8c]1[0x12][0x82]0[0x10]E[0xef][0xb2]5d[0x12][0x9]"[0xb4]V[0xb6][0xde]`[0xd9]l[0x94][0x99][0x90] Kl[0x1c][0xef][0xee][0x16][0x96][0xff][0xcd]{[0xff][0x3][0xc2]"K[0xc9][0xb7][0x0][0x13][0x10][0xce][0xe4][0xac][0x1b][0xda][0xf1][0xc4][0xb6][0xf5]<S{[0x9]:c[0x8c][0x1][0x1d]y[0xd7][0xe1][0x19][0x1a][0x90][0x3][0xf]V]*[0x91][0xd6]J[0x9e][0xd7][0x12][0x94][0x8c]~[0xec][0xfa][0xc1][0xf6]][0x3]oLUI[0xae])5@[0x9]U[0x9b][0xa0][0xec][0xf]S6[0xce]/4[0xc2][0x89][0xf3]RW[0xb3][0xf3]Z[0xe]6w[0x96][0xad]d[0xe1][0xff]}U[0xdd]~]]>&#x7f;<![CDATA[[0x86][0x97][0x8][0xad][0x9e][0x0][0x0][0x0][\r][\n]"
<2017-09-26 13:07:04> DEBUG [org.apache.http.wire] http-outgoing-5 << "0[\r][\n]"
<2017-09-26 13:07:04> DEBUG [org.apache.http.wire] http-outgoing-5 << "[\r][\n]"
<2017-09-26 13:07:04> DEBUG [org.apache.http.headers] http-outgoing-5 << HTTP/1.1 200 OK
<2017-09-26 13:07:04> DEBUG [org.apache.http.headers] http-outgoing-5 << Server: nginx
<2017-09-26 13:07:04> DEBUG [org.apache.http.headers] http-outgoing-5 << Date: Tue, 26 Sep 2017 10:07:01 GMT
<2017-09-26 13:07:04> DEBUG [org.apache.http.headers] http-outgoing-5 << Content-Type: application/json;charset=utf-8
<2017-09-26 13:07:04> DEBUG [org.apache.http.headers] http-outgoing-5 << Transfer-Encoding: chunked
<2017-09-26 13:07:04> DEBUG [org.apache.http.headers] http-outgoing-5 << Connection: keep-alive
<2017-09-26 13:07:04> DEBUG [org.apache.http.headers] http-outgoing-5 << Set-Cookie: JSESSIONID=F6E28E4994D1584E597DBDFCCCB1737E; Path=/nexperience/; HttpOnly
<2017-09-26 13:07:04> DEBUG [org.apache.http.headers] http-outgoing-5 << Expires: Thu, 01 Jan 1970 00:00:00 GMT
<2017-09-26 13:07:04> DEBUG [org.apache.http.headers] http-outgoing-5 << Cache-Control: no-cache
<2017-09-26 13:07:04> DEBUG [org.apache.http.headers] http-outgoing-5 << Cache-Control: no-cache
<2017-09-26 13:07:04> DEBUG [org.apache.http.headers] http-outgoing-5 << Expires: Thu, 01 Jan 1970 00:00:00 GMT
<2017-09-26 13:07:04> DEBUG [org.apache.http.headers] http-outgoing-5 << Set-Cookie: fast_failed=true
<2017-09-26 13:07:04> DEBUG [org.apache.http.headers] http-outgoing-5 << X-XSS-Protection: 2; mode=block
<2017-09-26 13:07:04> DEBUG [org.apache.http.headers] http-outgoing-5 << Content-Encoding: gzip
<2017-09-26 13:07:04> DEBUG [o.a.h.i.execchain.MainClientExec] Connection can be kept alive indefinitely
<2017-09-26 13:07:04> DEBUG [o.a.h.c.p.ResponseProcessCookies] Cookie accepted [JSESSIONID="F6E28E4994D1584E597DBDFCCCB1737E", version:0, domain:branchtest.perfectomobile.com, path:/nexperience/, expiry:null]
<2017-09-26 13:07:04> DEBUG [o.a.h.c.p.ResponseProcessCookies] Cookie accepted [fast_failed="true", version:0, domain:branchtest.perfectomobile.com, path:/nexperience/perfectomobile/wd/hub/session/cabc1017-92e0-4ebc-8d17-fffda1c413a6/element/12, expiry:null]
<2017-09-26 13:07:04> DEBUG [o.a.h.i.c.PoolingHttpClientConnectionManager] Connection [id: 5][route: {s}->https://branchtest.perfectomobile.com:443] can be kept alive indefinitely
<2017-09-26 13:07:04> DEBUG [o.a.h.i.c.PoolingHttpClientConnectionManager] Connection released: [id: 5][route: {s}->https://branchtest.perfectomobile.com:443][total kept alive: 3; route allocated: 3 of 2000; total allocated: 3 of 2000]
<2017-09-26 13:07:04> DEBUG [o.a.h.c.p.RequestAddCookies] CookieSpec selected: default
<2017-09-26 13:07:04> DEBUG [o.a.h.c.p.RequestAddCookies] Cookie [version: 0][name: JSESSIONID][value: F6E28E4994D1584E597DBDFCCCB1737E][domain: branchtest.perfectomobile.com][path: /nexperience/][expiry: null] match [(secure)branchtest.perfectomobile.com:443/nexperience/perfectomobile/wd/hub/session/cabc1017-92e0-4ebc-8d17-fffda1c413a6/element]
<2017-09-26 13:07:04> DEBUG [o.a.h.c.p.RequestAddCookies] Cookie [version: 0][name: fast_failed][value: true][domain: branchtest.perfectomobile.com][path: /nexperience/perfectomobile/wd/hub][expiry: null] match [(secure)branchtest.perfectomobile.com:443/nexperience/perfectomobile/wd/hub/session/cabc1017-92e0-4ebc-8d17-fffda1c413a6/element]
<2017-09-26 13:07:04> DEBUG [o.a.h.c.p.RequestAddCookies] Cookie [version: 0][name: fast_failed][value: true][domain: branchtest.perfectomobile.com][path: /nexperience/perfectomobile/wd/hub/session][expiry: null] match [(secure)branchtest.perfectomobile.com:443/nexperience/perfectomobile/wd/hub/session/cabc1017-92e0-4ebc-8d17-fffda1c413a6/element]
<2017-09-26 13:07:04> DEBUG [o.a.h.c.p.RequestAddCookies] Cookie [version: 0][name: fast_failed][value: true][domain: branchtest.perfectomobile.com][path: /nexperience/perfectomobile/wd/hub/session/cabc1017-92e0-4ebc-8d17-fffda1c413a6][expiry: null] match [(secure)branchtest.perfectomobile.com:443/nexperience/perfectomobile/wd/hub/session/cabc1017-92e0-4ebc-8d17-fffda1c413a6/element]
<2017-09-26 13:07:04> DEBUG [o.a.h.c.p.RequestAuthCache] Auth cache not set in the context
<2017-09-26 13:07:04> DEBUG [o.a.h.i.c.PoolingHttpClientConnectionManager] Connection request: [route: {s}->https://branchtest.perfectomobile.com:443][total kept alive: 3; route allocated: 3 of 2000; total allocated: 3 of 2000]
<2017-09-26 13:07:04> DEBUG [o.a.h.i.c.PoolingHttpClientConnectionManager] Connection leased: [id: 5][route: {s}->https://branchtest.perfectomobile.com:443][total kept alive: 2; route allocated: 3 of 2000; total allocated: 3 of 2000]
<2017-09-26 13:07:04> DEBUG [o.a.h.i.execchain.MainClientExec] Stale connection check
<2017-09-26 13:07:04> DEBUG [org.apache.http.wire] http-outgoing-5 << "[read] I/O error: Read timed out"
<2017-09-26 13:07:04> DEBUG [o.a.h.i.c.DefaultManagedHttpClientConnection] http-outgoing-5: set socket timeout to 10800000
<2017-09-26 13:07:04> DEBUG [o.a.h.i.execchain.MainClientExec] Executing request POST /nexperience/perfectomobile/wd/hub/session/cabc1017-92e0-4ebc-8d17-fffda1c413a6/element HTTP/1.1
<2017-09-26 13:07:04> DEBUG [o.a.h.i.execchain.MainClientExec] Target auth state: UNCHALLENGED
<2017-09-26 13:07:04> DEBUG [o.a.h.i.execchain.MainClientExec] Proxy auth state: UNCHALLENGED
<2017-09-26 13:07:04> DEBUG [org.apache.http.headers] http-outgoing-5 >> POST /nexperience/perfectomobile/wd/hub/session/cabc1017-92e0-4ebc-8d17-fffda1c413a6/element HTTP/1.1
<2017-09-26 13:07:04> DEBUG [org.apache.http.headers] http-outgoing-5 >> Content-Type: application/json; charset=utf-8
<2017-09-26 13:07:04> DEBUG [org.apache.http.headers] http-outgoing-5 >> Content-Length: 73
<2017-09-26 13:07:04> DEBUG [org.apache.http.headers] http-outgoing-5 >> Host: branchtest.perfectomobile.com
<2017-09-26 13:07:04> DEBUG [org.apache.http.headers] http-outgoing-5 >> Connection: Keep-Alive
<2017-09-26 13:07:04> DEBUG [org.apache.http.headers] http-outgoing-5 >> User-Agent: Apache-HttpClient/4.5.2 (Java/1.8.0_121)
<2017-09-26 13:07:04> DEBUG [org.apache.http.headers] http-outgoing-5 >> Cookie: JSESSIONID=F6E28E4994D1584E597DBDFCCCB1737E; fast_failed=true; fast_failed=true; fast_failed=true
<2017-09-26 13:07:04> DEBUG [org.apache.http.headers] http-outgoing-5 >> Accept-Encoding: gzip,deflate
<2017-09-26 13:07:04> DEBUG [org.apache.http.wire] http-outgoing-5 >> "POST /nexperience/perfectomobile/wd/hub/session/cabc1017-92e0-4ebc-8d17-fffda1c413a6/element HTTP/1.1[\r][\n]"
<2017-09-26 13:07:04> DEBUG [org.apache.http.wire] http-outgoing-5 >> "Content-Type: application/json; charset=utf-8[\r][\n]"
<2017-09-26 13:07:04> DEBUG [org.apache.http.wire] http-outgoing-5 >> "Content-Length: 73[\r][\n]"
<2017-09-26 13:07:04> DEBUG [org.apache.http.wire] http-outgoing-5 >> "Host: branchtest.perfectomobile.com[\r][\n]"
<2017-09-26 13:07:04> DEBUG [org.apache.http.wire] http-outgoing-5 >> "Connection: Keep-Alive[\r][\n]"
<2017-09-26 13:07:04> DEBUG [org.apache.http.wire] http-outgoing-5 >> "User-Agent: Apache-HttpClient/4.5.2 (Java/1.8.0_121)[\r][\n]"
<2017-09-26 13:07:04> DEBUG [org.apache.http.wire] http-outgoing-5 >> "Cookie: JSESSIONID=F6E28E4994D1584E597DBDFCCCB1737E; fast_failed=true; fast_failed=true; fast_failed=true[\r][\n]"
<2017-09-26 13:07:04> DEBUG [org.apache.http.wire] http-outgoing-5 >> "Accept-Encoding: gzip,deflate[\r][\n]"
<2017-09-26 13:07:04> DEBUG [org.apache.http.wire] http-outgoing-5 >> "[\r][\n]"
<2017-09-26 13:07:04> DEBUG [org.apache.http.wire] http-outgoing-5 >> "{"using":"xpath","value":"//*[@id=\"register_form\"]/fieldset[12]/input"}"
<2017-09-26 13:07:04> DEBUG [org.apache.http.wire] http-outgoing-5 << "HTTP/1.1 200 OK[\r][\n]"
<2017-09-26 13:07:04> DEBUG [org.apache.http.wire] http-outgoing-5 << "Server: nginx[\r][\n]"
<2017-09-26 13:07:04> DEBUG [org.apache.http.wire] http-outgoing-5 << "Date: Tue, 26 Sep 2017 10:07:01 GMT[\r][\n]"
<2017-09-26 13:07:04> DEBUG [org.apache.http.wire] http-outgoing-5 << "Content-Type: application/json;charset=utf-8[\r][\n]"
<2017-09-26 13:07:04> DEBUG [org.apache.http.wire] http-outgoing-5 << "Transfer-Encoding: chunked[\r][\n]"
<2017-09-26 13:07:04> DEBUG [org.apache.http.wire] http-outgoing-5 << "Connection: keep-alive[\r][\n]"
<2017-09-26 13:07:04> DEBUG [org.apache.http.wire] http-outgoing-5 << "Set-Cookie: JSESSIONID=F6E28E4994D1584E597DBDFCCCB1737E; Path=/nexperience/; HttpOnly[\r][\n]"
<2017-09-26 13:07:04> DEBUG [org.apache.http.wire] http-outgoing-5 << "Expires: Thu, 01 Jan 1970 00:00:00 GMT[\r][\n]"
<2017-09-26 13:07:04> DEBUG [org.apache.http.wire] http-outgoing-5 << "Cache-Control: no-cache[\r][\n]"
<2017-09-26 13:07:04> DEBUG [org.apache.http.wire] http-outgoing-5 << "Cache-Control: no-cache[\r][\n]"
<2017-09-26 13:07:04> DEBUG [org.apache.http.wire] http-outgoing-5 << "Expires: Thu, 01 Jan 1970 00:00:00 GMT[\r][\n]"
<2017-09-26 13:07:04> DEBUG [org.apache.http.wire] http-outgoing-5 << "Set-Cookie: fast_failed=true[\r][\n]"
<2017-09-26 13:07:04> DEBUG [org.apache.http.wire] http-outgoing-5 << "X-XSS-Protection: 2; mode=block[\r][\n]"
<2017-09-26 13:07:04> DEBUG [org.apache.http.wire] http-outgoing-5 << "Content-Encoding: gzip[\r][\n]"
<2017-09-26 13:07:04> DEBUG [org.apache.http.wire] http-outgoing-5 << "[\r][\n]"
<2017-09-26 13:07:04> DEBUG [org.apache.http.wire] http-outgoing-5 << "a2[\r][\n]"
<2017-09-26 13:07:04> DEBUG [org.apache.http.wire] http-outgoing-5 << "[0x1f][0x8b][0x8][0x0][0x0][0x0][0x0][0x0][0x0][0x3]-[0x8d][0xbb][0xe][0x82]@[0x10]E[0xff]ej[0xd8][0xec][0x83][0x88][0xd2][0x1a][\n]"
<2017-09-26 13:07:04> DEBUG [org.apache.http.wire] http-outgoing-5 << "[0x13][0xb5]0[0xfe][0xc0][0xb0];([0x9][0xec]"[0xc3][0xda][0x10][0xfe][0xdd]),[0xef][0xc9]9[0xb9][0x1b]01[0xf])^[0x2]4[0xe0][0xb1][0xf3]F[0x9b][0xba]<Y[0xd2]eE[0x9d]/[0x8f]Af[0xdf][0xf7][0x1][0x8d][0xaf][0x8c][0xc3][0x3][0x14][0xc0]+[0xae]$:g[0xef][0xa5][0x16][0xf2]>[0xa7] [0xc4]j[[0xd7][0xda]YW[0x15][0xf0][0xc5]1[0xb][0xda][0xa0][0xbd][0xb6][0xb7][0xf6][0xfe][0x14][0xdf]8[0xd8][0xb][0xf0]#J[0xd3]@Z^*[0xcd][0x14]?[0xa8][0x98]F[0x8a]C[0x9e][0xd4]BSZI=[0x88][0xe7][0x14][0x99][0xfe]_Yt[0xbd][0xff][0x0])[0xbb][0x99]o[0xab][0x0][0x0][0x0][\r][\n]"
<2017-09-26 13:07:04> DEBUG [org.apache.http.wire] http-outgoing-5 << "0[\r][\n]"
<2017-09-26 13:07:04> DEBUG [org.apache.http.wire] http-outgoing-5 << "[\r][\n]"
<2017-09-26 13:07:04> DEBUG [org.apache.http.headers] http-outgoing-5 << HTTP/1.1 200 OK
<2017-09-26 13:07:04> DEBUG [org.apache.http.headers] http-outgoing-5 << Server: nginx
<2017-09-26 13:07:04> DEBUG [org.apache.http.headers] http-outgoing-5 << Date: Tue, 26 Sep 2017 10:07:01 GMT
<2017-09-26 13:07:04> DEBUG [org.apache.http.headers] http-outgoing-5 << Content-Type: application/json;charset=utf-8
<2017-09-26 13:07:04> DEBUG [org.apache.http.headers] http-outgoing-5 << Transfer-Encoding: chunked
<2017-09-26 13:07:04> DEBUG [org.apache.http.headers] http-outgoing-5 << Connection: keep-alive
<2017-09-26 13:07:04> DEBUG [org.apache.http.headers] http-outgoing-5 << Set-Cookie: JSESSIONID=F6E28E4994D1584E597DBDFCCCB1737E; Path=/nexperience/; HttpOnly
<2017-09-26 13:07:04> DEBUG [org.apache.http.headers] http-outgoing-5 << Expires: Thu, 01 Jan 1970 00:00:00 GMT
<2017-09-26 13:07:04> DEBUG [org.apache.http.headers] http-outgoing-5 << Cache-Control: no-cache
<2017-09-26 13:07:04> DEBUG [org.apache.http.headers] http-outgoing-5 << Cache-Control: no-cache
<2017-09-26 13:07:04> DEBUG [org.apache.http.headers] http-outgoing-5 << Expires: Thu, 01 Jan 1970 00:00:00 GMT
<2017-09-26 13:07:04> DEBUG [org.apache.http.headers] http-outgoing-5 << Set-Cookie: fast_failed=true
<2017-09-26 13:07:04> DEBUG [org.apache.http.headers] http-outgoing-5 << X-XSS-Protection: 2; mode=block
<2017-09-26 13:07:04> DEBUG [org.apache.http.headers] http-outgoing-5 << Content-Encoding: gzip
<2017-09-26 13:07:04> DEBUG [o.a.h.i.execchain.MainClientExec] Connection can be kept alive indefinitely
<2017-09-26 13:07:04> DEBUG [o.a.h.c.p.ResponseProcessCookies] Cookie accepted [JSESSIONID="F6E28E4994D1584E597DBDFCCCB1737E", version:0, domain:branchtest.perfectomobile.com, path:/nexperience/, expiry:null]
<2017-09-26 13:07:04> DEBUG [o.a.h.c.p.ResponseProcessCookies] Cookie accepted [fast_failed="true", version:0, domain:branchtest.perfectomobile.com, path:/nexperience/perfectomobile/wd/hub/session/cabc1017-92e0-4ebc-8d17-fffda1c413a6, expiry:null]
<2017-09-26 13:07:04> DEBUG [o.a.h.i.c.PoolingHttpClientConnectionManager] Connection [id: 5][route: {s}->https://branchtest.perfectomobile.com:443] can be kept alive indefinitely
<2017-09-26 13:07:04> DEBUG [o.a.h.i.c.PoolingHttpClientConnectionManager] Connection released: [id: 5][route: {s}->https://branchtest.perfectomobile.com:443][total kept alive: 3; route allocated: 3 of 2000; total allocated: 3 of 2000]
<2017-09-26 13:07:04> DEBUG [o.a.h.c.p.RequestAddCookies] CookieSpec selected: default
<2017-09-26 13:07:04> DEBUG [o.a.h.c.p.RequestAddCookies] Cookie [version: 0][name: JSESSIONID][value: F6E28E4994D1584E597DBDFCCCB1737E][domain: branchtest.perfectomobile.com][path: /nexperience/][expiry: null] match [(secure)branchtest.perfectomobile.com:443/nexperience/perfectomobile/wd/hub/session/cabc1017-92e0-4ebc-8d17-fffda1c413a6/element/13/value]
<2017-09-26 13:07:04> DEBUG [o.a.h.c.p.RequestAddCookies] Cookie [version: 0][name: fast_failed][value: true][domain: branchtest.perfectomobile.com][path: /nexperience/perfectomobile/wd/hub][expiry: null] match [(secure)branchtest.perfectomobile.com:443/nexperience/perfectomobile/wd/hub/session/cabc1017-92e0-4ebc-8d17-fffda1c413a6/element/13/value]
<2017-09-26 13:07:04> DEBUG [o.a.h.c.p.RequestAddCookies] Cookie [version: 0][name: fast_failed][value: true][domain: branchtest.perfectomobile.com][path: /nexperience/perfectomobile/wd/hub/session][expiry: null] match [(secure)branchtest.perfectomobile.com:443/nexperience/perfectomobile/wd/hub/session/cabc1017-92e0-4ebc-8d17-fffda1c413a6/element/13/value]
<2017-09-26 13:07:04> DEBUG [o.a.h.c.p.RequestAddCookies] Cookie [version: 0][name: fast_failed][value: true][domain: branchtest.perfectomobile.com][path: /nexperience/perfectomobile/wd/hub/session/cabc1017-92e0-4ebc-8d17-fffda1c413a6][expiry: null] match [(secure)branchtest.perfectomobile.com:443/nexperience/perfectomobile/wd/hub/session/cabc1017-92e0-4ebc-8d17-fffda1c413a6/element/13/value]
<2017-09-26 13:07:04> DEBUG [o.a.h.c.p.RequestAuthCache] Auth cache not set in the context
<2017-09-26 13:07:04> DEBUG [o.a.h.i.c.PoolingHttpClientConnectionManager] Connection request: [route: {s}->https://branchtest.perfectomobile.com:443][total kept alive: 3; route allocated: 3 of 2000; total allocated: 3 of 2000]
<2017-09-26 13:07:04> DEBUG [o.a.h.i.c.PoolingHttpClientConnectionManager] Connection leased: [id: 5][route: {s}->https://branchtest.perfectomobile.com:443][total kept alive: 2; route allocated: 3 of 2000; total allocated: 3 of 2000]
<2017-09-26 13:07:04> DEBUG [o.a.h.i.execchain.MainClientExec] Stale connection check
<2017-09-26 13:07:04> DEBUG [org.apache.http.wire] http-outgoing-5 << "[read] I/O error: Read timed out"
<2017-09-26 13:07:04> DEBUG [o.a.h.i.c.DefaultManagedHttpClientConnection] http-outgoing-5: set socket timeout to 10800000
<2017-09-26 13:07:04> DEBUG [o.a.h.i.execchain.MainClientExec] Executing request POST /nexperience/perfectomobile/wd/hub/session/cabc1017-92e0-4ebc-8d17-fffda1c413a6/element/13/value HTTP/1.1
<2017-09-26 13:07:04> DEBUG [o.a.h.i.execchain.MainClientExec] Target auth state: UNCHALLENGED
<2017-09-26 13:07:04> DEBUG [o.a.h.i.execchain.MainClientExec] Proxy auth state: UNCHALLENGED
<2017-09-26 13:07:04> DEBUG [org.apache.http.headers] http-outgoing-5 >> POST /nexperience/perfectomobile/wd/hub/session/cabc1017-92e0-4ebc-8d17-fffda1c413a6/element/13/value HTTP/1.1
<2017-09-26 13:07:04> DEBUG [org.apache.http.headers] http-outgoing-5 >> Content-Type: application/json; charset=utf-8
<2017-09-26 13:07:04> DEBUG [org.apache.http.headers] http-outgoing-5 >> Content-Length: 32
<2017-09-26 13:07:04> DEBUG [org.apache.http.headers] http-outgoing-5 >> Host: branchtest.perfectomobile.com
<2017-09-26 13:07:04> DEBUG [org.apache.http.headers] http-outgoing-5 >> Connection: Keep-Alive
<2017-09-26 13:07:04> DEBUG [org.apache.http.headers] http-outgoing-5 >> User-Agent: Apache-HttpClient/4.5.2 (Java/1.8.0_121)
<2017-09-26 13:07:04> DEBUG [org.apache.http.headers] http-outgoing-5 >> Cookie: JSESSIONID=F6E28E4994D1584E597DBDFCCCB1737E; fast_failed=true; fast_failed=true; fast_failed=true
<2017-09-26 13:07:04> DEBUG [org.apache.http.headers] http-outgoing-5 >> Accept-Encoding: gzip,deflate
<2017-09-26 13:07:04> DEBUG [org.apache.http.wire] http-outgoing-5 >> "POST /nexperience/perfectomobile/wd/hub/session/cabc1017-92e0-4ebc-8d17-fffda1c413a6/element/13/value HTTP/1.1[\r][\n]"
<2017-09-26 13:07:04> DEBUG [org.apache.http.wire] http-outgoing-5 >> "Content-Type: application/json; charset=utf-8[\r][\n]"
<2017-09-26 13:07:04> DEBUG [org.apache.http.wire] http-outgoing-5 >> "Content-Length: 32[\r][\n]"
<2017-09-26 13:07:04> DEBUG [org.apache.http.wire] http-outgoing-5 >> "Host: branchtest.perfectomobile.com[\r][\n]"
<2017-09-26 13:07:04> DEBUG [org.apache.http.wire] http-outgoing-5 >> "Connection: Keep-Alive[\r][\n]"
<2017-09-26 13:07:04> DEBUG [org.apache.http.wire] http-outgoing-5 >> "User-Agent: Apache-HttpClient/4.5.2 (Java/1.8.0_121)[\r][\n]"
<2017-09-26 13:07:04> DEBUG [org.apache.http.wire] http-outgoing-5 >> "Cookie: JSESSIONID=F6E28E4994D1584E597DBDFCCCB1737E; fast_failed=true; fast_failed=true; fast_failed=true[\r][\n]"
<2017-09-26 13:07:04> DEBUG [org.apache.http.wire] http-outgoing-5 >> "Accept-Encoding: gzip,deflate[\r][\n]"
<2017-09-26 13:07:04> DEBUG [org.apache.http.wire] http-outgoing-5 >> "[\r][\n]"
<2017-09-26 13:07:04> DEBUG [org.apache.http.wire] http-outgoing-5 >> "{"id":"13","value":["Password"]}"
<2017-09-26 13:07:05> DEBUG [org.apache.http.wire] http-outgoing-5 << "HTTP/1.1 200 OK[\r][\n]"
<2017-09-26 13:07:05> DEBUG [org.apache.http.wire] http-outgoing-5 << "Server: nginx[\r][\n]"
<2017-09-26 13:07:05> DEBUG [org.apache.http.wire] http-outgoing-5 << "Date: Tue, 26 Sep 2017 10:07:01 GMT[\r][\n]"
<2017-09-26 13:07:05> DEBUG [org.apache.http.wire] http-outgoing-5 << "Content-Type: application/json;charset=utf-8[\r][\n]"
<2017-09-26 13:07:05> DEBUG [org.apache.http.wire] http-outgoing-5 << "Transfer-Encoding: chunked[\r][\n]"
<2017-09-26 13:07:05> DEBUG [org.apache.http.wire] http-outgoing-5 << "Connection: keep-alive[\r][\n]"
<2017-09-26 13:07:05> DEBUG [org.apache.http.wire] http-outgoing-5 << "Set-Cookie: JSESSIONID=F6E28E4994D1584E597DBDFCCCB1737E; Path=/nexperience/; HttpOnly[\r][\n]"
<2017-09-26 13:07:05> DEBUG [org.apache.http.wire] http-outgoing-5 << "Expires: Thu, 01 Jan 1970 00:00:00 GMT[\r][\n]"
<2017-09-26 13:07:05> DEBUG [org.apache.http.wire] http-outgoing-5 << "Cache-Control: no-cache[\r][\n]"
<2017-09-26 13:07:05> DEBUG [org.apache.http.wire] http-outgoing-5 << "Cache-Control: no-cache[\r][\n]"
<2017-09-26 13:07:05> DEBUG [org.apache.http.wire] http-outgoing-5 << "Expires: Thu, 01 Jan 1970 00:00:00 GMT[\r][\n]"
<2017-09-26 13:07:05> DEBUG [org.apache.http.wire] http-outgoing-5 << "Set-Cookie: fast_failed=true[\r][\n]"
<2017-09-26 13:07:05> DEBUG [org.apache.http.wire] http-outgoing-5 << "X-XSS-Protection: 2; mode=block[\r][\n]"
<2017-09-26 13:07:05> DEBUG [org.apache.http.wire] http-outgoing-5 << "Content-Encoding: gzip[\r][\n]"
<2017-09-26 13:07:05> DEBUG [org.apache.http.wire] http-outgoing-5 << "[\r][\n]"
<2017-09-26 13:07:05> DEBUG [org.apache.http.wire] http-outgoing-5 << "94[\r][\n]"
<2017-09-26 13:07:05> DEBUG [org.apache.http.wire] http-outgoing-5 << "[0x1f][0x8b][0x8][0x0][0x0][0x0][0x0][0x0][0x0][0x3]-[0x8c]1[0xe][0x83]0[0xc]E[0xef][0xe2][0x19][0xa2][0xa4]E@X;u[0xed][\r][0x8c]cZ[0xa4][0x90][0x0]N[0xba]T[0xbd]{=t[0xfc]O[0xef][0xfd][0xf][0x8][0x8b][0xac]9[0xdd][0x3]L@8[0x93][0xb3]nh[0xfd][0x85]m[0xdb][0xf1]L[0xed][0x18]t.[0xcb][0x12][0xd0]Q[0xe7][0xae][0xd8]C[0x3]R[0xb0][0xb0][0xea]R[0x89][0xb4]V[0xf2][0xba][0xe5][0xa0]d[0x18][0xbd]s[0xde][0xf7][0xb6][0x81]7[0xc6][0xaa]$[0xd5][0x18][0x1b][0xa0][0x88][0xaa]M[0x90][0xcf][0xa7][0xc9];[0xa7][0x3][0x8d]p[0xe4][0xb4][0xd6][0xcd][0x9c][0xbc][0xe5][0xc2][0xe6][0xc1][0xb2][0xe7]$[0xfc][0xbf][0xaf][0xaa][0xdb][0xef][0xf][0x18]F[0xc5]]]>&#x7f;<![CDATA[[0x9e][0x0][0x0][0x0][\r][\n]"
<2017-09-26 13:07:05> DEBUG [org.apache.http.wire] http-outgoing-5 << "0[\r][\n]"
<2017-09-26 13:07:05> DEBUG [org.apache.http.wire] http-outgoing-5 << "[\r][\n]"
<2017-09-26 13:07:05> DEBUG [org.apache.http.headers] http-outgoing-5 << HTTP/1.1 200 OK
<2017-09-26 13:07:05> DEBUG [org.apache.http.headers] http-outgoing-5 << Server: nginx
<2017-09-26 13:07:05> DEBUG [org.apache.http.headers] http-outgoing-5 << Date: Tue, 26 Sep 2017 10:07:01 GMT
<2017-09-26 13:07:05> DEBUG [org.apache.http.headers] http-outgoing-5 << Content-Type: application/json;charset=utf-8
<2017-09-26 13:07:05> DEBUG [org.apache.http.headers] http-outgoing-5 << Transfer-Encoding: chunked
<2017-09-26 13:07:05> DEBUG [org.apache.http.headers] http-outgoing-5 << Connection: keep-alive
<2017-09-26 13:07:05> DEBUG [org.apache.http.headers] http-outgoing-5 << Set-Cookie: JSESSIONID=F6E28E4994D1584E597DBDFCCCB1737E; Path=/nexperience/; HttpOnly
<2017-09-26 13:07:05> DEBUG [org.apache.http.headers] http-outgoing-5 << Expires: Thu, 01 Jan 1970 00:00:00 GMT
<2017-09-26 13:07:05> DEBUG [org.apache.http.headers] http-outgoing-5 << Cache-Control: no-cache
<2017-09-26 13:07:05> DEBUG [org.apache.http.headers] http-outgoing-5 << Cache-Control: no-cache
<2017-09-26 13:07:05> DEBUG [org.apache.http.headers] http-outgoing-5 << Expires: Thu, 01 Jan 1970 00:00:00 GMT
<2017-09-26 13:07:05> DEBUG [org.apache.http.headers] http-outgoing-5 << Set-Cookie: fast_failed=true
<2017-09-26 13:07:05> DEBUG [org.apache.http.headers] http-outgoing-5 << X-XSS-Protection: 2; mode=block
<2017-09-26 13:07:05> DEBUG [org.apache.http.headers] http-outgoing-5 << Content-Encoding: gzip
<2017-09-26 13:07:05> DEBUG [o.a.h.i.execchain.MainClientExec] Connection can be kept alive indefinitely
<2017-09-26 13:07:05> DEBUG [o.a.h.c.p.ResponseProcessCookies] Cookie accepted [JSESSIONID="F6E28E4994D1584E597DBDFCCCB1737E", version:0, domain:branchtest.perfectomobile.com, path:/nexperience/, expiry:null]
<2017-09-26 13:07:05> DEBUG [o.a.h.c.p.ResponseProcessCookies] Cookie accepted [fast_failed="true", version:0, domain:branchtest.perfectomobile.com, path:/nexperience/perfectomobile/wd/hub/session/cabc1017-92e0-4ebc-8d17-fffda1c413a6/element/13, expiry:null]
<2017-09-26 13:07:05> DEBUG [o.a.h.i.c.PoolingHttpClientConnectionManager] Connection [id: 5][route: {s}->https://branchtest.perfectomobile.com:443] can be kept alive indefinitely
<2017-09-26 13:07:05> DEBUG [o.a.h.i.c.PoolingHttpClientConnectionManager] Connection released: [id: 5][route: {s}->https://branchtest.perfectomobile.com:443][total kept alive: 3; route allocated: 3 of 2000; total allocated: 3 of 2000]
<2017-09-26 13:07:05> DEBUG [o.a.h.c.p.RequestAddCookies] CookieSpec selected: default
<2017-09-26 13:07:05> DEBUG [o.a.h.c.p.RequestAddCookies] Cookie [version: 0][name: JSESSIONID][value: F6E28E4994D1584E597DBDFCCCB1737E][domain: branchtest.perfectomobile.com][path: /nexperience/][expiry: null] match [(secure)branchtest.perfectomobile.com:443/nexperience/perfectomobile/wd/hub/session/cabc1017-92e0-4ebc-8d17-fffda1c413a6/element]
<2017-09-26 13:07:05> DEBUG [o.a.h.c.p.RequestAddCookies] Cookie [version: 0][name: fast_failed][value: true][domain: branchtest.perfectomobile.com][path: /nexperience/perfectomobile/wd/hub][expiry: null] match [(secure)branchtest.perfectomobile.com:443/nexperience/perfectomobile/wd/hub/session/cabc1017-92e0-4ebc-8d17-fffda1c413a6/element]
<2017-09-26 13:07:05> DEBUG [o.a.h.c.p.RequestAddCookies] Cookie [version: 0][name: fast_failed][value: true][domain: branchtest.perfectomobile.com][path: /nexperience/perfectomobile/wd/hub/session][expiry: null] match [(secure)branchtest.perfectomobile.com:443/nexperience/perfectomobile/wd/hub/session/cabc1017-92e0-4ebc-8d17-fffda1c413a6/element]
<2017-09-26 13:07:05> DEBUG [o.a.h.c.p.RequestAddCookies] Cookie [version: 0][name: fast_failed][value: true][domain: branchtest.perfectomobile.com][path: /nexperience/perfectomobile/wd/hub/session/cabc1017-92e0-4ebc-8d17-fffda1c413a6][expiry: null] match [(secure)branchtest.perfectomobile.com:443/nexperience/perfectomobile/wd/hub/session/cabc1017-92e0-4ebc-8d17-fffda1c413a6/element]
<2017-09-26 13:07:05> DEBUG [o.a.h.c.p.RequestAuthCache] Auth cache not set in the context
<2017-09-26 13:07:05> DEBUG [o.a.h.i.c.PoolingHttpClientConnectionManager] Connection request: [route: {s}->https://branchtest.perfectomobile.com:443][total kept alive: 3; route allocated: 3 of 2000; total allocated: 3 of 2000]
<2017-09-26 13:07:05> DEBUG [o.a.h.i.c.PoolingHttpClientConnectionManager] Connection leased: [id: 5][route: {s}->https://branchtest.perfectomobile.com:443][total kept alive: 2; route allocated: 3 of 2000; total allocated: 3 of 2000]
<2017-09-26 13:07:05> DEBUG [o.a.h.i.execchain.MainClientExec] Stale connection check
<2017-09-26 13:07:05> DEBUG [org.apache.http.wire] http-outgoing-5 << "[read] I/O error: Read timed out"
<2017-09-26 13:07:05> DEBUG [o.a.h.i.c.DefaultManagedHttpClientConnection] http-outgoing-5: set socket timeout to 10800000
<2017-09-26 13:07:05> DEBUG [o.a.h.i.execchain.MainClientExec] Executing request POST /nexperience/perfectomobile/wd/hub/session/cabc1017-92e0-4ebc-8d17-fffda1c413a6/element HTTP/1.1
<2017-09-26 13:07:05> DEBUG [o.a.h.i.execchain.MainClientExec] Target auth state: UNCHALLENGED
<2017-09-26 13:07:05> DEBUG [o.a.h.i.execchain.MainClientExec] Proxy auth state: UNCHALLENGED
<2017-09-26 13:07:05> DEBUG [org.apache.http.headers] http-outgoing-5 >> POST /nexperience/perfectomobile/wd/hub/session/cabc1017-92e0-4ebc-8d17-fffda1c413a6/element HTTP/1.1
<2017-09-26 13:07:05> DEBUG [org.apache.http.headers] http-outgoing-5 >> Content-Type: application/json; charset=utf-8
<2017-09-26 13:07:05> DEBUG [org.apache.http.headers] http-outgoing-5 >> Content-Length: 73
<2017-09-26 13:07:05> DEBUG [org.apache.http.headers] http-outgoing-5 >> Host: branchtest.perfectomobile.com
<2017-09-26 13:07:05> DEBUG [org.apache.http.headers] http-outgoing-5 >> Connection: Keep-Alive
<2017-09-26 13:07:05> DEBUG [org.apache.http.headers] http-outgoing-5 >> User-Agent: Apache-HttpClient/4.5.2 (Java/1.8.0_121)
<2017-09-26 13:07:05> DEBUG [org.apache.http.headers] http-outgoing-5 >> Cookie: JSESSIONID=F6E28E4994D1584E597DBDFCCCB1737E; fast_failed=true; fast_failed=true; fast_failed=true
<2017-09-26 13:07:05> DEBUG [org.apache.http.headers] http-outgoing-5 >> Accept-Encoding: gzip,deflate
<2017-09-26 13:07:05> DEBUG [org.apache.http.wire] http-outgoing-5 >> "POST /nexperience/perfectomobile/wd/hub/session/cabc1017-92e0-4ebc-8d17-fffda1c413a6/element HTTP/1.1[\r][\n]"
<2017-09-26 13:07:05> DEBUG [org.apache.http.wire] http-outgoing-5 >> "Content-Type: application/json; charset=utf-8[\r][\n]"
<2017-09-26 13:07:05> DEBUG [org.apache.http.wire] http-outgoing-5 >> "Content-Length: 73[\r][\n]"
<2017-09-26 13:07:05> DEBUG [org.apache.http.wire] http-outgoing-5 >> "Host: branchtest.perfectomobile.com[\r][\n]"
<2017-09-26 13:07:05> DEBUG [org.apache.http.wire] http-outgoing-5 >> "Connection: Keep-Alive[\r][\n]"
<2017-09-26 13:07:05> DEBUG [org.apache.http.wire] http-outgoing-5 >> "User-Agent: Apache-HttpClient/4.5.2 (Java/1.8.0_121)[\r][\n]"
<2017-09-26 13:07:05> DEBUG [org.apache.http.wire] http-outgoing-5 >> "Cookie: JSESSIONID=F6E28E4994D1584E597DBDFCCCB1737E; fast_failed=true; fast_failed=true; fast_failed=true[\r][\n]"
<2017-09-26 13:07:05> DEBUG [org.apache.http.wire] http-outgoing-5 >> "Accept-Encoding: gzip,deflate[\r][\n]"
<2017-09-26 13:07:05> DEBUG [org.apache.http.wire] http-outgoing-5 >> "[\r][\n]"
<2017-09-26 13:07:05> DEBUG [org.apache.http.wire] http-outgoing-5 >> "{"using":"xpath","value":"//*[@id=\"register_form\"]/fieldset[13]/input"}"
<2017-09-26 13:07:05> DEBUG [org.apache.http.wire] http-outgoing-5 << "HTTP/1.1 200 OK[\r][\n]"
<2017-09-26 13:07:05> DEBUG [org.apache.http.wire] http-outgoing-5 << "Server: nginx[\r][\n]"
<2017-09-26 13:07:05> DEBUG [org.apache.http.wire] http-outgoing-5 << "Date: Tue, 26 Sep 2017 10:07:01 GMT[\r][\n]"
<2017-09-26 13:07:05> DEBUG [org.apache.http.wire] http-outgoing-5 << "Content-Type: application/json;charset=utf-8[\r][\n]"
<2017-09-26 13:07:05> DEBUG [org.apache.http.wire] http-outgoing-5 << "Transfer-Encoding: chunked[\r][\n]"
<2017-09-26 13:07:05> DEBUG [org.apache.http.wire] http-outgoing-5 << "Connection: keep-alive[\r][\n]"
<2017-09-26 13:07:05> DEBUG [org.apache.http.wire] http-outgoing-5 << "Set-Cookie: JSESSIONID=F6E28E4994D1584E597DBDFCCCB1737E; Path=/nexperience/; HttpOnly[\r][\n]"
<2017-09-26 13:07:05> DEBUG [org.apache.http.wire] http-outgoing-5 << "Expires: Thu, 01 Jan 1970 00:00:00 GMT[\r][\n]"
<2017-09-26 13:07:05> DEBUG [org.apache.http.wire] http-outgoing-5 << "Cache-Control: no-cache[\r][\n]"
<2017-09-26 13:07:05> DEBUG [org.apache.http.wire] http-outgoing-5 << "Cache-Control: no-cache[\r][\n]"
<2017-09-26 13:07:05> DEBUG [org.apache.http.wire] http-outgoing-5 << "Expires: Thu, 01 Jan 1970 00:00:00 GMT[\r][\n]"
<2017-09-26 13:07:05> DEBUG [org.apache.http.wire] http-outgoing-5 << "Set-Cookie: fast_failed=true[\r][\n]"
<2017-09-26 13:07:05> DEBUG [org.apache.http.wire] http-outgoing-5 << "X-XSS-Protection: 2; mode=block[\r][\n]"
<2017-09-26 13:07:05> DEBUG [org.apache.http.wire] http-outgoing-5 << "Content-Encoding: gzip[\r][\n]"
<2017-09-26 13:07:05> DEBUG [org.apache.http.wire] http-outgoing-5 << "[\r][\n]"
<2017-09-26 13:07:05> DEBUG [org.apache.http.wire] http-outgoing-5 << "a1[\r][\n]"
<2017-09-26 13:07:05> DEBUG [org.apache.http.wire] http-outgoing-5 << "[0x1f][0x8b][0x8][0x0][0x0][0x0][0x0][0x0][0x0][0x3]-[0x8d]A[0xe][0x82]0[0x10]E[0xef]2kh[0xda][0xd2]([0xb2]5,L[0xd4][0x85][0xf1][0x2]e:([0x9][0xb4][0xc8]P7[0x84][0xbb];[0xb][0x97][0xff][0xe5][0xbd][0xfc][\r][0x98][0x98][0x87][0x14]/[0x1][0x1a]@[0xdf][0xa1][0xd1][0xe6]X[0x9e],[0xe9][0xd2]Q[0x87]e[0x1d]d[0xf6]}[0x1f][0xbc]Ag*]]>&#x7f;<![CDATA[[0x80][0x2]x[0xf5]+[0x89][0xce][0x19]Qj![0xef]s[\n]"
<2017-09-26 13:07:05> DEBUG [org.apache.http.wire] http-outgoing-5 << "Bjk[0xb5][0xab]+k[0xb][0xf8][0xfa]1[0xb][0xd9][0xa0][0xbd][0xb6][0xb7][0xf6][0xfe][0x14][0xdd]8[0xd8][0xb][0xc0][0xd1]K[0xd2]@Z^*[0xcd][0x14]?^1[0x8d][0x14][0x87]<[0xa9][0x85][0xa6][0xb4][0x92]z[0x10][0xcf])2[0xfd][0xaf][0xb2][0xe8]z[0xff][0x1][0xed]T.d[0xaa][0x0][0x0][0x0][\r][\n]"
<2017-09-26 13:07:05> DEBUG [org.apache.http.wire] http-outgoing-5 << "0[\r][\n]"
<2017-09-26 13:07:05> DEBUG [org.apache.http.wire] http-outgoing-5 << "[\r][\n]"
<2017-09-26 13:07:05> DEBUG [org.apache.http.headers] http-outgoing-5 << HTTP/1.1 200 OK
<2017-09-26 13:07:05> DEBUG [org.apache.http.headers] http-outgoing-5 << Server: nginx
<2017-09-26 13:07:05> DEBUG [org.apache.http.headers] http-outgoing-5 << Date: Tue, 26 Sep 2017 10:07:01 GMT
<2017-09-26 13:07:05> DEBUG [org.apache.http.headers] http-outgoing-5 << Content-Type: application/json;charset=utf-8
<2017-09-26 13:07:05> DEBUG [org.apache.http.headers] http-outgoing-5 << Transfer-Encoding: chunked
<2017-09-26 13:07:05> DEBUG [org.apache.http.headers] http-outgoing-5 << Connection: keep-alive
<2017-09-26 13:07:05> DEBUG [org.apache.http.headers] http-outgoing-5 << Set-Cookie: JSESSIONID=F6E28E4994D1584E597DBDFCCCB1737E; Path=/nexperience/; HttpOnly
<2017-09-26 13:07:05> DEBUG [org.apache.http.headers] http-outgoing-5 << Expires: Thu, 01 Jan 1970 00:00:00 GMT
<2017-09-26 13:07:05> DEBUG [org.apache.http.headers] http-outgoing-5 << Cache-Control: no-cache
<2017-09-26 13:07:05> DEBUG [org.apache.http.headers] http-outgoing-5 << Cache-Control: no-cache
<2017-09-26 13:07:05> DEBUG [org.apache.http.headers] http-outgoing-5 << Expires: Thu, 01 Jan 1970 00:00:00 GMT
<2017-09-26 13:07:05> DEBUG [org.apache.http.headers] http-outgoing-5 << Set-Cookie: fast_failed=true
<2017-09-26 13:07:05> DEBUG [org.apache.http.headers] http-outgoing-5 << X-XSS-Protection: 2; mode=block
<2017-09-26 13:07:05> DEBUG [org.apache.http.headers] http-outgoing-5 << Content-Encoding: gzip
<2017-09-26 13:07:05> DEBUG [o.a.h.i.execchain.MainClientExec] Connection can be kept alive indefinitely
<2017-09-26 13:07:05> DEBUG [o.a.h.c.p.ResponseProcessCookies] Cookie accepted [JSESSIONID="F6E28E4994D1584E597DBDFCCCB1737E", version:0, domain:branchtest.perfectomobile.com, path:/nexperience/, expiry:null]
<2017-09-26 13:07:05> DEBUG [o.a.h.c.p.ResponseProcessCookies] Cookie accepted [fast_failed="true", version:0, domain:branchtest.perfectomobile.com, path:/nexperience/perfectomobile/wd/hub/session/cabc1017-92e0-4ebc-8d17-fffda1c413a6, expiry:null]
<2017-09-26 13:07:05> DEBUG [o.a.h.i.c.PoolingHttpClientConnectionManager] Connection [id: 5][route: {s}->https://branchtest.perfectomobile.com:443] can be kept alive indefinitely
<2017-09-26 13:07:05> DEBUG [o.a.h.i.c.PoolingHttpClientConnectionManager] Connection released: [id: 5][route: {s}->https://branchtest.perfectomobile.com:443][total kept alive: 3; route allocated: 3 of 2000; total allocated: 3 of 2000]
<2017-09-26 13:07:05> DEBUG [o.a.h.c.p.RequestAddCookies] CookieSpec selected: default
<2017-09-26 13:07:05> DEBUG [o.a.h.c.p.RequestAddCookies] Cookie [version: 0][name: JSESSIONID][value: F6E28E4994D1584E597DBDFCCCB1737E][domain: branchtest.perfectomobile.com][path: /nexperience/][expiry: null] match [(secure)branchtest.perfectomobile.com:443/nexperience/perfectomobile/wd/hub/session/cabc1017-92e0-4ebc-8d17-fffda1c413a6/element/14/click]
<2017-09-26 13:07:05> DEBUG [o.a.h.c.p.RequestAddCookies] Cookie [version: 0][name: fast_failed][value: true][domain: branchtest.perfectomobile.com][path: /nexperience/perfectomobile/wd/hub][expiry: null] match [(secure)branchtest.perfectomobile.com:443/nexperience/perfectomobile/wd/hub/session/cabc1017-92e0-4ebc-8d17-fffda1c413a6/element/14/click]
<2017-09-26 13:07:05> DEBUG [o.a.h.c.p.RequestAddCookies] Cookie [version: 0][name: fast_failed][value: true][domain: branchtest.perfectomobile.com][path: /nexperience/perfectomobile/wd/hub/session][expiry: null] match [(secure)branchtest.perfectomobile.com:443/nexperience/perfectomobile/wd/hub/session/cabc1017-92e0-4ebc-8d17-fffda1c413a6/element/14/click]
<2017-09-26 13:07:05> DEBUG [o.a.h.c.p.RequestAddCookies] Cookie [version: 0][name: fast_failed][value: true][domain: branchtest.perfectomobile.com][path: /nexperience/perfectomobile/wd/hub/session/cabc1017-92e0-4ebc-8d17-fffda1c413a6][expiry: null] match [(secure)branchtest.perfectomobile.com:443/nexperience/perfectomobile/wd/hub/session/cabc1017-92e0-4ebc-8d17-fffda1c413a6/element/14/click]
<2017-09-26 13:07:05> DEBUG [o.a.h.c.p.RequestAuthCache] Auth cache not set in the context
<2017-09-26 13:07:05> DEBUG [o.a.h.i.c.PoolingHttpClientConnectionManager] Connection request: [route: {s}->https://branchtest.perfectomobile.com:443][total kept alive: 3; route allocated: 3 of 2000; total allocated: 3 of 2000]
<2017-09-26 13:07:05> DEBUG [o.a.h.i.c.PoolingHttpClientConnectionManager] Connection leased: [id: 5][route: {s}->https://branchtest.perfectomobile.com:443][total kept alive: 2; route allocated: 3 of 2000; total allocated: 3 of 2000]
<2017-09-26 13:07:05> DEBUG [o.a.h.i.execchain.MainClientExec] Stale connection check
<2017-09-26 13:07:05> DEBUG [org.apache.http.wire] http-outgoing-5 << "[read] I/O error: Read timed out"
<2017-09-26 13:07:05> DEBUG [o.a.h.i.c.DefaultManagedHttpClientConnection] http-outgoing-5: set socket timeout to 10800000
<2017-09-26 13:07:05> DEBUG [o.a.h.i.execchain.MainClientExec] Executing request POST /nexperience/perfectomobile/wd/hub/session/cabc1017-92e0-4ebc-8d17-fffda1c413a6/element/14/click HTTP/1.1
<2017-09-26 13:07:05> DEBUG [o.a.h.i.execchain.MainClientExec] Target auth state: UNCHALLENGED
<2017-09-26 13:07:05> DEBUG [o.a.h.i.execchain.MainClientExec] Proxy auth state: UNCHALLENGED
<2017-09-26 13:07:05> DEBUG [org.apache.http.headers] http-outgoing-5 >> POST /nexperience/perfectomobile/wd/hub/session/cabc1017-92e0-4ebc-8d17-fffda1c413a6/element/14/click HTTP/1.1
<2017-09-26 13:07:05> DEBUG [org.apache.http.headers] http-outgoing-5 >> Content-Type: application/json; charset=utf-8
<2017-09-26 13:07:05> DEBUG [org.apache.http.headers] http-outgoing-5 >> Content-Length: 11
<2017-09-26 13:07:05> DEBUG [org.apache.http.headers] http-outgoing-5 >> Host: branchtest.perfectomobile.com
<2017-09-26 13:07:05> DEBUG [org.apache.http.headers] http-outgoing-5 >> Connection: Keep-Alive
<2017-09-26 13:07:05> DEBUG [org.apache.http.headers] http-outgoing-5 >> User-Agent: Apache-HttpClient/4.5.2 (Java/1.8.0_121)
<2017-09-26 13:07:05> DEBUG [org.apache.http.headers] http-outgoing-5 >> Cookie: JSESSIONID=F6E28E4994D1584E597DBDFCCCB1737E; fast_failed=true; fast_failed=true; fast_failed=true
<2017-09-26 13:07:05> DEBUG [org.apache.http.headers] http-outgoing-5 >> Accept-Encoding: gzip,deflate
<2017-09-26 13:07:05> DEBUG [org.apache.http.wire] http-outgoing-5 >> "POST /nexperience/perfectomobile/wd/hub/session/cabc1017-92e0-4ebc-8d17-fffda1c413a6/element/14/click HTTP/1.1[\r][\n]"
<2017-09-26 13:07:05> DEBUG [org.apache.http.wire] http-outgoing-5 >> "Content-Type: application/json; charset=utf-8[\r][\n]"
<2017-09-26 13:07:05> DEBUG [org.apache.http.wire] http-outgoing-5 >> "Content-Length: 11[\r][\n]"
<2017-09-26 13:07:05> DEBUG [org.apache.http.wire] http-outgoing-5 >> "Host: branchtest.perfectomobile.com[\r][\n]"
<2017-09-26 13:07:05> DEBUG [org.apache.http.wire] http-outgoing-5 >> "Connection: Keep-Alive[\r][\n]"
<2017-09-26 13:07:05> DEBUG [org.apache.http.wire] http-outgoing-5 >> "User-Agent: Apache-HttpClient/4.5.2 (Java/1.8.0_121)[\r][\n]"
<2017-09-26 13:07:05> DEBUG [org.apache.http.wire] http-outgoing-5 >> "Cookie: JSESSIONID=F6E28E4994D1584E597DBDFCCCB1737E; fast_failed=true; fast_failed=true; fast_failed=true[\r][\n]"
<2017-09-26 13:07:05> DEBUG [org.apache.http.wire] http-outgoing-5 >> "Accept-Encoding: gzip,deflate[\r][\n]"
<2017-09-26 13:07:05> DEBUG [org.apache.http.wire] http-outgoing-5 >> "[\r][\n]"
<2017-09-26 13:07:05> DEBUG [org.apache.http.wire] http-outgoing-5 >> "{"id":"14"}"
<2017-09-26 13:07:06> DEBUG [org.apache.http.wire] http-outgoing-5 << "HTTP/1.1 200 OK[\r][\n]"
<2017-09-26 13:07:06> DEBUG [org.apache.http.wire] http-outgoing-5 << "Server: nginx[\r][\n]"
<2017-09-26 13:07:06> DEBUG [org.apache.http.wire] http-outgoing-5 << "Date: Tue, 26 Sep 2017 10:07:02 GMT[\r][\n]"
<2017-09-26 13:07:06> DEBUG [org.apache.http.wire] http-outgoing-5 << "Content-Type: application/json;charset=utf-8[\r][\n]"
<2017-09-26 13:07:06> DEBUG [org.apache.http.wire] http-outgoing-5 << "Transfer-Encoding: chunked[\r][\n]"
<2017-09-26 13:07:06> DEBUG [org.apache.http.wire] http-outgoing-5 << "Connection: keep-alive[\r][\n]"
<2017-09-26 13:07:06> DEBUG [org.apache.http.wire] http-outgoing-5 << "Set-Cookie: JSESSIONID=F6E28E4994D1584E597DBDFCCCB1737E; Path=/nexperience/; HttpOnly[\r][\n]"
<2017-09-26 13:07:06> DEBUG [org.apache.http.wire] http-outgoing-5 << "Expires: Thu, 01 Jan 1970 00:00:00 GMT[\r][\n]"
<2017-09-26 13:07:06> DEBUG [org.apache.http.wire] http-outgoing-5 << "Cache-Control: no-cache[\r][\n]"
<2017-09-26 13:07:06> DEBUG [org.apache.http.wire] http-outgoing-5 << "Cache-Control: no-cache[\r][\n]"
<2017-09-26 13:07:06> DEBUG [org.apache.http.wire] http-outgoing-5 << "Expires: Thu, 01 Jan 1970 00:00:00 GMT[\r][\n]"
<2017-09-26 13:07:06> DEBUG [org.apache.http.wire] http-outgoing-5 << "Set-Cookie: fast_failed=true[\r][\n]"
<2017-09-26 13:07:06> DEBUG [org.apache.http.wire] http-outgoing-5 << "X-XSS-Protection: 2; mode=block[\r][\n]"
<2017-09-26 13:07:06> DEBUG [org.apache.http.wire] http-outgoing-5 << "Content-Encoding: gzip[\r][\n]"
<2017-09-26 13:07:06> DEBUG [org.apache.http.wire] http-outgoing-5 << "[\r][\n]"
<2017-09-26 13:07:06> DEBUG [org.apache.http.wire] http-outgoing-5 << "94[\r][\n]"
<2017-09-26 13:07:06> DEBUG [org.apache.http.wire] http-outgoing-5 << "[0x1f][0x8b][0x8][0x0][0x0][0x0][0x0][0x0][0x0][0x3]-[0x8c]1[0x12][0x82]0[0x10]E[0xef][0xb2]5d[0x12][0xc]"[0xb4]V[0xb6][0xde]`[0xd9]l[0x94][0x99][0x90] Kl[0x1c][0xef][0xee][0x16][0x96][0xff][0xcd]{[0xff][0x3][0xc2]"K[0xc9][0xb7][0x0][0x13][0x10][0xce][0xe4][0xac][0x1b][0xda][0xb1]c[0xdb]z[0x9e][0xa9][0xbd][0x4][0x9d]1[0xc6][0x80][0x8e][0xbc];[0xe1][0x19][0x1a][0x90][0x3][0xf]V]*[0x91][0xd6]J[0x9e][0xd7][0x12][0x94][0x8c][0xbe][0xeb][0xfb][0xa1][0xf3]c[0x3]oLUI[0xae])5@[0x9]U[0x9b][0xa0][0xec][0xf]S6[0xce]/4[0xc2][0x89][0xf3]RW[0xb3][0xf3]Z[0xe]6w[0x96][0xad]d[0xe1][0xff]}U[0xdd]~]]>&#x7f;<![CDATA[[0xec]}[0xf8][0xc][0x9e][0x0][0x0][0x0][\r][\n]"
<2017-09-26 13:07:06> DEBUG [org.apache.http.wire] http-outgoing-5 << "0[\r][\n]"
<2017-09-26 13:07:06> DEBUG [org.apache.http.wire] http-outgoing-5 << "[\r][\n]"
<2017-09-26 13:07:06> DEBUG [org.apache.http.headers] http-outgoing-5 << HTTP/1.1 200 OK
<2017-09-26 13:07:06> DEBUG [org.apache.http.headers] http-outgoing-5 << Server: nginx
<2017-09-26 13:07:06> DEBUG [org.apache.http.headers] http-outgoing-5 << Date: Tue, 26 Sep 2017 10:07:02 GMT
<2017-09-26 13:07:06> DEBUG [org.apache.http.headers] http-outgoing-5 << Content-Type: application/json;charset=utf-8
<2017-09-26 13:07:06> DEBUG [org.apache.http.headers] http-outgoing-5 << Transfer-Encoding: chunked
<2017-09-26 13:07:06> DEBUG [org.apache.http.headers] http-outgoing-5 << Connection: keep-alive
<2017-09-26 13:07:06> DEBUG [org.apache.http.headers] http-outgoing-5 << Set-Cookie: JSESSIONID=F6E28E4994D1584E597DBDFCCCB1737E; Path=/nexperience/; HttpOnly
<2017-09-26 13:07:06> DEBUG [org.apache.http.headers] http-outgoing-5 << Expires: Thu, 01 Jan 1970 00:00:00 GMT
<2017-09-26 13:07:06> DEBUG [org.apache.http.headers] http-outgoing-5 << Cache-Control: no-cache
<2017-09-26 13:07:06> DEBUG [org.apache.http.headers] http-outgoing-5 << Cache-Control: no-cache
<2017-09-26 13:07:06> DEBUG [org.apache.http.headers] http-outgoing-5 << Expires: Thu, 01 Jan 1970 00:00:00 GMT
<2017-09-26 13:07:06> DEBUG [org.apache.http.headers] http-outgoing-5 << Set-Cookie: fast_failed=true
<2017-09-26 13:07:06> DEBUG [org.apache.http.headers] http-outgoing-5 << X-XSS-Protection: 2; mode=block
<2017-09-26 13:07:06> DEBUG [org.apache.http.headers] http-outgoing-5 << Content-Encoding: gzip
<2017-09-26 13:07:06> DEBUG [o.a.h.i.execchain.MainClientExec] Connection can be kept alive indefinitely
<2017-09-26 13:07:06> DEBUG [o.a.h.c.p.ResponseProcessCookies] Cookie accepted [JSESSIONID="F6E28E4994D1584E597DBDFCCCB1737E", version:0, domain:branchtest.perfectomobile.com, path:/nexperience/, expiry:null]
<2017-09-26 13:07:06> DEBUG [o.a.h.c.p.ResponseProcessCookies] Cookie accepted [fast_failed="true", version:0, domain:branchtest.perfectomobile.com, path:/nexperience/perfectomobile/wd/hub/session/cabc1017-92e0-4ebc-8d17-fffda1c413a6/element/14, expiry:null]
<2017-09-26 13:07:06> DEBUG [o.a.h.i.c.PoolingHttpClientConnectionManager] Connection [id: 5][route: {s}->https://branchtest.perfectomobile.com:443] can be kept alive indefinitely
<2017-09-26 13:07:06> DEBUG [o.a.h.i.c.PoolingHttpClientConnectionManager] Connection released: [id: 5][route: {s}->https://branchtest.perfectomobile.com:443][total kept alive: 3; route allocated: 3 of 2000; total allocated: 3 of 2000]
<2017-09-26 13:07:12> DEBUG [o.a.h.c.p.RequestAddCookies] CookieSpec selected: default
<2017-09-26 13:07:12> DEBUG [o.a.h.c.p.RequestAddCookies] Cookie [version: 0][name: JSESSIONID][value: F6E28E4994D1584E597DBDFCCCB1737E][domain: branchtest.perfectomobile.com][path: /nexperience/][expiry: null] match [(secure)branchtest.perfectomobile.com:443/nexperience/perfectomobile/wd/hub/session/0bb5ccaf-7de4-4682-9e6c-c5841ee5c6a7/execute]
<2017-09-26 13:07:12> DEBUG [o.a.h.c.p.RequestAddCookies] Cookie [version: 0][name: fast_failed][value: true][domain: branchtest.perfectomobile.com][path: /nexperience/perfectomobile/wd/hub][expiry: null] match [(secure)branchtest.perfectomobile.com:443/nexperience/perfectomobile/wd/hub/session/0bb5ccaf-7de4-4682-9e6c-c5841ee5c6a7/execute]
<2017-09-26 13:07:12> DEBUG [o.a.h.c.p.RequestAddCookies] Cookie [version: 0][name: fast_failed][value: true][domain: branchtest.perfectomobile.com][path: /nexperience/perfectomobile/wd/hub/session][expiry: null] match [(secure)branchtest.perfectomobile.com:443/nexperience/perfectomobile/wd/hub/session/0bb5ccaf-7de4-4682-9e6c-c5841ee5c6a7/execute]
<2017-09-26 13:07:12> DEBUG [o.a.h.c.p.RequestAddCookies] Cookie [version: 0][name: fast_failed][value: true][domain: branchtest.perfectomobile.com][path: /nexperience/perfectomobile/wd/hub/session/0bb5ccaf-7de4-4682-9e6c-c5841ee5c6a7][expiry: null] match [(secure)branchtest.perfectomobile.com:443/nexperience/perfectomobile/wd/hub/session/0bb5ccaf-7de4-4682-9e6c-c5841ee5c6a7/execute]
<2017-09-26 13:07:12> DEBUG [o.a.h.c.p.RequestAuthCache] Auth cache not set in the context
<2017-09-26 13:07:12> DEBUG [o.a.h.i.c.PoolingHttpClientConnectionManager] Connection request: [route: {s}->https://branchtest.perfectomobile.com:443][total kept alive: 3; route allocated: 3 of 2000; total allocated: 3 of 2000]
<2017-09-26 13:07:12> DEBUG [org.apache.http.wire] http-outgoing-5 << "[read] I/O error: Read timed out"
<2017-09-26 13:07:12> DEBUG [o.a.h.i.c.PoolingHttpClientConnectionManager] Connection leased: [id: 5][route: {s}->https://branchtest.perfectomobile.com:443][total kept alive: 2; route allocated: 3 of 2000; total allocated: 3 of 2000]
<2017-09-26 13:07:12> DEBUG [o.a.h.i.execchain.MainClientExec] Stale connection check
<2017-09-26 13:07:12> DEBUG [org.apache.http.wire] http-outgoing-5 << "[read] I/O error: Read timed out"
<2017-09-26 13:07:12> DEBUG [o.a.h.i.c.DefaultManagedHttpClientConnection] http-outgoing-5: set socket timeout to 10800000
<2017-09-26 13:07:12> DEBUG [o.a.h.i.execchain.MainClientExec] Executing request POST /nexperience/perfectomobile/wd/hub/session/0bb5ccaf-7de4-4682-9e6c-c5841ee5c6a7/execute HTTP/1.1
<2017-09-26 13:07:12> DEBUG [o.a.h.i.execchain.MainClientExec] Target auth state: UNCHALLENGED
<2017-09-26 13:07:12> DEBUG [o.a.h.i.execchain.MainClientExec] Proxy auth state: UNCHALLENGED
<2017-09-26 13:07:12> DEBUG [org.apache.http.headers] http-outgoing-5 >> POST /nexperience/perfectomobile/wd/hub/session/0bb5ccaf-7de4-4682-9e6c-c5841ee5c6a7/execute HTTP/1.1
<2017-09-26 13:07:12> DEBUG [org.apache.http.headers] http-outgoing-5 >> Content-Type: application/json; charset=utf-8
<2017-09-26 13:07:12> DEBUG [org.apache.http.headers] http-outgoing-5 >> Content-Length: 54
<2017-09-26 13:07:12> DEBUG [org.apache.http.headers] http-outgoing-5 >> Host: branchtest.perfectomobile.com
<2017-09-26 13:07:12> DEBUG [org.apache.http.headers] http-outgoing-5 >> Connection: Keep-Alive
<2017-09-26 13:07:12> DEBUG [org.apache.http.headers] http-outgoing-5 >> User-Agent: Apache-HttpClient/4.5.2 (Java/1.8.0_121)
<2017-09-26 13:07:12> DEBUG [org.apache.http.headers] http-outgoing-5 >> Cookie: JSESSIONID=F6E28E4994D1584E597DBDFCCCB1737E; fast_failed=true; fast_failed=true; fast_failed=true
<2017-09-26 13:07:12> DEBUG [org.apache.http.headers] http-outgoing-5 >> Accept-Encoding: gzip,deflate
<2017-09-26 13:07:12> DEBUG [org.apache.http.wire] http-outgoing-5 >> "POST /nexperience/perfectomobile/wd/hub/session/0bb5ccaf-7de4-4682-9e6c-c5841ee5c6a7/execute HTTP/1.1[\r][\n]"
<2017-09-26 13:07:12> DEBUG [org.apache.http.wire] http-outgoing-5 >> "Content-Type: application/json; charset=utf-8[\r][\n]"
<2017-09-26 13:07:12> DEBUG [org.apache.http.wire] http-outgoing-5 >> "Content-Length: 54[\r][\n]"
<2017-09-26 13:07:12> DEBUG [org.apache.http.wire] http-outgoing-5 >> "Host: branchtest.perfectomobile.com[\r][\n]"
<2017-09-26 13:07:12> DEBUG [org.apache.http.wire] http-outgoing-5 >> "Connection: Keep-Alive[\r][\n]"
<2017-09-26 13:07:12> DEBUG [org.apache.http.wire] http-outgoing-5 >> "User-Agent: Apache-HttpClient/4.5.2 (Java/1.8.0_121)[\r][\n]"
<2017-09-26 13:07:12> DEBUG [org.apache.http.wire] http-outgoing-5 >> "Cookie: JSESSIONID=F6E28E4994D1584E597DBDFCCCB1737E; fast_failed=true; fast_failed=true; fast_failed=true[\r][\n]"
<2017-09-26 13:07:12> DEBUG [org.apache.http.wire] http-outgoing-5 >> "Accept-Encoding: gzip,deflate[\r][\n]"
<2017-09-26 13:07:12> DEBUG [org.apache.http.wire] http-outgoing-5 >> "[\r][\n]"
<2017-09-26 13:07:12> DEBUG [org.apache.http.wire] http-outgoing-5 >> "{"script":"mobile:step:end","args":[{"message":null}]}"
<2017-09-26 13:07:12> DEBUG [org.apache.http.wire] http-outgoing-5 << "HTTP/1.1 200 OK[\r][\n]"
<2017-09-26 13:07:12> DEBUG [org.apache.http.wire] http-outgoing-5 << "Server: nginx[\r][\n]"
<2017-09-26 13:07:12> DEBUG [org.apache.http.wire] http-outgoing-5 << "Date: Tue, 26 Sep 2017 10:07:09 GMT[\r][\n]"
<2017-09-26 13:07:12> DEBUG [org.apache.http.wire] http-outgoing-5 << "Content-Type: application/json;charset=utf-8[\r][\n]"
<2017-09-26 13:07:12> DEBUG [org.apache.http.wire] http-outgoing-5 << "Transfer-Encoding: chunked[\r][\n]"
<2017-09-26 13:07:12> DEBUG [org.apache.http.wire] http-outgoing-5 << "Connection: keep-alive[\r][\n]"
<2017-09-26 13:07:12> DEBUG [org.apache.http.wire] http-outgoing-5 << "Set-Cookie: JSESSIONID=F6E28E4994D1584E597DBDFCCCB1737E; Path=/nexperience/; HttpOnly[\r][\n]"
<2017-09-26 13:07:12> DEBUG [org.apache.http.wire] http-outgoing-5 << "Expires: Thu, 01 Jan 1970 00:00:00 GMT[\r][\n]"
<2017-09-26 13:07:12> DEBUG [org.apache.http.wire] http-outgoing-5 << "Cache-Control: no-cache[\r][\n]"
<2017-09-26 13:07:12> DEBUG [org.apache.http.wire] http-outgoing-5 << "Cache-Control: no-cache[\r][\n]"
<2017-09-26 13:07:12> DEBUG [org.apache.http.wire] http-outgoing-5 << "Expires: Thu, 01 Jan 1970 00:00:00 GMT[\r][\n]"
<2017-09-26 13:07:12> DEBUG [org.apache.http.wire] http-outgoing-5 << "Set-Cookie: fast_failed=true[\r][\n]"
<2017-09-26 13:07:12> DEBUG [org.apache.http.wire] http-outgoing-5 << "X-XSS-Protection: 2; mode=block[\r][\n]"
<2017-09-26 13:07:12> DEBUG [org.apache.http.wire] http-outgoing-5 << "Content-Encoding: gzip[\r][\n]"
<2017-09-26 13:07:12> DEBUG [org.apache.http.wire] http-outgoing-5 << "[\r][\n]"
<2017-09-26 13:07:12> DEBUG [org.apache.http.wire] http-outgoing-5 << "95[\r][\n]"
<2017-09-26 13:07:12> DEBUG [org.apache.http.wire] http-outgoing-5 << "[0x1f][0x8b][0x8][0x0][0x0][0x0][0x0][0x0][0x0][0x3]-[0xcc][0xb1][0x12][0x82]0[0x10][0x84][0xe1]w[0xb9][0x9a]d[0x82]C[0x8][0xd0]Z[0xd9][0xfa][0x6][0xe1]X[0x95][0x99][0x90](Gl[0x1c][0xdf][0xdd]+l[0xff][0xf9]v?$[0x10]YK[0xbe],4[0x91][0x9b]g[0xcf][0x1c]o&,[0xe8]L[0xd7][0xf]'3[0xa2]g[0xc3]~[0xe8]Z[0xc0]s[0x1f][0x3]5$G<[0xa0]\*[0xb3][0xae][0xb5]<[0xce]e[0xd1][0x12]B[0xeb][0xfc][0xe8][0xc2][0xd8][0xd0];[0xa6][0xaa]%[0xd7][0x94][0x1a][0xe2][0x14][0x95]MT[0xf6][0xbb]-O[0xe4]W[0xb4][0x82][0x84][0xbc][0xd6][0xcd][0xee][0xd8][0xca][0x1]{[0x85]<K[0x16][0xfc][0xef][0xab]r[0xf7][0xfd][0x1][0xcf][0x99][0xbd])[0x9e][0x0][0x0][0x0][\r][\n]"
<2017-09-26 13:07:12> DEBUG [org.apache.http.wire] http-outgoing-5 << "0[\r][\n]"
<2017-09-26 13:07:12> DEBUG [org.apache.http.wire] http-outgoing-5 << "[\r][\n]"
<2017-09-26 13:07:12> DEBUG [org.apache.http.headers] http-outgoing-5 << HTTP/1.1 200 OK
<2017-09-26 13:07:12> DEBUG [org.apache.http.headers] http-outgoing-5 << Server: nginx
<2017-09-26 13:07:12> DEBUG [org.apache.http.headers] http-outgoing-5 << Date: Tue, 26 Sep 2017 10:07:09 GMT
<2017-09-26 13:07:12> DEBUG [org.apache.http.headers] http-outgoing-5 << Content-Type: application/json;charset=utf-8
<2017-09-26 13:07:12> DEBUG [org.apache.http.headers] http-outgoing-5 << Transfer-Encoding: chunked
<2017-09-26 13:07:12> DEBUG [org.apache.http.headers] http-outgoing-5 << Connection: keep-alive
<2017-09-26 13:07:12> DEBUG [org.apache.http.headers] http-outgoing-5 << Set-Cookie: JSESSIONID=F6E28E4994D1584E597DBDFCCCB1737E; Path=/nexperience/; HttpOnly
<2017-09-26 13:07:12> DEBUG [org.apache.http.headers] http-outgoing-5 << Expires: Thu, 01 Jan 1970 00:00:00 GMT
<2017-09-26 13:07:12> DEBUG [org.apache.http.headers] http-outgoing-5 << Cache-Control: no-cache
<2017-09-26 13:07:12> DEBUG [org.apache.http.headers] http-outgoing-5 << Cache-Control: no-cache
<2017-09-26 13:07:12> DEBUG [org.apache.http.headers] http-outgoing-5 << Expires: Thu, 01 Jan 1970 00:00:00 GMT
<2017-09-26 13:07:12> DEBUG [org.apache.http.headers] http-outgoing-5 << Set-Cookie: fast_failed=true
<2017-09-26 13:07:12> DEBUG [org.apache.http.headers] http-outgoing-5 << X-XSS-Protection: 2; mode=block
<2017-09-26 13:07:12> DEBUG [org.apache.http.headers] http-outgoing-5 << Content-Encoding: gzip
<2017-09-26 13:07:12> DEBUG [o.a.h.i.execchain.MainClientExec] Connection can be kept alive indefinitely
<2017-09-26 13:07:12> DEBUG [o.a.h.c.p.ResponseProcessCookies] Cookie accepted [JSESSIONID="F6E28E4994D1584E597DBDFCCCB1737E", version:0, domain:branchtest.perfectomobile.com, path:/nexperience/, expiry:null]
<2017-09-26 13:07:12> DEBUG [o.a.h.c.p.ResponseProcessCookies] Cookie accepted [fast_failed="true", version:0, domain:branchtest.perfectomobile.com, path:/nexperience/perfectomobile/wd/hub/session/0bb5ccaf-7de4-4682-9e6c-c5841ee5c6a7, expiry:null]
<2017-09-26 13:07:12> DEBUG [o.a.h.i.c.PoolingHttpClientConnectionManager] Connection [id: 5][route: {s}->https://branchtest.perfectomobile.com:443] can be kept alive indefinitely
<2017-09-26 13:07:12> DEBUG [o.a.h.i.c.PoolingHttpClientConnectionManager] Connection released: [id: 5][route: {s}->https://branchtest.perfectomobile.com:443][total kept alive: 3; route allocated: 3 of 2000; total allocated: 3 of 2000]
<2017-09-26 13:07:12> DEBUG [o.a.h.c.p.RequestAddCookies] CookieSpec selected: default
<2017-09-26 13:07:12> DEBUG [o.a.h.c.p.RequestAddCookies] Cookie [version: 0][name: JSESSIONID][value: F6E28E4994D1584E597DBDFCCCB1737E][domain: branchtest.perfectomobile.com][path: /nexperience/][expiry: null] match [(secure)branchtest.perfectomobile.com:443/nexperience/perfectomobile/wd/hub/session/0bb5ccaf-7de4-4682-9e6c-c5841ee5c6a7/execute]
<2017-09-26 13:07:12> DEBUG [o.a.h.c.p.RequestAddCookies] Cookie [version: 0][name: fast_failed][value: true][domain: branchtest.perfectomobile.com][path: /nexperience/perfectomobile/wd/hub][expiry: null] match [(secure)branchtest.perfectomobile.com:443/nexperience/perfectomobile/wd/hub/session/0bb5ccaf-7de4-4682-9e6c-c5841ee5c6a7/execute]
<2017-09-26 13:07:12> DEBUG [o.a.h.c.p.RequestAddCookies] Cookie [version: 0][name: fast_failed][value: true][domain: branchtest.perfectomobile.com][path: /nexperience/perfectomobile/wd/hub/session][expiry: null] match [(secure)branchtest.perfectomobile.com:443/nexperience/perfectomobile/wd/hub/session/0bb5ccaf-7de4-4682-9e6c-c5841ee5c6a7/execute]
<2017-09-26 13:07:12> DEBUG [o.a.h.c.p.RequestAddCookies] Cookie [version: 0][name: fast_failed][value: true][domain: branchtest.perfectomobile.com][path: /nexperience/perfectomobile/wd/hub/session/0bb5ccaf-7de4-4682-9e6c-c5841ee5c6a7][expiry: null] match [(secure)branchtest.perfectomobile.com:443/nexperience/perfectomobile/wd/hub/session/0bb5ccaf-7de4-4682-9e6c-c5841ee5c6a7/execute]
<2017-09-26 13:07:12> DEBUG [o.a.h.c.p.RequestAuthCache] Auth cache not set in the context
<2017-09-26 13:07:12> DEBUG [o.a.h.i.c.PoolingHttpClientConnectionManager] Connection request: [route: {s}->https://branchtest.perfectomobile.com:443][total kept alive: 3; route allocated: 3 of 2000; total allocated: 3 of 2000]
<2017-09-26 13:07:12> DEBUG [o.a.h.i.c.PoolingHttpClientConnectionManager] Connection leased: [id: 5][route: {s}->https://branchtest.perfectomobile.com:443][total kept alive: 2; route allocated: 3 of 2000; total allocated: 3 of 2000]
<2017-09-26 13:07:12> DEBUG [o.a.h.i.execchain.MainClientExec] Stale connection check
<2017-09-26 13:07:12> DEBUG [org.apache.http.wire] http-outgoing-5 << "[read] I/O error: Read timed out"
<2017-09-26 13:07:12> DEBUG [o.a.h.i.c.DefaultManagedHttpClientConnection] http-outgoing-5: set socket timeout to 10800000
<2017-09-26 13:07:12> DEBUG [o.a.h.i.execchain.MainClientExec] Executing request POST /nexperience/perfectomobile/wd/hub/session/0bb5ccaf-7de4-4682-9e6c-c5841ee5c6a7/execute HTTP/1.1
<2017-09-26 13:07:12> DEBUG [o.a.h.i.execchain.MainClientExec] Target auth state: UNCHALLENGED
<2017-09-26 13:07:12> DEBUG [o.a.h.i.execchain.MainClientExec] Proxy auth state: UNCHALLENGED
<2017-09-26 13:07:12> DEBUG [org.apache.http.headers] http-outgoing-5 >> POST /nexperience/perfectomobile/wd/hub/session/0bb5ccaf-7de4-4682-9e6c-c5841ee5c6a7/execute HTTP/1.1
<2017-09-26 13:07:12> DEBUG [org.apache.http.headers] http-outgoing-5 >> Content-Type: application/json; charset=utf-8
<2017-09-26 13:07:12> DEBUG [org.apache.http.headers] http-outgoing-5 >> Content-Length: 54
<2017-09-26 13:07:12> DEBUG [org.apache.http.headers] http-outgoing-5 >> Host: branchtest.perfectomobile.com
<2017-09-26 13:07:12> DEBUG [org.apache.http.headers] http-outgoing-5 >> Connection: Keep-Alive
<2017-09-26 13:07:12> DEBUG [org.apache.http.headers] http-outgoing-5 >> User-Agent: Apache-HttpClient/4.5.2 (Java/1.8.0_121)
<2017-09-26 13:07:12> DEBUG [org.apache.http.headers] http-outgoing-5 >> Cookie: JSESSIONID=F6E28E4994D1584E597DBDFCCCB1737E; fast_failed=true; fast_failed=true; fast_failed=true
<2017-09-26 13:07:12> DEBUG [org.apache.http.headers] http-outgoing-5 >> Accept-Encoding: gzip,deflate
<2017-09-26 13:07:12> DEBUG [org.apache.http.wire] http-outgoing-5 >> "POST /nexperience/perfectomobile/wd/hub/session/0bb5ccaf-7de4-4682-9e6c-c5841ee5c6a7/execute HTTP/1.1[\r][\n]"
<2017-09-26 13:07:12> DEBUG [org.apache.http.wire] http-outgoing-5 >> "Content-Type: application/json; charset=utf-8[\r][\n]"
<2017-09-26 13:07:12> DEBUG [org.apache.http.wire] http-outgoing-5 >> "Content-Length: 54[\r][\n]"
<2017-09-26 13:07:12> DEBUG [org.apache.http.wire] http-outgoing-5 >> "Host: branchtest.perfectomobile.com[\r][\n]"
<2017-09-26 13:07:12> DEBUG [org.apache.http.wire] http-outgoing-5 >> "Connection: Keep-Alive[\r][\n]"
<2017-09-26 13:07:12> DEBUG [org.apache.http.wire] http-outgoing-5 >> "User-Agent: Apache-HttpClient/4.5.2 (Java/1.8.0_121)[\r][\n]"
<2017-09-26 13:07:12> DEBUG [org.apache.http.wire] http-outgoing-5 >> "Cookie: JSESSIONID=F6E28E4994D1584E597DBDFCCCB1737E; fast_failed=true; fast_failed=true; fast_failed=true[\r][\n]"
<2017-09-26 13:07:12> DEBUG [org.apache.http.wire] http-outgoing-5 >> "Accept-Encoding: gzip,deflate[\r][\n]"
<2017-09-26 13:07:12> DEBUG [org.apache.http.wire] http-outgoing-5 >> "[\r][\n]"
<2017-09-26 13:07:12> DEBUG [org.apache.http.wire] http-outgoing-5 >> "{"script":"mobile:test:end","args":[{"success":true}]}"
<2017-09-26 13:07:12> DEBUG [org.apache.http.wire] http-outgoing-5 << "HTTP/1.1 200 OK[\r][\n]"
<2017-09-26 13:07:12> DEBUG [org.apache.http.wire] http-outgoing-5 << "Server: nginx[\r][\n]"
<2017-09-26 13:07:12> DEBUG [org.apache.http.wire] http-outgoing-5 << "Date: Tue, 26 Sep 2017 10:07:09 GMT[\r][\n]"
<2017-09-26 13:07:12> DEBUG [org.apache.http.wire] http-outgoing-5 << "Content-Type: application/json;charset=utf-8[\r][\n]"
<2017-09-26 13:07:12> DEBUG [org.apache.http.wire] http-outgoing-5 << "Transfer-Encoding: chunked[\r][\n]"
<2017-09-26 13:07:12> DEBUG [org.apache.http.wire] http-outgoing-5 << "Connection: keep-alive[\r][\n]"
<2017-09-26 13:07:12> DEBUG [org.apache.http.wire] http-outgoing-5 << "Set-Cookie: JSESSIONID=F6E28E4994D1584E597DBDFCCCB1737E; Path=/nexperience/; HttpOnly[\r][\n]"
<2017-09-26 13:07:12> DEBUG [org.apache.http.wire] http-outgoing-5 << "Expires: Thu, 01 Jan 1970 00:00:00 GMT[\r][\n]"
<2017-09-26 13:07:12> DEBUG [org.apache.http.wire] http-outgoing-5 << "Cache-Control: no-cache[\r][\n]"
<2017-09-26 13:07:12> DEBUG [org.apache.http.wire] http-outgoing-5 << "Cache-Control: no-cache[\r][\n]"
<2017-09-26 13:07:12> DEBUG [org.apache.http.wire] http-outgoing-5 << "Expires: Thu, 01 Jan 1970 00:00:00 GMT[\r][\n]"
<2017-09-26 13:07:12> DEBUG [org.apache.http.wire] http-outgoing-5 << "Set-Cookie: fast_failed=true[\r][\n]"
<2017-09-26 13:07:12> DEBUG [org.apache.http.wire] http-outgoing-5 << "X-XSS-Protection: 2; mode=block[\r][\n]"
<2017-09-26 13:07:12> DEBUG [org.apache.http.wire] http-outgoing-5 << "Content-Encoding: gzip[\r][\n]"
<2017-09-26 13:07:12> DEBUG [org.apache.http.wire] http-outgoing-5 << "[\r][\n]"
<2017-09-26 13:07:12> DEBUG [org.apache.http.wire] http-outgoing-5 << "95[\r][\n]"
<2017-09-26 13:07:12> DEBUG [org.apache.http.wire] http-outgoing-5 << "[0x1f][0x8b][0x8][0x0][0x0][0x0][0x0][0x0][0x0][0x3]-[0xcc]1[0x12][0xc2] [0x10][0x85][0xe1][0xbb]l[\r][0xc]Q 1[0xad][0x95][0xad]7 [0x9b]U3C [0xc9][0x82][0x8d][0xe3][0xdd][0xdd][0xc2][0xf6][0x9f][0xef][0xbd][0xf]01/%[0xdf]f[0x18][0xc1]N[0x93]G[0x8c][0xf][0xdd][0xcf][0xe4][0xb4][0xb][0xc3]I_([0xa0]F?[0xb8][0x8e][0xc8]c[0x88]=([0xe0][0x1a]+[0x9][0xe7][0x86](k)[0xaf]k[0x99][0xa5][0xf8][0xe0][0xad]=[0xdb][0xce])x[0xc7][0xd4][0xa4][0xe4][0x96][0x92][0x2]LQ[0xd8][0x8][0xe5]x[0x9a][0xb2]Q[0xde][0xa3]aJ[0x94][0x97][0xb6][0x9a][0x83][0xd6]R[0xc9][0xdc][0x89][0xb7][0x92][0x99][0xfe][0xf7]M[0xb8][0xfd][0xfe][0x0][0xb7][0x3][0xc2]:[0x9e][0x0][0x0][0x0][\r][\n]"
<2017-09-26 13:07:12> DEBUG [org.apache.http.wire] http-outgoing-5 << "0[\r][\n]"
<2017-09-26 13:07:12> DEBUG [org.apache.http.wire] http-outgoing-5 << "[\r][\n]"
<2017-09-26 13:07:12> DEBUG [org.apache.http.headers] http-outgoing-5 << HTTP/1.1 200 OK
<2017-09-26 13:07:12> DEBUG [org.apache.http.headers] http-outgoing-5 << Server: nginx
<2017-09-26 13:07:12> DEBUG [org.apache.http.headers] http-outgoing-5 << Date: Tue, 26 Sep 2017 10:07:09 GMT
<2017-09-26 13:07:12> DEBUG [org.apache.http.headers] http-outgoing-5 << Content-Type: application/json;charset=utf-8
<2017-09-26 13:07:12> DEBUG [org.apache.http.headers] http-outgoing-5 << Transfer-Encoding: chunked
<2017-09-26 13:07:12> DEBUG [org.apache.http.headers] http-outgoing-5 << Connection: keep-alive
<2017-09-26 13:07:12> DEBUG [org.apache.http.headers] http-outgoing-5 << Set-Cookie: JSESSIONID=F6E28E4994D1584E597DBDFCCCB1737E; Path=/nexperience/; HttpOnly
<2017-09-26 13:07:12> DEBUG [org.apache.http.headers] http-outgoing-5 << Expires: Thu, 01 Jan 1970 00:00:00 GMT
<2017-09-26 13:07:12> DEBUG [org.apache.http.headers] http-outgoing-5 << Cache-Control: no-cache
<2017-09-26 13:07:12> DEBUG [org.apache.http.headers] http-outgoing-5 << Cache-Control: no-cache
<2017-09-26 13:07:12> DEBUG [org.apache.http.headers] http-outgoing-5 << Expires: Thu, 01 Jan 1970 00:00:00 GMT
<2017-09-26 13:07:12> DEBUG [org.apache.http.headers] http-outgoing-5 << Set-Cookie: fast_failed=true
<2017-09-26 13:07:12> DEBUG [org.apache.http.headers] http-outgoing-5 << X-XSS-Protection: 2; mode=block
<2017-09-26 13:07:12> DEBUG [org.apache.http.headers] http-outgoing-5 << Content-Encoding: gzip
<2017-09-26 13:07:12> DEBUG [o.a.h.i.execchain.MainClientExec] Connection can be kept alive indefinitely
<2017-09-26 13:07:12> DEBUG [o.a.h.c.p.ResponseProcessCookies] Cookie accepted [JSESSIONID="F6E28E4994D1584E597DBDFCCCB1737E", version:0, domain:branchtest.perfectomobile.com, path:/nexperience/, expiry:null]
<2017-09-26 13:07:12> DEBUG [o.a.h.c.p.ResponseProcessCookies] Cookie accepted [fast_failed="true", version:0, domain:branchtest.perfectomobile.com, path:/nexperience/perfectomobile/wd/hub/session/0bb5ccaf-7de4-4682-9e6c-c5841ee5c6a7, expiry:null]
<2017-09-26 13:07:12> DEBUG [o.a.h.i.c.PoolingHttpClientConnectionManager] Connection [id: 5][route: {s}->https://branchtest.perfectomobile.com:443] can be kept alive indefinitely
<2017-09-26 13:07:12> DEBUG [o.a.h.i.c.PoolingHttpClientConnectionManager] Connection released: [id: 5][route: {s}->https://branchtest.perfectomobile.com:443][total kept alive: 3; route allocated: 3 of 2000; total allocated: 3 of 2000]
Report URL:https://branchtest.reporting.perfectomobile.com?externalId[0]=lirona@perfectomobile.com_ParallelWeb_17-09-26_10_04_48_176&_timestamp[0]=1506420288490
Capabilities [{reportPdfUrl=https://branchtest.reporting.perfectomobile.com/export/api/v1/test-executions/pdf?externalId[0]=lirona@perfectomobile.com_ParallelWeb_17-09-26_10_04_48_176&_timestamp[0]=1506420288490, resolution=1280x1024, deviceName=2_909C59E3-1E23-4C78-BE44-B6E8A917695E, platform=ANY, password=, platformVersion=10, browserVersion=14, host=branchtest.perfectomobile.com, singleTestReportUrl=https://branchtest.reporting.perfectomobile.com?externalId[0]=lirona@perfectomobile.com_ParallelWeb_17-09-26_10_04_48_176&_timestamp[0]=1506420288490, browserName=Microsoft Edge, takesScreenshot=true, javascriptEnabled=true, platformName=Windows, rotatable=true, testGridReportUrl=https://branchtest.reporting.perfectomobile.com?externalId[0]=lirona@perfectomobile.com_ParallelWeb_17-09-26_10_04_48_176&_timestamp[0]=1506420288490, entityType=remote_web_driver, serverConnector=, securityToken=, executionId=lirona@perfectomobile.com_ParallelWeb_17-09-26_10_04_48_176, webdriver.remote.sessionid=0bb5ccaf-7de4-4682-9e6c-c5841ee5c6a7, locationContextEnabled=true, scriptName=ParallelWeb, location=NA-US-BOS, reportKey=lirona@perfectomobile.com_ParallelWeb_17-09-26_10_04_48_176, windTunnelReportUrl=https://branchtest.reporting.perfectomobile.com?externalId[0]=lirona@perfectomobile.com_ParallelWeb_17-09-26_10_04_48_176&_timestamp[0]=1506420288490, user=, cssSelectorsEnabled=true}]
Way2automation flow ended
]]></system-out>
  <system-err><![CDATA[]]></system-err>
</testsuite>
