<?xml version="1.0" encoding="UTF-8"?>
<testsuite name="ParallelWeb" tests="8" skipped="0" failures="0" errors="0" timestamp="2017-09-26T13:15:31" hostname="nb-lironav-macosx.local" time="143.038">
  <properties/>
  <testcase name="way2automation" classname="ParallelWeb" time="47.576"/>
  <testcase name="way2automation" classname="ParallelWeb" time="48.025"/>
  <testcase name="way2automation" classname="ParallelWeb" time="48.57"/>
  <testcase name="way2automation" classname="ParallelWeb" time="48.819"/>
  <testcase name="way2automation" classname="ParallelWeb" time="50.744"/>
  <testcase name="way2automation" classname="ParallelWeb" time="42.866"/>
  <testcase name="way2automation" classname="ParallelWeb" time="51.608"/>
  <testcase name="way2automation" classname="ParallelWeb" time="49.358"/>
  <system-out><![CDATA[Navigate to site
Navigate to site
Navigate to site
Navigate to site
Navigate to site
Opening signin window
Opening signin window
Opening signin window
Opening signin window
Opening signin window
Signing in
Signing in
Signing in
Signing in
Signing in
Going to registration
Going to registration
Going to registration
Going to registration
Going to registration
Test Registration
Test Registration
Test Registration
Test Registration
Test Registration
Navigate to site
Navigate to site
Opening signin window
Navigate to site
Opening signin window
Signing in
Signing in
Opening signin window
Signing in
Going to registration
Going to registration
Test Registration
Going to registration
Test Registration
]]></system-out>
  <system-err><![CDATA[]]></system-err>
</testsuite>
